Compiling 28 files with Solc 0.8.25
Solc 0.8.25 finished in 1.39s
Compiler run successful with warnings:
Warning (2519): This declaration shadows an existing declaration.
   --> src/test/interface.sol:886:5:
    |
886 |     function WETH() external view returns (address);
    |     ^^^^^^^^^^^^^^^^^^^^^^^^^^^^^^^^^^^^^^^^^^^^^^^^
Note: The shadowed declaration is here:
   --> src/test/interface.sol:641:1:
    |
641 | interface WETH {
    | ^ (Relevant source part starts here and spans across multiple lines).

Warning (2519): This declaration shadows an existing declaration.
    --> src/test/interface.sol:1598:5:
     |
1598 |     function WETH() external view returns (address);
     |     ^^^^^^^^^^^^^^^^^^^^^^^^^^^^^^^^^^^^^^^^^^^^^^^^
Note: The shadowed declaration is here:
   --> src/test/interface.sol:641:1:
    |
641 | interface WETH {
    | ^ (Relevant source part starts here and spans across multiple lines).

Warning (2519): This declaration shadows an existing declaration.
    --> src/test/interface.sol:1850:5:
     |
1850 |     function WETH() external view returns (address);
     |     ^^^^^^^^^^^^^^^^^^^^^^^^^^^^^^^^^^^^^^^^^^^^^^^^
Note: The shadowed declaration is here:
   --> src/test/interface.sol:641:1:
    |
641 | interface WETH {
    | ^ (Relevant source part starts here and spans across multiple lines).

Warning (2519): This declaration shadows an existing declaration.
    --> src/test/interface.sol:2560:5:
     |
2560 |     function WETH() external view returns (address);
     |     ^^^^^^^^^^^^^^^^^^^^^^^^^^^^^^^^^^^^^^^^^^^^^^^^
Note: The shadowed declaration is here:
   --> src/test/interface.sol:641:1:
    |
641 | interface WETH {
    | ^ (Relevant source part starts here and spans across multiple lines).

Warning (2519): This declaration shadows an existing declaration.
    --> src/test/interface.sol:3759:5:
     |
3759 |     function WETH() external view returns (address);
     |     ^^^^^^^^^^^^^^^^^^^^^^^^^^^^^^^^^^^^^^^^^^^^^^^^
Note: The shadowed declaration is here:
   --> src/test/interface.sol:641:1:
    |
641 | interface WETH {
    | ^ (Relevant source part starts here and spans across multiple lines).

Warning (2519): This declaration shadows an existing declaration.
  --> src/test/2023-09/FloorDAO_exp.sol:29:5:
   |
29 |     IERC20 WETH = IERC20(0xC02aaA39b223FE8D0A0e5C4F27eAD9083C756Cc2);
   |     ^^^^^^^^^^^^^^^^^^^^^^^^^^^^^^^^^^^^^^^^^^^^^^^^^^^^^^^^^^^^^^^^
Note: The shadowed declaration is here:
   --> src/test/interface.sol:641:1:
    |
641 | interface WETH {
    | ^ (Relevant source part starts here and spans across multiple lines).


Ran 1 test for script/Exploit-template_new.sol:ExploitScript
[PASS] testExploit() (gas: 20485)
Logs:
  Attacker ETH Balance Before exploit: 0.000000000000000000
  Attacker ETH Balance After exploit: 0.000000000000000000

Traces:
  [20485] ExploitScript::testExploit()
    ├─ [0] VM::deal(ExploitScript: [0x7FA9385bE102ac3EAc297483Dd6233D62b3e1496], 0)
    │   └─ ← [Return] 
    ├─ emit log_named_decimal_uint(key: "Attacker ETH Balance Before exploit", val: 0, decimals: 18)
    ├─ emit log_named_decimal_uint(key: "Attacker ETH Balance After exploit", val: 0, decimals: 18)
    └─ ← [Stop] 

Suite result: ok. 1 passed; 0 failed; 0 skipped; finished in 353.83ms (124.10µs CPU time)
[2m2024-11-30T23:33:24.906997Z[0m [31mERROR[0m [2msharedbackend[0m[2m:[0m Failed to send/recv `storage` [3merr[0m[2m=[0mfailed to get storage for 0x164AFe96912099543BC2c48bb9358a095Db8e784 at 89717814153306320011181716697424560163256864414616650038987186496166826729890: Max retries exceeded HTTP error 429 with body: error code: 1015 [3maddress[0m[2m=[0m0x164AFe96912099543BC2c48bb9358a095Db8e784 [3mindex[0m[2m=[0m89717814153306320011181716697424560163256864414616650038987186496166826729890

Ran 1 test for src/test/2023-09/FloorDAO_exp.sol:FloorStakingExploit
[FAIL. Reason: backend: failed while inspecting] testExploit() (gas: 0)
Traces:
  [18247] FloorStakingExploit::setUp()
    ├─ [0] VM::createSelectFork("https://eth.llamarpc.com", 18068772 [1.806e7])
    │   └─ ← [Return] 0
    ├─ [0] VM::label(floor: [0xf59257E961883636290411c11ec5Ae622d19455e], "floor")
    │   └─ ← [Return] 
    ├─ [0] VM::label(sFloor: [0x164AFe96912099543BC2c48bb9358a095Db8e784], "sFloor")
    │   └─ ← [Return] 
    ├─ [0] VM::label(gFloor: [0xb1Cc59Fc717b8D4783D41F952725177298B5619d], "gFloor")
    │   └─ ← [Return] 
    ├─ [0] VM::label(WETH: [0xC02aaA39b223FE8D0A0e5C4F27eAD9083C756Cc2], "WETH")
    │   └─ ← [Return] 
    ├─ [0] VM::label(FloorStaking: [0x759c6De5bcA9ADE8A1a2719a31553c4B7DE02539], "FloorStaking")
    │   └─ ← [Return] 
    ├─ [0] VM::label(Pool: [0xB386c1d831eED803F5e8F274A59C91c4C22EEAc0], "Pool")
    │   └─ ← [Return] 
    └─ ← [Stop] 

Suite result: FAILED. 0 passed; 1 failed; 0 skipped; finished in 10.50s (10.11s CPU time)

Ran 2 test suites in 10.51s (10.86s CPU time): 1 tests passed, 1 failed, 0 skipped (2 total tests)

Failing tests:
Encountered 1 failing test in src/test/2023-09/FloorDAO_exp.sol:FloorStakingExploit
[FAIL. Reason: backend: failed while inspecting] testExploit() (gas: 0)

Encountered a total of 1 failing tests, 1 tests succeeded
