Compiling 28 files with Solc 0.8.25
Solc 0.8.25 finished in 1.18s
Compiler run successful with warnings:
Warning (2519): This declaration shadows an existing declaration.
   --> src/test/interface.sol:886:5:
    |
886 |     function WETH() external view returns (address);
    |     ^^^^^^^^^^^^^^^^^^^^^^^^^^^^^^^^^^^^^^^^^^^^^^^^
Note: The shadowed declaration is here:
   --> src/test/interface.sol:641:1:
    |
641 | interface WETH {
    | ^ (Relevant source part starts here and spans across multiple lines).

Warning (2519): This declaration shadows an existing declaration.
    --> src/test/interface.sol:1598:5:
     |
1598 |     function WETH() external view returns (address);
     |     ^^^^^^^^^^^^^^^^^^^^^^^^^^^^^^^^^^^^^^^^^^^^^^^^
Note: The shadowed declaration is here:
   --> src/test/interface.sol:641:1:
    |
641 | interface WETH {
    | ^ (Relevant source part starts here and spans across multiple lines).

Warning (2519): This declaration shadows an existing declaration.
    --> src/test/interface.sol:1850:5:
     |
1850 |     function WETH() external view returns (address);
     |     ^^^^^^^^^^^^^^^^^^^^^^^^^^^^^^^^^^^^^^^^^^^^^^^^
Note: The shadowed declaration is here:
   --> src/test/interface.sol:641:1:
    |
641 | interface WETH {
    | ^ (Relevant source part starts here and spans across multiple lines).

Warning (2519): This declaration shadows an existing declaration.
    --> src/test/interface.sol:2560:5:
     |
2560 |     function WETH() external view returns (address);
     |     ^^^^^^^^^^^^^^^^^^^^^^^^^^^^^^^^^^^^^^^^^^^^^^^^
Note: The shadowed declaration is here:
   --> src/test/interface.sol:641:1:
    |
641 | interface WETH {
    | ^ (Relevant source part starts here and spans across multiple lines).

Warning (2519): This declaration shadows an existing declaration.
    --> src/test/interface.sol:3759:5:
     |
3759 |     function WETH() external view returns (address);
     |     ^^^^^^^^^^^^^^^^^^^^^^^^^^^^^^^^^^^^^^^^^^^^^^^^
Note: The shadowed declaration is here:
   --> src/test/interface.sol:641:1:
    |
641 | interface WETH {
    | ^ (Relevant source part starts here and spans across multiple lines).


Ran 1 test for script/Exploit-template_new.sol:ExploitScript
[PASS] testExploit() (gas: 20453)
Logs:
  Attacker ETH Balance Before exploit: 0.000000000000000000
  Attacker ETH Balance After exploit: 0.000000000000000000

Traces:
  [20453] ExploitScript::testExploit()
    ├─ [0] VM::deal(ExploitScript: [0x7FA9385bE102ac3EAc297483Dd6233D62b3e1496], 0)
    │   └─ ← [Return] 
    ├─ emit log_named_decimal_uint(key: "Attacker ETH Balance Before exploit", val: 0, decimals: 18)
    ├─ emit log_named_decimal_uint(key: "Attacker ETH Balance After exploit", val: 0, decimals: 18)
    └─ ← [Stop] 

Suite result: ok. 1 passed; 0 failed; 0 skipped; finished in 277.10ms (244.80µs CPU time)

Ran 1 test for src/test/2023-12/FloorProtocol_exp.sol:ContractTest
[PASS] testExploit() (gas: 1914026)
Logs:
  Victim PPG token balance before attack: 36
  Attacker PPG token balance before attack: 0
  Victim PPG token balance after attack: 0
  Attacker PPG token balance after attack: 36

Traces:
  [2189626] ContractTest::testExploit()
    ├─ [2991] PPG::balanceOf(victim: [0xe5442aE87E0fEf3F7cc43E507adF786c311a0529]) [staticcall]
    │   └─ ← [Return] 36
    ├─ emit log_named_uint(key: "Victim PPG token balance before attack", val: 36)
    ├─ [2991] PPG::balanceOf(ContractTest: [0x7FA9385bE102ac3EAc297483Dd6233D62b3e1496]) [staticcall]
    │   └─ ← [Return] 0
    ├─ emit log_named_uint(key: "Attacker PPG token balance before attack", val: 0)
    ├─ [991] PPG::balanceOf(victim: [0xe5442aE87E0fEf3F7cc43E507adF786c311a0529]) [staticcall]
    │   └─ ← [Return] 36
    ├─ [991] PPG::balanceOf(victim: [0xe5442aE87E0fEf3F7cc43E507adF786c311a0529]) [staticcall]
    │   └─ ← [Return] 36
    ├─ [3432] PPG::tokenOfOwnerByIndex(victim: [0xe5442aE87E0fEf3F7cc43E507adF786c311a0529], 0) [staticcall]
    │   └─ ← [Return] 1349
    ├─ [991] PPG::balanceOf(victim: [0xe5442aE87E0fEf3F7cc43E507adF786c311a0529]) [staticcall]
    │   └─ ← [Return] 36
    ├─ [3432] PPG::tokenOfOwnerByIndex(victim: [0xe5442aE87E0fEf3F7cc43E507adF786c311a0529], 1) [staticcall]
    │   └─ ← [Return] 7983
    ├─ [991] PPG::balanceOf(victim: [0xe5442aE87E0fEf3F7cc43E507adF786c311a0529]) [staticcall]
    │   └─ ← [Return] 36
    ├─ [3432] PPG::tokenOfOwnerByIndex(victim: [0xe5442aE87E0fEf3F7cc43E507adF786c311a0529], 2) [staticcall]
    │   └─ ← [Return] 1024
    ├─ [991] PPG::balanceOf(victim: [0xe5442aE87E0fEf3F7cc43E507adF786c311a0529]) [staticcall]
    │   └─ ← [Return] 36
    ├─ [3432] PPG::tokenOfOwnerByIndex(victim: [0xe5442aE87E0fEf3F7cc43E507adF786c311a0529], 3) [staticcall]
    │   └─ ← [Return] 2375
    ├─ [991] PPG::balanceOf(victim: [0xe5442aE87E0fEf3F7cc43E507adF786c311a0529]) [staticcall]
    │   └─ ← [Return] 36
    ├─ [3432] PPG::tokenOfOwnerByIndex(victim: [0xe5442aE87E0fEf3F7cc43E507adF786c311a0529], 4) [staticcall]
    │   └─ ← [Return] 6679
    ├─ [991] PPG::balanceOf(victim: [0xe5442aE87E0fEf3F7cc43E507adF786c311a0529]) [staticcall]
    │   └─ ← [Return] 36
    ├─ [3432] PPG::tokenOfOwnerByIndex(victim: [0xe5442aE87E0fEf3F7cc43E507adF786c311a0529], 5) [staticcall]
    │   └─ ← [Return] 3279
    ├─ [991] PPG::balanceOf(victim: [0xe5442aE87E0fEf3F7cc43E507adF786c311a0529]) [staticcall]
    │   └─ ← [Return] 36
    ├─ [3432] PPG::tokenOfOwnerByIndex(victim: [0xe5442aE87E0fEf3F7cc43E507adF786c311a0529], 6) [staticcall]
    │   └─ ← [Return] 6827
    ├─ [991] PPG::balanceOf(victim: [0xe5442aE87E0fEf3F7cc43E507adF786c311a0529]) [staticcall]
    │   └─ ← [Return] 36
    ├─ [3432] PPG::tokenOfOwnerByIndex(victim: [0xe5442aE87E0fEf3F7cc43E507adF786c311a0529], 7) [staticcall]
    │   └─ ← [Return] 7228
    ├─ [991] PPG::balanceOf(victim: [0xe5442aE87E0fEf3F7cc43E507adF786c311a0529]) [staticcall]
    │   └─ ← [Return] 36
    ├─ [3432] PPG::tokenOfOwnerByIndex(victim: [0xe5442aE87E0fEf3F7cc43E507adF786c311a0529], 8) [staticcall]
    │   └─ ← [Return] 8325
    ├─ [991] PPG::balanceOf(victim: [0xe5442aE87E0fEf3F7cc43E507adF786c311a0529]) [staticcall]
    │   └─ ← [Return] 36
    ├─ [3432] PPG::tokenOfOwnerByIndex(victim: [0xe5442aE87E0fEf3F7cc43E507adF786c311a0529], 9) [staticcall]
    │   └─ ← [Return] 5584
    ├─ [991] PPG::balanceOf(victim: [0xe5442aE87E0fEf3F7cc43E507adF786c311a0529]) [staticcall]
    │   └─ ← [Return] 36
    ├─ [3432] PPG::tokenOfOwnerByIndex(victim: [0xe5442aE87E0fEf3F7cc43E507adF786c311a0529], 10) [staticcall]
    │   └─ ← [Return] 5606
    ├─ [991] PPG::balanceOf(victim: [0xe5442aE87E0fEf3F7cc43E507adF786c311a0529]) [staticcall]
    │   └─ ← [Return] 36
    ├─ [3432] PPG::tokenOfOwnerByIndex(victim: [0xe5442aE87E0fEf3F7cc43E507adF786c311a0529], 11) [staticcall]
    │   └─ ← [Return] 5927
    ├─ [991] PPG::balanceOf(victim: [0xe5442aE87E0fEf3F7cc43E507adF786c311a0529]) [staticcall]
    │   └─ ← [Return] 36
    ├─ [3432] PPG::tokenOfOwnerByIndex(victim: [0xe5442aE87E0fEf3F7cc43E507adF786c311a0529], 12) [staticcall]
    │   └─ ← [Return] 2503
    ├─ [991] PPG::balanceOf(victim: [0xe5442aE87E0fEf3F7cc43E507adF786c311a0529]) [staticcall]
    │   └─ ← [Return] 36
    ├─ [3432] PPG::tokenOfOwnerByIndex(victim: [0xe5442aE87E0fEf3F7cc43E507adF786c311a0529], 13) [staticcall]
    │   └─ ← [Return] 7484
    ├─ [991] PPG::balanceOf(victim: [0xe5442aE87E0fEf3F7cc43E507adF786c311a0529]) [staticcall]
    │   └─ ← [Return] 36
    ├─ [3432] PPG::tokenOfOwnerByIndex(victim: [0xe5442aE87E0fEf3F7cc43E507adF786c311a0529], 14) [staticcall]
    │   └─ ← [Return] 1715
    ├─ [991] PPG::balanceOf(victim: [0xe5442aE87E0fEf3F7cc43E507adF786c311a0529]) [staticcall]
    │   └─ ← [Return] 36
    ├─ [3432] PPG::tokenOfOwnerByIndex(victim: [0xe5442aE87E0fEf3F7cc43E507adF786c311a0529], 15) [staticcall]
    │   └─ ← [Return] 2567
    ├─ [991] PPG::balanceOf(victim: [0xe5442aE87E0fEf3F7cc43E507adF786c311a0529]) [staticcall]
    │   └─ ← [Return] 36
    ├─ [3432] PPG::tokenOfOwnerByIndex(victim: [0xe5442aE87E0fEf3F7cc43E507adF786c311a0529], 16) [staticcall]
    │   └─ ← [Return] 6197
    ├─ [991] PPG::balanceOf(victim: [0xe5442aE87E0fEf3F7cc43E507adF786c311a0529]) [staticcall]
    │   └─ ← [Return] 36
    ├─ [3432] PPG::tokenOfOwnerByIndex(victim: [0xe5442aE87E0fEf3F7cc43E507adF786c311a0529], 17) [staticcall]
    │   └─ ← [Return] 1338
    ├─ [991] PPG::balanceOf(victim: [0xe5442aE87E0fEf3F7cc43E507adF786c311a0529]) [staticcall]
    │   └─ ← [Return] 36
    ├─ [3432] PPG::tokenOfOwnerByIndex(victim: [0xe5442aE87E0fEf3F7cc43E507adF786c311a0529], 18) [staticcall]
    │   └─ ← [Return] 7821
    ├─ [991] PPG::balanceOf(victim: [0xe5442aE87E0fEf3F7cc43E507adF786c311a0529]) [staticcall]
    │   └─ ← [Return] 36
    ├─ [3432] PPG::tokenOfOwnerByIndex(victim: [0xe5442aE87E0fEf3F7cc43E507adF786c311a0529], 19) [staticcall]
    │   └─ ← [Return] 6693
    ├─ [991] PPG::balanceOf(victim: [0xe5442aE87E0fEf3F7cc43E507adF786c311a0529]) [staticcall]
    │   └─ ← [Return] 36
    ├─ [3432] PPG::tokenOfOwnerByIndex(victim: [0xe5442aE87E0fEf3F7cc43E507adF786c311a0529], 20) [staticcall]
    │   └─ ← [Return] 5092
    ├─ [991] PPG::balanceOf(victim: [0xe5442aE87E0fEf3F7cc43E507adF786c311a0529]) [staticcall]
    │   └─ ← [Return] 36
    ├─ [3432] PPG::tokenOfOwnerByIndex(victim: [0xe5442aE87E0fEf3F7cc43E507adF786c311a0529], 21) [staticcall]
    │   └─ ← [Return] 7258
    ├─ [991] PPG::balanceOf(victim: [0xe5442aE87E0fEf3F7cc43E507adF786c311a0529]) [staticcall]
    │   └─ ← [Return] 36
    ├─ [3432] PPG::tokenOfOwnerByIndex(victim: [0xe5442aE87E0fEf3F7cc43E507adF786c311a0529], 22) [staticcall]
    │   └─ ← [Return] 3309
    ├─ [991] PPG::balanceOf(victim: [0xe5442aE87E0fEf3F7cc43E507adF786c311a0529]) [staticcall]
    │   └─ ← [Return] 36
    ├─ [3432] PPG::tokenOfOwnerByIndex(victim: [0xe5442aE87E0fEf3F7cc43E507adF786c311a0529], 23) [staticcall]
    │   └─ ← [Return] 8239
    ├─ [991] PPG::balanceOf(victim: [0xe5442aE87E0fEf3F7cc43E507adF786c311a0529]) [staticcall]
    │   └─ ← [Return] 36
    ├─ [3432] PPG::tokenOfOwnerByIndex(victim: [0xe5442aE87E0fEf3F7cc43E507adF786c311a0529], 24) [staticcall]
    │   └─ ← [Return] 4212
    ├─ [991] PPG::balanceOf(victim: [0xe5442aE87E0fEf3F7cc43E507adF786c311a0529]) [staticcall]
    │   └─ ← [Return] 36
    ├─ [3432] PPG::tokenOfOwnerByIndex(victim: [0xe5442aE87E0fEf3F7cc43E507adF786c311a0529], 25) [staticcall]
    │   └─ ← [Return] 7912
    ├─ [991] PPG::balanceOf(victim: [0xe5442aE87E0fEf3F7cc43E507adF786c311a0529]) [staticcall]
    │   └─ ← [Return] 36
    ├─ [3432] PPG::tokenOfOwnerByIndex(victim: [0xe5442aE87E0fEf3F7cc43E507adF786c311a0529], 26) [staticcall]
    │   └─ ← [Return] 5365
    ├─ [991] PPG::balanceOf(victim: [0xe5442aE87E0fEf3F7cc43E507adF786c311a0529]) [staticcall]
    │   └─ ← [Return] 36
    ├─ [3432] PPG::tokenOfOwnerByIndex(victim: [0xe5442aE87E0fEf3F7cc43E507adF786c311a0529], 27) [staticcall]
    │   └─ ← [Return] 2341
    ├─ [991] PPG::balanceOf(victim: [0xe5442aE87E0fEf3F7cc43E507adF786c311a0529]) [staticcall]
    │   └─ ← [Return] 36
    ├─ [3432] PPG::tokenOfOwnerByIndex(victim: [0xe5442aE87E0fEf3F7cc43E507adF786c311a0529], 28) [staticcall]
    │   └─ ← [Return] 2079
    ├─ [991] PPG::balanceOf(victim: [0xe5442aE87E0fEf3F7cc43E507adF786c311a0529]) [staticcall]
    │   └─ ← [Return] 36
    ├─ [3432] PPG::tokenOfOwnerByIndex(victim: [0xe5442aE87E0fEf3F7cc43E507adF786c311a0529], 29) [staticcall]
    │   └─ ← [Return] 5382
    ├─ [991] PPG::balanceOf(victim: [0xe5442aE87E0fEf3F7cc43E507adF786c311a0529]) [staticcall]
    │   └─ ← [Return] 36
    ├─ [3432] PPG::tokenOfOwnerByIndex(victim: [0xe5442aE87E0fEf3F7cc43E507adF786c311a0529], 30) [staticcall]
    │   └─ ← [Return] 4953
    ├─ [991] PPG::balanceOf(victim: [0xe5442aE87E0fEf3F7cc43E507adF786c311a0529]) [staticcall]
    │   └─ ← [Return] 36
    ├─ [3432] PPG::tokenOfOwnerByIndex(victim: [0xe5442aE87E0fEf3F7cc43E507adF786c311a0529], 31) [staticcall]
    │   └─ ← [Return] 4605
    ├─ [991] PPG::balanceOf(victim: [0xe5442aE87E0fEf3F7cc43E507adF786c311a0529]) [staticcall]
    │   └─ ← [Return] 36
    ├─ [3432] PPG::tokenOfOwnerByIndex(victim: [0xe5442aE87E0fEf3F7cc43E507adF786c311a0529], 32) [staticcall]
    │   └─ ← [Return] 6472
    ├─ [991] PPG::balanceOf(victim: [0xe5442aE87E0fEf3F7cc43E507adF786c311a0529]) [staticcall]
    │   └─ ← [Return] 36
    ├─ [3432] PPG::tokenOfOwnerByIndex(victim: [0xe5442aE87E0fEf3F7cc43E507adF786c311a0529], 33) [staticcall]
    │   └─ ← [Return] 4778
    ├─ [991] PPG::balanceOf(victim: [0xe5442aE87E0fEf3F7cc43E507adF786c311a0529]) [staticcall]
    │   └─ ← [Return] 36
    ├─ [3432] PPG::tokenOfOwnerByIndex(victim: [0xe5442aE87E0fEf3F7cc43E507adF786c311a0529], 34) [staticcall]
    │   └─ ← [Return] 8723
    ├─ [991] PPG::balanceOf(victim: [0xe5442aE87E0fEf3F7cc43E507adF786c311a0529]) [staticcall]
    │   └─ ← [Return] 36
    ├─ [3432] PPG::tokenOfOwnerByIndex(victim: [0xe5442aE87E0fEf3F7cc43E507adF786c311a0529], 35) [staticcall]
    │   └─ ← [Return] 5866
    ├─ [991] PPG::balanceOf(victim: [0xe5442aE87E0fEf3F7cc43E507adF786c311a0529]) [staticcall]
    │   └─ ← [Return] 36
    ├─ [1920523] ERC1967Proxy::extMulticall([CallData({ target: 0xBd3531dA5CF5857e7CfAA92426877b022e612cf8, callData: 0x42842e0e000000000000000000000000e5442ae87e0fef3f7cc43e507adf786c311a05290000000000000000000000007fa9385be102ac3eac297483dd6233d62b3e14960000000000000000000000000000000000000000000000000000000000000545 }), CallData({ target: 0xBd3531dA5CF5857e7CfAA92426877b022e612cf8, callData: 0x42842e0e000000000000000000000000e5442ae87e0fef3f7cc43e507adf786c311a05290000000000000000000000007fa9385be102ac3eac297483dd6233d62b3e14960000000000000000000000000000000000000000000000000000000000001f2f }), CallData({ target: 0xBd3531dA5CF5857e7CfAA92426877b022e612cf8, callData: 0x42842e0e000000000000000000000000e5442ae87e0fef3f7cc43e507adf786c311a05290000000000000000000000007fa9385be102ac3eac297483dd6233d62b3e14960000000000000000000000000000000000000000000000000000000000000400 }), CallData({ target: 0xBd3531dA5CF5857e7CfAA92426877b022e612cf8, callData: 0x42842e0e000000000000000000000000e5442ae87e0fef3f7cc43e507adf786c311a05290000000000000000000000007fa9385be102ac3eac297483dd6233d62b3e14960000000000000000000000000000000000000000000000000000000000000947 }), CallData({ target: 0xBd3531dA5CF5857e7CfAA92426877b022e612cf8, callData: 0x42842e0e000000000000000000000000e5442ae87e0fef3f7cc43e507adf786c311a05290000000000000000000000007fa9385be102ac3eac297483dd6233d62b3e14960000000000000000000000000000000000000000000000000000000000001a17 }), CallData({ target: 0xBd3531dA5CF5857e7CfAA92426877b022e612cf8, callData: 0x42842e0e000000000000000000000000e5442ae87e0fef3f7cc43e507adf786c311a05290000000000000000000000007fa9385be102ac3eac297483dd6233d62b3e14960000000000000000000000000000000000000000000000000000000000000ccf }), CallData({ target: 0xBd3531dA5CF5857e7CfAA92426877b022e612cf8, callData: 0x42842e0e000000000000000000000000e5442ae87e0fef3f7cc43e507adf786c311a05290000000000000000000000007fa9385be102ac3eac297483dd6233d62b3e14960000000000000000000000000000000000000000000000000000000000001aab }), CallData({ target: 0xBd3531dA5CF5857e7CfAA92426877b022e612cf8, callData: 0x42842e0e000000000000000000000000e5442ae87e0fef3f7cc43e507adf786c311a05290000000000000000000000007fa9385be102ac3eac297483dd6233d62b3e14960000000000000000000000000000000000000000000000000000000000001c3c }), CallData({ target: 0xBd3531dA5CF5857e7CfAA92426877b022e612cf8, callData: 0x42842e0e000000000000000000000000e5442ae87e0fef3f7cc43e507adf786c311a05290000000000000000000000007fa9385be102ac3eac297483dd6233d62b3e14960000000000000000000000000000000000000000000000000000000000002085 }), CallData({ target: 0xBd3531dA5CF5857e7CfAA92426877b022e612cf8, callData: 0x42842e0e000000000000000000000000e5442ae87e0fef3f7cc43e507adf786c311a05290000000000000000000000007fa9385be102ac3eac297483dd6233d62b3e149600000000000000000000000000000000000000000000000000000000000015d0 }), CallData({ target: 0xBd3531dA5CF5857e7CfAA92426877b022e612cf8, callData: 0x42842e0e000000000000000000000000e5442ae87e0fef3f7cc43e507adf786c311a05290000000000000000000000007fa9385be102ac3eac297483dd6233d62b3e149600000000000000000000000000000000000000000000000000000000000015e6 }), CallData({ target: 0xBd3531dA5CF5857e7CfAA92426877b022e612cf8, callData: 0x42842e0e000000000000000000000000e5442ae87e0fef3f7cc43e507adf786c311a05290000000000000000000000007fa9385be102ac3eac297483dd6233d62b3e14960000000000000000000000000000000000000000000000000000000000001727 }), CallData({ target: 0xBd3531dA5CF5857e7CfAA92426877b022e612cf8, callData: 0x42842e0e000000000000000000000000e5442ae87e0fef3f7cc43e507adf786c311a05290000000000000000000000007fa9385be102ac3eac297483dd6233d62b3e149600000000000000000000000000000000000000000000000000000000000009c7 }), CallData({ target: 0xBd3531dA5CF5857e7CfAA92426877b022e612cf8, callData: 0x42842e0e000000000000000000000000e5442ae87e0fef3f7cc43e507adf786c311a05290000000000000000000000007fa9385be102ac3eac297483dd6233d62b3e14960000000000000000000000000000000000000000000000000000000000001d3c }), CallData({ target: 0xBd3531dA5CF5857e7CfAA92426877b022e612cf8, callData: 0x42842e0e000000000000000000000000e5442ae87e0fef3f7cc43e507adf786c311a05290000000000000000000000007fa9385be102ac3eac297483dd6233d62b3e149600000000000000000000000000000000000000000000000000000000000006b3 }), CallData({ target: 0xBd3531dA5CF5857e7CfAA92426877b022e612cf8, callData: 0x42842e0e000000000000000000000000e5442ae87e0fef3f7cc43e507adf786c311a05290000000000000000000000007fa9385be102ac3eac297483dd6233d62b3e14960000000000000000000000000000000000000000000000000000000000000a07 }), CallData({ target: 0xBd3531dA5CF5857e7CfAA92426877b022e612cf8, callData: 0x42842e0e000000000000000000000000e5442ae87e0fef3f7cc43e507adf786c311a05290000000000000000000000007fa9385be102ac3eac297483dd6233d62b3e14960000000000000000000000000000000000000000000000000000000000001835 }), CallData({ target: 0xBd3531dA5CF5857e7CfAA92426877b022e612cf8, callData: 0x42842e0e000000000000000000000000e5442ae87e0fef3f7cc43e507adf786c311a05290000000000000000000000007fa9385be102ac3eac297483dd6233d62b3e1496000000000000000000000000000000000000000000000000000000000000053a }), CallData({ target: 0xBd3531dA5CF5857e7CfAA92426877b022e612cf8, callData: 0x42842e0e000000000000000000000000e5442ae87e0fef3f7cc43e507adf786c311a05290000000000000000000000007fa9385be102ac3eac297483dd6233d62b3e14960000000000000000000000000000000000000000000000000000000000001e8d }), CallData({ target: 0xBd3531dA5CF5857e7CfAA92426877b022e612cf8, callData: 0x42842e0e000000000000000000000000e5442ae87e0fef3f7cc43e507adf786c311a05290000000000000000000000007fa9385be102ac3eac297483dd6233d62b3e14960000000000000000000000000000000000000000000000000000000000001a25 }), CallData({ target: 0xBd3531dA5CF5857e7CfAA92426877b022e612cf8, callData: 0x42842e0e000000000000000000000000e5442ae87e0fef3f7cc43e507adf786c311a05290000000000000000000000007fa9385be102ac3eac297483dd6233d62b3e149600000000000000000000000000000000000000000000000000000000000013e4 }), CallData({ target: 0xBd3531dA5CF5857e7CfAA92426877b022e612cf8, callData: 0x42842e0e000000000000000000000000e5442ae87e0fef3f7cc43e507adf786c311a05290000000000000000000000007fa9385be102ac3eac297483dd6233d62b3e14960000000000000000000000000000000000000000000000000000000000001c5a }), CallData({ target: 0xBd3531dA5CF5857e7CfAA92426877b022e612cf8, callData: 0x42842e0e000000000000000000000000e5442ae87e0fef3f7cc43e507adf786c311a05290000000000000000000000007fa9385be102ac3eac297483dd6233d62b3e14960000000000000000000000000000000000000000000000000000000000000ced }), CallData({ target: 0xBd3531dA5CF5857e7CfAA92426877b022e612cf8, callData: 0x42842e0e000000000000000000000000e5442ae87e0fef3f7cc43e507adf786c311a05290000000000000000000000007fa9385be102ac3eac297483dd6233d62b3e1496000000000000000000000000000000000000000000000000000000000000202f }), CallData({ target: 0xBd3531dA5CF5857e7CfAA92426877b022e612cf8, callData: 0x42842e0e000000000000000000000000e5442ae87e0fef3f7cc43e507adf786c311a05290000000000000000000000007fa9385be102ac3eac297483dd6233d62b3e14960000000000000000000000000000000000000000000000000000000000001074 }), CallData({ target: 0xBd3531dA5CF5857e7CfAA92426877b022e612cf8, callData: 0x42842e0e000000000000000000000000e5442ae87e0fef3f7cc43e507adf786c311a05290000000000000000000000007fa9385be102ac3eac297483dd6233d62b3e14960000000000000000000000000000000000000000000000000000000000001ee8 }), CallData({ target: 0xBd3531dA5CF5857e7CfAA92426877b022e612cf8, callData: 0x42842e0e000000000000000000000000e5442ae87e0fef3f7cc43e507adf786c311a05290000000000000000000000007fa9385be102ac3eac297483dd6233d62b3e149600000000000000000000000000000000000000000000000000000000000014f5 }), CallData({ target: 0xBd3531dA5CF5857e7CfAA92426877b022e612cf8, callData: 0x42842e0e000000000000000000000000e5442ae87e0fef3f7cc43e507adf786c311a05290000000000000000000000007fa9385be102ac3eac297483dd6233d62b3e14960000000000000000000000000000000000000000000000000000000000000925 }), CallData({ target: 0xBd3531dA5CF5857e7CfAA92426877b022e612cf8, callData: 0x42842e0e000000000000000000000000e5442ae87e0fef3f7cc43e507adf786c311a05290000000000000000000000007fa9385be102ac3eac297483dd6233d62b3e1496000000000000000000000000000000000000000000000000000000000000081f }), CallData({ target: 0xBd3531dA5CF5857e7CfAA92426877b022e612cf8, callData: 0x42842e0e000000000000000000000000e5442ae87e0fef3f7cc43e507adf786c311a05290000000000000000000000007fa9385be102ac3eac297483dd6233d62b3e14960000000000000000000000000000000000000000000000000000000000001506 }), CallData({ target: 0xBd3531dA5CF5857e7CfAA92426877b022e612cf8, callData: 0x42842e0e000000000000000000000000e5442ae87e0fef3f7cc43e507adf786c311a05290000000000000000000000007fa9385be102ac3eac297483dd6233d62b3e14960000000000000000000000000000000000000000000000000000000000001359 }), CallData({ target: 0xBd3531dA5CF5857e7CfAA92426877b022e612cf8, callData: 0x42842e0e000000000000000000000000e5442ae87e0fef3f7cc43e507adf786c311a05290000000000000000000000007fa9385be102ac3eac297483dd6233d62b3e149600000000000000000000000000000000000000000000000000000000000011fd }), CallData({ target: 0xBd3531dA5CF5857e7CfAA92426877b022e612cf8, callData: 0x42842e0e000000000000000000000000e5442ae87e0fef3f7cc43e507adf786c311a05290000000000000000000000007fa9385be102ac3eac297483dd6233d62b3e14960000000000000000000000000000000000000000000000000000000000001948 }), CallData({ target: 0xBd3531dA5CF5857e7CfAA92426877b022e612cf8, callData: 0x42842e0e000000000000000000000000e5442ae87e0fef3f7cc43e507adf786c311a05290000000000000000000000007fa9385be102ac3eac297483dd6233d62b3e149600000000000000000000000000000000000000000000000000000000000012aa }), CallData({ target: 0xBd3531dA5CF5857e7CfAA92426877b022e612cf8, callData: 0x42842e0e000000000000000000000000e5442ae87e0fef3f7cc43e507adf786c311a05290000000000000000000000007fa9385be102ac3eac297483dd6233d62b3e14960000000000000000000000000000000000000000000000000000000000002213 }), CallData({ target: 0xBd3531dA5CF5857e7CfAA92426877b022e612cf8, callData: 0x42842e0e000000000000000000000000e5442ae87e0fef3f7cc43e507adf786c311a05290000000000000000000000007fa9385be102ac3eac297483dd6233d62b3e149600000000000000000000000000000000000000000000000000000000000016ea })])
    │   ├─ [1913522] 0xc538D17A6aAcC5271be5f51b891e2E92C8187edd::extMulticall([CallData({ target: 0xBd3531dA5CF5857e7CfAA92426877b022e612cf8, callData: 0x42842e0e000000000000000000000000e5442ae87e0fef3f7cc43e507adf786c311a05290000000000000000000000007fa9385be102ac3eac297483dd6233d62b3e14960000000000000000000000000000000000000000000000000000000000000545 }), CallData({ target: 0xBd3531dA5CF5857e7CfAA92426877b022e612cf8, callData: 0x42842e0e000000000000000000000000e5442ae87e0fef3f7cc43e507adf786c311a05290000000000000000000000007fa9385be102ac3eac297483dd6233d62b3e14960000000000000000000000000000000000000000000000000000000000001f2f }), CallData({ target: 0xBd3531dA5CF5857e7CfAA92426877b022e612cf8, callData: 0x42842e0e000000000000000000000000e5442ae87e0fef3f7cc43e507adf786c311a05290000000000000000000000007fa9385be102ac3eac297483dd6233d62b3e14960000000000000000000000000000000000000000000000000000000000000400 }), CallData({ target: 0xBd3531dA5CF5857e7CfAA92426877b022e612cf8, callData: 0x42842e0e000000000000000000000000e5442ae87e0fef3f7cc43e507adf786c311a05290000000000000000000000007fa9385be102ac3eac297483dd6233d62b3e14960000000000000000000000000000000000000000000000000000000000000947 }), CallData({ target: 0xBd3531dA5CF5857e7CfAA92426877b022e612cf8, callData: 0x42842e0e000000000000000000000000e5442ae87e0fef3f7cc43e507adf786c311a05290000000000000000000000007fa9385be102ac3eac297483dd6233d62b3e14960000000000000000000000000000000000000000000000000000000000001a17 }), CallData({ target: 0xBd3531dA5CF5857e7CfAA92426877b022e612cf8, callData: 0x42842e0e000000000000000000000000e5442ae87e0fef3f7cc43e507adf786c311a05290000000000000000000000007fa9385be102ac3eac297483dd6233d62b3e14960000000000000000000000000000000000000000000000000000000000000ccf }), CallData({ target: 0xBd3531dA5CF5857e7CfAA92426877b022e612cf8, callData: 0x42842e0e000000000000000000000000e5442ae87e0fef3f7cc43e507adf786c311a05290000000000000000000000007fa9385be102ac3eac297483dd6233d62b3e14960000000000000000000000000000000000000000000000000000000000001aab }), CallData({ target: 0xBd3531dA5CF5857e7CfAA92426877b022e612cf8, callData: 0x42842e0e000000000000000000000000e5442ae87e0fef3f7cc43e507adf786c311a05290000000000000000000000007fa9385be102ac3eac297483dd6233d62b3e14960000000000000000000000000000000000000000000000000000000000001c3c }), CallData({ target: 0xBd3531dA5CF5857e7CfAA92426877b022e612cf8, callData: 0x42842e0e000000000000000000000000e5442ae87e0fef3f7cc43e507adf786c311a05290000000000000000000000007fa9385be102ac3eac297483dd6233d62b3e14960000000000000000000000000000000000000000000000000000000000002085 }), CallData({ target: 0xBd3531dA5CF5857e7CfAA92426877b022e612cf8, callData: 0x42842e0e000000000000000000000000e5442ae87e0fef3f7cc43e507adf786c311a05290000000000000000000000007fa9385be102ac3eac297483dd6233d62b3e149600000000000000000000000000000000000000000000000000000000000015d0 }), CallData({ target: 0xBd3531dA5CF5857e7CfAA92426877b022e612cf8, callData: 0x42842e0e000000000000000000000000e5442ae87e0fef3f7cc43e507adf786c311a05290000000000000000000000007fa9385be102ac3eac297483dd6233d62b3e149600000000000000000000000000000000000000000000000000000000000015e6 }), CallData({ target: 0xBd3531dA5CF5857e7CfAA92426877b022e612cf8, callData: 0x42842e0e000000000000000000000000e5442ae87e0fef3f7cc43e507adf786c311a05290000000000000000000000007fa9385be102ac3eac297483dd6233d62b3e14960000000000000000000000000000000000000000000000000000000000001727 }), CallData({ target: 0xBd3531dA5CF5857e7CfAA92426877b022e612cf8, callData: 0x42842e0e000000000000000000000000e5442ae87e0fef3f7cc43e507adf786c311a05290000000000000000000000007fa9385be102ac3eac297483dd6233d62b3e149600000000000000000000000000000000000000000000000000000000000009c7 }), CallData({ target: 0xBd3531dA5CF5857e7CfAA92426877b022e612cf8, callData: 0x42842e0e000000000000000000000000e5442ae87e0fef3f7cc43e507adf786c311a05290000000000000000000000007fa9385be102ac3eac297483dd6233d62b3e14960000000000000000000000000000000000000000000000000000000000001d3c }), CallData({ target: 0xBd3531dA5CF5857e7CfAA92426877b022e612cf8, callData: 0x42842e0e000000000000000000000000e5442ae87e0fef3f7cc43e507adf786c311a05290000000000000000000000007fa9385be102ac3eac297483dd6233d62b3e149600000000000000000000000000000000000000000000000000000000000006b3 }), CallData({ target: 0xBd3531dA5CF5857e7CfAA92426877b022e612cf8, callData: 0x42842e0e000000000000000000000000e5442ae87e0fef3f7cc43e507adf786c311a05290000000000000000000000007fa9385be102ac3eac297483dd6233d62b3e14960000000000000000000000000000000000000000000000000000000000000a07 }), CallData({ target: 0xBd3531dA5CF5857e7CfAA92426877b022e612cf8, callData: 0x42842e0e000000000000000000000000e5442ae87e0fef3f7cc43e507adf786c311a05290000000000000000000000007fa9385be102ac3eac297483dd6233d62b3e14960000000000000000000000000000000000000000000000000000000000001835 }), CallData({ target: 0xBd3531dA5CF5857e7CfAA92426877b022e612cf8, callData: 0x42842e0e000000000000000000000000e5442ae87e0fef3f7cc43e507adf786c311a05290000000000000000000000007fa9385be102ac3eac297483dd6233d62b3e1496000000000000000000000000000000000000000000000000000000000000053a }), CallData({ target: 0xBd3531dA5CF5857e7CfAA92426877b022e612cf8, callData: 0x42842e0e000000000000000000000000e5442ae87e0fef3f7cc43e507adf786c311a05290000000000000000000000007fa9385be102ac3eac297483dd6233d62b3e14960000000000000000000000000000000000000000000000000000000000001e8d }), CallData({ target: 0xBd3531dA5CF5857e7CfAA92426877b022e612cf8, callData: 0x42842e0e000000000000000000000000e5442ae87e0fef3f7cc43e507adf786c311a05290000000000000000000000007fa9385be102ac3eac297483dd6233d62b3e14960000000000000000000000000000000000000000000000000000000000001a25 }), CallData({ target: 0xBd3531dA5CF5857e7CfAA92426877b022e612cf8, callData: 0x42842e0e000000000000000000000000e5442ae87e0fef3f7cc43e507adf786c311a05290000000000000000000000007fa9385be102ac3eac297483dd6233d62b3e149600000000000000000000000000000000000000000000000000000000000013e4 }), CallData({ target: 0xBd3531dA5CF5857e7CfAA92426877b022e612cf8, callData: 0x42842e0e000000000000000000000000e5442ae87e0fef3f7cc43e507adf786c311a05290000000000000000000000007fa9385be102ac3eac297483dd6233d62b3e14960000000000000000000000000000000000000000000000000000000000001c5a }), CallData({ target: 0xBd3531dA5CF5857e7CfAA92426877b022e612cf8, callData: 0x42842e0e000000000000000000000000e5442ae87e0fef3f7cc43e507adf786c311a05290000000000000000000000007fa9385be102ac3eac297483dd6233d62b3e14960000000000000000000000000000000000000000000000000000000000000ced }), CallData({ target: 0xBd3531dA5CF5857e7CfAA92426877b022e612cf8, callData: 0x42842e0e000000000000000000000000e5442ae87e0fef3f7cc43e507adf786c311a05290000000000000000000000007fa9385be102ac3eac297483dd6233d62b3e1496000000000000000000000000000000000000000000000000000000000000202f }), CallData({ target: 0xBd3531dA5CF5857e7CfAA92426877b022e612cf8, callData: 0x42842e0e000000000000000000000000e5442ae87e0fef3f7cc43e507adf786c311a05290000000000000000000000007fa9385be102ac3eac297483dd6233d62b3e14960000000000000000000000000000000000000000000000000000000000001074 }), CallData({ target: 0xBd3531dA5CF5857e7CfAA92426877b022e612cf8, callData: 0x42842e0e000000000000000000000000e5442ae87e0fef3f7cc43e507adf786c311a05290000000000000000000000007fa9385be102ac3eac297483dd6233d62b3e14960000000000000000000000000000000000000000000000000000000000001ee8 }), CallData({ target: 0xBd3531dA5CF5857e7CfAA92426877b022e612cf8, callData: 0x42842e0e000000000000000000000000e5442ae87e0fef3f7cc43e507adf786c311a05290000000000000000000000007fa9385be102ac3eac297483dd6233d62b3e149600000000000000000000000000000000000000000000000000000000000014f5 }), CallData({ target: 0xBd3531dA5CF5857e7CfAA92426877b022e612cf8, callData: 0x42842e0e000000000000000000000000e5442ae87e0fef3f7cc43e507adf786c311a05290000000000000000000000007fa9385be102ac3eac297483dd6233d62b3e14960000000000000000000000000000000000000000000000000000000000000925 }), CallData({ target: 0xBd3531dA5CF5857e7CfAA92426877b022e612cf8, callData: 0x42842e0e000000000000000000000000e5442ae87e0fef3f7cc43e507adf786c311a05290000000000000000000000007fa9385be102ac3eac297483dd6233d62b3e1496000000000000000000000000000000000000000000000000000000000000081f }), CallData({ target: 0xBd3531dA5CF5857e7CfAA92426877b022e612cf8, callData: 0x42842e0e000000000000000000000000e5442ae87e0fef3f7cc43e507adf786c311a05290000000000000000000000007fa9385be102ac3eac297483dd6233d62b3e14960000000000000000000000000000000000000000000000000000000000001506 }), CallData({ target: 0xBd3531dA5CF5857e7CfAA92426877b022e612cf8, callData: 0x42842e0e000000000000000000000000e5442ae87e0fef3f7cc43e507adf786c311a05290000000000000000000000007fa9385be102ac3eac297483dd6233d62b3e14960000000000000000000000000000000000000000000000000000000000001359 }), CallData({ target: 0xBd3531dA5CF5857e7CfAA92426877b022e612cf8, callData: 0x42842e0e000000000000000000000000e5442ae87e0fef3f7cc43e507adf786c311a05290000000000000000000000007fa9385be102ac3eac297483dd6233d62b3e149600000000000000000000000000000000000000000000000000000000000011fd }), CallData({ target: 0xBd3531dA5CF5857e7CfAA92426877b022e612cf8, callData: 0x42842e0e000000000000000000000000e5442ae87e0fef3f7cc43e507adf786c311a05290000000000000000000000007fa9385be102ac3eac297483dd6233d62b3e14960000000000000000000000000000000000000000000000000000000000001948 }), CallData({ target: 0xBd3531dA5CF5857e7CfAA92426877b022e612cf8, callData: 0x42842e0e000000000000000000000000e5442ae87e0fef3f7cc43e507adf786c311a05290000000000000000000000007fa9385be102ac3eac297483dd6233d62b3e149600000000000000000000000000000000000000000000000000000000000012aa }), CallData({ target: 0xBd3531dA5CF5857e7CfAA92426877b022e612cf8, callData: 0x42842e0e000000000000000000000000e5442ae87e0fef3f7cc43e507adf786c311a05290000000000000000000000007fa9385be102ac3eac297483dd6233d62b3e14960000000000000000000000000000000000000000000000000000000000002213 }), CallData({ target: 0xBd3531dA5CF5857e7CfAA92426877b022e612cf8, callData: 0x42842e0e000000000000000000000000e5442ae87e0fef3f7cc43e507adf786c311a05290000000000000000000000007fa9385be102ac3eac297483dd6233d62b3e149600000000000000000000000000000000000000000000000000000000000016ea })]) [delegatecall]
    │   │   ├─ [83128] PPG::safeTransferFrom(victim: [0xe5442aE87E0fEf3F7cc43E507adF786c311a0529], ContractTest: [0x7FA9385bE102ac3EAc297483Dd6233D62b3e1496], 1349)
    │   │   │   ├─ emit Approval(owner: victim: [0xe5442aE87E0fEf3F7cc43E507adF786c311a0529], approved: 0x0000000000000000000000000000000000000000, tokenId: 1349)
    │   │   │   ├─ emit Transfer(from: victim: [0xe5442aE87E0fEf3F7cc43E507adF786c311a0529], to: ContractTest: [0x7FA9385bE102ac3EAc297483Dd6233D62b3e1496], tokenId: 1349)
    │   │   │   ├─ [739] ContractTest::onERC721Received(ERC1967Proxy: [0x49AD262C49C7aA708Cc2DF262eD53B64A17Dd5EE], victim: [0xe5442aE87E0fEf3F7cc43E507adF786c311a0529], 1349, 0x)
    │   │   │   │   └─ ← [Return] 0x150b7a02
    │   │   │   └─ ← [Stop] 
    │   │   ├─ [59228] PPG::safeTransferFrom(victim: [0xe5442aE87E0fEf3F7cc43E507adF786c311a0529], ContractTest: [0x7FA9385bE102ac3EAc297483Dd6233D62b3e1496], 7983)
    │   │   │   ├─ emit Approval(owner: victim: [0xe5442aE87E0fEf3F7cc43E507adF786c311a0529], approved: 0x0000000000000000000000000000000000000000, tokenId: 7983)
    │   │   │   ├─ emit Transfer(from: victim: [0xe5442aE87E0fEf3F7cc43E507adF786c311a0529], to: ContractTest: [0x7FA9385bE102ac3EAc297483Dd6233D62b3e1496], tokenId: 7983)
    │   │   │   ├─ [739] ContractTest::onERC721Received(ERC1967Proxy: [0x49AD262C49C7aA708Cc2DF262eD53B64A17Dd5EE], victim: [0xe5442aE87E0fEf3F7cc43E507adF786c311a0529], 7983, 0x)
    │   │   │   │   └─ ← [Return] 0x150b7a02
    │   │   │   └─ ← [Stop] 
    │   │   ├─ [59228] PPG::safeTransferFrom(victim: [0xe5442aE87E0fEf3F7cc43E507adF786c311a0529], ContractTest: [0x7FA9385bE102ac3EAc297483Dd6233D62b3e1496], 1024)
    │   │   │   ├─ emit Approval(owner: victim: [0xe5442aE87E0fEf3F7cc43E507adF786c311a0529], approved: 0x0000000000000000000000000000000000000000, tokenId: 1024)
    │   │   │   ├─ emit Transfer(from: victim: [0xe5442aE87E0fEf3F7cc43E507adF786c311a0529], to: ContractTest: [0x7FA9385bE102ac3EAc297483Dd6233D62b3e1496], tokenId: 1024)
    │   │   │   ├─ [739] ContractTest::onERC721Received(ERC1967Proxy: [0x49AD262C49C7aA708Cc2DF262eD53B64A17Dd5EE], victim: [0xe5442aE87E0fEf3F7cc43E507adF786c311a0529], 1024, 0x)
    │   │   │   │   └─ ← [Return] 0x150b7a02
    │   │   │   └─ ← [Stop] 
    │   │   ├─ [59228] PPG::safeTransferFrom(victim: [0xe5442aE87E0fEf3F7cc43E507adF786c311a0529], ContractTest: [0x7FA9385bE102ac3EAc297483Dd6233D62b3e1496], 2375)
    │   │   │   ├─ emit Approval(owner: victim: [0xe5442aE87E0fEf3F7cc43E507adF786c311a0529], approved: 0x0000000000000000000000000000000000000000, tokenId: 2375)
    │   │   │   ├─ emit Transfer(from: victim: [0xe5442aE87E0fEf3F7cc43E507adF786c311a0529], to: ContractTest: [0x7FA9385bE102ac3EAc297483Dd6233D62b3e1496], tokenId: 2375)
    │   │   │   ├─ [739] ContractTest::onERC721Received(ERC1967Proxy: [0x49AD262C49C7aA708Cc2DF262eD53B64A17Dd5EE], victim: [0xe5442aE87E0fEf3F7cc43E507adF786c311a0529], 2375, 0x)
    │   │   │   │   └─ ← [Return] 0x150b7a02
    │   │   │   └─ ← [Stop] 
    │   │   ├─ [59228] PPG::safeTransferFrom(victim: [0xe5442aE87E0fEf3F7cc43E507adF786c311a0529], ContractTest: [0x7FA9385bE102ac3EAc297483Dd6233D62b3e1496], 6679)
    │   │   │   ├─ emit Approval(owner: victim: [0xe5442aE87E0fEf3F7cc43E507adF786c311a0529], approved: 0x0000000000000000000000000000000000000000, tokenId: 6679)
    │   │   │   ├─ emit Transfer(from: victim: [0xe5442aE87E0fEf3F7cc43E507adF786c311a0529], to: ContractTest: [0x7FA9385bE102ac3EAc297483Dd6233D62b3e1496], tokenId: 6679)
    │   │   │   ├─ [739] ContractTest::onERC721Received(ERC1967Proxy: [0x49AD262C49C7aA708Cc2DF262eD53B64A17Dd5EE], victim: [0xe5442aE87E0fEf3F7cc43E507adF786c311a0529], 6679, 0x)
    │   │   │   │   └─ ← [Return] 0x150b7a02
    │   │   │   └─ ← [Stop] 
    │   │   ├─ [59228] PPG::safeTransferFrom(victim: [0xe5442aE87E0fEf3F7cc43E507adF786c311a0529], ContractTest: [0x7FA9385bE102ac3EAc297483Dd6233D62b3e1496], 3279)
    │   │   │   ├─ emit Approval(owner: victim: [0xe5442aE87E0fEf3F7cc43E507adF786c311a0529], approved: 0x0000000000000000000000000000000000000000, tokenId: 3279)
    │   │   │   ├─ emit Transfer(from: victim: [0xe5442aE87E0fEf3F7cc43E507adF786c311a0529], to: ContractTest: [0x7FA9385bE102ac3EAc297483Dd6233D62b3e1496], tokenId: 3279)
    │   │   │   ├─ [739] ContractTest::onERC721Received(ERC1967Proxy: [0x49AD262C49C7aA708Cc2DF262eD53B64A17Dd5EE], victim: [0xe5442aE87E0fEf3F7cc43E507adF786c311a0529], 3279, 0x)
    │   │   │   │   └─ ← [Return] 0x150b7a02
    │   │   │   └─ ← [Stop] 
    │   │   ├─ [59228] PPG::safeTransferFrom(victim: [0xe5442aE87E0fEf3F7cc43E507adF786c311a0529], ContractTest: [0x7FA9385bE102ac3EAc297483Dd6233D62b3e1496], 6827)
    │   │   │   ├─ emit Approval(owner: victim: [0xe5442aE87E0fEf3F7cc43E507adF786c311a0529], approved: 0x0000000000000000000000000000000000000000, tokenId: 6827)
    │   │   │   ├─ emit Transfer(from: victim: [0xe5442aE87E0fEf3F7cc43E507adF786c311a0529], to: ContractTest: [0x7FA9385bE102ac3EAc297483Dd6233D62b3e1496], tokenId: 6827)
    │   │   │   ├─ [739] ContractTest::onERC721Received(ERC1967Proxy: [0x49AD262C49C7aA708Cc2DF262eD53B64A17Dd5EE], victim: [0xe5442aE87E0fEf3F7cc43E507adF786c311a0529], 6827, 0x)
    │   │   │   │   └─ ← [Return] 0x150b7a02
    │   │   │   └─ ← [Stop] 
    │   │   ├─ [59228] PPG::safeTransferFrom(victim: [0xe5442aE87E0fEf3F7cc43E507adF786c311a0529], ContractTest: [0x7FA9385bE102ac3EAc297483Dd6233D62b3e1496], 7228)
    │   │   │   ├─ emit Approval(owner: victim: [0xe5442aE87E0fEf3F7cc43E507adF786c311a0529], approved: 0x0000000000000000000000000000000000000000, tokenId: 7228)
    │   │   │   ├─ emit Transfer(from: victim: [0xe5442aE87E0fEf3F7cc43E507adF786c311a0529], to: ContractTest: [0x7FA9385bE102ac3EAc297483Dd6233D62b3e1496], tokenId: 7228)
    │   │   │   ├─ [739] ContractTest::onERC721Received(ERC1967Proxy: [0x49AD262C49C7aA708Cc2DF262eD53B64A17Dd5EE], victim: [0xe5442aE87E0fEf3F7cc43E507adF786c311a0529], 7228, 0x)
    │   │   │   │   └─ ← [Return] 0x150b7a02
    │   │   │   └─ ← [Stop] 
    │   │   ├─ [59228] PPG::safeTransferFrom(victim: [0xe5442aE87E0fEf3F7cc43E507adF786c311a0529], ContractTest: [0x7FA9385bE102ac3EAc297483Dd6233D62b3e1496], 8325)
    │   │   │   ├─ emit Approval(owner: victim: [0xe5442aE87E0fEf3F7cc43E507adF786c311a0529], approved: 0x0000000000000000000000000000000000000000, tokenId: 8325)
    │   │   │   ├─ emit Transfer(from: victim: [0xe5442aE87E0fEf3F7cc43E507adF786c311a0529], to: ContractTest: [0x7FA9385bE102ac3EAc297483Dd6233D62b3e1496], tokenId: 8325)
    │   │   │   ├─ [739] ContractTest::onERC721Received(ERC1967Proxy: [0x49AD262C49C7aA708Cc2DF262eD53B64A17Dd5EE], victim: [0xe5442aE87E0fEf3F7cc43E507adF786c311a0529], 8325, 0x)
    │   │   │   │   └─ ← [Return] 0x150b7a02
    │   │   │   └─ ← [Stop] 
    │   │   ├─ [59228] PPG::safeTransferFrom(victim: [0xe5442aE87E0fEf3F7cc43E507adF786c311a0529], ContractTest: [0x7FA9385bE102ac3EAc297483Dd6233D62b3e1496], 5584)
    │   │   │   ├─ emit Approval(owner: victim: [0xe5442aE87E0fEf3F7cc43E507adF786c311a0529], approved: 0x0000000000000000000000000000000000000000, tokenId: 5584)
    │   │   │   ├─ emit Transfer(from: victim: [0xe5442aE87E0fEf3F7cc43E507adF786c311a0529], to: ContractTest: [0x7FA9385bE102ac3EAc297483Dd6233D62b3e1496], tokenId: 5584)
    │   │   │   ├─ [739] ContractTest::onERC721Received(ERC1967Proxy: [0x49AD262C49C7aA708Cc2DF262eD53B64A17Dd5EE], victim: [0xe5442aE87E0fEf3F7cc43E507adF786c311a0529], 5584, 0x)
    │   │   │   │   └─ ← [Return] 0x150b7a02
    │   │   │   └─ ← [Stop] 
    │   │   ├─ [59228] PPG::safeTransferFrom(victim: [0xe5442aE87E0fEf3F7cc43E507adF786c311a0529], ContractTest: [0x7FA9385bE102ac3EAc297483Dd6233D62b3e1496], 5606)
    │   │   │   ├─ emit Approval(owner: victim: [0xe5442aE87E0fEf3F7cc43E507adF786c311a0529], approved: 0x0000000000000000000000000000000000000000, tokenId: 5606)
    │   │   │   ├─ emit Transfer(from: victim: [0xe5442aE87E0fEf3F7cc43E507adF786c311a0529], to: ContractTest: [0x7FA9385bE102ac3EAc297483Dd6233D62b3e1496], tokenId: 5606)
    │   │   │   ├─ [739] ContractTest::onERC721Received(ERC1967Proxy: [0x49AD262C49C7aA708Cc2DF262eD53B64A17Dd5EE], victim: [0xe5442aE87E0fEf3F7cc43E507adF786c311a0529], 5606, 0x)
    │   │   │   │   └─ ← [Return] 0x150b7a02
    │   │   │   └─ ← [Stop] 
    │   │   ├─ [59228] PPG::safeTransferFrom(victim: [0xe5442aE87E0fEf3F7cc43E507adF786c311a0529], ContractTest: [0x7FA9385bE102ac3EAc297483Dd6233D62b3e1496], 5927)
    │   │   │   ├─ emit Approval(owner: victim: [0xe5442aE87E0fEf3F7cc43E507adF786c311a0529], approved: 0x0000000000000000000000000000000000000000, tokenId: 5927)
    │   │   │   ├─ emit Transfer(from: victim: [0xe5442aE87E0fEf3F7cc43E507adF786c311a0529], to: ContractTest: [0x7FA9385bE102ac3EAc297483Dd6233D62b3e1496], tokenId: 5927)
    │   │   │   ├─ [739] ContractTest::onERC721Received(ERC1967Proxy: [0x49AD262C49C7aA708Cc2DF262eD53B64A17Dd5EE], victim: [0xe5442aE87E0fEf3F7cc43E507adF786c311a0529], 5927, 0x)
    │   │   │   │   └─ ← [Return] 0x150b7a02
    │   │   │   └─ ← [Stop] 
    │   │   ├─ [59228] PPG::safeTransferFrom(victim: [0xe5442aE87E0fEf3F7cc43E507adF786c311a0529], ContractTest: [0x7FA9385bE102ac3EAc297483Dd6233D62b3e1496], 2503)
    │   │   │   ├─ emit Approval(owner: victim: [0xe5442aE87E0fEf3F7cc43E507adF786c311a0529], approved: 0x0000000000000000000000000000000000000000, tokenId: 2503)
    │   │   │   ├─ emit Transfer(from: victim: [0xe5442aE87E0fEf3F7cc43E507adF786c311a0529], to: ContractTest: [0x7FA9385bE102ac3EAc297483Dd6233D62b3e1496], tokenId: 2503)
    │   │   │   ├─ [739] ContractTest::onERC721Received(ERC1967Proxy: [0x49AD262C49C7aA708Cc2DF262eD53B64A17Dd5EE], victim: [0xe5442aE87E0fEf3F7cc43E507adF786c311a0529], 2503, 0x)
    │   │   │   │   └─ ← [Return] 0x150b7a02
    │   │   │   └─ ← [Stop] 
    │   │   ├─ [59228] PPG::safeTransferFrom(victim: [0xe5442aE87E0fEf3F7cc43E507adF786c311a0529], ContractTest: [0x7FA9385bE102ac3EAc297483Dd6233D62b3e1496], 7484)
    │   │   │   ├─ emit Approval(owner: victim: [0xe5442aE87E0fEf3F7cc43E507adF786c311a0529], approved: 0x0000000000000000000000000000000000000000, tokenId: 7484)
    │   │   │   ├─ emit Transfer(from: victim: [0xe5442aE87E0fEf3F7cc43E507adF786c311a0529], to: ContractTest: [0x7FA9385bE102ac3EAc297483Dd6233D62b3e1496], tokenId: 7484)
    │   │   │   ├─ [739] ContractTest::onERC721Received(ERC1967Proxy: [0x49AD262C49C7aA708Cc2DF262eD53B64A17Dd5EE], victim: [0xe5442aE87E0fEf3F7cc43E507adF786c311a0529], 7484, 0x)
    │   │   │   │   └─ ← [Return] 0x150b7a02
    │   │   │   └─ ← [Stop] 
    │   │   ├─ [59228] PPG::safeTransferFrom(victim: [0xe5442aE87E0fEf3F7cc43E507adF786c311a0529], ContractTest: [0x7FA9385bE102ac3EAc297483Dd6233D62b3e1496], 1715)
    │   │   │   ├─ emit Approval(owner: victim: [0xe5442aE87E0fEf3F7cc43E507adF786c311a0529], approved: 0x0000000000000000000000000000000000000000, tokenId: 1715)
    │   │   │   ├─ emit Transfer(from: victim: [0xe5442aE87E0fEf3F7cc43E507adF786c311a0529], to: ContractTest: [0x7FA9385bE102ac3EAc297483Dd6233D62b3e1496], tokenId: 1715)
    │   │   │   ├─ [739] ContractTest::onERC721Received(ERC1967Proxy: [0x49AD262C49C7aA708Cc2DF262eD53B64A17Dd5EE], victim: [0xe5442aE87E0fEf3F7cc43E507adF786c311a0529], 1715, 0x)
    │   │   │   │   └─ ← [Return] 0x150b7a02
    │   │   │   └─ ← [Stop] 
    │   │   ├─ [59228] PPG::safeTransferFrom(victim: [0xe5442aE87E0fEf3F7cc43E507adF786c311a0529], ContractTest: [0x7FA9385bE102ac3EAc297483Dd6233D62b3e1496], 2567)
    │   │   │   ├─ emit Approval(owner: victim: [0xe5442aE87E0fEf3F7cc43E507adF786c311a0529], approved: 0x0000000000000000000000000000000000000000, tokenId: 2567)
    │   │   │   ├─ emit Transfer(from: victim: [0xe5442aE87E0fEf3F7cc43E507adF786c311a0529], to: ContractTest: [0x7FA9385bE102ac3EAc297483Dd6233D62b3e1496], tokenId: 2567)
    │   │   │   ├─ [739] ContractTest::onERC721Received(ERC1967Proxy: [0x49AD262C49C7aA708Cc2DF262eD53B64A17Dd5EE], victim: [0xe5442aE87E0fEf3F7cc43E507adF786c311a0529], 2567, 0x)
    │   │   │   │   └─ ← [Return] 0x150b7a02
    │   │   │   └─ ← [Stop] 
    │   │   ├─ [59228] PPG::safeTransferFrom(victim: [0xe5442aE87E0fEf3F7cc43E507adF786c311a0529], ContractTest: [0x7FA9385bE102ac3EAc297483Dd6233D62b3e1496], 6197)
    │   │   │   ├─ emit Approval(owner: victim: [0xe5442aE87E0fEf3F7cc43E507adF786c311a0529], approved: 0x0000000000000000000000000000000000000000, tokenId: 6197)
    │   │   │   ├─ emit Transfer(from: victim: [0xe5442aE87E0fEf3F7cc43E507adF786c311a0529], to: ContractTest: [0x7FA9385bE102ac3EAc297483Dd6233D62b3e1496], tokenId: 6197)
    │   │   │   ├─ [739] ContractTest::onERC721Received(ERC1967Proxy: [0x49AD262C49C7aA708Cc2DF262eD53B64A17Dd5EE], victim: [0xe5442aE87E0fEf3F7cc43E507adF786c311a0529], 6197, 0x)
    │   │   │   │   └─ ← [Return] 0x150b7a02
    │   │   │   └─ ← [Stop] 
    │   │   ├─ [59228] PPG::safeTransferFrom(victim: [0xe5442aE87E0fEf3F7cc43E507adF786c311a0529], ContractTest: [0x7FA9385bE102ac3EAc297483Dd6233D62b3e1496], 1338)
    │   │   │   ├─ emit Approval(owner: victim: [0xe5442aE87E0fEf3F7cc43E507adF786c311a0529], approved: 0x0000000000000000000000000000000000000000, tokenId: 1338)
    │   │   │   ├─ emit Transfer(from: victim: [0xe5442aE87E0fEf3F7cc43E507adF786c311a0529], to: ContractTest: [0x7FA9385bE102ac3EAc297483Dd6233D62b3e1496], tokenId: 1338)
    │   │   │   ├─ [739] ContractTest::onERC721Received(ERC1967Proxy: [0x49AD262C49C7aA708Cc2DF262eD53B64A17Dd5EE], victim: [0xe5442aE87E0fEf3F7cc43E507adF786c311a0529], 1338, 0x)
    │   │   │   │   └─ ← [Return] 0x150b7a02
    │   │   │   └─ ← [Stop] 
    │   │   ├─ [43173] PPG::safeTransferFrom(victim: [0xe5442aE87E0fEf3F7cc43E507adF786c311a0529], ContractTest: [0x7FA9385bE102ac3EAc297483Dd6233D62b3e1496], 7821)
    │   │   │   ├─ emit Approval(owner: victim: [0xe5442aE87E0fEf3F7cc43E507adF786c311a0529], approved: 0x0000000000000000000000000000000000000000, tokenId: 7821)
    │   │   │   ├─ emit Transfer(from: victim: [0xe5442aE87E0fEf3F7cc43E507adF786c311a0529], to: ContractTest: [0x7FA9385bE102ac3EAc297483Dd6233D62b3e1496], tokenId: 7821)
    │   │   │   ├─ [739] ContractTest::onERC721Received(ERC1967Proxy: [0x49AD262C49C7aA708Cc2DF262eD53B64A17Dd5EE], victim: [0xe5442aE87E0fEf3F7cc43E507adF786c311a0529], 7821, 0x)
    │   │   │   │   └─ ← [Return] 0x150b7a02
    │   │   │   └─ ← [Stop] 
    │   │   ├─ [43173] PPG::safeTransferFrom(victim: [0xe5442aE87E0fEf3F7cc43E507adF786c311a0529], ContractTest: [0x7FA9385bE102ac3EAc297483Dd6233D62b3e1496], 6693)
    │   │   │   ├─ emit Approval(owner: victim: [0xe5442aE87E0fEf3F7cc43E507adF786c311a0529], approved: 0x0000000000000000000000000000000000000000, tokenId: 6693)
    │   │   │   ├─ emit Transfer(from: victim: [0xe5442aE87E0fEf3F7cc43E507adF786c311a0529], to: ContractTest: [0x7FA9385bE102ac3EAc297483Dd6233D62b3e1496], tokenId: 6693)
    │   │   │   ├─ [739] ContractTest::onERC721Received(ERC1967Proxy: [0x49AD262C49C7aA708Cc2DF262eD53B64A17Dd5EE], victim: [0xe5442aE87E0fEf3F7cc43E507adF786c311a0529], 6693, 0x)
    │   │   │   │   └─ ← [Return] 0x150b7a02
    │   │   │   └─ ← [Stop] 
    │   │   ├─ [43173] PPG::safeTransferFrom(victim: [0xe5442aE87E0fEf3F7cc43E507adF786c311a0529], ContractTest: [0x7FA9385bE102ac3EAc297483Dd6233D62b3e1496], 5092)
    │   │   │   ├─ emit Approval(owner: victim: [0xe5442aE87E0fEf3F7cc43E507adF786c311a0529], approved: 0x0000000000000000000000000000000000000000, tokenId: 5092)
    │   │   │   ├─ emit Transfer(from: victim: [0xe5442aE87E0fEf3F7cc43E507adF786c311a0529], to: ContractTest: [0x7FA9385bE102ac3EAc297483Dd6233D62b3e1496], tokenId: 5092)
    │   │   │   ├─ [739] ContractTest::onERC721Received(ERC1967Proxy: [0x49AD262C49C7aA708Cc2DF262eD53B64A17Dd5EE], victim: [0xe5442aE87E0fEf3F7cc43E507adF786c311a0529], 5092, 0x)
    │   │   │   │   └─ ← [Return] 0x150b7a02
    │   │   │   └─ ← [Stop] 
    │   │   ├─ [43173] PPG::safeTransferFrom(victim: [0xe5442aE87E0fEf3F7cc43E507adF786c311a0529], ContractTest: [0x7FA9385bE102ac3EAc297483Dd6233D62b3e1496], 7258)
    │   │   │   ├─ emit Approval(owner: victim: [0xe5442aE87E0fEf3F7cc43E507adF786c311a0529], approved: 0x0000000000000000000000000000000000000000, tokenId: 7258)
    │   │   │   ├─ emit Transfer(from: victim: [0xe5442aE87E0fEf3F7cc43E507adF786c311a0529], to: ContractTest: [0x7FA9385bE102ac3EAc297483Dd6233D62b3e1496], tokenId: 7258)
    │   │   │   ├─ [739] ContractTest::onERC721Received(ERC1967Proxy: [0x49AD262C49C7aA708Cc2DF262eD53B64A17Dd5EE], victim: [0xe5442aE87E0fEf3F7cc43E507adF786c311a0529], 7258, 0x)
    │   │   │   │   └─ ← [Return] 0x150b7a02
    │   │   │   └─ ← [Stop] 
    │   │   ├─ [43173] PPG::safeTransferFrom(victim: [0xe5442aE87E0fEf3F7cc43E507adF786c311a0529], ContractTest: [0x7FA9385bE102ac3EAc297483Dd6233D62b3e1496], 3309)
    │   │   │   ├─ emit Approval(owner: victim: [0xe5442aE87E0fEf3F7cc43E507adF786c311a0529], approved: 0x0000000000000000000000000000000000000000, tokenId: 3309)
    │   │   │   ├─ emit Transfer(from: victim: [0xe5442aE87E0fEf3F7cc43E507adF786c311a0529], to: ContractTest: [0x7FA9385bE102ac3EAc297483Dd6233D62b3e1496], tokenId: 3309)
    │   │   │   ├─ [739] ContractTest::onERC721Received(ERC1967Proxy: [0x49AD262C49C7aA708Cc2DF262eD53B64A17Dd5EE], victim: [0xe5442aE87E0fEf3F7cc43E507adF786c311a0529], 3309, 0x)
    │   │   │   │   └─ ← [Return] 0x150b7a02
    │   │   │   └─ ← [Stop] 
    │   │   ├─ [43173] PPG::safeTransferFrom(victim: [0xe5442aE87E0fEf3F7cc43E507adF786c311a0529], ContractTest: [0x7FA9385bE102ac3EAc297483Dd6233D62b3e1496], 8239)
    │   │   │   ├─ emit Approval(owner: victim: [0xe5442aE87E0fEf3F7cc43E507adF786c311a0529], approved: 0x0000000000000000000000000000000000000000, tokenId: 8239)
    │   │   │   ├─ emit Transfer(from: victim: [0xe5442aE87E0fEf3F7cc43E507adF786c311a0529], to: ContractTest: [0x7FA9385bE102ac3EAc297483Dd6233D62b3e1496], tokenId: 8239)
    │   │   │   ├─ [739] ContractTest::onERC721Received(ERC1967Proxy: [0x49AD262C49C7aA708Cc2DF262eD53B64A17Dd5EE], victim: [0xe5442aE87E0fEf3F7cc43E507adF786c311a0529], 8239, 0x)
    │   │   │   │   └─ ← [Return] 0x150b7a02
    │   │   │   └─ ← [Stop] 
    │   │   ├─ [43173] PPG::safeTransferFrom(victim: [0xe5442aE87E0fEf3F7cc43E507adF786c311a0529], ContractTest: [0x7FA9385bE102ac3EAc297483Dd6233D62b3e1496], 4212)
    │   │   │   ├─ emit Approval(owner: victim: [0xe5442aE87E0fEf3F7cc43E507adF786c311a0529], approved: 0x0000000000000000000000000000000000000000, tokenId: 4212)
    │   │   │   ├─ emit Transfer(from: victim: [0xe5442aE87E0fEf3F7cc43E507adF786c311a0529], to: ContractTest: [0x7FA9385bE102ac3EAc297483Dd6233D62b3e1496], tokenId: 4212)
    │   │   │   ├─ [739] ContractTest::onERC721Received(ERC1967Proxy: [0x49AD262C49C7aA708Cc2DF262eD53B64A17Dd5EE], victim: [0xe5442aE87E0fEf3F7cc43E507adF786c311a0529], 4212, 0x)
    │   │   │   │   └─ ← [Return] 0x150b7a02
    │   │   │   └─ ← [Stop] 
    │   │   ├─ [43173] PPG::safeTransferFrom(victim: [0xe5442aE87E0fEf3F7cc43E507adF786c311a0529], ContractTest: [0x7FA9385bE102ac3EAc297483Dd6233D62b3e1496], 7912)
    │   │   │   ├─ emit Approval(owner: victim: [0xe5442aE87E0fEf3F7cc43E507adF786c311a0529], approved: 0x0000000000000000000000000000000000000000, tokenId: 7912)
    │   │   │   ├─ emit Transfer(from: victim: [0xe5442aE87E0fEf3F7cc43E507adF786c311a0529], to: ContractTest: [0x7FA9385bE102ac3EAc297483Dd6233D62b3e1496], tokenId: 7912)
    │   │   │   ├─ [739] ContractTest::onERC721Received(ERC1967Proxy: [0x49AD262C49C7aA708Cc2DF262eD53B64A17Dd5EE], victim: [0xe5442aE87E0fEf3F7cc43E507adF786c311a0529], 7912, 0x)
    │   │   │   │   └─ ← [Return] 0x150b7a02
    │   │   │   └─ ← [Stop] 
    │   │   ├─ [43173] PPG::safeTransferFrom(victim: [0xe5442aE87E0fEf3F7cc43E507adF786c311a0529], ContractTest: [0x7FA9385bE102ac3EAc297483Dd6233D62b3e1496], 5365)
    │   │   │   ├─ emit Approval(owner: victim: [0xe5442aE87E0fEf3F7cc43E507adF786c311a0529], approved: 0x0000000000000000000000000000000000000000, tokenId: 5365)
    │   │   │   ├─ emit Transfer(from: victim: [0xe5442aE87E0fEf3F7cc43E507adF786c311a0529], to: ContractTest: [0x7FA9385bE102ac3EAc297483Dd6233D62b3e1496], tokenId: 5365)
    │   │   │   ├─ [739] ContractTest::onERC721Received(ERC1967Proxy: [0x49AD262C49C7aA708Cc2DF262eD53B64A17Dd5EE], victim: [0xe5442aE87E0fEf3F7cc43E507adF786c311a0529], 5365, 0x)
    │   │   │   │   └─ ← [Return] 0x150b7a02
    │   │   │   └─ ← [Stop] 
    │   │   ├─ [43173] PPG::safeTransferFrom(victim: [0xe5442aE87E0fEf3F7cc43E507adF786c311a0529], ContractTest: [0x7FA9385bE102ac3EAc297483Dd6233D62b3e1496], 2341)
    │   │   │   ├─ emit Approval(owner: victim: [0xe5442aE87E0fEf3F7cc43E507adF786c311a0529], approved: 0x0000000000000000000000000000000000000000, tokenId: 2341)
    │   │   │   ├─ emit Transfer(from: victim: [0xe5442aE87E0fEf3F7cc43E507adF786c311a0529], to: ContractTest: [0x7FA9385bE102ac3EAc297483Dd6233D62b3e1496], tokenId: 2341)
    │   │   │   ├─ [739] ContractTest::onERC721Received(ERC1967Proxy: [0x49AD262C49C7aA708Cc2DF262eD53B64A17Dd5EE], victim: [0xe5442aE87E0fEf3F7cc43E507adF786c311a0529], 2341, 0x)
    │   │   │   │   └─ ← [Return] 0x150b7a02
    │   │   │   └─ ← [Stop] 
    │   │   ├─ [43173] PPG::safeTransferFrom(victim: [0xe5442aE87E0fEf3F7cc43E507adF786c311a0529], ContractTest: [0x7FA9385bE102ac3EAc297483Dd6233D62b3e1496], 2079)
    │   │   │   ├─ emit Approval(owner: victim: [0xe5442aE87E0fEf3F7cc43E507adF786c311a0529], approved: 0x0000000000000000000000000000000000000000, tokenId: 2079)
    │   │   │   ├─ emit Transfer(from: victim: [0xe5442aE87E0fEf3F7cc43E507adF786c311a0529], to: ContractTest: [0x7FA9385bE102ac3EAc297483Dd6233D62b3e1496], tokenId: 2079)
    │   │   │   ├─ [739] ContractTest::onERC721Received(ERC1967Proxy: [0x49AD262C49C7aA708Cc2DF262eD53B64A17Dd5EE], victim: [0xe5442aE87E0fEf3F7cc43E507adF786c311a0529], 2079, 0x)
    │   │   │   │   └─ ← [Return] 0x150b7a02
    │   │   │   └─ ← [Stop] 
    │   │   ├─ [43173] PPG::safeTransferFrom(victim: [0xe5442aE87E0fEf3F7cc43E507adF786c311a0529], ContractTest: [0x7FA9385bE102ac3EAc297483Dd6233D62b3e1496], 5382)
    │   │   │   ├─ emit Approval(owner: victim: [0xe5442aE87E0fEf3F7cc43E507adF786c311a0529], approved: 0x0000000000000000000000000000000000000000, tokenId: 5382)
    │   │   │   ├─ emit Transfer(from: victim: [0xe5442aE87E0fEf3F7cc43E507adF786c311a0529], to: ContractTest: [0x7FA9385bE102ac3EAc297483Dd6233D62b3e1496], tokenId: 5382)
    │   │   │   ├─ [739] ContractTest::onERC721Received(ERC1967Proxy: [0x49AD262C49C7aA708Cc2DF262eD53B64A17Dd5EE], victim: [0xe5442aE87E0fEf3F7cc43E507adF786c311a0529], 5382, 0x)
    │   │   │   │   └─ ← [Return] 0x150b7a02
    │   │   │   └─ ← [Stop] 
    │   │   ├─ [43173] PPG::safeTransferFrom(victim: [0xe5442aE87E0fEf3F7cc43E507adF786c311a0529], ContractTest: [0x7FA9385bE102ac3EAc297483Dd6233D62b3e1496], 4953)
    │   │   │   ├─ emit Approval(owner: victim: [0xe5442aE87E0fEf3F7cc43E507adF786c311a0529], approved: 0x0000000000000000000000000000000000000000, tokenId: 4953)
    │   │   │   ├─ emit Transfer(from: victim: [0xe5442aE87E0fEf3F7cc43E507adF786c311a0529], to: ContractTest: [0x7FA9385bE102ac3EAc297483Dd6233D62b3e1496], tokenId: 4953)
    │   │   │   ├─ [739] ContractTest::onERC721Received(ERC1967Proxy: [0x49AD262C49C7aA708Cc2DF262eD53B64A17Dd5EE], victim: [0xe5442aE87E0fEf3F7cc43E507adF786c311a0529], 4953, 0x)
    │   │   │   │   └─ ← [Return] 0x150b7a02
    │   │   │   └─ ← [Stop] 
    │   │   ├─ [43173] PPG::safeTransferFrom(victim: [0xe5442aE87E0fEf3F7cc43E507adF786c311a0529], ContractTest: [0x7FA9385bE102ac3EAc297483Dd6233D62b3e1496], 4605)
    │   │   │   ├─ emit Approval(owner: victim: [0xe5442aE87E0fEf3F7cc43E507adF786c311a0529], approved: 0x0000000000000000000000000000000000000000, tokenId: 4605)
    │   │   │   ├─ emit Transfer(from: victim: [0xe5442aE87E0fEf3F7cc43E507adF786c311a0529], to: ContractTest: [0x7FA9385bE102ac3EAc297483Dd6233D62b3e1496], tokenId: 4605)
    │   │   │   ├─ [739] ContractTest::onERC721Received(ERC1967Proxy: [0x49AD262C49C7aA708Cc2DF262eD53B64A17Dd5EE], victim: [0xe5442aE87E0fEf3F7cc43E507adF786c311a0529], 4605, 0x)
    │   │   │   │   └─ ← [Return] 0x150b7a02
    │   │   │   └─ ← [Stop] 
    │   │   ├─ [43173] PPG::safeTransferFrom(victim: [0xe5442aE87E0fEf3F7cc43E507adF786c311a0529], ContractTest: [0x7FA9385bE102ac3EAc297483Dd6233D62b3e1496], 6472)
    │   │   │   ├─ emit Approval(owner: victim: [0xe5442aE87E0fEf3F7cc43E507adF786c311a0529], approved: 0x0000000000000000000000000000000000000000, tokenId: 6472)
    │   │   │   ├─ emit Transfer(from: victim: [0xe5442aE87E0fEf3F7cc43E507adF786c311a0529], to: ContractTest: [0x7FA9385bE102ac3EAc297483Dd6233D62b3e1496], tokenId: 6472)
    │   │   │   ├─ [739] ContractTest::onERC721Received(ERC1967Proxy: [0x49AD262C49C7aA708Cc2DF262eD53B64A17Dd5EE], victim: [0xe5442aE87E0fEf3F7cc43E507adF786c311a0529], 6472, 0x)
    │   │   │   │   └─ ← [Return] 0x150b7a02
    │   │   │   └─ ← [Stop] 
    │   │   ├─ [43173] PPG::safeTransferFrom(victim: [0xe5442aE87E0fEf3F7cc43E507adF786c311a0529], ContractTest: [0x7FA9385bE102ac3EAc297483Dd6233D62b3e1496], 4778)
    │   │   │   ├─ emit Approval(owner: victim: [0xe5442aE87E0fEf3F7cc43E507adF786c311a0529], approved: 0x0000000000000000000000000000000000000000, tokenId: 4778)
    │   │   │   ├─ emit Transfer(from: victim: [0xe5442aE87E0fEf3F7cc43E507adF786c311a0529], to: ContractTest: [0x7FA9385bE102ac3EAc297483Dd6233D62b3e1496], tokenId: 4778)
    │   │   │   ├─ [739] ContractTest::onERC721Received(ERC1967Proxy: [0x49AD262C49C7aA708Cc2DF262eD53B64A17Dd5EE], victim: [0xe5442aE87E0fEf3F7cc43E507adF786c311a0529], 4778, 0x)
    │   │   │   │   └─ ← [Return] 0x150b7a02
    │   │   │   └─ ← [Stop] 
    │   │   ├─ [43173] PPG::safeTransferFrom(victim: [0xe5442aE87E0fEf3F7cc43E507adF786c311a0529], ContractTest: [0x7FA9385bE102ac3EAc297483Dd6233D62b3e1496], 8723)
    │   │   │   ├─ emit Approval(owner: victim: [0xe5442aE87E0fEf3F7cc43E507adF786c311a0529], approved: 0x0000000000000000000000000000000000000000, tokenId: 8723)
    │   │   │   ├─ emit Transfer(from: victim: [0xe5442aE87E0fEf3F7cc43E507adF786c311a0529], to: ContractTest: [0x7FA9385bE102ac3EAc297483Dd6233D62b3e1496], tokenId: 8723)
    │   │   │   ├─ [739] ContractTest::onERC721Received(ERC1967Proxy: [0x49AD262C49C7aA708Cc2DF262eD53B64A17Dd5EE], victim: [0xe5442aE87E0fEf3F7cc43E507adF786c311a0529], 8723, 0x)
    │   │   │   │   └─ ← [Return] 0x150b7a02
    │   │   │   └─ ← [Stop] 
    │   │   ├─ [43173] PPG::safeTransferFrom(victim: [0xe5442aE87E0fEf3F7cc43E507adF786c311a0529], ContractTest: [0x7FA9385bE102ac3EAc297483Dd6233D62b3e1496], 5866)
    │   │   │   ├─ emit Approval(owner: victim: [0xe5442aE87E0fEf3F7cc43E507adF786c311a0529], approved: 0x0000000000000000000000000000000000000000, tokenId: 5866)
    │   │   │   ├─ emit Transfer(from: victim: [0xe5442aE87E0fEf3F7cc43E507adF786c311a0529], to: ContractTest: [0x7FA9385bE102ac3EAc297483Dd6233D62b3e1496], tokenId: 5866)
    │   │   │   ├─ [739] ContractTest::onERC721Received(ERC1967Proxy: [0x49AD262C49C7aA708Cc2DF262eD53B64A17Dd5EE], victim: [0xe5442aE87E0fEf3F7cc43E507adF786c311a0529], 5866, 0x)
    │   │   │   │   └─ ← [Return] 0x150b7a02
    │   │   │   └─ ← [Stop] 
    │   │   └─ ← [Return] [0x, 0x, 0x, 0x, 0x, 0x, 0x, 0x, 0x, 0x, 0x, 0x, 0x, 0x, 0x, 0x, 0x, 0x, 0x, 0x, 0x, 0x, 0x, 0x, 0x, 0x, 0x, 0x, 0x, 0x, 0x, 0x, 0x, 0x, 0x, 0x]
    │   └─ ← [Return] [0x, 0x, 0x, 0x, 0x, 0x, 0x, 0x, 0x, 0x, 0x, 0x, 0x, 0x, 0x, 0x, 0x, 0x, 0x, 0x, 0x, 0x, 0x, 0x, 0x, 0x, 0x, 0x, 0x, 0x, 0x, 0x, 0x, 0x, 0x, 0x]
    ├─ [991] PPG::balanceOf(victim: [0xe5442aE87E0fEf3F7cc43E507adF786c311a0529]) [staticcall]
    │   └─ ← [Return] 0
    ├─ emit log_named_uint(key: "Victim PPG token balance after attack", val: 0)
    ├─ [991] PPG::balanceOf(ContractTest: [0x7FA9385bE102ac3EAc297483Dd6233D62b3e1496]) [staticcall]
    │   └─ ← [Return] 36
    ├─ emit log_named_uint(key: "Attacker PPG token balance after attack", val: 36)
    └─ ← [Stop] 

Suite result: ok. 1 passed; 0 failed; 0 skipped; finished in 343.65ms (12.91ms CPU time)

Ran 2 test suites in 348.34ms (620.76ms CPU time): 2 tests passed, 0 failed, 0 skipped (2 total tests)
