Compiling 25 files with Solc 0.8.10
Compiling 26 files with Solc 0.8.25
Solc 0.8.10 finished in 879.10ms
Solc 0.8.25 finished in 913.83ms
Compiler run successful with warnings:
Warning (2519): This declaration shadows an existing declaration.
   --> src/test/interface.sol:886:5:
    |
886 |     function WETH() external view returns (address);
    |     ^^^^^^^^^^^^^^^^^^^^^^^^^^^^^^^^^^^^^^^^^^^^^^^^
Note: The shadowed declaration is here:
   --> src/test/interface.sol:641:1:
    |
641 | interface WETH {
    | ^ (Relevant source part starts here and spans across multiple lines).

Warning (2519): This declaration shadows an existing declaration.
    --> src/test/interface.sol:1598:5:
     |
1598 |     function WETH() external view returns (address);
     |     ^^^^^^^^^^^^^^^^^^^^^^^^^^^^^^^^^^^^^^^^^^^^^^^^
Note: The shadowed declaration is here:
   --> src/test/interface.sol:641:1:
    |
641 | interface WETH {
    | ^ (Relevant source part starts here and spans across multiple lines).

Warning (2519): This declaration shadows an existing declaration.
    --> src/test/interface.sol:1850:5:
     |
1850 |     function WETH() external view returns (address);
     |     ^^^^^^^^^^^^^^^^^^^^^^^^^^^^^^^^^^^^^^^^^^^^^^^^
Note: The shadowed declaration is here:
   --> src/test/interface.sol:641:1:
    |
641 | interface WETH {
    | ^ (Relevant source part starts here and spans across multiple lines).

Warning (2519): This declaration shadows an existing declaration.
    --> src/test/interface.sol:2560:5:
     |
2560 |     function WETH() external view returns (address);
     |     ^^^^^^^^^^^^^^^^^^^^^^^^^^^^^^^^^^^^^^^^^^^^^^^^
Note: The shadowed declaration is here:
   --> src/test/interface.sol:641:1:
    |
641 | interface WETH {
    | ^ (Relevant source part starts here and spans across multiple lines).

Warning (2519): This declaration shadows an existing declaration.
    --> src/test/interface.sol:3759:5:
     |
3759 |     function WETH() external view returns (address);
     |     ^^^^^^^^^^^^^^^^^^^^^^^^^^^^^^^^^^^^^^^^^^^^^^^^
Note: The shadowed declaration is here:
   --> src/test/interface.sol:641:1:
    |
641 | interface WETH {
    | ^ (Relevant source part starts here and spans across multiple lines).


Ran 1 test for script/Exploit-template_new.sol:ExploitScript
[PASS] testExploit() (gas: 20485)
Logs:
  Attacker ETH Balance Before exploit: 0.000000000000000000
  Attacker ETH Balance After exploit: 0.000000000000000000

Traces:
  [20485] ExploitScript::testExploit()
    тФЬтФА [0] VM::deal(ExploitScript: [0x7FA9385bE102ac3EAc297483Dd6233D62b3e1496], 0)
    тФВ   тФФтФА тЖР [Return] 
    тФЬтФА emit log_named_decimal_uint(key: "Attacker ETH Balance Before exploit", val: 0, decimals: 18)
    тФЬтФА emit log_named_decimal_uint(key: "Attacker ETH Balance After exploit", val: 0, decimals: 18)
    тФФтФА тЖР [Stop] 

Suite result: ok. 1 passed; 0 failed; 0 skipped; finished in 264.60ms (500.62┬╡s CPU time)

Ran 1 test for src/test/2021-12/Grim_exp.sol:ContractTest
[PASS] testExploit() (gas: 905978)
Logs:
  WFTM attacker profit: 362770
  BTC attacker profit: 11

Traces:
  [1137738] ContractTest::testExploit()
    тФЬтФА [1122917] 0x20dd72Ed959b6147912C2e529F0a0C651c33c9ce::flashLoan(ContractTest: [0x7FA9385bE102ac3EAc297483Dd6233D62b3e1496], [0x21be370D5312f44cB42ce377BC9b8a0cEF1A4C83, 0x321162Cd933E2Be498Cd2267a90534A804051b11], [937830000000000000000000 [9.378e23], 3000000000 [3e9]], 0x3078)
    тФВ   тФЬтФА [2488] 0x21be370D5312f44cB42ce377BC9b8a0cEF1A4C83::balanceOf(0x20dd72Ed959b6147912C2e529F0a0C651c33c9ce) [staticcall]
    тФВ   тФВ   тФФтФА тЖР [Return] 11577851502531033888625314 [1.157e25]
    тФВ   тФЬтФА [2350] 0xC6920d3a369E7c8BD1A22DbE385e11d1F7aF948F::getFlashLoanFeePercentage() [staticcall]
    тФВ   тФВ   тФФтФА тЖР [Return] 0x000000000000000000000000000000000000000000000000000110d9316ec000
    тФВ   тФЬтФА [30098] 0x21be370D5312f44cB42ce377BC9b8a0cEF1A4C83::transfer(ContractTest: [0x7FA9385bE102ac3EAc297483Dd6233D62b3e1496], 937830000000000000000000 [9.378e23])
    тФВ   тФВ   тФЬтФА emit Transfer(from: 0x20dd72Ed959b6147912C2e529F0a0C651c33c9ce, to: ContractTest: [0x7FA9385bE102ac3EAc297483Dd6233D62b3e1496], value: 937830000000000000000000 [9.378e23])
    тФВ   тФВ   тФФтФА тЖР [Return] true
    тФВ   тФЬтФА [2597] 0x321162Cd933E2Be498Cd2267a90534A804051b11::balanceOf(0x20dd72Ed959b6147912C2e529F0a0C651c33c9ce) [staticcall]
    тФВ   тФВ   тФФтФА тЖР [Return] 20637177079 [2.063e10]
    тФВ   тФЬтФА [350] 0xC6920d3a369E7c8BD1A22DbE385e11d1F7aF948F::getFlashLoanFeePercentage() [staticcall]
    тФВ   тФВ   тФФтФА тЖР [Return] 0x000000000000000000000000000000000000000000000000000110d9316ec000
    тФВ   тФЬтФА [27923] 0x321162Cd933E2Be498Cd2267a90534A804051b11::transfer(ContractTest: [0x7FA9385bE102ac3EAc297483Dd6233D62b3e1496], 3000000000 [3e9])
    тФВ   тФВ   тФЬтФА emit Transfer(from: 0x20dd72Ed959b6147912C2e529F0a0C651c33c9ce, to: ContractTest: [0x7FA9385bE102ac3EAc297483Dd6233D62b3e1496], value: 3000000000 [3e9])
    тФВ   тФВ   тФФтФА тЖР [Return] true
    тФВ   тФЬтФА [1005233] ContractTest::receiveFlashLoan([0x21be370D5312f44cB42ce377BC9b8a0cEF1A4C83, 0x321162Cd933E2Be498Cd2267a90534A804051b11], [937830000000000000000000 [9.378e23], 3000000000 [3e9]], [281349000000000000000 [2.813e20], 900000 [9e5]], 0x3078)
    тФВ   тФВ   тФЬтФА [24711] 0x21be370D5312f44cB42ce377BC9b8a0cEF1A4C83::approve(0x16327E3FbDaCA3bcF7E38F5Af2599D2DDc33aE52, 937830000000000000000000 [9.378e23])
    тФВ   тФВ   тФВ   тФЬтФА emit Approval(owner: ContractTest: [0x7FA9385bE102ac3EAc297483Dd6233D62b3e1496], spender: 0x16327E3FbDaCA3bcF7E38F5Af2599D2DDc33aE52, value: 937830000000000000000000 [9.378e23])
    тФВ   тФВ   тФВ   тФФтФА тЖР [Return] true
    тФВ   тФВ   тФЬтФА [24639] 0x321162Cd933E2Be498Cd2267a90534A804051b11::approve(0x16327E3FbDaCA3bcF7E38F5Af2599D2DDc33aE52, 3000000000 [3e9])
    тФВ   тФВ   тФВ   тФЬтФА emit Approval(owner: ContractTest: [0x7FA9385bE102ac3EAc297483Dd6233D62b3e1496], spender: 0x16327E3FbDaCA3bcF7E38F5Af2599D2DDc33aE52, value: 3000000000 [3e9])
    тФВ   тФВ   тФВ   тФФтФА тЖР [Return] true
    тФВ   тФВ   тФЬтФА [130347] 0x16327E3FbDaCA3bcF7E38F5Af2599D2DDc33aE52::addLiquidity(0x321162Cd933E2Be498Cd2267a90534A804051b11, 0x21be370D5312f44cB42ce377BC9b8a0cEF1A4C83, 3000000000 [3e9], 937830000000000000000000 [9.378e23], 0, 0, ContractTest: [0x7FA9385bE102ac3EAc297483Dd6233D62b3e1496], 1639849150 [1.639e9])
    тФВ   тФВ   тФВ   тФЬтФА [2644] 0xEF45d134b73241eDa7703fa787148D9C9F4950b0::getPair(0x321162Cd933E2Be498Cd2267a90534A804051b11, 0x21be370D5312f44cB42ce377BC9b8a0cEF1A4C83) [staticcall]
    тФВ   тФВ   тФВ   тФВ   тФФтФА тЖР [Return] 0x279b2c897737a50405ED2091694F225D83F2D3bA
    тФВ   тФВ   тФВ   тФЬтФА [2517] 0x279b2c897737a50405ED2091694F225D83F2D3bA::getReserves() [staticcall]
    тФВ   тФВ   тФВ   тФВ   тФФтФА тЖР [Return] 1748014579109094514995532 [1.748e24], 5677979999 [5.677e9], 1639848566 [1.639e9]
    тФВ   тФВ   тФВ   тФЬтФА [10841] 0x321162Cd933E2Be498Cd2267a90534A804051b11::transferFrom(ContractTest: [0x7FA9385bE102ac3EAc297483Dd6233D62b3e1496], 0x279b2c897737a50405ED2091694F225D83F2D3bA, 3000000000 [3e9])
    тФВ   тФВ   тФВ   тФВ   тФЬтФА emit Approval(owner: ContractTest: [0x7FA9385bE102ac3EAc297483Dd6233D62b3e1496], spender: 0x16327E3FbDaCA3bcF7E38F5Af2599D2DDc33aE52, value: 0)
    тФВ   тФВ   тФВ   тФВ   тФЬтФА emit Transfer(from: ContractTest: [0x7FA9385bE102ac3EAc297483Dd6233D62b3e1496], to: 0x279b2c897737a50405ED2091694F225D83F2D3bA, value: 3000000000 [3e9])
    тФВ   тФВ   тФВ   тФВ   тФФтФА тЖР [Return] 0x0000000000000000000000000000000000000000000000000000000000000001
    тФВ   тФВ   тФВ   тФЬтФА [10862] 0x21be370D5312f44cB42ce377BC9b8a0cEF1A4C83::transferFrom(ContractTest: [0x7FA9385bE102ac3EAc297483Dd6233D62b3e1496], 0x279b2c897737a50405ED2091694F225D83F2D3bA, 923575591715867110610192 [9.235e23])
    тФВ   тФВ   тФВ   тФВ   тФЬтФА emit Transfer(from: ContractTest: [0x7FA9385bE102ac3EAc297483Dd6233D62b3e1496], to: 0x279b2c897737a50405ED2091694F225D83F2D3bA, value: 923575591715867110610192 [9.235e23])
    тФВ   тФВ   тФВ   тФВ   тФЬтФА emit Approval(owner: ContractTest: [0x7FA9385bE102ac3EAc297483Dd6233D62b3e1496], spender: 0x16327E3FbDaCA3bcF7E38F5Af2599D2DDc33aE52, value: 14254408284132889389808 [1.425e22])
    тФВ   тФВ   тФВ   тФВ   тФФтФА тЖР [Return] 0x0000000000000000000000000000000000000000000000000000000000000001
    тФВ   тФВ   тФВ   тФЬтФА [91224] 0x279b2c897737a50405ED2091694F225D83F2D3bA::mint(ContractTest: [0x7FA9385bE102ac3EAc297483Dd6233D62b3e1496])
    тФВ   тФВ   тФВ   тФВ   тФЬтФА [488] 0x21be370D5312f44cB42ce377BC9b8a0cEF1A4C83::balanceOf(0x279b2c897737a50405ED2091694F225D83F2D3bA) [staticcall]
    тФВ   тФВ   тФВ   тФВ   тФВ   тФФтФА тЖР [Return] 2671590170824961625605724 [2.671e24]
    тФВ   тФВ   тФВ   тФВ   тФЬтФА [597] 0x321162Cd933E2Be498Cd2267a90534A804051b11::balanceOf(0x279b2c897737a50405ED2091694F225D83F2D3bA) [staticcall]
    тФВ   тФВ   тФВ   тФВ   тФВ   тФФтФА тЖР [Return] 8677979999 [8.677e9]
    тФВ   тФВ   тФВ   тФВ   тФЬтФА [2338] 0xEF45d134b73241eDa7703fa787148D9C9F4950b0::feeTo() [staticcall]
    тФВ   тФВ   тФВ   тФВ   тФВ   тФФтФА тЖР [Return] 0x5ceC66F552B1D3406f65Eb1A4a4914f448F98E9c
    тФВ   тФВ   тФВ   тФВ   тФЬтФА emit Transfer(from: 0x0000000000000000000000000000000000000000, to: 0x5ceC66F552B1D3406f65Eb1A4a4914f448F98E9c, value: 30478124368 [3.047e10])
    тФВ   тФВ   тФВ   тФВ   тФЬтФА emit Transfer(from: 0x0000000000000000000000000000000000000000, to: ContractTest: [0x7FA9385bE102ac3EAc297483Dd6233D62b3e1496], value: 47610132146053993 [4.761e16])
    тФВ   тФВ   тФВ   тФВ   тФЬтФА emit Sync(reserve0: 2671590170824961625605724 [2.671e24], reserve1: 8677979999 [8.677e9])
    тФВ   тФВ   тФВ   тФВ   тФЬтФА emit Mint(sender: 0x16327E3FbDaCA3bcF7E38F5Af2599D2DDc33aE52, amount0: 923575591715867110610192 [9.235e23], amount1: 3000000000 [3e9])
    тФВ   тФВ   тФВ   тФВ   тФФтФА тЖР [Return] 47610132146053993 [4.761e16]
    тФВ   тФВ   тФВ   тФФтФА тЖР [Return] 3000000000 [3e9], 923575591715867110610192 [9.235e23], 47610132146053993 [4.761e16]
    тФВ   тФВ   тФЬтФА [24510] 0x279b2c897737a50405ED2091694F225D83F2D3bA::approve(0x660184CE8AF80e0B1e5A1172A16168b15f4136bF, 115792089237316195423570985008687907853269984665640564039457584007913129639935 [1.157e77])
    тФВ   тФВ   тФВ   тФЬтФА emit Approval(owner: ContractTest: [0x7FA9385bE102ac3EAc297483Dd6233D62b3e1496], spender: 0x660184CE8AF80e0B1e5A1172A16168b15f4136bF, value: 115792089237316195423570985008687907853269984665640564039457584007913129639935 [1.157e77])
    тФВ   тФВ   тФВ   тФФтФА тЖР [Return] true
    тФВ   тФВ   тФЬтФА [492] 0x279b2c897737a50405ED2091694F225D83F2D3bA::balanceOf(ContractTest: [0x7FA9385bE102ac3EAc297483Dd6233D62b3e1496]) [staticcall]
    тФВ   тФВ   тФВ   тФФтФА тЖР [Return] 47610132146053993 [4.761e16]
    тФВ   тФВ   тФЬтФА [504558] 0x660184CE8AF80e0B1e5A1172A16168b15f4136bF::depositFor(ContractTest: [0x7FA9385bE102ac3EAc297483Dd6233D62b3e1496], 47610132146053993 [4.761e16], ContractTest: [0x7FA9385bE102ac3EAc297483Dd6233D62b3e1496])
    тФВ   тФВ   тФВ   тФЬтФА [22655] 0x905F8441dF2D7e49c52c4BF480fBdd272188811D::balanceOfPool() [staticcall]
    тФВ   тФВ   тФВ   тФВ   тФЬтФА [10113] 0x928144CD396aC88C84d60086e3Db20555C56322c::balanceOf(2) [staticcall]
    тФВ   тФВ   тФВ   тФВ   тФВ   тФЬтФА [2541] 0xDccAFCE93E6e57f0464b4639d4aFD7B9Ad006F61::balanceOf(0x928144CD396aC88C84d60086e3Db20555C56322c) [staticcall]
    тФВ   тФВ   тФВ   тФВ   тФВ   тФВ   тФФтФА тЖР [Return] 18717920929329899 [1.871e16]
    тФВ   тФВ   тФВ   тФВ   тФВ   тФФтФА тЖР [Return] 0x00000000000000000000000000000000000000000000000000427fd993ed32eb
    тФВ   тФВ   тФВ   тФВ   тФЬтФА [2492] 0x279b2c897737a50405ED2091694F225D83F2D3bA::balanceOf(0x905F8441dF2D7e49c52c4BF480fBdd272188811D) [staticcall]
    тФВ   тФВ   тФВ   тФВ   тФВ   тФФтФА тЖР [Return] 0
    тФВ   тФВ   тФВ   тФВ   тФФтФА тЖР [Return] 0x00000000000000000000000000000000000000000000000000427fd993ed32eb
    тФВ   тФВ   тФВ   тФЬтФА [472] 0x905F8441dF2D7e49c52c4BF480fBdd272188811D::want() [staticcall]
    тФВ   тФВ   тФВ   тФВ   тФФтФА тЖР [Return] 0x279b2c897737a50405ED2091694F225D83F2D3bA
    тФВ   тФВ   тФВ   тФЬтФА [2492] 0x279b2c897737a50405ED2091694F225D83F2D3bA::balanceOf(0x660184CE8AF80e0B1e5A1172A16168b15f4136bF) [staticcall]
    тФВ   тФВ   тФВ   тФВ   тФФтФА тЖР [Return] 0
    тФВ   тФВ   тФВ   тФЬтФА [451586] ContractTest::transferFrom(ContractTest: [0x7FA9385bE102ac3EAc297483Dd6233D62b3e1496], 0x660184CE8AF80e0B1e5A1172A16168b15f4136bF, 47610132146053993 [4.761e16])
    тФВ   тФВ   тФВ   тФВ   тФЬтФА [445253] 0x660184CE8AF80e0B1e5A1172A16168b15f4136bF::depositFor(ContractTest: [0x7FA9385bE102ac3EAc297483Dd6233D62b3e1496], 47610132146053993 [4.761e16], ContractTest: [0x7FA9385bE102ac3EAc297483Dd6233D62b3e1496])
    тФВ   тФВ   тФВ   тФВ   тФВ   тФЬтФА [3655] 0x905F8441dF2D7e49c52c4BF480fBdd272188811D::balanceOfPool() [staticcall]
    тФВ   тФВ   тФВ   тФВ   тФВ   тФВ   тФЬтФА [1613] 0x928144CD396aC88C84d60086e3Db20555C56322c::balanceOf(2) [staticcall]
    тФВ   тФВ   тФВ   тФВ   тФВ   тФВ   тФВ   тФЬтФА [541] 0xDccAFCE93E6e57f0464b4639d4aFD7B9Ad006F61::balanceOf(0x928144CD396aC88C84d60086e3Db20555C56322c) [staticcall]
    тФВ   тФВ   тФВ   тФВ   тФВ   тФВ   тФВ   тФВ   тФФтФА тЖР [Return] 18717920929329899 [1.871e16]
    тФВ   тФВ   тФВ   тФВ   тФВ   тФВ   тФВ   тФФтФА тЖР [Return] 0x00000000000000000000000000000000000000000000000000427fd993ed32eb
    тФВ   тФВ   тФВ   тФВ   тФВ   тФВ   тФЬтФА [492] 0x279b2c897737a50405ED2091694F225D83F2D3bA::balanceOf(0x905F8441dF2D7e49c52c4BF480fBdd272188811D) [staticcall]
    тФВ   тФВ   тФВ   тФВ   тФВ   тФВ   тФВ   тФФтФА тЖР [Return] 0
    тФВ   тФВ   тФВ   тФВ   тФВ   тФВ   тФФтФА тЖР [Return] 0x00000000000000000000000000000000000000000000000000427fd993ed32eb
    тФВ   тФВ   тФВ   тФВ   тФВ   тФЬтФА [472] 0x905F8441dF2D7e49c52c4BF480fBdd272188811D::want() [staticcall]
    тФВ   тФВ   тФВ   тФВ   тФВ   тФВ   тФФтФА тЖР [Return] 0x279b2c897737a50405ED2091694F225D83F2D3bA
    тФВ   тФВ   тФВ   тФВ   тФВ   тФЬтФА [492] 0x279b2c897737a50405ED2091694F225D83F2D3bA::balanceOf(0x660184CE8AF80e0B1e5A1172A16168b15f4136bF) [staticcall]
    тФВ   тФВ   тФВ   тФВ   тФВ   тФВ   тФФтФА тЖР [Return] 0
    тФВ   тФВ   тФВ   тФВ   тФВ   тФЬтФА [417781] ContractTest::transferFrom(ContractTest: [0x7FA9385bE102ac3EAc297483Dd6233D62b3e1496], 0x660184CE8AF80e0B1e5A1172A16168b15f4136bF, 47610132146053993 [4.761e16])
    тФВ   тФВ   тФВ   тФВ   тФВ   тФВ   тФЬтФА [416248] 0x660184CE8AF80e0B1e5A1172A16168b15f4136bF::depositFor(ContractTest: [0x7FA9385bE102ac3EAc297483Dd6233D62b3e1496], 47610132146053993 [4.761e16], ContractTest: [0x7FA9385bE102ac3EAc297483Dd6233D62b3e1496])
    тФВ   тФВ   тФВ   тФВ   тФВ   тФВ   тФВ   тФЬтФА [3655] 0x905F8441dF2D7e49c52c4BF480fBdd272188811D::balanceOfPool() [staticcall]
    тФВ   тФВ   тФВ   тФВ   тФВ   тФВ   тФВ   тФВ   тФЬтФА [1613] 0x928144CD396aC88C84d60086e3Db20555C56322c::balanceOf(2) [staticcall]
    тФВ   тФВ   тФВ   тФВ   тФВ   тФВ   тФВ   тФВ   тФВ   тФЬтФА [541] 0xDccAFCE93E6e57f0464b4639d4aFD7B9Ad006F61::balanceOf(0x928144CD396aC88C84d60086e3Db20555C56322c) [staticcall]
    тФВ   тФВ   тФВ   тФВ   тФВ   тФВ   тФВ   тФВ   тФВ   тФВ   тФФтФА тЖР [Return] 18717920929329899 [1.871e16]
    тФВ   тФВ   тФВ   тФВ   тФВ   тФВ   тФВ   тФВ   тФВ   тФФтФА тЖР [Return] 0x00000000000000000000000000000000000000000000000000427fd993ed32eb
    тФВ   тФВ   тФВ   тФВ   тФВ   тФВ   тФВ   тФВ   тФЬтФА [492] 0x279b2c897737a50405ED2091694F225D83F2D3bA::balanceOf(0x905F8441dF2D7e49c52c4BF480fBdd272188811D) [staticcall]
    тФВ   тФВ   тФВ   тФВ   тФВ   тФВ   тФВ   тФВ   тФВ   тФФтФА тЖР [Return] 0
    тФВ   тФВ   тФВ   тФВ   тФВ   тФВ   тФВ   тФВ   тФФтФА тЖР [Return] 0x00000000000000000000000000000000000000000000000000427fd993ed32eb
    тФВ   тФВ   тФВ   тФВ   тФВ   тФВ   тФВ   тФЬтФА [472] 0x905F8441dF2D7e49c52c4BF480fBdd272188811D::want() [staticcall]
    тФВ   тФВ   тФВ   тФВ   тФВ   тФВ   тФВ   тФВ   тФФтФА тЖР [Return] 0x279b2c897737a50405ED2091694F225D83F2D3bA
    тФВ   тФВ   тФВ   тФВ   тФВ   тФВ   тФВ   тФЬтФА [492] 0x279b2c897737a50405ED2091694F225D83F2D3bA::balanceOf(0x660184CE8AF80e0B1e5A1172A16168b15f4136bF) [staticcall]
    тФВ   тФВ   тФВ   тФВ   тФВ   тФВ   тФВ   тФВ   тФФтФА тЖР [Return] 0
    тФВ   тФВ   тФВ   тФВ   тФВ   тФВ   тФВ   тФЬтФА [388776] ContractTest::transferFrom(ContractTest: [0x7FA9385bE102ac3EAc297483Dd6233D62b3e1496], 0x660184CE8AF80e0B1e5A1172A16168b15f4136bF, 47610132146053993 [4.761e16])
    тФВ   тФВ   тФВ   тФВ   тФВ   тФВ   тФВ   тФВ   тФЬтФА [387243] 0x660184CE8AF80e0B1e5A1172A16168b15f4136bF::depositFor(ContractTest: [0x7FA9385bE102ac3EAc297483Dd6233D62b3e1496], 47610132146053993 [4.761e16], ContractTest: [0x7FA9385bE102ac3EAc297483Dd6233D62b3e1496])
    тФВ   тФВ   тФВ   тФВ   тФВ   тФВ   тФВ   тФВ   тФВ   тФЬтФА [3655] 0x905F8441dF2D7e49c52c4BF480fBdd272188811D::balanceOfPool() [staticcall]
    тФВ   тФВ   тФВ   тФВ   тФВ   тФВ   тФВ   тФВ   тФВ   тФВ   тФЬтФА [1613] 0x928144CD396aC88C84d60086e3Db20555C56322c::balanceOf(2) [staticcall]
    тФВ   тФВ   тФВ   тФВ   тФВ   тФВ   тФВ   тФВ   тФВ   тФВ   тФВ   тФЬтФА [541] 0xDccAFCE93E6e57f0464b4639d4aFD7B9Ad006F61::balanceOf(0x928144CD396aC88C84d60086e3Db20555C56322c) [staticcall]
    тФВ   тФВ   тФВ   тФВ   тФВ   тФВ   тФВ   тФВ   тФВ   тФВ   тФВ   тФВ   тФФтФА тЖР [Return] 18717920929329899 [1.871e16]
    тФВ   тФВ   тФВ   тФВ   тФВ   тФВ   тФВ   тФВ   тФВ   тФВ   тФВ   тФФтФА тЖР [Return] 0x00000000000000000000000000000000000000000000000000427fd993ed32eb
    тФВ   тФВ   тФВ   тФВ   тФВ   тФВ   тФВ   тФВ   тФВ   тФВ   тФЬтФА [492] 0x279b2c897737a50405ED2091694F225D83F2D3bA::balanceOf(0x905F8441dF2D7e49c52c4BF480fBdd272188811D) [staticcall]
    тФВ   тФВ   тФВ   тФВ   тФВ   тФВ   тФВ   тФВ   тФВ   тФВ   тФВ   тФФтФА тЖР [Return] 0
    тФВ   тФВ   тФВ   тФВ   тФВ   тФВ   тФВ   тФВ   тФВ   тФВ   тФФтФА тЖР [Return] 0x00000000000000000000000000000000000000000000000000427fd993ed32eb
    тФВ   тФВ   тФВ   тФВ   тФВ   тФВ   тФВ   тФВ   тФВ   тФЬтФА [472] 0x905F8441dF2D7e49c52c4BF480fBdd272188811D::want() [staticcall]
    тФВ   тФВ   тФВ   тФВ   тФВ   тФВ   тФВ   тФВ   тФВ   тФВ   тФФтФА тЖР [Return] 0x279b2c897737a50405ED2091694F225D83F2D3bA
    тФВ   тФВ   тФВ   тФВ   тФВ   тФВ   тФВ   тФВ   тФВ   тФЬтФА [492] 0x279b2c897737a50405ED2091694F225D83F2D3bA::balanceOf(0x660184CE8AF80e0B1e5A1172A16168b15f4136bF) [staticcall]
    тФВ   тФВ   тФВ   тФВ   тФВ   тФВ   тФВ   тФВ   тФВ   тФВ   тФФтФА тЖР [Return] 0
    тФВ   тФВ   тФВ   тФВ   тФВ   тФВ   тФВ   тФВ   тФВ   тФЬтФА [359771] ContractTest::transferFrom(ContractTest: [0x7FA9385bE102ac3EAc297483Dd6233D62b3e1496], 0x660184CE8AF80e0B1e5A1172A16168b15f4136bF, 47610132146053993 [4.761e16])
    тФВ   тФВ   тФВ   тФВ   тФВ   тФВ   тФВ   тФВ   тФВ   тФВ   тФЬтФА [358238] 0x660184CE8AF80e0B1e5A1172A16168b15f4136bF::depositFor(ContractTest: [0x7FA9385bE102ac3EAc297483Dd6233D62b3e1496], 47610132146053993 [4.761e16], ContractTest: [0x7FA9385bE102ac3EAc297483Dd6233D62b3e1496])
    тФВ   тФВ   тФВ   тФВ   тФВ   тФВ   тФВ   тФВ   тФВ   тФВ   тФВ   тФЬтФА [3655] 0x905F8441dF2D7e49c52c4BF480fBdd272188811D::balanceOfPool() [staticcall]
    тФВ   тФВ   тФВ   тФВ   тФВ   тФВ   тФВ   тФВ   тФВ   тФВ   тФВ   тФВ   тФЬтФА [1613] 0x928144CD396aC88C84d60086e3Db20555C56322c::balanceOf(2) [staticcall]
    тФВ   тФВ   тФВ   тФВ   тФВ   тФВ   тФВ   тФВ   тФВ   тФВ   тФВ   тФВ   тФВ   тФЬтФА [541] 0xDccAFCE93E6e57f0464b4639d4aFD7B9Ad006F61::balanceOf(0x928144CD396aC88C84d60086e3Db20555C56322c) [staticcall]
    тФВ   тФВ   тФВ   тФВ   тФВ   тФВ   тФВ   тФВ   тФВ   тФВ   тФВ   тФВ   тФВ   тФВ   тФФтФА тЖР [Return] 18717920929329899 [1.871e16]
    тФВ   тФВ   тФВ   тФВ   тФВ   тФВ   тФВ   тФВ   тФВ   тФВ   тФВ   тФВ   тФВ   тФФтФА тЖР [Return] 0x00000000000000000000000000000000000000000000000000427fd993ed32eb
    тФВ   тФВ   тФВ   тФВ   тФВ   тФВ   тФВ   тФВ   тФВ   тФВ   тФВ   тФВ   тФЬтФА [492] 0x279b2c897737a50405ED2091694F225D83F2D3bA::balanceOf(0x905F8441dF2D7e49c52c4BF480fBdd272188811D) [staticcall]
    тФВ   тФВ   тФВ   тФВ   тФВ   тФВ   тФВ   тФВ   тФВ   тФВ   тФВ   тФВ   тФВ   тФФтФА тЖР [Return] 0
    тФВ   тФВ   тФВ   тФВ   тФВ   тФВ   тФВ   тФВ   тФВ   тФВ   тФВ   тФВ   тФФтФА тЖР [Return] 0x00000000000000000000000000000000000000000000000000427fd993ed32eb
    тФВ   тФВ   тФВ   тФВ   тФВ   тФВ   тФВ   тФВ   тФВ   тФВ   тФВ   тФЬтФА [472] 0x905F8441dF2D7e49c52c4BF480fBdd272188811D::want() [staticcall]
    тФВ   тФВ   тФВ   тФВ   тФВ   тФВ   тФВ   тФВ   тФВ   тФВ   тФВ   тФВ   тФФтФА тЖР [Return] 0x279b2c897737a50405ED2091694F225D83F2D3bA
    тФВ   тФВ   тФВ   тФВ   тФВ   тФВ   тФВ   тФВ   тФВ   тФВ   тФВ   тФЬтФА [492] 0x279b2c897737a50405ED2091694F225D83F2D3bA::balanceOf(0x660184CE8AF80e0B1e5A1172A16168b15f4136bF) [staticcall]
    тФВ   тФВ   тФВ   тФВ   тФВ   тФВ   тФВ   тФВ   тФВ   тФВ   тФВ   тФВ   тФФтФА тЖР [Return] 0
    тФВ   тФВ   тФВ   тФВ   тФВ   тФВ   тФВ   тФВ   тФВ   тФВ   тФВ   тФЬтФА [330766] ContractTest::transferFrom(ContractTest: [0x7FA9385bE102ac3EAc297483Dd6233D62b3e1496], 0x660184CE8AF80e0B1e5A1172A16168b15f4136bF, 47610132146053993 [4.761e16])
    тФВ   тФВ   тФВ   тФВ   тФВ   тФВ   тФВ   тФВ   тФВ   тФВ   тФВ   тФВ   тФЬтФА [329233] 0x660184CE8AF80e0B1e5A1172A16168b15f4136bF::depositFor(ContractTest: [0x7FA9385bE102ac3EAc297483Dd6233D62b3e1496], 47610132146053993 [4.761e16], ContractTest: [0x7FA9385bE102ac3EAc297483Dd6233D62b3e1496])
    тФВ   тФВ   тФВ   тФВ   тФВ   тФВ   тФВ   тФВ   тФВ   тФВ   тФВ   тФВ   тФВ   тФЬтФА [3655] 0x905F8441dF2D7e49c52c4BF480fBdd272188811D::balanceOfPool() [staticcall]
    тФВ   тФВ   тФВ   тФВ   тФВ   тФВ   тФВ   тФВ   тФВ   тФВ   тФВ   тФВ   тФВ   тФВ   тФЬтФА [1613] 0x928144CD396aC88C84d60086e3Db20555C56322c::balanceOf(2) [staticcall]
    тФВ   тФВ   тФВ   тФВ   тФВ   тФВ   тФВ   тФВ   тФВ   тФВ   тФВ   тФВ   тФВ   тФВ   тФВ   тФЬтФА [541] 0xDccAFCE93E6e57f0464b4639d4aFD7B9Ad006F61::balanceOf(0x928144CD396aC88C84d60086e3Db20555C56322c) [staticcall]
    тФВ   тФВ   тФВ   тФВ   тФВ   тФВ   тФВ   тФВ   тФВ   тФВ   тФВ   тФВ   тФВ   тФВ   тФВ   тФВ   тФФтФА тЖР [Return] 18717920929329899 [1.871e16]
    тФВ   тФВ   тФВ   тФВ   тФВ   тФВ   тФВ   тФВ   тФВ   тФВ   тФВ   тФВ   тФВ   тФВ   тФВ   тФФтФА тЖР [Return] 0x00000000000000000000000000000000000000000000000000427fd993ed32eb
    тФВ   тФВ   тФВ   тФВ   тФВ   тФВ   тФВ   тФВ   тФВ   тФВ   тФВ   тФВ   тФВ   тФВ   тФЬтФА [492] 0x279b2c897737a50405ED2091694F225D83F2D3bA::balanceOf(0x905F8441dF2D7e49c52c4BF480fBdd272188811D) [staticcall]
    тФВ   тФВ   тФВ   тФВ   тФВ   тФВ   тФВ   тФВ   тФВ   тФВ   тФВ   тФВ   тФВ   тФВ   тФВ   тФФтФА тЖР [Return] 0
    тФВ   тФВ   тФВ   тФВ   тФВ   тФВ   тФВ   тФВ   тФВ   тФВ   тФВ   тФВ   тФВ   тФВ   тФФтФА тЖР [Return] 0x00000000000000000000000000000000000000000000000000427fd993ed32eb
    тФВ   тФВ   тФВ   тФВ   тФВ   тФВ   тФВ   тФВ   тФВ   тФВ   тФВ   тФВ   тФВ   тФЬтФА [472] 0x905F8441dF2D7e49c52c4BF480fBdd272188811D::want() [staticcall]
    тФВ   тФВ   тФВ   тФВ   тФВ   тФВ   тФВ   тФВ   тФВ   тФВ   тФВ   тФВ   тФВ   тФВ   тФФтФА тЖР [Return] 0x279b2c897737a50405ED2091694F225D83F2D3bA
    тФВ   тФВ   тФВ   тФВ   тФВ   тФВ   тФВ   тФВ   тФВ   тФВ   тФВ   тФВ   тФВ   тФЬтФА [492] 0x279b2c897737a50405ED2091694F225D83F2D3bA::balanceOf(0x660184CE8AF80e0B1e5A1172A16168b15f4136bF) [staticcall]
    тФВ   тФВ   тФВ   тФВ   тФВ   тФВ   тФВ   тФВ   тФВ   тФВ   тФВ   тФВ   тФВ   тФВ   тФФтФА тЖР [Return] 0
    тФВ   тФВ   тФВ   тФВ   тФВ   тФВ   тФВ   тФВ   тФВ   тФВ   тФВ   тФВ   тФВ   тФЬтФА [301761] ContractTest::transferFrom(ContractTest: [0x7FA9385bE102ac3EAc297483Dd6233D62b3e1496], 0x660184CE8AF80e0B1e5A1172A16168b15f4136bF, 47610132146053993 [4.761e16])
    тФВ   тФВ   тФВ   тФВ   тФВ   тФВ   тФВ   тФВ   тФВ   тФВ   тФВ   тФВ   тФВ   тФВ   тФЬтФА [300228] 0x660184CE8AF80e0B1e5A1172A16168b15f4136bF::depositFor(ContractTest: [0x7FA9385bE102ac3EAc297483Dd6233D62b3e1496], 47610132146053993 [4.761e16], ContractTest: [0x7FA9385bE102ac3EAc297483Dd6233D62b3e1496])
    тФВ   тФВ   тФВ   тФВ   тФВ   тФВ   тФВ   тФВ   тФВ   тФВ   тФВ   тФВ   тФВ   тФВ   тФВ   тФЬтФА [3655] 0x905F8441dF2D7e49c52c4BF480fBdd272188811D::balanceOfPool() [staticcall]
    тФВ   тФВ   тФВ   тФВ   тФВ   тФВ   тФВ   тФВ   тФВ   тФВ   тФВ   тФВ   тФВ   тФВ   тФВ   тФВ   тФЬтФА [1613] 0x928144CD396aC88C84d60086e3Db20555C56322c::balanceOf(2) [staticcall]
    тФВ   тФВ   тФВ   тФВ   тФВ   тФВ   тФВ   тФВ   тФВ   тФВ   тФВ   тФВ   тФВ   тФВ   тФВ   тФВ   тФВ   тФЬтФА [541] 0xDccAFCE93E6e57f0464b4639d4aFD7B9Ad006F61::balanceOf(0x928144CD396aC88C84d60086e3Db20555C56322c) [staticcall]
    тФВ   тФВ   тФВ   тФВ   тФВ   тФВ   тФВ   тФВ   тФВ   тФВ   тФВ   тФВ   тФВ   тФВ   тФВ   тФВ   тФВ   тФВ   тФФтФА тЖР [Return] 18717920929329899 [1.871e16]
    тФВ   тФВ   тФВ   тФВ   тФВ   тФВ   тФВ   тФВ   тФВ   тФВ   тФВ   тФВ   тФВ   тФВ   тФВ   тФВ   тФВ   тФФтФА тЖР [Return] 0x00000000000000000000000000000000000000000000000000427fd993ed32eb
    тФВ   тФВ   тФВ   тФВ   тФВ   тФВ   тФВ   тФВ   тФВ   тФВ   тФВ   тФВ   тФВ   тФВ   тФВ   тФВ   тФЬтФА [492] 0x279b2c897737a50405ED2091694F225D83F2D3bA::balanceOf(0x905F8441dF2D7e49c52c4BF480fBdd272188811D) [staticcall]
    тФВ   тФВ   тФВ   тФВ   тФВ   тФВ   тФВ   тФВ   тФВ   тФВ   тФВ   тФВ   тФВ   тФВ   тФВ   тФВ   тФВ   тФФтФА тЖР [Return] 0
    тФВ   тФВ   тФВ   тФВ   тФВ   тФВ   тФВ   тФВ   тФВ   тФВ   тФВ   тФВ   тФВ   тФВ   тФВ   тФВ   тФФтФА тЖР [Return] 0x00000000000000000000000000000000000000000000000000427fd993ed32eb
    тФВ   тФВ   тФВ   тФВ   тФВ   тФВ   тФВ   тФВ   тФВ   тФВ   тФВ   тФВ   тФВ   тФВ   тФВ   тФЬтФА [472] 0x905F8441dF2D7e49c52c4BF480fBdd272188811D::want() [staticcall]
    тФВ   тФВ   тФВ   тФВ   тФВ   тФВ   тФВ   тФВ   тФВ   тФВ   тФВ   тФВ   тФВ   тФВ   тФВ   тФВ   тФФтФА тЖР [Return] 0x279b2c897737a50405ED2091694F225D83F2D3bA
    тФВ   тФВ   тФВ   тФВ   тФВ   тФВ   тФВ   тФВ   тФВ   тФВ   тФВ   тФВ   тФВ   тФВ   тФВ   тФЬтФА [492] 0x279b2c897737a50405ED2091694F225D83F2D3bA::balanceOf(0x660184CE8AF80e0B1e5A1172A16168b15f4136bF) [staticcall]
    тФВ   тФВ   тФВ   тФВ   тФВ   тФВ   тФВ   тФВ   тФВ   тФВ   тФВ   тФВ   тФВ   тФВ   тФВ   тФВ   тФФтФА тЖР [Return] 0
    тФВ   тФВ   тФВ   тФВ   тФВ   тФВ   тФВ   тФВ   тФВ   тФВ   тФВ   тФВ   тФВ   тФВ   тФВ   тФЬтФА [272756] ContractTest::transferFrom(ContractTest: [0x7FA9385bE102ac3EAc297483Dd6233D62b3e1496], 0x660184CE8AF80e0B1e5A1172A16168b15f4136bF, 47610132146053993 [4.761e16])
    тФВ   тФВ   тФВ   тФВ   тФВ   тФВ   тФВ   тФВ   тФВ   тФВ   тФВ   тФВ   тФВ   тФВ   тФВ   тФВ   тФЬтФА [269117] 0x660184CE8AF80e0B1e5A1172A16168b15f4136bF::depositFor(0x279b2c897737a50405ED2091694F225D83F2D3bA, 47610132146053993 [4.761e16], ContractTest: [0x7FA9385bE102ac3EAc297483Dd6233D62b3e1496])
    тФВ   тФВ   тФВ   тФВ   тФВ   тФВ   тФВ   тФВ   тФВ   тФВ   тФВ   тФВ   тФВ   тФВ   тФВ   тФВ   тФВ   тФЬтФА [3655] 0x905F8441dF2D7e49c52c4BF480fBdd272188811D::balanceOfPool() [staticcall]
    тФВ   тФВ   тФВ   тФВ   тФВ   тФВ   тФВ   тФВ   тФВ   тФВ   тФВ   тФВ   тФВ   тФВ   тФВ   тФВ   тФВ   тФВ   тФЬтФА [1613] 0x928144CD396aC88C84d60086e3Db20555C56322c::balanceOf(2) [staticcall]
    тФВ   тФВ   тФВ   тФВ   тФВ   тФВ   тФВ   тФВ   тФВ   тФВ   тФВ   тФВ   тФВ   тФВ   тФВ   тФВ   тФВ   тФВ   тФВ   тФЬтФА [541] 0xDccAFCE93E6e57f0464b4639d4aFD7B9Ad006F61::balanceOf(0x928144CD396aC88C84d60086e3Db20555C56322c) [staticcall]
    тФВ   тФВ   тФВ   тФВ   тФВ   тФВ   тФВ   тФВ   тФВ   тФВ   тФВ   тФВ   тФВ   тФВ   тФВ   тФВ   тФВ   тФВ   тФВ   тФВ   тФФтФА тЖР [Return] 18717920929329899 [1.871e16]
    тФВ   тФВ   тФВ   тФВ   тФВ   тФВ   тФВ   тФВ   тФВ   тФВ   тФВ   тФВ   тФВ   тФВ   тФВ   тФВ   тФВ   тФВ   тФВ   тФФтФА тЖР [Return] 0x00000000000000000000000000000000000000000000000000427fd993ed32eb
    тФВ   тФВ   тФВ   тФВ   тФВ   тФВ   тФВ   тФВ   тФВ   тФВ   тФВ   тФВ   тФВ   тФВ   тФВ   тФВ   тФВ   тФВ   тФЬтФА [492] 0x279b2c897737a50405ED2091694F225D83F2D3bA::balanceOf(0x905F8441dF2D7e49c52c4BF480fBdd272188811D) [staticcall]
    тФВ   тФВ   тФВ   тФВ   тФВ   тФВ   тФВ   тФВ   тФВ   тФВ   тФВ   тФВ   тФВ   тФВ   тФВ   тФВ   тФВ   тФВ   тФВ   тФФтФА тЖР [Return] 0
    тФВ   тФВ   тФВ   тФВ   тФВ   тФВ   тФВ   тФВ   тФВ   тФВ   тФВ   тФВ   тФВ   тФВ   тФВ   тФВ   тФВ   тФВ   тФФтФА тЖР [Return] 0x00000000000000000000000000000000000000000000000000427fd993ed32eb
    тФВ   тФВ   тФВ   тФВ   тФВ   тФВ   тФВ   тФВ   тФВ   тФВ   тФВ   тФВ   тФВ   тФВ   тФВ   тФВ   тФВ   тФЬтФА [472] 0x905F8441dF2D7e49c52c4BF480fBdd272188811D::want() [staticcall]
    тФВ   тФВ   тФВ   тФВ   тФВ   тФВ   тФВ   тФВ   тФВ   тФВ   тФВ   тФВ   тФВ   тФВ   тФВ   тФВ   тФВ   тФВ   тФФтФА тЖР [Return] 0x279b2c897737a50405ED2091694F225D83F2D3bA
    тФВ   тФВ   тФВ   тФВ   тФВ   тФВ   тФВ   тФВ   тФВ   тФВ   тФВ   тФВ   тФВ   тФВ   тФВ   тФВ   тФВ   тФЬтФА [492] 0x279b2c897737a50405ED2091694F225D83F2D3bA::balanceOf(0x660184CE8AF80e0B1e5A1172A16168b15f4136bF) [staticcall]
    тФВ   тФВ   тФВ   тФВ   тФВ   тФВ   тФВ   тФВ   тФВ   тФВ   тФВ   тФВ   тФВ   тФВ   тФВ   тФВ   тФВ   тФВ   тФФтФА тЖР [Return] 0
    тФВ   тФВ   тФВ   тФВ   тФВ   тФВ   тФВ   тФВ   тФВ   тФВ   тФВ   тФВ   тФВ   тФВ   тФВ   тФВ   тФВ   тФЬтФА [23333] 0x279b2c897737a50405ED2091694F225D83F2D3bA::transferFrom(ContractTest: [0x7FA9385bE102ac3EAc297483Dd6233D62b3e1496], 0x660184CE8AF80e0B1e5A1172A16168b15f4136bF, 47610132146053993 [4.761e16])
    тФВ   тФВ   тФВ   тФВ   тФВ   тФВ   тФВ   тФВ   тФВ   тФВ   тФВ   тФВ   тФВ   тФВ   тФВ   тФВ   тФВ   тФВ   тФЬтФА emit Transfer(from: ContractTest: [0x7FA9385bE102ac3EAc297483Dd6233D62b3e1496], to: 0x660184CE8AF80e0B1e5A1172A16168b15f4136bF, value: 47610132146053993 [4.761e16])
    тФВ   тФВ   тФВ   тФВ   тФВ   тФВ   тФВ   тФВ   тФВ   тФВ   тФВ   тФВ   тФВ   тФВ   тФВ   тФВ   тФВ   тФВ   тФФтФА тЖР [Return] 0x0000000000000000000000000000000000000000000000000000000000000001
    тФВ   тФВ   тФВ   тФВ   тФВ   тФВ   тФВ   тФВ   тФВ   тФВ   тФВ   тФВ   тФВ   тФВ   тФВ   тФВ   тФВ   тФЬтФА [472] 0x905F8441dF2D7e49c52c4BF480fBdd272188811D::want() [staticcall]
    тФВ   тФВ   тФВ   тФВ   тФВ   тФВ   тФВ   тФВ   тФВ   тФВ   тФВ   тФВ   тФВ   тФВ   тФВ   тФВ   тФВ   тФВ   тФФтФА тЖР [Return] 0x279b2c897737a50405ED2091694F225D83F2D3bA
    тФВ   тФВ   тФВ   тФВ   тФВ   тФВ   тФВ   тФВ   тФВ   тФВ   тФВ   тФВ   тФВ   тФВ   тФВ   тФВ   тФВ   тФЬтФА [492] 0x279b2c897737a50405ED2091694F225D83F2D3bA::balanceOf(0x660184CE8AF80e0B1e5A1172A16168b15f4136bF) [staticcall]
    тФВ   тФВ   тФВ   тФВ   тФВ   тФВ   тФВ   тФВ   тФВ   тФВ   тФВ   тФВ   тФВ   тФВ   тФВ   тФВ   тФВ   тФВ   тФФтФА тЖР [Return] 47610132146053993 [4.761e16]
    тФВ   тФВ   тФВ   тФВ   тФВ   тФВ   тФВ   тФВ   тФВ   тФВ   тФВ   тФВ   тФВ   тФВ   тФВ   тФВ   тФВ   тФЬтФА [472] 0x905F8441dF2D7e49c52c4BF480fBdd272188811D::want() [staticcall]
    тФВ   тФВ   тФВ   тФВ   тФВ   тФВ   тФВ   тФВ   тФВ   тФВ   тФВ   тФВ   тФВ   тФВ   тФВ   тФВ   тФВ   тФВ   тФФтФА тЖР [Return] 0x279b2c897737a50405ED2091694F225D83F2D3bA
    тФВ   тФВ   тФВ   тФВ   тФВ   тФВ   тФВ   тФВ   тФВ   тФВ   тФВ   тФВ   тФВ   тФВ   тФВ   тФВ   тФВ   тФЬтФА [23088] 0x279b2c897737a50405ED2091694F225D83F2D3bA::transfer(0x905F8441dF2D7e49c52c4BF480fBdd272188811D, 47610132146053993 [4.761e16])
    тФВ   тФВ   тФВ   тФВ   тФВ   тФВ   тФВ   тФВ   тФВ   тФВ   тФВ   тФВ   тФВ   тФВ   тФВ   тФВ   тФВ   тФВ   тФЬтФА emit Transfer(from: 0x660184CE8AF80e0B1e5A1172A16168b15f4136bF, to: 0x905F8441dF2D7e49c52c4BF480fBdd272188811D, value: 47610132146053993 [4.761e16])
    тФВ   тФВ   тФВ   тФВ   тФВ   тФВ   тФВ   тФВ   тФВ   тФВ   тФВ   тФВ   тФВ   тФВ   тФВ   тФВ   тФВ   тФВ   тФФтФА тЖР [Return] true
    тФВ   тФВ   тФВ   тФВ   тФВ   тФВ   тФВ   тФВ   тФВ   тФВ   тФВ   тФВ   тФВ   тФВ   тФВ   тФВ   тФВ   тФЬтФА [173160] 0x905F8441dF2D7e49c52c4BF480fBdd272188811D::deposit()
    тФВ   тФВ   тФВ   тФВ   тФВ   тФВ   тФВ   тФВ   тФВ   тФВ   тФВ   тФВ   тФВ   тФВ   тФВ   тФВ   тФВ   тФВ   тФЬтФА [492] 0x279b2c897737a50405ED2091694F225D83F2D3bA::balanceOf(0x905F8441dF2D7e49c52c4BF480fBdd272188811D) [staticcall]
    тФВ   тФВ   тФВ   тФВ   тФВ   тФВ   тФВ   тФВ   тФВ   тФВ   тФВ   тФВ   тФВ   тФВ   тФВ   тФВ   тФВ   тФВ   тФВ   тФФтФА тЖР [Return] 47610132146053993 [4.761e16]
    тФВ   тФВ   тФВ   тФВ   тФВ   тФВ   тФВ   тФВ   тФВ   тФВ   тФВ   тФВ   тФВ   тФВ   тФВ   тФВ   тФВ   тФВ   тФЬтФА [25088] 0x279b2c897737a50405ED2091694F225D83F2D3bA::transfer(0x928144CD396aC88C84d60086e3Db20555C56322c, 47610132146053993 [4.761e16])
    тФВ   тФВ   тФВ   тФВ   тФВ   тФВ   тФВ   тФВ   тФВ   тФВ   тФВ   тФВ   тФВ   тФВ   тФВ   тФВ   тФВ   тФВ   тФВ   тФЬтФА emit Transfer(from: 0x905F8441dF2D7e49c52c4BF480fBdd272188811D, to: 0x928144CD396aC88C84d60086e3Db20555C56322c, value: 47610132146053993 [4.761e16])
    тФВ   тФВ   тФВ   тФВ   тФВ   тФВ   тФВ   тФВ   тФВ   тФВ   тФВ   тФВ   тФВ   тФВ   тФВ   тФВ   тФВ   тФВ   тФВ   тФФтФА тЖР [Return] true
    тФВ   тФВ   тФВ   тФВ   тФВ   тФВ   тФВ   тФВ   тФВ   тФВ   тФВ   тФВ   тФВ   тФВ   тФВ   тФВ   тФВ   тФВ   тФЬтФА [140234] 0x928144CD396aC88C84d60086e3Db20555C56322c::beforeDeposit(2, 47610132146053993 [4.761e16])
    тФВ   тФВ   тФВ   тФВ   тФВ   тФВ   тФВ   тФВ   тФВ   тФВ   тФВ   тФВ   тФВ   тФВ   тФВ   тФВ   тФВ   тФВ   тФВ   тФЬтФА [2605] 0x279b2c897737a50405ED2091694F225D83F2D3bA::allowance(0x928144CD396aC88C84d60086e3Db20555C56322c, 0xDccAFCE93E6e57f0464b4639d4aFD7B9Ad006F61) [staticcall]
    тФВ   тФВ   тФВ   тФВ   тФВ   тФВ   тФВ   тФВ   тФВ   тФВ   тФВ   тФВ   тФВ   тФВ   тФВ   тФВ   тФВ   тФВ   тФВ   тФВ   тФФтФА тЖР [Return] 115792089237316195423570985008687907853269984665640564039457584007913129639935 [1.157e77]
    тФВ   тФВ   тФВ   тФВ   тФВ   тФВ   тФВ   тФВ   тФВ   тФВ   тФВ   тФВ   тФВ   тФВ   тФВ   тФВ   тФВ   тФВ   тФВ   тФЬтФА [130695] 0xDccAFCE93E6e57f0464b4639d4aFD7B9Ad006F61::deposit(47610132146053993 [4.761e16])
    тФВ   тФВ   тФВ   тФВ   тФВ   тФВ   тФВ   тФВ   тФВ   тФВ   тФВ   тФВ   тФВ   тФВ   тФВ   тФВ   тФВ   тФВ   тФВ   тФВ   тФЬтФА [2468] 0x420b17f69618610DE18caCd1499460EFb29e1d8f::getTreasury() [staticcall]
    тФВ   тФВ   тФВ   тФВ   тФВ   тФВ   тФВ   тФВ   тФВ   тФВ   тФВ   тФВ   тФВ   тФВ   тФВ   тФВ   тФВ   тФВ   тФВ   тФВ   тФВ   тФФтФА тЖР [Return] 0x0000000000000000000000005cec66f552b1d3406f65eb1a4a4914f448f98e9c
    тФВ   тФВ   тФВ   тФВ   тФВ   тФВ   тФВ   тФВ   тФВ   тФВ   тФВ   тФВ   тФВ   тФВ   тФВ   тФВ   тФВ   тФВ   тФВ   тФВ   тФЬтФА [2358] 0x420b17f69618610DE18caCd1499460EFb29e1d8f::getDepositFeeRate() [staticcall]
    тФВ   тФВ   тФВ   тФВ   тФВ   тФВ   тФВ   тФВ   тФВ   тФВ   тФВ   тФВ   тФВ   тФВ   тФВ   тФВ   тФВ   тФВ   тФВ   тФВ   тФВ   тФФтФА тЖР [Return] 0x0000000000000000000000000000000000000000000000000000000000000000
    тФВ   тФВ   тФВ   тФВ   тФВ   тФВ   тФВ   тФВ   тФВ   тФВ   тФВ   тФВ   тФВ   тФВ   тФВ   тФВ   тФВ   тФВ   тФВ   тФВ   тФЬтФА [8233] 0x279b2c897737a50405ED2091694F225D83F2D3bA::transferFrom(0x928144CD396aC88C84d60086e3Db20555C56322c, 0xDccAFCE93E6e57f0464b4639d4aFD7B9Ad006F61, 47610132146053993 [4.761e16])
    тФВ   тФВ   тФВ   тФВ   тФВ   тФВ   тФВ   тФВ   тФВ   тФВ   тФВ   тФВ   тФВ   тФВ   тФВ   тФВ   тФВ   тФВ   тФВ   тФВ   тФВ   тФЬтФА emit Transfer(from: 0x928144CD396aC88C84d60086e3Db20555C56322c, to: 0xDccAFCE93E6e57f0464b4639d4aFD7B9Ad006F61, value: 47610132146053993 [4.761e16])
    тФВ   тФВ   тФВ   тФВ   тФВ   тФВ   тФВ   тФВ   тФВ   тФВ   тФВ   тФВ   тФВ   тФВ   тФВ   тФВ   тФВ   тФВ   тФВ   тФВ   тФВ   тФФтФА тЖР [Return] 0x0000000000000000000000000000000000000000000000000000000000000001
    тФВ   тФВ   тФВ   тФВ   тФВ   тФВ   тФВ   тФВ   тФВ   тФВ   тФВ   тФВ   тФВ   тФВ   тФВ   тФВ   тФВ   тФВ   тФВ   тФВ   тФЬтФА [3188] 0x279b2c897737a50405ED2091694F225D83F2D3bA::transfer(0x5ceC66F552B1D3406f65Eb1A4a4914f448F98E9c, 0)
    тФВ   тФВ   тФВ   тФВ   тФВ   тФВ   тФВ   тФВ   тФВ   тФВ   тФВ   тФВ   тФВ   тФВ   тФВ   тФВ   тФВ   тФВ   тФВ   тФВ   тФВ   тФЬтФА emit Transfer(from: 0xDccAFCE93E6e57f0464b4639d4aFD7B9Ad006F61, to: 0x5ceC66F552B1D3406f65Eb1A4a4914f448F98E9c, value: 0)
    тФВ   тФВ   тФВ   тФВ   тФВ   тФВ   тФВ   тФВ   тФВ   тФВ   тФВ   тФВ   тФВ   тФВ   тФВ   тФВ   тФВ   тФВ   тФВ   тФВ   тФВ   тФФтФА тЖР [Return] true
    тФВ   тФВ   тФВ   тФВ   тФВ   тФВ   тФВ   тФВ   тФВ   тФВ   тФВ   тФВ   тФВ   тФВ   тФВ   тФВ   тФВ   тФВ   тФВ   тФВ   тФЬтФА emit Staked(param0: 0x928144CD396aC88C84d60086e3Db20555C56322c, param1: 47610132146053993 [4.761e16])
    тФВ   тФВ   тФВ   тФВ   тФВ   тФВ   тФВ   тФВ   тФВ   тФВ   тФВ   тФВ   тФВ   тФВ   тФВ   тФВ   тФВ   тФВ   тФВ   тФВ   тФЬтФА [12684] 0x2FBFf41a9efAEAE77538bd63f1ea489494acdc08::totalSupply() [staticcall]
    тФВ   тФВ   тФВ   тФВ   тФВ   тФВ   тФВ   тФВ   тФВ   тФВ   тФВ   тФВ   тФВ   тФВ   тФВ   тФВ   тФВ   тФВ   тФВ   тФВ   тФВ   тФФтФА тЖР [Return] 82106256122257975645807950 [8.21e25]
    тФВ   тФВ   тФВ   тФВ   тФВ   тФВ   тФВ   тФВ   тФВ   тФВ   тФВ   тФВ   тФВ   тФВ   тФВ   тФВ   тФВ   тФВ   тФВ   тФВ   тФЬтФА [2684] 0x2FBFf41a9efAEAE77538bd63f1ea489494acdc08::totalSupply() [staticcall]
    тФВ   тФВ   тФВ   тФВ   тФВ   тФВ   тФВ   тФВ   тФВ   тФВ   тФВ   тФВ   тФВ   тФВ   тФВ   тФВ   тФВ   тФВ   тФВ   тФВ   тФВ   тФФтФА тЖР [Return] 82106256122257975645807950 [8.21e25]
    тФВ   тФВ   тФВ   тФВ   тФВ   тФВ   тФВ   тФВ   тФВ   тФВ   тФВ   тФВ   тФВ   тФВ   тФВ   тФВ   тФВ   тФВ   тФВ   тФВ   тФЬтФА [12010] 0x2FBFf41a9efAEAE77538bd63f1ea489494acdc08::balanceOf(0x928144CD396aC88C84d60086e3Db20555C56322c) [staticcall]
    тФВ   тФВ   тФВ   тФВ   тФВ   тФВ   тФВ   тФВ   тФВ   тФВ   тФВ   тФВ   тФВ   тФВ   тФВ   тФВ   тФВ   тФВ   тФВ   тФВ   тФВ   тФФтФА тЖР [Return] 9048733472782055151463000 [9.048e24]
    тФВ   тФВ   тФВ   тФВ   тФВ   тФВ   тФВ   тФВ   тФВ   тФВ   тФВ   тФВ   тФВ   тФВ   тФВ   тФВ   тФВ   тФВ   тФВ   тФВ   тФФтФА тЖР [Stop] 
    тФВ   тФВ   тФВ   тФВ   тФВ   тФВ   тФВ   тФВ   тФВ   тФВ   тФВ   тФВ   тФВ   тФВ   тФВ   тФВ   тФВ   тФВ   тФВ   тФФтФА тЖР [Stop] 
    тФВ   тФВ   тФВ   тФВ   тФВ   тФВ   тФВ   тФВ   тФВ   тФВ   тФВ   тФВ   тФВ   тФВ   тФВ   тФВ   тФВ   тФВ   тФФтФА тЖР [Stop] 
    тФВ   тФВ   тФВ   тФВ   тФВ   тФВ   тФВ   тФВ   тФВ   тФВ   тФВ   тФВ   тФВ   тФВ   тФВ   тФВ   тФВ   тФЬтФА [3655] 0x905F8441dF2D7e49c52c4BF480fBdd272188811D::balanceOfPool() [staticcall]
    тФВ   тФВ   тФВ   тФВ   тФВ   тФВ   тФВ   тФВ   тФВ   тФВ   тФВ   тФВ   тФВ   тФВ   тФВ   тФВ   тФВ   тФВ   тФЬтФА [1613] 0x928144CD396aC88C84d60086e3Db20555C56322c::balanceOf(2) [staticcall]
    тФВ   тФВ   тФВ   тФВ   тФВ   тФВ   тФВ   тФВ   тФВ   тФВ   тФВ   тФВ   тФВ   тФВ   тФВ   тФВ   тФВ   тФВ   тФВ   тФЬтФА [541] 0xDccAFCE93E6e57f0464b4639d4aFD7B9Ad006F61::balanceOf(0x928144CD396aC88C84d60086e3Db20555C56322c) [staticcall]
    тФВ   тФВ   тФВ   тФВ   тФВ   тФВ   тФВ   тФВ   тФВ   тФВ   тФВ   тФВ   тФВ   тФВ   тФВ   тФВ   тФВ   тФВ   тФВ   тФВ   тФФтФА тЖР [Return] 66328053075383892 [6.632e16]
    тФВ   тФВ   тФВ   тФВ   тФВ   тФВ   тФВ   тФВ   тФВ   тФВ   тФВ   тФВ   тФВ   тФВ   тФВ   тФВ   тФВ   тФВ   тФВ   тФФтФА тЖР [Return] 0x00000000000000000000000000000000000000000000000000eba5034a339654
    тФВ   тФВ   тФВ   тФВ   тФВ   тФВ   тФВ   тФВ   тФВ   тФВ   тФВ   тФВ   тФВ   тФВ   тФВ   тФВ   тФВ   тФВ   тФЬтФА [492] 0x279b2c897737a50405ED2091694F225D83F2D3bA::balanceOf(0x905F8441dF2D7e49c52c4BF480fBdd272188811D) [staticcall]
    тФВ   тФВ   тФВ   тФВ   тФВ   тФВ   тФВ   тФВ   тФВ   тФВ   тФВ   тФВ   тФВ   тФВ   тФВ   тФВ   тФВ   тФВ   тФВ   тФФтФА тЖР [Return] 0
    тФВ   тФВ   тФВ   тФВ   тФВ   тФВ   тФВ   тФВ   тФВ   тФВ   тФВ   тФВ   тФВ   тФВ   тФВ   тФВ   тФВ   тФВ   тФФтФА тЖР [Return] 0x00000000000000000000000000000000000000000000000000eba5034a339654
    тФВ   тФВ   тФВ   тФВ   тФВ   тФВ   тФВ   тФВ   тФВ   тФВ   тФВ   тФВ   тФВ   тФВ   тФВ   тФВ   тФВ   тФЬтФА [472] 0x905F8441dF2D7e49c52c4BF480fBdd272188811D::want() [staticcall]
    тФВ   тФВ   тФВ   тФВ   тФВ   тФВ   тФВ   тФВ   тФВ   тФВ   тФВ   тФВ   тФВ   тФВ   тФВ   тФВ   тФВ   тФВ   тФФтФА тЖР [Return] 0x279b2c897737a50405ED2091694F225D83F2D3bA
    тФВ   тФВ   тФВ   тФВ   тФВ   тФВ   тФВ   тФВ   тФВ   тФВ   тФВ   тФВ   тФВ   тФВ   тФВ   тФВ   тФВ   тФЬтФА [492] 0x279b2c897737a50405ED2091694F225D83F2D3bA::balanceOf(0x660184CE8AF80e0B1e5A1172A16168b15f4136bF) [staticcall]
    тФВ   тФВ   тФВ   тФВ   тФВ   тФВ   тФВ   тФВ   тФВ   тФВ   тФВ   тФВ   тФВ   тФВ   тФВ   тФВ   тФВ   тФВ   тФФтФА тЖР [Return] 0
    тФВ   тФВ   тФВ   тФВ   тФВ   тФВ   тФВ   тФВ   тФВ   тФВ   тФВ   тФВ   тФВ   тФВ   тФВ   тФВ   тФВ   тФЬтФА emit Transfer(from: 0x0000000000000000000000000000000000000000, to: ContractTest: [0x7FA9385bE102ac3EAc297483Dd6233D62b3e1496], value: 32376253762624097 [3.237e16])
    тФВ   тФВ   тФВ   тФВ   тФВ   тФВ   тФВ   тФВ   тФВ   тФВ   тФВ   тФВ   тФВ   тФВ   тФВ   тФВ   тФВ   тФФтФА тЖР [Stop] 
    тФВ   тФВ   тФВ   тФВ   тФВ   тФВ   тФВ   тФВ   тФВ   тФВ   тФВ   тФВ   тФВ   тФВ   тФВ   тФВ   тФФтФА тЖР [Stop] 
    тФВ   тФВ   тФВ   тФВ   тФВ   тФВ   тФВ   тФВ   тФВ   тФВ   тФВ   тФВ   тФВ   тФВ   тФВ   тФЬтФА [472] 0x905F8441dF2D7e49c52c4BF480fBdd272188811D::want() [staticcall]
    тФВ   тФВ   тФВ   тФВ   тФВ   тФВ   тФВ   тФВ   тФВ   тФВ   тФВ   тФВ   тФВ   тФВ   тФВ   тФВ   тФФтФА тЖР [Return] 0x279b2c897737a50405ED2091694F225D83F2D3bA
    тФВ   тФВ   тФВ   тФВ   тФВ   тФВ   тФВ   тФВ   тФВ   тФВ   тФВ   тФВ   тФВ   тФВ   тФВ   тФЬтФА [492] 0x279b2c897737a50405ED2091694F225D83F2D3bA::balanceOf(0x660184CE8AF80e0B1e5A1172A16168b15f4136bF) [staticcall]
    тФВ   тФВ   тФВ   тФВ   тФВ   тФВ   тФВ   тФВ   тФВ   тФВ   тФВ   тФВ   тФВ   тФВ   тФВ   тФВ   тФФтФА тЖР [Return] 0
    тФВ   тФВ   тФВ   тФВ   тФВ   тФВ   тФВ   тФВ   тФВ   тФВ   тФВ   тФВ   тФВ   тФВ   тФВ   тФЬтФА [472] 0x905F8441dF2D7e49c52c4BF480fBdd272188811D::want() [staticcall]
    тФВ   тФВ   тФВ   тФВ   тФВ   тФВ   тФВ   тФВ   тФВ   тФВ   тФВ   тФВ   тФВ   тФВ   тФВ   тФВ   тФФтФА тЖР [Return] 0x279b2c897737a50405ED2091694F225D83F2D3bA
    тФВ   тФВ   тФВ   тФВ   тФВ   тФВ   тФВ   тФВ   тФВ   тФВ   тФВ   тФВ   тФВ   тФВ   тФВ   тФЬтФА [3188] 0x279b2c897737a50405ED2091694F225D83F2D3bA::transfer(0x905F8441dF2D7e49c52c4BF480fBdd272188811D, 0)
    тФВ   тФВ   тФВ   тФВ   тФВ   тФВ   тФВ   тФВ   тФВ   тФВ   тФВ   тФВ   тФВ   тФВ   тФВ   тФВ   тФЬтФА emit Transfer(from: 0x660184CE8AF80e0B1e5A1172A16168b15f4136bF, to: 0x905F8441dF2D7e49c52c4BF480fBdd272188811D, value: 0)
    тФВ   тФВ   тФВ   тФВ   тФВ   тФВ   тФВ   тФВ   тФВ   тФВ   тФВ   тФВ   тФВ   тФВ   тФВ   тФВ   тФФтФА тЖР [Return] true
    тФВ   тФВ   тФВ   тФВ   тФВ   тФВ   тФВ   тФВ   тФВ   тФВ   тФВ   тФВ   тФВ   тФВ   тФВ   тФЬтФА [1586] 0x905F8441dF2D7e49c52c4BF480fBdd272188811D::deposit()
    тФВ   тФВ   тФВ   тФВ   тФВ   тФВ   тФВ   тФВ   тФВ   тФВ   тФВ   тФВ   тФВ   тФВ   тФВ   тФВ   тФЬтФА [492] 0x279b2c897737a50405ED2091694F225D83F2D3bA::balanceOf(0x905F8441dF2D7e49c52c4BF480fBdd272188811D) [staticcall]
    тФВ   тФВ   тФВ   тФВ   тФВ   тФВ   тФВ   тФВ   тФВ   тФВ   тФВ   тФВ   тФВ   тФВ   тФВ   тФВ   тФВ   тФФтФА тЖР [Return] 0
    тФВ   тФВ   тФВ   тФВ   тФВ   тФВ   тФВ   тФВ   тФВ   тФВ   тФВ   тФВ   тФВ   тФВ   тФВ   тФВ   тФФтФА тЖР [Stop] 
    тФВ   тФВ   тФВ   тФВ   тФВ   тФВ   тФВ   тФВ   тФВ   тФВ   тФВ   тФВ   тФВ   тФВ   тФВ   тФЬтФА [3655] 0x905F8441dF2D7e49c52c4BF480fBdd272188811D::balanceOfPool() [staticcall]
    тФВ   тФВ   тФВ   тФВ   тФВ   тФВ   тФВ   тФВ   тФВ   тФВ   тФВ   тФВ   тФВ   тФВ   тФВ   тФВ   тФЬтФА [1613] 0x928144CD396aC88C84d60086e3Db20555C56322c::balanceOf(2) [staticcall]
    тФВ   тФВ   тФВ   тФВ   тФВ   тФВ   тФВ   тФВ   тФВ   тФВ   тФВ   тФВ   тФВ   тФВ   тФВ   тФВ   тФВ   тФЬтФА [541] 0xDccAFCE93E6e57f0464b4639d4aFD7B9Ad006F61::balanceOf(0x928144CD396aC88C84d60086e3Db20555C56322c) [staticcall]
    тФВ   тФВ   тФВ   тФВ   тФВ   тФВ   тФВ   тФВ   тФВ   тФВ   тФВ   тФВ   тФВ   тФВ   тФВ   тФВ   тФВ   тФВ   тФФтФА тЖР [Return] 66328053075383892 [6.632e16]
    тФВ   тФВ   тФВ   тФВ   тФВ   тФВ   тФВ   тФВ   тФВ   тФВ   тФВ   тФВ   тФВ   тФВ   тФВ   тФВ   тФВ   тФФтФА тЖР [Return] 0x00000000000000000000000000000000000000000000000000eba5034a339654
    тФВ   тФВ   тФВ   тФВ   тФВ   тФВ   тФВ   тФВ   тФВ   тФВ   тФВ   тФВ   тФВ   тФВ   тФВ   тФВ   тФЬтФА [492] 0x279b2c897737a50405ED2091694F225D83F2D3bA::balanceOf(0x905F8441dF2D7e49c52c4BF480fBdd272188811D) [staticcall]
    тФВ   тФВ   тФВ   тФВ   тФВ   тФВ   тФВ   тФВ   тФВ   тФВ   тФВ   тФВ   тФВ   тФВ   тФВ   тФВ   тФВ   тФФтФА тЖР [Return] 0
    тФВ   тФВ   тФВ   тФВ   тФВ   тФВ   тФВ   тФВ   тФВ   тФВ   тФВ   тФВ   тФВ   тФВ   тФВ   тФВ   тФФтФА тЖР [Return] 0x00000000000000000000000000000000000000000000000000eba5034a339654
    тФВ   тФВ   тФВ   тФВ   тФВ   тФВ   тФВ   тФВ   тФВ   тФВ   тФВ   тФВ   тФВ   тФВ   тФВ   тФЬтФА [472] 0x905F8441dF2D7e49c52c4BF480fBdd272188811D::want() [staticcall]
    тФВ   тФВ   тФВ   тФВ   тФВ   тФВ   тФВ   тФВ   тФВ   тФВ   тФВ   тФВ   тФВ   тФВ   тФВ   тФВ   тФФтФА тЖР [Return] 0x279b2c897737a50405ED2091694F225D83F2D3bA
    тФВ   тФВ   тФВ   тФВ   тФВ   тФВ   тФВ   тФВ   тФВ   тФВ   тФВ   тФВ   тФВ   тФВ   тФВ   тФЬтФА [492] 0x279b2c897737a50405ED2091694F225D83F2D3bA::balanceOf(0x660184CE8AF80e0B1e5A1172A16168b15f4136bF) [staticcall]
    тФВ   тФВ   тФВ   тФВ   тФВ   тФВ   тФВ   тФВ   тФВ   тФВ   тФВ   тФВ   тФВ   тФВ   тФВ   тФВ   тФФтФА тЖР [Return] 0
    тФВ   тФВ   тФВ   тФВ   тФВ   тФВ   тФВ   тФВ   тФВ   тФВ   тФВ   тФВ   тФВ   тФВ   тФВ   тФЬтФА emit Transfer(from: 0x0000000000000000000000000000000000000000, to: ContractTest: [0x7FA9385bE102ac3EAc297483Dd6233D62b3e1496], value: 114727158323683940 [1.147e17])
    тФВ   тФВ   тФВ   тФВ   тФВ   тФВ   тФВ   тФВ   тФВ   тФВ   тФВ   тФВ   тФВ   тФВ   тФВ   тФФтФА тЖР [Stop] 
    тФВ   тФВ   тФВ   тФВ   тФВ   тФВ   тФВ   тФВ   тФВ   тФВ   тФВ   тФВ   тФВ   тФВ   тФФтФА тЖР [Stop] 
    тФВ   тФВ   тФВ   тФВ   тФВ   тФВ   тФВ   тФВ   тФВ   тФВ   тФВ   тФВ   тФВ   тФЬтФА [472] 0x905F8441dF2D7e49c52c4BF480fBdd272188811D::want() [staticcall]
    тФВ   тФВ   тФВ   тФВ   тФВ   тФВ   тФВ   тФВ   тФВ   тФВ   тФВ   тФВ   тФВ   тФВ   тФФтФА тЖР [Return] 0x279b2c897737a50405ED2091694F225D83F2D3bA
    тФВ   тФВ   тФВ   тФВ   тФВ   тФВ   тФВ   тФВ   тФВ   тФВ   тФВ   тФВ   тФВ   тФЬтФА [492] 0x279b2c897737a50405ED2091694F225D83F2D3bA::balanceOf(0x660184CE8AF80e0B1e5A1172A16168b15f4136bF) [staticcall]
    тФВ   тФВ   тФВ   тФВ   тФВ   тФВ   тФВ   тФВ   тФВ   тФВ   тФВ   тФВ   тФВ   тФВ   тФФтФА тЖР [Return] 0
    тФВ   тФВ   тФВ   тФВ   тФВ   тФВ   тФВ   тФВ   тФВ   тФВ   тФВ   тФВ   тФВ   тФЬтФА [472] 0x905F8441dF2D7e49c52c4BF480fBdd272188811D::want() [staticcall]
    тФВ   тФВ   тФВ   тФВ   тФВ   тФВ   тФВ   тФВ   тФВ   тФВ   тФВ   тФВ   тФВ   тФВ   тФФтФА тЖР [Return] 0x279b2c897737a50405ED2091694F225D83F2D3bA
    тФВ   тФВ   тФВ   тФВ   тФВ   тФВ   тФВ   тФВ   тФВ   тФВ   тФВ   тФВ   тФВ   тФЬтФА [3188] 0x279b2c897737a50405ED2091694F225D83F2D3bA::transfer(0x905F8441dF2D7e49c52c4BF480fBdd272188811D, 0)
    тФВ   тФВ   тФВ   тФВ   тФВ   тФВ   тФВ   тФВ   тФВ   тФВ   тФВ   тФВ   тФВ   тФВ   тФЬтФА emit Transfer(from: 0x660184CE8AF80e0B1e5A1172A16168b15f4136bF, to: 0x905F8441dF2D7e49c52c4BF480fBdd272188811D, value: 0)
    тФВ   тФВ   тФВ   тФВ   тФВ   тФВ   тФВ   тФВ   тФВ   тФВ   тФВ   тФВ   тФВ   тФВ   тФФтФА тЖР [Return] true
    тФВ   тФВ   тФВ   тФВ   тФВ   тФВ   тФВ   тФВ   тФВ   тФВ   тФВ   тФВ   тФВ   тФЬтФА [1586] 0x905F8441dF2D7e49c52c4BF480fBdd272188811D::deposit()
    тФВ   тФВ   тФВ   тФВ   тФВ   тФВ   тФВ   тФВ   тФВ   тФВ   тФВ   тФВ   тФВ   тФВ   тФЬтФА [492] 0x279b2c897737a50405ED2091694F225D83F2D3bA::balanceOf(0x905F8441dF2D7e49c52c4BF480fBdd272188811D) [staticcall]
    тФВ   тФВ   тФВ   тФВ   тФВ   тФВ   тФВ   тФВ   тФВ   тФВ   тФВ   тФВ   тФВ   тФВ   тФВ   тФФтФА тЖР [Return] 0
    тФВ   тФВ   тФВ   тФВ   тФВ   тФВ   тФВ   тФВ   тФВ   тФВ   тФВ   тФВ   тФВ   тФВ   тФФтФА тЖР [Stop] 
    тФВ   тФВ   тФВ   тФВ   тФВ   тФВ   тФВ   тФВ   тФВ   тФВ   тФВ   тФВ   тФВ   тФЬтФА [3655] 0x905F8441dF2D7e49c52c4BF480fBdd272188811D::balanceOfPool() [staticcall]
    тФВ   тФВ   тФВ   тФВ   тФВ   тФВ   тФВ   тФВ   тФВ   тФВ   тФВ   тФВ   тФВ   тФВ   тФЬтФА [1613] 0x928144CD396aC88C84d60086e3Db20555C56322c::balanceOf(2) [staticcall]
    тФВ   тФВ   тФВ   тФВ   тФВ   тФВ   тФВ   тФВ   тФВ   тФВ   тФВ   тФВ   тФВ   тФВ   тФВ   тФЬтФА [541] 0xDccAFCE93E6e57f0464b4639d4aFD7B9Ad006F61::balanceOf(0x928144CD396aC88C84d60086e3Db20555C56322c) [staticcall]
    тФВ   тФВ   тФВ   тФВ   тФВ   тФВ   тФВ   тФВ   тФВ   тФВ   тФВ   тФВ   тФВ   тФВ   тФВ   тФВ   тФФтФА тЖР [Return] 66328053075383892 [6.632e16]
    тФВ   тФВ   тФВ   тФВ   тФВ   тФВ   тФВ   тФВ   тФВ   тФВ   тФВ   тФВ   тФВ   тФВ   тФВ   тФФтФА тЖР [Return] 0x00000000000000000000000000000000000000000000000000eba5034a339654
    тФВ   тФВ   тФВ   тФВ   тФВ   тФВ   тФВ   тФВ   тФВ   тФВ   тФВ   тФВ   тФВ   тФВ   тФЬтФА [492] 0x279b2c897737a50405ED2091694F225D83F2D3bA::balanceOf(0x905F8441dF2D7e49c52c4BF480fBdd272188811D) [staticcall]
    тФВ   тФВ   тФВ   тФВ   тФВ   тФВ   тФВ   тФВ   тФВ   тФВ   тФВ   тФВ   тФВ   тФВ   тФВ   тФФтФА тЖР [Return] 0
    тФВ   тФВ   тФВ   тФВ   тФВ   тФВ   тФВ   тФВ   тФВ   тФВ   тФВ   тФВ   тФВ   тФВ   тФФтФА тЖР [Return] 0x00000000000000000000000000000000000000000000000000eba5034a339654
    тФВ   тФВ   тФВ   тФВ   тФВ   тФВ   тФВ   тФВ   тФВ   тФВ   тФВ   тФВ   тФВ   тФЬтФА [472] 0x905F8441dF2D7e49c52c4BF480fBdd272188811D::want() [staticcall]
    тФВ   тФВ   тФВ   тФВ   тФВ   тФВ   тФВ   тФВ   тФВ   тФВ   тФВ   тФВ   тФВ   тФВ   тФФтФА тЖР [Return] 0x279b2c897737a50405ED2091694F225D83F2D3bA
    тФВ   тФВ   тФВ   тФВ   тФВ   тФВ   тФВ   тФВ   тФВ   тФВ   тФВ   тФВ   тФВ   тФЬтФА [492] 0x279b2c897737a50405ED2091694F225D83F2D3bA::balanceOf(0x660184CE8AF80e0B1e5A1172A16168b15f4136bF) [staticcall]
    тФВ   тФВ   тФВ   тФВ   тФВ   тФВ   тФВ   тФВ   тФВ   тФВ   тФВ   тФВ   тФВ   тФВ   тФФтФА тЖР [Return] 0
    тФВ   тФВ   тФВ   тФВ   тФВ   тФВ   тФВ   тФВ   тФВ   тФВ   тФВ   тФВ   тФВ   тФЬтФА emit Transfer(from: 0x0000000000000000000000000000000000000000, to: ContractTest: [0x7FA9385bE102ac3EAc297483Dd6233D62b3e1496], value: 406542429322769007 [4.065e17])
    тФВ   тФВ   тФВ   тФВ   тФВ   тФВ   тФВ   тФВ   тФВ   тФВ   тФВ   тФВ   тФВ   тФФтФА тЖР [Stop] 
    тФВ   тФВ   тФВ   тФВ   тФВ   тФВ   тФВ   тФВ   тФВ   тФВ   тФВ   тФВ   тФФтФА тЖР [Stop] 
    тФВ   тФВ   тФВ   тФВ   тФВ   тФВ   тФВ   тФВ   тФВ   тФВ   тФВ   тФЬтФА [472] 0x905F8441dF2D7e49c52c4BF480fBdd272188811D::want() [staticcall]
    тФВ   тФВ   тФВ   тФВ   тФВ   тФВ   тФВ   тФВ   тФВ   тФВ   тФВ   тФВ   тФФтФА тЖР [Return] 0x279b2c897737a50405ED2091694F225D83F2D3bA
    тФВ   тФВ   тФВ   тФВ   тФВ   тФВ   тФВ   тФВ   тФВ   тФВ   тФВ   тФЬтФА [492] 0x279b2c897737a50405ED2091694F225D83F2D3bA::balanceOf(0x660184CE8AF80e0B1e5A1172A16168b15f4136bF) [staticcall]
    тФВ   тФВ   тФВ   тФВ   тФВ   тФВ   тФВ   тФВ   тФВ   тФВ   тФВ   тФВ   тФФтФА тЖР [Return] 0
    тФВ   тФВ   тФВ   тФВ   тФВ   тФВ   тФВ   тФВ   тФВ   тФВ   тФВ   тФЬтФА [472] 0x905F8441dF2D7e49c52c4BF480fBdd272188811D::want() [staticcall]
    тФВ   тФВ   тФВ   тФВ   тФВ   тФВ   тФВ   тФВ   тФВ   тФВ   тФВ   тФВ   тФФтФА тЖР [Return] 0x279b2c897737a50405ED2091694F225D83F2D3bA
    тФВ   тФВ   тФВ   тФВ   тФВ   тФВ   тФВ   тФВ   тФВ   тФВ   тФВ   тФЬтФА [3188] 0x279b2c897737a50405ED2091694F225D83F2D3bA::transfer(0x905F8441dF2D7e49c52c4BF480fBdd272188811D, 0)
    тФВ   тФВ   тФВ   тФВ   тФВ   тФВ   тФВ   тФВ   тФВ   тФВ   тФВ   тФВ   тФЬтФА emit Transfer(from: 0x660184CE8AF80e0B1e5A1172A16168b15f4136bF, to: 0x905F8441dF2D7e49c52c4BF480fBdd272188811D, value: 0)
    тФВ   тФВ   тФВ   тФВ   тФВ   тФВ   тФВ   тФВ   тФВ   тФВ   тФВ   тФВ   тФФтФА тЖР [Return] true
    тФВ   тФВ   тФВ   тФВ   тФВ   тФВ   тФВ   тФВ   тФВ   тФВ   тФВ   тФЬтФА [1586] 0x905F8441dF2D7e49c52c4BF480fBdd272188811D::deposit()
    тФВ   тФВ   тФВ   тФВ   тФВ   тФВ   тФВ   тФВ   тФВ   тФВ   тФВ   тФВ   тФЬтФА [492] 0x279b2c897737a50405ED2091694F225D83F2D3bA::balanceOf(0x905F8441dF2D7e49c52c4BF480fBdd272188811D) [staticcall]
    тФВ   тФВ   тФВ   тФВ   тФВ   тФВ   тФВ   тФВ   тФВ   тФВ   тФВ   тФВ   тФВ   тФФтФА тЖР [Return] 0
    тФВ   тФВ   тФВ   тФВ   тФВ   тФВ   тФВ   тФВ   тФВ   тФВ   тФВ   тФВ   тФФтФА тЖР [Stop] 
    тФВ   тФВ   тФВ   тФВ   тФВ   тФВ   тФВ   тФВ   тФВ   тФВ   тФВ   тФЬтФА [3655] 0x905F8441dF2D7e49c52c4BF480fBdd272188811D::balanceOfPool() [staticcall]
    тФВ   тФВ   тФВ   тФВ   тФВ   тФВ   тФВ   тФВ   тФВ   тФВ   тФВ   тФВ   тФЬтФА [1613] 0x928144CD396aC88C84d60086e3Db20555C56322c::balanceOf(2) [staticcall]
    тФВ   тФВ   тФВ   тФВ   тФВ   тФВ   тФВ   тФВ   тФВ   тФВ   тФВ   тФВ   тФВ   тФЬтФА [541] 0xDccAFCE93E6e57f0464b4639d4aFD7B9Ad006F61::balanceOf(0x928144CD396aC88C84d60086e3Db20555C56322c) [staticcall]
    тФВ   тФВ   тФВ   тФВ   тФВ   тФВ   тФВ   тФВ   тФВ   тФВ   тФВ   тФВ   тФВ   тФВ   тФФтФА тЖР [Return] 66328053075383892 [6.632e16]
    тФВ   тФВ   тФВ   тФВ   тФВ   тФВ   тФВ   тФВ   тФВ   тФВ   тФВ   тФВ   тФВ   тФФтФА тЖР [Return] 0x00000000000000000000000000000000000000000000000000eba5034a339654
    тФВ   тФВ   тФВ   тФВ   тФВ   тФВ   тФВ   тФВ   тФВ   тФВ   тФВ   тФВ   тФЬтФА [492] 0x279b2c897737a50405ED2091694F225D83F2D3bA::balanceOf(0x905F8441dF2D7e49c52c4BF480fBdd272188811D) [staticcall]
    тФВ   тФВ   тФВ   тФВ   тФВ   тФВ   тФВ   тФВ   тФВ   тФВ   тФВ   тФВ   тФВ   тФФтФА тЖР [Return] 0
    тФВ   тФВ   тФВ   тФВ   тФВ   тФВ   тФВ   тФВ   тФВ   тФВ   тФВ   тФВ   тФФтФА тЖР [Return] 0x00000000000000000000000000000000000000000000000000eba5034a339654
    тФВ   тФВ   тФВ   тФВ   тФВ   тФВ   тФВ   тФВ   тФВ   тФВ   тФВ   тФЬтФА [472] 0x905F8441dF2D7e49c52c4BF480fBdd272188811D::want() [staticcall]
    тФВ   тФВ   тФВ   тФВ   тФВ   тФВ   тФВ   тФВ   тФВ   тФВ   тФВ   тФВ   тФФтФА тЖР [Return] 0x279b2c897737a50405ED2091694F225D83F2D3bA
    тФВ   тФВ   тФВ   тФВ   тФВ   тФВ   тФВ   тФВ   тФВ   тФВ   тФВ   тФЬтФА [492] 0x279b2c897737a50405ED2091694F225D83F2D3bA::balanceOf(0x660184CE8AF80e0B1e5A1172A16168b15f4136bF) [staticcall]
    тФВ   тФВ   тФВ   тФВ   тФВ   тФВ   тФВ   тФВ   тФВ   тФВ   тФВ   тФВ   тФФтФА тЖР [Return] 0
    тФВ   тФВ   тФВ   тФВ   тФВ   тФВ   тФВ   тФВ   тФВ   тФВ   тФВ   тФЬтФА emit Transfer(from: 0x0000000000000000000000000000000000000000, to: ContractTest: [0x7FA9385bE102ac3EAc297483Dd6233D62b3e1496], value: 1440606995366844921 [1.44e18])
    тФВ   тФВ   тФВ   тФВ   тФВ   тФВ   тФВ   тФВ   тФВ   тФВ   тФВ   тФФтФА тЖР [Stop] 
    тФВ   тФВ   тФВ   тФВ   тФВ   тФВ   тФВ   тФВ   тФВ   тФВ   тФФтФА тЖР [Stop] 
    тФВ   тФВ   тФВ   тФВ   тФВ   тФВ   тФВ   тФВ   тФВ   тФЬтФА [472] 0x905F8441dF2D7e49c52c4BF480fBdd272188811D::want() [staticcall]
    тФВ   тФВ   тФВ   тФВ   тФВ   тФВ   тФВ   тФВ   тФВ   тФВ   тФФтФА тЖР [Return] 0x279b2c897737a50405ED2091694F225D83F2D3bA
    тФВ   тФВ   тФВ   тФВ   тФВ   тФВ   тФВ   тФВ   тФВ   тФЬтФА [492] 0x279b2c897737a50405ED2091694F225D83F2D3bA::balanceOf(0x660184CE8AF80e0B1e5A1172A16168b15f4136bF) [staticcall]
    тФВ   тФВ   тФВ   тФВ   тФВ   тФВ   тФВ   тФВ   тФВ   тФВ   тФФтФА тЖР [Return] 0
    тФВ   тФВ   тФВ   тФВ   тФВ   тФВ   тФВ   тФВ   тФВ   тФЬтФА [472] 0x905F8441dF2D7e49c52c4BF480fBdd272188811D::want() [staticcall]
    тФВ   тФВ   тФВ   тФВ   тФВ   тФВ   тФВ   тФВ   тФВ   тФВ   тФФтФА тЖР [Return] 0x279b2c897737a50405ED2091694F225D83F2D3bA
    тФВ   тФВ   тФВ   тФВ   тФВ   тФВ   тФВ   тФВ   тФВ   тФЬтФА [3188] 0x279b2c897737a50405ED2091694F225D83F2D3bA::transfer(0x905F8441dF2D7e49c52c4BF480fBdd272188811D, 0)
    тФВ   тФВ   тФВ   тФВ   тФВ   тФВ   тФВ   тФВ   тФВ   тФВ   тФЬтФА emit Transfer(from: 0x660184CE8AF80e0B1e5A1172A16168b15f4136bF, to: 0x905F8441dF2D7e49c52c4BF480fBdd272188811D, value: 0)
    тФВ   тФВ   тФВ   тФВ   тФВ   тФВ   тФВ   тФВ   тФВ   тФВ   тФФтФА тЖР [Return] true
    тФВ   тФВ   тФВ   тФВ   тФВ   тФВ   тФВ   тФВ   тФВ   тФЬтФА [1586] 0x905F8441dF2D7e49c52c4BF480fBdd272188811D::deposit()
    тФВ   тФВ   тФВ   тФВ   тФВ   тФВ   тФВ   тФВ   тФВ   тФВ   тФЬтФА [492] 0x279b2c897737a50405ED2091694F225D83F2D3bA::balanceOf(0x905F8441dF2D7e49c52c4BF480fBdd272188811D) [staticcall]
    тФВ   тФВ   тФВ   тФВ   тФВ   тФВ   тФВ   тФВ   тФВ   тФВ   тФВ   тФФтФА тЖР [Return] 0
    тФВ   тФВ   тФВ   тФВ   тФВ   тФВ   тФВ   тФВ   тФВ   тФВ   тФФтФА тЖР [Stop] 
    тФВ   тФВ   тФВ   тФВ   тФВ   тФВ   тФВ   тФВ   тФВ   тФЬтФА [3655] 0x905F8441dF2D7e49c52c4BF480fBdd272188811D::balanceOfPool() [staticcall]
    тФВ   тФВ   тФВ   тФВ   тФВ   тФВ   тФВ   тФВ   тФВ   тФВ   тФЬтФА [1613] 0x928144CD396aC88C84d60086e3Db20555C56322c::balanceOf(2) [staticcall]
    тФВ   тФВ   тФВ   тФВ   тФВ   тФВ   тФВ   тФВ   тФВ   тФВ   тФВ   тФЬтФА [541] 0xDccAFCE93E6e57f0464b4639d4aFD7B9Ad006F61::balanceOf(0x928144CD396aC88C84d60086e3Db20555C56322c) [staticcall]
    тФВ   тФВ   тФВ   тФВ   тФВ   тФВ   тФВ   тФВ   тФВ   тФВ   тФВ   тФВ   тФФтФА тЖР [Return] 66328053075383892 [6.632e16]
    тФВ   тФВ   тФВ   тФВ   тФВ   тФВ   тФВ   тФВ   тФВ   тФВ   тФВ   тФФтФА тЖР [Return] 0x00000000000000000000000000000000000000000000000000eba5034a339654
    тФВ   тФВ   тФВ   тФВ   тФВ   тФВ   тФВ   тФВ   тФВ   тФВ   тФЬтФА [492] 0x279b2c897737a50405ED2091694F225D83F2D3bA::balanceOf(0x905F8441dF2D7e49c52c4BF480fBdd272188811D) [staticcall]
    тФВ   тФВ   тФВ   тФВ   тФВ   тФВ   тФВ   тФВ   тФВ   тФВ   тФВ   тФФтФА тЖР [Return] 0
    тФВ   тФВ   тФВ   тФВ   тФВ   тФВ   тФВ   тФВ   тФВ   тФВ   тФФтФА тЖР [Return] 0x00000000000000000000000000000000000000000000000000eba5034a339654
    тФВ   тФВ   тФВ   тФВ   тФВ   тФВ   тФВ   тФВ   тФВ   тФЬтФА [472] 0x905F8441dF2D7e49c52c4BF480fBdd272188811D::want() [staticcall]
    тФВ   тФВ   тФВ   тФВ   тФВ   тФВ   тФВ   тФВ   тФВ   тФВ   тФФтФА тЖР [Return] 0x279b2c897737a50405ED2091694F225D83F2D3bA
    тФВ   тФВ   тФВ   тФВ   тФВ   тФВ   тФВ   тФВ   тФВ   тФЬтФА [492] 0x279b2c897737a50405ED2091694F225D83F2D3bA::balanceOf(0x660184CE8AF80e0B1e5A1172A16168b15f4136bF) [staticcall]
    тФВ   тФВ   тФВ   тФВ   тФВ   тФВ   тФВ   тФВ   тФВ   тФВ   тФФтФА тЖР [Return] 0
    тФВ   тФВ   тФВ   тФВ   тФВ   тФВ   тФВ   тФВ   тФВ   тФЬтФА emit Transfer(from: 0x0000000000000000000000000000000000000000, to: ContractTest: [0x7FA9385bE102ac3EAc297483Dd6233D62b3e1496], value: 5104875568724938980 [5.104e18])
    тФВ   тФВ   тФВ   тФВ   тФВ   тФВ   тФВ   тФВ   тФВ   тФФтФА тЖР [Stop] 
    тФВ   тФВ   тФВ   тФВ   тФВ   тФВ   тФВ   тФВ   тФФтФА тЖР [Stop] 
    тФВ   тФВ   тФВ   тФВ   тФВ   тФВ   тФВ   тФЬтФА [472] 0x905F8441dF2D7e49c52c4BF480fBdd272188811D::want() [staticcall]
    тФВ   тФВ   тФВ   тФВ   тФВ   тФВ   тФВ   тФВ   тФФтФА тЖР [Return] 0x279b2c897737a50405ED2091694F225D83F2D3bA
    тФВ   тФВ   тФВ   тФВ   тФВ   тФВ   тФВ   тФЬтФА [492] 0x279b2c897737a50405ED2091694F225D83F2D3bA::balanceOf(0x660184CE8AF80e0B1e5A1172A16168b15f4136bF) [staticcall]
    тФВ   тФВ   тФВ   тФВ   тФВ   тФВ   тФВ   тФВ   тФФтФА тЖР [Return] 0
    тФВ   тФВ   тФВ   тФВ   тФВ   тФВ   тФВ   тФЬтФА [472] 0x905F8441dF2D7e49c52c4BF480fBdd272188811D::want() [staticcall]
    тФВ   тФВ   тФВ   тФВ   тФВ   тФВ   тФВ   тФВ   тФФтФА тЖР [Return] 0x279b2c897737a50405ED2091694F225D83F2D3bA
    тФВ   тФВ   тФВ   тФВ   тФВ   тФВ   тФВ   тФЬтФА [3188] 0x279b2c897737a50405ED2091694F225D83F2D3bA::transfer(0x905F8441dF2D7e49c52c4BF480fBdd272188811D, 0)
    тФВ   тФВ   тФВ   тФВ   тФВ   тФВ   тФВ   тФВ   тФЬтФА emit Transfer(from: 0x660184CE8AF80e0B1e5A1172A16168b15f4136bF, to: 0x905F8441dF2D7e49c52c4BF480fBdd272188811D, value: 0)
    тФВ   тФВ   тФВ   тФВ   тФВ   тФВ   тФВ   тФВ   тФФтФА тЖР [Return] true
    тФВ   тФВ   тФВ   тФВ   тФВ   тФВ   тФВ   тФЬтФА [1586] 0x905F8441dF2D7e49c52c4BF480fBdd272188811D::deposit()
    тФВ   тФВ   тФВ   тФВ   тФВ   тФВ   тФВ   тФВ   тФЬтФА [492] 0x279b2c897737a50405ED2091694F225D83F2D3bA::balanceOf(0x905F8441dF2D7e49c52c4BF480fBdd272188811D) [staticcall]
    тФВ   тФВ   тФВ   тФВ   тФВ   тФВ   тФВ   тФВ   тФВ   тФФтФА тЖР [Return] 0
    тФВ   тФВ   тФВ   тФВ   тФВ   тФВ   тФВ   тФВ   тФФтФА тЖР [Stop] 
    тФВ   тФВ   тФВ   тФВ   тФВ   тФВ   тФВ   тФЬтФА [3655] 0x905F8441dF2D7e49c52c4BF480fBdd272188811D::balanceOfPool() [staticcall]
    тФВ   тФВ   тФВ   тФВ   тФВ   тФВ   тФВ   тФВ   тФЬтФА [1613] 0x928144CD396aC88C84d60086e3Db20555C56322c::balanceOf(2) [staticcall]
    тФВ   тФВ   тФВ   тФВ   тФВ   тФВ   тФВ   тФВ   тФВ   тФЬтФА [541] 0xDccAFCE93E6e57f0464b4639d4aFD7B9Ad006F61::balanceOf(0x928144CD396aC88C84d60086e3Db20555C56322c) [staticcall]
    тФВ   тФВ   тФВ   тФВ   тФВ   тФВ   тФВ   тФВ   тФВ   тФВ   тФФтФА тЖР [Return] 66328053075383892 [6.632e16]
    тФВ   тФВ   тФВ   тФВ   тФВ   тФВ   тФВ   тФВ   тФВ   тФФтФА тЖР [Return] 0x00000000000000000000000000000000000000000000000000eba5034a339654
    тФВ   тФВ   тФВ   тФВ   тФВ   тФВ   тФВ   тФВ   тФЬтФА [492] 0x279b2c897737a50405ED2091694F225D83F2D3bA::balanceOf(0x905F8441dF2D7e49c52c4BF480fBdd272188811D) [staticcall]
    тФВ   тФВ   тФВ   тФВ   тФВ   тФВ   тФВ   тФВ   тФВ   тФФтФА тЖР [Return] 0
    тФВ   тФВ   тФВ   тФВ   тФВ   тФВ   тФВ   тФВ   тФФтФА тЖР [Return] 0x00000000000000000000000000000000000000000000000000eba5034a339654
    тФВ   тФВ   тФВ   тФВ   тФВ   тФВ   тФВ   тФЬтФА [472] 0x905F8441dF2D7e49c52c4BF480fBdd272188811D::want() [staticcall]
    тФВ   тФВ   тФВ   тФВ   тФВ   тФВ   тФВ   тФВ   тФФтФА тЖР [Return] 0x279b2c897737a50405ED2091694F225D83F2D3bA
    тФВ   тФВ   тФВ   тФВ   тФВ   тФВ   тФВ   тФЬтФА [492] 0x279b2c897737a50405ED2091694F225D83F2D3bA::balanceOf(0x660184CE8AF80e0B1e5A1172A16168b15f4136bF) [staticcall]
    тФВ   тФВ   тФВ   тФВ   тФВ   тФВ   тФВ   тФВ   тФФтФА тЖР [Return] 0
    тФВ   тФВ   тФВ   тФВ   тФВ   тФВ   тФВ   тФЬтФА emit Transfer(from: 0x0000000000000000000000000000000000000000, to: ContractTest: [0x7FA9385bE102ac3EAc297483Dd6233D62b3e1496], value: 18089426648611236895 [1.808e19])
    тФВ   тФВ   тФВ   тФВ   тФВ   тФВ   тФВ   тФФтФА тЖР [Stop] 
    тФВ   тФВ   тФВ   тФВ   тФВ   тФВ   тФФтФА тЖР [Stop] 
    тФВ   тФВ   тФВ   тФВ   тФВ   тФЬтФА [472] 0x905F8441dF2D7e49c52c4BF480fBdd272188811D::want() [staticcall]
    тФВ   тФВ   тФВ   тФВ   тФВ   тФВ   тФФтФА тЖР [Return] 0x279b2c897737a50405ED2091694F225D83F2D3bA
    тФВ   тФВ   тФВ   тФВ   тФВ   тФЬтФА [492] 0x279b2c897737a50405ED2091694F225D83F2D3bA::balanceOf(0x660184CE8AF80e0B1e5A1172A16168b15f4136bF) [staticcall]
    тФВ   тФВ   тФВ   тФВ   тФВ   тФВ   тФФтФА тЖР [Return] 0
    тФВ   тФВ   тФВ   тФВ   тФВ   тФЬтФА [472] 0x905F8441dF2D7e49c52c4BF480fBdd272188811D::want() [staticcall]
    тФВ   тФВ   тФВ   тФВ   тФВ   тФВ   тФФтФА тЖР [Return] 0x279b2c897737a50405ED2091694F225D83F2D3bA
    тФВ   тФВ   тФВ   тФВ   тФВ   тФЬтФА [3188] 0x279b2c897737a50405ED2091694F225D83F2D3bA::transfer(0x905F8441dF2D7e49c52c4BF480fBdd272188811D, 0)
    тФВ   тФВ   тФВ   тФВ   тФВ   тФВ   тФЬтФА emit Transfer(from: 0x660184CE8AF80e0B1e5A1172A16168b15f4136bF, to: 0x905F8441dF2D7e49c52c4BF480fBdd272188811D, value: 0)
    тФВ   тФВ   тФВ   тФВ   тФВ   тФВ   тФФтФА тЖР [Return] true
    тФВ   тФВ   тФВ   тФВ   тФВ   тФЬтФА [1586] 0x905F8441dF2D7e49c52c4BF480fBdd272188811D::deposit()
    тФВ   тФВ   тФВ   тФВ   тФВ   тФВ   тФЬтФА [492] 0x279b2c897737a50405ED2091694F225D83F2D3bA::balanceOf(0x905F8441dF2D7e49c52c4BF480fBdd272188811D) [staticcall]
    тФВ   тФВ   тФВ   тФВ   тФВ   тФВ   тФВ   тФФтФА тЖР [Return] 0
    тФВ   тФВ   тФВ   тФВ   тФВ   тФВ   тФФтФА тЖР [Stop] 
    тФВ   тФВ   тФВ   тФВ   тФВ   тФЬтФА [3655] 0x905F8441dF2D7e49c52c4BF480fBdd272188811D::balanceOfPool() [staticcall]
    тФВ   тФВ   тФВ   тФВ   тФВ   тФВ   тФЬтФА [1613] 0x928144CD396aC88C84d60086e3Db20555C56322c::balanceOf(2) [staticcall]
    тФВ   тФВ   тФВ   тФВ   тФВ   тФВ   тФВ   тФЬтФА [541] 0xDccAFCE93E6e57f0464b4639d4aFD7B9Ad006F61::balanceOf(0x928144CD396aC88C84d60086e3Db20555C56322c) [staticcall]
    тФВ   тФВ   тФВ   тФВ   тФВ   тФВ   тФВ   тФВ   тФФтФА тЖР [Return] 66328053075383892 [6.632e16]
    тФВ   тФВ   тФВ   тФВ   тФВ   тФВ   тФВ   тФФтФА тЖР [Return] 0x00000000000000000000000000000000000000000000000000eba5034a339654
    тФВ   тФВ   тФВ   тФВ   тФВ   тФВ   тФЬтФА [492] 0x279b2c897737a50405ED2091694F225D83F2D3bA::balanceOf(0x905F8441dF2D7e49c52c4BF480fBdd272188811D) [staticcall]
    тФВ   тФВ   тФВ   тФВ   тФВ   тФВ   тФВ   тФФтФА тЖР [Return] 0
    тФВ   тФВ   тФВ   тФВ   тФВ   тФВ   тФФтФА тЖР [Return] 0x00000000000000000000000000000000000000000000000000eba5034a339654
    тФВ   тФВ   тФВ   тФВ   тФВ   тФЬтФА [472] 0x905F8441dF2D7e49c52c4BF480fBdd272188811D::want() [staticcall]
    тФВ   тФВ   тФВ   тФВ   тФВ   тФВ   тФФтФА тЖР [Return] 0x279b2c897737a50405ED2091694F225D83F2D3bA
    тФВ   тФВ   тФВ   тФВ   тФВ   тФЬтФА [492] 0x279b2c897737a50405ED2091694F225D83F2D3bA::balanceOf(0x660184CE8AF80e0B1e5A1172A16168b15f4136bF) [staticcall]
    тФВ   тФВ   тФВ   тФВ   тФВ   тФВ   тФФтФА тЖР [Return] 0
    тФВ   тФВ   тФВ   тФВ   тФВ   тФЬтФА emit Transfer(from: 0x0000000000000000000000000000000000000000, to: ContractTest: [0x7FA9385bE102ac3EAc297483Dd6233D62b3e1496], value: 64100946647994200627 [6.41e19])
    тФВ   тФВ   тФВ   тФВ   тФВ   тФФтФА тЖР [Stop] 
    тФВ   тФВ   тФВ   тФВ   тФФтФА тЖР [Stop] 
    тФВ   тФВ   тФВ   тФЬтФА [472] 0x905F8441dF2D7e49c52c4BF480fBdd272188811D::want() [staticcall]
    тФВ   тФВ   тФВ   тФВ   тФФтФА тЖР [Return] 0x279b2c897737a50405ED2091694F225D83F2D3bA
    тФВ   тФВ   тФВ   тФЬтФА [492] 0x279b2c897737a50405ED2091694F225D83F2D3bA::balanceOf(0x660184CE8AF80e0B1e5A1172A16168b15f4136bF) [staticcall]
    тФВ   тФВ   тФВ   тФВ   тФФтФА тЖР [Return] 0
    тФВ   тФВ   тФВ   тФЬтФА [472] 0x905F8441dF2D7e49c52c4BF480fBdd272188811D::want() [staticcall]
    тФВ   тФВ   тФВ   тФВ   тФФтФА тЖР [Return] 0x279b2c897737a50405ED2091694F225D83F2D3bA
    тФВ   тФВ   тФВ   тФЬтФА [3188] 0x279b2c897737a50405ED2091694F225D83F2D3bA::transfer(0x905F8441dF2D7e49c52c4BF480fBdd272188811D, 0)
    тФВ   тФВ   тФВ   тФВ   тФЬтФА emit Transfer(from: 0x660184CE8AF80e0B1e5A1172A16168b15f4136bF, to: 0x905F8441dF2D7e49c52c4BF480fBdd272188811D, value: 0)
    тФВ   тФВ   тФВ   тФВ   тФФтФА тЖР [Return] true
    тФВ   тФВ   тФВ   тФЬтФА [1586] 0x905F8441dF2D7e49c52c4BF480fBdd272188811D::deposit()
    тФВ   тФВ   тФВ   тФВ   тФЬтФА [492] 0x279b2c897737a50405ED2091694F225D83F2D3bA::balanceOf(0x905F8441dF2D7e49c52c4BF480fBdd272188811D) [staticcall]
    тФВ   тФВ   тФВ   тФВ   тФВ   тФФтФА тЖР [Return] 0
    тФВ   тФВ   тФВ   тФВ   тФФтФА тЖР [Stop] 
    тФВ   тФВ   тФВ   тФЬтФА [3655] 0x905F8441dF2D7e49c52c4BF480fBdd272188811D::balanceOfPool() [staticcall]
    тФВ   тФВ   тФВ   тФВ   тФЬтФА [1613] 0x928144CD396aC88C84d60086e3Db20555C56322c::balanceOf(2) [staticcall]
    тФВ   тФВ   тФВ   тФВ   тФВ   тФЬтФА [541] 0xDccAFCE93E6e57f0464b4639d4aFD7B9Ad006F61::balanceOf(0x928144CD396aC88C84d60086e3Db20555C56322c) [staticcall]
    тФВ   тФВ   тФВ   тФВ   тФВ   тФВ   тФФтФА тЖР [Return] 66328053075383892 [6.632e16]
    тФВ   тФВ   тФВ   тФВ   тФВ   тФФтФА тЖР [Return] 0x00000000000000000000000000000000000000000000000000eba5034a339654
    тФВ   тФВ   тФВ   тФВ   тФЬтФА [492] 0x279b2c897737a50405ED2091694F225D83F2D3bA::balanceOf(0x905F8441dF2D7e49c52c4BF480fBdd272188811D) [staticcall]
    тФВ   тФВ   тФВ   тФВ   тФВ   тФФтФА тЖР [Return] 0
    тФВ   тФВ   тФВ   тФВ   тФФтФА тЖР [Return] 0x00000000000000000000000000000000000000000000000000eba5034a339654
    тФВ   тФВ   тФВ   тФЬтФА [472] 0x905F8441dF2D7e49c52c4BF480fBdd272188811D::want() [staticcall]
    тФВ   тФВ   тФВ   тФВ   тФФтФА тЖР [Return] 0x279b2c897737a50405ED2091694F225D83F2D3bA
    тФВ   тФВ   тФВ   тФЬтФА [492] 0x279b2c897737a50405ED2091694F225D83F2D3bA::balanceOf(0x660184CE8AF80e0B1e5A1172A16168b15f4136bF) [staticcall]
    тФВ   тФВ   тФВ   тФВ   тФФтФА тЖР [Return] 0
    тФВ   тФВ   тФВ   тФЬтФА emit Transfer(from: 0x0000000000000000000000000000000000000000, to: ContractTest: [0x7FA9385bE102ac3EAc297483Dd6233D62b3e1496], value: 227145472379272462836 [2.271e20])
    тФВ   тФВ   тФВ   тФФтФА тЖР [Stop] 
    тФВ   тФВ   тФЬтФА [144393] 0x660184CE8AF80e0B1e5A1172A16168b15f4136bF::withdrawAll()
    тФВ   тФВ   тФВ   тФЬтФА [3655] 0x905F8441dF2D7e49c52c4BF480fBdd272188811D::balanceOfPool() [staticcall]
    тФВ   тФВ   тФВ   тФВ   тФЬтФА [1613] 0x928144CD396aC88C84d60086e3Db20555C56322c::balanceOf(2) [staticcall]
    тФВ   тФВ   тФВ   тФВ   тФВ   тФЬтФА [541] 0xDccAFCE93E6e57f0464b4639d4aFD7B9Ad006F61::balanceOf(0x928144CD396aC88C84d60086e3Db20555C56322c) [staticcall]
    тФВ   тФВ   тФВ   тФВ   тФВ   тФВ   тФФтФА тЖР [Return] 66328053075383892 [6.632e16]
    тФВ   тФВ   тФВ   тФВ   тФВ   тФФтФА тЖР [Return] 0x00000000000000000000000000000000000000000000000000eba5034a339654
    тФВ   тФВ   тФВ   тФВ   тФЬтФА [492] 0x279b2c897737a50405ED2091694F225D83F2D3bA::balanceOf(0x905F8441dF2D7e49c52c4BF480fBdd272188811D) [staticcall]
    тФВ   тФВ   тФВ   тФВ   тФВ   тФФтФА тЖР [Return] 0
    тФВ   тФВ   тФВ   тФВ   тФФтФА тЖР [Return] 0x00000000000000000000000000000000000000000000000000eba5034a339654
    тФВ   тФВ   тФВ   тФЬтФА [472] 0x905F8441dF2D7e49c52c4BF480fBdd272188811D::want() [staticcall]
    тФВ   тФВ   тФВ   тФВ   тФФтФА тЖР [Return] 0x279b2c897737a50405ED2091694F225D83F2D3bA
    тФВ   тФВ   тФВ   тФЬтФА [492] 0x279b2c897737a50405ED2091694F225D83F2D3bA::balanceOf(0x660184CE8AF80e0B1e5A1172A16168b15f4136bF) [staticcall]
    тФВ   тФВ   тФВ   тФВ   тФФтФА тЖР [Return] 0
    тФВ   тФВ   тФВ   тФЬтФА emit Transfer(from: ContractTest: [0x7FA9385bE102ac3EAc297483Dd6233D62b3e1496], to: 0x0000000000000000000000000000000000000000, value: 316434974081378761303 [3.164e20])
    тФВ   тФВ   тФВ   тФЬтФА [472] 0x905F8441dF2D7e49c52c4BF480fBdd272188811D::want() [staticcall]
    тФВ   тФВ   тФВ   тФВ   тФФтФА тЖР [Return] 0x279b2c897737a50405ED2091694F225D83F2D3bA
    тФВ   тФВ   тФВ   тФЬтФА [492] 0x279b2c897737a50405ED2091694F225D83F2D3bA::balanceOf(0x660184CE8AF80e0B1e5A1172A16168b15f4136bF) [staticcall]
    тФВ   тФВ   тФВ   тФВ   тФФтФА тЖР [Return] 0
    тФВ   тФВ   тФВ   тФЬтФА [104010] 0x905F8441dF2D7e49c52c4BF480fBdd272188811D::withdraw(66325385110438040 [6.632e16])
    тФВ   тФВ   тФВ   тФВ   тФЬтФА [492] 0x279b2c897737a50405ED2091694F225D83F2D3bA::balanceOf(0x905F8441dF2D7e49c52c4BF480fBdd272188811D) [staticcall]
    тФВ   тФВ   тФВ   тФВ   тФВ   тФФтФА тЖР [Return] 0
    тФВ   тФВ   тФВ   тФВ   тФЬтФА [76011] 0x928144CD396aC88C84d60086e3Db20555C56322c::beforeWithdraw(2, 66325385110438040 [6.632e16])
    тФВ   тФВ   тФВ   тФВ   тФВ   тФЬтФА [48151] 0xDccAFCE93E6e57f0464b4639d4aFD7B9Ad006F61::withdraw(66325385110438040 [6.632e16])
    тФВ   тФВ   тФВ   тФВ   тФВ   тФВ   тФЬтФА [23088] 0x279b2c897737a50405ED2091694F225D83F2D3bA::transfer(0x928144CD396aC88C84d60086e3Db20555C56322c, 66325385110438040 [6.632e16])
    тФВ   тФВ   тФВ   тФВ   тФВ   тФВ   тФВ   тФЬтФА emit Transfer(from: 0xDccAFCE93E6e57f0464b4639d4aFD7B9Ad006F61, to: 0x928144CD396aC88C84d60086e3Db20555C56322c, value: 66325385110438040 [6.632e16])
    тФВ   тФВ   тФВ   тФВ   тФВ   тФВ   тФВ   тФФтФА тЖР [Return] true
    тФВ   тФВ   тФВ   тФВ   тФВ   тФВ   тФЬтФА emit Withdrawn(param0: 0x928144CD396aC88C84d60086e3Db20555C56322c, param1: 66325385110438040 [6.632e16])
    тФВ   тФВ   тФВ   тФВ   тФВ   тФВ   тФЬтФА [2684] 0x2FBFf41a9efAEAE77538bd63f1ea489494acdc08::totalSupply() [staticcall]
    тФВ   тФВ   тФВ   тФВ   тФВ   тФВ   тФВ   тФФтФА тЖР [Return] 82106256122257975645807950 [8.21e25]
    тФВ   тФВ   тФВ   тФВ   тФВ   тФВ   тФЬтФА [2684] 0x2FBFf41a9efAEAE77538bd63f1ea489494acdc08::totalSupply() [staticcall]
    тФВ   тФВ   тФВ   тФВ   тФВ   тФВ   тФВ   тФФтФА тЖР [Return] 82106256122257975645807950 [8.21e25]
    тФВ   тФВ   тФВ   тФВ   тФВ   тФВ   тФЬтФА [2010] 0x2FBFf41a9efAEAE77538bd63f1ea489494acdc08::balanceOf(0x928144CD396aC88C84d60086e3Db20555C56322c) [staticcall]
    тФВ   тФВ   тФВ   тФВ   тФВ   тФВ   тФВ   тФФтФА тЖР [Return] 9048733472782055151463000 [9.048e24]
    тФВ   тФВ   тФВ   тФВ   тФВ   тФВ   тФФтФА тЖР [Stop] 
    тФВ   тФВ   тФВ   тФВ   тФВ   тФЬтФА [492] 0x279b2c897737a50405ED2091694F225D83F2D3bA::balanceOf(0x928144CD396aC88C84d60086e3Db20555C56322c) [staticcall]
    тФВ   тФВ   тФВ   тФВ   тФВ   тФВ   тФФтФА тЖР [Return] 66325385110438040 [6.632e16]
    тФВ   тФВ   тФВ   тФВ   тФВ   тФЬтФА [23088] 0x279b2c897737a50405ED2091694F225D83F2D3bA::transfer(0x905F8441dF2D7e49c52c4BF480fBdd272188811D, 66325385110438040 [6.632e16])
    тФВ   тФВ   тФВ   тФВ   тФВ   тФВ   тФЬтФА emit Transfer(from: 0x928144CD396aC88C84d60086e3Db20555C56322c, to: 0x905F8441dF2D7e49c52c4BF480fBdd272188811D, value: 66325385110438040 [6.632e16])
    тФВ   тФВ   тФВ   тФВ   тФВ   тФВ   тФФтФА тЖР [Return] true
    тФВ   тФВ   тФВ   тФВ   тФВ   тФФтФА тЖР [Stop] 
    тФВ   тФВ   тФВ   тФВ   тФЬтФА [492] 0x279b2c897737a50405ED2091694F225D83F2D3bA::balanceOf(0x905F8441dF2D7e49c52c4BF480fBdd272188811D) [staticcall]
    тФВ   тФВ   тФВ   тФВ   тФВ   тФФтФА тЖР [Return] 66325385110438040 [6.632e16]
    тФВ   тФВ   тФВ   тФВ   тФЬтФА [23088] 0x279b2c897737a50405ED2091694F225D83F2D3bA::transfer(0x660184CE8AF80e0B1e5A1172A16168b15f4136bF, 66325385110438040 [6.632e16])
    тФВ   тФВ   тФВ   тФВ   тФВ   тФЬтФА emit Transfer(from: 0x905F8441dF2D7e49c52c4BF480fBdd272188811D, to: 0x660184CE8AF80e0B1e5A1172A16168b15f4136bF, value: 66325385110438040 [6.632e16])
    тФВ   тФВ   тФВ   тФВ   тФВ   тФФтФА тЖР [Return] true
    тФВ   тФВ   тФВ   тФВ   тФФтФА тЖР [Stop] 
    тФВ   тФВ   тФВ   тФЬтФА [472] 0x905F8441dF2D7e49c52c4BF480fBdd272188811D::want() [staticcall]
    тФВ   тФВ   тФВ   тФВ   тФФтФА тЖР [Return] 0x279b2c897737a50405ED2091694F225D83F2D3bA
    тФВ   тФВ   тФВ   тФЬтФА [492] 0x279b2c897737a50405ED2091694F225D83F2D3bA::balanceOf(0x660184CE8AF80e0B1e5A1172A16168b15f4136bF) [staticcall]
    тФВ   тФВ   тФВ   тФВ   тФФтФА тЖР [Return] 66325385110438040 [6.632e16]
    тФВ   тФВ   тФВ   тФЬтФА [472] 0x905F8441dF2D7e49c52c4BF480fBdd272188811D::want() [staticcall]
    тФВ   тФВ   тФВ   тФВ   тФФтФА тЖР [Return] 0x279b2c897737a50405ED2091694F225D83F2D3bA
    тФВ   тФВ   тФВ   тФЬтФА [23088] 0x279b2c897737a50405ED2091694F225D83F2D3bA::transfer(ContractTest: [0x7FA9385bE102ac3EAc297483Dd6233D62b3e1496], 66325385110438040 [6.632e16])
    тФВ   тФВ   тФВ   тФВ   тФЬтФА emit Transfer(from: 0x660184CE8AF80e0B1e5A1172A16168b15f4136bF, to: ContractTest: [0x7FA9385bE102ac3EAc297483Dd6233D62b3e1496], value: 66325385110438040 [6.632e16])
    тФВ   тФВ   тФВ   тФВ   тФФтФА тЖР [Return] true
    тФВ   тФВ   тФВ   тФФтФА тЖР [Stop] 
    тФВ   тФВ   тФЬтФА [492] 0x279b2c897737a50405ED2091694F225D83F2D3bA::balanceOf(ContractTest: [0x7FA9385bE102ac3EAc297483Dd6233D62b3e1496]) [staticcall]
    тФВ   тФВ   тФВ   тФФтФА тЖР [Return] 66325385110438040 [6.632e16]
    тФВ   тФВ   тФЬтФА [25088] 0x279b2c897737a50405ED2091694F225D83F2D3bA::transfer(0x279b2c897737a50405ED2091694F225D83F2D3bA, 66325385110438040 [6.632e16])
    тФВ   тФВ   тФВ   тФЬтФА emit Transfer(from: ContractTest: [0x7FA9385bE102ac3EAc297483Dd6233D62b3e1496], to: 0x279b2c897737a50405ED2091694F225D83F2D3bA, value: 66325385110438040 [6.632e16])
    тФВ   тФВ   тФВ   тФФтФА тЖР [Return] true
    тФВ   тФВ   тФЬтФА [59426] 0x279b2c897737a50405ED2091694F225D83F2D3bA::burn(ContractTest: [0x7FA9385bE102ac3EAc297483Dd6233D62b3e1496])
    тФВ   тФВ   тФВ   тФЬтФА [488] 0x21be370D5312f44cB42ce377BC9b8a0cEF1A4C83::balanceOf(0x279b2c897737a50405ED2091694F225D83F2D3bA) [staticcall]
    тФВ   тФВ   тФВ   тФВ   тФФтФА тЖР [Return] 2671590170824961625605724 [2.671e24]
    тФВ   тФВ   тФВ   тФЬтФА [597] 0x321162Cd933E2Be498Cd2267a90534A804051b11::balanceOf(0x279b2c897737a50405ED2091694F225D83F2D3bA) [staticcall]
    тФВ   тФВ   тФВ   тФВ   тФФтФА тЖР [Return] 8677979999 [8.677e9]
    тФВ   тФВ   тФВ   тФЬтФА [338] 0xEF45d134b73241eDa7703fa787148D9C9F4950b0::feeTo() [staticcall]
    тФВ   тФВ   тФВ   тФВ   тФФтФА тЖР [Return] 0x5ceC66F552B1D3406f65Eb1A4a4914f448F98E9c
    тФВ   тФВ   тФВ   тФЬтФА emit Transfer(from: 0x279b2c897737a50405ED2091694F225D83F2D3bA, to: 0x0000000000000000000000000000000000000000, value: 66325385110438040 [6.632e16])
    тФВ   тФВ   тФВ   тФЬтФА [3398] 0x21be370D5312f44cB42ce377BC9b8a0cEF1A4C83::transfer(ContractTest: [0x7FA9385bE102ac3EAc297483Dd6233D62b3e1496], 1286627531535482533090765 [1.286e24])
    тФВ   тФВ   тФВ   тФВ   тФЬтФА emit Transfer(from: 0x279b2c897737a50405ED2091694F225D83F2D3bA, to: ContractTest: [0x7FA9385bE102ac3EAc297483Dd6233D62b3e1496], value: 1286627531535482533090765 [1.286e24])
    тФВ   тФВ   тФВ   тФВ   тФФтФА тЖР [Return] true
    тФВ   тФВ   тФВ   тФЬтФА [23123] 0x321162Cd933E2Be498Cd2267a90534A804051b11::transfer(ContractTest: [0x7FA9385bE102ac3EAc297483Dd6233D62b3e1496], 4179281727 [4.179e9])
    тФВ   тФВ   тФВ   тФВ   тФЬтФА emit Transfer(from: 0x279b2c897737a50405ED2091694F225D83F2D3bA, to: ContractTest: [0x7FA9385bE102ac3EAc297483Dd6233D62b3e1496], value: 4179281727 [4.179e9])
    тФВ   тФВ   тФВ   тФВ   тФФтФА тЖР [Return] true
    тФВ   тФВ   тФВ   тФЬтФА [488] 0x21be370D5312f44cB42ce377BC9b8a0cEF1A4C83::balanceOf(0x279b2c897737a50405ED2091694F225D83F2D3bA) [staticcall]
    тФВ   тФВ   тФВ   тФВ   тФФтФА тЖР [Return] 1384962639289479092514959 [1.384e24]
    тФВ   тФВ   тФВ   тФЬтФА [597] 0x321162Cd933E2Be498Cd2267a90534A804051b11::balanceOf(0x279b2c897737a50405ED2091694F225D83F2D3bA) [staticcall]
    тФВ   тФВ   тФВ   тФВ   тФФтФА тЖР [Return] 4498698272 [4.498e9]
    тФВ   тФВ   тФВ   тФЬтФА emit Sync(reserve0: 1384962639289479092514959 [1.384e24], reserve1: 4498698272 [4.498e9])
    тФВ   тФВ   тФВ   тФЬтФА emit Burn(sender: ContractTest: [0x7FA9385bE102ac3EAc297483Dd6233D62b3e1496], amount0: 1286627531535482533090765 [1.286e24], amount1: 4179281727 [4.179e9], to: ContractTest: [0x7FA9385bE102ac3EAc297483Dd6233D62b3e1496])
    тФВ   тФВ   тФВ   тФФтФА тЖР [Return] 1286627531535482533090765 [1.286e24], 4179281727 [4.179e9]
    тФВ   тФВ   тФЬтФА [3398] 0x21be370D5312f44cB42ce377BC9b8a0cEF1A4C83::transfer(0x20dd72Ed959b6147912C2e529F0a0C651c33c9ce, 938111349000000000000000 [9.381e23])
    тФВ   тФВ   тФВ   тФЬтФА emit Transfer(from: ContractTest: [0x7FA9385bE102ac3EAc297483Dd6233D62b3e1496], to: 0x20dd72Ed959b6147912C2e529F0a0C651c33c9ce, value: 938111349000000000000000 [9.381e23])
    тФВ   тФВ   тФВ   тФФтФА тЖР [Return] true
    тФВ   тФВ   тФЬтФА [3223] 0x321162Cd933E2Be498Cd2267a90534A804051b11::transfer(0x20dd72Ed959b6147912C2e529F0a0C651c33c9ce, 3000900000 [3e9])
    тФВ   тФВ   тФВ   тФЬтФА emit Transfer(from: ContractTest: [0x7FA9385bE102ac3EAc297483Dd6233D62b3e1496], to: 0x20dd72Ed959b6147912C2e529F0a0C651c33c9ce, value: 3000900000 [3e9])
    тФВ   тФВ   тФВ   тФФтФА тЖР [Return] true
    тФВ   тФВ   тФЬтФА [488] 0x21be370D5312f44cB42ce377BC9b8a0cEF1A4C83::balanceOf(ContractTest: [0x7FA9385bE102ac3EAc297483Dd6233D62b3e1496]) [staticcall]
    тФВ   тФВ   тФВ   тФФтФА тЖР [Return] 362770590819615422480573 [3.627e23]
    тФВ   тФВ   тФЬтФА emit log_named_uint(key: "WFTM attacker profit", val: 362770 [3.627e5])
    тФВ   тФВ   тФЬтФА [597] 0x321162Cd933E2Be498Cd2267a90534A804051b11::balanceOf(ContractTest: [0x7FA9385bE102ac3EAc297483Dd6233D62b3e1496]) [staticcall]
    тФВ   тФВ   тФВ   тФФтФА тЖР [Return] 1178381727 [1.178e9]
    тФВ   тФВ   тФЬтФА emit log_named_uint(key: "BTC attacker profit", val: 11)
    тФВ   тФВ   тФФтФА тЖР [Stop] 
    тФВ   тФЬтФА [488] 0x21be370D5312f44cB42ce377BC9b8a0cEF1A4C83::balanceOf(0x20dd72Ed959b6147912C2e529F0a0C651c33c9ce) [staticcall]
    тФВ   тФВ   тФФтФА тЖР [Return] 11578132851531033888625314 [1.157e25]
    тФВ   тФЬтФА [8198] 0x21be370D5312f44cB42ce377BC9b8a0cEF1A4C83::transfer(0xC6920d3a369E7c8BD1A22DbE385e11d1F7aF948F, 281349000000000000000 [2.813e20])
    тФВ   тФВ   тФЬтФА emit Transfer(from: 0x20dd72Ed959b6147912C2e529F0a0C651c33c9ce, to: 0xC6920d3a369E7c8BD1A22DbE385e11d1F7aF948F, value: 281349000000000000000 [2.813e20])
    тФВ   тФВ   тФФтФА тЖР [Return] true
    тФВ   тФЬтФА emit FlashLoan(param0: ContractTest: [0x7FA9385bE102ac3EAc297483Dd6233D62b3e1496], param1: 0x21be370D5312f44cB42ce377BC9b8a0cEF1A4C83, param2: 937830000000000000000000 [9.378e23], param3: 281349000000000000000 [2.813e20])
    тФВ   тФЬтФА [597] 0x321162Cd933E2Be498Cd2267a90534A804051b11::balanceOf(0x20dd72Ed959b6147912C2e529F0a0C651c33c9ce) [staticcall]
    тФВ   тФВ   тФФтФА тЖР [Return] 20638077079 [2.063e10]
    тФВ   тФЬтФА [8023] 0x321162Cd933E2Be498Cd2267a90534A804051b11::transfer(0xC6920d3a369E7c8BD1A22DbE385e11d1F7aF948F, 900000 [9e5])
    тФВ   тФВ   тФЬтФА emit Transfer(from: 0x20dd72Ed959b6147912C2e529F0a0C651c33c9ce, to: 0xC6920d3a369E7c8BD1A22DbE385e11d1F7aF948F, value: 900000 [9e5])
    тФВ   тФВ   тФФтФА тЖР [Return] true
    тФВ   тФЬтФА emit FlashLoan(param0: ContractTest: [0x7FA9385bE102ac3EAc297483Dd6233D62b3e1496], param1: 0x321162Cd933E2Be498Cd2267a90534A804051b11, param2: 3000000000 [3e9], param3: 900000 [9e5])
    тФВ   тФФтФА тЖР [Stop] 
    тФФтФА тЖР [Stop] 

Suite result: ok. 1 passed; 0 failed; 0 skipped; finished in 339.60ms (7.82ms CPU time)

Ran 2 test suites in 341.03ms (604.20ms CPU time): 2 tests passed, 0 failed, 0 skipped (2 total tests)
