Compiling 28 files with Solc 0.8.25
Solc 0.8.25 finished in 1.91s
Compiler run successful with warnings:
Warning (2519): This declaration shadows an existing declaration.
   --> src/test/interface.sol:886:5:
    |
886 |     function WETH() external view returns (address);
    |     ^^^^^^^^^^^^^^^^^^^^^^^^^^^^^^^^^^^^^^^^^^^^^^^^
Note: The shadowed declaration is here:
   --> src/test/interface.sol:641:1:
    |
641 | interface WETH {
    | ^ (Relevant source part starts here and spans across multiple lines).

Warning (2519): This declaration shadows an existing declaration.
    --> src/test/interface.sol:1598:5:
     |
1598 |     function WETH() external view returns (address);
     |     ^^^^^^^^^^^^^^^^^^^^^^^^^^^^^^^^^^^^^^^^^^^^^^^^
Note: The shadowed declaration is here:
   --> src/test/interface.sol:641:1:
    |
641 | interface WETH {
    | ^ (Relevant source part starts here and spans across multiple lines).

Warning (2519): This declaration shadows an existing declaration.
    --> src/test/interface.sol:1850:5:
     |
1850 |     function WETH() external view returns (address);
     |     ^^^^^^^^^^^^^^^^^^^^^^^^^^^^^^^^^^^^^^^^^^^^^^^^
Note: The shadowed declaration is here:
   --> src/test/interface.sol:641:1:
    |
641 | interface WETH {
    | ^ (Relevant source part starts here and spans across multiple lines).

Warning (2519): This declaration shadows an existing declaration.
    --> src/test/interface.sol:2560:5:
     |
2560 |     function WETH() external view returns (address);
     |     ^^^^^^^^^^^^^^^^^^^^^^^^^^^^^^^^^^^^^^^^^^^^^^^^
Note: The shadowed declaration is here:
   --> src/test/interface.sol:641:1:
    |
641 | interface WETH {
    | ^ (Relevant source part starts here and spans across multiple lines).

Warning (2519): This declaration shadows an existing declaration.
    --> src/test/interface.sol:3759:5:
     |
3759 |     function WETH() external view returns (address);
     |     ^^^^^^^^^^^^^^^^^^^^^^^^^^^^^^^^^^^^^^^^^^^^^^^^
Note: The shadowed declaration is here:
   --> src/test/interface.sol:641:1:
    |
641 | interface WETH {
    | ^ (Relevant source part starts here and spans across multiple lines).

Warning (2519): This declaration shadows an existing declaration.
   --> src/test/2024-06/INcufi_exp.sol:129:5:
    |
129 |     IWBNB WBNB = IWBNB(payable(0xbb4CdB9CBd36B01bD1cBaEBF2De08d9173bc095c));
    |     ^^^^^^^^^^^^^^^^^^^^^^^^^^^^^^^^^^^^^^^^^^^^^^^^^^^^^^^^^^^^^^^^^^^^^^^
Note: The shadowed declaration is here:
    --> src/test/interface.sol:2080:1:
     |
2080 | interface WBNB {
     | ^ (Relevant source part starts here and spans across multiple lines).

Warning (2519): This declaration shadows an existing declaration.
   --> src/test/2024-06/INcufi_exp.sol:167:5:
    |
167 |     IWBNB WBNB = IWBNB(payable(0xbb4CdB9CBd36B01bD1cBaEBF2De08d9173bc095c));
    |     ^^^^^^^^^^^^^^^^^^^^^^^^^^^^^^^^^^^^^^^^^^^^^^^^^^^^^^^^^^^^^^^^^^^^^^^
Note: The shadowed declaration is here:
    --> src/test/interface.sol:2080:1:
     |
2080 | interface WBNB {
     | ^ (Relevant source part starts here and spans across multiple lines).

Warning (3628): This contract has a payable fallback function, but no receive ether function. Consider adding a receive ether function.
   --> src/test/2024-06/INcufi_exp.sol:128:1:
    |
128 | contract Money is Test{
    | ^ (Relevant source part starts here and spans across multiple lines).
Note: The payable fallback function is defined here.
   --> src/test/2024-06/INcufi_exp.sol:164:5:
    |
164 |     fallback() external payable {}
    |     ^^^^^^^^^^^^^^^^^^^^^^^^^^^^^^

Warning (3628): This contract has a payable fallback function, but no receive ether function. Consider adding a receive ether function.
   --> src/test/2024-06/INcufi_exp.sol:166:1:
    |
166 | contract Moneys is Test{
    | ^ (Relevant source part starts here and spans across multiple lines).
Note: The payable fallback function is defined here.
   --> src/test/2024-06/INcufi_exp.sol:183:5:
    |
183 |     fallback() external payable {}
    |     ^^^^^^^^^^^^^^^^^^^^^^^^^^^^^^

Warning (2018): Function state mutability can be restricted to view
  --> src/test/2024-06/INcufi_exp.sol:92:5:
   |
92 |     function cal_address(uint256 time,address owner) internal returns(address){
   |     ^ (Relevant source part starts here and spans across multiple lines).

Warning (2018): Function state mutability can be restricted to view
   --> src/test/2024-06/INcufi_exp.sol:146:5:
    |
146 |     function getAdd()public returns(address){
    |     ^ (Relevant source part starts here and spans across multiple lines).

Warning (5574): Contract code size is 26578 bytes and exceeds 24576 bytes (a limit introduced in Spurious Dragon). This contract may not be deployable on Mainnet. Consider enabling the optimizer (with a low "runs" value!), turning off revert strings, or using libraries.
  --> src/test/2024-06/INcufi_exp.sol:39:1:
   |
39 | contract Exploit is Test {
   | ^ (Relevant source part starts here and spans across multiple lines).


Ran 1 test for script/Exploit-template_new.sol:ExploitScript
[PASS] testExploit() (gas: 20485)
Logs:
  Attacker ETH Balance Before exploit: 0.000000000000000000
  Attacker ETH Balance After exploit: 0.000000000000000000

Traces:
  [20485] ExploitScript::testExploit()
    ├─ [0] VM::deal(ExploitScript: [0x7FA9385bE102ac3EAc297483Dd6233D62b3e1496], 0)
    │   └─ ← [Return] 
    ├─ emit log_named_decimal_uint(key: "Attacker ETH Balance Before exploit", val: 0, decimals: 18)
    ├─ emit log_named_decimal_uint(key: "Attacker ETH Balance After exploit", val: 0, decimals: 18)
    └─ ← [Stop] 

Suite result: ok. 1 passed; 0 failed; 0 skipped; finished in 278.38ms (111.48µs CPU time)

Ran 1 test for src/test/2024-06/INcufi_exp.sol:Exploit
[FAIL. Reason: EvmError: Revert] testExploit() (gas: 1073201658)
Logs:
  [End] Attacker BUSD before exploit: 50000.000000000000000000

Traces:
  [226214] Exploit::setUp()
    ├─ [0] VM::createSelectFork("bsc", 39729927 [3.972e7])
    │   └─ ← [Return] 0
    ├─ [2531] 0x55d398326f99059fF775485246999027B3197955::balanceOf(Exploit: [0x7FA9385bE102ac3EAc297483Dd6233D62b3e1496]) [staticcall]
    │   └─ ← [Return] 26542161622221038197 [2.654e19]
    ├─ [0] VM::record()
    │   └─ ← [Return] 
    ├─ [531] 0x55d398326f99059fF775485246999027B3197955::balanceOf(Exploit: [0x7FA9385bE102ac3EAc297483Dd6233D62b3e1496]) [staticcall]
    │   └─ ← [Return] 26542161622221038197 [2.654e19]
    ├─ [0] VM::accesses(0x55d398326f99059fF775485246999027B3197955)
    │   └─ ← [Return] [0xb38645331535d8a24250bd866c230d0d85c11b90105fdba49ccc7bb4d9c6bc96], []
    ├─ [0] VM::load(0x55d398326f99059fF775485246999027B3197955, 0xb38645331535d8a24250bd866c230d0d85c11b90105fdba49ccc7bb4d9c6bc96) [staticcall]
    │   └─ ← [Return] 0x0000000000000000000000000000000000000000000000017058b35e777da275
    ├─ [0] VM::load(0x55d398326f99059fF775485246999027B3197955, 0xb38645331535d8a24250bd866c230d0d85c11b90105fdba49ccc7bb4d9c6bc96) [staticcall]
    │   └─ ← [Return] 0x0000000000000000000000000000000000000000000000017058b35e777da275
    ├─ [531] 0x55d398326f99059fF775485246999027B3197955::balanceOf(Exploit: [0x7FA9385bE102ac3EAc297483Dd6233D62b3e1496]) [staticcall]
    │   └─ ← [Return] 26542161622221038197 [2.654e19]
    ├─ [0] VM::store(0x55d398326f99059fF775485246999027B3197955, 0xb38645331535d8a24250bd866c230d0d85c11b90105fdba49ccc7bb4d9c6bc96, 0x0000000000000000000000000000000000000000000000000000000000000000)
    │   └─ ← [Return] 
    ├─ [531] 0x55d398326f99059fF775485246999027B3197955::balanceOf(Exploit: [0x7FA9385bE102ac3EAc297483Dd6233D62b3e1496]) [staticcall]
    │   └─ ← [Return] 0
    ├─ [0] VM::store(0x55d398326f99059fF775485246999027B3197955, 0xb38645331535d8a24250bd866c230d0d85c11b90105fdba49ccc7bb4d9c6bc96, 0x0000000000000000000000000000000000000000000000017058b35e777da275)
    │   └─ ← [Return] 
    ├─ emit SlotFound(who: 0x55d398326f99059fF775485246999027B3197955, fsig: 0x70a08231, keysHash: 0x5ff10565516c110180bb9cc111cdbc2b0a68e09ff7fac17290373c3aa4a1bb03, slot: 81201235000773904770131445719184449197250777359516868712991521815545917127830 [8.12e76])
    ├─ [0] VM::load(0x55d398326f99059fF775485246999027B3197955, 0xb38645331535d8a24250bd866c230d0d85c11b90105fdba49ccc7bb4d9c6bc96) [staticcall]
    │   └─ ← [Return] 0x0000000000000000000000000000000000000000000000017058b35e777da275
    ├─ [0] VM::store(0x55d398326f99059fF775485246999027B3197955, 0xb38645331535d8a24250bd866c230d0d85c11b90105fdba49ccc7bb4d9c6bc96, 0x000000000000000000000000000000000000000000000a968163f0a57b400000)
    │   └─ ← [Return] 
    ├─ [531] 0x55d398326f99059fF775485246999027B3197955::balanceOf(Exploit: [0x7FA9385bE102ac3EAc297483Dd6233D62b3e1496]) [staticcall]
    │   └─ ← [Return] 50000000000000000000000 [5e22]
    └─ ← [Stop] 

  [1073201658] Exploit::testExploit()
    ├─ [2531] 0x55d398326f99059fF775485246999027B3197955::balanceOf(Exploit: [0x7FA9385bE102ac3EAc297483Dd6233D62b3e1496]) [staticcall]
    │   └─ ← [Return] 50000000000000000000000 [5e22]
    ├─ emit log_named_decimal_uint(key: "[End] Attacker BUSD before exploit", val: 50000000000000000000000 [5e22], decimals: 18)
    ├─ [1040366612] → new <unknown>@0xf4C54F9e454A07E39C1c37016D8Fe09AAe7F84bF
    │   ├─ [63] 0x3213573C46eb905bA17F0Bb650E10C2352552e8a::approve(Exploit: [0x7FA9385bE102ac3EAc297483Dd6233D62b3e1496], 115792089237316195423570985008687907853269984665640564039457584007913129639935 [1.157e77])
    │   │   └─ ← [NotActivated] EvmError: NotActivated
    │   └─ ← [Revert] EvmError: Revert
    ├─ [63] 0x80df77b2Ae5828FF499A735ee823D6CD7Cf95f5a::register(0xBe3a5bB93f830f2377915a13c156c9D98EDCF734)
    │   └─ ← [NotActivated] EvmError: NotActivated
    └─ ← [Revert] EvmError: Revert

Suite result: FAILED. 0 passed; 1 failed; 0 skipped; finished in 302.29ms (478.80µs CPU time)

Ran 2 test suites in 610.26ms (580.67ms CPU time): 1 tests passed, 1 failed, 0 skipped (2 total tests)

Failing tests:
Encountered 1 failing test in src/test/2024-06/INcufi_exp.sol:Exploit
[FAIL. Reason: EvmError: Revert] testExploit() (gas: 1073201658)

Encountered a total of 1 failing tests, 1 tests succeeded
