Compiling 28 files with Solc 0.8.25
Solc 0.8.25 finished in 1.14s
Compiler run successful with warnings:
Warning (2519): This declaration shadows an existing declaration.
   --> src/test/interface.sol:886:5:
    |
886 |     function WETH() external view returns (address);
    |     ^^^^^^^^^^^^^^^^^^^^^^^^^^^^^^^^^^^^^^^^^^^^^^^^
Note: The shadowed declaration is here:
   --> src/test/interface.sol:641:1:
    |
641 | interface WETH {
    | ^ (Relevant source part starts here and spans across multiple lines).

Warning (2519): This declaration shadows an existing declaration.
    --> src/test/interface.sol:1598:5:
     |
1598 |     function WETH() external view returns (address);
     |     ^^^^^^^^^^^^^^^^^^^^^^^^^^^^^^^^^^^^^^^^^^^^^^^^
Note: The shadowed declaration is here:
   --> src/test/interface.sol:641:1:
    |
641 | interface WETH {
    | ^ (Relevant source part starts here and spans across multiple lines).

Warning (2519): This declaration shadows an existing declaration.
    --> src/test/interface.sol:1850:5:
     |
1850 |     function WETH() external view returns (address);
     |     ^^^^^^^^^^^^^^^^^^^^^^^^^^^^^^^^^^^^^^^^^^^^^^^^
Note: The shadowed declaration is here:
   --> src/test/interface.sol:641:1:
    |
641 | interface WETH {
    | ^ (Relevant source part starts here and spans across multiple lines).

Warning (2519): This declaration shadows an existing declaration.
    --> src/test/interface.sol:2560:5:
     |
2560 |     function WETH() external view returns (address);
     |     ^^^^^^^^^^^^^^^^^^^^^^^^^^^^^^^^^^^^^^^^^^^^^^^^
Note: The shadowed declaration is here:
   --> src/test/interface.sol:641:1:
    |
641 | interface WETH {
    | ^ (Relevant source part starts here and spans across multiple lines).

Warning (2519): This declaration shadows an existing declaration.
    --> src/test/interface.sol:3759:5:
     |
3759 |     function WETH() external view returns (address);
     |     ^^^^^^^^^^^^^^^^^^^^^^^^^^^^^^^^^^^^^^^^^^^^^^^^
Note: The shadowed declaration is here:
   --> src/test/interface.sol:641:1:
    |
641 | interface WETH {
    | ^ (Relevant source part starts here and spans across multiple lines).

Warning (2018): Function state mutability can be restricted to pure
  --> src/test/2023-05/landNFT_exp.sol:43:5:
   |
43 |     function onERC721Received(address, address, uint256, bytes memory) external returns (bytes4) {
   |     ^ (Relevant source part starts here and spans across multiple lines).


Ran 1 test for script/Exploit-template_new.sol:ExploitScript
[PASS] testExploit() (gas: 20485)
Logs:
  Attacker ETH Balance Before exploit: 0.000000000000000000
  Attacker ETH Balance After exploit: 0.000000000000000000

Traces:
  [20485] ExploitScript::testExploit()
    ├─ [0] VM::deal(ExploitScript: [0x7FA9385bE102ac3EAc297483Dd6233D62b3e1496], 0)
    │   └─ ← [Return] 
    ├─ emit log_named_decimal_uint(key: "Attacker ETH Balance Before exploit", val: 0, decimals: 18)
    ├─ emit log_named_decimal_uint(key: "Attacker ETH Balance After exploit", val: 0, decimals: 18)
    └─ ← [Stop] 

Suite result: ok. 1 passed; 0 failed; 0 skipped; finished in 282.24ms (102.32µs CPU time)

Ran 1 test for src/test/2023-05/landNFT_exp.sol:ContractTest
[PASS] testExploit() (gas: 5544367)
Logs:
  Attacker amount of NFT land before mint: 0
  Attacker amount of NFT land after mint: 200

Traces:
  [5544367] ContractTest::testExploit()
    ├─ [2762] landNFT::balanceOf(ContractTest: [0x7FA9385bE102ac3EAc297483Dd6233D62b3e1496]) [staticcall]
    │   └─ ← [Return] 0
    ├─ emit log_named_uint(key: "Attacker amount of NFT land before mint", val: 0)
    ├─ [5525038] Miner::mint([0x7FA9385bE102ac3EAc297483Dd6233D62b3e1496], [200])
    │   ├─ [5520931] landNFT::mint(ContractTest: [0x7FA9385bE102ac3EAc297483Dd6233D62b3e1496], 200)
    │   │   ├─ emit Transfer(_from: 0x0000000000000000000000000000000000000000, _to: ContractTest: [0x7FA9385bE102ac3EAc297483Dd6233D62b3e1496], _tokenId: 824)
    │   │   ├─ [884] ContractTest::onERC721Received(Miner: [0x2e599883715D2f92468Fa5ae3F9aab4E930E3aC7], 0x0000000000000000000000000000000000000000, 824, 0x)
    │   │   │   └─ ← [Return] 0x150b7a02
    │   │   ├─ emit Transfer(_from: 0x0000000000000000000000000000000000000000, _to: ContractTest: [0x7FA9385bE102ac3EAc297483Dd6233D62b3e1496], _tokenId: 825)
    │   │   ├─ [884] ContractTest::onERC721Received(Miner: [0x2e599883715D2f92468Fa5ae3F9aab4E930E3aC7], 0x0000000000000000000000000000000000000000, 825, 0x)
    │   │   │   └─ ← [Return] 0x150b7a02
    │   │   ├─ emit Transfer(_from: 0x0000000000000000000000000000000000000000, _to: ContractTest: [0x7FA9385bE102ac3EAc297483Dd6233D62b3e1496], _tokenId: 826)
    │   │   ├─ [884] ContractTest::onERC721Received(Miner: [0x2e599883715D2f92468Fa5ae3F9aab4E930E3aC7], 0x0000000000000000000000000000000000000000, 826, 0x)
    │   │   │   └─ ← [Return] 0x150b7a02
    │   │   ├─ emit Transfer(_from: 0x0000000000000000000000000000000000000000, _to: ContractTest: [0x7FA9385bE102ac3EAc297483Dd6233D62b3e1496], _tokenId: 827)
    │   │   ├─ [884] ContractTest::onERC721Received(Miner: [0x2e599883715D2f92468Fa5ae3F9aab4E930E3aC7], 0x0000000000000000000000000000000000000000, 827, 0x)
    │   │   │   └─ ← [Return] 0x150b7a02
    │   │   ├─ emit Transfer(_from: 0x0000000000000000000000000000000000000000, _to: ContractTest: [0x7FA9385bE102ac3EAc297483Dd6233D62b3e1496], _tokenId: 828)
    │   │   ├─ [884] ContractTest::onERC721Received(Miner: [0x2e599883715D2f92468Fa5ae3F9aab4E930E3aC7], 0x0000000000000000000000000000000000000000, 828, 0x)
    │   │   │   └─ ← [Return] 0x150b7a02
    │   │   ├─ emit Transfer(_from: 0x0000000000000000000000000000000000000000, _to: ContractTest: [0x7FA9385bE102ac3EAc297483Dd6233D62b3e1496], _tokenId: 829)
    │   │   ├─ [884] ContractTest::onERC721Received(Miner: [0x2e599883715D2f92468Fa5ae3F9aab4E930E3aC7], 0x0000000000000000000000000000000000000000, 829, 0x)
    │   │   │   └─ ← [Return] 0x150b7a02
    │   │   ├─ emit Transfer(_from: 0x0000000000000000000000000000000000000000, _to: ContractTest: [0x7FA9385bE102ac3EAc297483Dd6233D62b3e1496], _tokenId: 830)
    │   │   ├─ [884] ContractTest::onERC721Received(Miner: [0x2e599883715D2f92468Fa5ae3F9aab4E930E3aC7], 0x0000000000000000000000000000000000000000, 830, 0x)
    │   │   │   └─ ← [Return] 0x150b7a02
    │   │   ├─ emit Transfer(_from: 0x0000000000000000000000000000000000000000, _to: ContractTest: [0x7FA9385bE102ac3EAc297483Dd6233D62b3e1496], _tokenId: 831)
    │   │   ├─ [884] ContractTest::onERC721Received(Miner: [0x2e599883715D2f92468Fa5ae3F9aab4E930E3aC7], 0x0000000000000000000000000000000000000000, 831, 0x)
    │   │   │   └─ ← [Return] 0x150b7a02
    │   │   ├─ emit Transfer(_from: 0x0000000000000000000000000000000000000000, _to: ContractTest: [0x7FA9385bE102ac3EAc297483Dd6233D62b3e1496], _tokenId: 832)
    │   │   ├─ [884] ContractTest::onERC721Received(Miner: [0x2e599883715D2f92468Fa5ae3F9aab4E930E3aC7], 0x0000000000000000000000000000000000000000, 832, 0x)
    │   │   │   └─ ← [Return] 0x150b7a02
    │   │   ├─ emit Transfer(_from: 0x0000000000000000000000000000000000000000, _to: ContractTest: [0x7FA9385bE102ac3EAc297483Dd6233D62b3e1496], _tokenId: 833)
    │   │   ├─ [884] ContractTest::onERC721Received(Miner: [0x2e599883715D2f92468Fa5ae3F9aab4E930E3aC7], 0x0000000000000000000000000000000000000000, 833, 0x)
    │   │   │   └─ ← [Return] 0x150b7a02
    │   │   ├─ emit Transfer(_from: 0x0000000000000000000000000000000000000000, _to: ContractTest: [0x7FA9385bE102ac3EAc297483Dd6233D62b3e1496], _tokenId: 834)
    │   │   ├─ [884] ContractTest::onERC721Received(Miner: [0x2e599883715D2f92468Fa5ae3F9aab4E930E3aC7], 0x0000000000000000000000000000000000000000, 834, 0x)
    │   │   │   └─ ← [Return] 0x150b7a02
    │   │   ├─ emit Transfer(_from: 0x0000000000000000000000000000000000000000, _to: ContractTest: [0x7FA9385bE102ac3EAc297483Dd6233D62b3e1496], _tokenId: 835)
    │   │   ├─ [884] ContractTest::onERC721Received(Miner: [0x2e599883715D2f92468Fa5ae3F9aab4E930E3aC7], 0x0000000000000000000000000000000000000000, 835, 0x)
    │   │   │   └─ ← [Return] 0x150b7a02
    │   │   ├─ emit Transfer(_from: 0x0000000000000000000000000000000000000000, _to: ContractTest: [0x7FA9385bE102ac3EAc297483Dd6233D62b3e1496], _tokenId: 836)
    │   │   ├─ [884] ContractTest::onERC721Received(Miner: [0x2e599883715D2f92468Fa5ae3F9aab4E930E3aC7], 0x0000000000000000000000000000000000000000, 836, 0x)
    │   │   │   └─ ← [Return] 0x150b7a02
    │   │   ├─ emit Transfer(_from: 0x0000000000000000000000000000000000000000, _to: ContractTest: [0x7FA9385bE102ac3EAc297483Dd6233D62b3e1496], _tokenId: 837)
    │   │   ├─ [884] ContractTest::onERC721Received(Miner: [0x2e599883715D2f92468Fa5ae3F9aab4E930E3aC7], 0x0000000000000000000000000000000000000000, 837, 0x)
    │   │   │   └─ ← [Return] 0x150b7a02
    │   │   ├─ emit Transfer(_from: 0x0000000000000000000000000000000000000000, _to: ContractTest: [0x7FA9385bE102ac3EAc297483Dd6233D62b3e1496], _tokenId: 838)
    │   │   ├─ [884] ContractTest::onERC721Received(Miner: [0x2e599883715D2f92468Fa5ae3F9aab4E930E3aC7], 0x0000000000000000000000000000000000000000, 838, 0x)
    │   │   │   └─ ← [Return] 0x150b7a02
    │   │   ├─ emit Transfer(_from: 0x0000000000000000000000000000000000000000, _to: ContractTest: [0x7FA9385bE102ac3EAc297483Dd6233D62b3e1496], _tokenId: 839)
    │   │   ├─ [884] ContractTest::onERC721Received(Miner: [0x2e599883715D2f92468Fa5ae3F9aab4E930E3aC7], 0x0000000000000000000000000000000000000000, 839, 0x)
    │   │   │   └─ ← [Return] 0x150b7a02
    │   │   ├─ emit Transfer(_from: 0x0000000000000000000000000000000000000000, _to: ContractTest: [0x7FA9385bE102ac3EAc297483Dd6233D62b3e1496], _tokenId: 840)
    │   │   ├─ [884] ContractTest::onERC721Received(Miner: [0x2e599883715D2f92468Fa5ae3F9aab4E930E3aC7], 0x0000000000000000000000000000000000000000, 840, 0x)
    │   │   │   └─ ← [Return] 0x150b7a02
    │   │   ├─ emit Transfer(_from: 0x0000000000000000000000000000000000000000, _to: ContractTest: [0x7FA9385bE102ac3EAc297483Dd6233D62b3e1496], _tokenId: 841)
    │   │   ├─ [884] ContractTest::onERC721Received(Miner: [0x2e599883715D2f92468Fa5ae3F9aab4E930E3aC7], 0x0000000000000000000000000000000000000000, 841, 0x)
    │   │   │   └─ ← [Return] 0x150b7a02
    │   │   ├─ emit Transfer(_from: 0x0000000000000000000000000000000000000000, _to: ContractTest: [0x7FA9385bE102ac3EAc297483Dd6233D62b3e1496], _tokenId: 842)
    │   │   ├─ [884] ContractTest::onERC721Received(Miner: [0x2e599883715D2f92468Fa5ae3F9aab4E930E3aC7], 0x0000000000000000000000000000000000000000, 842, 0x)
    │   │   │   └─ ← [Return] 0x150b7a02
    │   │   ├─ emit Transfer(_from: 0x0000000000000000000000000000000000000000, _to: ContractTest: [0x7FA9385bE102ac3EAc297483Dd6233D62b3e1496], _tokenId: 843)
    │   │   ├─ [884] ContractTest::onERC721Received(Miner: [0x2e599883715D2f92468Fa5ae3F9aab4E930E3aC7], 0x0000000000000000000000000000000000000000, 843, 0x)
    │   │   │   └─ ← [Return] 0x150b7a02
    │   │   ├─ emit Transfer(_from: 0x0000000000000000000000000000000000000000, _to: ContractTest: [0x7FA9385bE102ac3EAc297483Dd6233D62b3e1496], _tokenId: 844)
    │   │   ├─ [884] ContractTest::onERC721Received(Miner: [0x2e599883715D2f92468Fa5ae3F9aab4E930E3aC7], 0x0000000000000000000000000000000000000000, 844, 0x)
    │   │   │   └─ ← [Return] 0x150b7a02
    │   │   ├─ emit Transfer(_from: 0x0000000000000000000000000000000000000000, _to: ContractTest: [0x7FA9385bE102ac3EAc297483Dd6233D62b3e1496], _tokenId: 845)
    │   │   ├─ [884] ContractTest::onERC721Received(Miner: [0x2e599883715D2f92468Fa5ae3F9aab4E930E3aC7], 0x0000000000000000000000000000000000000000, 845, 0x)
    │   │   │   └─ ← [Return] 0x150b7a02
    │   │   ├─ emit Transfer(_from: 0x0000000000000000000000000000000000000000, _to: ContractTest: [0x7FA9385bE102ac3EAc297483Dd6233D62b3e1496], _tokenId: 846)
    │   │   ├─ [884] ContractTest::onERC721Received(Miner: [0x2e599883715D2f92468Fa5ae3F9aab4E930E3aC7], 0x0000000000000000000000000000000000000000, 846, 0x)
    │   │   │   └─ ← [Return] 0x150b7a02
    │   │   ├─ emit Transfer(_from: 0x0000000000000000000000000000000000000000, _to: ContractTest: [0x7FA9385bE102ac3EAc297483Dd6233D62b3e1496], _tokenId: 847)
    │   │   ├─ [884] ContractTest::onERC721Received(Miner: [0x2e599883715D2f92468Fa5ae3F9aab4E930E3aC7], 0x0000000000000000000000000000000000000000, 847, 0x)
    │   │   │   └─ ← [Return] 0x150b7a02
    │   │   ├─ emit Transfer(_from: 0x0000000000000000000000000000000000000000, _to: ContractTest: [0x7FA9385bE102ac3EAc297483Dd6233D62b3e1496], _tokenId: 848)
    │   │   ├─ [884] ContractTest::onERC721Received(Miner: [0x2e599883715D2f92468Fa5ae3F9aab4E930E3aC7], 0x0000000000000000000000000000000000000000, 848, 0x)
    │   │   │   └─ ← [Return] 0x150b7a02
    │   │   ├─ emit Transfer(_from: 0x0000000000000000000000000000000000000000, _to: ContractTest: [0x7FA9385bE102ac3EAc297483Dd6233D62b3e1496], _tokenId: 849)
    │   │   ├─ [884] ContractTest::onERC721Received(Miner: [0x2e599883715D2f92468Fa5ae3F9aab4E930E3aC7], 0x0000000000000000000000000000000000000000, 849, 0x)
    │   │   │   └─ ← [Return] 0x150b7a02
    │   │   ├─ emit Transfer(_from: 0x0000000000000000000000000000000000000000, _to: ContractTest: [0x7FA9385bE102ac3EAc297483Dd6233D62b3e1496], _tokenId: 850)
    │   │   ├─ [884] ContractTest::onERC721Received(Miner: [0x2e599883715D2f92468Fa5ae3F9aab4E930E3aC7], 0x0000000000000000000000000000000000000000, 850, 0x)
    │   │   │   └─ ← [Return] 0x150b7a02
    │   │   ├─ emit Transfer(_from: 0x0000000000000000000000000000000000000000, _to: ContractTest: [0x7FA9385bE102ac3EAc297483Dd6233D62b3e1496], _tokenId: 851)
    │   │   ├─ [884] ContractTest::onERC721Received(Miner: [0x2e599883715D2f92468Fa5ae3F9aab4E930E3aC7], 0x0000000000000000000000000000000000000000, 851, 0x)
    │   │   │   └─ ← [Return] 0x150b7a02
    │   │   ├─ emit Transfer(_from: 0x0000000000000000000000000000000000000000, _to: ContractTest: [0x7FA9385bE102ac3EAc297483Dd6233D62b3e1496], _tokenId: 852)
    │   │   ├─ [884] ContractTest::onERC721Received(Miner: [0x2e599883715D2f92468Fa5ae3F9aab4E930E3aC7], 0x0000000000000000000000000000000000000000, 852, 0x)
    │   │   │   └─ ← [Return] 0x150b7a02
    │   │   ├─ emit Transfer(_from: 0x0000000000000000000000000000000000000000, _to: ContractTest: [0x7FA9385bE102ac3EAc297483Dd6233D62b3e1496], _tokenId: 853)
    │   │   ├─ [884] ContractTest::onERC721Received(Miner: [0x2e599883715D2f92468Fa5ae3F9aab4E930E3aC7], 0x0000000000000000000000000000000000000000, 853, 0x)
    │   │   │   └─ ← [Return] 0x150b7a02
    │   │   ├─ emit Transfer(_from: 0x0000000000000000000000000000000000000000, _to: ContractTest: [0x7FA9385bE102ac3EAc297483Dd6233D62b3e1496], _tokenId: 854)
    │   │   ├─ [884] ContractTest::onERC721Received(Miner: [0x2e599883715D2f92468Fa5ae3F9aab4E930E3aC7], 0x0000000000000000000000000000000000000000, 854, 0x)
    │   │   │   └─ ← [Return] 0x150b7a02
    │   │   ├─ emit Transfer(_from: 0x0000000000000000000000000000000000000000, _to: ContractTest: [0x7FA9385bE102ac3EAc297483Dd6233D62b3e1496], _tokenId: 855)
    │   │   ├─ [884] ContractTest::onERC721Received(Miner: [0x2e599883715D2f92468Fa5ae3F9aab4E930E3aC7], 0x0000000000000000000000000000000000000000, 855, 0x)
    │   │   │   └─ ← [Return] 0x150b7a02
    │   │   ├─ emit Transfer(_from: 0x0000000000000000000000000000000000000000, _to: ContractTest: [0x7FA9385bE102ac3EAc297483Dd6233D62b3e1496], _tokenId: 856)
    │   │   ├─ [884] ContractTest::onERC721Received(Miner: [0x2e599883715D2f92468Fa5ae3F9aab4E930E3aC7], 0x0000000000000000000000000000000000000000, 856, 0x)
    │   │   │   └─ ← [Return] 0x150b7a02
    │   │   ├─ emit Transfer(_from: 0x0000000000000000000000000000000000000000, _to: ContractTest: [0x7FA9385bE102ac3EAc297483Dd6233D62b3e1496], _tokenId: 857)
    │   │   ├─ [884] ContractTest::onERC721Received(Miner: [0x2e599883715D2f92468Fa5ae3F9aab4E930E3aC7], 0x0000000000000000000000000000000000000000, 857, 0x)
    │   │   │   └─ ← [Return] 0x150b7a02
    │   │   ├─ emit Transfer(_from: 0x0000000000000000000000000000000000000000, _to: ContractTest: [0x7FA9385bE102ac3EAc297483Dd6233D62b3e1496], _tokenId: 858)
    │   │   ├─ [884] ContractTest::onERC721Received(Miner: [0x2e599883715D2f92468Fa5ae3F9aab4E930E3aC7], 0x0000000000000000000000000000000000000000, 858, 0x)
    │   │   │   └─ ← [Return] 0x150b7a02
    │   │   ├─ emit Transfer(_from: 0x0000000000000000000000000000000000000000, _to: ContractTest: [0x7FA9385bE102ac3EAc297483Dd6233D62b3e1496], _tokenId: 859)
    │   │   ├─ [884] ContractTest::onERC721Received(Miner: [0x2e599883715D2f92468Fa5ae3F9aab4E930E3aC7], 0x0000000000000000000000000000000000000000, 859, 0x)
    │   │   │   └─ ← [Return] 0x150b7a02
    │   │   ├─ emit Transfer(_from: 0x0000000000000000000000000000000000000000, _to: ContractTest: [0x7FA9385bE102ac3EAc297483Dd6233D62b3e1496], _tokenId: 860)
    │   │   ├─ [884] ContractTest::onERC721Received(Miner: [0x2e599883715D2f92468Fa5ae3F9aab4E930E3aC7], 0x0000000000000000000000000000000000000000, 860, 0x)
    │   │   │   └─ ← [Return] 0x150b7a02
    │   │   ├─ emit Transfer(_from: 0x0000000000000000000000000000000000000000, _to: ContractTest: [0x7FA9385bE102ac3EAc297483Dd6233D62b3e1496], _tokenId: 861)
    │   │   ├─ [884] ContractTest::onERC721Received(Miner: [0x2e599883715D2f92468Fa5ae3F9aab4E930E3aC7], 0x0000000000000000000000000000000000000000, 861, 0x)
    │   │   │   └─ ← [Return] 0x150b7a02
    │   │   ├─ emit Transfer(_from: 0x0000000000000000000000000000000000000000, _to: ContractTest: [0x7FA9385bE102ac3EAc297483Dd6233D62b3e1496], _tokenId: 862)
    │   │   ├─ [884] ContractTest::onERC721Received(Miner: [0x2e599883715D2f92468Fa5ae3F9aab4E930E3aC7], 0x0000000000000000000000000000000000000000, 862, 0x)
    │   │   │   └─ ← [Return] 0x150b7a02
    │   │   ├─ emit Transfer(_from: 0x0000000000000000000000000000000000000000, _to: ContractTest: [0x7FA9385bE102ac3EAc297483Dd6233D62b3e1496], _tokenId: 863)
    │   │   ├─ [884] ContractTest::onERC721Received(Miner: [0x2e599883715D2f92468Fa5ae3F9aab4E930E3aC7], 0x0000000000000000000000000000000000000000, 863, 0x)
    │   │   │   └─ ← [Return] 0x150b7a02
    │   │   ├─ emit Transfer(_from: 0x0000000000000000000000000000000000000000, _to: ContractTest: [0x7FA9385bE102ac3EAc297483Dd6233D62b3e1496], _tokenId: 864)
    │   │   ├─ [884] ContractTest::onERC721Received(Miner: [0x2e599883715D2f92468Fa5ae3F9aab4E930E3aC7], 0x0000000000000000000000000000000000000000, 864, 0x)
    │   │   │   └─ ← [Return] 0x150b7a02
    │   │   ├─ emit Transfer(_from: 0x0000000000000000000000000000000000000000, _to: ContractTest: [0x7FA9385bE102ac3EAc297483Dd6233D62b3e1496], _tokenId: 865)
    │   │   ├─ [884] ContractTest::onERC721Received(Miner: [0x2e599883715D2f92468Fa5ae3F9aab4E930E3aC7], 0x0000000000000000000000000000000000000000, 865, 0x)
    │   │   │   └─ ← [Return] 0x150b7a02
    │   │   ├─ emit Transfer(_from: 0x0000000000000000000000000000000000000000, _to: ContractTest: [0x7FA9385bE102ac3EAc297483Dd6233D62b3e1496], _tokenId: 866)
    │   │   ├─ [884] ContractTest::onERC721Received(Miner: [0x2e599883715D2f92468Fa5ae3F9aab4E930E3aC7], 0x0000000000000000000000000000000000000000, 866, 0x)
    │   │   │   └─ ← [Return] 0x150b7a02
    │   │   ├─ emit Transfer(_from: 0x0000000000000000000000000000000000000000, _to: ContractTest: [0x7FA9385bE102ac3EAc297483Dd6233D62b3e1496], _tokenId: 867)
    │   │   ├─ [884] ContractTest::onERC721Received(Miner: [0x2e599883715D2f92468Fa5ae3F9aab4E930E3aC7], 0x0000000000000000000000000000000000000000, 867, 0x)
    │   │   │   └─ ← [Return] 0x150b7a02
    │   │   ├─ emit Transfer(_from: 0x0000000000000000000000000000000000000000, _to: ContractTest: [0x7FA9385bE102ac3EAc297483Dd6233D62b3e1496], _tokenId: 868)
    │   │   ├─ [884] ContractTest::onERC721Received(Miner: [0x2e599883715D2f92468Fa5ae3F9aab4E930E3aC7], 0x0000000000000000000000000000000000000000, 868, 0x)
    │   │   │   └─ ← [Return] 0x150b7a02
    │   │   ├─ emit Transfer(_from: 0x0000000000000000000000000000000000000000, _to: ContractTest: [0x7FA9385bE102ac3EAc297483Dd6233D62b3e1496], _tokenId: 869)
    │   │   ├─ [884] ContractTest::onERC721Received(Miner: [0x2e599883715D2f92468Fa5ae3F9aab4E930E3aC7], 0x0000000000000000000000000000000000000000, 869, 0x)
    │   │   │   └─ ← [Return] 0x150b7a02
    │   │   ├─ emit Transfer(_from: 0x0000000000000000000000000000000000000000, _to: ContractTest: [0x7FA9385bE102ac3EAc297483Dd6233D62b3e1496], _tokenId: 870)
    │   │   ├─ [884] ContractTest::onERC721Received(Miner: [0x2e599883715D2f92468Fa5ae3F9aab4E930E3aC7], 0x0000000000000000000000000000000000000000, 870, 0x)
    │   │   │   └─ ← [Return] 0x150b7a02
    │   │   ├─ emit Transfer(_from: 0x0000000000000000000000000000000000000000, _to: ContractTest: [0x7FA9385bE102ac3EAc297483Dd6233D62b3e1496], _tokenId: 871)
    │   │   ├─ [884] ContractTest::onERC721Received(Miner: [0x2e599883715D2f92468Fa5ae3F9aab4E930E3aC7], 0x0000000000000000000000000000000000000000, 871, 0x)
    │   │   │   └─ ← [Return] 0x150b7a02
    │   │   ├─ emit Transfer(_from: 0x0000000000000000000000000000000000000000, _to: ContractTest: [0x7FA9385bE102ac3EAc297483Dd6233D62b3e1496], _tokenId: 872)
    │   │   ├─ [884] ContractTest::onERC721Received(Miner: [0x2e599883715D2f92468Fa5ae3F9aab4E930E3aC7], 0x0000000000000000000000000000000000000000, 872, 0x)
    │   │   │   └─ ← [Return] 0x150b7a02
    │   │   ├─ emit Transfer(_from: 0x0000000000000000000000000000000000000000, _to: ContractTest: [0x7FA9385bE102ac3EAc297483Dd6233D62b3e1496], _tokenId: 873)
    │   │   ├─ [884] ContractTest::onERC721Received(Miner: [0x2e599883715D2f92468Fa5ae3F9aab4E930E3aC7], 0x0000000000000000000000000000000000000000, 873, 0x)
    │   │   │   └─ ← [Return] 0x150b7a02
    │   │   ├─ emit Transfer(_from: 0x0000000000000000000000000000000000000000, _to: ContractTest: [0x7FA9385bE102ac3EAc297483Dd6233D62b3e1496], _tokenId: 874)
    │   │   ├─ [884] ContractTest::onERC721Received(Miner: [0x2e599883715D2f92468Fa5ae3F9aab4E930E3aC7], 0x0000000000000000000000000000000000000000, 874, 0x)
    │   │   │   └─ ← [Return] 0x150b7a02
    │   │   ├─ emit Transfer(_from: 0x0000000000000000000000000000000000000000, _to: ContractTest: [0x7FA9385bE102ac3EAc297483Dd6233D62b3e1496], _tokenId: 875)
    │   │   ├─ [884] ContractTest::onERC721Received(Miner: [0x2e599883715D2f92468Fa5ae3F9aab4E930E3aC7], 0x0000000000000000000000000000000000000000, 875, 0x)
    │   │   │   └─ ← [Return] 0x150b7a02
    │   │   ├─ emit Transfer(_from: 0x0000000000000000000000000000000000000000, _to: ContractTest: [0x7FA9385bE102ac3EAc297483Dd6233D62b3e1496], _tokenId: 876)
    │   │   ├─ [884] ContractTest::onERC721Received(Miner: [0x2e599883715D2f92468Fa5ae3F9aab4E930E3aC7], 0x0000000000000000000000000000000000000000, 876, 0x)
    │   │   │   └─ ← [Return] 0x150b7a02
    │   │   ├─ emit Transfer(_from: 0x0000000000000000000000000000000000000000, _to: ContractTest: [0x7FA9385bE102ac3EAc297483Dd6233D62b3e1496], _tokenId: 877)
    │   │   ├─ [884] ContractTest::onERC721Received(Miner: [0x2e599883715D2f92468Fa5ae3F9aab4E930E3aC7], 0x0000000000000000000000000000000000000000, 877, 0x)
    │   │   │   └─ ← [Return] 0x150b7a02
    │   │   ├─ emit Transfer(_from: 0x0000000000000000000000000000000000000000, _to: ContractTest: [0x7FA9385bE102ac3EAc297483Dd6233D62b3e1496], _tokenId: 878)
    │   │   ├─ [884] ContractTest::onERC721Received(Miner: [0x2e599883715D2f92468Fa5ae3F9aab4E930E3aC7], 0x0000000000000000000000000000000000000000, 878, 0x)
    │   │   │   └─ ← [Return] 0x150b7a02
    │   │   ├─ emit Transfer(_from: 0x0000000000000000000000000000000000000000, _to: ContractTest: [0x7FA9385bE102ac3EAc297483Dd6233D62b3e1496], _tokenId: 879)
    │   │   ├─ [884] ContractTest::onERC721Received(Miner: [0x2e599883715D2f92468Fa5ae3F9aab4E930E3aC7], 0x0000000000000000000000000000000000000000, 879, 0x)
    │   │   │   └─ ← [Return] 0x150b7a02
    │   │   ├─ emit Transfer(_from: 0x0000000000000000000000000000000000000000, _to: ContractTest: [0x7FA9385bE102ac3EAc297483Dd6233D62b3e1496], _tokenId: 880)
    │   │   ├─ [884] ContractTest::onERC721Received(Miner: [0x2e599883715D2f92468Fa5ae3F9aab4E930E3aC7], 0x0000000000000000000000000000000000000000, 880, 0x)
    │   │   │   └─ ← [Return] 0x150b7a02
    │   │   ├─ emit Transfer(_from: 0x0000000000000000000000000000000000000000, _to: ContractTest: [0x7FA9385bE102ac3EAc297483Dd6233D62b3e1496], _tokenId: 881)
    │   │   ├─ [884] ContractTest::onERC721Received(Miner: [0x2e599883715D2f92468Fa5ae3F9aab4E930E3aC7], 0x0000000000000000000000000000000000000000, 881, 0x)
    │   │   │   └─ ← [Return] 0x150b7a02
    │   │   ├─ emit Transfer(_from: 0x0000000000000000000000000000000000000000, _to: ContractTest: [0x7FA9385bE102ac3EAc297483Dd6233D62b3e1496], _tokenId: 882)
    │   │   ├─ [884] ContractTest::onERC721Received(Miner: [0x2e599883715D2f92468Fa5ae3F9aab4E930E3aC7], 0x0000000000000000000000000000000000000000, 882, 0x)
    │   │   │   └─ ← [Return] 0x150b7a02
    │   │   ├─ emit Transfer(_from: 0x0000000000000000000000000000000000000000, _to: ContractTest: [0x7FA9385bE102ac3EAc297483Dd6233D62b3e1496], _tokenId: 883)
    │   │   ├─ [884] ContractTest::onERC721Received(Miner: [0x2e599883715D2f92468Fa5ae3F9aab4E930E3aC7], 0x0000000000000000000000000000000000000000, 883, 0x)
    │   │   │   └─ ← [Return] 0x150b7a02
    │   │   ├─ emit Transfer(_from: 0x0000000000000000000000000000000000000000, _to: ContractTest: [0x7FA9385bE102ac3EAc297483Dd6233D62b3e1496], _tokenId: 884)
    │   │   ├─ [884] ContractTest::onERC721Received(Miner: [0x2e599883715D2f92468Fa5ae3F9aab4E930E3aC7], 0x0000000000000000000000000000000000000000, 884, 0x)
    │   │   │   └─ ← [Return] 0x150b7a02
    │   │   ├─ emit Transfer(_from: 0x0000000000000000000000000000000000000000, _to: ContractTest: [0x7FA9385bE102ac3EAc297483Dd6233D62b3e1496], _tokenId: 885)
    │   │   ├─ [884] ContractTest::onERC721Received(Miner: [0x2e599883715D2f92468Fa5ae3F9aab4E930E3aC7], 0x0000000000000000000000000000000000000000, 885, 0x)
    │   │   │   └─ ← [Return] 0x150b7a02
    │   │   ├─ emit Transfer(_from: 0x0000000000000000000000000000000000000000, _to: ContractTest: [0x7FA9385bE102ac3EAc297483Dd6233D62b3e1496], _tokenId: 886)
    │   │   ├─ [884] ContractTest::onERC721Received(Miner: [0x2e599883715D2f92468Fa5ae3F9aab4E930E3aC7], 0x0000000000000000000000000000000000000000, 886, 0x)
    │   │   │   └─ ← [Return] 0x150b7a02
    │   │   ├─ emit Transfer(_from: 0x0000000000000000000000000000000000000000, _to: ContractTest: [0x7FA9385bE102ac3EAc297483Dd6233D62b3e1496], _tokenId: 887)
    │   │   ├─ [884] ContractTest::onERC721Received(Miner: [0x2e599883715D2f92468Fa5ae3F9aab4E930E3aC7], 0x0000000000000000000000000000000000000000, 887, 0x)
    │   │   │   └─ ← [Return] 0x150b7a02
    │   │   ├─ emit Transfer(_from: 0x0000000000000000000000000000000000000000, _to: ContractTest: [0x7FA9385bE102ac3EAc297483Dd6233D62b3e1496], _tokenId: 888)
    │   │   ├─ [884] ContractTest::onERC721Received(Miner: [0x2e599883715D2f92468Fa5ae3F9aab4E930E3aC7], 0x0000000000000000000000000000000000000000, 888, 0x)
    │   │   │   └─ ← [Return] 0x150b7a02
    │   │   ├─ emit Transfer(_from: 0x0000000000000000000000000000000000000000, _to: ContractTest: [0x7FA9385bE102ac3EAc297483Dd6233D62b3e1496], _tokenId: 889)
    │   │   ├─ [884] ContractTest::onERC721Received(Miner: [0x2e599883715D2f92468Fa5ae3F9aab4E930E3aC7], 0x0000000000000000000000000000000000000000, 889, 0x)
    │   │   │   └─ ← [Return] 0x150b7a02
    │   │   ├─ emit Transfer(_from: 0x0000000000000000000000000000000000000000, _to: ContractTest: [0x7FA9385bE102ac3EAc297483Dd6233D62b3e1496], _tokenId: 890)
    │   │   ├─ [884] ContractTest::onERC721Received(Miner: [0x2e599883715D2f92468Fa5ae3F9aab4E930E3aC7], 0x0000000000000000000000000000000000000000, 890, 0x)
    │   │   │   └─ ← [Return] 0x150b7a02
    │   │   ├─ emit Transfer(_from: 0x0000000000000000000000000000000000000000, _to: ContractTest: [0x7FA9385bE102ac3EAc297483Dd6233D62b3e1496], _tokenId: 891)
    │   │   ├─ [884] ContractTest::onERC721Received(Miner: [0x2e599883715D2f92468Fa5ae3F9aab4E930E3aC7], 0x0000000000000000000000000000000000000000, 891, 0x)
    │   │   │   └─ ← [Return] 0x150b7a02
    │   │   ├─ emit Transfer(_from: 0x0000000000000000000000000000000000000000, _to: ContractTest: [0x7FA9385bE102ac3EAc297483Dd6233D62b3e1496], _tokenId: 892)
    │   │   ├─ [884] ContractTest::onERC721Received(Miner: [0x2e599883715D2f92468Fa5ae3F9aab4E930E3aC7], 0x0000000000000000000000000000000000000000, 892, 0x)
    │   │   │   └─ ← [Return] 0x150b7a02
    │   │   ├─ emit Transfer(_from: 0x0000000000000000000000000000000000000000, _to: ContractTest: [0x7FA9385bE102ac3EAc297483Dd6233D62b3e1496], _tokenId: 893)
    │   │   ├─ [884] ContractTest::onERC721Received(Miner: [0x2e599883715D2f92468Fa5ae3F9aab4E930E3aC7], 0x0000000000000000000000000000000000000000, 893, 0x)
    │   │   │   └─ ← [Return] 0x150b7a02
    │   │   ├─ emit Transfer(_from: 0x0000000000000000000000000000000000000000, _to: ContractTest: [0x7FA9385bE102ac3EAc297483Dd6233D62b3e1496], _tokenId: 894)
    │   │   ├─ [884] ContractTest::onERC721Received(Miner: [0x2e599883715D2f92468Fa5ae3F9aab4E930E3aC7], 0x0000000000000000000000000000000000000000, 894, 0x)
    │   │   │   └─ ← [Return] 0x150b7a02
    │   │   ├─ emit Transfer(_from: 0x0000000000000000000000000000000000000000, _to: ContractTest: [0x7FA9385bE102ac3EAc297483Dd6233D62b3e1496], _tokenId: 895)
    │   │   ├─ [884] ContractTest::onERC721Received(Miner: [0x2e599883715D2f92468Fa5ae3F9aab4E930E3aC7], 0x0000000000000000000000000000000000000000, 895, 0x)
    │   │   │   └─ ← [Return] 0x150b7a02
    │   │   ├─ emit Transfer(_from: 0x0000000000000000000000000000000000000000, _to: ContractTest: [0x7FA9385bE102ac3EAc297483Dd6233D62b3e1496], _tokenId: 896)
    │   │   ├─ [884] ContractTest::onERC721Received(Miner: [0x2e599883715D2f92468Fa5ae3F9aab4E930E3aC7], 0x0000000000000000000000000000000000000000, 896, 0x)
    │   │   │   └─ ← [Return] 0x150b7a02
    │   │   ├─ emit Transfer(_from: 0x0000000000000000000000000000000000000000, _to: ContractTest: [0x7FA9385bE102ac3EAc297483Dd6233D62b3e1496], _tokenId: 897)
    │   │   ├─ [884] ContractTest::onERC721Received(Miner: [0x2e599883715D2f92468Fa5ae3F9aab4E930E3aC7], 0x0000000000000000000000000000000000000000, 897, 0x)
    │   │   │   └─ ← [Return] 0x150b7a02
    │   │   ├─ emit Transfer(_from: 0x0000000000000000000000000000000000000000, _to: ContractTest: [0x7FA9385bE102ac3EAc297483Dd6233D62b3e1496], _tokenId: 898)
    │   │   ├─ [884] ContractTest::onERC721Received(Miner: [0x2e599883715D2f92468Fa5ae3F9aab4E930E3aC7], 0x0000000000000000000000000000000000000000, 898, 0x)
    │   │   │   └─ ← [Return] 0x150b7a02
    │   │   ├─ emit Transfer(_from: 0x0000000000000000000000000000000000000000, _to: ContractTest: [0x7FA9385bE102ac3EAc297483Dd6233D62b3e1496], _tokenId: 899)
    │   │   ├─ [884] ContractTest::onERC721Received(Miner: [0x2e599883715D2f92468Fa5ae3F9aab4E930E3aC7], 0x0000000000000000000000000000000000000000, 899, 0x)
    │   │   │   └─ ← [Return] 0x150b7a02
    │   │   ├─ emit Transfer(_from: 0x0000000000000000000000000000000000000000, _to: ContractTest: [0x7FA9385bE102ac3EAc297483Dd6233D62b3e1496], _tokenId: 900)
    │   │   ├─ [884] ContractTest::onERC721Received(Miner: [0x2e599883715D2f92468Fa5ae3F9aab4E930E3aC7], 0x0000000000000000000000000000000000000000, 900, 0x)
    │   │   │   └─ ← [Return] 0x150b7a02
    │   │   ├─ emit Transfer(_from: 0x0000000000000000000000000000000000000000, _to: ContractTest: [0x7FA9385bE102ac3EAc297483Dd6233D62b3e1496], _tokenId: 901)
    │   │   ├─ [884] ContractTest::onERC721Received(Miner: [0x2e599883715D2f92468Fa5ae3F9aab4E930E3aC7], 0x0000000000000000000000000000000000000000, 901, 0x)
    │   │   │   └─ ← [Return] 0x150b7a02
    │   │   ├─ emit Transfer(_from: 0x0000000000000000000000000000000000000000, _to: ContractTest: [0x7FA9385bE102ac3EAc297483Dd6233D62b3e1496], _tokenId: 902)
    │   │   ├─ [884] ContractTest::onERC721Received(Miner: [0x2e599883715D2f92468Fa5ae3F9aab4E930E3aC7], 0x0000000000000000000000000000000000000000, 902, 0x)
    │   │   │   └─ ← [Return] 0x150b7a02
    │   │   ├─ emit Transfer(_from: 0x0000000000000000000000000000000000000000, _to: ContractTest: [0x7FA9385bE102ac3EAc297483Dd6233D62b3e1496], _tokenId: 903)
    │   │   ├─ [884] ContractTest::onERC721Received(Miner: [0x2e599883715D2f92468Fa5ae3F9aab4E930E3aC7], 0x0000000000000000000000000000000000000000, 903, 0x)
    │   │   │   └─ ← [Return] 0x150b7a02
    │   │   ├─ emit Transfer(_from: 0x0000000000000000000000000000000000000000, _to: ContractTest: [0x7FA9385bE102ac3EAc297483Dd6233D62b3e1496], _tokenId: 904)
    │   │   ├─ [884] ContractTest::onERC721Received(Miner: [0x2e599883715D2f92468Fa5ae3F9aab4E930E3aC7], 0x0000000000000000000000000000000000000000, 904, 0x)
    │   │   │   └─ ← [Return] 0x150b7a02
    │   │   ├─ emit Transfer(_from: 0x0000000000000000000000000000000000000000, _to: ContractTest: [0x7FA9385bE102ac3EAc297483Dd6233D62b3e1496], _tokenId: 905)
    │   │   ├─ [884] ContractTest::onERC721Received(Miner: [0x2e599883715D2f92468Fa5ae3F9aab4E930E3aC7], 0x0000000000000000000000000000000000000000, 905, 0x)
    │   │   │   └─ ← [Return] 0x150b7a02
    │   │   ├─ emit Transfer(_from: 0x0000000000000000000000000000000000000000, _to: ContractTest: [0x7FA9385bE102ac3EAc297483Dd6233D62b3e1496], _tokenId: 906)
    │   │   ├─ [884] ContractTest::onERC721Received(Miner: [0x2e599883715D2f92468Fa5ae3F9aab4E930E3aC7], 0x0000000000000000000000000000000000000000, 906, 0x)
    │   │   │   └─ ← [Return] 0x150b7a02
    │   │   ├─ emit Transfer(_from: 0x0000000000000000000000000000000000000000, _to: ContractTest: [0x7FA9385bE102ac3EAc297483Dd6233D62b3e1496], _tokenId: 907)
    │   │   ├─ [884] ContractTest::onERC721Received(Miner: [0x2e599883715D2f92468Fa5ae3F9aab4E930E3aC7], 0x0000000000000000000000000000000000000000, 907, 0x)
    │   │   │   └─ ← [Return] 0x150b7a02
    │   │   ├─ emit Transfer(_from: 0x0000000000000000000000000000000000000000, _to: ContractTest: [0x7FA9385bE102ac3EAc297483Dd6233D62b3e1496], _tokenId: 908)
    │   │   ├─ [884] ContractTest::onERC721Received(Miner: [0x2e599883715D2f92468Fa5ae3F9aab4E930E3aC7], 0x0000000000000000000000000000000000000000, 908, 0x)
    │   │   │   └─ ← [Return] 0x150b7a02
    │   │   ├─ emit Transfer(_from: 0x0000000000000000000000000000000000000000, _to: ContractTest: [0x7FA9385bE102ac3EAc297483Dd6233D62b3e1496], _tokenId: 909)
    │   │   ├─ [884] ContractTest::onERC721Received(Miner: [0x2e599883715D2f92468Fa5ae3F9aab4E930E3aC7], 0x0000000000000000000000000000000000000000, 909, 0x)
    │   │   │   └─ ← [Return] 0x150b7a02
    │   │   ├─ emit Transfer(_from: 0x0000000000000000000000000000000000000000, _to: ContractTest: [0x7FA9385bE102ac3EAc297483Dd6233D62b3e1496], _tokenId: 910)
    │   │   ├─ [884] ContractTest::onERC721Received(Miner: [0x2e599883715D2f92468Fa5ae3F9aab4E930E3aC7], 0x0000000000000000000000000000000000000000, 910, 0x)
    │   │   │   └─ ← [Return] 0x150b7a02
    │   │   ├─ emit Transfer(_from: 0x0000000000000000000000000000000000000000, _to: ContractTest: [0x7FA9385bE102ac3EAc297483Dd6233D62b3e1496], _tokenId: 911)
    │   │   ├─ [884] ContractTest::onERC721Received(Miner: [0x2e599883715D2f92468Fa5ae3F9aab4E930E3aC7], 0x0000000000000000000000000000000000000000, 911, 0x)
    │   │   │   └─ ← [Return] 0x150b7a02
    │   │   ├─ emit Transfer(_from: 0x0000000000000000000000000000000000000000, _to: ContractTest: [0x7FA9385bE102ac3EAc297483Dd6233D62b3e1496], _tokenId: 912)
    │   │   ├─ [884] ContractTest::onERC721Received(Miner: [0x2e599883715D2f92468Fa5ae3F9aab4E930E3aC7], 0x0000000000000000000000000000000000000000, 912, 0x)
    │   │   │   └─ ← [Return] 0x150b7a02
    │   │   ├─ emit Transfer(_from: 0x0000000000000000000000000000000000000000, _to: ContractTest: [0x7FA9385bE102ac3EAc297483Dd6233D62b3e1496], _tokenId: 913)
    │   │   ├─ [884] ContractTest::onERC721Received(Miner: [0x2e599883715D2f92468Fa5ae3F9aab4E930E3aC7], 0x0000000000000000000000000000000000000000, 913, 0x)
    │   │   │   └─ ← [Return] 0x150b7a02
    │   │   ├─ emit Transfer(_from: 0x0000000000000000000000000000000000000000, _to: ContractTest: [0x7FA9385bE102ac3EAc297483Dd6233D62b3e1496], _tokenId: 914)
    │   │   ├─ [884] ContractTest::onERC721Received(Miner: [0x2e599883715D2f92468Fa5ae3F9aab4E930E3aC7], 0x0000000000000000000000000000000000000000, 914, 0x)
    │   │   │   └─ ← [Return] 0x150b7a02
    │   │   ├─ emit Transfer(_from: 0x0000000000000000000000000000000000000000, _to: ContractTest: [0x7FA9385bE102ac3EAc297483Dd6233D62b3e1496], _tokenId: 915)
    │   │   ├─ [884] ContractTest::onERC721Received(Miner: [0x2e599883715D2f92468Fa5ae3F9aab4E930E3aC7], 0x0000000000000000000000000000000000000000, 915, 0x)
    │   │   │   └─ ← [Return] 0x150b7a02
    │   │   ├─ emit Transfer(_from: 0x0000000000000000000000000000000000000000, _to: ContractTest: [0x7FA9385bE102ac3EAc297483Dd6233D62b3e1496], _tokenId: 916)
    │   │   ├─ [884] ContractTest::onERC721Received(Miner: [0x2e599883715D2f92468Fa5ae3F9aab4E930E3aC7], 0x0000000000000000000000000000000000000000, 916, 0x)
    │   │   │   └─ ← [Return] 0x150b7a02
    │   │   ├─ emit Transfer(_from: 0x0000000000000000000000000000000000000000, _to: ContractTest: [0x7FA9385bE102ac3EAc297483Dd6233D62b3e1496], _tokenId: 917)
    │   │   ├─ [884] ContractTest::onERC721Received(Miner: [0x2e599883715D2f92468Fa5ae3F9aab4E930E3aC7], 0x0000000000000000000000000000000000000000, 917, 0x)
    │   │   │   └─ ← [Return] 0x150b7a02
    │   │   ├─ emit Transfer(_from: 0x0000000000000000000000000000000000000000, _to: ContractTest: [0x7FA9385bE102ac3EAc297483Dd6233D62b3e1496], _tokenId: 918)
    │   │   ├─ [884] ContractTest::onERC721Received(Miner: [0x2e599883715D2f92468Fa5ae3F9aab4E930E3aC7], 0x0000000000000000000000000000000000000000, 918, 0x)
    │   │   │   └─ ← [Return] 0x150b7a02
    │   │   ├─ emit Transfer(_from: 0x0000000000000000000000000000000000000000, _to: ContractTest: [0x7FA9385bE102ac3EAc297483Dd6233D62b3e1496], _tokenId: 919)
    │   │   ├─ [884] ContractTest::onERC721Received(Miner: [0x2e599883715D2f92468Fa5ae3F9aab4E930E3aC7], 0x0000000000000000000000000000000000000000, 919, 0x)
    │   │   │   └─ ← [Return] 0x150b7a02
    │   │   ├─ emit Transfer(_from: 0x0000000000000000000000000000000000000000, _to: ContractTest: [0x7FA9385bE102ac3EAc297483Dd6233D62b3e1496], _tokenId: 920)
    │   │   ├─ [884] ContractTest::onERC721Received(Miner: [0x2e599883715D2f92468Fa5ae3F9aab4E930E3aC7], 0x0000000000000000000000000000000000000000, 920, 0x)
    │   │   │   └─ ← [Return] 0x150b7a02
    │   │   ├─ emit Transfer(_from: 0x0000000000000000000000000000000000000000, _to: ContractTest: [0x7FA9385bE102ac3EAc297483Dd6233D62b3e1496], _tokenId: 921)
    │   │   ├─ [884] ContractTest::onERC721Received(Miner: [0x2e599883715D2f92468Fa5ae3F9aab4E930E3aC7], 0x0000000000000000000000000000000000000000, 921, 0x)
    │   │   │   └─ ← [Return] 0x150b7a02
    │   │   ├─ emit Transfer(_from: 0x0000000000000000000000000000000000000000, _to: ContractTest: [0x7FA9385bE102ac3EAc297483Dd6233D62b3e1496], _tokenId: 922)
    │   │   ├─ [884] ContractTest::onERC721Received(Miner: [0x2e599883715D2f92468Fa5ae3F9aab4E930E3aC7], 0x0000000000000000000000000000000000000000, 922, 0x)
    │   │   │   └─ ← [Return] 0x150b7a02
    │   │   ├─ emit Transfer(_from: 0x0000000000000000000000000000000000000000, _to: ContractTest: [0x7FA9385bE102ac3EAc297483Dd6233D62b3e1496], _tokenId: 923)
    │   │   ├─ [884] ContractTest::onERC721Received(Miner: [0x2e599883715D2f92468Fa5ae3F9aab4E930E3aC7], 0x0000000000000000000000000000000000000000, 923, 0x)
    │   │   │   └─ ← [Return] 0x150b7a02
    │   │   ├─ emit Transfer(_from: 0x0000000000000000000000000000000000000000, _to: ContractTest: [0x7FA9385bE102ac3EAc297483Dd6233D62b3e1496], _tokenId: 924)
    │   │   ├─ [884] ContractTest::onERC721Received(Miner: [0x2e599883715D2f92468Fa5ae3F9aab4E930E3aC7], 0x0000000000000000000000000000000000000000, 924, 0x)
    │   │   │   └─ ← [Return] 0x150b7a02
    │   │   ├─ emit Transfer(_from: 0x0000000000000000000000000000000000000000, _to: ContractTest: [0x7FA9385bE102ac3EAc297483Dd6233D62b3e1496], _tokenId: 925)
    │   │   ├─ [884] ContractTest::onERC721Received(Miner: [0x2e599883715D2f92468Fa5ae3F9aab4E930E3aC7], 0x0000000000000000000000000000000000000000, 925, 0x)
    │   │   │   └─ ← [Return] 0x150b7a02
    │   │   ├─ emit Transfer(_from: 0x0000000000000000000000000000000000000000, _to: ContractTest: [0x7FA9385bE102ac3EAc297483Dd6233D62b3e1496], _tokenId: 926)
    │   │   ├─ [884] ContractTest::onERC721Received(Miner: [0x2e599883715D2f92468Fa5ae3F9aab4E930E3aC7], 0x0000000000000000000000000000000000000000, 926, 0x)
    │   │   │   └─ ← [Return] 0x150b7a02
    │   │   ├─ emit Transfer(_from: 0x0000000000000000000000000000000000000000, _to: ContractTest: [0x7FA9385bE102ac3EAc297483Dd6233D62b3e1496], _tokenId: 927)
    │   │   ├─ [884] ContractTest::onERC721Received(Miner: [0x2e599883715D2f92468Fa5ae3F9aab4E930E3aC7], 0x0000000000000000000000000000000000000000, 927, 0x)
    │   │   │   └─ ← [Return] 0x150b7a02
    │   │   ├─ emit Transfer(_from: 0x0000000000000000000000000000000000000000, _to: ContractTest: [0x7FA9385bE102ac3EAc297483Dd6233D62b3e1496], _tokenId: 928)
    │   │   ├─ [884] ContractTest::onERC721Received(Miner: [0x2e599883715D2f92468Fa5ae3F9aab4E930E3aC7], 0x0000000000000000000000000000000000000000, 928, 0x)
    │   │   │   └─ ← [Return] 0x150b7a02
    │   │   ├─ emit Transfer(_from: 0x0000000000000000000000000000000000000000, _to: ContractTest: [0x7FA9385bE102ac3EAc297483Dd6233D62b3e1496], _tokenId: 929)
    │   │   ├─ [884] ContractTest::onERC721Received(Miner: [0x2e599883715D2f92468Fa5ae3F9aab4E930E3aC7], 0x0000000000000000000000000000000000000000, 929, 0x)
    │   │   │   └─ ← [Return] 0x150b7a02
    │   │   ├─ emit Transfer(_from: 0x0000000000000000000000000000000000000000, _to: ContractTest: [0x7FA9385bE102ac3EAc297483Dd6233D62b3e1496], _tokenId: 930)
    │   │   ├─ [884] ContractTest::onERC721Received(Miner: [0x2e599883715D2f92468Fa5ae3F9aab4E930E3aC7], 0x0000000000000000000000000000000000000000, 930, 0x)
    │   │   │   └─ ← [Return] 0x150b7a02
    │   │   ├─ emit Transfer(_from: 0x0000000000000000000000000000000000000000, _to: ContractTest: [0x7FA9385bE102ac3EAc297483Dd6233D62b3e1496], _tokenId: 931)
    │   │   ├─ [884] ContractTest::onERC721Received(Miner: [0x2e599883715D2f92468Fa5ae3F9aab4E930E3aC7], 0x0000000000000000000000000000000000000000, 931, 0x)
    │   │   │   └─ ← [Return] 0x150b7a02
    │   │   ├─ emit Transfer(_from: 0x0000000000000000000000000000000000000000, _to: ContractTest: [0x7FA9385bE102ac3EAc297483Dd6233D62b3e1496], _tokenId: 932)
    │   │   ├─ [884] ContractTest::onERC721Received(Miner: [0x2e599883715D2f92468Fa5ae3F9aab4E930E3aC7], 0x0000000000000000000000000000000000000000, 932, 0x)
    │   │   │   └─ ← [Return] 0x150b7a02
    │   │   ├─ emit Transfer(_from: 0x0000000000000000000000000000000000000000, _to: ContractTest: [0x7FA9385bE102ac3EAc297483Dd6233D62b3e1496], _tokenId: 933)
    │   │   ├─ [884] ContractTest::onERC721Received(Miner: [0x2e599883715D2f92468Fa5ae3F9aab4E930E3aC7], 0x0000000000000000000000000000000000000000, 933, 0x)
    │   │   │   └─ ← [Return] 0x150b7a02
    │   │   ├─ emit Transfer(_from: 0x0000000000000000000000000000000000000000, _to: ContractTest: [0x7FA9385bE102ac3EAc297483Dd6233D62b3e1496], _tokenId: 934)
    │   │   ├─ [884] ContractTest::onERC721Received(Miner: [0x2e599883715D2f92468Fa5ae3F9aab4E930E3aC7], 0x0000000000000000000000000000000000000000, 934, 0x)
    │   │   │   └─ ← [Return] 0x150b7a02
    │   │   ├─ emit Transfer(_from: 0x0000000000000000000000000000000000000000, _to: ContractTest: [0x7FA9385bE102ac3EAc297483Dd6233D62b3e1496], _tokenId: 935)
    │   │   ├─ [884] ContractTest::onERC721Received(Miner: [0x2e599883715D2f92468Fa5ae3F9aab4E930E3aC7], 0x0000000000000000000000000000000000000000, 935, 0x)
    │   │   │   └─ ← [Return] 0x150b7a02
    │   │   ├─ emit Transfer(_from: 0x0000000000000000000000000000000000000000, _to: ContractTest: [0x7FA9385bE102ac3EAc297483Dd6233D62b3e1496], _tokenId: 936)
    │   │   ├─ [884] ContractTest::onERC721Received(Miner: [0x2e599883715D2f92468Fa5ae3F9aab4E930E3aC7], 0x0000000000000000000000000000000000000000, 936, 0x)
    │   │   │   └─ ← [Return] 0x150b7a02
    │   │   ├─ emit Transfer(_from: 0x0000000000000000000000000000000000000000, _to: ContractTest: [0x7FA9385bE102ac3EAc297483Dd6233D62b3e1496], _tokenId: 937)
    │   │   ├─ [884] ContractTest::onERC721Received(Miner: [0x2e599883715D2f92468Fa5ae3F9aab4E930E3aC7], 0x0000000000000000000000000000000000000000, 937, 0x)
    │   │   │   └─ ← [Return] 0x150b7a02
    │   │   ├─ emit Transfer(_from: 0x0000000000000000000000000000000000000000, _to: ContractTest: [0x7FA9385bE102ac3EAc297483Dd6233D62b3e1496], _tokenId: 938)
    │   │   ├─ [884] ContractTest::onERC721Received(Miner: [0x2e599883715D2f92468Fa5ae3F9aab4E930E3aC7], 0x0000000000000000000000000000000000000000, 938, 0x)
    │   │   │   └─ ← [Return] 0x150b7a02
    │   │   ├─ emit Transfer(_from: 0x0000000000000000000000000000000000000000, _to: ContractTest: [0x7FA9385bE102ac3EAc297483Dd6233D62b3e1496], _tokenId: 939)
    │   │   ├─ [884] ContractTest::onERC721Received(Miner: [0x2e599883715D2f92468Fa5ae3F9aab4E930E3aC7], 0x0000000000000000000000000000000000000000, 939, 0x)
    │   │   │   └─ ← [Return] 0x150b7a02
    │   │   ├─ emit Transfer(_from: 0x0000000000000000000000000000000000000000, _to: ContractTest: [0x7FA9385bE102ac3EAc297483Dd6233D62b3e1496], _tokenId: 940)
    │   │   ├─ [884] ContractTest::onERC721Received(Miner: [0x2e599883715D2f92468Fa5ae3F9aab4E930E3aC7], 0x0000000000000000000000000000000000000000, 940, 0x)
    │   │   │   └─ ← [Return] 0x150b7a02
    │   │   ├─ emit Transfer(_from: 0x0000000000000000000000000000000000000000, _to: ContractTest: [0x7FA9385bE102ac3EAc297483Dd6233D62b3e1496], _tokenId: 941)
    │   │   ├─ [884] ContractTest::onERC721Received(Miner: [0x2e599883715D2f92468Fa5ae3F9aab4E930E3aC7], 0x0000000000000000000000000000000000000000, 941, 0x)
    │   │   │   └─ ← [Return] 0x150b7a02
    │   │   ├─ emit Transfer(_from: 0x0000000000000000000000000000000000000000, _to: ContractTest: [0x7FA9385bE102ac3EAc297483Dd6233D62b3e1496], _tokenId: 942)
    │   │   ├─ [884] ContractTest::onERC721Received(Miner: [0x2e599883715D2f92468Fa5ae3F9aab4E930E3aC7], 0x0000000000000000000000000000000000000000, 942, 0x)
    │   │   │   └─ ← [Return] 0x150b7a02
    │   │   ├─ emit Transfer(_from: 0x0000000000000000000000000000000000000000, _to: ContractTest: [0x7FA9385bE102ac3EAc297483Dd6233D62b3e1496], _tokenId: 943)
    │   │   ├─ [884] ContractTest::onERC721Received(Miner: [0x2e599883715D2f92468Fa5ae3F9aab4E930E3aC7], 0x0000000000000000000000000000000000000000, 943, 0x)
    │   │   │   └─ ← [Return] 0x150b7a02
    │   │   ├─ emit Transfer(_from: 0x0000000000000000000000000000000000000000, _to: ContractTest: [0x7FA9385bE102ac3EAc297483Dd6233D62b3e1496], _tokenId: 944)
    │   │   ├─ [884] ContractTest::onERC721Received(Miner: [0x2e599883715D2f92468Fa5ae3F9aab4E930E3aC7], 0x0000000000000000000000000000000000000000, 944, 0x)
    │   │   │   └─ ← [Return] 0x150b7a02
    │   │   ├─ emit Transfer(_from: 0x0000000000000000000000000000000000000000, _to: ContractTest: [0x7FA9385bE102ac3EAc297483Dd6233D62b3e1496], _tokenId: 945)
    │   │   ├─ [884] ContractTest::onERC721Received(Miner: [0x2e599883715D2f92468Fa5ae3F9aab4E930E3aC7], 0x0000000000000000000000000000000000000000, 945, 0x)
    │   │   │   └─ ← [Return] 0x150b7a02
    │   │   ├─ emit Transfer(_from: 0x0000000000000000000000000000000000000000, _to: ContractTest: [0x7FA9385bE102ac3EAc297483Dd6233D62b3e1496], _tokenId: 946)
    │   │   ├─ [884] ContractTest::onERC721Received(Miner: [0x2e599883715D2f92468Fa5ae3F9aab4E930E3aC7], 0x0000000000000000000000000000000000000000, 946, 0x)
    │   │   │   └─ ← [Return] 0x150b7a02
    │   │   ├─ emit Transfer(_from: 0x0000000000000000000000000000000000000000, _to: ContractTest: [0x7FA9385bE102ac3EAc297483Dd6233D62b3e1496], _tokenId: 947)
    │   │   ├─ [884] ContractTest::onERC721Received(Miner: [0x2e599883715D2f92468Fa5ae3F9aab4E930E3aC7], 0x0000000000000000000000000000000000000000, 947, 0x)
    │   │   │   └─ ← [Return] 0x150b7a02
    │   │   ├─ emit Transfer(_from: 0x0000000000000000000000000000000000000000, _to: ContractTest: [0x7FA9385bE102ac3EAc297483Dd6233D62b3e1496], _tokenId: 948)
    │   │   ├─ [884] ContractTest::onERC721Received(Miner: [0x2e599883715D2f92468Fa5ae3F9aab4E930E3aC7], 0x0000000000000000000000000000000000000000, 948, 0x)
    │   │   │   └─ ← [Return] 0x150b7a02
    │   │   ├─ emit Transfer(_from: 0x0000000000000000000000000000000000000000, _to: ContractTest: [0x7FA9385bE102ac3EAc297483Dd6233D62b3e1496], _tokenId: 949)
    │   │   ├─ [884] ContractTest::onERC721Received(Miner: [0x2e599883715D2f92468Fa5ae3F9aab4E930E3aC7], 0x0000000000000000000000000000000000000000, 949, 0x)
    │   │   │   └─ ← [Return] 0x150b7a02
    │   │   ├─ emit Transfer(_from: 0x0000000000000000000000000000000000000000, _to: ContractTest: [0x7FA9385bE102ac3EAc297483Dd6233D62b3e1496], _tokenId: 950)
    │   │   ├─ [884] ContractTest::onERC721Received(Miner: [0x2e599883715D2f92468Fa5ae3F9aab4E930E3aC7], 0x0000000000000000000000000000000000000000, 950, 0x)
    │   │   │   └─ ← [Return] 0x150b7a02
    │   │   ├─ emit Transfer(_from: 0x0000000000000000000000000000000000000000, _to: ContractTest: [0x7FA9385bE102ac3EAc297483Dd6233D62b3e1496], _tokenId: 951)
    │   │   ├─ [884] ContractTest::onERC721Received(Miner: [0x2e599883715D2f92468Fa5ae3F9aab4E930E3aC7], 0x0000000000000000000000000000000000000000, 951, 0x)
    │   │   │   └─ ← [Return] 0x150b7a02
    │   │   ├─ emit Transfer(_from: 0x0000000000000000000000000000000000000000, _to: ContractTest: [0x7FA9385bE102ac3EAc297483Dd6233D62b3e1496], _tokenId: 952)
    │   │   ├─ [884] ContractTest::onERC721Received(Miner: [0x2e599883715D2f92468Fa5ae3F9aab4E930E3aC7], 0x0000000000000000000000000000000000000000, 952, 0x)
    │   │   │   └─ ← [Return] 0x150b7a02
    │   │   ├─ emit Transfer(_from: 0x0000000000000000000000000000000000000000, _to: ContractTest: [0x7FA9385bE102ac3EAc297483Dd6233D62b3e1496], _tokenId: 953)
    │   │   ├─ [884] ContractTest::onERC721Received(Miner: [0x2e599883715D2f92468Fa5ae3F9aab4E930E3aC7], 0x0000000000000000000000000000000000000000, 953, 0x)
    │   │   │   └─ ← [Return] 0x150b7a02
    │   │   ├─ emit Transfer(_from: 0x0000000000000000000000000000000000000000, _to: ContractTest: [0x7FA9385bE102ac3EAc297483Dd6233D62b3e1496], _tokenId: 954)
    │   │   ├─ [884] ContractTest::onERC721Received(Miner: [0x2e599883715D2f92468Fa5ae3F9aab4E930E3aC7], 0x0000000000000000000000000000000000000000, 954, 0x)
    │   │   │   └─ ← [Return] 0x150b7a02
    │   │   ├─ emit Transfer(_from: 0x0000000000000000000000000000000000000000, _to: ContractTest: [0x7FA9385bE102ac3EAc297483Dd6233D62b3e1496], _tokenId: 955)
    │   │   ├─ [884] ContractTest::onERC721Received(Miner: [0x2e599883715D2f92468Fa5ae3F9aab4E930E3aC7], 0x0000000000000000000000000000000000000000, 955, 0x)
    │   │   │   └─ ← [Return] 0x150b7a02
    │   │   ├─ emit Transfer(_from: 0x0000000000000000000000000000000000000000, _to: ContractTest: [0x7FA9385bE102ac3EAc297483Dd6233D62b3e1496], _tokenId: 956)
    │   │   ├─ [884] ContractTest::onERC721Received(Miner: [0x2e599883715D2f92468Fa5ae3F9aab4E930E3aC7], 0x0000000000000000000000000000000000000000, 956, 0x)
    │   │   │   └─ ← [Return] 0x150b7a02
    │   │   ├─ emit Transfer(_from: 0x0000000000000000000000000000000000000000, _to: ContractTest: [0x7FA9385bE102ac3EAc297483Dd6233D62b3e1496], _tokenId: 957)
    │   │   ├─ [884] ContractTest::onERC721Received(Miner: [0x2e599883715D2f92468Fa5ae3F9aab4E930E3aC7], 0x0000000000000000000000000000000000000000, 957, 0x)
    │   │   │   └─ ← [Return] 0x150b7a02
    │   │   ├─ emit Transfer(_from: 0x0000000000000000000000000000000000000000, _to: ContractTest: [0x7FA9385bE102ac3EAc297483Dd6233D62b3e1496], _tokenId: 958)
    │   │   ├─ [884] ContractTest::onERC721Received(Miner: [0x2e599883715D2f92468Fa5ae3F9aab4E930E3aC7], 0x0000000000000000000000000000000000000000, 958, 0x)
    │   │   │   └─ ← [Return] 0x150b7a02
    │   │   ├─ emit Transfer(_from: 0x0000000000000000000000000000000000000000, _to: ContractTest: [0x7FA9385bE102ac3EAc297483Dd6233D62b3e1496], _tokenId: 959)
    │   │   ├─ [884] ContractTest::onERC721Received(Miner: [0x2e599883715D2f92468Fa5ae3F9aab4E930E3aC7], 0x0000000000000000000000000000000000000000, 959, 0x)
    │   │   │   └─ ← [Return] 0x150b7a02
    │   │   ├─ emit Transfer(_from: 0x0000000000000000000000000000000000000000, _to: ContractTest: [0x7FA9385bE102ac3EAc297483Dd6233D62b3e1496], _tokenId: 960)
    │   │   ├─ [884] ContractTest::onERC721Received(Miner: [0x2e599883715D2f92468Fa5ae3F9aab4E930E3aC7], 0x0000000000000000000000000000000000000000, 960, 0x)
    │   │   │   └─ ← [Return] 0x150b7a02
    │   │   ├─ emit Transfer(_from: 0x0000000000000000000000000000000000000000, _to: ContractTest: [0x7FA9385bE102ac3EAc297483Dd6233D62b3e1496], _tokenId: 961)
    │   │   ├─ [884] ContractTest::onERC721Received(Miner: [0x2e599883715D2f92468Fa5ae3F9aab4E930E3aC7], 0x0000000000000000000000000000000000000000, 961, 0x)
    │   │   │   └─ ← [Return] 0x150b7a02
    │   │   ├─ emit Transfer(_from: 0x0000000000000000000000000000000000000000, _to: ContractTest: [0x7FA9385bE102ac3EAc297483Dd6233D62b3e1496], _tokenId: 962)
    │   │   ├─ [884] ContractTest::onERC721Received(Miner: [0x2e599883715D2f92468Fa5ae3F9aab4E930E3aC7], 0x0000000000000000000000000000000000000000, 962, 0x)
    │   │   │   └─ ← [Return] 0x150b7a02
    │   │   ├─ emit Transfer(_from: 0x0000000000000000000000000000000000000000, _to: ContractTest: [0x7FA9385bE102ac3EAc297483Dd6233D62b3e1496], _tokenId: 963)
    │   │   ├─ [884] ContractTest::onERC721Received(Miner: [0x2e599883715D2f92468Fa5ae3F9aab4E930E3aC7], 0x0000000000000000000000000000000000000000, 963, 0x)
    │   │   │   └─ ← [Return] 0x150b7a02
    │   │   ├─ emit Transfer(_from: 0x0000000000000000000000000000000000000000, _to: ContractTest: [0x7FA9385bE102ac3EAc297483Dd6233D62b3e1496], _tokenId: 964)
    │   │   ├─ [884] ContractTest::onERC721Received(Miner: [0x2e599883715D2f92468Fa5ae3F9aab4E930E3aC7], 0x0000000000000000000000000000000000000000, 964, 0x)
    │   │   │   └─ ← [Return] 0x150b7a02
    │   │   ├─ emit Transfer(_from: 0x0000000000000000000000000000000000000000, _to: ContractTest: [0x7FA9385bE102ac3EAc297483Dd6233D62b3e1496], _tokenId: 965)
    │   │   ├─ [884] ContractTest::onERC721Received(Miner: [0x2e599883715D2f92468Fa5ae3F9aab4E930E3aC7], 0x0000000000000000000000000000000000000000, 965, 0x)
    │   │   │   └─ ← [Return] 0x150b7a02
    │   │   ├─ emit Transfer(_from: 0x0000000000000000000000000000000000000000, _to: ContractTest: [0x7FA9385bE102ac3EAc297483Dd6233D62b3e1496], _tokenId: 966)
    │   │   ├─ [884] ContractTest::onERC721Received(Miner: [0x2e599883715D2f92468Fa5ae3F9aab4E930E3aC7], 0x0000000000000000000000000000000000000000, 966, 0x)
    │   │   │   └─ ← [Return] 0x150b7a02
    │   │   ├─ emit Transfer(_from: 0x0000000000000000000000000000000000000000, _to: ContractTest: [0x7FA9385bE102ac3EAc297483Dd6233D62b3e1496], _tokenId: 967)
    │   │   ├─ [884] ContractTest::onERC721Received(Miner: [0x2e599883715D2f92468Fa5ae3F9aab4E930E3aC7], 0x0000000000000000000000000000000000000000, 967, 0x)
    │   │   │   └─ ← [Return] 0x150b7a02
    │   │   ├─ emit Transfer(_from: 0x0000000000000000000000000000000000000000, _to: ContractTest: [0x7FA9385bE102ac3EAc297483Dd6233D62b3e1496], _tokenId: 968)
    │   │   ├─ [884] ContractTest::onERC721Received(Miner: [0x2e599883715D2f92468Fa5ae3F9aab4E930E3aC7], 0x0000000000000000000000000000000000000000, 968, 0x)
    │   │   │   └─ ← [Return] 0x150b7a02
    │   │   ├─ emit Transfer(_from: 0x0000000000000000000000000000000000000000, _to: ContractTest: [0x7FA9385bE102ac3EAc297483Dd6233D62b3e1496], _tokenId: 969)
    │   │   ├─ [884] ContractTest::onERC721Received(Miner: [0x2e599883715D2f92468Fa5ae3F9aab4E930E3aC7], 0x0000000000000000000000000000000000000000, 969, 0x)
    │   │   │   └─ ← [Return] 0x150b7a02
    │   │   ├─ emit Transfer(_from: 0x0000000000000000000000000000000000000000, _to: ContractTest: [0x7FA9385bE102ac3EAc297483Dd6233D62b3e1496], _tokenId: 970)
    │   │   ├─ [884] ContractTest::onERC721Received(Miner: [0x2e599883715D2f92468Fa5ae3F9aab4E930E3aC7], 0x0000000000000000000000000000000000000000, 970, 0x)
    │   │   │   └─ ← [Return] 0x150b7a02
    │   │   ├─ emit Transfer(_from: 0x0000000000000000000000000000000000000000, _to: ContractTest: [0x7FA9385bE102ac3EAc297483Dd6233D62b3e1496], _tokenId: 971)
    │   │   ├─ [884] ContractTest::onERC721Received(Miner: [0x2e599883715D2f92468Fa5ae3F9aab4E930E3aC7], 0x0000000000000000000000000000000000000000, 971, 0x)
    │   │   │   └─ ← [Return] 0x150b7a02
    │   │   ├─ emit Transfer(_from: 0x0000000000000000000000000000000000000000, _to: ContractTest: [0x7FA9385bE102ac3EAc297483Dd6233D62b3e1496], _tokenId: 972)
    │   │   ├─ [884] ContractTest::onERC721Received(Miner: [0x2e599883715D2f92468Fa5ae3F9aab4E930E3aC7], 0x0000000000000000000000000000000000000000, 972, 0x)
    │   │   │   └─ ← [Return] 0x150b7a02
    │   │   ├─ emit Transfer(_from: 0x0000000000000000000000000000000000000000, _to: ContractTest: [0x7FA9385bE102ac3EAc297483Dd6233D62b3e1496], _tokenId: 973)
    │   │   ├─ [884] ContractTest::onERC721Received(Miner: [0x2e599883715D2f92468Fa5ae3F9aab4E930E3aC7], 0x0000000000000000000000000000000000000000, 973, 0x)
    │   │   │   └─ ← [Return] 0x150b7a02
    │   │   ├─ emit Transfer(_from: 0x0000000000000000000000000000000000000000, _to: ContractTest: [0x7FA9385bE102ac3EAc297483Dd6233D62b3e1496], _tokenId: 974)
    │   │   ├─ [884] ContractTest::onERC721Received(Miner: [0x2e599883715D2f92468Fa5ae3F9aab4E930E3aC7], 0x0000000000000000000000000000000000000000, 974, 0x)
    │   │   │   └─ ← [Return] 0x150b7a02
    │   │   ├─ emit Transfer(_from: 0x0000000000000000000000000000000000000000, _to: ContractTest: [0x7FA9385bE102ac3EAc297483Dd6233D62b3e1496], _tokenId: 975)
    │   │   ├─ [884] ContractTest::onERC721Received(Miner: [0x2e599883715D2f92468Fa5ae3F9aab4E930E3aC7], 0x0000000000000000000000000000000000000000, 975, 0x)
    │   │   │   └─ ← [Return] 0x150b7a02
    │   │   ├─ emit Transfer(_from: 0x0000000000000000000000000000000000000000, _to: ContractTest: [0x7FA9385bE102ac3EAc297483Dd6233D62b3e1496], _tokenId: 976)
    │   │   ├─ [884] ContractTest::onERC721Received(Miner: [0x2e599883715D2f92468Fa5ae3F9aab4E930E3aC7], 0x0000000000000000000000000000000000000000, 976, 0x)
    │   │   │   └─ ← [Return] 0x150b7a02
    │   │   ├─ emit Transfer(_from: 0x0000000000000000000000000000000000000000, _to: ContractTest: [0x7FA9385bE102ac3EAc297483Dd6233D62b3e1496], _tokenId: 977)
    │   │   ├─ [884] ContractTest::onERC721Received(Miner: [0x2e599883715D2f92468Fa5ae3F9aab4E930E3aC7], 0x0000000000000000000000000000000000000000, 977, 0x)
    │   │   │   └─ ← [Return] 0x150b7a02
    │   │   ├─ emit Transfer(_from: 0x0000000000000000000000000000000000000000, _to: ContractTest: [0x7FA9385bE102ac3EAc297483Dd6233D62b3e1496], _tokenId: 978)
    │   │   ├─ [884] ContractTest::onERC721Received(Miner: [0x2e599883715D2f92468Fa5ae3F9aab4E930E3aC7], 0x0000000000000000000000000000000000000000, 978, 0x)
    │   │   │   └─ ← [Return] 0x150b7a02
    │   │   ├─ emit Transfer(_from: 0x0000000000000000000000000000000000000000, _to: ContractTest: [0x7FA9385bE102ac3EAc297483Dd6233D62b3e1496], _tokenId: 979)
    │   │   ├─ [884] ContractTest::onERC721Received(Miner: [0x2e599883715D2f92468Fa5ae3F9aab4E930E3aC7], 0x0000000000000000000000000000000000000000, 979, 0x)
    │   │   │   └─ ← [Return] 0x150b7a02
    │   │   ├─ emit Transfer(_from: 0x0000000000000000000000000000000000000000, _to: ContractTest: [0x7FA9385bE102ac3EAc297483Dd6233D62b3e1496], _tokenId: 980)
    │   │   ├─ [884] ContractTest::onERC721Received(Miner: [0x2e599883715D2f92468Fa5ae3F9aab4E930E3aC7], 0x0000000000000000000000000000000000000000, 980, 0x)
    │   │   │   └─ ← [Return] 0x150b7a02
    │   │   ├─ emit Transfer(_from: 0x0000000000000000000000000000000000000000, _to: ContractTest: [0x7FA9385bE102ac3EAc297483Dd6233D62b3e1496], _tokenId: 981)
    │   │   ├─ [884] ContractTest::onERC721Received(Miner: [0x2e599883715D2f92468Fa5ae3F9aab4E930E3aC7], 0x0000000000000000000000000000000000000000, 981, 0x)
    │   │   │   └─ ← [Return] 0x150b7a02
    │   │   ├─ emit Transfer(_from: 0x0000000000000000000000000000000000000000, _to: ContractTest: [0x7FA9385bE102ac3EAc297483Dd6233D62b3e1496], _tokenId: 982)
    │   │   ├─ [884] ContractTest::onERC721Received(Miner: [0x2e599883715D2f92468Fa5ae3F9aab4E930E3aC7], 0x0000000000000000000000000000000000000000, 982, 0x)
    │   │   │   └─ ← [Return] 0x150b7a02
    │   │   ├─ emit Transfer(_from: 0x0000000000000000000000000000000000000000, _to: ContractTest: [0x7FA9385bE102ac3EAc297483Dd6233D62b3e1496], _tokenId: 983)
    │   │   ├─ [884] ContractTest::onERC721Received(Miner: [0x2e599883715D2f92468Fa5ae3F9aab4E930E3aC7], 0x0000000000000000000000000000000000000000, 983, 0x)
    │   │   │   └─ ← [Return] 0x150b7a02
    │   │   ├─ emit Transfer(_from: 0x0000000000000000000000000000000000000000, _to: ContractTest: [0x7FA9385bE102ac3EAc297483Dd6233D62b3e1496], _tokenId: 984)
    │   │   ├─ [884] ContractTest::onERC721Received(Miner: [0x2e599883715D2f92468Fa5ae3F9aab4E930E3aC7], 0x0000000000000000000000000000000000000000, 984, 0x)
    │   │   │   └─ ← [Return] 0x150b7a02
    │   │   ├─ emit Transfer(_from: 0x0000000000000000000000000000000000000000, _to: ContractTest: [0x7FA9385bE102ac3EAc297483Dd6233D62b3e1496], _tokenId: 985)
    │   │   ├─ [884] ContractTest::onERC721Received(Miner: [0x2e599883715D2f92468Fa5ae3F9aab4E930E3aC7], 0x0000000000000000000000000000000000000000, 985, 0x)
    │   │   │   └─ ← [Return] 0x150b7a02
    │   │   ├─ emit Transfer(_from: 0x0000000000000000000000000000000000000000, _to: ContractTest: [0x7FA9385bE102ac3EAc297483Dd6233D62b3e1496], _tokenId: 986)
    │   │   ├─ [884] ContractTest::onERC721Received(Miner: [0x2e599883715D2f92468Fa5ae3F9aab4E930E3aC7], 0x0000000000000000000000000000000000000000, 986, 0x)
    │   │   │   └─ ← [Return] 0x150b7a02
    │   │   ├─ emit Transfer(_from: 0x0000000000000000000000000000000000000000, _to: ContractTest: [0x7FA9385bE102ac3EAc297483Dd6233D62b3e1496], _tokenId: 987)
    │   │   ├─ [884] ContractTest::onERC721Received(Miner: [0x2e599883715D2f92468Fa5ae3F9aab4E930E3aC7], 0x0000000000000000000000000000000000000000, 987, 0x)
    │   │   │   └─ ← [Return] 0x150b7a02
    │   │   ├─ emit Transfer(_from: 0x0000000000000000000000000000000000000000, _to: ContractTest: [0x7FA9385bE102ac3EAc297483Dd6233D62b3e1496], _tokenId: 988)
    │   │   ├─ [884] ContractTest::onERC721Received(Miner: [0x2e599883715D2f92468Fa5ae3F9aab4E930E3aC7], 0x0000000000000000000000000000000000000000, 988, 0x)
    │   │   │   └─ ← [Return] 0x150b7a02
    │   │   ├─ emit Transfer(_from: 0x0000000000000000000000000000000000000000, _to: ContractTest: [0x7FA9385bE102ac3EAc297483Dd6233D62b3e1496], _tokenId: 989)
    │   │   ├─ [884] ContractTest::onERC721Received(Miner: [0x2e599883715D2f92468Fa5ae3F9aab4E930E3aC7], 0x0000000000000000000000000000000000000000, 989, 0x)
    │   │   │   └─ ← [Return] 0x150b7a02
    │   │   ├─ emit Transfer(_from: 0x0000000000000000000000000000000000000000, _to: ContractTest: [0x7FA9385bE102ac3EAc297483Dd6233D62b3e1496], _tokenId: 990)
    │   │   ├─ [884] ContractTest::onERC721Received(Miner: [0x2e599883715D2f92468Fa5ae3F9aab4E930E3aC7], 0x0000000000000000000000000000000000000000, 990, 0x)
    │   │   │   └─ ← [Return] 0x150b7a02
    │   │   ├─ emit Transfer(_from: 0x0000000000000000000000000000000000000000, _to: ContractTest: [0x7FA9385bE102ac3EAc297483Dd6233D62b3e1496], _tokenId: 991)
    │   │   ├─ [884] ContractTest::onERC721Received(Miner: [0x2e599883715D2f92468Fa5ae3F9aab4E930E3aC7], 0x0000000000000000000000000000000000000000, 991, 0x)
    │   │   │   └─ ← [Return] 0x150b7a02
    │   │   ├─ emit Transfer(_from: 0x0000000000000000000000000000000000000000, _to: ContractTest: [0x7FA9385bE102ac3EAc297483Dd6233D62b3e1496], _tokenId: 992)
    │   │   ├─ [884] ContractTest::onERC721Received(Miner: [0x2e599883715D2f92468Fa5ae3F9aab4E930E3aC7], 0x0000000000000000000000000000000000000000, 992, 0x)
    │   │   │   └─ ← [Return] 0x150b7a02
    │   │   ├─ emit Transfer(_from: 0x0000000000000000000000000000000000000000, _to: ContractTest: [0x7FA9385bE102ac3EAc297483Dd6233D62b3e1496], _tokenId: 993)
    │   │   ├─ [884] ContractTest::onERC721Received(Miner: [0x2e599883715D2f92468Fa5ae3F9aab4E930E3aC7], 0x0000000000000000000000000000000000000000, 993, 0x)
    │   │   │   └─ ← [Return] 0x150b7a02
    │   │   ├─ emit Transfer(_from: 0x0000000000000000000000000000000000000000, _to: ContractTest: [0x7FA9385bE102ac3EAc297483Dd6233D62b3e1496], _tokenId: 994)
    │   │   ├─ [884] ContractTest::onERC721Received(Miner: [0x2e599883715D2f92468Fa5ae3F9aab4E930E3aC7], 0x0000000000000000000000000000000000000000, 994, 0x)
    │   │   │   └─ ← [Return] 0x150b7a02
    │   │   ├─ emit Transfer(_from: 0x0000000000000000000000000000000000000000, _to: ContractTest: [0x7FA9385bE102ac3EAc297483Dd6233D62b3e1496], _tokenId: 995)
    │   │   ├─ [884] ContractTest::onERC721Received(Miner: [0x2e599883715D2f92468Fa5ae3F9aab4E930E3aC7], 0x0000000000000000000000000000000000000000, 995, 0x)
    │   │   │   └─ ← [Return] 0x150b7a02
    │   │   ├─ emit Transfer(_from: 0x0000000000000000000000000000000000000000, _to: ContractTest: [0x7FA9385bE102ac3EAc297483Dd6233D62b3e1496], _tokenId: 996)
    │   │   ├─ [884] ContractTest::onERC721Received(Miner: [0x2e599883715D2f92468Fa5ae3F9aab4E930E3aC7], 0x0000000000000000000000000000000000000000, 996, 0x)
    │   │   │   └─ ← [Return] 0x150b7a02
    │   │   ├─ emit Transfer(_from: 0x0000000000000000000000000000000000000000, _to: ContractTest: [0x7FA9385bE102ac3EAc297483Dd6233D62b3e1496], _tokenId: 997)
    │   │   ├─ [884] ContractTest::onERC721Received(Miner: [0x2e599883715D2f92468Fa5ae3F9aab4E930E3aC7], 0x0000000000000000000000000000000000000000, 997, 0x)
    │   │   │   └─ ← [Return] 0x150b7a02
    │   │   ├─ emit Transfer(_from: 0x0000000000000000000000000000000000000000, _to: ContractTest: [0x7FA9385bE102ac3EAc297483Dd6233D62b3e1496], _tokenId: 998)
    │   │   ├─ [884] ContractTest::onERC721Received(Miner: [0x2e599883715D2f92468Fa5ae3F9aab4E930E3aC7], 0x0000000000000000000000000000000000000000, 998, 0x)
    │   │   │   └─ ← [Return] 0x150b7a02
    │   │   ├─ emit Transfer(_from: 0x0000000000000000000000000000000000000000, _to: ContractTest: [0x7FA9385bE102ac3EAc297483Dd6233D62b3e1496], _tokenId: 999)
    │   │   ├─ [884] ContractTest::onERC721Received(Miner: [0x2e599883715D2f92468Fa5ae3F9aab4E930E3aC7], 0x0000000000000000000000000000000000000000, 999, 0x)
    │   │   │   └─ ← [Return] 0x150b7a02
    │   │   ├─ emit Transfer(_from: 0x0000000000000000000000000000000000000000, _to: ContractTest: [0x7FA9385bE102ac3EAc297483Dd6233D62b3e1496], _tokenId: 1000)
    │   │   ├─ [884] ContractTest::onERC721Received(Miner: [0x2e599883715D2f92468Fa5ae3F9aab4E930E3aC7], 0x0000000000000000000000000000000000000000, 1000, 0x)
    │   │   │   └─ ← [Return] 0x150b7a02
    │   │   ├─ emit Transfer(_from: 0x0000000000000000000000000000000000000000, _to: ContractTest: [0x7FA9385bE102ac3EAc297483Dd6233D62b3e1496], _tokenId: 1001)
    │   │   ├─ [884] ContractTest::onERC721Received(Miner: [0x2e599883715D2f92468Fa5ae3F9aab4E930E3aC7], 0x0000000000000000000000000000000000000000, 1001, 0x)
    │   │   │   └─ ← [Return] 0x150b7a02
    │   │   ├─ emit Transfer(_from: 0x0000000000000000000000000000000000000000, _to: ContractTest: [0x7FA9385bE102ac3EAc297483Dd6233D62b3e1496], _tokenId: 1002)
    │   │   ├─ [884] ContractTest::onERC721Received(Miner: [0x2e599883715D2f92468Fa5ae3F9aab4E930E3aC7], 0x0000000000000000000000000000000000000000, 1002, 0x)
    │   │   │   └─ ← [Return] 0x150b7a02
    │   │   ├─ emit Transfer(_from: 0x0000000000000000000000000000000000000000, _to: ContractTest: [0x7FA9385bE102ac3EAc297483Dd6233D62b3e1496], _tokenId: 1003)
    │   │   ├─ [884] ContractTest::onERC721Received(Miner: [0x2e599883715D2f92468Fa5ae3F9aab4E930E3aC7], 0x0000000000000000000000000000000000000000, 1003, 0x)
    │   │   │   └─ ← [Return] 0x150b7a02
    │   │   ├─ emit Transfer(_from: 0x0000000000000000000000000000000000000000, _to: ContractTest: [0x7FA9385bE102ac3EAc297483Dd6233D62b3e1496], _tokenId: 1004)
    │   │   ├─ [884] ContractTest::onERC721Received(Miner: [0x2e599883715D2f92468Fa5ae3F9aab4E930E3aC7], 0x0000000000000000000000000000000000000000, 1004, 0x)
    │   │   │   └─ ← [Return] 0x150b7a02
    │   │   ├─ emit Transfer(_from: 0x0000000000000000000000000000000000000000, _to: ContractTest: [0x7FA9385bE102ac3EAc297483Dd6233D62b3e1496], _tokenId: 1005)
    │   │   ├─ [884] ContractTest::onERC721Received(Miner: [0x2e599883715D2f92468Fa5ae3F9aab4E930E3aC7], 0x0000000000000000000000000000000000000000, 1005, 0x)
    │   │   │   └─ ← [Return] 0x150b7a02
    │   │   ├─ emit Transfer(_from: 0x0000000000000000000000000000000000000000, _to: ContractTest: [0x7FA9385bE102ac3EAc297483Dd6233D62b3e1496], _tokenId: 1006)
    │   │   ├─ [884] ContractTest::onERC721Received(Miner: [0x2e599883715D2f92468Fa5ae3F9aab4E930E3aC7], 0x0000000000000000000000000000000000000000, 1006, 0x)
    │   │   │   └─ ← [Return] 0x150b7a02
    │   │   ├─ emit Transfer(_from: 0x0000000000000000000000000000000000000000, _to: ContractTest: [0x7FA9385bE102ac3EAc297483Dd6233D62b3e1496], _tokenId: 1007)
    │   │   ├─ [884] ContractTest::onERC721Received(Miner: [0x2e599883715D2f92468Fa5ae3F9aab4E930E3aC7], 0x0000000000000000000000000000000000000000, 1007, 0x)
    │   │   │   └─ ← [Return] 0x150b7a02
    │   │   ├─ emit Transfer(_from: 0x0000000000000000000000000000000000000000, _to: ContractTest: [0x7FA9385bE102ac3EAc297483Dd6233D62b3e1496], _tokenId: 1008)
    │   │   ├─ [884] ContractTest::onERC721Received(Miner: [0x2e599883715D2f92468Fa5ae3F9aab4E930E3aC7], 0x0000000000000000000000000000000000000000, 1008, 0x)
    │   │   │   └─ ← [Return] 0x150b7a02
    │   │   ├─ emit Transfer(_from: 0x0000000000000000000000000000000000000000, _to: ContractTest: [0x7FA9385bE102ac3EAc297483Dd6233D62b3e1496], _tokenId: 1009)
    │   │   ├─ [884] ContractTest::onERC721Received(Miner: [0x2e599883715D2f92468Fa5ae3F9aab4E930E3aC7], 0x0000000000000000000000000000000000000000, 1009, 0x)
    │   │   │   └─ ← [Return] 0x150b7a02
    │   │   ├─ emit Transfer(_from: 0x0000000000000000000000000000000000000000, _to: ContractTest: [0x7FA9385bE102ac3EAc297483Dd6233D62b3e1496], _tokenId: 1010)
    │   │   ├─ [884] ContractTest::onERC721Received(Miner: [0x2e599883715D2f92468Fa5ae3F9aab4E930E3aC7], 0x0000000000000000000000000000000000000000, 1010, 0x)
    │   │   │   └─ ← [Return] 0x150b7a02
    │   │   ├─ emit Transfer(_from: 0x0000000000000000000000000000000000000000, _to: ContractTest: [0x7FA9385bE102ac3EAc297483Dd6233D62b3e1496], _tokenId: 1011)
    │   │   ├─ [884] ContractTest::onERC721Received(Miner: [0x2e599883715D2f92468Fa5ae3F9aab4E930E3aC7], 0x0000000000000000000000000000000000000000, 1011, 0x)
    │   │   │   └─ ← [Return] 0x150b7a02
    │   │   ├─ emit Transfer(_from: 0x0000000000000000000000000000000000000000, _to: ContractTest: [0x7FA9385bE102ac3EAc297483Dd6233D62b3e1496], _tokenId: 1012)
    │   │   ├─ [884] ContractTest::onERC721Received(Miner: [0x2e599883715D2f92468Fa5ae3F9aab4E930E3aC7], 0x0000000000000000000000000000000000000000, 1012, 0x)
    │   │   │   └─ ← [Return] 0x150b7a02
    │   │   ├─ emit Transfer(_from: 0x0000000000000000000000000000000000000000, _to: ContractTest: [0x7FA9385bE102ac3EAc297483Dd6233D62b3e1496], _tokenId: 1013)
    │   │   ├─ [884] ContractTest::onERC721Received(Miner: [0x2e599883715D2f92468Fa5ae3F9aab4E930E3aC7], 0x0000000000000000000000000000000000000000, 1013, 0x)
    │   │   │   └─ ← [Return] 0x150b7a02
    │   │   ├─ emit Transfer(_from: 0x0000000000000000000000000000000000000000, _to: ContractTest: [0x7FA9385bE102ac3EAc297483Dd6233D62b3e1496], _tokenId: 1014)
    │   │   ├─ [884] ContractTest::onERC721Received(Miner: [0x2e599883715D2f92468Fa5ae3F9aab4E930E3aC7], 0x0000000000000000000000000000000000000000, 1014, 0x)
    │   │   │   └─ ← [Return] 0x150b7a02
    │   │   ├─ emit Transfer(_from: 0x0000000000000000000000000000000000000000, _to: ContractTest: [0x7FA9385bE102ac3EAc297483Dd6233D62b3e1496], _tokenId: 1015)
    │   │   ├─ [884] ContractTest::onERC721Received(Miner: [0x2e599883715D2f92468Fa5ae3F9aab4E930E3aC7], 0x0000000000000000000000000000000000000000, 1015, 0x)
    │   │   │   └─ ← [Return] 0x150b7a02
    │   │   ├─ emit Transfer(_from: 0x0000000000000000000000000000000000000000, _to: ContractTest: [0x7FA9385bE102ac3EAc297483Dd6233D62b3e1496], _tokenId: 1016)
    │   │   ├─ [884] ContractTest::onERC721Received(Miner: [0x2e599883715D2f92468Fa5ae3F9aab4E930E3aC7], 0x0000000000000000000000000000000000000000, 1016, 0x)
    │   │   │   └─ ← [Return] 0x150b7a02
    │   │   ├─ emit Transfer(_from: 0x0000000000000000000000000000000000000000, _to: ContractTest: [0x7FA9385bE102ac3EAc297483Dd6233D62b3e1496], _tokenId: 1017)
    │   │   ├─ [884] ContractTest::onERC721Received(Miner: [0x2e599883715D2f92468Fa5ae3F9aab4E930E3aC7], 0x0000000000000000000000000000000000000000, 1017, 0x)
    │   │   │   └─ ← [Return] 0x150b7a02
    │   │   ├─ emit Transfer(_from: 0x0000000000000000000000000000000000000000, _to: ContractTest: [0x7FA9385bE102ac3EAc297483Dd6233D62b3e1496], _tokenId: 1018)
    │   │   ├─ [884] ContractTest::onERC721Received(Miner: [0x2e599883715D2f92468Fa5ae3F9aab4E930E3aC7], 0x0000000000000000000000000000000000000000, 1018, 0x)
    │   │   │   └─ ← [Return] 0x150b7a02
    │   │   ├─ emit Transfer(_from: 0x0000000000000000000000000000000000000000, _to: ContractTest: [0x7FA9385bE102ac3EAc297483Dd6233D62b3e1496], _tokenId: 1019)
    │   │   ├─ [884] ContractTest::onERC721Received(Miner: [0x2e599883715D2f92468Fa5ae3F9aab4E930E3aC7], 0x0000000000000000000000000000000000000000, 1019, 0x)
    │   │   │   └─ ← [Return] 0x150b7a02
    │   │   ├─ emit Transfer(_from: 0x0000000000000000000000000000000000000000, _to: ContractTest: [0x7FA9385bE102ac3EAc297483Dd6233D62b3e1496], _tokenId: 1020)
    │   │   ├─ [884] ContractTest::onERC721Received(Miner: [0x2e599883715D2f92468Fa5ae3F9aab4E930E3aC7], 0x0000000000000000000000000000000000000000, 1020, 0x)
    │   │   │   └─ ← [Return] 0x150b7a02
    │   │   ├─ emit Transfer(_from: 0x0000000000000000000000000000000000000000, _to: ContractTest: [0x7FA9385bE102ac3EAc297483Dd6233D62b3e1496], _tokenId: 1021)
    │   │   ├─ [884] ContractTest::onERC721Received(Miner: [0x2e599883715D2f92468Fa5ae3F9aab4E930E3aC7], 0x0000000000000000000000000000000000000000, 1021, 0x)
    │   │   │   └─ ← [Return] 0x150b7a02
    │   │   ├─ emit Transfer(_from: 0x0000000000000000000000000000000000000000, _to: ContractTest: [0x7FA9385bE102ac3EAc297483Dd6233D62b3e1496], _tokenId: 1022)
    │   │   ├─ [884] ContractTest::onERC721Received(Miner: [0x2e599883715D2f92468Fa5ae3F9aab4E930E3aC7], 0x0000000000000000000000000000000000000000, 1022, 0x)
    │   │   │   └─ ← [Return] 0x150b7a02
    │   │   ├─ emit Transfer(_from: 0x0000000000000000000000000000000000000000, _to: ContractTest: [0x7FA9385bE102ac3EAc297483Dd6233D62b3e1496], _tokenId: 1023)
    │   │   ├─ [884] ContractTest::onERC721Received(Miner: [0x2e599883715D2f92468Fa5ae3F9aab4E930E3aC7], 0x0000000000000000000000000000000000000000, 1023, 0x)
    │   │   │   └─ ← [Return] 0x150b7a02
    │   │   └─ ← [Stop] 
    │   └─ ← [Stop] 
    ├─ [762] landNFT::balanceOf(ContractTest: [0x7FA9385bE102ac3EAc297483Dd6233D62b3e1496]) [staticcall]
    │   └─ ← [Return] 200
    ├─ emit log_named_uint(key: "Attacker amount of NFT land after mint", val: 200)
    └─ ← [Stop] 

Suite result: ok. 1 passed; 0 failed; 0 skipped; finished in 8.45s (8.18s CPU time)

Ran 2 test suites in 8.46s (8.74s CPU time): 2 tests passed, 0 failed, 0 skipped (2 total tests)
