Compiling 27 files with Solc 0.8.25
Solc 0.8.25 finished in 1.19s
Compiler run successful with warnings:
Warning (8417): Since the VM version paris, "difficulty" was replaced by "prevrandao", which now returns a random number based on the beacon chain.
  --> src/test/2022-08/LuckyTiger_exp.sol:30:48:
   |
30 |         if (uint256(keccak256(abi.encodePacked(block.difficulty, block.timestamp))) % 2 == 0) {
   |                                                ^^^^^^^^^^^^^^^^

Warning (8417): Since the VM version paris, "difficulty" was replaced by "prevrandao", which now returns a random number based on the beacon chain.
  --> src/test/2022-08/LuckyTiger_exp.sol:47:48:
   |
47 |         if (uint256(keccak256(abi.encodePacked(block.difficulty, block.timestamp))) % 2 == 0) {
   |                                                ^^^^^^^^^^^^^^^^


Ran 1 test for src/test/2022-08/LuckyTiger_exp.sol:luckyHack
[FAIL. Reason: revert: Not lucky] testExploit() (gas: 6927)
Logs:
  getRandom 0

Traces:
  [5929] luckyHack::setUp()
    ├─ [0] VM::createSelectFork("mainnet", 15403430 [1.54e7])
    │   └─ ← [Return] 0
    ├─ [0] VM::deal(luckyHack: [0x7FA9385bE102ac3EAc297483Dd6233D62b3e1496], 3000000000000000000 [3e18])
    │   └─ ← [Return] 
    ├─ [0] VM::deal(0x9c87A5726e98F2f404cdd8ac8968E9b2C80C0967, 5000000000000000000 [5e18])
    │   └─ ← [Return] 
    └─ ← [Stop] 

  [6927] luckyHack::testExploit()
    ├─ [0] VM::warp(1661351167 [1.661e9])
    │   └─ ← [Return] 
    ├─ [0] console::log("getRandom", 0) [staticcall]
    │   └─ ← [Stop] 
    └─ ← [Revert] revert: Not lucky

Suite result: FAILED. 0 passed; 1 failed; 0 skipped; finished in 238.49ms (128.40µs CPU time)

Ran 1 test for script/Exploit-template_new.sol:ExploitScript
[PASS] testExploit() (gas: 20485)
Logs:
  Attacker ETH Balance Before exploit: 0.000000000000000000
  Attacker ETH Balance After exploit: 0.000000000000000000

Traces:
  [20485] ExploitScript::testExploit()
    ├─ [0] VM::deal(ExploitScript: [0x7FA9385bE102ac3EAc297483Dd6233D62b3e1496], 0)
    │   └─ ← [Return] 
    ├─ emit log_named_decimal_uint(key: "Attacker ETH Balance Before exploit", val: 0, decimals: 18)
    ├─ emit log_named_decimal_uint(key: "Attacker ETH Balance After exploit", val: 0, decimals: 18)
    └─ ← [Stop] 

Suite result: ok. 1 passed; 0 failed; 0 skipped; finished in 266.74ms (108.23µs CPU time)

Ran 2 test suites in 268.21ms (505.22ms CPU time): 1 tests passed, 1 failed, 0 skipped (2 total tests)

Failing tests:
Encountered 1 failing test in src/test/2022-08/LuckyTiger_exp.sol:luckyHack
[FAIL. Reason: revert: Not lucky] testExploit() (gas: 6927)

Encountered a total of 1 failing tests, 1 tests succeeded
