Compiling 28 files with Solc 0.8.25
Solc 0.8.25 finished in 1.22s
Compiler run successful with warnings:
Warning (2519): This declaration shadows an existing declaration.
   --> src/test/interface.sol:886:5:
    |
886 |     function WETH() external view returns (address);
    |     ^^^^^^^^^^^^^^^^^^^^^^^^^^^^^^^^^^^^^^^^^^^^^^^^
Note: The shadowed declaration is here:
   --> src/test/interface.sol:641:1:
    |
641 | interface WETH {
    | ^ (Relevant source part starts here and spans across multiple lines).

Warning (2519): This declaration shadows an existing declaration.
    --> src/test/interface.sol:1598:5:
     |
1598 |     function WETH() external view returns (address);
     |     ^^^^^^^^^^^^^^^^^^^^^^^^^^^^^^^^^^^^^^^^^^^^^^^^
Note: The shadowed declaration is here:
   --> src/test/interface.sol:641:1:
    |
641 | interface WETH {
    | ^ (Relevant source part starts here and spans across multiple lines).

Warning (2519): This declaration shadows an existing declaration.
    --> src/test/interface.sol:1850:5:
     |
1850 |     function WETH() external view returns (address);
     |     ^^^^^^^^^^^^^^^^^^^^^^^^^^^^^^^^^^^^^^^^^^^^^^^^
Note: The shadowed declaration is here:
   --> src/test/interface.sol:641:1:
    |
641 | interface WETH {
    | ^ (Relevant source part starts here and spans across multiple lines).

Warning (2519): This declaration shadows an existing declaration.
    --> src/test/interface.sol:2560:5:
     |
2560 |     function WETH() external view returns (address);
     |     ^^^^^^^^^^^^^^^^^^^^^^^^^^^^^^^^^^^^^^^^^^^^^^^^
Note: The shadowed declaration is here:
   --> src/test/interface.sol:641:1:
    |
641 | interface WETH {
    | ^ (Relevant source part starts here and spans across multiple lines).

Warning (2519): This declaration shadows an existing declaration.
    --> src/test/interface.sol:3759:5:
     |
3759 |     function WETH() external view returns (address);
     |     ^^^^^^^^^^^^^^^^^^^^^^^^^^^^^^^^^^^^^^^^^^^^^^^^
Note: The shadowed declaration is here:
   --> src/test/interface.sol:641:1:
    |
641 | interface WETH {
    | ^ (Relevant source part starts here and spans across multiple lines).

Warning (2519): This declaration shadows an existing declaration.
  --> src/test/2023-07/Platypus02_exp.sol:46:5:
   |
46 |     IERC20 USDC = IERC20(0xB97EF9Ef8734C71904D8002F8b6Bc66Dd9c48a6E);
   |     ^^^^^^^^^^^^^^^^^^^^^^^^^^^^^^^^^^^^^^^^^^^^^^^^^^^^^^^^^^^^^^^^
Note: The shadowed declaration is here:
    --> src/test/interface.sol:2629:1:
     |
2629 | interface USDC {
     | ^ (Relevant source part starts here and spans across multiple lines).


Ran 1 test for script/Exploit-template_new.sol:ExploitScript
[PASS] testExploit() (gas: 20485)
Logs:
  Attacker ETH Balance Before exploit: 0.000000000000000000
  Attacker ETH Balance After exploit: 0.000000000000000000

Traces:
  [20485] ExploitScript::testExploit()
    в”њв”Ђ [0] VM::deal(ExploitScript: [0x7FA9385bE102ac3EAc297483Dd6233D62b3e1496], 0)
    в”‚   в””в”Ђ в†ђ [Return] 
    в”њв”Ђ emit log_named_decimal_uint(key: "Attacker ETH Balance Before exploit", val: 0, decimals: 18)
    в”њв”Ђ emit log_named_decimal_uint(key: "Attacker ETH Balance After exploit", val: 0, decimals: 18)
    в””в”Ђ в†ђ [Stop] 

Suite result: ok. 1 passed; 0 failed; 0 skipped; finished in 283.85ms (288.69Вµs CPU time)

Ran 1 test for src/test/2023-07/Platypus02_exp.sol:ContractTest
[PASS] testExploit() (gas: 772046)
Logs:
  Attacker USDC balance after exploit: 4472.378061

Traces:
  [948046] ContractTest::testExploit()
    в”њв”Ђ [934624] aaveV3::flashLoanSimple(ContractTest: [0x7FA9385bE102ac3EAc297483Dd6233D62b3e1496], USDC: [0xB97EF9Ef8734C71904D8002F8b6Bc66Dd9c48a6E], 85000000000 [8.5e10], 0x, 0)
    в”‚   в”њв”Ђ [929580] 0xCf85FF1c37c594a10195F7A9Ab85CBb0a03f69dE::flashLoanSimple(ContractTest: [0x7FA9385bE102ac3EAc297483Dd6233D62b3e1496], USDC: [0xB97EF9Ef8734C71904D8002F8b6Bc66Dd9c48a6E], 85000000000 [8.5e10], 0x, 0) [delegatecall]
    в”‚   в”‚   в”њв”Ђ [922859] 0x0A62276bFBF1Ad8443f37Da8630d407408085c8b::a1fe0e8d(2889eaa22747c352a3ff649cf4e08b28f365682fd55aaed4ce267db314fb2e5300000000000000000000000000000000000000000000000000000000000000400000000000000000000000007fa9385be102ac3eac297483dd6233d62b3e1496000000000000000000000000b97ef9ef8734c71904d8002f8b6bc66dd9c48a6e00000000000000000000000000000000000000000000000000000013ca65120000000000000000000000000000000000000000000000000000000000000000e00000000000000000000000000000000000000000000000000000000000000000000000000000000000000000000000000000000000000000000000000000000400000000000000000000000000000000000000000000000000000000000000050000000000000000000000000000000000000000000000000000000000000000) [delegatecall]
    в”‚   в”‚   в”‚   в”њв”Ђ [54449] 0x625E7708f30cA75bfd92586e17077590C60eb4cD::transferUnderlyingTo(ContractTest: [0x7FA9385bE102ac3EAc297483Dd6233D62b3e1496], 85000000000 [8.5e10])
    в”‚   в”‚   в”‚   в”‚   в”њв”Ђ [49429] 0x1E81af09001aD208BDa68FF022544dB2102A752d::transferUnderlyingTo(ContractTest: [0x7FA9385bE102ac3EAc297483Dd6233D62b3e1496], 85000000000 [8.5e10]) [delegatecall]
    в”‚   в”‚   в”‚   в”‚   в”‚   в”њв”Ђ [43928] USDC::transfer(ContractTest: [0x7FA9385bE102ac3EAc297483Dd6233D62b3e1496], 85000000000 [8.5e10])
    в”‚   в”‚   в”‚   в”‚   в”‚   в”‚   в”њв”Ђ [36728] 0xa3fa3D254bf6aF295b5B22cC6730b04144314890::transfer(ContractTest: [0x7FA9385bE102ac3EAc297483Dd6233D62b3e1496], 85000000000 [8.5e10]) [delegatecall]
    в”‚   в”‚   в”‚   в”‚   в”‚   в”‚   в”‚   в”њв”Ђ emit Transfer(from: 0x625E7708f30cA75bfd92586e17077590C60eb4cD, to: ContractTest: [0x7FA9385bE102ac3EAc297483Dd6233D62b3e1496], value: 85000000000 [8.5e10])
    в”‚   в”‚   в”‚   в”‚   в”‚   в”‚   в”‚   в””в”Ђ в†ђ [Return] true
    в”‚   в”‚   в”‚   в”‚   в”‚   в”‚   в””в”Ђ в†ђ [Return] true
    в”‚   в”‚   в”‚   в”‚   в”‚   в””в”Ђ в†ђ [Stop] 
    в”‚   в”‚   в”‚   в”‚   в””в”Ђ в†ђ [Return] 
    в”‚   в”‚   в”‚   в”њв”Ђ [766790] ContractTest::executeOperation(USDC: [0xB97EF9Ef8734C71904D8002F8b6Bc66Dd9c48a6E], 85000000000 [8.5e10], 42500000 [4.25e7], ContractTest: [0x7FA9385bE102ac3EAc297483Dd6233D62b3e1496], 0x)
    в”‚   в”‚   в”‚   в”‚   в”њв”Ђ [27746] USDC::approve(aaveV3: [0x794a61358D6845594F94dc1DB02A252b5b4814aD], 85042500000 [8.504e10])
    в”‚   в”‚   в”‚   в”‚   в”‚   в”њв”Ђ [27078] 0xa3fa3D254bf6aF295b5B22cC6730b04144314890::approve(aaveV3: [0x794a61358D6845594F94dc1DB02A252b5b4814aD], 85042500000 [8.504e10]) [delegatecall]
    в”‚   в”‚   в”‚   в”‚   в”‚   в”‚   в”њв”Ђ emit Approval(owner: ContractTest: [0x7FA9385bE102ac3EAc297483Dd6233D62b3e1496], spender: aaveV3: [0x794a61358D6845594F94dc1DB02A252b5b4814aD], value: 85042500000 [8.504e10])
    в”‚   в”‚   в”‚   в”‚   в”‚   в”‚   в””в”Ђ в†ђ [Return] true
    в”‚   в”‚   в”‚   в”‚   в”‚   в””в”Ђ в†ђ [Return] true
    в”‚   в”‚   в”‚   в”‚   в”њв”Ђ [1226] USDC::balanceOf(ContractTest: [0x7FA9385bE102ac3EAc297483Dd6233D62b3e1496]) [staticcall]
    в”‚   в”‚   в”‚   в”‚   в”‚   в”њв”Ђ [529] 0xa3fa3D254bf6aF295b5B22cC6730b04144314890::balanceOf(ContractTest: [0x7FA9385bE102ac3EAc297483Dd6233D62b3e1496]) [delegatecall]
    в”‚   в”‚   в”‚   в”‚   в”‚   в”‚   в””в”Ђ в†ђ [Return] 85000000000 [8.5e10]
    в”‚   в”‚   в”‚   в”‚   в”‚   в””в”Ђ в†ђ [Return] 85000000000 [8.5e10]
    в”‚   в”‚   в”‚   в”‚   в”њв”Ђ [27746] USDC::approve(PlatypusPool: [0xbe52548488992Cc76fFA1B42f3A58F646864df45], 85000000000 [8.5e10])
    в”‚   в”‚   в”‚   в”‚   в”‚   в”њв”Ђ [27078] 0xa3fa3D254bf6aF295b5B22cC6730b04144314890::approve(PlatypusPool: [0xbe52548488992Cc76fFA1B42f3A58F646864df45], 85000000000 [8.5e10]) [delegatecall]
    в”‚   в”‚   в”‚   в”‚   в”‚   в”‚   в”њв”Ђ emit Approval(owner: ContractTest: [0x7FA9385bE102ac3EAc297483Dd6233D62b3e1496], spender: PlatypusPool: [0xbe52548488992Cc76fFA1B42f3A58F646864df45], value: 85000000000 [8.5e10])
    в”‚   в”‚   в”‚   в”‚   в”‚   в”‚   в””в”Ђ в†ђ [Return] true
    в”‚   в”‚   в”‚   в”‚   в”‚   в””в”Ђ в†ђ [Return] true
    в”‚   в”‚   в”‚   в”‚   в”њв”Ђ [1226] USDC::balanceOf(ContractTest: [0x7FA9385bE102ac3EAc297483Dd6233D62b3e1496]) [staticcall]
    в”‚   в”‚   в”‚   в”‚   в”‚   в”њв”Ђ [529] 0xa3fa3D254bf6aF295b5B22cC6730b04144314890::balanceOf(ContractTest: [0x7FA9385bE102ac3EAc297483Dd6233D62b3e1496]) [delegatecall]
    в”‚   в”‚   в”‚   в”‚   в”‚   в”‚   в””в”Ђ в†ђ [Return] 85000000000 [8.5e10]
    в”‚   в”‚   в”‚   в”‚   в”‚   в””в”Ђ в†ђ [Return] 85000000000 [8.5e10]
    в”‚   в”‚   в”‚   в”‚   в”њв”Ђ [328386] PlatypusPool::deposit(USDC: [0xB97EF9Ef8734C71904D8002F8b6Bc66Dd9c48a6E], 85000000000 [8.5e10], ContractTest: [0x7FA9385bE102ac3EAc297483Dd6233D62b3e1496], 1689094492 [1.689e9])
    в”‚   в”‚   в”‚   в”‚   в”‚   в”њв”Ђ [323274] 0x7e1333a39aBeD9A5664661957B80ba01D2702B1E::deposit(USDC: [0xB97EF9Ef8734C71904D8002F8b6Bc66Dd9c48a6E], 85000000000 [8.5e10], ContractTest: [0x7FA9385bE102ac3EAc297483Dd6233D62b3e1496], 1689094492 [1.689e9]) [delegatecall]
    в”‚   в”‚   в”‚   в”‚   в”‚   в”‚   в”њв”Ђ [12671] USDC::transferFrom(ContractTest: [0x7FA9385bE102ac3EAc297483Dd6233D62b3e1496], LP_USDC: [0x06f01502327De1c37076Bea4689a7e44279155e9], 85000000000 [8.5e10])
    в”‚   в”‚   в”‚   в”‚   в”‚   в”‚   в”‚   в”њв”Ђ [11997] 0xa3fa3D254bf6aF295b5B22cC6730b04144314890::transferFrom(ContractTest: [0x7FA9385bE102ac3EAc297483Dd6233D62b3e1496], LP_USDC: [0x06f01502327De1c37076Bea4689a7e44279155e9], 85000000000 [8.5e10]) [delegatecall]
    в”‚   в”‚   в”‚   в”‚   в”‚   в”‚   в”‚   в”‚   в”њв”Ђ emit Transfer(from: ContractTest: [0x7FA9385bE102ac3EAc297483Dd6233D62b3e1496], to: LP_USDC: [0x06f01502327De1c37076Bea4689a7e44279155e9], value: 85000000000 [8.5e10])
    в”‚   в”‚   в”‚   в”‚   в”‚   в”‚   в”‚   в”‚   в””в”Ђ в†ђ [Return] true
    в”‚   в”‚   в”‚   в”‚   в”‚   в”‚   в”‚   в””в”Ђ в†ђ [Return] true
    в”‚   в”‚   в”‚   в”‚   в”‚   в”‚   в”њв”Ђ [7421] LP_USDC::totalSupply() [staticcall]
    в”‚   в”‚   в”‚   в”‚   в”‚   в”‚   в”‚   в”њв”Ђ [2327] 0xB00C1F6ad87a832e39D15581fcD7Ca39EDF3A9c7::totalSupply() [delegatecall]
    в”‚   в”‚   в”‚   в”‚   в”‚   в”‚   в”‚   в”‚   в””в”Ђ в†ђ [Return] 920270929028 [9.202e11]
    в”‚   в”‚   в”‚   в”‚   в”‚   в”‚   в”‚   в””в”Ђ в†ђ [Return] 920270929028 [9.202e11]
    в”‚   в”‚   в”‚   в”‚   в”‚   в”‚   в”њв”Ђ [2953] LP_USDC::liability() [staticcall]
    в”‚   в”‚   в”‚   в”‚   в”‚   в”‚   в”‚   в”њв”Ђ [2359] 0xB00C1F6ad87a832e39D15581fcD7Ca39EDF3A9c7::liability() [delegatecall]
    в”‚   в”‚   в”‚   в”‚   в”‚   в”‚   в”‚   в”‚   в””в”Ђ в†ђ [Return] 0x000000000000000000000000000000000000000000000000000000cb73d8c08b
    в”‚   в”‚   в”‚   в”‚   в”‚   в”‚   в”‚   в””в”Ђ в†ђ [Return] 0x000000000000000000000000000000000000000000000000000000cb73d8c08b
    в”‚   в”‚   в”‚   в”‚   в”‚   в”‚   в”њв”Ђ [2931] LP_USDC::cash() [staticcall]
    в”‚   в”‚   в”‚   в”‚   в”‚   в”‚   в”‚   в”њв”Ђ [2337] 0xB00C1F6ad87a832e39D15581fcD7Ca39EDF3A9c7::cash() [delegatecall]
    в”‚   в”‚   в”‚   в”‚   в”‚   в”‚   в”‚   в”‚   в””в”Ђ в†ђ [Return] 0x000000000000000000000000000000000000000000000000000000a077c1b09f
    в”‚   в”‚   в”‚   в”‚   в”‚   в”‚   в”‚   в””в”Ђ в†ђ [Return] 0x000000000000000000000000000000000000000000000000000000a077c1b09f
    в”‚   в”‚   в”‚   в”‚   в”‚   в”‚   в”њв”Ђ [21449] 0x7b52f4B5C476E7aFD09266C35274737cD0af746b::getAssetPrice(USDTe: [0xc7198437980c041c805A1EDcbA50c1Ce5db95118]) [staticcall]
    в”‚   в”‚   в”‚   в”‚   в”‚   в”‚   в”‚   в”њв”Ђ [15643] 0xEBE676ee90Fe1112671f19b6B7459bC678B67e8a::latestRoundData() [staticcall]
    в”‚   в”‚   в”‚   в”‚   в”‚   в”‚   в”‚   в”‚   в”њв”Ђ [7410] 0xb8AEB9160385fa2D1B63B5E88351238593ba0127::latestRoundData() [staticcall]
    в”‚   в”‚   в”‚   в”‚   в”‚   в”‚   в”‚   в”‚   в”‚   в””в”Ђ в†ђ [Return] 2620, 100006000 [1e8], 1689026079 [1.689e9], 1689026079 [1.689e9], 2620
    в”‚   в”‚   в”‚   в”‚   в”‚   в”‚   в”‚   в”‚   в””в”Ђ в†ђ [Return] 18446744073709554236 [1.844e19], 100006000 [1e8], 1689026079 [1.689e9], 1689026079 [1.689e9], 18446744073709554236 [1.844e19]
    в”‚   в”‚   в”‚   в”‚   в”‚   в”‚   в”‚   в””в”Ђ в†ђ [Return] 100006000 [1e8]
    в”‚   в”‚   в”‚   в”‚   в”‚   в”‚   в”њв”Ђ [10929] 0xDEA7bf752Ef25301DbB2e9288338A1a9013EC194::decimals() [staticcall]
    в”‚   в”‚   в”‚   в”‚   в”‚   в”‚   в”‚   в”њв”Ђ [5835] 0x7F9Ae1b72ea18E28F29a9129896c54A6a512E42a::decimals() [delegatecall]
    в”‚   в”‚   в”‚   в”‚   в”‚   в”‚   в”‚   в”‚   в”њв”Ђ [366] USDTe::decimals() [staticcall]
    в”‚   в”‚   в”‚   в”‚   в”‚   в”‚   в”‚   в”‚   в”‚   в””в”Ђ в†ђ [Return] 6
    в”‚   в”‚   в”‚   в”‚   в”‚   в”‚   в”‚   в”‚   в””в”Ђ в†ђ [Return] 6
    в”‚   в”‚   в”‚   в”‚   в”‚   в”‚   в”‚   в””в”Ђ в†ђ [Return] 6
    в”‚   в”‚   в”‚   в”‚   в”‚   в”‚   в”њв”Ђ [2931] 0xDEA7bf752Ef25301DbB2e9288338A1a9013EC194::cash() [staticcall]
    в”‚   в”‚   в”‚   в”‚   в”‚   в”‚   в”‚   в”њв”Ђ [2337] 0x7F9Ae1b72ea18E28F29a9129896c54A6a512E42a::cash() [delegatecall]
    в”‚   в”‚   в”‚   в”‚   в”‚   в”‚   в”‚   в”‚   в””в”Ђ в†ђ [Return] 0x00000000000000000000000000000000000000000000000000000082f9bd6c45
    в”‚   в”‚   в”‚   в”‚   в”‚   в”‚   в”‚   в””в”Ђ в†ђ [Return] 0x00000000000000000000000000000000000000000000000000000082f9bd6c45
    в”‚   в”‚   в”‚   в”‚   в”‚   в”‚   в”њв”Ђ [2953] 0xDEA7bf752Ef25301DbB2e9288338A1a9013EC194::liability() [staticcall]
    в”‚   в”‚   в”‚   в”‚   в”‚   в”‚   в”‚   в”њв”Ђ [2359] 0x7F9Ae1b72ea18E28F29a9129896c54A6a512E42a::liability() [delegatecall]
    в”‚   в”‚   в”‚   в”‚   в”‚   в”‚   в”‚   в”‚   в””в”Ђ в†ђ [Return] 0x00000000000000000000000000000000000000000000000000000063c2d007ab
    в”‚   в”‚   в”‚   в”‚   в”‚   в”‚   в”‚   в””в”Ђ в†ђ [Return] 0x00000000000000000000000000000000000000000000000000000063c2d007ab
    в”‚   в”‚   в”‚   в”‚   в”‚   в”‚   в”њв”Ђ [21449] 0x7b52f4B5C476E7aFD09266C35274737cD0af746b::getAssetPrice(0xA7D7079b0FEaD91F3e65f86E8915Cb59c1a4C664) [staticcall]
    в”‚   в”‚   в”‚   в”‚   в”‚   в”‚   в”‚   в”њв”Ђ [15643] 0xF096872672F44d6EBA71458D74fe67F9a77a23B9::latestRoundData() [staticcall]
    в”‚   в”‚   в”‚   в”‚   в”‚   в”‚   в”‚   в”‚   в”њв”Ђ [7410] 0xfBd998938f8f7210eEC3D1e12E80A10972F02aEd::latestRoundData() [staticcall]
    в”‚   в”‚   в”‚   в”‚   в”‚   в”‚   в”‚   в”‚   в”‚   в””в”Ђ в†ђ [Return] 1945, 99996815 [9.999e7], 1689062420 [1.689e9], 1689062420 [1.689e9], 1945
    в”‚   в”‚   в”‚   в”‚   в”‚   в”‚   в”‚   в”‚   в””в”Ђ в†ђ [Return] 18446744073709553561 [1.844e19], 99996815 [9.999e7], 1689062420 [1.689e9], 1689062420 [1.689e9], 18446744073709553561 [1.844e19]
    в”‚   в”‚   в”‚   в”‚   в”‚   в”‚   в”‚   в””в”Ђ в†ђ [Return] 99996815 [9.999e7]
    в”‚   в”‚   в”‚   в”‚   в”‚   в”‚   в”њв”Ђ [10929] 0x6a1340A262BaE9b076a9f8862eBfabea25039e4e::decimals() [staticcall]
    в”‚   в”‚   в”‚   в”‚   в”‚   в”‚   в”‚   в”њв”Ђ [5835] 0x92514f9d8EC36CD89f03917E719E873aa2f39F2c::decimals() [delegatecall]
    в”‚   в”‚   в”‚   в”‚   в”‚   в”‚   в”‚   в”‚   в”њв”Ђ [366] 0xA7D7079b0FEaD91F3e65f86E8915Cb59c1a4C664::decimals() [staticcall]
    в”‚   в”‚   в”‚   в”‚   в”‚   в”‚   в”‚   в”‚   в”‚   в””в”Ђ в†ђ [Return] 6
    в”‚   в”‚   в”‚   в”‚   в”‚   в”‚   в”‚   в”‚   в””в”Ђ в†ђ [Return] 6
    в”‚   в”‚   в”‚   в”‚   в”‚   в”‚   в”‚   в””в”Ђ в†ђ [Return] 6
    в”‚   в”‚   в”‚   в”‚   в”‚   в”‚   в”њв”Ђ [2931] 0x6a1340A262BaE9b076a9f8862eBfabea25039e4e::cash() [staticcall]
    в”‚   в”‚   в”‚   в”‚   в”‚   в”‚   в”‚   в”њв”Ђ [2337] 0x92514f9d8EC36CD89f03917E719E873aa2f39F2c::cash() [delegatecall]
    в”‚   в”‚   в”‚   в”‚   в”‚   в”‚   в”‚   в”‚   в””в”Ђ в†ђ [Return] 0x000000000000000000000000000000000000000000000000000000661caffa82
    в”‚   в”‚   в”‚   в”‚   в”‚   в”‚   в”‚   в””в”Ђ в†ђ [Return] 0x000000000000000000000000000000000000000000000000000000661caffa82
    в”‚   в”‚   в”‚   в”‚   в”‚   в”‚   в”њв”Ђ [2953] 0x6a1340A262BaE9b076a9f8862eBfabea25039e4e::liability() [staticcall]
    в”‚   в”‚   в”‚   в”‚   в”‚   в”‚   в”‚   в”њв”Ђ [2359] 0x92514f9d8EC36CD89f03917E719E873aa2f39F2c::liability() [delegatecall]
    в”‚   в”‚   в”‚   в”‚   в”‚   в”‚   в”‚   в”‚   в””в”Ђ в†ђ [Return] 0x00000000000000000000000000000000000000000000000000000072bd030a6b
    в”‚   в”‚   в”‚   в”‚   в”‚   в”‚   в”‚   в””в”Ђ в†ђ [Return] 0x00000000000000000000000000000000000000000000000000000072bd030a6b
    в”‚   в”‚   в”‚   в”‚   в”‚   в”‚   в”њв”Ђ [21449] 0x7b52f4B5C476E7aFD09266C35274737cD0af746b::getAssetPrice(0xd586E7F844cEa2F87f50152665BCbc2C279D8d70) [staticcall]
    в”‚   в”‚   в”‚   в”‚   в”‚   в”‚   в”‚   в”њв”Ђ [15643] 0x51D7180edA2260cc4F6e4EebB82FEF5c3c2B8300::latestRoundData() [staticcall]
    в”‚   в”‚   в”‚   в”‚   в”‚   в”‚   в”‚   в”‚   в”њв”Ђ [7410] 0xCC4633a1a85d553623bAC7945Bd87CFad6E6a8c8::latestRoundData() [staticcall]
    в”‚   в”‚   в”‚   в”‚   в”‚   в”‚   в”‚   в”‚   в”‚   в””в”Ђ в†ђ [Return] 2574, 99982573 [9.998e7], 1689069379 [1.689e9], 1689069379 [1.689e9], 2574
    в”‚   в”‚   в”‚   в”‚   в”‚   в”‚   в”‚   в”‚   в””в”Ђ в†ђ [Return] 18446744073709554190 [1.844e19], 99982573 [9.998e7], 1689069379 [1.689e9], 1689069379 [1.689e9], 18446744073709554190 [1.844e19]
    в”‚   в”‚   в”‚   в”‚   в”‚   в”‚   в”‚   в””в”Ђ в†ђ [Return] 99982573 [9.998e7]
    в”‚   в”‚   в”‚   в”‚   в”‚   в”‚   в”њв”Ђ [10929] 0x2E19709471FB25078dB982DD6b94A8Cb2C29E2Aa::decimals() [staticcall]
    в”‚   в”‚   в”‚   в”‚   в”‚   в”‚   в”‚   в”њв”Ђ [5835] 0x305F5a904127961B3Abaa7078Cf20BD4A8CF5483::decimals() [delegatecall]
    в”‚   в”‚   в”‚   в”‚   в”‚   в”‚   в”‚   в”‚   в”њв”Ђ [366] 0xd586E7F844cEa2F87f50152665BCbc2C279D8d70::decimals() [staticcall]
    в”‚   в”‚   в”‚   в”‚   в”‚   в”‚   в”‚   в”‚   в”‚   в””в”Ђ в†ђ [Return] 18
    в”‚   в”‚   в”‚   в”‚   в”‚   в”‚   в”‚   в”‚   в””в”Ђ в†ђ [Return] 18
    в”‚   в”‚   в”‚   в”‚   в”‚   в”‚   в”‚   в””в”Ђ в†ђ [Return] 18
    в”‚   в”‚   в”‚   в”‚   в”‚   в”‚   в”њв”Ђ [2931] 0x2E19709471FB25078dB982DD6b94A8Cb2C29E2Aa::cash() [staticcall]
    в”‚   в”‚   в”‚   в”‚   в”‚   в”‚   в”‚   в”њв”Ђ [2337] 0x305F5a904127961B3Abaa7078Cf20BD4A8CF5483::cash() [delegatecall]
    в”‚   в”‚   в”‚   в”‚   в”‚   в”‚   в”‚   в”‚   в””в”Ђ в†ђ [Return] 0x0000000000000000000000000000000000000000000044a55bc3095f23cbc7ad
    в”‚   в”‚   в”‚   в”‚   в”‚   в”‚   в”‚   в””в”Ђ в†ђ [Return] 0x0000000000000000000000000000000000000000000044a55bc3095f23cbc7ad
    в”‚   в”‚   в”‚   в”‚   в”‚   в”‚   в”њв”Ђ [2953] 0x2E19709471FB25078dB982DD6b94A8Cb2C29E2Aa::liability() [staticcall]
    в”‚   в”‚   в”‚   в”‚   в”‚   в”‚   в”‚   в”њв”Ђ [2359] 0x305F5a904127961B3Abaa7078Cf20BD4A8CF5483::liability() [delegatecall]
    в”‚   в”‚   в”‚   в”‚   в”‚   в”‚   в”‚   в”‚   в””в”Ђ в†ђ [Return] 0x0000000000000000000000000000000000000000000014ee0b1b01de69057968
    в”‚   в”‚   в”‚   в”‚   в”‚   в”‚   в”‚   в””в”Ђ в†ђ [Return] 0x0000000000000000000000000000000000000000000014ee0b1b01de69057968
    в”‚   в”‚   в”‚   в”‚   в”‚   в”‚   в”њв”Ђ [6449] 0x7b52f4B5C476E7aFD09266C35274737cD0af746b::getAssetPrice(USDC: [0xB97EF9Ef8734C71904D8002F8b6Bc66Dd9c48a6E]) [staticcall]
    в”‚   в”‚   в”‚   в”‚   в”‚   в”‚   в”‚   в”њв”Ђ [3143] 0xF096872672F44d6EBA71458D74fe67F9a77a23B9::latestRoundData() [staticcall]
    в”‚   в”‚   в”‚   в”‚   в”‚   в”‚   в”‚   в”‚   в”њв”Ђ [1410] 0xfBd998938f8f7210eEC3D1e12E80A10972F02aEd::latestRoundData() [staticcall]
    в”‚   в”‚   в”‚   в”‚   в”‚   в”‚   в”‚   в”‚   в”‚   в””в”Ђ в†ђ [Return] 1945, 99996815 [9.999e7], 1689062420 [1.689e9], 1689062420 [1.689e9], 1945
    в”‚   в”‚   в”‚   в”‚   в”‚   в”‚   в”‚   в”‚   в””в”Ђ в†ђ [Return] 18446744073709553561 [1.844e19], 99996815 [9.999e7], 1689062420 [1.689e9], 1689062420 [1.689e9], 18446744073709553561 [1.844e19]
    в”‚   в”‚   в”‚   в”‚   в”‚   в”‚   в”‚   в””в”Ђ в†ђ [Return] 99996815 [9.999e7]
    в”‚   в”‚   в”‚   в”‚   в”‚   в”‚   в”њв”Ђ [6606] LP_USDC::decimals() [staticcall]
    в”‚   в”‚   в”‚   в”‚   в”‚   в”‚   в”‚   в”њв”Ђ [6012] 0xB00C1F6ad87a832e39D15581fcD7Ca39EDF3A9c7::decimals() [delegatecall]
    в”‚   в”‚   в”‚   в”‚   в”‚   в”‚   в”‚   в”‚   в”њв”Ђ [3043] USDC::decimals() [staticcall]
    в”‚   в”‚   в”‚   в”‚   в”‚   в”‚   в”‚   в”‚   в”‚   в”њв”Ђ [2381] 0xa3fa3D254bf6aF295b5B22cC6730b04144314890::decimals() [delegatecall]
    в”‚   в”‚   в”‚   в”‚   в”‚   в”‚   в”‚   в”‚   в”‚   в”‚   в””в”Ђ в†ђ [Return] 6
    в”‚   в”‚   в”‚   в”‚   в”‚   в”‚   в”‚   в”‚   в”‚   в””в”Ђ в†ђ [Return] 6
    в”‚   в”‚   в”‚   в”‚   в”‚   в”‚   в”‚   в”‚   в””в”Ђ в†ђ [Return] 6
    в”‚   в”‚   в”‚   в”‚   в”‚   в”‚   в”‚   в””в”Ђ в†ђ [Return] 6
    в”‚   в”‚   в”‚   в”‚   в”‚   в”‚   в”њв”Ђ [931] LP_USDC::cash() [staticcall]
    в”‚   в”‚   в”‚   в”‚   в”‚   в”‚   в”‚   в”њв”Ђ [337] 0xB00C1F6ad87a832e39D15581fcD7Ca39EDF3A9c7::cash() [delegatecall]
    в”‚   в”‚   в”‚   в”‚   в”‚   в”‚   в”‚   в”‚   в””в”Ђ в†ђ [Return] 0x000000000000000000000000000000000000000000000000000000a077c1b09f
    в”‚   в”‚   в”‚   в”‚   в”‚   в”‚   в”‚   в””в”Ђ в†ђ [Return] 0x000000000000000000000000000000000000000000000000000000a077c1b09f
    в”‚   в”‚   в”‚   в”‚   в”‚   в”‚   в”њв”Ђ [953] LP_USDC::liability() [staticcall]
    в”‚   в”‚   в”‚   в”‚   в”‚   в”‚   в”‚   в”њв”Ђ [359] 0xB00C1F6ad87a832e39D15581fcD7Ca39EDF3A9c7::liability() [delegatecall]
    в”‚   в”‚   в”‚   в”‚   в”‚   в”‚   в”‚   в”‚   в””в”Ђ в†ђ [Return] 0x000000000000000000000000000000000000000000000000000000cb73d8c08b
    в”‚   в”‚   в”‚   в”‚   в”‚   в”‚   в”‚   в””в”Ђ в†ђ [Return] 0x000000000000000000000000000000000000000000000000000000cb73d8c08b
    в”‚   в”‚   в”‚   в”‚   в”‚   в”‚   в”њв”Ђ [6449] 0x7b52f4B5C476E7aFD09266C35274737cD0af746b::getAssetPrice(0x9702230A8Ea53601f5cD2dc00fDBc13d4dF4A8c7) [staticcall]
    в”‚   в”‚   в”‚   в”‚   в”‚   в”‚   в”‚   в”њв”Ђ [3143] 0xEBE676ee90Fe1112671f19b6B7459bC678B67e8a::latestRoundData() [staticcall]
    в”‚   в”‚   в”‚   в”‚   в”‚   в”‚   в”‚   в”‚   в”њв”Ђ [1410] 0xb8AEB9160385fa2D1B63B5E88351238593ba0127::latestRoundData() [staticcall]
    в”‚   в”‚   в”‚   в”‚   в”‚   в”‚   в”‚   в”‚   в”‚   в””в”Ђ в†ђ [Return] 2620, 100006000 [1e8], 1689026079 [1.689e9], 1689026079 [1.689e9], 2620
    в”‚   в”‚   в”‚   в”‚   в”‚   в”‚   в”‚   в”‚   в””в”Ђ в†ђ [Return] 18446744073709554236 [1.844e19], 100006000 [1e8], 1689026079 [1.689e9], 1689026079 [1.689e9], 18446744073709554236 [1.844e19]
    в”‚   в”‚   в”‚   в”‚   в”‚   в”‚   в”‚   в””в”Ђ в†ђ [Return] 100006000 [1e8]
    в”‚   в”‚   в”‚   в”‚   в”‚   в”‚   в”њв”Ђ [20248] 0x836648A8cE166Ba7CaFb27F0E6AD21d5C91b7774::decimals() [staticcall]
    в”‚   в”‚   в”‚   в”‚   в”‚   в”‚   в”‚   в”њв”Ђ [15154] 0x159D5190d753e1410bB7926EEa269Deefa2A24C9::decimals() [delegatecall]
    в”‚   в”‚   в”‚   в”‚   в”‚   в”‚   в”‚   в”‚   в”њв”Ђ [9685] 0x9702230A8Ea53601f5cD2dc00fDBc13d4dF4A8c7::decimals() [staticcall]
    в”‚   в”‚   в”‚   в”‚   в”‚   в”‚   в”‚   в”‚   в”‚   в”њв”Ђ [2357] 0xBA2a995Bd4ab9e605454cCEf88169352cd5F75A6::decimals() [delegatecall]
    в”‚   в”‚   в”‚   в”‚   в”‚   в”‚   в”‚   в”‚   в”‚   в”‚   в””в”Ђ в†ђ [Return] 6
    в”‚   в”‚   в”‚   в”‚   в”‚   в”‚   в”‚   в”‚   в”‚   в””в”Ђ в†ђ [Return] 6
    в”‚   в”‚   в”‚   в”‚   в”‚   в”‚   в”‚   в”‚   в””в”Ђ в†ђ [Return] 6
    в”‚   в”‚   в”‚   в”‚   в”‚   в”‚   в”‚   в””в”Ђ в†ђ [Return] 6
    в”‚   в”‚   в”‚   в”‚   в”‚   в”‚   в”њв”Ђ [2931] 0x836648A8cE166Ba7CaFb27F0E6AD21d5C91b7774::cash() [staticcall]
    в”‚   в”‚   в”‚   в”‚   в”‚   в”‚   в”‚   в”њв”Ђ [2337] 0x159D5190d753e1410bB7926EEa269Deefa2A24C9::cash() [delegatecall]
    в”‚   в”‚   в”‚   в”‚   в”‚   в”‚   в”‚   в”‚   в””в”Ђ в†ђ [Return] 0x000000000000000000000000000000000000000000000000000000b97aa6c6f5
    в”‚   в”‚   в”‚   в”‚   в”‚   в”‚   в”‚   в””в”Ђ в†ђ [Return] 0x000000000000000000000000000000000000000000000000000000b97aa6c6f5
    в”‚   в”‚   в”‚   в”‚   в”‚   в”‚   в”њв”Ђ [2953] 0x836648A8cE166Ba7CaFb27F0E6AD21d5C91b7774::liability() [staticcall]
    в”‚   в”‚   в”‚   в”‚   в”‚   в”‚   в”‚   в”њв”Ђ [2359] 0x159D5190d753e1410bB7926EEa269Deefa2A24C9::liability() [delegatecall]
    в”‚   в”‚   в”‚   в”‚   в”‚   в”‚   в”‚   в”‚   в””в”Ђ в†ђ [Return] 0x000000000000000000000000000000000000000000000000000000e54cad0f9b
    в”‚   в”‚   в”‚   в”‚   в”‚   в”‚   в”‚   в””в”Ђ в†ђ [Return] 0x000000000000000000000000000000000000000000000000000000e54cad0f9b
    в”‚   в”‚   в”‚   в”‚   в”‚   в”‚   в”њв”Ђ [8954] LP_USDC::addCash(85000000000 [8.5e10])
    в”‚   в”‚   в”‚   в”‚   в”‚   в”‚   в”‚   в”њв”Ђ [8360] 0xB00C1F6ad87a832e39D15581fcD7Ca39EDF3A9c7::addCash(85000000000 [8.5e10]) [delegatecall]
    в”‚   в”‚   в”‚   в”‚   в”‚   в”‚   в”‚   в”‚   в”њв”Ђ [931] LP_USDC::cash() [staticcall]
    в”‚   в”‚   в”‚   в”‚   в”‚   в”‚   в”‚   в”‚   в”‚   в”њв”Ђ [337] 0xB00C1F6ad87a832e39D15581fcD7Ca39EDF3A9c7::cash() [delegatecall]
    в”‚   в”‚   в”‚   в”‚   в”‚   в”‚   в”‚   в”‚   в”‚   в”‚   в””в”Ђ в†ђ [Return] 0x000000000000000000000000000000000000000000000000000000b44226c29f
    в”‚   в”‚   в”‚   в”‚   в”‚   в”‚   в”‚   в”‚   в”‚   в””в”Ђ в†ђ [Return] 0x000000000000000000000000000000000000000000000000000000b44226c29f
    в”‚   в”‚   в”‚   в”‚   в”‚   в”‚   в”‚   в”‚   в”њв”Ђ emit CashAdded(: 689203949727 [6.892e11], : 85000000000 [8.5e10])
    в”‚   в”‚   в”‚   в”‚   в”‚   в”‚   в”‚   в”‚   в””в”Ђ в†ђ [Stop] 
    в”‚   в”‚   в”‚   в”‚   в”‚   в”‚   в”‚   в””в”Ђ в†ђ [Return] 
    в”‚   в”‚   в”‚   в”‚   в”‚   в”‚   в”њв”Ђ [6952] LP_USDC::addLiability(85000000000 [8.5e10])
    в”‚   в”‚   в”‚   в”‚   в”‚   в”‚   в”‚   в”њв”Ђ [6358] 0xB00C1F6ad87a832e39D15581fcD7Ca39EDF3A9c7::addLiability(85000000000 [8.5e10]) [delegatecall]
    в”‚   в”‚   в”‚   в”‚   в”‚   в”‚   в”‚   в”‚   в”њв”Ђ [953] LP_USDC::liability() [staticcall]
    в”‚   в”‚   в”‚   в”‚   в”‚   в”‚   в”‚   в”‚   в”‚   в”њв”Ђ [359] 0xB00C1F6ad87a832e39D15581fcD7Ca39EDF3A9c7::liability() [delegatecall]
    в”‚   в”‚   в”‚   в”‚   в”‚   в”‚   в”‚   в”‚   в”‚   в”‚   в””в”Ђ в†ђ [Return] 0x000000000000000000000000000000000000000000000000000000df3e3dd28b
    в”‚   в”‚   в”‚   в”‚   в”‚   в”‚   в”‚   в”‚   в”‚   в””в”Ђ в†ђ [Return] 0x000000000000000000000000000000000000000000000000000000df3e3dd28b
    в”‚   в”‚   в”‚   в”‚   в”‚   в”‚   в”‚   в”‚   в”њв”Ђ emit LiabilityAdded(: 873821945995 [8.738e11], : 85000000000 [8.5e10])
    в”‚   в”‚   в”‚   в”‚   в”‚   в”‚   в”‚   в”‚   в””в”Ђ в†ђ [Stop] 
    в”‚   в”‚   в”‚   в”‚   в”‚   в”‚   в”‚   в””в”Ђ в†ђ [Return] 
    в”‚   в”‚   в”‚   в”‚   в”‚   в”‚   в”њв”Ђ [31839] LP_USDC::mint(ContractTest: [0x7FA9385bE102ac3EAc297483Dd6233D62b3e1496], 91673872209 [9.167e10])
    в”‚   в”‚   в”‚   в”‚   в”‚   в”‚   в”‚   в”њв”Ђ [31242] 0xB00C1F6ad87a832e39D15581fcD7Ca39EDF3A9c7::mint(ContractTest: [0x7FA9385bE102ac3EAc297483Dd6233D62b3e1496], 91673872209 [9.167e10]) [delegatecall]
    в”‚   в”‚   в”‚   в”‚   в”‚   в”‚   в”‚   в”‚   в”њв”Ђ [2930] LP_USDC::maxSupply() [staticcall]
    в”‚   в”‚   в”‚   в”‚   в”‚   в”‚   в”‚   в”‚   в”‚   в”њв”Ђ [2336] 0xB00C1F6ad87a832e39D15581fcD7Ca39EDF3A9c7::maxSupply() [delegatecall]
    в”‚   в”‚   в”‚   в”‚   в”‚   в”‚   в”‚   в”‚   в”‚   в”‚   в””в”Ђ в†ђ [Return] 0x0000000000000000000000000000000000000000000000000000000000000000
    в”‚   в”‚   в”‚   в”‚   в”‚   в”‚   в”‚   в”‚   в”‚   в””в”Ђ в†ђ [Return] 0x0000000000000000000000000000000000000000000000000000000000000000
    в”‚   в”‚   в”‚   в”‚   в”‚   в”‚   в”‚   в”‚   в”њв”Ђ emit Transfer(from: 0x0000000000000000000000000000000000000000, to: ContractTest: [0x7FA9385bE102ac3EAc297483Dd6233D62b3e1496], value: 91673872209 [9.167e10])
    в”‚   в”‚   в”‚   в”‚   в”‚   в”‚   в”‚   в”‚   в””в”Ђ в†ђ [Stop] 
    в”‚   в”‚   в”‚   в”‚   в”‚   в”‚   в”‚   в””в”Ђ в†ђ [Return] 
    в”‚   в”‚   в”‚   в”‚   в”‚   в”‚   в”њв”Ђ  emit topic 0: 0xf5dd9317b9e63ac316ce44acc85f670b54b339cfa3e9076e1dd55065b922314b
    в”‚   в”‚   в”‚   в”‚   в”‚   в”‚   в”‚        topic 1: 0x0000000000000000000000007fa9385be102ac3eac297483dd6233d62b3e1496
    в”‚   в”‚   в”‚   в”‚   в”‚   в”‚   в”‚        topic 2: 0x0000000000000000000000007fa9385be102ac3eac297483dd6233d62b3e1496
    в”‚   в”‚   в”‚   в”‚   в”‚   в”‚   в”‚           data: 0x000000000000000000000000b97ef9ef8734c71904d8002f8b6bc66dd9c48a6e00000000000000000000000000000000000000000000000000000013ca6512000000000000000000000000000000000000000000000000000000001558304751
    в”‚   в”‚   в”‚   в”‚   в”‚   в”‚   в””в”Ђ в†ђ [Return] 91673872209 [9.167e10]
    в”‚   в”‚   в”‚   в”‚   в”‚   в””в”Ђ в†ђ [Return] 91673872209 [9.167e10]
    в”‚   в”‚   в”‚   в”‚   в”њв”Ђ [1223] LP_USDC::balanceOf(ContractTest: [0x7FA9385bE102ac3EAc297483Dd6233D62b3e1496]) [staticcall]
    в”‚   в”‚   в”‚   в”‚   в”‚   в”њв”Ђ [626] 0xB00C1F6ad87a832e39D15581fcD7Ca39EDF3A9c7::balanceOf(ContractTest: [0x7FA9385bE102ac3EAc297483Dd6233D62b3e1496]) [delegatecall]
    в”‚   в”‚   в”‚   в”‚   в”‚   в”‚   в””в”Ђ в†ђ [Return] 91673872209 [9.167e10]
    в”‚   в”‚   в”‚   в”‚   в”‚   в””в”Ђ в†ђ [Return] 91673872209 [9.167e10]
    в”‚   в”‚   в”‚   в”‚   в”њв”Ђ [25265] LP_USDC::approve(PlatypusPool: [0xbe52548488992Cc76fFA1B42f3A58F646864df45], 91673872209 [9.167e10])
    в”‚   в”‚   в”‚   в”‚   в”‚   в”њв”Ђ [24665] 0xB00C1F6ad87a832e39D15581fcD7Ca39EDF3A9c7::approve(PlatypusPool: [0xbe52548488992Cc76fFA1B42f3A58F646864df45], 91673872209 [9.167e10]) [delegatecall]
    в”‚   в”‚   в”‚   в”‚   в”‚   в”‚   в”њв”Ђ emit Approval(owner: ContractTest: [0x7FA9385bE102ac3EAc297483Dd6233D62b3e1496], spender: PlatypusPool: [0xbe52548488992Cc76fFA1B42f3A58F646864df45], value: 91673872209 [9.167e10])
    в”‚   в”‚   в”‚   в”‚   в”‚   в”‚   в””в”Ђ в†ђ [Return] true
    в”‚   в”‚   в”‚   в”‚   в”‚   в””в”Ђ в†ђ [Return] true
    в”‚   в”‚   в”‚   в”‚   в”њв”Ђ [1223] LP_USDC::balanceOf(ContractTest: [0x7FA9385bE102ac3EAc297483Dd6233D62b3e1496]) [staticcall]
    в”‚   в”‚   в”‚   в”‚   в”‚   в”њв”Ђ [626] 0xB00C1F6ad87a832e39D15581fcD7Ca39EDF3A9c7::balanceOf(ContractTest: [0x7FA9385bE102ac3EAc297483Dd6233D62b3e1496]) [delegatecall]
    в”‚   в”‚   в”‚   в”‚   в”‚   в”‚   в””в”Ђ в†ђ [Return] 91673872209 [9.167e10]
    в”‚   в”‚   в”‚   в”‚   в”‚   в””в”Ђ в†ђ [Return] 91673872209 [9.167e10]
    в”‚   в”‚   в”‚   в”‚   в”њв”Ђ [199785] PlatypusPool::withdrawFromOtherAsset(USDC: [0xB97EF9Ef8734C71904D8002F8b6Bc66Dd9c48a6E], USDTe: [0xc7198437980c041c805A1EDcbA50c1Ce5db95118], 91673872209 [9.167e10], 0, ContractTest: [0x7FA9385bE102ac3EAc297483Dd6233D62b3e1496], 1689094492 [1.689e9])
    в”‚   в”‚   в”‚   в”‚   в”‚   в”њв”Ђ [199161] 0x7e1333a39aBeD9A5664661957B80ba01D2702B1E::withdrawFromOtherAsset(USDC: [0xB97EF9Ef8734C71904D8002F8b6Bc66Dd9c48a6E], USDTe: [0xc7198437980c041c805A1EDcbA50c1Ce5db95118], 91673872209 [9.167e10], 0, ContractTest: [0x7FA9385bE102ac3EAc297483Dd6233D62b3e1496], 1689094492 [1.689e9]) [delegatecall]
    в”‚   в”‚   в”‚   в”‚   в”‚   в”‚   в”њв”Ђ [2971] LP_USDC::aggregateAccount() [staticcall]
    в”‚   в”‚   в”‚   в”‚   в”‚   в”‚   в”‚   в”њв”Ђ [2377] 0xB00C1F6ad87a832e39D15581fcD7Ca39EDF3A9c7::aggregateAccount() [delegatecall]
    в”‚   в”‚   в”‚   в”‚   в”‚   в”‚   в”‚   в”‚   в””в”Ђ в†ђ [Return] 0x0000000000000000000000001655e447b7281e014e54cf0c1ad976b006e2b3dc
    в”‚   в”‚   в”‚   в”‚   в”‚   в”‚   в”‚   в””в”Ђ в†ђ [Return] 0x0000000000000000000000001655e447b7281e014e54cf0c1ad976b006e2b3dc
    в”‚   в”‚   в”‚   в”‚   в”‚   в”‚   в”њв”Ђ [2971] 0xDEA7bf752Ef25301DbB2e9288338A1a9013EC194::aggregateAccount() [staticcall]
    в”‚   в”‚   в”‚   в”‚   в”‚   в”‚   в”‚   в”њв”Ђ [2377] 0x7F9Ae1b72ea18E28F29a9129896c54A6a512E42a::aggregateAccount() [delegatecall]
    в”‚   в”‚   в”‚   в”‚   в”‚   в”‚   в”‚   в”‚   в””в”Ђ в†ђ [Return] 0x0000000000000000000000001655e447b7281e014e54cf0c1ad976b006e2b3dc
    в”‚   в”‚   в”‚   в”‚   в”‚   в”‚   в”‚   в””в”Ђ в†ђ [Return] 0x0000000000000000000000001655e447b7281e014e54cf0c1ad976b006e2b3dc
    в”‚   в”‚   в”‚   в”‚   в”‚   в”‚   в”њв”Ђ [4449] 0x7b52f4B5C476E7aFD09266C35274737cD0af746b::getAssetPrice(USDC: [0xB97EF9Ef8734C71904D8002F8b6Bc66Dd9c48a6E]) [staticcall]
    в”‚   в”‚   в”‚   в”‚   в”‚   в”‚   в”‚   в”њв”Ђ [3143] 0xF096872672F44d6EBA71458D74fe67F9a77a23B9::latestRoundData() [staticcall]
    в”‚   в”‚   в”‚   в”‚   в”‚   в”‚   в”‚   в”‚   в”њв”Ђ [1410] 0xfBd998938f8f7210eEC3D1e12E80A10972F02aEd::latestRoundData() [staticcall]
    в”‚   в”‚   в”‚   в”‚   в”‚   в”‚   в”‚   в”‚   в”‚   в””в”Ђ в†ђ [Return] 1945, 99996815 [9.999e7], 1689062420 [1.689e9], 1689062420 [1.689e9], 1945
    в”‚   в”‚   в”‚   в”‚   в”‚   в”‚   в”‚   в”‚   в””в”Ђ в†ђ [Return] 18446744073709553561 [1.844e19], 99996815 [9.999e7], 1689062420 [1.689e9], 1689062420 [1.689e9], 18446744073709553561 [1.844e19]
    в”‚   в”‚   в”‚   в”‚   в”‚   в”‚   в”‚   в””в”Ђ в†ђ [Return] 99996815 [9.999e7]
    в”‚   в”‚   в”‚   в”‚   в”‚   в”‚   в”њв”Ђ [4449] 0x7b52f4B5C476E7aFD09266C35274737cD0af746b::getAssetPrice(USDTe: [0xc7198437980c041c805A1EDcbA50c1Ce5db95118]) [staticcall]
    в”‚   в”‚   в”‚   в”‚   в”‚   в”‚   в”‚   в”њв”Ђ [3143] 0xEBE676ee90Fe1112671f19b6B7459bC678B67e8a::latestRoundData() [staticcall]
    в”‚   в”‚   в”‚   в”‚   в”‚   в”‚   в”‚   в”‚   в”њв”Ђ [1410] 0xb8AEB9160385fa2D1B63B5E88351238593ba0127::latestRoundData() [staticcall]
    в”‚   в”‚   в”‚   в”‚   в”‚   в”‚   в”‚   в”‚   в”‚   в””в”Ђ в†ђ [Return] 2620, 100006000 [1e8], 1689026079 [1.689e9], 1689026079 [1.689e9], 2620
    в”‚   в”‚   в”‚   в”‚   в”‚   в”‚   в”‚   в”‚   в””в”Ђ в†ђ [Return] 18446744073709554236 [1.844e19], 100006000 [1e8], 1689026079 [1.689e9], 1689026079 [1.689e9], 18446744073709554236 [1.844e19]
    в”‚   в”‚   в”‚   в”‚   в”‚   в”‚   в”‚   в””в”Ђ в†ђ [Return] 100006000 [1e8]
    в”‚   в”‚   в”‚   в”‚   в”‚   в”‚   в”њв”Ђ [1929] 0xDEA7bf752Ef25301DbB2e9288338A1a9013EC194::decimals() [staticcall]
    в”‚   в”‚   в”‚   в”‚   в”‚   в”‚   в”‚   в”њв”Ђ [1335] 0x7F9Ae1b72ea18E28F29a9129896c54A6a512E42a::decimals() [delegatecall]
    в”‚   в”‚   в”‚   в”‚   в”‚   в”‚   в”‚   в”‚   в”њв”Ђ [366] USDTe::decimals() [staticcall]
    в”‚   в”‚   в”‚   в”‚   в”‚   в”‚   в”‚   в”‚   в”‚   в””в”Ђ в†ђ [Return] 6
    в”‚   в”‚   в”‚   в”‚   в”‚   в”‚   в”‚   в”‚   в””в”Ђ в†ђ [Return] 6
    в”‚   в”‚   в”‚   в”‚   в”‚   в”‚   в”‚   в””в”Ђ в†ђ [Return] 6
    в”‚   в”‚   в”‚   в”‚   в”‚   в”‚   в”њв”Ђ [2606] LP_USDC::decimals() [staticcall]
    в”‚   в”‚   в”‚   в”‚   в”‚   в”‚   в”‚   в”њв”Ђ [2012] 0xB00C1F6ad87a832e39D15581fcD7Ca39EDF3A9c7::decimals() [delegatecall]
    в”‚   в”‚   в”‚   в”‚   в”‚   в”‚   в”‚   в”‚   в”њв”Ђ [1043] USDC::decimals() [staticcall]
    в”‚   в”‚   в”‚   в”‚   в”‚   в”‚   в”‚   в”‚   в”‚   в”њв”Ђ [381] 0xa3fa3D254bf6aF295b5B22cC6730b04144314890::decimals() [delegatecall]
    в”‚   в”‚   в”‚   в”‚   в”‚   в”‚   в”‚   в”‚   в”‚   в”‚   в””в”Ђ в†ђ [Return] 6
    в”‚   в”‚   в”‚   в”‚   в”‚   в”‚   в”‚   в”‚   в”‚   в””в”Ђ в†ђ [Return] 6
    в”‚   в”‚   в”‚   в”‚   в”‚   в”‚   в”‚   в”‚   в””в”Ђ в†ђ [Return] 6
    в”‚   в”‚   в”‚   в”‚   в”‚   в”‚   в”‚   в””в”Ђ в†ђ [Return] 6
    в”‚   в”‚   в”‚   в”‚   в”‚   в”‚   в”њв”Ђ [28329] LP_USDC::transferFrom(ContractTest: [0x7FA9385bE102ac3EAc297483Dd6233D62b3e1496], LP_USDC: [0x06f01502327De1c37076Bea4689a7e44279155e9], 91673872209 [9.167e10])
    в”‚   в”‚   в”‚   в”‚   в”‚   в”‚   в”‚   в”њв”Ђ [27723] 0xB00C1F6ad87a832e39D15581fcD7Ca39EDF3A9c7::transferFrom(ContractTest: [0x7FA9385bE102ac3EAc297483Dd6233D62b3e1496], LP_USDC: [0x06f01502327De1c37076Bea4689a7e44279155e9], 91673872209 [9.167e10]) [delegatecall]
    в”‚   в”‚   в”‚   в”‚   в”‚   в”‚   в”‚   в”‚   в”њв”Ђ emit Transfer(from: ContractTest: [0x7FA9385bE102ac3EAc297483Dd6233D62b3e1496], to: LP_USDC: [0x06f01502327De1c37076Bea4689a7e44279155e9], value: 91673872209 [9.167e10])
    в”‚   в”‚   в”‚   в”‚   в”‚   в”‚   в”‚   в”‚   в”њв”Ђ emit Approval(owner: ContractTest: [0x7FA9385bE102ac3EAc297483Dd6233D62b3e1496], spender: PlatypusPool: [0xbe52548488992Cc76fFA1B42f3A58F646864df45], value: 0)
    в”‚   в”‚   в”‚   в”‚   в”‚   в”‚   в”‚   в”‚   в””в”Ђ в†ђ [Return] true
    в”‚   в”‚   в”‚   в”‚   в”‚   в”‚   в”‚   в””в”Ђ в†ђ [Return] true
    в”‚   в”‚   в”‚   в”‚   в”‚   в”‚   в”њв”Ђ [2921] 0xDEA7bf752Ef25301DbB2e9288338A1a9013EC194::totalSupply() [staticcall]
    в”‚   в”‚   в”‚   в”‚   в”‚   в”‚   в”‚   в”њв”Ђ [2327] 0x7F9Ae1b72ea18E28F29a9129896c54A6a512E42a::totalSupply() [delegatecall]
    в”‚   в”‚   в”‚   в”‚   в”‚   в”‚   в”‚   в”‚   в””в”Ђ в†ђ [Return] 428491997999 [4.284e11]
    в”‚   в”‚   в”‚   в”‚   в”‚   в”‚   в”‚   в””в”Ђ в†ђ [Return] 428491997999 [4.284e11]
    в”‚   в”‚   в”‚   в”‚   в”‚   в”‚   в”њв”Ђ [953] 0xDEA7bf752Ef25301DbB2e9288338A1a9013EC194::liability() [staticcall]
    в”‚   в”‚   в”‚   в”‚   в”‚   в”‚   в”‚   в”њв”Ђ [359] 0x7F9Ae1b72ea18E28F29a9129896c54A6a512E42a::liability() [delegatecall]
    в”‚   в”‚   в”‚   в”‚   в”‚   в”‚   в”‚   в”‚   в””в”Ђ в†ђ [Return] 0x00000000000000000000000000000000000000000000000000000063c2d007ab
    в”‚   в”‚   в”‚   в”‚   в”‚   в”‚   в”‚   в””в”Ђ в†ђ [Return] 0x00000000000000000000000000000000000000000000000000000063c2d007ab
    в”‚   в”‚   в”‚   в”‚   в”‚   в”‚   в”њв”Ђ [931] 0xDEA7bf752Ef25301DbB2e9288338A1a9013EC194::cash() [staticcall]
    в”‚   в”‚   в”‚   в”‚   в”‚   в”‚   в”‚   в”њв”Ђ [337] 0x7F9Ae1b72ea18E28F29a9129896c54A6a512E42a::cash() [delegatecall]
    в”‚   в”‚   в”‚   в”‚   в”‚   в”‚   в”‚   в”‚   в””в”Ђ в†ђ [Return] 0x00000000000000000000000000000000000000000000000000000082f9bd6c45
    в”‚   в”‚   в”‚   в”‚   в”‚   в”‚   в”‚   в””в”Ђ в†ђ [Return] 0x00000000000000000000000000000000000000000000000000000082f9bd6c45
    в”‚   в”‚   в”‚   в”‚   в”‚   в”‚   в”њв”Ђ [953] 0xDEA7bf752Ef25301DbB2e9288338A1a9013EC194::liability() [staticcall]
    в”‚   в”‚   в”‚   в”‚   в”‚   в”‚   в”‚   в”њв”Ђ [359] 0x7F9Ae1b72ea18E28F29a9129896c54A6a512E42a::liability() [delegatecall]
    в”‚   в”‚   в”‚   в”‚   в”‚   в”‚   в”‚   в”‚   в””в”Ђ в†ђ [Return] 0x00000000000000000000000000000000000000000000000000000063c2d007ab
    в”‚   в”‚   в”‚   в”‚   в”‚   в”‚   в”‚   в””в”Ђ в†ђ [Return] 0x00000000000000000000000000000000000000000000000000000063c2d007ab
    в”‚   в”‚   в”‚   в”‚   в”‚   в”‚   в”њв”Ђ [4449] 0x7b52f4B5C476E7aFD09266C35274737cD0af746b::getAssetPrice(USDTe: [0xc7198437980c041c805A1EDcbA50c1Ce5db95118]) [staticcall]
    в”‚   в”‚   в”‚   в”‚   в”‚   в”‚   в”‚   в”њв”Ђ [3143] 0xEBE676ee90Fe1112671f19b6B7459bC678B67e8a::latestRoundData() [staticcall]
    в”‚   в”‚   в”‚   в”‚   в”‚   в”‚   в”‚   в”‚   в”њв”Ђ [1410] 0xb8AEB9160385fa2D1B63B5E88351238593ba0127::latestRoundData() [staticcall]
    в”‚   в”‚   в”‚   в”‚   в”‚   в”‚   в”‚   в”‚   в”‚   в””в”Ђ в†ђ [Return] 2620, 100006000 [1e8], 1689026079 [1.689e9], 1689026079 [1.689e9], 2620
    в”‚   в”‚   в”‚   в”‚   в”‚   в”‚   в”‚   в”‚   в””в”Ђ в†ђ [Return] 18446744073709554236 [1.844e19], 100006000 [1e8], 1689026079 [1.689e9], 1689026079 [1.689e9], 18446744073709554236 [1.844e19]
    в”‚   в”‚   в”‚   в”‚   в”‚   в”‚   в”‚   в””в”Ђ в†ђ [Return] 100006000 [1e8]
    в”‚   в”‚   в”‚   в”‚   в”‚   в”‚   в”њв”Ђ [1929] 0xDEA7bf752Ef25301DbB2e9288338A1a9013EC194::decimals() [staticcall]
    в”‚   в”‚   в”‚   в”‚   в”‚   в”‚   в”‚   в”њв”Ђ [1335] 0x7F9Ae1b72ea18E28F29a9129896c54A6a512E42a::decimals() [delegatecall]
    в”‚   в”‚   в”‚   в”‚   в”‚   в”‚   в”‚   в”‚   в”њв”Ђ [366] USDTe::decimals() [staticcall]
    в”‚   в”‚   в”‚   в”‚   в”‚   в”‚   в”‚   в”‚   в”‚   в””в”Ђ в†ђ [Return] 6
    в”‚   в”‚   в”‚   в”‚   в”‚   в”‚   в”‚   в”‚   в””в”Ђ в†ђ [Return] 6
    в”‚   в”‚   в”‚   в”‚   в”‚   в”‚   в”‚   в””в”Ђ в†ђ [Return] 6
    в”‚   в”‚   в”‚   в”‚   в”‚   в”‚   в”њв”Ђ [931] 0xDEA7bf752Ef25301DbB2e9288338A1a9013EC194::cash() [staticcall]
    в”‚   в”‚   в”‚   в”‚   в”‚   в”‚   в”‚   в”њв”Ђ [337] 0x7F9Ae1b72ea18E28F29a9129896c54A6a512E42a::cash() [delegatecall]
    в”‚   в”‚   в”‚   в”‚   в”‚   в”‚   в”‚   в”‚   в””в”Ђ в†ђ [Return] 0x00000000000000000000000000000000000000000000000000000082f9bd6c45
    в”‚   в”‚   в”‚   в”‚   в”‚   в”‚   в”‚   в””в”Ђ в†ђ [Return] 0x00000000000000000000000000000000000000000000000000000082f9bd6c45
    в”‚   в”‚   в”‚   в”‚   в”‚   в”‚   в”њв”Ђ [953] 0xDEA7bf752Ef25301DbB2e9288338A1a9013EC194::liability() [staticcall]
    в”‚   в”‚   в”‚   в”‚   в”‚   в”‚   в”‚   в”њв”Ђ [359] 0x7F9Ae1b72ea18E28F29a9129896c54A6a512E42a::liability() [delegatecall]
    в”‚   в”‚   в”‚   в”‚   в”‚   в”‚   в”‚   в”‚   в””в”Ђ в†ђ [Return] 0x00000000000000000000000000000000000000000000000000000063c2d007ab
    в”‚   в”‚   в”‚   в”‚   в”‚   в”‚   в”‚   в””в”Ђ в†ђ [Return] 0x00000000000000000000000000000000000000000000000000000063c2d007ab
    в”‚   в”‚   в”‚   в”‚   в”‚   в”‚   в”њв”Ђ [4449] 0x7b52f4B5C476E7aFD09266C35274737cD0af746b::getAssetPrice(0xA7D7079b0FEaD91F3e65f86E8915Cb59c1a4C664) [staticcall]
    в”‚   в”‚   в”‚   в”‚   в”‚   в”‚   в”‚   в”њв”Ђ [3143] 0xF096872672F44d6EBA71458D74fe67F9a77a23B9::latestRoundData() [staticcall]
    в”‚   в”‚   в”‚   в”‚   в”‚   в”‚   в”‚   в”‚   в”њв”Ђ [1410] 0xfBd998938f8f7210eEC3D1e12E80A10972F02aEd::latestRoundData() [staticcall]
    в”‚   в”‚   в”‚   в”‚   в”‚   в”‚   в”‚   в”‚   в”‚   в””в”Ђ в†ђ [Return] 1945, 99996815 [9.999e7], 1689062420 [1.689e9], 1689062420 [1.689e9], 1945
    в”‚   в”‚   в”‚   в”‚   в”‚   в”‚   в”‚   в”‚   в””в”Ђ в†ђ [Return] 18446744073709553561 [1.844e19], 99996815 [9.999e7], 1689062420 [1.689e9], 1689062420 [1.689e9], 18446744073709553561 [1.844e19]
    в”‚   в”‚   в”‚   в”‚   в”‚   в”‚   в”‚   в””в”Ђ в†ђ [Return] 99996815 [9.999e7]
    в”‚   в”‚   в”‚   в”‚   в”‚   в”‚   в”њв”Ђ [1929] 0x6a1340A262BaE9b076a9f8862eBfabea25039e4e::decimals() [staticcall]
    в”‚   в”‚   в”‚   в”‚   в”‚   в”‚   в”‚   в”њв”Ђ [1335] 0x92514f9d8EC36CD89f03917E719E873aa2f39F2c::decimals() [delegatecall]
    в”‚   в”‚   в”‚   в”‚   в”‚   в”‚   в”‚   в”‚   в”њв”Ђ [366] 0xA7D7079b0FEaD91F3e65f86E8915Cb59c1a4C664::decimals() [staticcall]
    в”‚   в”‚   в”‚   в”‚   в”‚   в”‚   в”‚   в”‚   в”‚   в””в”Ђ в†ђ [Return] 6
    в”‚   в”‚   в”‚   в”‚   в”‚   в”‚   в”‚   в”‚   в””в”Ђ в†ђ [Return] 6
    в”‚   в”‚   в”‚   в”‚   в”‚   в”‚   в”‚   в””в”Ђ в†ђ [Return] 6
    в”‚   в”‚   в”‚   в”‚   в”‚   в”‚   в”њв”Ђ [931] 0x6a1340A262BaE9b076a9f8862eBfabea25039e4e::cash() [staticcall]
    в”‚   в”‚   в”‚   в”‚   в”‚   в”‚   в”‚   в”њв”Ђ [337] 0x92514f9d8EC36CD89f03917E719E873aa2f39F2c::cash() [delegatecall]
    в”‚   в”‚   в”‚   в”‚   в”‚   в”‚   в”‚   в”‚   в””в”Ђ в†ђ [Return] 0x000000000000000000000000000000000000000000000000000000661caffa82
    в”‚   в”‚   в”‚   в”‚   в”‚   в”‚   в”‚   в””в”Ђ в†ђ [Return] 0x000000000000000000000000000000000000000000000000000000661caffa82
    в”‚   в”‚   в”‚   в”‚   в”‚   в”‚   в”њв”Ђ [953] 0x6a1340A262BaE9b076a9f8862eBfabea25039e4e::liability() [staticcall]
    в”‚   в”‚   в”‚   в”‚   в”‚   в”‚   в”‚   в”њв”Ђ [359] 0x92514f9d8EC36CD89f03917E719E873aa2f39F2c::liability() [delegatecall]
    в”‚   в”‚   в”‚   в”‚   в”‚   в”‚   в”‚   в”‚   в””в”Ђ в†ђ [Return] 0x00000000000000000000000000000000000000000000000000000072bd030a6b
    в”‚   в”‚   в”‚   в”‚   в”‚   в”‚   в”‚   в””в”Ђ в†ђ [Return] 0x00000000000000000000000000000000000000000000000000000072bd030a6b
    в”‚   в”‚   в”‚   в”‚   в”‚   в”‚   в”њв”Ђ [4449] 0x7b52f4B5C476E7aFD09266C35274737cD0af746b::getAssetPrice(0xd586E7F844cEa2F87f50152665BCbc2C279D8d70) [staticcall]
    в”‚   в”‚   в”‚   в”‚   в”‚   в”‚   в”‚   в”њв”Ђ [3143] 0x51D7180edA2260cc4F6e4EebB82FEF5c3c2B8300::latestRoundData() [staticcall]
    в”‚   в”‚   в”‚   в”‚   в”‚   в”‚   в”‚   в”‚   в”њв”Ђ [1410] 0xCC4633a1a85d553623bAC7945Bd87CFad6E6a8c8::latestRoundData() [staticcall]
    в”‚   в”‚   в”‚   в”‚   в”‚   в”‚   в”‚   в”‚   в”‚   в””в”Ђ в†ђ [Return] 2574, 99982573 [9.998e7], 1689069379 [1.689e9], 1689069379 [1.689e9], 2574
    в”‚   в”‚   в”‚   в”‚   в”‚   в”‚   в”‚   в”‚   в””в”Ђ в†ђ [Return] 18446744073709554190 [1.844e19], 99982573 [9.998e7], 1689069379 [1.689e9], 1689069379 [1.689e9], 18446744073709554190 [1.844e19]
    в”‚   в”‚   в”‚   в”‚   в”‚   в”‚   в”‚   в””в”Ђ в†ђ [Return] 99982573 [9.998e7]
    в”‚   в”‚   в”‚   в”‚   в”‚   в”‚   в”њв”Ђ [1929] 0x2E19709471FB25078dB982DD6b94A8Cb2C29E2Aa::decimals() [staticcall]
    в”‚   в”‚   в”‚   в”‚   в”‚   в”‚   в”‚   в”њв”Ђ [1335] 0x305F5a904127961B3Abaa7078Cf20BD4A8CF5483::decimals() [delegatecall]
    в”‚   в”‚   в”‚   в”‚   в”‚   в”‚   в”‚   в”‚   в”њв”Ђ [366] 0xd586E7F844cEa2F87f50152665BCbc2C279D8d70::decimals() [staticcall]
    в”‚   в”‚   в”‚   в”‚   в”‚   в”‚   в”‚   в”‚   в”‚   в””в”Ђ в†ђ [Return] 18
    в”‚   в”‚   в”‚   в”‚   в”‚   в”‚   в”‚   в”‚   в””в”Ђ в†ђ [Return] 18
    в”‚   в”‚   в”‚   в”‚   в”‚   в”‚   в”‚   в””в”Ђ в†ђ [Return] 18
    в”‚   в”‚   в”‚   в”‚   в”‚   в”‚   в”њв”Ђ [931] 0x2E19709471FB25078dB982DD6b94A8Cb2C29E2Aa::cash() [staticcall]
    в”‚   в”‚   в”‚   в”‚   в”‚   в”‚   в”‚   в”њв”Ђ [337] 0x305F5a904127961B3Abaa7078Cf20BD4A8CF5483::cash() [delegatecall]
    в”‚   в”‚   в”‚   в”‚   в”‚   в”‚   в”‚   в”‚   в””в”Ђ в†ђ [Return] 0x0000000000000000000000000000000000000000000044a55bc3095f23cbc7ad
    в”‚   в”‚   в”‚   в”‚   в”‚   в”‚   в”‚   в””в”Ђ в†ђ [Return] 0x0000000000000000000000000000000000000000000044a55bc3095f23cbc7ad
    в”‚   в”‚   в”‚   в”‚   в”‚   в”‚   в”њв”Ђ [953] 0x2E19709471FB25078dB982DD6b94A8Cb2C29E2Aa::liability() [staticcall]
    в”‚   в”‚   в”‚   в”‚   в”‚   в”‚   в”‚   в”њв”Ђ [359] 0x305F5a904127961B3Abaa7078Cf20BD4A8CF5483::liability() [delegatecall]
    в”‚   в”‚   в”‚   в”‚   в”‚   в”‚   в”‚   в”‚   в””в”Ђ в†ђ [Return] 0x0000000000000000000000000000000000000000000014ee0b1b01de69057968
    в”‚   в”‚   в”‚   в”‚   в”‚   в”‚   в”‚   в””в”Ђ в†ђ [Return] 0x0000000000000000000000000000000000000000000014ee0b1b01de69057968
    в”‚   в”‚   в”‚   в”‚   в”‚   в”‚   в”њв”Ђ [4449] 0x7b52f4B5C476E7aFD09266C35274737cD0af746b::getAssetPrice(USDC: [0xB97EF9Ef8734C71904D8002F8b6Bc66Dd9c48a6E]) [staticcall]
    в”‚   в”‚   в”‚   в”‚   в”‚   в”‚   в”‚   в”њв”Ђ [3143] 0xF096872672F44d6EBA71458D74fe67F9a77a23B9::latestRoundData() [staticcall]
    в”‚   в”‚   в”‚   в”‚   в”‚   в”‚   в”‚   в”‚   в”њв”Ђ [1410] 0xfBd998938f8f7210eEC3D1e12E80A10972F02aEd::latestRoundData() [staticcall]
    в”‚   в”‚   в”‚   в”‚   в”‚   в”‚   в”‚   в”‚   в”‚   в””в”Ђ в†ђ [Return] 1945, 99996815 [9.999e7], 1689062420 [1.689e9], 1689062420 [1.689e9], 1945
    в”‚   в”‚   в”‚   в”‚   в”‚   в”‚   в”‚   в”‚   в””в”Ђ в†ђ [Return] 18446744073709553561 [1.844e19], 99996815 [9.999e7], 1689062420 [1.689e9], 1689062420 [1.689e9], 18446744073709553561 [1.844e19]
    в”‚   в”‚   в”‚   в”‚   в”‚   в”‚   в”‚   в””в”Ђ в†ђ [Return] 99996815 [9.999e7]
    в”‚   в”‚   в”‚   в”‚   в”‚   в”‚   в”њв”Ђ [2606] LP_USDC::decimals() [staticcall]
    в”‚   в”‚   в”‚   в”‚   в”‚   в”‚   в”‚   в”њв”Ђ [2012] 0xB00C1F6ad87a832e39D15581fcD7Ca39EDF3A9c7::decimals() [delegatecall]
    в”‚   в”‚   в”‚   в”‚   в”‚   в”‚   в”‚   в”‚   в”њв”Ђ [1043] USDC::decimals() [staticcall]
    в”‚   в”‚   в”‚   в”‚   в”‚   в”‚   в”‚   в”‚   в”‚   в”њв”Ђ [381] 0xa3fa3D254bf6aF295b5B22cC6730b04144314890::decimals() [delegatecall]
    в”‚   в”‚   в”‚   в”‚   в”‚   в”‚   в”‚   в”‚   в”‚   в”‚   в””в”Ђ в†ђ [Return] 6
    в”‚   в”‚   в”‚   в”‚   в”‚   в”‚   в”‚   в”‚   в”‚   в””в”Ђ в†ђ [Return] 6
    в”‚   в”‚   в”‚   в”‚   в”‚   в”‚   в”‚   в”‚   в””в”Ђ в†ђ [Return] 6
    в”‚   в”‚   в”‚   в”‚   в”‚   в”‚   в”‚   в””в”Ђ в†ђ [Return] 6
    в”‚   в”‚   в”‚   в”‚   в”‚   в”‚   в”њв”Ђ [931] LP_USDC::cash() [staticcall]
    в”‚   в”‚   в”‚   в”‚   в”‚   в”‚   в”‚   в”њв”Ђ [337] 0xB00C1F6ad87a832e39D15581fcD7Ca39EDF3A9c7::cash() [delegatecall]
    в”‚   в”‚   в”‚   в”‚   в”‚   в”‚   в”‚   в”‚   в””в”Ђ в†ђ [Return] 0x000000000000000000000000000000000000000000000000000000b44226c29f
    в”‚   в”‚   в”‚   в”‚   в”‚   в”‚   в”‚   в””в”Ђ в†ђ [Return] 0x000000000000000000000000000000000000000000000000000000b44226c29f
    в”‚   в”‚   в”‚   в”‚   в”‚   в”‚   в”њв”Ђ [953] LP_USDC::liability() [staticcall]
    в”‚   в”‚   в”‚   в”‚   в”‚   в”‚   в”‚   в”њв”Ђ [359] 0xB00C1F6ad87a832e39D15581fcD7Ca39EDF3A9c7::liability() [delegatecall]
    в”‚   в”‚   в”‚   в”‚   в”‚   в”‚   в”‚   в”‚   в””в”Ђ в†ђ [Return] 0x000000000000000000000000000000000000000000000000000000df3e3dd28b
    в”‚   в”‚   в”‚   в”‚   в”‚   в”‚   в”‚   в””в”Ђ в†ђ [Return] 0x000000000000000000000000000000000000000000000000000000df3e3dd28b
    в”‚   в”‚   в”‚   в”‚   в”‚   в”‚   в”њв”Ђ [4449] 0x7b52f4B5C476E7aFD09266C35274737cD0af746b::getAssetPrice(0x9702230A8Ea53601f5cD2dc00fDBc13d4dF4A8c7) [staticcall]
    в”‚   в”‚   в”‚   в”‚   в”‚   в”‚   в”‚   в”њв”Ђ [3143] 0xEBE676ee90Fe1112671f19b6B7459bC678B67e8a::latestRoundData() [staticcall]
    в”‚   в”‚   в”‚   в”‚   в”‚   в”‚   в”‚   в”‚   в”њв”Ђ [1410] 0xb8AEB9160385fa2D1B63B5E88351238593ba0127::latestRoundData() [staticcall]
    в”‚   в”‚   в”‚   в”‚   в”‚   в”‚   в”‚   в”‚   в”‚   в””в”Ђ в†ђ [Return] 2620, 100006000 [1e8], 1689026079 [1.689e9], 1689026079 [1.689e9], 2620
    в”‚   в”‚   в”‚   в”‚   в”‚   в”‚   в”‚   в”‚   в””в”Ђ в†ђ [Return] 18446744073709554236 [1.844e19], 100006000 [1e8], 1689026079 [1.689e9], 1689026079 [1.689e9], 18446744073709554236 [1.844e19]
    в”‚   в”‚   в”‚   в”‚   в”‚   в”‚   в”‚   в””в”Ђ в†ђ [Return] 100006000 [1e8]
    в”‚   в”‚   в”‚   в”‚   в”‚   в”‚   в”њв”Ђ [2748] 0x836648A8cE166Ba7CaFb27F0E6AD21d5C91b7774::decimals() [staticcall]
    в”‚   в”‚   в”‚   в”‚   в”‚   в”‚   в”‚   в”њв”Ђ [2154] 0x159D5190d753e1410bB7926EEa269Deefa2A24C9::decimals() [delegatecall]
    в”‚   в”‚   в”‚   в”‚   в”‚   в”‚   в”‚   в”‚   в”њв”Ђ [1185] 0x9702230A8Ea53601f5cD2dc00fDBc13d4dF4A8c7::decimals() [staticcall]
    в”‚   в”‚   в”‚   в”‚   в”‚   в”‚   в”‚   в”‚   в”‚   в”њв”Ђ [357] 0xBA2a995Bd4ab9e605454cCEf88169352cd5F75A6::decimals() [delegatecall]
    в”‚   в”‚   в”‚   в”‚   в”‚   в”‚   в”‚   в”‚   в”‚   в”‚   в””в”Ђ в†ђ [Return] 6
    в”‚   в”‚   в”‚   в”‚   в”‚   в”‚   в”‚   в”‚   в”‚   в””в”Ђ в†ђ [Return] 6
    в”‚   в”‚   в”‚   в”‚   в”‚   в”‚   в”‚   в”‚   в””в”Ђ в†ђ [Return] 6
    в”‚   в”‚   в”‚   в”‚   в”‚   в”‚   в”‚   в””в”Ђ в†ђ [Return] 6
    в”‚   в”‚   в”‚   в”‚   в”‚   в”‚   в”њв”Ђ [931] 0x836648A8cE166Ba7CaFb27F0E6AD21d5C91b7774::cash() [staticcall]
    в”‚   в”‚   в”‚   в”‚   в”‚   в”‚   в”‚   в”њв”Ђ [337] 0x159D5190d753e1410bB7926EEa269Deefa2A24C9::cash() [delegatecall]
    в”‚   в”‚   в”‚   в”‚   в”‚   в”‚   в”‚   в”‚   в””в”Ђ в†ђ [Return] 0x000000000000000000000000000000000000000000000000000000b97aa6c6f5
    в”‚   в”‚   в”‚   в”‚   в”‚   в”‚   в”‚   в””в”Ђ в†ђ [Return] 0x000000000000000000000000000000000000000000000000000000b97aa6c6f5
    в”‚   в”‚   в”‚   в”‚   в”‚   в”‚   в”њв”Ђ [953] 0x836648A8cE166Ba7CaFb27F0E6AD21d5C91b7774::liability() [staticcall]
    в”‚   в”‚   в”‚   в”‚   в”‚   в”‚   в”‚   в”њв”Ђ [359] 0x159D5190d753e1410bB7926EEa269Deefa2A24C9::liability() [delegatecall]
    в”‚   в”‚   в”‚   в”‚   в”‚   в”‚   в”‚   в”‚   в””в”Ђ в†ђ [Return] 0x000000000000000000000000000000000000000000000000000000e54cad0f9b
    в”‚   в”‚   в”‚   в”‚   в”‚   в”‚   в”‚   в””в”Ђ в†ђ [Return] 0x000000000000000000000000000000000000000000000000000000e54cad0f9b
    в”‚   в”‚   в”‚   в”‚   в”‚   в”‚   в”њв”Ђ [931] 0xDEA7bf752Ef25301DbB2e9288338A1a9013EC194::cash() [staticcall]
    в”‚   в”‚   в”‚   в”‚   в”‚   в”‚   в”‚   в”њв”Ђ [337] 0x7F9Ae1b72ea18E28F29a9129896c54A6a512E42a::cash() [delegatecall]
    в”‚   в”‚   в”‚   в”‚   в”‚   в”‚   в”‚   в”‚   в””в”Ђ в†ђ [Return] 0x00000000000000000000000000000000000000000000000000000082f9bd6c45
    в”‚   в”‚   в”‚   в”‚   в”‚   в”‚   в”‚   в””в”Ђ в†ђ [Return] 0x00000000000000000000000000000000000000000000000000000082f9bd6c45
    в”‚   в”‚   в”‚   в”‚   в”‚   в”‚   в”њв”Ђ [953] 0xDEA7bf752Ef25301DbB2e9288338A1a9013EC194::liability() [staticcall]
    в”‚   в”‚   в”‚   в”‚   в”‚   в”‚   в”‚   в”њв”Ђ [359] 0x7F9Ae1b72ea18E28F29a9129896c54A6a512E42a::liability() [delegatecall]
    в”‚   в”‚   в”‚   в”‚   в”‚   в”‚   в”‚   в”‚   в””в”Ђ в†ђ [Return] 0x00000000000000000000000000000000000000000000000000000063c2d007ab
    в”‚   в”‚   в”‚   в”‚   в”‚   в”‚   в”‚   в””в”Ђ в†ђ [Return] 0x00000000000000000000000000000000000000000000000000000063c2d007ab
    в”‚   в”‚   в”‚   в”‚   в”‚   в”‚   в”њв”Ђ [931] 0xDEA7bf752Ef25301DbB2e9288338A1a9013EC194::cash() [staticcall]
    в”‚   в”‚   в”‚   в”‚   в”‚   в”‚   в”‚   в”њв”Ђ [337] 0x7F9Ae1b72ea18E28F29a9129896c54A6a512E42a::cash() [delegatecall]
    в”‚   в”‚   в”‚   в”‚   в”‚   в”‚   в”‚   в”‚   в””в”Ђ в†ђ [Return] 0x00000000000000000000000000000000000000000000000000000082f9bd6c45
    в”‚   в”‚   в”‚   в”‚   в”‚   в”‚   в”‚   в””в”Ђ в†ђ [Return] 0x00000000000000000000000000000000000000000000000000000082f9bd6c45
    в”‚   в”‚   в”‚   в”‚   в”‚   в”‚   в”њв”Ђ [921] LP_USDC::totalSupply() [staticcall]
    в”‚   в”‚   в”‚   в”‚   в”‚   в”‚   в”‚   в”њв”Ђ [327] 0xB00C1F6ad87a832e39D15581fcD7Ca39EDF3A9c7::totalSupply() [delegatecall]
    в”‚   в”‚   в”‚   в”‚   в”‚   в”‚   в”‚   в”‚   в””в”Ђ в†ђ [Return] 1011944801237 [1.011e12]
    в”‚   в”‚   в”‚   в”‚   в”‚   в”‚   в”‚   в””в”Ђ в†ђ [Return] 1011944801237 [1.011e12]
    в”‚   в”‚   в”‚   в”‚   в”‚   в”‚   в”њв”Ђ [953] LP_USDC::liability() [staticcall]
    в”‚   в”‚   в”‚   в”‚   в”‚   в”‚   в”‚   в”њв”Ђ [359] 0xB00C1F6ad87a832e39D15581fcD7Ca39EDF3A9c7::liability() [delegatecall]
    в”‚   в”‚   в”‚   в”‚   в”‚   в”‚   в”‚   в”‚   в””в”Ђ в†ђ [Return] 0x000000000000000000000000000000000000000000000000000000df3e3dd28b
    в”‚   в”‚   в”‚   в”‚   в”‚   в”‚   в”‚   в””в”Ђ в†ђ [Return] 0x000000000000000000000000000000000000000000000000000000df3e3dd28b
    в”‚   в”‚   в”‚   в”‚   в”‚   в”‚   в”њв”Ђ [3774] LP_USDC::burn(LP_USDC: [0x06f01502327De1c37076Bea4689a7e44279155e9], 91673872209 [9.167e10])
    в”‚   в”‚   в”‚   в”‚   в”‚   в”‚   в”‚   в”њв”Ђ [3177] 0xB00C1F6ad87a832e39D15581fcD7Ca39EDF3A9c7::burn(LP_USDC: [0x06f01502327De1c37076Bea4689a7e44279155e9], 91673872209 [9.167e10]) [delegatecall]
    в”‚   в”‚   в”‚   в”‚   в”‚   в”‚   в”‚   в”‚   в”њв”Ђ emit Transfer(from: LP_USDC: [0x06f01502327De1c37076Bea4689a7e44279155e9], to: 0x0000000000000000000000000000000000000000, value: 91673872209 [9.167e10])
    в”‚   в”‚   в”‚   в”‚   в”‚   в”‚   в”‚   в”‚   в””в”Ђ в†ђ [Stop] 
    в”‚   в”‚   в”‚   в”‚   в”‚   в”‚   в”‚   в””в”Ђ в†ђ [Return] 
    в”‚   в”‚   в”‚   в”‚   в”‚   в”‚   в”њв”Ђ [4277] LP_USDC::removeLiability(86861378645 [8.686e10])
    в”‚   в”‚   в”‚   в”‚   в”‚   в”‚   в”‚   в”њв”Ђ [3683] 0xB00C1F6ad87a832e39D15581fcD7Ca39EDF3A9c7::removeLiability(86861378645 [8.686e10]) [delegatecall]
    в”‚   в”‚   в”‚   в”‚   в”‚   в”‚   в”‚   в”‚   в”њв”Ђ [953] LP_USDC::liability() [staticcall]
    в”‚   в”‚   в”‚   в”‚   в”‚   в”‚   в”‚   в”‚   в”‚   в”њв”Ђ [359] 0xB00C1F6ad87a832e39D15581fcD7Ca39EDF3A9c7::liability() [delegatecall]
    в”‚   в”‚   в”‚   в”‚   в”‚   в”‚   в”‚   в”‚   в”‚   в”‚   в””в”Ђ в†ђ [Return] 0x000000000000000000000000000000000000000000000000000000cb04e65e36
    в”‚   в”‚   в”‚   в”‚   в”‚   в”‚   в”‚   в”‚   в”‚   в””в”Ђ в†ђ [Return] 0x000000000000000000000000000000000000000000000000000000cb04e65e36
    в”‚   в”‚   в”‚   в”‚   в”‚   в”‚   в”‚   в”‚   в”њв”Ђ emit LiabilityRemoved(: 958821945995 [9.588e11], : 86861378645 [8.686e10])
    в”‚   в”‚   в”‚   в”‚   в”‚   в”‚   в”‚   в”‚   в””в”Ђ в†ђ [Stop] 
    в”‚   в”‚   в”‚   в”‚   в”‚   в”‚   в”‚   в””в”Ђ в†ђ [Return] 
    в”‚   в”‚   в”‚   в”‚   в”‚   в”‚   в”њв”Ђ [9034] 0xDEA7bf752Ef25301DbB2e9288338A1a9013EC194::removeCash(89575527681 [8.957e10])
    в”‚   в”‚   в”‚   в”‚   в”‚   в”‚   в”‚   в”њв”Ђ [8440] 0x7F9Ae1b72ea18E28F29a9129896c54A6a512E42a::removeCash(89575527681 [8.957e10]) [delegatecall]
    в”‚   в”‚   в”‚   в”‚   в”‚   в”‚   в”‚   в”‚   в”њв”Ђ [931] 0xDEA7bf752Ef25301DbB2e9288338A1a9013EC194::cash() [staticcall]
    в”‚   в”‚   в”‚   в”‚   в”‚   в”‚   в”‚   в”‚   в”‚   в”њв”Ђ [337] 0x7F9Ae1b72ea18E28F29a9129896c54A6a512E42a::cash() [delegatecall]
    в”‚   в”‚   в”‚   в”‚   в”‚   в”‚   в”‚   в”‚   в”‚   в”‚   в””в”Ђ в†ђ [Return] 0x0000000000000000000000000000000000000000000000000000006e1e9f5744
    в”‚   в”‚   в”‚   в”‚   в”‚   в”‚   в”‚   в”‚   в”‚   в””в”Ђ в†ђ [Return] 0x0000000000000000000000000000000000000000000000000000006e1e9f5744
    в”‚   в”‚   в”‚   в”‚   в”‚   в”‚   в”‚   в”‚   в”њв”Ђ emit CashRemoved(: 562535689285 [5.625e11], : 89575527681 [8.957e10])
    в”‚   в”‚   в”‚   в”‚   в”‚   в”‚   в”‚   в”‚   в””в”Ђ в†ђ [Stop] 
    в”‚   в”‚   в”‚   в”‚   в”‚   в”‚   в”‚   в””в”Ђ в†ђ [Return] 
    в”‚   в”‚   в”‚   в”‚   в”‚   в”‚   в”њв”Ђ [33691] 0xDEA7bf752Ef25301DbB2e9288338A1a9013EC194::transferUnderlyingToken(ContractTest: [0x7FA9385bE102ac3EAc297483Dd6233D62b3e1496], 89575527681 [8.957e10])
    в”‚   в”‚   в”‚   в”‚   в”‚   в”‚   в”‚   в”њв”Ђ [33094] 0x7F9Ae1b72ea18E28F29a9129896c54A6a512E42a::transferUnderlyingToken(ContractTest: [0x7FA9385bE102ac3EAc297483Dd6233D62b3e1496], 89575527681 [8.957e10]) [delegatecall]
    в”‚   в”‚   в”‚   в”‚   в”‚   в”‚   в”‚   в”‚   в”њв”Ђ [30847] USDTe::transfer(ContractTest: [0x7FA9385bE102ac3EAc297483Dd6233D62b3e1496], 89575527681 [8.957e10])
    в”‚   в”‚   в”‚   в”‚   в”‚   в”‚   в”‚   в”‚   в”‚   в”њв”Ђ emit Transfer(from: 0xDEA7bf752Ef25301DbB2e9288338A1a9013EC194, to: ContractTest: [0x7FA9385bE102ac3EAc297483Dd6233D62b3e1496], value: 89575527681 [8.957e10])
    в”‚   в”‚   в”‚   в”‚   в”‚   в”‚   в”‚   в”‚   в”‚   в””в”Ђ в†ђ [Return] true
    в”‚   в”‚   в”‚   в”‚   в”‚   в”‚   в”‚   в”‚   в””в”Ђ в†ђ [Stop] 
    в”‚   в”‚   в”‚   в”‚   в”‚   в”‚   в”‚   в””в”Ђ в†ђ [Return] 
    в”‚   в”‚   в”‚   в”‚   в”‚   в”‚   в”њв”Ђ  emit topic 0: 0xfb80d861da582b723be2d19507ce3e03851820c464abea89156ec77e089b1ad9
    в”‚   в”‚   в”‚   в”‚   в”‚   в”‚   в”‚        topic 1: 0x0000000000000000000000007fa9385be102ac3eac297483dd6233d62b3e1496
    в”‚   в”‚   в”‚   в”‚   в”‚   в”‚   в”‚        topic 2: 0x0000000000000000000000007fa9385be102ac3eac297483dd6233d62b3e1496
    в”‚   в”‚   в”‚   в”‚   в”‚   в”‚   в”‚           data: 0x000000000000000000000000c7198437980c041c805a1edcba50c1ce5db9511800000000000000000000000000000000000000000000000000000014db1e15010000000000000000000000000000000000000000000000000000001558304751
    в”‚   в”‚   в”‚   в”‚   в”‚   в”‚   в””в”Ђ в†ђ [Return] 89575527681 [8.957e10]
    в”‚   в”‚   в”‚   в”‚   в”‚   в””в”Ђ в†ђ [Return] 89575527681 [8.957e10]
    в”‚   в”‚   в”‚   в”‚   в”њв”Ђ [886] USDTe::balanceOf(ContractTest: [0x7FA9385bE102ac3EAc297483Dd6233D62b3e1496]) [staticcall]
    в”‚   в”‚   в”‚   в”‚   в”‚   в””в”Ђ в†ђ [Return] 89575527681 [8.957e10]
    в”‚   в”‚   в”‚   в”‚   в”њв”Ђ [25272] USDTe::approve(PlatypusPool: [0xbe52548488992Cc76fFA1B42f3A58F646864df45], 89575527681 [8.957e10])
    в”‚   в”‚   в”‚   в”‚   в”‚   в”њв”Ђ emit Approval(owner: ContractTest: [0x7FA9385bE102ac3EAc297483Dd6233D62b3e1496], spender: PlatypusPool: [0xbe52548488992Cc76fFA1B42f3A58F646864df45], value: 89575527681 [8.957e10])
    в”‚   в”‚   в”‚   в”‚   в”‚   в””в”Ђ в†ђ [Return] true
    в”‚   в”‚   в”‚   в”‚   в”њв”Ђ [886] USDTe::balanceOf(ContractTest: [0x7FA9385bE102ac3EAc297483Dd6233D62b3e1496]) [staticcall]
    в”‚   в”‚   в”‚   в”‚   в”‚   в””в”Ђ в†ђ [Return] 89575527681 [8.957e10]
    в”‚   в”‚   в”‚   в”‚   в”њв”Ђ [109217] PlatypusPool::swap(USDTe: [0xc7198437980c041c805A1EDcbA50c1Ce5db95118], USDC: [0xB97EF9Ef8734C71904D8002F8b6Bc66Dd9c48a6E], 89575527681 [8.957e10], 0, ContractTest: [0x7FA9385bE102ac3EAc297483Dd6233D62b3e1496], 1689094492 [1.689e9])
    в”‚   в”‚   в”‚   в”‚   в”‚   в”њв”Ђ [108590] 0x7e1333a39aBeD9A5664661957B80ba01D2702B1E::swap(USDTe: [0xc7198437980c041c805A1EDcbA50c1Ce5db95118], USDC: [0xB97EF9Ef8734C71904D8002F8b6Bc66Dd9c48a6E], 89575527681 [8.957e10], 0, ContractTest: [0x7FA9385bE102ac3EAc297483Dd6233D62b3e1496], 1689094492 [1.689e9]) [delegatecall]
    в”‚   в”‚   в”‚   в”‚   в”‚   в”‚   в”њв”Ђ [971] 0xDEA7bf752Ef25301DbB2e9288338A1a9013EC194::aggregateAccount() [staticcall]
    в”‚   в”‚   в”‚   в”‚   в”‚   в”‚   в”‚   в”њв”Ђ [377] 0x7F9Ae1b72ea18E28F29a9129896c54A6a512E42a::aggregateAccount() [delegatecall]
    в”‚   в”‚   в”‚   в”‚   в”‚   в”‚   в”‚   в”‚   в””в”Ђ в†ђ [Return] 0x0000000000000000000000001655e447b7281e014e54cf0c1ad976b006e2b3dc
    в”‚   в”‚   в”‚   в”‚   в”‚   в”‚   в”‚   в””в”Ђ в†ђ [Return] 0x0000000000000000000000001655e447b7281e014e54cf0c1ad976b006e2b3dc
    в”‚   в”‚   в”‚   в”‚   в”‚   в”‚   в”њв”Ђ [971] LP_USDC::aggregateAccount() [staticcall]
    в”‚   в”‚   в”‚   в”‚   в”‚   в”‚   в”‚   в”њв”Ђ [377] 0xB00C1F6ad87a832e39D15581fcD7Ca39EDF3A9c7::aggregateAccount() [delegatecall]
    в”‚   в”‚   в”‚   в”‚   в”‚   в”‚   в”‚   в”‚   в””в”Ђ в†ђ [Return] 0x0000000000000000000000001655e447b7281e014e54cf0c1ad976b006e2b3dc
    в”‚   в”‚   в”‚   в”‚   в”‚   в”‚   в”‚   в””в”Ђ в†ђ [Return] 0x0000000000000000000000001655e447b7281e014e54cf0c1ad976b006e2b3dc
    в”‚   в”‚   в”‚   в”‚   в”‚   в”‚   в”њв”Ђ [1015] 0xDEA7bf752Ef25301DbB2e9288338A1a9013EC194::underlyingToken() [staticcall]
    в”‚   в”‚   в”‚   в”‚   в”‚   в”‚   в”‚   в”њв”Ђ [421] 0x7F9Ae1b72ea18E28F29a9129896c54A6a512E42a::underlyingToken() [delegatecall]
    в”‚   в”‚   в”‚   в”‚   в”‚   в”‚   в”‚   в”‚   в””в”Ђ в†ђ [Return] 0x000000000000000000000000c7198437980c041c805a1edcba50c1ce5db95118
    в”‚   в”‚   в”‚   в”‚   в”‚   в”‚   в”‚   в””в”Ђ в†ђ [Return] 0x000000000000000000000000c7198437980c041c805a1edcba50c1ce5db95118
    в”‚   в”‚   в”‚   в”‚   в”‚   в”‚   в”њв”Ђ [1015] LP_USDC::underlyingToken() [staticcall]
    в”‚   в”‚   в”‚   в”‚   в”‚   в”‚   в”‚   в”њв”Ђ [421] 0xB00C1F6ad87a832e39D15581fcD7Ca39EDF3A9c7::underlyingToken() [delegatecall]
    в”‚   в”‚   в”‚   в”‚   в”‚   в”‚   в”‚   в”‚   в””в”Ђ в†ђ [Return] 0x000000000000000000000000b97ef9ef8734c71904d8002f8b6bc66dd9c48a6e
    в”‚   в”‚   в”‚   в”‚   в”‚   в”‚   в”‚   в””в”Ђ в†ђ [Return] 0x000000000000000000000000b97ef9ef8734c71904d8002f8b6bc66dd9c48a6e
    в”‚   в”‚   в”‚   в”‚   в”‚   в”‚   в”њв”Ђ [4449] 0x7b52f4B5C476E7aFD09266C35274737cD0af746b::getAssetPrice(USDTe: [0xc7198437980c041c805A1EDcbA50c1Ce5db95118]) [staticcall]
    в”‚   в”‚   в”‚   в”‚   в”‚   в”‚   в”‚   в”њв”Ђ [3143] 0xEBE676ee90Fe1112671f19b6B7459bC678B67e8a::latestRoundData() [staticcall]
    в”‚   в”‚   в”‚   в”‚   в”‚   в”‚   в”‚   в”‚   в”њв”Ђ [1410] 0xb8AEB9160385fa2D1B63B5E88351238593ba0127::latestRoundData() [staticcall]
    в”‚   в”‚   в”‚   в”‚   в”‚   в”‚   в”‚   в”‚   в”‚   в””в”Ђ в†ђ [Return] 2620, 100006000 [1e8], 1689026079 [1.689e9], 1689026079 [1.689e9], 2620
    в”‚   в”‚   в”‚   в”‚   в”‚   в”‚   в”‚   в”‚   в””в”Ђ в†ђ [Return] 18446744073709554236 [1.844e19], 100006000 [1e8], 1689026079 [1.689e9], 1689026079 [1.689e9], 18446744073709554236 [1.844e19]
    в”‚   в”‚   в”‚   в”‚   в”‚   в”‚   в”‚   в””в”Ђ в†ђ [Return] 100006000 [1e8]
    в”‚   в”‚   в”‚   в”‚   в”‚   в”‚   в”њв”Ђ [4449] 0x7b52f4B5C476E7aFD09266C35274737cD0af746b::getAssetPrice(USDC: [0xB97EF9Ef8734C71904D8002F8b6Bc66Dd9c48a6E]) [staticcall]
    в”‚   в”‚   в”‚   в”‚   в”‚   в”‚   в”‚   в”њв”Ђ [3143] 0xF096872672F44d6EBA71458D74fe67F9a77a23B9::latestRoundData() [staticcall]
    в”‚   в”‚   в”‚   в”‚   в”‚   в”‚   в”‚   в”‚   в”њв”Ђ [1410] 0xfBd998938f8f7210eEC3D1e12E80A10972F02aEd::latestRoundData() [staticcall]
    в”‚   в”‚   в”‚   в”‚   в”‚   в”‚   в”‚   в”‚   в”‚   в””в”Ђ в†ђ [Return] 1945, 99996815 [9.999e7], 1689062420 [1.689e9], 1689062420 [1.689e9], 1945
    в”‚   в”‚   в”‚   в”‚   в”‚   в”‚   в”‚   в”‚   в””в”Ђ в†ђ [Return] 18446744073709553561 [1.844e19], 99996815 [9.999e7], 1689062420 [1.689e9], 1689062420 [1.689e9], 18446744073709553561 [1.844e19]
    в”‚   в”‚   в”‚   в”‚   в”‚   в”‚   в”‚   в””в”Ђ в†ђ [Return] 99996815 [9.999e7]
    в”‚   в”‚   в”‚   в”‚   в”‚   в”‚   в”њв”Ђ [1929] 0xDEA7bf752Ef25301DbB2e9288338A1a9013EC194::decimals() [staticcall]
    в”‚   в”‚   в”‚   в”‚   в”‚   в”‚   в”‚   в”њв”Ђ [1335] 0x7F9Ae1b72ea18E28F29a9129896c54A6a512E42a::decimals() [delegatecall]
    в”‚   в”‚   в”‚   в”‚   в”‚   в”‚   в”‚   в”‚   в”њв”Ђ [366] USDTe::decimals() [staticcall]
    в”‚   в”‚   в”‚   в”‚   в”‚   в”‚   в”‚   в”‚   в”‚   в””в”Ђ в†ђ [Return] 6
    в”‚   в”‚   в”‚   в”‚   в”‚   в”‚   в”‚   в”‚   в””в”Ђ в†ђ [Return] 6
    в”‚   в”‚   в”‚   в”‚   в”‚   в”‚   в”‚   в””в”Ђ в†ђ [Return] 6
    в”‚   в”‚   в”‚   в”‚   в”‚   в”‚   в”њв”Ђ [2606] LP_USDC::decimals() [staticcall]
    в”‚   в”‚   в”‚   в”‚   в”‚   в”‚   в”‚   в”њв”Ђ [2012] 0xB00C1F6ad87a832e39D15581fcD7Ca39EDF3A9c7::decimals() [delegatecall]
    в”‚   в”‚   в”‚   в”‚   в”‚   в”‚   в”‚   в”‚   в”њв”Ђ [1043] USDC::decimals() [staticcall]
    в”‚   в”‚   в”‚   в”‚   в”‚   в”‚   в”‚   в”‚   в”‚   в”њв”Ђ [381] 0xa3fa3D254bf6aF295b5B22cC6730b04144314890::decimals() [delegatecall]
    в”‚   в”‚   в”‚   в”‚   в”‚   в”‚   в”‚   в”‚   в”‚   в”‚   в””в”Ђ в†ђ [Return] 6
    в”‚   в”‚   в”‚   в”‚   в”‚   в”‚   в”‚   в”‚   в”‚   в””в”Ђ в†ђ [Return] 6
    в”‚   в”‚   в”‚   в”‚   в”‚   в”‚   в”‚   в”‚   в””в”Ђ в†ђ [Return] 6
    в”‚   в”‚   в”‚   в”‚   в”‚   в”‚   в”‚   в””в”Ђ в†ђ [Return] 6
    в”‚   в”‚   в”‚   в”‚   в”‚   в”‚   в”њв”Ђ [931] LP_USDC::cash() [staticcall]
    в”‚   в”‚   в”‚   в”‚   в”‚   в”‚   в”‚   в”њв”Ђ [337] 0xB00C1F6ad87a832e39D15581fcD7Ca39EDF3A9c7::cash() [delegatecall]
    в”‚   в”‚   в”‚   в”‚   в”‚   в”‚   в”‚   в”‚   в””в”Ђ в†ђ [Return] 0x000000000000000000000000000000000000000000000000000000b44226c29f
    в”‚   в”‚   в”‚   в”‚   в”‚   в”‚   в”‚   в””в”Ђ в†ђ [Return] 0x000000000000000000000000000000000000000000000000000000b44226c29f
    в”‚   в”‚   в”‚   в”‚   в”‚   в”‚   в”њв”Ђ [931] 0xDEA7bf752Ef25301DbB2e9288338A1a9013EC194::cash() [staticcall]
    в”‚   в”‚   в”‚   в”‚   в”‚   в”‚   в”‚   в”њв”Ђ [337] 0x7F9Ae1b72ea18E28F29a9129896c54A6a512E42a::cash() [delegatecall]
    в”‚   в”‚   в”‚   в”‚   в”‚   в”‚   в”‚   в”‚   в””в”Ђ в†ђ [Return] 0x0000000000000000000000000000000000000000000000000000006e1e9f5744
    в”‚   в”‚   в”‚   в”‚   в”‚   в”‚   в”‚   в””в”Ђ в†ђ [Return] 0x0000000000000000000000000000000000000000000000000000006e1e9f5744
    в”‚   в”‚   в”‚   в”‚   в”‚   в”‚   в”њв”Ђ [953] 0xDEA7bf752Ef25301DbB2e9288338A1a9013EC194::liability() [staticcall]
    в”‚   в”‚   в”‚   в”‚   в”‚   в”‚   в”‚   в”њв”Ђ [359] 0x7F9Ae1b72ea18E28F29a9129896c54A6a512E42a::liability() [delegatecall]
    в”‚   в”‚   в”‚   в”‚   в”‚   в”‚   в”‚   в”‚   в””в”Ђ в†ђ [Return] 0x00000000000000000000000000000000000000000000000000000063c2d007ab
    в”‚   в”‚   в”‚   в”‚   в”‚   в”‚   в”‚   в””в”Ђ в†ђ [Return] 0x00000000000000000000000000000000000000000000000000000063c2d007ab
    в”‚   в”‚   в”‚   в”‚   в”‚   в”‚   в”њв”Ђ [931] LP_USDC::cash() [staticcall]
    в”‚   в”‚   в”‚   в”‚   в”‚   в”‚   в”‚   в”њв”Ђ [337] 0xB00C1F6ad87a832e39D15581fcD7Ca39EDF3A9c7::cash() [delegatecall]
    в”‚   в”‚   в”‚   в”‚   в”‚   в”‚   в”‚   в”‚   в””в”Ђ в†ђ [Return] 0x000000000000000000000000000000000000000000000000000000b44226c29f
    в”‚   в”‚   в”‚   в”‚   в”‚   в”‚   в”‚   в””в”Ђ в†ђ [Return] 0x000000000000000000000000000000000000000000000000000000b44226c29f
    в”‚   в”‚   в”‚   в”‚   в”‚   в”‚   в”њв”Ђ [953] LP_USDC::liability() [staticcall]
    в”‚   в”‚   в”‚   в”‚   в”‚   в”‚   в”‚   в”њв”Ђ [359] 0xB00C1F6ad87a832e39D15581fcD7Ca39EDF3A9c7::liability() [delegatecall]
    в”‚   в”‚   в”‚   в”‚   в”‚   в”‚   в”‚   в”‚   в””в”Ђ в†ђ [Return] 0x000000000000000000000000000000000000000000000000000000cb04e65e36
    в”‚   в”‚   в”‚   в”‚   в”‚   в”‚   в”‚   в””в”Ђ в†ђ [Return] 0x000000000000000000000000000000000000000000000000000000cb04e65e36
    в”‚   в”‚   в”‚   в”‚   в”‚   в”‚   в”њв”Ђ [7337] USDTe::transferFrom(ContractTest: [0x7FA9385bE102ac3EAc297483Dd6233D62b3e1496], 0xDEA7bf752Ef25301DbB2e9288338A1a9013EC194, 89575527681 [8.957e10])
    в”‚   в”‚   в”‚   в”‚   в”‚   в”‚   в”‚   в”њв”Ђ emit Transfer(from: ContractTest: [0x7FA9385bE102ac3EAc297483Dd6233D62b3e1496], to: 0xDEA7bf752Ef25301DbB2e9288338A1a9013EC194, value: 89575527681 [8.957e10])
    в”‚   в”‚   в”‚   в”‚   в”‚   в”‚   в”‚   в”њв”Ђ emit Approval(owner: ContractTest: [0x7FA9385bE102ac3EAc297483Dd6233D62b3e1496], spender: PlatypusPool: [0xbe52548488992Cc76fFA1B42f3A58F646864df45], value: 0)
    в”‚   в”‚   в”‚   в”‚   в”‚   в”‚   в”‚   в””в”Ђ в†ђ [Return] true
    в”‚   в”‚   в”‚   в”‚   в”‚   в”‚   в”њв”Ђ [4154] 0xDEA7bf752Ef25301DbB2e9288338A1a9013EC194::addCash(89575527681 [8.957e10])
    в”‚   в”‚   в”‚   в”‚   в”‚   в”‚   в”‚   в”њв”Ђ [3560] 0x7F9Ae1b72ea18E28F29a9129896c54A6a512E42a::addCash(89575527681 [8.957e10]) [delegatecall]
    в”‚   в”‚   в”‚   в”‚   в”‚   в”‚   в”‚   в”‚   в”њв”Ђ [931] 0xDEA7bf752Ef25301DbB2e9288338A1a9013EC194::cash() [staticcall]
    в”‚   в”‚   в”‚   в”‚   в”‚   в”‚   в”‚   в”‚   в”‚   в”њв”Ђ [337] 0x7F9Ae1b72ea18E28F29a9129896c54A6a512E42a::cash() [delegatecall]
    в”‚   в”‚   в”‚   в”‚   в”‚   в”‚   в”‚   в”‚   в”‚   в”‚   в””в”Ђ в†ђ [Return] 0x00000000000000000000000000000000000000000000000000000082f9bd6c45
    в”‚   в”‚   в”‚   в”‚   в”‚   в”‚   в”‚   в”‚   в”‚   в””в”Ђ в†ђ [Return] 0x00000000000000000000000000000000000000000000000000000082f9bd6c45
    в”‚   в”‚   в”‚   в”‚   в”‚   в”‚   в”‚   в”‚   в”њв”Ђ emit CashAdded(: 472960161604 [4.729e11], : 89575527681 [8.957e10])
    в”‚   в”‚   в”‚   в”‚   в”‚   в”‚   в”‚   в”‚   в””в”Ђ в†ђ [Stop] 
    в”‚   в”‚   в”‚   в”‚   в”‚   в”‚   в”‚   в””в”Ђ в†ђ [Return] 
    в”‚   в”‚   в”‚   в”‚   в”‚   в”‚   в”њв”Ђ [4234] LP_USDC::removeCash(89514878061 [8.951e10])
    в”‚   в”‚   в”‚   в”‚   в”‚   в”‚   в”‚   в”њв”Ђ [3640] 0xB00C1F6ad87a832e39D15581fcD7Ca39EDF3A9c7::removeCash(89514878061 [8.951e10]) [delegatecall]
    в”‚   в”‚   в”‚   в”‚   в”‚   в”‚   в”‚   в”‚   в”њв”Ђ [931] LP_USDC::cash() [staticcall]
    в”‚   в”‚   в”‚   в”‚   в”‚   в”‚   в”‚   в”‚   в”‚   в”њв”Ђ [337] 0xB00C1F6ad87a832e39D15581fcD7Ca39EDF3A9c7::cash() [delegatecall]
    в”‚   в”‚   в”‚   в”‚   в”‚   в”‚   в”‚   в”‚   в”‚   в”‚   в””в”Ђ в†ђ [Return] 0x0000000000000000000000000000000000000000000000000000009f6aa61e32
    в”‚   в”‚   в”‚   в”‚   в”‚   в”‚   в”‚   в”‚   в”‚   в””в”Ђ в†ђ [Return] 0x0000000000000000000000000000000000000000000000000000009f6aa61e32
    в”‚   в”‚   в”‚   в”‚   в”‚   в”‚   в”‚   в”‚   в”њв”Ђ emit CashRemoved(: 774203949727 [7.742e11], : 89514878061 [8.951e10])
    в”‚   в”‚   в”‚   в”‚   в”‚   в”‚   в”‚   в”‚   в””в”Ђ в†ђ [Stop] 
    в”‚   в”‚   в”‚   в”‚   в”‚   в”‚   в”‚   в””в”Ђ в†ђ [Return] 
    в”‚   в”‚   в”‚   в”‚   в”‚   в”‚   в”њв”Ђ [4152] LP_USDC::addLiability(0)
    в”‚   в”‚   в”‚   в”‚   в”‚   в”‚   в”‚   в”њв”Ђ [3558] 0xB00C1F6ad87a832e39D15581fcD7Ca39EDF3A9c7::addLiability(0) [delegatecall]
    в”‚   в”‚   в”‚   в”‚   в”‚   в”‚   в”‚   в”‚   в”њв”Ђ [953] LP_USDC::liability() [staticcall]
    в”‚   в”‚   в”‚   в”‚   в”‚   в”‚   в”‚   в”‚   в”‚   в”њв”Ђ [359] 0xB00C1F6ad87a832e39D15581fcD7Ca39EDF3A9c7::liability() [delegatecall]
    в”‚   в”‚   в”‚   в”‚   в”‚   в”‚   в”‚   в”‚   в”‚   в”‚   в””в”Ђ в†ђ [Return] 0x000000000000000000000000000000000000000000000000000000cb04e65e36
    в”‚   в”‚   в”‚   в”‚   в”‚   в”‚   в”‚   в”‚   в”‚   в””в”Ђ в†ђ [Return] 0x000000000000000000000000000000000000000000000000000000cb04e65e36
    в”‚   в”‚   в”‚   в”‚   в”‚   в”‚   в”‚   в”‚   в”њв”Ђ emit LiabilityAdded(: 871960567350 [8.719e11], : 0)
    в”‚   в”‚   в”‚   в”‚   в”‚   в”‚   в”‚   в”‚   в””в”Ђ в†ђ [Stop] 
    в”‚   в”‚   в”‚   в”‚   в”‚   в”‚   в”‚   в””в”Ђ в†ђ [Return] 
    в”‚   в”‚   в”‚   в”‚   в”‚   в”‚   в”њв”Ђ [27472] LP_USDC::transferUnderlyingToken(ContractTest: [0x7FA9385bE102ac3EAc297483Dd6233D62b3e1496], 89514878061 [8.951e10])
    в”‚   в”‚   в”‚   в”‚   в”‚   в”‚   в”‚   в”њв”Ђ [26875] 0xB00C1F6ad87a832e39D15581fcD7Ca39EDF3A9c7::transferUnderlyingToken(ContractTest: [0x7FA9385bE102ac3EAc297483Dd6233D62b3e1496], 89514878061 [8.951e10]) [delegatecall]
    в”‚   в”‚   в”‚   в”‚   в”‚   в”‚   в”‚   в”‚   в”њв”Ђ [24628] USDC::transfer(ContractTest: [0x7FA9385bE102ac3EAc297483Dd6233D62b3e1496], 89514878061 [8.951e10])
    в”‚   в”‚   в”‚   в”‚   в”‚   в”‚   в”‚   в”‚   в”‚   в”њв”Ђ [23928] 0xa3fa3D254bf6aF295b5B22cC6730b04144314890::transfer(ContractTest: [0x7FA9385bE102ac3EAc297483Dd6233D62b3e1496], 89514878061 [8.951e10]) [delegatecall]
    в”‚   в”‚   в”‚   в”‚   в”‚   в”‚   в”‚   в”‚   в”‚   в”‚   в”њв”Ђ emit Transfer(from: LP_USDC: [0x06f01502327De1c37076Bea4689a7e44279155e9], to: ContractTest: [0x7FA9385bE102ac3EAc297483Dd6233D62b3e1496], value: 89514878061 [8.951e10])
    в”‚   в”‚   в”‚   в”‚   в”‚   в”‚   в”‚   в”‚   в”‚   в”‚   в””в”Ђ в†ђ [Return] true
    в”‚   в”‚   в”‚   в”‚   в”‚   в”‚   в”‚   в”‚   в”‚   в””в”Ђ в†ђ [Return] true
    в”‚   в”‚   в”‚   в”‚   в”‚   в”‚   в”‚   в”‚   в””в”Ђ в†ђ [Stop] 
    в”‚   в”‚   в”‚   в”‚   в”‚   в”‚   в”‚   в””в”Ђ в†ђ [Return] 
    в”‚   в”‚   в”‚   в”‚   в”‚   в”‚   в”њв”Ђ  emit topic 0: 0x54787c404bb33c88e86f4baf88183a3b0141d0a848e6a9f7a13b66ae3a9b73d1
    в”‚   в”‚   в”‚   в”‚   в”‚   в”‚   в”‚        topic 1: 0x0000000000000000000000007fa9385be102ac3eac297483dd6233d62b3e1496
    в”‚   в”‚   в”‚   в”‚   в”‚   в”‚   в”‚        topic 2: 0x0000000000000000000000007fa9385be102ac3eac297483dd6233d62b3e1496
    в”‚   в”‚   в”‚   в”‚   в”‚   в”‚   в”‚           data: 0x000000000000000000000000c7198437980c041c805a1edcba50c1ce5db95118000000000000000000000000b97ef9ef8734c71904d8002f8b6bc66dd9c48a6e00000000000000000000000000000000000000000000000000000014db1e150100000000000000000000000000000000000000000000000000000014d780a46d
    в”‚   в”‚   в”‚   в”‚   в”‚   в”‚   в””в”Ђ в†ђ [Return] 89514878061 [8.951e10], 8952383 [8.952e6]
    в”‚   в”‚   в”‚   в”‚   в”‚   в””в”Ђ в†ђ [Return] 89514878061 [8.951e10], 8952383 [8.952e6]
    в”‚   в”‚   в”‚   в”‚   в””в”Ђ в†ђ [Return] true
    в”‚   в”‚   в”‚   в”њв”Ђ [7468] 0xFCCf3cAbbe80101232d343252614b6A3eE81C989::scaledTotalSupply() [staticcall]
    в”‚   в”‚   в”‚   в”‚   в”њв”Ђ [2419] 0xa0d9C1E9E48Ca30c8d8C3B5D69FF5dc1f6DFfC24::scaledTotalSupply() [delegatecall]
    в”‚   в”‚   в”‚   в”‚   в”‚   в””в”Ђ в†ђ [Return] 0x00000000000000000000000000000000000000000000000000001c5746e0b421
    в”‚   в”‚   в”‚   в”‚   в””в”Ђ в†ђ [Return] 0x00000000000000000000000000000000000000000000000000001c5746e0b421
    в”‚   в”‚   в”‚   в”њв”Ђ [11724] 0x307ffe186F84a3bc2613D1eA417A5737D69A7007::getSupplyData() [staticcall]
    в”‚   в”‚   в”‚   в”‚   в”њв”Ђ [6663] 0x893411580e590D62dDBca8a703d61Cc4A8c7b2b9::getSupplyData() [delegatecall]
    в”‚   в”‚   в”‚   в”‚   в”‚   в””в”Ђ в†ђ [Return] 0x0000000000000000000000000000000000000000000000000000001e3992d66a0000000000000000000000000000000000000000000000000000001e3bb4ea470000000000000000000000000000000000000000002aa3b2bd9f4f288143c88d0000000000000000000000000000000000000000000000000000000064aaf6a2
    в”‚   в”‚   в”‚   в”‚   в””в”Ђ в†ђ [Return] 0x0000000000000000000000000000000000000000000000000000001e3992d66a0000000000000000000000000000000000000000000000000000001e3bb4ea470000000000000000000000000000000000000000002aa3b2bd9f4f288143c88d0000000000000000000000000000000000000000000000000000000064aaf6a2
    в”‚   в”‚   в”‚   в”њв”Ђ [4862] 0x625E7708f30cA75bfd92586e17077590C60eb4cD::totalSupply() [staticcall]
    в”‚   в”‚   в”‚   в”‚   в”њв”Ђ [4345] 0x1E81af09001aD208BDa68FF022544dB2102A752d::totalSupply() [delegatecall]
    в”‚   в”‚   в”‚   в”‚   в”‚   в”њв”Ђ [1359] aaveV3::getReserveNormalizedIncome(USDC: [0xB97EF9Ef8734C71904D8002F8b6Bc66Dd9c48a6E]) [staticcall]
    в”‚   в”‚   в”‚   в”‚   в”‚   в”‚   в”њв”Ђ [807] 0xCf85FF1c37c594a10195F7A9Ab85CBb0a03f69dE::getReserveNormalizedIncome(USDC: [0xB97EF9Ef8734C71904D8002F8b6Bc66Dd9c48a6E]) [delegatecall]
    в”‚   в”‚   в”‚   в”‚   в”‚   в”‚   в”‚   в””в”Ђ в†ђ [Return] 0x0000000000000000000000000000000000000000034e210a94c661123e13c1a9
    в”‚   в”‚   в”‚   в”‚   в”‚   в”‚   в””в”Ђ в†ђ [Return] 0x0000000000000000000000000000000000000000034e210a94c661123e13c1a9
    в”‚   в”‚   в”‚   в”‚   в”‚   в””в”Ђ в†ђ [Return] 42656267472198 [4.265e13]
    в”‚   в”‚   в”‚   в”‚   в””в”Ђ в†ђ [Return] 42656267472198 [4.265e13]
    в”‚   в”‚   в”‚   в”њв”Ђ [5852] 0xD624AFA34614B4fe7FEe7e1751a2E5E04fb47398::calculateInterestRates((0, 85042500000 [8.504e10], 0, 129850731079 [1.298e11], 32339411470932 [3.233e13], 51547927344694127659042957 [5.154e25], 1000, 0xB97EF9Ef8734C71904D8002F8b6Bc66Dd9c48a6E, 0x625E7708f30cA75bfd92586e17077590C60eb4cD)) [staticcall]
    в”‚   в”‚   в”‚   в”‚   в”њв”Ђ [1226] USDC::balanceOf(0x625E7708f30cA75bfd92586e17077590C60eb4cD) [staticcall]
    в”‚   в”‚   в”‚   в”‚   в”‚   в”њв”Ђ [529] 0xa3fa3D254bf6aF295b5B22cC6730b04144314890::balanceOf(0x625E7708f30cA75bfd92586e17077590C60eb4cD) [delegatecall]
    в”‚   в”‚   в”‚   в”‚   в”‚   в”‚   в””в”Ђ в†ђ [Return] 10102118721553 [1.01e13]
    в”‚   в”‚   в”‚   в”‚   в”‚   в””в”Ђ в†ђ [Return] 10102118721553 [1.01e13]
    в”‚   в”‚   в”‚   в”‚   в””в”Ђ в†ђ [Return] 0x00000000000000000000000000000000000000000010d2f3dd00635414e83d4400000000000000000000000000000000000000000028b899b6db0d94b7ba39c5000000000000000000000000000000000000000000187c5bc88736abeb179461
    в”‚   в”‚   в”‚   в”њв”Ђ emit ReserveDataUpdated(param0: USDC: [0xB97EF9Ef8734C71904D8002F8b6Bc66Dd9c48a6E], param1: 20339008558884098872458564 [2.033e25], param2: 49228783745416526460238277 [4.922e25], param3: 29601486217915685221667937 [2.96e25], param4: 1022908295425061349196871911 [1.022e27], param5: 1037810979100889685974811055 [1.037e27])
    в”‚   в”‚   в”‚   в”њв”Ђ [5871] USDC::transferFrom(ContractTest: [0x7FA9385bE102ac3EAc297483Dd6233D62b3e1496], 0x625E7708f30cA75bfd92586e17077590C60eb4cD, 85042500000 [8.504e10])
    в”‚   в”‚   в”‚   в”‚   в”њв”Ђ [5197] 0xa3fa3D254bf6aF295b5B22cC6730b04144314890::transferFrom(ContractTest: [0x7FA9385bE102ac3EAc297483Dd6233D62b3e1496], 0x625E7708f30cA75bfd92586e17077590C60eb4cD, 85042500000 [8.504e10]) [delegatecall]
    в”‚   в”‚   в”‚   в”‚   в”‚   в”њв”Ђ emit Transfer(from: ContractTest: [0x7FA9385bE102ac3EAc297483Dd6233D62b3e1496], to: 0x625E7708f30cA75bfd92586e17077590C60eb4cD, value: 85042500000 [8.504e10])
    в”‚   в”‚   в”‚   в”‚   в”‚   в””в”Ђ в†ђ [Return] true
    в”‚   в”‚   в”‚   в”‚   в””в”Ђ в†ђ [Return] true
    в”‚   в”‚   в”‚   в”њв”Ђ [1155] 0x625E7708f30cA75bfd92586e17077590C60eb4cD::handleRepayment(ContractTest: [0x7FA9385bE102ac3EAc297483Dd6233D62b3e1496], ContractTest: [0x7FA9385bE102ac3EAc297483Dd6233D62b3e1496], 85042500000 [8.504e10])
    в”‚   в”‚   в”‚   в”‚   в”њв”Ђ [597] 0x1E81af09001aD208BDa68FF022544dB2102A752d::handleRepayment(ContractTest: [0x7FA9385bE102ac3EAc297483Dd6233D62b3e1496], ContractTest: [0x7FA9385bE102ac3EAc297483Dd6233D62b3e1496], 85042500000 [8.504e10]) [delegatecall]
    в”‚   в”‚   в”‚   в”‚   в”‚   в””в”Ђ в†ђ [Stop] 
    в”‚   в”‚   в”‚   в”‚   в””в”Ђ в†ђ [Return] 
    в”‚   в”‚   в”‚   в”њв”Ђ emit FlashLoan(param0: ContractTest: [0x7FA9385bE102ac3EAc297483Dd6233D62b3e1496], param1: USDC: [0xB97EF9Ef8734C71904D8002F8b6Bc66Dd9c48a6E], param2: 0x0000000000000000000000000000000000000000, param3: 728815563385977040452943777879061427756277306518 [7.288e47], param4: 85000000000 [8.5e10], param5: 0, param6: 42500000 [4.25e7])
    в”‚   в”‚   в”‚   в””в”Ђ в†ђ [Stop] 
    в”‚   в”‚   в””в”Ђ в†ђ [Stop] 
    в”‚   в””в”Ђ в†ђ [Return] 
    в”њв”Ђ [1226] USDC::balanceOf(ContractTest: [0x7FA9385bE102ac3EAc297483Dd6233D62b3e1496]) [staticcall]
    в”‚   в”њв”Ђ [529] 0xa3fa3D254bf6aF295b5B22cC6730b04144314890::balanceOf(ContractTest: [0x7FA9385bE102ac3EAc297483Dd6233D62b3e1496]) [delegatecall]
    в”‚   в”‚   в””в”Ђ в†ђ [Return] 4472378061 [4.472e9]
    в”‚   в””в”Ђ в†ђ [Return] 4472378061 [4.472e9]
    в”њв”Ђ [1043] USDC::decimals() [staticcall]
    в”‚   в”њв”Ђ [381] 0xa3fa3D254bf6aF295b5B22cC6730b04144314890::decimals() [delegatecall]
    в”‚   в”‚   в””в”Ђ в†ђ [Return] 6
    в”‚   в””в”Ђ в†ђ [Return] 6
    в”њв”Ђ emit log_named_decimal_uint(key: "Attacker USDC balance after exploit", val: 4472378061 [4.472e9], decimals: 6)
    в””в”Ђ в†ђ [Stop] 

Suite result: ok. 1 passed; 0 failed; 0 skipped; finished in 348.30ms (11.36ms CPU time)

Ran 2 test suites in 603.39ms (632.15ms CPU time): 2 tests passed, 0 failed, 0 skipped (2 total tests)
