Compiling 28 files with Solc 0.8.25
Solc 0.8.25 finished in 1.17s
Compiler run successful with warnings:
Warning (2519): This declaration shadows an existing declaration.
   --> src/test/interface.sol:886:5:
    |
886 |     function WETH() external view returns (address);
    |     ^^^^^^^^^^^^^^^^^^^^^^^^^^^^^^^^^^^^^^^^^^^^^^^^
Note: The shadowed declaration is here:
   --> src/test/interface.sol:641:1:
    |
641 | interface WETH {
    | ^ (Relevant source part starts here and spans across multiple lines).

Warning (2519): This declaration shadows an existing declaration.
    --> src/test/interface.sol:1598:5:
     |
1598 |     function WETH() external view returns (address);
     |     ^^^^^^^^^^^^^^^^^^^^^^^^^^^^^^^^^^^^^^^^^^^^^^^^
Note: The shadowed declaration is here:
   --> src/test/interface.sol:641:1:
    |
641 | interface WETH {
    | ^ (Relevant source part starts here and spans across multiple lines).

Warning (2519): This declaration shadows an existing declaration.
    --> src/test/interface.sol:1850:5:
     |
1850 |     function WETH() external view returns (address);
     |     ^^^^^^^^^^^^^^^^^^^^^^^^^^^^^^^^^^^^^^^^^^^^^^^^
Note: The shadowed declaration is here:
   --> src/test/interface.sol:641:1:
    |
641 | interface WETH {
    | ^ (Relevant source part starts here and spans across multiple lines).

Warning (2519): This declaration shadows an existing declaration.
    --> src/test/interface.sol:2560:5:
     |
2560 |     function WETH() external view returns (address);
     |     ^^^^^^^^^^^^^^^^^^^^^^^^^^^^^^^^^^^^^^^^^^^^^^^^
Note: The shadowed declaration is here:
   --> src/test/interface.sol:641:1:
    |
641 | interface WETH {
    | ^ (Relevant source part starts here and spans across multiple lines).

Warning (2519): This declaration shadows an existing declaration.
    --> src/test/interface.sol:3759:5:
     |
3759 |     function WETH() external view returns (address);
     |     ^^^^^^^^^^^^^^^^^^^^^^^^^^^^^^^^^^^^^^^^^^^^^^^^
Note: The shadowed declaration is here:
   --> src/test/interface.sol:641:1:
    |
641 | interface WETH {
    | ^ (Relevant source part starts here and spans across multiple lines).

Warning (2519): This declaration shadows an existing declaration.
  --> src/test/2023-02/Sheep_exp.sol:22:5:
   |
22 |     IERC20 WBNB = IERC20(0xbb4CdB9CBd36B01bD1cBaEBF2De08d9173bc095c);
   |     ^^^^^^^^^^^^^^^^^^^^^^^^^^^^^^^^^^^^^^^^^^^^^^^^^^^^^^^^^^^^^^^^
Note: The shadowed declaration is here:
    --> src/test/interface.sol:2080:1:
     |
2080 | interface WBNB {
     | ^ (Relevant source part starts here and spans across multiple lines).


Ran 1 test for script/Exploit-template_new.sol:ExploitScript
[PASS] testExploit() (gas: 20485)
Logs:
  Attacker ETH Balance Before exploit: 0.000000000000000000
  Attacker ETH Balance After exploit: 0.000000000000000000

Traces:
  [20485] ExploitScript::testExploit()
    ├─ [0] VM::deal(ExploitScript: [0x7FA9385bE102ac3EAc297483Dd6233D62b3e1496], 0)
    │   └─ ← [Return] 
    ├─ emit log_named_decimal_uint(key: "Attacker ETH Balance Before exploit", val: 0, decimals: 18)
    ├─ emit log_named_decimal_uint(key: "Attacker ETH Balance After exploit", val: 0, decimals: 18)
    └─ ← [Stop] 

Suite result: ok. 1 passed; 0 failed; 0 skipped; finished in 376.74ms (149.61µs CPU time)

Ran 1 test for src/test/2023-02/Sheep_exp.sol:ContractTest
[PASS] testExploit() (gas: 1284769)
Logs:
  Attacker WBNB balance after exploit: 16.393908411541380869

Traces:
  [1318669] ContractTest::testExploit()
    ├─ [1309612] 0x0fe261aeE0d1C4DFdDee4102E82Dd425999065F4::flashLoan(380000000000000000000 [3.8e20], 0, ContractTest: [0x7FA9385bE102ac3EAc297483Dd6233D62b3e1496], 0x00)
    │   ├─ [29962] 0xbb4CdB9CBd36B01bD1cBaEBF2De08d9173bc095c::transfer(ContractTest: [0x7FA9385bE102ac3EAc297483Dd6233D62b3e1496], 380000000000000000000 [3.8e20])
    │   │   ├─ emit Transfer(from: 0x0fe261aeE0d1C4DFdDee4102E82Dd425999065F4, to: ContractTest: [0x7FA9385bE102ac3EAc297483Dd6233D62b3e1496], value: 380000000000000000000 [3.8e20])
    │   │   └─ ← [Return] true
    │   ├─ [1250724] ContractTest::DPPFlashLoanCall(ContractTest: [0x7FA9385bE102ac3EAc297483Dd6233D62b3e1496], 380000000000000000000 [3.8e20], 0, 0x00)
    │   │   ├─ [24420] 0xbb4CdB9CBd36B01bD1cBaEBF2De08d9173bc095c::approve(0x10ED43C718714eb63d5aA57B78B54704E256024E, 115792089237316195423570985008687907853269984665640564039457584007913129639935 [1.157e77])
    │   │   │   ├─ emit Approval(owner: ContractTest: [0x7FA9385bE102ac3EAc297483Dd6233D62b3e1496], spender: 0x10ED43C718714eb63d5aA57B78B54704E256024E, value: 115792089237316195423570985008687907853269984665640564039457584007913129639935 [1.157e77])
    │   │   │   └─ ← [Return] true
    │   │   ├─ [534] 0xbb4CdB9CBd36B01bD1cBaEBF2De08d9173bc095c::balanceOf(ContractTest: [0x7FA9385bE102ac3EAc297483Dd6233D62b3e1496]) [staticcall]
    │   │   │   └─ ← [Return] 380000000000000000000 [3.8e20]
    │   │   ├─ [165691] 0x10ED43C718714eb63d5aA57B78B54704E256024E::swapExactTokensForTokensSupportingFeeOnTransferTokens(380000000000000000000 [3.8e20], 0, [0xbb4CdB9CBd36B01bD1cBaEBF2De08d9173bc095c, 0x0025B42bfc22CbbA6c02d23d4Ec2aBFcf6E014d4], ContractTest: [0x7FA9385bE102ac3EAc297483Dd6233D62b3e1496], 1676025497 [1.676e9])
    │   │   │   ├─ [8225] 0xbb4CdB9CBd36B01bD1cBaEBF2De08d9173bc095c::transferFrom(ContractTest: [0x7FA9385bE102ac3EAc297483Dd6233D62b3e1496], 0x912DCfBf1105504fB4FF8ce351BEb4d929cE9c24, 380000000000000000000 [3.8e20])
    │   │   │   │   ├─ emit Transfer(from: ContractTest: [0x7FA9385bE102ac3EAc297483Dd6233D62b3e1496], to: 0x912DCfBf1105504fB4FF8ce351BEb4d929cE9c24, value: 380000000000000000000 [3.8e20])
    │   │   │   │   └─ ← [Return] true
    │   │   │   ├─ [12402] 0x0025B42bfc22CbbA6c02d23d4Ec2aBFcf6E014d4::balanceOf(ContractTest: [0x7FA9385bE102ac3EAc297483Dd6233D62b3e1496]) [staticcall]
    │   │   │   │   └─ ← [Return] 0
    │   │   │   ├─ [2893] 0x912DCfBf1105504fB4FF8ce351BEb4d929cE9c24::getReserves() [staticcall]
    │   │   │   │   └─ ← [Return] 30014300506936992470 [3.001e19], 38470984903412245858 [3.847e19], 1675722409 [1.675e9]
    │   │   │   ├─ [534] 0xbb4CdB9CBd36B01bD1cBaEBF2De08d9173bc095c::balanceOf(0x912DCfBf1105504fB4FF8ce351BEb4d929cE9c24) [staticcall]
    │   │   │   │   └─ ← [Return] 418470984903412245858 [4.184e20]
    │   │   │   ├─ [127043] 0x912DCfBf1105504fB4FF8ce351BEb4d929cE9c24::swap(27248739628707193147 [2.724e19], 0, ContractTest: [0x7FA9385bE102ac3EAc297483Dd6233D62b3e1496], 0x)
    │   │   │   │   ├─ [90798] 0x0025B42bfc22CbbA6c02d23d4Ec2aBFcf6E014d4::transfer(ContractTest: [0x7FA9385bE102ac3EAc297483Dd6233D62b3e1496], 27248739628707193147 [2.724e19])
    │   │   │   │   │   ├─ emit Transfer(from: 0x912DCfBf1105504fB4FF8ce351BEb4d929cE9c24, to: 0x0000000000000000000000000000000000000000, value: 817462188861215794 [8.174e17])
    │   │   │   │   │   ├─ emit Transfer(from: 0x0025B42bfc22CbbA6c02d23d4Ec2aBFcf6E014d4, to: 0x0000000000000000000000000000000000000000, value: 817462188861215794 [8.174e17])
    │   │   │   │   │   ├─ emit Transfer(from: 0x912DCfBf1105504fB4FF8ce351BEb4d929cE9c24, to: ContractTest: [0x7FA9385bE102ac3EAc297483Dd6233D62b3e1496], value: 25613815250984761559 [2.561e19])
    │   │   │   │   │   └─ ← [Return] true
    │   │   │   │   ├─ [2402] 0x0025B42bfc22CbbA6c02d23d4Ec2aBFcf6E014d4::balanceOf(0x912DCfBf1105504fB4FF8ce351BEb4d929cE9c24) [staticcall]
    │   │   │   │   │   └─ ← [Return] 2797524497609081132 [2.797e18]
    │   │   │   │   ├─ [534] 0xbb4CdB9CBd36B01bD1cBaEBF2De08d9173bc095c::balanceOf(0x912DCfBf1105504fB4FF8ce351BEb4d929cE9c24) [staticcall]
    │   │   │   │   │   └─ ← [Return] 418470984903412245858 [4.184e20]
    │   │   │   │   ├─ emit Sync(reserve0: 2797524497609081132 [2.797e18], reserve1: 418470984903412245858 [4.184e20])
    │   │   │   │   ├─ emit Swap(sender: 0x10ED43C718714eb63d5aA57B78B54704E256024E, amount0In: 31963619379281809 [3.196e16], amount1In: 380000000000000000000 [3.8e20], amount0Out: 27248739628707193147 [2.724e19], amount1Out: 0, to: ContractTest: [0x7FA9385bE102ac3EAc297483Dd6233D62b3e1496])
    │   │   │   │   └─ ← [Stop] 
    │   │   │   ├─ [2402] 0x0025B42bfc22CbbA6c02d23d4Ec2aBFcf6E014d4::balanceOf(ContractTest: [0x7FA9385bE102ac3EAc297483Dd6233D62b3e1496]) [staticcall]
    │   │   │   │   └─ ← [Return] 25909852936496774794 [2.59e19]
    │   │   │   └─ ← [Stop] 
    │   │   ├─ [2402] 0x0025B42bfc22CbbA6c02d23d4Ec2aBFcf6E014d4::balanceOf(0x912DCfBf1105504fB4FF8ce351BEb4d929cE9c24) [staticcall]
    │   │   │   └─ ← [Return] 2797524497609081132 [2.797e18]
    │   │   ├─ [2402] 0x0025B42bfc22CbbA6c02d23d4Ec2aBFcf6E014d4::balanceOf(ContractTest: [0x7FA9385bE102ac3EAc297483Dd6233D62b3e1496]) [staticcall]
    │   │   │   └─ ← [Return] 25909852936496774794 [2.59e19]
    │   │   ├─ [3517] 0x0025B42bfc22CbbA6c02d23d4Ec2aBFcf6E014d4::burn(25909852936496774794 [2.59e19])
    │   │   │   ├─ emit Transfer(from: ContractTest: [0x7FA9385bE102ac3EAc297483Dd6233D62b3e1496], to: 0x0000000000000000000000000000000000000000, value: 25909852936496774794 [2.59e19])
    │   │   │   └─ ← [Stop] 
    │   │   ├─ [2402] 0x0025B42bfc22CbbA6c02d23d4Ec2aBFcf6E014d4::balanceOf(0x912DCfBf1105504fB4FF8ce351BEb4d929cE9c24) [staticcall]
    │   │   │   └─ ← [Return] 1784422376532319554 [1.784e18]
    │   │   ├─ [2402] 0x0025B42bfc22CbbA6c02d23d4Ec2aBFcf6E014d4::balanceOf(ContractTest: [0x7FA9385bE102ac3EAc297483Dd6233D62b3e1496]) [staticcall]
    │   │   │   └─ ← [Return] 16526797671320020878 [1.652e19]
    │   │   ├─ [3517] 0x0025B42bfc22CbbA6c02d23d4Ec2aBFcf6E014d4::burn(16526797671320020878 [1.652e19])
    │   │   │   ├─ emit Transfer(from: ContractTest: [0x7FA9385bE102ac3EAc297483Dd6233D62b3e1496], to: 0x0000000000000000000000000000000000000000, value: 16526797671320020878 [1.652e19])
    │   │   │   └─ ← [Stop] 
    │   │   ├─ [2402] 0x0025B42bfc22CbbA6c02d23d4Ec2aBFcf6E014d4::balanceOf(0x912DCfBf1105504fB4FF8ce351BEb4d929cE9c24) [staticcall]
    │   │   │   └─ ← [Return] 1138207447545361224 [1.138e18]
    │   │   ├─ [2402] 0x0025B42bfc22CbbA6c02d23d4Ec2aBFcf6E014d4::balanceOf(ContractTest: [0x7FA9385bE102ac3EAc297483Dd6233D62b3e1496]) [staticcall]
    │   │   │   └─ ← [Return] 10541744175012633967 [1.054e19]
    │   │   ├─ [3517] 0x0025B42bfc22CbbA6c02d23d4Ec2aBFcf6E014d4::burn(10541744175012633967 [1.054e19])
    │   │   │   ├─ emit Transfer(from: ContractTest: [0x7FA9385bE102ac3EAc297483Dd6233D62b3e1496], to: 0x0000000000000000000000000000000000000000, value: 10541744175012633967 [1.054e19])
    │   │   │   └─ ← [Stop] 
    │   │   ├─ [2402] 0x0025B42bfc22CbbA6c02d23d4Ec2aBFcf6E014d4::balanceOf(0x912DCfBf1105504fB4FF8ce351BEb4d929cE9c24) [staticcall]
    │   │   │   └─ ← [Return] 726014317397942450 [7.26e17]
    │   │   ├─ [2402] 0x0025B42bfc22CbbA6c02d23d4Ec2aBFcf6E014d4::balanceOf(ContractTest: [0x7FA9385bE102ac3EAc297483Dd6233D62b3e1496]) [staticcall]
    │   │   │   └─ ← [Return] 6724132070925074986 [6.724e18]
    │   │   ├─ [3517] 0x0025B42bfc22CbbA6c02d23d4Ec2aBFcf6E014d4::burn(6724132070925074986 [6.724e18])
    │   │   │   ├─ emit Transfer(from: ContractTest: [0x7FA9385bE102ac3EAc297483Dd6233D62b3e1496], to: 0x0000000000000000000000000000000000000000, value: 6724132070925074986 [6.724e18])
    │   │   │   └─ ← [Stop] 
    │   │   ├─ [2402] 0x0025B42bfc22CbbA6c02d23d4Ec2aBFcf6E014d4::balanceOf(0x912DCfBf1105504fB4FF8ce351BEb4d929cE9c24) [staticcall]
    │   │   │   └─ ← [Return] 463093779788146941 [4.63e17]
    │   │   ├─ [2402] 0x0025B42bfc22CbbA6c02d23d4Ec2aBFcf6E014d4::balanceOf(ContractTest: [0x7FA9385bE102ac3EAc297483Dd6233D62b3e1496]) [staticcall]
    │   │   │   └─ ← [Return] 4289039020166598766 [4.289e18]
    │   │   ├─ [3517] 0x0025B42bfc22CbbA6c02d23d4Ec2aBFcf6E014d4::burn(4289039020166598766 [4.289e18])
    │   │   │   ├─ emit Transfer(from: ContractTest: [0x7FA9385bE102ac3EAc297483Dd6233D62b3e1496], to: 0x0000000000000000000000000000000000000000, value: 4289039020166598766 [4.289e18])
    │   │   │   └─ ← [Stop] 
    │   │   ├─ [2402] 0x0025B42bfc22CbbA6c02d23d4Ec2aBFcf6E014d4::balanceOf(0x912DCfBf1105504fB4FF8ce351BEb4d929cE9c24) [staticcall]
    │   │   │   └─ ← [Return] 295387905912226446 [2.953e17]
    │   │   ├─ [2402] 0x0025B42bfc22CbbA6c02d23d4Ec2aBFcf6E014d4::balanceOf(ContractTest: [0x7FA9385bE102ac3EAc297483Dd6233D62b3e1496]) [staticcall]
    │   │   │   └─ ← [Return] 2735796311326889343 [2.735e18]
    │   │   ├─ [3517] 0x0025B42bfc22CbbA6c02d23d4Ec2aBFcf6E014d4::burn(2735796311326889343 [2.735e18])
    │   │   │   ├─ emit Transfer(from: ContractTest: [0x7FA9385bE102ac3EAc297483Dd6233D62b3e1496], to: 0x0000000000000000000000000000000000000000, value: 2735796311326889343 [2.735e18])
    │   │   │   └─ ← [Stop] 
    │   │   ├─ [2402] 0x0025B42bfc22CbbA6c02d23d4Ec2aBFcf6E014d4::balanceOf(0x912DCfBf1105504fB4FF8ce351BEb4d929cE9c24) [staticcall]
    │   │   │   └─ ← [Return] 188415432829019490 [1.884e17]
    │   │   ├─ [2402] 0x0025B42bfc22CbbA6c02d23d4Ec2aBFcf6E014d4::balanceOf(ContractTest: [0x7FA9385bE102ac3EAc297483Dd6233D62b3e1496]) [staticcall]
    │   │   │   └─ ← [Return] 1745048581250513104 [1.745e18]
    │   │   ├─ [3517] 0x0025B42bfc22CbbA6c02d23d4Ec2aBFcf6E014d4::burn(1745048581250513104 [1.745e18])
    │   │   │   ├─ emit Transfer(from: ContractTest: [0x7FA9385bE102ac3EAc297483Dd6233D62b3e1496], to: 0x0000000000000000000000000000000000000000, value: 1745048581250513104 [1.745e18])
    │   │   │   └─ ← [Stop] 
    │   │   ├─ [2402] 0x0025B42bfc22CbbA6c02d23d4Ec2aBFcf6E014d4::balanceOf(0x912DCfBf1105504fB4FF8ce351BEb4d929cE9c24) [staticcall]
    │   │   │   └─ ← [Return] 120182223502053521 [1.201e17]
    │   │   ├─ [2402] 0x0025B42bfc22CbbA6c02d23d4Ec2aBFcf6E014d4::balanceOf(ContractTest: [0x7FA9385bE102ac3EAc297483Dd6233D62b3e1496]) [staticcall]
    │   │   │   └─ ← [Return] 1113092571371835049 [1.113e18]
    │   │   ├─ [3517] 0x0025B42bfc22CbbA6c02d23d4Ec2aBFcf6E014d4::burn(1113092571371835049 [1.113e18])
    │   │   │   ├─ emit Transfer(from: ContractTest: [0x7FA9385bE102ac3EAc297483Dd6233D62b3e1496], to: 0x0000000000000000000000000000000000000000, value: 1113092571371835049 [1.113e18])
    │   │   │   └─ ← [Stop] 
    │   │   ├─ [2402] 0x0025B42bfc22CbbA6c02d23d4Ec2aBFcf6E014d4::balanceOf(0x912DCfBf1105504fB4FF8ce351BEb4d929cE9c24) [staticcall]
    │   │   │   └─ ← [Return] 76659149566610959 [7.665e16]
    │   │   ├─ [2402] 0x0025B42bfc22CbbA6c02d23d4Ec2aBFcf6E014d4::balanceOf(ContractTest: [0x7FA9385bE102ac3EAc297483Dd6233D62b3e1496]) [staticcall]
    │   │   │   └─ ← [Return] 709994601729257388 [7.099e17]
    │   │   ├─ [3517] 0x0025B42bfc22CbbA6c02d23d4Ec2aBFcf6E014d4::burn(709994601729257388 [7.099e17])
    │   │   │   ├─ emit Transfer(from: ContractTest: [0x7FA9385bE102ac3EAc297483Dd6233D62b3e1496], to: 0x0000000000000000000000000000000000000000, value: 709994601729257388 [7.099e17])
    │   │   │   └─ ← [Stop] 
    │   │   ├─ [2402] 0x0025B42bfc22CbbA6c02d23d4Ec2aBFcf6E014d4::balanceOf(0x912DCfBf1105504fB4FF8ce351BEb4d929cE9c24) [staticcall]
    │   │   │   └─ ← [Return] 48897624299450716 [4.889e16]
    │   │   ├─ [2402] 0x0025B42bfc22CbbA6c02d23d4Ec2aBFcf6E014d4::balanceOf(ContractTest: [0x7FA9385bE102ac3EAc297483Dd6233D62b3e1496]) [staticcall]
    │   │   │   └─ ← [Return] 452875481743100988 [4.528e17]
    │   │   ├─ [3517] 0x0025B42bfc22CbbA6c02d23d4Ec2aBFcf6E014d4::burn(452875481743100988 [4.528e17])
    │   │   │   ├─ emit Transfer(from: ContractTest: [0x7FA9385bE102ac3EAc297483Dd6233D62b3e1496], to: 0x0000000000000000000000000000000000000000, value: 452875481743100988 [4.528e17])
    │   │   │   └─ ← [Stop] 
    │   │   ├─ [2402] 0x0025B42bfc22CbbA6c02d23d4Ec2aBFcf6E014d4::balanceOf(0x912DCfBf1105504fB4FF8ce351BEb4d929cE9c24) [staticcall]
    │   │   │   └─ ← [Return] 31189723283489542 [3.118e16]
    │   │   ├─ [2402] 0x0025B42bfc22CbbA6c02d23d4Ec2aBFcf6E014d4::balanceOf(ContractTest: [0x7FA9385bE102ac3EAc297483Dd6233D62b3e1496]) [staticcall]
    │   │   │   └─ ← [Return] 288870086426734887 [2.888e17]
    │   │   ├─ [3517] 0x0025B42bfc22CbbA6c02d23d4Ec2aBFcf6E014d4::burn(288870086426734887 [2.888e17])
    │   │   │   ├─ emit Transfer(from: ContractTest: [0x7FA9385bE102ac3EAc297483Dd6233D62b3e1496], to: 0x0000000000000000000000000000000000000000, value: 288870086426734887 [2.888e17])
    │   │   │   └─ ← [Stop] 
    │   │   ├─ [2402] 0x0025B42bfc22CbbA6c02d23d4Ec2aBFcf6E014d4::balanceOf(0x912DCfBf1105504fB4FF8ce351BEb4d929cE9c24) [staticcall]
    │   │   │   └─ ← [Return] 19894603315351202 [1.989e16]
    │   │   ├─ [2402] 0x0025B42bfc22CbbA6c02d23d4Ec2aBFcf6E014d4::balanceOf(ContractTest: [0x7FA9385bE102ac3EAc297483Dd6233D62b3e1496]) [staticcall]
    │   │   │   └─ ← [Return] 184257991867894891 [1.842e17]
    │   │   ├─ [3517] 0x0025B42bfc22CbbA6c02d23d4Ec2aBFcf6E014d4::burn(184257991867894891 [1.842e17])
    │   │   │   ├─ emit Transfer(from: ContractTest: [0x7FA9385bE102ac3EAc297483Dd6233D62b3e1496], to: 0x0000000000000000000000000000000000000000, value: 184257991867894891 [1.842e17])
    │   │   │   └─ ← [Stop] 
    │   │   ├─ [2402] 0x0025B42bfc22CbbA6c02d23d4Ec2aBFcf6E014d4::balanceOf(0x912DCfBf1105504fB4FF8ce351BEb4d929cE9c24) [staticcall]
    │   │   │   └─ ← [Return] 12689924738277479 [1.268e16]
    │   │   ├─ [2402] 0x0025B42bfc22CbbA6c02d23d4Ec2aBFcf6E014d4::balanceOf(ContractTest: [0x7FA9385bE102ac3EAc297483Dd6233D62b3e1496]) [staticcall]
    │   │   │   └─ ← [Return] 117530368018220175 [1.175e17]
    │   │   ├─ [3517] 0x0025B42bfc22CbbA6c02d23d4Ec2aBFcf6E014d4::burn(117530368018220175 [1.175e17])
    │   │   │   ├─ emit Transfer(from: ContractTest: [0x7FA9385bE102ac3EAc297483Dd6233D62b3e1496], to: 0x0000000000000000000000000000000000000000, value: 117530368018220175 [1.175e17])
    │   │   │   └─ ← [Stop] 
    │   │   ├─ [2402] 0x0025B42bfc22CbbA6c02d23d4Ec2aBFcf6E014d4::balanceOf(0x912DCfBf1105504fB4FF8ce351BEb4d929cE9c24) [staticcall]
    │   │   │   └─ ← [Return] 8094365457334276 [8.094e15]
    │   │   ├─ [2402] 0x0025B42bfc22CbbA6c02d23d4Ec2aBFcf6E014d4::balanceOf(ContractTest: [0x7FA9385bE102ac3EAc297483Dd6233D62b3e1496]) [staticcall]
    │   │   │   └─ ← [Return] 74967643283564495 [7.496e16]
    │   │   ├─ [3517] 0x0025B42bfc22CbbA6c02d23d4Ec2aBFcf6E014d4::burn(74967643283564495 [7.496e16])
    │   │   │   ├─ emit Transfer(from: ContractTest: [0x7FA9385bE102ac3EAc297483Dd6233D62b3e1496], to: 0x0000000000000000000000000000000000000000, value: 74967643283564495 [7.496e16])
    │   │   │   └─ ← [Stop] 
    │   │   ├─ [2402] 0x0025B42bfc22CbbA6c02d23d4Ec2aBFcf6E014d4::balanceOf(0x912DCfBf1105504fB4FF8ce351BEb4d929cE9c24) [staticcall]
    │   │   │   └─ ← [Return] 5163052855566407 [5.163e15]
    │   │   ├─ [2402] 0x0025B42bfc22CbbA6c02d23d4Ec2aBFcf6E014d4::balanceOf(ContractTest: [0x7FA9385bE102ac3EAc297483Dd6233D62b3e1496]) [staticcall]
    │   │   │   └─ ← [Return] 47818684092102119 [4.781e16]
    │   │   ├─ [3517] 0x0025B42bfc22CbbA6c02d23d4Ec2aBFcf6E014d4::burn(47818684092102119 [4.781e16])
    │   │   │   ├─ emit Transfer(from: ContractTest: [0x7FA9385bE102ac3EAc297483Dd6233D62b3e1496], to: 0x0000000000000000000000000000000000000000, value: 47818684092102119 [4.781e16])
    │   │   │   └─ ← [Stop] 
    │   │   ├─ [2402] 0x0025B42bfc22CbbA6c02d23d4Ec2aBFcf6E014d4::balanceOf(0x912DCfBf1105504fB4FF8ce351BEb4d929cE9c24) [staticcall]
    │   │   │   └─ ← [Return] 3293292714528785 [3.293e15]
    │   │   ├─ [2402] 0x0025B42bfc22CbbA6c02d23d4Ec2aBFcf6E014d4::balanceOf(ContractTest: [0x7FA9385bE102ac3EAc297483Dd6233D62b3e1496]) [staticcall]
    │   │   │   └─ ← [Return] 30501513028108862 [3.05e16]
    │   │   ├─ [3517] 0x0025B42bfc22CbbA6c02d23d4Ec2aBFcf6E014d4::burn(30501513028108862 [3.05e16])
    │   │   │   ├─ emit Transfer(from: ContractTest: [0x7FA9385bE102ac3EAc297483Dd6233D62b3e1496], to: 0x0000000000000000000000000000000000000000, value: 30501513028108862 [3.05e16])
    │   │   │   └─ ← [Stop] 
    │   │   ├─ [2402] 0x0025B42bfc22CbbA6c02d23d4Ec2aBFcf6E014d4::balanceOf(0x912DCfBf1105504fB4FF8ce351BEb4d929cE9c24) [staticcall]
    │   │   │   └─ ← [Return] 2100651921832505 [2.1e15]
    │   │   ├─ [2402] 0x0025B42bfc22CbbA6c02d23d4Ec2aBFcf6E014d4::balanceOf(ContractTest: [0x7FA9385bE102ac3EAc297483Dd6233D62b3e1496]) [staticcall]
    │   │   │   └─ ← [Return] 19455623145379545 [1.945e16]
    │   │   ├─ [3517] 0x0025B42bfc22CbbA6c02d23d4Ec2aBFcf6E014d4::burn(19455623145379545 [1.945e16])
    │   │   │   ├─ emit Transfer(from: ContractTest: [0x7FA9385bE102ac3EAc297483Dd6233D62b3e1496], to: 0x0000000000000000000000000000000000000000, value: 19455623145379545 [1.945e16])
    │   │   │   └─ ← [Stop] 
    │   │   ├─ [2402] 0x0025B42bfc22CbbA6c02d23d4Ec2aBFcf6E014d4::balanceOf(0x912DCfBf1105504fB4FF8ce351BEb4d929cE9c24) [staticcall]
    │   │   │   └─ ← [Return] 1339916879307822 [1.339e15]
    │   │   ├─ [2402] 0x0025B42bfc22CbbA6c02d23d4Ec2aBFcf6E014d4::balanceOf(ContractTest: [0x7FA9385bE102ac3EAc297483Dd6233D62b3e1496]) [staticcall]
    │   │   │   └─ ← [Return] 12409917882637481 [1.24e16]
    │   │   ├─ [3517] 0x0025B42bfc22CbbA6c02d23d4Ec2aBFcf6E014d4::burn(12409917882637481 [1.24e16])
    │   │   │   ├─ emit Transfer(from: ContractTest: [0x7FA9385bE102ac3EAc297483Dd6233D62b3e1496], to: 0x0000000000000000000000000000000000000000, value: 12409917882637481 [1.24e16])
    │   │   │   └─ ← [Stop] 
    │   │   ├─ [2402] 0x0025B42bfc22CbbA6c02d23d4Ec2aBFcf6E014d4::balanceOf(0x912DCfBf1105504fB4FF8ce351BEb4d929cE9c24) [staticcall]
    │   │   │   └─ ← [Return] 854676219698413 [8.546e14]
    │   │   ├─ [2402] 0x0025B42bfc22CbbA6c02d23d4Ec2aBFcf6E014d4::balanceOf(ContractTest: [0x7FA9385bE102ac3EAc297483Dd6233D62b3e1496]) [staticcall]
    │   │   │   └─ ← [Return] 7915760944947165 [7.915e15]
    │   │   ├─ [3517] 0x0025B42bfc22CbbA6c02d23d4Ec2aBFcf6E014d4::burn(7915760944947165 [7.915e15])
    │   │   │   ├─ emit Transfer(from: ContractTest: [0x7FA9385bE102ac3EAc297483Dd6233D62b3e1496], to: 0x0000000000000000000000000000000000000000, value: 7915760944947165 [7.915e15])
    │   │   │   └─ ← [Stop] 
    │   │   ├─ [2402] 0x0025B42bfc22CbbA6c02d23d4Ec2aBFcf6E014d4::balanceOf(0x912DCfBf1105504fB4FF8ce351BEb4d929cE9c24) [staticcall]
    │   │   │   └─ ← [Return] 545161757269092 [5.451e14]
    │   │   ├─ [2402] 0x0025B42bfc22CbbA6c02d23d4Ec2aBFcf6E014d4::balanceOf(ContractTest: [0x7FA9385bE102ac3EAc297483Dd6233D62b3e1496]) [staticcall]
    │   │   │   └─ ← [Return] 5049128602632934 [5.049e15]
    │   │   ├─ [3517] 0x0025B42bfc22CbbA6c02d23d4Ec2aBFcf6E014d4::burn(5049128602632934 [5.049e15])
    │   │   │   ├─ emit Transfer(from: ContractTest: [0x7FA9385bE102ac3EAc297483Dd6233D62b3e1496], to: 0x0000000000000000000000000000000000000000, value: 5049128602632934 [5.049e15])
    │   │   │   └─ ← [Stop] 
    │   │   ├─ [2402] 0x0025B42bfc22CbbA6c02d23d4Ec2aBFcf6E014d4::balanceOf(0x912DCfBf1105504fB4FF8ce351BEb4d929cE9c24) [staticcall]
    │   │   │   └─ ← [Return] 347735592425395 [3.477e14]
    │   │   ├─ [2402] 0x0025B42bfc22CbbA6c02d23d4Ec2aBFcf6E014d4::balanceOf(ContractTest: [0x7FA9385bE102ac3EAc297483Dd6233D62b3e1496]) [staticcall]
    │   │   │   └─ ← [Return] 3220625259306156 [3.22e15]
    │   │   ├─ [3517] 0x0025B42bfc22CbbA6c02d23d4Ec2aBFcf6E014d4::burn(3220625259306156 [3.22e15])
    │   │   │   ├─ emit Transfer(from: ContractTest: [0x7FA9385bE102ac3EAc297483Dd6233D62b3e1496], to: 0x0000000000000000000000000000000000000000, value: 3220625259306156 [3.22e15])
    │   │   │   └─ ← [Stop] 
    │   │   ├─ [2402] 0x0025B42bfc22CbbA6c02d23d4Ec2aBFcf6E014d4::balanceOf(0x912DCfBf1105504fB4FF8ce351BEb4d929cE9c24) [staticcall]
    │   │   │   └─ ← [Return] 221805804657266 [2.218e14]
    │   │   ├─ [2402] 0x0025B42bfc22CbbA6c02d23d4Ec2aBFcf6E014d4::balanceOf(ContractTest: [0x7FA9385bE102ac3EAc297483Dd6233D62b3e1496]) [staticcall]
    │   │   │   └─ ← [Return] 2054300430270682 [2.054e15]
    │   │   ├─ [3517] 0x0025B42bfc22CbbA6c02d23d4Ec2aBFcf6E014d4::burn(2054300430270682 [2.054e15])
    │   │   │   ├─ emit Transfer(from: ContractTest: [0x7FA9385bE102ac3EAc297483Dd6233D62b3e1496], to: 0x0000000000000000000000000000000000000000, value: 2054300430270682 [2.054e15])
    │   │   │   └─ ← [Stop] 
    │   │   ├─ [2402] 0x0025B42bfc22CbbA6c02d23d4Ec2aBFcf6E014d4::balanceOf(0x912DCfBf1105504fB4FF8ce351BEb4d929cE9c24) [staticcall]
    │   │   │   └─ ← [Return] 141480527306714 [1.414e14]
    │   │   ├─ [2402] 0x0025B42bfc22CbbA6c02d23d4Ec2aBFcf6E014d4::balanceOf(ContractTest: [0x7FA9385bE102ac3EAc297483Dd6233D62b3e1496]) [staticcall]
    │   │   │   └─ ← [Return] 1310351226245890 [1.31e15]
    │   │   ├─ [3517] 0x0025B42bfc22CbbA6c02d23d4Ec2aBFcf6E014d4::burn(1310351226245890 [1.31e15])
    │   │   │   ├─ emit Transfer(from: ContractTest: [0x7FA9385bE102ac3EAc297483Dd6233D62b3e1496], to: 0x0000000000000000000000000000000000000000, value: 1310351226245890 [1.31e15])
    │   │   │   └─ ← [Stop] 
    │   │   ├─ [2402] 0x0025B42bfc22CbbA6c02d23d4Ec2aBFcf6E014d4::balanceOf(0x912DCfBf1105504fB4FF8ce351BEb4d929cE9c24) [staticcall]
    │   │   │   └─ ← [Return] 90244435387593 [9.024e13]
    │   │   ├─ [2402] 0x0025B42bfc22CbbA6c02d23d4Ec2aBFcf6E014d4::balanceOf(ContractTest: [0x7FA9385bE102ac3EAc297483Dd6233D62b3e1496]) [staticcall]
    │   │   │   └─ ← [Return] 835817541983315 [8.358e14]
    │   │   ├─ [3517] 0x0025B42bfc22CbbA6c02d23d4Ec2aBFcf6E014d4::burn(835817541983315 [8.358e14])
    │   │   │   ├─ emit Transfer(from: ContractTest: [0x7FA9385bE102ac3EAc297483Dd6233D62b3e1496], to: 0x0000000000000000000000000000000000000000, value: 835817541983315 [8.358e14])
    │   │   │   └─ ← [Stop] 
    │   │   ├─ [2402] 0x0025B42bfc22CbbA6c02d23d4Ec2aBFcf6E014d4::balanceOf(0x912DCfBf1105504fB4FF8ce351BEb4d929cE9c24) [staticcall]
    │   │   │   └─ ← [Return] 57563102664793 [5.756e13]
    │   │   ├─ [2402] 0x0025B42bfc22CbbA6c02d23d4Ec2aBFcf6E014d4::balanceOf(ContractTest: [0x7FA9385bE102ac3EAc297483Dd6233D62b3e1496]) [staticcall]
    │   │   │   └─ ← [Return] 533132605590387 [5.331e14]
    │   │   ├─ [3517] 0x0025B42bfc22CbbA6c02d23d4Ec2aBFcf6E014d4::burn(533132605590387 [5.331e14])
    │   │   │   ├─ emit Transfer(from: ContractTest: [0x7FA9385bE102ac3EAc297483Dd6233D62b3e1496], to: 0x0000000000000000000000000000000000000000, value: 533132605590387 [5.331e14])
    │   │   │   └─ ← [Stop] 
    │   │   ├─ [2402] 0x0025B42bfc22CbbA6c02d23d4Ec2aBFcf6E014d4::balanceOf(0x912DCfBf1105504fB4FF8ce351BEb4d929cE9c24) [staticcall]
    │   │   │   └─ ← [Return] 36717064871271 [3.671e13]
    │   │   ├─ [2402] 0x0025B42bfc22CbbA6c02d23d4Ec2aBFcf6E014d4::balanceOf(ContractTest: [0x7FA9385bE102ac3EAc297483Dd6233D62b3e1496]) [staticcall]
    │   │   │   └─ ← [Return] 340062706113040 [3.4e14]
    │   │   ├─ [3517] 0x0025B42bfc22CbbA6c02d23d4Ec2aBFcf6E014d4::burn(340062706113040 [3.4e14])
    │   │   │   ├─ emit Transfer(from: ContractTest: [0x7FA9385bE102ac3EAc297483Dd6233D62b3e1496], to: 0x0000000000000000000000000000000000000000, value: 340062706113040 [3.4e14])
    │   │   │   └─ ← [Stop] 
    │   │   ├─ [2402] 0x0025B42bfc22CbbA6c02d23d4Ec2aBFcf6E014d4::balanceOf(0x912DCfBf1105504fB4FF8ce351BEb4d929cE9c24) [staticcall]
    │   │   │   └─ ← [Return] 23420260381234 [2.342e13]
    │   │   ├─ [2402] 0x0025B42bfc22CbbA6c02d23d4Ec2aBFcf6E014d4::balanceOf(ContractTest: [0x7FA9385bE102ac3EAc297483Dd6233D62b3e1496]) [staticcall]
    │   │   │   └─ ← [Return] 216911595494824 [2.169e14]
    │   │   ├─ [3517] 0x0025B42bfc22CbbA6c02d23d4Ec2aBFcf6E014d4::burn(216911595494824 [2.169e14])
    │   │   │   ├─ emit Transfer(from: ContractTest: [0x7FA9385bE102ac3EAc297483Dd6233D62b3e1496], to: 0x0000000000000000000000000000000000000000, value: 216911595494824 [2.169e14])
    │   │   │   └─ ← [Stop] 
    │   │   ├─ [2402] 0x0025B42bfc22CbbA6c02d23d4Ec2aBFcf6E014d4::balanceOf(0x912DCfBf1105504fB4FF8ce351BEb4d929cE9c24) [staticcall]
    │   │   │   └─ ← [Return] 14938792037104 [1.493e13]
    │   │   ├─ [2402] 0x0025B42bfc22CbbA6c02d23d4Ec2aBFcf6E014d4::balanceOf(ContractTest: [0x7FA9385bE102ac3EAc297483Dd6233D62b3e1496]) [staticcall]
    │   │   │   └─ ← [Return] 138358718596064 [1.383e14]
    │   │   ├─ [3517] 0x0025B42bfc22CbbA6c02d23d4Ec2aBFcf6E014d4::burn(138358718596064 [1.383e14])
    │   │   │   ├─ emit Transfer(from: ContractTest: [0x7FA9385bE102ac3EAc297483Dd6233D62b3e1496], to: 0x0000000000000000000000000000000000000000, value: 138358718596064 [1.383e14])
    │   │   │   └─ ← [Stop] 
    │   │   ├─ [2402] 0x0025B42bfc22CbbA6c02d23d4Ec2aBFcf6E014d4::balanceOf(0x912DCfBf1105504fB4FF8ce351BEb4d929cE9c24) [staticcall]
    │   │   │   └─ ← [Return] 9528822647363 [9.528e12]
    │   │   ├─ [2402] 0x0025B42bfc22CbbA6c02d23d4Ec2aBFcf6E014d4::balanceOf(ContractTest: [0x7FA9385bE102ac3EAc297483Dd6233D62b3e1496]) [staticcall]
    │   │   │   └─ ← [Return] 88253165847935 [8.825e13]
    │   │   ├─ [3517] 0x0025B42bfc22CbbA6c02d23d4Ec2aBFcf6E014d4::burn(88253165847935 [8.825e13])
    │   │   │   ├─ emit Transfer(from: ContractTest: [0x7FA9385bE102ac3EAc297483Dd6233D62b3e1496], to: 0x0000000000000000000000000000000000000000, value: 88253165847935 [8.825e13])
    │   │   │   └─ ← [Stop] 
    │   │   ├─ [2402] 0x0025B42bfc22CbbA6c02d23d4Ec2aBFcf6E014d4::balanceOf(0x912DCfBf1105504fB4FF8ce351BEb4d929cE9c24) [staticcall]
    │   │   │   └─ ← [Return] 6078032334836 [6.078e12]
    │   │   ├─ [2402] 0x0025B42bfc22CbbA6c02d23d4Ec2aBFcf6E014d4::balanceOf(ContractTest: [0x7FA9385bE102ac3EAc297483Dd6233D62b3e1496]) [staticcall]
    │   │   │   └─ ← [Return] 56292956173741 [5.629e13]
    │   │   ├─ [3517] 0x0025B42bfc22CbbA6c02d23d4Ec2aBFcf6E014d4::burn(56292956173741 [5.629e13])
    │   │   │   ├─ emit Transfer(from: ContractTest: [0x7FA9385bE102ac3EAc297483Dd6233D62b3e1496], to: 0x0000000000000000000000000000000000000000, value: 56292956173741 [5.629e13])
    │   │   │   └─ ← [Stop] 
    │   │   ├─ [2402] 0x0025B42bfc22CbbA6c02d23d4Ec2aBFcf6E014d4::balanceOf(0x912DCfBf1105504fB4FF8ce351BEb4d929cE9c24) [staticcall]
    │   │   │   └─ ← [Return] 3876919366689 [3.876e12]
    │   │   ├─ [2402] 0x0025B42bfc22CbbA6c02d23d4Ec2aBFcf6E014d4::balanceOf(ContractTest: [0x7FA9385bE102ac3EAc297483Dd6233D62b3e1496]) [staticcall]
    │   │   │   └─ ← [Return] 35906892226833 [3.59e13]
    │   │   ├─ [3517] 0x0025B42bfc22CbbA6c02d23d4Ec2aBFcf6E014d4::burn(35906892226833 [3.59e13])
    │   │   │   ├─ emit Transfer(from: ContractTest: [0x7FA9385bE102ac3EAc297483Dd6233D62b3e1496], to: 0x0000000000000000000000000000000000000000, value: 35906892226833 [3.59e13])
    │   │   │   └─ ← [Stop] 
    │   │   ├─ [2402] 0x0025B42bfc22CbbA6c02d23d4Ec2aBFcf6E014d4::balanceOf(0x912DCfBf1105504fB4FF8ce351BEb4d929cE9c24) [staticcall]
    │   │   │   └─ ← [Return] 2472922641372 [2.472e12]
    │   │   ├─ [2402] 0x0025B42bfc22CbbA6c02d23d4Ec2aBFcf6E014d4::balanceOf(ContractTest: [0x7FA9385bE102ac3EAc297483Dd6233D62b3e1496]) [staticcall]
    │   │   │   └─ ← [Return] 22903485569494 [2.29e13]
    │   │   ├─ [3517] 0x0025B42bfc22CbbA6c02d23d4Ec2aBFcf6E014d4::burn(22903485569494 [2.29e13])
    │   │   │   ├─ emit Transfer(from: ContractTest: [0x7FA9385bE102ac3EAc297483Dd6233D62b3e1496], to: 0x0000000000000000000000000000000000000000, value: 22903485569494 [2.29e13])
    │   │   │   └─ ← [Stop] 
    │   │   ├─ [2402] 0x0025B42bfc22CbbA6c02d23d4Ec2aBFcf6E014d4::balanceOf(0x912DCfBf1105504fB4FF8ce351BEb4d929cE9c24) [staticcall]
    │   │   │   └─ ← [Return] 1577372602266 [1.577e12]
    │   │   ├─ [2402] 0x0025B42bfc22CbbA6c02d23d4Ec2aBFcf6E014d4::balanceOf(ContractTest: [0x7FA9385bE102ac3EAc297483Dd6233D62b3e1496]) [staticcall]
    │   │   │   └─ ← [Return] 14609163274788 [1.46e13]
    │   │   ├─ [3517] 0x0025B42bfc22CbbA6c02d23d4Ec2aBFcf6E014d4::burn(14609163274788 [1.46e13])
    │   │   │   ├─ emit Transfer(from: ContractTest: [0x7FA9385bE102ac3EAc297483Dd6233D62b3e1496], to: 0x0000000000000000000000000000000000000000, value: 14609163274788 [1.46e13])
    │   │   │   └─ ← [Stop] 
    │   │   ├─ [2402] 0x0025B42bfc22CbbA6c02d23d4Ec2aBFcf6E014d4::balanceOf(0x912DCfBf1105504fB4FF8ce351BEb4d929cE9c24) [staticcall]
    │   │   │   └─ ← [Return] 1006139166974 [1.006e12]
    │   │   ├─ [2402] 0x0025B42bfc22CbbA6c02d23d4Ec2aBFcf6E014d4::balanceOf(ContractTest: [0x7FA9385bE102ac3EAc297483Dd6233D62b3e1496]) [staticcall]
    │   │   │   └─ ← [Return] 9318566422645 [9.318e12]
    │   │   ├─ [3517] 0x0025B42bfc22CbbA6c02d23d4Ec2aBFcf6E014d4::burn(9318566422645 [9.318e12])
    │   │   │   ├─ emit Transfer(from: ContractTest: [0x7FA9385bE102ac3EAc297483Dd6233D62b3e1496], to: 0x0000000000000000000000000000000000000000, value: 9318566422645 [9.318e12])
    │   │   │   └─ ← [Stop] 
    │   │   ├─ [2402] 0x0025B42bfc22CbbA6c02d23d4Ec2aBFcf6E014d4::balanceOf(0x912DCfBf1105504fB4FF8ce351BEb4d929cE9c24) [staticcall]
    │   │   │   └─ ← [Return] 641773555509 [6.417e11]
    │   │   ├─ [2402] 0x0025B42bfc22CbbA6c02d23d4Ec2aBFcf6E014d4::balanceOf(ContractTest: [0x7FA9385bE102ac3EAc297483Dd6233D62b3e1496]) [staticcall]
    │   │   │   └─ ← [Return] 5943918795343 [5.943e12]
    │   │   ├─ [3517] 0x0025B42bfc22CbbA6c02d23d4Ec2aBFcf6E014d4::burn(5943918795343 [5.943e12])
    │   │   │   ├─ emit Transfer(from: ContractTest: [0x7FA9385bE102ac3EAc297483Dd6233D62b3e1496], to: 0x0000000000000000000000000000000000000000, value: 5943918795343 [5.943e12])
    │   │   │   └─ ← [Stop] 
    │   │   ├─ [2402] 0x0025B42bfc22CbbA6c02d23d4Ec2aBFcf6E014d4::balanceOf(0x912DCfBf1105504fB4FF8ce351BEb4d929cE9c24) [staticcall]
    │   │   │   └─ ← [Return] 409360166138 [4.093e11]
    │   │   ├─ [2402] 0x0025B42bfc22CbbA6c02d23d4Ec2aBFcf6E014d4::balanceOf(ContractTest: [0x7FA9385bE102ac3EAc297483Dd6233D62b3e1496]) [staticcall]
    │   │   │   └─ ← [Return] 3791374020769 [3.791e12]
    │   │   ├─ [3517] 0x0025B42bfc22CbbA6c02d23d4Ec2aBFcf6E014d4::burn(3791374020769 [3.791e12])
    │   │   │   ├─ emit Transfer(from: ContractTest: [0x7FA9385bE102ac3EAc297483Dd6233D62b3e1496], to: 0x0000000000000000000000000000000000000000, value: 3791374020769 [3.791e12])
    │   │   │   └─ ← [Stop] 
    │   │   ├─ [2402] 0x0025B42bfc22CbbA6c02d23d4Ec2aBFcf6E014d4::balanceOf(0x912DCfBf1105504fB4FF8ce351BEb4d929cE9c24) [staticcall]
    │   │   │   └─ ← [Return] 261113509870 [2.611e11]
    │   │   ├─ [2402] 0x0025B42bfc22CbbA6c02d23d4Ec2aBFcf6E014d4::balanceOf(ContractTest: [0x7FA9385bE102ac3EAc297483Dd6233D62b3e1496]) [staticcall]
    │   │   │   └─ ← [Return] 2418356888830 [2.418e12]
    │   │   ├─ [3517] 0x0025B42bfc22CbbA6c02d23d4Ec2aBFcf6E014d4::burn(2418356888830 [2.418e12])
    │   │   │   ├─ emit Transfer(from: ContractTest: [0x7FA9385bE102ac3EAc297483Dd6233D62b3e1496], to: 0x0000000000000000000000000000000000000000, value: 2418356888830 [2.418e12])
    │   │   │   └─ ← [Stop] 
    │   │   ├─ [2402] 0x0025B42bfc22CbbA6c02d23d4Ec2aBFcf6E014d4::balanceOf(0x912DCfBf1105504fB4FF8ce351BEb4d929cE9c24) [staticcall]
    │   │   │   └─ ← [Return] 166553247424 [1.665e11]
    │   │   ├─ [2402] 0x0025B42bfc22CbbA6c02d23d4Ec2aBFcf6E014d4::balanceOf(ContractTest: [0x7FA9385bE102ac3EAc297483Dd6233D62b3e1496]) [staticcall]
    │   │   │   └─ ← [Return] 1542567420074 [1.542e12]
    │   │   ├─ [3517] 0x0025B42bfc22CbbA6c02d23d4Ec2aBFcf6E014d4::burn(1542567420074 [1.542e12])
    │   │   │   ├─ emit Transfer(from: ContractTest: [0x7FA9385bE102ac3EAc297483Dd6233D62b3e1496], to: 0x0000000000000000000000000000000000000000, value: 1542567420074 [1.542e12])
    │   │   │   └─ ← [Stop] 
    │   │   ├─ [2402] 0x0025B42bfc22CbbA6c02d23d4Ec2aBFcf6E014d4::balanceOf(0x912DCfBf1105504fB4FF8ce351BEb4d929cE9c24) [staticcall]
    │   │   │   └─ ← [Return] 106237261494 [1.062e11]
    │   │   ├─ [2402] 0x0025B42bfc22CbbA6c02d23d4Ec2aBFcf6E014d4::balanceOf(ContractTest: [0x7FA9385bE102ac3EAc297483Dd6233D62b3e1496]) [staticcall]
    │   │   │   └─ ← [Return] 983938415567 [9.839e11]
    │   │   ├─ [3517] 0x0025B42bfc22CbbA6c02d23d4Ec2aBFcf6E014d4::burn(983938415567 [9.839e11])
    │   │   │   ├─ emit Transfer(from: ContractTest: [0x7FA9385bE102ac3EAc297483Dd6233D62b3e1496], to: 0x0000000000000000000000000000000000000000, value: 983938415567 [9.839e11])
    │   │   │   └─ ← [Stop] 
    │   │   ├─ [2402] 0x0025B42bfc22CbbA6c02d23d4Ec2aBFcf6E014d4::balanceOf(0x912DCfBf1105504fB4FF8ce351BEb4d929cE9c24) [staticcall]
    │   │   │   └─ ← [Return] 67764248997 [6.776e10]
    │   │   ├─ [2402] 0x0025B42bfc22CbbA6c02d23d4Ec2aBFcf6E014d4::balanceOf(ContractTest: [0x7FA9385bE102ac3EAc297483Dd6233D62b3e1496]) [staticcall]
    │   │   │   └─ ← [Return] 627612636590 [6.276e11]
    │   │   ├─ [3517] 0x0025B42bfc22CbbA6c02d23d4Ec2aBFcf6E014d4::burn(627612636590 [6.276e11])
    │   │   │   ├─ emit Transfer(from: ContractTest: [0x7FA9385bE102ac3EAc297483Dd6233D62b3e1496], to: 0x0000000000000000000000000000000000000000, value: 627612636590 [6.276e11])
    │   │   │   └─ ← [Stop] 
    │   │   ├─ [2402] 0x0025B42bfc22CbbA6c02d23d4Ec2aBFcf6E014d4::balanceOf(0x912DCfBf1105504fB4FF8ce351BEb4d929cE9c24) [staticcall]
    │   │   │   └─ ← [Return] 43223944005 [4.322e10]
    │   │   ├─ [2402] 0x0025B42bfc22CbbA6c02d23d4Ec2aBFcf6E014d4::balanceOf(ContractTest: [0x7FA9385bE102ac3EAc297483Dd6233D62b3e1496]) [staticcall]
    │   │   │   └─ ← [Return] 400327515803 [4.003e11]
    │   │   ├─ [3517] 0x0025B42bfc22CbbA6c02d23d4Ec2aBFcf6E014d4::burn(400327515803 [4.003e11])
    │   │   │   ├─ emit Transfer(from: ContractTest: [0x7FA9385bE102ac3EAc297483Dd6233D62b3e1496], to: 0x0000000000000000000000000000000000000000, value: 400327515803 [4.003e11])
    │   │   │   └─ ← [Stop] 
    │   │   ├─ [2402] 0x0025B42bfc22CbbA6c02d23d4Ec2aBFcf6E014d4::balanceOf(0x912DCfBf1105504fB4FF8ce351BEb4d929cE9c24) [staticcall]
    │   │   │   └─ ← [Return] 27570722955 [2.757e10]
    │   │   ├─ [2402] 0x0025B42bfc22CbbA6c02d23d4Ec2aBFcf6E014d4::balanceOf(ContractTest: [0x7FA9385bE102ac3EAc297483Dd6233D62b3e1496]) [staticcall]
    │   │   │   └─ ← [Return] 255351964835 [2.553e11]
    │   │   ├─ [3517] 0x0025B42bfc22CbbA6c02d23d4Ec2aBFcf6E014d4::burn(255351964835 [2.553e11])
    │   │   │   ├─ emit Transfer(from: ContractTest: [0x7FA9385bE102ac3EAc297483Dd6233D62b3e1496], to: 0x0000000000000000000000000000000000000000, value: 255351964835 [2.553e11])
    │   │   │   └─ ← [Stop] 
    │   │   ├─ [2402] 0x0025B42bfc22CbbA6c02d23d4Ec2aBFcf6E014d4::balanceOf(0x912DCfBf1105504fB4FF8ce351BEb4d929cE9c24) [staticcall]
    │   │   │   └─ ← [Return] 17586196303 [1.758e10]
    │   │   ├─ [2402] 0x0025B42bfc22CbbA6c02d23d4Ec2aBFcf6E014d4::balanceOf(ContractTest: [0x7FA9385bE102ac3EAc297483Dd6233D62b3e1496]) [staticcall]
    │   │   │   └─ ← [Return] 162878201901 [1.628e11]
    │   │   ├─ [3517] 0x0025B42bfc22CbbA6c02d23d4Ec2aBFcf6E014d4::burn(162878201901 [1.628e11])
    │   │   │   ├─ emit Transfer(from: ContractTest: [0x7FA9385bE102ac3EAc297483Dd6233D62b3e1496], to: 0x0000000000000000000000000000000000000000, value: 162878201901 [1.628e11])
    │   │   │   └─ ← [Stop] 
    │   │   ├─ [2402] 0x0025B42bfc22CbbA6c02d23d4Ec2aBFcf6E014d4::balanceOf(0x912DCfBf1105504fB4FF8ce351BEb4d929cE9c24) [staticcall]
    │   │   │   └─ ← [Return] 11217489687 [1.121e10]
    │   │   ├─ [2402] 0x0025B42bfc22CbbA6c02d23d4Ec2aBFcf6E014d4::balanceOf(ContractTest: [0x7FA9385bE102ac3EAc297483Dd6233D62b3e1496]) [staticcall]
    │   │   │   └─ ← [Return] 103893105626 [1.038e11]
    │   │   ├─ [3517] 0x0025B42bfc22CbbA6c02d23d4Ec2aBFcf6E014d4::burn(103893105626 [1.038e11])
    │   │   │   ├─ emit Transfer(from: ContractTest: [0x7FA9385bE102ac3EAc297483Dd6233D62b3e1496], to: 0x0000000000000000000000000000000000000000, value: 103893105626 [1.038e11])
    │   │   │   └─ ← [Stop] 
    │   │   ├─ [2402] 0x0025B42bfc22CbbA6c02d23d4Ec2aBFcf6E014d4::balanceOf(0x912DCfBf1105504fB4FF8ce351BEb4d929cE9c24) [staticcall]
    │   │   │   └─ ← [Return] 7155161509 [7.155e9]
    │   │   ├─ [2402] 0x0025B42bfc22CbbA6c02d23d4Ec2aBFcf6E014d4::balanceOf(ContractTest: [0x7FA9385bE102ac3EAc297483Dd6233D62b3e1496]) [staticcall]
    │   │   │   └─ ← [Return] 66269011265 [6.626e10]
    │   │   ├─ [3517] 0x0025B42bfc22CbbA6c02d23d4Ec2aBFcf6E014d4::burn(66269011265 [6.626e10])
    │   │   │   ├─ emit Transfer(from: ContractTest: [0x7FA9385bE102ac3EAc297483Dd6233D62b3e1496], to: 0x0000000000000000000000000000000000000000, value: 66269011265 [6.626e10])
    │   │   │   └─ ← [Stop] 
    │   │   ├─ [2402] 0x0025B42bfc22CbbA6c02d23d4Ec2aBFcf6E014d4::balanceOf(0x912DCfBf1105504fB4FF8ce351BEb4d929cE9c24) [staticcall]
    │   │   │   └─ ← [Return] 4563974441 [4.563e9]
    │   │   ├─ [2402] 0x0025B42bfc22CbbA6c02d23d4Ec2aBFcf6E014d4::balanceOf(ContractTest: [0x7FA9385bE102ac3EAc297483Dd6233D62b3e1496]) [staticcall]
    │   │   │   └─ ← [Return] 42270195193 [4.227e10]
    │   │   ├─ [3517] 0x0025B42bfc22CbbA6c02d23d4Ec2aBFcf6E014d4::burn(42270195193 [4.227e10])
    │   │   │   ├─ emit Transfer(from: ContractTest: [0x7FA9385bE102ac3EAc297483Dd6233D62b3e1496], to: 0x0000000000000000000000000000000000000000, value: 42270195193 [4.227e10])
    │   │   │   └─ ← [Stop] 
    │   │   ├─ [2402] 0x0025B42bfc22CbbA6c02d23d4Ec2aBFcf6E014d4::balanceOf(0x912DCfBf1105504fB4FF8ce351BEb4d929cE9c24) [staticcall]
    │   │   │   └─ ← [Return] 2911165970 [2.911e9]
    │   │   ├─ [2402] 0x0025B42bfc22CbbA6c02d23d4Ec2aBFcf6E014d4::balanceOf(ContractTest: [0x7FA9385bE102ac3EAc297483Dd6233D62b3e1496]) [staticcall]
    │   │   │   └─ ← [Return] 26962366988 [2.696e10]
    │   │   ├─ [3517] 0x0025B42bfc22CbbA6c02d23d4Ec2aBFcf6E014d4::burn(26962366988 [2.696e10])
    │   │   │   ├─ emit Transfer(from: ContractTest: [0x7FA9385bE102ac3EAc297483Dd6233D62b3e1496], to: 0x0000000000000000000000000000000000000000, value: 26962366988 [2.696e10])
    │   │   │   └─ ← [Stop] 
    │   │   ├─ [2402] 0x0025B42bfc22CbbA6c02d23d4Ec2aBFcf6E014d4::balanceOf(0x912DCfBf1105504fB4FF8ce351BEb4d929cE9c24) [staticcall]
    │   │   │   └─ ← [Return] 1856909458 [1.856e9]
    │   │   ├─ [2402] 0x0025B42bfc22CbbA6c02d23d4Ec2aBFcf6E014d4::balanceOf(ContractTest: [0x7FA9385bE102ac3EAc297483Dd6233D62b3e1496]) [staticcall]
    │   │   │   └─ ← [Return] 17198151802 [1.719e10]
    │   │   ├─ [3517] 0x0025B42bfc22CbbA6c02d23d4Ec2aBFcf6E014d4::burn(17198151802 [1.719e10])
    │   │   │   ├─ emit Transfer(from: ContractTest: [0x7FA9385bE102ac3EAc297483Dd6233D62b3e1496], to: 0x0000000000000000000000000000000000000000, value: 17198151802 [1.719e10])
    │   │   │   └─ ← [Stop] 
    │   │   ├─ [2402] 0x0025B42bfc22CbbA6c02d23d4Ec2aBFcf6E014d4::balanceOf(0x912DCfBf1105504fB4FF8ce351BEb4d929cE9c24) [staticcall]
    │   │   │   └─ ← [Return] 1184443886 [1.184e9]
    │   │   ├─ [2402] 0x0025B42bfc22CbbA6c02d23d4Ec2aBFcf6E014d4::balanceOf(ContractTest: [0x7FA9385bE102ac3EAc297483Dd6233D62b3e1496]) [staticcall]
    │   │   │   └─ ← [Return] 10969972537 [1.096e10]
    │   │   ├─ [3517] 0x0025B42bfc22CbbA6c02d23d4Ec2aBFcf6E014d4::burn(10969972537 [1.096e10])
    │   │   │   ├─ emit Transfer(from: ContractTest: [0x7FA9385bE102ac3EAc297483Dd6233D62b3e1496], to: 0x0000000000000000000000000000000000000000, value: 10969972537 [1.096e10])
    │   │   │   └─ ← [Stop] 
    │   │   ├─ [2402] 0x0025B42bfc22CbbA6c02d23d4Ec2aBFcf6E014d4::balanceOf(0x912DCfBf1105504fB4FF8ce351BEb4d929cE9c24) [staticcall]
    │   │   │   └─ ← [Return] 755506583 [7.555e8]
    │   │   ├─ [2402] 0x0025B42bfc22CbbA6c02d23d4Ec2aBFcf6E014d4::balanceOf(ContractTest: [0x7FA9385bE102ac3EAc297483Dd6233D62b3e1496]) [staticcall]
    │   │   │   └─ ← [Return] 6997280803 [6.997e9]
    │   │   ├─ [3517] 0x0025B42bfc22CbbA6c02d23d4Ec2aBFcf6E014d4::burn(6997280803 [6.997e9])
    │   │   │   ├─ emit Transfer(from: ContractTest: [0x7FA9385bE102ac3EAc297483Dd6233D62b3e1496], to: 0x0000000000000000000000000000000000000000, value: 6997280803 [6.997e9])
    │   │   │   └─ ← [Stop] 
    │   │   ├─ [2402] 0x0025B42bfc22CbbA6c02d23d4Ec2aBFcf6E014d4::balanceOf(0x912DCfBf1105504fB4FF8ce351BEb4d929cE9c24) [staticcall]
    │   │   │   └─ ← [Return] 481905646 [4.819e8]
    │   │   ├─ [2402] 0x0025B42bfc22CbbA6c02d23d4Ec2aBFcf6E014d4::balanceOf(ContractTest: [0x7FA9385bE102ac3EAc297483Dd6233D62b3e1496]) [staticcall]
    │   │   │   └─ ← [Return] 4463269026 [4.463e9]
    │   │   ├─ [3517] 0x0025B42bfc22CbbA6c02d23d4Ec2aBFcf6E014d4::burn(4463269026 [4.463e9])
    │   │   │   ├─ emit Transfer(from: ContractTest: [0x7FA9385bE102ac3EAc297483Dd6233D62b3e1496], to: 0x0000000000000000000000000000000000000000, value: 4463269026 [4.463e9])
    │   │   │   └─ ← [Stop] 
    │   │   ├─ [2402] 0x0025B42bfc22CbbA6c02d23d4Ec2aBFcf6E014d4::balanceOf(0x912DCfBf1105504fB4FF8ce351BEb4d929cE9c24) [staticcall]
    │   │   │   └─ ← [Return] 307387199 [3.073e8]
    │   │   ├─ [2402] 0x0025B42bfc22CbbA6c02d23d4Ec2aBFcf6E014d4::balanceOf(ContractTest: [0x7FA9385bE102ac3EAc297483Dd6233D62b3e1496]) [staticcall]
    │   │   │   └─ ← [Return] 2846930252 [2.846e9]
    │   │   ├─ [3517] 0x0025B42bfc22CbbA6c02d23d4Ec2aBFcf6E014d4::burn(2846930252 [2.846e9])
    │   │   │   ├─ emit Transfer(from: ContractTest: [0x7FA9385bE102ac3EAc297483Dd6233D62b3e1496], to: 0x0000000000000000000000000000000000000000, value: 2846930252 [2.846e9])
    │   │   │   └─ ← [Stop] 
    │   │   ├─ [2402] 0x0025B42bfc22CbbA6c02d23d4Ec2aBFcf6E014d4::balanceOf(0x912DCfBf1105504fB4FF8ce351BEb4d929cE9c24) [staticcall]
    │   │   │   └─ ← [Return] 196069273 [1.96e8]
    │   │   ├─ [2402] 0x0025B42bfc22CbbA6c02d23d4Ec2aBFcf6E014d4::balanceOf(ContractTest: [0x7FA9385bE102ac3EAc297483Dd6233D62b3e1496]) [staticcall]
    │   │   │   └─ ← [Return] 1815936215 [1.815e9]
    │   │   ├─ [3517] 0x0025B42bfc22CbbA6c02d23d4Ec2aBFcf6E014d4::burn(1815936215 [1.815e9])
    │   │   │   ├─ emit Transfer(from: ContractTest: [0x7FA9385bE102ac3EAc297483Dd6233D62b3e1496], to: 0x0000000000000000000000000000000000000000, value: 1815936215 [1.815e9])
    │   │   │   └─ ← [Stop] 
    │   │   ├─ [2402] 0x0025B42bfc22CbbA6c02d23d4Ec2aBFcf6E014d4::balanceOf(0x912DCfBf1105504fB4FF8ce351BEb4d929cE9c24) [staticcall]
    │   │   │   └─ ← [Return] 125064284 [1.25e8]
    │   │   ├─ [2402] 0x0025B42bfc22CbbA6c02d23d4Ec2aBFcf6E014d4::balanceOf(ContractTest: [0x7FA9385bE102ac3EAc297483Dd6233D62b3e1496]) [staticcall]
    │   │   │   └─ ← [Return] 1158308790 [1.158e9]
    │   │   ├─ [3517] 0x0025B42bfc22CbbA6c02d23d4Ec2aBFcf6E014d4::burn(1158308790 [1.158e9])
    │   │   │   ├─ emit Transfer(from: ContractTest: [0x7FA9385bE102ac3EAc297483Dd6233D62b3e1496], to: 0x0000000000000000000000000000000000000000, value: 1158308790 [1.158e9])
    │   │   │   └─ ← [Stop] 
    │   │   ├─ [2402] 0x0025B42bfc22CbbA6c02d23d4Ec2aBFcf6E014d4::balanceOf(0x912DCfBf1105504fB4FF8ce351BEb4d929cE9c24) [staticcall]
    │   │   │   └─ ← [Return] 79773209 [7.977e7]
    │   │   ├─ [2402] 0x0025B42bfc22CbbA6c02d23d4Ec2aBFcf6E014d4::balanceOf(ContractTest: [0x7FA9385bE102ac3EAc297483Dd6233D62b3e1496]) [staticcall]
    │   │   │   └─ ← [Return] 738836112 [7.388e8]
    │   │   ├─ [3517] 0x0025B42bfc22CbbA6c02d23d4Ec2aBFcf6E014d4::burn(738836112 [7.388e8])
    │   │   │   ├─ emit Transfer(from: ContractTest: [0x7FA9385bE102ac3EAc297483Dd6233D62b3e1496], to: 0x0000000000000000000000000000000000000000, value: 738836112 [7.388e8])
    │   │   │   └─ ← [Stop] 
    │   │   ├─ [2402] 0x0025B42bfc22CbbA6c02d23d4Ec2aBFcf6E014d4::balanceOf(0x912DCfBf1105504fB4FF8ce351BEb4d929cE9c24) [staticcall]
    │   │   │   └─ ← [Return] 50883951 [5.088e7]
    │   │   ├─ [2402] 0x0025B42bfc22CbbA6c02d23d4Ec2aBFcf6E014d4::balanceOf(ContractTest: [0x7FA9385bE102ac3EAc297483Dd6233D62b3e1496]) [staticcall]
    │   │   │   └─ ← [Return] 471272260 [4.712e8]
    │   │   ├─ [3517] 0x0025B42bfc22CbbA6c02d23d4Ec2aBFcf6E014d4::burn(471272260 [4.712e8])
    │   │   │   ├─ emit Transfer(from: ContractTest: [0x7FA9385bE102ac3EAc297483Dd6233D62b3e1496], to: 0x0000000000000000000000000000000000000000, value: 471272260 [4.712e8])
    │   │   │   └─ ← [Stop] 
    │   │   ├─ [2402] 0x0025B42bfc22CbbA6c02d23d4Ec2aBFcf6E014d4::balanceOf(0x912DCfBf1105504fB4FF8ce351BEb4d929cE9c24) [staticcall]
    │   │   │   └─ ← [Return] 32456717 [3.245e7]
    │   │   ├─ [2402] 0x0025B42bfc22CbbA6c02d23d4Ec2aBFcf6E014d4::balanceOf(ContractTest: [0x7FA9385bE102ac3EAc297483Dd6233D62b3e1496]) [staticcall]
    │   │   │   └─ ← [Return] 300604612 [3.006e8]
    │   │   ├─ [3517] 0x0025B42bfc22CbbA6c02d23d4Ec2aBFcf6E014d4::burn(300604612 [3.006e8])
    │   │   │   ├─ emit Transfer(from: ContractTest: [0x7FA9385bE102ac3EAc297483Dd6233D62b3e1496], to: 0x0000000000000000000000000000000000000000, value: 300604612 [3.006e8])
    │   │   │   └─ ← [Stop] 
    │   │   ├─ [2402] 0x0025B42bfc22CbbA6c02d23d4Ec2aBFcf6E014d4::balanceOf(0x912DCfBf1105504fB4FF8ce351BEb4d929cE9c24) [staticcall]
    │   │   │   └─ ← [Return] 20702765 [2.07e7]
    │   │   ├─ [2402] 0x0025B42bfc22CbbA6c02d23d4Ec2aBFcf6E014d4::balanceOf(ContractTest: [0x7FA9385bE102ac3EAc297483Dd6233D62b3e1496]) [staticcall]
    │   │   │   └─ ← [Return] 191742948 [1.917e8]
    │   │   ├─ [3517] 0x0025B42bfc22CbbA6c02d23d4Ec2aBFcf6E014d4::burn(191742948 [1.917e8])
    │   │   │   ├─ emit Transfer(from: ContractTest: [0x7FA9385bE102ac3EAc297483Dd6233D62b3e1496], to: 0x0000000000000000000000000000000000000000, value: 191742948 [1.917e8])
    │   │   │   └─ ← [Stop] 
    │   │   ├─ [2402] 0x0025B42bfc22CbbA6c02d23d4Ec2aBFcf6E014d4::balanceOf(0x912DCfBf1105504fB4FF8ce351BEb4d929cE9c24) [staticcall]
    │   │   │   └─ ← [Return] 13205416 [1.32e7]
    │   │   ├─ [2402] 0x0025B42bfc22CbbA6c02d23d4Ec2aBFcf6E014d4::balanceOf(ContractTest: [0x7FA9385bE102ac3EAc297483Dd6233D62b3e1496]) [staticcall]
    │   │   │   └─ ← [Return] 122304705 [1.223e8]
    │   │   ├─ [3517] 0x0025B42bfc22CbbA6c02d23d4Ec2aBFcf6E014d4::burn(122304705 [1.223e8])
    │   │   │   ├─ emit Transfer(from: ContractTest: [0x7FA9385bE102ac3EAc297483Dd6233D62b3e1496], to: 0x0000000000000000000000000000000000000000, value: 122304705 [1.223e8])
    │   │   │   └─ ← [Stop] 
    │   │   ├─ [2402] 0x0025B42bfc22CbbA6c02d23d4Ec2aBFcf6E014d4::balanceOf(0x912DCfBf1105504fB4FF8ce351BEb4d929cE9c24) [staticcall]
    │   │   │   └─ ← [Return] 8423176 [8.423e6]
    │   │   ├─ [2402] 0x0025B42bfc22CbbA6c02d23d4Ec2aBFcf6E014d4::balanceOf(ContractTest: [0x7FA9385bE102ac3EAc297483Dd6233D62b3e1496]) [staticcall]
    │   │   │   └─ ← [Return] 78012990 [7.801e7]
    │   │   ├─ [3517] 0x0025B42bfc22CbbA6c02d23d4Ec2aBFcf6E014d4::burn(78012990 [7.801e7])
    │   │   │   ├─ emit Transfer(from: ContractTest: [0x7FA9385bE102ac3EAc297483Dd6233D62b3e1496], to: 0x0000000000000000000000000000000000000000, value: 78012990 [7.801e7])
    │   │   │   └─ ← [Stop] 
    │   │   ├─ [2402] 0x0025B42bfc22CbbA6c02d23d4Ec2aBFcf6E014d4::balanceOf(0x912DCfBf1105504fB4FF8ce351BEb4d929cE9c24) [staticcall]
    │   │   │   └─ ← [Return] 5372787 [5.372e6]
    │   │   ├─ [2402] 0x0025B42bfc22CbbA6c02d23d4Ec2aBFcf6E014d4::balanceOf(ContractTest: [0x7FA9385bE102ac3EAc297483Dd6233D62b3e1496]) [staticcall]
    │   │   │   └─ ← [Return] 49761182 [4.976e7]
    │   │   ├─ [3517] 0x0025B42bfc22CbbA6c02d23d4Ec2aBFcf6E014d4::burn(49761182 [4.976e7])
    │   │   │   ├─ emit Transfer(from: ContractTest: [0x7FA9385bE102ac3EAc297483Dd6233D62b3e1496], to: 0x0000000000000000000000000000000000000000, value: 49761182 [4.976e7])
    │   │   │   └─ ← [Stop] 
    │   │   ├─ [2402] 0x0025B42bfc22CbbA6c02d23d4Ec2aBFcf6E014d4::balanceOf(0x912DCfBf1105504fB4FF8ce351BEb4d929cE9c24) [staticcall]
    │   │   │   └─ ← [Return] 3427073 [3.427e6]
    │   │   ├─ [2402] 0x0025B42bfc22CbbA6c02d23d4Ec2aBFcf6E014d4::balanceOf(ContractTest: [0x7FA9385bE102ac3EAc297483Dd6233D62b3e1496]) [staticcall]
    │   │   │   └─ ← [Return] 31740550 [3.174e7]
    │   │   ├─ [3517] 0x0025B42bfc22CbbA6c02d23d4Ec2aBFcf6E014d4::burn(31740550 [3.174e7])
    │   │   │   ├─ emit Transfer(from: ContractTest: [0x7FA9385bE102ac3EAc297483Dd6233D62b3e1496], to: 0x0000000000000000000000000000000000000000, value: 31740550 [3.174e7])
    │   │   │   └─ ← [Stop] 
    │   │   ├─ [2402] 0x0025B42bfc22CbbA6c02d23d4Ec2aBFcf6E014d4::balanceOf(0x912DCfBf1105504fB4FF8ce351BEb4d929cE9c24) [staticcall]
    │   │   │   └─ ← [Return] 2185985 [2.185e6]
    │   │   ├─ [2402] 0x0025B42bfc22CbbA6c02d23d4Ec2aBFcf6E014d4::balanceOf(ContractTest: [0x7FA9385bE102ac3EAc297483Dd6233D62b3e1496]) [staticcall]
    │   │   │   └─ ← [Return] 20245953 [2.024e7]
    │   │   ├─ [3517] 0x0025B42bfc22CbbA6c02d23d4Ec2aBFcf6E014d4::burn(20245953 [2.024e7])
    │   │   │   ├─ emit Transfer(from: ContractTest: [0x7FA9385bE102ac3EAc297483Dd6233D62b3e1496], to: 0x0000000000000000000000000000000000000000, value: 20245953 [2.024e7])
    │   │   │   └─ ← [Stop] 
    │   │   ├─ [2402] 0x0025B42bfc22CbbA6c02d23d4Ec2aBFcf6E014d4::balanceOf(0x912DCfBf1105504fB4FF8ce351BEb4d929cE9c24) [staticcall]
    │   │   │   └─ ← [Return] 1394347 [1.394e6]
    │   │   ├─ [2402] 0x0025B42bfc22CbbA6c02d23d4Ec2aBFcf6E014d4::balanceOf(ContractTest: [0x7FA9385bE102ac3EAc297483Dd6233D62b3e1496]) [staticcall]
    │   │   │   └─ ← [Return] 12914035 [1.291e7]
    │   │   ├─ [3517] 0x0025B42bfc22CbbA6c02d23d4Ec2aBFcf6E014d4::burn(12914035 [1.291e7])
    │   │   │   ├─ emit Transfer(from: ContractTest: [0x7FA9385bE102ac3EAc297483Dd6233D62b3e1496], to: 0x0000000000000000000000000000000000000000, value: 12914035 [1.291e7])
    │   │   │   └─ ← [Stop] 
    │   │   ├─ [2402] 0x0025B42bfc22CbbA6c02d23d4Ec2aBFcf6E014d4::balanceOf(0x912DCfBf1105504fB4FF8ce351BEb4d929cE9c24) [staticcall]
    │   │   │   └─ ← [Return] 889395 [8.893e5]
    │   │   ├─ [2402] 0x0025B42bfc22CbbA6c02d23d4Ec2aBFcf6E014d4::balanceOf(ContractTest: [0x7FA9385bE102ac3EAc297483Dd6233D62b3e1496]) [staticcall]
    │   │   │   └─ ← [Return] 8237316 [8.237e6]
    │   │   ├─ [3517] 0x0025B42bfc22CbbA6c02d23d4Ec2aBFcf6E014d4::burn(8237316 [8.237e6])
    │   │   │   ├─ emit Transfer(from: ContractTest: [0x7FA9385bE102ac3EAc297483Dd6233D62b3e1496], to: 0x0000000000000000000000000000000000000000, value: 8237316 [8.237e6])
    │   │   │   └─ ← [Stop] 
    │   │   ├─ [2402] 0x0025B42bfc22CbbA6c02d23d4Ec2aBFcf6E014d4::balanceOf(0x912DCfBf1105504fB4FF8ce351BEb4d929cE9c24) [staticcall]
    │   │   │   └─ ← [Return] 567307 [5.673e5]
    │   │   ├─ [2402] 0x0025B42bfc22CbbA6c02d23d4Ec2aBFcf6E014d4::balanceOf(ContractTest: [0x7FA9385bE102ac3EAc297483Dd6233D62b3e1496]) [staticcall]
    │   │   │   └─ ← [Return] 5254235 [5.254e6]
    │   │   ├─ [3517] 0x0025B42bfc22CbbA6c02d23d4Ec2aBFcf6E014d4::burn(5254235 [5.254e6])
    │   │   │   ├─ emit Transfer(from: ContractTest: [0x7FA9385bE102ac3EAc297483Dd6233D62b3e1496], to: 0x0000000000000000000000000000000000000000, value: 5254235 [5.254e6])
    │   │   │   └─ ← [Stop] 
    │   │   ├─ [2402] 0x0025B42bfc22CbbA6c02d23d4Ec2aBFcf6E014d4::balanceOf(0x912DCfBf1105504fB4FF8ce351BEb4d929cE9c24) [staticcall]
    │   │   │   └─ ← [Return] 361861 [3.618e5]
    │   │   ├─ [2402] 0x0025B42bfc22CbbA6c02d23d4Ec2aBFcf6E014d4::balanceOf(ContractTest: [0x7FA9385bE102ac3EAc297483Dd6233D62b3e1496]) [staticcall]
    │   │   │   └─ ← [Return] 3351454 [3.351e6]
    │   │   ├─ [3517] 0x0025B42bfc22CbbA6c02d23d4Ec2aBFcf6E014d4::burn(3351454 [3.351e6])
    │   │   │   ├─ emit Transfer(from: ContractTest: [0x7FA9385bE102ac3EAc297483Dd6233D62b3e1496], to: 0x0000000000000000000000000000000000000000, value: 3351454 [3.351e6])
    │   │   │   └─ ← [Stop] 
    │   │   ├─ [2402] 0x0025B42bfc22CbbA6c02d23d4Ec2aBFcf6E014d4::balanceOf(0x912DCfBf1105504fB4FF8ce351BEb4d929cE9c24) [staticcall]
    │   │   │   └─ ← [Return] 230816 [2.308e5]
    │   │   ├─ [2402] 0x0025B42bfc22CbbA6c02d23d4Ec2aBFcf6E014d4::balanceOf(ContractTest: [0x7FA9385bE102ac3EAc297483Dd6233D62b3e1496]) [staticcall]
    │   │   │   └─ ← [Return] 2137751 [2.137e6]
    │   │   ├─ [3517] 0x0025B42bfc22CbbA6c02d23d4Ec2aBFcf6E014d4::burn(2137751 [2.137e6])
    │   │   │   ├─ emit Transfer(from: ContractTest: [0x7FA9385bE102ac3EAc297483Dd6233D62b3e1496], to: 0x0000000000000000000000000000000000000000, value: 2137751 [2.137e6])
    │   │   │   └─ ← [Stop] 
    │   │   ├─ [2402] 0x0025B42bfc22CbbA6c02d23d4Ec2aBFcf6E014d4::balanceOf(0x912DCfBf1105504fB4FF8ce351BEb4d929cE9c24) [staticcall]
    │   │   │   └─ ← [Return] 147227 [1.472e5]
    │   │   ├─ [2402] 0x0025B42bfc22CbbA6c02d23d4Ec2aBFcf6E014d4::balanceOf(ContractTest: [0x7FA9385bE102ac3EAc297483Dd6233D62b3e1496]) [staticcall]
    │   │   │   └─ ← [Return] 1363581 [1.363e6]
    │   │   ├─ [3517] 0x0025B42bfc22CbbA6c02d23d4Ec2aBFcf6E014d4::burn(1363581 [1.363e6])
    │   │   │   ├─ emit Transfer(from: ContractTest: [0x7FA9385bE102ac3EAc297483Dd6233D62b3e1496], to: 0x0000000000000000000000000000000000000000, value: 1363581 [1.363e6])
    │   │   │   └─ ← [Stop] 
    │   │   ├─ [2402] 0x0025B42bfc22CbbA6c02d23d4Ec2aBFcf6E014d4::balanceOf(0x912DCfBf1105504fB4FF8ce351BEb4d929cE9c24) [staticcall]
    │   │   │   └─ ← [Return] 93910 [9.391e4]
    │   │   ├─ [2402] 0x0025B42bfc22CbbA6c02d23d4Ec2aBFcf6E014d4::balanceOf(ContractTest: [0x7FA9385bE102ac3EAc297483Dd6233D62b3e1496]) [staticcall]
    │   │   │   └─ ← [Return] 869770 [8.697e5]
    │   │   ├─ [3517] 0x0025B42bfc22CbbA6c02d23d4Ec2aBFcf6E014d4::burn(869770 [8.697e5])
    │   │   │   ├─ emit Transfer(from: ContractTest: [0x7FA9385bE102ac3EAc297483Dd6233D62b3e1496], to: 0x0000000000000000000000000000000000000000, value: 869770 [8.697e5])
    │   │   │   └─ ← [Stop] 
    │   │   ├─ [2402] 0x0025B42bfc22CbbA6c02d23d4Ec2aBFcf6E014d4::balanceOf(0x912DCfBf1105504fB4FF8ce351BEb4d929cE9c24) [staticcall]
    │   │   │   └─ ← [Return] 59901 [5.99e4]
    │   │   ├─ [2402] 0x0025B42bfc22CbbA6c02d23d4Ec2aBFcf6E014d4::balanceOf(ContractTest: [0x7FA9385bE102ac3EAc297483Dd6233D62b3e1496]) [staticcall]
    │   │   │   └─ ← [Return] 554790 [5.547e5]
    │   │   ├─ [3517] 0x0025B42bfc22CbbA6c02d23d4Ec2aBFcf6E014d4::burn(554790 [5.547e5])
    │   │   │   ├─ emit Transfer(from: ContractTest: [0x7FA9385bE102ac3EAc297483Dd6233D62b3e1496], to: 0x0000000000000000000000000000000000000000, value: 554790 [5.547e5])
    │   │   │   └─ ← [Stop] 
    │   │   ├─ [2402] 0x0025B42bfc22CbbA6c02d23d4Ec2aBFcf6E014d4::balanceOf(0x912DCfBf1105504fB4FF8ce351BEb4d929cE9c24) [staticcall]
    │   │   │   └─ ← [Return] 38208 [3.82e4]
    │   │   ├─ [2402] 0x0025B42bfc22CbbA6c02d23d4Ec2aBFcf6E014d4::balanceOf(ContractTest: [0x7FA9385bE102ac3EAc297483Dd6233D62b3e1496]) [staticcall]
    │   │   │   └─ ← [Return] 353877 [3.538e5]
    │   │   ├─ [3517] 0x0025B42bfc22CbbA6c02d23d4Ec2aBFcf6E014d4::burn(353877 [3.538e5])
    │   │   │   ├─ emit Transfer(from: ContractTest: [0x7FA9385bE102ac3EAc297483Dd6233D62b3e1496], to: 0x0000000000000000000000000000000000000000, value: 353877 [3.538e5])
    │   │   │   └─ ← [Stop] 
    │   │   ├─ [2402] 0x0025B42bfc22CbbA6c02d23d4Ec2aBFcf6E014d4::balanceOf(0x912DCfBf1105504fB4FF8ce351BEb4d929cE9c24) [staticcall]
    │   │   │   └─ ← [Return] 24371 [2.437e4]
    │   │   ├─ [2402] 0x0025B42bfc22CbbA6c02d23d4Ec2aBFcf6E014d4::balanceOf(ContractTest: [0x7FA9385bE102ac3EAc297483Dd6233D62b3e1496]) [staticcall]
    │   │   │   └─ ← [Return] 225723 [2.257e5]
    │   │   ├─ [3517] 0x0025B42bfc22CbbA6c02d23d4Ec2aBFcf6E014d4::burn(225723 [2.257e5])
    │   │   │   ├─ emit Transfer(from: ContractTest: [0x7FA9385bE102ac3EAc297483Dd6233D62b3e1496], to: 0x0000000000000000000000000000000000000000, value: 225723 [2.257e5])
    │   │   │   └─ ← [Stop] 
    │   │   ├─ [2402] 0x0025B42bfc22CbbA6c02d23d4Ec2aBFcf6E014d4::balanceOf(0x912DCfBf1105504fB4FF8ce351BEb4d929cE9c24) [staticcall]
    │   │   │   └─ ← [Return] 15545 [1.554e4]
    │   │   ├─ [2402] 0x0025B42bfc22CbbA6c02d23d4Ec2aBFcf6E014d4::balanceOf(ContractTest: [0x7FA9385bE102ac3EAc297483Dd6233D62b3e1496]) [staticcall]
    │   │   │   └─ ← [Return] 143979 [1.439e5]
    │   │   ├─ [3517] 0x0025B42bfc22CbbA6c02d23d4Ec2aBFcf6E014d4::burn(143979 [1.439e5])
    │   │   │   ├─ emit Transfer(from: ContractTest: [0x7FA9385bE102ac3EAc297483Dd6233D62b3e1496], to: 0x0000000000000000000000000000000000000000, value: 143979 [1.439e5])
    │   │   │   └─ ← [Stop] 
    │   │   ├─ [2402] 0x0025B42bfc22CbbA6c02d23d4Ec2aBFcf6E014d4::balanceOf(0x912DCfBf1105504fB4FF8ce351BEb4d929cE9c24) [staticcall]
    │   │   │   └─ ← [Return] 9915
    │   │   ├─ [2402] 0x0025B42bfc22CbbA6c02d23d4Ec2aBFcf6E014d4::balanceOf(ContractTest: [0x7FA9385bE102ac3EAc297483Dd6233D62b3e1496]) [staticcall]
    │   │   │   └─ ← [Return] 91838 [9.183e4]
    │   │   ├─ [3517] 0x0025B42bfc22CbbA6c02d23d4Ec2aBFcf6E014d4::burn(91838 [9.183e4])
    │   │   │   ├─ emit Transfer(from: ContractTest: [0x7FA9385bE102ac3EAc297483Dd6233D62b3e1496], to: 0x0000000000000000000000000000000000000000, value: 91838 [9.183e4])
    │   │   │   └─ ← [Stop] 
    │   │   ├─ [2402] 0x0025B42bfc22CbbA6c02d23d4Ec2aBFcf6E014d4::balanceOf(0x912DCfBf1105504fB4FF8ce351BEb4d929cE9c24) [staticcall]
    │   │   │   └─ ← [Return] 6324
    │   │   ├─ [2402] 0x0025B42bfc22CbbA6c02d23d4Ec2aBFcf6E014d4::balanceOf(ContractTest: [0x7FA9385bE102ac3EAc297483Dd6233D62b3e1496]) [staticcall]
    │   │   │   └─ ← [Return] 58580 [5.858e4]
    │   │   ├─ [3517] 0x0025B42bfc22CbbA6c02d23d4Ec2aBFcf6E014d4::burn(58580 [5.858e4])
    │   │   │   ├─ emit Transfer(from: ContractTest: [0x7FA9385bE102ac3EAc297483Dd6233D62b3e1496], to: 0x0000000000000000000000000000000000000000, value: 58580 [5.858e4])
    │   │   │   └─ ← [Stop] 
    │   │   ├─ [2402] 0x0025B42bfc22CbbA6c02d23d4Ec2aBFcf6E014d4::balanceOf(0x912DCfBf1105504fB4FF8ce351BEb4d929cE9c24) [staticcall]
    │   │   │   └─ ← [Return] 4034
    │   │   ├─ [2402] 0x0025B42bfc22CbbA6c02d23d4Ec2aBFcf6E014d4::balanceOf(ContractTest: [0x7FA9385bE102ac3EAc297483Dd6233D62b3e1496]) [staticcall]
    │   │   │   └─ ← [Return] 37365 [3.736e4]
    │   │   ├─ [3517] 0x0025B42bfc22CbbA6c02d23d4Ec2aBFcf6E014d4::burn(37365 [3.736e4])
    │   │   │   ├─ emit Transfer(from: ContractTest: [0x7FA9385bE102ac3EAc297483Dd6233D62b3e1496], to: 0x0000000000000000000000000000000000000000, value: 37365 [3.736e4])
    │   │   │   └─ ← [Stop] 
    │   │   ├─ [2402] 0x0025B42bfc22CbbA6c02d23d4Ec2aBFcf6E014d4::balanceOf(0x912DCfBf1105504fB4FF8ce351BEb4d929cE9c24) [staticcall]
    │   │   │   └─ ← [Return] 2573
    │   │   ├─ [2402] 0x0025B42bfc22CbbA6c02d23d4Ec2aBFcf6E014d4::balanceOf(ContractTest: [0x7FA9385bE102ac3EAc297483Dd6233D62b3e1496]) [staticcall]
    │   │   │   └─ ← [Return] 23834 [2.383e4]
    │   │   ├─ [3517] 0x0025B42bfc22CbbA6c02d23d4Ec2aBFcf6E014d4::burn(23834 [2.383e4])
    │   │   │   ├─ emit Transfer(from: ContractTest: [0x7FA9385bE102ac3EAc297483Dd6233D62b3e1496], to: 0x0000000000000000000000000000000000000000, value: 23834 [2.383e4])
    │   │   │   └─ ← [Stop] 
    │   │   ├─ [2402] 0x0025B42bfc22CbbA6c02d23d4Ec2aBFcf6E014d4::balanceOf(0x912DCfBf1105504fB4FF8ce351BEb4d929cE9c24) [staticcall]
    │   │   │   └─ ← [Return] 1641
    │   │   ├─ [2402] 0x0025B42bfc22CbbA6c02d23d4Ec2aBFcf6E014d4::balanceOf(ContractTest: [0x7FA9385bE102ac3EAc297483Dd6233D62b3e1496]) [staticcall]
    │   │   │   └─ ← [Return] 15203 [1.52e4]
    │   │   ├─ [3517] 0x0025B42bfc22CbbA6c02d23d4Ec2aBFcf6E014d4::burn(15203 [1.52e4])
    │   │   │   ├─ emit Transfer(from: ContractTest: [0x7FA9385bE102ac3EAc297483Dd6233D62b3e1496], to: 0x0000000000000000000000000000000000000000, value: 15203 [1.52e4])
    │   │   │   └─ ← [Stop] 
    │   │   ├─ [2402] 0x0025B42bfc22CbbA6c02d23d4Ec2aBFcf6E014d4::balanceOf(0x912DCfBf1105504fB4FF8ce351BEb4d929cE9c24) [staticcall]
    │   │   │   └─ ← [Return] 1047
    │   │   ├─ [2402] 0x0025B42bfc22CbbA6c02d23d4Ec2aBFcf6E014d4::balanceOf(ContractTest: [0x7FA9385bE102ac3EAc297483Dd6233D62b3e1496]) [staticcall]
    │   │   │   └─ ← [Return] 9697
    │   │   ├─ [3517] 0x0025B42bfc22CbbA6c02d23d4Ec2aBFcf6E014d4::burn(9697)
    │   │   │   ├─ emit Transfer(from: ContractTest: [0x7FA9385bE102ac3EAc297483Dd6233D62b3e1496], to: 0x0000000000000000000000000000000000000000, value: 9697)
    │   │   │   └─ ← [Stop] 
    │   │   ├─ [2402] 0x0025B42bfc22CbbA6c02d23d4Ec2aBFcf6E014d4::balanceOf(0x912DCfBf1105504fB4FF8ce351BEb4d929cE9c24) [staticcall]
    │   │   │   └─ ← [Return] 667
    │   │   ├─ [2402] 0x0025B42bfc22CbbA6c02d23d4Ec2aBFcf6E014d4::balanceOf(ContractTest: [0x7FA9385bE102ac3EAc297483Dd6233D62b3e1496]) [staticcall]
    │   │   │   └─ ← [Return] 6185
    │   │   ├─ [3517] 0x0025B42bfc22CbbA6c02d23d4Ec2aBFcf6E014d4::burn(6185)
    │   │   │   ├─ emit Transfer(from: ContractTest: [0x7FA9385bE102ac3EAc297483Dd6233D62b3e1496], to: 0x0000000000000000000000000000000000000000, value: 6185)
    │   │   │   └─ ← [Stop] 
    │   │   ├─ [2402] 0x0025B42bfc22CbbA6c02d23d4Ec2aBFcf6E014d4::balanceOf(0x912DCfBf1105504fB4FF8ce351BEb4d929cE9c24) [staticcall]
    │   │   │   └─ ← [Return] 426
    │   │   ├─ [2402] 0x0025B42bfc22CbbA6c02d23d4Ec2aBFcf6E014d4::balanceOf(ContractTest: [0x7FA9385bE102ac3EAc297483Dd6233D62b3e1496]) [staticcall]
    │   │   │   └─ ← [Return] 3945
    │   │   ├─ [3517] 0x0025B42bfc22CbbA6c02d23d4Ec2aBFcf6E014d4::burn(3945)
    │   │   │   ├─ emit Transfer(from: ContractTest: [0x7FA9385bE102ac3EAc297483Dd6233D62b3e1496], to: 0x0000000000000000000000000000000000000000, value: 3945)
    │   │   │   └─ ← [Stop] 
    │   │   ├─ [2402] 0x0025B42bfc22CbbA6c02d23d4Ec2aBFcf6E014d4::balanceOf(0x912DCfBf1105504fB4FF8ce351BEb4d929cE9c24) [staticcall]
    │   │   │   └─ ← [Return] 271
    │   │   ├─ [2402] 0x0025B42bfc22CbbA6c02d23d4Ec2aBFcf6E014d4::balanceOf(ContractTest: [0x7FA9385bE102ac3EAc297483Dd6233D62b3e1496]) [staticcall]
    │   │   │   └─ ← [Return] 2517
    │   │   ├─ [3517] 0x0025B42bfc22CbbA6c02d23d4Ec2aBFcf6E014d4::burn(2517)
    │   │   │   ├─ emit Transfer(from: ContractTest: [0x7FA9385bE102ac3EAc297483Dd6233D62b3e1496], to: 0x0000000000000000000000000000000000000000, value: 2517)
    │   │   │   └─ ← [Stop] 
    │   │   ├─ [2402] 0x0025B42bfc22CbbA6c02d23d4Ec2aBFcf6E014d4::balanceOf(0x912DCfBf1105504fB4FF8ce351BEb4d929cE9c24) [staticcall]
    │   │   │   └─ ← [Return] 173
    │   │   ├─ [2402] 0x0025B42bfc22CbbA6c02d23d4Ec2aBFcf6E014d4::balanceOf(ContractTest: [0x7FA9385bE102ac3EAc297483Dd6233D62b3e1496]) [staticcall]
    │   │   │   └─ ← [Return] 1605
    │   │   ├─ [3517] 0x0025B42bfc22CbbA6c02d23d4Ec2aBFcf6E014d4::burn(1605)
    │   │   │   ├─ emit Transfer(from: ContractTest: [0x7FA9385bE102ac3EAc297483Dd6233D62b3e1496], to: 0x0000000000000000000000000000000000000000, value: 1605)
    │   │   │   └─ ← [Stop] 
    │   │   ├─ [2402] 0x0025B42bfc22CbbA6c02d23d4Ec2aBFcf6E014d4::balanceOf(0x912DCfBf1105504fB4FF8ce351BEb4d929cE9c24) [staticcall]
    │   │   │   └─ ← [Return] 110
    │   │   ├─ [2402] 0x0025B42bfc22CbbA6c02d23d4Ec2aBFcf6E014d4::balanceOf(ContractTest: [0x7FA9385bE102ac3EAc297483Dd6233D62b3e1496]) [staticcall]
    │   │   │   └─ ← [Return] 1024
    │   │   ├─ [3517] 0x0025B42bfc22CbbA6c02d23d4Ec2aBFcf6E014d4::burn(1024)
    │   │   │   ├─ emit Transfer(from: ContractTest: [0x7FA9385bE102ac3EAc297483Dd6233D62b3e1496], to: 0x0000000000000000000000000000000000000000, value: 1024)
    │   │   │   └─ ← [Stop] 
    │   │   ├─ [2402] 0x0025B42bfc22CbbA6c02d23d4Ec2aBFcf6E014d4::balanceOf(0x912DCfBf1105504fB4FF8ce351BEb4d929cE9c24) [staticcall]
    │   │   │   └─ ← [Return] 70
    │   │   ├─ [2402] 0x0025B42bfc22CbbA6c02d23d4Ec2aBFcf6E014d4::balanceOf(ContractTest: [0x7FA9385bE102ac3EAc297483Dd6233D62b3e1496]) [staticcall]
    │   │   │   └─ ← [Return] 653
    │   │   ├─ [3517] 0x0025B42bfc22CbbA6c02d23d4Ec2aBFcf6E014d4::burn(653)
    │   │   │   ├─ emit Transfer(from: ContractTest: [0x7FA9385bE102ac3EAc297483Dd6233D62b3e1496], to: 0x0000000000000000000000000000000000000000, value: 653)
    │   │   │   └─ ← [Stop] 
    │   │   ├─ [2402] 0x0025B42bfc22CbbA6c02d23d4Ec2aBFcf6E014d4::balanceOf(0x912DCfBf1105504fB4FF8ce351BEb4d929cE9c24) [staticcall]
    │   │   │   └─ ← [Return] 45
    │   │   ├─ [2402] 0x0025B42bfc22CbbA6c02d23d4Ec2aBFcf6E014d4::balanceOf(ContractTest: [0x7FA9385bE102ac3EAc297483Dd6233D62b3e1496]) [staticcall]
    │   │   │   └─ ← [Return] 417
    │   │   ├─ [3517] 0x0025B42bfc22CbbA6c02d23d4Ec2aBFcf6E014d4::burn(417)
    │   │   │   ├─ emit Transfer(from: ContractTest: [0x7FA9385bE102ac3EAc297483Dd6233D62b3e1496], to: 0x0000000000000000000000000000000000000000, value: 417)
    │   │   │   └─ ← [Stop] 
    │   │   ├─ [2402] 0x0025B42bfc22CbbA6c02d23d4Ec2aBFcf6E014d4::balanceOf(0x912DCfBf1105504fB4FF8ce351BEb4d929cE9c24) [staticcall]
    │   │   │   └─ ← [Return] 28
    │   │   ├─ [2402] 0x0025B42bfc22CbbA6c02d23d4Ec2aBFcf6E014d4::balanceOf(ContractTest: [0x7FA9385bE102ac3EAc297483Dd6233D62b3e1496]) [staticcall]
    │   │   │   └─ ← [Return] 266
    │   │   ├─ [3517] 0x0025B42bfc22CbbA6c02d23d4Ec2aBFcf6E014d4::burn(266)
    │   │   │   ├─ emit Transfer(from: ContractTest: [0x7FA9385bE102ac3EAc297483Dd6233D62b3e1496], to: 0x0000000000000000000000000000000000000000, value: 266)
    │   │   │   └─ ← [Stop] 
    │   │   ├─ [2402] 0x0025B42bfc22CbbA6c02d23d4Ec2aBFcf6E014d4::balanceOf(0x912DCfBf1105504fB4FF8ce351BEb4d929cE9c24) [staticcall]
    │   │   │   └─ ← [Return] 18
    │   │   ├─ [2402] 0x0025B42bfc22CbbA6c02d23d4Ec2aBFcf6E014d4::balanceOf(ContractTest: [0x7FA9385bE102ac3EAc297483Dd6233D62b3e1496]) [staticcall]
    │   │   │   └─ ← [Return] 169
    │   │   ├─ [3517] 0x0025B42bfc22CbbA6c02d23d4Ec2aBFcf6E014d4::burn(169)
    │   │   │   ├─ emit Transfer(from: ContractTest: [0x7FA9385bE102ac3EAc297483Dd6233D62b3e1496], to: 0x0000000000000000000000000000000000000000, value: 169)
    │   │   │   └─ ← [Stop] 
    │   │   ├─ [2402] 0x0025B42bfc22CbbA6c02d23d4Ec2aBFcf6E014d4::balanceOf(0x912DCfBf1105504fB4FF8ce351BEb4d929cE9c24) [staticcall]
    │   │   │   └─ ← [Return] 11
    │   │   ├─ [2402] 0x0025B42bfc22CbbA6c02d23d4Ec2aBFcf6E014d4::balanceOf(ContractTest: [0x7FA9385bE102ac3EAc297483Dd6233D62b3e1496]) [staticcall]
    │   │   │   └─ ← [Return] 108
    │   │   ├─ [3517] 0x0025B42bfc22CbbA6c02d23d4Ec2aBFcf6E014d4::burn(108)
    │   │   │   ├─ emit Transfer(from: ContractTest: [0x7FA9385bE102ac3EAc297483Dd6233D62b3e1496], to: 0x0000000000000000000000000000000000000000, value: 108)
    │   │   │   └─ ← [Stop] 
    │   │   ├─ [2402] 0x0025B42bfc22CbbA6c02d23d4Ec2aBFcf6E014d4::balanceOf(0x912DCfBf1105504fB4FF8ce351BEb4d929cE9c24) [staticcall]
    │   │   │   └─ ← [Return] 7
    │   │   ├─ [2402] 0x0025B42bfc22CbbA6c02d23d4Ec2aBFcf6E014d4::balanceOf(ContractTest: [0x7FA9385bE102ac3EAc297483Dd6233D62b3e1496]) [staticcall]
    │   │   │   └─ ← [Return] 69
    │   │   ├─ [3517] 0x0025B42bfc22CbbA6c02d23d4Ec2aBFcf6E014d4::burn(69)
    │   │   │   ├─ emit Transfer(from: ContractTest: [0x7FA9385bE102ac3EAc297483Dd6233D62b3e1496], to: 0x0000000000000000000000000000000000000000, value: 69)
    │   │   │   └─ ← [Stop] 
    │   │   ├─ [2402] 0x0025B42bfc22CbbA6c02d23d4Ec2aBFcf6E014d4::balanceOf(0x912DCfBf1105504fB4FF8ce351BEb4d929cE9c24) [staticcall]
    │   │   │   └─ ← [Return] 4
    │   │   ├─ [2402] 0x0025B42bfc22CbbA6c02d23d4Ec2aBFcf6E014d4::balanceOf(ContractTest: [0x7FA9385bE102ac3EAc297483Dd6233D62b3e1496]) [staticcall]
    │   │   │   └─ ← [Return] 44
    │   │   ├─ [3517] 0x0025B42bfc22CbbA6c02d23d4Ec2aBFcf6E014d4::burn(44)
    │   │   │   ├─ emit Transfer(from: ContractTest: [0x7FA9385bE102ac3EAc297483Dd6233D62b3e1496], to: 0x0000000000000000000000000000000000000000, value: 44)
    │   │   │   └─ ← [Stop] 
    │   │   ├─ [2402] 0x0025B42bfc22CbbA6c02d23d4Ec2aBFcf6E014d4::balanceOf(0x912DCfBf1105504fB4FF8ce351BEb4d929cE9c24) [staticcall]
    │   │   │   └─ ← [Return] 3
    │   │   ├─ [2402] 0x0025B42bfc22CbbA6c02d23d4Ec2aBFcf6E014d4::balanceOf(ContractTest: [0x7FA9385bE102ac3EAc297483Dd6233D62b3e1496]) [staticcall]
    │   │   │   └─ ← [Return] 28
    │   │   ├─ [3517] 0x0025B42bfc22CbbA6c02d23d4Ec2aBFcf6E014d4::burn(28)
    │   │   │   ├─ emit Transfer(from: ContractTest: [0x7FA9385bE102ac3EAc297483Dd6233D62b3e1496], to: 0x0000000000000000000000000000000000000000, value: 28)
    │   │   │   └─ ← [Stop] 
    │   │   ├─ [2402] 0x0025B42bfc22CbbA6c02d23d4Ec2aBFcf6E014d4::balanceOf(0x912DCfBf1105504fB4FF8ce351BEb4d929cE9c24) [staticcall]
    │   │   │   └─ ← [Return] 1
    │   │   ├─ [10848] 0x912DCfBf1105504fB4FF8ce351BEb4d929cE9c24::sync()
    │   │   │   ├─ [2402] 0x0025B42bfc22CbbA6c02d23d4Ec2aBFcf6E014d4::balanceOf(0x912DCfBf1105504fB4FF8ce351BEb4d929cE9c24) [staticcall]
    │   │   │   │   └─ ← [Return] 1
    │   │   │   ├─ [534] 0xbb4CdB9CBd36B01bD1cBaEBF2De08d9173bc095c::balanceOf(0x912DCfBf1105504fB4FF8ce351BEb4d929cE9c24) [staticcall]
    │   │   │   │   └─ ← [Return] 418470984903412245858 [4.184e20]
    │   │   │   ├─ emit Sync(reserve0: 1, reserve1: 418470984903412245858 [4.184e20])
    │   │   │   └─ ← [Stop] 
    │   │   ├─ [24666] 0x0025B42bfc22CbbA6c02d23d4Ec2aBFcf6E014d4::approve(0x10ED43C718714eb63d5aA57B78B54704E256024E, 115792089237316195423570985008687907853269984665640564039457584007913129639935 [1.157e77])
    │   │   │   ├─ emit Approval(owner: ContractTest: [0x7FA9385bE102ac3EAc297483Dd6233D62b3e1496], spender: 0x10ED43C718714eb63d5aA57B78B54704E256024E, value: 115792089237316195423570985008687907853269984665640564039457584007913129639935 [1.157e77])
    │   │   │   └─ ← [Return] true
    │   │   ├─ [2402] 0x0025B42bfc22CbbA6c02d23d4Ec2aBFcf6E014d4::balanceOf(ContractTest: [0x7FA9385bE102ac3EAc297483Dd6233D62b3e1496]) [staticcall]
    │   │   │   └─ ← [Return] 18
    │   │   ├─ [76872] 0x10ED43C718714eb63d5aA57B78B54704E256024E::swapExactTokensForTokensSupportingFeeOnTransferTokens(18, 0, [0x0025B42bfc22CbbA6c02d23d4Ec2aBFcf6E014d4, 0xbb4CdB9CBd36B01bD1cBaEBF2De08d9173bc095c], ContractTest: [0x7FA9385bE102ac3EAc297483Dd6233D62b3e1496], 1676025497 [1.676e9])
    │   │   │   ├─ [25241] 0x0025B42bfc22CbbA6c02d23d4Ec2aBFcf6E014d4::transferFrom(ContractTest: [0x7FA9385bE102ac3EAc297483Dd6233D62b3e1496], 0x912DCfBf1105504fB4FF8ce351BEb4d929cE9c24, 18)
    │   │   │   │   ├─ emit Transfer(from: ContractTest: [0x7FA9385bE102ac3EAc297483Dd6233D62b3e1496], to: 0x0000000000000000000000000000000000000000, value: 0)
    │   │   │   │   ├─ emit Transfer(from: 0x0025B42bfc22CbbA6c02d23d4Ec2aBFcf6E014d4, to: 0x0000000000000000000000000000000000000000, value: 0)
    │   │   │   │   ├─ emit Transfer(from: ContractTest: [0x7FA9385bE102ac3EAc297483Dd6233D62b3e1496], to: 0x912DCfBf1105504fB4FF8ce351BEb4d929cE9c24, value: 18)
    │   │   │   │   ├─ emit Approval(owner: ContractTest: [0x7FA9385bE102ac3EAc297483Dd6233D62b3e1496], spender: 0x10ED43C718714eb63d5aA57B78B54704E256024E, value: 115792089237316195423570985008687907853269984665640564039457584007913129639917 [1.157e77])
    │   │   │   │   └─ ← [Return] true
    │   │   │   ├─ [534] 0xbb4CdB9CBd36B01bD1cBaEBF2De08d9173bc095c::balanceOf(ContractTest: [0x7FA9385bE102ac3EAc297483Dd6233D62b3e1496]) [staticcall]
    │   │   │   │   └─ ← [Return] 0
    │   │   │   ├─ [893] 0x912DCfBf1105504fB4FF8ce351BEb4d929cE9c24::getReserves() [staticcall]
    │   │   │   │   └─ ← [Return] 1, 418470984903412245858 [4.184e20], 1676025497 [1.676e9]
    │   │   │   ├─ [2402] 0x0025B42bfc22CbbA6c02d23d4Ec2aBFcf6E014d4::balanceOf(0x912DCfBf1105504fB4FF8ce351BEb4d929cE9c24) [staticcall]
    │   │   │   │   └─ ← [Return] 19
    │   │   │   ├─ [40126] 0x912DCfBf1105504fB4FF8ce351BEb4d929cE9c24::swap(0, 396393908411541380869 [3.963e20], ContractTest: [0x7FA9385bE102ac3EAc297483Dd6233D62b3e1496], 0x)
    │   │   │   │   ├─ [23162] 0xbb4CdB9CBd36B01bD1cBaEBF2De08d9173bc095c::transfer(ContractTest: [0x7FA9385bE102ac3EAc297483Dd6233D62b3e1496], 396393908411541380869 [3.963e20])
    │   │   │   │   │   ├─ emit Transfer(from: 0x912DCfBf1105504fB4FF8ce351BEb4d929cE9c24, to: ContractTest: [0x7FA9385bE102ac3EAc297483Dd6233D62b3e1496], value: 396393908411541380869 [3.963e20])
    │   │   │   │   │   └─ ← [Return] true
    │   │   │   │   ├─ [2402] 0x0025B42bfc22CbbA6c02d23d4Ec2aBFcf6E014d4::balanceOf(0x912DCfBf1105504fB4FF8ce351BEb4d929cE9c24) [staticcall]
    │   │   │   │   │   └─ ← [Return] 19
    │   │   │   │   ├─ [534] 0xbb4CdB9CBd36B01bD1cBaEBF2De08d9173bc095c::balanceOf(0x912DCfBf1105504fB4FF8ce351BEb4d929cE9c24) [staticcall]
    │   │   │   │   │   └─ ← [Return] 22077076491870864989 [2.207e19]
    │   │   │   │   ├─ emit Sync(reserve0: 19, reserve1: 22077076491870864989 [2.207e19])
    │   │   │   │   ├─ emit Swap(sender: 0x10ED43C718714eb63d5aA57B78B54704E256024E, amount0In: 18, amount1In: 0, amount0Out: 0, amount1Out: 396393908411541380869 [3.963e20], to: ContractTest: [0x7FA9385bE102ac3EAc297483Dd6233D62b3e1496])
    │   │   │   │   └─ ← [Stop] 
    │   │   │   ├─ [534] 0xbb4CdB9CBd36B01bD1cBaEBF2De08d9173bc095c::balanceOf(ContractTest: [0x7FA9385bE102ac3EAc297483Dd6233D62b3e1496]) [staticcall]
    │   │   │   │   └─ ← [Return] 396393908411541380869 [3.963e20]
    │   │   │   └─ ← [Stop] 
    │   │   ├─ [3262] 0xbb4CdB9CBd36B01bD1cBaEBF2De08d9173bc095c::transfer(0x0fe261aeE0d1C4DFdDee4102E82Dd425999065F4, 380000000000000000000 [3.8e20])
    │   │   │   ├─ emit Transfer(from: ContractTest: [0x7FA9385bE102ac3EAc297483Dd6233D62b3e1496], to: 0x0fe261aeE0d1C4DFdDee4102E82Dd425999065F4, value: 380000000000000000000 [3.8e20])
    │   │   │   └─ ← [Return] true
    │   │   └─ ← [Stop] 
    │   ├─ [534] 0xbb4CdB9CBd36B01bD1cBaEBF2De08d9173bc095c::balanceOf(0x0fe261aeE0d1C4DFdDee4102E82Dd425999065F4) [staticcall]
    │   │   └─ ← [Return] 1327550825873668332029 [1.327e21]
    │   ├─ [2531] 0xe9e7CEA3DedcA5984780Bafc599bD69ADd087D56::balanceOf(0x0fe261aeE0d1C4DFdDee4102E82Dd425999065F4) [staticcall]
    │   │   └─ ← [Return] 375483906998026770968027 [3.754e23]
    │   ├─ [534] 0xbb4CdB9CBd36B01bD1cBaEBF2De08d9173bc095c::balanceOf(0x0fe261aeE0d1C4DFdDee4102E82Dd425999065F4) [staticcall]
    │   │   └─ ← [Return] 1327550825873668332029 [1.327e21]
    │   ├─ [531] 0xe9e7CEA3DedcA5984780Bafc599bD69ADd087D56::balanceOf(0x0fe261aeE0d1C4DFdDee4102E82Dd425999065F4) [staticcall]
    │   │   └─ ← [Return] 375483906998026770968027 [3.754e23]
    │   ├─ emit DODOFlashLoan(: ContractTest: [0x7FA9385bE102ac3EAc297483Dd6233D62b3e1496], : ContractTest: [0x7FA9385bE102ac3EAc297483Dd6233D62b3e1496], : 380000000000000000000 [3.8e20], : 0)
    │   └─ ← [Stop] 
    ├─ [534] 0xbb4CdB9CBd36B01bD1cBaEBF2De08d9173bc095c::balanceOf(ContractTest: [0x7FA9385bE102ac3EAc297483Dd6233D62b3e1496]) [staticcall]
    │   └─ ← [Return] 16393908411541380869 [1.639e19]
    ├─ emit log_named_decimal_uint(key: "Attacker WBNB balance after exploit", val: 16393908411541380869 [1.639e19], decimals: 18)
    └─ ← [Stop] 

Suite result: ok. 1 passed; 0 failed; 0 skipped; finished in 384.15ms (5.24ms CPU time)

Ran 2 test suites in 386.21ms (760.89ms CPU time): 2 tests passed, 0 failed, 0 skipped (2 total tests)
